[2024-03-05T18:01:47.901+0530] {taskinstance.py:1956} INFO - Dependencies all met for dep_context=non-requeueable deps ti=<TaskInstance: Visualization_DAG.unzip_archive scheduled__2024-03-05T12:24:00+00:00 [queued]>
[2024-03-05T18:01:47.928+0530] {taskinstance.py:1956} INFO - Dependencies all met for dep_context=requeueable deps ti=<TaskInstance: Visualization_DAG.unzip_archive scheduled__2024-03-05T12:24:00+00:00 [queued]>
[2024-03-05T18:01:47.928+0530] {taskinstance.py:2170} INFO - Starting attempt 1 of 2
[2024-03-05T18:01:48.091+0530] {taskinstance.py:2191} INFO - Executing <Task(BashOperator): unzip_archive> on 2024-03-05 12:24:00+00:00
[2024-03-05T18:01:48.102+0530] {standard_task_runner.py:60} INFO - Started process 13317 to run task
[2024-03-05T18:01:48.115+0530] {standard_task_runner.py:87} INFO - Running: ['airflow', 'tasks', 'run', 'Visualization_DAG', 'unzip_archive', 'scheduled__2024-03-05T12:24:00+00:00', '--job-id', '313', '--raw', '--subdir', 'DAGS_FOLDER/Analytics_data.py', '--cfg-path', '/tmp/tmppwwy0d7l']
[2024-03-05T18:01:48.119+0530] {standard_task_runner.py:88} INFO - Job 313: Subtask unzip_archive
[2024-03-05T18:01:48.339+0530] {task_command.py:423} INFO - Running <TaskInstance: Visualization_DAG.unzip_archive scheduled__2024-03-05T12:24:00+00:00 [running]> on host arun-VM
[2024-03-05T18:01:48.697+0530] {taskinstance.py:2480} INFO - Exporting env vars: AIRFLOW_CTX_DAG_OWNER='admin' AIRFLOW_CTX_DAG_ID='Visualization_DAG' AIRFLOW_CTX_TASK_ID='unzip_archive' AIRFLOW_CTX_EXECUTION_DATE='2024-03-05T12:24:00+00:00' AIRFLOW_CTX_TRY_NUMBER='1' AIRFLOW_CTX_DAG_RUN_ID='scheduled__2024-03-05T12:24:00+00:00'
[2024-03-05T18:01:48.699+0530] {subprocess.py:63} INFO - Tmp dir root location: /tmp
[2024-03-05T18:01:48.700+0530] {subprocess.py:75} INFO - Running command: ['/usr/bin/bash', '-c', 'unzip -o /home/arun/airflow/dags/zipped_files/2023/2023_files.zip -d /home/arun/airflow/dags/unzipped_files']
[2024-03-05T18:01:48.747+0530] {subprocess.py:86} INFO - Output:
[2024-03-05T18:01:48.767+0530] {subprocess.py:93} INFO - Archive:  /home/arun/airflow/dags/zipped_files/2023/2023_files.zip
[2024-03-05T18:01:48.836+0530] {subprocess.py:93} INFO -  extracting: /home/arun/airflow/dags/unzipped_files/91954099999.csv
[2024-03-05T18:01:48.916+0530] {subprocess.py:93} INFO -  extracting: /home/arun/airflow/dags/unzipped_files/03797035047.csv
[2024-03-05T18:01:48.938+0530] {subprocess.py:93} INFO -  extracting: /home/arun/airflow/dags/unzipped_files/36034099999.csv
[2024-03-05T18:01:49.021+0530] {subprocess.py:93} INFO -  extracting: /home/arun/airflow/dags/unzipped_files/87178099999.csv
[2024-03-05T18:01:49.092+0530] {subprocess.py:93} INFO -  extracting: /home/arun/airflow/dags/unzipped_files/94598099999.csv
[2024-03-05T18:01:49.093+0530] {subprocess.py:97} INFO - Command exited with return code 0
[2024-03-05T18:01:49.309+0530] {taskinstance.py:1138} INFO - Marking task as SUCCESS. dag_id=Visualization_DAG, task_id=unzip_archive, execution_date=20240305T122400, start_date=20240305T123147, end_date=20240305T123149
[2024-03-05T18:01:49.588+0530] {local_task_job_runner.py:234} INFO - Task exited with return code 0
[2024-03-05T18:01:49.667+0530] {taskinstance.py:3280} INFO - 1 downstream tasks scheduled from follow-on schedule check
