[2024-03-04T18:28:31.663+0530] {processor.py:161} INFO - Started process (PID=11876) to work on /home/arun/airflow/dags/.ipynb_checkpoints/Py_Function_1-checkpoint.py
[2024-03-04T18:28:31.664+0530] {processor.py:830} INFO - Processing file /home/arun/airflow/dags/.ipynb_checkpoints/Py_Function_1-checkpoint.py for tasks to queue
[2024-03-04T18:28:31.664+0530] {logging_mixin.py:188} INFO - [2024-03-04T18:28:31.664+0530] {dagbag.py:538} INFO - Filling up the DagBag from /home/arun/airflow/dags/.ipynb_checkpoints/Py_Function_1-checkpoint.py
[2024-03-04T18:28:31.676+0530] {processor.py:840} INFO - DAG(s) 'print_func' retrieved from /home/arun/airflow/dags/.ipynb_checkpoints/Py_Function_1-checkpoint.py
[2024-03-04T18:28:31.683+0530] {logging_mixin.py:188} INFO - [2024-03-04T18:28:31.683+0530] {dag.py:3036} INFO - Sync 1 DAGs
[2024-03-04T18:28:31.711+0530] {logging_mixin.py:188} INFO - [2024-03-04T18:28:31.711+0530] {dag.py:3823} INFO - Setting next_dagrun for print_func to 2024-03-04 12:56:00+00:00, run_after=2024-03-04 12:58:00+00:00
[2024-03-04T18:28:31.741+0530] {processor.py:183} INFO - Processing /home/arun/airflow/dags/.ipynb_checkpoints/Py_Function_1-checkpoint.py took 0.081 seconds
[2024-03-04T18:30:47.930+0530] {processor.py:161} INFO - Started process (PID=12031) to work on /home/arun/airflow/dags/.ipynb_checkpoints/Py_Function_1-checkpoint.py
[2024-03-04T18:30:47.933+0530] {processor.py:830} INFO - Processing file /home/arun/airflow/dags/.ipynb_checkpoints/Py_Function_1-checkpoint.py for tasks to queue
[2024-03-04T18:30:47.934+0530] {logging_mixin.py:188} INFO - [2024-03-04T18:30:47.933+0530] {dagbag.py:538} INFO - Filling up the DagBag from /home/arun/airflow/dags/.ipynb_checkpoints/Py_Function_1-checkpoint.py
[2024-03-04T18:30:48.057+0530] {processor.py:840} INFO - DAG(s) 'print_func' retrieved from /home/arun/airflow/dags/.ipynb_checkpoints/Py_Function_1-checkpoint.py
[2024-03-04T18:30:48.063+0530] {logging_mixin.py:188} INFO - [2024-03-04T18:30:48.063+0530] {dag.py:3036} INFO - Sync 1 DAGs
[2024-03-04T18:30:48.084+0530] {logging_mixin.py:188} INFO - [2024-03-04T18:30:48.084+0530] {dag.py:3823} INFO - Setting next_dagrun for print_func to 2024-03-04 12:58:00+00:00, run_after=2024-03-04 13:00:00+00:00
[2024-03-04T18:30:48.115+0530] {processor.py:183} INFO - Processing /home/arun/airflow/dags/.ipynb_checkpoints/Py_Function_1-checkpoint.py took 0.187 seconds
[2024-03-04T18:31:55.847+0530] {processor.py:161} INFO - Started process (PID=12112) to work on /home/arun/airflow/dags/.ipynb_checkpoints/Py_Function_1-checkpoint.py
[2024-03-04T18:31:55.865+0530] {processor.py:830} INFO - Processing file /home/arun/airflow/dags/.ipynb_checkpoints/Py_Function_1-checkpoint.py for tasks to queue
[2024-03-04T18:31:55.874+0530] {logging_mixin.py:188} INFO - [2024-03-04T18:31:55.873+0530] {dagbag.py:538} INFO - Filling up the DagBag from /home/arun/airflow/dags/.ipynb_checkpoints/Py_Function_1-checkpoint.py
[2024-03-04T18:31:55.898+0530] {processor.py:840} INFO - DAG(s) 'print_func' retrieved from /home/arun/airflow/dags/.ipynb_checkpoints/Py_Function_1-checkpoint.py
[2024-03-04T18:31:56.330+0530] {logging_mixin.py:188} INFO - [2024-03-04T18:31:56.329+0530] {dag.py:3036} INFO - Sync 1 DAGs
[2024-03-04T18:31:56.500+0530] {logging_mixin.py:188} INFO - [2024-03-04T18:31:56.497+0530] {dag.py:3823} INFO - Setting next_dagrun for print_func to 2024-03-04 12:58:00+00:00, run_after=2024-03-04 13:00:00+00:00
[2024-03-04T18:31:56.708+0530] {processor.py:183} INFO - Processing /home/arun/airflow/dags/.ipynb_checkpoints/Py_Function_1-checkpoint.py took 0.876 seconds
[2024-03-04T18:32:45.224+0530] {processor.py:161} INFO - Started process (PID=12164) to work on /home/arun/airflow/dags/.ipynb_checkpoints/Py_Function_1-checkpoint.py
[2024-03-04T18:32:45.241+0530] {processor.py:830} INFO - Processing file /home/arun/airflow/dags/.ipynb_checkpoints/Py_Function_1-checkpoint.py for tasks to queue
[2024-03-04T18:32:45.245+0530] {logging_mixin.py:188} INFO - [2024-03-04T18:32:45.244+0530] {dagbag.py:538} INFO - Filling up the DagBag from /home/arun/airflow/dags/.ipynb_checkpoints/Py_Function_1-checkpoint.py
[2024-03-04T18:32:45.265+0530] {processor.py:840} INFO - DAG(s) 'print_func' retrieved from /home/arun/airflow/dags/.ipynb_checkpoints/Py_Function_1-checkpoint.py
[2024-03-04T18:32:45.279+0530] {logging_mixin.py:188} INFO - [2024-03-04T18:32:45.278+0530] {dag.py:3036} INFO - Sync 1 DAGs
[2024-03-04T18:32:45.315+0530] {logging_mixin.py:188} INFO - [2024-03-04T18:32:45.314+0530] {dag.py:3823} INFO - Setting next_dagrun for print_func to 2024-03-04 13:00:00+00:00, run_after=2024-03-04 13:02:00+00:00
[2024-03-04T18:32:45.344+0530] {processor.py:183} INFO - Processing /home/arun/airflow/dags/.ipynb_checkpoints/Py_Function_1-checkpoint.py took 0.131 seconds
[2024-03-04T18:33:51.638+0530] {processor.py:161} INFO - Started process (PID=12232) to work on /home/arun/airflow/dags/.ipynb_checkpoints/Py_Function_1-checkpoint.py
[2024-03-04T18:33:51.640+0530] {processor.py:830} INFO - Processing file /home/arun/airflow/dags/.ipynb_checkpoints/Py_Function_1-checkpoint.py for tasks to queue
[2024-03-04T18:33:51.641+0530] {logging_mixin.py:188} INFO - [2024-03-04T18:33:51.640+0530] {dagbag.py:538} INFO - Filling up the DagBag from /home/arun/airflow/dags/.ipynb_checkpoints/Py_Function_1-checkpoint.py
[2024-03-04T18:33:51.652+0530] {processor.py:840} INFO - DAG(s) 'print_func' retrieved from /home/arun/airflow/dags/.ipynb_checkpoints/Py_Function_1-checkpoint.py
[2024-03-04T18:33:51.766+0530] {logging_mixin.py:188} INFO - [2024-03-04T18:33:51.766+0530] {dag.py:3036} INFO - Sync 1 DAGs
[2024-03-04T18:33:51.798+0530] {logging_mixin.py:188} INFO - [2024-03-04T18:33:51.798+0530] {dag.py:3823} INFO - Setting next_dagrun for print_func to 2024-03-04 13:00:00+00:00, run_after=2024-03-04 13:02:00+00:00
[2024-03-04T18:33:51.849+0530] {processor.py:183} INFO - Processing /home/arun/airflow/dags/.ipynb_checkpoints/Py_Function_1-checkpoint.py took 0.217 seconds
[2024-03-04T18:35:00.198+0530] {processor.py:161} INFO - Started process (PID=12322) to work on /home/arun/airflow/dags/.ipynb_checkpoints/Py_Function_1-checkpoint.py
[2024-03-04T18:35:00.200+0530] {processor.py:830} INFO - Processing file /home/arun/airflow/dags/.ipynb_checkpoints/Py_Function_1-checkpoint.py for tasks to queue
[2024-03-04T18:35:00.200+0530] {logging_mixin.py:188} INFO - [2024-03-04T18:35:00.200+0530] {dagbag.py:538} INFO - Filling up the DagBag from /home/arun/airflow/dags/.ipynb_checkpoints/Py_Function_1-checkpoint.py
[2024-03-04T18:35:00.208+0530] {processor.py:840} INFO - DAG(s) 'print_func' retrieved from /home/arun/airflow/dags/.ipynb_checkpoints/Py_Function_1-checkpoint.py
[2024-03-04T18:35:00.238+0530] {logging_mixin.py:188} INFO - [2024-03-04T18:35:00.237+0530] {dag.py:3036} INFO - Sync 1 DAGs
[2024-03-04T18:35:00.274+0530] {logging_mixin.py:188} INFO - [2024-03-04T18:35:00.274+0530] {dag.py:3823} INFO - Setting next_dagrun for print_func to 2024-03-04 13:02:00+00:00, run_after=2024-03-04 13:04:00+00:00
[2024-03-04T18:35:00.311+0530] {processor.py:183} INFO - Processing /home/arun/airflow/dags/.ipynb_checkpoints/Py_Function_1-checkpoint.py took 0.116 seconds
[2024-03-04T18:36:01.468+0530] {processor.py:161} INFO - Started process (PID=12391) to work on /home/arun/airflow/dags/.ipynb_checkpoints/Py_Function_1-checkpoint.py
[2024-03-04T18:36:01.473+0530] {processor.py:830} INFO - Processing file /home/arun/airflow/dags/.ipynb_checkpoints/Py_Function_1-checkpoint.py for tasks to queue
[2024-03-04T18:36:01.475+0530] {logging_mixin.py:188} INFO - [2024-03-04T18:36:01.474+0530] {dagbag.py:538} INFO - Filling up the DagBag from /home/arun/airflow/dags/.ipynb_checkpoints/Py_Function_1-checkpoint.py
[2024-03-04T18:36:01.492+0530] {processor.py:840} INFO - DAG(s) 'print_func' retrieved from /home/arun/airflow/dags/.ipynb_checkpoints/Py_Function_1-checkpoint.py
[2024-03-04T18:36:01.987+0530] {logging_mixin.py:188} INFO - [2024-03-04T18:36:01.987+0530] {dag.py:3036} INFO - Sync 1 DAGs
[2024-03-04T18:36:02.045+0530] {logging_mixin.py:188} INFO - [2024-03-04T18:36:02.042+0530] {dag.py:3823} INFO - Setting next_dagrun for print_func to 2024-03-04 13:04:00+00:00, run_after=2024-03-04 13:06:00+00:00
[2024-03-04T18:36:02.103+0530] {processor.py:183} INFO - Processing /home/arun/airflow/dags/.ipynb_checkpoints/Py_Function_1-checkpoint.py took 0.641 seconds
[2024-03-04T18:37:21.563+0530] {processor.py:161} INFO - Started process (PID=12478) to work on /home/arun/airflow/dags/.ipynb_checkpoints/Py_Function_1-checkpoint.py
[2024-03-04T18:37:21.604+0530] {processor.py:830} INFO - Processing file /home/arun/airflow/dags/.ipynb_checkpoints/Py_Function_1-checkpoint.py for tasks to queue
[2024-03-04T18:37:21.606+0530] {logging_mixin.py:188} INFO - [2024-03-04T18:37:21.606+0530] {dagbag.py:538} INFO - Filling up the DagBag from /home/arun/airflow/dags/.ipynb_checkpoints/Py_Function_1-checkpoint.py
[2024-03-04T18:37:21.623+0530] {processor.py:840} INFO - DAG(s) 'print_func' retrieved from /home/arun/airflow/dags/.ipynb_checkpoints/Py_Function_1-checkpoint.py
[2024-03-04T18:37:21.638+0530] {logging_mixin.py:188} INFO - [2024-03-04T18:37:21.637+0530] {dag.py:3036} INFO - Sync 1 DAGs
[2024-03-04T18:37:21.769+0530] {logging_mixin.py:188} INFO - [2024-03-04T18:37:21.768+0530] {dag.py:3823} INFO - Setting next_dagrun for print_func to 2024-03-04 13:04:00+00:00, run_after=2024-03-04 13:06:00+00:00
[2024-03-04T18:37:21.868+0530] {processor.py:183} INFO - Processing /home/arun/airflow/dags/.ipynb_checkpoints/Py_Function_1-checkpoint.py took 0.310 seconds
[2024-03-04T18:38:14.647+0530] {processor.py:161} INFO - Started process (PID=12542) to work on /home/arun/airflow/dags/.ipynb_checkpoints/Py_Function_1-checkpoint.py
[2024-03-04T18:38:14.689+0530] {processor.py:830} INFO - Processing file /home/arun/airflow/dags/.ipynb_checkpoints/Py_Function_1-checkpoint.py for tasks to queue
[2024-03-04T18:38:14.691+0530] {logging_mixin.py:188} INFO - [2024-03-04T18:38:14.690+0530] {dagbag.py:538} INFO - Filling up the DagBag from /home/arun/airflow/dags/.ipynb_checkpoints/Py_Function_1-checkpoint.py
[2024-03-04T18:38:14.704+0530] {processor.py:840} INFO - DAG(s) 'print_func' retrieved from /home/arun/airflow/dags/.ipynb_checkpoints/Py_Function_1-checkpoint.py
[2024-03-04T18:38:14.838+0530] {logging_mixin.py:188} INFO - [2024-03-04T18:38:14.838+0530] {dag.py:3036} INFO - Sync 1 DAGs
[2024-03-04T18:38:14.871+0530] {logging_mixin.py:188} INFO - [2024-03-04T18:38:14.871+0530] {dag.py:3823} INFO - Setting next_dagrun for print_func to 2024-03-04 13:06:00+00:00, run_after=2024-03-04 13:08:00+00:00
[2024-03-04T18:38:14.911+0530] {processor.py:183} INFO - Processing /home/arun/airflow/dags/.ipynb_checkpoints/Py_Function_1-checkpoint.py took 0.270 seconds
[2024-03-04T18:40:06.852+0530] {processor.py:161} INFO - Started process (PID=12644) to work on /home/arun/airflow/dags/.ipynb_checkpoints/Py_Function_1-checkpoint.py
[2024-03-04T18:40:06.901+0530] {processor.py:830} INFO - Processing file /home/arun/airflow/dags/.ipynb_checkpoints/Py_Function_1-checkpoint.py for tasks to queue
[2024-03-04T18:40:06.903+0530] {logging_mixin.py:188} INFO - [2024-03-04T18:40:06.902+0530] {dagbag.py:538} INFO - Filling up the DagBag from /home/arun/airflow/dags/.ipynb_checkpoints/Py_Function_1-checkpoint.py
[2024-03-04T18:40:06.918+0530] {processor.py:840} INFO - DAG(s) 'print_func' retrieved from /home/arun/airflow/dags/.ipynb_checkpoints/Py_Function_1-checkpoint.py
[2024-03-04T18:40:06.944+0530] {logging_mixin.py:188} INFO - [2024-03-04T18:40:06.943+0530] {dag.py:3036} INFO - Sync 1 DAGs
[2024-03-04T18:40:07.228+0530] {logging_mixin.py:188} INFO - [2024-03-04T18:40:07.227+0530] {dag.py:3823} INFO - Setting next_dagrun for print_func to 2024-03-04 13:08:00+00:00, run_after=2024-03-04 13:10:00+00:00
[2024-03-04T18:40:07.378+0530] {processor.py:183} INFO - Processing /home/arun/airflow/dags/.ipynb_checkpoints/Py_Function_1-checkpoint.py took 0.533 seconds
[2024-03-04T18:41:36.394+0530] {processor.py:161} INFO - Started process (PID=12796) to work on /home/arun/airflow/dags/.ipynb_checkpoints/Py_Function_1-checkpoint.py
[2024-03-04T18:41:36.433+0530] {processor.py:830} INFO - Processing file /home/arun/airflow/dags/.ipynb_checkpoints/Py_Function_1-checkpoint.py for tasks to queue
[2024-03-04T18:41:36.438+0530] {logging_mixin.py:188} INFO - [2024-03-04T18:41:36.435+0530] {dagbag.py:538} INFO - Filling up the DagBag from /home/arun/airflow/dags/.ipynb_checkpoints/Py_Function_1-checkpoint.py
[2024-03-04T18:41:36.453+0530] {processor.py:840} INFO - DAG(s) 'print_func' retrieved from /home/arun/airflow/dags/.ipynb_checkpoints/Py_Function_1-checkpoint.py
[2024-03-04T18:41:36.578+0530] {logging_mixin.py:188} INFO - [2024-03-04T18:41:36.577+0530] {dag.py:3036} INFO - Sync 1 DAGs
[2024-03-04T18:41:36.607+0530] {logging_mixin.py:188} INFO - [2024-03-04T18:41:36.607+0530] {dag.py:3823} INFO - Setting next_dagrun for print_func to 2024-03-04 13:08:00+00:00, run_after=2024-03-04 13:10:00+00:00
[2024-03-04T18:41:36.641+0530] {processor.py:183} INFO - Processing /home/arun/airflow/dags/.ipynb_checkpoints/Py_Function_1-checkpoint.py took 0.252 seconds
[2024-03-04T18:42:43.806+0530] {processor.py:161} INFO - Started process (PID=12947) to work on /home/arun/airflow/dags/.ipynb_checkpoints/Py_Function_1-checkpoint.py
[2024-03-04T18:42:43.833+0530] {processor.py:830} INFO - Processing file /home/arun/airflow/dags/.ipynb_checkpoints/Py_Function_1-checkpoint.py for tasks to queue
[2024-03-04T18:42:43.837+0530] {logging_mixin.py:188} INFO - [2024-03-04T18:42:43.836+0530] {dagbag.py:538} INFO - Filling up the DagBag from /home/arun/airflow/dags/.ipynb_checkpoints/Py_Function_1-checkpoint.py
[2024-03-04T18:42:43.850+0530] {processor.py:840} INFO - DAG(s) 'print_func' retrieved from /home/arun/airflow/dags/.ipynb_checkpoints/Py_Function_1-checkpoint.py
[2024-03-04T18:42:43.866+0530] {logging_mixin.py:188} INFO - [2024-03-04T18:42:43.865+0530] {dag.py:3036} INFO - Sync 1 DAGs
[2024-03-04T18:42:43.973+0530] {logging_mixin.py:188} INFO - [2024-03-04T18:42:43.973+0530] {dag.py:3823} INFO - Setting next_dagrun for print_func to 2024-03-04 13:10:00+00:00, run_after=2024-03-04 13:12:00+00:00
[2024-03-04T18:42:44.118+0530] {processor.py:183} INFO - Processing /home/arun/airflow/dags/.ipynb_checkpoints/Py_Function_1-checkpoint.py took 0.320 seconds
[2024-03-04T18:44:13.351+0530] {processor.py:161} INFO - Started process (PID=13533) to work on /home/arun/airflow/dags/.ipynb_checkpoints/Py_Function_1-checkpoint.py
[2024-03-04T18:44:13.361+0530] {processor.py:830} INFO - Processing file /home/arun/airflow/dags/.ipynb_checkpoints/Py_Function_1-checkpoint.py for tasks to queue
[2024-03-04T18:44:13.365+0530] {logging_mixin.py:188} INFO - [2024-03-04T18:44:13.364+0530] {dagbag.py:538} INFO - Filling up the DagBag from /home/arun/airflow/dags/.ipynb_checkpoints/Py_Function_1-checkpoint.py
[2024-03-04T18:44:13.400+0530] {processor.py:840} INFO - DAG(s) 'print_func' retrieved from /home/arun/airflow/dags/.ipynb_checkpoints/Py_Function_1-checkpoint.py
[2024-03-04T18:44:13.749+0530] {logging_mixin.py:188} INFO - [2024-03-04T18:44:13.748+0530] {dag.py:3036} INFO - Sync 1 DAGs
[2024-03-04T18:44:13.827+0530] {logging_mixin.py:188} INFO - [2024-03-04T18:44:13.827+0530] {dag.py:3823} INFO - Setting next_dagrun for print_func to 2024-03-04 13:12:00+00:00, run_after=2024-03-04 13:14:00+00:00
[2024-03-04T18:44:14.095+0530] {processor.py:183} INFO - Processing /home/arun/airflow/dags/.ipynb_checkpoints/Py_Function_1-checkpoint.py took 0.751 seconds
[2024-03-04T18:46:44.703+0530] {processor.py:161} INFO - Started process (PID=13970) to work on /home/arun/airflow/dags/.ipynb_checkpoints/Py_Function_1-checkpoint.py
[2024-03-04T18:46:44.796+0530] {processor.py:830} INFO - Processing file /home/arun/airflow/dags/.ipynb_checkpoints/Py_Function_1-checkpoint.py for tasks to queue
[2024-03-04T18:46:44.798+0530] {logging_mixin.py:188} INFO - [2024-03-04T18:46:44.797+0530] {dagbag.py:538} INFO - Filling up the DagBag from /home/arun/airflow/dags/.ipynb_checkpoints/Py_Function_1-checkpoint.py
[2024-03-04T18:46:44.818+0530] {processor.py:840} INFO - DAG(s) 'print_func' retrieved from /home/arun/airflow/dags/.ipynb_checkpoints/Py_Function_1-checkpoint.py
[2024-03-04T18:46:44.845+0530] {logging_mixin.py:188} INFO - [2024-03-04T18:46:44.845+0530] {dag.py:3036} INFO - Sync 1 DAGs
[2024-03-04T18:46:44.922+0530] {logging_mixin.py:188} INFO - [2024-03-04T18:46:44.922+0530] {dag.py:3823} INFO - Setting next_dagrun for print_func to 2024-03-04 13:14:00+00:00, run_after=2024-03-04 13:16:00+00:00
[2024-03-04T18:46:45.079+0530] {processor.py:183} INFO - Processing /home/arun/airflow/dags/.ipynb_checkpoints/Py_Function_1-checkpoint.py took 0.388 seconds
[2024-03-04T18:53:57.914+0530] {processor.py:161} INFO - Started process (PID=5578) to work on /home/arun/airflow/dags/.ipynb_checkpoints/Py_Function_1-checkpoint.py
[2024-03-04T18:53:57.977+0530] {processor.py:830} INFO - Processing file /home/arun/airflow/dags/.ipynb_checkpoints/Py_Function_1-checkpoint.py for tasks to queue
[2024-03-04T18:53:57.979+0530] {logging_mixin.py:188} INFO - [2024-03-04T18:53:57.979+0530] {dagbag.py:538} INFO - Filling up the DagBag from /home/arun/airflow/dags/.ipynb_checkpoints/Py_Function_1-checkpoint.py
[2024-03-04T18:53:58.009+0530] {processor.py:840} INFO - DAG(s) 'print_func' retrieved from /home/arun/airflow/dags/.ipynb_checkpoints/Py_Function_1-checkpoint.py
[2024-03-04T18:53:58.027+0530] {logging_mixin.py:188} INFO - [2024-03-04T18:53:58.026+0530] {dag.py:3036} INFO - Sync 1 DAGs
[2024-03-04T18:53:58.093+0530] {logging_mixin.py:188} INFO - [2024-03-04T18:53:58.093+0530] {dag.py:3823} INFO - Setting next_dagrun for print_func to 2024-03-04 13:20:00+00:00, run_after=2024-03-04 13:22:00+00:00
[2024-03-04T18:53:58.147+0530] {processor.py:183} INFO - Processing /home/arun/airflow/dags/.ipynb_checkpoints/Py_Function_1-checkpoint.py took 0.238 seconds
[2024-03-04T18:56:26.382+0530] {processor.py:161} INFO - Started process (PID=5930) to work on /home/arun/airflow/dags/.ipynb_checkpoints/Py_Function_1-checkpoint.py
[2024-03-04T18:56:26.425+0530] {processor.py:830} INFO - Processing file /home/arun/airflow/dags/.ipynb_checkpoints/Py_Function_1-checkpoint.py for tasks to queue
[2024-03-04T18:56:26.433+0530] {logging_mixin.py:188} INFO - [2024-03-04T18:56:26.431+0530] {dagbag.py:538} INFO - Filling up the DagBag from /home/arun/airflow/dags/.ipynb_checkpoints/Py_Function_1-checkpoint.py
[2024-03-04T18:56:27.034+0530] {processor.py:840} INFO - DAG(s) 'print_func' retrieved from /home/arun/airflow/dags/.ipynb_checkpoints/Py_Function_1-checkpoint.py
[2024-03-04T18:56:27.346+0530] {logging_mixin.py:188} INFO - [2024-03-04T18:56:27.346+0530] {dag.py:3036} INFO - Sync 1 DAGs
[2024-03-04T18:56:27.421+0530] {logging_mixin.py:188} INFO - [2024-03-04T18:56:27.421+0530] {dag.py:3823} INFO - Setting next_dagrun for print_func to 2024-03-04 13:24:00+00:00, run_after=2024-03-04 13:26:00+00:00
[2024-03-04T18:56:27.615+0530] {processor.py:183} INFO - Processing /home/arun/airflow/dags/.ipynb_checkpoints/Py_Function_1-checkpoint.py took 1.248 seconds
[2024-03-04T18:57:40.557+0530] {processor.py:161} INFO - Started process (PID=5997) to work on /home/arun/airflow/dags/.ipynb_checkpoints/Py_Function_1-checkpoint.py
[2024-03-04T18:57:40.606+0530] {processor.py:830} INFO - Processing file /home/arun/airflow/dags/.ipynb_checkpoints/Py_Function_1-checkpoint.py for tasks to queue
[2024-03-04T18:57:40.608+0530] {logging_mixin.py:188} INFO - [2024-03-04T18:57:40.607+0530] {dagbag.py:538} INFO - Filling up the DagBag from /home/arun/airflow/dags/.ipynb_checkpoints/Py_Function_1-checkpoint.py
[2024-03-04T18:57:40.677+0530] {processor.py:840} INFO - DAG(s) 'print_func' retrieved from /home/arun/airflow/dags/.ipynb_checkpoints/Py_Function_1-checkpoint.py
[2024-03-04T18:57:40.704+0530] {logging_mixin.py:188} INFO - [2024-03-04T18:57:40.703+0530] {dag.py:3036} INFO - Sync 1 DAGs
[2024-03-04T18:57:40.850+0530] {logging_mixin.py:188} INFO - [2024-03-04T18:57:40.850+0530] {dag.py:3823} INFO - Setting next_dagrun for print_func to 2024-03-04 13:24:00+00:00, run_after=2024-03-04 13:26:00+00:00
[2024-03-04T18:57:40.938+0530] {processor.py:183} INFO - Processing /home/arun/airflow/dags/.ipynb_checkpoints/Py_Function_1-checkpoint.py took 0.424 seconds
[2024-03-04T18:58:40.873+0530] {processor.py:161} INFO - Started process (PID=6296) to work on /home/arun/airflow/dags/.ipynb_checkpoints/Py_Function_1-checkpoint.py
[2024-03-04T18:58:40.878+0530] {processor.py:830} INFO - Processing file /home/arun/airflow/dags/.ipynb_checkpoints/Py_Function_1-checkpoint.py for tasks to queue
[2024-03-04T18:58:40.880+0530] {logging_mixin.py:188} INFO - [2024-03-04T18:58:40.879+0530] {dagbag.py:538} INFO - Filling up the DagBag from /home/arun/airflow/dags/.ipynb_checkpoints/Py_Function_1-checkpoint.py
[2024-03-04T18:58:40.898+0530] {processor.py:840} INFO - DAG(s) 'print_func' retrieved from /home/arun/airflow/dags/.ipynb_checkpoints/Py_Function_1-checkpoint.py
[2024-03-04T18:58:41.249+0530] {logging_mixin.py:188} INFO - [2024-03-04T18:58:41.248+0530] {dag.py:3036} INFO - Sync 1 DAGs
[2024-03-04T18:58:41.344+0530] {logging_mixin.py:188} INFO - [2024-03-04T18:58:41.344+0530] {dag.py:3823} INFO - Setting next_dagrun for print_func to 2024-03-04 13:26:00+00:00, run_after=2024-03-04 13:28:00+00:00
[2024-03-04T18:58:41.566+0530] {processor.py:183} INFO - Processing /home/arun/airflow/dags/.ipynb_checkpoints/Py_Function_1-checkpoint.py took 0.714 seconds
[2024-03-04T18:59:48.447+0530] {processor.py:161} INFO - Started process (PID=6379) to work on /home/arun/airflow/dags/.ipynb_checkpoints/Py_Function_1-checkpoint.py
[2024-03-04T18:59:48.492+0530] {processor.py:830} INFO - Processing file /home/arun/airflow/dags/.ipynb_checkpoints/Py_Function_1-checkpoint.py for tasks to queue
[2024-03-04T18:59:48.496+0530] {logging_mixin.py:188} INFO - [2024-03-04T18:59:48.496+0530] {dagbag.py:538} INFO - Filling up the DagBag from /home/arun/airflow/dags/.ipynb_checkpoints/Py_Function_1-checkpoint.py
[2024-03-04T18:59:48.527+0530] {processor.py:840} INFO - DAG(s) 'print_func' retrieved from /home/arun/airflow/dags/.ipynb_checkpoints/Py_Function_1-checkpoint.py
[2024-03-04T18:59:48.565+0530] {logging_mixin.py:188} INFO - [2024-03-04T18:59:48.565+0530] {dag.py:3036} INFO - Sync 1 DAGs
[2024-03-04T18:59:48.604+0530] {logging_mixin.py:188} INFO - [2024-03-04T18:59:48.604+0530] {dag.py:3823} INFO - Setting next_dagrun for print_func to 2024-03-04 13:26:00+00:00, run_after=2024-03-04 13:28:00+00:00
[2024-03-04T18:59:48.790+0530] {processor.py:183} INFO - Processing /home/arun/airflow/dags/.ipynb_checkpoints/Py_Function_1-checkpoint.py took 0.370 seconds
[2024-03-04T19:00:44.270+0530] {processor.py:161} INFO - Started process (PID=6487) to work on /home/arun/airflow/dags/.ipynb_checkpoints/Py_Function_1-checkpoint.py
[2024-03-04T19:00:44.310+0530] {processor.py:830} INFO - Processing file /home/arun/airflow/dags/.ipynb_checkpoints/Py_Function_1-checkpoint.py for tasks to queue
[2024-03-04T19:00:44.311+0530] {logging_mixin.py:188} INFO - [2024-03-04T19:00:44.310+0530] {dagbag.py:538} INFO - Filling up the DagBag from /home/arun/airflow/dags/.ipynb_checkpoints/Py_Function_1-checkpoint.py
[2024-03-04T19:00:44.321+0530] {processor.py:840} INFO - DAG(s) 'print_func' retrieved from /home/arun/airflow/dags/.ipynb_checkpoints/Py_Function_1-checkpoint.py
[2024-03-04T19:00:44.460+0530] {logging_mixin.py:188} INFO - [2024-03-04T19:00:44.460+0530] {dag.py:3036} INFO - Sync 1 DAGs
[2024-03-04T19:00:44.485+0530] {logging_mixin.py:188} INFO - [2024-03-04T19:00:44.485+0530] {dag.py:3823} INFO - Setting next_dagrun for print_func to 2024-03-04 13:28:00+00:00, run_after=2024-03-04 13:30:00+00:00
[2024-03-04T19:00:44.538+0530] {processor.py:183} INFO - Processing /home/arun/airflow/dags/.ipynb_checkpoints/Py_Function_1-checkpoint.py took 0.271 seconds
[2024-03-04T19:01:43.868+0530] {processor.py:161} INFO - Started process (PID=6624) to work on /home/arun/airflow/dags/.ipynb_checkpoints/Py_Function_1-checkpoint.py
[2024-03-04T19:01:43.883+0530] {processor.py:830} INFO - Processing file /home/arun/airflow/dags/.ipynb_checkpoints/Py_Function_1-checkpoint.py for tasks to queue
[2024-03-04T19:01:43.885+0530] {logging_mixin.py:188} INFO - [2024-03-04T19:01:43.885+0530] {dagbag.py:538} INFO - Filling up the DagBag from /home/arun/airflow/dags/.ipynb_checkpoints/Py_Function_1-checkpoint.py
[2024-03-04T19:01:43.900+0530] {processor.py:840} INFO - DAG(s) 'print_func' retrieved from /home/arun/airflow/dags/.ipynb_checkpoints/Py_Function_1-checkpoint.py
[2024-03-04T19:01:43.912+0530] {logging_mixin.py:188} INFO - [2024-03-04T19:01:43.911+0530] {dag.py:3036} INFO - Sync 1 DAGs
[2024-03-04T19:01:43.962+0530] {logging_mixin.py:188} INFO - [2024-03-04T19:01:43.961+0530] {dag.py:3823} INFO - Setting next_dagrun for print_func to 2024-03-04 13:28:00+00:00, run_after=2024-03-04 13:30:00+00:00
[2024-03-04T19:01:44.079+0530] {processor.py:183} INFO - Processing /home/arun/airflow/dags/.ipynb_checkpoints/Py_Function_1-checkpoint.py took 0.227 seconds
[2024-03-04T19:04:00.556+0530] {processor.py:161} INFO - Started process (PID=6802) to work on /home/arun/airflow/dags/.ipynb_checkpoints/Py_Function_1-checkpoint.py
[2024-03-04T19:04:00.590+0530] {processor.py:830} INFO - Processing file /home/arun/airflow/dags/.ipynb_checkpoints/Py_Function_1-checkpoint.py for tasks to queue
[2024-03-04T19:04:00.591+0530] {logging_mixin.py:188} INFO - [2024-03-04T19:04:00.591+0530] {dagbag.py:538} INFO - Filling up the DagBag from /home/arun/airflow/dags/.ipynb_checkpoints/Py_Function_1-checkpoint.py
[2024-03-04T19:04:00.607+0530] {processor.py:840} INFO - DAG(s) 'print_func' retrieved from /home/arun/airflow/dags/.ipynb_checkpoints/Py_Function_1-checkpoint.py
[2024-03-04T19:04:00.888+0530] {logging_mixin.py:188} INFO - [2024-03-04T19:04:00.888+0530] {dag.py:3036} INFO - Sync 1 DAGs
[2024-03-04T19:04:00.967+0530] {logging_mixin.py:188} INFO - [2024-03-04T19:04:00.966+0530] {dag.py:3823} INFO - Setting next_dagrun for print_func to 2024-03-04 13:32:00+00:00, run_after=2024-03-04 13:34:00+00:00
[2024-03-04T19:04:01.300+0530] {processor.py:183} INFO - Processing /home/arun/airflow/dags/.ipynb_checkpoints/Py_Function_1-checkpoint.py took 0.756 seconds
[2024-03-04T19:05:34.581+0530] {processor.py:161} INFO - Started process (PID=6920) to work on /home/arun/airflow/dags/.ipynb_checkpoints/Py_Function_1-checkpoint.py
[2024-03-04T19:05:34.623+0530] {processor.py:830} INFO - Processing file /home/arun/airflow/dags/.ipynb_checkpoints/Py_Function_1-checkpoint.py for tasks to queue
[2024-03-04T19:05:34.625+0530] {logging_mixin.py:188} INFO - [2024-03-04T19:05:34.624+0530] {dagbag.py:538} INFO - Filling up the DagBag from /home/arun/airflow/dags/.ipynb_checkpoints/Py_Function_1-checkpoint.py
[2024-03-04T19:05:34.637+0530] {processor.py:840} INFO - DAG(s) 'print_func' retrieved from /home/arun/airflow/dags/.ipynb_checkpoints/Py_Function_1-checkpoint.py
[2024-03-04T19:05:34.648+0530] {logging_mixin.py:188} INFO - [2024-03-04T19:05:34.647+0530] {dag.py:3036} INFO - Sync 1 DAGs
[2024-03-04T19:05:34.688+0530] {logging_mixin.py:188} INFO - [2024-03-04T19:05:34.687+0530] {dag.py:3823} INFO - Setting next_dagrun for print_func to 2024-03-04 13:32:00+00:00, run_after=2024-03-04 13:34:00+00:00
[2024-03-04T19:05:34.724+0530] {processor.py:183} INFO - Processing /home/arun/airflow/dags/.ipynb_checkpoints/Py_Function_1-checkpoint.py took 0.147 seconds
[2024-03-04T19:06:31.108+0530] {processor.py:161} INFO - Started process (PID=7055) to work on /home/arun/airflow/dags/.ipynb_checkpoints/Py_Function_1-checkpoint.py
[2024-03-04T19:06:31.166+0530] {processor.py:830} INFO - Processing file /home/arun/airflow/dags/.ipynb_checkpoints/Py_Function_1-checkpoint.py for tasks to queue
[2024-03-04T19:06:31.171+0530] {logging_mixin.py:188} INFO - [2024-03-04T19:06:31.169+0530] {dagbag.py:538} INFO - Filling up the DagBag from /home/arun/airflow/dags/.ipynb_checkpoints/Py_Function_1-checkpoint.py
[2024-03-04T19:06:31.227+0530] {processor.py:840} INFO - DAG(s) 'print_func' retrieved from /home/arun/airflow/dags/.ipynb_checkpoints/Py_Function_1-checkpoint.py
[2024-03-04T19:06:31.771+0530] {logging_mixin.py:188} INFO - [2024-03-04T19:06:31.771+0530] {dag.py:3036} INFO - Sync 1 DAGs
[2024-03-04T19:06:31.833+0530] {logging_mixin.py:188} INFO - [2024-03-04T19:06:31.833+0530] {dag.py:3823} INFO - Setting next_dagrun for print_func to 2024-03-04 13:34:00+00:00, run_after=2024-03-04 13:36:00+00:00
[2024-03-04T19:06:31.989+0530] {processor.py:183} INFO - Processing /home/arun/airflow/dags/.ipynb_checkpoints/Py_Function_1-checkpoint.py took 0.891 seconds
[2024-03-04T19:07:25.365+0530] {processor.py:161} INFO - Started process (PID=7164) to work on /home/arun/airflow/dags/.ipynb_checkpoints/Py_Function_1-checkpoint.py
[2024-03-04T19:07:25.368+0530] {processor.py:830} INFO - Processing file /home/arun/airflow/dags/.ipynb_checkpoints/Py_Function_1-checkpoint.py for tasks to queue
[2024-03-04T19:07:25.369+0530] {logging_mixin.py:188} INFO - [2024-03-04T19:07:25.369+0530] {dagbag.py:538} INFO - Filling up the DagBag from /home/arun/airflow/dags/.ipynb_checkpoints/Py_Function_1-checkpoint.py
[2024-03-04T19:07:25.382+0530] {processor.py:840} INFO - DAG(s) 'print_func' retrieved from /home/arun/airflow/dags/.ipynb_checkpoints/Py_Function_1-checkpoint.py
[2024-03-04T19:07:25.394+0530] {logging_mixin.py:188} INFO - [2024-03-04T19:07:25.394+0530] {dag.py:3036} INFO - Sync 1 DAGs
[2024-03-04T19:07:25.426+0530] {logging_mixin.py:188} INFO - [2024-03-04T19:07:25.426+0530] {dag.py:3823} INFO - Setting next_dagrun for print_func to 2024-03-04 13:34:00+00:00, run_after=2024-03-04 13:36:00+00:00
[2024-03-04T19:07:25.455+0530] {processor.py:183} INFO - Processing /home/arun/airflow/dags/.ipynb_checkpoints/Py_Function_1-checkpoint.py took 0.095 seconds
[2024-03-04T19:08:41.837+0530] {processor.py:161} INFO - Started process (PID=7315) to work on /home/arun/airflow/dags/.ipynb_checkpoints/Py_Function_1-checkpoint.py
[2024-03-04T19:08:41.870+0530] {processor.py:830} INFO - Processing file /home/arun/airflow/dags/.ipynb_checkpoints/Py_Function_1-checkpoint.py for tasks to queue
[2024-03-04T19:08:41.872+0530] {logging_mixin.py:188} INFO - [2024-03-04T19:08:41.872+0530] {dagbag.py:538} INFO - Filling up the DagBag from /home/arun/airflow/dags/.ipynb_checkpoints/Py_Function_1-checkpoint.py
[2024-03-04T19:08:41.888+0530] {processor.py:840} INFO - DAG(s) 'print_func' retrieved from /home/arun/airflow/dags/.ipynb_checkpoints/Py_Function_1-checkpoint.py
[2024-03-04T19:08:42.101+0530] {logging_mixin.py:188} INFO - [2024-03-04T19:08:42.101+0530] {dag.py:3036} INFO - Sync 1 DAGs
[2024-03-04T19:08:42.131+0530] {logging_mixin.py:188} INFO - [2024-03-04T19:08:42.131+0530] {dag.py:3823} INFO - Setting next_dagrun for print_func to 2024-03-04 13:36:00+00:00, run_after=2024-03-04 13:38:00+00:00
[2024-03-04T19:08:42.163+0530] {processor.py:183} INFO - Processing /home/arun/airflow/dags/.ipynb_checkpoints/Py_Function_1-checkpoint.py took 0.335 seconds
[2024-03-04T19:10:05.451+0530] {processor.py:161} INFO - Started process (PID=7485) to work on /home/arun/airflow/dags/.ipynb_checkpoints/Py_Function_1-checkpoint.py
[2024-03-04T19:10:05.499+0530] {processor.py:830} INFO - Processing file /home/arun/airflow/dags/.ipynb_checkpoints/Py_Function_1-checkpoint.py for tasks to queue
[2024-03-04T19:10:05.511+0530] {logging_mixin.py:188} INFO - [2024-03-04T19:10:05.509+0530] {dagbag.py:538} INFO - Filling up the DagBag from /home/arun/airflow/dags/.ipynb_checkpoints/Py_Function_1-checkpoint.py
[2024-03-04T19:10:05.538+0530] {processor.py:840} INFO - DAG(s) 'print_func' retrieved from /home/arun/airflow/dags/.ipynb_checkpoints/Py_Function_1-checkpoint.py
[2024-03-04T19:10:05.561+0530] {logging_mixin.py:188} INFO - [2024-03-04T19:10:05.560+0530] {dag.py:3036} INFO - Sync 1 DAGs
[2024-03-04T19:10:05.676+0530] {logging_mixin.py:188} INFO - [2024-03-04T19:10:05.675+0530] {dag.py:3823} INFO - Setting next_dagrun for print_func to 2024-03-04 13:38:00+00:00, run_after=2024-03-04 13:40:00+00:00
[2024-03-04T19:10:05.742+0530] {processor.py:183} INFO - Processing /home/arun/airflow/dags/.ipynb_checkpoints/Py_Function_1-checkpoint.py took 0.300 seconds
[2024-03-04T19:11:29.187+0530] {processor.py:161} INFO - Started process (PID=7634) to work on /home/arun/airflow/dags/.ipynb_checkpoints/Py_Function_1-checkpoint.py
[2024-03-04T19:11:29.234+0530] {processor.py:830} INFO - Processing file /home/arun/airflow/dags/.ipynb_checkpoints/Py_Function_1-checkpoint.py for tasks to queue
[2024-03-04T19:11:29.235+0530] {logging_mixin.py:188} INFO - [2024-03-04T19:11:29.235+0530] {dagbag.py:538} INFO - Filling up the DagBag from /home/arun/airflow/dags/.ipynb_checkpoints/Py_Function_1-checkpoint.py
[2024-03-04T19:11:29.250+0530] {processor.py:840} INFO - DAG(s) 'print_func' retrieved from /home/arun/airflow/dags/.ipynb_checkpoints/Py_Function_1-checkpoint.py
[2024-03-04T19:11:29.523+0530] {logging_mixin.py:188} INFO - [2024-03-04T19:11:29.523+0530] {dag.py:3036} INFO - Sync 1 DAGs
[2024-03-04T19:11:29.586+0530] {logging_mixin.py:188} INFO - [2024-03-04T19:11:29.586+0530] {dag.py:3823} INFO - Setting next_dagrun for print_func to 2024-03-04 13:38:00+00:00, run_after=2024-03-04 13:40:00+00:00
[2024-03-04T19:11:29.687+0530] {processor.py:183} INFO - Processing /home/arun/airflow/dags/.ipynb_checkpoints/Py_Function_1-checkpoint.py took 0.506 seconds
[2024-03-04T19:12:15.453+0530] {processor.py:161} INFO - Started process (PID=7724) to work on /home/arun/airflow/dags/.ipynb_checkpoints/Py_Function_1-checkpoint.py
[2024-03-04T19:12:15.455+0530] {processor.py:830} INFO - Processing file /home/arun/airflow/dags/.ipynb_checkpoints/Py_Function_1-checkpoint.py for tasks to queue
[2024-03-04T19:12:15.456+0530] {logging_mixin.py:188} INFO - [2024-03-04T19:12:15.455+0530] {dagbag.py:538} INFO - Filling up the DagBag from /home/arun/airflow/dags/.ipynb_checkpoints/Py_Function_1-checkpoint.py
[2024-03-04T19:12:15.466+0530] {processor.py:840} INFO - DAG(s) 'print_func' retrieved from /home/arun/airflow/dags/.ipynb_checkpoints/Py_Function_1-checkpoint.py
[2024-03-04T19:12:15.480+0530] {logging_mixin.py:188} INFO - [2024-03-04T19:12:15.479+0530] {dag.py:3036} INFO - Sync 1 DAGs
[2024-03-04T19:12:15.521+0530] {logging_mixin.py:188} INFO - [2024-03-04T19:12:15.521+0530] {dag.py:3823} INFO - Setting next_dagrun for print_func to 2024-03-04 13:40:00+00:00, run_after=2024-03-04 13:42:00+00:00
[2024-03-04T19:12:15.556+0530] {processor.py:183} INFO - Processing /home/arun/airflow/dags/.ipynb_checkpoints/Py_Function_1-checkpoint.py took 0.108 seconds
[2024-03-04T19:13:39.574+0530] {processor.py:161} INFO - Started process (PID=7867) to work on /home/arun/airflow/dags/.ipynb_checkpoints/Py_Function_1-checkpoint.py
[2024-03-04T19:13:39.576+0530] {processor.py:830} INFO - Processing file /home/arun/airflow/dags/.ipynb_checkpoints/Py_Function_1-checkpoint.py for tasks to queue
[2024-03-04T19:13:39.577+0530] {logging_mixin.py:188} INFO - [2024-03-04T19:13:39.577+0530] {dagbag.py:538} INFO - Filling up the DagBag from /home/arun/airflow/dags/.ipynb_checkpoints/Py_Function_1-checkpoint.py
[2024-03-04T19:13:39.590+0530] {processor.py:840} INFO - DAG(s) 'print_func' retrieved from /home/arun/airflow/dags/.ipynb_checkpoints/Py_Function_1-checkpoint.py
[2024-03-04T19:13:39.717+0530] {logging_mixin.py:188} INFO - [2024-03-04T19:13:39.717+0530] {dag.py:3036} INFO - Sync 1 DAGs
[2024-03-04T19:13:39.741+0530] {logging_mixin.py:188} INFO - [2024-03-04T19:13:39.741+0530] {dag.py:3823} INFO - Setting next_dagrun for print_func to 2024-03-04 13:40:00+00:00, run_after=2024-03-04 13:42:00+00:00
[2024-03-04T19:13:39.776+0530] {processor.py:183} INFO - Processing /home/arun/airflow/dags/.ipynb_checkpoints/Py_Function_1-checkpoint.py took 0.208 seconds
[2024-03-04T19:15:09.435+0530] {processor.py:161} INFO - Started process (PID=8052) to work on /home/arun/airflow/dags/.ipynb_checkpoints/Py_Function_1-checkpoint.py
[2024-03-04T19:15:09.436+0530] {processor.py:830} INFO - Processing file /home/arun/airflow/dags/.ipynb_checkpoints/Py_Function_1-checkpoint.py for tasks to queue
[2024-03-04T19:15:09.438+0530] {logging_mixin.py:188} INFO - [2024-03-04T19:15:09.437+0530] {dagbag.py:538} INFO - Filling up the DagBag from /home/arun/airflow/dags/.ipynb_checkpoints/Py_Function_1-checkpoint.py
[2024-03-04T19:15:09.448+0530] {processor.py:840} INFO - DAG(s) 'print_func' retrieved from /home/arun/airflow/dags/.ipynb_checkpoints/Py_Function_1-checkpoint.py
[2024-03-04T19:15:09.568+0530] {logging_mixin.py:188} INFO - [2024-03-04T19:15:09.568+0530] {dag.py:3036} INFO - Sync 1 DAGs
[2024-03-04T19:15:09.596+0530] {logging_mixin.py:188} INFO - [2024-03-04T19:15:09.596+0530] {dag.py:3823} INFO - Setting next_dagrun for print_func to 2024-03-04 13:42:00+00:00, run_after=2024-03-04 13:44:00+00:00
[2024-03-04T19:15:09.636+0530] {processor.py:183} INFO - Processing /home/arun/airflow/dags/.ipynb_checkpoints/Py_Function_1-checkpoint.py took 0.206 seconds
[2024-03-04T19:16:31.017+0530] {processor.py:161} INFO - Started process (PID=8262) to work on /home/arun/airflow/dags/.ipynb_checkpoints/Py_Function_1-checkpoint.py
[2024-03-04T19:16:31.047+0530] {processor.py:830} INFO - Processing file /home/arun/airflow/dags/.ipynb_checkpoints/Py_Function_1-checkpoint.py for tasks to queue
[2024-03-04T19:16:31.048+0530] {logging_mixin.py:188} INFO - [2024-03-04T19:16:31.048+0530] {dagbag.py:538} INFO - Filling up the DagBag from /home/arun/airflow/dags/.ipynb_checkpoints/Py_Function_1-checkpoint.py
[2024-03-04T19:16:31.057+0530] {processor.py:840} INFO - DAG(s) 'print_func' retrieved from /home/arun/airflow/dags/.ipynb_checkpoints/Py_Function_1-checkpoint.py
[2024-03-04T19:16:31.066+0530] {logging_mixin.py:188} INFO - [2024-03-04T19:16:31.066+0530] {dag.py:3036} INFO - Sync 1 DAGs
[2024-03-04T19:16:31.106+0530] {logging_mixin.py:188} INFO - [2024-03-04T19:16:31.106+0530] {dag.py:3823} INFO - Setting next_dagrun for print_func to 2024-03-04 13:44:00+00:00, run_after=2024-03-04 13:46:00+00:00
[2024-03-04T19:16:31.148+0530] {processor.py:183} INFO - Processing /home/arun/airflow/dags/.ipynb_checkpoints/Py_Function_1-checkpoint.py took 0.134 seconds
[2024-03-04T19:17:58.335+0530] {processor.py:161} INFO - Started process (PID=8436) to work on /home/arun/airflow/dags/.ipynb_checkpoints/Py_Function_1-checkpoint.py
[2024-03-04T19:17:58.337+0530] {processor.py:830} INFO - Processing file /home/arun/airflow/dags/.ipynb_checkpoints/Py_Function_1-checkpoint.py for tasks to queue
[2024-03-04T19:17:58.338+0530] {logging_mixin.py:188} INFO - [2024-03-04T19:17:58.338+0530] {dagbag.py:538} INFO - Filling up the DagBag from /home/arun/airflow/dags/.ipynb_checkpoints/Py_Function_1-checkpoint.py
[2024-03-04T19:17:58.349+0530] {processor.py:840} INFO - DAG(s) 'print_func' retrieved from /home/arun/airflow/dags/.ipynb_checkpoints/Py_Function_1-checkpoint.py
[2024-03-04T19:17:58.469+0530] {logging_mixin.py:188} INFO - [2024-03-04T19:17:58.468+0530] {dag.py:3036} INFO - Sync 1 DAGs
[2024-03-04T19:17:58.541+0530] {logging_mixin.py:188} INFO - [2024-03-04T19:17:58.541+0530] {dag.py:3823} INFO - Setting next_dagrun for print_func to 2024-03-04 13:44:00+00:00, run_after=2024-03-04 13:46:00+00:00
[2024-03-04T19:17:58.569+0530] {processor.py:183} INFO - Processing /home/arun/airflow/dags/.ipynb_checkpoints/Py_Function_1-checkpoint.py took 0.238 seconds
[2024-03-04T19:19:23.633+0530] {processor.py:161} INFO - Started process (PID=8602) to work on /home/arun/airflow/dags/.ipynb_checkpoints/Py_Function_1-checkpoint.py
[2024-03-04T19:19:23.635+0530] {processor.py:830} INFO - Processing file /home/arun/airflow/dags/.ipynb_checkpoints/Py_Function_1-checkpoint.py for tasks to queue
[2024-03-04T19:19:23.636+0530] {logging_mixin.py:188} INFO - [2024-03-04T19:19:23.636+0530] {dagbag.py:538} INFO - Filling up the DagBag from /home/arun/airflow/dags/.ipynb_checkpoints/Py_Function_1-checkpoint.py
[2024-03-04T19:19:23.645+0530] {processor.py:840} INFO - DAG(s) 'print_func' retrieved from /home/arun/airflow/dags/.ipynb_checkpoints/Py_Function_1-checkpoint.py
[2024-03-04T19:19:23.840+0530] {logging_mixin.py:188} INFO - [2024-03-04T19:19:23.840+0530] {dag.py:3036} INFO - Sync 1 DAGs
[2024-03-04T19:19:23.865+0530] {logging_mixin.py:188} INFO - [2024-03-04T19:19:23.865+0530] {dag.py:3823} INFO - Setting next_dagrun for print_func to 2024-03-04 13:46:00+00:00, run_after=2024-03-04 13:48:00+00:00
[2024-03-04T19:19:23.897+0530] {processor.py:183} INFO - Processing /home/arun/airflow/dags/.ipynb_checkpoints/Py_Function_1-checkpoint.py took 0.267 seconds
[2024-03-04T19:20:10.045+0530] {processor.py:161} INFO - Started process (PID=8694) to work on /home/arun/airflow/dags/.ipynb_checkpoints/Py_Function_1-checkpoint.py
[2024-03-04T19:20:10.048+0530] {processor.py:830} INFO - Processing file /home/arun/airflow/dags/.ipynb_checkpoints/Py_Function_1-checkpoint.py for tasks to queue
[2024-03-04T19:20:10.049+0530] {logging_mixin.py:188} INFO - [2024-03-04T19:20:10.049+0530] {dagbag.py:538} INFO - Filling up the DagBag from /home/arun/airflow/dags/.ipynb_checkpoints/Py_Function_1-checkpoint.py
[2024-03-04T19:20:10.070+0530] {processor.py:840} INFO - DAG(s) 'print_func' retrieved from /home/arun/airflow/dags/.ipynb_checkpoints/Py_Function_1-checkpoint.py
[2024-03-04T19:20:10.124+0530] {logging_mixin.py:188} INFO - [2024-03-04T19:20:10.124+0530] {dag.py:3036} INFO - Sync 1 DAGs
[2024-03-04T19:20:10.161+0530] {logging_mixin.py:188} INFO - [2024-03-04T19:20:10.160+0530] {dag.py:3823} INFO - Setting next_dagrun for print_func to 2024-03-04 13:48:00+00:00, run_after=2024-03-04 13:50:00+00:00
[2024-03-04T19:20:10.193+0530] {processor.py:183} INFO - Processing /home/arun/airflow/dags/.ipynb_checkpoints/Py_Function_1-checkpoint.py took 0.154 seconds
[2024-03-04T19:21:34.954+0530] {processor.py:161} INFO - Started process (PID=8877) to work on /home/arun/airflow/dags/.ipynb_checkpoints/Py_Function_1-checkpoint.py
[2024-03-04T19:21:34.991+0530] {processor.py:830} INFO - Processing file /home/arun/airflow/dags/.ipynb_checkpoints/Py_Function_1-checkpoint.py for tasks to queue
[2024-03-04T19:21:34.993+0530] {logging_mixin.py:188} INFO - [2024-03-04T19:21:34.992+0530] {dagbag.py:538} INFO - Filling up the DagBag from /home/arun/airflow/dags/.ipynb_checkpoints/Py_Function_1-checkpoint.py
[2024-03-04T19:21:35.003+0530] {processor.py:840} INFO - DAG(s) 'print_func' retrieved from /home/arun/airflow/dags/.ipynb_checkpoints/Py_Function_1-checkpoint.py
[2024-03-04T19:21:35.125+0530] {logging_mixin.py:188} INFO - [2024-03-04T19:21:35.125+0530] {dag.py:3036} INFO - Sync 1 DAGs
[2024-03-04T19:21:35.149+0530] {logging_mixin.py:188} INFO - [2024-03-04T19:21:35.149+0530] {dag.py:3823} INFO - Setting next_dagrun for print_func to 2024-03-04 13:48:00+00:00, run_after=2024-03-04 13:50:00+00:00
[2024-03-04T19:21:35.184+0530] {processor.py:183} INFO - Processing /home/arun/airflow/dags/.ipynb_checkpoints/Py_Function_1-checkpoint.py took 0.234 seconds
[2024-03-04T19:22:59.628+0530] {processor.py:161} INFO - Started process (PID=9042) to work on /home/arun/airflow/dags/.ipynb_checkpoints/Py_Function_1-checkpoint.py
[2024-03-04T19:22:59.671+0530] {processor.py:830} INFO - Processing file /home/arun/airflow/dags/.ipynb_checkpoints/Py_Function_1-checkpoint.py for tasks to queue
[2024-03-04T19:22:59.672+0530] {logging_mixin.py:188} INFO - [2024-03-04T19:22:59.671+0530] {dagbag.py:538} INFO - Filling up the DagBag from /home/arun/airflow/dags/.ipynb_checkpoints/Py_Function_1-checkpoint.py
[2024-03-04T19:22:59.679+0530] {processor.py:840} INFO - DAG(s) 'print_func' retrieved from /home/arun/airflow/dags/.ipynb_checkpoints/Py_Function_1-checkpoint.py
[2024-03-04T19:22:59.795+0530] {logging_mixin.py:188} INFO - [2024-03-04T19:22:59.794+0530] {dag.py:3036} INFO - Sync 1 DAGs
[2024-03-04T19:22:59.862+0530] {logging_mixin.py:188} INFO - [2024-03-04T19:22:59.862+0530] {dag.py:3823} INFO - Setting next_dagrun for print_func to 2024-03-04 13:50:00+00:00, run_after=2024-03-04 13:52:00+00:00
[2024-03-04T19:22:59.908+0530] {processor.py:183} INFO - Processing /home/arun/airflow/dags/.ipynb_checkpoints/Py_Function_1-checkpoint.py took 0.284 seconds
[2024-03-04T19:24:22.692+0530] {processor.py:161} INFO - Started process (PID=9215) to work on /home/arun/airflow/dags/.ipynb_checkpoints/Py_Function_1-checkpoint.py
[2024-03-04T19:24:22.724+0530] {processor.py:830} INFO - Processing file /home/arun/airflow/dags/.ipynb_checkpoints/Py_Function_1-checkpoint.py for tasks to queue
[2024-03-04T19:24:22.725+0530] {logging_mixin.py:188} INFO - [2024-03-04T19:24:22.724+0530] {dagbag.py:538} INFO - Filling up the DagBag from /home/arun/airflow/dags/.ipynb_checkpoints/Py_Function_1-checkpoint.py
[2024-03-04T19:24:22.732+0530] {processor.py:840} INFO - DAG(s) 'print_func' retrieved from /home/arun/airflow/dags/.ipynb_checkpoints/Py_Function_1-checkpoint.py
[2024-03-04T19:24:22.878+0530] {logging_mixin.py:188} INFO - [2024-03-04T19:24:22.878+0530] {dag.py:3036} INFO - Sync 1 DAGs
[2024-03-04T19:24:22.909+0530] {logging_mixin.py:188} INFO - [2024-03-04T19:24:22.909+0530] {dag.py:3823} INFO - Setting next_dagrun for print_func to 2024-03-04 13:52:00+00:00, run_after=2024-03-04 13:54:00+00:00
[2024-03-04T19:24:22.944+0530] {processor.py:183} INFO - Processing /home/arun/airflow/dags/.ipynb_checkpoints/Py_Function_1-checkpoint.py took 0.256 seconds
[2024-03-04T19:25:42.071+0530] {processor.py:161} INFO - Started process (PID=9355) to work on /home/arun/airflow/dags/.ipynb_checkpoints/Py_Function_1-checkpoint.py
[2024-03-04T19:25:42.102+0530] {processor.py:830} INFO - Processing file /home/arun/airflow/dags/.ipynb_checkpoints/Py_Function_1-checkpoint.py for tasks to queue
[2024-03-04T19:25:42.104+0530] {logging_mixin.py:188} INFO - [2024-03-04T19:25:42.103+0530] {dagbag.py:538} INFO - Filling up the DagBag from /home/arun/airflow/dags/.ipynb_checkpoints/Py_Function_1-checkpoint.py
[2024-03-04T19:25:42.114+0530] {processor.py:840} INFO - DAG(s) 'print_func' retrieved from /home/arun/airflow/dags/.ipynb_checkpoints/Py_Function_1-checkpoint.py
[2024-03-04T19:25:42.231+0530] {logging_mixin.py:188} INFO - [2024-03-04T19:25:42.231+0530] {dag.py:3036} INFO - Sync 1 DAGs
[2024-03-04T19:25:42.259+0530] {logging_mixin.py:188} INFO - [2024-03-04T19:25:42.259+0530] {dag.py:3823} INFO - Setting next_dagrun for print_func to 2024-03-04 13:52:00+00:00, run_after=2024-03-04 13:54:00+00:00
[2024-03-04T19:25:42.302+0530] {processor.py:183} INFO - Processing /home/arun/airflow/dags/.ipynb_checkpoints/Py_Function_1-checkpoint.py took 0.236 seconds
[2024-03-04T19:26:58.329+0530] {processor.py:161} INFO - Started process (PID=9524) to work on /home/arun/airflow/dags/.ipynb_checkpoints/Py_Function_1-checkpoint.py
[2024-03-04T19:26:58.362+0530] {processor.py:830} INFO - Processing file /home/arun/airflow/dags/.ipynb_checkpoints/Py_Function_1-checkpoint.py for tasks to queue
[2024-03-04T19:26:58.364+0530] {logging_mixin.py:188} INFO - [2024-03-04T19:26:58.363+0530] {dagbag.py:538} INFO - Filling up the DagBag from /home/arun/airflow/dags/.ipynb_checkpoints/Py_Function_1-checkpoint.py
[2024-03-04T19:26:58.376+0530] {processor.py:840} INFO - DAG(s) 'print_func' retrieved from /home/arun/airflow/dags/.ipynb_checkpoints/Py_Function_1-checkpoint.py
[2024-03-04T19:26:58.484+0530] {logging_mixin.py:188} INFO - [2024-03-04T19:26:58.484+0530] {dag.py:3036} INFO - Sync 1 DAGs
[2024-03-04T19:26:58.509+0530] {logging_mixin.py:188} INFO - [2024-03-04T19:26:58.509+0530] {dag.py:3823} INFO - Setting next_dagrun for print_func to 2024-03-04 13:54:00+00:00, run_after=2024-03-04 13:56:00+00:00
[2024-03-04T19:26:58.549+0530] {processor.py:183} INFO - Processing /home/arun/airflow/dags/.ipynb_checkpoints/Py_Function_1-checkpoint.py took 0.224 seconds
[2024-03-04T19:28:23.804+0530] {processor.py:161} INFO - Started process (PID=9719) to work on /home/arun/airflow/dags/.ipynb_checkpoints/Py_Function_1-checkpoint.py
[2024-03-04T19:28:23.853+0530] {processor.py:830} INFO - Processing file /home/arun/airflow/dags/.ipynb_checkpoints/Py_Function_1-checkpoint.py for tasks to queue
[2024-03-04T19:28:23.855+0530] {logging_mixin.py:188} INFO - [2024-03-04T19:28:23.855+0530] {dagbag.py:538} INFO - Filling up the DagBag from /home/arun/airflow/dags/.ipynb_checkpoints/Py_Function_1-checkpoint.py
[2024-03-04T19:28:23.908+0530] {processor.py:840} INFO - DAG(s) 'print_func' retrieved from /home/arun/airflow/dags/.ipynb_checkpoints/Py_Function_1-checkpoint.py
[2024-03-04T19:28:24.084+0530] {logging_mixin.py:188} INFO - [2024-03-04T19:28:24.083+0530] {dag.py:3036} INFO - Sync 1 DAGs
[2024-03-04T19:28:24.111+0530] {logging_mixin.py:188} INFO - [2024-03-04T19:28:24.111+0530] {dag.py:3823} INFO - Setting next_dagrun for print_func to 2024-03-04 13:56:00+00:00, run_after=2024-03-04 13:58:00+00:00
[2024-03-04T19:28:24.146+0530] {processor.py:183} INFO - Processing /home/arun/airflow/dags/.ipynb_checkpoints/Py_Function_1-checkpoint.py took 0.347 seconds
[2024-03-04T22:41:30.219+0530] {processor.py:161} INFO - Started process (PID=17403) to work on /home/arun/airflow/dags/.ipynb_checkpoints/Py_Function_1-checkpoint.py
[2024-03-04T22:41:30.228+0530] {processor.py:830} INFO - Processing file /home/arun/airflow/dags/.ipynb_checkpoints/Py_Function_1-checkpoint.py for tasks to queue
[2024-03-04T22:41:30.234+0530] {logging_mixin.py:188} INFO - [2024-03-04T22:41:30.232+0530] {dagbag.py:538} INFO - Filling up the DagBag from /home/arun/airflow/dags/.ipynb_checkpoints/Py_Function_1-checkpoint.py
[2024-03-04T22:41:30.373+0530] {processor.py:840} INFO - DAG(s) 'print_func' retrieved from /home/arun/airflow/dags/.ipynb_checkpoints/Py_Function_1-checkpoint.py
[2024-03-04T22:41:30.466+0530] {logging_mixin.py:188} INFO - [2024-03-04T22:41:30.466+0530] {dag.py:3036} INFO - Sync 1 DAGs
[2024-03-04T22:41:30.590+0530] {logging_mixin.py:188} INFO - [2024-03-04T22:41:30.589+0530] {dag.py:3823} INFO - Setting next_dagrun for print_func to 2024-03-04 17:08:00+00:00, run_after=2024-03-04 17:10:00+00:00
[2024-03-04T22:41:30.644+0530] {processor.py:183} INFO - Processing /home/arun/airflow/dags/.ipynb_checkpoints/Py_Function_1-checkpoint.py took 0.512 seconds
[2024-03-04T22:55:14.834+0530] {processor.py:161} INFO - Started process (PID=5617) to work on /home/arun/airflow/dags/.ipynb_checkpoints/Py_Function_1-checkpoint.py
[2024-03-04T22:55:14.880+0530] {processor.py:830} INFO - Processing file /home/arun/airflow/dags/.ipynb_checkpoints/Py_Function_1-checkpoint.py for tasks to queue
[2024-03-04T22:55:14.893+0530] {logging_mixin.py:188} INFO - [2024-03-04T22:55:14.889+0530] {dagbag.py:538} INFO - Filling up the DagBag from /home/arun/airflow/dags/.ipynb_checkpoints/Py_Function_1-checkpoint.py
[2024-03-04T22:55:14.911+0530] {processor.py:840} INFO - DAG(s) 'print_func' retrieved from /home/arun/airflow/dags/.ipynb_checkpoints/Py_Function_1-checkpoint.py
[2024-03-04T22:55:14.941+0530] {logging_mixin.py:188} INFO - [2024-03-04T22:55:14.940+0530] {dag.py:3036} INFO - Sync 1 DAGs
[2024-03-04T22:55:15.011+0530] {logging_mixin.py:188} INFO - [2024-03-04T22:55:15.010+0530] {dag.py:3823} INFO - Setting next_dagrun for print_func to 2024-03-04 17:22:00+00:00, run_after=2024-03-04 17:24:00+00:00
[2024-03-04T22:55:15.111+0530] {processor.py:183} INFO - Processing /home/arun/airflow/dags/.ipynb_checkpoints/Py_Function_1-checkpoint.py took 0.283 seconds
[2024-03-04T22:56:56.124+0530] {processor.py:161} INFO - Started process (PID=5710) to work on /home/arun/airflow/dags/.ipynb_checkpoints/Py_Function_1-checkpoint.py
[2024-03-04T22:56:56.189+0530] {processor.py:830} INFO - Processing file /home/arun/airflow/dags/.ipynb_checkpoints/Py_Function_1-checkpoint.py for tasks to queue
[2024-03-04T22:56:56.191+0530] {logging_mixin.py:188} INFO - [2024-03-04T22:56:56.190+0530] {dagbag.py:538} INFO - Filling up the DagBag from /home/arun/airflow/dags/.ipynb_checkpoints/Py_Function_1-checkpoint.py
[2024-03-04T22:56:56.204+0530] {processor.py:840} INFO - DAG(s) 'print_func' retrieved from /home/arun/airflow/dags/.ipynb_checkpoints/Py_Function_1-checkpoint.py
[2024-03-04T22:56:56.452+0530] {logging_mixin.py:188} INFO - [2024-03-04T22:56:56.451+0530] {dag.py:3036} INFO - Sync 1 DAGs
[2024-03-04T22:56:56.510+0530] {logging_mixin.py:188} INFO - [2024-03-04T22:56:56.509+0530] {dag.py:3823} INFO - Setting next_dagrun for print_func to 2024-03-04 17:24:00+00:00, run_after=2024-03-04 17:26:00+00:00
[2024-03-04T22:56:56.632+0530] {processor.py:183} INFO - Processing /home/arun/airflow/dags/.ipynb_checkpoints/Py_Function_1-checkpoint.py took 0.514 seconds
[2024-03-04T22:58:03.974+0530] {processor.py:161} INFO - Started process (PID=5781) to work on /home/arun/airflow/dags/.ipynb_checkpoints/Py_Function_1-checkpoint.py
[2024-03-04T22:58:03.978+0530] {processor.py:830} INFO - Processing file /home/arun/airflow/dags/.ipynb_checkpoints/Py_Function_1-checkpoint.py for tasks to queue
[2024-03-04T22:58:03.981+0530] {logging_mixin.py:188} INFO - [2024-03-04T22:58:03.980+0530] {dagbag.py:538} INFO - Filling up the DagBag from /home/arun/airflow/dags/.ipynb_checkpoints/Py_Function_1-checkpoint.py
[2024-03-04T22:58:04.004+0530] {processor.py:840} INFO - DAG(s) 'print_func' retrieved from /home/arun/airflow/dags/.ipynb_checkpoints/Py_Function_1-checkpoint.py
[2024-03-04T22:58:04.033+0530] {logging_mixin.py:188} INFO - [2024-03-04T22:58:04.032+0530] {dag.py:3036} INFO - Sync 1 DAGs
[2024-03-04T22:58:04.089+0530] {logging_mixin.py:188} INFO - [2024-03-04T22:58:04.089+0530] {dag.py:3823} INFO - Setting next_dagrun for print_func to 2024-03-04 17:26:00+00:00, run_after=2024-03-04 17:28:00+00:00
[2024-03-04T22:58:04.278+0530] {processor.py:183} INFO - Processing /home/arun/airflow/dags/.ipynb_checkpoints/Py_Function_1-checkpoint.py took 0.310 seconds
[2024-03-04T22:59:04.378+0530] {processor.py:161} INFO - Started process (PID=5846) to work on /home/arun/airflow/dags/.ipynb_checkpoints/Py_Function_1-checkpoint.py
[2024-03-04T22:59:04.381+0530] {processor.py:830} INFO - Processing file /home/arun/airflow/dags/.ipynb_checkpoints/Py_Function_1-checkpoint.py for tasks to queue
[2024-03-04T22:59:04.383+0530] {logging_mixin.py:188} INFO - [2024-03-04T22:59:04.382+0530] {dagbag.py:538} INFO - Filling up the DagBag from /home/arun/airflow/dags/.ipynb_checkpoints/Py_Function_1-checkpoint.py
[2024-03-04T22:59:04.393+0530] {processor.py:840} INFO - DAG(s) 'print_func' retrieved from /home/arun/airflow/dags/.ipynb_checkpoints/Py_Function_1-checkpoint.py
[2024-03-04T22:59:04.633+0530] {logging_mixin.py:188} INFO - [2024-03-04T22:59:04.632+0530] {dag.py:3036} INFO - Sync 1 DAGs
[2024-03-04T22:59:04.709+0530] {logging_mixin.py:188} INFO - [2024-03-04T22:59:04.708+0530] {dag.py:3823} INFO - Setting next_dagrun for print_func to 2024-03-04 17:26:00+00:00, run_after=2024-03-04 17:28:00+00:00
[2024-03-04T22:59:04.857+0530] {processor.py:183} INFO - Processing /home/arun/airflow/dags/.ipynb_checkpoints/Py_Function_1-checkpoint.py took 0.489 seconds
[2024-03-04T22:59:59.902+0530] {processor.py:161} INFO - Started process (PID=5939) to work on /home/arun/airflow/dags/.ipynb_checkpoints/Py_Function_1-checkpoint.py
[2024-03-04T22:59:59.903+0530] {processor.py:830} INFO - Processing file /home/arun/airflow/dags/.ipynb_checkpoints/Py_Function_1-checkpoint.py for tasks to queue
[2024-03-04T22:59:59.904+0530] {logging_mixin.py:188} INFO - [2024-03-04T22:59:59.904+0530] {dagbag.py:538} INFO - Filling up the DagBag from /home/arun/airflow/dags/.ipynb_checkpoints/Py_Function_1-checkpoint.py
[2024-03-04T22:59:59.910+0530] {processor.py:840} INFO - DAG(s) 'print_func' retrieved from /home/arun/airflow/dags/.ipynb_checkpoints/Py_Function_1-checkpoint.py
[2024-03-04T22:59:59.917+0530] {logging_mixin.py:188} INFO - [2024-03-04T22:59:59.917+0530] {dag.py:3036} INFO - Sync 1 DAGs
[2024-03-04T22:59:59.940+0530] {logging_mixin.py:188} INFO - [2024-03-04T22:59:59.939+0530] {dag.py:3823} INFO - Setting next_dagrun for print_func to 2024-03-04 17:26:00+00:00, run_after=2024-03-04 17:28:00+00:00
[2024-03-04T22:59:59.969+0530] {processor.py:183} INFO - Processing /home/arun/airflow/dags/.ipynb_checkpoints/Py_Function_1-checkpoint.py took 0.070 seconds
[2024-03-04T23:00:48.748+0530] {processor.py:161} INFO - Started process (PID=6004) to work on /home/arun/airflow/dags/.ipynb_checkpoints/Py_Function_1-checkpoint.py
[2024-03-04T23:00:48.750+0530] {processor.py:830} INFO - Processing file /home/arun/airflow/dags/.ipynb_checkpoints/Py_Function_1-checkpoint.py for tasks to queue
[2024-03-04T23:00:48.752+0530] {logging_mixin.py:188} INFO - [2024-03-04T23:00:48.751+0530] {dagbag.py:538} INFO - Filling up the DagBag from /home/arun/airflow/dags/.ipynb_checkpoints/Py_Function_1-checkpoint.py
[2024-03-04T23:00:48.761+0530] {processor.py:840} INFO - DAG(s) 'print_func' retrieved from /home/arun/airflow/dags/.ipynb_checkpoints/Py_Function_1-checkpoint.py
[2024-03-04T23:00:48.907+0530] {logging_mixin.py:188} INFO - [2024-03-04T23:00:48.907+0530] {dag.py:3036} INFO - Sync 1 DAGs
[2024-03-04T23:00:48.932+0530] {logging_mixin.py:188} INFO - [2024-03-04T23:00:48.932+0530] {dag.py:3823} INFO - Setting next_dagrun for print_func to 2024-03-04 17:28:00+00:00, run_after=2024-03-04 17:30:00+00:00
[2024-03-04T23:00:49.012+0530] {processor.py:183} INFO - Processing /home/arun/airflow/dags/.ipynb_checkpoints/Py_Function_1-checkpoint.py took 0.269 seconds
[2024-03-04T23:02:12.540+0530] {processor.py:161} INFO - Started process (PID=6151) to work on /home/arun/airflow/dags/.ipynb_checkpoints/Py_Function_1-checkpoint.py
[2024-03-04T23:02:12.576+0530] {processor.py:830} INFO - Processing file /home/arun/airflow/dags/.ipynb_checkpoints/Py_Function_1-checkpoint.py for tasks to queue
[2024-03-04T23:02:12.577+0530] {logging_mixin.py:188} INFO - [2024-03-04T23:02:12.576+0530] {dagbag.py:538} INFO - Filling up the DagBag from /home/arun/airflow/dags/.ipynb_checkpoints/Py_Function_1-checkpoint.py
[2024-03-04T23:02:12.584+0530] {processor.py:840} INFO - DAG(s) 'print_func' retrieved from /home/arun/airflow/dags/.ipynb_checkpoints/Py_Function_1-checkpoint.py
[2024-03-04T23:02:12.596+0530] {logging_mixin.py:188} INFO - [2024-03-04T23:02:12.596+0530] {dag.py:3036} INFO - Sync 1 DAGs
[2024-03-04T23:02:12.630+0530] {logging_mixin.py:188} INFO - [2024-03-04T23:02:12.630+0530] {dag.py:3823} INFO - Setting next_dagrun for print_func to 2024-03-04 17:30:00+00:00, run_after=2024-03-04 17:32:00+00:00
[2024-03-04T23:02:12.673+0530] {processor.py:183} INFO - Processing /home/arun/airflow/dags/.ipynb_checkpoints/Py_Function_1-checkpoint.py took 0.136 seconds
[2024-03-04T23:03:51.709+0530] {processor.py:161} INFO - Started process (PID=6687) to work on /home/arun/airflow/dags/.ipynb_checkpoints/Py_Function_1-checkpoint.py
[2024-03-04T23:03:51.712+0530] {processor.py:830} INFO - Processing file /home/arun/airflow/dags/.ipynb_checkpoints/Py_Function_1-checkpoint.py for tasks to queue
[2024-03-04T23:03:51.714+0530] {logging_mixin.py:188} INFO - [2024-03-04T23:03:51.713+0530] {dagbag.py:538} INFO - Filling up the DagBag from /home/arun/airflow/dags/.ipynb_checkpoints/Py_Function_1-checkpoint.py
[2024-03-04T23:03:51.728+0530] {processor.py:840} INFO - DAG(s) 'print_func' retrieved from /home/arun/airflow/dags/.ipynb_checkpoints/Py_Function_1-checkpoint.py
[2024-03-04T23:03:52.133+0530] {logging_mixin.py:188} INFO - [2024-03-04T23:03:52.133+0530] {dag.py:3036} INFO - Sync 1 DAGs
[2024-03-04T23:03:52.225+0530] {logging_mixin.py:188} INFO - [2024-03-04T23:03:52.225+0530] {dag.py:3823} INFO - Setting next_dagrun for print_func to 2024-03-04 17:30:00+00:00, run_after=2024-03-04 17:32:00+00:00
[2024-03-04T23:03:52.415+0530] {processor.py:183} INFO - Processing /home/arun/airflow/dags/.ipynb_checkpoints/Py_Function_1-checkpoint.py took 0.712 seconds
[2024-03-04T23:04:50.087+0530] {processor.py:161} INFO - Started process (PID=6761) to work on /home/arun/airflow/dags/.ipynb_checkpoints/Py_Function_1-checkpoint.py
[2024-03-04T23:04:50.091+0530] {processor.py:830} INFO - Processing file /home/arun/airflow/dags/.ipynb_checkpoints/Py_Function_1-checkpoint.py for tasks to queue
[2024-03-04T23:04:50.093+0530] {logging_mixin.py:188} INFO - [2024-03-04T23:04:50.092+0530] {dagbag.py:538} INFO - Filling up the DagBag from /home/arun/airflow/dags/.ipynb_checkpoints/Py_Function_1-checkpoint.py
[2024-03-04T23:04:50.107+0530] {processor.py:840} INFO - DAG(s) 'print_func' retrieved from /home/arun/airflow/dags/.ipynb_checkpoints/Py_Function_1-checkpoint.py
[2024-03-04T23:04:50.130+0530] {logging_mixin.py:188} INFO - [2024-03-04T23:04:50.129+0530] {dag.py:3036} INFO - Sync 1 DAGs
[2024-03-04T23:04:50.175+0530] {logging_mixin.py:188} INFO - [2024-03-04T23:04:50.175+0530] {dag.py:3823} INFO - Setting next_dagrun for print_func to 2024-03-04 17:32:00+00:00, run_after=2024-03-04 17:34:00+00:00
[2024-03-04T23:04:50.218+0530] {processor.py:183} INFO - Processing /home/arun/airflow/dags/.ipynb_checkpoints/Py_Function_1-checkpoint.py took 0.137 seconds
[2024-03-04T23:05:47.811+0530] {processor.py:161} INFO - Started process (PID=6888) to work on /home/arun/airflow/dags/.ipynb_checkpoints/Py_Function_1-checkpoint.py
[2024-03-04T23:05:47.873+0530] {processor.py:830} INFO - Processing file /home/arun/airflow/dags/.ipynb_checkpoints/Py_Function_1-checkpoint.py for tasks to queue
[2024-03-04T23:05:47.874+0530] {logging_mixin.py:188} INFO - [2024-03-04T23:05:47.873+0530] {dagbag.py:538} INFO - Filling up the DagBag from /home/arun/airflow/dags/.ipynb_checkpoints/Py_Function_1-checkpoint.py
[2024-03-04T23:05:47.881+0530] {processor.py:840} INFO - DAG(s) 'print_func' retrieved from /home/arun/airflow/dags/.ipynb_checkpoints/Py_Function_1-checkpoint.py
[2024-03-04T23:05:48.089+0530] {logging_mixin.py:188} INFO - [2024-03-04T23:05:48.088+0530] {dag.py:3036} INFO - Sync 1 DAGs
[2024-03-04T23:05:48.147+0530] {logging_mixin.py:188} INFO - [2024-03-04T23:05:48.147+0530] {dag.py:3823} INFO - Setting next_dagrun for print_func to 2024-03-04 17:32:00+00:00, run_after=2024-03-04 17:34:00+00:00
[2024-03-04T23:05:48.216+0530] {processor.py:183} INFO - Processing /home/arun/airflow/dags/.ipynb_checkpoints/Py_Function_1-checkpoint.py took 0.409 seconds
[2024-03-04T23:06:34.853+0530] {processor.py:161} INFO - Started process (PID=6968) to work on /home/arun/airflow/dags/.ipynb_checkpoints/Py_Function_1-checkpoint.py
[2024-03-04T23:06:34.855+0530] {processor.py:830} INFO - Processing file /home/arun/airflow/dags/.ipynb_checkpoints/Py_Function_1-checkpoint.py for tasks to queue
[2024-03-04T23:06:34.856+0530] {logging_mixin.py:188} INFO - [2024-03-04T23:06:34.855+0530] {dagbag.py:538} INFO - Filling up the DagBag from /home/arun/airflow/dags/.ipynb_checkpoints/Py_Function_1-checkpoint.py
[2024-03-04T23:06:34.864+0530] {processor.py:840} INFO - DAG(s) 'print_func' retrieved from /home/arun/airflow/dags/.ipynb_checkpoints/Py_Function_1-checkpoint.py
[2024-03-04T23:06:34.876+0530] {logging_mixin.py:188} INFO - [2024-03-04T23:06:34.876+0530] {dag.py:3036} INFO - Sync 1 DAGs
[2024-03-04T23:06:34.904+0530] {logging_mixin.py:188} INFO - [2024-03-04T23:06:34.903+0530] {dag.py:3823} INFO - Setting next_dagrun for print_func to 2024-03-04 17:34:00+00:00, run_after=2024-03-04 17:36:00+00:00
[2024-03-04T23:06:34.934+0530] {processor.py:183} INFO - Processing /home/arun/airflow/dags/.ipynb_checkpoints/Py_Function_1-checkpoint.py took 0.087 seconds
[2024-03-04T23:07:21.940+0530] {processor.py:161} INFO - Started process (PID=7076) to work on /home/arun/airflow/dags/.ipynb_checkpoints/Py_Function_1-checkpoint.py
[2024-03-04T23:07:21.943+0530] {processor.py:830} INFO - Processing file /home/arun/airflow/dags/.ipynb_checkpoints/Py_Function_1-checkpoint.py for tasks to queue
[2024-03-04T23:07:21.945+0530] {logging_mixin.py:188} INFO - [2024-03-04T23:07:21.944+0530] {dagbag.py:538} INFO - Filling up the DagBag from /home/arun/airflow/dags/.ipynb_checkpoints/Py_Function_1-checkpoint.py
[2024-03-04T23:07:21.953+0530] {processor.py:840} INFO - DAG(s) 'print_func' retrieved from /home/arun/airflow/dags/.ipynb_checkpoints/Py_Function_1-checkpoint.py
[2024-03-04T23:07:22.054+0530] {logging_mixin.py:188} INFO - [2024-03-04T23:07:22.053+0530] {dag.py:3036} INFO - Sync 1 DAGs
[2024-03-04T23:07:22.072+0530] {logging_mixin.py:188} INFO - [2024-03-04T23:07:22.072+0530] {dag.py:3823} INFO - Setting next_dagrun for print_func to 2024-03-04 17:34:00+00:00, run_after=2024-03-04 17:36:00+00:00
[2024-03-04T23:07:22.167+0530] {processor.py:183} INFO - Processing /home/arun/airflow/dags/.ipynb_checkpoints/Py_Function_1-checkpoint.py took 0.231 seconds
[2024-03-04T23:08:51.746+0530] {processor.py:161} INFO - Started process (PID=7258) to work on /home/arun/airflow/dags/.ipynb_checkpoints/Py_Function_1-checkpoint.py
[2024-03-04T23:08:51.778+0530] {processor.py:830} INFO - Processing file /home/arun/airflow/dags/.ipynb_checkpoints/Py_Function_1-checkpoint.py for tasks to queue
[2024-03-04T23:08:51.780+0530] {logging_mixin.py:188} INFO - [2024-03-04T23:08:51.779+0530] {dagbag.py:538} INFO - Filling up the DagBag from /home/arun/airflow/dags/.ipynb_checkpoints/Py_Function_1-checkpoint.py
[2024-03-04T23:08:51.786+0530] {processor.py:840} INFO - DAG(s) 'print_func' retrieved from /home/arun/airflow/dags/.ipynb_checkpoints/Py_Function_1-checkpoint.py
[2024-03-04T23:08:51.795+0530] {logging_mixin.py:188} INFO - [2024-03-04T23:08:51.795+0530] {dag.py:3036} INFO - Sync 1 DAGs
[2024-03-04T23:08:51.823+0530] {logging_mixin.py:188} INFO - [2024-03-04T23:08:51.823+0530] {dag.py:3823} INFO - Setting next_dagrun for print_func to 2024-03-04 17:36:00+00:00, run_after=2024-03-04 17:38:00+00:00
[2024-03-04T23:08:51.861+0530] {processor.py:183} INFO - Processing /home/arun/airflow/dags/.ipynb_checkpoints/Py_Function_1-checkpoint.py took 0.119 seconds
[2024-03-04T23:10:20.735+0530] {processor.py:161} INFO - Started process (PID=7436) to work on /home/arun/airflow/dags/.ipynb_checkpoints/Py_Function_1-checkpoint.py
[2024-03-04T23:10:20.771+0530] {processor.py:830} INFO - Processing file /home/arun/airflow/dags/.ipynb_checkpoints/Py_Function_1-checkpoint.py for tasks to queue
[2024-03-04T23:10:20.772+0530] {logging_mixin.py:188} INFO - [2024-03-04T23:10:20.772+0530] {dagbag.py:538} INFO - Filling up the DagBag from /home/arun/airflow/dags/.ipynb_checkpoints/Py_Function_1-checkpoint.py
[2024-03-04T23:10:20.782+0530] {processor.py:840} INFO - DAG(s) 'print_func' retrieved from /home/arun/airflow/dags/.ipynb_checkpoints/Py_Function_1-checkpoint.py
[2024-03-04T23:10:20.908+0530] {logging_mixin.py:188} INFO - [2024-03-04T23:10:20.908+0530] {dag.py:3036} INFO - Sync 1 DAGs
[2024-03-04T23:10:20.934+0530] {logging_mixin.py:188} INFO - [2024-03-04T23:10:20.934+0530] {dag.py:3823} INFO - Setting next_dagrun for print_func to 2024-03-04 17:38:00+00:00, run_after=2024-03-04 17:40:00+00:00
[2024-03-04T23:10:20.976+0530] {processor.py:183} INFO - Processing /home/arun/airflow/dags/.ipynb_checkpoints/Py_Function_1-checkpoint.py took 0.246 seconds
[2024-03-04T23:11:51.362+0530] {processor.py:161} INFO - Started process (PID=7645) to work on /home/arun/airflow/dags/.ipynb_checkpoints/Py_Function_1-checkpoint.py
[2024-03-04T23:11:51.439+0530] {processor.py:830} INFO - Processing file /home/arun/airflow/dags/.ipynb_checkpoints/Py_Function_1-checkpoint.py for tasks to queue
[2024-03-04T23:11:51.441+0530] {logging_mixin.py:188} INFO - [2024-03-04T23:11:51.440+0530] {dagbag.py:538} INFO - Filling up the DagBag from /home/arun/airflow/dags/.ipynb_checkpoints/Py_Function_1-checkpoint.py
[2024-03-04T23:11:51.458+0530] {processor.py:840} INFO - DAG(s) 'print_func' retrieved from /home/arun/airflow/dags/.ipynb_checkpoints/Py_Function_1-checkpoint.py
[2024-03-04T23:11:51.520+0530] {logging_mixin.py:188} INFO - [2024-03-04T23:11:51.520+0530] {dag.py:3036} INFO - Sync 1 DAGs
[2024-03-04T23:11:51.579+0530] {logging_mixin.py:188} INFO - [2024-03-04T23:11:51.579+0530] {dag.py:3823} INFO - Setting next_dagrun for print_func to 2024-03-04 17:38:00+00:00, run_after=2024-03-04 17:40:00+00:00
[2024-03-04T23:11:51.646+0530] {processor.py:183} INFO - Processing /home/arun/airflow/dags/.ipynb_checkpoints/Py_Function_1-checkpoint.py took 0.290 seconds
[2024-03-04T23:12:43.405+0530] {processor.py:161} INFO - Started process (PID=7745) to work on /home/arun/airflow/dags/.ipynb_checkpoints/Py_Function_1-checkpoint.py
[2024-03-04T23:12:43.482+0530] {processor.py:830} INFO - Processing file /home/arun/airflow/dags/.ipynb_checkpoints/Py_Function_1-checkpoint.py for tasks to queue
[2024-03-04T23:12:43.485+0530] {logging_mixin.py:188} INFO - [2024-03-04T23:12:43.483+0530] {dagbag.py:538} INFO - Filling up the DagBag from /home/arun/airflow/dags/.ipynb_checkpoints/Py_Function_1-checkpoint.py
[2024-03-04T23:12:43.494+0530] {processor.py:840} INFO - DAG(s) 'print_func' retrieved from /home/arun/airflow/dags/.ipynb_checkpoints/Py_Function_1-checkpoint.py
[2024-03-04T23:12:43.692+0530] {logging_mixin.py:188} INFO - [2024-03-04T23:12:43.692+0530] {dag.py:3036} INFO - Sync 1 DAGs
[2024-03-04T23:12:43.742+0530] {logging_mixin.py:188} INFO - [2024-03-04T23:12:43.742+0530] {dag.py:3823} INFO - Setting next_dagrun for print_func to 2024-03-04 17:40:00+00:00, run_after=2024-03-04 17:42:00+00:00
[2024-03-04T23:12:43.853+0530] {processor.py:183} INFO - Processing /home/arun/airflow/dags/.ipynb_checkpoints/Py_Function_1-checkpoint.py took 0.455 seconds
[2024-03-04T23:13:35.013+0530] {processor.py:161} INFO - Started process (PID=7885) to work on /home/arun/airflow/dags/.ipynb_checkpoints/Py_Function_1-checkpoint.py
[2024-03-04T23:13:35.049+0530] {processor.py:830} INFO - Processing file /home/arun/airflow/dags/.ipynb_checkpoints/Py_Function_1-checkpoint.py for tasks to queue
[2024-03-04T23:13:35.050+0530] {logging_mixin.py:188} INFO - [2024-03-04T23:13:35.050+0530] {dagbag.py:538} INFO - Filling up the DagBag from /home/arun/airflow/dags/.ipynb_checkpoints/Py_Function_1-checkpoint.py
[2024-03-04T23:13:35.059+0530] {processor.py:840} INFO - DAG(s) 'print_func' retrieved from /home/arun/airflow/dags/.ipynb_checkpoints/Py_Function_1-checkpoint.py
[2024-03-04T23:13:35.071+0530] {logging_mixin.py:188} INFO - [2024-03-04T23:13:35.070+0530] {dag.py:3036} INFO - Sync 1 DAGs
[2024-03-04T23:13:35.102+0530] {logging_mixin.py:188} INFO - [2024-03-04T23:13:35.102+0530] {dag.py:3823} INFO - Setting next_dagrun for print_func to 2024-03-04 17:40:00+00:00, run_after=2024-03-04 17:42:00+00:00
[2024-03-04T23:13:35.136+0530] {processor.py:183} INFO - Processing /home/arun/airflow/dags/.ipynb_checkpoints/Py_Function_1-checkpoint.py took 0.128 seconds
[2024-03-04T23:15:09.981+0530] {processor.py:161} INFO - Started process (PID=8069) to work on /home/arun/airflow/dags/.ipynb_checkpoints/Py_Function_1-checkpoint.py
[2024-03-04T23:15:09.983+0530] {processor.py:830} INFO - Processing file /home/arun/airflow/dags/.ipynb_checkpoints/Py_Function_1-checkpoint.py for tasks to queue
[2024-03-04T23:15:09.984+0530] {logging_mixin.py:188} INFO - [2024-03-04T23:15:09.983+0530] {dagbag.py:538} INFO - Filling up the DagBag from /home/arun/airflow/dags/.ipynb_checkpoints/Py_Function_1-checkpoint.py
[2024-03-04T23:15:09.990+0530] {processor.py:840} INFO - DAG(s) 'print_func' retrieved from /home/arun/airflow/dags/.ipynb_checkpoints/Py_Function_1-checkpoint.py
[2024-03-04T23:15:10.102+0530] {logging_mixin.py:188} INFO - [2024-03-04T23:15:10.102+0530] {dag.py:3036} INFO - Sync 1 DAGs
[2024-03-04T23:15:10.185+0530] {logging_mixin.py:188} INFO - [2024-03-04T23:15:10.184+0530] {dag.py:3823} INFO - Setting next_dagrun for print_func to 2024-03-04 17:42:00+00:00, run_after=2024-03-04 17:44:00+00:00
[2024-03-04T23:15:10.304+0530] {processor.py:183} INFO - Processing /home/arun/airflow/dags/.ipynb_checkpoints/Py_Function_1-checkpoint.py took 0.326 seconds
[2024-03-04T23:15:59.910+0530] {processor.py:161} INFO - Started process (PID=8179) to work on /home/arun/airflow/dags/.ipynb_checkpoints/Py_Function_1-checkpoint.py
[2024-03-04T23:15:59.912+0530] {processor.py:830} INFO - Processing file /home/arun/airflow/dags/.ipynb_checkpoints/Py_Function_1-checkpoint.py for tasks to queue
[2024-03-04T23:15:59.913+0530] {logging_mixin.py:188} INFO - [2024-03-04T23:15:59.913+0530] {dagbag.py:538} INFO - Filling up the DagBag from /home/arun/airflow/dags/.ipynb_checkpoints/Py_Function_1-checkpoint.py
[2024-03-04T23:15:59.920+0530] {processor.py:840} INFO - DAG(s) 'print_func' retrieved from /home/arun/airflow/dags/.ipynb_checkpoints/Py_Function_1-checkpoint.py
[2024-03-04T23:15:59.929+0530] {logging_mixin.py:188} INFO - [2024-03-04T23:15:59.929+0530] {dag.py:3036} INFO - Sync 1 DAGs
[2024-03-04T23:15:59.956+0530] {logging_mixin.py:188} INFO - [2024-03-04T23:15:59.956+0530] {dag.py:3823} INFO - Setting next_dagrun for print_func to 2024-03-04 17:42:00+00:00, run_after=2024-03-04 17:44:00+00:00
[2024-03-04T23:15:59.990+0530] {processor.py:183} INFO - Processing /home/arun/airflow/dags/.ipynb_checkpoints/Py_Function_1-checkpoint.py took 0.083 seconds
[2024-03-04T23:17:02.882+0530] {processor.py:161} INFO - Started process (PID=8296) to work on /home/arun/airflow/dags/.ipynb_checkpoints/Py_Function_1-checkpoint.py
[2024-03-04T23:17:02.909+0530] {processor.py:830} INFO - Processing file /home/arun/airflow/dags/.ipynb_checkpoints/Py_Function_1-checkpoint.py for tasks to queue
[2024-03-04T23:17:02.910+0530] {logging_mixin.py:188} INFO - [2024-03-04T23:17:02.910+0530] {dagbag.py:538} INFO - Filling up the DagBag from /home/arun/airflow/dags/.ipynb_checkpoints/Py_Function_1-checkpoint.py
[2024-03-04T23:17:02.922+0530] {processor.py:840} INFO - DAG(s) 'print_func' retrieved from /home/arun/airflow/dags/.ipynb_checkpoints/Py_Function_1-checkpoint.py
[2024-03-04T23:17:03.216+0530] {logging_mixin.py:188} INFO - [2024-03-04T23:17:03.216+0530] {dag.py:3036} INFO - Sync 1 DAGs
[2024-03-04T23:17:03.279+0530] {logging_mixin.py:188} INFO - [2024-03-04T23:17:03.278+0530] {dag.py:3823} INFO - Setting next_dagrun for print_func to 2024-03-04 17:44:00+00:00, run_after=2024-03-04 17:46:00+00:00
[2024-03-04T23:17:03.454+0530] {processor.py:183} INFO - Processing /home/arun/airflow/dags/.ipynb_checkpoints/Py_Function_1-checkpoint.py took 0.618 seconds
[2024-03-04T23:17:56.912+0530] {processor.py:161} INFO - Started process (PID=8410) to work on /home/arun/airflow/dags/.ipynb_checkpoints/Py_Function_1-checkpoint.py
[2024-03-04T23:17:56.915+0530] {processor.py:830} INFO - Processing file /home/arun/airflow/dags/.ipynb_checkpoints/Py_Function_1-checkpoint.py for tasks to queue
[2024-03-04T23:17:56.916+0530] {logging_mixin.py:188} INFO - [2024-03-04T23:17:56.916+0530] {dagbag.py:538} INFO - Filling up the DagBag from /home/arun/airflow/dags/.ipynb_checkpoints/Py_Function_1-checkpoint.py
[2024-03-04T23:17:56.928+0530] {processor.py:840} INFO - DAG(s) 'print_func' retrieved from /home/arun/airflow/dags/.ipynb_checkpoints/Py_Function_1-checkpoint.py
[2024-03-04T23:17:56.944+0530] {logging_mixin.py:188} INFO - [2024-03-04T23:17:56.943+0530] {dag.py:3036} INFO - Sync 1 DAGs
[2024-03-04T23:17:56.996+0530] {logging_mixin.py:188} INFO - [2024-03-04T23:17:56.996+0530] {dag.py:3823} INFO - Setting next_dagrun for print_func to 2024-03-04 17:44:00+00:00, run_after=2024-03-04 17:46:00+00:00
[2024-03-04T23:17:57.028+0530] {processor.py:183} INFO - Processing /home/arun/airflow/dags/.ipynb_checkpoints/Py_Function_1-checkpoint.py took 0.122 seconds
[2024-03-04T23:18:47.276+0530] {processor.py:161} INFO - Started process (PID=8510) to work on /home/arun/airflow/dags/.ipynb_checkpoints/Py_Function_1-checkpoint.py
[2024-03-04T23:18:47.297+0530] {processor.py:830} INFO - Processing file /home/arun/airflow/dags/.ipynb_checkpoints/Py_Function_1-checkpoint.py for tasks to queue
[2024-03-04T23:18:47.299+0530] {logging_mixin.py:188} INFO - [2024-03-04T23:18:47.298+0530] {dagbag.py:538} INFO - Filling up the DagBag from /home/arun/airflow/dags/.ipynb_checkpoints/Py_Function_1-checkpoint.py
[2024-03-04T23:18:47.311+0530] {processor.py:840} INFO - DAG(s) 'print_func' retrieved from /home/arun/airflow/dags/.ipynb_checkpoints/Py_Function_1-checkpoint.py
[2024-03-04T23:18:47.587+0530] {logging_mixin.py:188} INFO - [2024-03-04T23:18:47.587+0530] {dag.py:3036} INFO - Sync 1 DAGs
[2024-03-04T23:18:47.626+0530] {logging_mixin.py:188} INFO - [2024-03-04T23:18:47.625+0530] {dag.py:3823} INFO - Setting next_dagrun for print_func to 2024-03-04 17:46:00+00:00, run_after=2024-03-04 17:48:00+00:00
[2024-03-04T23:18:47.716+0530] {processor.py:183} INFO - Processing /home/arun/airflow/dags/.ipynb_checkpoints/Py_Function_1-checkpoint.py took 0.456 seconds
[2024-03-04T23:20:16.548+0530] {processor.py:161} INFO - Started process (PID=8703) to work on /home/arun/airflow/dags/.ipynb_checkpoints/Py_Function_1-checkpoint.py
[2024-03-04T23:20:16.588+0530] {processor.py:830} INFO - Processing file /home/arun/airflow/dags/.ipynb_checkpoints/Py_Function_1-checkpoint.py for tasks to queue
[2024-03-04T23:20:16.590+0530] {logging_mixin.py:188} INFO - [2024-03-04T23:20:16.589+0530] {dagbag.py:538} INFO - Filling up the DagBag from /home/arun/airflow/dags/.ipynb_checkpoints/Py_Function_1-checkpoint.py
[2024-03-04T23:20:16.605+0530] {processor.py:840} INFO - DAG(s) 'print_func' retrieved from /home/arun/airflow/dags/.ipynb_checkpoints/Py_Function_1-checkpoint.py
[2024-03-04T23:20:16.624+0530] {logging_mixin.py:188} INFO - [2024-03-04T23:20:16.623+0530] {dag.py:3036} INFO - Sync 1 DAGs
[2024-03-04T23:20:16.663+0530] {logging_mixin.py:188} INFO - [2024-03-04T23:20:16.662+0530] {dag.py:3823} INFO - Setting next_dagrun for print_func to 2024-03-04 17:48:00+00:00, run_after=2024-03-04 17:50:00+00:00
[2024-03-04T23:20:16.709+0530] {processor.py:183} INFO - Processing /home/arun/airflow/dags/.ipynb_checkpoints/Py_Function_1-checkpoint.py took 0.167 seconds
[2024-03-04T23:21:06.620+0530] {processor.py:161} INFO - Started process (PID=8790) to work on /home/arun/airflow/dags/.ipynb_checkpoints/Py_Function_1-checkpoint.py
[2024-03-04T23:21:06.622+0530] {processor.py:830} INFO - Processing file /home/arun/airflow/dags/.ipynb_checkpoints/Py_Function_1-checkpoint.py for tasks to queue
[2024-03-04T23:21:06.623+0530] {logging_mixin.py:188} INFO - [2024-03-04T23:21:06.622+0530] {dagbag.py:538} INFO - Filling up the DagBag from /home/arun/airflow/dags/.ipynb_checkpoints/Py_Function_1-checkpoint.py
[2024-03-04T23:21:06.630+0530] {processor.py:840} INFO - DAG(s) 'print_func' retrieved from /home/arun/airflow/dags/.ipynb_checkpoints/Py_Function_1-checkpoint.py
[2024-03-04T23:21:06.743+0530] {logging_mixin.py:188} INFO - [2024-03-04T23:21:06.742+0530] {dag.py:3036} INFO - Sync 1 DAGs
[2024-03-04T23:21:06.770+0530] {logging_mixin.py:188} INFO - [2024-03-04T23:21:06.769+0530] {dag.py:3823} INFO - Setting next_dagrun for print_func to 2024-03-04 17:48:00+00:00, run_after=2024-03-04 17:50:00+00:00
[2024-03-04T23:21:06.801+0530] {processor.py:183} INFO - Processing /home/arun/airflow/dags/.ipynb_checkpoints/Py_Function_1-checkpoint.py took 0.186 seconds
[2024-03-04T23:22:54.483+0530] {processor.py:161} INFO - Started process (PID=9094) to work on /home/arun/airflow/dags/.ipynb_checkpoints/Py_Function_1-checkpoint.py
[2024-03-04T23:22:54.521+0530] {processor.py:830} INFO - Processing file /home/arun/airflow/dags/.ipynb_checkpoints/Py_Function_1-checkpoint.py for tasks to queue
[2024-03-04T23:22:54.522+0530] {logging_mixin.py:188} INFO - [2024-03-04T23:22:54.522+0530] {dagbag.py:538} INFO - Filling up the DagBag from /home/arun/airflow/dags/.ipynb_checkpoints/Py_Function_1-checkpoint.py
[2024-03-04T23:22:54.531+0530] {processor.py:840} INFO - DAG(s) 'print_func' retrieved from /home/arun/airflow/dags/.ipynb_checkpoints/Py_Function_1-checkpoint.py
[2024-03-04T23:22:54.541+0530] {logging_mixin.py:188} INFO - [2024-03-04T23:22:54.541+0530] {dag.py:3036} INFO - Sync 1 DAGs
[2024-03-04T23:22:54.569+0530] {logging_mixin.py:188} INFO - [2024-03-04T23:22:54.569+0530] {dag.py:3823} INFO - Setting next_dagrun for print_func to 2024-03-04 17:50:00+00:00, run_after=2024-03-04 17:52:00+00:00
[2024-03-04T23:22:54.605+0530] {processor.py:183} INFO - Processing /home/arun/airflow/dags/.ipynb_checkpoints/Py_Function_1-checkpoint.py took 0.128 seconds
[2024-03-04T23:23:58.272+0530] {processor.py:161} INFO - Started process (PID=9268) to work on /home/arun/airflow/dags/.ipynb_checkpoints/Py_Function_1-checkpoint.py
[2024-03-04T23:23:58.322+0530] {processor.py:830} INFO - Processing file /home/arun/airflow/dags/.ipynb_checkpoints/Py_Function_1-checkpoint.py for tasks to queue
[2024-03-04T23:23:58.324+0530] {logging_mixin.py:188} INFO - [2024-03-04T23:23:58.323+0530] {dagbag.py:538} INFO - Filling up the DagBag from /home/arun/airflow/dags/.ipynb_checkpoints/Py_Function_1-checkpoint.py
[2024-03-04T23:23:58.341+0530] {processor.py:840} INFO - DAG(s) 'print_func' retrieved from /home/arun/airflow/dags/.ipynb_checkpoints/Py_Function_1-checkpoint.py
[2024-03-04T23:23:58.567+0530] {logging_mixin.py:188} INFO - [2024-03-04T23:23:58.561+0530] {dag.py:3036} INFO - Sync 1 DAGs
[2024-03-04T23:23:58.610+0530] {logging_mixin.py:188} INFO - [2024-03-04T23:23:58.610+0530] {dag.py:3823} INFO - Setting next_dagrun for print_func to 2024-03-04 17:50:00+00:00, run_after=2024-03-04 17:52:00+00:00
[2024-03-04T23:23:58.699+0530] {processor.py:183} INFO - Processing /home/arun/airflow/dags/.ipynb_checkpoints/Py_Function_1-checkpoint.py took 0.433 seconds
[2024-03-04T23:25:10.553+0530] {processor.py:161} INFO - Started process (PID=9330) to work on /home/arun/airflow/dags/.ipynb_checkpoints/Py_Function_1-checkpoint.py
[2024-03-04T23:25:10.609+0530] {processor.py:830} INFO - Processing file /home/arun/airflow/dags/.ipynb_checkpoints/Py_Function_1-checkpoint.py for tasks to queue
[2024-03-04T23:25:10.612+0530] {logging_mixin.py:188} INFO - [2024-03-04T23:25:10.611+0530] {dagbag.py:538} INFO - Filling up the DagBag from /home/arun/airflow/dags/.ipynb_checkpoints/Py_Function_1-checkpoint.py
[2024-03-04T23:25:10.635+0530] {processor.py:840} INFO - DAG(s) 'print_func' retrieved from /home/arun/airflow/dags/.ipynb_checkpoints/Py_Function_1-checkpoint.py
[2024-03-04T23:25:10.650+0530] {logging_mixin.py:188} INFO - [2024-03-04T23:25:10.650+0530] {dag.py:3036} INFO - Sync 1 DAGs
[2024-03-04T23:25:10.718+0530] {logging_mixin.py:188} INFO - [2024-03-04T23:25:10.718+0530] {dag.py:3823} INFO - Setting next_dagrun for print_func to 2024-03-04 17:52:00+00:00, run_after=2024-03-04 17:54:00+00:00
[2024-03-04T23:25:10.886+0530] {processor.py:183} INFO - Processing /home/arun/airflow/dags/.ipynb_checkpoints/Py_Function_1-checkpoint.py took 0.339 seconds
[2024-03-04T23:26:32.962+0530] {processor.py:161} INFO - Started process (PID=10062) to work on /home/arun/airflow/dags/.ipynb_checkpoints/Py_Function_1-checkpoint.py
[2024-03-04T23:26:32.992+0530] {processor.py:830} INFO - Processing file /home/arun/airflow/dags/.ipynb_checkpoints/Py_Function_1-checkpoint.py for tasks to queue
[2024-03-04T23:26:32.998+0530] {logging_mixin.py:188} INFO - [2024-03-04T23:26:32.997+0530] {dagbag.py:538} INFO - Filling up the DagBag from /home/arun/airflow/dags/.ipynb_checkpoints/Py_Function_1-checkpoint.py
[2024-03-04T23:26:33.017+0530] {processor.py:840} INFO - DAG(s) 'print_func' retrieved from /home/arun/airflow/dags/.ipynb_checkpoints/Py_Function_1-checkpoint.py
[2024-03-04T23:26:33.357+0530] {logging_mixin.py:188} INFO - [2024-03-04T23:26:33.357+0530] {dag.py:3036} INFO - Sync 1 DAGs
[2024-03-04T23:26:33.392+0530] {logging_mixin.py:188} INFO - [2024-03-04T23:26:33.392+0530] {dag.py:3823} INFO - Setting next_dagrun for print_func to 2024-03-04 17:54:00+00:00, run_after=2024-03-04 17:56:00+00:00
[2024-03-04T23:26:33.578+0530] {processor.py:183} INFO - Processing /home/arun/airflow/dags/.ipynb_checkpoints/Py_Function_1-checkpoint.py took 0.625 seconds
[2024-03-04T23:27:37.417+0530] {processor.py:161} INFO - Started process (PID=10279) to work on /home/arun/airflow/dags/.ipynb_checkpoints/Py_Function_1-checkpoint.py
[2024-03-04T23:27:37.438+0530] {processor.py:830} INFO - Processing file /home/arun/airflow/dags/.ipynb_checkpoints/Py_Function_1-checkpoint.py for tasks to queue
[2024-03-04T23:27:37.439+0530] {logging_mixin.py:188} INFO - [2024-03-04T23:27:37.439+0530] {dagbag.py:538} INFO - Filling up the DagBag from /home/arun/airflow/dags/.ipynb_checkpoints/Py_Function_1-checkpoint.py
[2024-03-04T23:27:37.447+0530] {processor.py:840} INFO - DAG(s) 'print_func' retrieved from /home/arun/airflow/dags/.ipynb_checkpoints/Py_Function_1-checkpoint.py
[2024-03-04T23:27:37.462+0530] {logging_mixin.py:188} INFO - [2024-03-04T23:27:37.462+0530] {dag.py:3036} INFO - Sync 1 DAGs
[2024-03-04T23:27:37.490+0530] {logging_mixin.py:188} INFO - [2024-03-04T23:27:37.490+0530] {dag.py:3823} INFO - Setting next_dagrun for print_func to 2024-03-04 17:54:00+00:00, run_after=2024-03-04 17:56:00+00:00
[2024-03-04T23:27:37.523+0530] {processor.py:183} INFO - Processing /home/arun/airflow/dags/.ipynb_checkpoints/Py_Function_1-checkpoint.py took 0.111 seconds
[2024-03-04T23:28:29.226+0530] {processor.py:161} INFO - Started process (PID=10362) to work on /home/arun/airflow/dags/.ipynb_checkpoints/Py_Function_1-checkpoint.py
[2024-03-04T23:28:29.228+0530] {processor.py:830} INFO - Processing file /home/arun/airflow/dags/.ipynb_checkpoints/Py_Function_1-checkpoint.py for tasks to queue
[2024-03-04T23:28:29.229+0530] {logging_mixin.py:188} INFO - [2024-03-04T23:28:29.229+0530] {dagbag.py:538} INFO - Filling up the DagBag from /home/arun/airflow/dags/.ipynb_checkpoints/Py_Function_1-checkpoint.py
[2024-03-04T23:28:29.235+0530] {processor.py:840} INFO - DAG(s) 'print_func' retrieved from /home/arun/airflow/dags/.ipynb_checkpoints/Py_Function_1-checkpoint.py
[2024-03-04T23:28:29.413+0530] {logging_mixin.py:188} INFO - [2024-03-04T23:28:29.413+0530] {dag.py:3036} INFO - Sync 1 DAGs
[2024-03-04T23:28:29.476+0530] {logging_mixin.py:188} INFO - [2024-03-04T23:28:29.473+0530] {dag.py:3823} INFO - Setting next_dagrun for print_func to 2024-03-04 17:56:00+00:00, run_after=2024-03-04 17:58:00+00:00
[2024-03-04T23:28:29.579+0530] {processor.py:183} INFO - Processing /home/arun/airflow/dags/.ipynb_checkpoints/Py_Function_1-checkpoint.py took 0.356 seconds
[2024-03-04T23:30:04.062+0530] {processor.py:161} INFO - Started process (PID=10639) to work on /home/arun/airflow/dags/.ipynb_checkpoints/Py_Function_1-checkpoint.py
[2024-03-04T23:30:04.155+0530] {processor.py:830} INFO - Processing file /home/arun/airflow/dags/.ipynb_checkpoints/Py_Function_1-checkpoint.py for tasks to queue
[2024-03-04T23:30:04.157+0530] {logging_mixin.py:188} INFO - [2024-03-04T23:30:04.157+0530] {dagbag.py:538} INFO - Filling up the DagBag from /home/arun/airflow/dags/.ipynb_checkpoints/Py_Function_1-checkpoint.py
[2024-03-04T23:30:04.167+0530] {processor.py:840} INFO - DAG(s) 'print_func' retrieved from /home/arun/airflow/dags/.ipynb_checkpoints/Py_Function_1-checkpoint.py
[2024-03-04T23:30:04.181+0530] {logging_mixin.py:188} INFO - [2024-03-04T23:30:04.181+0530] {dag.py:3036} INFO - Sync 1 DAGs
[2024-03-04T23:30:04.223+0530] {logging_mixin.py:188} INFO - [2024-03-04T23:30:04.222+0530] {dag.py:3823} INFO - Setting next_dagrun for print_func to 2024-03-04 17:58:00+00:00, run_after=2024-03-04 18:00:00+00:00
[2024-03-04T23:30:04.267+0530] {processor.py:183} INFO - Processing /home/arun/airflow/dags/.ipynb_checkpoints/Py_Function_1-checkpoint.py took 0.215 seconds
[2024-03-04T23:31:05.039+0530] {processor.py:161} INFO - Started process (PID=10756) to work on /home/arun/airflow/dags/.ipynb_checkpoints/Py_Function_1-checkpoint.py
[2024-03-04T23:31:05.041+0530] {processor.py:830} INFO - Processing file /home/arun/airflow/dags/.ipynb_checkpoints/Py_Function_1-checkpoint.py for tasks to queue
[2024-03-04T23:31:05.043+0530] {logging_mixin.py:188} INFO - [2024-03-04T23:31:05.042+0530] {dagbag.py:538} INFO - Filling up the DagBag from /home/arun/airflow/dags/.ipynb_checkpoints/Py_Function_1-checkpoint.py
[2024-03-04T23:31:05.050+0530] {processor.py:840} INFO - DAG(s) 'print_func' retrieved from /home/arun/airflow/dags/.ipynb_checkpoints/Py_Function_1-checkpoint.py
[2024-03-04T23:31:05.213+0530] {logging_mixin.py:188} INFO - [2024-03-04T23:31:05.213+0530] {dag.py:3036} INFO - Sync 1 DAGs
[2024-03-04T23:31:05.254+0530] {logging_mixin.py:188} INFO - [2024-03-04T23:31:05.254+0530] {dag.py:3823} INFO - Setting next_dagrun for print_func to 2024-03-04 17:58:00+00:00, run_after=2024-03-04 18:00:00+00:00
[2024-03-04T23:31:05.320+0530] {processor.py:183} INFO - Processing /home/arun/airflow/dags/.ipynb_checkpoints/Py_Function_1-checkpoint.py took 0.285 seconds
[2024-03-04T23:32:03.187+0530] {processor.py:161} INFO - Started process (PID=10873) to work on /home/arun/airflow/dags/.ipynb_checkpoints/Py_Function_1-checkpoint.py
[2024-03-04T23:32:03.226+0530] {processor.py:830} INFO - Processing file /home/arun/airflow/dags/.ipynb_checkpoints/Py_Function_1-checkpoint.py for tasks to queue
[2024-03-04T23:32:03.229+0530] {logging_mixin.py:188} INFO - [2024-03-04T23:32:03.228+0530] {dagbag.py:538} INFO - Filling up the DagBag from /home/arun/airflow/dags/.ipynb_checkpoints/Py_Function_1-checkpoint.py
[2024-03-04T23:32:03.265+0530] {processor.py:840} INFO - DAG(s) 'print_func' retrieved from /home/arun/airflow/dags/.ipynb_checkpoints/Py_Function_1-checkpoint.py
[2024-03-04T23:32:03.309+0530] {logging_mixin.py:188} INFO - [2024-03-04T23:32:03.309+0530] {dag.py:3036} INFO - Sync 1 DAGs
[2024-03-04T23:32:03.386+0530] {logging_mixin.py:188} INFO - [2024-03-04T23:32:03.386+0530] {dag.py:3823} INFO - Setting next_dagrun for print_func to 2024-03-04 18:00:00+00:00, run_after=2024-03-04 18:02:00+00:00
[2024-03-04T23:32:03.499+0530] {processor.py:183} INFO - Processing /home/arun/airflow/dags/.ipynb_checkpoints/Py_Function_1-checkpoint.py took 0.323 seconds
[2024-03-04T23:32:54.432+0530] {processor.py:161} INFO - Started process (PID=10965) to work on /home/arun/airflow/dags/.ipynb_checkpoints/Py_Function_1-checkpoint.py
[2024-03-04T23:32:54.434+0530] {processor.py:830} INFO - Processing file /home/arun/airflow/dags/.ipynb_checkpoints/Py_Function_1-checkpoint.py for tasks to queue
[2024-03-04T23:32:54.436+0530] {logging_mixin.py:188} INFO - [2024-03-04T23:32:54.435+0530] {dagbag.py:538} INFO - Filling up the DagBag from /home/arun/airflow/dags/.ipynb_checkpoints/Py_Function_1-checkpoint.py
[2024-03-04T23:32:54.445+0530] {processor.py:840} INFO - DAG(s) 'print_func' retrieved from /home/arun/airflow/dags/.ipynb_checkpoints/Py_Function_1-checkpoint.py
[2024-03-04T23:32:54.598+0530] {logging_mixin.py:188} INFO - [2024-03-04T23:32:54.597+0530] {dag.py:3036} INFO - Sync 1 DAGs
[2024-03-04T23:32:54.635+0530] {logging_mixin.py:188} INFO - [2024-03-04T23:32:54.635+0530] {dag.py:3823} INFO - Setting next_dagrun for print_func to 2024-03-04 18:00:00+00:00, run_after=2024-03-04 18:02:00+00:00
[2024-03-04T23:32:54.671+0530] {processor.py:183} INFO - Processing /home/arun/airflow/dags/.ipynb_checkpoints/Py_Function_1-checkpoint.py took 0.243 seconds
[2024-03-04T23:33:45.659+0530] {processor.py:161} INFO - Started process (PID=11072) to work on /home/arun/airflow/dags/.ipynb_checkpoints/Py_Function_1-checkpoint.py
[2024-03-04T23:33:45.712+0530] {processor.py:830} INFO - Processing file /home/arun/airflow/dags/.ipynb_checkpoints/Py_Function_1-checkpoint.py for tasks to queue
[2024-03-04T23:33:45.724+0530] {logging_mixin.py:188} INFO - [2024-03-04T23:33:45.720+0530] {dagbag.py:538} INFO - Filling up the DagBag from /home/arun/airflow/dags/.ipynb_checkpoints/Py_Function_1-checkpoint.py
[2024-03-04T23:33:45.741+0530] {processor.py:840} INFO - DAG(s) 'print_func' retrieved from /home/arun/airflow/dags/.ipynb_checkpoints/Py_Function_1-checkpoint.py
[2024-03-04T23:33:45.758+0530] {logging_mixin.py:188} INFO - [2024-03-04T23:33:45.757+0530] {dag.py:3036} INFO - Sync 1 DAGs
[2024-03-04T23:33:45.796+0530] {logging_mixin.py:188} INFO - [2024-03-04T23:33:45.796+0530] {dag.py:3823} INFO - Setting next_dagrun for print_func to 2024-03-04 18:00:00+00:00, run_after=2024-03-04 18:02:00+00:00
[2024-03-04T23:33:45.836+0530] {processor.py:183} INFO - Processing /home/arun/airflow/dags/.ipynb_checkpoints/Py_Function_1-checkpoint.py took 0.186 seconds
[2024-03-04T23:34:31.575+0530] {processor.py:161} INFO - Started process (PID=11152) to work on /home/arun/airflow/dags/.ipynb_checkpoints/Py_Function_1-checkpoint.py
[2024-03-04T23:34:31.577+0530] {processor.py:830} INFO - Processing file /home/arun/airflow/dags/.ipynb_checkpoints/Py_Function_1-checkpoint.py for tasks to queue
[2024-03-04T23:34:31.579+0530] {logging_mixin.py:188} INFO - [2024-03-04T23:34:31.578+0530] {dagbag.py:538} INFO - Filling up the DagBag from /home/arun/airflow/dags/.ipynb_checkpoints/Py_Function_1-checkpoint.py
[2024-03-04T23:34:31.589+0530] {processor.py:840} INFO - DAG(s) 'print_func' retrieved from /home/arun/airflow/dags/.ipynb_checkpoints/Py_Function_1-checkpoint.py
[2024-03-04T23:34:31.756+0530] {logging_mixin.py:188} INFO - [2024-03-04T23:34:31.756+0530] {dag.py:3036} INFO - Sync 1 DAGs
[2024-03-04T23:34:31.781+0530] {logging_mixin.py:188} INFO - [2024-03-04T23:34:31.780+0530] {dag.py:3823} INFO - Setting next_dagrun for print_func to 2024-03-04 18:02:00+00:00, run_after=2024-03-04 18:04:00+00:00
[2024-03-04T23:34:31.817+0530] {processor.py:183} INFO - Processing /home/arun/airflow/dags/.ipynb_checkpoints/Py_Function_1-checkpoint.py took 0.248 seconds
[2024-03-04T23:35:22.506+0530] {processor.py:161} INFO - Started process (PID=11242) to work on /home/arun/airflow/dags/.ipynb_checkpoints/Py_Function_1-checkpoint.py
[2024-03-04T23:35:22.538+0530] {processor.py:830} INFO - Processing file /home/arun/airflow/dags/.ipynb_checkpoints/Py_Function_1-checkpoint.py for tasks to queue
[2024-03-04T23:35:22.539+0530] {logging_mixin.py:188} INFO - [2024-03-04T23:35:22.539+0530] {dagbag.py:538} INFO - Filling up the DagBag from /home/arun/airflow/dags/.ipynb_checkpoints/Py_Function_1-checkpoint.py
[2024-03-04T23:35:22.546+0530] {processor.py:840} INFO - DAG(s) 'print_func' retrieved from /home/arun/airflow/dags/.ipynb_checkpoints/Py_Function_1-checkpoint.py
[2024-03-04T23:35:22.555+0530] {logging_mixin.py:188} INFO - [2024-03-04T23:35:22.554+0530] {dag.py:3036} INFO - Sync 1 DAGs
[2024-03-04T23:35:22.581+0530] {logging_mixin.py:188} INFO - [2024-03-04T23:35:22.580+0530] {dag.py:3823} INFO - Setting next_dagrun for print_func to 2024-03-04 18:02:00+00:00, run_after=2024-03-04 18:04:00+00:00
[2024-03-04T23:35:22.614+0530] {processor.py:183} INFO - Processing /home/arun/airflow/dags/.ipynb_checkpoints/Py_Function_1-checkpoint.py took 0.111 seconds
[2024-03-04T23:36:13.395+0530] {processor.py:161} INFO - Started process (PID=11368) to work on /home/arun/airflow/dags/.ipynb_checkpoints/Py_Function_1-checkpoint.py
[2024-03-04T23:36:13.419+0530] {processor.py:830} INFO - Processing file /home/arun/airflow/dags/.ipynb_checkpoints/Py_Function_1-checkpoint.py for tasks to queue
[2024-03-04T23:36:13.427+0530] {logging_mixin.py:188} INFO - [2024-03-04T23:36:13.422+0530] {dagbag.py:538} INFO - Filling up the DagBag from /home/arun/airflow/dags/.ipynb_checkpoints/Py_Function_1-checkpoint.py
[2024-03-04T23:36:13.469+0530] {processor.py:840} INFO - DAG(s) 'print_func' retrieved from /home/arun/airflow/dags/.ipynb_checkpoints/Py_Function_1-checkpoint.py
[2024-03-04T23:36:13.975+0530] {logging_mixin.py:188} INFO - [2024-03-04T23:36:13.974+0530] {dag.py:3036} INFO - Sync 1 DAGs
[2024-03-04T23:36:14.115+0530] {logging_mixin.py:188} INFO - [2024-03-04T23:36:14.115+0530] {dag.py:3823} INFO - Setting next_dagrun for print_func to 2024-03-04 18:04:00+00:00, run_after=2024-03-04 18:06:00+00:00
[2024-03-04T23:36:14.214+0530] {processor.py:183} INFO - Processing /home/arun/airflow/dags/.ipynb_checkpoints/Py_Function_1-checkpoint.py took 0.831 seconds
