[2024-03-05T18:04:11.892+0530] {taskinstance.py:1956} INFO - Dependencies all met for dep_context=non-requeueable deps ti=<TaskInstance: Visualization_DAG.beam_pipeine scheduled__2024-03-05T12:24:00+00:00 [queued]>
[2024-03-05T18:04:11.899+0530] {taskinstance.py:1956} INFO - Dependencies all met for dep_context=requeueable deps ti=<TaskInstance: Visualization_DAG.beam_pipeine scheduled__2024-03-05T12:24:00+00:00 [queued]>
[2024-03-05T18:04:11.900+0530] {taskinstance.py:2170} INFO - Starting attempt 1 of 2
[2024-03-05T18:04:12.046+0530] {taskinstance.py:2191} INFO - Executing <Task(PythonOperator): beam_pipeine> on 2024-03-05 12:24:00+00:00
[2024-03-05T18:04:12.057+0530] {standard_task_runner.py:60} INFO - Started process 13548 to run task
[2024-03-05T18:04:12.063+0530] {standard_task_runner.py:87} INFO - Running: ['airflow', 'tasks', 'run', 'Visualization_DAG', 'beam_pipeine', 'scheduled__2024-03-05T12:24:00+00:00', '--job-id', '318', '--raw', '--subdir', 'DAGS_FOLDER/Analytics_data.py', '--cfg-path', '/tmp/tmpy3bbcs_v']
[2024-03-05T18:04:12.063+0530] {standard_task_runner.py:88} INFO - Job 318: Subtask beam_pipeine
[2024-03-05T18:04:12.213+0530] {task_command.py:423} INFO - Running <TaskInstance: Visualization_DAG.beam_pipeine scheduled__2024-03-05T12:24:00+00:00 [running]> on host arun-VM
[2024-03-05T18:04:13.030+0530] {taskinstance.py:2480} INFO - Exporting env vars: AIRFLOW_CTX_DAG_OWNER='admin' AIRFLOW_CTX_DAG_ID='Visualization_DAG' AIRFLOW_CTX_TASK_ID='beam_pipeine' AIRFLOW_CTX_EXECUTION_DATE='2024-03-05T12:24:00+00:00' AIRFLOW_CTX_TRY_NUMBER='1' AIRFLOW_CTX_DAG_RUN_ID='scheduled__2024-03-05T12:24:00+00:00'
[2024-03-05T18:04:14.581+0530] {translations.py:712} INFO - ==================== <function annotate_downstream_side_inputs at 0x7f56eb0c6f80> ====================
[2024-03-05T18:04:14.588+0530] {translations.py:712} INFO - ==================== <function fix_side_input_pcoll_coders at 0x7f56eb0c70a0> ====================
[2024-03-05T18:04:14.589+0530] {translations.py:712} INFO - ==================== <function pack_combiners at 0x7f56eb0c75b0> ====================
[2024-03-05T18:04:14.590+0530] {translations.py:712} INFO - ==================== <function lift_combiners at 0x7f56eb0c7640> ====================
[2024-03-05T18:04:14.590+0530] {translations.py:712} INFO - ==================== <function expand_sdf at 0x7f56eb0c77f0> ====================
[2024-03-05T18:04:14.594+0530] {translations.py:712} INFO - ==================== <function expand_gbk at 0x7f56eb0c7880> ====================
[2024-03-05T18:04:14.597+0530] {translations.py:712} INFO - ==================== <function sink_flattens at 0x7f56eb0c79a0> ====================
[2024-03-05T18:04:14.597+0530] {translations.py:712} INFO - ==================== <function greedily_fuse at 0x7f56eb0c7a30> ====================
[2024-03-05T18:04:14.603+0530] {translations.py:712} INFO - ==================== <function read_to_impulse at 0x7f56eb0c7ac0> ====================
[2024-03-05T18:04:14.603+0530] {translations.py:712} INFO - ==================== <function impulse_to_input at 0x7f56eb0c7b50> ====================
[2024-03-05T18:04:14.604+0530] {translations.py:712} INFO - ==================== <function sort_stages at 0x7f56eb0c7d90> ====================
[2024-03-05T18:04:14.604+0530] {translations.py:712} INFO - ==================== <function add_impulse_to_dangling_transforms at 0x7f56eb0c7eb0> ====================
[2024-03-05T18:04:14.604+0530] {translations.py:712} INFO - ==================== <function setup_timer_mapping at 0x7f56eb0c7d00> ====================
[2024-03-05T18:04:14.605+0530] {translations.py:712} INFO - ==================== <function populate_data_channel_coders at 0x7f56eb0c7e20> ====================
[2024-03-05T18:04:14.609+0530] {statecache.py:234} INFO - Creating state cache with size 104857600
[2024-03-05T18:04:14.611+0530] {worker_handlers.py:922} INFO - Created Worker handler <apache_beam.runners.portability.fn_api_runner.worker_handlers.EmbeddedWorkerHandler object at 0x7f56eae44b80> for environment ref_Environment_default_environment_1 (beam:env:embedded_python:v1, b'')
[2024-03-05T18:04:15.108+0530] {logging_mixin.py:188} WARNING - /home/arun/airflow/dags/Analytics_data.py:44 DtypeWarning: Columns (9,10,18,23) have mixed types. Specify dtype option on import or set low_memory=False.
[2024-03-05T18:04:24.434+0530] {logging_mixin.py:188} WARNING - /home/arun/airflow/dags/Analytics_data.py:44 DtypeWarning: Columns (17,18,21) have mixed types. Specify dtype option on import or set low_memory=False.
[2024-03-05T18:04:38.529+0530] {logging_mixin.py:188} WARNING - /home/arun/airflow/dags/Analytics_data.py:44 DtypeWarning: Columns (8,9,10,12,13,17,18,19,21,23) have mixed types. Specify dtype option on import or set low_memory=False.
[2024-03-05T18:04:51.970+0530] {logging_mixin.py:188} WARNING - /home/arun/airflow/dags/Analytics_data.py:44 DtypeWarning: Columns (9,10,12) have mixed types. Specify dtype option on import or set low_memory=False.
[2024-03-05T18:04:56.130+0530] {filebasedsink.py:230} WARNING - Deleting 1 existing files in target path matching: -*-of-%(num_shards)05d
[2024-03-05T18:04:56.173+0530] {filebasedsink.py:310} INFO - Starting finalize_write threads with num_shards: 1 (skipped: 0), batches: 1, num_threads: 1
[2024-03-05T18:04:56.295+0530] {filebasedsink.py:357} INFO - Renamed 1 shards in 0.12 seconds.
[2024-03-05T18:04:56.336+0530] {python.py:201} INFO - Done. Returned value was: None
[2024-03-05T18:04:56.348+0530] {taskinstance.py:1138} INFO - Marking task as SUCCESS. dag_id=Visualization_DAG, task_id=beam_pipeine, execution_date=20240305T122400, start_date=20240305T123411, end_date=20240305T123456
[2024-03-05T18:04:56.418+0530] {local_task_job_runner.py:234} INFO - Task exited with return code 0
[2024-03-05T18:04:56.547+0530] {taskinstance.py:3280} INFO - 1 downstream tasks scheduled from follow-on schedule check
