[2024-03-05T16:48:37.840+0530] {taskinstance.py:1956} INFO - Dependencies all met for dep_context=non-requeueable deps ti=<TaskInstance: Visualization_DAG.beam_pipeine scheduled__2024-03-05T11:12:00+00:00 [queued]>
[2024-03-05T16:48:37.852+0530] {taskinstance.py:1956} INFO - Dependencies all met for dep_context=requeueable deps ti=<TaskInstance: Visualization_DAG.beam_pipeine scheduled__2024-03-05T11:12:00+00:00 [queued]>
[2024-03-05T16:48:37.853+0530] {taskinstance.py:2170} INFO - Starting attempt 1 of 2
[2024-03-05T16:48:38.052+0530] {taskinstance.py:2191} INFO - Executing <Task(PythonOperator): beam_pipeine> on 2024-03-05 11:12:00+00:00
[2024-03-05T16:48:38.074+0530] {standard_task_runner.py:60} INFO - Started process 13361 to run task
[2024-03-05T16:48:38.079+0530] {standard_task_runner.py:87} INFO - Running: ['airflow', 'tasks', 'run', 'Visualization_DAG', 'beam_pipeine', 'scheduled__2024-03-05T11:12:00+00:00', '--job-id', '281', '--raw', '--subdir', 'DAGS_FOLDER/.ipynb_checkpoints/Analytics_data-checkpoint.py', '--cfg-path', '/tmp/tmp60hyitb2']
[2024-03-05T16:48:38.080+0530] {standard_task_runner.py:88} INFO - Job 281: Subtask beam_pipeine
[2024-03-05T16:48:38.407+0530] {task_command.py:423} INFO - Running <TaskInstance: Visualization_DAG.beam_pipeine scheduled__2024-03-05T11:12:00+00:00 [running]> on host arun-VM
[2024-03-05T16:48:38.745+0530] {taskinstance.py:2480} INFO - Exporting env vars: AIRFLOW_CTX_DAG_OWNER='admin' AIRFLOW_CTX_DAG_ID='Visualization_DAG' AIRFLOW_CTX_TASK_ID='beam_pipeine' AIRFLOW_CTX_EXECUTION_DATE='2024-03-05T11:12:00+00:00' AIRFLOW_CTX_TRY_NUMBER='1' AIRFLOW_CTX_DAG_RUN_ID='scheduled__2024-03-05T11:12:00+00:00'
[2024-03-05T16:48:41.211+0530] {translations.py:712} INFO - ==================== <function annotate_downstream_side_inputs at 0x7f1a9a0d70a0> ====================
[2024-03-05T16:48:41.212+0530] {translations.py:712} INFO - ==================== <function fix_side_input_pcoll_coders at 0x7f1a9a0d71c0> ====================
[2024-03-05T16:48:41.212+0530] {translations.py:712} INFO - ==================== <function pack_combiners at 0x7f1a9a0d76d0> ====================
[2024-03-05T16:48:41.216+0530] {translations.py:712} INFO - ==================== <function lift_combiners at 0x7f1a9a0d7760> ====================
[2024-03-05T16:48:41.216+0530] {translations.py:712} INFO - ==================== <function expand_sdf at 0x7f1a9a0d7910> ====================
[2024-03-05T16:48:41.216+0530] {translations.py:712} INFO - ==================== <function expand_gbk at 0x7f1a9a0d79a0> ====================
[2024-03-05T16:48:41.217+0530] {translations.py:712} INFO - ==================== <function sink_flattens at 0x7f1a9a0d7ac0> ====================
[2024-03-05T16:48:41.217+0530] {translations.py:712} INFO - ==================== <function greedily_fuse at 0x7f1a9a0d7b50> ====================
[2024-03-05T16:48:41.221+0530] {translations.py:712} INFO - ==================== <function read_to_impulse at 0x7f1a9a0d7be0> ====================
[2024-03-05T16:48:41.222+0530] {translations.py:712} INFO - ==================== <function impulse_to_input at 0x7f1a9a0d7c70> ====================
[2024-03-05T16:48:41.222+0530] {translations.py:712} INFO - ==================== <function sort_stages at 0x7f1a9a0d7eb0> ====================
[2024-03-05T16:48:41.223+0530] {translations.py:712} INFO - ==================== <function add_impulse_to_dangling_transforms at 0x7f1a9a0e4040> ====================
[2024-03-05T16:48:41.228+0530] {translations.py:712} INFO - ==================== <function setup_timer_mapping at 0x7f1a9a0d7e20> ====================
[2024-03-05T16:48:41.228+0530] {translations.py:712} INFO - ==================== <function populate_data_channel_coders at 0x7f1a9a0d7f40> ====================
[2024-03-05T16:48:41.238+0530] {statecache.py:234} INFO - Creating state cache with size 104857600
[2024-03-05T16:48:41.257+0530] {worker_handlers.py:922} INFO - Created Worker handler <apache_beam.runners.portability.fn_api_runner.worker_handlers.EmbeddedWorkerHandler object at 0x7f1a99e50700> for environment ref_Environment_default_environment_1 (beam:env:embedded_python:v1, b'')
[2024-03-05T16:48:42.901+0530] {logging_mixin.py:188} WARNING - /home/arun/airflow/dags/.ipynb_checkpoints/Analytics_data-checkpoint.py:44 DtypeWarning: Columns (9,10,18,23) have mixed types. Specify dtype option on import or set low_memory=False.
[2024-03-05T16:48:58.258+0530] {logging_mixin.py:188} WARNING - /home/arun/airflow/dags/.ipynb_checkpoints/Analytics_data-checkpoint.py:44 DtypeWarning: Columns (17,18,21) have mixed types. Specify dtype option on import or set low_memory=False.
[2024-03-05T16:49:20.982+0530] {logging_mixin.py:188} WARNING - /home/arun/airflow/dags/.ipynb_checkpoints/Analytics_data-checkpoint.py:44 DtypeWarning: Columns (8,9,10,12,13,17,18,19,21,23) have mixed types. Specify dtype option on import or set low_memory=False.
[2024-03-05T16:49:43.402+0530] {logging_mixin.py:188} WARNING - /home/arun/airflow/dags/.ipynb_checkpoints/Analytics_data-checkpoint.py:44 DtypeWarning: Columns (9,10,12) have mixed types. Specify dtype option on import or set low_memory=False.
[2024-03-05T16:49:53.746+0530] {filebasedsink.py:230} WARNING - Deleting 1 existing files in target path matching: -*-of-%(num_shards)05d
[2024-03-05T16:49:53.821+0530] {filebasedsink.py:310} INFO - Starting finalize_write threads with num_shards: 1 (skipped: 0), batches: 1, num_threads: 1
[2024-03-05T16:49:54.034+0530] {filebasedsink.py:357} INFO - Renamed 1 shards in 0.21 seconds.
[2024-03-05T16:49:54.085+0530] {python.py:201} INFO - Done. Returned value was: None
[2024-03-05T16:49:54.101+0530] {taskinstance.py:1138} INFO - Marking task as SUCCESS. dag_id=Visualization_DAG, task_id=beam_pipeine, execution_date=20240305T111200, start_date=20240305T111837, end_date=20240305T111954
[2024-03-05T16:49:54.372+0530] {local_task_job_runner.py:234} INFO - Task exited with return code 0
[2024-03-05T16:49:54.416+0530] {taskinstance.py:3280} INFO - 1 downstream tasks scheduled from follow-on schedule check
