[2024-03-04T18:28:27.693+0530] {processor.py:161} INFO - Started process (PID=11873) to work on /home/arun/airflow/dags/first-dag-1.py
[2024-03-04T18:28:27.694+0530] {processor.py:830} INFO - Processing file /home/arun/airflow/dags/first-dag-1.py for tasks to queue
[2024-03-04T18:28:27.695+0530] {logging_mixin.py:188} INFO - [2024-03-04T18:28:27.695+0530] {dagbag.py:538} INFO - Filling up the DagBag from /home/arun/airflow/dags/first-dag-1.py
[2024-03-04T18:28:27.707+0530] {processor.py:840} INFO - DAG(s) 'THE_second_dag' retrieved from /home/arun/airflow/dags/first-dag-1.py
[2024-03-04T18:28:27.714+0530] {logging_mixin.py:188} INFO - [2024-03-04T18:28:27.714+0530] {dag.py:3036} INFO - Sync 1 DAGs
[2024-03-04T18:28:27.738+0530] {logging_mixin.py:188} INFO - [2024-03-04T18:28:27.737+0530] {dag.py:3823} INFO - Setting next_dagrun for THE_second_dag to 2024-02-29 00:06:00+00:00, run_after=2024-02-29 00:08:00+00:00
[2024-03-04T18:28:27.824+0530] {processor.py:183} INFO - Processing /home/arun/airflow/dags/first-dag-1.py took 0.134 seconds
[2024-03-04T18:30:43.153+0530] {processor.py:161} INFO - Started process (PID=12028) to work on /home/arun/airflow/dags/first-dag-1.py
[2024-03-04T18:30:43.161+0530] {processor.py:830} INFO - Processing file /home/arun/airflow/dags/first-dag-1.py for tasks to queue
[2024-03-04T18:30:43.163+0530] {logging_mixin.py:188} INFO - [2024-03-04T18:30:43.162+0530] {dagbag.py:538} INFO - Filling up the DagBag from /home/arun/airflow/dags/first-dag-1.py
[2024-03-04T18:30:43.477+0530] {processor.py:840} INFO - DAG(s) 'THE_second_dag' retrieved from /home/arun/airflow/dags/first-dag-1.py
[2024-03-04T18:30:43.675+0530] {logging_mixin.py:188} INFO - [2024-03-04T18:30:43.675+0530] {dag.py:3036} INFO - Sync 1 DAGs
[2024-03-04T18:30:43.724+0530] {logging_mixin.py:188} INFO - [2024-03-04T18:30:43.724+0530] {dag.py:3823} INFO - Setting next_dagrun for THE_second_dag to 2024-02-29 00:06:00+00:00, run_after=2024-02-29 00:08:00+00:00
[2024-03-04T18:30:43.816+0530] {processor.py:183} INFO - Processing /home/arun/airflow/dags/first-dag-1.py took 0.673 seconds
[2024-03-04T18:31:52.360+0530] {processor.py:161} INFO - Started process (PID=12109) to work on /home/arun/airflow/dags/first-dag-1.py
[2024-03-04T18:31:52.363+0530] {processor.py:830} INFO - Processing file /home/arun/airflow/dags/first-dag-1.py for tasks to queue
[2024-03-04T18:31:52.364+0530] {logging_mixin.py:188} INFO - [2024-03-04T18:31:52.363+0530] {dagbag.py:538} INFO - Filling up the DagBag from /home/arun/airflow/dags/first-dag-1.py
[2024-03-04T18:31:52.372+0530] {processor.py:840} INFO - DAG(s) 'THE_second_dag' retrieved from /home/arun/airflow/dags/first-dag-1.py
[2024-03-04T18:31:52.387+0530] {logging_mixin.py:188} INFO - [2024-03-04T18:31:52.386+0530] {dag.py:3036} INFO - Sync 1 DAGs
[2024-03-04T18:31:52.409+0530] {logging_mixin.py:188} INFO - [2024-03-04T18:31:52.409+0530] {dag.py:3823} INFO - Setting next_dagrun for THE_second_dag to 2024-02-29 00:06:00+00:00, run_after=2024-02-29 00:08:00+00:00
[2024-03-04T18:31:52.450+0530] {processor.py:183} INFO - Processing /home/arun/airflow/dags/first-dag-1.py took 0.094 seconds
[2024-03-04T18:32:40.835+0530] {processor.py:161} INFO - Started process (PID=12161) to work on /home/arun/airflow/dags/first-dag-1.py
[2024-03-04T18:32:40.838+0530] {processor.py:830} INFO - Processing file /home/arun/airflow/dags/first-dag-1.py for tasks to queue
[2024-03-04T18:32:40.840+0530] {logging_mixin.py:188} INFO - [2024-03-04T18:32:40.839+0530] {dagbag.py:538} INFO - Filling up the DagBag from /home/arun/airflow/dags/first-dag-1.py
[2024-03-04T18:32:40.861+0530] {processor.py:840} INFO - DAG(s) 'THE_second_dag' retrieved from /home/arun/airflow/dags/first-dag-1.py
[2024-03-04T18:32:40.971+0530] {logging_mixin.py:188} INFO - [2024-03-04T18:32:40.971+0530] {dag.py:3036} INFO - Sync 1 DAGs
[2024-03-04T18:32:40.995+0530] {logging_mixin.py:188} INFO - [2024-03-04T18:32:40.994+0530] {dag.py:3823} INFO - Setting next_dagrun for THE_second_dag to 2024-02-29 00:06:00+00:00, run_after=2024-02-29 00:08:00+00:00
[2024-03-04T18:32:41.028+0530] {processor.py:183} INFO - Processing /home/arun/airflow/dags/first-dag-1.py took 0.203 seconds
[2024-03-04T18:33:48.060+0530] {processor.py:161} INFO - Started process (PID=12229) to work on /home/arun/airflow/dags/first-dag-1.py
[2024-03-04T18:33:48.112+0530] {processor.py:830} INFO - Processing file /home/arun/airflow/dags/first-dag-1.py for tasks to queue
[2024-03-04T18:33:48.113+0530] {logging_mixin.py:188} INFO - [2024-03-04T18:33:48.112+0530] {dagbag.py:538} INFO - Filling up the DagBag from /home/arun/airflow/dags/first-dag-1.py
[2024-03-04T18:33:48.123+0530] {processor.py:840} INFO - DAG(s) 'THE_second_dag' retrieved from /home/arun/airflow/dags/first-dag-1.py
[2024-03-04T18:33:48.142+0530] {logging_mixin.py:188} INFO - [2024-03-04T18:33:48.142+0530] {dag.py:3036} INFO - Sync 1 DAGs
[2024-03-04T18:33:48.176+0530] {logging_mixin.py:188} INFO - [2024-03-04T18:33:48.176+0530] {dag.py:3823} INFO - Setting next_dagrun for THE_second_dag to 2024-02-29 00:06:00+00:00, run_after=2024-02-29 00:08:00+00:00
[2024-03-04T18:33:48.210+0530] {processor.py:183} INFO - Processing /home/arun/airflow/dags/first-dag-1.py took 0.155 seconds
[2024-03-04T18:34:57.371+0530] {processor.py:161} INFO - Started process (PID=12319) to work on /home/arun/airflow/dags/first-dag-1.py
[2024-03-04T18:34:57.385+0530] {processor.py:830} INFO - Processing file /home/arun/airflow/dags/first-dag-1.py for tasks to queue
[2024-03-04T18:34:57.388+0530] {logging_mixin.py:188} INFO - [2024-03-04T18:34:57.388+0530] {dagbag.py:538} INFO - Filling up the DagBag from /home/arun/airflow/dags/first-dag-1.py
[2024-03-04T18:34:57.406+0530] {processor.py:840} INFO - DAG(s) 'THE_second_dag' retrieved from /home/arun/airflow/dags/first-dag-1.py
[2024-03-04T18:34:57.618+0530] {logging_mixin.py:188} INFO - [2024-03-04T18:34:57.618+0530] {dag.py:3036} INFO - Sync 1 DAGs
[2024-03-04T18:34:57.653+0530] {logging_mixin.py:188} INFO - [2024-03-04T18:34:57.653+0530] {dag.py:3823} INFO - Setting next_dagrun for THE_second_dag to 2024-02-29 00:06:00+00:00, run_after=2024-02-29 00:08:00+00:00
[2024-03-04T18:34:57.784+0530] {processor.py:183} INFO - Processing /home/arun/airflow/dags/first-dag-1.py took 0.428 seconds
[2024-03-04T18:35:57.360+0530] {processor.py:161} INFO - Started process (PID=12388) to work on /home/arun/airflow/dags/first-dag-1.py
[2024-03-04T18:35:57.363+0530] {processor.py:830} INFO - Processing file /home/arun/airflow/dags/first-dag-1.py for tasks to queue
[2024-03-04T18:35:57.364+0530] {logging_mixin.py:188} INFO - [2024-03-04T18:35:57.364+0530] {dagbag.py:538} INFO - Filling up the DagBag from /home/arun/airflow/dags/first-dag-1.py
[2024-03-04T18:35:57.414+0530] {processor.py:840} INFO - DAG(s) 'THE_second_dag' retrieved from /home/arun/airflow/dags/first-dag-1.py
[2024-03-04T18:35:57.450+0530] {logging_mixin.py:188} INFO - [2024-03-04T18:35:57.449+0530] {dag.py:3036} INFO - Sync 1 DAGs
[2024-03-04T18:35:57.504+0530] {logging_mixin.py:188} INFO - [2024-03-04T18:35:57.504+0530] {dag.py:3823} INFO - Setting next_dagrun for THE_second_dag to 2024-02-29 00:06:00+00:00, run_after=2024-02-29 00:08:00+00:00
[2024-03-04T18:35:57.692+0530] {processor.py:183} INFO - Processing /home/arun/airflow/dags/first-dag-1.py took 0.338 seconds
[2024-03-04T18:37:16.848+0530] {processor.py:161} INFO - Started process (PID=12475) to work on /home/arun/airflow/dags/first-dag-1.py
[2024-03-04T18:37:16.851+0530] {processor.py:830} INFO - Processing file /home/arun/airflow/dags/first-dag-1.py for tasks to queue
[2024-03-04T18:37:16.852+0530] {logging_mixin.py:188} INFO - [2024-03-04T18:37:16.852+0530] {dagbag.py:538} INFO - Filling up the DagBag from /home/arun/airflow/dags/first-dag-1.py
[2024-03-04T18:37:16.869+0530] {processor.py:840} INFO - DAG(s) 'THE_second_dag' retrieved from /home/arun/airflow/dags/first-dag-1.py
[2024-03-04T18:37:17.146+0530] {logging_mixin.py:188} INFO - [2024-03-04T18:37:17.145+0530] {dag.py:3036} INFO - Sync 1 DAGs
[2024-03-04T18:37:17.192+0530] {logging_mixin.py:188} INFO - [2024-03-04T18:37:17.192+0530] {dag.py:3823} INFO - Setting next_dagrun for THE_second_dag to 2024-02-29 00:06:00+00:00, run_after=2024-02-29 00:08:00+00:00
[2024-03-04T18:37:17.246+0530] {processor.py:183} INFO - Processing /home/arun/airflow/dags/first-dag-1.py took 0.409 seconds
[2024-03-04T18:38:10.452+0530] {processor.py:161} INFO - Started process (PID=12533) to work on /home/arun/airflow/dags/first-dag-1.py
[2024-03-04T18:38:10.493+0530] {processor.py:830} INFO - Processing file /home/arun/airflow/dags/first-dag-1.py for tasks to queue
[2024-03-04T18:38:10.494+0530] {logging_mixin.py:188} INFO - [2024-03-04T18:38:10.493+0530] {dagbag.py:538} INFO - Filling up the DagBag from /home/arun/airflow/dags/first-dag-1.py
[2024-03-04T18:38:10.548+0530] {processor.py:840} INFO - DAG(s) 'THE_second_dag' retrieved from /home/arun/airflow/dags/first-dag-1.py
[2024-03-04T18:38:10.607+0530] {logging_mixin.py:188} INFO - [2024-03-04T18:38:10.606+0530] {dag.py:3036} INFO - Sync 1 DAGs
[2024-03-04T18:38:10.661+0530] {logging_mixin.py:188} INFO - [2024-03-04T18:38:10.661+0530] {dag.py:3823} INFO - Setting next_dagrun for THE_second_dag to 2024-02-29 00:06:00+00:00, run_after=2024-02-29 00:08:00+00:00
[2024-03-04T18:38:10.694+0530] {processor.py:183} INFO - Processing /home/arun/airflow/dags/first-dag-1.py took 0.246 seconds
[2024-03-04T18:40:02.924+0530] {processor.py:161} INFO - Started process (PID=12641) to work on /home/arun/airflow/dags/first-dag-1.py
[2024-03-04T18:40:02.945+0530] {processor.py:830} INFO - Processing file /home/arun/airflow/dags/first-dag-1.py for tasks to queue
[2024-03-04T18:40:02.947+0530] {logging_mixin.py:188} INFO - [2024-03-04T18:40:02.946+0530] {dagbag.py:538} INFO - Filling up the DagBag from /home/arun/airflow/dags/first-dag-1.py
[2024-03-04T18:40:02.980+0530] {processor.py:840} INFO - DAG(s) 'THE_second_dag' retrieved from /home/arun/airflow/dags/first-dag-1.py
[2024-03-04T18:40:03.137+0530] {logging_mixin.py:188} INFO - [2024-03-04T18:40:03.136+0530] {dag.py:3036} INFO - Sync 1 DAGs
[2024-03-04T18:40:03.169+0530] {logging_mixin.py:188} INFO - [2024-03-04T18:40:03.168+0530] {dag.py:3823} INFO - Setting next_dagrun for THE_second_dag to 2024-02-29 00:06:00+00:00, run_after=2024-02-29 00:08:00+00:00
[2024-03-04T18:40:03.363+0530] {processor.py:183} INFO - Processing /home/arun/airflow/dags/first-dag-1.py took 0.456 seconds
[2024-03-04T18:41:32.548+0530] {processor.py:161} INFO - Started process (PID=12791) to work on /home/arun/airflow/dags/first-dag-1.py
[2024-03-04T18:41:32.584+0530] {processor.py:830} INFO - Processing file /home/arun/airflow/dags/first-dag-1.py for tasks to queue
[2024-03-04T18:41:32.591+0530] {logging_mixin.py:188} INFO - [2024-03-04T18:41:32.585+0530] {dagbag.py:538} INFO - Filling up the DagBag from /home/arun/airflow/dags/first-dag-1.py
[2024-03-04T18:41:32.613+0530] {processor.py:840} INFO - DAG(s) 'THE_second_dag' retrieved from /home/arun/airflow/dags/first-dag-1.py
[2024-03-04T18:41:32.644+0530] {logging_mixin.py:188} INFO - [2024-03-04T18:41:32.640+0530] {dag.py:3036} INFO - Sync 1 DAGs
[2024-03-04T18:41:32.737+0530] {logging_mixin.py:188} INFO - [2024-03-04T18:41:32.737+0530] {dag.py:3823} INFO - Setting next_dagrun for THE_second_dag to 2024-02-29 00:06:00+00:00, run_after=2024-02-29 00:08:00+00:00
[2024-03-04T18:41:32.780+0530] {processor.py:183} INFO - Processing /home/arun/airflow/dags/first-dag-1.py took 0.260 seconds
[2024-03-04T18:42:38.113+0530] {processor.py:161} INFO - Started process (PID=12917) to work on /home/arun/airflow/dags/first-dag-1.py
[2024-03-04T18:42:38.115+0530] {processor.py:830} INFO - Processing file /home/arun/airflow/dags/first-dag-1.py for tasks to queue
[2024-03-04T18:42:38.117+0530] {logging_mixin.py:188} INFO - [2024-03-04T18:42:38.116+0530] {dagbag.py:538} INFO - Filling up the DagBag from /home/arun/airflow/dags/first-dag-1.py
[2024-03-04T18:42:38.134+0530] {processor.py:840} INFO - DAG(s) 'THE_second_dag' retrieved from /home/arun/airflow/dags/first-dag-1.py
[2024-03-04T18:42:38.392+0530] {logging_mixin.py:188} INFO - [2024-03-04T18:42:38.392+0530] {dag.py:3036} INFO - Sync 1 DAGs
[2024-03-04T18:42:38.474+0530] {logging_mixin.py:188} INFO - [2024-03-04T18:42:38.474+0530] {dag.py:3823} INFO - Setting next_dagrun for THE_second_dag to 2024-02-29 00:06:00+00:00, run_after=2024-02-29 00:08:00+00:00
[2024-03-04T18:42:38.685+0530] {processor.py:183} INFO - Processing /home/arun/airflow/dags/first-dag-1.py took 0.579 seconds
[2024-03-04T18:44:09.344+0530] {processor.py:161} INFO - Started process (PID=13530) to work on /home/arun/airflow/dags/first-dag-1.py
[2024-03-04T18:44:09.357+0530] {processor.py:830} INFO - Processing file /home/arun/airflow/dags/first-dag-1.py for tasks to queue
[2024-03-04T18:44:09.359+0530] {logging_mixin.py:188} INFO - [2024-03-04T18:44:09.358+0530] {dagbag.py:538} INFO - Filling up the DagBag from /home/arun/airflow/dags/first-dag-1.py
[2024-03-04T18:44:09.372+0530] {processor.py:840} INFO - DAG(s) 'THE_second_dag' retrieved from /home/arun/airflow/dags/first-dag-1.py
[2024-03-04T18:44:09.463+0530] {logging_mixin.py:188} INFO - [2024-03-04T18:44:09.463+0530] {dag.py:3036} INFO - Sync 1 DAGs
[2024-03-04T18:44:09.551+0530] {logging_mixin.py:188} INFO - [2024-03-04T18:44:09.550+0530] {dag.py:3823} INFO - Setting next_dagrun for THE_second_dag to 2024-02-29 00:06:00+00:00, run_after=2024-02-29 00:08:00+00:00
[2024-03-04T18:44:09.762+0530] {processor.py:183} INFO - Processing /home/arun/airflow/dags/first-dag-1.py took 0.434 seconds
[2024-03-04T18:46:40.579+0530] {processor.py:161} INFO - Started process (PID=13967) to work on /home/arun/airflow/dags/first-dag-1.py
[2024-03-04T18:46:40.608+0530] {processor.py:830} INFO - Processing file /home/arun/airflow/dags/first-dag-1.py for tasks to queue
[2024-03-04T18:46:40.612+0530] {logging_mixin.py:188} INFO - [2024-03-04T18:46:40.611+0530] {dagbag.py:538} INFO - Filling up the DagBag from /home/arun/airflow/dags/first-dag-1.py
[2024-03-04T18:46:40.640+0530] {processor.py:840} INFO - DAG(s) 'THE_second_dag' retrieved from /home/arun/airflow/dags/first-dag-1.py
[2024-03-04T18:46:40.996+0530] {logging_mixin.py:188} INFO - [2024-03-04T18:46:40.990+0530] {dag.py:3036} INFO - Sync 1 DAGs
[2024-03-04T18:46:41.069+0530] {logging_mixin.py:188} INFO - [2024-03-04T18:46:41.068+0530] {dag.py:3823} INFO - Setting next_dagrun for THE_second_dag to 2024-02-29 00:06:00+00:00, run_after=2024-02-29 00:08:00+00:00
[2024-03-04T18:46:41.280+0530] {processor.py:183} INFO - Processing /home/arun/airflow/dags/first-dag-1.py took 0.728 seconds
[2024-03-04T18:53:52.938+0530] {processor.py:161} INFO - Started process (PID=5543) to work on /home/arun/airflow/dags/first-dag-1.py
[2024-03-04T18:53:52.989+0530] {processor.py:830} INFO - Processing file /home/arun/airflow/dags/first-dag-1.py for tasks to queue
[2024-03-04T18:53:52.990+0530] {logging_mixin.py:188} INFO - [2024-03-04T18:53:52.990+0530] {dagbag.py:538} INFO - Filling up the DagBag from /home/arun/airflow/dags/first-dag-1.py
[2024-03-04T18:53:53.026+0530] {processor.py:840} INFO - DAG(s) 'THE_second_dag' retrieved from /home/arun/airflow/dags/first-dag-1.py
[2024-03-04T18:53:53.317+0530] {logging_mixin.py:188} INFO - [2024-03-04T18:53:53.315+0530] {dag.py:3036} INFO - Sync 1 DAGs
[2024-03-04T18:53:53.389+0530] {logging_mixin.py:188} INFO - [2024-03-04T18:53:53.385+0530] {dag.py:3823} INFO - Setting next_dagrun for THE_second_dag to 2024-02-29 00:06:00+00:00, run_after=2024-02-29 00:08:00+00:00
[2024-03-04T18:53:53.577+0530] {processor.py:183} INFO - Processing /home/arun/airflow/dags/first-dag-1.py took 0.649 seconds
[2024-03-04T18:56:20.103+0530] {processor.py:161} INFO - Started process (PID=5924) to work on /home/arun/airflow/dags/first-dag-1.py
[2024-03-04T18:56:20.157+0530] {processor.py:830} INFO - Processing file /home/arun/airflow/dags/first-dag-1.py for tasks to queue
[2024-03-04T18:56:20.159+0530] {logging_mixin.py:188} INFO - [2024-03-04T18:56:20.158+0530] {dagbag.py:538} INFO - Filling up the DagBag from /home/arun/airflow/dags/first-dag-1.py
[2024-03-04T18:56:20.534+0530] {processor.py:840} INFO - DAG(s) 'THE_second_dag' retrieved from /home/arun/airflow/dags/first-dag-1.py
[2024-03-04T18:56:20.578+0530] {logging_mixin.py:188} INFO - [2024-03-04T18:56:20.575+0530] {dag.py:3036} INFO - Sync 1 DAGs
[2024-03-04T18:56:20.680+0530] {logging_mixin.py:188} INFO - [2024-03-04T18:56:20.675+0530] {dag.py:3823} INFO - Setting next_dagrun for THE_second_dag to 2024-02-29 00:06:00+00:00, run_after=2024-02-29 00:08:00+00:00
[2024-03-04T18:56:20.866+0530] {processor.py:183} INFO - Processing /home/arun/airflow/dags/first-dag-1.py took 0.769 seconds
[2024-03-04T18:57:35.095+0530] {processor.py:161} INFO - Started process (PID=5994) to work on /home/arun/airflow/dags/first-dag-1.py
[2024-03-04T18:57:35.153+0530] {processor.py:830} INFO - Processing file /home/arun/airflow/dags/first-dag-1.py for tasks to queue
[2024-03-04T18:57:35.154+0530] {logging_mixin.py:188} INFO - [2024-03-04T18:57:35.154+0530] {dagbag.py:538} INFO - Filling up the DagBag from /home/arun/airflow/dags/first-dag-1.py
[2024-03-04T18:57:35.187+0530] {processor.py:840} INFO - DAG(s) 'THE_second_dag' retrieved from /home/arun/airflow/dags/first-dag-1.py
[2024-03-04T18:57:35.341+0530] {logging_mixin.py:188} INFO - [2024-03-04T18:57:35.340+0530] {dag.py:3036} INFO - Sync 1 DAGs
[2024-03-04T18:57:35.376+0530] {logging_mixin.py:188} INFO - [2024-03-04T18:57:35.376+0530] {dag.py:3823} INFO - Setting next_dagrun for THE_second_dag to 2024-02-29 00:06:00+00:00, run_after=2024-02-29 00:08:00+00:00
[2024-03-04T18:57:35.536+0530] {processor.py:183} INFO - Processing /home/arun/airflow/dags/first-dag-1.py took 0.461 seconds
[2024-03-04T18:58:36.906+0530] {processor.py:161} INFO - Started process (PID=6291) to work on /home/arun/airflow/dags/first-dag-1.py
[2024-03-04T18:58:36.950+0530] {processor.py:830} INFO - Processing file /home/arun/airflow/dags/first-dag-1.py for tasks to queue
[2024-03-04T18:58:36.954+0530] {logging_mixin.py:188} INFO - [2024-03-04T18:58:36.953+0530] {dagbag.py:538} INFO - Filling up the DagBag from /home/arun/airflow/dags/first-dag-1.py
[2024-03-04T18:58:36.985+0530] {processor.py:840} INFO - DAG(s) 'THE_second_dag' retrieved from /home/arun/airflow/dags/first-dag-1.py
[2024-03-04T18:58:37.055+0530] {logging_mixin.py:188} INFO - [2024-03-04T18:58:37.055+0530] {dag.py:3036} INFO - Sync 1 DAGs
[2024-03-04T18:58:37.530+0530] {logging_mixin.py:188} INFO - [2024-03-04T18:58:37.527+0530] {dag.py:3823} INFO - Setting next_dagrun for THE_second_dag to 2024-02-29 00:06:00+00:00, run_after=2024-02-29 00:08:00+00:00
[2024-03-04T18:58:37.792+0530] {processor.py:183} INFO - Processing /home/arun/airflow/dags/first-dag-1.py took 0.901 seconds
[2024-03-04T18:59:44.463+0530] {processor.py:161} INFO - Started process (PID=6375) to work on /home/arun/airflow/dags/first-dag-1.py
[2024-03-04T18:59:44.510+0530] {processor.py:830} INFO - Processing file /home/arun/airflow/dags/first-dag-1.py for tasks to queue
[2024-03-04T18:59:44.519+0530] {logging_mixin.py:188} INFO - [2024-03-04T18:59:44.518+0530] {dagbag.py:538} INFO - Filling up the DagBag from /home/arun/airflow/dags/first-dag-1.py
[2024-03-04T18:59:44.542+0530] {processor.py:840} INFO - DAG(s) 'THE_second_dag' retrieved from /home/arun/airflow/dags/first-dag-1.py
[2024-03-04T18:59:44.903+0530] {logging_mixin.py:188} INFO - [2024-03-04T18:59:44.902+0530] {dag.py:3036} INFO - Sync 1 DAGs
[2024-03-04T18:59:44.934+0530] {logging_mixin.py:188} INFO - [2024-03-04T18:59:44.934+0530] {dag.py:3823} INFO - Setting next_dagrun for THE_second_dag to 2024-02-29 00:06:00+00:00, run_after=2024-02-29 00:08:00+00:00
[2024-03-04T18:59:45.032+0530] {processor.py:183} INFO - Processing /home/arun/airflow/dags/first-dag-1.py took 0.582 seconds
[2024-03-04T19:00:41.534+0530] {processor.py:161} INFO - Started process (PID=6480) to work on /home/arun/airflow/dags/first-dag-1.py
[2024-03-04T19:00:41.549+0530] {processor.py:830} INFO - Processing file /home/arun/airflow/dags/first-dag-1.py for tasks to queue
[2024-03-04T19:00:41.551+0530] {logging_mixin.py:188} INFO - [2024-03-04T19:00:41.550+0530] {dagbag.py:538} INFO - Filling up the DagBag from /home/arun/airflow/dags/first-dag-1.py
[2024-03-04T19:00:41.652+0530] {processor.py:840} INFO - DAG(s) 'THE_second_dag' retrieved from /home/arun/airflow/dags/first-dag-1.py
[2024-03-04T19:00:41.687+0530] {logging_mixin.py:188} INFO - [2024-03-04T19:00:41.687+0530] {dag.py:3036} INFO - Sync 1 DAGs
[2024-03-04T19:00:41.806+0530] {logging_mixin.py:188} INFO - [2024-03-04T19:00:41.806+0530] {dag.py:3823} INFO - Setting next_dagrun for THE_second_dag to 2024-02-29 00:06:00+00:00, run_after=2024-02-29 00:08:00+00:00
[2024-03-04T19:00:41.886+0530] {processor.py:183} INFO - Processing /home/arun/airflow/dags/first-dag-1.py took 0.359 seconds
[2024-03-04T19:01:39.919+0530] {processor.py:161} INFO - Started process (PID=6593) to work on /home/arun/airflow/dags/first-dag-1.py
[2024-03-04T19:01:39.953+0530] {processor.py:830} INFO - Processing file /home/arun/airflow/dags/first-dag-1.py for tasks to queue
[2024-03-04T19:01:39.958+0530] {logging_mixin.py:188} INFO - [2024-03-04T19:01:39.954+0530] {dagbag.py:538} INFO - Filling up the DagBag from /home/arun/airflow/dags/first-dag-1.py
[2024-03-04T19:01:40.014+0530] {processor.py:840} INFO - DAG(s) 'THE_second_dag' retrieved from /home/arun/airflow/dags/first-dag-1.py
[2024-03-04T19:01:40.265+0530] {logging_mixin.py:188} INFO - [2024-03-04T19:01:40.265+0530] {dag.py:3036} INFO - Sync 1 DAGs
[2024-03-04T19:01:40.293+0530] {logging_mixin.py:188} INFO - [2024-03-04T19:01:40.293+0530] {dag.py:3823} INFO - Setting next_dagrun for THE_second_dag to 2024-02-29 00:06:00+00:00, run_after=2024-02-29 00:08:00+00:00
[2024-03-04T19:01:40.442+0530] {processor.py:183} INFO - Processing /home/arun/airflow/dags/first-dag-1.py took 0.599 seconds
[2024-03-04T19:02:38.481+0530] {processor.py:161} INFO - Started process (PID=6690) to work on /home/arun/airflow/dags/first-dag-1.py
[2024-03-04T19:02:38.531+0530] {processor.py:830} INFO - Processing file /home/arun/airflow/dags/first-dag-1.py for tasks to queue
[2024-03-04T19:02:38.534+0530] {logging_mixin.py:188} INFO - [2024-03-04T19:02:38.533+0530] {dagbag.py:538} INFO - Filling up the DagBag from /home/arun/airflow/dags/first-dag-1.py
[2024-03-04T19:02:38.570+0530] {processor.py:840} INFO - DAG(s) 'THE_second_dag' retrieved from /home/arun/airflow/dags/first-dag-1.py
[2024-03-04T19:02:38.634+0530] {logging_mixin.py:188} INFO - [2024-03-04T19:02:38.634+0530] {dag.py:3036} INFO - Sync 1 DAGs
[2024-03-04T19:02:38.733+0530] {logging_mixin.py:188} INFO - [2024-03-04T19:02:38.732+0530] {dag.py:3823} INFO - Setting next_dagrun for THE_second_dag to 2024-02-29 00:06:00+00:00, run_after=2024-02-29 00:08:00+00:00
[2024-03-04T19:02:38.960+0530] {processor.py:183} INFO - Processing /home/arun/airflow/dags/first-dag-1.py took 0.495 seconds
[2024-03-04T19:05:30.828+0530] {processor.py:161} INFO - Started process (PID=6916) to work on /home/arun/airflow/dags/first-dag-1.py
[2024-03-04T19:05:30.844+0530] {processor.py:830} INFO - Processing file /home/arun/airflow/dags/first-dag-1.py for tasks to queue
[2024-03-04T19:05:30.846+0530] {logging_mixin.py:188} INFO - [2024-03-04T19:05:30.845+0530] {dagbag.py:538} INFO - Filling up the DagBag from /home/arun/airflow/dags/first-dag-1.py
[2024-03-04T19:05:30.859+0530] {processor.py:840} INFO - DAG(s) 'THE_second_dag' retrieved from /home/arun/airflow/dags/first-dag-1.py
[2024-03-04T19:05:30.990+0530] {logging_mixin.py:188} INFO - [2024-03-04T19:05:30.990+0530] {dag.py:3036} INFO - Sync 1 DAGs
[2024-03-04T19:05:31.019+0530] {logging_mixin.py:188} INFO - [2024-03-04T19:05:31.018+0530] {dag.py:3823} INFO - Setting next_dagrun for THE_second_dag to 2024-02-29 00:06:00+00:00, run_after=2024-02-29 00:08:00+00:00
[2024-03-04T19:05:31.065+0530] {processor.py:183} INFO - Processing /home/arun/airflow/dags/first-dag-1.py took 0.242 seconds
[2024-03-04T19:06:25.572+0530] {processor.py:161} INFO - Started process (PID=7048) to work on /home/arun/airflow/dags/first-dag-1.py
[2024-03-04T19:06:25.600+0530] {processor.py:830} INFO - Processing file /home/arun/airflow/dags/first-dag-1.py for tasks to queue
[2024-03-04T19:06:25.601+0530] {logging_mixin.py:188} INFO - [2024-03-04T19:06:25.600+0530] {dagbag.py:538} INFO - Filling up the DagBag from /home/arun/airflow/dags/first-dag-1.py
[2024-03-04T19:06:25.614+0530] {processor.py:840} INFO - DAG(s) 'THE_second_dag' retrieved from /home/arun/airflow/dags/first-dag-1.py
[2024-03-04T19:06:25.669+0530] {logging_mixin.py:188} INFO - [2024-03-04T19:06:25.668+0530] {dag.py:3036} INFO - Sync 1 DAGs
[2024-03-04T19:06:25.789+0530] {logging_mixin.py:188} INFO - [2024-03-04T19:06:25.789+0530] {dag.py:3823} INFO - Setting next_dagrun for THE_second_dag to 2024-02-29 00:06:00+00:00, run_after=2024-02-29 00:08:00+00:00
[2024-03-04T19:06:25.985+0530] {processor.py:183} INFO - Processing /home/arun/airflow/dags/first-dag-1.py took 0.416 seconds
[2024-03-04T19:07:21.534+0530] {processor.py:161} INFO - Started process (PID=7159) to work on /home/arun/airflow/dags/first-dag-1.py
[2024-03-04T19:07:21.557+0530] {processor.py:830} INFO - Processing file /home/arun/airflow/dags/first-dag-1.py for tasks to queue
[2024-03-04T19:07:21.574+0530] {logging_mixin.py:188} INFO - [2024-03-04T19:07:21.565+0530] {dagbag.py:538} INFO - Filling up the DagBag from /home/arun/airflow/dags/first-dag-1.py
[2024-03-04T19:07:21.617+0530] {processor.py:840} INFO - DAG(s) 'THE_second_dag' retrieved from /home/arun/airflow/dags/first-dag-1.py
[2024-03-04T19:07:21.805+0530] {logging_mixin.py:188} INFO - [2024-03-04T19:07:21.804+0530] {dag.py:3036} INFO - Sync 1 DAGs
[2024-03-04T19:07:21.829+0530] {logging_mixin.py:188} INFO - [2024-03-04T19:07:21.829+0530] {dag.py:3823} INFO - Setting next_dagrun for THE_second_dag to 2024-02-29 00:06:00+00:00, run_after=2024-02-29 00:08:00+00:00
[2024-03-04T19:07:21.858+0530] {processor.py:183} INFO - Processing /home/arun/airflow/dags/first-dag-1.py took 0.337 seconds
[2024-03-04T19:08:04.383+0530] {processor.py:161} INFO - Started process (PID=7243) to work on /home/arun/airflow/dags/first-dag-1.py
[2024-03-04T19:08:04.419+0530] {processor.py:830} INFO - Processing file /home/arun/airflow/dags/first-dag-1.py for tasks to queue
[2024-03-04T19:08:04.420+0530] {logging_mixin.py:188} INFO - [2024-03-04T19:08:04.420+0530] {dagbag.py:538} INFO - Filling up the DagBag from /home/arun/airflow/dags/first-dag-1.py
[2024-03-04T19:08:04.429+0530] {processor.py:840} INFO - DAG(s) 'THE_second_dag' retrieved from /home/arun/airflow/dags/first-dag-1.py
[2024-03-04T19:08:04.447+0530] {logging_mixin.py:188} INFO - [2024-03-04T19:08:04.447+0530] {dag.py:3036} INFO - Sync 1 DAGs
[2024-03-04T19:08:04.485+0530] {logging_mixin.py:188} INFO - [2024-03-04T19:08:04.485+0530] {dag.py:3823} INFO - Setting next_dagrun for THE_second_dag to 2024-02-29 00:06:00+00:00, run_after=2024-02-29 00:08:00+00:00
[2024-03-04T19:08:04.523+0530] {processor.py:183} INFO - Processing /home/arun/airflow/dags/first-dag-1.py took 0.143 seconds
[2024-03-04T19:09:19.693+0530] {processor.py:161} INFO - Started process (PID=7386) to work on /home/arun/airflow/dags/first-dag-1.py
[2024-03-04T19:09:19.707+0530] {processor.py:830} INFO - Processing file /home/arun/airflow/dags/first-dag-1.py for tasks to queue
[2024-03-04T19:09:19.709+0530] {logging_mixin.py:188} INFO - [2024-03-04T19:09:19.708+0530] {dagbag.py:538} INFO - Filling up the DagBag from /home/arun/airflow/dags/first-dag-1.py
[2024-03-04T19:09:19.720+0530] {processor.py:840} INFO - DAG(s) 'THE_second_dag' retrieved from /home/arun/airflow/dags/first-dag-1.py
[2024-03-04T19:09:19.815+0530] {logging_mixin.py:188} INFO - [2024-03-04T19:09:19.815+0530] {dag.py:3036} INFO - Sync 1 DAGs
[2024-03-04T19:09:19.835+0530] {logging_mixin.py:188} INFO - [2024-03-04T19:09:19.835+0530] {dag.py:3823} INFO - Setting next_dagrun for THE_second_dag to 2024-02-29 00:06:00+00:00, run_after=2024-02-29 00:08:00+00:00
[2024-03-04T19:09:19.868+0530] {processor.py:183} INFO - Processing /home/arun/airflow/dags/first-dag-1.py took 0.180 seconds
[2024-03-04T19:10:03.159+0530] {processor.py:161} INFO - Started process (PID=7482) to work on /home/arun/airflow/dags/first-dag-1.py
[2024-03-04T19:10:03.161+0530] {processor.py:830} INFO - Processing file /home/arun/airflow/dags/first-dag-1.py for tasks to queue
[2024-03-04T19:10:03.163+0530] {logging_mixin.py:188} INFO - [2024-03-04T19:10:03.163+0530] {dagbag.py:538} INFO - Filling up the DagBag from /home/arun/airflow/dags/first-dag-1.py
[2024-03-04T19:10:03.176+0530] {processor.py:840} INFO - DAG(s) 'THE_second_dag' retrieved from /home/arun/airflow/dags/first-dag-1.py
[2024-03-04T19:10:03.203+0530] {logging_mixin.py:188} INFO - [2024-03-04T19:10:03.202+0530] {dag.py:3036} INFO - Sync 1 DAGs
[2024-03-04T19:10:03.249+0530] {logging_mixin.py:188} INFO - [2024-03-04T19:10:03.248+0530] {dag.py:3823} INFO - Setting next_dagrun for THE_second_dag to 2024-02-29 00:06:00+00:00, run_after=2024-02-29 00:08:00+00:00
[2024-03-04T19:10:03.298+0530] {processor.py:183} INFO - Processing /home/arun/airflow/dags/first-dag-1.py took 0.143 seconds
[2024-03-04T19:10:45.487+0530] {processor.py:161} INFO - Started process (PID=7555) to work on /home/arun/airflow/dags/first-dag-1.py
[2024-03-04T19:10:45.527+0530] {processor.py:830} INFO - Processing file /home/arun/airflow/dags/first-dag-1.py for tasks to queue
[2024-03-04T19:10:45.528+0530] {logging_mixin.py:188} INFO - [2024-03-04T19:10:45.528+0530] {dagbag.py:538} INFO - Filling up the DagBag from /home/arun/airflow/dags/first-dag-1.py
[2024-03-04T19:10:45.541+0530] {processor.py:840} INFO - DAG(s) 'THE_second_dag' retrieved from /home/arun/airflow/dags/first-dag-1.py
[2024-03-04T19:10:45.566+0530] {logging_mixin.py:188} INFO - [2024-03-04T19:10:45.566+0530] {dag.py:3036} INFO - Sync 1 DAGs
[2024-03-04T19:10:45.605+0530] {logging_mixin.py:188} INFO - [2024-03-04T19:10:45.605+0530] {dag.py:3823} INFO - Setting next_dagrun for THE_second_dag to 2024-02-29 00:06:00+00:00, run_after=2024-02-29 00:08:00+00:00
[2024-03-04T19:10:45.644+0530] {processor.py:183} INFO - Processing /home/arun/airflow/dags/first-dag-1.py took 0.164 seconds
[2024-03-04T19:12:11.468+0530] {processor.py:161} INFO - Started process (PID=7718) to work on /home/arun/airflow/dags/first-dag-1.py
[2024-03-04T19:12:11.470+0530] {processor.py:830} INFO - Processing file /home/arun/airflow/dags/first-dag-1.py for tasks to queue
[2024-03-04T19:12:11.472+0530] {logging_mixin.py:188} INFO - [2024-03-04T19:12:11.471+0530] {dagbag.py:538} INFO - Filling up the DagBag from /home/arun/airflow/dags/first-dag-1.py
[2024-03-04T19:12:11.486+0530] {processor.py:840} INFO - DAG(s) 'THE_second_dag' retrieved from /home/arun/airflow/dags/first-dag-1.py
[2024-03-04T19:12:11.654+0530] {logging_mixin.py:188} INFO - [2024-03-04T19:12:11.654+0530] {dag.py:3036} INFO - Sync 1 DAGs
[2024-03-04T19:12:11.684+0530] {logging_mixin.py:188} INFO - [2024-03-04T19:12:11.684+0530] {dag.py:3823} INFO - Setting next_dagrun for THE_second_dag to 2024-02-29 00:06:00+00:00, run_after=2024-02-29 00:08:00+00:00
[2024-03-04T19:12:11.717+0530] {processor.py:183} INFO - Processing /home/arun/airflow/dags/first-dag-1.py took 0.257 seconds
[2024-03-04T19:12:56.346+0530] {processor.py:161} INFO - Started process (PID=7794) to work on /home/arun/airflow/dags/first-dag-1.py
[2024-03-04T19:12:56.363+0530] {processor.py:830} INFO - Processing file /home/arun/airflow/dags/first-dag-1.py for tasks to queue
[2024-03-04T19:12:56.377+0530] {logging_mixin.py:188} INFO - [2024-03-04T19:12:56.376+0530] {dagbag.py:538} INFO - Filling up the DagBag from /home/arun/airflow/dags/first-dag-1.py
[2024-03-04T19:12:56.411+0530] {processor.py:840} INFO - DAG(s) 'THE_second_dag' retrieved from /home/arun/airflow/dags/first-dag-1.py
[2024-03-04T19:12:56.446+0530] {logging_mixin.py:188} INFO - [2024-03-04T19:12:56.446+0530] {dag.py:3036} INFO - Sync 1 DAGs
[2024-03-04T19:12:56.480+0530] {logging_mixin.py:188} INFO - [2024-03-04T19:12:56.479+0530] {dag.py:3823} INFO - Setting next_dagrun for THE_second_dag to 2024-02-29 00:06:00+00:00, run_after=2024-02-29 00:08:00+00:00
[2024-03-04T19:12:56.507+0530] {processor.py:183} INFO - Processing /home/arun/airflow/dags/first-dag-1.py took 0.167 seconds
[2024-03-04T19:13:37.968+0530] {processor.py:161} INFO - Started process (PID=7865) to work on /home/arun/airflow/dags/first-dag-1.py
[2024-03-04T19:13:37.969+0530] {processor.py:830} INFO - Processing file /home/arun/airflow/dags/first-dag-1.py for tasks to queue
[2024-03-04T19:13:37.971+0530] {logging_mixin.py:188} INFO - [2024-03-04T19:13:37.970+0530] {dagbag.py:538} INFO - Filling up the DagBag from /home/arun/airflow/dags/first-dag-1.py
[2024-03-04T19:13:38.002+0530] {processor.py:840} INFO - DAG(s) 'THE_second_dag' retrieved from /home/arun/airflow/dags/first-dag-1.py
[2024-03-04T19:13:38.297+0530] {logging_mixin.py:188} INFO - [2024-03-04T19:13:38.294+0530] {dag.py:3036} INFO - Sync 1 DAGs
[2024-03-04T19:13:38.335+0530] {logging_mixin.py:188} INFO - [2024-03-04T19:13:38.334+0530] {dag.py:3823} INFO - Setting next_dagrun for THE_second_dag to 2024-02-29 00:06:00+00:00, run_after=2024-02-29 00:08:00+00:00
[2024-03-04T19:13:38.408+0530] {processor.py:183} INFO - Processing /home/arun/airflow/dags/first-dag-1.py took 0.446 seconds
[2024-03-04T19:14:20.009+0530] {processor.py:161} INFO - Started process (PID=7951) to work on /home/arun/airflow/dags/first-dag-1.py
[2024-03-04T19:14:20.045+0530] {processor.py:830} INFO - Processing file /home/arun/airflow/dags/first-dag-1.py for tasks to queue
[2024-03-04T19:14:20.046+0530] {logging_mixin.py:188} INFO - [2024-03-04T19:14:20.046+0530] {dagbag.py:538} INFO - Filling up the DagBag from /home/arun/airflow/dags/first-dag-1.py
[2024-03-04T19:14:20.059+0530] {processor.py:840} INFO - DAG(s) 'THE_second_dag' retrieved from /home/arun/airflow/dags/first-dag-1.py
[2024-03-04T19:14:20.083+0530] {logging_mixin.py:188} INFO - [2024-03-04T19:14:20.083+0530] {dag.py:3036} INFO - Sync 1 DAGs
[2024-03-04T19:14:20.114+0530] {logging_mixin.py:188} INFO - [2024-03-04T19:14:20.113+0530] {dag.py:3823} INFO - Setting next_dagrun for THE_second_dag to 2024-02-29 00:06:00+00:00, run_after=2024-02-29 00:08:00+00:00
[2024-03-04T19:14:20.152+0530] {processor.py:183} INFO - Processing /home/arun/airflow/dags/first-dag-1.py took 0.149 seconds
[2024-03-04T19:15:05.697+0530] {processor.py:161} INFO - Started process (PID=8045) to work on /home/arun/airflow/dags/first-dag-1.py
[2024-03-04T19:15:05.699+0530] {processor.py:830} INFO - Processing file /home/arun/airflow/dags/first-dag-1.py for tasks to queue
[2024-03-04T19:15:05.700+0530] {logging_mixin.py:188} INFO - [2024-03-04T19:15:05.700+0530] {dagbag.py:538} INFO - Filling up the DagBag from /home/arun/airflow/dags/first-dag-1.py
[2024-03-04T19:15:05.713+0530] {processor.py:840} INFO - DAG(s) 'THE_second_dag' retrieved from /home/arun/airflow/dags/first-dag-1.py
[2024-03-04T19:15:05.864+0530] {logging_mixin.py:188} INFO - [2024-03-04T19:15:05.864+0530] {dag.py:3036} INFO - Sync 1 DAGs
[2024-03-04T19:15:05.896+0530] {logging_mixin.py:188} INFO - [2024-03-04T19:15:05.895+0530] {dag.py:3823} INFO - Setting next_dagrun for THE_second_dag to 2024-02-29 00:06:00+00:00, run_after=2024-02-29 00:08:00+00:00
[2024-03-04T19:15:06.002+0530] {processor.py:183} INFO - Processing /home/arun/airflow/dags/first-dag-1.py took 0.310 seconds
[2024-03-04T19:15:48.769+0530] {processor.py:161} INFO - Started process (PID=8171) to work on /home/arun/airflow/dags/first-dag-1.py
[2024-03-04T19:15:48.771+0530] {processor.py:830} INFO - Processing file /home/arun/airflow/dags/first-dag-1.py for tasks to queue
[2024-03-04T19:15:48.772+0530] {logging_mixin.py:188} INFO - [2024-03-04T19:15:48.772+0530] {dagbag.py:538} INFO - Filling up the DagBag from /home/arun/airflow/dags/first-dag-1.py
[2024-03-04T19:15:48.803+0530] {processor.py:840} INFO - DAG(s) 'THE_second_dag' retrieved from /home/arun/airflow/dags/first-dag-1.py
[2024-03-04T19:15:48.839+0530] {logging_mixin.py:188} INFO - [2024-03-04T19:15:48.834+0530] {dag.py:3036} INFO - Sync 1 DAGs
[2024-03-04T19:15:48.920+0530] {logging_mixin.py:188} INFO - [2024-03-04T19:15:48.920+0530] {dag.py:3823} INFO - Setting next_dagrun for THE_second_dag to 2024-02-29 00:06:00+00:00, run_after=2024-02-29 00:08:00+00:00
[2024-03-04T19:15:48.973+0530] {processor.py:183} INFO - Processing /home/arun/airflow/dags/first-dag-1.py took 0.211 seconds
[2024-03-04T19:17:14.278+0530] {processor.py:161} INFO - Started process (PID=8344) to work on /home/arun/airflow/dags/first-dag-1.py
[2024-03-04T19:17:14.282+0530] {processor.py:830} INFO - Processing file /home/arun/airflow/dags/first-dag-1.py for tasks to queue
[2024-03-04T19:17:14.284+0530] {logging_mixin.py:188} INFO - [2024-03-04T19:17:14.284+0530] {dagbag.py:538} INFO - Filling up the DagBag from /home/arun/airflow/dags/first-dag-1.py
[2024-03-04T19:17:14.323+0530] {processor.py:840} INFO - DAG(s) 'THE_second_dag' retrieved from /home/arun/airflow/dags/first-dag-1.py
[2024-03-04T19:17:14.542+0530] {logging_mixin.py:188} INFO - [2024-03-04T19:17:14.541+0530] {dag.py:3036} INFO - Sync 1 DAGs
[2024-03-04T19:17:14.581+0530] {logging_mixin.py:188} INFO - [2024-03-04T19:17:14.581+0530] {dag.py:3823} INFO - Setting next_dagrun for THE_second_dag to 2024-02-29 00:06:00+00:00, run_after=2024-02-29 00:08:00+00:00
[2024-03-04T19:17:14.632+0530] {processor.py:183} INFO - Processing /home/arun/airflow/dags/first-dag-1.py took 0.359 seconds
[2024-03-04T19:17:57.174+0530] {processor.py:161} INFO - Started process (PID=8425) to work on /home/arun/airflow/dags/first-dag-1.py
[2024-03-04T19:17:57.175+0530] {processor.py:830} INFO - Processing file /home/arun/airflow/dags/first-dag-1.py for tasks to queue
[2024-03-04T19:17:57.176+0530] {logging_mixin.py:188} INFO - [2024-03-04T19:17:57.176+0530] {dagbag.py:538} INFO - Filling up the DagBag from /home/arun/airflow/dags/first-dag-1.py
[2024-03-04T19:17:57.187+0530] {processor.py:840} INFO - DAG(s) 'THE_second_dag' retrieved from /home/arun/airflow/dags/first-dag-1.py
[2024-03-04T19:17:57.206+0530] {logging_mixin.py:188} INFO - [2024-03-04T19:17:57.206+0530] {dag.py:3036} INFO - Sync 1 DAGs
[2024-03-04T19:17:57.239+0530] {logging_mixin.py:188} INFO - [2024-03-04T19:17:57.239+0530] {dag.py:3823} INFO - Setting next_dagrun for THE_second_dag to 2024-02-29 00:06:00+00:00, run_after=2024-02-29 00:08:00+00:00
[2024-03-04T19:17:57.271+0530] {processor.py:183} INFO - Processing /home/arun/airflow/dags/first-dag-1.py took 0.101 seconds
[2024-03-04T19:19:21.486+0530] {processor.py:161} INFO - Started process (PID=8599) to work on /home/arun/airflow/dags/first-dag-1.py
[2024-03-04T19:19:21.489+0530] {processor.py:830} INFO - Processing file /home/arun/airflow/dags/first-dag-1.py for tasks to queue
[2024-03-04T19:19:21.491+0530] {logging_mixin.py:188} INFO - [2024-03-04T19:19:21.490+0530] {dagbag.py:538} INFO - Filling up the DagBag from /home/arun/airflow/dags/first-dag-1.py
[2024-03-04T19:19:21.504+0530] {processor.py:840} INFO - DAG(s) 'THE_second_dag' retrieved from /home/arun/airflow/dags/first-dag-1.py
[2024-03-04T19:19:21.629+0530] {logging_mixin.py:188} INFO - [2024-03-04T19:19:21.629+0530] {dag.py:3036} INFO - Sync 1 DAGs
[2024-03-04T19:19:21.659+0530] {logging_mixin.py:188} INFO - [2024-03-04T19:19:21.659+0530] {dag.py:3823} INFO - Setting next_dagrun for THE_second_dag to 2024-02-29 00:06:00+00:00, run_after=2024-02-29 00:08:00+00:00
[2024-03-04T19:19:21.693+0530] {processor.py:183} INFO - Processing /home/arun/airflow/dags/first-dag-1.py took 0.212 seconds
[2024-03-04T19:20:05.883+0530] {processor.py:161} INFO - Started process (PID=8685) to work on /home/arun/airflow/dags/first-dag-1.py
[2024-03-04T19:20:05.885+0530] {processor.py:830} INFO - Processing file /home/arun/airflow/dags/first-dag-1.py for tasks to queue
[2024-03-04T19:20:05.886+0530] {logging_mixin.py:188} INFO - [2024-03-04T19:20:05.885+0530] {dagbag.py:538} INFO - Filling up the DagBag from /home/arun/airflow/dags/first-dag-1.py
[2024-03-04T19:20:05.900+0530] {processor.py:840} INFO - DAG(s) 'THE_second_dag' retrieved from /home/arun/airflow/dags/first-dag-1.py
[2024-03-04T19:20:05.929+0530] {logging_mixin.py:188} INFO - [2024-03-04T19:20:05.928+0530] {dag.py:3036} INFO - Sync 1 DAGs
[2024-03-04T19:20:05.982+0530] {logging_mixin.py:188} INFO - [2024-03-04T19:20:05.982+0530] {dag.py:3823} INFO - Setting next_dagrun for THE_second_dag to 2024-02-29 00:06:00+00:00, run_after=2024-02-29 00:08:00+00:00
[2024-03-04T19:20:06.035+0530] {processor.py:183} INFO - Processing /home/arun/airflow/dags/first-dag-1.py took 0.158 seconds
[2024-03-04T19:20:47.347+0530] {processor.py:161} INFO - Started process (PID=8762) to work on /home/arun/airflow/dags/first-dag-1.py
[2024-03-04T19:20:47.350+0530] {processor.py:830} INFO - Processing file /home/arun/airflow/dags/first-dag-1.py for tasks to queue
[2024-03-04T19:20:47.352+0530] {logging_mixin.py:188} INFO - [2024-03-04T19:20:47.351+0530] {dagbag.py:538} INFO - Filling up the DagBag from /home/arun/airflow/dags/first-dag-1.py
[2024-03-04T19:20:47.364+0530] {processor.py:840} INFO - DAG(s) 'THE_second_dag' retrieved from /home/arun/airflow/dags/first-dag-1.py
[2024-03-04T19:20:47.462+0530] {logging_mixin.py:188} INFO - [2024-03-04T19:20:47.462+0530] {dag.py:3036} INFO - Sync 1 DAGs
[2024-03-04T19:20:47.483+0530] {logging_mixin.py:188} INFO - [2024-03-04T19:20:47.482+0530] {dag.py:3823} INFO - Setting next_dagrun for THE_second_dag to 2024-02-29 00:06:00+00:00, run_after=2024-02-29 00:08:00+00:00
[2024-03-04T19:20:47.518+0530] {processor.py:183} INFO - Processing /home/arun/airflow/dags/first-dag-1.py took 0.177 seconds
[2024-03-04T19:21:30.986+0530] {processor.py:161} INFO - Started process (PID=8872) to work on /home/arun/airflow/dags/first-dag-1.py
[2024-03-04T19:21:31.032+0530] {processor.py:830} INFO - Processing file /home/arun/airflow/dags/first-dag-1.py for tasks to queue
[2024-03-04T19:21:31.037+0530] {logging_mixin.py:188} INFO - [2024-03-04T19:21:31.033+0530] {dagbag.py:538} INFO - Filling up the DagBag from /home/arun/airflow/dags/first-dag-1.py
[2024-03-04T19:21:31.064+0530] {processor.py:840} INFO - DAG(s) 'THE_second_dag' retrieved from /home/arun/airflow/dags/first-dag-1.py
[2024-03-04T19:21:31.128+0530] {logging_mixin.py:188} INFO - [2024-03-04T19:21:31.127+0530] {dag.py:3036} INFO - Sync 1 DAGs
[2024-03-04T19:21:31.240+0530] {logging_mixin.py:188} INFO - [2024-03-04T19:21:31.240+0530] {dag.py:3823} INFO - Setting next_dagrun for THE_second_dag to 2024-02-29 00:06:00+00:00, run_after=2024-02-29 00:08:00+00:00
[2024-03-04T19:21:31.319+0530] {processor.py:183} INFO - Processing /home/arun/airflow/dags/first-dag-1.py took 0.346 seconds
[2024-03-04T19:22:17.341+0530] {processor.py:161} INFO - Started process (PID=8967) to work on /home/arun/airflow/dags/first-dag-1.py
[2024-03-04T19:22:17.343+0530] {processor.py:830} INFO - Processing file /home/arun/airflow/dags/first-dag-1.py for tasks to queue
[2024-03-04T19:22:17.345+0530] {logging_mixin.py:188} INFO - [2024-03-04T19:22:17.344+0530] {dagbag.py:538} INFO - Filling up the DagBag from /home/arun/airflow/dags/first-dag-1.py
[2024-03-04T19:22:17.358+0530] {processor.py:840} INFO - DAG(s) 'THE_second_dag' retrieved from /home/arun/airflow/dags/first-dag-1.py
[2024-03-04T19:22:17.493+0530] {logging_mixin.py:188} INFO - [2024-03-04T19:22:17.493+0530] {dag.py:3036} INFO - Sync 1 DAGs
[2024-03-04T19:22:17.522+0530] {logging_mixin.py:188} INFO - [2024-03-04T19:22:17.521+0530] {dag.py:3823} INFO - Setting next_dagrun for THE_second_dag to 2024-02-29 00:06:00+00:00, run_after=2024-02-29 00:08:00+00:00
[2024-03-04T19:22:17.589+0530] {processor.py:183} INFO - Processing /home/arun/airflow/dags/first-dag-1.py took 0.254 seconds
[2024-03-04T19:22:58.473+0530] {processor.py:161} INFO - Started process (PID=9041) to work on /home/arun/airflow/dags/first-dag-1.py
[2024-03-04T19:22:58.475+0530] {processor.py:830} INFO - Processing file /home/arun/airflow/dags/first-dag-1.py for tasks to queue
[2024-03-04T19:22:58.476+0530] {logging_mixin.py:188} INFO - [2024-03-04T19:22:58.475+0530] {dagbag.py:538} INFO - Filling up the DagBag from /home/arun/airflow/dags/first-dag-1.py
[2024-03-04T19:22:58.485+0530] {processor.py:840} INFO - DAG(s) 'THE_second_dag' retrieved from /home/arun/airflow/dags/first-dag-1.py
[2024-03-04T19:22:58.503+0530] {logging_mixin.py:188} INFO - [2024-03-04T19:22:58.503+0530] {dag.py:3036} INFO - Sync 1 DAGs
[2024-03-04T19:22:58.533+0530] {logging_mixin.py:188} INFO - [2024-03-04T19:22:58.532+0530] {dag.py:3823} INFO - Setting next_dagrun for THE_second_dag to 2024-02-29 00:06:00+00:00, run_after=2024-02-29 00:08:00+00:00
[2024-03-04T19:22:58.563+0530] {processor.py:183} INFO - Processing /home/arun/airflow/dags/first-dag-1.py took 0.093 seconds
[2024-03-04T19:23:42.038+0530] {processor.py:161} INFO - Started process (PID=9111) to work on /home/arun/airflow/dags/first-dag-1.py
[2024-03-04T19:23:42.040+0530] {processor.py:830} INFO - Processing file /home/arun/airflow/dags/first-dag-1.py for tasks to queue
[2024-03-04T19:23:42.042+0530] {logging_mixin.py:188} INFO - [2024-03-04T19:23:42.041+0530] {dagbag.py:538} INFO - Filling up the DagBag from /home/arun/airflow/dags/first-dag-1.py
[2024-03-04T19:23:42.056+0530] {processor.py:840} INFO - DAG(s) 'THE_second_dag' retrieved from /home/arun/airflow/dags/first-dag-1.py
[2024-03-04T19:23:42.079+0530] {logging_mixin.py:188} INFO - [2024-03-04T19:23:42.078+0530] {dag.py:3036} INFO - Sync 1 DAGs
[2024-03-04T19:23:42.108+0530] {logging_mixin.py:188} INFO - [2024-03-04T19:23:42.107+0530] {dag.py:3823} INFO - Setting next_dagrun for THE_second_dag to 2024-02-29 00:06:00+00:00, run_after=2024-02-29 00:08:00+00:00
[2024-03-04T19:23:42.141+0530] {processor.py:183} INFO - Processing /home/arun/airflow/dags/first-dag-1.py took 0.108 seconds
[2024-03-04T19:24:57.298+0530] {processor.py:161} INFO - Started process (PID=9276) to work on /home/arun/airflow/dags/first-dag-1.py
[2024-03-04T19:24:57.335+0530] {processor.py:830} INFO - Processing file /home/arun/airflow/dags/first-dag-1.py for tasks to queue
[2024-03-04T19:24:57.336+0530] {logging_mixin.py:188} INFO - [2024-03-04T19:24:57.336+0530] {dagbag.py:538} INFO - Filling up the DagBag from /home/arun/airflow/dags/first-dag-1.py
[2024-03-04T19:24:57.349+0530] {processor.py:840} INFO - DAG(s) 'THE_second_dag' retrieved from /home/arun/airflow/dags/first-dag-1.py
[2024-03-04T19:24:57.501+0530] {logging_mixin.py:188} INFO - [2024-03-04T19:24:57.500+0530] {dag.py:3036} INFO - Sync 1 DAGs
[2024-03-04T19:24:57.532+0530] {logging_mixin.py:188} INFO - [2024-03-04T19:24:57.532+0530] {dag.py:3823} INFO - Setting next_dagrun for THE_second_dag to 2024-02-29 00:06:00+00:00, run_after=2024-02-29 00:08:00+00:00
[2024-03-04T19:24:57.572+0530] {processor.py:183} INFO - Processing /home/arun/airflow/dags/first-dag-1.py took 0.278 seconds
[2024-03-04T19:25:39.313+0530] {processor.py:161} INFO - Started process (PID=9351) to work on /home/arun/airflow/dags/first-dag-1.py
[2024-03-04T19:25:39.348+0530] {processor.py:830} INFO - Processing file /home/arun/airflow/dags/first-dag-1.py for tasks to queue
[2024-03-04T19:25:39.350+0530] {logging_mixin.py:188} INFO - [2024-03-04T19:25:39.349+0530] {dagbag.py:538} INFO - Filling up the DagBag from /home/arun/airflow/dags/first-dag-1.py
[2024-03-04T19:25:39.362+0530] {processor.py:840} INFO - DAG(s) 'THE_second_dag' retrieved from /home/arun/airflow/dags/first-dag-1.py
[2024-03-04T19:25:39.383+0530] {logging_mixin.py:188} INFO - [2024-03-04T19:25:39.383+0530] {dag.py:3036} INFO - Sync 1 DAGs
[2024-03-04T19:25:39.406+0530] {logging_mixin.py:188} INFO - [2024-03-04T19:25:39.406+0530] {dag.py:3823} INFO - Setting next_dagrun for THE_second_dag to 2024-02-29 00:06:00+00:00, run_after=2024-02-29 00:08:00+00:00
[2024-03-04T19:25:39.461+0530] {processor.py:183} INFO - Processing /home/arun/airflow/dags/first-dag-1.py took 0.152 seconds
[2024-03-04T19:26:56.053+0530] {processor.py:161} INFO - Started process (PID=9521) to work on /home/arun/airflow/dags/first-dag-1.py
[2024-03-04T19:26:56.054+0530] {processor.py:830} INFO - Processing file /home/arun/airflow/dags/first-dag-1.py for tasks to queue
[2024-03-04T19:26:56.055+0530] {logging_mixin.py:188} INFO - [2024-03-04T19:26:56.055+0530] {dagbag.py:538} INFO - Filling up the DagBag from /home/arun/airflow/dags/first-dag-1.py
[2024-03-04T19:26:56.063+0530] {processor.py:840} INFO - DAG(s) 'THE_second_dag' retrieved from /home/arun/airflow/dags/first-dag-1.py
[2024-03-04T19:26:56.188+0530] {logging_mixin.py:188} INFO - [2024-03-04T19:26:56.188+0530] {dag.py:3036} INFO - Sync 1 DAGs
[2024-03-04T19:26:56.216+0530] {logging_mixin.py:188} INFO - [2024-03-04T19:26:56.215+0530] {dag.py:3823} INFO - Setting next_dagrun for THE_second_dag to 2024-02-29 00:06:00+00:00, run_after=2024-02-29 00:08:00+00:00
[2024-03-04T19:26:56.249+0530] {processor.py:183} INFO - Processing /home/arun/airflow/dags/first-dag-1.py took 0.199 seconds
[2024-03-04T19:27:37.074+0530] {processor.py:161} INFO - Started process (PID=9590) to work on /home/arun/airflow/dags/first-dag-1.py
[2024-03-04T19:27:37.113+0530] {processor.py:830} INFO - Processing file /home/arun/airflow/dags/first-dag-1.py for tasks to queue
[2024-03-04T19:27:37.115+0530] {logging_mixin.py:188} INFO - [2024-03-04T19:27:37.114+0530] {dagbag.py:538} INFO - Filling up the DagBag from /home/arun/airflow/dags/first-dag-1.py
[2024-03-04T19:27:37.123+0530] {processor.py:840} INFO - DAG(s) 'THE_second_dag' retrieved from /home/arun/airflow/dags/first-dag-1.py
[2024-03-04T19:27:37.142+0530] {logging_mixin.py:188} INFO - [2024-03-04T19:27:37.142+0530] {dag.py:3036} INFO - Sync 1 DAGs
[2024-03-04T19:27:37.175+0530] {logging_mixin.py:188} INFO - [2024-03-04T19:27:37.174+0530] {dag.py:3823} INFO - Setting next_dagrun for THE_second_dag to 2024-02-29 00:06:00+00:00, run_after=2024-02-29 00:08:00+00:00
[2024-03-04T19:27:37.243+0530] {processor.py:183} INFO - Processing /home/arun/airflow/dags/first-dag-1.py took 0.172 seconds
[2024-03-04T19:28:19.711+0530] {processor.py:161} INFO - Started process (PID=9707) to work on /home/arun/airflow/dags/first-dag-1.py
[2024-03-04T19:28:19.730+0530] {processor.py:830} INFO - Processing file /home/arun/airflow/dags/first-dag-1.py for tasks to queue
[2024-03-04T19:28:19.735+0530] {logging_mixin.py:188} INFO - [2024-03-04T19:28:19.733+0530] {dagbag.py:538} INFO - Filling up the DagBag from /home/arun/airflow/dags/first-dag-1.py
[2024-03-04T19:28:19.760+0530] {processor.py:840} INFO - DAG(s) 'THE_second_dag' retrieved from /home/arun/airflow/dags/first-dag-1.py
[2024-03-04T19:28:19.822+0530] {logging_mixin.py:188} INFO - [2024-03-04T19:28:19.821+0530] {dag.py:3036} INFO - Sync 1 DAGs
[2024-03-04T19:28:19.886+0530] {logging_mixin.py:188} INFO - [2024-03-04T19:28:19.886+0530] {dag.py:3823} INFO - Setting next_dagrun for THE_second_dag to 2024-02-29 00:06:00+00:00, run_after=2024-02-29 00:08:00+00:00
[2024-03-04T19:28:20.152+0530] {processor.py:183} INFO - Processing /home/arun/airflow/dags/first-dag-1.py took 0.450 seconds
[2024-03-04T19:29:09.859+0530] {processor.py:161} INFO - Started process (PID=9797) to work on /home/arun/airflow/dags/first-dag-1.py
[2024-03-04T19:29:09.861+0530] {processor.py:830} INFO - Processing file /home/arun/airflow/dags/first-dag-1.py for tasks to queue
[2024-03-04T19:29:09.862+0530] {logging_mixin.py:188} INFO - [2024-03-04T19:29:09.862+0530] {dagbag.py:538} INFO - Filling up the DagBag from /home/arun/airflow/dags/first-dag-1.py
[2024-03-04T19:29:09.875+0530] {processor.py:840} INFO - DAG(s) 'THE_second_dag' retrieved from /home/arun/airflow/dags/first-dag-1.py
[2024-03-04T19:29:10.158+0530] {logging_mixin.py:188} INFO - [2024-03-04T19:29:10.157+0530] {dag.py:3036} INFO - Sync 1 DAGs
[2024-03-04T19:29:10.258+0530] {logging_mixin.py:188} INFO - [2024-03-04T19:29:10.258+0530] {dag.py:3823} INFO - Setting next_dagrun for THE_second_dag to 2024-02-29 00:06:00+00:00, run_after=2024-02-29 00:08:00+00:00
[2024-03-04T19:29:10.389+0530] {processor.py:183} INFO - Processing /home/arun/airflow/dags/first-dag-1.py took 0.538 seconds
[2024-03-04T22:41:24.596+0530] {processor.py:161} INFO - Started process (PID=17399) to work on /home/arun/airflow/dags/first-dag-1.py
[2024-03-04T22:41:24.610+0530] {processor.py:830} INFO - Processing file /home/arun/airflow/dags/first-dag-1.py for tasks to queue
[2024-03-04T22:41:24.618+0530] {logging_mixin.py:188} INFO - [2024-03-04T22:41:24.617+0530] {dagbag.py:538} INFO - Filling up the DagBag from /home/arun/airflow/dags/first-dag-1.py
[2024-03-04T22:41:24.641+0530] {processor.py:840} INFO - DAG(s) 'THE_second_dag' retrieved from /home/arun/airflow/dags/first-dag-1.py
[2024-03-04T22:41:24.654+0530] {logging_mixin.py:188} INFO - [2024-03-04T22:41:24.654+0530] {dag.py:3036} INFO - Sync 1 DAGs
[2024-03-04T22:41:24.692+0530] {logging_mixin.py:188} INFO - [2024-03-04T22:41:24.691+0530] {dag.py:3823} INFO - Setting next_dagrun for THE_second_dag to 2024-02-29 00:06:00+00:00, run_after=2024-02-29 00:08:00+00:00
[2024-03-04T22:41:24.880+0530] {processor.py:183} INFO - Processing /home/arun/airflow/dags/first-dag-1.py took 0.302 seconds
[2024-03-04T22:55:10.588+0530] {processor.py:161} INFO - Started process (PID=5614) to work on /home/arun/airflow/dags/first-dag-1.py
[2024-03-04T22:55:10.665+0530] {processor.py:830} INFO - Processing file /home/arun/airflow/dags/first-dag-1.py for tasks to queue
[2024-03-04T22:55:10.667+0530] {logging_mixin.py:188} INFO - [2024-03-04T22:55:10.666+0530] {dagbag.py:538} INFO - Filling up the DagBag from /home/arun/airflow/dags/first-dag-1.py
[2024-03-04T22:55:10.695+0530] {processor.py:840} INFO - DAG(s) 'THE_second_dag' retrieved from /home/arun/airflow/dags/first-dag-1.py
[2024-03-04T22:55:10.957+0530] {logging_mixin.py:188} INFO - [2024-03-04T22:55:10.956+0530] {dag.py:3036} INFO - Sync 1 DAGs
[2024-03-04T22:55:11.005+0530] {logging_mixin.py:188} INFO - [2024-03-04T22:55:11.005+0530] {dag.py:3823} INFO - Setting next_dagrun for THE_second_dag to 2024-02-29 00:06:00+00:00, run_after=2024-02-29 00:08:00+00:00
[2024-03-04T22:55:11.067+0530] {processor.py:183} INFO - Processing /home/arun/airflow/dags/first-dag-1.py took 0.483 seconds
[2024-03-04T22:56:52.162+0530] {processor.py:161} INFO - Started process (PID=5706) to work on /home/arun/airflow/dags/first-dag-1.py
[2024-03-04T22:56:52.283+0530] {processor.py:830} INFO - Processing file /home/arun/airflow/dags/first-dag-1.py for tasks to queue
[2024-03-04T22:56:52.298+0530] {logging_mixin.py:188} INFO - [2024-03-04T22:56:52.284+0530] {dagbag.py:538} INFO - Filling up the DagBag from /home/arun/airflow/dags/first-dag-1.py
[2024-03-04T22:56:52.327+0530] {processor.py:840} INFO - DAG(s) 'THE_second_dag' retrieved from /home/arun/airflow/dags/first-dag-1.py
[2024-03-04T22:56:52.441+0530] {logging_mixin.py:188} INFO - [2024-03-04T22:56:52.440+0530] {dag.py:3036} INFO - Sync 1 DAGs
[2024-03-04T22:56:52.527+0530] {logging_mixin.py:188} INFO - [2024-03-04T22:56:52.527+0530] {dag.py:3823} INFO - Setting next_dagrun for THE_second_dag to 2024-02-29 00:06:00+00:00, run_after=2024-02-29 00:08:00+00:00
[2024-03-04T22:56:52.579+0530] {processor.py:183} INFO - Processing /home/arun/airflow/dags/first-dag-1.py took 0.428 seconds
[2024-03-04T22:57:59.933+0530] {processor.py:161} INFO - Started process (PID=5778) to work on /home/arun/airflow/dags/first-dag-1.py
[2024-03-04T22:57:59.936+0530] {processor.py:830} INFO - Processing file /home/arun/airflow/dags/first-dag-1.py for tasks to queue
[2024-03-04T22:57:59.938+0530] {logging_mixin.py:188} INFO - [2024-03-04T22:57:59.937+0530] {dagbag.py:538} INFO - Filling up the DagBag from /home/arun/airflow/dags/first-dag-1.py
[2024-03-04T22:57:59.948+0530] {processor.py:840} INFO - DAG(s) 'THE_second_dag' retrieved from /home/arun/airflow/dags/first-dag-1.py
[2024-03-04T22:58:00.158+0530] {logging_mixin.py:188} INFO - [2024-03-04T22:58:00.158+0530] {dag.py:3036} INFO - Sync 1 DAGs
[2024-03-04T22:58:00.194+0530] {logging_mixin.py:188} INFO - [2024-03-04T22:58:00.194+0530] {dag.py:3823} INFO - Setting next_dagrun for THE_second_dag to 2024-02-29 00:06:00+00:00, run_after=2024-02-29 00:08:00+00:00
[2024-03-04T22:58:00.325+0530] {processor.py:183} INFO - Processing /home/arun/airflow/dags/first-dag-1.py took 0.421 seconds
[2024-03-04T22:59:00.421+0530] {processor.py:161} INFO - Started process (PID=5843) to work on /home/arun/airflow/dags/first-dag-1.py
[2024-03-04T22:59:00.425+0530] {processor.py:830} INFO - Processing file /home/arun/airflow/dags/first-dag-1.py for tasks to queue
[2024-03-04T22:59:00.427+0530] {logging_mixin.py:188} INFO - [2024-03-04T22:59:00.426+0530] {dagbag.py:538} INFO - Filling up the DagBag from /home/arun/airflow/dags/first-dag-1.py
[2024-03-04T22:59:00.465+0530] {processor.py:840} INFO - DAG(s) 'THE_second_dag' retrieved from /home/arun/airflow/dags/first-dag-1.py
[2024-03-04T22:59:00.509+0530] {logging_mixin.py:188} INFO - [2024-03-04T22:59:00.508+0530] {dag.py:3036} INFO - Sync 1 DAGs
[2024-03-04T22:59:00.559+0530] {logging_mixin.py:188} INFO - [2024-03-04T22:59:00.558+0530] {dag.py:3823} INFO - Setting next_dagrun for THE_second_dag to 2024-02-29 00:06:00+00:00, run_after=2024-02-29 00:08:00+00:00
[2024-03-04T22:59:00.639+0530] {processor.py:183} INFO - Processing /home/arun/airflow/dags/first-dag-1.py took 0.225 seconds
[2024-03-04T22:59:56.865+0530] {processor.py:161} INFO - Started process (PID=5934) to work on /home/arun/airflow/dags/first-dag-1.py
[2024-03-04T22:59:56.909+0530] {processor.py:830} INFO - Processing file /home/arun/airflow/dags/first-dag-1.py for tasks to queue
[2024-03-04T22:59:56.910+0530] {logging_mixin.py:188} INFO - [2024-03-04T22:59:56.909+0530] {dagbag.py:538} INFO - Filling up the DagBag from /home/arun/airflow/dags/first-dag-1.py
[2024-03-04T22:59:56.916+0530] {processor.py:840} INFO - DAG(s) 'THE_second_dag' retrieved from /home/arun/airflow/dags/first-dag-1.py
[2024-03-04T22:59:56.999+0530] {logging_mixin.py:188} INFO - [2024-03-04T22:59:56.999+0530] {dag.py:3036} INFO - Sync 1 DAGs
[2024-03-04T22:59:57.016+0530] {logging_mixin.py:188} INFO - [2024-03-04T22:59:57.015+0530] {dag.py:3823} INFO - Setting next_dagrun for THE_second_dag to 2024-02-29 00:06:00+00:00, run_after=2024-02-29 00:08:00+00:00
[2024-03-04T22:59:57.046+0530] {processor.py:183} INFO - Processing /home/arun/airflow/dags/first-dag-1.py took 0.185 seconds
[2024-03-04T23:00:44.733+0530] {processor.py:161} INFO - Started process (PID=6001) to work on /home/arun/airflow/dags/first-dag-1.py
[2024-03-04T23:00:44.773+0530] {processor.py:830} INFO - Processing file /home/arun/airflow/dags/first-dag-1.py for tasks to queue
[2024-03-04T23:00:44.774+0530] {logging_mixin.py:188} INFO - [2024-03-04T23:00:44.773+0530] {dagbag.py:538} INFO - Filling up the DagBag from /home/arun/airflow/dags/first-dag-1.py
[2024-03-04T23:00:44.781+0530] {processor.py:840} INFO - DAG(s) 'THE_second_dag' retrieved from /home/arun/airflow/dags/first-dag-1.py
[2024-03-04T23:00:44.797+0530] {logging_mixin.py:188} INFO - [2024-03-04T23:00:44.797+0530] {dag.py:3036} INFO - Sync 1 DAGs
[2024-03-04T23:00:44.815+0530] {logging_mixin.py:188} INFO - [2024-03-04T23:00:44.815+0530] {dag.py:3823} INFO - Setting next_dagrun for THE_second_dag to 2024-02-29 00:06:00+00:00, run_after=2024-02-29 00:08:00+00:00
[2024-03-04T23:00:44.868+0530] {processor.py:183} INFO - Processing /home/arun/airflow/dags/first-dag-1.py took 0.139 seconds
[2024-03-04T23:02:08.540+0530] {processor.py:161} INFO - Started process (PID=6147) to work on /home/arun/airflow/dags/first-dag-1.py
[2024-03-04T23:02:08.542+0530] {processor.py:830} INFO - Processing file /home/arun/airflow/dags/first-dag-1.py for tasks to queue
[2024-03-04T23:02:08.544+0530] {logging_mixin.py:188} INFO - [2024-03-04T23:02:08.543+0530] {dagbag.py:538} INFO - Filling up the DagBag from /home/arun/airflow/dags/first-dag-1.py
[2024-03-04T23:02:08.555+0530] {processor.py:840} INFO - DAG(s) 'THE_second_dag' retrieved from /home/arun/airflow/dags/first-dag-1.py
[2024-03-04T23:02:08.747+0530] {logging_mixin.py:188} INFO - [2024-03-04T23:02:08.747+0530] {dag.py:3036} INFO - Sync 1 DAGs
[2024-03-04T23:02:08.786+0530] {logging_mixin.py:188} INFO - [2024-03-04T23:02:08.786+0530] {dag.py:3823} INFO - Setting next_dagrun for THE_second_dag to 2024-02-29 00:06:00+00:00, run_after=2024-02-29 00:08:00+00:00
[2024-03-04T23:02:08.914+0530] {processor.py:183} INFO - Processing /home/arun/airflow/dags/first-dag-1.py took 0.379 seconds
[2024-03-04T23:02:53.164+0530] {processor.py:161} INFO - Started process (PID=6255) to work on /home/arun/airflow/dags/first-dag-1.py
[2024-03-04T23:02:53.166+0530] {processor.py:830} INFO - Processing file /home/arun/airflow/dags/first-dag-1.py for tasks to queue
[2024-03-04T23:02:53.168+0530] {logging_mixin.py:188} INFO - [2024-03-04T23:02:53.167+0530] {dagbag.py:538} INFO - Filling up the DagBag from /home/arun/airflow/dags/first-dag-1.py
[2024-03-04T23:02:53.177+0530] {processor.py:840} INFO - DAG(s) 'THE_second_dag' retrieved from /home/arun/airflow/dags/first-dag-1.py
[2024-03-04T23:02:53.202+0530] {logging_mixin.py:188} INFO - [2024-03-04T23:02:53.202+0530] {dag.py:3036} INFO - Sync 1 DAGs
[2024-03-04T23:02:53.236+0530] {logging_mixin.py:188} INFO - [2024-03-04T23:02:53.236+0530] {dag.py:3823} INFO - Setting next_dagrun for THE_second_dag to 2024-02-29 00:06:00+00:00, run_after=2024-02-29 00:08:00+00:00
[2024-03-04T23:02:53.285+0530] {processor.py:183} INFO - Processing /home/arun/airflow/dags/first-dag-1.py took 0.127 seconds
[2024-03-04T23:03:48.929+0530] {processor.py:161} INFO - Started process (PID=6682) to work on /home/arun/airflow/dags/first-dag-1.py
[2024-03-04T23:03:48.961+0530] {processor.py:830} INFO - Processing file /home/arun/airflow/dags/first-dag-1.py for tasks to queue
[2024-03-04T23:03:48.962+0530] {logging_mixin.py:188} INFO - [2024-03-04T23:03:48.962+0530] {dagbag.py:538} INFO - Filling up the DagBag from /home/arun/airflow/dags/first-dag-1.py
[2024-03-04T23:03:48.969+0530] {processor.py:840} INFO - DAG(s) 'THE_second_dag' retrieved from /home/arun/airflow/dags/first-dag-1.py
[2024-03-04T23:03:49.015+0530] {logging_mixin.py:188} INFO - [2024-03-04T23:03:49.015+0530] {dag.py:3036} INFO - Sync 1 DAGs
[2024-03-04T23:03:49.045+0530] {logging_mixin.py:188} INFO - [2024-03-04T23:03:49.045+0530] {dag.py:3823} INFO - Setting next_dagrun for THE_second_dag to 2024-02-29 00:06:00+00:00, run_after=2024-02-29 00:08:00+00:00
[2024-03-04T23:03:49.079+0530] {processor.py:183} INFO - Processing /home/arun/airflow/dags/first-dag-1.py took 0.153 seconds
[2024-03-04T23:04:46.373+0530] {processor.py:161} INFO - Started process (PID=6756) to work on /home/arun/airflow/dags/first-dag-1.py
[2024-03-04T23:04:46.412+0530] {processor.py:830} INFO - Processing file /home/arun/airflow/dags/first-dag-1.py for tasks to queue
[2024-03-04T23:04:46.421+0530] {logging_mixin.py:188} INFO - [2024-03-04T23:04:46.421+0530] {dagbag.py:538} INFO - Filling up the DagBag from /home/arun/airflow/dags/first-dag-1.py
[2024-03-04T23:04:46.468+0530] {processor.py:840} INFO - DAG(s) 'THE_second_dag' retrieved from /home/arun/airflow/dags/first-dag-1.py
[2024-03-04T23:04:46.756+0530] {logging_mixin.py:188} INFO - [2024-03-04T23:04:46.756+0530] {dag.py:3036} INFO - Sync 1 DAGs
[2024-03-04T23:04:46.831+0530] {logging_mixin.py:188} INFO - [2024-03-04T23:04:46.830+0530] {dag.py:3823} INFO - Setting next_dagrun for THE_second_dag to 2024-02-29 00:06:00+00:00, run_after=2024-02-29 00:08:00+00:00
[2024-03-04T23:04:46.985+0530] {processor.py:183} INFO - Processing /home/arun/airflow/dags/first-dag-1.py took 0.618 seconds
[2024-03-04T23:05:44.100+0530] {processor.py:161} INFO - Started process (PID=6883) to work on /home/arun/airflow/dags/first-dag-1.py
[2024-03-04T23:05:44.114+0530] {processor.py:830} INFO - Processing file /home/arun/airflow/dags/first-dag-1.py for tasks to queue
[2024-03-04T23:05:44.115+0530] {logging_mixin.py:188} INFO - [2024-03-04T23:05:44.115+0530] {dagbag.py:538} INFO - Filling up the DagBag from /home/arun/airflow/dags/first-dag-1.py
[2024-03-04T23:05:44.124+0530] {processor.py:840} INFO - DAG(s) 'THE_second_dag' retrieved from /home/arun/airflow/dags/first-dag-1.py
[2024-03-04T23:05:44.150+0530] {logging_mixin.py:188} INFO - [2024-03-04T23:05:44.150+0530] {dag.py:3036} INFO - Sync 1 DAGs
[2024-03-04T23:05:44.183+0530] {logging_mixin.py:188} INFO - [2024-03-04T23:05:44.182+0530] {dag.py:3823} INFO - Setting next_dagrun for THE_second_dag to 2024-02-29 00:06:00+00:00, run_after=2024-02-29 00:08:00+00:00
[2024-03-04T23:05:44.226+0530] {processor.py:183} INFO - Processing /home/arun/airflow/dags/first-dag-1.py took 0.129 seconds
[2024-03-04T23:06:31.331+0530] {processor.py:161} INFO - Started process (PID=6963) to work on /home/arun/airflow/dags/first-dag-1.py
[2024-03-04T23:06:31.333+0530] {processor.py:830} INFO - Processing file /home/arun/airflow/dags/first-dag-1.py for tasks to queue
[2024-03-04T23:06:31.334+0530] {logging_mixin.py:188} INFO - [2024-03-04T23:06:31.333+0530] {dagbag.py:538} INFO - Filling up the DagBag from /home/arun/airflow/dags/first-dag-1.py
[2024-03-04T23:06:31.341+0530] {processor.py:840} INFO - DAG(s) 'THE_second_dag' retrieved from /home/arun/airflow/dags/first-dag-1.py
[2024-03-04T23:06:31.471+0530] {logging_mixin.py:188} INFO - [2024-03-04T23:06:31.470+0530] {dag.py:3036} INFO - Sync 1 DAGs
[2024-03-04T23:06:31.491+0530] {logging_mixin.py:188} INFO - [2024-03-04T23:06:31.491+0530] {dag.py:3823} INFO - Setting next_dagrun for THE_second_dag to 2024-02-29 00:06:00+00:00, run_after=2024-02-29 00:08:00+00:00
[2024-03-04T23:06:31.557+0530] {processor.py:183} INFO - Processing /home/arun/airflow/dags/first-dag-1.py took 0.230 seconds
[2024-03-04T23:07:18.388+0530] {processor.py:161} INFO - Started process (PID=7068) to work on /home/arun/airflow/dags/first-dag-1.py
[2024-03-04T23:07:18.428+0530] {processor.py:830} INFO - Processing file /home/arun/airflow/dags/first-dag-1.py for tasks to queue
[2024-03-04T23:07:18.429+0530] {logging_mixin.py:188} INFO - [2024-03-04T23:07:18.429+0530] {dagbag.py:538} INFO - Filling up the DagBag from /home/arun/airflow/dags/first-dag-1.py
[2024-03-04T23:07:18.436+0530] {processor.py:840} INFO - DAG(s) 'THE_second_dag' retrieved from /home/arun/airflow/dags/first-dag-1.py
[2024-03-04T23:07:18.452+0530] {logging_mixin.py:188} INFO - [2024-03-04T23:07:18.452+0530] {dag.py:3036} INFO - Sync 1 DAGs
[2024-03-04T23:07:18.472+0530] {logging_mixin.py:188} INFO - [2024-03-04T23:07:18.471+0530] {dag.py:3823} INFO - Setting next_dagrun for THE_second_dag to 2024-02-29 00:06:00+00:00, run_after=2024-02-29 00:08:00+00:00
[2024-03-04T23:07:18.496+0530] {processor.py:183} INFO - Processing /home/arun/airflow/dags/first-dag-1.py took 0.112 seconds
[2024-03-04T23:08:03.982+0530] {processor.py:161} INFO - Started process (PID=7172) to work on /home/arun/airflow/dags/first-dag-1.py
[2024-03-04T23:08:03.985+0530] {processor.py:830} INFO - Processing file /home/arun/airflow/dags/first-dag-1.py for tasks to queue
[2024-03-04T23:08:03.986+0530] {logging_mixin.py:188} INFO - [2024-03-04T23:08:03.986+0530] {dagbag.py:538} INFO - Filling up the DagBag from /home/arun/airflow/dags/first-dag-1.py
[2024-03-04T23:08:03.999+0530] {processor.py:840} INFO - DAG(s) 'THE_second_dag' retrieved from /home/arun/airflow/dags/first-dag-1.py
[2024-03-04T23:08:04.275+0530] {logging_mixin.py:188} INFO - [2024-03-04T23:08:04.274+0530] {dag.py:3036} INFO - Sync 1 DAGs
[2024-03-04T23:08:04.304+0530] {logging_mixin.py:188} INFO - [2024-03-04T23:08:04.303+0530] {dag.py:3823} INFO - Setting next_dagrun for THE_second_dag to 2024-02-29 00:06:00+00:00, run_after=2024-02-29 00:08:00+00:00
[2024-03-04T23:08:04.438+0530] {processor.py:183} INFO - Processing /home/arun/airflow/dags/first-dag-1.py took 0.462 seconds
[2024-03-04T23:09:33.082+0530] {processor.py:161} INFO - Started process (PID=7344) to work on /home/arun/airflow/dags/first-dag-1.py
[2024-03-04T23:09:33.121+0530] {processor.py:830} INFO - Processing file /home/arun/airflow/dags/first-dag-1.py for tasks to queue
[2024-03-04T23:09:33.122+0530] {logging_mixin.py:188} INFO - [2024-03-04T23:09:33.122+0530] {dagbag.py:538} INFO - Filling up the DagBag from /home/arun/airflow/dags/first-dag-1.py
[2024-03-04T23:09:33.132+0530] {processor.py:840} INFO - DAG(s) 'THE_second_dag' retrieved from /home/arun/airflow/dags/first-dag-1.py
[2024-03-04T23:09:33.266+0530] {logging_mixin.py:188} INFO - [2024-03-04T23:09:33.265+0530] {dag.py:3036} INFO - Sync 1 DAGs
[2024-03-04T23:09:33.295+0530] {logging_mixin.py:188} INFO - [2024-03-04T23:09:33.295+0530] {dag.py:3823} INFO - Setting next_dagrun for THE_second_dag to 2024-02-29 00:06:00+00:00, run_after=2024-02-29 00:08:00+00:00
[2024-03-04T23:09:33.376+0530] {processor.py:183} INFO - Processing /home/arun/airflow/dags/first-dag-1.py took 0.299 seconds
[2024-03-04T23:10:17.799+0530] {processor.py:161} INFO - Started process (PID=7431) to work on /home/arun/airflow/dags/first-dag-1.py
[2024-03-04T23:10:17.800+0530] {processor.py:830} INFO - Processing file /home/arun/airflow/dags/first-dag-1.py for tasks to queue
[2024-03-04T23:10:17.801+0530] {logging_mixin.py:188} INFO - [2024-03-04T23:10:17.801+0530] {dagbag.py:538} INFO - Filling up the DagBag from /home/arun/airflow/dags/first-dag-1.py
[2024-03-04T23:10:17.808+0530] {processor.py:840} INFO - DAG(s) 'THE_second_dag' retrieved from /home/arun/airflow/dags/first-dag-1.py
[2024-03-04T23:10:17.825+0530] {logging_mixin.py:188} INFO - [2024-03-04T23:10:17.824+0530] {dag.py:3036} INFO - Sync 1 DAGs
[2024-03-04T23:10:17.848+0530] {logging_mixin.py:188} INFO - [2024-03-04T23:10:17.848+0530] {dag.py:3823} INFO - Setting next_dagrun for THE_second_dag to 2024-02-29 00:06:00+00:00, run_after=2024-02-29 00:08:00+00:00
[2024-03-04T23:10:17.882+0530] {processor.py:183} INFO - Processing /home/arun/airflow/dags/first-dag-1.py took 0.087 seconds
[2024-03-04T23:11:00.908+0530] {processor.py:161} INFO - Started process (PID=7511) to work on /home/arun/airflow/dags/first-dag-1.py
[2024-03-04T23:11:00.910+0530] {processor.py:830} INFO - Processing file /home/arun/airflow/dags/first-dag-1.py for tasks to queue
[2024-03-04T23:11:00.911+0530] {logging_mixin.py:188} INFO - [2024-03-04T23:11:00.911+0530] {dagbag.py:538} INFO - Filling up the DagBag from /home/arun/airflow/dags/first-dag-1.py
[2024-03-04T23:11:00.922+0530] {processor.py:840} INFO - DAG(s) 'THE_second_dag' retrieved from /home/arun/airflow/dags/first-dag-1.py
[2024-03-04T23:11:01.083+0530] {logging_mixin.py:188} INFO - [2024-03-04T23:11:01.082+0530] {dag.py:3036} INFO - Sync 1 DAGs
[2024-03-04T23:11:01.114+0530] {logging_mixin.py:188} INFO - [2024-03-04T23:11:01.114+0530] {dag.py:3823} INFO - Setting next_dagrun for THE_second_dag to 2024-02-29 00:06:00+00:00, run_after=2024-02-29 00:08:00+00:00
[2024-03-04T23:11:01.150+0530] {processor.py:183} INFO - Processing /home/arun/airflow/dags/first-dag-1.py took 0.248 seconds
[2024-03-04T23:12:39.397+0530] {processor.py:161} INFO - Started process (PID=7737) to work on /home/arun/airflow/dags/first-dag-1.py
[2024-03-04T23:12:39.412+0530] {processor.py:830} INFO - Processing file /home/arun/airflow/dags/first-dag-1.py for tasks to queue
[2024-03-04T23:12:39.414+0530] {logging_mixin.py:188} INFO - [2024-03-04T23:12:39.413+0530] {dagbag.py:538} INFO - Filling up the DagBag from /home/arun/airflow/dags/first-dag-1.py
[2024-03-04T23:12:39.427+0530] {processor.py:840} INFO - DAG(s) 'THE_second_dag' retrieved from /home/arun/airflow/dags/first-dag-1.py
[2024-03-04T23:12:39.463+0530] {logging_mixin.py:188} INFO - [2024-03-04T23:12:39.463+0530] {dag.py:3036} INFO - Sync 1 DAGs
[2024-03-04T23:12:39.521+0530] {logging_mixin.py:188} INFO - [2024-03-04T23:12:39.521+0530] {dag.py:3823} INFO - Setting next_dagrun for THE_second_dag to 2024-02-29 00:06:00+00:00, run_after=2024-02-29 00:08:00+00:00
[2024-03-04T23:12:39.552+0530] {processor.py:183} INFO - Processing /home/arun/airflow/dags/first-dag-1.py took 0.161 seconds
[2024-03-04T23:13:30.983+0530] {processor.py:161} INFO - Started process (PID=7880) to work on /home/arun/airflow/dags/first-dag-1.py
[2024-03-04T23:13:31.025+0530] {processor.py:830} INFO - Processing file /home/arun/airflow/dags/first-dag-1.py for tasks to queue
[2024-03-04T23:13:31.027+0530] {logging_mixin.py:188} INFO - [2024-03-04T23:13:31.026+0530] {dagbag.py:538} INFO - Filling up the DagBag from /home/arun/airflow/dags/first-dag-1.py
[2024-03-04T23:13:31.053+0530] {processor.py:840} INFO - DAG(s) 'THE_second_dag' retrieved from /home/arun/airflow/dags/first-dag-1.py
[2024-03-04T23:13:31.425+0530] {logging_mixin.py:188} INFO - [2024-03-04T23:13:31.424+0530] {dag.py:3036} INFO - Sync 1 DAGs
[2024-03-04T23:13:31.489+0530] {logging_mixin.py:188} INFO - [2024-03-04T23:13:31.489+0530] {dag.py:3823} INFO - Setting next_dagrun for THE_second_dag to 2024-02-29 00:06:00+00:00, run_after=2024-02-29 00:08:00+00:00
[2024-03-04T23:13:31.601+0530] {processor.py:183} INFO - Processing /home/arun/airflow/dags/first-dag-1.py took 0.649 seconds
[2024-03-04T23:14:20.232+0530] {processor.py:161} INFO - Started process (PID=7977) to work on /home/arun/airflow/dags/first-dag-1.py
[2024-03-04T23:14:20.234+0530] {processor.py:830} INFO - Processing file /home/arun/airflow/dags/first-dag-1.py for tasks to queue
[2024-03-04T23:14:20.236+0530] {logging_mixin.py:188} INFO - [2024-03-04T23:14:20.235+0530] {dagbag.py:538} INFO - Filling up the DagBag from /home/arun/airflow/dags/first-dag-1.py
[2024-03-04T23:14:20.246+0530] {processor.py:840} INFO - DAG(s) 'THE_second_dag' retrieved from /home/arun/airflow/dags/first-dag-1.py
[2024-03-04T23:14:20.268+0530] {logging_mixin.py:188} INFO - [2024-03-04T23:14:20.267+0530] {dag.py:3036} INFO - Sync 1 DAGs
[2024-03-04T23:14:20.339+0530] {logging_mixin.py:188} INFO - [2024-03-04T23:14:20.339+0530] {dag.py:3823} INFO - Setting next_dagrun for THE_second_dag to 2024-02-29 00:06:00+00:00, run_after=2024-02-29 00:08:00+00:00
[2024-03-04T23:14:20.407+0530] {processor.py:183} INFO - Processing /home/arun/airflow/dags/first-dag-1.py took 0.179 seconds
[2024-03-04T23:15:07.226+0530] {processor.py:161} INFO - Started process (PID=8066) to work on /home/arun/airflow/dags/first-dag-1.py
[2024-03-04T23:15:07.228+0530] {processor.py:830} INFO - Processing file /home/arun/airflow/dags/first-dag-1.py for tasks to queue
[2024-03-04T23:15:07.230+0530] {logging_mixin.py:188} INFO - [2024-03-04T23:15:07.229+0530] {dagbag.py:538} INFO - Filling up the DagBag from /home/arun/airflow/dags/first-dag-1.py
[2024-03-04T23:15:07.242+0530] {processor.py:840} INFO - DAG(s) 'THE_second_dag' retrieved from /home/arun/airflow/dags/first-dag-1.py
[2024-03-04T23:15:07.441+0530] {logging_mixin.py:188} INFO - [2024-03-04T23:15:07.441+0530] {dag.py:3036} INFO - Sync 1 DAGs
[2024-03-04T23:15:07.486+0530] {logging_mixin.py:188} INFO - [2024-03-04T23:15:07.485+0530] {dag.py:3823} INFO - Setting next_dagrun for THE_second_dag to 2024-02-29 00:06:00+00:00, run_after=2024-02-29 00:08:00+00:00
[2024-03-04T23:15:07.530+0530] {processor.py:183} INFO - Processing /home/arun/airflow/dags/first-dag-1.py took 0.310 seconds
[2024-03-04T23:15:55.581+0530] {processor.py:161} INFO - Started process (PID=8168) to work on /home/arun/airflow/dags/first-dag-1.py
[2024-03-04T23:15:55.589+0530] {processor.py:830} INFO - Processing file /home/arun/airflow/dags/first-dag-1.py for tasks to queue
[2024-03-04T23:15:55.591+0530] {logging_mixin.py:188} INFO - [2024-03-04T23:15:55.590+0530] {dagbag.py:538} INFO - Filling up the DagBag from /home/arun/airflow/dags/first-dag-1.py
[2024-03-04T23:15:55.640+0530] {processor.py:840} INFO - DAG(s) 'THE_second_dag' retrieved from /home/arun/airflow/dags/first-dag-1.py
[2024-03-04T23:15:55.669+0530] {logging_mixin.py:188} INFO - [2024-03-04T23:15:55.669+0530] {dag.py:3036} INFO - Sync 1 DAGs
[2024-03-04T23:15:55.727+0530] {logging_mixin.py:188} INFO - [2024-03-04T23:15:55.727+0530] {dag.py:3823} INFO - Setting next_dagrun for THE_second_dag to 2024-02-29 00:06:00+00:00, run_after=2024-02-29 00:08:00+00:00
[2024-03-04T23:15:55.801+0530] {processor.py:183} INFO - Processing /home/arun/airflow/dags/first-dag-1.py took 0.226 seconds
[2024-03-04T23:16:58.788+0530] {processor.py:161} INFO - Started process (PID=8287) to work on /home/arun/airflow/dags/first-dag-1.py
[2024-03-04T23:16:58.805+0530] {processor.py:830} INFO - Processing file /home/arun/airflow/dags/first-dag-1.py for tasks to queue
[2024-03-04T23:16:58.807+0530] {logging_mixin.py:188} INFO - [2024-03-04T23:16:58.806+0530] {dagbag.py:538} INFO - Filling up the DagBag from /home/arun/airflow/dags/first-dag-1.py
[2024-03-04T23:16:58.819+0530] {processor.py:840} INFO - DAG(s) 'THE_second_dag' retrieved from /home/arun/airflow/dags/first-dag-1.py
[2024-03-04T23:16:59.024+0530] {logging_mixin.py:188} INFO - [2024-03-04T23:16:59.023+0530] {dag.py:3036} INFO - Sync 1 DAGs
[2024-03-04T23:16:59.060+0530] {logging_mixin.py:188} INFO - [2024-03-04T23:16:59.059+0530] {dag.py:3823} INFO - Setting next_dagrun for THE_second_dag to 2024-02-29 00:06:00+00:00, run_after=2024-02-29 00:08:00+00:00
[2024-03-04T23:16:59.101+0530] {processor.py:183} INFO - Processing /home/arun/airflow/dags/first-dag-1.py took 0.319 seconds
[2024-03-04T23:17:53.389+0530] {processor.py:161} INFO - Started process (PID=8405) to work on /home/arun/airflow/dags/first-dag-1.py
[2024-03-04T23:17:53.431+0530] {processor.py:830} INFO - Processing file /home/arun/airflow/dags/first-dag-1.py for tasks to queue
[2024-03-04T23:17:53.433+0530] {logging_mixin.py:188} INFO - [2024-03-04T23:17:53.432+0530] {dagbag.py:538} INFO - Filling up the DagBag from /home/arun/airflow/dags/first-dag-1.py
[2024-03-04T23:17:53.447+0530] {processor.py:840} INFO - DAG(s) 'THE_second_dag' retrieved from /home/arun/airflow/dags/first-dag-1.py
[2024-03-04T23:17:53.537+0530] {logging_mixin.py:188} INFO - [2024-03-04T23:17:53.536+0530] {dag.py:3036} INFO - Sync 1 DAGs
[2024-03-04T23:17:53.621+0530] {logging_mixin.py:188} INFO - [2024-03-04T23:17:53.621+0530] {dag.py:3823} INFO - Setting next_dagrun for THE_second_dag to 2024-02-29 00:06:00+00:00, run_after=2024-02-29 00:08:00+00:00
[2024-03-04T23:17:53.660+0530] {processor.py:183} INFO - Processing /home/arun/airflow/dags/first-dag-1.py took 0.280 seconds
[2024-03-04T23:18:43.060+0530] {processor.py:161} INFO - Started process (PID=8505) to work on /home/arun/airflow/dags/first-dag-1.py
[2024-03-04T23:18:43.062+0530] {processor.py:830} INFO - Processing file /home/arun/airflow/dags/first-dag-1.py for tasks to queue
[2024-03-04T23:18:43.064+0530] {logging_mixin.py:188} INFO - [2024-03-04T23:18:43.063+0530] {dagbag.py:538} INFO - Filling up the DagBag from /home/arun/airflow/dags/first-dag-1.py
[2024-03-04T23:18:43.075+0530] {processor.py:840} INFO - DAG(s) 'THE_second_dag' retrieved from /home/arun/airflow/dags/first-dag-1.py
[2024-03-04T23:18:43.254+0530] {logging_mixin.py:188} INFO - [2024-03-04T23:18:43.254+0530] {dag.py:3036} INFO - Sync 1 DAGs
[2024-03-04T23:18:43.331+0530] {logging_mixin.py:188} INFO - [2024-03-04T23:18:43.331+0530] {dag.py:3823} INFO - Setting next_dagrun for THE_second_dag to 2024-02-29 00:06:00+00:00, run_after=2024-02-29 00:08:00+00:00
[2024-03-04T23:18:43.417+0530] {processor.py:183} INFO - Processing /home/arun/airflow/dags/first-dag-1.py took 0.363 seconds
[2024-03-04T23:19:27.582+0530] {processor.py:161} INFO - Started process (PID=8599) to work on /home/arun/airflow/dags/first-dag-1.py
[2024-03-04T23:19:27.622+0530] {processor.py:830} INFO - Processing file /home/arun/airflow/dags/first-dag-1.py for tasks to queue
[2024-03-04T23:19:27.625+0530] {logging_mixin.py:188} INFO - [2024-03-04T23:19:27.624+0530] {dagbag.py:538} INFO - Filling up the DagBag from /home/arun/airflow/dags/first-dag-1.py
[2024-03-04T23:19:27.643+0530] {processor.py:840} INFO - DAG(s) 'THE_second_dag' retrieved from /home/arun/airflow/dags/first-dag-1.py
[2024-03-04T23:19:27.661+0530] {logging_mixin.py:188} INFO - [2024-03-04T23:19:27.660+0530] {dag.py:3036} INFO - Sync 1 DAGs
[2024-03-04T23:19:27.693+0530] {logging_mixin.py:188} INFO - [2024-03-04T23:19:27.693+0530] {dag.py:3823} INFO - Setting next_dagrun for THE_second_dag to 2024-02-29 00:06:00+00:00, run_after=2024-02-29 00:08:00+00:00
[2024-03-04T23:19:27.734+0530] {processor.py:183} INFO - Processing /home/arun/airflow/dags/first-dag-1.py took 0.156 seconds
[2024-03-04T23:20:12.628+0530] {processor.py:161} INFO - Started process (PID=8696) to work on /home/arun/airflow/dags/first-dag-1.py
[2024-03-04T23:20:12.630+0530] {processor.py:830} INFO - Processing file /home/arun/airflow/dags/first-dag-1.py for tasks to queue
[2024-03-04T23:20:12.631+0530] {logging_mixin.py:188} INFO - [2024-03-04T23:20:12.630+0530] {dagbag.py:538} INFO - Filling up the DagBag from /home/arun/airflow/dags/first-dag-1.py
[2024-03-04T23:20:12.639+0530] {processor.py:840} INFO - DAG(s) 'THE_second_dag' retrieved from /home/arun/airflow/dags/first-dag-1.py
[2024-03-04T23:20:12.657+0530] {logging_mixin.py:188} INFO - [2024-03-04T23:20:12.657+0530] {dag.py:3036} INFO - Sync 1 DAGs
[2024-03-04T23:20:12.679+0530] {logging_mixin.py:188} INFO - [2024-03-04T23:20:12.679+0530] {dag.py:3823} INFO - Setting next_dagrun for THE_second_dag to 2024-02-29 00:06:00+00:00, run_after=2024-02-29 00:08:00+00:00
[2024-03-04T23:20:12.707+0530] {processor.py:183} INFO - Processing /home/arun/airflow/dags/first-dag-1.py took 0.083 seconds
[2024-03-04T23:21:03.459+0530] {processor.py:161} INFO - Started process (PID=8786) to work on /home/arun/airflow/dags/first-dag-1.py
[2024-03-04T23:21:03.498+0530] {processor.py:830} INFO - Processing file /home/arun/airflow/dags/first-dag-1.py for tasks to queue
[2024-03-04T23:21:03.500+0530] {logging_mixin.py:188} INFO - [2024-03-04T23:21:03.499+0530] {dagbag.py:538} INFO - Filling up the DagBag from /home/arun/airflow/dags/first-dag-1.py
[2024-03-04T23:21:03.510+0530] {processor.py:840} INFO - DAG(s) 'THE_second_dag' retrieved from /home/arun/airflow/dags/first-dag-1.py
[2024-03-04T23:21:03.682+0530] {logging_mixin.py:188} INFO - [2024-03-04T23:21:03.681+0530] {dag.py:3036} INFO - Sync 1 DAGs
[2024-03-04T23:21:03.706+0530] {logging_mixin.py:188} INFO - [2024-03-04T23:21:03.705+0530] {dag.py:3823} INFO - Setting next_dagrun for THE_second_dag to 2024-02-29 00:06:00+00:00, run_after=2024-02-29 00:08:00+00:00
[2024-03-04T23:21:03.783+0530] {processor.py:183} INFO - Processing /home/arun/airflow/dags/first-dag-1.py took 0.329 seconds
[2024-03-04T23:21:55.620+0530] {processor.py:161} INFO - Started process (PID=8890) to work on /home/arun/airflow/dags/first-dag-1.py
[2024-03-04T23:21:55.643+0530] {processor.py:830} INFO - Processing file /home/arun/airflow/dags/first-dag-1.py for tasks to queue
[2024-03-04T23:21:55.645+0530] {logging_mixin.py:188} INFO - [2024-03-04T23:21:55.644+0530] {dagbag.py:538} INFO - Filling up the DagBag from /home/arun/airflow/dags/first-dag-1.py
[2024-03-04T23:21:55.653+0530] {processor.py:840} INFO - DAG(s) 'THE_second_dag' retrieved from /home/arun/airflow/dags/first-dag-1.py
[2024-03-04T23:21:55.671+0530] {logging_mixin.py:188} INFO - [2024-03-04T23:21:55.671+0530] {dag.py:3036} INFO - Sync 1 DAGs
[2024-03-04T23:21:55.694+0530] {logging_mixin.py:188} INFO - [2024-03-04T23:21:55.693+0530] {dag.py:3823} INFO - Setting next_dagrun for THE_second_dag to 2024-02-29 00:06:00+00:00, run_after=2024-02-29 00:08:00+00:00
[2024-03-04T23:21:55.722+0530] {processor.py:183} INFO - Processing /home/arun/airflow/dags/first-dag-1.py took 0.105 seconds
[2024-03-04T23:22:50.474+0530] {processor.py:161} INFO - Started process (PID=9089) to work on /home/arun/airflow/dags/first-dag-1.py
[2024-03-04T23:22:50.514+0530] {processor.py:830} INFO - Processing file /home/arun/airflow/dags/first-dag-1.py for tasks to queue
[2024-03-04T23:22:50.517+0530] {logging_mixin.py:188} INFO - [2024-03-04T23:22:50.517+0530] {dagbag.py:538} INFO - Filling up the DagBag from /home/arun/airflow/dags/first-dag-1.py
[2024-03-04T23:22:50.542+0530] {processor.py:840} INFO - DAG(s) 'THE_second_dag' retrieved from /home/arun/airflow/dags/first-dag-1.py
[2024-03-04T23:22:50.755+0530] {logging_mixin.py:188} INFO - [2024-03-04T23:22:50.755+0530] {dag.py:3036} INFO - Sync 1 DAGs
[2024-03-04T23:22:50.842+0530] {logging_mixin.py:188} INFO - [2024-03-04T23:22:50.842+0530] {dag.py:3823} INFO - Setting next_dagrun for THE_second_dag to 2024-02-29 00:06:00+00:00, run_after=2024-02-29 00:08:00+00:00
[2024-03-04T23:22:51.233+0530] {processor.py:183} INFO - Processing /home/arun/airflow/dags/first-dag-1.py took 0.767 seconds
[2024-03-04T23:23:53.984+0530] {processor.py:161} INFO - Started process (PID=9265) to work on /home/arun/airflow/dags/first-dag-1.py
[2024-03-04T23:23:54.097+0530] {processor.py:830} INFO - Processing file /home/arun/airflow/dags/first-dag-1.py for tasks to queue
[2024-03-04T23:23:54.100+0530] {logging_mixin.py:188} INFO - [2024-03-04T23:23:54.099+0530] {dagbag.py:538} INFO - Filling up the DagBag from /home/arun/airflow/dags/first-dag-1.py
[2024-03-04T23:23:54.119+0530] {processor.py:840} INFO - DAG(s) 'THE_second_dag' retrieved from /home/arun/airflow/dags/first-dag-1.py
[2024-03-04T23:23:54.166+0530] {logging_mixin.py:188} INFO - [2024-03-04T23:23:54.165+0530] {dag.py:3036} INFO - Sync 1 DAGs
[2024-03-04T23:23:54.191+0530] {logging_mixin.py:188} INFO - [2024-03-04T23:23:54.191+0530] {dag.py:3823} INFO - Setting next_dagrun for THE_second_dag to 2024-02-29 00:06:00+00:00, run_after=2024-02-29 00:08:00+00:00
[2024-03-04T23:23:54.280+0530] {processor.py:183} INFO - Processing /home/arun/airflow/dags/first-dag-1.py took 0.302 seconds
[2024-03-04T23:25:05.431+0530] {processor.py:161} INFO - Started process (PID=9327) to work on /home/arun/airflow/dags/first-dag-1.py
[2024-03-04T23:25:05.565+0530] {processor.py:830} INFO - Processing file /home/arun/airflow/dags/first-dag-1.py for tasks to queue
[2024-03-04T23:25:05.574+0530] {logging_mixin.py:188} INFO - [2024-03-04T23:25:05.568+0530] {dagbag.py:538} INFO - Filling up the DagBag from /home/arun/airflow/dags/first-dag-1.py
[2024-03-04T23:25:05.603+0530] {processor.py:840} INFO - DAG(s) 'THE_second_dag' retrieved from /home/arun/airflow/dags/first-dag-1.py
[2024-03-04T23:25:05.956+0530] {logging_mixin.py:188} INFO - [2024-03-04T23:25:05.956+0530] {dag.py:3036} INFO - Sync 1 DAGs
[2024-03-04T23:25:05.997+0530] {logging_mixin.py:188} INFO - [2024-03-04T23:25:05.996+0530] {dag.py:3823} INFO - Setting next_dagrun for THE_second_dag to 2024-02-29 00:06:00+00:00, run_after=2024-02-29 00:08:00+00:00
[2024-03-04T23:25:06.165+0530] {processor.py:183} INFO - Processing /home/arun/airflow/dags/first-dag-1.py took 0.754 seconds
[2024-03-04T23:26:27.198+0530] {processor.py:161} INFO - Started process (PID=10056) to work on /home/arun/airflow/dags/first-dag-1.py
[2024-03-04T23:26:27.245+0530] {processor.py:830} INFO - Processing file /home/arun/airflow/dags/first-dag-1.py for tasks to queue
[2024-03-04T23:26:27.250+0530] {logging_mixin.py:188} INFO - [2024-03-04T23:26:27.250+0530] {dagbag.py:538} INFO - Filling up the DagBag from /home/arun/airflow/dags/first-dag-1.py
[2024-03-04T23:26:27.271+0530] {processor.py:840} INFO - DAG(s) 'THE_second_dag' retrieved from /home/arun/airflow/dags/first-dag-1.py
[2024-03-04T23:26:27.317+0530] {logging_mixin.py:188} INFO - [2024-03-04T23:26:27.316+0530] {dag.py:3036} INFO - Sync 1 DAGs
[2024-03-04T23:26:27.374+0530] {logging_mixin.py:188} INFO - [2024-03-04T23:26:27.374+0530] {dag.py:3823} INFO - Setting next_dagrun for THE_second_dag to 2024-02-29 00:06:00+00:00, run_after=2024-02-29 00:08:00+00:00
[2024-03-04T23:26:27.558+0530] {processor.py:183} INFO - Processing /home/arun/airflow/dags/first-dag-1.py took 0.366 seconds
[2024-03-04T23:27:33.459+0530] {processor.py:161} INFO - Started process (PID=10276) to work on /home/arun/airflow/dags/first-dag-1.py
[2024-03-04T23:27:33.535+0530] {processor.py:830} INFO - Processing file /home/arun/airflow/dags/first-dag-1.py for tasks to queue
[2024-03-04T23:27:33.539+0530] {logging_mixin.py:188} INFO - [2024-03-04T23:27:33.536+0530] {dagbag.py:538} INFO - Filling up the DagBag from /home/arun/airflow/dags/first-dag-1.py
[2024-03-04T23:27:33.562+0530] {processor.py:840} INFO - DAG(s) 'THE_second_dag' retrieved from /home/arun/airflow/dags/first-dag-1.py
[2024-03-04T23:27:33.920+0530] {logging_mixin.py:188} INFO - [2024-03-04T23:27:33.920+0530] {dag.py:3036} INFO - Sync 1 DAGs
[2024-03-04T23:27:33.995+0530] {logging_mixin.py:188} INFO - [2024-03-04T23:27:33.995+0530] {dag.py:3823} INFO - Setting next_dagrun for THE_second_dag to 2024-02-29 00:06:00+00:00, run_after=2024-02-29 00:08:00+00:00
[2024-03-04T23:27:34.106+0530] {processor.py:183} INFO - Processing /home/arun/airflow/dags/first-dag-1.py took 0.669 seconds
[2024-03-04T23:28:25.883+0530] {processor.py:161} INFO - Started process (PID=10355) to work on /home/arun/airflow/dags/first-dag-1.py
[2024-03-04T23:28:25.889+0530] {processor.py:830} INFO - Processing file /home/arun/airflow/dags/first-dag-1.py for tasks to queue
[2024-03-04T23:28:25.894+0530] {logging_mixin.py:188} INFO - [2024-03-04T23:28:25.892+0530] {dagbag.py:538} INFO - Filling up the DagBag from /home/arun/airflow/dags/first-dag-1.py
[2024-03-04T23:28:25.927+0530] {processor.py:840} INFO - DAG(s) 'THE_second_dag' retrieved from /home/arun/airflow/dags/first-dag-1.py
[2024-03-04T23:28:26.044+0530] {logging_mixin.py:188} INFO - [2024-03-04T23:28:26.039+0530] {dag.py:3036} INFO - Sync 1 DAGs
[2024-03-04T23:28:26.163+0530] {logging_mixin.py:188} INFO - [2024-03-04T23:28:26.162+0530] {dag.py:3823} INFO - Setting next_dagrun for THE_second_dag to 2024-02-29 00:06:00+00:00, run_after=2024-02-29 00:08:00+00:00
[2024-03-04T23:28:26.231+0530] {processor.py:183} INFO - Processing /home/arun/airflow/dags/first-dag-1.py took 0.360 seconds
[2024-03-04T23:29:11.813+0530] {processor.py:161} INFO - Started process (PID=10443) to work on /home/arun/airflow/dags/first-dag-1.py
[2024-03-04T23:29:11.815+0530] {processor.py:830} INFO - Processing file /home/arun/airflow/dags/first-dag-1.py for tasks to queue
[2024-03-04T23:29:11.817+0530] {logging_mixin.py:188} INFO - [2024-03-04T23:29:11.817+0530] {dagbag.py:538} INFO - Filling up the DagBag from /home/arun/airflow/dags/first-dag-1.py
[2024-03-04T23:29:11.826+0530] {processor.py:840} INFO - DAG(s) 'THE_second_dag' retrieved from /home/arun/airflow/dags/first-dag-1.py
[2024-03-04T23:29:11.981+0530] {logging_mixin.py:188} INFO - [2024-03-04T23:29:11.981+0530] {dag.py:3036} INFO - Sync 1 DAGs
[2024-03-04T23:29:12.013+0530] {logging_mixin.py:188} INFO - [2024-03-04T23:29:12.013+0530] {dag.py:3823} INFO - Setting next_dagrun for THE_second_dag to 2024-02-29 00:06:00+00:00, run_after=2024-02-29 00:08:00+00:00
[2024-03-04T23:29:12.074+0530] {processor.py:183} INFO - Processing /home/arun/airflow/dags/first-dag-1.py took 0.265 seconds
[2024-03-04T23:31:01.033+0530] {processor.py:161} INFO - Started process (PID=10748) to work on /home/arun/airflow/dags/first-dag-1.py
[2024-03-04T23:31:01.082+0530] {processor.py:830} INFO - Processing file /home/arun/airflow/dags/first-dag-1.py for tasks to queue
[2024-03-04T23:31:01.083+0530] {logging_mixin.py:188} INFO - [2024-03-04T23:31:01.083+0530] {dagbag.py:538} INFO - Filling up the DagBag from /home/arun/airflow/dags/first-dag-1.py
[2024-03-04T23:31:01.093+0530] {processor.py:840} INFO - DAG(s) 'THE_second_dag' retrieved from /home/arun/airflow/dags/first-dag-1.py
[2024-03-04T23:31:01.115+0530] {logging_mixin.py:188} INFO - [2024-03-04T23:31:01.115+0530] {dag.py:3036} INFO - Sync 1 DAGs
[2024-03-04T23:31:01.147+0530] {logging_mixin.py:188} INFO - [2024-03-04T23:31:01.147+0530] {dag.py:3823} INFO - Setting next_dagrun for THE_second_dag to 2024-02-29 00:06:00+00:00, run_after=2024-02-29 00:08:00+00:00
[2024-03-04T23:31:01.203+0530] {processor.py:183} INFO - Processing /home/arun/airflow/dags/first-dag-1.py took 0.175 seconds
[2024-03-04T23:31:57.833+0530] {processor.py:161} INFO - Started process (PID=10863) to work on /home/arun/airflow/dags/first-dag-1.py
[2024-03-04T23:31:57.885+0530] {processor.py:830} INFO - Processing file /home/arun/airflow/dags/first-dag-1.py for tasks to queue
[2024-03-04T23:31:57.887+0530] {logging_mixin.py:188} INFO - [2024-03-04T23:31:57.886+0530] {dagbag.py:538} INFO - Filling up the DagBag from /home/arun/airflow/dags/first-dag-1.py
[2024-03-04T23:31:57.900+0530] {processor.py:840} INFO - DAG(s) 'THE_second_dag' retrieved from /home/arun/airflow/dags/first-dag-1.py
[2024-03-04T23:31:58.098+0530] {logging_mixin.py:188} INFO - [2024-03-04T23:31:58.098+0530] {dag.py:3036} INFO - Sync 1 DAGs
[2024-03-04T23:31:58.134+0530] {logging_mixin.py:188} INFO - [2024-03-04T23:31:58.134+0530] {dag.py:3823} INFO - Setting next_dagrun for THE_second_dag to 2024-02-29 00:06:00+00:00, run_after=2024-02-29 00:08:00+00:00
[2024-03-04T23:31:58.232+0530] {processor.py:183} INFO - Processing /home/arun/airflow/dags/first-dag-1.py took 0.404 seconds
[2024-03-04T23:32:50.433+0530] {processor.py:161} INFO - Started process (PID=10960) to work on /home/arun/airflow/dags/first-dag-1.py
[2024-03-04T23:32:50.435+0530] {processor.py:830} INFO - Processing file /home/arun/airflow/dags/first-dag-1.py for tasks to queue
[2024-03-04T23:32:50.436+0530] {logging_mixin.py:188} INFO - [2024-03-04T23:32:50.435+0530] {dagbag.py:538} INFO - Filling up the DagBag from /home/arun/airflow/dags/first-dag-1.py
[2024-03-04T23:32:50.443+0530] {processor.py:840} INFO - DAG(s) 'THE_second_dag' retrieved from /home/arun/airflow/dags/first-dag-1.py
[2024-03-04T23:32:50.463+0530] {logging_mixin.py:188} INFO - [2024-03-04T23:32:50.463+0530] {dag.py:3036} INFO - Sync 1 DAGs
[2024-03-04T23:32:50.494+0530] {logging_mixin.py:188} INFO - [2024-03-04T23:32:50.493+0530] {dag.py:3823} INFO - Setting next_dagrun for THE_second_dag to 2024-02-29 00:06:00+00:00, run_after=2024-02-29 00:08:00+00:00
[2024-03-04T23:32:50.533+0530] {processor.py:183} INFO - Processing /home/arun/airflow/dags/first-dag-1.py took 0.103 seconds
[2024-03-04T23:33:42.136+0530] {processor.py:161} INFO - Started process (PID=11067) to work on /home/arun/airflow/dags/first-dag-1.py
[2024-03-04T23:33:42.169+0530] {processor.py:830} INFO - Processing file /home/arun/airflow/dags/first-dag-1.py for tasks to queue
[2024-03-04T23:33:42.173+0530] {logging_mixin.py:188} INFO - [2024-03-04T23:33:42.172+0530] {dagbag.py:538} INFO - Filling up the DagBag from /home/arun/airflow/dags/first-dag-1.py
[2024-03-04T23:33:42.185+0530] {processor.py:840} INFO - DAG(s) 'THE_second_dag' retrieved from /home/arun/airflow/dags/first-dag-1.py
[2024-03-04T23:33:42.340+0530] {logging_mixin.py:188} INFO - [2024-03-04T23:33:42.340+0530] {dag.py:3036} INFO - Sync 1 DAGs
[2024-03-04T23:33:42.373+0530] {logging_mixin.py:188} INFO - [2024-03-04T23:33:42.373+0530] {dag.py:3823} INFO - Setting next_dagrun for THE_second_dag to 2024-02-29 00:06:00+00:00, run_after=2024-02-29 00:08:00+00:00
[2024-03-04T23:33:42.416+0530] {processor.py:183} INFO - Processing /home/arun/airflow/dags/first-dag-1.py took 0.285 seconds
[2024-03-04T23:34:27.843+0530] {processor.py:161} INFO - Started process (PID=11147) to work on /home/arun/airflow/dags/first-dag-1.py
[2024-03-04T23:34:27.844+0530] {processor.py:830} INFO - Processing file /home/arun/airflow/dags/first-dag-1.py for tasks to queue
[2024-03-04T23:34:27.845+0530] {logging_mixin.py:188} INFO - [2024-03-04T23:34:27.845+0530] {dagbag.py:538} INFO - Filling up the DagBag from /home/arun/airflow/dags/first-dag-1.py
[2024-03-04T23:34:27.851+0530] {processor.py:840} INFO - DAG(s) 'THE_second_dag' retrieved from /home/arun/airflow/dags/first-dag-1.py
[2024-03-04T23:34:27.866+0530] {logging_mixin.py:188} INFO - [2024-03-04T23:34:27.865+0530] {dag.py:3036} INFO - Sync 1 DAGs
[2024-03-04T23:34:27.883+0530] {logging_mixin.py:188} INFO - [2024-03-04T23:34:27.883+0530] {dag.py:3823} INFO - Setting next_dagrun for THE_second_dag to 2024-02-29 00:06:00+00:00, run_after=2024-02-29 00:08:00+00:00
[2024-03-04T23:34:27.908+0530] {processor.py:183} INFO - Processing /home/arun/airflow/dags/first-dag-1.py took 0.068 seconds
[2024-03-04T23:35:18.802+0530] {processor.py:161} INFO - Started process (PID=11237) to work on /home/arun/airflow/dags/first-dag-1.py
[2024-03-04T23:35:18.838+0530] {processor.py:830} INFO - Processing file /home/arun/airflow/dags/first-dag-1.py for tasks to queue
[2024-03-04T23:35:18.839+0530] {logging_mixin.py:188} INFO - [2024-03-04T23:35:18.838+0530] {dagbag.py:538} INFO - Filling up the DagBag from /home/arun/airflow/dags/first-dag-1.py
[2024-03-04T23:35:18.847+0530] {processor.py:840} INFO - DAG(s) 'THE_second_dag' retrieved from /home/arun/airflow/dags/first-dag-1.py
[2024-03-04T23:35:18.967+0530] {logging_mixin.py:188} INFO - [2024-03-04T23:35:18.967+0530] {dag.py:3036} INFO - Sync 1 DAGs
[2024-03-04T23:35:19.015+0530] {logging_mixin.py:188} INFO - [2024-03-04T23:35:19.015+0530] {dag.py:3823} INFO - Setting next_dagrun for THE_second_dag to 2024-02-29 00:06:00+00:00, run_after=2024-02-29 00:08:00+00:00
[2024-03-04T23:35:19.052+0530] {processor.py:183} INFO - Processing /home/arun/airflow/dags/first-dag-1.py took 0.253 seconds
[2024-03-04T23:36:08.982+0530] {processor.py:161} INFO - Started process (PID=11356) to work on /home/arun/airflow/dags/first-dag-1.py
[2024-03-04T23:36:09.004+0530] {processor.py:830} INFO - Processing file /home/arun/airflow/dags/first-dag-1.py for tasks to queue
[2024-03-04T23:36:09.007+0530] {logging_mixin.py:188} INFO - [2024-03-04T23:36:09.006+0530] {dagbag.py:538} INFO - Filling up the DagBag from /home/arun/airflow/dags/first-dag-1.py
[2024-03-04T23:36:09.076+0530] {processor.py:840} INFO - DAG(s) 'THE_second_dag' retrieved from /home/arun/airflow/dags/first-dag-1.py
[2024-03-04T23:36:09.186+0530] {logging_mixin.py:188} INFO - [2024-03-04T23:36:09.185+0530] {dag.py:3036} INFO - Sync 1 DAGs
[2024-03-04T23:36:09.233+0530] {logging_mixin.py:188} INFO - [2024-03-04T23:36:09.233+0530] {dag.py:3823} INFO - Setting next_dagrun for THE_second_dag to 2024-02-29 00:06:00+00:00, run_after=2024-02-29 00:08:00+00:00
[2024-03-04T23:36:09.331+0530] {processor.py:183} INFO - Processing /home/arun/airflow/dags/first-dag-1.py took 0.377 seconds
