[2024-03-05T17:06:28.409+0530] {taskinstance.py:1956} INFO - Dependencies all met for dep_context=non-requeueable deps ti=<TaskInstance: Visualization_DAG.beam_pipeine scheduled__2024-03-05T11:33:00+00:00 [queued]>
[2024-03-05T17:06:28.415+0530] {taskinstance.py:1956} INFO - Dependencies all met for dep_context=requeueable deps ti=<TaskInstance: Visualization_DAG.beam_pipeine scheduled__2024-03-05T11:33:00+00:00 [queued]>
[2024-03-05T17:06:28.415+0530] {taskinstance.py:2170} INFO - Starting attempt 1 of 2
[2024-03-05T17:06:28.443+0530] {taskinstance.py:2191} INFO - Executing <Task(PythonOperator): beam_pipeine> on 2024-03-05 11:33:00+00:00
[2024-03-05T17:06:28.454+0530] {standard_task_runner.py:60} INFO - Started process 6756 to run task
[2024-03-05T17:06:28.458+0530] {standard_task_runner.py:87} INFO - Running: ['airflow', 'tasks', 'run', 'Visualization_DAG', 'beam_pipeine', 'scheduled__2024-03-05T11:33:00+00:00', '--job-id', '302', '--raw', '--subdir', 'DAGS_FOLDER/.ipynb_checkpoints/Analytics_data-checkpoint.py', '--cfg-path', '/tmp/tmpd12_4yji']
[2024-03-05T17:06:28.458+0530] {standard_task_runner.py:88} INFO - Job 302: Subtask beam_pipeine
[2024-03-05T17:06:28.558+0530] {task_command.py:423} INFO - Running <TaskInstance: Visualization_DAG.beam_pipeine scheduled__2024-03-05T11:33:00+00:00 [running]> on host arun-VM
[2024-03-05T17:06:28.635+0530] {taskinstance.py:2480} INFO - Exporting env vars: AIRFLOW_CTX_DAG_OWNER='admin' AIRFLOW_CTX_DAG_ID='Visualization_DAG' AIRFLOW_CTX_TASK_ID='beam_pipeine' AIRFLOW_CTX_EXECUTION_DATE='2024-03-05T11:33:00+00:00' AIRFLOW_CTX_TRY_NUMBER='1' AIRFLOW_CTX_DAG_RUN_ID='scheduled__2024-03-05T11:33:00+00:00'
[2024-03-05T17:06:29.421+0530] {translations.py:712} INFO - ==================== <function annotate_downstream_side_inputs at 0x7f9e2f4c70a0> ====================
[2024-03-05T17:06:29.422+0530] {translations.py:712} INFO - ==================== <function fix_side_input_pcoll_coders at 0x7f9e2f4c71c0> ====================
[2024-03-05T17:06:29.422+0530] {translations.py:712} INFO - ==================== <function pack_combiners at 0x7f9e2f4c76d0> ====================
[2024-03-05T17:06:29.423+0530] {translations.py:712} INFO - ==================== <function lift_combiners at 0x7f9e2f4c7760> ====================
[2024-03-05T17:06:29.423+0530] {translations.py:712} INFO - ==================== <function expand_sdf at 0x7f9e2f4c7910> ====================
[2024-03-05T17:06:29.424+0530] {translations.py:712} INFO - ==================== <function expand_gbk at 0x7f9e2f4c79a0> ====================
[2024-03-05T17:06:29.424+0530] {translations.py:712} INFO - ==================== <function sink_flattens at 0x7f9e2f4c7ac0> ====================
[2024-03-05T17:06:29.425+0530] {translations.py:712} INFO - ==================== <function greedily_fuse at 0x7f9e2f4c7b50> ====================
[2024-03-05T17:06:29.427+0530] {translations.py:712} INFO - ==================== <function read_to_impulse at 0x7f9e2f4c7be0> ====================
[2024-03-05T17:06:29.427+0530] {translations.py:712} INFO - ==================== <function impulse_to_input at 0x7f9e2f4c7c70> ====================
[2024-03-05T17:06:29.427+0530] {translations.py:712} INFO - ==================== <function sort_stages at 0x7f9e2f4c7eb0> ====================
[2024-03-05T17:06:29.428+0530] {translations.py:712} INFO - ==================== <function add_impulse_to_dangling_transforms at 0x7f9e2f4c8040> ====================
[2024-03-05T17:06:29.428+0530] {translations.py:712} INFO - ==================== <function setup_timer_mapping at 0x7f9e2f4c7e20> ====================
[2024-03-05T17:06:29.428+0530] {translations.py:712} INFO - ==================== <function populate_data_channel_coders at 0x7f9e2f4c7f40> ====================
[2024-03-05T17:06:29.431+0530] {statecache.py:234} INFO - Creating state cache with size 104857600
[2024-03-05T17:06:29.434+0530] {worker_handlers.py:922} INFO - Created Worker handler <apache_beam.runners.portability.fn_api_runner.worker_handlers.EmbeddedWorkerHandler object at 0x7f9e2f240700> for environment ref_Environment_default_environment_1 (beam:env:embedded_python:v1, b'')
[2024-03-05T17:06:29.831+0530] {logging_mixin.py:188} WARNING - /home/arun/airflow/dags/.ipynb_checkpoints/Analytics_data-checkpoint.py:44 DtypeWarning: Columns (9,10,18,23) have mixed types. Specify dtype option on import or set low_memory=False.
[2024-03-05T17:06:36.059+0530] {logging_mixin.py:188} WARNING - /home/arun/airflow/dags/.ipynb_checkpoints/Analytics_data-checkpoint.py:44 DtypeWarning: Columns (17,18,21) have mixed types. Specify dtype option on import or set low_memory=False.
[2024-03-05T17:06:45.381+0530] {logging_mixin.py:188} WARNING - /home/arun/airflow/dags/.ipynb_checkpoints/Analytics_data-checkpoint.py:44 DtypeWarning: Columns (8,9,10,12,13,17,18,19,21,23) have mixed types. Specify dtype option on import or set low_memory=False.
[2024-03-05T17:06:55.307+0530] {logging_mixin.py:188} WARNING - /home/arun/airflow/dags/.ipynb_checkpoints/Analytics_data-checkpoint.py:44 DtypeWarning: Columns (9,10,12) have mixed types. Specify dtype option on import or set low_memory=False.
[2024-03-05T17:06:59.035+0530] {filebasedsink.py:230} WARNING - Deleting 1 existing files in target path matching: -*-of-%(num_shards)05d
[2024-03-05T17:06:59.085+0530] {filebasedsink.py:310} INFO - Starting finalize_write threads with num_shards: 1 (skipped: 0), batches: 1, num_threads: 1
[2024-03-05T17:06:59.098+0530] {filebasedsink.py:357} INFO - Renamed 1 shards in 0.01 seconds.
[2024-03-05T17:06:59.126+0530] {python.py:201} INFO - Done. Returned value was: None
[2024-03-05T17:06:59.131+0530] {taskinstance.py:1138} INFO - Marking task as SUCCESS. dag_id=Visualization_DAG, task_id=beam_pipeine, execution_date=20240305T113300, start_date=20240305T113628, end_date=20240305T113659
[2024-03-05T17:06:59.243+0530] {local_task_job_runner.py:234} INFO - Task exited with return code 0
[2024-03-05T17:06:59.259+0530] {taskinstance.py:3280} INFO - 1 downstream tasks scheduled from follow-on schedule check
