[2024-03-05T16:52:09.067+0530] {taskinstance.py:1956} INFO - Dependencies all met for dep_context=non-requeueable deps ti=<TaskInstance: Visualization_DAG.plot_temp_wind scheduled__2024-03-05T11:18:00+00:00 [queued]>
[2024-03-05T16:52:09.075+0530] {taskinstance.py:1956} INFO - Dependencies all met for dep_context=requeueable deps ti=<TaskInstance: Visualization_DAG.plot_temp_wind scheduled__2024-03-05T11:18:00+00:00 [queued]>
[2024-03-05T16:52:09.075+0530] {taskinstance.py:2170} INFO - Starting attempt 1 of 2
[2024-03-05T16:52:09.104+0530] {taskinstance.py:2191} INFO - Executing <Task(PythonOperator): plot_temp_wind> on 2024-03-05 11:18:00+00:00
[2024-03-05T16:52:09.114+0530] {standard_task_runner.py:60} INFO - Started process 13756 to run task
[2024-03-05T16:52:09.128+0530] {standard_task_runner.py:87} INFO - Running: ['airflow', 'tasks', 'run', 'Visualization_DAG', 'plot_temp_wind', 'scheduled__2024-03-05T11:18:00+00:00', '--job-id', '289', '--raw', '--subdir', 'DAGS_FOLDER/.ipynb_checkpoints/Analytics_data-checkpoint.py', '--cfg-path', '/tmp/tmpswep37zh']
[2024-03-05T16:52:09.129+0530] {standard_task_runner.py:88} INFO - Job 289: Subtask plot_temp_wind
[2024-03-05T16:52:09.183+0530] {task_command.py:423} INFO - Running <TaskInstance: Visualization_DAG.plot_temp_wind scheduled__2024-03-05T11:18:00+00:00 [running]> on host arun-VM
[2024-03-05T16:52:09.256+0530] {taskinstance.py:2480} INFO - Exporting env vars: AIRFLOW_CTX_DAG_OWNER='admin' AIRFLOW_CTX_DAG_ID='Visualization_DAG' AIRFLOW_CTX_TASK_ID='plot_temp_wind' AIRFLOW_CTX_EXECUTION_DATE='2024-03-05T11:18:00+00:00' AIRFLOW_CTX_TRY_NUMBER='1' AIRFLOW_CTX_DAG_RUN_ID='scheduled__2024-03-05T11:18:00+00:00'
[2024-03-05T16:52:09.416+0530] {logging_mixin.py:188} WARNING - /home/arun/airflow/dags/.ipynb_checkpoints/Analytics_data-checkpoint.py:105 UserWarning: Starting a Matplotlib GUI outside of the main thread will likely fail.
[2024-03-05T16:52:09.508+0530] {logging_mixin.py:188} WARNING - /home/arun/airflow/dags/.ipynb_checkpoints/Analytics_data-checkpoint.py:106 FutureWarning: The geopandas.dataset module is deprecated and will be removed in GeoPandas 1.0. You can get the original 'naturalearth_lowres' data from https://www.naturalearthdata.com/downloads/110m-cultural-vectors/.
[2024-03-05T16:52:09.669+0530] {logging_mixin.py:188} WARNING - /home/arun/.local/lib/python3.10/site-packages/geopandas/plotting.py:684 UserWarning: Starting a Matplotlib GUI outside of the main thread will likely fail.
[2024-03-05T16:52:10.159+0530] {logging_mixin.py:188} WARNING - /home/arun/airflow/dags/.ipynb_checkpoints/Analytics_data-checkpoint.py:111 UserWarning: Starting a Matplotlib GUI outside of the main thread will likely fail.
[2024-03-05T16:52:10.164+0530] {logging_mixin.py:188} WARNING - /home/arun/airflow/dags/.ipynb_checkpoints/Analytics_data-checkpoint.py:112 FutureWarning: The geopandas.dataset module is deprecated and will be removed in GeoPandas 1.0. You can get the original 'naturalearth_lowres' data from https://www.naturalearthdata.com/downloads/110m-cultural-vectors/.
[2024-03-05T16:52:10.224+0530] {logging_mixin.py:188} WARNING - /home/arun/.local/lib/python3.10/site-packages/geopandas/plotting.py:684 UserWarning: Starting a Matplotlib GUI outside of the main thread will likely fail.
[2024-03-05T16:52:10.681+0530] {logging_mixin.py:188} WARNING - /home/arun/airflow/dags/.ipynb_checkpoints/Analytics_data-checkpoint.py:105 UserWarning: Starting a Matplotlib GUI outside of the main thread will likely fail.
[2024-03-05T16:52:10.685+0530] {logging_mixin.py:188} WARNING - /home/arun/airflow/dags/.ipynb_checkpoints/Analytics_data-checkpoint.py:106 FutureWarning: The geopandas.dataset module is deprecated and will be removed in GeoPandas 1.0. You can get the original 'naturalearth_lowres' data from https://www.naturalearthdata.com/downloads/110m-cultural-vectors/.
[2024-03-05T16:52:10.738+0530] {logging_mixin.py:188} WARNING - /home/arun/.local/lib/python3.10/site-packages/geopandas/plotting.py:684 UserWarning: Starting a Matplotlib GUI outside of the main thread will likely fail.
[2024-03-05T16:52:11.357+0530] {logging_mixin.py:188} WARNING - /home/arun/airflow/dags/.ipynb_checkpoints/Analytics_data-checkpoint.py:111 UserWarning: Starting a Matplotlib GUI outside of the main thread will likely fail.
[2024-03-05T16:52:11.361+0530] {logging_mixin.py:188} WARNING - /home/arun/airflow/dags/.ipynb_checkpoints/Analytics_data-checkpoint.py:112 FutureWarning: The geopandas.dataset module is deprecated and will be removed in GeoPandas 1.0. You can get the original 'naturalearth_lowres' data from https://www.naturalearthdata.com/downloads/110m-cultural-vectors/.
[2024-03-05T16:52:11.411+0530] {logging_mixin.py:188} WARNING - /home/arun/.local/lib/python3.10/site-packages/geopandas/plotting.py:684 UserWarning: Starting a Matplotlib GUI outside of the main thread will likely fail.
[2024-03-05T16:52:11.821+0530] {logging_mixin.py:188} WARNING - /home/arun/airflow/dags/.ipynb_checkpoints/Analytics_data-checkpoint.py:105 UserWarning: Starting a Matplotlib GUI outside of the main thread will likely fail.
[2024-03-05T16:52:11.826+0530] {logging_mixin.py:188} WARNING - /home/arun/airflow/dags/.ipynb_checkpoints/Analytics_data-checkpoint.py:106 FutureWarning: The geopandas.dataset module is deprecated and will be removed in GeoPandas 1.0. You can get the original 'naturalearth_lowres' data from https://www.naturalearthdata.com/downloads/110m-cultural-vectors/.
[2024-03-05T16:52:11.891+0530] {logging_mixin.py:188} WARNING - /home/arun/.local/lib/python3.10/site-packages/geopandas/plotting.py:684 UserWarning: Starting a Matplotlib GUI outside of the main thread will likely fail.
[2024-03-05T16:52:12.344+0530] {logging_mixin.py:188} WARNING - /home/arun/airflow/dags/.ipynb_checkpoints/Analytics_data-checkpoint.py:111 UserWarning: Starting a Matplotlib GUI outside of the main thread will likely fail.
[2024-03-05T16:52:12.349+0530] {logging_mixin.py:188} WARNING - /home/arun/airflow/dags/.ipynb_checkpoints/Analytics_data-checkpoint.py:112 FutureWarning: The geopandas.dataset module is deprecated and will be removed in GeoPandas 1.0. You can get the original 'naturalearth_lowres' data from https://www.naturalearthdata.com/downloads/110m-cultural-vectors/.
[2024-03-05T16:52:12.401+0530] {logging_mixin.py:188} WARNING - /home/arun/.local/lib/python3.10/site-packages/geopandas/plotting.py:684 UserWarning: Starting a Matplotlib GUI outside of the main thread will likely fail.
[2024-03-05T16:52:12.836+0530] {logging_mixin.py:188} WARNING - /home/arun/airflow/dags/.ipynb_checkpoints/Analytics_data-checkpoint.py:105 UserWarning: Starting a Matplotlib GUI outside of the main thread will likely fail.
[2024-03-05T16:52:12.843+0530] {logging_mixin.py:188} WARNING - /home/arun/airflow/dags/.ipynb_checkpoints/Analytics_data-checkpoint.py:106 FutureWarning: The geopandas.dataset module is deprecated and will be removed in GeoPandas 1.0. You can get the original 'naturalearth_lowres' data from https://www.naturalearthdata.com/downloads/110m-cultural-vectors/.
[2024-03-05T16:52:12.910+0530] {logging_mixin.py:188} WARNING - /home/arun/.local/lib/python3.10/site-packages/geopandas/plotting.py:684 UserWarning: Starting a Matplotlib GUI outside of the main thread will likely fail.
[2024-03-05T16:52:13.429+0530] {logging_mixin.py:188} WARNING - /home/arun/airflow/dags/.ipynb_checkpoints/Analytics_data-checkpoint.py:111 UserWarning: Starting a Matplotlib GUI outside of the main thread will likely fail.
[2024-03-05T16:52:13.434+0530] {logging_mixin.py:188} WARNING - /home/arun/airflow/dags/.ipynb_checkpoints/Analytics_data-checkpoint.py:112 FutureWarning: The geopandas.dataset module is deprecated and will be removed in GeoPandas 1.0. You can get the original 'naturalearth_lowres' data from https://www.naturalearthdata.com/downloads/110m-cultural-vectors/.
[2024-03-05T16:52:13.504+0530] {logging_mixin.py:188} WARNING - /home/arun/.local/lib/python3.10/site-packages/geopandas/plotting.py:684 UserWarning: Starting a Matplotlib GUI outside of the main thread will likely fail.
[2024-03-05T16:52:13.898+0530] {logging_mixin.py:188} WARNING - /home/arun/airflow/dags/.ipynb_checkpoints/Analytics_data-checkpoint.py:105 UserWarning: Starting a Matplotlib GUI outside of the main thread will likely fail.
[2024-03-05T16:52:13.902+0530] {logging_mixin.py:188} WARNING - /home/arun/airflow/dags/.ipynb_checkpoints/Analytics_data-checkpoint.py:106 FutureWarning: The geopandas.dataset module is deprecated and will be removed in GeoPandas 1.0. You can get the original 'naturalearth_lowres' data from https://www.naturalearthdata.com/downloads/110m-cultural-vectors/.
[2024-03-05T16:52:13.960+0530] {logging_mixin.py:188} WARNING - /home/arun/.local/lib/python3.10/site-packages/geopandas/plotting.py:684 UserWarning: Starting a Matplotlib GUI outside of the main thread will likely fail.
[2024-03-05T16:52:14.516+0530] {logging_mixin.py:188} WARNING - /home/arun/airflow/dags/.ipynb_checkpoints/Analytics_data-checkpoint.py:111 UserWarning: Starting a Matplotlib GUI outside of the main thread will likely fail.
[2024-03-05T16:52:14.523+0530] {logging_mixin.py:188} WARNING - /home/arun/airflow/dags/.ipynb_checkpoints/Analytics_data-checkpoint.py:112 FutureWarning: The geopandas.dataset module is deprecated and will be removed in GeoPandas 1.0. You can get the original 'naturalearth_lowres' data from https://www.naturalearthdata.com/downloads/110m-cultural-vectors/.
[2024-03-05T16:52:14.603+0530] {logging_mixin.py:188} WARNING - /home/arun/.local/lib/python3.10/site-packages/geopandas/plotting.py:684 UserWarning: Starting a Matplotlib GUI outside of the main thread will likely fail.
[2024-03-05T16:52:15.172+0530] {logging_mixin.py:188} WARNING - /home/arun/airflow/dags/.ipynb_checkpoints/Analytics_data-checkpoint.py:105 RuntimeWarning: More than 20 figures have been opened. Figures created through the pyplot interface (`matplotlib.pyplot.figure`) are retained until explicitly closed and may consume too much memory. (To control this warning, see the rcParam `figure.max_open_warning`). Consider using `matplotlib.pyplot.close()`.
[2024-03-05T16:52:15.173+0530] {logging_mixin.py:188} WARNING - /home/arun/airflow/dags/.ipynb_checkpoints/Analytics_data-checkpoint.py:105 UserWarning: Starting a Matplotlib GUI outside of the main thread will likely fail.
[2024-03-05T16:52:15.179+0530] {logging_mixin.py:188} WARNING - /home/arun/airflow/dags/.ipynb_checkpoints/Analytics_data-checkpoint.py:106 FutureWarning: The geopandas.dataset module is deprecated and will be removed in GeoPandas 1.0. You can get the original 'naturalearth_lowres' data from https://www.naturalearthdata.com/downloads/110m-cultural-vectors/.
[2024-03-05T16:52:15.264+0530] {logging_mixin.py:188} WARNING - /home/arun/.local/lib/python3.10/site-packages/geopandas/plotting.py:684 UserWarning: Starting a Matplotlib GUI outside of the main thread will likely fail.
[2024-03-05T16:52:15.704+0530] {logging_mixin.py:188} WARNING - /home/arun/airflow/dags/.ipynb_checkpoints/Analytics_data-checkpoint.py:111 UserWarning: Starting a Matplotlib GUI outside of the main thread will likely fail.
[2024-03-05T16:52:15.711+0530] {logging_mixin.py:188} WARNING - /home/arun/airflow/dags/.ipynb_checkpoints/Analytics_data-checkpoint.py:112 FutureWarning: The geopandas.dataset module is deprecated and will be removed in GeoPandas 1.0. You can get the original 'naturalearth_lowres' data from https://www.naturalearthdata.com/downloads/110m-cultural-vectors/.
[2024-03-05T16:52:15.785+0530] {logging_mixin.py:188} WARNING - /home/arun/.local/lib/python3.10/site-packages/geopandas/plotting.py:684 UserWarning: Starting a Matplotlib GUI outside of the main thread will likely fail.
[2024-03-05T16:52:16.343+0530] {logging_mixin.py:188} WARNING - /home/arun/airflow/dags/.ipynb_checkpoints/Analytics_data-checkpoint.py:105 UserWarning: Starting a Matplotlib GUI outside of the main thread will likely fail.
[2024-03-05T16:52:16.348+0530] {logging_mixin.py:188} WARNING - /home/arun/airflow/dags/.ipynb_checkpoints/Analytics_data-checkpoint.py:106 FutureWarning: The geopandas.dataset module is deprecated and will be removed in GeoPandas 1.0. You can get the original 'naturalearth_lowres' data from https://www.naturalearthdata.com/downloads/110m-cultural-vectors/.
[2024-03-05T16:52:16.420+0530] {logging_mixin.py:188} WARNING - /home/arun/.local/lib/python3.10/site-packages/geopandas/plotting.py:684 UserWarning: Starting a Matplotlib GUI outside of the main thread will likely fail.
[2024-03-05T16:52:16.931+0530] {logging_mixin.py:188} WARNING - /home/arun/airflow/dags/.ipynb_checkpoints/Analytics_data-checkpoint.py:111 UserWarning: Starting a Matplotlib GUI outside of the main thread will likely fail.
[2024-03-05T16:52:16.936+0530] {logging_mixin.py:188} WARNING - /home/arun/airflow/dags/.ipynb_checkpoints/Analytics_data-checkpoint.py:112 FutureWarning: The geopandas.dataset module is deprecated and will be removed in GeoPandas 1.0. You can get the original 'naturalearth_lowres' data from https://www.naturalearthdata.com/downloads/110m-cultural-vectors/.
[2024-03-05T16:52:17.001+0530] {logging_mixin.py:188} WARNING - /home/arun/.local/lib/python3.10/site-packages/geopandas/plotting.py:684 UserWarning: Starting a Matplotlib GUI outside of the main thread will likely fail.
[2024-03-05T16:52:17.480+0530] {logging_mixin.py:188} WARNING - /home/arun/airflow/dags/.ipynb_checkpoints/Analytics_data-checkpoint.py:105 UserWarning: Starting a Matplotlib GUI outside of the main thread will likely fail.
[2024-03-05T16:52:17.485+0530] {logging_mixin.py:188} WARNING - /home/arun/airflow/dags/.ipynb_checkpoints/Analytics_data-checkpoint.py:106 FutureWarning: The geopandas.dataset module is deprecated and will be removed in GeoPandas 1.0. You can get the original 'naturalearth_lowres' data from https://www.naturalearthdata.com/downloads/110m-cultural-vectors/.
[2024-03-05T16:52:17.538+0530] {logging_mixin.py:188} WARNING - /home/arun/.local/lib/python3.10/site-packages/geopandas/plotting.py:684 UserWarning: Starting a Matplotlib GUI outside of the main thread will likely fail.
[2024-03-05T16:52:17.980+0530] {logging_mixin.py:188} WARNING - /home/arun/airflow/dags/.ipynb_checkpoints/Analytics_data-checkpoint.py:111 UserWarning: Starting a Matplotlib GUI outside of the main thread will likely fail.
[2024-03-05T16:52:17.984+0530] {logging_mixin.py:188} WARNING - /home/arun/airflow/dags/.ipynb_checkpoints/Analytics_data-checkpoint.py:112 FutureWarning: The geopandas.dataset module is deprecated and will be removed in GeoPandas 1.0. You can get the original 'naturalearth_lowres' data from https://www.naturalearthdata.com/downloads/110m-cultural-vectors/.
[2024-03-05T16:52:18.045+0530] {logging_mixin.py:188} WARNING - /home/arun/.local/lib/python3.10/site-packages/geopandas/plotting.py:684 UserWarning: Starting a Matplotlib GUI outside of the main thread will likely fail.
[2024-03-05T16:52:18.779+0530] {logging_mixin.py:188} WARNING - /home/arun/airflow/dags/.ipynb_checkpoints/Analytics_data-checkpoint.py:105 UserWarning: Starting a Matplotlib GUI outside of the main thread will likely fail.
[2024-03-05T16:52:18.785+0530] {logging_mixin.py:188} WARNING - /home/arun/airflow/dags/.ipynb_checkpoints/Analytics_data-checkpoint.py:106 FutureWarning: The geopandas.dataset module is deprecated and will be removed in GeoPandas 1.0. You can get the original 'naturalearth_lowres' data from https://www.naturalearthdata.com/downloads/110m-cultural-vectors/.
[2024-03-05T16:52:18.852+0530] {logging_mixin.py:188} WARNING - /home/arun/.local/lib/python3.10/site-packages/geopandas/plotting.py:684 UserWarning: Starting a Matplotlib GUI outside of the main thread will likely fail.
[2024-03-05T16:52:19.348+0530] {logging_mixin.py:188} WARNING - /home/arun/airflow/dags/.ipynb_checkpoints/Analytics_data-checkpoint.py:111 UserWarning: Starting a Matplotlib GUI outside of the main thread will likely fail.
[2024-03-05T16:52:19.355+0530] {logging_mixin.py:188} WARNING - /home/arun/airflow/dags/.ipynb_checkpoints/Analytics_data-checkpoint.py:112 FutureWarning: The geopandas.dataset module is deprecated and will be removed in GeoPandas 1.0. You can get the original 'naturalearth_lowres' data from https://www.naturalearthdata.com/downloads/110m-cultural-vectors/.
[2024-03-05T16:52:19.423+0530] {logging_mixin.py:188} WARNING - /home/arun/.local/lib/python3.10/site-packages/geopandas/plotting.py:684 UserWarning: Starting a Matplotlib GUI outside of the main thread will likely fail.
[2024-03-05T16:52:19.866+0530] {logging_mixin.py:188} WARNING - /home/arun/airflow/dags/.ipynb_checkpoints/Analytics_data-checkpoint.py:105 UserWarning: Starting a Matplotlib GUI outside of the main thread will likely fail.
[2024-03-05T16:52:19.871+0530] {logging_mixin.py:188} WARNING - /home/arun/airflow/dags/.ipynb_checkpoints/Analytics_data-checkpoint.py:106 FutureWarning: The geopandas.dataset module is deprecated and will be removed in GeoPandas 1.0. You can get the original 'naturalearth_lowres' data from https://www.naturalearthdata.com/downloads/110m-cultural-vectors/.
[2024-03-05T16:52:19.936+0530] {logging_mixin.py:188} WARNING - /home/arun/.local/lib/python3.10/site-packages/geopandas/plotting.py:684 UserWarning: Starting a Matplotlib GUI outside of the main thread will likely fail.
[2024-03-05T16:52:20.436+0530] {logging_mixin.py:188} WARNING - /home/arun/airflow/dags/.ipynb_checkpoints/Analytics_data-checkpoint.py:111 UserWarning: Starting a Matplotlib GUI outside of the main thread will likely fail.
[2024-03-05T16:52:20.443+0530] {logging_mixin.py:188} WARNING - /home/arun/airflow/dags/.ipynb_checkpoints/Analytics_data-checkpoint.py:112 FutureWarning: The geopandas.dataset module is deprecated and will be removed in GeoPandas 1.0. You can get the original 'naturalearth_lowres' data from https://www.naturalearthdata.com/downloads/110m-cultural-vectors/.
[2024-03-05T16:52:20.530+0530] {logging_mixin.py:188} WARNING - /home/arun/.local/lib/python3.10/site-packages/geopandas/plotting.py:684 UserWarning: Starting a Matplotlib GUI outside of the main thread will likely fail.
[2024-03-05T16:52:21.078+0530] {logging_mixin.py:188} WARNING - /home/arun/airflow/dags/.ipynb_checkpoints/Analytics_data-checkpoint.py:105 UserWarning: Starting a Matplotlib GUI outside of the main thread will likely fail.
[2024-03-05T16:52:21.090+0530] {logging_mixin.py:188} WARNING - /home/arun/airflow/dags/.ipynb_checkpoints/Analytics_data-checkpoint.py:106 FutureWarning: The geopandas.dataset module is deprecated and will be removed in GeoPandas 1.0. You can get the original 'naturalearth_lowres' data from https://www.naturalearthdata.com/downloads/110m-cultural-vectors/.
[2024-03-05T16:52:21.219+0530] {logging_mixin.py:188} WARNING - /home/arun/.local/lib/python3.10/site-packages/geopandas/plotting.py:684 UserWarning: Starting a Matplotlib GUI outside of the main thread will likely fail.
[2024-03-05T16:52:21.960+0530] {logging_mixin.py:188} WARNING - /home/arun/airflow/dags/.ipynb_checkpoints/Analytics_data-checkpoint.py:111 UserWarning: Starting a Matplotlib GUI outside of the main thread will likely fail.
[2024-03-05T16:52:21.967+0530] {logging_mixin.py:188} WARNING - /home/arun/airflow/dags/.ipynb_checkpoints/Analytics_data-checkpoint.py:112 FutureWarning: The geopandas.dataset module is deprecated and will be removed in GeoPandas 1.0. You can get the original 'naturalearth_lowres' data from https://www.naturalearthdata.com/downloads/110m-cultural-vectors/.
[2024-03-05T16:52:22.028+0530] {logging_mixin.py:188} WARNING - /home/arun/.local/lib/python3.10/site-packages/geopandas/plotting.py:684 UserWarning: Starting a Matplotlib GUI outside of the main thread will likely fail.
[2024-03-05T16:52:22.608+0530] {logging_mixin.py:188} WARNING - /home/arun/airflow/dags/.ipynb_checkpoints/Analytics_data-checkpoint.py:105 UserWarning: Starting a Matplotlib GUI outside of the main thread will likely fail.
[2024-03-05T16:52:22.613+0530] {logging_mixin.py:188} WARNING - /home/arun/airflow/dags/.ipynb_checkpoints/Analytics_data-checkpoint.py:106 FutureWarning: The geopandas.dataset module is deprecated and will be removed in GeoPandas 1.0. You can get the original 'naturalearth_lowres' data from https://www.naturalearthdata.com/downloads/110m-cultural-vectors/.
[2024-03-05T16:52:22.686+0530] {logging_mixin.py:188} WARNING - /home/arun/.local/lib/python3.10/site-packages/geopandas/plotting.py:684 UserWarning: Starting a Matplotlib GUI outside of the main thread will likely fail.
[2024-03-05T16:52:23.117+0530] {logging_mixin.py:188} WARNING - /home/arun/airflow/dags/.ipynb_checkpoints/Analytics_data-checkpoint.py:111 UserWarning: Starting a Matplotlib GUI outside of the main thread will likely fail.
[2024-03-05T16:52:23.121+0530] {logging_mixin.py:188} WARNING - /home/arun/airflow/dags/.ipynb_checkpoints/Analytics_data-checkpoint.py:112 FutureWarning: The geopandas.dataset module is deprecated and will be removed in GeoPandas 1.0. You can get the original 'naturalearth_lowres' data from https://www.naturalearthdata.com/downloads/110m-cultural-vectors/.
[2024-03-05T16:52:23.185+0530] {logging_mixin.py:188} WARNING - /home/arun/.local/lib/python3.10/site-packages/geopandas/plotting.py:684 UserWarning: Starting a Matplotlib GUI outside of the main thread will likely fail.
[2024-03-05T16:52:23.593+0530] {python.py:201} INFO - Done. Returned value was: None
[2024-03-05T16:52:23.598+0530] {taskinstance.py:1138} INFO - Marking task as SUCCESS. dag_id=Visualization_DAG, task_id=plot_temp_wind, execution_date=20240305T111800, start_date=20240305T112209, end_date=20240305T112223
[2024-03-05T16:52:23.780+0530] {local_task_job_runner.py:234} INFO - Task exited with return code 0
[2024-03-05T16:52:23.788+0530] {taskinstance.py:3280} INFO - 0 downstream tasks scheduled from follow-on schedule check
