[2024-02-29T18:16:01.831+0530] {processor.py:161} INFO - Started process (PID=5201) to work on /home/arun/.local/lib/python3.10/site-packages/airflow/example_dags/example_local_kubernetes_executor.py
[2024-02-29T18:16:01.835+0530] {processor.py:830} INFO - Processing file /home/arun/.local/lib/python3.10/site-packages/airflow/example_dags/example_local_kubernetes_executor.py for tasks to queue
[2024-02-29T18:16:01.839+0530] {logging_mixin.py:188} INFO - [2024-02-29T18:16:01.836+0530] {dagbag.py:538} INFO - Filling up the DagBag from /home/arun/.local/lib/python3.10/site-packages/airflow/example_dags/example_local_kubernetes_executor.py
[2024-02-29T18:16:01.860+0530] {processor.py:840} INFO - DAG(s) 'example_local_kubernetes_executor' retrieved from /home/arun/.local/lib/python3.10/site-packages/airflow/example_dags/example_local_kubernetes_executor.py
[2024-02-29T18:16:02.487+0530] {logging_mixin.py:188} INFO - [2024-02-29T18:16:02.486+0530] {dag.py:3036} INFO - Sync 1 DAGs
[2024-02-29T18:16:02.521+0530] {logging_mixin.py:188} INFO - [2024-02-29T18:16:02.521+0530] {dag.py:3823} INFO - Setting next_dagrun for example_local_kubernetes_executor to None, run_after=None
[2024-02-29T18:16:02.633+0530] {processor.py:183} INFO - Processing /home/arun/.local/lib/python3.10/site-packages/airflow/example_dags/example_local_kubernetes_executor.py took 0.820 seconds
[2024-02-29T18:17:47.721+0530] {processor.py:161} INFO - Started process (PID=5282) to work on /home/arun/.local/lib/python3.10/site-packages/airflow/example_dags/example_local_kubernetes_executor.py
[2024-02-29T18:17:47.754+0530] {processor.py:830} INFO - Processing file /home/arun/.local/lib/python3.10/site-packages/airflow/example_dags/example_local_kubernetes_executor.py for tasks to queue
[2024-02-29T18:17:47.759+0530] {logging_mixin.py:188} INFO - [2024-02-29T18:17:47.758+0530] {dagbag.py:538} INFO - Filling up the DagBag from /home/arun/.local/lib/python3.10/site-packages/airflow/example_dags/example_local_kubernetes_executor.py
[2024-02-29T18:17:47.788+0530] {processor.py:840} INFO - DAG(s) 'example_local_kubernetes_executor' retrieved from /home/arun/.local/lib/python3.10/site-packages/airflow/example_dags/example_local_kubernetes_executor.py
[2024-02-29T18:17:47.875+0530] {logging_mixin.py:188} INFO - [2024-02-29T18:17:47.874+0530] {dag.py:3036} INFO - Sync 1 DAGs
[2024-02-29T18:17:48.140+0530] {logging_mixin.py:188} INFO - [2024-02-29T18:17:48.139+0530] {dag.py:3823} INFO - Setting next_dagrun for example_local_kubernetes_executor to None, run_after=None
[2024-02-29T18:17:48.248+0530] {processor.py:183} INFO - Processing /home/arun/.local/lib/python3.10/site-packages/airflow/example_dags/example_local_kubernetes_executor.py took 0.534 seconds
[2024-02-29T18:20:04.377+0530] {processor.py:161} INFO - Started process (PID=5457) to work on /home/arun/.local/lib/python3.10/site-packages/airflow/example_dags/example_local_kubernetes_executor.py
[2024-02-29T18:20:04.379+0530] {processor.py:830} INFO - Processing file /home/arun/.local/lib/python3.10/site-packages/airflow/example_dags/example_local_kubernetes_executor.py for tasks to queue
[2024-02-29T18:20:04.380+0530] {logging_mixin.py:188} INFO - [2024-02-29T18:20:04.379+0530] {dagbag.py:538} INFO - Filling up the DagBag from /home/arun/.local/lib/python3.10/site-packages/airflow/example_dags/example_local_kubernetes_executor.py
[2024-02-29T18:20:04.404+0530] {processor.py:840} INFO - DAG(s) 'example_local_kubernetes_executor' retrieved from /home/arun/.local/lib/python3.10/site-packages/airflow/example_dags/example_local_kubernetes_executor.py
[2024-02-29T18:20:04.445+0530] {logging_mixin.py:188} INFO - [2024-02-29T18:20:04.445+0530] {dag.py:3036} INFO - Sync 1 DAGs
[2024-02-29T18:20:04.461+0530] {logging_mixin.py:188} INFO - [2024-02-29T18:20:04.461+0530] {dag.py:3823} INFO - Setting next_dagrun for example_local_kubernetes_executor to None, run_after=None
[2024-02-29T18:20:04.575+0530] {processor.py:183} INFO - Processing /home/arun/.local/lib/python3.10/site-packages/airflow/example_dags/example_local_kubernetes_executor.py took 0.201 seconds
[2024-02-29T18:21:16.850+0530] {processor.py:161} INFO - Started process (PID=5574) to work on /home/arun/.local/lib/python3.10/site-packages/airflow/example_dags/example_local_kubernetes_executor.py
[2024-02-29T18:21:16.905+0530] {processor.py:830} INFO - Processing file /home/arun/.local/lib/python3.10/site-packages/airflow/example_dags/example_local_kubernetes_executor.py for tasks to queue
[2024-02-29T18:21:16.906+0530] {logging_mixin.py:188} INFO - [2024-02-29T18:21:16.905+0530] {dagbag.py:538} INFO - Filling up the DagBag from /home/arun/.local/lib/python3.10/site-packages/airflow/example_dags/example_local_kubernetes_executor.py
[2024-02-29T18:21:16.915+0530] {processor.py:840} INFO - DAG(s) 'example_local_kubernetes_executor' retrieved from /home/arun/.local/lib/python3.10/site-packages/airflow/example_dags/example_local_kubernetes_executor.py
[2024-02-29T18:21:16.945+0530] {logging_mixin.py:188} INFO - [2024-02-29T18:21:16.944+0530] {dag.py:3036} INFO - Sync 1 DAGs
[2024-02-29T18:21:16.956+0530] {logging_mixin.py:188} INFO - [2024-02-29T18:21:16.956+0530] {dag.py:3823} INFO - Setting next_dagrun for example_local_kubernetes_executor to None, run_after=None
[2024-02-29T18:21:16.982+0530] {processor.py:183} INFO - Processing /home/arun/.local/lib/python3.10/site-packages/airflow/example_dags/example_local_kubernetes_executor.py took 0.136 seconds
[2024-02-29T18:22:14.056+0530] {processor.py:161} INFO - Started process (PID=5675) to work on /home/arun/.local/lib/python3.10/site-packages/airflow/example_dags/example_local_kubernetes_executor.py
[2024-02-29T18:22:14.160+0530] {processor.py:830} INFO - Processing file /home/arun/.local/lib/python3.10/site-packages/airflow/example_dags/example_local_kubernetes_executor.py for tasks to queue
[2024-02-29T18:22:14.162+0530] {logging_mixin.py:188} INFO - [2024-02-29T18:22:14.161+0530] {dagbag.py:538} INFO - Filling up the DagBag from /home/arun/.local/lib/python3.10/site-packages/airflow/example_dags/example_local_kubernetes_executor.py
[2024-02-29T18:22:14.188+0530] {processor.py:840} INFO - DAG(s) 'example_local_kubernetes_executor' retrieved from /home/arun/.local/lib/python3.10/site-packages/airflow/example_dags/example_local_kubernetes_executor.py
[2024-02-29T18:22:14.248+0530] {logging_mixin.py:188} INFO - [2024-02-29T18:22:14.248+0530] {dag.py:3036} INFO - Sync 1 DAGs
[2024-02-29T18:22:14.265+0530] {logging_mixin.py:188} INFO - [2024-02-29T18:22:14.265+0530] {dag.py:3823} INFO - Setting next_dagrun for example_local_kubernetes_executor to None, run_after=None
[2024-02-29T18:22:14.307+0530] {processor.py:183} INFO - Processing /home/arun/.local/lib/python3.10/site-packages/airflow/example_dags/example_local_kubernetes_executor.py took 0.268 seconds
[2024-02-29T18:23:10.638+0530] {processor.py:161} INFO - Started process (PID=5760) to work on /home/arun/.local/lib/python3.10/site-packages/airflow/example_dags/example_local_kubernetes_executor.py
[2024-02-29T18:23:10.671+0530] {processor.py:830} INFO - Processing file /home/arun/.local/lib/python3.10/site-packages/airflow/example_dags/example_local_kubernetes_executor.py for tasks to queue
[2024-02-29T18:23:10.672+0530] {logging_mixin.py:188} INFO - [2024-02-29T18:23:10.672+0530] {dagbag.py:538} INFO - Filling up the DagBag from /home/arun/.local/lib/python3.10/site-packages/airflow/example_dags/example_local_kubernetes_executor.py
[2024-02-29T18:23:10.683+0530] {processor.py:840} INFO - DAG(s) 'example_local_kubernetes_executor' retrieved from /home/arun/.local/lib/python3.10/site-packages/airflow/example_dags/example_local_kubernetes_executor.py
[2024-02-29T18:23:10.713+0530] {logging_mixin.py:188} INFO - [2024-02-29T18:23:10.712+0530] {dag.py:3036} INFO - Sync 1 DAGs
[2024-02-29T18:23:10.723+0530] {logging_mixin.py:188} INFO - [2024-02-29T18:23:10.723+0530] {dag.py:3823} INFO - Setting next_dagrun for example_local_kubernetes_executor to None, run_after=None
[2024-02-29T18:23:10.758+0530] {processor.py:183} INFO - Processing /home/arun/.local/lib/python3.10/site-packages/airflow/example_dags/example_local_kubernetes_executor.py took 0.125 seconds
[2024-02-29T18:24:02.892+0530] {processor.py:161} INFO - Started process (PID=5866) to work on /home/arun/.local/lib/python3.10/site-packages/airflow/example_dags/example_local_kubernetes_executor.py
[2024-02-29T18:24:02.895+0530] {processor.py:830} INFO - Processing file /home/arun/.local/lib/python3.10/site-packages/airflow/example_dags/example_local_kubernetes_executor.py for tasks to queue
[2024-02-29T18:24:02.896+0530] {logging_mixin.py:188} INFO - [2024-02-29T18:24:02.896+0530] {dagbag.py:538} INFO - Filling up the DagBag from /home/arun/.local/lib/python3.10/site-packages/airflow/example_dags/example_local_kubernetes_executor.py
[2024-02-29T18:24:02.907+0530] {processor.py:840} INFO - DAG(s) 'example_local_kubernetes_executor' retrieved from /home/arun/.local/lib/python3.10/site-packages/airflow/example_dags/example_local_kubernetes_executor.py
[2024-02-29T18:24:03.012+0530] {logging_mixin.py:188} INFO - [2024-02-29T18:24:03.012+0530] {dag.py:3036} INFO - Sync 1 DAGs
[2024-02-29T18:24:03.030+0530] {logging_mixin.py:188} INFO - [2024-02-29T18:24:03.030+0530] {dag.py:3823} INFO - Setting next_dagrun for example_local_kubernetes_executor to None, run_after=None
[2024-02-29T18:24:03.067+0530] {processor.py:183} INFO - Processing /home/arun/.local/lib/python3.10/site-packages/airflow/example_dags/example_local_kubernetes_executor.py took 0.180 seconds
[2024-02-29T18:24:57.689+0530] {processor.py:161} INFO - Started process (PID=5949) to work on /home/arun/.local/lib/python3.10/site-packages/airflow/example_dags/example_local_kubernetes_executor.py
[2024-02-29T18:24:57.692+0530] {processor.py:830} INFO - Processing file /home/arun/.local/lib/python3.10/site-packages/airflow/example_dags/example_local_kubernetes_executor.py for tasks to queue
[2024-02-29T18:24:57.693+0530] {logging_mixin.py:188} INFO - [2024-02-29T18:24:57.692+0530] {dagbag.py:538} INFO - Filling up the DagBag from /home/arun/.local/lib/python3.10/site-packages/airflow/example_dags/example_local_kubernetes_executor.py
[2024-02-29T18:24:57.703+0530] {processor.py:840} INFO - DAG(s) 'example_local_kubernetes_executor' retrieved from /home/arun/.local/lib/python3.10/site-packages/airflow/example_dags/example_local_kubernetes_executor.py
[2024-02-29T18:24:57.745+0530] {logging_mixin.py:188} INFO - [2024-02-29T18:24:57.745+0530] {dag.py:3036} INFO - Sync 1 DAGs
[2024-02-29T18:24:57.764+0530] {logging_mixin.py:188} INFO - [2024-02-29T18:24:57.764+0530] {dag.py:3823} INFO - Setting next_dagrun for example_local_kubernetes_executor to None, run_after=None
[2024-02-29T18:24:57.807+0530] {processor.py:183} INFO - Processing /home/arun/.local/lib/python3.10/site-packages/airflow/example_dags/example_local_kubernetes_executor.py took 0.122 seconds
[2024-02-29T18:25:48.635+0530] {processor.py:161} INFO - Started process (PID=6028) to work on /home/arun/.local/lib/python3.10/site-packages/airflow/example_dags/example_local_kubernetes_executor.py
[2024-02-29T18:25:48.637+0530] {processor.py:830} INFO - Processing file /home/arun/.local/lib/python3.10/site-packages/airflow/example_dags/example_local_kubernetes_executor.py for tasks to queue
[2024-02-29T18:25:48.638+0530] {logging_mixin.py:188} INFO - [2024-02-29T18:25:48.638+0530] {dagbag.py:538} INFO - Filling up the DagBag from /home/arun/.local/lib/python3.10/site-packages/airflow/example_dags/example_local_kubernetes_executor.py
[2024-02-29T18:25:48.649+0530] {processor.py:840} INFO - DAG(s) 'example_local_kubernetes_executor' retrieved from /home/arun/.local/lib/python3.10/site-packages/airflow/example_dags/example_local_kubernetes_executor.py
[2024-02-29T18:25:48.683+0530] {logging_mixin.py:188} INFO - [2024-02-29T18:25:48.682+0530] {dag.py:3036} INFO - Sync 1 DAGs
[2024-02-29T18:25:48.697+0530] {logging_mixin.py:188} INFO - [2024-02-29T18:25:48.697+0530] {dag.py:3823} INFO - Setting next_dagrun for example_local_kubernetes_executor to None, run_after=None
[2024-02-29T18:25:48.730+0530] {processor.py:183} INFO - Processing /home/arun/.local/lib/python3.10/site-packages/airflow/example_dags/example_local_kubernetes_executor.py took 0.099 seconds
[2024-02-29T18:27:00.832+0530] {processor.py:161} INFO - Started process (PID=6139) to work on /home/arun/.local/lib/python3.10/site-packages/airflow/example_dags/example_local_kubernetes_executor.py
[2024-02-29T18:27:00.888+0530] {processor.py:830} INFO - Processing file /home/arun/.local/lib/python3.10/site-packages/airflow/example_dags/example_local_kubernetes_executor.py for tasks to queue
[2024-02-29T18:27:00.890+0530] {logging_mixin.py:188} INFO - [2024-02-29T18:27:00.889+0530] {dagbag.py:538} INFO - Filling up the DagBag from /home/arun/.local/lib/python3.10/site-packages/airflow/example_dags/example_local_kubernetes_executor.py
[2024-02-29T18:27:00.906+0530] {processor.py:840} INFO - DAG(s) 'example_local_kubernetes_executor' retrieved from /home/arun/.local/lib/python3.10/site-packages/airflow/example_dags/example_local_kubernetes_executor.py
[2024-02-29T18:27:00.978+0530] {logging_mixin.py:188} INFO - [2024-02-29T18:27:00.977+0530] {dag.py:3036} INFO - Sync 1 DAGs
[2024-02-29T18:27:00.993+0530] {logging_mixin.py:188} INFO - [2024-02-29T18:27:00.993+0530] {dag.py:3823} INFO - Setting next_dagrun for example_local_kubernetes_executor to None, run_after=None
[2024-02-29T18:27:01.037+0530] {processor.py:183} INFO - Processing /home/arun/.local/lib/python3.10/site-packages/airflow/example_dags/example_local_kubernetes_executor.py took 0.211 seconds
[2024-02-29T18:28:20.516+0530] {processor.py:161} INFO - Started process (PID=6278) to work on /home/arun/.local/lib/python3.10/site-packages/airflow/example_dags/example_local_kubernetes_executor.py
[2024-02-29T18:28:20.544+0530] {processor.py:830} INFO - Processing file /home/arun/.local/lib/python3.10/site-packages/airflow/example_dags/example_local_kubernetes_executor.py for tasks to queue
[2024-02-29T18:28:20.546+0530] {logging_mixin.py:188} INFO - [2024-02-29T18:28:20.545+0530] {dagbag.py:538} INFO - Filling up the DagBag from /home/arun/.local/lib/python3.10/site-packages/airflow/example_dags/example_local_kubernetes_executor.py
[2024-02-29T18:28:20.557+0530] {processor.py:840} INFO - DAG(s) 'example_local_kubernetes_executor' retrieved from /home/arun/.local/lib/python3.10/site-packages/airflow/example_dags/example_local_kubernetes_executor.py
[2024-02-29T18:28:20.627+0530] {logging_mixin.py:188} INFO - [2024-02-29T18:28:20.627+0530] {dag.py:3036} INFO - Sync 1 DAGs
[2024-02-29T18:28:20.667+0530] {logging_mixin.py:188} INFO - [2024-02-29T18:28:20.667+0530] {dag.py:3823} INFO - Setting next_dagrun for example_local_kubernetes_executor to None, run_after=None
[2024-02-29T18:28:20.839+0530] {processor.py:183} INFO - Processing /home/arun/.local/lib/python3.10/site-packages/airflow/example_dags/example_local_kubernetes_executor.py took 0.326 seconds
[2024-02-29T18:29:26.538+0530] {processor.py:161} INFO - Started process (PID=6383) to work on /home/arun/.local/lib/python3.10/site-packages/airflow/example_dags/example_local_kubernetes_executor.py
[2024-02-29T18:29:26.602+0530] {processor.py:830} INFO - Processing file /home/arun/.local/lib/python3.10/site-packages/airflow/example_dags/example_local_kubernetes_executor.py for tasks to queue
[2024-02-29T18:29:26.604+0530] {logging_mixin.py:188} INFO - [2024-02-29T18:29:26.603+0530] {dagbag.py:538} INFO - Filling up the DagBag from /home/arun/.local/lib/python3.10/site-packages/airflow/example_dags/example_local_kubernetes_executor.py
[2024-02-29T18:29:26.623+0530] {processor.py:840} INFO - DAG(s) 'example_local_kubernetes_executor' retrieved from /home/arun/.local/lib/python3.10/site-packages/airflow/example_dags/example_local_kubernetes_executor.py
[2024-02-29T18:29:26.700+0530] {logging_mixin.py:188} INFO - [2024-02-29T18:29:26.700+0530] {dag.py:3036} INFO - Sync 1 DAGs
[2024-02-29T18:29:26.716+0530] {logging_mixin.py:188} INFO - [2024-02-29T18:29:26.716+0530] {dag.py:3823} INFO - Setting next_dagrun for example_local_kubernetes_executor to None, run_after=None
[2024-02-29T18:29:26.745+0530] {processor.py:183} INFO - Processing /home/arun/.local/lib/python3.10/site-packages/airflow/example_dags/example_local_kubernetes_executor.py took 0.213 seconds
[2024-02-29T18:30:27.173+0530] {processor.py:161} INFO - Started process (PID=6490) to work on /home/arun/.local/lib/python3.10/site-packages/airflow/example_dags/example_local_kubernetes_executor.py
[2024-02-29T18:30:27.175+0530] {processor.py:830} INFO - Processing file /home/arun/.local/lib/python3.10/site-packages/airflow/example_dags/example_local_kubernetes_executor.py for tasks to queue
[2024-02-29T18:30:27.176+0530] {logging_mixin.py:188} INFO - [2024-02-29T18:30:27.176+0530] {dagbag.py:538} INFO - Filling up the DagBag from /home/arun/.local/lib/python3.10/site-packages/airflow/example_dags/example_local_kubernetes_executor.py
[2024-02-29T18:30:27.188+0530] {processor.py:840} INFO - DAG(s) 'example_local_kubernetes_executor' retrieved from /home/arun/.local/lib/python3.10/site-packages/airflow/example_dags/example_local_kubernetes_executor.py
[2024-02-29T18:30:27.241+0530] {logging_mixin.py:188} INFO - [2024-02-29T18:30:27.240+0530] {dag.py:3036} INFO - Sync 1 DAGs
[2024-02-29T18:30:27.265+0530] {logging_mixin.py:188} INFO - [2024-02-29T18:30:27.265+0530] {dag.py:3823} INFO - Setting next_dagrun for example_local_kubernetes_executor to None, run_after=None
[2024-02-29T18:30:27.319+0530] {processor.py:183} INFO - Processing /home/arun/.local/lib/python3.10/site-packages/airflow/example_dags/example_local_kubernetes_executor.py took 0.151 seconds
[2024-02-29T18:31:23.747+0530] {processor.py:161} INFO - Started process (PID=6579) to work on /home/arun/.local/lib/python3.10/site-packages/airflow/example_dags/example_local_kubernetes_executor.py
[2024-02-29T18:31:23.749+0530] {processor.py:830} INFO - Processing file /home/arun/.local/lib/python3.10/site-packages/airflow/example_dags/example_local_kubernetes_executor.py for tasks to queue
[2024-02-29T18:31:23.750+0530] {logging_mixin.py:188} INFO - [2024-02-29T18:31:23.750+0530] {dagbag.py:538} INFO - Filling up the DagBag from /home/arun/.local/lib/python3.10/site-packages/airflow/example_dags/example_local_kubernetes_executor.py
[2024-02-29T18:31:23.760+0530] {processor.py:840} INFO - DAG(s) 'example_local_kubernetes_executor' retrieved from /home/arun/.local/lib/python3.10/site-packages/airflow/example_dags/example_local_kubernetes_executor.py
[2024-02-29T18:31:23.794+0530] {logging_mixin.py:188} INFO - [2024-02-29T18:31:23.794+0530] {dag.py:3036} INFO - Sync 1 DAGs
[2024-02-29T18:31:23.808+0530] {logging_mixin.py:188} INFO - [2024-02-29T18:31:23.807+0530] {dag.py:3823} INFO - Setting next_dagrun for example_local_kubernetes_executor to None, run_after=None
[2024-02-29T18:31:23.841+0530] {processor.py:183} INFO - Processing /home/arun/.local/lib/python3.10/site-packages/airflow/example_dags/example_local_kubernetes_executor.py took 0.098 seconds
[2024-02-29T18:32:12.898+0530] {processor.py:161} INFO - Started process (PID=6659) to work on /home/arun/.local/lib/python3.10/site-packages/airflow/example_dags/example_local_kubernetes_executor.py
[2024-02-29T18:32:12.900+0530] {processor.py:830} INFO - Processing file /home/arun/.local/lib/python3.10/site-packages/airflow/example_dags/example_local_kubernetes_executor.py for tasks to queue
[2024-02-29T18:32:12.901+0530] {logging_mixin.py:188} INFO - [2024-02-29T18:32:12.901+0530] {dagbag.py:538} INFO - Filling up the DagBag from /home/arun/.local/lib/python3.10/site-packages/airflow/example_dags/example_local_kubernetes_executor.py
[2024-02-29T18:32:12.912+0530] {processor.py:840} INFO - DAG(s) 'example_local_kubernetes_executor' retrieved from /home/arun/.local/lib/python3.10/site-packages/airflow/example_dags/example_local_kubernetes_executor.py
[2024-02-29T18:32:12.946+0530] {logging_mixin.py:188} INFO - [2024-02-29T18:32:12.946+0530] {dag.py:3036} INFO - Sync 1 DAGs
[2024-02-29T18:32:12.958+0530] {logging_mixin.py:188} INFO - [2024-02-29T18:32:12.958+0530] {dag.py:3823} INFO - Setting next_dagrun for example_local_kubernetes_executor to None, run_after=None
[2024-02-29T18:32:12.983+0530] {processor.py:183} INFO - Processing /home/arun/.local/lib/python3.10/site-packages/airflow/example_dags/example_local_kubernetes_executor.py took 0.090 seconds
[2024-02-29T18:33:30.885+0530] {processor.py:161} INFO - Started process (PID=6789) to work on /home/arun/.local/lib/python3.10/site-packages/airflow/example_dags/example_local_kubernetes_executor.py
[2024-02-29T18:33:30.973+0530] {processor.py:830} INFO - Processing file /home/arun/.local/lib/python3.10/site-packages/airflow/example_dags/example_local_kubernetes_executor.py for tasks to queue
[2024-02-29T18:33:30.974+0530] {logging_mixin.py:188} INFO - [2024-02-29T18:33:30.974+0530] {dagbag.py:538} INFO - Filling up the DagBag from /home/arun/.local/lib/python3.10/site-packages/airflow/example_dags/example_local_kubernetes_executor.py
[2024-02-29T18:33:30.983+0530] {processor.py:840} INFO - DAG(s) 'example_local_kubernetes_executor' retrieved from /home/arun/.local/lib/python3.10/site-packages/airflow/example_dags/example_local_kubernetes_executor.py
[2024-02-29T18:33:31.016+0530] {logging_mixin.py:188} INFO - [2024-02-29T18:33:31.015+0530] {dag.py:3036} INFO - Sync 1 DAGs
[2024-02-29T18:33:31.033+0530] {logging_mixin.py:188} INFO - [2024-02-29T18:33:31.032+0530] {dag.py:3823} INFO - Setting next_dagrun for example_local_kubernetes_executor to None, run_after=None
[2024-02-29T18:33:31.071+0530] {processor.py:183} INFO - Processing /home/arun/.local/lib/python3.10/site-packages/airflow/example_dags/example_local_kubernetes_executor.py took 0.190 seconds
[2024-02-29T18:34:24.804+0530] {processor.py:161} INFO - Started process (PID=6874) to work on /home/arun/.local/lib/python3.10/site-packages/airflow/example_dags/example_local_kubernetes_executor.py
[2024-02-29T18:34:24.808+0530] {processor.py:830} INFO - Processing file /home/arun/.local/lib/python3.10/site-packages/airflow/example_dags/example_local_kubernetes_executor.py for tasks to queue
[2024-02-29T18:34:24.809+0530] {logging_mixin.py:188} INFO - [2024-02-29T18:34:24.809+0530] {dagbag.py:538} INFO - Filling up the DagBag from /home/arun/.local/lib/python3.10/site-packages/airflow/example_dags/example_local_kubernetes_executor.py
[2024-02-29T18:34:24.829+0530] {processor.py:840} INFO - DAG(s) 'example_local_kubernetes_executor' retrieved from /home/arun/.local/lib/python3.10/site-packages/airflow/example_dags/example_local_kubernetes_executor.py
[2024-02-29T18:34:24.876+0530] {logging_mixin.py:188} INFO - [2024-02-29T18:34:24.876+0530] {dag.py:3036} INFO - Sync 1 DAGs
[2024-02-29T18:34:24.892+0530] {logging_mixin.py:188} INFO - [2024-02-29T18:34:24.891+0530] {dag.py:3823} INFO - Setting next_dagrun for example_local_kubernetes_executor to None, run_after=None
[2024-02-29T18:34:24.920+0530] {processor.py:183} INFO - Processing /home/arun/.local/lib/python3.10/site-packages/airflow/example_dags/example_local_kubernetes_executor.py took 0.123 seconds
[2024-02-29T18:35:17.473+0530] {processor.py:161} INFO - Started process (PID=6959) to work on /home/arun/.local/lib/python3.10/site-packages/airflow/example_dags/example_local_kubernetes_executor.py
[2024-02-29T18:35:17.475+0530] {processor.py:830} INFO - Processing file /home/arun/.local/lib/python3.10/site-packages/airflow/example_dags/example_local_kubernetes_executor.py for tasks to queue
[2024-02-29T18:35:17.476+0530] {logging_mixin.py:188} INFO - [2024-02-29T18:35:17.476+0530] {dagbag.py:538} INFO - Filling up the DagBag from /home/arun/.local/lib/python3.10/site-packages/airflow/example_dags/example_local_kubernetes_executor.py
[2024-02-29T18:35:17.486+0530] {processor.py:840} INFO - DAG(s) 'example_local_kubernetes_executor' retrieved from /home/arun/.local/lib/python3.10/site-packages/airflow/example_dags/example_local_kubernetes_executor.py
[2024-02-29T18:35:17.539+0530] {logging_mixin.py:188} INFO - [2024-02-29T18:35:17.538+0530] {dag.py:3036} INFO - Sync 1 DAGs
[2024-02-29T18:35:17.594+0530] {logging_mixin.py:188} INFO - [2024-02-29T18:35:17.593+0530] {dag.py:3823} INFO - Setting next_dagrun for example_local_kubernetes_executor to None, run_after=None
[2024-02-29T18:35:17.655+0530] {processor.py:183} INFO - Processing /home/arun/.local/lib/python3.10/site-packages/airflow/example_dags/example_local_kubernetes_executor.py took 0.185 seconds
[2024-02-29T18:36:11.158+0530] {processor.py:161} INFO - Started process (PID=7044) to work on /home/arun/.local/lib/python3.10/site-packages/airflow/example_dags/example_local_kubernetes_executor.py
[2024-02-29T18:36:11.192+0530] {processor.py:830} INFO - Processing file /home/arun/.local/lib/python3.10/site-packages/airflow/example_dags/example_local_kubernetes_executor.py for tasks to queue
[2024-02-29T18:36:11.193+0530] {logging_mixin.py:188} INFO - [2024-02-29T18:36:11.193+0530] {dagbag.py:538} INFO - Filling up the DagBag from /home/arun/.local/lib/python3.10/site-packages/airflow/example_dags/example_local_kubernetes_executor.py
[2024-02-29T18:36:11.201+0530] {processor.py:840} INFO - DAG(s) 'example_local_kubernetes_executor' retrieved from /home/arun/.local/lib/python3.10/site-packages/airflow/example_dags/example_local_kubernetes_executor.py
[2024-02-29T18:36:11.227+0530] {logging_mixin.py:188} INFO - [2024-02-29T18:36:11.227+0530] {dag.py:3036} INFO - Sync 1 DAGs
[2024-02-29T18:36:11.238+0530] {logging_mixin.py:188} INFO - [2024-02-29T18:36:11.238+0530] {dag.py:3823} INFO - Setting next_dagrun for example_local_kubernetes_executor to None, run_after=None
[2024-02-29T18:36:11.265+0530] {processor.py:183} INFO - Processing /home/arun/.local/lib/python3.10/site-packages/airflow/example_dags/example_local_kubernetes_executor.py took 0.111 seconds
[2024-02-29T18:37:16.124+0530] {processor.py:161} INFO - Started process (PID=7138) to work on /home/arun/.local/lib/python3.10/site-packages/airflow/example_dags/example_local_kubernetes_executor.py
[2024-02-29T18:37:16.126+0530] {processor.py:830} INFO - Processing file /home/arun/.local/lib/python3.10/site-packages/airflow/example_dags/example_local_kubernetes_executor.py for tasks to queue
[2024-02-29T18:37:16.128+0530] {logging_mixin.py:188} INFO - [2024-02-29T18:37:16.128+0530] {dagbag.py:538} INFO - Filling up the DagBag from /home/arun/.local/lib/python3.10/site-packages/airflow/example_dags/example_local_kubernetes_executor.py
[2024-02-29T18:37:16.140+0530] {processor.py:840} INFO - DAG(s) 'example_local_kubernetes_executor' retrieved from /home/arun/.local/lib/python3.10/site-packages/airflow/example_dags/example_local_kubernetes_executor.py
[2024-02-29T18:37:16.182+0530] {logging_mixin.py:188} INFO - [2024-02-29T18:37:16.182+0530] {dag.py:3036} INFO - Sync 1 DAGs
[2024-02-29T18:37:16.201+0530] {logging_mixin.py:188} INFO - [2024-02-29T18:37:16.201+0530] {dag.py:3823} INFO - Setting next_dagrun for example_local_kubernetes_executor to None, run_after=None
[2024-02-29T18:37:16.241+0530] {processor.py:183} INFO - Processing /home/arun/.local/lib/python3.10/site-packages/airflow/example_dags/example_local_kubernetes_executor.py took 0.122 seconds
[2024-02-29T18:38:13.172+0530] {processor.py:161} INFO - Started process (PID=7291) to work on /home/arun/.local/lib/python3.10/site-packages/airflow/example_dags/example_local_kubernetes_executor.py
[2024-02-29T18:38:13.174+0530] {processor.py:830} INFO - Processing file /home/arun/.local/lib/python3.10/site-packages/airflow/example_dags/example_local_kubernetes_executor.py for tasks to queue
[2024-02-29T18:38:13.175+0530] {logging_mixin.py:188} INFO - [2024-02-29T18:38:13.175+0530] {dagbag.py:538} INFO - Filling up the DagBag from /home/arun/.local/lib/python3.10/site-packages/airflow/example_dags/example_local_kubernetes_executor.py
[2024-02-29T18:38:13.188+0530] {processor.py:840} INFO - DAG(s) 'example_local_kubernetes_executor' retrieved from /home/arun/.local/lib/python3.10/site-packages/airflow/example_dags/example_local_kubernetes_executor.py
[2024-02-29T18:38:13.231+0530] {logging_mixin.py:188} INFO - [2024-02-29T18:38:13.231+0530] {dag.py:3036} INFO - Sync 1 DAGs
[2024-02-29T18:38:13.248+0530] {logging_mixin.py:188} INFO - [2024-02-29T18:38:13.248+0530] {dag.py:3823} INFO - Setting next_dagrun for example_local_kubernetes_executor to None, run_after=None
[2024-02-29T18:38:13.393+0530] {processor.py:183} INFO - Processing /home/arun/.local/lib/python3.10/site-packages/airflow/example_dags/example_local_kubernetes_executor.py took 0.226 seconds
[2024-02-29T18:39:11.033+0530] {processor.py:161} INFO - Started process (PID=7404) to work on /home/arun/.local/lib/python3.10/site-packages/airflow/example_dags/example_local_kubernetes_executor.py
[2024-02-29T18:39:11.036+0530] {processor.py:830} INFO - Processing file /home/arun/.local/lib/python3.10/site-packages/airflow/example_dags/example_local_kubernetes_executor.py for tasks to queue
[2024-02-29T18:39:11.037+0530] {logging_mixin.py:188} INFO - [2024-02-29T18:39:11.037+0530] {dagbag.py:538} INFO - Filling up the DagBag from /home/arun/.local/lib/python3.10/site-packages/airflow/example_dags/example_local_kubernetes_executor.py
[2024-02-29T18:39:11.051+0530] {processor.py:840} INFO - DAG(s) 'example_local_kubernetes_executor' retrieved from /home/arun/.local/lib/python3.10/site-packages/airflow/example_dags/example_local_kubernetes_executor.py
[2024-02-29T18:39:11.108+0530] {logging_mixin.py:188} INFO - [2024-02-29T18:39:11.108+0530] {dag.py:3036} INFO - Sync 1 DAGs
[2024-02-29T18:39:11.133+0530] {logging_mixin.py:188} INFO - [2024-02-29T18:39:11.132+0530] {dag.py:3823} INFO - Setting next_dagrun for example_local_kubernetes_executor to None, run_after=None
[2024-02-29T18:39:11.172+0530] {processor.py:183} INFO - Processing /home/arun/.local/lib/python3.10/site-packages/airflow/example_dags/example_local_kubernetes_executor.py took 0.144 seconds
[2024-02-29T18:40:08.734+0530] {processor.py:161} INFO - Started process (PID=7493) to work on /home/arun/.local/lib/python3.10/site-packages/airflow/example_dags/example_local_kubernetes_executor.py
[2024-02-29T18:40:08.738+0530] {processor.py:830} INFO - Processing file /home/arun/.local/lib/python3.10/site-packages/airflow/example_dags/example_local_kubernetes_executor.py for tasks to queue
[2024-02-29T18:40:08.752+0530] {logging_mixin.py:188} INFO - [2024-02-29T18:40:08.751+0530] {dagbag.py:538} INFO - Filling up the DagBag from /home/arun/.local/lib/python3.10/site-packages/airflow/example_dags/example_local_kubernetes_executor.py
[2024-02-29T18:40:08.771+0530] {processor.py:840} INFO - DAG(s) 'example_local_kubernetes_executor' retrieved from /home/arun/.local/lib/python3.10/site-packages/airflow/example_dags/example_local_kubernetes_executor.py
[2024-02-29T18:40:08.823+0530] {logging_mixin.py:188} INFO - [2024-02-29T18:40:08.822+0530] {dag.py:3036} INFO - Sync 1 DAGs
[2024-02-29T18:40:08.840+0530] {logging_mixin.py:188} INFO - [2024-02-29T18:40:08.840+0530] {dag.py:3823} INFO - Setting next_dagrun for example_local_kubernetes_executor to None, run_after=None
[2024-02-29T18:40:08.878+0530] {processor.py:183} INFO - Processing /home/arun/.local/lib/python3.10/site-packages/airflow/example_dags/example_local_kubernetes_executor.py took 0.151 seconds
[2024-02-29T18:41:05.619+0530] {processor.py:161} INFO - Started process (PID=7584) to work on /home/arun/.local/lib/python3.10/site-packages/airflow/example_dags/example_local_kubernetes_executor.py
[2024-02-29T18:41:05.621+0530] {processor.py:830} INFO - Processing file /home/arun/.local/lib/python3.10/site-packages/airflow/example_dags/example_local_kubernetes_executor.py for tasks to queue
[2024-02-29T18:41:05.622+0530] {logging_mixin.py:188} INFO - [2024-02-29T18:41:05.622+0530] {dagbag.py:538} INFO - Filling up the DagBag from /home/arun/.local/lib/python3.10/site-packages/airflow/example_dags/example_local_kubernetes_executor.py
[2024-02-29T18:41:05.636+0530] {processor.py:840} INFO - DAG(s) 'example_local_kubernetes_executor' retrieved from /home/arun/.local/lib/python3.10/site-packages/airflow/example_dags/example_local_kubernetes_executor.py
[2024-02-29T18:41:05.681+0530] {logging_mixin.py:188} INFO - [2024-02-29T18:41:05.681+0530] {dag.py:3036} INFO - Sync 1 DAGs
[2024-02-29T18:41:05.697+0530] {logging_mixin.py:188} INFO - [2024-02-29T18:41:05.697+0530] {dag.py:3823} INFO - Setting next_dagrun for example_local_kubernetes_executor to None, run_after=None
[2024-02-29T18:41:05.739+0530] {processor.py:183} INFO - Processing /home/arun/.local/lib/python3.10/site-packages/airflow/example_dags/example_local_kubernetes_executor.py took 0.126 seconds
[2024-02-29T18:42:01.099+0530] {processor.py:161} INFO - Started process (PID=7683) to work on /home/arun/.local/lib/python3.10/site-packages/airflow/example_dags/example_local_kubernetes_executor.py
[2024-02-29T18:42:01.102+0530] {processor.py:830} INFO - Processing file /home/arun/.local/lib/python3.10/site-packages/airflow/example_dags/example_local_kubernetes_executor.py for tasks to queue
[2024-02-29T18:42:01.103+0530] {logging_mixin.py:188} INFO - [2024-02-29T18:42:01.102+0530] {dagbag.py:538} INFO - Filling up the DagBag from /home/arun/.local/lib/python3.10/site-packages/airflow/example_dags/example_local_kubernetes_executor.py
[2024-02-29T18:42:01.143+0530] {processor.py:840} INFO - DAG(s) 'example_local_kubernetes_executor' retrieved from /home/arun/.local/lib/python3.10/site-packages/airflow/example_dags/example_local_kubernetes_executor.py
[2024-02-29T18:42:01.215+0530] {logging_mixin.py:188} INFO - [2024-02-29T18:42:01.215+0530] {dag.py:3036} INFO - Sync 1 DAGs
[2024-02-29T18:42:01.254+0530] {logging_mixin.py:188} INFO - [2024-02-29T18:42:01.254+0530] {dag.py:3823} INFO - Setting next_dagrun for example_local_kubernetes_executor to None, run_after=None
[2024-02-29T18:42:01.394+0530] {processor.py:183} INFO - Processing /home/arun/.local/lib/python3.10/site-packages/airflow/example_dags/example_local_kubernetes_executor.py took 0.305 seconds
[2024-02-29T18:42:59.990+0530] {processor.py:161} INFO - Started process (PID=7774) to work on /home/arun/.local/lib/python3.10/site-packages/airflow/example_dags/example_local_kubernetes_executor.py
[2024-02-29T18:42:59.992+0530] {processor.py:830} INFO - Processing file /home/arun/.local/lib/python3.10/site-packages/airflow/example_dags/example_local_kubernetes_executor.py for tasks to queue
[2024-02-29T18:42:59.993+0530] {logging_mixin.py:188} INFO - [2024-02-29T18:42:59.993+0530] {dagbag.py:538} INFO - Filling up the DagBag from /home/arun/.local/lib/python3.10/site-packages/airflow/example_dags/example_local_kubernetes_executor.py
[2024-02-29T18:43:00.018+0530] {processor.py:840} INFO - DAG(s) 'example_local_kubernetes_executor' retrieved from /home/arun/.local/lib/python3.10/site-packages/airflow/example_dags/example_local_kubernetes_executor.py
[2024-02-29T18:43:00.084+0530] {logging_mixin.py:188} INFO - [2024-02-29T18:43:00.083+0530] {dag.py:3036} INFO - Sync 1 DAGs
[2024-02-29T18:43:00.110+0530] {logging_mixin.py:188} INFO - [2024-02-29T18:43:00.110+0530] {dag.py:3823} INFO - Setting next_dagrun for example_local_kubernetes_executor to None, run_after=None
[2024-02-29T18:43:00.154+0530] {processor.py:183} INFO - Processing /home/arun/.local/lib/python3.10/site-packages/airflow/example_dags/example_local_kubernetes_executor.py took 0.169 seconds
[2024-02-29T18:44:04.655+0530] {processor.py:161} INFO - Started process (PID=7887) to work on /home/arun/.local/lib/python3.10/site-packages/airflow/example_dags/example_local_kubernetes_executor.py
[2024-02-29T18:44:04.657+0530] {processor.py:830} INFO - Processing file /home/arun/.local/lib/python3.10/site-packages/airflow/example_dags/example_local_kubernetes_executor.py for tasks to queue
[2024-02-29T18:44:04.659+0530] {logging_mixin.py:188} INFO - [2024-02-29T18:44:04.658+0530] {dagbag.py:538} INFO - Filling up the DagBag from /home/arun/.local/lib/python3.10/site-packages/airflow/example_dags/example_local_kubernetes_executor.py
[2024-02-29T18:44:04.699+0530] {processor.py:840} INFO - DAG(s) 'example_local_kubernetes_executor' retrieved from /home/arun/.local/lib/python3.10/site-packages/airflow/example_dags/example_local_kubernetes_executor.py
[2024-02-29T18:44:04.778+0530] {logging_mixin.py:188} INFO - [2024-02-29T18:44:04.777+0530] {dag.py:3036} INFO - Sync 1 DAGs
[2024-02-29T18:44:04.814+0530] {logging_mixin.py:188} INFO - [2024-02-29T18:44:04.814+0530] {dag.py:3823} INFO - Setting next_dagrun for example_local_kubernetes_executor to None, run_after=None
[2024-02-29T18:44:04.936+0530] {processor.py:183} INFO - Processing /home/arun/.local/lib/python3.10/site-packages/airflow/example_dags/example_local_kubernetes_executor.py took 0.287 seconds
[2024-02-29T18:45:00.362+0530] {processor.py:161} INFO - Started process (PID=7978) to work on /home/arun/.local/lib/python3.10/site-packages/airflow/example_dags/example_local_kubernetes_executor.py
[2024-02-29T18:45:00.378+0530] {processor.py:830} INFO - Processing file /home/arun/.local/lib/python3.10/site-packages/airflow/example_dags/example_local_kubernetes_executor.py for tasks to queue
[2024-02-29T18:45:00.379+0530] {logging_mixin.py:188} INFO - [2024-02-29T18:45:00.378+0530] {dagbag.py:538} INFO - Filling up the DagBag from /home/arun/.local/lib/python3.10/site-packages/airflow/example_dags/example_local_kubernetes_executor.py
[2024-02-29T18:45:00.391+0530] {processor.py:840} INFO - DAG(s) 'example_local_kubernetes_executor' retrieved from /home/arun/.local/lib/python3.10/site-packages/airflow/example_dags/example_local_kubernetes_executor.py
[2024-02-29T18:45:00.429+0530] {logging_mixin.py:188} INFO - [2024-02-29T18:45:00.429+0530] {dag.py:3036} INFO - Sync 1 DAGs
[2024-02-29T18:45:00.441+0530] {logging_mixin.py:188} INFO - [2024-02-29T18:45:00.440+0530] {dag.py:3823} INFO - Setting next_dagrun for example_local_kubernetes_executor to None, run_after=None
[2024-02-29T18:45:00.470+0530] {processor.py:183} INFO - Processing /home/arun/.local/lib/python3.10/site-packages/airflow/example_dags/example_local_kubernetes_executor.py took 0.113 seconds
[2024-02-29T18:45:53.848+0530] {processor.py:161} INFO - Started process (PID=8077) to work on /home/arun/.local/lib/python3.10/site-packages/airflow/example_dags/example_local_kubernetes_executor.py
[2024-02-29T18:45:53.849+0530] {processor.py:830} INFO - Processing file /home/arun/.local/lib/python3.10/site-packages/airflow/example_dags/example_local_kubernetes_executor.py for tasks to queue
[2024-02-29T18:45:53.850+0530] {logging_mixin.py:188} INFO - [2024-02-29T18:45:53.850+0530] {dagbag.py:538} INFO - Filling up the DagBag from /home/arun/.local/lib/python3.10/site-packages/airflow/example_dags/example_local_kubernetes_executor.py
[2024-02-29T18:45:53.860+0530] {processor.py:840} INFO - DAG(s) 'example_local_kubernetes_executor' retrieved from /home/arun/.local/lib/python3.10/site-packages/airflow/example_dags/example_local_kubernetes_executor.py
[2024-02-29T18:45:53.892+0530] {logging_mixin.py:188} INFO - [2024-02-29T18:45:53.892+0530] {dag.py:3036} INFO - Sync 1 DAGs
[2024-02-29T18:45:53.906+0530] {logging_mixin.py:188} INFO - [2024-02-29T18:45:53.906+0530] {dag.py:3823} INFO - Setting next_dagrun for example_local_kubernetes_executor to None, run_after=None
[2024-02-29T18:45:53.934+0530] {processor.py:183} INFO - Processing /home/arun/.local/lib/python3.10/site-packages/airflow/example_dags/example_local_kubernetes_executor.py took 0.091 seconds
[2024-02-29T18:46:48.292+0530] {processor.py:161} INFO - Started process (PID=8162) to work on /home/arun/.local/lib/python3.10/site-packages/airflow/example_dags/example_local_kubernetes_executor.py
[2024-02-29T18:46:48.294+0530] {processor.py:830} INFO - Processing file /home/arun/.local/lib/python3.10/site-packages/airflow/example_dags/example_local_kubernetes_executor.py for tasks to queue
[2024-02-29T18:46:48.295+0530] {logging_mixin.py:188} INFO - [2024-02-29T18:46:48.295+0530] {dagbag.py:538} INFO - Filling up the DagBag from /home/arun/.local/lib/python3.10/site-packages/airflow/example_dags/example_local_kubernetes_executor.py
[2024-02-29T18:46:48.304+0530] {processor.py:840} INFO - DAG(s) 'example_local_kubernetes_executor' retrieved from /home/arun/.local/lib/python3.10/site-packages/airflow/example_dags/example_local_kubernetes_executor.py
[2024-02-29T18:46:48.342+0530] {logging_mixin.py:188} INFO - [2024-02-29T18:46:48.342+0530] {dag.py:3036} INFO - Sync 1 DAGs
[2024-02-29T18:46:48.366+0530] {logging_mixin.py:188} INFO - [2024-02-29T18:46:48.366+0530] {dag.py:3823} INFO - Setting next_dagrun for example_local_kubernetes_executor to None, run_after=None
[2024-02-29T18:46:48.421+0530] {processor.py:183} INFO - Processing /home/arun/.local/lib/python3.10/site-packages/airflow/example_dags/example_local_kubernetes_executor.py took 0.132 seconds
[2024-02-29T18:47:40.357+0530] {processor.py:161} INFO - Started process (PID=8245) to work on /home/arun/.local/lib/python3.10/site-packages/airflow/example_dags/example_local_kubernetes_executor.py
[2024-02-29T18:47:40.360+0530] {processor.py:830} INFO - Processing file /home/arun/.local/lib/python3.10/site-packages/airflow/example_dags/example_local_kubernetes_executor.py for tasks to queue
[2024-02-29T18:47:40.361+0530] {logging_mixin.py:188} INFO - [2024-02-29T18:47:40.360+0530] {dagbag.py:538} INFO - Filling up the DagBag from /home/arun/.local/lib/python3.10/site-packages/airflow/example_dags/example_local_kubernetes_executor.py
[2024-02-29T18:47:40.372+0530] {processor.py:840} INFO - DAG(s) 'example_local_kubernetes_executor' retrieved from /home/arun/.local/lib/python3.10/site-packages/airflow/example_dags/example_local_kubernetes_executor.py
[2024-02-29T18:47:40.413+0530] {logging_mixin.py:188} INFO - [2024-02-29T18:47:40.413+0530] {dag.py:3036} INFO - Sync 1 DAGs
[2024-02-29T18:47:40.432+0530] {logging_mixin.py:188} INFO - [2024-02-29T18:47:40.432+0530] {dag.py:3823} INFO - Setting next_dagrun for example_local_kubernetes_executor to None, run_after=None
[2024-02-29T18:47:40.468+0530] {processor.py:183} INFO - Processing /home/arun/.local/lib/python3.10/site-packages/airflow/example_dags/example_local_kubernetes_executor.py took 0.116 seconds
[2024-02-29T18:48:32.880+0530] {processor.py:161} INFO - Started process (PID=8330) to work on /home/arun/.local/lib/python3.10/site-packages/airflow/example_dags/example_local_kubernetes_executor.py
[2024-02-29T18:48:32.883+0530] {processor.py:830} INFO - Processing file /home/arun/.local/lib/python3.10/site-packages/airflow/example_dags/example_local_kubernetes_executor.py for tasks to queue
[2024-02-29T18:48:32.884+0530] {logging_mixin.py:188} INFO - [2024-02-29T18:48:32.884+0530] {dagbag.py:538} INFO - Filling up the DagBag from /home/arun/.local/lib/python3.10/site-packages/airflow/example_dags/example_local_kubernetes_executor.py
[2024-02-29T18:48:32.895+0530] {processor.py:840} INFO - DAG(s) 'example_local_kubernetes_executor' retrieved from /home/arun/.local/lib/python3.10/site-packages/airflow/example_dags/example_local_kubernetes_executor.py
[2024-02-29T18:48:32.931+0530] {logging_mixin.py:188} INFO - [2024-02-29T18:48:32.931+0530] {dag.py:3036} INFO - Sync 1 DAGs
[2024-02-29T18:48:32.945+0530] {logging_mixin.py:188} INFO - [2024-02-29T18:48:32.945+0530] {dag.py:3823} INFO - Setting next_dagrun for example_local_kubernetes_executor to None, run_after=None
[2024-02-29T18:48:32.975+0530] {processor.py:183} INFO - Processing /home/arun/.local/lib/python3.10/site-packages/airflow/example_dags/example_local_kubernetes_executor.py took 0.099 seconds
[2024-02-29T18:49:41.536+0530] {processor.py:161} INFO - Started process (PID=8442) to work on /home/arun/.local/lib/python3.10/site-packages/airflow/example_dags/example_local_kubernetes_executor.py
[2024-02-29T18:49:41.538+0530] {processor.py:830} INFO - Processing file /home/arun/.local/lib/python3.10/site-packages/airflow/example_dags/example_local_kubernetes_executor.py for tasks to queue
[2024-02-29T18:49:41.538+0530] {logging_mixin.py:188} INFO - [2024-02-29T18:49:41.538+0530] {dagbag.py:538} INFO - Filling up the DagBag from /home/arun/.local/lib/python3.10/site-packages/airflow/example_dags/example_local_kubernetes_executor.py
[2024-02-29T18:49:41.546+0530] {processor.py:840} INFO - DAG(s) 'example_local_kubernetes_executor' retrieved from /home/arun/.local/lib/python3.10/site-packages/airflow/example_dags/example_local_kubernetes_executor.py
[2024-02-29T18:49:41.573+0530] {logging_mixin.py:188} INFO - [2024-02-29T18:49:41.573+0530] {dag.py:3036} INFO - Sync 1 DAGs
[2024-02-29T18:49:41.585+0530] {logging_mixin.py:188} INFO - [2024-02-29T18:49:41.584+0530] {dag.py:3823} INFO - Setting next_dagrun for example_local_kubernetes_executor to None, run_after=None
[2024-02-29T18:49:41.610+0530] {processor.py:183} INFO - Processing /home/arun/.local/lib/python3.10/site-packages/airflow/example_dags/example_local_kubernetes_executor.py took 0.077 seconds
[2024-02-29T18:50:30.265+0530] {processor.py:161} INFO - Started process (PID=8525) to work on /home/arun/.local/lib/python3.10/site-packages/airflow/example_dags/example_local_kubernetes_executor.py
[2024-02-29T18:50:30.302+0530] {processor.py:830} INFO - Processing file /home/arun/.local/lib/python3.10/site-packages/airflow/example_dags/example_local_kubernetes_executor.py for tasks to queue
[2024-02-29T18:50:30.303+0530] {logging_mixin.py:188} INFO - [2024-02-29T18:50:30.303+0530] {dagbag.py:538} INFO - Filling up the DagBag from /home/arun/.local/lib/python3.10/site-packages/airflow/example_dags/example_local_kubernetes_executor.py
[2024-02-29T18:50:30.314+0530] {processor.py:840} INFO - DAG(s) 'example_local_kubernetes_executor' retrieved from /home/arun/.local/lib/python3.10/site-packages/airflow/example_dags/example_local_kubernetes_executor.py
[2024-02-29T18:50:30.346+0530] {logging_mixin.py:188} INFO - [2024-02-29T18:50:30.346+0530] {dag.py:3036} INFO - Sync 1 DAGs
[2024-02-29T18:50:30.358+0530] {logging_mixin.py:188} INFO - [2024-02-29T18:50:30.358+0530] {dag.py:3823} INFO - Setting next_dagrun for example_local_kubernetes_executor to None, run_after=None
[2024-02-29T18:50:30.384+0530] {processor.py:183} INFO - Processing /home/arun/.local/lib/python3.10/site-packages/airflow/example_dags/example_local_kubernetes_executor.py took 0.123 seconds
[2024-02-29T18:51:23.378+0530] {processor.py:161} INFO - Started process (PID=8608) to work on /home/arun/.local/lib/python3.10/site-packages/airflow/example_dags/example_local_kubernetes_executor.py
[2024-02-29T18:51:23.380+0530] {processor.py:830} INFO - Processing file /home/arun/.local/lib/python3.10/site-packages/airflow/example_dags/example_local_kubernetes_executor.py for tasks to queue
[2024-02-29T18:51:23.381+0530] {logging_mixin.py:188} INFO - [2024-02-29T18:51:23.380+0530] {dagbag.py:538} INFO - Filling up the DagBag from /home/arun/.local/lib/python3.10/site-packages/airflow/example_dags/example_local_kubernetes_executor.py
[2024-02-29T18:51:23.389+0530] {processor.py:840} INFO - DAG(s) 'example_local_kubernetes_executor' retrieved from /home/arun/.local/lib/python3.10/site-packages/airflow/example_dags/example_local_kubernetes_executor.py
[2024-02-29T18:51:23.427+0530] {logging_mixin.py:188} INFO - [2024-02-29T18:51:23.427+0530] {dag.py:3036} INFO - Sync 1 DAGs
[2024-02-29T18:51:23.443+0530] {logging_mixin.py:188} INFO - [2024-02-29T18:51:23.443+0530] {dag.py:3823} INFO - Setting next_dagrun for example_local_kubernetes_executor to None, run_after=None
[2024-02-29T18:51:23.478+0530] {processor.py:183} INFO - Processing /home/arun/.local/lib/python3.10/site-packages/airflow/example_dags/example_local_kubernetes_executor.py took 0.103 seconds
[2024-02-29T18:52:18.242+0530] {processor.py:161} INFO - Started process (PID=8785) to work on /home/arun/.local/lib/python3.10/site-packages/airflow/example_dags/example_local_kubernetes_executor.py
[2024-02-29T18:52:18.244+0530] {processor.py:830} INFO - Processing file /home/arun/.local/lib/python3.10/site-packages/airflow/example_dags/example_local_kubernetes_executor.py for tasks to queue
[2024-02-29T18:52:18.245+0530] {logging_mixin.py:188} INFO - [2024-02-29T18:52:18.244+0530] {dagbag.py:538} INFO - Filling up the DagBag from /home/arun/.local/lib/python3.10/site-packages/airflow/example_dags/example_local_kubernetes_executor.py
[2024-02-29T18:52:18.255+0530] {processor.py:840} INFO - DAG(s) 'example_local_kubernetes_executor' retrieved from /home/arun/.local/lib/python3.10/site-packages/airflow/example_dags/example_local_kubernetes_executor.py
[2024-02-29T18:52:18.297+0530] {logging_mixin.py:188} INFO - [2024-02-29T18:52:18.297+0530] {dag.py:3036} INFO - Sync 1 DAGs
[2024-02-29T18:52:18.315+0530] {logging_mixin.py:188} INFO - [2024-02-29T18:52:18.315+0530] {dag.py:3823} INFO - Setting next_dagrun for example_local_kubernetes_executor to None, run_after=None
[2024-02-29T18:52:18.352+0530] {processor.py:183} INFO - Processing /home/arun/.local/lib/python3.10/site-packages/airflow/example_dags/example_local_kubernetes_executor.py took 0.114 seconds
[2024-02-29T18:53:10.926+0530] {processor.py:161} INFO - Started process (PID=8868) to work on /home/arun/.local/lib/python3.10/site-packages/airflow/example_dags/example_local_kubernetes_executor.py
[2024-02-29T18:53:10.966+0530] {processor.py:830} INFO - Processing file /home/arun/.local/lib/python3.10/site-packages/airflow/example_dags/example_local_kubernetes_executor.py for tasks to queue
[2024-02-29T18:53:10.967+0530] {logging_mixin.py:188} INFO - [2024-02-29T18:53:10.967+0530] {dagbag.py:538} INFO - Filling up the DagBag from /home/arun/.local/lib/python3.10/site-packages/airflow/example_dags/example_local_kubernetes_executor.py
[2024-02-29T18:53:10.978+0530] {processor.py:840} INFO - DAG(s) 'example_local_kubernetes_executor' retrieved from /home/arun/.local/lib/python3.10/site-packages/airflow/example_dags/example_local_kubernetes_executor.py
[2024-02-29T18:53:11.010+0530] {logging_mixin.py:188} INFO - [2024-02-29T18:53:11.010+0530] {dag.py:3036} INFO - Sync 1 DAGs
[2024-02-29T18:53:11.024+0530] {logging_mixin.py:188} INFO - [2024-02-29T18:53:11.023+0530] {dag.py:3823} INFO - Setting next_dagrun for example_local_kubernetes_executor to None, run_after=None
[2024-02-29T18:53:11.057+0530] {processor.py:183} INFO - Processing /home/arun/.local/lib/python3.10/site-packages/airflow/example_dags/example_local_kubernetes_executor.py took 0.136 seconds
[2024-02-29T18:54:02.863+0530] {processor.py:161} INFO - Started process (PID=8950) to work on /home/arun/.local/lib/python3.10/site-packages/airflow/example_dags/example_local_kubernetes_executor.py
[2024-02-29T18:54:02.865+0530] {processor.py:830} INFO - Processing file /home/arun/.local/lib/python3.10/site-packages/airflow/example_dags/example_local_kubernetes_executor.py for tasks to queue
[2024-02-29T18:54:02.866+0530] {logging_mixin.py:188} INFO - [2024-02-29T18:54:02.866+0530] {dagbag.py:538} INFO - Filling up the DagBag from /home/arun/.local/lib/python3.10/site-packages/airflow/example_dags/example_local_kubernetes_executor.py
[2024-02-29T18:54:02.877+0530] {processor.py:840} INFO - DAG(s) 'example_local_kubernetes_executor' retrieved from /home/arun/.local/lib/python3.10/site-packages/airflow/example_dags/example_local_kubernetes_executor.py
[2024-02-29T18:54:02.908+0530] {logging_mixin.py:188} INFO - [2024-02-29T18:54:02.908+0530] {dag.py:3036} INFO - Sync 1 DAGs
[2024-02-29T18:54:02.918+0530] {logging_mixin.py:188} INFO - [2024-02-29T18:54:02.918+0530] {dag.py:3823} INFO - Setting next_dagrun for example_local_kubernetes_executor to None, run_after=None
[2024-02-29T18:54:02.946+0530] {processor.py:183} INFO - Processing /home/arun/.local/lib/python3.10/site-packages/airflow/example_dags/example_local_kubernetes_executor.py took 0.087 seconds
[2024-02-29T18:55:14.567+0530] {processor.py:161} INFO - Started process (PID=9263) to work on /home/arun/.local/lib/python3.10/site-packages/airflow/example_dags/example_local_kubernetes_executor.py
[2024-02-29T18:55:14.569+0530] {processor.py:830} INFO - Processing file /home/arun/.local/lib/python3.10/site-packages/airflow/example_dags/example_local_kubernetes_executor.py for tasks to queue
[2024-02-29T18:55:14.570+0530] {logging_mixin.py:188} INFO - [2024-02-29T18:55:14.569+0530] {dagbag.py:538} INFO - Filling up the DagBag from /home/arun/.local/lib/python3.10/site-packages/airflow/example_dags/example_local_kubernetes_executor.py
[2024-02-29T18:55:14.579+0530] {processor.py:840} INFO - DAG(s) 'example_local_kubernetes_executor' retrieved from /home/arun/.local/lib/python3.10/site-packages/airflow/example_dags/example_local_kubernetes_executor.py
[2024-02-29T18:55:14.612+0530] {logging_mixin.py:188} INFO - [2024-02-29T18:55:14.612+0530] {dag.py:3036} INFO - Sync 1 DAGs
[2024-02-29T18:55:14.628+0530] {logging_mixin.py:188} INFO - [2024-02-29T18:55:14.628+0530] {dag.py:3823} INFO - Setting next_dagrun for example_local_kubernetes_executor to None, run_after=None
[2024-02-29T18:55:14.660+0530] {processor.py:183} INFO - Processing /home/arun/.local/lib/python3.10/site-packages/airflow/example_dags/example_local_kubernetes_executor.py took 0.096 seconds
[2024-02-29T18:56:15.418+0530] {processor.py:161} INFO - Started process (PID=9418) to work on /home/arun/.local/lib/python3.10/site-packages/airflow/example_dags/example_local_kubernetes_executor.py
[2024-02-29T18:56:15.456+0530] {processor.py:830} INFO - Processing file /home/arun/.local/lib/python3.10/site-packages/airflow/example_dags/example_local_kubernetes_executor.py for tasks to queue
[2024-02-29T18:56:15.457+0530] {logging_mixin.py:188} INFO - [2024-02-29T18:56:15.457+0530] {dagbag.py:538} INFO - Filling up the DagBag from /home/arun/.local/lib/python3.10/site-packages/airflow/example_dags/example_local_kubernetes_executor.py
[2024-02-29T18:56:15.466+0530] {processor.py:840} INFO - DAG(s) 'example_local_kubernetes_executor' retrieved from /home/arun/.local/lib/python3.10/site-packages/airflow/example_dags/example_local_kubernetes_executor.py
[2024-02-29T18:56:15.510+0530] {logging_mixin.py:188} INFO - [2024-02-29T18:56:15.510+0530] {dag.py:3036} INFO - Sync 1 DAGs
[2024-02-29T18:56:15.532+0530] {logging_mixin.py:188} INFO - [2024-02-29T18:56:15.532+0530] {dag.py:3823} INFO - Setting next_dagrun for example_local_kubernetes_executor to None, run_after=None
[2024-02-29T18:56:15.576+0530] {processor.py:183} INFO - Processing /home/arun/.local/lib/python3.10/site-packages/airflow/example_dags/example_local_kubernetes_executor.py took 0.162 seconds
[2024-02-29T18:57:13.934+0530] {processor.py:161} INFO - Started process (PID=9531) to work on /home/arun/.local/lib/python3.10/site-packages/airflow/example_dags/example_local_kubernetes_executor.py
[2024-02-29T18:57:13.976+0530] {processor.py:830} INFO - Processing file /home/arun/.local/lib/python3.10/site-packages/airflow/example_dags/example_local_kubernetes_executor.py for tasks to queue
[2024-02-29T18:57:13.977+0530] {logging_mixin.py:188} INFO - [2024-02-29T18:57:13.976+0530] {dagbag.py:538} INFO - Filling up the DagBag from /home/arun/.local/lib/python3.10/site-packages/airflow/example_dags/example_local_kubernetes_executor.py
[2024-02-29T18:57:13.985+0530] {processor.py:840} INFO - DAG(s) 'example_local_kubernetes_executor' retrieved from /home/arun/.local/lib/python3.10/site-packages/airflow/example_dags/example_local_kubernetes_executor.py
[2024-02-29T18:57:14.017+0530] {logging_mixin.py:188} INFO - [2024-02-29T18:57:14.017+0530] {dag.py:3036} INFO - Sync 1 DAGs
[2024-02-29T18:57:14.031+0530] {logging_mixin.py:188} INFO - [2024-02-29T18:57:14.031+0530] {dag.py:3823} INFO - Setting next_dagrun for example_local_kubernetes_executor to None, run_after=None
[2024-02-29T18:57:14.066+0530] {processor.py:183} INFO - Processing /home/arun/.local/lib/python3.10/site-packages/airflow/example_dags/example_local_kubernetes_executor.py took 0.136 seconds
[2024-02-29T18:58:09.544+0530] {processor.py:161} INFO - Started process (PID=9620) to work on /home/arun/.local/lib/python3.10/site-packages/airflow/example_dags/example_local_kubernetes_executor.py
[2024-02-29T18:58:09.559+0530] {processor.py:830} INFO - Processing file /home/arun/.local/lib/python3.10/site-packages/airflow/example_dags/example_local_kubernetes_executor.py for tasks to queue
[2024-02-29T18:58:09.561+0530] {logging_mixin.py:188} INFO - [2024-02-29T18:58:09.560+0530] {dagbag.py:538} INFO - Filling up the DagBag from /home/arun/.local/lib/python3.10/site-packages/airflow/example_dags/example_local_kubernetes_executor.py
[2024-02-29T18:58:09.573+0530] {processor.py:840} INFO - DAG(s) 'example_local_kubernetes_executor' retrieved from /home/arun/.local/lib/python3.10/site-packages/airflow/example_dags/example_local_kubernetes_executor.py
[2024-02-29T18:58:09.618+0530] {logging_mixin.py:188} INFO - [2024-02-29T18:58:09.617+0530] {dag.py:3036} INFO - Sync 1 DAGs
[2024-02-29T18:58:09.637+0530] {logging_mixin.py:188} INFO - [2024-02-29T18:58:09.637+0530] {dag.py:3823} INFO - Setting next_dagrun for example_local_kubernetes_executor to None, run_after=None
[2024-02-29T18:58:09.683+0530] {processor.py:183} INFO - Processing /home/arun/.local/lib/python3.10/site-packages/airflow/example_dags/example_local_kubernetes_executor.py took 0.151 seconds
[2024-02-29T18:59:10.682+0530] {processor.py:161} INFO - Started process (PID=9728) to work on /home/arun/.local/lib/python3.10/site-packages/airflow/example_dags/example_local_kubernetes_executor.py
[2024-02-29T18:59:10.719+0530] {processor.py:830} INFO - Processing file /home/arun/.local/lib/python3.10/site-packages/airflow/example_dags/example_local_kubernetes_executor.py for tasks to queue
[2024-02-29T18:59:10.720+0530] {logging_mixin.py:188} INFO - [2024-02-29T18:59:10.720+0530] {dagbag.py:538} INFO - Filling up the DagBag from /home/arun/.local/lib/python3.10/site-packages/airflow/example_dags/example_local_kubernetes_executor.py
[2024-02-29T18:59:10.734+0530] {processor.py:840} INFO - DAG(s) 'example_local_kubernetes_executor' retrieved from /home/arun/.local/lib/python3.10/site-packages/airflow/example_dags/example_local_kubernetes_executor.py
[2024-02-29T18:59:10.774+0530] {logging_mixin.py:188} INFO - [2024-02-29T18:59:10.774+0530] {dag.py:3036} INFO - Sync 1 DAGs
[2024-02-29T18:59:10.787+0530] {logging_mixin.py:188} INFO - [2024-02-29T18:59:10.787+0530] {dag.py:3823} INFO - Setting next_dagrun for example_local_kubernetes_executor to None, run_after=None
[2024-02-29T18:59:10.820+0530] {processor.py:183} INFO - Processing /home/arun/.local/lib/python3.10/site-packages/airflow/example_dags/example_local_kubernetes_executor.py took 0.145 seconds
[2024-02-29T19:00:06.335+0530] {processor.py:161} INFO - Started process (PID=9830) to work on /home/arun/.local/lib/python3.10/site-packages/airflow/example_dags/example_local_kubernetes_executor.py
[2024-02-29T19:00:06.376+0530] {processor.py:830} INFO - Processing file /home/arun/.local/lib/python3.10/site-packages/airflow/example_dags/example_local_kubernetes_executor.py for tasks to queue
[2024-02-29T19:00:06.377+0530] {logging_mixin.py:188} INFO - [2024-02-29T19:00:06.376+0530] {dagbag.py:538} INFO - Filling up the DagBag from /home/arun/.local/lib/python3.10/site-packages/airflow/example_dags/example_local_kubernetes_executor.py
[2024-02-29T19:00:06.386+0530] {processor.py:840} INFO - DAG(s) 'example_local_kubernetes_executor' retrieved from /home/arun/.local/lib/python3.10/site-packages/airflow/example_dags/example_local_kubernetes_executor.py
[2024-02-29T19:00:06.425+0530] {logging_mixin.py:188} INFO - [2024-02-29T19:00:06.424+0530] {dag.py:3036} INFO - Sync 1 DAGs
[2024-02-29T19:00:06.447+0530] {logging_mixin.py:188} INFO - [2024-02-29T19:00:06.447+0530] {dag.py:3823} INFO - Setting next_dagrun for example_local_kubernetes_executor to None, run_after=None
[2024-02-29T19:00:06.509+0530] {processor.py:183} INFO - Processing /home/arun/.local/lib/python3.10/site-packages/airflow/example_dags/example_local_kubernetes_executor.py took 0.177 seconds
[2024-02-29T19:01:20.688+0530] {processor.py:161} INFO - Started process (PID=9950) to work on /home/arun/.local/lib/python3.10/site-packages/airflow/example_dags/example_local_kubernetes_executor.py
[2024-02-29T19:01:20.690+0530] {processor.py:830} INFO - Processing file /home/arun/.local/lib/python3.10/site-packages/airflow/example_dags/example_local_kubernetes_executor.py for tasks to queue
[2024-02-29T19:01:20.692+0530] {logging_mixin.py:188} INFO - [2024-02-29T19:01:20.691+0530] {dagbag.py:538} INFO - Filling up the DagBag from /home/arun/.local/lib/python3.10/site-packages/airflow/example_dags/example_local_kubernetes_executor.py
[2024-02-29T19:01:20.703+0530] {processor.py:840} INFO - DAG(s) 'example_local_kubernetes_executor' retrieved from /home/arun/.local/lib/python3.10/site-packages/airflow/example_dags/example_local_kubernetes_executor.py
[2024-02-29T19:01:20.794+0530] {logging_mixin.py:188} INFO - [2024-02-29T19:01:20.791+0530] {dag.py:3036} INFO - Sync 1 DAGs
[2024-02-29T19:01:20.819+0530] {logging_mixin.py:188} INFO - [2024-02-29T19:01:20.818+0530] {dag.py:3823} INFO - Setting next_dagrun for example_local_kubernetes_executor to None, run_after=None
[2024-02-29T19:01:20.856+0530] {processor.py:183} INFO - Processing /home/arun/.local/lib/python3.10/site-packages/airflow/example_dags/example_local_kubernetes_executor.py took 0.172 seconds
[2024-02-29T19:02:12.890+0530] {processor.py:161} INFO - Started process (PID=10034) to work on /home/arun/.local/lib/python3.10/site-packages/airflow/example_dags/example_local_kubernetes_executor.py
[2024-02-29T19:02:12.892+0530] {processor.py:830} INFO - Processing file /home/arun/.local/lib/python3.10/site-packages/airflow/example_dags/example_local_kubernetes_executor.py for tasks to queue
[2024-02-29T19:02:12.893+0530] {logging_mixin.py:188} INFO - [2024-02-29T19:02:12.892+0530] {dagbag.py:538} INFO - Filling up the DagBag from /home/arun/.local/lib/python3.10/site-packages/airflow/example_dags/example_local_kubernetes_executor.py
[2024-02-29T19:02:12.902+0530] {processor.py:840} INFO - DAG(s) 'example_local_kubernetes_executor' retrieved from /home/arun/.local/lib/python3.10/site-packages/airflow/example_dags/example_local_kubernetes_executor.py
[2024-02-29T19:02:12.942+0530] {logging_mixin.py:188} INFO - [2024-02-29T19:02:12.941+0530] {dag.py:3036} INFO - Sync 1 DAGs
[2024-02-29T19:02:12.959+0530] {logging_mixin.py:188} INFO - [2024-02-29T19:02:12.959+0530] {dag.py:3823} INFO - Setting next_dagrun for example_local_kubernetes_executor to None, run_after=None
[2024-02-29T19:02:12.996+0530] {processor.py:183} INFO - Processing /home/arun/.local/lib/python3.10/site-packages/airflow/example_dags/example_local_kubernetes_executor.py took 0.109 seconds
[2024-02-29T19:03:03.959+0530] {processor.py:161} INFO - Started process (PID=10116) to work on /home/arun/.local/lib/python3.10/site-packages/airflow/example_dags/example_local_kubernetes_executor.py
[2024-02-29T19:03:03.995+0530] {processor.py:830} INFO - Processing file /home/arun/.local/lib/python3.10/site-packages/airflow/example_dags/example_local_kubernetes_executor.py for tasks to queue
[2024-02-29T19:03:03.997+0530] {logging_mixin.py:188} INFO - [2024-02-29T19:03:03.997+0530] {dagbag.py:538} INFO - Filling up the DagBag from /home/arun/.local/lib/python3.10/site-packages/airflow/example_dags/example_local_kubernetes_executor.py
[2024-02-29T19:03:04.017+0530] {processor.py:840} INFO - DAG(s) 'example_local_kubernetes_executor' retrieved from /home/arun/.local/lib/python3.10/site-packages/airflow/example_dags/example_local_kubernetes_executor.py
[2024-02-29T19:03:04.132+0530] {logging_mixin.py:188} INFO - [2024-02-29T19:03:04.131+0530] {dag.py:3036} INFO - Sync 1 DAGs
[2024-02-29T19:03:04.170+0530] {logging_mixin.py:188} INFO - [2024-02-29T19:03:04.169+0530] {dag.py:3823} INFO - Setting next_dagrun for example_local_kubernetes_executor to None, run_after=None
[2024-02-29T19:03:04.242+0530] {processor.py:183} INFO - Processing /home/arun/.local/lib/python3.10/site-packages/airflow/example_dags/example_local_kubernetes_executor.py took 0.287 seconds
[2024-02-29T19:03:53.043+0530] {processor.py:161} INFO - Started process (PID=10195) to work on /home/arun/.local/lib/python3.10/site-packages/airflow/example_dags/example_local_kubernetes_executor.py
[2024-02-29T19:03:53.044+0530] {processor.py:830} INFO - Processing file /home/arun/.local/lib/python3.10/site-packages/airflow/example_dags/example_local_kubernetes_executor.py for tasks to queue
[2024-02-29T19:03:53.045+0530] {logging_mixin.py:188} INFO - [2024-02-29T19:03:53.045+0530] {dagbag.py:538} INFO - Filling up the DagBag from /home/arun/.local/lib/python3.10/site-packages/airflow/example_dags/example_local_kubernetes_executor.py
[2024-02-29T19:03:53.055+0530] {processor.py:840} INFO - DAG(s) 'example_local_kubernetes_executor' retrieved from /home/arun/.local/lib/python3.10/site-packages/airflow/example_dags/example_local_kubernetes_executor.py
[2024-02-29T19:03:53.099+0530] {logging_mixin.py:188} INFO - [2024-02-29T19:03:53.098+0530] {dag.py:3036} INFO - Sync 1 DAGs
[2024-02-29T19:03:53.119+0530] {logging_mixin.py:188} INFO - [2024-02-29T19:03:53.119+0530] {dag.py:3823} INFO - Setting next_dagrun for example_local_kubernetes_executor to None, run_after=None
[2024-02-29T19:03:53.159+0530] {processor.py:183} INFO - Processing /home/arun/.local/lib/python3.10/site-packages/airflow/example_dags/example_local_kubernetes_executor.py took 0.120 seconds
[2024-02-29T19:05:07.023+0530] {processor.py:161} INFO - Started process (PID=10341) to work on /home/arun/.local/lib/python3.10/site-packages/airflow/example_dags/example_local_kubernetes_executor.py
[2024-02-29T19:05:07.110+0530] {processor.py:830} INFO - Processing file /home/arun/.local/lib/python3.10/site-packages/airflow/example_dags/example_local_kubernetes_executor.py for tasks to queue
[2024-02-29T19:05:07.111+0530] {logging_mixin.py:188} INFO - [2024-02-29T19:05:07.110+0530] {dagbag.py:538} INFO - Filling up the DagBag from /home/arun/.local/lib/python3.10/site-packages/airflow/example_dags/example_local_kubernetes_executor.py
[2024-02-29T19:05:07.122+0530] {processor.py:840} INFO - DAG(s) 'example_local_kubernetes_executor' retrieved from /home/arun/.local/lib/python3.10/site-packages/airflow/example_dags/example_local_kubernetes_executor.py
[2024-02-29T19:05:07.165+0530] {logging_mixin.py:188} INFO - [2024-02-29T19:05:07.164+0530] {dag.py:3036} INFO - Sync 1 DAGs
[2024-02-29T19:05:07.180+0530] {logging_mixin.py:188} INFO - [2024-02-29T19:05:07.180+0530] {dag.py:3823} INFO - Setting next_dagrun for example_local_kubernetes_executor to None, run_after=None
[2024-02-29T19:05:07.212+0530] {processor.py:183} INFO - Processing /home/arun/.local/lib/python3.10/site-packages/airflow/example_dags/example_local_kubernetes_executor.py took 0.196 seconds
[2024-02-29T19:06:26.510+0530] {processor.py:161} INFO - Started process (PID=10633) to work on /home/arun/.local/lib/python3.10/site-packages/airflow/example_dags/example_local_kubernetes_executor.py
[2024-02-29T19:06:26.526+0530] {processor.py:830} INFO - Processing file /home/arun/.local/lib/python3.10/site-packages/airflow/example_dags/example_local_kubernetes_executor.py for tasks to queue
[2024-02-29T19:06:26.527+0530] {logging_mixin.py:188} INFO - [2024-02-29T19:06:26.526+0530] {dagbag.py:538} INFO - Filling up the DagBag from /home/arun/.local/lib/python3.10/site-packages/airflow/example_dags/example_local_kubernetes_executor.py
[2024-02-29T19:06:26.548+0530] {processor.py:840} INFO - DAG(s) 'example_local_kubernetes_executor' retrieved from /home/arun/.local/lib/python3.10/site-packages/airflow/example_dags/example_local_kubernetes_executor.py
[2024-02-29T19:06:26.619+0530] {logging_mixin.py:188} INFO - [2024-02-29T19:06:26.619+0530] {dag.py:3036} INFO - Sync 1 DAGs
[2024-02-29T19:06:26.672+0530] {logging_mixin.py:188} INFO - [2024-02-29T19:06:26.672+0530] {dag.py:3823} INFO - Setting next_dagrun for example_local_kubernetes_executor to None, run_after=None
[2024-02-29T19:06:26.884+0530] {processor.py:183} INFO - Processing /home/arun/.local/lib/python3.10/site-packages/airflow/example_dags/example_local_kubernetes_executor.py took 0.388 seconds
