[2024-02-29T18:15:53.626+0530] {processor.py:161} INFO - Started process (PID=5197) to work on /home/arun/.local/lib/python3.10/site-packages/airflow/example_dags/example_params_trigger_ui.py
[2024-02-29T18:15:53.628+0530] {processor.py:830} INFO - Processing file /home/arun/.local/lib/python3.10/site-packages/airflow/example_dags/example_params_trigger_ui.py for tasks to queue
[2024-02-29T18:15:53.634+0530] {logging_mixin.py:188} INFO - [2024-02-29T18:15:53.633+0530] {dagbag.py:538} INFO - Filling up the DagBag from /home/arun/.local/lib/python3.10/site-packages/airflow/example_dags/example_params_trigger_ui.py
[2024-02-29T18:15:53.705+0530] {processor.py:840} INFO - DAG(s) 'example_params_trigger_ui' retrieved from /home/arun/.local/lib/python3.10/site-packages/airflow/example_dags/example_params_trigger_ui.py
[2024-02-29T18:15:54.300+0530] {logging_mixin.py:188} INFO - [2024-02-29T18:15:54.299+0530] {dag.py:3036} INFO - Sync 1 DAGs
[2024-02-29T18:15:54.338+0530] {logging_mixin.py:188} INFO - [2024-02-29T18:15:54.338+0530] {dag.py:3823} INFO - Setting next_dagrun for example_params_trigger_ui to None, run_after=None
[2024-02-29T18:15:54.441+0530] {processor.py:183} INFO - Processing /home/arun/.local/lib/python3.10/site-packages/airflow/example_dags/example_params_trigger_ui.py took 0.823 seconds
[2024-02-29T18:17:14.411+0530] {processor.py:161} INFO - Started process (PID=5259) to work on /home/arun/.local/lib/python3.10/site-packages/airflow/example_dags/example_params_trigger_ui.py
[2024-02-29T18:17:14.433+0530] {processor.py:830} INFO - Processing file /home/arun/.local/lib/python3.10/site-packages/airflow/example_dags/example_params_trigger_ui.py for tasks to queue
[2024-02-29T18:17:14.435+0530] {logging_mixin.py:188} INFO - [2024-02-29T18:17:14.434+0530] {dagbag.py:538} INFO - Filling up the DagBag from /home/arun/.local/lib/python3.10/site-packages/airflow/example_dags/example_params_trigger_ui.py
[2024-02-29T18:17:14.512+0530] {processor.py:840} INFO - DAG(s) 'example_params_trigger_ui' retrieved from /home/arun/.local/lib/python3.10/site-packages/airflow/example_dags/example_params_trigger_ui.py
[2024-02-29T18:17:14.642+0530] {logging_mixin.py:188} INFO - [2024-02-29T18:17:14.637+0530] {dag.py:3036} INFO - Sync 1 DAGs
[2024-02-29T18:17:14.690+0530] {logging_mixin.py:188} INFO - [2024-02-29T18:17:14.690+0530] {dag.py:3823} INFO - Setting next_dagrun for example_params_trigger_ui to None, run_after=None
[2024-02-29T18:17:15.027+0530] {processor.py:183} INFO - Processing /home/arun/.local/lib/python3.10/site-packages/airflow/example_dags/example_params_trigger_ui.py took 0.624 seconds
[2024-02-29T18:18:51.230+0530] {processor.py:161} INFO - Started process (PID=5407) to work on /home/arun/.local/lib/python3.10/site-packages/airflow/example_dags/example_params_trigger_ui.py
[2024-02-29T18:18:51.326+0530] {processor.py:830} INFO - Processing file /home/arun/.local/lib/python3.10/site-packages/airflow/example_dags/example_params_trigger_ui.py for tasks to queue
[2024-02-29T18:18:51.328+0530] {logging_mixin.py:188} INFO - [2024-02-29T18:18:51.327+0530] {dagbag.py:538} INFO - Filling up the DagBag from /home/arun/.local/lib/python3.10/site-packages/airflow/example_dags/example_params_trigger_ui.py
[2024-02-29T18:18:51.396+0530] {processor.py:840} INFO - DAG(s) 'example_params_trigger_ui' retrieved from /home/arun/.local/lib/python3.10/site-packages/airflow/example_dags/example_params_trigger_ui.py
[2024-02-29T18:18:51.533+0530] {logging_mixin.py:188} INFO - [2024-02-29T18:18:51.528+0530] {dag.py:3036} INFO - Sync 1 DAGs
[2024-02-29T18:18:51.572+0530] {logging_mixin.py:188} INFO - [2024-02-29T18:18:51.571+0530] {dag.py:3823} INFO - Setting next_dagrun for example_params_trigger_ui to None, run_after=None
[2024-02-29T18:18:51.730+0530] {processor.py:183} INFO - Processing /home/arun/.local/lib/python3.10/site-packages/airflow/example_dags/example_params_trigger_ui.py took 0.507 seconds
[2024-02-29T18:20:54.712+0530] {processor.py:161} INFO - Started process (PID=5499) to work on /home/arun/.local/lib/python3.10/site-packages/airflow/example_dags/example_params_trigger_ui.py
[2024-02-29T18:20:54.715+0530] {processor.py:830} INFO - Processing file /home/arun/.local/lib/python3.10/site-packages/airflow/example_dags/example_params_trigger_ui.py for tasks to queue
[2024-02-29T18:20:54.717+0530] {logging_mixin.py:188} INFO - [2024-02-29T18:20:54.716+0530] {dagbag.py:538} INFO - Filling up the DagBag from /home/arun/.local/lib/python3.10/site-packages/airflow/example_dags/example_params_trigger_ui.py
[2024-02-29T18:20:54.757+0530] {processor.py:840} INFO - DAG(s) 'example_params_trigger_ui' retrieved from /home/arun/.local/lib/python3.10/site-packages/airflow/example_dags/example_params_trigger_ui.py
[2024-02-29T18:20:54.903+0530] {logging_mixin.py:188} INFO - [2024-02-29T18:20:54.903+0530] {dag.py:3036} INFO - Sync 1 DAGs
[2024-02-29T18:20:54.941+0530] {logging_mixin.py:188} INFO - [2024-02-29T18:20:54.941+0530] {dag.py:3823} INFO - Setting next_dagrun for example_params_trigger_ui to None, run_after=None
[2024-02-29T18:20:55.074+0530] {processor.py:183} INFO - Processing /home/arun/.local/lib/python3.10/site-packages/airflow/example_dags/example_params_trigger_ui.py took 0.367 seconds
[2024-02-29T18:21:58.987+0530] {processor.py:161} INFO - Started process (PID=5652) to work on /home/arun/.local/lib/python3.10/site-packages/airflow/example_dags/example_params_trigger_ui.py
[2024-02-29T18:21:58.998+0530] {processor.py:830} INFO - Processing file /home/arun/.local/lib/python3.10/site-packages/airflow/example_dags/example_params_trigger_ui.py for tasks to queue
[2024-02-29T18:21:59.001+0530] {logging_mixin.py:188} INFO - [2024-02-29T18:21:58.999+0530] {dagbag.py:538} INFO - Filling up the DagBag from /home/arun/.local/lib/python3.10/site-packages/airflow/example_dags/example_params_trigger_ui.py
[2024-02-29T18:21:59.136+0530] {processor.py:840} INFO - DAG(s) 'example_params_trigger_ui' retrieved from /home/arun/.local/lib/python3.10/site-packages/airflow/example_dags/example_params_trigger_ui.py
[2024-02-29T18:21:59.422+0530] {logging_mixin.py:188} INFO - [2024-02-29T18:21:59.422+0530] {dag.py:3036} INFO - Sync 1 DAGs
[2024-02-29T18:21:59.607+0530] {logging_mixin.py:188} INFO - [2024-02-29T18:21:59.606+0530] {dag.py:3823} INFO - Setting next_dagrun for example_params_trigger_ui to None, run_after=None
[2024-02-29T18:21:59.661+0530] {processor.py:183} INFO - Processing /home/arun/.local/lib/python3.10/site-packages/airflow/example_dags/example_params_trigger_ui.py took 0.692 seconds
[2024-02-29T18:22:54.877+0530] {processor.py:161} INFO - Started process (PID=5737) to work on /home/arun/.local/lib/python3.10/site-packages/airflow/example_dags/example_params_trigger_ui.py
[2024-02-29T18:22:54.880+0530] {processor.py:830} INFO - Processing file /home/arun/.local/lib/python3.10/site-packages/airflow/example_dags/example_params_trigger_ui.py for tasks to queue
[2024-02-29T18:22:54.881+0530] {logging_mixin.py:188} INFO - [2024-02-29T18:22:54.881+0530] {dagbag.py:538} INFO - Filling up the DagBag from /home/arun/.local/lib/python3.10/site-packages/airflow/example_dags/example_params_trigger_ui.py
[2024-02-29T18:22:54.900+0530] {processor.py:840} INFO - DAG(s) 'example_params_trigger_ui' retrieved from /home/arun/.local/lib/python3.10/site-packages/airflow/example_dags/example_params_trigger_ui.py
[2024-02-29T18:22:54.952+0530] {logging_mixin.py:188} INFO - [2024-02-29T18:22:54.952+0530] {dag.py:3036} INFO - Sync 1 DAGs
[2024-02-29T18:22:54.969+0530] {logging_mixin.py:188} INFO - [2024-02-29T18:22:54.968+0530] {dag.py:3823} INFO - Setting next_dagrun for example_params_trigger_ui to None, run_after=None
[2024-02-29T18:22:55.001+0530] {processor.py:183} INFO - Processing /home/arun/.local/lib/python3.10/site-packages/airflow/example_dags/example_params_trigger_ui.py took 0.127 seconds
[2024-02-29T18:23:58.159+0530] {processor.py:161} INFO - Started process (PID=5860) to work on /home/arun/.local/lib/python3.10/site-packages/airflow/example_dags/example_params_trigger_ui.py
[2024-02-29T18:23:58.161+0530] {processor.py:830} INFO - Processing file /home/arun/.local/lib/python3.10/site-packages/airflow/example_dags/example_params_trigger_ui.py for tasks to queue
[2024-02-29T18:23:58.162+0530] {logging_mixin.py:188} INFO - [2024-02-29T18:23:58.162+0530] {dagbag.py:538} INFO - Filling up the DagBag from /home/arun/.local/lib/python3.10/site-packages/airflow/example_dags/example_params_trigger_ui.py
[2024-02-29T18:23:58.184+0530] {processor.py:840} INFO - DAG(s) 'example_params_trigger_ui' retrieved from /home/arun/.local/lib/python3.10/site-packages/airflow/example_dags/example_params_trigger_ui.py
[2024-02-29T18:23:58.242+0530] {logging_mixin.py:188} INFO - [2024-02-29T18:23:58.242+0530] {dag.py:3036} INFO - Sync 1 DAGs
[2024-02-29T18:23:58.258+0530] {logging_mixin.py:188} INFO - [2024-02-29T18:23:58.258+0530] {dag.py:3823} INFO - Setting next_dagrun for example_params_trigger_ui to None, run_after=None
[2024-02-29T18:23:58.290+0530] {processor.py:183} INFO - Processing /home/arun/.local/lib/python3.10/site-packages/airflow/example_dags/example_params_trigger_ui.py took 0.135 seconds
[2024-02-29T18:24:52.678+0530] {processor.py:161} INFO - Started process (PID=5941) to work on /home/arun/.local/lib/python3.10/site-packages/airflow/example_dags/example_params_trigger_ui.py
[2024-02-29T18:24:52.681+0530] {processor.py:830} INFO - Processing file /home/arun/.local/lib/python3.10/site-packages/airflow/example_dags/example_params_trigger_ui.py for tasks to queue
[2024-02-29T18:24:52.682+0530] {logging_mixin.py:188} INFO - [2024-02-29T18:24:52.682+0530] {dagbag.py:538} INFO - Filling up the DagBag from /home/arun/.local/lib/python3.10/site-packages/airflow/example_dags/example_params_trigger_ui.py
[2024-02-29T18:24:52.705+0530] {processor.py:840} INFO - DAG(s) 'example_params_trigger_ui' retrieved from /home/arun/.local/lib/python3.10/site-packages/airflow/example_dags/example_params_trigger_ui.py
[2024-02-29T18:24:52.779+0530] {logging_mixin.py:188} INFO - [2024-02-29T18:24:52.779+0530] {dag.py:3036} INFO - Sync 1 DAGs
[2024-02-29T18:24:52.798+0530] {logging_mixin.py:188} INFO - [2024-02-29T18:24:52.797+0530] {dag.py:3823} INFO - Setting next_dagrun for example_params_trigger_ui to None, run_after=None
[2024-02-29T18:24:52.834+0530] {processor.py:183} INFO - Processing /home/arun/.local/lib/python3.10/site-packages/airflow/example_dags/example_params_trigger_ui.py took 0.160 seconds
[2024-02-29T18:25:43.478+0530] {processor.py:161} INFO - Started process (PID=6020) to work on /home/arun/.local/lib/python3.10/site-packages/airflow/example_dags/example_params_trigger_ui.py
[2024-02-29T18:25:43.480+0530] {processor.py:830} INFO - Processing file /home/arun/.local/lib/python3.10/site-packages/airflow/example_dags/example_params_trigger_ui.py for tasks to queue
[2024-02-29T18:25:43.482+0530] {logging_mixin.py:188} INFO - [2024-02-29T18:25:43.481+0530] {dagbag.py:538} INFO - Filling up the DagBag from /home/arun/.local/lib/python3.10/site-packages/airflow/example_dags/example_params_trigger_ui.py
[2024-02-29T18:25:43.509+0530] {processor.py:840} INFO - DAG(s) 'example_params_trigger_ui' retrieved from /home/arun/.local/lib/python3.10/site-packages/airflow/example_dags/example_params_trigger_ui.py
[2024-02-29T18:25:43.599+0530] {logging_mixin.py:188} INFO - [2024-02-29T18:25:43.587+0530] {dag.py:3036} INFO - Sync 1 DAGs
[2024-02-29T18:25:43.663+0530] {logging_mixin.py:188} INFO - [2024-02-29T18:25:43.663+0530] {dag.py:3823} INFO - Setting next_dagrun for example_params_trigger_ui to None, run_after=None
[2024-02-29T18:25:43.826+0530] {processor.py:183} INFO - Processing /home/arun/.local/lib/python3.10/site-packages/airflow/example_dags/example_params_trigger_ui.py took 0.353 seconds
[2024-02-29T18:26:29.962+0530] {processor.py:161} INFO - Started process (PID=6093) to work on /home/arun/.local/lib/python3.10/site-packages/airflow/example_dags/example_params_trigger_ui.py
[2024-02-29T18:26:29.976+0530] {processor.py:830} INFO - Processing file /home/arun/.local/lib/python3.10/site-packages/airflow/example_dags/example_params_trigger_ui.py for tasks to queue
[2024-02-29T18:26:29.978+0530] {logging_mixin.py:188} INFO - [2024-02-29T18:26:29.977+0530] {dagbag.py:538} INFO - Filling up the DagBag from /home/arun/.local/lib/python3.10/site-packages/airflow/example_dags/example_params_trigger_ui.py
[2024-02-29T18:26:30.000+0530] {processor.py:840} INFO - DAG(s) 'example_params_trigger_ui' retrieved from /home/arun/.local/lib/python3.10/site-packages/airflow/example_dags/example_params_trigger_ui.py
[2024-02-29T18:26:30.169+0530] {logging_mixin.py:188} INFO - [2024-02-29T18:26:30.169+0530] {dag.py:3036} INFO - Sync 1 DAGs
[2024-02-29T18:26:30.185+0530] {logging_mixin.py:188} INFO - [2024-02-29T18:26:30.185+0530] {dag.py:3823} INFO - Setting next_dagrun for example_params_trigger_ui to None, run_after=None
[2024-02-29T18:26:30.218+0530] {processor.py:183} INFO - Processing /home/arun/.local/lib/python3.10/site-packages/airflow/example_dags/example_params_trigger_ui.py took 0.260 seconds
[2024-02-29T18:27:29.216+0530] {processor.py:161} INFO - Started process (PID=6195) to work on /home/arun/.local/lib/python3.10/site-packages/airflow/example_dags/example_params_trigger_ui.py
[2024-02-29T18:27:29.282+0530] {processor.py:830} INFO - Processing file /home/arun/.local/lib/python3.10/site-packages/airflow/example_dags/example_params_trigger_ui.py for tasks to queue
[2024-02-29T18:27:29.283+0530] {logging_mixin.py:188} INFO - [2024-02-29T18:27:29.283+0530] {dagbag.py:538} INFO - Filling up the DagBag from /home/arun/.local/lib/python3.10/site-packages/airflow/example_dags/example_params_trigger_ui.py
[2024-02-29T18:27:29.317+0530] {processor.py:840} INFO - DAG(s) 'example_params_trigger_ui' retrieved from /home/arun/.local/lib/python3.10/site-packages/airflow/example_dags/example_params_trigger_ui.py
[2024-02-29T18:27:29.688+0530] {logging_mixin.py:188} INFO - [2024-02-29T18:27:29.688+0530] {dag.py:3036} INFO - Sync 1 DAGs
[2024-02-29T18:27:29.720+0530] {logging_mixin.py:188} INFO - [2024-02-29T18:27:29.719+0530] {dag.py:3823} INFO - Setting next_dagrun for example_params_trigger_ui to None, run_after=None
[2024-02-29T18:27:29.758+0530] {processor.py:183} INFO - Processing /home/arun/.local/lib/python3.10/site-packages/airflow/example_dags/example_params_trigger_ui.py took 0.551 seconds
[2024-02-29T18:28:50.309+0530] {processor.py:161} INFO - Started process (PID=6331) to work on /home/arun/.local/lib/python3.10/site-packages/airflow/example_dags/example_params_trigger_ui.py
[2024-02-29T18:28:50.311+0530] {processor.py:830} INFO - Processing file /home/arun/.local/lib/python3.10/site-packages/airflow/example_dags/example_params_trigger_ui.py for tasks to queue
[2024-02-29T18:28:50.312+0530] {logging_mixin.py:188} INFO - [2024-02-29T18:28:50.312+0530] {dagbag.py:538} INFO - Filling up the DagBag from /home/arun/.local/lib/python3.10/site-packages/airflow/example_dags/example_params_trigger_ui.py
[2024-02-29T18:28:50.338+0530] {processor.py:840} INFO - DAG(s) 'example_params_trigger_ui' retrieved from /home/arun/.local/lib/python3.10/site-packages/airflow/example_dags/example_params_trigger_ui.py
[2024-02-29T18:28:50.444+0530] {logging_mixin.py:188} INFO - [2024-02-29T18:28:50.443+0530] {dag.py:3036} INFO - Sync 1 DAGs
[2024-02-29T18:28:50.484+0530] {logging_mixin.py:188} INFO - [2024-02-29T18:28:50.483+0530] {dag.py:3823} INFO - Setting next_dagrun for example_params_trigger_ui to None, run_after=None
[2024-02-29T18:28:50.567+0530] {processor.py:183} INFO - Processing /home/arun/.local/lib/python3.10/site-packages/airflow/example_dags/example_params_trigger_ui.py took 0.261 seconds
[2024-02-29T18:29:51.899+0530] {processor.py:161} INFO - Started process (PID=6437) to work on /home/arun/.local/lib/python3.10/site-packages/airflow/example_dags/example_params_trigger_ui.py
[2024-02-29T18:29:51.995+0530] {processor.py:830} INFO - Processing file /home/arun/.local/lib/python3.10/site-packages/airflow/example_dags/example_params_trigger_ui.py for tasks to queue
[2024-02-29T18:29:51.996+0530] {logging_mixin.py:188} INFO - [2024-02-29T18:29:51.996+0530] {dagbag.py:538} INFO - Filling up the DagBag from /home/arun/.local/lib/python3.10/site-packages/airflow/example_dags/example_params_trigger_ui.py
[2024-02-29T18:29:52.041+0530] {processor.py:840} INFO - DAG(s) 'example_params_trigger_ui' retrieved from /home/arun/.local/lib/python3.10/site-packages/airflow/example_dags/example_params_trigger_ui.py
[2024-02-29T18:29:52.149+0530] {logging_mixin.py:188} INFO - [2024-02-29T18:29:52.148+0530] {dag.py:3036} INFO - Sync 1 DAGs
[2024-02-29T18:29:52.166+0530] {logging_mixin.py:188} INFO - [2024-02-29T18:29:52.166+0530] {dag.py:3823} INFO - Setting next_dagrun for example_params_trigger_ui to None, run_after=None
[2024-02-29T18:29:52.198+0530] {processor.py:183} INFO - Processing /home/arun/.local/lib/python3.10/site-packages/airflow/example_dags/example_params_trigger_ui.py took 0.313 seconds
[2024-02-29T18:30:52.877+0530] {processor.py:161} INFO - Started process (PID=6532) to work on /home/arun/.local/lib/python3.10/site-packages/airflow/example_dags/example_params_trigger_ui.py
[2024-02-29T18:30:52.879+0530] {processor.py:830} INFO - Processing file /home/arun/.local/lib/python3.10/site-packages/airflow/example_dags/example_params_trigger_ui.py for tasks to queue
[2024-02-29T18:30:52.880+0530] {logging_mixin.py:188} INFO - [2024-02-29T18:30:52.880+0530] {dagbag.py:538} INFO - Filling up the DagBag from /home/arun/.local/lib/python3.10/site-packages/airflow/example_dags/example_params_trigger_ui.py
[2024-02-29T18:30:52.901+0530] {processor.py:840} INFO - DAG(s) 'example_params_trigger_ui' retrieved from /home/arun/.local/lib/python3.10/site-packages/airflow/example_dags/example_params_trigger_ui.py
[2024-02-29T18:30:53.024+0530] {logging_mixin.py:188} INFO - [2024-02-29T18:30:53.024+0530] {dag.py:3036} INFO - Sync 1 DAGs
[2024-02-29T18:30:53.046+0530] {logging_mixin.py:188} INFO - [2024-02-29T18:30:53.045+0530] {dag.py:3823} INFO - Setting next_dagrun for example_params_trigger_ui to None, run_after=None
[2024-02-29T18:30:53.086+0530] {processor.py:183} INFO - Processing /home/arun/.local/lib/python3.10/site-packages/airflow/example_dags/example_params_trigger_ui.py took 0.213 seconds
[2024-02-29T18:31:47.757+0530] {processor.py:161} INFO - Started process (PID=6619) to work on /home/arun/.local/lib/python3.10/site-packages/airflow/example_dags/example_params_trigger_ui.py
[2024-02-29T18:31:47.760+0530] {processor.py:830} INFO - Processing file /home/arun/.local/lib/python3.10/site-packages/airflow/example_dags/example_params_trigger_ui.py for tasks to queue
[2024-02-29T18:31:47.761+0530] {logging_mixin.py:188} INFO - [2024-02-29T18:31:47.760+0530] {dagbag.py:538} INFO - Filling up the DagBag from /home/arun/.local/lib/python3.10/site-packages/airflow/example_dags/example_params_trigger_ui.py
[2024-02-29T18:31:47.784+0530] {processor.py:840} INFO - DAG(s) 'example_params_trigger_ui' retrieved from /home/arun/.local/lib/python3.10/site-packages/airflow/example_dags/example_params_trigger_ui.py
[2024-02-29T18:31:47.862+0530] {logging_mixin.py:188} INFO - [2024-02-29T18:31:47.861+0530] {dag.py:3036} INFO - Sync 1 DAGs
[2024-02-29T18:31:47.883+0530] {logging_mixin.py:188} INFO - [2024-02-29T18:31:47.883+0530] {dag.py:3823} INFO - Setting next_dagrun for example_params_trigger_ui to None, run_after=None
[2024-02-29T18:31:48.017+0530] {processor.py:183} INFO - Processing /home/arun/.local/lib/python3.10/site-packages/airflow/example_dags/example_params_trigger_ui.py took 0.263 seconds
[2024-02-29T18:33:00.528+0530] {processor.py:161} INFO - Started process (PID=6742) to work on /home/arun/.local/lib/python3.10/site-packages/airflow/example_dags/example_params_trigger_ui.py
[2024-02-29T18:33:00.531+0530] {processor.py:830} INFO - Processing file /home/arun/.local/lib/python3.10/site-packages/airflow/example_dags/example_params_trigger_ui.py for tasks to queue
[2024-02-29T18:33:00.533+0530] {logging_mixin.py:188} INFO - [2024-02-29T18:33:00.532+0530] {dagbag.py:538} INFO - Filling up the DagBag from /home/arun/.local/lib/python3.10/site-packages/airflow/example_dags/example_params_trigger_ui.py
[2024-02-29T18:33:00.571+0530] {processor.py:840} INFO - DAG(s) 'example_params_trigger_ui' retrieved from /home/arun/.local/lib/python3.10/site-packages/airflow/example_dags/example_params_trigger_ui.py
[2024-02-29T18:33:00.664+0530] {logging_mixin.py:188} INFO - [2024-02-29T18:33:00.663+0530] {dag.py:3036} INFO - Sync 1 DAGs
[2024-02-29T18:33:00.684+0530] {logging_mixin.py:188} INFO - [2024-02-29T18:33:00.684+0530] {dag.py:3823} INFO - Setting next_dagrun for example_params_trigger_ui to None, run_after=None
[2024-02-29T18:33:00.773+0530] {processor.py:183} INFO - Processing /home/arun/.local/lib/python3.10/site-packages/airflow/example_dags/example_params_trigger_ui.py took 0.252 seconds
[2024-02-29T18:33:57.488+0530] {processor.py:161} INFO - Started process (PID=6830) to work on /home/arun/.local/lib/python3.10/site-packages/airflow/example_dags/example_params_trigger_ui.py
[2024-02-29T18:33:57.490+0530] {processor.py:830} INFO - Processing file /home/arun/.local/lib/python3.10/site-packages/airflow/example_dags/example_params_trigger_ui.py for tasks to queue
[2024-02-29T18:33:57.491+0530] {logging_mixin.py:188} INFO - [2024-02-29T18:33:57.491+0530] {dagbag.py:538} INFO - Filling up the DagBag from /home/arun/.local/lib/python3.10/site-packages/airflow/example_dags/example_params_trigger_ui.py
[2024-02-29T18:33:57.512+0530] {processor.py:840} INFO - DAG(s) 'example_params_trigger_ui' retrieved from /home/arun/.local/lib/python3.10/site-packages/airflow/example_dags/example_params_trigger_ui.py
[2024-02-29T18:33:57.582+0530] {logging_mixin.py:188} INFO - [2024-02-29T18:33:57.581+0530] {dag.py:3036} INFO - Sync 1 DAGs
[2024-02-29T18:33:57.604+0530] {logging_mixin.py:188} INFO - [2024-02-29T18:33:57.603+0530] {dag.py:3823} INFO - Setting next_dagrun for example_params_trigger_ui to None, run_after=None
[2024-02-29T18:33:57.650+0530] {processor.py:183} INFO - Processing /home/arun/.local/lib/python3.10/site-packages/airflow/example_dags/example_params_trigger_ui.py took 0.167 seconds
[2024-02-29T18:34:49.825+0530] {processor.py:161} INFO - Started process (PID=6914) to work on /home/arun/.local/lib/python3.10/site-packages/airflow/example_dags/example_params_trigger_ui.py
[2024-02-29T18:34:49.826+0530] {processor.py:830} INFO - Processing file /home/arun/.local/lib/python3.10/site-packages/airflow/example_dags/example_params_trigger_ui.py for tasks to queue
[2024-02-29T18:34:49.828+0530] {logging_mixin.py:188} INFO - [2024-02-29T18:34:49.828+0530] {dagbag.py:538} INFO - Filling up the DagBag from /home/arun/.local/lib/python3.10/site-packages/airflow/example_dags/example_params_trigger_ui.py
[2024-02-29T18:34:49.845+0530] {processor.py:840} INFO - DAG(s) 'example_params_trigger_ui' retrieved from /home/arun/.local/lib/python3.10/site-packages/airflow/example_dags/example_params_trigger_ui.py
[2024-02-29T18:34:49.909+0530] {logging_mixin.py:188} INFO - [2024-02-29T18:34:49.909+0530] {dag.py:3036} INFO - Sync 1 DAGs
[2024-02-29T18:34:49.936+0530] {logging_mixin.py:188} INFO - [2024-02-29T18:34:49.926+0530] {dag.py:3823} INFO - Setting next_dagrun for example_params_trigger_ui to None, run_after=None
[2024-02-29T18:34:50.008+0530] {processor.py:183} INFO - Processing /home/arun/.local/lib/python3.10/site-packages/airflow/example_dags/example_params_trigger_ui.py took 0.187 seconds
[2024-02-29T18:35:44.311+0530] {processor.py:161} INFO - Started process (PID=7000) to work on /home/arun/.local/lib/python3.10/site-packages/airflow/example_dags/example_params_trigger_ui.py
[2024-02-29T18:35:44.313+0530] {processor.py:830} INFO - Processing file /home/arun/.local/lib/python3.10/site-packages/airflow/example_dags/example_params_trigger_ui.py for tasks to queue
[2024-02-29T18:35:44.314+0530] {logging_mixin.py:188} INFO - [2024-02-29T18:35:44.314+0530] {dagbag.py:538} INFO - Filling up the DagBag from /home/arun/.local/lib/python3.10/site-packages/airflow/example_dags/example_params_trigger_ui.py
[2024-02-29T18:35:44.332+0530] {processor.py:840} INFO - DAG(s) 'example_params_trigger_ui' retrieved from /home/arun/.local/lib/python3.10/site-packages/airflow/example_dags/example_params_trigger_ui.py
[2024-02-29T18:35:44.383+0530] {logging_mixin.py:188} INFO - [2024-02-29T18:35:44.383+0530] {dag.py:3036} INFO - Sync 1 DAGs
[2024-02-29T18:35:44.398+0530] {logging_mixin.py:188} INFO - [2024-02-29T18:35:44.397+0530] {dag.py:3823} INFO - Setting next_dagrun for example_params_trigger_ui to None, run_after=None
[2024-02-29T18:35:44.483+0530] {processor.py:183} INFO - Processing /home/arun/.local/lib/python3.10/site-packages/airflow/example_dags/example_params_trigger_ui.py took 0.175 seconds
[2024-02-29T18:36:42.914+0530] {processor.py:161} INFO - Started process (PID=7089) to work on /home/arun/.local/lib/python3.10/site-packages/airflow/example_dags/example_params_trigger_ui.py
[2024-02-29T18:36:42.916+0530] {processor.py:830} INFO - Processing file /home/arun/.local/lib/python3.10/site-packages/airflow/example_dags/example_params_trigger_ui.py for tasks to queue
[2024-02-29T18:36:42.917+0530] {logging_mixin.py:188} INFO - [2024-02-29T18:36:42.917+0530] {dagbag.py:538} INFO - Filling up the DagBag from /home/arun/.local/lib/python3.10/site-packages/airflow/example_dags/example_params_trigger_ui.py
[2024-02-29T18:36:42.938+0530] {processor.py:840} INFO - DAG(s) 'example_params_trigger_ui' retrieved from /home/arun/.local/lib/python3.10/site-packages/airflow/example_dags/example_params_trigger_ui.py
[2024-02-29T18:36:43.019+0530] {logging_mixin.py:188} INFO - [2024-02-29T18:36:43.019+0530] {dag.py:3036} INFO - Sync 1 DAGs
[2024-02-29T18:36:43.041+0530] {logging_mixin.py:188} INFO - [2024-02-29T18:36:43.040+0530] {dag.py:3823} INFO - Setting next_dagrun for example_params_trigger_ui to None, run_after=None
[2024-02-29T18:36:43.079+0530] {processor.py:183} INFO - Processing /home/arun/.local/lib/python3.10/site-packages/airflow/example_dags/example_params_trigger_ui.py took 0.169 seconds
[2024-02-29T18:37:46.995+0530] {processor.py:161} INFO - Started process (PID=7184) to work on /home/arun/.local/lib/python3.10/site-packages/airflow/example_dags/example_params_trigger_ui.py
[2024-02-29T18:37:47.034+0530] {processor.py:830} INFO - Processing file /home/arun/.local/lib/python3.10/site-packages/airflow/example_dags/example_params_trigger_ui.py for tasks to queue
[2024-02-29T18:37:47.036+0530] {logging_mixin.py:188} INFO - [2024-02-29T18:37:47.035+0530] {dagbag.py:538} INFO - Filling up the DagBag from /home/arun/.local/lib/python3.10/site-packages/airflow/example_dags/example_params_trigger_ui.py
[2024-02-29T18:37:47.059+0530] {processor.py:840} INFO - DAG(s) 'example_params_trigger_ui' retrieved from /home/arun/.local/lib/python3.10/site-packages/airflow/example_dags/example_params_trigger_ui.py
[2024-02-29T18:37:47.120+0530] {logging_mixin.py:188} INFO - [2024-02-29T18:37:47.119+0530] {dag.py:3036} INFO - Sync 1 DAGs
[2024-02-29T18:37:47.138+0530] {logging_mixin.py:188} INFO - [2024-02-29T18:37:47.138+0530] {dag.py:3823} INFO - Setting next_dagrun for example_params_trigger_ui to None, run_after=None
[2024-02-29T18:37:47.178+0530] {processor.py:183} INFO - Processing /home/arun/.local/lib/python3.10/site-packages/airflow/example_dags/example_params_trigger_ui.py took 0.192 seconds
[2024-02-29T18:38:46.101+0530] {processor.py:161} INFO - Started process (PID=7365) to work on /home/arun/.local/lib/python3.10/site-packages/airflow/example_dags/example_params_trigger_ui.py
[2024-02-29T18:38:46.134+0530] {processor.py:830} INFO - Processing file /home/arun/.local/lib/python3.10/site-packages/airflow/example_dags/example_params_trigger_ui.py for tasks to queue
[2024-02-29T18:38:46.136+0530] {logging_mixin.py:188} INFO - [2024-02-29T18:38:46.135+0530] {dagbag.py:538} INFO - Filling up the DagBag from /home/arun/.local/lib/python3.10/site-packages/airflow/example_dags/example_params_trigger_ui.py
[2024-02-29T18:38:46.182+0530] {processor.py:840} INFO - DAG(s) 'example_params_trigger_ui' retrieved from /home/arun/.local/lib/python3.10/site-packages/airflow/example_dags/example_params_trigger_ui.py
[2024-02-29T18:38:46.246+0530] {logging_mixin.py:188} INFO - [2024-02-29T18:38:46.245+0530] {dag.py:3036} INFO - Sync 1 DAGs
[2024-02-29T18:38:46.262+0530] {logging_mixin.py:188} INFO - [2024-02-29T18:38:46.262+0530] {dag.py:3823} INFO - Setting next_dagrun for example_params_trigger_ui to None, run_after=None
[2024-02-29T18:38:46.298+0530] {processor.py:183} INFO - Processing /home/arun/.local/lib/python3.10/site-packages/airflow/example_dags/example_params_trigger_ui.py took 0.203 seconds
[2024-02-29T18:39:42.722+0530] {processor.py:161} INFO - Started process (PID=7451) to work on /home/arun/.local/lib/python3.10/site-packages/airflow/example_dags/example_params_trigger_ui.py
[2024-02-29T18:39:42.726+0530] {processor.py:830} INFO - Processing file /home/arun/.local/lib/python3.10/site-packages/airflow/example_dags/example_params_trigger_ui.py for tasks to queue
[2024-02-29T18:39:42.727+0530] {logging_mixin.py:188} INFO - [2024-02-29T18:39:42.726+0530] {dagbag.py:538} INFO - Filling up the DagBag from /home/arun/.local/lib/python3.10/site-packages/airflow/example_dags/example_params_trigger_ui.py
[2024-02-29T18:39:42.778+0530] {processor.py:840} INFO - DAG(s) 'example_params_trigger_ui' retrieved from /home/arun/.local/lib/python3.10/site-packages/airflow/example_dags/example_params_trigger_ui.py
[2024-02-29T18:39:42.873+0530] {logging_mixin.py:188} INFO - [2024-02-29T18:39:42.872+0530] {dag.py:3036} INFO - Sync 1 DAGs
[2024-02-29T18:39:42.930+0530] {logging_mixin.py:188} INFO - [2024-02-29T18:39:42.929+0530] {dag.py:3823} INFO - Setting next_dagrun for example_params_trigger_ui to None, run_after=None
[2024-02-29T18:39:42.970+0530] {processor.py:183} INFO - Processing /home/arun/.local/lib/python3.10/site-packages/airflow/example_dags/example_params_trigger_ui.py took 0.253 seconds
[2024-02-29T18:40:39.927+0530] {processor.py:161} INFO - Started process (PID=7540) to work on /home/arun/.local/lib/python3.10/site-packages/airflow/example_dags/example_params_trigger_ui.py
[2024-02-29T18:40:39.928+0530] {processor.py:830} INFO - Processing file /home/arun/.local/lib/python3.10/site-packages/airflow/example_dags/example_params_trigger_ui.py for tasks to queue
[2024-02-29T18:40:39.929+0530] {logging_mixin.py:188} INFO - [2024-02-29T18:40:39.929+0530] {dagbag.py:538} INFO - Filling up the DagBag from /home/arun/.local/lib/python3.10/site-packages/airflow/example_dags/example_params_trigger_ui.py
[2024-02-29T18:40:39.945+0530] {processor.py:840} INFO - DAG(s) 'example_params_trigger_ui' retrieved from /home/arun/.local/lib/python3.10/site-packages/airflow/example_dags/example_params_trigger_ui.py
[2024-02-29T18:40:39.993+0530] {logging_mixin.py:188} INFO - [2024-02-29T18:40:39.993+0530] {dag.py:3036} INFO - Sync 1 DAGs
[2024-02-29T18:40:40.007+0530] {logging_mixin.py:188} INFO - [2024-02-29T18:40:40.007+0530] {dag.py:3823} INFO - Setting next_dagrun for example_params_trigger_ui to None, run_after=None
[2024-02-29T18:40:40.037+0530] {processor.py:183} INFO - Processing /home/arun/.local/lib/python3.10/site-packages/airflow/example_dags/example_params_trigger_ui.py took 0.114 seconds
[2024-02-29T18:41:36.018+0530] {processor.py:161} INFO - Started process (PID=7639) to work on /home/arun/.local/lib/python3.10/site-packages/airflow/example_dags/example_params_trigger_ui.py
[2024-02-29T18:41:36.020+0530] {processor.py:830} INFO - Processing file /home/arun/.local/lib/python3.10/site-packages/airflow/example_dags/example_params_trigger_ui.py for tasks to queue
[2024-02-29T18:41:36.020+0530] {logging_mixin.py:188} INFO - [2024-02-29T18:41:36.020+0530] {dagbag.py:538} INFO - Filling up the DagBag from /home/arun/.local/lib/python3.10/site-packages/airflow/example_dags/example_params_trigger_ui.py
[2024-02-29T18:41:36.035+0530] {processor.py:840} INFO - DAG(s) 'example_params_trigger_ui' retrieved from /home/arun/.local/lib/python3.10/site-packages/airflow/example_dags/example_params_trigger_ui.py
[2024-02-29T18:41:36.089+0530] {logging_mixin.py:188} INFO - [2024-02-29T18:41:36.088+0530] {dag.py:3036} INFO - Sync 1 DAGs
[2024-02-29T18:41:36.105+0530] {logging_mixin.py:188} INFO - [2024-02-29T18:41:36.104+0530] {dag.py:3823} INFO - Setting next_dagrun for example_params_trigger_ui to None, run_after=None
[2024-02-29T18:41:36.138+0530] {processor.py:183} INFO - Processing /home/arun/.local/lib/python3.10/site-packages/airflow/example_dags/example_params_trigger_ui.py took 0.122 seconds
[2024-02-29T18:42:34.118+0530] {processor.py:161} INFO - Started process (PID=7734) to work on /home/arun/.local/lib/python3.10/site-packages/airflow/example_dags/example_params_trigger_ui.py
[2024-02-29T18:42:34.145+0530] {processor.py:830} INFO - Processing file /home/arun/.local/lib/python3.10/site-packages/airflow/example_dags/example_params_trigger_ui.py for tasks to queue
[2024-02-29T18:42:34.147+0530] {logging_mixin.py:188} INFO - [2024-02-29T18:42:34.146+0530] {dagbag.py:538} INFO - Filling up the DagBag from /home/arun/.local/lib/python3.10/site-packages/airflow/example_dags/example_params_trigger_ui.py
[2024-02-29T18:42:34.242+0530] {processor.py:840} INFO - DAG(s) 'example_params_trigger_ui' retrieved from /home/arun/.local/lib/python3.10/site-packages/airflow/example_dags/example_params_trigger_ui.py
[2024-02-29T18:42:34.367+0530] {logging_mixin.py:188} INFO - [2024-02-29T18:42:34.366+0530] {dag.py:3036} INFO - Sync 1 DAGs
[2024-02-29T18:42:34.385+0530] {logging_mixin.py:188} INFO - [2024-02-29T18:42:34.385+0530] {dag.py:3823} INFO - Setting next_dagrun for example_params_trigger_ui to None, run_after=None
[2024-02-29T18:42:34.418+0530] {processor.py:183} INFO - Processing /home/arun/.local/lib/python3.10/site-packages/airflow/example_dags/example_params_trigger_ui.py took 0.305 seconds
[2024-02-29T18:43:38.491+0530] {processor.py:161} INFO - Started process (PID=7843) to work on /home/arun/.local/lib/python3.10/site-packages/airflow/example_dags/example_params_trigger_ui.py
[2024-02-29T18:43:38.494+0530] {processor.py:830} INFO - Processing file /home/arun/.local/lib/python3.10/site-packages/airflow/example_dags/example_params_trigger_ui.py for tasks to queue
[2024-02-29T18:43:38.496+0530] {logging_mixin.py:188} INFO - [2024-02-29T18:43:38.496+0530] {dagbag.py:538} INFO - Filling up the DagBag from /home/arun/.local/lib/python3.10/site-packages/airflow/example_dags/example_params_trigger_ui.py
[2024-02-29T18:43:38.512+0530] {processor.py:840} INFO - DAG(s) 'example_params_trigger_ui' retrieved from /home/arun/.local/lib/python3.10/site-packages/airflow/example_dags/example_params_trigger_ui.py
[2024-02-29T18:43:38.561+0530] {logging_mixin.py:188} INFO - [2024-02-29T18:43:38.561+0530] {dag.py:3036} INFO - Sync 1 DAGs
[2024-02-29T18:43:38.575+0530] {logging_mixin.py:188} INFO - [2024-02-29T18:43:38.574+0530] {dag.py:3823} INFO - Setting next_dagrun for example_params_trigger_ui to None, run_after=None
[2024-02-29T18:43:38.604+0530] {processor.py:183} INFO - Processing /home/arun/.local/lib/python3.10/site-packages/airflow/example_dags/example_params_trigger_ui.py took 0.119 seconds
[2024-02-29T18:44:39.457+0530] {processor.py:161} INFO - Started process (PID=7938) to work on /home/arun/.local/lib/python3.10/site-packages/airflow/example_dags/example_params_trigger_ui.py
[2024-02-29T18:44:39.459+0530] {processor.py:830} INFO - Processing file /home/arun/.local/lib/python3.10/site-packages/airflow/example_dags/example_params_trigger_ui.py for tasks to queue
[2024-02-29T18:44:39.460+0530] {logging_mixin.py:188} INFO - [2024-02-29T18:44:39.459+0530] {dagbag.py:538} INFO - Filling up the DagBag from /home/arun/.local/lib/python3.10/site-packages/airflow/example_dags/example_params_trigger_ui.py
[2024-02-29T18:44:39.473+0530] {processor.py:840} INFO - DAG(s) 'example_params_trigger_ui' retrieved from /home/arun/.local/lib/python3.10/site-packages/airflow/example_dags/example_params_trigger_ui.py
[2024-02-29T18:44:39.514+0530] {logging_mixin.py:188} INFO - [2024-02-29T18:44:39.514+0530] {dag.py:3036} INFO - Sync 1 DAGs
[2024-02-29T18:44:39.529+0530] {logging_mixin.py:188} INFO - [2024-02-29T18:44:39.529+0530] {dag.py:3823} INFO - Setting next_dagrun for example_params_trigger_ui to None, run_after=None
[2024-02-29T18:44:39.560+0530] {processor.py:183} INFO - Processing /home/arun/.local/lib/python3.10/site-packages/airflow/example_dags/example_params_trigger_ui.py took 0.105 seconds
[2024-02-29T18:45:33.895+0530] {processor.py:161} INFO - Started process (PID=8037) to work on /home/arun/.local/lib/python3.10/site-packages/airflow/example_dags/example_params_trigger_ui.py
[2024-02-29T18:45:33.897+0530] {processor.py:830} INFO - Processing file /home/arun/.local/lib/python3.10/site-packages/airflow/example_dags/example_params_trigger_ui.py for tasks to queue
[2024-02-29T18:45:33.898+0530] {logging_mixin.py:188} INFO - [2024-02-29T18:45:33.897+0530] {dagbag.py:538} INFO - Filling up the DagBag from /home/arun/.local/lib/python3.10/site-packages/airflow/example_dags/example_params_trigger_ui.py
[2024-02-29T18:45:33.916+0530] {processor.py:840} INFO - DAG(s) 'example_params_trigger_ui' retrieved from /home/arun/.local/lib/python3.10/site-packages/airflow/example_dags/example_params_trigger_ui.py
[2024-02-29T18:45:33.993+0530] {logging_mixin.py:188} INFO - [2024-02-29T18:45:33.993+0530] {dag.py:3036} INFO - Sync 1 DAGs
[2024-02-29T18:45:34.019+0530] {logging_mixin.py:188} INFO - [2024-02-29T18:45:34.018+0530] {dag.py:3823} INFO - Setting next_dagrun for example_params_trigger_ui to None, run_after=None
[2024-02-29T18:45:34.142+0530] {processor.py:183} INFO - Processing /home/arun/.local/lib/python3.10/site-packages/airflow/example_dags/example_params_trigger_ui.py took 0.250 seconds
[2024-02-29T18:46:27.421+0530] {processor.py:161} INFO - Started process (PID=8126) to work on /home/arun/.local/lib/python3.10/site-packages/airflow/example_dags/example_params_trigger_ui.py
[2024-02-29T18:46:27.424+0530] {processor.py:830} INFO - Processing file /home/arun/.local/lib/python3.10/site-packages/airflow/example_dags/example_params_trigger_ui.py for tasks to queue
[2024-02-29T18:46:27.425+0530] {logging_mixin.py:188} INFO - [2024-02-29T18:46:27.425+0530] {dagbag.py:538} INFO - Filling up the DagBag from /home/arun/.local/lib/python3.10/site-packages/airflow/example_dags/example_params_trigger_ui.py
[2024-02-29T18:46:27.449+0530] {processor.py:840} INFO - DAG(s) 'example_params_trigger_ui' retrieved from /home/arun/.local/lib/python3.10/site-packages/airflow/example_dags/example_params_trigger_ui.py
[2024-02-29T18:46:27.521+0530] {logging_mixin.py:188} INFO - [2024-02-29T18:46:27.521+0530] {dag.py:3036} INFO - Sync 1 DAGs
[2024-02-29T18:46:27.535+0530] {logging_mixin.py:188} INFO - [2024-02-29T18:46:27.535+0530] {dag.py:3823} INFO - Setting next_dagrun for example_params_trigger_ui to None, run_after=None
[2024-02-29T18:46:27.683+0530] {processor.py:183} INFO - Processing /home/arun/.local/lib/python3.10/site-packages/airflow/example_dags/example_params_trigger_ui.py took 0.266 seconds
[2024-02-29T18:47:19.866+0530] {processor.py:161} INFO - Started process (PID=8211) to work on /home/arun/.local/lib/python3.10/site-packages/airflow/example_dags/example_params_trigger_ui.py
[2024-02-29T18:47:19.868+0530] {processor.py:830} INFO - Processing file /home/arun/.local/lib/python3.10/site-packages/airflow/example_dags/example_params_trigger_ui.py for tasks to queue
[2024-02-29T18:47:19.869+0530] {logging_mixin.py:188} INFO - [2024-02-29T18:47:19.869+0530] {dagbag.py:538} INFO - Filling up the DagBag from /home/arun/.local/lib/python3.10/site-packages/airflow/example_dags/example_params_trigger_ui.py
[2024-02-29T18:47:19.892+0530] {processor.py:840} INFO - DAG(s) 'example_params_trigger_ui' retrieved from /home/arun/.local/lib/python3.10/site-packages/airflow/example_dags/example_params_trigger_ui.py
[2024-02-29T18:47:19.961+0530] {logging_mixin.py:188} INFO - [2024-02-29T18:47:19.961+0530] {dag.py:3036} INFO - Sync 1 DAGs
[2024-02-29T18:47:19.981+0530] {logging_mixin.py:188} INFO - [2024-02-29T18:47:19.981+0530] {dag.py:3823} INFO - Setting next_dagrun for example_params_trigger_ui to None, run_after=None
[2024-02-29T18:47:20.014+0530] {processor.py:183} INFO - Processing /home/arun/.local/lib/python3.10/site-packages/airflow/example_dags/example_params_trigger_ui.py took 0.153 seconds
[2024-02-29T18:48:10.785+0530] {processor.py:161} INFO - Started process (PID=8292) to work on /home/arun/.local/lib/python3.10/site-packages/airflow/example_dags/example_params_trigger_ui.py
[2024-02-29T18:48:10.786+0530] {processor.py:830} INFO - Processing file /home/arun/.local/lib/python3.10/site-packages/airflow/example_dags/example_params_trigger_ui.py for tasks to queue
[2024-02-29T18:48:10.787+0530] {logging_mixin.py:188} INFO - [2024-02-29T18:48:10.786+0530] {dagbag.py:538} INFO - Filling up the DagBag from /home/arun/.local/lib/python3.10/site-packages/airflow/example_dags/example_params_trigger_ui.py
[2024-02-29T18:48:10.801+0530] {processor.py:840} INFO - DAG(s) 'example_params_trigger_ui' retrieved from /home/arun/.local/lib/python3.10/site-packages/airflow/example_dags/example_params_trigger_ui.py
[2024-02-29T18:48:10.847+0530] {logging_mixin.py:188} INFO - [2024-02-29T18:48:10.847+0530] {dag.py:3036} INFO - Sync 1 DAGs
[2024-02-29T18:48:10.863+0530] {logging_mixin.py:188} INFO - [2024-02-29T18:48:10.863+0530] {dag.py:3823} INFO - Setting next_dagrun for example_params_trigger_ui to None, run_after=None
[2024-02-29T18:48:10.893+0530] {processor.py:183} INFO - Processing /home/arun/.local/lib/python3.10/site-packages/airflow/example_dags/example_params_trigger_ui.py took 0.111 seconds
[2024-02-29T18:49:17.634+0530] {processor.py:161} INFO - Started process (PID=8404) to work on /home/arun/.local/lib/python3.10/site-packages/airflow/example_dags/example_params_trigger_ui.py
[2024-02-29T18:49:17.637+0530] {processor.py:830} INFO - Processing file /home/arun/.local/lib/python3.10/site-packages/airflow/example_dags/example_params_trigger_ui.py for tasks to queue
[2024-02-29T18:49:17.638+0530] {logging_mixin.py:188} INFO - [2024-02-29T18:49:17.637+0530] {dagbag.py:538} INFO - Filling up the DagBag from /home/arun/.local/lib/python3.10/site-packages/airflow/example_dags/example_params_trigger_ui.py
[2024-02-29T18:49:17.656+0530] {processor.py:840} INFO - DAG(s) 'example_params_trigger_ui' retrieved from /home/arun/.local/lib/python3.10/site-packages/airflow/example_dags/example_params_trigger_ui.py
[2024-02-29T18:49:17.716+0530] {logging_mixin.py:188} INFO - [2024-02-29T18:49:17.716+0530] {dag.py:3036} INFO - Sync 1 DAGs
[2024-02-29T18:49:17.732+0530] {logging_mixin.py:188} INFO - [2024-02-29T18:49:17.732+0530] {dag.py:3823} INFO - Setting next_dagrun for example_params_trigger_ui to None, run_after=None
[2024-02-29T18:49:17.767+0530] {processor.py:183} INFO - Processing /home/arun/.local/lib/python3.10/site-packages/airflow/example_dags/example_params_trigger_ui.py took 0.138 seconds
[2024-02-29T18:50:05.798+0530] {processor.py:161} INFO - Started process (PID=8484) to work on /home/arun/.local/lib/python3.10/site-packages/airflow/example_dags/example_params_trigger_ui.py
[2024-02-29T18:50:05.799+0530] {processor.py:830} INFO - Processing file /home/arun/.local/lib/python3.10/site-packages/airflow/example_dags/example_params_trigger_ui.py for tasks to queue
[2024-02-29T18:50:05.800+0530] {logging_mixin.py:188} INFO - [2024-02-29T18:50:05.800+0530] {dagbag.py:538} INFO - Filling up the DagBag from /home/arun/.local/lib/python3.10/site-packages/airflow/example_dags/example_params_trigger_ui.py
[2024-02-29T18:50:05.816+0530] {processor.py:840} INFO - DAG(s) 'example_params_trigger_ui' retrieved from /home/arun/.local/lib/python3.10/site-packages/airflow/example_dags/example_params_trigger_ui.py
[2024-02-29T18:50:05.856+0530] {logging_mixin.py:188} INFO - [2024-02-29T18:50:05.855+0530] {dag.py:3036} INFO - Sync 1 DAGs
[2024-02-29T18:50:05.866+0530] {logging_mixin.py:188} INFO - [2024-02-29T18:50:05.866+0530] {dag.py:3823} INFO - Setting next_dagrun for example_params_trigger_ui to None, run_after=None
[2024-02-29T18:50:05.890+0530] {processor.py:183} INFO - Processing /home/arun/.local/lib/python3.10/site-packages/airflow/example_dags/example_params_trigger_ui.py took 0.096 seconds
[2024-02-29T18:51:18.282+0530] {processor.py:161} INFO - Started process (PID=8601) to work on /home/arun/.local/lib/python3.10/site-packages/airflow/example_dags/example_params_trigger_ui.py
[2024-02-29T18:51:18.284+0530] {processor.py:830} INFO - Processing file /home/arun/.local/lib/python3.10/site-packages/airflow/example_dags/example_params_trigger_ui.py for tasks to queue
[2024-02-29T18:51:18.284+0530] {logging_mixin.py:188} INFO - [2024-02-29T18:51:18.284+0530] {dagbag.py:538} INFO - Filling up the DagBag from /home/arun/.local/lib/python3.10/site-packages/airflow/example_dags/example_params_trigger_ui.py
[2024-02-29T18:51:18.300+0530] {processor.py:840} INFO - DAG(s) 'example_params_trigger_ui' retrieved from /home/arun/.local/lib/python3.10/site-packages/airflow/example_dags/example_params_trigger_ui.py
[2024-02-29T18:51:18.395+0530] {logging_mixin.py:188} INFO - [2024-02-29T18:51:18.395+0530] {dag.py:3036} INFO - Sync 1 DAGs
[2024-02-29T18:51:18.411+0530] {logging_mixin.py:188} INFO - [2024-02-29T18:51:18.410+0530] {dag.py:3823} INFO - Setting next_dagrun for example_params_trigger_ui to None, run_after=None
[2024-02-29T18:51:18.440+0530] {processor.py:183} INFO - Processing /home/arun/.local/lib/python3.10/site-packages/airflow/example_dags/example_params_trigger_ui.py took 0.162 seconds
[2024-02-29T18:52:12.953+0530] {processor.py:161} INFO - Started process (PID=8778) to work on /home/arun/.local/lib/python3.10/site-packages/airflow/example_dags/example_params_trigger_ui.py
[2024-02-29T18:52:12.962+0530] {processor.py:830} INFO - Processing file /home/arun/.local/lib/python3.10/site-packages/airflow/example_dags/example_params_trigger_ui.py for tasks to queue
[2024-02-29T18:52:12.963+0530] {logging_mixin.py:188} INFO - [2024-02-29T18:52:12.963+0530] {dagbag.py:538} INFO - Filling up the DagBag from /home/arun/.local/lib/python3.10/site-packages/airflow/example_dags/example_params_trigger_ui.py
[2024-02-29T18:52:12.977+0530] {processor.py:840} INFO - DAG(s) 'example_params_trigger_ui' retrieved from /home/arun/.local/lib/python3.10/site-packages/airflow/example_dags/example_params_trigger_ui.py
[2024-02-29T18:52:13.026+0530] {logging_mixin.py:188} INFO - [2024-02-29T18:52:13.026+0530] {dag.py:3036} INFO - Sync 1 DAGs
[2024-02-29T18:52:13.073+0530] {logging_mixin.py:188} INFO - [2024-02-29T18:52:13.073+0530] {dag.py:3823} INFO - Setting next_dagrun for example_params_trigger_ui to None, run_after=None
[2024-02-29T18:52:13.126+0530] {processor.py:183} INFO - Processing /home/arun/.local/lib/python3.10/site-packages/airflow/example_dags/example_params_trigger_ui.py took 0.176 seconds
[2024-02-29T18:53:05.923+0530] {processor.py:161} INFO - Started process (PID=8861) to work on /home/arun/.local/lib/python3.10/site-packages/airflow/example_dags/example_params_trigger_ui.py
[2024-02-29T18:53:05.958+0530] {processor.py:830} INFO - Processing file /home/arun/.local/lib/python3.10/site-packages/airflow/example_dags/example_params_trigger_ui.py for tasks to queue
[2024-02-29T18:53:05.960+0530] {logging_mixin.py:188} INFO - [2024-02-29T18:53:05.959+0530] {dagbag.py:538} INFO - Filling up the DagBag from /home/arun/.local/lib/python3.10/site-packages/airflow/example_dags/example_params_trigger_ui.py
[2024-02-29T18:53:05.987+0530] {processor.py:840} INFO - DAG(s) 'example_params_trigger_ui' retrieved from /home/arun/.local/lib/python3.10/site-packages/airflow/example_dags/example_params_trigger_ui.py
[2024-02-29T18:53:06.087+0530] {logging_mixin.py:188} INFO - [2024-02-29T18:53:06.087+0530] {dag.py:3036} INFO - Sync 1 DAGs
[2024-02-29T18:53:06.107+0530] {logging_mixin.py:188} INFO - [2024-02-29T18:53:06.107+0530] {dag.py:3823} INFO - Setting next_dagrun for example_params_trigger_ui to None, run_after=None
[2024-02-29T18:53:06.149+0530] {processor.py:183} INFO - Processing /home/arun/.local/lib/python3.10/site-packages/airflow/example_dags/example_params_trigger_ui.py took 0.229 seconds
[2024-02-29T18:53:58.102+0530] {processor.py:161} INFO - Started process (PID=8942) to work on /home/arun/.local/lib/python3.10/site-packages/airflow/example_dags/example_params_trigger_ui.py
[2024-02-29T18:53:58.108+0530] {processor.py:830} INFO - Processing file /home/arun/.local/lib/python3.10/site-packages/airflow/example_dags/example_params_trigger_ui.py for tasks to queue
[2024-02-29T18:53:58.110+0530] {logging_mixin.py:188} INFO - [2024-02-29T18:53:58.109+0530] {dagbag.py:538} INFO - Filling up the DagBag from /home/arun/.local/lib/python3.10/site-packages/airflow/example_dags/example_params_trigger_ui.py
[2024-02-29T18:53:58.142+0530] {processor.py:840} INFO - DAG(s) 'example_params_trigger_ui' retrieved from /home/arun/.local/lib/python3.10/site-packages/airflow/example_dags/example_params_trigger_ui.py
[2024-02-29T18:53:58.213+0530] {logging_mixin.py:188} INFO - [2024-02-29T18:53:58.213+0530] {dag.py:3036} INFO - Sync 1 DAGs
[2024-02-29T18:53:58.229+0530] {logging_mixin.py:188} INFO - [2024-02-29T18:53:58.229+0530] {dag.py:3823} INFO - Setting next_dagrun for example_params_trigger_ui to None, run_after=None
[2024-02-29T18:53:58.266+0530] {processor.py:183} INFO - Processing /home/arun/.local/lib/python3.10/site-packages/airflow/example_dags/example_params_trigger_ui.py took 0.171 seconds
[2024-02-29T18:54:49.041+0530] {processor.py:161} INFO - Started process (PID=9214) to work on /home/arun/.local/lib/python3.10/site-packages/airflow/example_dags/example_params_trigger_ui.py
[2024-02-29T18:54:49.082+0530] {processor.py:830} INFO - Processing file /home/arun/.local/lib/python3.10/site-packages/airflow/example_dags/example_params_trigger_ui.py for tasks to queue
[2024-02-29T18:54:49.083+0530] {logging_mixin.py:188} INFO - [2024-02-29T18:54:49.083+0530] {dagbag.py:538} INFO - Filling up the DagBag from /home/arun/.local/lib/python3.10/site-packages/airflow/example_dags/example_params_trigger_ui.py
[2024-02-29T18:54:49.108+0530] {processor.py:840} INFO - DAG(s) 'example_params_trigger_ui' retrieved from /home/arun/.local/lib/python3.10/site-packages/airflow/example_dags/example_params_trigger_ui.py
[2024-02-29T18:54:49.164+0530] {logging_mixin.py:188} INFO - [2024-02-29T18:54:49.164+0530] {dag.py:3036} INFO - Sync 1 DAGs
[2024-02-29T18:54:49.180+0530] {logging_mixin.py:188} INFO - [2024-02-29T18:54:49.180+0530] {dag.py:3823} INFO - Setting next_dagrun for example_params_trigger_ui to None, run_after=None
[2024-02-29T18:54:49.220+0530] {processor.py:183} INFO - Processing /home/arun/.local/lib/python3.10/site-packages/airflow/example_dags/example_params_trigger_ui.py took 0.182 seconds
[2024-02-29T18:55:41.518+0530] {processor.py:161} INFO - Started process (PID=9357) to work on /home/arun/.local/lib/python3.10/site-packages/airflow/example_dags/example_params_trigger_ui.py
[2024-02-29T18:55:41.521+0530] {processor.py:830} INFO - Processing file /home/arun/.local/lib/python3.10/site-packages/airflow/example_dags/example_params_trigger_ui.py for tasks to queue
[2024-02-29T18:55:41.523+0530] {logging_mixin.py:188} INFO - [2024-02-29T18:55:41.522+0530] {dagbag.py:538} INFO - Filling up the DagBag from /home/arun/.local/lib/python3.10/site-packages/airflow/example_dags/example_params_trigger_ui.py
[2024-02-29T18:55:41.555+0530] {processor.py:840} INFO - DAG(s) 'example_params_trigger_ui' retrieved from /home/arun/.local/lib/python3.10/site-packages/airflow/example_dags/example_params_trigger_ui.py
[2024-02-29T18:55:41.641+0530] {logging_mixin.py:188} INFO - [2024-02-29T18:55:41.641+0530] {dag.py:3036} INFO - Sync 1 DAGs
[2024-02-29T18:55:41.663+0530] {logging_mixin.py:188} INFO - [2024-02-29T18:55:41.663+0530] {dag.py:3823} INFO - Setting next_dagrun for example_params_trigger_ui to None, run_after=None
[2024-02-29T18:55:41.707+0530] {processor.py:183} INFO - Processing /home/arun/.local/lib/python3.10/site-packages/airflow/example_dags/example_params_trigger_ui.py took 0.197 seconds
[2024-02-29T18:56:42.331+0530] {processor.py:161} INFO - Started process (PID=9473) to work on /home/arun/.local/lib/python3.10/site-packages/airflow/example_dags/example_params_trigger_ui.py
[2024-02-29T18:56:42.333+0530] {processor.py:830} INFO - Processing file /home/arun/.local/lib/python3.10/site-packages/airflow/example_dags/example_params_trigger_ui.py for tasks to queue
[2024-02-29T18:56:42.334+0530] {logging_mixin.py:188} INFO - [2024-02-29T18:56:42.334+0530] {dagbag.py:538} INFO - Filling up the DagBag from /home/arun/.local/lib/python3.10/site-packages/airflow/example_dags/example_params_trigger_ui.py
[2024-02-29T18:56:42.355+0530] {processor.py:840} INFO - DAG(s) 'example_params_trigger_ui' retrieved from /home/arun/.local/lib/python3.10/site-packages/airflow/example_dags/example_params_trigger_ui.py
[2024-02-29T18:56:42.453+0530] {logging_mixin.py:188} INFO - [2024-02-29T18:56:42.453+0530] {dag.py:3036} INFO - Sync 1 DAGs
[2024-02-29T18:56:42.475+0530] {logging_mixin.py:188} INFO - [2024-02-29T18:56:42.474+0530] {dag.py:3823} INFO - Setting next_dagrun for example_params_trigger_ui to None, run_after=None
[2024-02-29T18:56:42.563+0530] {processor.py:183} INFO - Processing /home/arun/.local/lib/python3.10/site-packages/airflow/example_dags/example_params_trigger_ui.py took 0.235 seconds
[2024-02-29T18:57:38.249+0530] {processor.py:161} INFO - Started process (PID=9571) to work on /home/arun/.local/lib/python3.10/site-packages/airflow/example_dags/example_params_trigger_ui.py
[2024-02-29T18:57:38.252+0530] {processor.py:830} INFO - Processing file /home/arun/.local/lib/python3.10/site-packages/airflow/example_dags/example_params_trigger_ui.py for tasks to queue
[2024-02-29T18:57:38.255+0530] {logging_mixin.py:188} INFO - [2024-02-29T18:57:38.254+0530] {dagbag.py:538} INFO - Filling up the DagBag from /home/arun/.local/lib/python3.10/site-packages/airflow/example_dags/example_params_trigger_ui.py
[2024-02-29T18:57:38.288+0530] {processor.py:840} INFO - DAG(s) 'example_params_trigger_ui' retrieved from /home/arun/.local/lib/python3.10/site-packages/airflow/example_dags/example_params_trigger_ui.py
[2024-02-29T18:57:38.354+0530] {logging_mixin.py:188} INFO - [2024-02-29T18:57:38.354+0530] {dag.py:3036} INFO - Sync 1 DAGs
[2024-02-29T18:57:38.369+0530] {logging_mixin.py:188} INFO - [2024-02-29T18:57:38.369+0530] {dag.py:3823} INFO - Setting next_dagrun for example_params_trigger_ui to None, run_after=None
[2024-02-29T18:57:38.398+0530] {processor.py:183} INFO - Processing /home/arun/.local/lib/python3.10/site-packages/airflow/example_dags/example_params_trigger_ui.py took 0.157 seconds
[2024-02-29T18:58:34.961+0530] {processor.py:161} INFO - Started process (PID=9659) to work on /home/arun/.local/lib/python3.10/site-packages/airflow/example_dags/example_params_trigger_ui.py
[2024-02-29T18:58:35.001+0530] {processor.py:830} INFO - Processing file /home/arun/.local/lib/python3.10/site-packages/airflow/example_dags/example_params_trigger_ui.py for tasks to queue
[2024-02-29T18:58:35.002+0530] {logging_mixin.py:188} INFO - [2024-02-29T18:58:35.002+0530] {dagbag.py:538} INFO - Filling up the DagBag from /home/arun/.local/lib/python3.10/site-packages/airflow/example_dags/example_params_trigger_ui.py
[2024-02-29T18:58:35.035+0530] {processor.py:840} INFO - DAG(s) 'example_params_trigger_ui' retrieved from /home/arun/.local/lib/python3.10/site-packages/airflow/example_dags/example_params_trigger_ui.py
[2024-02-29T18:58:35.098+0530] {logging_mixin.py:188} INFO - [2024-02-29T18:58:35.098+0530] {dag.py:3036} INFO - Sync 1 DAGs
[2024-02-29T18:58:35.110+0530] {logging_mixin.py:188} INFO - [2024-02-29T18:58:35.110+0530] {dag.py:3823} INFO - Setting next_dagrun for example_params_trigger_ui to None, run_after=None
[2024-02-29T18:58:35.137+0530] {processor.py:183} INFO - Processing /home/arun/.local/lib/python3.10/site-packages/airflow/example_dags/example_params_trigger_ui.py took 0.182 seconds
[2024-02-29T18:59:33.415+0530] {processor.py:161} INFO - Started process (PID=9771) to work on /home/arun/.local/lib/python3.10/site-packages/airflow/example_dags/example_params_trigger_ui.py
[2024-02-29T18:59:33.418+0530] {processor.py:830} INFO - Processing file /home/arun/.local/lib/python3.10/site-packages/airflow/example_dags/example_params_trigger_ui.py for tasks to queue
[2024-02-29T18:59:33.419+0530] {logging_mixin.py:188} INFO - [2024-02-29T18:59:33.418+0530] {dagbag.py:538} INFO - Filling up the DagBag from /home/arun/.local/lib/python3.10/site-packages/airflow/example_dags/example_params_trigger_ui.py
[2024-02-29T18:59:33.439+0530] {processor.py:840} INFO - DAG(s) 'example_params_trigger_ui' retrieved from /home/arun/.local/lib/python3.10/site-packages/airflow/example_dags/example_params_trigger_ui.py
[2024-02-29T18:59:33.495+0530] {logging_mixin.py:188} INFO - [2024-02-29T18:59:33.495+0530] {dag.py:3036} INFO - Sync 1 DAGs
[2024-02-29T18:59:33.507+0530] {logging_mixin.py:188} INFO - [2024-02-29T18:59:33.507+0530] {dag.py:3823} INFO - Setting next_dagrun for example_params_trigger_ui to None, run_after=None
[2024-02-29T18:59:33.533+0530] {processor.py:183} INFO - Processing /home/arun/.local/lib/python3.10/site-packages/airflow/example_dags/example_params_trigger_ui.py took 0.123 seconds
[2024-02-29T19:00:25.392+0530] {processor.py:161} INFO - Started process (PID=9859) to work on /home/arun/.local/lib/python3.10/site-packages/airflow/example_dags/example_params_trigger_ui.py
[2024-02-29T19:00:25.396+0530] {processor.py:830} INFO - Processing file /home/arun/.local/lib/python3.10/site-packages/airflow/example_dags/example_params_trigger_ui.py for tasks to queue
[2024-02-29T19:00:25.398+0530] {logging_mixin.py:188} INFO - [2024-02-29T19:00:25.397+0530] {dagbag.py:538} INFO - Filling up the DagBag from /home/arun/.local/lib/python3.10/site-packages/airflow/example_dags/example_params_trigger_ui.py
[2024-02-29T19:00:25.431+0530] {processor.py:840} INFO - DAG(s) 'example_params_trigger_ui' retrieved from /home/arun/.local/lib/python3.10/site-packages/airflow/example_dags/example_params_trigger_ui.py
[2024-02-29T19:00:25.517+0530] {logging_mixin.py:188} INFO - [2024-02-29T19:00:25.517+0530] {dag.py:3036} INFO - Sync 1 DAGs
[2024-02-29T19:00:25.538+0530] {logging_mixin.py:188} INFO - [2024-02-29T19:00:25.537+0530] {dag.py:3823} INFO - Setting next_dagrun for example_params_trigger_ui to None, run_after=None
[2024-02-29T19:00:25.582+0530] {processor.py:183} INFO - Processing /home/arun/.local/lib/python3.10/site-packages/airflow/example_dags/example_params_trigger_ui.py took 0.195 seconds
[2024-02-29T19:01:16.922+0530] {processor.py:161} INFO - Started process (PID=9946) to work on /home/arun/.local/lib/python3.10/site-packages/airflow/example_dags/example_params_trigger_ui.py
[2024-02-29T19:01:16.927+0530] {processor.py:830} INFO - Processing file /home/arun/.local/lib/python3.10/site-packages/airflow/example_dags/example_params_trigger_ui.py for tasks to queue
[2024-02-29T19:01:16.929+0530] {logging_mixin.py:188} INFO - [2024-02-29T19:01:16.928+0530] {dagbag.py:538} INFO - Filling up the DagBag from /home/arun/.local/lib/python3.10/site-packages/airflow/example_dags/example_params_trigger_ui.py
[2024-02-29T19:01:16.960+0530] {processor.py:840} INFO - DAG(s) 'example_params_trigger_ui' retrieved from /home/arun/.local/lib/python3.10/site-packages/airflow/example_dags/example_params_trigger_ui.py
[2024-02-29T19:01:17.083+0530] {logging_mixin.py:188} INFO - [2024-02-29T19:01:17.083+0530] {dag.py:3036} INFO - Sync 1 DAGs
[2024-02-29T19:01:17.098+0530] {logging_mixin.py:188} INFO - [2024-02-29T19:01:17.098+0530] {dag.py:3823} INFO - Setting next_dagrun for example_params_trigger_ui to None, run_after=None
[2024-02-29T19:01:17.136+0530] {processor.py:183} INFO - Processing /home/arun/.local/lib/python3.10/site-packages/airflow/example_dags/example_params_trigger_ui.py took 0.220 seconds
[2024-02-29T19:02:09.410+0530] {processor.py:161} INFO - Started process (PID=10030) to work on /home/arun/.local/lib/python3.10/site-packages/airflow/example_dags/example_params_trigger_ui.py
[2024-02-29T19:02:09.413+0530] {processor.py:830} INFO - Processing file /home/arun/.local/lib/python3.10/site-packages/airflow/example_dags/example_params_trigger_ui.py for tasks to queue
[2024-02-29T19:02:09.414+0530] {logging_mixin.py:188} INFO - [2024-02-29T19:02:09.413+0530] {dagbag.py:538} INFO - Filling up the DagBag from /home/arun/.local/lib/python3.10/site-packages/airflow/example_dags/example_params_trigger_ui.py
[2024-02-29T19:02:09.442+0530] {processor.py:840} INFO - DAG(s) 'example_params_trigger_ui' retrieved from /home/arun/.local/lib/python3.10/site-packages/airflow/example_dags/example_params_trigger_ui.py
[2024-02-29T19:02:09.537+0530] {logging_mixin.py:188} INFO - [2024-02-29T19:02:09.537+0530] {dag.py:3036} INFO - Sync 1 DAGs
[2024-02-29T19:02:09.554+0530] {logging_mixin.py:188} INFO - [2024-02-29T19:02:09.554+0530] {dag.py:3823} INFO - Setting next_dagrun for example_params_trigger_ui to None, run_after=None
[2024-02-29T19:02:09.588+0530] {processor.py:183} INFO - Processing /home/arun/.local/lib/python3.10/site-packages/airflow/example_dags/example_params_trigger_ui.py took 0.182 seconds
[2024-02-29T19:03:00.777+0530] {processor.py:161} INFO - Started process (PID=10111) to work on /home/arun/.local/lib/python3.10/site-packages/airflow/example_dags/example_params_trigger_ui.py
[2024-02-29T19:03:00.778+0530] {processor.py:830} INFO - Processing file /home/arun/.local/lib/python3.10/site-packages/airflow/example_dags/example_params_trigger_ui.py for tasks to queue
[2024-02-29T19:03:00.779+0530] {logging_mixin.py:188} INFO - [2024-02-29T19:03:00.779+0530] {dagbag.py:538} INFO - Filling up the DagBag from /home/arun/.local/lib/python3.10/site-packages/airflow/example_dags/example_params_trigger_ui.py
[2024-02-29T19:03:00.819+0530] {processor.py:840} INFO - DAG(s) 'example_params_trigger_ui' retrieved from /home/arun/.local/lib/python3.10/site-packages/airflow/example_dags/example_params_trigger_ui.py
[2024-02-29T19:03:00.881+0530] {logging_mixin.py:188} INFO - [2024-02-29T19:03:00.880+0530] {dag.py:3036} INFO - Sync 1 DAGs
[2024-02-29T19:03:00.898+0530] {logging_mixin.py:188} INFO - [2024-02-29T19:03:00.898+0530] {dag.py:3823} INFO - Setting next_dagrun for example_params_trigger_ui to None, run_after=None
[2024-02-29T19:03:00.928+0530] {processor.py:183} INFO - Processing /home/arun/.local/lib/python3.10/site-packages/airflow/example_dags/example_params_trigger_ui.py took 0.156 seconds
[2024-02-29T19:03:49.283+0530] {processor.py:161} INFO - Started process (PID=10190) to work on /home/arun/.local/lib/python3.10/site-packages/airflow/example_dags/example_params_trigger_ui.py
[2024-02-29T19:03:49.284+0530] {processor.py:830} INFO - Processing file /home/arun/.local/lib/python3.10/site-packages/airflow/example_dags/example_params_trigger_ui.py for tasks to queue
[2024-02-29T19:03:49.285+0530] {logging_mixin.py:188} INFO - [2024-02-29T19:03:49.285+0530] {dagbag.py:538} INFO - Filling up the DagBag from /home/arun/.local/lib/python3.10/site-packages/airflow/example_dags/example_params_trigger_ui.py
[2024-02-29T19:03:49.303+0530] {processor.py:840} INFO - DAG(s) 'example_params_trigger_ui' retrieved from /home/arun/.local/lib/python3.10/site-packages/airflow/example_dags/example_params_trigger_ui.py
[2024-02-29T19:03:49.374+0530] {logging_mixin.py:188} INFO - [2024-02-29T19:03:49.374+0530] {dag.py:3036} INFO - Sync 1 DAGs
[2024-02-29T19:03:49.390+0530] {logging_mixin.py:188} INFO - [2024-02-29T19:03:49.390+0530] {dag.py:3823} INFO - Setting next_dagrun for example_params_trigger_ui to None, run_after=None
[2024-02-29T19:03:49.442+0530] {processor.py:183} INFO - Processing /home/arun/.local/lib/python3.10/site-packages/airflow/example_dags/example_params_trigger_ui.py took 0.163 seconds
[2024-02-29T19:04:39.466+0530] {processor.py:161} INFO - Started process (PID=10296) to work on /home/arun/.local/lib/python3.10/site-packages/airflow/example_dags/example_params_trigger_ui.py
[2024-02-29T19:04:39.468+0530] {processor.py:830} INFO - Processing file /home/arun/.local/lib/python3.10/site-packages/airflow/example_dags/example_params_trigger_ui.py for tasks to queue
[2024-02-29T19:04:39.469+0530] {logging_mixin.py:188} INFO - [2024-02-29T19:04:39.468+0530] {dagbag.py:538} INFO - Filling up the DagBag from /home/arun/.local/lib/python3.10/site-packages/airflow/example_dags/example_params_trigger_ui.py
[2024-02-29T19:04:39.487+0530] {processor.py:840} INFO - DAG(s) 'example_params_trigger_ui' retrieved from /home/arun/.local/lib/python3.10/site-packages/airflow/example_dags/example_params_trigger_ui.py
[2024-02-29T19:04:39.527+0530] {logging_mixin.py:188} INFO - [2024-02-29T19:04:39.527+0530] {dag.py:3036} INFO - Sync 1 DAGs
[2024-02-29T19:04:39.537+0530] {logging_mixin.py:188} INFO - [2024-02-29T19:04:39.537+0530] {dag.py:3823} INFO - Setting next_dagrun for example_params_trigger_ui to None, run_after=None
[2024-02-29T19:04:39.563+0530] {processor.py:183} INFO - Processing /home/arun/.local/lib/python3.10/site-packages/airflow/example_dags/example_params_trigger_ui.py took 0.101 seconds
[2024-02-29T19:05:34.921+0530] {processor.py:161} INFO - Started process (PID=10420) to work on /home/arun/.local/lib/python3.10/site-packages/airflow/example_dags/example_params_trigger_ui.py
[2024-02-29T19:05:34.923+0530] {processor.py:830} INFO - Processing file /home/arun/.local/lib/python3.10/site-packages/airflow/example_dags/example_params_trigger_ui.py for tasks to queue
[2024-02-29T19:05:34.923+0530] {logging_mixin.py:188} INFO - [2024-02-29T19:05:34.923+0530] {dagbag.py:538} INFO - Filling up the DagBag from /home/arun/.local/lib/python3.10/site-packages/airflow/example_dags/example_params_trigger_ui.py
[2024-02-29T19:05:34.943+0530] {processor.py:840} INFO - DAG(s) 'example_params_trigger_ui' retrieved from /home/arun/.local/lib/python3.10/site-packages/airflow/example_dags/example_params_trigger_ui.py
[2024-02-29T19:05:34.991+0530] {logging_mixin.py:188} INFO - [2024-02-29T19:05:34.991+0530] {dag.py:3036} INFO - Sync 1 DAGs
[2024-02-29T19:05:35.007+0530] {logging_mixin.py:188} INFO - [2024-02-29T19:05:35.007+0530] {dag.py:3823} INFO - Setting next_dagrun for example_params_trigger_ui to None, run_after=None
[2024-02-29T19:05:35.049+0530] {processor.py:183} INFO - Processing /home/arun/.local/lib/python3.10/site-packages/airflow/example_dags/example_params_trigger_ui.py took 0.131 seconds
[2024-02-29T19:07:09.778+0530] {processor.py:161} INFO - Started process (PID=10732) to work on /home/arun/.local/lib/python3.10/site-packages/airflow/example_dags/example_params_trigger_ui.py
[2024-02-29T19:07:09.783+0530] {processor.py:830} INFO - Processing file /home/arun/.local/lib/python3.10/site-packages/airflow/example_dags/example_params_trigger_ui.py for tasks to queue
[2024-02-29T19:07:09.787+0530] {logging_mixin.py:188} INFO - [2024-02-29T19:07:09.785+0530] {dagbag.py:538} INFO - Filling up the DagBag from /home/arun/.local/lib/python3.10/site-packages/airflow/example_dags/example_params_trigger_ui.py
[2024-02-29T19:07:09.870+0530] {processor.py:840} INFO - DAG(s) 'example_params_trigger_ui' retrieved from /home/arun/.local/lib/python3.10/site-packages/airflow/example_dags/example_params_trigger_ui.py
[2024-02-29T19:07:10.009+0530] {logging_mixin.py:188} INFO - [2024-02-29T19:07:10.009+0530] {dag.py:3036} INFO - Sync 1 DAGs
[2024-02-29T19:07:10.033+0530] {logging_mixin.py:188} INFO - [2024-02-29T19:07:10.033+0530] {dag.py:3823} INFO - Setting next_dagrun for example_params_trigger_ui to None, run_after=None
[2024-02-29T19:07:10.239+0530] {processor.py:183} INFO - Processing /home/arun/.local/lib/python3.10/site-packages/airflow/example_dags/example_params_trigger_ui.py took 0.476 seconds
