[2024-02-29T18:15:59.744+0530] {processor.py:161} INFO - Started process (PID=5200) to work on /home/arun/.local/lib/python3.10/site-packages/airflow/example_dags/example_dynamic_task_mapping_with_no_taskflow_operators.py
[2024-02-29T18:15:59.748+0530] {processor.py:830} INFO - Processing file /home/arun/.local/lib/python3.10/site-packages/airflow/example_dags/example_dynamic_task_mapping_with_no_taskflow_operators.py for tasks to queue
[2024-02-29T18:15:59.756+0530] {logging_mixin.py:188} INFO - [2024-02-29T18:15:59.755+0530] {dagbag.py:538} INFO - Filling up the DagBag from /home/arun/.local/lib/python3.10/site-packages/airflow/example_dags/example_dynamic_task_mapping_with_no_taskflow_operators.py
[2024-02-29T18:15:59.814+0530] {processor.py:840} INFO - DAG(s) 'example_dynamic_task_mapping_with_no_taskflow_operators' retrieved from /home/arun/.local/lib/python3.10/site-packages/airflow/example_dags/example_dynamic_task_mapping_with_no_taskflow_operators.py
[2024-02-29T18:16:00.335+0530] {logging_mixin.py:188} INFO - [2024-02-29T18:16:00.334+0530] {dag.py:3036} INFO - Sync 1 DAGs
[2024-02-29T18:16:00.388+0530] {logging_mixin.py:188} INFO - [2024-02-29T18:16:00.388+0530] {dag.py:3823} INFO - Setting next_dagrun for example_dynamic_task_mapping_with_no_taskflow_operators to 2024-02-28 00:00:00+00:00, run_after=2024-02-29 00:00:00+00:00
[2024-02-29T18:16:00.535+0530] {processor.py:183} INFO - Processing /home/arun/.local/lib/python3.10/site-packages/airflow/example_dags/example_dynamic_task_mapping_with_no_taskflow_operators.py took 0.810 seconds
[2024-02-29T18:17:46.696+0530] {processor.py:161} INFO - Started process (PID=5281) to work on /home/arun/.local/lib/python3.10/site-packages/airflow/example_dags/example_dynamic_task_mapping_with_no_taskflow_operators.py
[2024-02-29T18:17:46.700+0530] {processor.py:830} INFO - Processing file /home/arun/.local/lib/python3.10/site-packages/airflow/example_dags/example_dynamic_task_mapping_with_no_taskflow_operators.py for tasks to queue
[2024-02-29T18:17:46.701+0530] {logging_mixin.py:188} INFO - [2024-02-29T18:17:46.701+0530] {dagbag.py:538} INFO - Filling up the DagBag from /home/arun/.local/lib/python3.10/site-packages/airflow/example_dags/example_dynamic_task_mapping_with_no_taskflow_operators.py
[2024-02-29T18:17:46.736+0530] {processor.py:840} INFO - DAG(s) 'example_dynamic_task_mapping_with_no_taskflow_operators' retrieved from /home/arun/.local/lib/python3.10/site-packages/airflow/example_dags/example_dynamic_task_mapping_with_no_taskflow_operators.py
[2024-02-29T18:17:46.772+0530] {logging_mixin.py:188} INFO - [2024-02-29T18:17:46.772+0530] {dag.py:3036} INFO - Sync 1 DAGs
[2024-02-29T18:17:47.168+0530] {logging_mixin.py:188} INFO - [2024-02-29T18:17:47.168+0530] {dag.py:3823} INFO - Setting next_dagrun for example_dynamic_task_mapping_with_no_taskflow_operators to 2024-02-28 00:00:00+00:00, run_after=2024-02-29 00:00:00+00:00
[2024-02-29T18:17:47.273+0530] {processor.py:183} INFO - Processing /home/arun/.local/lib/python3.10/site-packages/airflow/example_dags/example_dynamic_task_mapping_with_no_taskflow_operators.py took 0.634 seconds
[2024-02-29T18:20:03.198+0530] {processor.py:161} INFO - Started process (PID=5456) to work on /home/arun/.local/lib/python3.10/site-packages/airflow/example_dags/example_dynamic_task_mapping_with_no_taskflow_operators.py
[2024-02-29T18:20:03.200+0530] {processor.py:830} INFO - Processing file /home/arun/.local/lib/python3.10/site-packages/airflow/example_dags/example_dynamic_task_mapping_with_no_taskflow_operators.py for tasks to queue
[2024-02-29T18:20:03.201+0530] {logging_mixin.py:188} INFO - [2024-02-29T18:20:03.200+0530] {dagbag.py:538} INFO - Filling up the DagBag from /home/arun/.local/lib/python3.10/site-packages/airflow/example_dags/example_dynamic_task_mapping_with_no_taskflow_operators.py
[2024-02-29T18:20:03.209+0530] {processor.py:840} INFO - DAG(s) 'example_dynamic_task_mapping_with_no_taskflow_operators' retrieved from /home/arun/.local/lib/python3.10/site-packages/airflow/example_dags/example_dynamic_task_mapping_with_no_taskflow_operators.py
[2024-02-29T18:20:03.223+0530] {logging_mixin.py:188} INFO - [2024-02-29T18:20:03.223+0530] {dag.py:3036} INFO - Sync 1 DAGs
[2024-02-29T18:20:03.245+0530] {logging_mixin.py:188} INFO - [2024-02-29T18:20:03.244+0530] {dag.py:3823} INFO - Setting next_dagrun for example_dynamic_task_mapping_with_no_taskflow_operators to 2024-02-28 00:00:00+00:00, run_after=2024-02-29 00:00:00+00:00
[2024-02-29T18:20:03.291+0530] {processor.py:183} INFO - Processing /home/arun/.local/lib/python3.10/site-packages/airflow/example_dags/example_dynamic_task_mapping_with_no_taskflow_operators.py took 0.096 seconds
[2024-02-29T18:21:15.502+0530] {processor.py:161} INFO - Started process (PID=5573) to work on /home/arun/.local/lib/python3.10/site-packages/airflow/example_dags/example_dynamic_task_mapping_with_no_taskflow_operators.py
[2024-02-29T18:21:15.505+0530] {processor.py:830} INFO - Processing file /home/arun/.local/lib/python3.10/site-packages/airflow/example_dags/example_dynamic_task_mapping_with_no_taskflow_operators.py for tasks to queue
[2024-02-29T18:21:15.506+0530] {logging_mixin.py:188} INFO - [2024-02-29T18:21:15.505+0530] {dagbag.py:538} INFO - Filling up the DagBag from /home/arun/.local/lib/python3.10/site-packages/airflow/example_dags/example_dynamic_task_mapping_with_no_taskflow_operators.py
[2024-02-29T18:21:15.519+0530] {processor.py:840} INFO - DAG(s) 'example_dynamic_task_mapping_with_no_taskflow_operators' retrieved from /home/arun/.local/lib/python3.10/site-packages/airflow/example_dags/example_dynamic_task_mapping_with_no_taskflow_operators.py
[2024-02-29T18:21:15.544+0530] {logging_mixin.py:188} INFO - [2024-02-29T18:21:15.543+0530] {dag.py:3036} INFO - Sync 1 DAGs
[2024-02-29T18:21:15.574+0530] {logging_mixin.py:188} INFO - [2024-02-29T18:21:15.574+0530] {dag.py:3823} INFO - Setting next_dagrun for example_dynamic_task_mapping_with_no_taskflow_operators to 2024-02-28 00:00:00+00:00, run_after=2024-02-29 00:00:00+00:00
[2024-02-29T18:21:15.655+0530] {processor.py:183} INFO - Processing /home/arun/.local/lib/python3.10/site-packages/airflow/example_dags/example_dynamic_task_mapping_with_no_taskflow_operators.py took 0.160 seconds
[2024-02-29T18:22:12.657+0530] {processor.py:161} INFO - Started process (PID=5673) to work on /home/arun/.local/lib/python3.10/site-packages/airflow/example_dags/example_dynamic_task_mapping_with_no_taskflow_operators.py
[2024-02-29T18:22:12.733+0530] {processor.py:830} INFO - Processing file /home/arun/.local/lib/python3.10/site-packages/airflow/example_dags/example_dynamic_task_mapping_with_no_taskflow_operators.py for tasks to queue
[2024-02-29T18:22:12.735+0530] {logging_mixin.py:188} INFO - [2024-02-29T18:22:12.734+0530] {dagbag.py:538} INFO - Filling up the DagBag from /home/arun/.local/lib/python3.10/site-packages/airflow/example_dags/example_dynamic_task_mapping_with_no_taskflow_operators.py
[2024-02-29T18:22:12.751+0530] {processor.py:840} INFO - DAG(s) 'example_dynamic_task_mapping_with_no_taskflow_operators' retrieved from /home/arun/.local/lib/python3.10/site-packages/airflow/example_dags/example_dynamic_task_mapping_with_no_taskflow_operators.py
[2024-02-29T18:22:12.808+0530] {logging_mixin.py:188} INFO - [2024-02-29T18:22:12.808+0530] {dag.py:3036} INFO - Sync 1 DAGs
[2024-02-29T18:22:12.860+0530] {logging_mixin.py:188} INFO - [2024-02-29T18:22:12.860+0530] {dag.py:3823} INFO - Setting next_dagrun for example_dynamic_task_mapping_with_no_taskflow_operators to 2024-02-28 00:00:00+00:00, run_after=2024-02-29 00:00:00+00:00
[2024-02-29T18:22:12.925+0530] {processor.py:183} INFO - Processing /home/arun/.local/lib/python3.10/site-packages/airflow/example_dags/example_dynamic_task_mapping_with_no_taskflow_operators.py took 0.287 seconds
[2024-02-29T18:23:09.253+0530] {processor.py:161} INFO - Started process (PID=5759) to work on /home/arun/.local/lib/python3.10/site-packages/airflow/example_dags/example_dynamic_task_mapping_with_no_taskflow_operators.py
[2024-02-29T18:23:09.292+0530] {processor.py:830} INFO - Processing file /home/arun/.local/lib/python3.10/site-packages/airflow/example_dags/example_dynamic_task_mapping_with_no_taskflow_operators.py for tasks to queue
[2024-02-29T18:23:09.293+0530] {logging_mixin.py:188} INFO - [2024-02-29T18:23:09.292+0530] {dagbag.py:538} INFO - Filling up the DagBag from /home/arun/.local/lib/python3.10/site-packages/airflow/example_dags/example_dynamic_task_mapping_with_no_taskflow_operators.py
[2024-02-29T18:23:09.300+0530] {processor.py:840} INFO - DAG(s) 'example_dynamic_task_mapping_with_no_taskflow_operators' retrieved from /home/arun/.local/lib/python3.10/site-packages/airflow/example_dags/example_dynamic_task_mapping_with_no_taskflow_operators.py
[2024-02-29T18:23:09.331+0530] {logging_mixin.py:188} INFO - [2024-02-29T18:23:09.331+0530] {dag.py:3036} INFO - Sync 1 DAGs
[2024-02-29T18:23:09.427+0530] {logging_mixin.py:188} INFO - [2024-02-29T18:23:09.427+0530] {dag.py:3823} INFO - Setting next_dagrun for example_dynamic_task_mapping_with_no_taskflow_operators to 2024-02-28 00:00:00+00:00, run_after=2024-02-29 00:00:00+00:00
[2024-02-29T18:23:09.488+0530] {processor.py:183} INFO - Processing /home/arun/.local/lib/python3.10/site-packages/airflow/example_dags/example_dynamic_task_mapping_with_no_taskflow_operators.py took 0.238 seconds
[2024-02-29T18:24:01.649+0530] {processor.py:161} INFO - Started process (PID=5865) to work on /home/arun/.local/lib/python3.10/site-packages/airflow/example_dags/example_dynamic_task_mapping_with_no_taskflow_operators.py
[2024-02-29T18:24:01.652+0530] {processor.py:830} INFO - Processing file /home/arun/.local/lib/python3.10/site-packages/airflow/example_dags/example_dynamic_task_mapping_with_no_taskflow_operators.py for tasks to queue
[2024-02-29T18:24:01.654+0530] {logging_mixin.py:188} INFO - [2024-02-29T18:24:01.653+0530] {dagbag.py:538} INFO - Filling up the DagBag from /home/arun/.local/lib/python3.10/site-packages/airflow/example_dags/example_dynamic_task_mapping_with_no_taskflow_operators.py
[2024-02-29T18:24:01.668+0530] {processor.py:840} INFO - DAG(s) 'example_dynamic_task_mapping_with_no_taskflow_operators' retrieved from /home/arun/.local/lib/python3.10/site-packages/airflow/example_dags/example_dynamic_task_mapping_with_no_taskflow_operators.py
[2024-02-29T18:24:01.691+0530] {logging_mixin.py:188} INFO - [2024-02-29T18:24:01.690+0530] {dag.py:3036} INFO - Sync 1 DAGs
[2024-02-29T18:24:01.718+0530] {logging_mixin.py:188} INFO - [2024-02-29T18:24:01.718+0530] {dag.py:3823} INFO - Setting next_dagrun for example_dynamic_task_mapping_with_no_taskflow_operators to 2024-02-28 00:00:00+00:00, run_after=2024-02-29 00:00:00+00:00
[2024-02-29T18:24:01.748+0530] {processor.py:183} INFO - Processing /home/arun/.local/lib/python3.10/site-packages/airflow/example_dags/example_dynamic_task_mapping_with_no_taskflow_operators.py took 0.110 seconds
[2024-02-29T18:24:56.452+0530] {processor.py:161} INFO - Started process (PID=5948) to work on /home/arun/.local/lib/python3.10/site-packages/airflow/example_dags/example_dynamic_task_mapping_with_no_taskflow_operators.py
[2024-02-29T18:24:56.454+0530] {processor.py:830} INFO - Processing file /home/arun/.local/lib/python3.10/site-packages/airflow/example_dags/example_dynamic_task_mapping_with_no_taskflow_operators.py for tasks to queue
[2024-02-29T18:24:56.455+0530] {logging_mixin.py:188} INFO - [2024-02-29T18:24:56.455+0530] {dagbag.py:538} INFO - Filling up the DagBag from /home/arun/.local/lib/python3.10/site-packages/airflow/example_dags/example_dynamic_task_mapping_with_no_taskflow_operators.py
[2024-02-29T18:24:56.463+0530] {processor.py:840} INFO - DAG(s) 'example_dynamic_task_mapping_with_no_taskflow_operators' retrieved from /home/arun/.local/lib/python3.10/site-packages/airflow/example_dags/example_dynamic_task_mapping_with_no_taskflow_operators.py
[2024-02-29T18:24:56.482+0530] {logging_mixin.py:188} INFO - [2024-02-29T18:24:56.482+0530] {dag.py:3036} INFO - Sync 1 DAGs
[2024-02-29T18:24:56.514+0530] {logging_mixin.py:188} INFO - [2024-02-29T18:24:56.514+0530] {dag.py:3823} INFO - Setting next_dagrun for example_dynamic_task_mapping_with_no_taskflow_operators to 2024-02-28 00:00:00+00:00, run_after=2024-02-29 00:00:00+00:00
[2024-02-29T18:24:56.552+0530] {processor.py:183} INFO - Processing /home/arun/.local/lib/python3.10/site-packages/airflow/example_dags/example_dynamic_task_mapping_with_no_taskflow_operators.py took 0.103 seconds
[2024-02-29T18:25:47.490+0530] {processor.py:161} INFO - Started process (PID=6026) to work on /home/arun/.local/lib/python3.10/site-packages/airflow/example_dags/example_dynamic_task_mapping_with_no_taskflow_operators.py
[2024-02-29T18:25:47.492+0530] {processor.py:830} INFO - Processing file /home/arun/.local/lib/python3.10/site-packages/airflow/example_dags/example_dynamic_task_mapping_with_no_taskflow_operators.py for tasks to queue
[2024-02-29T18:25:47.493+0530] {logging_mixin.py:188} INFO - [2024-02-29T18:25:47.492+0530] {dagbag.py:538} INFO - Filling up the DagBag from /home/arun/.local/lib/python3.10/site-packages/airflow/example_dags/example_dynamic_task_mapping_with_no_taskflow_operators.py
[2024-02-29T18:25:47.500+0530] {processor.py:840} INFO - DAG(s) 'example_dynamic_task_mapping_with_no_taskflow_operators' retrieved from /home/arun/.local/lib/python3.10/site-packages/airflow/example_dags/example_dynamic_task_mapping_with_no_taskflow_operators.py
[2024-02-29T18:25:47.516+0530] {logging_mixin.py:188} INFO - [2024-02-29T18:25:47.516+0530] {dag.py:3036} INFO - Sync 1 DAGs
[2024-02-29T18:25:47.544+0530] {logging_mixin.py:188} INFO - [2024-02-29T18:25:47.544+0530] {dag.py:3823} INFO - Setting next_dagrun for example_dynamic_task_mapping_with_no_taskflow_operators to 2024-02-28 00:00:00+00:00, run_after=2024-02-29 00:00:00+00:00
[2024-02-29T18:25:47.576+0530] {processor.py:183} INFO - Processing /home/arun/.local/lib/python3.10/site-packages/airflow/example_dags/example_dynamic_task_mapping_with_no_taskflow_operators.py took 0.089 seconds
[2024-02-29T18:26:59.938+0530] {processor.py:161} INFO - Started process (PID=6138) to work on /home/arun/.local/lib/python3.10/site-packages/airflow/example_dags/example_dynamic_task_mapping_with_no_taskflow_operators.py
[2024-02-29T18:26:59.940+0530] {processor.py:830} INFO - Processing file /home/arun/.local/lib/python3.10/site-packages/airflow/example_dags/example_dynamic_task_mapping_with_no_taskflow_operators.py for tasks to queue
[2024-02-29T18:26:59.941+0530] {logging_mixin.py:188} INFO - [2024-02-29T18:26:59.941+0530] {dagbag.py:538} INFO - Filling up the DagBag from /home/arun/.local/lib/python3.10/site-packages/airflow/example_dags/example_dynamic_task_mapping_with_no_taskflow_operators.py
[2024-02-29T18:26:59.950+0530] {processor.py:840} INFO - DAG(s) 'example_dynamic_task_mapping_with_no_taskflow_operators' retrieved from /home/arun/.local/lib/python3.10/site-packages/airflow/example_dags/example_dynamic_task_mapping_with_no_taskflow_operators.py
[2024-02-29T18:26:59.967+0530] {logging_mixin.py:188} INFO - [2024-02-29T18:26:59.967+0530] {dag.py:3036} INFO - Sync 1 DAGs
[2024-02-29T18:26:59.994+0530] {logging_mixin.py:188} INFO - [2024-02-29T18:26:59.994+0530] {dag.py:3823} INFO - Setting next_dagrun for example_dynamic_task_mapping_with_no_taskflow_operators to 2024-02-28 00:00:00+00:00, run_after=2024-02-29 00:00:00+00:00
[2024-02-29T18:27:00.116+0530] {processor.py:183} INFO - Processing /home/arun/.local/lib/python3.10/site-packages/airflow/example_dags/example_dynamic_task_mapping_with_no_taskflow_operators.py took 0.182 seconds
[2024-02-29T18:28:19.262+0530] {processor.py:161} INFO - Started process (PID=6276) to work on /home/arun/.local/lib/python3.10/site-packages/airflow/example_dags/example_dynamic_task_mapping_with_no_taskflow_operators.py
[2024-02-29T18:28:19.276+0530] {processor.py:830} INFO - Processing file /home/arun/.local/lib/python3.10/site-packages/airflow/example_dags/example_dynamic_task_mapping_with_no_taskflow_operators.py for tasks to queue
[2024-02-29T18:28:19.277+0530] {logging_mixin.py:188} INFO - [2024-02-29T18:28:19.276+0530] {dagbag.py:538} INFO - Filling up the DagBag from /home/arun/.local/lib/python3.10/site-packages/airflow/example_dags/example_dynamic_task_mapping_with_no_taskflow_operators.py
[2024-02-29T18:28:19.286+0530] {processor.py:840} INFO - DAG(s) 'example_dynamic_task_mapping_with_no_taskflow_operators' retrieved from /home/arun/.local/lib/python3.10/site-packages/airflow/example_dags/example_dynamic_task_mapping_with_no_taskflow_operators.py
[2024-02-29T18:28:19.307+0530] {logging_mixin.py:188} INFO - [2024-02-29T18:28:19.306+0530] {dag.py:3036} INFO - Sync 1 DAGs
[2024-02-29T18:28:19.340+0530] {logging_mixin.py:188} INFO - [2024-02-29T18:28:19.339+0530] {dag.py:3823} INFO - Setting next_dagrun for example_dynamic_task_mapping_with_no_taskflow_operators to 2024-02-28 00:00:00+00:00, run_after=2024-02-29 00:00:00+00:00
[2024-02-29T18:28:19.378+0530] {processor.py:183} INFO - Processing /home/arun/.local/lib/python3.10/site-packages/airflow/example_dags/example_dynamic_task_mapping_with_no_taskflow_operators.py took 0.120 seconds
[2024-02-29T18:29:25.226+0530] {processor.py:161} INFO - Started process (PID=6381) to work on /home/arun/.local/lib/python3.10/site-packages/airflow/example_dags/example_dynamic_task_mapping_with_no_taskflow_operators.py
[2024-02-29T18:29:25.229+0530] {processor.py:830} INFO - Processing file /home/arun/.local/lib/python3.10/site-packages/airflow/example_dags/example_dynamic_task_mapping_with_no_taskflow_operators.py for tasks to queue
[2024-02-29T18:29:25.230+0530] {logging_mixin.py:188} INFO - [2024-02-29T18:29:25.229+0530] {dagbag.py:538} INFO - Filling up the DagBag from /home/arun/.local/lib/python3.10/site-packages/airflow/example_dags/example_dynamic_task_mapping_with_no_taskflow_operators.py
[2024-02-29T18:29:25.239+0530] {processor.py:840} INFO - DAG(s) 'example_dynamic_task_mapping_with_no_taskflow_operators' retrieved from /home/arun/.local/lib/python3.10/site-packages/airflow/example_dags/example_dynamic_task_mapping_with_no_taskflow_operators.py
[2024-02-29T18:29:25.259+0530] {logging_mixin.py:188} INFO - [2024-02-29T18:29:25.258+0530] {dag.py:3036} INFO - Sync 1 DAGs
[2024-02-29T18:29:25.317+0530] {logging_mixin.py:188} INFO - [2024-02-29T18:29:25.317+0530] {dag.py:3823} INFO - Setting next_dagrun for example_dynamic_task_mapping_with_no_taskflow_operators to 2024-02-28 00:00:00+00:00, run_after=2024-02-29 00:00:00+00:00
[2024-02-29T18:29:25.394+0530] {processor.py:183} INFO - Processing /home/arun/.local/lib/python3.10/site-packages/airflow/example_dags/example_dynamic_task_mapping_with_no_taskflow_operators.py took 0.171 seconds
[2024-02-29T18:30:26.939+0530] {processor.py:161} INFO - Started process (PID=6489) to work on /home/arun/.local/lib/python3.10/site-packages/airflow/example_dags/example_dynamic_task_mapping_with_no_taskflow_operators.py
[2024-02-29T18:30:26.940+0530] {processor.py:830} INFO - Processing file /home/arun/.local/lib/python3.10/site-packages/airflow/example_dags/example_dynamic_task_mapping_with_no_taskflow_operators.py for tasks to queue
[2024-02-29T18:30:26.941+0530] {logging_mixin.py:188} INFO - [2024-02-29T18:30:26.941+0530] {dagbag.py:538} INFO - Filling up the DagBag from /home/arun/.local/lib/python3.10/site-packages/airflow/example_dags/example_dynamic_task_mapping_with_no_taskflow_operators.py
[2024-02-29T18:30:26.949+0530] {processor.py:840} INFO - DAG(s) 'example_dynamic_task_mapping_with_no_taskflow_operators' retrieved from /home/arun/.local/lib/python3.10/site-packages/airflow/example_dags/example_dynamic_task_mapping_with_no_taskflow_operators.py
[2024-02-29T18:30:26.967+0530] {logging_mixin.py:188} INFO - [2024-02-29T18:30:26.967+0530] {dag.py:3036} INFO - Sync 1 DAGs
[2024-02-29T18:30:26.993+0530] {logging_mixin.py:188} INFO - [2024-02-29T18:30:26.993+0530] {dag.py:3823} INFO - Setting next_dagrun for example_dynamic_task_mapping_with_no_taskflow_operators to 2024-02-28 00:00:00+00:00, run_after=2024-02-29 00:00:00+00:00
[2024-02-29T18:30:27.028+0530] {processor.py:183} INFO - Processing /home/arun/.local/lib/python3.10/site-packages/airflow/example_dags/example_dynamic_task_mapping_with_no_taskflow_operators.py took 0.093 seconds
[2024-02-29T18:31:22.490+0530] {processor.py:161} INFO - Started process (PID=6577) to work on /home/arun/.local/lib/python3.10/site-packages/airflow/example_dags/example_dynamic_task_mapping_with_no_taskflow_operators.py
[2024-02-29T18:31:22.491+0530] {processor.py:830} INFO - Processing file /home/arun/.local/lib/python3.10/site-packages/airflow/example_dags/example_dynamic_task_mapping_with_no_taskflow_operators.py for tasks to queue
[2024-02-29T18:31:22.493+0530] {logging_mixin.py:188} INFO - [2024-02-29T18:31:22.492+0530] {dagbag.py:538} INFO - Filling up the DagBag from /home/arun/.local/lib/python3.10/site-packages/airflow/example_dags/example_dynamic_task_mapping_with_no_taskflow_operators.py
[2024-02-29T18:31:22.502+0530] {processor.py:840} INFO - DAG(s) 'example_dynamic_task_mapping_with_no_taskflow_operators' retrieved from /home/arun/.local/lib/python3.10/site-packages/airflow/example_dags/example_dynamic_task_mapping_with_no_taskflow_operators.py
[2024-02-29T18:31:22.522+0530] {logging_mixin.py:188} INFO - [2024-02-29T18:31:22.522+0530] {dag.py:3036} INFO - Sync 1 DAGs
[2024-02-29T18:31:22.550+0530] {logging_mixin.py:188} INFO - [2024-02-29T18:31:22.549+0530] {dag.py:3823} INFO - Setting next_dagrun for example_dynamic_task_mapping_with_no_taskflow_operators to 2024-02-28 00:00:00+00:00, run_after=2024-02-29 00:00:00+00:00
[2024-02-29T18:31:22.632+0530] {processor.py:183} INFO - Processing /home/arun/.local/lib/python3.10/site-packages/airflow/example_dags/example_dynamic_task_mapping_with_no_taskflow_operators.py took 0.147 seconds
[2024-02-29T18:32:12.187+0530] {processor.py:161} INFO - Started process (PID=6658) to work on /home/arun/.local/lib/python3.10/site-packages/airflow/example_dags/example_dynamic_task_mapping_with_no_taskflow_operators.py
[2024-02-29T18:32:12.189+0530] {processor.py:830} INFO - Processing file /home/arun/.local/lib/python3.10/site-packages/airflow/example_dags/example_dynamic_task_mapping_with_no_taskflow_operators.py for tasks to queue
[2024-02-29T18:32:12.190+0530] {logging_mixin.py:188} INFO - [2024-02-29T18:32:12.190+0530] {dagbag.py:538} INFO - Filling up the DagBag from /home/arun/.local/lib/python3.10/site-packages/airflow/example_dags/example_dynamic_task_mapping_with_no_taskflow_operators.py
[2024-02-29T18:32:12.204+0530] {processor.py:840} INFO - DAG(s) 'example_dynamic_task_mapping_with_no_taskflow_operators' retrieved from /home/arun/.local/lib/python3.10/site-packages/airflow/example_dags/example_dynamic_task_mapping_with_no_taskflow_operators.py
[2024-02-29T18:32:12.231+0530] {logging_mixin.py:188} INFO - [2024-02-29T18:32:12.230+0530] {dag.py:3036} INFO - Sync 1 DAGs
[2024-02-29T18:32:12.270+0530] {logging_mixin.py:188} INFO - [2024-02-29T18:32:12.270+0530] {dag.py:3823} INFO - Setting next_dagrun for example_dynamic_task_mapping_with_no_taskflow_operators to 2024-02-28 00:00:00+00:00, run_after=2024-02-29 00:00:00+00:00
[2024-02-29T18:32:12.317+0530] {processor.py:183} INFO - Processing /home/arun/.local/lib/python3.10/site-packages/airflow/example_dags/example_dynamic_task_mapping_with_no_taskflow_operators.py took 0.136 seconds
[2024-02-29T18:33:04.716+0530] {processor.py:161} INFO - Started process (PID=6747) to work on /home/arun/.local/lib/python3.10/site-packages/airflow/example_dags/example_dynamic_task_mapping_with_no_taskflow_operators.py
[2024-02-29T18:33:04.722+0530] {processor.py:830} INFO - Processing file /home/arun/.local/lib/python3.10/site-packages/airflow/example_dags/example_dynamic_task_mapping_with_no_taskflow_operators.py for tasks to queue
[2024-02-29T18:33:04.727+0530] {logging_mixin.py:188} INFO - [2024-02-29T18:33:04.725+0530] {dagbag.py:538} INFO - Filling up the DagBag from /home/arun/.local/lib/python3.10/site-packages/airflow/example_dags/example_dynamic_task_mapping_with_no_taskflow_operators.py
[2024-02-29T18:33:04.755+0530] {processor.py:840} INFO - DAG(s) 'example_dynamic_task_mapping_with_no_taskflow_operators' retrieved from /home/arun/.local/lib/python3.10/site-packages/airflow/example_dags/example_dynamic_task_mapping_with_no_taskflow_operators.py
[2024-02-29T18:33:04.790+0530] {logging_mixin.py:188} INFO - [2024-02-29T18:33:04.789+0530] {dag.py:3036} INFO - Sync 1 DAGs
[2024-02-29T18:33:04.837+0530] {logging_mixin.py:188} INFO - [2024-02-29T18:33:04.837+0530] {dag.py:3823} INFO - Setting next_dagrun for example_dynamic_task_mapping_with_no_taskflow_operators to 2024-02-28 00:00:00+00:00, run_after=2024-02-29 00:00:00+00:00
[2024-02-29T18:33:04.971+0530] {processor.py:183} INFO - Processing /home/arun/.local/lib/python3.10/site-packages/airflow/example_dags/example_dynamic_task_mapping_with_no_taskflow_operators.py took 0.264 seconds
[2024-02-29T18:34:01.347+0530] {processor.py:161} INFO - Started process (PID=6836) to work on /home/arun/.local/lib/python3.10/site-packages/airflow/example_dags/example_dynamic_task_mapping_with_no_taskflow_operators.py
[2024-02-29T18:34:01.434+0530] {processor.py:830} INFO - Processing file /home/arun/.local/lib/python3.10/site-packages/airflow/example_dags/example_dynamic_task_mapping_with_no_taskflow_operators.py for tasks to queue
[2024-02-29T18:34:01.435+0530] {logging_mixin.py:188} INFO - [2024-02-29T18:34:01.435+0530] {dagbag.py:538} INFO - Filling up the DagBag from /home/arun/.local/lib/python3.10/site-packages/airflow/example_dags/example_dynamic_task_mapping_with_no_taskflow_operators.py
[2024-02-29T18:34:01.444+0530] {processor.py:840} INFO - DAG(s) 'example_dynamic_task_mapping_with_no_taskflow_operators' retrieved from /home/arun/.local/lib/python3.10/site-packages/airflow/example_dags/example_dynamic_task_mapping_with_no_taskflow_operators.py
[2024-02-29T18:34:01.460+0530] {logging_mixin.py:188} INFO - [2024-02-29T18:34:01.460+0530] {dag.py:3036} INFO - Sync 1 DAGs
[2024-02-29T18:34:01.485+0530] {logging_mixin.py:188} INFO - [2024-02-29T18:34:01.485+0530] {dag.py:3823} INFO - Setting next_dagrun for example_dynamic_task_mapping_with_no_taskflow_operators to 2024-02-28 00:00:00+00:00, run_after=2024-02-29 00:00:00+00:00
[2024-02-29T18:34:01.521+0530] {processor.py:183} INFO - Processing /home/arun/.local/lib/python3.10/site-packages/airflow/example_dags/example_dynamic_task_mapping_with_no_taskflow_operators.py took 0.198 seconds
[2024-02-29T18:34:52.776+0530] {processor.py:161} INFO - Started process (PID=6919) to work on /home/arun/.local/lib/python3.10/site-packages/airflow/example_dags/example_dynamic_task_mapping_with_no_taskflow_operators.py
[2024-02-29T18:34:52.778+0530] {processor.py:830} INFO - Processing file /home/arun/.local/lib/python3.10/site-packages/airflow/example_dags/example_dynamic_task_mapping_with_no_taskflow_operators.py for tasks to queue
[2024-02-29T18:34:52.779+0530] {logging_mixin.py:188} INFO - [2024-02-29T18:34:52.778+0530] {dagbag.py:538} INFO - Filling up the DagBag from /home/arun/.local/lib/python3.10/site-packages/airflow/example_dags/example_dynamic_task_mapping_with_no_taskflow_operators.py
[2024-02-29T18:34:52.788+0530] {processor.py:840} INFO - DAG(s) 'example_dynamic_task_mapping_with_no_taskflow_operators' retrieved from /home/arun/.local/lib/python3.10/site-packages/airflow/example_dags/example_dynamic_task_mapping_with_no_taskflow_operators.py
[2024-02-29T18:34:52.806+0530] {logging_mixin.py:188} INFO - [2024-02-29T18:34:52.806+0530] {dag.py:3036} INFO - Sync 1 DAGs
[2024-02-29T18:34:52.832+0530] {logging_mixin.py:188} INFO - [2024-02-29T18:34:52.831+0530] {dag.py:3823} INFO - Setting next_dagrun for example_dynamic_task_mapping_with_no_taskflow_operators to 2024-02-28 00:00:00+00:00, run_after=2024-02-29 00:00:00+00:00
[2024-02-29T18:34:52.869+0530] {processor.py:183} INFO - Processing /home/arun/.local/lib/python3.10/site-packages/airflow/example_dags/example_dynamic_task_mapping_with_no_taskflow_operators.py took 0.099 seconds
[2024-02-29T18:35:47.580+0530] {processor.py:161} INFO - Started process (PID=7004) to work on /home/arun/.local/lib/python3.10/site-packages/airflow/example_dags/example_dynamic_task_mapping_with_no_taskflow_operators.py
[2024-02-29T18:35:47.582+0530] {processor.py:830} INFO - Processing file /home/arun/.local/lib/python3.10/site-packages/airflow/example_dags/example_dynamic_task_mapping_with_no_taskflow_operators.py for tasks to queue
[2024-02-29T18:35:47.583+0530] {logging_mixin.py:188} INFO - [2024-02-29T18:35:47.582+0530] {dagbag.py:538} INFO - Filling up the DagBag from /home/arun/.local/lib/python3.10/site-packages/airflow/example_dags/example_dynamic_task_mapping_with_no_taskflow_operators.py
[2024-02-29T18:35:47.593+0530] {processor.py:840} INFO - DAG(s) 'example_dynamic_task_mapping_with_no_taskflow_operators' retrieved from /home/arun/.local/lib/python3.10/site-packages/airflow/example_dags/example_dynamic_task_mapping_with_no_taskflow_operators.py
[2024-02-29T18:35:47.617+0530] {logging_mixin.py:188} INFO - [2024-02-29T18:35:47.617+0530] {dag.py:3036} INFO - Sync 1 DAGs
[2024-02-29T18:35:47.646+0530] {logging_mixin.py:188} INFO - [2024-02-29T18:35:47.646+0530] {dag.py:3823} INFO - Setting next_dagrun for example_dynamic_task_mapping_with_no_taskflow_operators to 2024-02-28 00:00:00+00:00, run_after=2024-02-29 00:00:00+00:00
[2024-02-29T18:35:47.682+0530] {processor.py:183} INFO - Processing /home/arun/.local/lib/python3.10/site-packages/airflow/example_dags/example_dynamic_task_mapping_with_no_taskflow_operators.py took 0.107 seconds
[2024-02-29T18:36:47.076+0530] {processor.py:161} INFO - Started process (PID=7094) to work on /home/arun/.local/lib/python3.10/site-packages/airflow/example_dags/example_dynamic_task_mapping_with_no_taskflow_operators.py
[2024-02-29T18:36:47.079+0530] {processor.py:830} INFO - Processing file /home/arun/.local/lib/python3.10/site-packages/airflow/example_dags/example_dynamic_task_mapping_with_no_taskflow_operators.py for tasks to queue
[2024-02-29T18:36:47.081+0530] {logging_mixin.py:188} INFO - [2024-02-29T18:36:47.081+0530] {dagbag.py:538} INFO - Filling up the DagBag from /home/arun/.local/lib/python3.10/site-packages/airflow/example_dags/example_dynamic_task_mapping_with_no_taskflow_operators.py
[2024-02-29T18:36:47.099+0530] {processor.py:840} INFO - DAG(s) 'example_dynamic_task_mapping_with_no_taskflow_operators' retrieved from /home/arun/.local/lib/python3.10/site-packages/airflow/example_dags/example_dynamic_task_mapping_with_no_taskflow_operators.py
[2024-02-29T18:36:47.137+0530] {logging_mixin.py:188} INFO - [2024-02-29T18:36:47.135+0530] {dag.py:3036} INFO - Sync 1 DAGs
[2024-02-29T18:36:47.188+0530] {logging_mixin.py:188} INFO - [2024-02-29T18:36:47.187+0530] {dag.py:3823} INFO - Setting next_dagrun for example_dynamic_task_mapping_with_no_taskflow_operators to 2024-02-28 00:00:00+00:00, run_after=2024-02-29 00:00:00+00:00
[2024-02-29T18:36:47.236+0530] {processor.py:183} INFO - Processing /home/arun/.local/lib/python3.10/site-packages/airflow/example_dags/example_dynamic_task_mapping_with_no_taskflow_operators.py took 0.169 seconds
[2024-02-29T18:37:50.912+0530] {processor.py:161} INFO - Started process (PID=7189) to work on /home/arun/.local/lib/python3.10/site-packages/airflow/example_dags/example_dynamic_task_mapping_with_no_taskflow_operators.py
[2024-02-29T18:37:50.916+0530] {processor.py:830} INFO - Processing file /home/arun/.local/lib/python3.10/site-packages/airflow/example_dags/example_dynamic_task_mapping_with_no_taskflow_operators.py for tasks to queue
[2024-02-29T18:37:50.918+0530] {logging_mixin.py:188} INFO - [2024-02-29T18:37:50.917+0530] {dagbag.py:538} INFO - Filling up the DagBag from /home/arun/.local/lib/python3.10/site-packages/airflow/example_dags/example_dynamic_task_mapping_with_no_taskflow_operators.py
[2024-02-29T18:37:50.931+0530] {processor.py:840} INFO - DAG(s) 'example_dynamic_task_mapping_with_no_taskflow_operators' retrieved from /home/arun/.local/lib/python3.10/site-packages/airflow/example_dags/example_dynamic_task_mapping_with_no_taskflow_operators.py
[2024-02-29T18:37:50.954+0530] {logging_mixin.py:188} INFO - [2024-02-29T18:37:50.954+0530] {dag.py:3036} INFO - Sync 1 DAGs
[2024-02-29T18:37:50.985+0530] {logging_mixin.py:188} INFO - [2024-02-29T18:37:50.985+0530] {dag.py:3823} INFO - Setting next_dagrun for example_dynamic_task_mapping_with_no_taskflow_operators to 2024-02-28 00:00:00+00:00, run_after=2024-02-29 00:00:00+00:00
[2024-02-29T18:37:51.052+0530] {processor.py:183} INFO - Processing /home/arun/.local/lib/python3.10/site-packages/airflow/example_dags/example_dynamic_task_mapping_with_no_taskflow_operators.py took 0.146 seconds
[2024-02-29T18:38:49.587+0530] {processor.py:161} INFO - Started process (PID=7369) to work on /home/arun/.local/lib/python3.10/site-packages/airflow/example_dags/example_dynamic_task_mapping_with_no_taskflow_operators.py
[2024-02-29T18:38:49.589+0530] {processor.py:830} INFO - Processing file /home/arun/.local/lib/python3.10/site-packages/airflow/example_dags/example_dynamic_task_mapping_with_no_taskflow_operators.py for tasks to queue
[2024-02-29T18:38:49.591+0530] {logging_mixin.py:188} INFO - [2024-02-29T18:38:49.590+0530] {dagbag.py:538} INFO - Filling up the DagBag from /home/arun/.local/lib/python3.10/site-packages/airflow/example_dags/example_dynamic_task_mapping_with_no_taskflow_operators.py
[2024-02-29T18:38:49.600+0530] {processor.py:840} INFO - DAG(s) 'example_dynamic_task_mapping_with_no_taskflow_operators' retrieved from /home/arun/.local/lib/python3.10/site-packages/airflow/example_dags/example_dynamic_task_mapping_with_no_taskflow_operators.py
[2024-02-29T18:38:49.625+0530] {logging_mixin.py:188} INFO - [2024-02-29T18:38:49.624+0530] {dag.py:3036} INFO - Sync 1 DAGs
[2024-02-29T18:38:49.662+0530] {logging_mixin.py:188} INFO - [2024-02-29T18:38:49.662+0530] {dag.py:3823} INFO - Setting next_dagrun for example_dynamic_task_mapping_with_no_taskflow_operators to 2024-02-28 00:00:00+00:00, run_after=2024-02-29 00:00:00+00:00
[2024-02-29T18:38:49.699+0530] {processor.py:183} INFO - Processing /home/arun/.local/lib/python3.10/site-packages/airflow/example_dags/example_dynamic_task_mapping_with_no_taskflow_operators.py took 0.116 seconds
[2024-02-29T18:39:45.657+0530] {processor.py:161} INFO - Started process (PID=7457) to work on /home/arun/.local/lib/python3.10/site-packages/airflow/example_dags/example_dynamic_task_mapping_with_no_taskflow_operators.py
[2024-02-29T18:39:45.658+0530] {processor.py:830} INFO - Processing file /home/arun/.local/lib/python3.10/site-packages/airflow/example_dags/example_dynamic_task_mapping_with_no_taskflow_operators.py for tasks to queue
[2024-02-29T18:39:45.660+0530] {logging_mixin.py:188} INFO - [2024-02-29T18:39:45.659+0530] {dagbag.py:538} INFO - Filling up the DagBag from /home/arun/.local/lib/python3.10/site-packages/airflow/example_dags/example_dynamic_task_mapping_with_no_taskflow_operators.py
[2024-02-29T18:39:45.670+0530] {processor.py:840} INFO - DAG(s) 'example_dynamic_task_mapping_with_no_taskflow_operators' retrieved from /home/arun/.local/lib/python3.10/site-packages/airflow/example_dags/example_dynamic_task_mapping_with_no_taskflow_operators.py
[2024-02-29T18:39:45.693+0530] {logging_mixin.py:188} INFO - [2024-02-29T18:39:45.693+0530] {dag.py:3036} INFO - Sync 1 DAGs
[2024-02-29T18:39:45.737+0530] {logging_mixin.py:188} INFO - [2024-02-29T18:39:45.729+0530] {dag.py:3823} INFO - Setting next_dagrun for example_dynamic_task_mapping_with_no_taskflow_operators to 2024-02-28 00:00:00+00:00, run_after=2024-02-29 00:00:00+00:00
[2024-02-29T18:39:45.790+0530] {processor.py:183} INFO - Processing /home/arun/.local/lib/python3.10/site-packages/airflow/example_dags/example_dynamic_task_mapping_with_no_taskflow_operators.py took 0.138 seconds
[2024-02-29T18:40:42.767+0530] {processor.py:161} INFO - Started process (PID=7544) to work on /home/arun/.local/lib/python3.10/site-packages/airflow/example_dags/example_dynamic_task_mapping_with_no_taskflow_operators.py
[2024-02-29T18:40:42.830+0530] {processor.py:830} INFO - Processing file /home/arun/.local/lib/python3.10/site-packages/airflow/example_dags/example_dynamic_task_mapping_with_no_taskflow_operators.py for tasks to queue
[2024-02-29T18:40:42.839+0530] {logging_mixin.py:188} INFO - [2024-02-29T18:40:42.831+0530] {dagbag.py:538} INFO - Filling up the DagBag from /home/arun/.local/lib/python3.10/site-packages/airflow/example_dags/example_dynamic_task_mapping_with_no_taskflow_operators.py
[2024-02-29T18:40:42.854+0530] {processor.py:840} INFO - DAG(s) 'example_dynamic_task_mapping_with_no_taskflow_operators' retrieved from /home/arun/.local/lib/python3.10/site-packages/airflow/example_dags/example_dynamic_task_mapping_with_no_taskflow_operators.py
[2024-02-29T18:40:42.881+0530] {logging_mixin.py:188} INFO - [2024-02-29T18:40:42.880+0530] {dag.py:3036} INFO - Sync 1 DAGs
[2024-02-29T18:40:42.913+0530] {logging_mixin.py:188} INFO - [2024-02-29T18:40:42.912+0530] {dag.py:3823} INFO - Setting next_dagrun for example_dynamic_task_mapping_with_no_taskflow_operators to 2024-02-28 00:00:00+00:00, run_after=2024-02-29 00:00:00+00:00
[2024-02-29T18:40:42.955+0530] {processor.py:183} INFO - Processing /home/arun/.local/lib/python3.10/site-packages/airflow/example_dags/example_dynamic_task_mapping_with_no_taskflow_operators.py took 0.209 seconds
[2024-02-29T18:41:39.882+0530] {processor.py:161} INFO - Started process (PID=7647) to work on /home/arun/.local/lib/python3.10/site-packages/airflow/example_dags/example_dynamic_task_mapping_with_no_taskflow_operators.py
[2024-02-29T18:41:39.884+0530] {processor.py:830} INFO - Processing file /home/arun/.local/lib/python3.10/site-packages/airflow/example_dags/example_dynamic_task_mapping_with_no_taskflow_operators.py for tasks to queue
[2024-02-29T18:41:39.885+0530] {logging_mixin.py:188} INFO - [2024-02-29T18:41:39.885+0530] {dagbag.py:538} INFO - Filling up the DagBag from /home/arun/.local/lib/python3.10/site-packages/airflow/example_dags/example_dynamic_task_mapping_with_no_taskflow_operators.py
[2024-02-29T18:41:39.896+0530] {processor.py:840} INFO - DAG(s) 'example_dynamic_task_mapping_with_no_taskflow_operators' retrieved from /home/arun/.local/lib/python3.10/site-packages/airflow/example_dags/example_dynamic_task_mapping_with_no_taskflow_operators.py
[2024-02-29T18:41:39.920+0530] {logging_mixin.py:188} INFO - [2024-02-29T18:41:39.919+0530] {dag.py:3036} INFO - Sync 1 DAGs
[2024-02-29T18:41:39.952+0530] {logging_mixin.py:188} INFO - [2024-02-29T18:41:39.951+0530] {dag.py:3823} INFO - Setting next_dagrun for example_dynamic_task_mapping_with_no_taskflow_operators to 2024-02-28 00:00:00+00:00, run_after=2024-02-29 00:00:00+00:00
[2024-02-29T18:41:39.989+0530] {processor.py:183} INFO - Processing /home/arun/.local/lib/python3.10/site-packages/airflow/example_dags/example_dynamic_task_mapping_with_no_taskflow_operators.py took 0.112 seconds
[2024-02-29T18:42:37.891+0530] {processor.py:161} INFO - Started process (PID=7740) to work on /home/arun/.local/lib/python3.10/site-packages/airflow/example_dags/example_dynamic_task_mapping_with_no_taskflow_operators.py
[2024-02-29T18:42:37.894+0530] {processor.py:830} INFO - Processing file /home/arun/.local/lib/python3.10/site-packages/airflow/example_dags/example_dynamic_task_mapping_with_no_taskflow_operators.py for tasks to queue
[2024-02-29T18:42:37.897+0530] {logging_mixin.py:188} INFO - [2024-02-29T18:42:37.896+0530] {dagbag.py:538} INFO - Filling up the DagBag from /home/arun/.local/lib/python3.10/site-packages/airflow/example_dags/example_dynamic_task_mapping_with_no_taskflow_operators.py
[2024-02-29T18:42:37.939+0530] {processor.py:840} INFO - DAG(s) 'example_dynamic_task_mapping_with_no_taskflow_operators' retrieved from /home/arun/.local/lib/python3.10/site-packages/airflow/example_dags/example_dynamic_task_mapping_with_no_taskflow_operators.py
[2024-02-29T18:42:37.974+0530] {logging_mixin.py:188} INFO - [2024-02-29T18:42:37.973+0530] {dag.py:3036} INFO - Sync 1 DAGs
[2024-02-29T18:42:38.008+0530] {logging_mixin.py:188} INFO - [2024-02-29T18:42:38.008+0530] {dag.py:3823} INFO - Setting next_dagrun for example_dynamic_task_mapping_with_no_taskflow_operators to 2024-02-28 00:00:00+00:00, run_after=2024-02-29 00:00:00+00:00
[2024-02-29T18:42:38.048+0530] {processor.py:183} INFO - Processing /home/arun/.local/lib/python3.10/site-packages/airflow/example_dags/example_dynamic_task_mapping_with_no_taskflow_operators.py took 0.163 seconds
[2024-02-29T18:43:41.919+0530] {processor.py:161} INFO - Started process (PID=7851) to work on /home/arun/.local/lib/python3.10/site-packages/airflow/example_dags/example_dynamic_task_mapping_with_no_taskflow_operators.py
[2024-02-29T18:43:41.921+0530] {processor.py:830} INFO - Processing file /home/arun/.local/lib/python3.10/site-packages/airflow/example_dags/example_dynamic_task_mapping_with_no_taskflow_operators.py for tasks to queue
[2024-02-29T18:43:41.922+0530] {logging_mixin.py:188} INFO - [2024-02-29T18:43:41.922+0530] {dagbag.py:538} INFO - Filling up the DagBag from /home/arun/.local/lib/python3.10/site-packages/airflow/example_dags/example_dynamic_task_mapping_with_no_taskflow_operators.py
[2024-02-29T18:43:41.932+0530] {processor.py:840} INFO - DAG(s) 'example_dynamic_task_mapping_with_no_taskflow_operators' retrieved from /home/arun/.local/lib/python3.10/site-packages/airflow/example_dags/example_dynamic_task_mapping_with_no_taskflow_operators.py
[2024-02-29T18:43:41.955+0530] {logging_mixin.py:188} INFO - [2024-02-29T18:43:41.954+0530] {dag.py:3036} INFO - Sync 1 DAGs
[2024-02-29T18:43:42.008+0530] {logging_mixin.py:188} INFO - [2024-02-29T18:43:42.008+0530] {dag.py:3823} INFO - Setting next_dagrun for example_dynamic_task_mapping_with_no_taskflow_operators to 2024-02-28 00:00:00+00:00, run_after=2024-02-29 00:00:00+00:00
[2024-02-29T18:43:42.042+0530] {processor.py:183} INFO - Processing /home/arun/.local/lib/python3.10/site-packages/airflow/example_dags/example_dynamic_task_mapping_with_no_taskflow_operators.py took 0.127 seconds
[2024-02-29T18:44:42.483+0530] {processor.py:161} INFO - Started process (PID=7943) to work on /home/arun/.local/lib/python3.10/site-packages/airflow/example_dags/example_dynamic_task_mapping_with_no_taskflow_operators.py
[2024-02-29T18:44:42.485+0530] {processor.py:830} INFO - Processing file /home/arun/.local/lib/python3.10/site-packages/airflow/example_dags/example_dynamic_task_mapping_with_no_taskflow_operators.py for tasks to queue
[2024-02-29T18:44:42.487+0530] {logging_mixin.py:188} INFO - [2024-02-29T18:44:42.487+0530] {dagbag.py:538} INFO - Filling up the DagBag from /home/arun/.local/lib/python3.10/site-packages/airflow/example_dags/example_dynamic_task_mapping_with_no_taskflow_operators.py
[2024-02-29T18:44:42.502+0530] {processor.py:840} INFO - DAG(s) 'example_dynamic_task_mapping_with_no_taskflow_operators' retrieved from /home/arun/.local/lib/python3.10/site-packages/airflow/example_dags/example_dynamic_task_mapping_with_no_taskflow_operators.py
[2024-02-29T18:44:42.530+0530] {logging_mixin.py:188} INFO - [2024-02-29T18:44:42.530+0530] {dag.py:3036} INFO - Sync 1 DAGs
[2024-02-29T18:44:42.561+0530] {logging_mixin.py:188} INFO - [2024-02-29T18:44:42.561+0530] {dag.py:3823} INFO - Setting next_dagrun for example_dynamic_task_mapping_with_no_taskflow_operators to 2024-02-28 00:00:00+00:00, run_after=2024-02-29 00:00:00+00:00
[2024-02-29T18:44:42.592+0530] {processor.py:183} INFO - Processing /home/arun/.local/lib/python3.10/site-packages/airflow/example_dags/example_dynamic_task_mapping_with_no_taskflow_operators.py took 0.125 seconds
[2024-02-29T18:45:52.603+0530] {processor.py:161} INFO - Started process (PID=8075) to work on /home/arun/.local/lib/python3.10/site-packages/airflow/example_dags/example_dynamic_task_mapping_with_no_taskflow_operators.py
[2024-02-29T18:45:52.604+0530] {processor.py:830} INFO - Processing file /home/arun/.local/lib/python3.10/site-packages/airflow/example_dags/example_dynamic_task_mapping_with_no_taskflow_operators.py for tasks to queue
[2024-02-29T18:45:52.605+0530] {logging_mixin.py:188} INFO - [2024-02-29T18:45:52.605+0530] {dagbag.py:538} INFO - Filling up the DagBag from /home/arun/.local/lib/python3.10/site-packages/airflow/example_dags/example_dynamic_task_mapping_with_no_taskflow_operators.py
[2024-02-29T18:45:52.614+0530] {processor.py:840} INFO - DAG(s) 'example_dynamic_task_mapping_with_no_taskflow_operators' retrieved from /home/arun/.local/lib/python3.10/site-packages/airflow/example_dags/example_dynamic_task_mapping_with_no_taskflow_operators.py
[2024-02-29T18:45:52.633+0530] {logging_mixin.py:188} INFO - [2024-02-29T18:45:52.632+0530] {dag.py:3036} INFO - Sync 1 DAGs
[2024-02-29T18:45:52.665+0530] {logging_mixin.py:188} INFO - [2024-02-29T18:45:52.664+0530] {dag.py:3823} INFO - Setting next_dagrun for example_dynamic_task_mapping_with_no_taskflow_operators to 2024-02-28 00:00:00+00:00, run_after=2024-02-29 00:00:00+00:00
[2024-02-29T18:45:52.702+0530] {processor.py:183} INFO - Processing /home/arun/.local/lib/python3.10/site-packages/airflow/example_dags/example_dynamic_task_mapping_with_no_taskflow_operators.py took 0.103 seconds
[2024-02-29T18:46:47.128+0530] {processor.py:161} INFO - Started process (PID=8160) to work on /home/arun/.local/lib/python3.10/site-packages/airflow/example_dags/example_dynamic_task_mapping_with_no_taskflow_operators.py
[2024-02-29T18:46:47.129+0530] {processor.py:830} INFO - Processing file /home/arun/.local/lib/python3.10/site-packages/airflow/example_dags/example_dynamic_task_mapping_with_no_taskflow_operators.py for tasks to queue
[2024-02-29T18:46:47.130+0530] {logging_mixin.py:188} INFO - [2024-02-29T18:46:47.130+0530] {dagbag.py:538} INFO - Filling up the DagBag from /home/arun/.local/lib/python3.10/site-packages/airflow/example_dags/example_dynamic_task_mapping_with_no_taskflow_operators.py
[2024-02-29T18:46:47.137+0530] {processor.py:840} INFO - DAG(s) 'example_dynamic_task_mapping_with_no_taskflow_operators' retrieved from /home/arun/.local/lib/python3.10/site-packages/airflow/example_dags/example_dynamic_task_mapping_with_no_taskflow_operators.py
[2024-02-29T18:46:47.153+0530] {logging_mixin.py:188} INFO - [2024-02-29T18:46:47.153+0530] {dag.py:3036} INFO - Sync 1 DAGs
[2024-02-29T18:46:47.181+0530] {logging_mixin.py:188} INFO - [2024-02-29T18:46:47.181+0530] {dag.py:3823} INFO - Setting next_dagrun for example_dynamic_task_mapping_with_no_taskflow_operators to 2024-02-28 00:00:00+00:00, run_after=2024-02-29 00:00:00+00:00
[2024-02-29T18:46:47.214+0530] {processor.py:183} INFO - Processing /home/arun/.local/lib/python3.10/site-packages/airflow/example_dags/example_dynamic_task_mapping_with_no_taskflow_operators.py took 0.089 seconds
[2024-02-29T18:47:39.567+0530] {processor.py:161} INFO - Started process (PID=8244) to work on /home/arun/.local/lib/python3.10/site-packages/airflow/example_dags/example_dynamic_task_mapping_with_no_taskflow_operators.py
[2024-02-29T18:47:39.569+0530] {processor.py:830} INFO - Processing file /home/arun/.local/lib/python3.10/site-packages/airflow/example_dags/example_dynamic_task_mapping_with_no_taskflow_operators.py for tasks to queue
[2024-02-29T18:47:39.570+0530] {logging_mixin.py:188} INFO - [2024-02-29T18:47:39.570+0530] {dagbag.py:538} INFO - Filling up the DagBag from /home/arun/.local/lib/python3.10/site-packages/airflow/example_dags/example_dynamic_task_mapping_with_no_taskflow_operators.py
[2024-02-29T18:47:39.582+0530] {processor.py:840} INFO - DAG(s) 'example_dynamic_task_mapping_with_no_taskflow_operators' retrieved from /home/arun/.local/lib/python3.10/site-packages/airflow/example_dags/example_dynamic_task_mapping_with_no_taskflow_operators.py
[2024-02-29T18:47:39.607+0530] {logging_mixin.py:188} INFO - [2024-02-29T18:47:39.606+0530] {dag.py:3036} INFO - Sync 1 DAGs
[2024-02-29T18:47:39.642+0530] {logging_mixin.py:188} INFO - [2024-02-29T18:47:39.641+0530] {dag.py:3823} INFO - Setting next_dagrun for example_dynamic_task_mapping_with_no_taskflow_operators to 2024-02-28 00:00:00+00:00, run_after=2024-02-29 00:00:00+00:00
[2024-02-29T18:47:39.678+0530] {processor.py:183} INFO - Processing /home/arun/.local/lib/python3.10/site-packages/airflow/example_dags/example_dynamic_task_mapping_with_no_taskflow_operators.py took 0.117 seconds
[2024-02-29T18:48:31.659+0530] {processor.py:161} INFO - Started process (PID=8328) to work on /home/arun/.local/lib/python3.10/site-packages/airflow/example_dags/example_dynamic_task_mapping_with_no_taskflow_operators.py
[2024-02-29T18:48:31.660+0530] {processor.py:830} INFO - Processing file /home/arun/.local/lib/python3.10/site-packages/airflow/example_dags/example_dynamic_task_mapping_with_no_taskflow_operators.py for tasks to queue
[2024-02-29T18:48:31.661+0530] {logging_mixin.py:188} INFO - [2024-02-29T18:48:31.660+0530] {dagbag.py:538} INFO - Filling up the DagBag from /home/arun/.local/lib/python3.10/site-packages/airflow/example_dags/example_dynamic_task_mapping_with_no_taskflow_operators.py
[2024-02-29T18:48:31.668+0530] {processor.py:840} INFO - DAG(s) 'example_dynamic_task_mapping_with_no_taskflow_operators' retrieved from /home/arun/.local/lib/python3.10/site-packages/airflow/example_dags/example_dynamic_task_mapping_with_no_taskflow_operators.py
[2024-02-29T18:48:31.681+0530] {logging_mixin.py:188} INFO - [2024-02-29T18:48:31.681+0530] {dag.py:3036} INFO - Sync 1 DAGs
[2024-02-29T18:48:31.700+0530] {logging_mixin.py:188} INFO - [2024-02-29T18:48:31.700+0530] {dag.py:3823} INFO - Setting next_dagrun for example_dynamic_task_mapping_with_no_taskflow_operators to 2024-02-28 00:00:00+00:00, run_after=2024-02-29 00:00:00+00:00
[2024-02-29T18:48:31.726+0530] {processor.py:183} INFO - Processing /home/arun/.local/lib/python3.10/site-packages/airflow/example_dags/example_dynamic_task_mapping_with_no_taskflow_operators.py took 0.071 seconds
[2024-02-29T18:49:40.368+0530] {processor.py:161} INFO - Started process (PID=8440) to work on /home/arun/.local/lib/python3.10/site-packages/airflow/example_dags/example_dynamic_task_mapping_with_no_taskflow_operators.py
[2024-02-29T18:49:40.369+0530] {processor.py:830} INFO - Processing file /home/arun/.local/lib/python3.10/site-packages/airflow/example_dags/example_dynamic_task_mapping_with_no_taskflow_operators.py for tasks to queue
[2024-02-29T18:49:40.370+0530] {logging_mixin.py:188} INFO - [2024-02-29T18:49:40.370+0530] {dagbag.py:538} INFO - Filling up the DagBag from /home/arun/.local/lib/python3.10/site-packages/airflow/example_dags/example_dynamic_task_mapping_with_no_taskflow_operators.py
[2024-02-29T18:49:40.378+0530] {processor.py:840} INFO - DAG(s) 'example_dynamic_task_mapping_with_no_taskflow_operators' retrieved from /home/arun/.local/lib/python3.10/site-packages/airflow/example_dags/example_dynamic_task_mapping_with_no_taskflow_operators.py
[2024-02-29T18:49:40.394+0530] {logging_mixin.py:188} INFO - [2024-02-29T18:49:40.394+0530] {dag.py:3036} INFO - Sync 1 DAGs
[2024-02-29T18:49:40.416+0530] {logging_mixin.py:188} INFO - [2024-02-29T18:49:40.416+0530] {dag.py:3823} INFO - Setting next_dagrun for example_dynamic_task_mapping_with_no_taskflow_operators to 2024-02-28 00:00:00+00:00, run_after=2024-02-29 00:00:00+00:00
[2024-02-29T18:49:40.442+0530] {processor.py:183} INFO - Processing /home/arun/.local/lib/python3.10/site-packages/airflow/example_dags/example_dynamic_task_mapping_with_no_taskflow_operators.py took 0.077 seconds
[2024-02-29T18:50:29.107+0530] {processor.py:161} INFO - Started process (PID=8522) to work on /home/arun/.local/lib/python3.10/site-packages/airflow/example_dags/example_dynamic_task_mapping_with_no_taskflow_operators.py
[2024-02-29T18:50:29.109+0530] {processor.py:830} INFO - Processing file /home/arun/.local/lib/python3.10/site-packages/airflow/example_dags/example_dynamic_task_mapping_with_no_taskflow_operators.py for tasks to queue
[2024-02-29T18:50:29.109+0530] {logging_mixin.py:188} INFO - [2024-02-29T18:50:29.109+0530] {dagbag.py:538} INFO - Filling up the DagBag from /home/arun/.local/lib/python3.10/site-packages/airflow/example_dags/example_dynamic_task_mapping_with_no_taskflow_operators.py
[2024-02-29T18:50:29.116+0530] {processor.py:840} INFO - DAG(s) 'example_dynamic_task_mapping_with_no_taskflow_operators' retrieved from /home/arun/.local/lib/python3.10/site-packages/airflow/example_dags/example_dynamic_task_mapping_with_no_taskflow_operators.py
[2024-02-29T18:50:29.131+0530] {logging_mixin.py:188} INFO - [2024-02-29T18:50:29.131+0530] {dag.py:3036} INFO - Sync 1 DAGs
[2024-02-29T18:50:29.154+0530] {logging_mixin.py:188} INFO - [2024-02-29T18:50:29.154+0530] {dag.py:3823} INFO - Setting next_dagrun for example_dynamic_task_mapping_with_no_taskflow_operators to 2024-02-28 00:00:00+00:00, run_after=2024-02-29 00:00:00+00:00
[2024-02-29T18:50:29.182+0530] {processor.py:183} INFO - Processing /home/arun/.local/lib/python3.10/site-packages/airflow/example_dags/example_dynamic_task_mapping_with_no_taskflow_operators.py took 0.078 seconds
[2024-02-29T18:51:22.096+0530] {processor.py:161} INFO - Started process (PID=8606) to work on /home/arun/.local/lib/python3.10/site-packages/airflow/example_dags/example_dynamic_task_mapping_with_no_taskflow_operators.py
[2024-02-29T18:51:22.138+0530] {processor.py:830} INFO - Processing file /home/arun/.local/lib/python3.10/site-packages/airflow/example_dags/example_dynamic_task_mapping_with_no_taskflow_operators.py for tasks to queue
[2024-02-29T18:51:22.139+0530] {logging_mixin.py:188} INFO - [2024-02-29T18:51:22.139+0530] {dagbag.py:538} INFO - Filling up the DagBag from /home/arun/.local/lib/python3.10/site-packages/airflow/example_dags/example_dynamic_task_mapping_with_no_taskflow_operators.py
[2024-02-29T18:51:22.146+0530] {processor.py:840} INFO - DAG(s) 'example_dynamic_task_mapping_with_no_taskflow_operators' retrieved from /home/arun/.local/lib/python3.10/site-packages/airflow/example_dags/example_dynamic_task_mapping_with_no_taskflow_operators.py
[2024-02-29T18:51:22.160+0530] {logging_mixin.py:188} INFO - [2024-02-29T18:51:22.160+0530] {dag.py:3036} INFO - Sync 1 DAGs
[2024-02-29T18:51:22.182+0530] {logging_mixin.py:188} INFO - [2024-02-29T18:51:22.182+0530] {dag.py:3823} INFO - Setting next_dagrun for example_dynamic_task_mapping_with_no_taskflow_operators to 2024-02-28 00:00:00+00:00, run_after=2024-02-29 00:00:00+00:00
[2024-02-29T18:51:22.209+0530] {processor.py:183} INFO - Processing /home/arun/.local/lib/python3.10/site-packages/airflow/example_dags/example_dynamic_task_mapping_with_no_taskflow_operators.py took 0.115 seconds
[2024-02-29T18:52:17.008+0530] {processor.py:161} INFO - Started process (PID=8783) to work on /home/arun/.local/lib/python3.10/site-packages/airflow/example_dags/example_dynamic_task_mapping_with_no_taskflow_operators.py
[2024-02-29T18:52:17.048+0530] {processor.py:830} INFO - Processing file /home/arun/.local/lib/python3.10/site-packages/airflow/example_dags/example_dynamic_task_mapping_with_no_taskflow_operators.py for tasks to queue
[2024-02-29T18:52:17.049+0530] {logging_mixin.py:188} INFO - [2024-02-29T18:52:17.049+0530] {dagbag.py:538} INFO - Filling up the DagBag from /home/arun/.local/lib/python3.10/site-packages/airflow/example_dags/example_dynamic_task_mapping_with_no_taskflow_operators.py
[2024-02-29T18:52:17.061+0530] {processor.py:840} INFO - DAG(s) 'example_dynamic_task_mapping_with_no_taskflow_operators' retrieved from /home/arun/.local/lib/python3.10/site-packages/airflow/example_dags/example_dynamic_task_mapping_with_no_taskflow_operators.py
[2024-02-29T18:52:17.090+0530] {logging_mixin.py:188} INFO - [2024-02-29T18:52:17.090+0530] {dag.py:3036} INFO - Sync 1 DAGs
[2024-02-29T18:52:17.128+0530] {logging_mixin.py:188} INFO - [2024-02-29T18:52:17.128+0530] {dag.py:3823} INFO - Setting next_dagrun for example_dynamic_task_mapping_with_no_taskflow_operators to 2024-02-28 00:00:00+00:00, run_after=2024-02-29 00:00:00+00:00
[2024-02-29T18:52:17.188+0530] {processor.py:183} INFO - Processing /home/arun/.local/lib/python3.10/site-packages/airflow/example_dags/example_dynamic_task_mapping_with_no_taskflow_operators.py took 0.184 seconds
[2024-02-29T18:53:09.667+0530] {processor.py:161} INFO - Started process (PID=8866) to work on /home/arun/.local/lib/python3.10/site-packages/airflow/example_dags/example_dynamic_task_mapping_with_no_taskflow_operators.py
[2024-02-29T18:53:09.670+0530] {processor.py:830} INFO - Processing file /home/arun/.local/lib/python3.10/site-packages/airflow/example_dags/example_dynamic_task_mapping_with_no_taskflow_operators.py for tasks to queue
[2024-02-29T18:53:09.672+0530] {logging_mixin.py:188} INFO - [2024-02-29T18:53:09.671+0530] {dagbag.py:538} INFO - Filling up the DagBag from /home/arun/.local/lib/python3.10/site-packages/airflow/example_dags/example_dynamic_task_mapping_with_no_taskflow_operators.py
[2024-02-29T18:53:09.684+0530] {processor.py:840} INFO - DAG(s) 'example_dynamic_task_mapping_with_no_taskflow_operators' retrieved from /home/arun/.local/lib/python3.10/site-packages/airflow/example_dags/example_dynamic_task_mapping_with_no_taskflow_operators.py
[2024-02-29T18:53:09.710+0530] {logging_mixin.py:188} INFO - [2024-02-29T18:53:09.709+0530] {dag.py:3036} INFO - Sync 1 DAGs
[2024-02-29T18:53:09.747+0530] {logging_mixin.py:188} INFO - [2024-02-29T18:53:09.746+0530] {dag.py:3823} INFO - Setting next_dagrun for example_dynamic_task_mapping_with_no_taskflow_operators to 2024-02-28 00:00:00+00:00, run_after=2024-02-29 00:00:00+00:00
[2024-02-29T18:53:09.789+0530] {processor.py:183} INFO - Processing /home/arun/.local/lib/python3.10/site-packages/airflow/example_dags/example_dynamic_task_mapping_with_no_taskflow_operators.py took 0.127 seconds
[2024-02-29T18:54:01.484+0530] {processor.py:161} INFO - Started process (PID=8948) to work on /home/arun/.local/lib/python3.10/site-packages/airflow/example_dags/example_dynamic_task_mapping_with_no_taskflow_operators.py
[2024-02-29T18:54:01.487+0530] {processor.py:830} INFO - Processing file /home/arun/.local/lib/python3.10/site-packages/airflow/example_dags/example_dynamic_task_mapping_with_no_taskflow_operators.py for tasks to queue
[2024-02-29T18:54:01.488+0530] {logging_mixin.py:188} INFO - [2024-02-29T18:54:01.488+0530] {dagbag.py:538} INFO - Filling up the DagBag from /home/arun/.local/lib/python3.10/site-packages/airflow/example_dags/example_dynamic_task_mapping_with_no_taskflow_operators.py
[2024-02-29T18:54:01.498+0530] {processor.py:840} INFO - DAG(s) 'example_dynamic_task_mapping_with_no_taskflow_operators' retrieved from /home/arun/.local/lib/python3.10/site-packages/airflow/example_dags/example_dynamic_task_mapping_with_no_taskflow_operators.py
[2024-02-29T18:54:01.522+0530] {logging_mixin.py:188} INFO - [2024-02-29T18:54:01.521+0530] {dag.py:3036} INFO - Sync 1 DAGs
[2024-02-29T18:54:01.549+0530] {logging_mixin.py:188} INFO - [2024-02-29T18:54:01.549+0530] {dag.py:3823} INFO - Setting next_dagrun for example_dynamic_task_mapping_with_no_taskflow_operators to 2024-02-28 00:00:00+00:00, run_after=2024-02-29 00:00:00+00:00
[2024-02-29T18:54:01.581+0530] {processor.py:183} INFO - Processing /home/arun/.local/lib/python3.10/site-packages/airflow/example_dags/example_dynamic_task_mapping_with_no_taskflow_operators.py took 0.101 seconds
[2024-02-29T18:54:51.833+0530] {processor.py:161} INFO - Started process (PID=9219) to work on /home/arun/.local/lib/python3.10/site-packages/airflow/example_dags/example_dynamic_task_mapping_with_no_taskflow_operators.py
[2024-02-29T18:54:51.835+0530] {processor.py:830} INFO - Processing file /home/arun/.local/lib/python3.10/site-packages/airflow/example_dags/example_dynamic_task_mapping_with_no_taskflow_operators.py for tasks to queue
[2024-02-29T18:54:51.836+0530] {logging_mixin.py:188} INFO - [2024-02-29T18:54:51.836+0530] {dagbag.py:538} INFO - Filling up the DagBag from /home/arun/.local/lib/python3.10/site-packages/airflow/example_dags/example_dynamic_task_mapping_with_no_taskflow_operators.py
[2024-02-29T18:54:51.845+0530] {processor.py:840} INFO - DAG(s) 'example_dynamic_task_mapping_with_no_taskflow_operators' retrieved from /home/arun/.local/lib/python3.10/site-packages/airflow/example_dags/example_dynamic_task_mapping_with_no_taskflow_operators.py
[2024-02-29T18:54:51.862+0530] {logging_mixin.py:188} INFO - [2024-02-29T18:54:51.862+0530] {dag.py:3036} INFO - Sync 1 DAGs
[2024-02-29T18:54:51.886+0530] {logging_mixin.py:188} INFO - [2024-02-29T18:54:51.886+0530] {dag.py:3823} INFO - Setting next_dagrun for example_dynamic_task_mapping_with_no_taskflow_operators to 2024-02-28 00:00:00+00:00, run_after=2024-02-29 00:00:00+00:00
[2024-02-29T18:54:51.914+0530] {processor.py:183} INFO - Processing /home/arun/.local/lib/python3.10/site-packages/airflow/example_dags/example_dynamic_task_mapping_with_no_taskflow_operators.py took 0.085 seconds
[2024-02-29T18:56:15.049+0530] {processor.py:161} INFO - Started process (PID=9417) to work on /home/arun/.local/lib/python3.10/site-packages/airflow/example_dags/example_dynamic_task_mapping_with_no_taskflow_operators.py
[2024-02-29T18:56:15.051+0530] {processor.py:830} INFO - Processing file /home/arun/.local/lib/python3.10/site-packages/airflow/example_dags/example_dynamic_task_mapping_with_no_taskflow_operators.py for tasks to queue
[2024-02-29T18:56:15.052+0530] {logging_mixin.py:188} INFO - [2024-02-29T18:56:15.051+0530] {dagbag.py:538} INFO - Filling up the DagBag from /home/arun/.local/lib/python3.10/site-packages/airflow/example_dags/example_dynamic_task_mapping_with_no_taskflow_operators.py
[2024-02-29T18:56:15.060+0530] {processor.py:840} INFO - DAG(s) 'example_dynamic_task_mapping_with_no_taskflow_operators' retrieved from /home/arun/.local/lib/python3.10/site-packages/airflow/example_dags/example_dynamic_task_mapping_with_no_taskflow_operators.py
[2024-02-29T18:56:15.077+0530] {logging_mixin.py:188} INFO - [2024-02-29T18:56:15.077+0530] {dag.py:3036} INFO - Sync 1 DAGs
[2024-02-29T18:56:15.126+0530] {logging_mixin.py:188} INFO - [2024-02-29T18:56:15.126+0530] {dag.py:3823} INFO - Setting next_dagrun for example_dynamic_task_mapping_with_no_taskflow_operators to 2024-02-28 00:00:00+00:00, run_after=2024-02-29 00:00:00+00:00
[2024-02-29T18:56:15.159+0530] {processor.py:183} INFO - Processing /home/arun/.local/lib/python3.10/site-packages/airflow/example_dags/example_dynamic_task_mapping_with_no_taskflow_operators.py took 0.113 seconds
[2024-02-29T18:57:12.671+0530] {processor.py:161} INFO - Started process (PID=9530) to work on /home/arun/.local/lib/python3.10/site-packages/airflow/example_dags/example_dynamic_task_mapping_with_no_taskflow_operators.py
[2024-02-29T18:57:12.712+0530] {processor.py:830} INFO - Processing file /home/arun/.local/lib/python3.10/site-packages/airflow/example_dags/example_dynamic_task_mapping_with_no_taskflow_operators.py for tasks to queue
[2024-02-29T18:57:12.713+0530] {logging_mixin.py:188} INFO - [2024-02-29T18:57:12.713+0530] {dagbag.py:538} INFO - Filling up the DagBag from /home/arun/.local/lib/python3.10/site-packages/airflow/example_dags/example_dynamic_task_mapping_with_no_taskflow_operators.py
[2024-02-29T18:57:12.720+0530] {processor.py:840} INFO - DAG(s) 'example_dynamic_task_mapping_with_no_taskflow_operators' retrieved from /home/arun/.local/lib/python3.10/site-packages/airflow/example_dags/example_dynamic_task_mapping_with_no_taskflow_operators.py
[2024-02-29T18:57:12.735+0530] {logging_mixin.py:188} INFO - [2024-02-29T18:57:12.735+0530] {dag.py:3036} INFO - Sync 1 DAGs
[2024-02-29T18:57:12.759+0530] {logging_mixin.py:188} INFO - [2024-02-29T18:57:12.759+0530] {dag.py:3823} INFO - Setting next_dagrun for example_dynamic_task_mapping_with_no_taskflow_operators to 2024-02-28 00:00:00+00:00, run_after=2024-02-29 00:00:00+00:00
[2024-02-29T18:57:12.789+0530] {processor.py:183} INFO - Processing /home/arun/.local/lib/python3.10/site-packages/airflow/example_dags/example_dynamic_task_mapping_with_no_taskflow_operators.py took 0.122 seconds
[2024-02-29T18:58:08.101+0530] {processor.py:161} INFO - Started process (PID=9619) to work on /home/arun/.local/lib/python3.10/site-packages/airflow/example_dags/example_dynamic_task_mapping_with_no_taskflow_operators.py
[2024-02-29T18:58:08.128+0530] {processor.py:830} INFO - Processing file /home/arun/.local/lib/python3.10/site-packages/airflow/example_dags/example_dynamic_task_mapping_with_no_taskflow_operators.py for tasks to queue
[2024-02-29T18:58:08.143+0530] {logging_mixin.py:188} INFO - [2024-02-29T18:58:08.141+0530] {dagbag.py:538} INFO - Filling up the DagBag from /home/arun/.local/lib/python3.10/site-packages/airflow/example_dags/example_dynamic_task_mapping_with_no_taskflow_operators.py
[2024-02-29T18:58:08.158+0530] {processor.py:840} INFO - DAG(s) 'example_dynamic_task_mapping_with_no_taskflow_operators' retrieved from /home/arun/.local/lib/python3.10/site-packages/airflow/example_dags/example_dynamic_task_mapping_with_no_taskflow_operators.py
[2024-02-29T18:58:08.221+0530] {logging_mixin.py:188} INFO - [2024-02-29T18:58:08.221+0530] {dag.py:3036} INFO - Sync 1 DAGs
[2024-02-29T18:58:08.264+0530] {logging_mixin.py:188} INFO - [2024-02-29T18:58:08.264+0530] {dag.py:3823} INFO - Setting next_dagrun for example_dynamic_task_mapping_with_no_taskflow_operators to 2024-02-28 00:00:00+00:00, run_after=2024-02-29 00:00:00+00:00
[2024-02-29T18:58:08.358+0530] {processor.py:183} INFO - Processing /home/arun/.local/lib/python3.10/site-packages/airflow/example_dags/example_dynamic_task_mapping_with_no_taskflow_operators.py took 0.299 seconds
[2024-02-29T18:59:09.401+0530] {processor.py:161} INFO - Started process (PID=9727) to work on /home/arun/.local/lib/python3.10/site-packages/airflow/example_dags/example_dynamic_task_mapping_with_no_taskflow_operators.py
[2024-02-29T18:59:09.440+0530] {processor.py:830} INFO - Processing file /home/arun/.local/lib/python3.10/site-packages/airflow/example_dags/example_dynamic_task_mapping_with_no_taskflow_operators.py for tasks to queue
[2024-02-29T18:59:09.441+0530] {logging_mixin.py:188} INFO - [2024-02-29T18:59:09.441+0530] {dagbag.py:538} INFO - Filling up the DagBag from /home/arun/.local/lib/python3.10/site-packages/airflow/example_dags/example_dynamic_task_mapping_with_no_taskflow_operators.py
[2024-02-29T18:59:09.449+0530] {processor.py:840} INFO - DAG(s) 'example_dynamic_task_mapping_with_no_taskflow_operators' retrieved from /home/arun/.local/lib/python3.10/site-packages/airflow/example_dags/example_dynamic_task_mapping_with_no_taskflow_operators.py
[2024-02-29T18:59:09.463+0530] {logging_mixin.py:188} INFO - [2024-02-29T18:59:09.463+0530] {dag.py:3036} INFO - Sync 1 DAGs
[2024-02-29T18:59:09.480+0530] {logging_mixin.py:188} INFO - [2024-02-29T18:59:09.480+0530] {dag.py:3823} INFO - Setting next_dagrun for example_dynamic_task_mapping_with_no_taskflow_operators to 2024-02-28 00:00:00+00:00, run_after=2024-02-29 00:00:00+00:00
[2024-02-29T18:59:09.528+0530] {processor.py:183} INFO - Processing /home/arun/.local/lib/python3.10/site-packages/airflow/example_dags/example_dynamic_task_mapping_with_no_taskflow_operators.py took 0.131 seconds
[2024-02-29T19:00:05.096+0530] {processor.py:161} INFO - Started process (PID=9828) to work on /home/arun/.local/lib/python3.10/site-packages/airflow/example_dags/example_dynamic_task_mapping_with_no_taskflow_operators.py
[2024-02-29T19:00:05.131+0530] {processor.py:830} INFO - Processing file /home/arun/.local/lib/python3.10/site-packages/airflow/example_dags/example_dynamic_task_mapping_with_no_taskflow_operators.py for tasks to queue
[2024-02-29T19:00:05.132+0530] {logging_mixin.py:188} INFO - [2024-02-29T19:00:05.132+0530] {dagbag.py:538} INFO - Filling up the DagBag from /home/arun/.local/lib/python3.10/site-packages/airflow/example_dags/example_dynamic_task_mapping_with_no_taskflow_operators.py
[2024-02-29T19:00:05.141+0530] {processor.py:840} INFO - DAG(s) 'example_dynamic_task_mapping_with_no_taskflow_operators' retrieved from /home/arun/.local/lib/python3.10/site-packages/airflow/example_dags/example_dynamic_task_mapping_with_no_taskflow_operators.py
[2024-02-29T19:00:05.161+0530] {logging_mixin.py:188} INFO - [2024-02-29T19:00:05.161+0530] {dag.py:3036} INFO - Sync 1 DAGs
[2024-02-29T19:00:05.186+0530] {logging_mixin.py:188} INFO - [2024-02-29T19:00:05.186+0530] {dag.py:3823} INFO - Setting next_dagrun for example_dynamic_task_mapping_with_no_taskflow_operators to 2024-02-28 00:00:00+00:00, run_after=2024-02-29 00:00:00+00:00
[2024-02-29T19:00:05.242+0530] {processor.py:183} INFO - Processing /home/arun/.local/lib/python3.10/site-packages/airflow/example_dags/example_dynamic_task_mapping_with_no_taskflow_operators.py took 0.150 seconds
[2024-02-29T19:00:55.281+0530] {processor.py:161} INFO - Started process (PID=9914) to work on /home/arun/.local/lib/python3.10/site-packages/airflow/example_dags/example_dynamic_task_mapping_with_no_taskflow_operators.py
[2024-02-29T19:00:55.284+0530] {processor.py:830} INFO - Processing file /home/arun/.local/lib/python3.10/site-packages/airflow/example_dags/example_dynamic_task_mapping_with_no_taskflow_operators.py for tasks to queue
[2024-02-29T19:00:55.285+0530] {logging_mixin.py:188} INFO - [2024-02-29T19:00:55.284+0530] {dagbag.py:538} INFO - Filling up the DagBag from /home/arun/.local/lib/python3.10/site-packages/airflow/example_dags/example_dynamic_task_mapping_with_no_taskflow_operators.py
[2024-02-29T19:00:55.294+0530] {processor.py:840} INFO - DAG(s) 'example_dynamic_task_mapping_with_no_taskflow_operators' retrieved from /home/arun/.local/lib/python3.10/site-packages/airflow/example_dags/example_dynamic_task_mapping_with_no_taskflow_operators.py
[2024-02-29T19:00:55.317+0530] {logging_mixin.py:188} INFO - [2024-02-29T19:00:55.317+0530] {dag.py:3036} INFO - Sync 1 DAGs
[2024-02-29T19:00:55.357+0530] {logging_mixin.py:188} INFO - [2024-02-29T19:00:55.356+0530] {dag.py:3823} INFO - Setting next_dagrun for example_dynamic_task_mapping_with_no_taskflow_operators to 2024-02-28 00:00:00+00:00, run_after=2024-02-29 00:00:00+00:00
[2024-02-29T19:00:55.457+0530] {processor.py:183} INFO - Processing /home/arun/.local/lib/python3.10/site-packages/airflow/example_dags/example_dynamic_task_mapping_with_no_taskflow_operators.py took 0.180 seconds
[2024-02-29T19:01:47.777+0530] {processor.py:161} INFO - Started process (PID=9997) to work on /home/arun/.local/lib/python3.10/site-packages/airflow/example_dags/example_dynamic_task_mapping_with_no_taskflow_operators.py
[2024-02-29T19:01:47.781+0530] {processor.py:830} INFO - Processing file /home/arun/.local/lib/python3.10/site-packages/airflow/example_dags/example_dynamic_task_mapping_with_no_taskflow_operators.py for tasks to queue
[2024-02-29T19:01:47.783+0530] {logging_mixin.py:188} INFO - [2024-02-29T19:01:47.782+0530] {dagbag.py:538} INFO - Filling up the DagBag from /home/arun/.local/lib/python3.10/site-packages/airflow/example_dags/example_dynamic_task_mapping_with_no_taskflow_operators.py
[2024-02-29T19:01:47.799+0530] {processor.py:840} INFO - DAG(s) 'example_dynamic_task_mapping_with_no_taskflow_operators' retrieved from /home/arun/.local/lib/python3.10/site-packages/airflow/example_dags/example_dynamic_task_mapping_with_no_taskflow_operators.py
[2024-02-29T19:01:47.829+0530] {logging_mixin.py:188} INFO - [2024-02-29T19:01:47.829+0530] {dag.py:3036} INFO - Sync 1 DAGs
[2024-02-29T19:01:47.866+0530] {logging_mixin.py:188} INFO - [2024-02-29T19:01:47.866+0530] {dag.py:3823} INFO - Setting next_dagrun for example_dynamic_task_mapping_with_no_taskflow_operators to 2024-02-28 00:00:00+00:00, run_after=2024-02-29 00:00:00+00:00
[2024-02-29T19:01:47.920+0530] {processor.py:183} INFO - Processing /home/arun/.local/lib/python3.10/site-packages/airflow/example_dags/example_dynamic_task_mapping_with_no_taskflow_operators.py took 0.148 seconds
[2024-02-29T19:02:39.705+0530] {processor.py:161} INFO - Started process (PID=10080) to work on /home/arun/.local/lib/python3.10/site-packages/airflow/example_dags/example_dynamic_task_mapping_with_no_taskflow_operators.py
[2024-02-29T19:02:39.708+0530] {processor.py:830} INFO - Processing file /home/arun/.local/lib/python3.10/site-packages/airflow/example_dags/example_dynamic_task_mapping_with_no_taskflow_operators.py for tasks to queue
[2024-02-29T19:02:39.709+0530] {logging_mixin.py:188} INFO - [2024-02-29T19:02:39.708+0530] {dagbag.py:538} INFO - Filling up the DagBag from /home/arun/.local/lib/python3.10/site-packages/airflow/example_dags/example_dynamic_task_mapping_with_no_taskflow_operators.py
[2024-02-29T19:02:39.719+0530] {processor.py:840} INFO - DAG(s) 'example_dynamic_task_mapping_with_no_taskflow_operators' retrieved from /home/arun/.local/lib/python3.10/site-packages/airflow/example_dags/example_dynamic_task_mapping_with_no_taskflow_operators.py
[2024-02-29T19:02:39.738+0530] {logging_mixin.py:188} INFO - [2024-02-29T19:02:39.738+0530] {dag.py:3036} INFO - Sync 1 DAGs
[2024-02-29T19:02:39.762+0530] {logging_mixin.py:188} INFO - [2024-02-29T19:02:39.762+0530] {dag.py:3823} INFO - Setting next_dagrun for example_dynamic_task_mapping_with_no_taskflow_operators to 2024-02-28 00:00:00+00:00, run_after=2024-02-29 00:00:00+00:00
[2024-02-29T19:02:39.808+0530] {processor.py:183} INFO - Processing /home/arun/.local/lib/python3.10/site-packages/airflow/example_dags/example_dynamic_task_mapping_with_no_taskflow_operators.py took 0.107 seconds
[2024-02-29T19:03:29.847+0530] {processor.py:161} INFO - Started process (PID=10160) to work on /home/arun/.local/lib/python3.10/site-packages/airflow/example_dags/example_dynamic_task_mapping_with_no_taskflow_operators.py
[2024-02-29T19:03:29.849+0530] {processor.py:830} INFO - Processing file /home/arun/.local/lib/python3.10/site-packages/airflow/example_dags/example_dynamic_task_mapping_with_no_taskflow_operators.py for tasks to queue
[2024-02-29T19:03:29.850+0530] {logging_mixin.py:188} INFO - [2024-02-29T19:03:29.850+0530] {dagbag.py:538} INFO - Filling up the DagBag from /home/arun/.local/lib/python3.10/site-packages/airflow/example_dags/example_dynamic_task_mapping_with_no_taskflow_operators.py
[2024-02-29T19:03:29.859+0530] {processor.py:840} INFO - DAG(s) 'example_dynamic_task_mapping_with_no_taskflow_operators' retrieved from /home/arun/.local/lib/python3.10/site-packages/airflow/example_dags/example_dynamic_task_mapping_with_no_taskflow_operators.py
[2024-02-29T19:03:29.877+0530] {logging_mixin.py:188} INFO - [2024-02-29T19:03:29.877+0530] {dag.py:3036} INFO - Sync 1 DAGs
[2024-02-29T19:03:29.901+0530] {logging_mixin.py:188} INFO - [2024-02-29T19:03:29.901+0530] {dag.py:3823} INFO - Setting next_dagrun for example_dynamic_task_mapping_with_no_taskflow_operators to 2024-02-28 00:00:00+00:00, run_after=2024-02-29 00:00:00+00:00
[2024-02-29T19:03:29.929+0530] {processor.py:183} INFO - Processing /home/arun/.local/lib/python3.10/site-packages/airflow/example_dags/example_dynamic_task_mapping_with_no_taskflow_operators.py took 0.085 seconds
[2024-02-29T19:04:39.881+0530] {processor.py:161} INFO - Started process (PID=10297) to work on /home/arun/.local/lib/python3.10/site-packages/airflow/example_dags/example_dynamic_task_mapping_with_no_taskflow_operators.py
[2024-02-29T19:04:39.883+0530] {processor.py:830} INFO - Processing file /home/arun/.local/lib/python3.10/site-packages/airflow/example_dags/example_dynamic_task_mapping_with_no_taskflow_operators.py for tasks to queue
[2024-02-29T19:04:39.884+0530] {logging_mixin.py:188} INFO - [2024-02-29T19:04:39.884+0530] {dagbag.py:538} INFO - Filling up the DagBag from /home/arun/.local/lib/python3.10/site-packages/airflow/example_dags/example_dynamic_task_mapping_with_no_taskflow_operators.py
[2024-02-29T19:04:39.893+0530] {processor.py:840} INFO - DAG(s) 'example_dynamic_task_mapping_with_no_taskflow_operators' retrieved from /home/arun/.local/lib/python3.10/site-packages/airflow/example_dags/example_dynamic_task_mapping_with_no_taskflow_operators.py
[2024-02-29T19:04:39.916+0530] {logging_mixin.py:188} INFO - [2024-02-29T19:04:39.915+0530] {dag.py:3036} INFO - Sync 1 DAGs
[2024-02-29T19:04:39.954+0530] {logging_mixin.py:188} INFO - [2024-02-29T19:04:39.954+0530] {dag.py:3823} INFO - Setting next_dagrun for example_dynamic_task_mapping_with_no_taskflow_operators to 2024-02-28 00:00:00+00:00, run_after=2024-02-29 00:00:00+00:00
[2024-02-29T19:04:39.998+0530] {processor.py:183} INFO - Processing /home/arun/.local/lib/python3.10/site-packages/airflow/example_dags/example_dynamic_task_mapping_with_no_taskflow_operators.py took 0.120 seconds
[2024-02-29T19:05:36.262+0530] {processor.py:161} INFO - Started process (PID=10421) to work on /home/arun/.local/lib/python3.10/site-packages/airflow/example_dags/example_dynamic_task_mapping_with_no_taskflow_operators.py
[2024-02-29T19:05:36.265+0530] {processor.py:830} INFO - Processing file /home/arun/.local/lib/python3.10/site-packages/airflow/example_dags/example_dynamic_task_mapping_with_no_taskflow_operators.py for tasks to queue
[2024-02-29T19:05:36.267+0530] {logging_mixin.py:188} INFO - [2024-02-29T19:05:36.266+0530] {dagbag.py:538} INFO - Filling up the DagBag from /home/arun/.local/lib/python3.10/site-packages/airflow/example_dags/example_dynamic_task_mapping_with_no_taskflow_operators.py
[2024-02-29T19:05:36.327+0530] {processor.py:840} INFO - DAG(s) 'example_dynamic_task_mapping_with_no_taskflow_operators' retrieved from /home/arun/.local/lib/python3.10/site-packages/airflow/example_dags/example_dynamic_task_mapping_with_no_taskflow_operators.py
[2024-02-29T19:05:36.401+0530] {logging_mixin.py:188} INFO - [2024-02-29T19:05:36.401+0530] {dag.py:3036} INFO - Sync 1 DAGs
[2024-02-29T19:05:36.569+0530] {logging_mixin.py:188} INFO - [2024-02-29T19:05:36.568+0530] {dag.py:3823} INFO - Setting next_dagrun for example_dynamic_task_mapping_with_no_taskflow_operators to 2024-02-28 00:00:00+00:00, run_after=2024-02-29 00:00:00+00:00
[2024-02-29T19:05:36.690+0530] {processor.py:183} INFO - Processing /home/arun/.local/lib/python3.10/site-packages/airflow/example_dags/example_dynamic_task_mapping_with_no_taskflow_operators.py took 0.435 seconds
[2024-02-29T19:07:11.386+0530] {processor.py:161} INFO - Started process (PID=10736) to work on /home/arun/.local/lib/python3.10/site-packages/airflow/example_dags/example_dynamic_task_mapping_with_no_taskflow_operators.py
[2024-02-29T19:07:11.465+0530] {processor.py:830} INFO - Processing file /home/arun/.local/lib/python3.10/site-packages/airflow/example_dags/example_dynamic_task_mapping_with_no_taskflow_operators.py for tasks to queue
[2024-02-29T19:07:11.466+0530] {logging_mixin.py:188} INFO - [2024-02-29T19:07:11.465+0530] {dagbag.py:538} INFO - Filling up the DagBag from /home/arun/.local/lib/python3.10/site-packages/airflow/example_dags/example_dynamic_task_mapping_with_no_taskflow_operators.py
[2024-02-29T19:07:11.499+0530] {processor.py:840} INFO - DAG(s) 'example_dynamic_task_mapping_with_no_taskflow_operators' retrieved from /home/arun/.local/lib/python3.10/site-packages/airflow/example_dags/example_dynamic_task_mapping_with_no_taskflow_operators.py
[2024-02-29T19:07:11.525+0530] {logging_mixin.py:188} INFO - [2024-02-29T19:07:11.524+0530] {dag.py:3036} INFO - Sync 1 DAGs
[2024-02-29T19:07:11.553+0530] {logging_mixin.py:188} INFO - [2024-02-29T19:07:11.553+0530] {dag.py:3823} INFO - Setting next_dagrun for example_dynamic_task_mapping_with_no_taskflow_operators to 2024-02-28 00:00:00+00:00, run_after=2024-02-29 00:00:00+00:00
[2024-02-29T19:07:11.762+0530] {processor.py:183} INFO - Processing /home/arun/.local/lib/python3.10/site-packages/airflow/example_dags/example_dynamic_task_mapping_with_no_taskflow_operators.py took 0.382 seconds
