[2024-02-29T18:16:15.780+0530] {processor.py:161} INFO - Started process (PID=5211) to work on /home/arun/.local/lib/python3.10/site-packages/airflow/example_dags/example_branch_day_of_week_operator.py
[2024-02-29T18:16:15.782+0530] {processor.py:830} INFO - Processing file /home/arun/.local/lib/python3.10/site-packages/airflow/example_dags/example_branch_day_of_week_operator.py for tasks to queue
[2024-02-29T18:16:15.784+0530] {logging_mixin.py:188} INFO - [2024-02-29T18:16:15.783+0530] {dagbag.py:538} INFO - Filling up the DagBag from /home/arun/.local/lib/python3.10/site-packages/airflow/example_dags/example_branch_day_of_week_operator.py
[2024-02-29T18:16:15.801+0530] {processor.py:840} INFO - DAG(s) 'example_weekday_branch_operator' retrieved from /home/arun/.local/lib/python3.10/site-packages/airflow/example_dags/example_branch_day_of_week_operator.py
[2024-02-29T18:16:16.062+0530] {logging_mixin.py:188} INFO - [2024-02-29T18:16:16.061+0530] {dag.py:3036} INFO - Sync 1 DAGs
[2024-02-29T18:16:16.092+0530] {logging_mixin.py:188} INFO - [2024-02-29T18:16:16.091+0530] {dag.py:3823} INFO - Setting next_dagrun for example_weekday_branch_operator to 2024-02-28 00:00:00+00:00, run_after=2024-02-29 00:00:00+00:00
[2024-02-29T18:16:16.348+0530] {processor.py:183} INFO - Processing /home/arun/.local/lib/python3.10/site-packages/airflow/example_dags/example_branch_day_of_week_operator.py took 0.576 seconds
[2024-02-29T18:18:01.429+0530] {processor.py:161} INFO - Started process (PID=5343) to work on /home/arun/.local/lib/python3.10/site-packages/airflow/example_dags/example_branch_day_of_week_operator.py
[2024-02-29T18:18:01.508+0530] {processor.py:830} INFO - Processing file /home/arun/.local/lib/python3.10/site-packages/airflow/example_dags/example_branch_day_of_week_operator.py for tasks to queue
[2024-02-29T18:18:01.512+0530] {logging_mixin.py:188} INFO - [2024-02-29T18:18:01.512+0530] {dagbag.py:538} INFO - Filling up the DagBag from /home/arun/.local/lib/python3.10/site-packages/airflow/example_dags/example_branch_day_of_week_operator.py
[2024-02-29T18:18:01.540+0530] {processor.py:840} INFO - DAG(s) 'example_weekday_branch_operator' retrieved from /home/arun/.local/lib/python3.10/site-packages/airflow/example_dags/example_branch_day_of_week_operator.py
[2024-02-29T18:18:01.870+0530] {logging_mixin.py:188} INFO - [2024-02-29T18:18:01.869+0530] {dag.py:3036} INFO - Sync 1 DAGs
[2024-02-29T18:18:01.914+0530] {logging_mixin.py:188} INFO - [2024-02-29T18:18:01.914+0530] {dag.py:3823} INFO - Setting next_dagrun for example_weekday_branch_operator to 2024-02-28 00:00:00+00:00, run_after=2024-02-29 00:00:00+00:00
[2024-02-29T18:18:02.008+0530] {processor.py:183} INFO - Processing /home/arun/.local/lib/python3.10/site-packages/airflow/example_dags/example_branch_day_of_week_operator.py took 0.584 seconds
[2024-02-29T18:20:12.761+0530] {processor.py:161} INFO - Started process (PID=5465) to work on /home/arun/.local/lib/python3.10/site-packages/airflow/example_dags/example_branch_day_of_week_operator.py
[2024-02-29T18:20:12.905+0530] {processor.py:830} INFO - Processing file /home/arun/.local/lib/python3.10/site-packages/airflow/example_dags/example_branch_day_of_week_operator.py for tasks to queue
[2024-02-29T18:20:12.908+0530] {logging_mixin.py:188} INFO - [2024-02-29T18:20:12.907+0530] {dagbag.py:538} INFO - Filling up the DagBag from /home/arun/.local/lib/python3.10/site-packages/airflow/example_dags/example_branch_day_of_week_operator.py
[2024-02-29T18:20:12.934+0530] {processor.py:840} INFO - DAG(s) 'example_weekday_branch_operator' retrieved from /home/arun/.local/lib/python3.10/site-packages/airflow/example_dags/example_branch_day_of_week_operator.py
[2024-02-29T18:20:12.983+0530] {logging_mixin.py:188} INFO - [2024-02-29T18:20:12.983+0530] {dag.py:3036} INFO - Sync 1 DAGs
[2024-02-29T18:20:13.060+0530] {logging_mixin.py:188} INFO - [2024-02-29T18:20:13.060+0530] {dag.py:3823} INFO - Setting next_dagrun for example_weekday_branch_operator to 2024-02-28 00:00:00+00:00, run_after=2024-02-29 00:00:00+00:00
[2024-02-29T18:20:13.209+0530] {processor.py:183} INFO - Processing /home/arun/.local/lib/python3.10/site-packages/airflow/example_dags/example_branch_day_of_week_operator.py took 0.452 seconds
[2024-02-29T18:21:27.267+0530] {processor.py:161} INFO - Started process (PID=5588) to work on /home/arun/.local/lib/python3.10/site-packages/airflow/example_dags/example_branch_day_of_week_operator.py
[2024-02-29T18:21:27.310+0530] {processor.py:830} INFO - Processing file /home/arun/.local/lib/python3.10/site-packages/airflow/example_dags/example_branch_day_of_week_operator.py for tasks to queue
[2024-02-29T18:21:27.311+0530] {logging_mixin.py:188} INFO - [2024-02-29T18:21:27.311+0530] {dagbag.py:538} INFO - Filling up the DagBag from /home/arun/.local/lib/python3.10/site-packages/airflow/example_dags/example_branch_day_of_week_operator.py
[2024-02-29T18:21:27.320+0530] {processor.py:840} INFO - DAG(s) 'example_weekday_branch_operator' retrieved from /home/arun/.local/lib/python3.10/site-packages/airflow/example_dags/example_branch_day_of_week_operator.py
[2024-02-29T18:21:27.338+0530] {logging_mixin.py:188} INFO - [2024-02-29T18:21:27.338+0530] {dag.py:3036} INFO - Sync 1 DAGs
[2024-02-29T18:21:27.360+0530] {logging_mixin.py:188} INFO - [2024-02-29T18:21:27.360+0530] {dag.py:3823} INFO - Setting next_dagrun for example_weekday_branch_operator to 2024-02-28 00:00:00+00:00, run_after=2024-02-29 00:00:00+00:00
[2024-02-29T18:21:27.388+0530] {processor.py:183} INFO - Processing /home/arun/.local/lib/python3.10/site-packages/airflow/example_dags/example_branch_day_of_week_operator.py took 0.126 seconds
[2024-02-29T18:22:24.378+0530] {processor.py:161} INFO - Started process (PID=5690) to work on /home/arun/.local/lib/python3.10/site-packages/airflow/example_dags/example_branch_day_of_week_operator.py
[2024-02-29T18:22:24.380+0530] {processor.py:830} INFO - Processing file /home/arun/.local/lib/python3.10/site-packages/airflow/example_dags/example_branch_day_of_week_operator.py for tasks to queue
[2024-02-29T18:22:24.381+0530] {logging_mixin.py:188} INFO - [2024-02-29T18:22:24.381+0530] {dagbag.py:538} INFO - Filling up the DagBag from /home/arun/.local/lib/python3.10/site-packages/airflow/example_dags/example_branch_day_of_week_operator.py
[2024-02-29T18:22:24.402+0530] {processor.py:840} INFO - DAG(s) 'example_weekday_branch_operator' retrieved from /home/arun/.local/lib/python3.10/site-packages/airflow/example_dags/example_branch_day_of_week_operator.py
[2024-02-29T18:22:24.427+0530] {logging_mixin.py:188} INFO - [2024-02-29T18:22:24.427+0530] {dag.py:3036} INFO - Sync 1 DAGs
[2024-02-29T18:22:24.452+0530] {logging_mixin.py:188} INFO - [2024-02-29T18:22:24.452+0530] {dag.py:3823} INFO - Setting next_dagrun for example_weekday_branch_operator to 2024-02-28 00:00:00+00:00, run_after=2024-02-29 00:00:00+00:00
[2024-02-29T18:22:24.482+0530] {processor.py:183} INFO - Processing /home/arun/.local/lib/python3.10/site-packages/airflow/example_dags/example_branch_day_of_week_operator.py took 0.113 seconds
[2024-02-29T18:23:21.006+0530] {processor.py:161} INFO - Started process (PID=5774) to work on /home/arun/.local/lib/python3.10/site-packages/airflow/example_dags/example_branch_day_of_week_operator.py
[2024-02-29T18:23:21.008+0530] {processor.py:830} INFO - Processing file /home/arun/.local/lib/python3.10/site-packages/airflow/example_dags/example_branch_day_of_week_operator.py for tasks to queue
[2024-02-29T18:23:21.010+0530] {logging_mixin.py:188} INFO - [2024-02-29T18:23:21.009+0530] {dagbag.py:538} INFO - Filling up the DagBag from /home/arun/.local/lib/python3.10/site-packages/airflow/example_dags/example_branch_day_of_week_operator.py
[2024-02-29T18:23:21.040+0530] {processor.py:840} INFO - DAG(s) 'example_weekday_branch_operator' retrieved from /home/arun/.local/lib/python3.10/site-packages/airflow/example_dags/example_branch_day_of_week_operator.py
[2024-02-29T18:23:21.089+0530] {logging_mixin.py:188} INFO - [2024-02-29T18:23:21.088+0530] {dag.py:3036} INFO - Sync 1 DAGs
[2024-02-29T18:23:21.130+0530] {logging_mixin.py:188} INFO - [2024-02-29T18:23:21.130+0530] {dag.py:3823} INFO - Setting next_dagrun for example_weekday_branch_operator to 2024-02-28 00:00:00+00:00, run_after=2024-02-29 00:00:00+00:00
[2024-02-29T18:23:21.201+0530] {processor.py:183} INFO - Processing /home/arun/.local/lib/python3.10/site-packages/airflow/example_dags/example_branch_day_of_week_operator.py took 0.199 seconds
[2024-02-29T18:24:34.216+0530] {processor.py:161} INFO - Started process (PID=5913) to work on /home/arun/.local/lib/python3.10/site-packages/airflow/example_dags/example_branch_day_of_week_operator.py
[2024-02-29T18:24:34.231+0530] {processor.py:830} INFO - Processing file /home/arun/.local/lib/python3.10/site-packages/airflow/example_dags/example_branch_day_of_week_operator.py for tasks to queue
[2024-02-29T18:24:34.232+0530] {logging_mixin.py:188} INFO - [2024-02-29T18:24:34.231+0530] {dagbag.py:538} INFO - Filling up the DagBag from /home/arun/.local/lib/python3.10/site-packages/airflow/example_dags/example_branch_day_of_week_operator.py
[2024-02-29T18:24:34.242+0530] {processor.py:840} INFO - DAG(s) 'example_weekday_branch_operator' retrieved from /home/arun/.local/lib/python3.10/site-packages/airflow/example_dags/example_branch_day_of_week_operator.py
[2024-02-29T18:24:34.266+0530] {logging_mixin.py:188} INFO - [2024-02-29T18:24:34.266+0530] {dag.py:3036} INFO - Sync 1 DAGs
[2024-02-29T18:24:34.300+0530] {logging_mixin.py:188} INFO - [2024-02-29T18:24:34.300+0530] {dag.py:3823} INFO - Setting next_dagrun for example_weekday_branch_operator to 2024-02-28 00:00:00+00:00, run_after=2024-02-29 00:00:00+00:00
[2024-02-29T18:24:34.342+0530] {processor.py:183} INFO - Processing /home/arun/.local/lib/python3.10/site-packages/airflow/example_dags/example_branch_day_of_week_operator.py took 0.130 seconds
[2024-02-29T18:25:50.393+0530] {processor.py:161} INFO - Started process (PID=6030) to work on /home/arun/.local/lib/python3.10/site-packages/airflow/example_dags/example_branch_day_of_week_operator.py
[2024-02-29T18:25:50.436+0530] {processor.py:830} INFO - Processing file /home/arun/.local/lib/python3.10/site-packages/airflow/example_dags/example_branch_day_of_week_operator.py for tasks to queue
[2024-02-29T18:25:50.437+0530] {logging_mixin.py:188} INFO - [2024-02-29T18:25:50.436+0530] {dagbag.py:538} INFO - Filling up the DagBag from /home/arun/.local/lib/python3.10/site-packages/airflow/example_dags/example_branch_day_of_week_operator.py
[2024-02-29T18:25:50.446+0530] {processor.py:840} INFO - DAG(s) 'example_weekday_branch_operator' retrieved from /home/arun/.local/lib/python3.10/site-packages/airflow/example_dags/example_branch_day_of_week_operator.py
[2024-02-29T18:25:50.477+0530] {logging_mixin.py:188} INFO - [2024-02-29T18:25:50.476+0530] {dag.py:3036} INFO - Sync 1 DAGs
[2024-02-29T18:25:50.582+0530] {logging_mixin.py:188} INFO - [2024-02-29T18:25:50.582+0530] {dag.py:3823} INFO - Setting next_dagrun for example_weekday_branch_operator to 2024-02-28 00:00:00+00:00, run_after=2024-02-29 00:00:00+00:00
[2024-02-29T18:25:50.698+0530] {processor.py:183} INFO - Processing /home/arun/.local/lib/python3.10/site-packages/airflow/example_dags/example_branch_day_of_week_operator.py took 0.308 seconds
[2024-02-29T18:27:03.483+0530] {processor.py:161} INFO - Started process (PID=6143) to work on /home/arun/.local/lib/python3.10/site-packages/airflow/example_dags/example_branch_day_of_week_operator.py
[2024-02-29T18:27:03.493+0530] {processor.py:830} INFO - Processing file /home/arun/.local/lib/python3.10/site-packages/airflow/example_dags/example_branch_day_of_week_operator.py for tasks to queue
[2024-02-29T18:27:03.496+0530] {logging_mixin.py:188} INFO - [2024-02-29T18:27:03.495+0530] {dagbag.py:538} INFO - Filling up the DagBag from /home/arun/.local/lib/python3.10/site-packages/airflow/example_dags/example_branch_day_of_week_operator.py
[2024-02-29T18:27:03.554+0530] {processor.py:840} INFO - DAG(s) 'example_weekday_branch_operator' retrieved from /home/arun/.local/lib/python3.10/site-packages/airflow/example_dags/example_branch_day_of_week_operator.py
[2024-02-29T18:27:03.600+0530] {logging_mixin.py:188} INFO - [2024-02-29T18:27:03.600+0530] {dag.py:3036} INFO - Sync 1 DAGs
[2024-02-29T18:27:03.662+0530] {logging_mixin.py:188} INFO - [2024-02-29T18:27:03.662+0530] {dag.py:3823} INFO - Setting next_dagrun for example_weekday_branch_operator to 2024-02-28 00:00:00+00:00, run_after=2024-02-29 00:00:00+00:00
[2024-02-29T18:27:03.735+0530] {processor.py:183} INFO - Processing /home/arun/.local/lib/python3.10/site-packages/airflow/example_dags/example_branch_day_of_week_operator.py took 0.257 seconds
[2024-02-29T18:28:22.536+0530] {processor.py:161} INFO - Started process (PID=6281) to work on /home/arun/.local/lib/python3.10/site-packages/airflow/example_dags/example_branch_day_of_week_operator.py
[2024-02-29T18:28:22.612+0530] {processor.py:830} INFO - Processing file /home/arun/.local/lib/python3.10/site-packages/airflow/example_dags/example_branch_day_of_week_operator.py for tasks to queue
[2024-02-29T18:28:22.613+0530] {logging_mixin.py:188} INFO - [2024-02-29T18:28:22.612+0530] {dagbag.py:538} INFO - Filling up the DagBag from /home/arun/.local/lib/python3.10/site-packages/airflow/example_dags/example_branch_day_of_week_operator.py
[2024-02-29T18:28:22.621+0530] {processor.py:840} INFO - DAG(s) 'example_weekday_branch_operator' retrieved from /home/arun/.local/lib/python3.10/site-packages/airflow/example_dags/example_branch_day_of_week_operator.py
[2024-02-29T18:28:22.638+0530] {logging_mixin.py:188} INFO - [2024-02-29T18:28:22.638+0530] {dag.py:3036} INFO - Sync 1 DAGs
[2024-02-29T18:28:22.662+0530] {logging_mixin.py:188} INFO - [2024-02-29T18:28:22.662+0530] {dag.py:3823} INFO - Setting next_dagrun for example_weekday_branch_operator to 2024-02-28 00:00:00+00:00, run_after=2024-02-29 00:00:00+00:00
[2024-02-29T18:28:22.720+0530] {processor.py:183} INFO - Processing /home/arun/.local/lib/python3.10/site-packages/airflow/example_dags/example_branch_day_of_week_operator.py took 0.191 seconds
[2024-02-29T18:29:29.009+0530] {processor.py:161} INFO - Started process (PID=6398) to work on /home/arun/.local/lib/python3.10/site-packages/airflow/example_dags/example_branch_day_of_week_operator.py
[2024-02-29T18:29:29.017+0530] {processor.py:830} INFO - Processing file /home/arun/.local/lib/python3.10/site-packages/airflow/example_dags/example_branch_day_of_week_operator.py for tasks to queue
[2024-02-29T18:29:29.020+0530] {logging_mixin.py:188} INFO - [2024-02-29T18:29:29.019+0530] {dagbag.py:538} INFO - Filling up the DagBag from /home/arun/.local/lib/python3.10/site-packages/airflow/example_dags/example_branch_day_of_week_operator.py
[2024-02-29T18:29:29.073+0530] {processor.py:840} INFO - DAG(s) 'example_weekday_branch_operator' retrieved from /home/arun/.local/lib/python3.10/site-packages/airflow/example_dags/example_branch_day_of_week_operator.py
[2024-02-29T18:29:29.194+0530] {logging_mixin.py:188} INFO - [2024-02-29T18:29:29.194+0530] {dag.py:3036} INFO - Sync 1 DAGs
[2024-02-29T18:29:29.294+0530] {logging_mixin.py:188} INFO - [2024-02-29T18:29:29.293+0530] {dag.py:3823} INFO - Setting next_dagrun for example_weekday_branch_operator to 2024-02-28 00:00:00+00:00, run_after=2024-02-29 00:00:00+00:00
[2024-02-29T18:29:29.431+0530] {processor.py:183} INFO - Processing /home/arun/.local/lib/python3.10/site-packages/airflow/example_dags/example_branch_day_of_week_operator.py took 0.434 seconds
[2024-02-29T18:30:29.741+0530] {processor.py:161} INFO - Started process (PID=6494) to work on /home/arun/.local/lib/python3.10/site-packages/airflow/example_dags/example_branch_day_of_week_operator.py
[2024-02-29T18:30:29.743+0530] {processor.py:830} INFO - Processing file /home/arun/.local/lib/python3.10/site-packages/airflow/example_dags/example_branch_day_of_week_operator.py for tasks to queue
[2024-02-29T18:30:29.744+0530] {logging_mixin.py:188} INFO - [2024-02-29T18:30:29.744+0530] {dagbag.py:538} INFO - Filling up the DagBag from /home/arun/.local/lib/python3.10/site-packages/airflow/example_dags/example_branch_day_of_week_operator.py
[2024-02-29T18:30:29.757+0530] {processor.py:840} INFO - DAG(s) 'example_weekday_branch_operator' retrieved from /home/arun/.local/lib/python3.10/site-packages/airflow/example_dags/example_branch_day_of_week_operator.py
[2024-02-29T18:30:29.792+0530] {logging_mixin.py:188} INFO - [2024-02-29T18:30:29.791+0530] {dag.py:3036} INFO - Sync 1 DAGs
[2024-02-29T18:30:29.830+0530] {logging_mixin.py:188} INFO - [2024-02-29T18:30:29.830+0530] {dag.py:3823} INFO - Setting next_dagrun for example_weekday_branch_operator to 2024-02-28 00:00:00+00:00, run_after=2024-02-29 00:00:00+00:00
[2024-02-29T18:30:29.867+0530] {processor.py:183} INFO - Processing /home/arun/.local/lib/python3.10/site-packages/airflow/example_dags/example_branch_day_of_week_operator.py took 0.132 seconds
[2024-02-29T18:31:25.374+0530] {processor.py:161} INFO - Started process (PID=6582) to work on /home/arun/.local/lib/python3.10/site-packages/airflow/example_dags/example_branch_day_of_week_operator.py
[2024-02-29T18:31:25.376+0530] {processor.py:830} INFO - Processing file /home/arun/.local/lib/python3.10/site-packages/airflow/example_dags/example_branch_day_of_week_operator.py for tasks to queue
[2024-02-29T18:31:25.377+0530] {logging_mixin.py:188} INFO - [2024-02-29T18:31:25.377+0530] {dagbag.py:538} INFO - Filling up the DagBag from /home/arun/.local/lib/python3.10/site-packages/airflow/example_dags/example_branch_day_of_week_operator.py
[2024-02-29T18:31:25.410+0530] {processor.py:840} INFO - DAG(s) 'example_weekday_branch_operator' retrieved from /home/arun/.local/lib/python3.10/site-packages/airflow/example_dags/example_branch_day_of_week_operator.py
[2024-02-29T18:31:25.473+0530] {logging_mixin.py:188} INFO - [2024-02-29T18:31:25.473+0530] {dag.py:3036} INFO - Sync 1 DAGs
[2024-02-29T18:31:25.505+0530] {logging_mixin.py:188} INFO - [2024-02-29T18:31:25.505+0530] {dag.py:3823} INFO - Setting next_dagrun for example_weekday_branch_operator to 2024-02-28 00:00:00+00:00, run_after=2024-02-29 00:00:00+00:00
[2024-02-29T18:31:25.566+0530] {processor.py:183} INFO - Processing /home/arun/.local/lib/python3.10/site-packages/airflow/example_dags/example_branch_day_of_week_operator.py took 0.198 seconds
[2024-02-29T18:32:37.260+0530] {processor.py:161} INFO - Started process (PID=6705) to work on /home/arun/.local/lib/python3.10/site-packages/airflow/example_dags/example_branch_day_of_week_operator.py
[2024-02-29T18:32:37.261+0530] {processor.py:830} INFO - Processing file /home/arun/.local/lib/python3.10/site-packages/airflow/example_dags/example_branch_day_of_week_operator.py for tasks to queue
[2024-02-29T18:32:37.263+0530] {logging_mixin.py:188} INFO - [2024-02-29T18:32:37.262+0530] {dagbag.py:538} INFO - Filling up the DagBag from /home/arun/.local/lib/python3.10/site-packages/airflow/example_dags/example_branch_day_of_week_operator.py
[2024-02-29T18:32:37.274+0530] {processor.py:840} INFO - DAG(s) 'example_weekday_branch_operator' retrieved from /home/arun/.local/lib/python3.10/site-packages/airflow/example_dags/example_branch_day_of_week_operator.py
[2024-02-29T18:32:37.299+0530] {logging_mixin.py:188} INFO - [2024-02-29T18:32:37.299+0530] {dag.py:3036} INFO - Sync 1 DAGs
[2024-02-29T18:32:37.344+0530] {logging_mixin.py:188} INFO - [2024-02-29T18:32:37.343+0530] {dag.py:3823} INFO - Setting next_dagrun for example_weekday_branch_operator to 2024-02-28 00:00:00+00:00, run_after=2024-02-29 00:00:00+00:00
[2024-02-29T18:32:37.408+0530] {processor.py:183} INFO - Processing /home/arun/.local/lib/python3.10/site-packages/airflow/example_dags/example_branch_day_of_week_operator.py took 0.152 seconds
[2024-02-29T18:33:33.862+0530] {processor.py:161} INFO - Started process (PID=6793) to work on /home/arun/.local/lib/python3.10/site-packages/airflow/example_dags/example_branch_day_of_week_operator.py
[2024-02-29T18:33:33.864+0530] {processor.py:830} INFO - Processing file /home/arun/.local/lib/python3.10/site-packages/airflow/example_dags/example_branch_day_of_week_operator.py for tasks to queue
[2024-02-29T18:33:33.865+0530] {logging_mixin.py:188} INFO - [2024-02-29T18:33:33.864+0530] {dagbag.py:538} INFO - Filling up the DagBag from /home/arun/.local/lib/python3.10/site-packages/airflow/example_dags/example_branch_day_of_week_operator.py
[2024-02-29T18:33:33.874+0530] {processor.py:840} INFO - DAG(s) 'example_weekday_branch_operator' retrieved from /home/arun/.local/lib/python3.10/site-packages/airflow/example_dags/example_branch_day_of_week_operator.py
[2024-02-29T18:33:33.895+0530] {logging_mixin.py:188} INFO - [2024-02-29T18:33:33.894+0530] {dag.py:3036} INFO - Sync 1 DAGs
[2024-02-29T18:33:33.922+0530] {logging_mixin.py:188} INFO - [2024-02-29T18:33:33.922+0530] {dag.py:3823} INFO - Setting next_dagrun for example_weekday_branch_operator to 2024-02-28 00:00:00+00:00, run_after=2024-02-29 00:00:00+00:00
[2024-02-29T18:33:33.956+0530] {processor.py:183} INFO - Processing /home/arun/.local/lib/python3.10/site-packages/airflow/example_dags/example_branch_day_of_week_operator.py took 0.098 seconds
[2024-02-29T18:34:30.338+0530] {processor.py:161} INFO - Started process (PID=6883) to work on /home/arun/.local/lib/python3.10/site-packages/airflow/example_dags/example_branch_day_of_week_operator.py
[2024-02-29T18:34:30.340+0530] {processor.py:830} INFO - Processing file /home/arun/.local/lib/python3.10/site-packages/airflow/example_dags/example_branch_day_of_week_operator.py for tasks to queue
[2024-02-29T18:34:30.341+0530] {logging_mixin.py:188} INFO - [2024-02-29T18:34:30.341+0530] {dagbag.py:538} INFO - Filling up the DagBag from /home/arun/.local/lib/python3.10/site-packages/airflow/example_dags/example_branch_day_of_week_operator.py
[2024-02-29T18:34:30.354+0530] {processor.py:840} INFO - DAG(s) 'example_weekday_branch_operator' retrieved from /home/arun/.local/lib/python3.10/site-packages/airflow/example_dags/example_branch_day_of_week_operator.py
[2024-02-29T18:34:30.381+0530] {logging_mixin.py:188} INFO - [2024-02-29T18:34:30.380+0530] {dag.py:3036} INFO - Sync 1 DAGs
[2024-02-29T18:34:30.417+0530] {logging_mixin.py:188} INFO - [2024-02-29T18:34:30.417+0530] {dag.py:3823} INFO - Setting next_dagrun for example_weekday_branch_operator to 2024-02-28 00:00:00+00:00, run_after=2024-02-29 00:00:00+00:00
[2024-02-29T18:34:30.450+0530] {processor.py:183} INFO - Processing /home/arun/.local/lib/python3.10/site-packages/airflow/example_dags/example_branch_day_of_week_operator.py took 0.117 seconds
[2024-02-29T18:35:51.361+0530] {processor.py:161} INFO - Started process (PID=7010) to work on /home/arun/.local/lib/python3.10/site-packages/airflow/example_dags/example_branch_day_of_week_operator.py
[2024-02-29T18:35:51.405+0530] {processor.py:830} INFO - Processing file /home/arun/.local/lib/python3.10/site-packages/airflow/example_dags/example_branch_day_of_week_operator.py for tasks to queue
[2024-02-29T18:35:51.406+0530] {logging_mixin.py:188} INFO - [2024-02-29T18:35:51.405+0530] {dagbag.py:538} INFO - Filling up the DagBag from /home/arun/.local/lib/python3.10/site-packages/airflow/example_dags/example_branch_day_of_week_operator.py
[2024-02-29T18:35:51.414+0530] {processor.py:840} INFO - DAG(s) 'example_weekday_branch_operator' retrieved from /home/arun/.local/lib/python3.10/site-packages/airflow/example_dags/example_branch_day_of_week_operator.py
[2024-02-29T18:35:51.432+0530] {logging_mixin.py:188} INFO - [2024-02-29T18:35:51.431+0530] {dag.py:3036} INFO - Sync 1 DAGs
[2024-02-29T18:35:51.457+0530] {logging_mixin.py:188} INFO - [2024-02-29T18:35:51.457+0530] {dag.py:3823} INFO - Setting next_dagrun for example_weekday_branch_operator to 2024-02-28 00:00:00+00:00, run_after=2024-02-29 00:00:00+00:00
[2024-02-29T18:35:51.493+0530] {processor.py:183} INFO - Processing /home/arun/.local/lib/python3.10/site-packages/airflow/example_dags/example_branch_day_of_week_operator.py took 0.136 seconds
[2024-02-29T18:36:51.459+0530] {processor.py:161} INFO - Started process (PID=7100) to work on /home/arun/.local/lib/python3.10/site-packages/airflow/example_dags/example_branch_day_of_week_operator.py
[2024-02-29T18:36:51.480+0530] {processor.py:830} INFO - Processing file /home/arun/.local/lib/python3.10/site-packages/airflow/example_dags/example_branch_day_of_week_operator.py for tasks to queue
[2024-02-29T18:36:51.490+0530] {logging_mixin.py:188} INFO - [2024-02-29T18:36:51.483+0530] {dagbag.py:538} INFO - Filling up the DagBag from /home/arun/.local/lib/python3.10/site-packages/airflow/example_dags/example_branch_day_of_week_operator.py
[2024-02-29T18:36:51.524+0530] {processor.py:840} INFO - DAG(s) 'example_weekday_branch_operator' retrieved from /home/arun/.local/lib/python3.10/site-packages/airflow/example_dags/example_branch_day_of_week_operator.py
[2024-02-29T18:36:51.589+0530] {logging_mixin.py:188} INFO - [2024-02-29T18:36:51.588+0530] {dag.py:3036} INFO - Sync 1 DAGs
[2024-02-29T18:36:51.642+0530] {logging_mixin.py:188} INFO - [2024-02-29T18:36:51.642+0530] {dag.py:3823} INFO - Setting next_dagrun for example_weekday_branch_operator to 2024-02-28 00:00:00+00:00, run_after=2024-02-29 00:00:00+00:00
[2024-02-29T18:36:51.891+0530] {processor.py:183} INFO - Processing /home/arun/.local/lib/python3.10/site-packages/airflow/example_dags/example_branch_day_of_week_operator.py took 0.475 seconds
[2024-02-29T18:37:54.414+0530] {processor.py:161} INFO - Started process (PID=7195) to work on /home/arun/.local/lib/python3.10/site-packages/airflow/example_dags/example_branch_day_of_week_operator.py
[2024-02-29T18:37:54.421+0530] {processor.py:830} INFO - Processing file /home/arun/.local/lib/python3.10/site-packages/airflow/example_dags/example_branch_day_of_week_operator.py for tasks to queue
[2024-02-29T18:37:54.424+0530] {logging_mixin.py:188} INFO - [2024-02-29T18:37:54.422+0530] {dagbag.py:538} INFO - Filling up the DagBag from /home/arun/.local/lib/python3.10/site-packages/airflow/example_dags/example_branch_day_of_week_operator.py
[2024-02-29T18:37:54.451+0530] {processor.py:840} INFO - DAG(s) 'example_weekday_branch_operator' retrieved from /home/arun/.local/lib/python3.10/site-packages/airflow/example_dags/example_branch_day_of_week_operator.py
[2024-02-29T18:37:54.521+0530] {logging_mixin.py:188} INFO - [2024-02-29T18:37:54.520+0530] {dag.py:3036} INFO - Sync 1 DAGs
[2024-02-29T18:37:54.573+0530] {logging_mixin.py:188} INFO - [2024-02-29T18:37:54.573+0530] {dag.py:3823} INFO - Setting next_dagrun for example_weekday_branch_operator to 2024-02-28 00:00:00+00:00, run_after=2024-02-29 00:00:00+00:00
[2024-02-29T18:37:54.674+0530] {processor.py:183} INFO - Processing /home/arun/.local/lib/python3.10/site-packages/airflow/example_dags/example_branch_day_of_week_operator.py took 0.267 seconds
[2024-02-29T18:38:52.608+0530] {processor.py:161} INFO - Started process (PID=7375) to work on /home/arun/.local/lib/python3.10/site-packages/airflow/example_dags/example_branch_day_of_week_operator.py
[2024-02-29T18:38:52.610+0530] {processor.py:830} INFO - Processing file /home/arun/.local/lib/python3.10/site-packages/airflow/example_dags/example_branch_day_of_week_operator.py for tasks to queue
[2024-02-29T18:38:52.611+0530] {logging_mixin.py:188} INFO - [2024-02-29T18:38:52.610+0530] {dagbag.py:538} INFO - Filling up the DagBag from /home/arun/.local/lib/python3.10/site-packages/airflow/example_dags/example_branch_day_of_week_operator.py
[2024-02-29T18:38:52.620+0530] {processor.py:840} INFO - DAG(s) 'example_weekday_branch_operator' retrieved from /home/arun/.local/lib/python3.10/site-packages/airflow/example_dags/example_branch_day_of_week_operator.py
[2024-02-29T18:38:52.648+0530] {logging_mixin.py:188} INFO - [2024-02-29T18:38:52.648+0530] {dag.py:3036} INFO - Sync 1 DAGs
[2024-02-29T18:38:52.692+0530] {logging_mixin.py:188} INFO - [2024-02-29T18:38:52.692+0530] {dag.py:3823} INFO - Setting next_dagrun for example_weekday_branch_operator to 2024-02-28 00:00:00+00:00, run_after=2024-02-29 00:00:00+00:00
[2024-02-29T18:38:52.737+0530] {processor.py:183} INFO - Processing /home/arun/.local/lib/python3.10/site-packages/airflow/example_dags/example_branch_day_of_week_operator.py took 0.132 seconds
[2024-02-29T18:40:16.520+0530] {processor.py:161} INFO - Started process (PID=7504) to work on /home/arun/.local/lib/python3.10/site-packages/airflow/example_dags/example_branch_day_of_week_operator.py
[2024-02-29T18:40:16.523+0530] {processor.py:830} INFO - Processing file /home/arun/.local/lib/python3.10/site-packages/airflow/example_dags/example_branch_day_of_week_operator.py for tasks to queue
[2024-02-29T18:40:16.525+0530] {logging_mixin.py:188} INFO - [2024-02-29T18:40:16.525+0530] {dagbag.py:538} INFO - Filling up the DagBag from /home/arun/.local/lib/python3.10/site-packages/airflow/example_dags/example_branch_day_of_week_operator.py
[2024-02-29T18:40:16.545+0530] {processor.py:840} INFO - DAG(s) 'example_weekday_branch_operator' retrieved from /home/arun/.local/lib/python3.10/site-packages/airflow/example_dags/example_branch_day_of_week_operator.py
[2024-02-29T18:40:16.590+0530] {logging_mixin.py:188} INFO - [2024-02-29T18:40:16.590+0530] {dag.py:3036} INFO - Sync 1 DAGs
[2024-02-29T18:40:16.658+0530] {logging_mixin.py:188} INFO - [2024-02-29T18:40:16.657+0530] {dag.py:3823} INFO - Setting next_dagrun for example_weekday_branch_operator to 2024-02-28 00:00:00+00:00, run_after=2024-02-29 00:00:00+00:00
[2024-02-29T18:40:16.728+0530] {processor.py:183} INFO - Processing /home/arun/.local/lib/python3.10/site-packages/airflow/example_dags/example_branch_day_of_week_operator.py took 0.219 seconds
[2024-02-29T18:41:13.630+0530] {processor.py:161} INFO - Started process (PID=7594) to work on /home/arun/.local/lib/python3.10/site-packages/airflow/example_dags/example_branch_day_of_week_operator.py
[2024-02-29T18:41:13.633+0530] {processor.py:830} INFO - Processing file /home/arun/.local/lib/python3.10/site-packages/airflow/example_dags/example_branch_day_of_week_operator.py for tasks to queue
[2024-02-29T18:41:13.635+0530] {logging_mixin.py:188} INFO - [2024-02-29T18:41:13.634+0530] {dagbag.py:538} INFO - Filling up the DagBag from /home/arun/.local/lib/python3.10/site-packages/airflow/example_dags/example_branch_day_of_week_operator.py
[2024-02-29T18:41:13.649+0530] {processor.py:840} INFO - DAG(s) 'example_weekday_branch_operator' retrieved from /home/arun/.local/lib/python3.10/site-packages/airflow/example_dags/example_branch_day_of_week_operator.py
[2024-02-29T18:41:13.674+0530] {logging_mixin.py:188} INFO - [2024-02-29T18:41:13.674+0530] {dag.py:3036} INFO - Sync 1 DAGs
[2024-02-29T18:41:13.703+0530] {logging_mixin.py:188} INFO - [2024-02-29T18:41:13.703+0530] {dag.py:3823} INFO - Setting next_dagrun for example_weekday_branch_operator to 2024-02-28 00:00:00+00:00, run_after=2024-02-29 00:00:00+00:00
[2024-02-29T18:41:13.738+0530] {processor.py:183} INFO - Processing /home/arun/.local/lib/python3.10/site-packages/airflow/example_dags/example_branch_day_of_week_operator.py took 0.112 seconds
[2024-02-29T18:42:08.026+0530] {processor.py:161} INFO - Started process (PID=7693) to work on /home/arun/.local/lib/python3.10/site-packages/airflow/example_dags/example_branch_day_of_week_operator.py
[2024-02-29T18:42:08.029+0530] {processor.py:830} INFO - Processing file /home/arun/.local/lib/python3.10/site-packages/airflow/example_dags/example_branch_day_of_week_operator.py for tasks to queue
[2024-02-29T18:42:08.031+0530] {logging_mixin.py:188} INFO - [2024-02-29T18:42:08.030+0530] {dagbag.py:538} INFO - Filling up the DagBag from /home/arun/.local/lib/python3.10/site-packages/airflow/example_dags/example_branch_day_of_week_operator.py
[2024-02-29T18:42:08.046+0530] {processor.py:840} INFO - DAG(s) 'example_weekday_branch_operator' retrieved from /home/arun/.local/lib/python3.10/site-packages/airflow/example_dags/example_branch_day_of_week_operator.py
[2024-02-29T18:42:08.104+0530] {logging_mixin.py:188} INFO - [2024-02-29T18:42:08.104+0530] {dag.py:3036} INFO - Sync 1 DAGs
[2024-02-29T18:42:08.132+0530] {logging_mixin.py:188} INFO - [2024-02-29T18:42:08.132+0530] {dag.py:3823} INFO - Setting next_dagrun for example_weekday_branch_operator to 2024-02-28 00:00:00+00:00, run_after=2024-02-29 00:00:00+00:00
[2024-02-29T18:42:08.167+0530] {processor.py:183} INFO - Processing /home/arun/.local/lib/python3.10/site-packages/airflow/example_dags/example_branch_day_of_week_operator.py took 0.147 seconds
[2024-02-29T18:43:06.321+0530] {processor.py:161} INFO - Started process (PID=7785) to work on /home/arun/.local/lib/python3.10/site-packages/airflow/example_dags/example_branch_day_of_week_operator.py
[2024-02-29T18:43:06.339+0530] {processor.py:830} INFO - Processing file /home/arun/.local/lib/python3.10/site-packages/airflow/example_dags/example_branch_day_of_week_operator.py for tasks to queue
[2024-02-29T18:43:06.340+0530] {logging_mixin.py:188} INFO - [2024-02-29T18:43:06.340+0530] {dagbag.py:538} INFO - Filling up the DagBag from /home/arun/.local/lib/python3.10/site-packages/airflow/example_dags/example_branch_day_of_week_operator.py
[2024-02-29T18:43:06.390+0530] {processor.py:840} INFO - DAG(s) 'example_weekday_branch_operator' retrieved from /home/arun/.local/lib/python3.10/site-packages/airflow/example_dags/example_branch_day_of_week_operator.py
[2024-02-29T18:43:06.451+0530] {logging_mixin.py:188} INFO - [2024-02-29T18:43:06.451+0530] {dag.py:3036} INFO - Sync 1 DAGs
[2024-02-29T18:43:06.526+0530] {logging_mixin.py:188} INFO - [2024-02-29T18:43:06.525+0530] {dag.py:3823} INFO - Setting next_dagrun for example_weekday_branch_operator to 2024-02-28 00:00:00+00:00, run_after=2024-02-29 00:00:00+00:00
[2024-02-29T18:43:06.750+0530] {processor.py:183} INFO - Processing /home/arun/.local/lib/python3.10/site-packages/airflow/example_dags/example_branch_day_of_week_operator.py took 0.436 seconds
[2024-02-29T18:44:11.897+0530] {processor.py:161} INFO - Started process (PID=7898) to work on /home/arun/.local/lib/python3.10/site-packages/airflow/example_dags/example_branch_day_of_week_operator.py
[2024-02-29T18:44:11.933+0530] {processor.py:830} INFO - Processing file /home/arun/.local/lib/python3.10/site-packages/airflow/example_dags/example_branch_day_of_week_operator.py for tasks to queue
[2024-02-29T18:44:11.935+0530] {logging_mixin.py:188} INFO - [2024-02-29T18:44:11.934+0530] {dagbag.py:538} INFO - Filling up the DagBag from /home/arun/.local/lib/python3.10/site-packages/airflow/example_dags/example_branch_day_of_week_operator.py
[2024-02-29T18:44:11.947+0530] {processor.py:840} INFO - DAG(s) 'example_weekday_branch_operator' retrieved from /home/arun/.local/lib/python3.10/site-packages/airflow/example_dags/example_branch_day_of_week_operator.py
[2024-02-29T18:44:11.962+0530] {logging_mixin.py:188} INFO - [2024-02-29T18:44:11.962+0530] {dag.py:3036} INFO - Sync 1 DAGs
[2024-02-29T18:44:11.984+0530] {logging_mixin.py:188} INFO - [2024-02-29T18:44:11.984+0530] {dag.py:3823} INFO - Setting next_dagrun for example_weekday_branch_operator to 2024-02-28 00:00:00+00:00, run_after=2024-02-29 00:00:00+00:00
[2024-02-29T18:44:12.014+0530] {processor.py:183} INFO - Processing /home/arun/.local/lib/python3.10/site-packages/airflow/example_dags/example_branch_day_of_week_operator.py took 0.120 seconds
[2024-02-29T18:45:06.614+0530] {processor.py:161} INFO - Started process (PID=7988) to work on /home/arun/.local/lib/python3.10/site-packages/airflow/example_dags/example_branch_day_of_week_operator.py
[2024-02-29T18:45:06.664+0530] {processor.py:830} INFO - Processing file /home/arun/.local/lib/python3.10/site-packages/airflow/example_dags/example_branch_day_of_week_operator.py for tasks to queue
[2024-02-29T18:45:06.666+0530] {logging_mixin.py:188} INFO - [2024-02-29T18:45:06.665+0530] {dagbag.py:538} INFO - Filling up the DagBag from /home/arun/.local/lib/python3.10/site-packages/airflow/example_dags/example_branch_day_of_week_operator.py
[2024-02-29T18:45:06.687+0530] {processor.py:840} INFO - DAG(s) 'example_weekday_branch_operator' retrieved from /home/arun/.local/lib/python3.10/site-packages/airflow/example_dags/example_branch_day_of_week_operator.py
[2024-02-29T18:45:06.747+0530] {logging_mixin.py:188} INFO - [2024-02-29T18:45:06.746+0530] {dag.py:3036} INFO - Sync 1 DAGs
[2024-02-29T18:45:06.810+0530] {logging_mixin.py:188} INFO - [2024-02-29T18:45:06.809+0530] {dag.py:3823} INFO - Setting next_dagrun for example_weekday_branch_operator to 2024-02-28 00:00:00+00:00, run_after=2024-02-29 00:00:00+00:00
[2024-02-29T18:45:06.850+0530] {processor.py:183} INFO - Processing /home/arun/.local/lib/python3.10/site-packages/airflow/example_dags/example_branch_day_of_week_operator.py took 0.242 seconds
[2024-02-29T18:46:02.744+0530] {processor.py:161} INFO - Started process (PID=8090) to work on /home/arun/.local/lib/python3.10/site-packages/airflow/example_dags/example_branch_day_of_week_operator.py
[2024-02-29T18:46:02.780+0530] {processor.py:830} INFO - Processing file /home/arun/.local/lib/python3.10/site-packages/airflow/example_dags/example_branch_day_of_week_operator.py for tasks to queue
[2024-02-29T18:46:02.781+0530] {logging_mixin.py:188} INFO - [2024-02-29T18:46:02.780+0530] {dagbag.py:538} INFO - Filling up the DagBag from /home/arun/.local/lib/python3.10/site-packages/airflow/example_dags/example_branch_day_of_week_operator.py
[2024-02-29T18:46:02.790+0530] {processor.py:840} INFO - DAG(s) 'example_weekday_branch_operator' retrieved from /home/arun/.local/lib/python3.10/site-packages/airflow/example_dags/example_branch_day_of_week_operator.py
[2024-02-29T18:46:02.811+0530] {logging_mixin.py:188} INFO - [2024-02-29T18:46:02.811+0530] {dag.py:3036} INFO - Sync 1 DAGs
[2024-02-29T18:46:02.847+0530] {logging_mixin.py:188} INFO - [2024-02-29T18:46:02.847+0530] {dag.py:3823} INFO - Setting next_dagrun for example_weekday_branch_operator to 2024-02-28 00:00:00+00:00, run_after=2024-02-29 00:00:00+00:00
[2024-02-29T18:46:02.885+0530] {processor.py:183} INFO - Processing /home/arun/.local/lib/python3.10/site-packages/airflow/example_dags/example_branch_day_of_week_operator.py took 0.145 seconds
[2024-02-29T18:46:57.477+0530] {processor.py:161} INFO - Started process (PID=8175) to work on /home/arun/.local/lib/python3.10/site-packages/airflow/example_dags/example_branch_day_of_week_operator.py
[2024-02-29T18:46:57.478+0530] {processor.py:830} INFO - Processing file /home/arun/.local/lib/python3.10/site-packages/airflow/example_dags/example_branch_day_of_week_operator.py for tasks to queue
[2024-02-29T18:46:57.479+0530] {logging_mixin.py:188} INFO - [2024-02-29T18:46:57.479+0530] {dagbag.py:538} INFO - Filling up the DagBag from /home/arun/.local/lib/python3.10/site-packages/airflow/example_dags/example_branch_day_of_week_operator.py
[2024-02-29T18:46:57.487+0530] {processor.py:840} INFO - DAG(s) 'example_weekday_branch_operator' retrieved from /home/arun/.local/lib/python3.10/site-packages/airflow/example_dags/example_branch_day_of_week_operator.py
[2024-02-29T18:46:57.506+0530] {logging_mixin.py:188} INFO - [2024-02-29T18:46:57.505+0530] {dag.py:3036} INFO - Sync 1 DAGs
[2024-02-29T18:46:57.533+0530] {logging_mixin.py:188} INFO - [2024-02-29T18:46:57.532+0530] {dag.py:3823} INFO - Setting next_dagrun for example_weekday_branch_operator to 2024-02-28 00:00:00+00:00, run_after=2024-02-29 00:00:00+00:00
[2024-02-29T18:46:57.572+0530] {processor.py:183} INFO - Processing /home/arun/.local/lib/python3.10/site-packages/airflow/example_dags/example_branch_day_of_week_operator.py took 0.098 seconds
[2024-02-29T18:48:14.103+0530] {processor.py:161} INFO - Started process (PID=8297) to work on /home/arun/.local/lib/python3.10/site-packages/airflow/example_dags/example_branch_day_of_week_operator.py
[2024-02-29T18:48:14.104+0530] {processor.py:830} INFO - Processing file /home/arun/.local/lib/python3.10/site-packages/airflow/example_dags/example_branch_day_of_week_operator.py for tasks to queue
[2024-02-29T18:48:14.105+0530] {logging_mixin.py:188} INFO - [2024-02-29T18:48:14.105+0530] {dagbag.py:538} INFO - Filling up the DagBag from /home/arun/.local/lib/python3.10/site-packages/airflow/example_dags/example_branch_day_of_week_operator.py
[2024-02-29T18:48:14.114+0530] {processor.py:840} INFO - DAG(s) 'example_weekday_branch_operator' retrieved from /home/arun/.local/lib/python3.10/site-packages/airflow/example_dags/example_branch_day_of_week_operator.py
[2024-02-29T18:48:14.133+0530] {logging_mixin.py:188} INFO - [2024-02-29T18:48:14.133+0530] {dag.py:3036} INFO - Sync 1 DAGs
[2024-02-29T18:48:14.158+0530] {logging_mixin.py:188} INFO - [2024-02-29T18:48:14.157+0530] {dag.py:3823} INFO - Setting next_dagrun for example_weekday_branch_operator to 2024-02-28 00:00:00+00:00, run_after=2024-02-29 00:00:00+00:00
[2024-02-29T18:48:14.196+0530] {processor.py:183} INFO - Processing /home/arun/.local/lib/python3.10/site-packages/airflow/example_dags/example_branch_day_of_week_operator.py took 0.097 seconds
[2024-02-29T18:49:21.710+0530] {processor.py:161} INFO - Started process (PID=8411) to work on /home/arun/.local/lib/python3.10/site-packages/airflow/example_dags/example_branch_day_of_week_operator.py
[2024-02-29T18:49:21.752+0530] {processor.py:830} INFO - Processing file /home/arun/.local/lib/python3.10/site-packages/airflow/example_dags/example_branch_day_of_week_operator.py for tasks to queue
[2024-02-29T18:49:21.754+0530] {logging_mixin.py:188} INFO - [2024-02-29T18:49:21.753+0530] {dagbag.py:538} INFO - Filling up the DagBag from /home/arun/.local/lib/python3.10/site-packages/airflow/example_dags/example_branch_day_of_week_operator.py
[2024-02-29T18:49:21.768+0530] {processor.py:840} INFO - DAG(s) 'example_weekday_branch_operator' retrieved from /home/arun/.local/lib/python3.10/site-packages/airflow/example_dags/example_branch_day_of_week_operator.py
[2024-02-29T18:49:21.795+0530] {logging_mixin.py:188} INFO - [2024-02-29T18:49:21.794+0530] {dag.py:3036} INFO - Sync 1 DAGs
[2024-02-29T18:49:21.827+0530] {logging_mixin.py:188} INFO - [2024-02-29T18:49:21.827+0530] {dag.py:3823} INFO - Setting next_dagrun for example_weekday_branch_operator to 2024-02-28 00:00:00+00:00, run_after=2024-02-29 00:00:00+00:00
[2024-02-29T18:49:21.868+0530] {processor.py:183} INFO - Processing /home/arun/.local/lib/python3.10/site-packages/airflow/example_dags/example_branch_day_of_week_operator.py took 0.163 seconds
[2024-02-29T18:50:33.321+0530] {processor.py:161} INFO - Started process (PID=8529) to work on /home/arun/.local/lib/python3.10/site-packages/airflow/example_dags/example_branch_day_of_week_operator.py
[2024-02-29T18:50:33.363+0530] {processor.py:830} INFO - Processing file /home/arun/.local/lib/python3.10/site-packages/airflow/example_dags/example_branch_day_of_week_operator.py for tasks to queue
[2024-02-29T18:50:33.364+0530] {logging_mixin.py:188} INFO - [2024-02-29T18:50:33.364+0530] {dagbag.py:538} INFO - Filling up the DagBag from /home/arun/.local/lib/python3.10/site-packages/airflow/example_dags/example_branch_day_of_week_operator.py
[2024-02-29T18:50:33.373+0530] {processor.py:840} INFO - DAG(s) 'example_weekday_branch_operator' retrieved from /home/arun/.local/lib/python3.10/site-packages/airflow/example_dags/example_branch_day_of_week_operator.py
[2024-02-29T18:50:33.395+0530] {logging_mixin.py:188} INFO - [2024-02-29T18:50:33.394+0530] {dag.py:3036} INFO - Sync 1 DAGs
[2024-02-29T18:50:33.428+0530] {logging_mixin.py:188} INFO - [2024-02-29T18:50:33.428+0530] {dag.py:3823} INFO - Setting next_dagrun for example_weekday_branch_operator to 2024-02-28 00:00:00+00:00, run_after=2024-02-29 00:00:00+00:00
[2024-02-29T18:50:33.467+0530] {processor.py:183} INFO - Processing /home/arun/.local/lib/python3.10/site-packages/airflow/example_dags/example_branch_day_of_week_operator.py took 0.149 seconds
[2024-02-29T18:51:53.409+0530] {processor.py:161} INFO - Started process (PID=8750) to work on /home/arun/.local/lib/python3.10/site-packages/airflow/example_dags/example_branch_day_of_week_operator.py
[2024-02-29T18:51:53.440+0530] {processor.py:830} INFO - Processing file /home/arun/.local/lib/python3.10/site-packages/airflow/example_dags/example_branch_day_of_week_operator.py for tasks to queue
[2024-02-29T18:51:53.441+0530] {logging_mixin.py:188} INFO - [2024-02-29T18:51:53.440+0530] {dagbag.py:538} INFO - Filling up the DagBag from /home/arun/.local/lib/python3.10/site-packages/airflow/example_dags/example_branch_day_of_week_operator.py
[2024-02-29T18:51:53.449+0530] {processor.py:840} INFO - DAG(s) 'example_weekday_branch_operator' retrieved from /home/arun/.local/lib/python3.10/site-packages/airflow/example_dags/example_branch_day_of_week_operator.py
[2024-02-29T18:51:53.468+0530] {logging_mixin.py:188} INFO - [2024-02-29T18:51:53.467+0530] {dag.py:3036} INFO - Sync 1 DAGs
[2024-02-29T18:51:53.493+0530] {logging_mixin.py:188} INFO - [2024-02-29T18:51:53.492+0530] {dag.py:3823} INFO - Setting next_dagrun for example_weekday_branch_operator to 2024-02-28 00:00:00+00:00, run_after=2024-02-29 00:00:00+00:00
[2024-02-29T18:51:53.523+0530] {processor.py:183} INFO - Processing /home/arun/.local/lib/python3.10/site-packages/airflow/example_dags/example_branch_day_of_week_operator.py took 0.117 seconds
[2024-02-29T18:53:12.665+0530] {processor.py:161} INFO - Started process (PID=8871) to work on /home/arun/.local/lib/python3.10/site-packages/airflow/example_dags/example_branch_day_of_week_operator.py
[2024-02-29T18:53:12.701+0530] {processor.py:830} INFO - Processing file /home/arun/.local/lib/python3.10/site-packages/airflow/example_dags/example_branch_day_of_week_operator.py for tasks to queue
[2024-02-29T18:53:12.702+0530] {logging_mixin.py:188} INFO - [2024-02-29T18:53:12.701+0530] {dagbag.py:538} INFO - Filling up the DagBag from /home/arun/.local/lib/python3.10/site-packages/airflow/example_dags/example_branch_day_of_week_operator.py
[2024-02-29T18:53:12.715+0530] {processor.py:840} INFO - DAG(s) 'example_weekday_branch_operator' retrieved from /home/arun/.local/lib/python3.10/site-packages/airflow/example_dags/example_branch_day_of_week_operator.py
[2024-02-29T18:53:12.739+0530] {logging_mixin.py:188} INFO - [2024-02-29T18:53:12.739+0530] {dag.py:3036} INFO - Sync 1 DAGs
[2024-02-29T18:53:12.772+0530] {logging_mixin.py:188} INFO - [2024-02-29T18:53:12.771+0530] {dag.py:3823} INFO - Setting next_dagrun for example_weekday_branch_operator to 2024-02-28 00:00:00+00:00, run_after=2024-02-29 00:00:00+00:00
[2024-02-29T18:53:12.807+0530] {processor.py:183} INFO - Processing /home/arun/.local/lib/python3.10/site-packages/airflow/example_dags/example_branch_day_of_week_operator.py took 0.146 seconds
[2024-02-29T18:54:30.834+0530] {processor.py:161} INFO - Started process (PID=9186) to work on /home/arun/.local/lib/python3.10/site-packages/airflow/example_dags/example_branch_day_of_week_operator.py
[2024-02-29T18:54:30.868+0530] {processor.py:830} INFO - Processing file /home/arun/.local/lib/python3.10/site-packages/airflow/example_dags/example_branch_day_of_week_operator.py for tasks to queue
[2024-02-29T18:54:30.869+0530] {logging_mixin.py:188} INFO - [2024-02-29T18:54:30.869+0530] {dagbag.py:538} INFO - Filling up the DagBag from /home/arun/.local/lib/python3.10/site-packages/airflow/example_dags/example_branch_day_of_week_operator.py
[2024-02-29T18:54:30.881+0530] {processor.py:840} INFO - DAG(s) 'example_weekday_branch_operator' retrieved from /home/arun/.local/lib/python3.10/site-packages/airflow/example_dags/example_branch_day_of_week_operator.py
[2024-02-29T18:54:30.906+0530] {logging_mixin.py:188} INFO - [2024-02-29T18:54:30.905+0530] {dag.py:3036} INFO - Sync 1 DAGs
[2024-02-29T18:54:30.933+0530] {logging_mixin.py:188} INFO - [2024-02-29T18:54:30.933+0530] {dag.py:3823} INFO - Setting next_dagrun for example_weekday_branch_operator to 2024-02-28 00:00:00+00:00, run_after=2024-02-29 00:00:00+00:00
[2024-02-29T18:54:30.968+0530] {processor.py:183} INFO - Processing /home/arun/.local/lib/python3.10/site-packages/airflow/example_dags/example_branch_day_of_week_operator.py took 0.139 seconds
[2024-02-29T18:55:50.724+0530] {processor.py:161} INFO - Started process (PID=9369) to work on /home/arun/.local/lib/python3.10/site-packages/airflow/example_dags/example_branch_day_of_week_operator.py
[2024-02-29T18:55:50.764+0530] {processor.py:830} INFO - Processing file /home/arun/.local/lib/python3.10/site-packages/airflow/example_dags/example_branch_day_of_week_operator.py for tasks to queue
[2024-02-29T18:55:50.765+0530] {logging_mixin.py:188} INFO - [2024-02-29T18:55:50.765+0530] {dagbag.py:538} INFO - Filling up the DagBag from /home/arun/.local/lib/python3.10/site-packages/airflow/example_dags/example_branch_day_of_week_operator.py
[2024-02-29T18:55:50.775+0530] {processor.py:840} INFO - DAG(s) 'example_weekday_branch_operator' retrieved from /home/arun/.local/lib/python3.10/site-packages/airflow/example_dags/example_branch_day_of_week_operator.py
[2024-02-29T18:55:50.802+0530] {logging_mixin.py:188} INFO - [2024-02-29T18:55:50.802+0530] {dag.py:3036} INFO - Sync 1 DAGs
[2024-02-29T18:55:50.855+0530] {logging_mixin.py:188} INFO - [2024-02-29T18:55:50.855+0530] {dag.py:3823} INFO - Setting next_dagrun for example_weekday_branch_operator to 2024-02-28 00:00:00+00:00, run_after=2024-02-29 00:00:00+00:00
[2024-02-29T18:55:50.961+0530] {processor.py:183} INFO - Processing /home/arun/.local/lib/python3.10/site-packages/airflow/example_dags/example_branch_day_of_week_operator.py took 0.240 seconds
[2024-02-29T18:56:51.620+0530] {processor.py:161} INFO - Started process (PID=9485) to work on /home/arun/.local/lib/python3.10/site-packages/airflow/example_dags/example_branch_day_of_week_operator.py
[2024-02-29T18:56:51.622+0530] {processor.py:830} INFO - Processing file /home/arun/.local/lib/python3.10/site-packages/airflow/example_dags/example_branch_day_of_week_operator.py for tasks to queue
[2024-02-29T18:56:51.623+0530] {logging_mixin.py:188} INFO - [2024-02-29T18:56:51.623+0530] {dagbag.py:538} INFO - Filling up the DagBag from /home/arun/.local/lib/python3.10/site-packages/airflow/example_dags/example_branch_day_of_week_operator.py
[2024-02-29T18:56:51.632+0530] {processor.py:840} INFO - DAG(s) 'example_weekday_branch_operator' retrieved from /home/arun/.local/lib/python3.10/site-packages/airflow/example_dags/example_branch_day_of_week_operator.py
[2024-02-29T18:56:51.652+0530] {logging_mixin.py:188} INFO - [2024-02-29T18:56:51.651+0530] {dag.py:3036} INFO - Sync 1 DAGs
[2024-02-29T18:56:51.680+0530] {logging_mixin.py:188} INFO - [2024-02-29T18:56:51.680+0530] {dag.py:3823} INFO - Setting next_dagrun for example_weekday_branch_operator to 2024-02-28 00:00:00+00:00, run_after=2024-02-29 00:00:00+00:00
[2024-02-29T18:56:51.800+0530] {processor.py:183} INFO - Processing /home/arun/.local/lib/python3.10/site-packages/airflow/example_dags/example_branch_day_of_week_operator.py took 0.183 seconds
[2024-02-29T18:58:13.406+0530] {processor.py:161} INFO - Started process (PID=9626) to work on /home/arun/.local/lib/python3.10/site-packages/airflow/example_dags/example_branch_day_of_week_operator.py
[2024-02-29T18:58:13.440+0530] {processor.py:830} INFO - Processing file /home/arun/.local/lib/python3.10/site-packages/airflow/example_dags/example_branch_day_of_week_operator.py for tasks to queue
[2024-02-29T18:58:13.440+0530] {logging_mixin.py:188} INFO - [2024-02-29T18:58:13.440+0530] {dagbag.py:538} INFO - Filling up the DagBag from /home/arun/.local/lib/python3.10/site-packages/airflow/example_dags/example_branch_day_of_week_operator.py
[2024-02-29T18:58:13.449+0530] {processor.py:840} INFO - DAG(s) 'example_weekday_branch_operator' retrieved from /home/arun/.local/lib/python3.10/site-packages/airflow/example_dags/example_branch_day_of_week_operator.py
[2024-02-29T18:58:13.467+0530] {logging_mixin.py:188} INFO - [2024-02-29T18:58:13.467+0530] {dag.py:3036} INFO - Sync 1 DAGs
[2024-02-29T18:58:13.494+0530] {logging_mixin.py:188} INFO - [2024-02-29T18:58:13.494+0530] {dag.py:3823} INFO - Setting next_dagrun for example_weekday_branch_operator to 2024-02-28 00:00:00+00:00, run_after=2024-02-29 00:00:00+00:00
[2024-02-29T18:58:13.535+0530] {processor.py:183} INFO - Processing /home/arun/.local/lib/python3.10/site-packages/airflow/example_dags/example_branch_day_of_week_operator.py took 0.132 seconds
[2024-02-29T18:59:14.615+0530] {processor.py:161} INFO - Started process (PID=9734) to work on /home/arun/.local/lib/python3.10/site-packages/airflow/example_dags/example_branch_day_of_week_operator.py
[2024-02-29T18:59:14.645+0530] {processor.py:830} INFO - Processing file /home/arun/.local/lib/python3.10/site-packages/airflow/example_dags/example_branch_day_of_week_operator.py for tasks to queue
[2024-02-29T18:59:14.646+0530] {logging_mixin.py:188} INFO - [2024-02-29T18:59:14.646+0530] {dagbag.py:538} INFO - Filling up the DagBag from /home/arun/.local/lib/python3.10/site-packages/airflow/example_dags/example_branch_day_of_week_operator.py
[2024-02-29T18:59:14.654+0530] {processor.py:840} INFO - DAG(s) 'example_weekday_branch_operator' retrieved from /home/arun/.local/lib/python3.10/site-packages/airflow/example_dags/example_branch_day_of_week_operator.py
[2024-02-29T18:59:14.668+0530] {logging_mixin.py:188} INFO - [2024-02-29T18:59:14.668+0530] {dag.py:3036} INFO - Sync 1 DAGs
[2024-02-29T18:59:14.687+0530] {logging_mixin.py:188} INFO - [2024-02-29T18:59:14.686+0530] {dag.py:3823} INFO - Setting next_dagrun for example_weekday_branch_operator to 2024-02-28 00:00:00+00:00, run_after=2024-02-29 00:00:00+00:00
[2024-02-29T18:59:14.714+0530] {processor.py:183} INFO - Processing /home/arun/.local/lib/python3.10/site-packages/airflow/example_dags/example_branch_day_of_week_operator.py took 0.102 seconds
[2024-02-29T19:00:09.205+0530] {processor.py:161} INFO - Started process (PID=9834) to work on /home/arun/.local/lib/python3.10/site-packages/airflow/example_dags/example_branch_day_of_week_operator.py
[2024-02-29T19:00:09.243+0530] {processor.py:830} INFO - Processing file /home/arun/.local/lib/python3.10/site-packages/airflow/example_dags/example_branch_day_of_week_operator.py for tasks to queue
[2024-02-29T19:00:09.244+0530] {logging_mixin.py:188} INFO - [2024-02-29T19:00:09.243+0530] {dagbag.py:538} INFO - Filling up the DagBag from /home/arun/.local/lib/python3.10/site-packages/airflow/example_dags/example_branch_day_of_week_operator.py
[2024-02-29T19:00:09.252+0530] {processor.py:840} INFO - DAG(s) 'example_weekday_branch_operator' retrieved from /home/arun/.local/lib/python3.10/site-packages/airflow/example_dags/example_branch_day_of_week_operator.py
[2024-02-29T19:00:09.272+0530] {logging_mixin.py:188} INFO - [2024-02-29T19:00:09.272+0530] {dag.py:3036} INFO - Sync 1 DAGs
[2024-02-29T19:00:09.299+0530] {logging_mixin.py:188} INFO - [2024-02-29T19:00:09.299+0530] {dag.py:3823} INFO - Setting next_dagrun for example_weekday_branch_operator to 2024-02-28 00:00:00+00:00, run_after=2024-02-29 00:00:00+00:00
[2024-02-29T19:00:09.341+0530] {processor.py:183} INFO - Processing /home/arun/.local/lib/python3.10/site-packages/airflow/example_dags/example_branch_day_of_week_operator.py took 0.145 seconds
[2024-02-29T19:01:25.958+0530] {processor.py:161} INFO - Started process (PID=9959) to work on /home/arun/.local/lib/python3.10/site-packages/airflow/example_dags/example_branch_day_of_week_operator.py
[2024-02-29T19:01:25.961+0530] {processor.py:830} INFO - Processing file /home/arun/.local/lib/python3.10/site-packages/airflow/example_dags/example_branch_day_of_week_operator.py for tasks to queue
[2024-02-29T19:01:25.962+0530] {logging_mixin.py:188} INFO - [2024-02-29T19:01:25.961+0530] {dagbag.py:538} INFO - Filling up the DagBag from /home/arun/.local/lib/python3.10/site-packages/airflow/example_dags/example_branch_day_of_week_operator.py
[2024-02-29T19:01:25.986+0530] {processor.py:840} INFO - DAG(s) 'example_weekday_branch_operator' retrieved from /home/arun/.local/lib/python3.10/site-packages/airflow/example_dags/example_branch_day_of_week_operator.py
[2024-02-29T19:01:26.018+0530] {logging_mixin.py:188} INFO - [2024-02-29T19:01:26.017+0530] {dag.py:3036} INFO - Sync 1 DAGs
[2024-02-29T19:01:26.056+0530] {logging_mixin.py:188} INFO - [2024-02-29T19:01:26.056+0530] {dag.py:3823} INFO - Setting next_dagrun for example_weekday_branch_operator to 2024-02-28 00:00:00+00:00, run_after=2024-02-29 00:00:00+00:00
[2024-02-29T19:01:26.098+0530] {processor.py:183} INFO - Processing /home/arun/.local/lib/python3.10/site-packages/airflow/example_dags/example_branch_day_of_week_operator.py took 0.145 seconds
[2024-02-29T19:02:44.799+0530] {processor.py:161} INFO - Started process (PID=10087) to work on /home/arun/.local/lib/python3.10/site-packages/airflow/example_dags/example_branch_day_of_week_operator.py
[2024-02-29T19:02:44.800+0530] {processor.py:830} INFO - Processing file /home/arun/.local/lib/python3.10/site-packages/airflow/example_dags/example_branch_day_of_week_operator.py for tasks to queue
[2024-02-29T19:02:44.801+0530] {logging_mixin.py:188} INFO - [2024-02-29T19:02:44.801+0530] {dagbag.py:538} INFO - Filling up the DagBag from /home/arun/.local/lib/python3.10/site-packages/airflow/example_dags/example_branch_day_of_week_operator.py
[2024-02-29T19:02:44.809+0530] {processor.py:840} INFO - DAG(s) 'example_weekday_branch_operator' retrieved from /home/arun/.local/lib/python3.10/site-packages/airflow/example_dags/example_branch_day_of_week_operator.py
[2024-02-29T19:02:44.826+0530] {logging_mixin.py:188} INFO - [2024-02-29T19:02:44.826+0530] {dag.py:3036} INFO - Sync 1 DAGs
[2024-02-29T19:02:44.847+0530] {logging_mixin.py:188} INFO - [2024-02-29T19:02:44.847+0530] {dag.py:3823} INFO - Setting next_dagrun for example_weekday_branch_operator to 2024-02-28 00:00:00+00:00, run_after=2024-02-29 00:00:00+00:00
[2024-02-29T19:02:44.875+0530] {processor.py:183} INFO - Processing /home/arun/.local/lib/python3.10/site-packages/airflow/example_dags/example_branch_day_of_week_operator.py took 0.080 seconds
[2024-02-29T19:03:56.571+0530] {processor.py:161} INFO - Started process (PID=10202) to work on /home/arun/.local/lib/python3.10/site-packages/airflow/example_dags/example_branch_day_of_week_operator.py
[2024-02-29T19:03:56.576+0530] {processor.py:830} INFO - Processing file /home/arun/.local/lib/python3.10/site-packages/airflow/example_dags/example_branch_day_of_week_operator.py for tasks to queue
[2024-02-29T19:03:56.578+0530] {logging_mixin.py:188} INFO - [2024-02-29T19:03:56.578+0530] {dagbag.py:538} INFO - Filling up the DagBag from /home/arun/.local/lib/python3.10/site-packages/airflow/example_dags/example_branch_day_of_week_operator.py
[2024-02-29T19:03:56.607+0530] {processor.py:840} INFO - DAG(s) 'example_weekday_branch_operator' retrieved from /home/arun/.local/lib/python3.10/site-packages/airflow/example_dags/example_branch_day_of_week_operator.py
[2024-02-29T19:03:56.642+0530] {logging_mixin.py:188} INFO - [2024-02-29T19:03:56.642+0530] {dag.py:3036} INFO - Sync 1 DAGs
[2024-02-29T19:03:56.676+0530] {logging_mixin.py:188} INFO - [2024-02-29T19:03:56.676+0530] {dag.py:3823} INFO - Setting next_dagrun for example_weekday_branch_operator to 2024-02-28 00:00:00+00:00, run_after=2024-02-29 00:00:00+00:00
[2024-02-29T19:03:56.714+0530] {processor.py:183} INFO - Processing /home/arun/.local/lib/python3.10/site-packages/airflow/example_dags/example_branch_day_of_week_operator.py took 0.148 seconds
[2024-02-29T19:05:13.621+0530] {processor.py:161} INFO - Started process (PID=10350) to work on /home/arun/.local/lib/python3.10/site-packages/airflow/example_dags/example_branch_day_of_week_operator.py
[2024-02-29T19:05:13.630+0530] {processor.py:830} INFO - Processing file /home/arun/.local/lib/python3.10/site-packages/airflow/example_dags/example_branch_day_of_week_operator.py for tasks to queue
[2024-02-29T19:05:13.633+0530] {logging_mixin.py:188} INFO - [2024-02-29T19:05:13.632+0530] {dagbag.py:538} INFO - Filling up the DagBag from /home/arun/.local/lib/python3.10/site-packages/airflow/example_dags/example_branch_day_of_week_operator.py
[2024-02-29T19:05:13.659+0530] {processor.py:840} INFO - DAG(s) 'example_weekday_branch_operator' retrieved from /home/arun/.local/lib/python3.10/site-packages/airflow/example_dags/example_branch_day_of_week_operator.py
[2024-02-29T19:05:13.799+0530] {logging_mixin.py:188} INFO - [2024-02-29T19:05:13.799+0530] {dag.py:3036} INFO - Sync 1 DAGs
[2024-02-29T19:05:13.928+0530] {logging_mixin.py:188} INFO - [2024-02-29T19:05:13.927+0530] {dag.py:3823} INFO - Setting next_dagrun for example_weekday_branch_operator to 2024-02-28 00:00:00+00:00, run_after=2024-02-29 00:00:00+00:00
[2024-02-29T19:05:14.148+0530] {processor.py:183} INFO - Processing /home/arun/.local/lib/python3.10/site-packages/airflow/example_dags/example_branch_day_of_week_operator.py took 0.538 seconds
[2024-02-29T19:06:33.335+0530] {processor.py:161} INFO - Started process (PID=10661) to work on /home/arun/.local/lib/python3.10/site-packages/airflow/example_dags/example_branch_day_of_week_operator.py
[2024-02-29T19:06:33.392+0530] {processor.py:830} INFO - Processing file /home/arun/.local/lib/python3.10/site-packages/airflow/example_dags/example_branch_day_of_week_operator.py for tasks to queue
[2024-02-29T19:06:33.397+0530] {logging_mixin.py:188} INFO - [2024-02-29T19:06:33.395+0530] {dagbag.py:538} INFO - Filling up the DagBag from /home/arun/.local/lib/python3.10/site-packages/airflow/example_dags/example_branch_day_of_week_operator.py
[2024-02-29T19:06:33.454+0530] {processor.py:840} INFO - DAG(s) 'example_weekday_branch_operator' retrieved from /home/arun/.local/lib/python3.10/site-packages/airflow/example_dags/example_branch_day_of_week_operator.py
[2024-02-29T19:06:33.657+0530] {logging_mixin.py:188} INFO - [2024-02-29T19:06:33.656+0530] {dag.py:3036} INFO - Sync 1 DAGs
[2024-02-29T19:06:33.811+0530] {logging_mixin.py:188} INFO - [2024-02-29T19:06:33.810+0530] {dag.py:3823} INFO - Setting next_dagrun for example_weekday_branch_operator to 2024-02-28 00:00:00+00:00, run_after=2024-02-29 00:00:00+00:00
[2024-02-29T19:06:34.021+0530] {processor.py:183} INFO - Processing /home/arun/.local/lib/python3.10/site-packages/airflow/example_dags/example_branch_day_of_week_operator.py took 0.694 seconds
