[2024-02-29T18:15:49.608+0530] {processor.py:161} INFO - Started process (PID=5194) to work on /home/arun/.local/lib/python3.10/site-packages/airflow/example_dags/example_nested_branch_dag.py
[2024-02-29T18:15:49.610+0530] {processor.py:830} INFO - Processing file /home/arun/.local/lib/python3.10/site-packages/airflow/example_dags/example_nested_branch_dag.py for tasks to queue
[2024-02-29T18:15:49.616+0530] {logging_mixin.py:188} INFO - [2024-02-29T18:15:49.615+0530] {dagbag.py:538} INFO - Filling up the DagBag from /home/arun/.local/lib/python3.10/site-packages/airflow/example_dags/example_nested_branch_dag.py
[2024-02-29T18:15:49.651+0530] {processor.py:840} INFO - DAG(s) 'example_nested_branch_dag' retrieved from /home/arun/.local/lib/python3.10/site-packages/airflow/example_dags/example_nested_branch_dag.py
[2024-02-29T18:15:49.904+0530] {logging_mixin.py:188} INFO - [2024-02-29T18:15:49.903+0530] {dag.py:3036} INFO - Sync 1 DAGs
[2024-02-29T18:15:50.199+0530] {logging_mixin.py:188} INFO - [2024-02-29T18:15:50.198+0530] {dag.py:3823} INFO - Setting next_dagrun for example_nested_branch_dag to 2024-02-28 00:00:00+00:00, run_after=2024-02-29 00:00:00+00:00
[2024-02-29T18:15:50.316+0530] {processor.py:183} INFO - Processing /home/arun/.local/lib/python3.10/site-packages/airflow/example_dags/example_nested_branch_dag.py took 0.717 seconds
[2024-02-29T18:17:10.517+0530] {processor.py:161} INFO - Started process (PID=5256) to work on /home/arun/.local/lib/python3.10/site-packages/airflow/example_dags/example_nested_branch_dag.py
[2024-02-29T18:17:10.533+0530] {processor.py:830} INFO - Processing file /home/arun/.local/lib/python3.10/site-packages/airflow/example_dags/example_nested_branch_dag.py for tasks to queue
[2024-02-29T18:17:10.548+0530] {logging_mixin.py:188} INFO - [2024-02-29T18:17:10.545+0530] {dagbag.py:538} INFO - Filling up the DagBag from /home/arun/.local/lib/python3.10/site-packages/airflow/example_dags/example_nested_branch_dag.py
[2024-02-29T18:17:10.568+0530] {processor.py:840} INFO - DAG(s) 'example_nested_branch_dag' retrieved from /home/arun/.local/lib/python3.10/site-packages/airflow/example_dags/example_nested_branch_dag.py
[2024-02-29T18:17:10.612+0530] {logging_mixin.py:188} INFO - [2024-02-29T18:17:10.611+0530] {dag.py:3036} INFO - Sync 1 DAGs
[2024-02-29T18:17:10.669+0530] {logging_mixin.py:188} INFO - [2024-02-29T18:17:10.669+0530] {dag.py:3823} INFO - Setting next_dagrun for example_nested_branch_dag to 2024-02-28 00:00:00+00:00, run_after=2024-02-29 00:00:00+00:00
[2024-02-29T18:17:10.892+0530] {processor.py:183} INFO - Processing /home/arun/.local/lib/python3.10/site-packages/airflow/example_dags/example_nested_branch_dag.py took 0.382 seconds
[2024-02-29T18:18:47.342+0530] {processor.py:161} INFO - Started process (PID=5399) to work on /home/arun/.local/lib/python3.10/site-packages/airflow/example_dags/example_nested_branch_dag.py
[2024-02-29T18:18:47.349+0530] {processor.py:830} INFO - Processing file /home/arun/.local/lib/python3.10/site-packages/airflow/example_dags/example_nested_branch_dag.py for tasks to queue
[2024-02-29T18:18:47.351+0530] {logging_mixin.py:188} INFO - [2024-02-29T18:18:47.350+0530] {dagbag.py:538} INFO - Filling up the DagBag from /home/arun/.local/lib/python3.10/site-packages/airflow/example_dags/example_nested_branch_dag.py
[2024-02-29T18:18:47.368+0530] {processor.py:840} INFO - DAG(s) 'example_nested_branch_dag' retrieved from /home/arun/.local/lib/python3.10/site-packages/airflow/example_dags/example_nested_branch_dag.py
[2024-02-29T18:18:47.393+0530] {logging_mixin.py:188} INFO - [2024-02-29T18:18:47.393+0530] {dag.py:3036} INFO - Sync 1 DAGs
[2024-02-29T18:18:47.422+0530] {logging_mixin.py:188} INFO - [2024-02-29T18:18:47.422+0530] {dag.py:3823} INFO - Setting next_dagrun for example_nested_branch_dag to 2024-02-28 00:00:00+00:00, run_after=2024-02-29 00:00:00+00:00
[2024-02-29T18:18:47.481+0530] {processor.py:183} INFO - Processing /home/arun/.local/lib/python3.10/site-packages/airflow/example_dags/example_nested_branch_dag.py took 0.147 seconds
[2024-02-29T18:20:51.507+0530] {processor.py:161} INFO - Started process (PID=5496) to work on /home/arun/.local/lib/python3.10/site-packages/airflow/example_dags/example_nested_branch_dag.py
[2024-02-29T18:20:51.512+0530] {processor.py:830} INFO - Processing file /home/arun/.local/lib/python3.10/site-packages/airflow/example_dags/example_nested_branch_dag.py for tasks to queue
[2024-02-29T18:20:51.513+0530] {logging_mixin.py:188} INFO - [2024-02-29T18:20:51.512+0530] {dagbag.py:538} INFO - Filling up the DagBag from /home/arun/.local/lib/python3.10/site-packages/airflow/example_dags/example_nested_branch_dag.py
[2024-02-29T18:20:51.524+0530] {processor.py:840} INFO - DAG(s) 'example_nested_branch_dag' retrieved from /home/arun/.local/lib/python3.10/site-packages/airflow/example_dags/example_nested_branch_dag.py
[2024-02-29T18:20:51.542+0530] {logging_mixin.py:188} INFO - [2024-02-29T18:20:51.542+0530] {dag.py:3036} INFO - Sync 1 DAGs
[2024-02-29T18:20:51.567+0530] {logging_mixin.py:188} INFO - [2024-02-29T18:20:51.566+0530] {dag.py:3823} INFO - Setting next_dagrun for example_nested_branch_dag to 2024-02-28 00:00:00+00:00, run_after=2024-02-29 00:00:00+00:00
[2024-02-29T18:20:51.603+0530] {processor.py:183} INFO - Processing /home/arun/.local/lib/python3.10/site-packages/airflow/example_dags/example_nested_branch_dag.py took 0.099 seconds
[2024-02-29T18:21:55.063+0530] {processor.py:161} INFO - Started process (PID=5647) to work on /home/arun/.local/lib/python3.10/site-packages/airflow/example_dags/example_nested_branch_dag.py
[2024-02-29T18:21:55.065+0530] {processor.py:830} INFO - Processing file /home/arun/.local/lib/python3.10/site-packages/airflow/example_dags/example_nested_branch_dag.py for tasks to queue
[2024-02-29T18:21:55.066+0530] {logging_mixin.py:188} INFO - [2024-02-29T18:21:55.066+0530] {dagbag.py:538} INFO - Filling up the DagBag from /home/arun/.local/lib/python3.10/site-packages/airflow/example_dags/example_nested_branch_dag.py
[2024-02-29T18:21:55.080+0530] {processor.py:840} INFO - DAG(s) 'example_nested_branch_dag' retrieved from /home/arun/.local/lib/python3.10/site-packages/airflow/example_dags/example_nested_branch_dag.py
[2024-02-29T18:21:55.101+0530] {logging_mixin.py:188} INFO - [2024-02-29T18:21:55.101+0530] {dag.py:3036} INFO - Sync 1 DAGs
[2024-02-29T18:21:55.126+0530] {logging_mixin.py:188} INFO - [2024-02-29T18:21:55.126+0530] {dag.py:3823} INFO - Setting next_dagrun for example_nested_branch_dag to 2024-02-28 00:00:00+00:00, run_after=2024-02-29 00:00:00+00:00
[2024-02-29T18:21:55.158+0530] {processor.py:183} INFO - Processing /home/arun/.local/lib/python3.10/site-packages/airflow/example_dags/example_nested_branch_dag.py took 0.099 seconds
[2024-02-29T18:22:51.242+0530] {processor.py:161} INFO - Started process (PID=5729) to work on /home/arun/.local/lib/python3.10/site-packages/airflow/example_dags/example_nested_branch_dag.py
[2024-02-29T18:22:51.243+0530] {processor.py:830} INFO - Processing file /home/arun/.local/lib/python3.10/site-packages/airflow/example_dags/example_nested_branch_dag.py for tasks to queue
[2024-02-29T18:22:51.244+0530] {logging_mixin.py:188} INFO - [2024-02-29T18:22:51.244+0530] {dagbag.py:538} INFO - Filling up the DagBag from /home/arun/.local/lib/python3.10/site-packages/airflow/example_dags/example_nested_branch_dag.py
[2024-02-29T18:22:51.259+0530] {processor.py:840} INFO - DAG(s) 'example_nested_branch_dag' retrieved from /home/arun/.local/lib/python3.10/site-packages/airflow/example_dags/example_nested_branch_dag.py
[2024-02-29T18:22:51.288+0530] {logging_mixin.py:188} INFO - [2024-02-29T18:22:51.288+0530] {dag.py:3036} INFO - Sync 1 DAGs
[2024-02-29T18:22:51.331+0530] {logging_mixin.py:188} INFO - [2024-02-29T18:22:51.331+0530] {dag.py:3823} INFO - Setting next_dagrun for example_nested_branch_dag to 2024-02-28 00:00:00+00:00, run_after=2024-02-29 00:00:00+00:00
[2024-02-29T18:22:51.375+0530] {processor.py:183} INFO - Processing /home/arun/.local/lib/python3.10/site-packages/airflow/example_dags/example_nested_branch_dag.py took 0.137 seconds
[2024-02-29T18:23:46.746+0530] {processor.py:161} INFO - Started process (PID=5829) to work on /home/arun/.local/lib/python3.10/site-packages/airflow/example_dags/example_nested_branch_dag.py
[2024-02-29T18:23:46.751+0530] {processor.py:830} INFO - Processing file /home/arun/.local/lib/python3.10/site-packages/airflow/example_dags/example_nested_branch_dag.py for tasks to queue
[2024-02-29T18:23:46.752+0530] {logging_mixin.py:188} INFO - [2024-02-29T18:23:46.752+0530] {dagbag.py:538} INFO - Filling up the DagBag from /home/arun/.local/lib/python3.10/site-packages/airflow/example_dags/example_nested_branch_dag.py
[2024-02-29T18:23:46.769+0530] {processor.py:840} INFO - DAG(s) 'example_nested_branch_dag' retrieved from /home/arun/.local/lib/python3.10/site-packages/airflow/example_dags/example_nested_branch_dag.py
[2024-02-29T18:23:46.793+0530] {logging_mixin.py:188} INFO - [2024-02-29T18:23:46.792+0530] {dag.py:3036} INFO - Sync 1 DAGs
[2024-02-29T18:23:46.814+0530] {logging_mixin.py:188} INFO - [2024-02-29T18:23:46.814+0530] {dag.py:3823} INFO - Setting next_dagrun for example_nested_branch_dag to 2024-02-28 00:00:00+00:00, run_after=2024-02-29 00:00:00+00:00
[2024-02-29T18:23:46.882+0530] {processor.py:183} INFO - Processing /home/arun/.local/lib/python3.10/site-packages/airflow/example_dags/example_nested_branch_dag.py took 0.140 seconds
[2024-02-29T18:24:48.773+0530] {processor.py:161} INFO - Started process (PID=5936) to work on /home/arun/.local/lib/python3.10/site-packages/airflow/example_dags/example_nested_branch_dag.py
[2024-02-29T18:24:48.775+0530] {processor.py:830} INFO - Processing file /home/arun/.local/lib/python3.10/site-packages/airflow/example_dags/example_nested_branch_dag.py for tasks to queue
[2024-02-29T18:24:48.776+0530] {logging_mixin.py:188} INFO - [2024-02-29T18:24:48.776+0530] {dagbag.py:538} INFO - Filling up the DagBag from /home/arun/.local/lib/python3.10/site-packages/airflow/example_dags/example_nested_branch_dag.py
[2024-02-29T18:24:48.789+0530] {processor.py:840} INFO - DAG(s) 'example_nested_branch_dag' retrieved from /home/arun/.local/lib/python3.10/site-packages/airflow/example_dags/example_nested_branch_dag.py
[2024-02-29T18:24:48.814+0530] {logging_mixin.py:188} INFO - [2024-02-29T18:24:48.814+0530] {dag.py:3036} INFO - Sync 1 DAGs
[2024-02-29T18:24:48.850+0530] {logging_mixin.py:188} INFO - [2024-02-29T18:24:48.850+0530] {dag.py:3823} INFO - Setting next_dagrun for example_nested_branch_dag to 2024-02-28 00:00:00+00:00, run_after=2024-02-29 00:00:00+00:00
[2024-02-29T18:24:48.884+0530] {processor.py:183} INFO - Processing /home/arun/.local/lib/python3.10/site-packages/airflow/example_dags/example_nested_branch_dag.py took 0.114 seconds
[2024-02-29T18:25:40.039+0530] {processor.py:161} INFO - Started process (PID=6015) to work on /home/arun/.local/lib/python3.10/site-packages/airflow/example_dags/example_nested_branch_dag.py
[2024-02-29T18:25:40.058+0530] {processor.py:830} INFO - Processing file /home/arun/.local/lib/python3.10/site-packages/airflow/example_dags/example_nested_branch_dag.py for tasks to queue
[2024-02-29T18:25:40.059+0530] {logging_mixin.py:188} INFO - [2024-02-29T18:25:40.059+0530] {dagbag.py:538} INFO - Filling up the DagBag from /home/arun/.local/lib/python3.10/site-packages/airflow/example_dags/example_nested_branch_dag.py
[2024-02-29T18:25:40.084+0530] {processor.py:840} INFO - DAG(s) 'example_nested_branch_dag' retrieved from /home/arun/.local/lib/python3.10/site-packages/airflow/example_dags/example_nested_branch_dag.py
[2024-02-29T18:25:40.109+0530] {logging_mixin.py:188} INFO - [2024-02-29T18:25:40.109+0530] {dag.py:3036} INFO - Sync 1 DAGs
[2024-02-29T18:25:40.134+0530] {logging_mixin.py:188} INFO - [2024-02-29T18:25:40.133+0530] {dag.py:3823} INFO - Setting next_dagrun for example_nested_branch_dag to 2024-02-28 00:00:00+00:00, run_after=2024-02-29 00:00:00+00:00
[2024-02-29T18:25:40.163+0530] {processor.py:183} INFO - Processing /home/arun/.local/lib/python3.10/site-packages/airflow/example_dags/example_nested_branch_dag.py took 0.136 seconds
[2024-02-29T18:26:26.719+0530] {processor.py:161} INFO - Started process (PID=6088) to work on /home/arun/.local/lib/python3.10/site-packages/airflow/example_dags/example_nested_branch_dag.py
[2024-02-29T18:26:26.721+0530] {processor.py:830} INFO - Processing file /home/arun/.local/lib/python3.10/site-packages/airflow/example_dags/example_nested_branch_dag.py for tasks to queue
[2024-02-29T18:26:26.721+0530] {logging_mixin.py:188} INFO - [2024-02-29T18:26:26.721+0530] {dagbag.py:538} INFO - Filling up the DagBag from /home/arun/.local/lib/python3.10/site-packages/airflow/example_dags/example_nested_branch_dag.py
[2024-02-29T18:26:26.733+0530] {processor.py:840} INFO - DAG(s) 'example_nested_branch_dag' retrieved from /home/arun/.local/lib/python3.10/site-packages/airflow/example_dags/example_nested_branch_dag.py
[2024-02-29T18:26:26.753+0530] {logging_mixin.py:188} INFO - [2024-02-29T18:26:26.753+0530] {dag.py:3036} INFO - Sync 1 DAGs
[2024-02-29T18:26:26.777+0530] {logging_mixin.py:188} INFO - [2024-02-29T18:26:26.777+0530] {dag.py:3823} INFO - Setting next_dagrun for example_nested_branch_dag to 2024-02-28 00:00:00+00:00, run_after=2024-02-29 00:00:00+00:00
[2024-02-29T18:26:26.852+0530] {processor.py:183} INFO - Processing /home/arun/.local/lib/python3.10/site-packages/airflow/example_dags/example_nested_branch_dag.py took 0.136 seconds
[2024-02-29T18:27:23.878+0530] {processor.py:161} INFO - Started process (PID=6174) to work on /home/arun/.local/lib/python3.10/site-packages/airflow/example_dags/example_nested_branch_dag.py
[2024-02-29T18:27:23.894+0530] {processor.py:830} INFO - Processing file /home/arun/.local/lib/python3.10/site-packages/airflow/example_dags/example_nested_branch_dag.py for tasks to queue
[2024-02-29T18:27:23.929+0530] {logging_mixin.py:188} INFO - [2024-02-29T18:27:23.916+0530] {dagbag.py:538} INFO - Filling up the DagBag from /home/arun/.local/lib/python3.10/site-packages/airflow/example_dags/example_nested_branch_dag.py
[2024-02-29T18:27:23.964+0530] {processor.py:840} INFO - DAG(s) 'example_nested_branch_dag' retrieved from /home/arun/.local/lib/python3.10/site-packages/airflow/example_dags/example_nested_branch_dag.py
[2024-02-29T18:27:24.041+0530] {logging_mixin.py:188} INFO - [2024-02-29T18:27:24.040+0530] {dag.py:3036} INFO - Sync 1 DAGs
[2024-02-29T18:27:24.136+0530] {logging_mixin.py:188} INFO - [2024-02-29T18:27:24.135+0530] {dag.py:3823} INFO - Setting next_dagrun for example_nested_branch_dag to 2024-02-28 00:00:00+00:00, run_after=2024-02-29 00:00:00+00:00
[2024-02-29T18:27:24.201+0530] {processor.py:183} INFO - Processing /home/arun/.local/lib/python3.10/site-packages/airflow/example_dags/example_nested_branch_dag.py took 0.328 seconds
[2024-02-29T18:28:46.437+0530] {processor.py:161} INFO - Started process (PID=6325) to work on /home/arun/.local/lib/python3.10/site-packages/airflow/example_dags/example_nested_branch_dag.py
[2024-02-29T18:28:46.509+0530] {processor.py:830} INFO - Processing file /home/arun/.local/lib/python3.10/site-packages/airflow/example_dags/example_nested_branch_dag.py for tasks to queue
[2024-02-29T18:28:46.512+0530] {logging_mixin.py:188} INFO - [2024-02-29T18:28:46.511+0530] {dagbag.py:538} INFO - Filling up the DagBag from /home/arun/.local/lib/python3.10/site-packages/airflow/example_dags/example_nested_branch_dag.py
[2024-02-29T18:28:46.536+0530] {processor.py:840} INFO - DAG(s) 'example_nested_branch_dag' retrieved from /home/arun/.local/lib/python3.10/site-packages/airflow/example_dags/example_nested_branch_dag.py
[2024-02-29T18:28:46.568+0530] {logging_mixin.py:188} INFO - [2024-02-29T18:28:46.568+0530] {dag.py:3036} INFO - Sync 1 DAGs
[2024-02-29T18:28:46.601+0530] {logging_mixin.py:188} INFO - [2024-02-29T18:28:46.601+0530] {dag.py:3823} INFO - Setting next_dagrun for example_nested_branch_dag to 2024-02-28 00:00:00+00:00, run_after=2024-02-29 00:00:00+00:00
[2024-02-29T18:28:46.631+0530] {processor.py:183} INFO - Processing /home/arun/.local/lib/python3.10/site-packages/airflow/example_dags/example_nested_branch_dag.py took 0.199 seconds
[2024-02-29T18:29:48.088+0530] {processor.py:161} INFO - Started process (PID=6433) to work on /home/arun/.local/lib/python3.10/site-packages/airflow/example_dags/example_nested_branch_dag.py
[2024-02-29T18:29:48.100+0530] {processor.py:830} INFO - Processing file /home/arun/.local/lib/python3.10/site-packages/airflow/example_dags/example_nested_branch_dag.py for tasks to queue
[2024-02-29T18:29:48.101+0530] {logging_mixin.py:188} INFO - [2024-02-29T18:29:48.101+0530] {dagbag.py:538} INFO - Filling up the DagBag from /home/arun/.local/lib/python3.10/site-packages/airflow/example_dags/example_nested_branch_dag.py
[2024-02-29T18:29:48.115+0530] {processor.py:840} INFO - DAG(s) 'example_nested_branch_dag' retrieved from /home/arun/.local/lib/python3.10/site-packages/airflow/example_dags/example_nested_branch_dag.py
[2024-02-29T18:29:48.139+0530] {logging_mixin.py:188} INFO - [2024-02-29T18:29:48.138+0530] {dag.py:3036} INFO - Sync 1 DAGs
[2024-02-29T18:29:48.168+0530] {logging_mixin.py:188} INFO - [2024-02-29T18:29:48.167+0530] {dag.py:3823} INFO - Setting next_dagrun for example_nested_branch_dag to 2024-02-28 00:00:00+00:00, run_after=2024-02-29 00:00:00+00:00
[2024-02-29T18:29:48.201+0530] {processor.py:183} INFO - Processing /home/arun/.local/lib/python3.10/site-packages/airflow/example_dags/example_nested_branch_dag.py took 0.117 seconds
[2024-02-29T18:30:49.771+0530] {processor.py:161} INFO - Started process (PID=6527) to work on /home/arun/.local/lib/python3.10/site-packages/airflow/example_dags/example_nested_branch_dag.py
[2024-02-29T18:30:49.773+0530] {processor.py:830} INFO - Processing file /home/arun/.local/lib/python3.10/site-packages/airflow/example_dags/example_nested_branch_dag.py for tasks to queue
[2024-02-29T18:30:49.774+0530] {logging_mixin.py:188} INFO - [2024-02-29T18:30:49.774+0530] {dagbag.py:538} INFO - Filling up the DagBag from /home/arun/.local/lib/python3.10/site-packages/airflow/example_dags/example_nested_branch_dag.py
[2024-02-29T18:30:49.784+0530] {processor.py:840} INFO - DAG(s) 'example_nested_branch_dag' retrieved from /home/arun/.local/lib/python3.10/site-packages/airflow/example_dags/example_nested_branch_dag.py
[2024-02-29T18:30:49.804+0530] {logging_mixin.py:188} INFO - [2024-02-29T18:30:49.803+0530] {dag.py:3036} INFO - Sync 1 DAGs
[2024-02-29T18:30:49.831+0530] {logging_mixin.py:188} INFO - [2024-02-29T18:30:49.831+0530] {dag.py:3823} INFO - Setting next_dagrun for example_nested_branch_dag to 2024-02-28 00:00:00+00:00, run_after=2024-02-29 00:00:00+00:00
[2024-02-29T18:30:49.884+0530] {processor.py:183} INFO - Processing /home/arun/.local/lib/python3.10/site-packages/airflow/example_dags/example_nested_branch_dag.py took 0.115 seconds
[2024-02-29T18:31:44.895+0530] {processor.py:161} INFO - Started process (PID=6614) to work on /home/arun/.local/lib/python3.10/site-packages/airflow/example_dags/example_nested_branch_dag.py
[2024-02-29T18:31:44.897+0530] {processor.py:830} INFO - Processing file /home/arun/.local/lib/python3.10/site-packages/airflow/example_dags/example_nested_branch_dag.py for tasks to queue
[2024-02-29T18:31:44.898+0530] {logging_mixin.py:188} INFO - [2024-02-29T18:31:44.898+0530] {dagbag.py:538} INFO - Filling up the DagBag from /home/arun/.local/lib/python3.10/site-packages/airflow/example_dags/example_nested_branch_dag.py
[2024-02-29T18:31:44.909+0530] {processor.py:840} INFO - DAG(s) 'example_nested_branch_dag' retrieved from /home/arun/.local/lib/python3.10/site-packages/airflow/example_dags/example_nested_branch_dag.py
[2024-02-29T18:31:44.930+0530] {logging_mixin.py:188} INFO - [2024-02-29T18:31:44.930+0530] {dag.py:3036} INFO - Sync 1 DAGs
[2024-02-29T18:31:44.958+0530] {logging_mixin.py:188} INFO - [2024-02-29T18:31:44.957+0530] {dag.py:3823} INFO - Setting next_dagrun for example_nested_branch_dag to 2024-02-28 00:00:00+00:00, run_after=2024-02-29 00:00:00+00:00
[2024-02-29T18:31:45.001+0530] {processor.py:183} INFO - Processing /home/arun/.local/lib/python3.10/site-packages/airflow/example_dags/example_nested_branch_dag.py took 0.108 seconds
[2024-02-29T18:32:33.399+0530] {processor.py:161} INFO - Started process (PID=6699) to work on /home/arun/.local/lib/python3.10/site-packages/airflow/example_dags/example_nested_branch_dag.py
[2024-02-29T18:32:33.403+0530] {processor.py:830} INFO - Processing file /home/arun/.local/lib/python3.10/site-packages/airflow/example_dags/example_nested_branch_dag.py for tasks to queue
[2024-02-29T18:32:33.404+0530] {logging_mixin.py:188} INFO - [2024-02-29T18:32:33.403+0530] {dagbag.py:538} INFO - Filling up the DagBag from /home/arun/.local/lib/python3.10/site-packages/airflow/example_dags/example_nested_branch_dag.py
[2024-02-29T18:32:33.422+0530] {processor.py:840} INFO - DAG(s) 'example_nested_branch_dag' retrieved from /home/arun/.local/lib/python3.10/site-packages/airflow/example_dags/example_nested_branch_dag.py
[2024-02-29T18:32:33.452+0530] {logging_mixin.py:188} INFO - [2024-02-29T18:32:33.451+0530] {dag.py:3036} INFO - Sync 1 DAGs
[2024-02-29T18:32:33.486+0530] {logging_mixin.py:188} INFO - [2024-02-29T18:32:33.485+0530] {dag.py:3823} INFO - Setting next_dagrun for example_nested_branch_dag to 2024-02-28 00:00:00+00:00, run_after=2024-02-29 00:00:00+00:00
[2024-02-29T18:32:33.524+0530] {processor.py:183} INFO - Processing /home/arun/.local/lib/python3.10/site-packages/airflow/example_dags/example_nested_branch_dag.py took 0.130 seconds
[2024-02-29T18:33:27.247+0530] {processor.py:161} INFO - Started process (PID=6783) to work on /home/arun/.local/lib/python3.10/site-packages/airflow/example_dags/example_nested_branch_dag.py
[2024-02-29T18:33:27.249+0530] {processor.py:830} INFO - Processing file /home/arun/.local/lib/python3.10/site-packages/airflow/example_dags/example_nested_branch_dag.py for tasks to queue
[2024-02-29T18:33:27.251+0530] {logging_mixin.py:188} INFO - [2024-02-29T18:33:27.250+0530] {dagbag.py:538} INFO - Filling up the DagBag from /home/arun/.local/lib/python3.10/site-packages/airflow/example_dags/example_nested_branch_dag.py
[2024-02-29T18:33:27.274+0530] {processor.py:840} INFO - DAG(s) 'example_nested_branch_dag' retrieved from /home/arun/.local/lib/python3.10/site-packages/airflow/example_dags/example_nested_branch_dag.py
[2024-02-29T18:33:27.306+0530] {logging_mixin.py:188} INFO - [2024-02-29T18:33:27.305+0530] {dag.py:3036} INFO - Sync 1 DAGs
[2024-02-29T18:33:27.330+0530] {logging_mixin.py:188} INFO - [2024-02-29T18:33:27.330+0530] {dag.py:3823} INFO - Setting next_dagrun for example_nested_branch_dag to 2024-02-28 00:00:00+00:00, run_after=2024-02-29 00:00:00+00:00
[2024-02-29T18:33:27.357+0530] {processor.py:183} INFO - Processing /home/arun/.local/lib/python3.10/site-packages/airflow/example_dags/example_nested_branch_dag.py took 0.118 seconds
[2024-02-29T18:34:21.138+0530] {processor.py:161} INFO - Started process (PID=6870) to work on /home/arun/.local/lib/python3.10/site-packages/airflow/example_dags/example_nested_branch_dag.py
[2024-02-29T18:34:21.156+0530] {processor.py:830} INFO - Processing file /home/arun/.local/lib/python3.10/site-packages/airflow/example_dags/example_nested_branch_dag.py for tasks to queue
[2024-02-29T18:34:21.159+0530] {logging_mixin.py:188} INFO - [2024-02-29T18:34:21.159+0530] {dagbag.py:538} INFO - Filling up the DagBag from /home/arun/.local/lib/python3.10/site-packages/airflow/example_dags/example_nested_branch_dag.py
[2024-02-29T18:34:21.188+0530] {processor.py:840} INFO - DAG(s) 'example_nested_branch_dag' retrieved from /home/arun/.local/lib/python3.10/site-packages/airflow/example_dags/example_nested_branch_dag.py
[2024-02-29T18:34:21.212+0530] {logging_mixin.py:188} INFO - [2024-02-29T18:34:21.212+0530] {dag.py:3036} INFO - Sync 1 DAGs
[2024-02-29T18:34:21.242+0530] {logging_mixin.py:188} INFO - [2024-02-29T18:34:21.241+0530] {dag.py:3823} INFO - Setting next_dagrun for example_nested_branch_dag to 2024-02-28 00:00:00+00:00, run_after=2024-02-29 00:00:00+00:00
[2024-02-29T18:34:21.273+0530] {processor.py:183} INFO - Processing /home/arun/.local/lib/python3.10/site-packages/airflow/example_dags/example_nested_branch_dag.py took 0.143 seconds
[2024-02-29T18:35:14.471+0530] {processor.py:161} INFO - Started process (PID=6955) to work on /home/arun/.local/lib/python3.10/site-packages/airflow/example_dags/example_nested_branch_dag.py
[2024-02-29T18:35:14.473+0530] {processor.py:830} INFO - Processing file /home/arun/.local/lib/python3.10/site-packages/airflow/example_dags/example_nested_branch_dag.py for tasks to queue
[2024-02-29T18:35:14.475+0530] {logging_mixin.py:188} INFO - [2024-02-29T18:35:14.474+0530] {dagbag.py:538} INFO - Filling up the DagBag from /home/arun/.local/lib/python3.10/site-packages/airflow/example_dags/example_nested_branch_dag.py
[2024-02-29T18:35:14.487+0530] {processor.py:840} INFO - DAG(s) 'example_nested_branch_dag' retrieved from /home/arun/.local/lib/python3.10/site-packages/airflow/example_dags/example_nested_branch_dag.py
[2024-02-29T18:35:14.512+0530] {logging_mixin.py:188} INFO - [2024-02-29T18:35:14.512+0530] {dag.py:3036} INFO - Sync 1 DAGs
[2024-02-29T18:35:14.574+0530] {logging_mixin.py:188} INFO - [2024-02-29T18:35:14.574+0530] {dag.py:3823} INFO - Setting next_dagrun for example_nested_branch_dag to 2024-02-28 00:00:00+00:00, run_after=2024-02-29 00:00:00+00:00
[2024-02-29T18:35:14.611+0530] {processor.py:183} INFO - Processing /home/arun/.local/lib/python3.10/site-packages/airflow/example_dags/example_nested_branch_dag.py took 0.154 seconds
[2024-02-29T18:36:08.076+0530] {processor.py:161} INFO - Started process (PID=7038) to work on /home/arun/.local/lib/python3.10/site-packages/airflow/example_dags/example_nested_branch_dag.py
[2024-02-29T18:36:08.117+0530] {processor.py:830} INFO - Processing file /home/arun/.local/lib/python3.10/site-packages/airflow/example_dags/example_nested_branch_dag.py for tasks to queue
[2024-02-29T18:36:08.118+0530] {logging_mixin.py:188} INFO - [2024-02-29T18:36:08.117+0530] {dagbag.py:538} INFO - Filling up the DagBag from /home/arun/.local/lib/python3.10/site-packages/airflow/example_dags/example_nested_branch_dag.py
[2024-02-29T18:36:08.130+0530] {processor.py:840} INFO - DAG(s) 'example_nested_branch_dag' retrieved from /home/arun/.local/lib/python3.10/site-packages/airflow/example_dags/example_nested_branch_dag.py
[2024-02-29T18:36:08.150+0530] {logging_mixin.py:188} INFO - [2024-02-29T18:36:08.150+0530] {dag.py:3036} INFO - Sync 1 DAGs
[2024-02-29T18:36:08.174+0530] {logging_mixin.py:188} INFO - [2024-02-29T18:36:08.174+0530] {dag.py:3823} INFO - Setting next_dagrun for example_nested_branch_dag to 2024-02-28 00:00:00+00:00, run_after=2024-02-29 00:00:00+00:00
[2024-02-29T18:36:08.209+0530] {processor.py:183} INFO - Processing /home/arun/.local/lib/python3.10/site-packages/airflow/example_dags/example_nested_branch_dag.py took 0.137 seconds
[2024-02-29T18:37:12.382+0530] {processor.py:161} INFO - Started process (PID=7133) to work on /home/arun/.local/lib/python3.10/site-packages/airflow/example_dags/example_nested_branch_dag.py
[2024-02-29T18:37:12.384+0530] {processor.py:830} INFO - Processing file /home/arun/.local/lib/python3.10/site-packages/airflow/example_dags/example_nested_branch_dag.py for tasks to queue
[2024-02-29T18:37:12.385+0530] {logging_mixin.py:188} INFO - [2024-02-29T18:37:12.385+0530] {dagbag.py:538} INFO - Filling up the DagBag from /home/arun/.local/lib/python3.10/site-packages/airflow/example_dags/example_nested_branch_dag.py
[2024-02-29T18:37:12.398+0530] {processor.py:840} INFO - DAG(s) 'example_nested_branch_dag' retrieved from /home/arun/.local/lib/python3.10/site-packages/airflow/example_dags/example_nested_branch_dag.py
[2024-02-29T18:37:12.423+0530] {logging_mixin.py:188} INFO - [2024-02-29T18:37:12.422+0530] {dag.py:3036} INFO - Sync 1 DAGs
[2024-02-29T18:37:12.453+0530] {logging_mixin.py:188} INFO - [2024-02-29T18:37:12.453+0530] {dag.py:3823} INFO - Setting next_dagrun for example_nested_branch_dag to 2024-02-28 00:00:00+00:00, run_after=2024-02-29 00:00:00+00:00
[2024-02-29T18:37:12.493+0530] {processor.py:183} INFO - Processing /home/arun/.local/lib/python3.10/site-packages/airflow/example_dags/example_nested_branch_dag.py took 0.114 seconds
[2024-02-29T18:38:10.543+0530] {processor.py:161} INFO - Started process (PID=7275) to work on /home/arun/.local/lib/python3.10/site-packages/airflow/example_dags/example_nested_branch_dag.py
[2024-02-29T18:38:10.545+0530] {processor.py:830} INFO - Processing file /home/arun/.local/lib/python3.10/site-packages/airflow/example_dags/example_nested_branch_dag.py for tasks to queue
[2024-02-29T18:38:10.546+0530] {logging_mixin.py:188} INFO - [2024-02-29T18:38:10.546+0530] {dagbag.py:538} INFO - Filling up the DagBag from /home/arun/.local/lib/python3.10/site-packages/airflow/example_dags/example_nested_branch_dag.py
[2024-02-29T18:38:10.560+0530] {processor.py:840} INFO - DAG(s) 'example_nested_branch_dag' retrieved from /home/arun/.local/lib/python3.10/site-packages/airflow/example_dags/example_nested_branch_dag.py
[2024-02-29T18:38:10.581+0530] {logging_mixin.py:188} INFO - [2024-02-29T18:38:10.581+0530] {dag.py:3036} INFO - Sync 1 DAGs
[2024-02-29T18:38:10.616+0530] {logging_mixin.py:188} INFO - [2024-02-29T18:38:10.616+0530] {dag.py:3823} INFO - Setting next_dagrun for example_nested_branch_dag to 2024-02-28 00:00:00+00:00, run_after=2024-02-29 00:00:00+00:00
[2024-02-29T18:38:10.736+0530] {processor.py:183} INFO - Processing /home/arun/.local/lib/python3.10/site-packages/airflow/example_dags/example_nested_branch_dag.py took 0.197 seconds
[2024-02-29T18:39:07.091+0530] {processor.py:161} INFO - Started process (PID=7399) to work on /home/arun/.local/lib/python3.10/site-packages/airflow/example_dags/example_nested_branch_dag.py
[2024-02-29T18:39:07.093+0530] {processor.py:830} INFO - Processing file /home/arun/.local/lib/python3.10/site-packages/airflow/example_dags/example_nested_branch_dag.py for tasks to queue
[2024-02-29T18:39:07.094+0530] {logging_mixin.py:188} INFO - [2024-02-29T18:39:07.094+0530] {dagbag.py:538} INFO - Filling up the DagBag from /home/arun/.local/lib/python3.10/site-packages/airflow/example_dags/example_nested_branch_dag.py
[2024-02-29T18:39:07.108+0530] {processor.py:840} INFO - DAG(s) 'example_nested_branch_dag' retrieved from /home/arun/.local/lib/python3.10/site-packages/airflow/example_dags/example_nested_branch_dag.py
[2024-02-29T18:39:07.131+0530] {logging_mixin.py:188} INFO - [2024-02-29T18:39:07.131+0530] {dag.py:3036} INFO - Sync 1 DAGs
[2024-02-29T18:39:07.162+0530] {logging_mixin.py:188} INFO - [2024-02-29T18:39:07.161+0530] {dag.py:3823} INFO - Setting next_dagrun for example_nested_branch_dag to 2024-02-28 00:00:00+00:00, run_after=2024-02-29 00:00:00+00:00
[2024-02-29T18:39:07.202+0530] {processor.py:183} INFO - Processing /home/arun/.local/lib/python3.10/site-packages/airflow/example_dags/example_nested_branch_dag.py took 0.114 seconds
[2024-02-29T18:40:04.708+0530] {processor.py:161} INFO - Started process (PID=7488) to work on /home/arun/.local/lib/python3.10/site-packages/airflow/example_dags/example_nested_branch_dag.py
[2024-02-29T18:40:04.711+0530] {processor.py:830} INFO - Processing file /home/arun/.local/lib/python3.10/site-packages/airflow/example_dags/example_nested_branch_dag.py for tasks to queue
[2024-02-29T18:40:04.712+0530] {logging_mixin.py:188} INFO - [2024-02-29T18:40:04.712+0530] {dagbag.py:538} INFO - Filling up the DagBag from /home/arun/.local/lib/python3.10/site-packages/airflow/example_dags/example_nested_branch_dag.py
[2024-02-29T18:40:04.729+0530] {processor.py:840} INFO - DAG(s) 'example_nested_branch_dag' retrieved from /home/arun/.local/lib/python3.10/site-packages/airflow/example_dags/example_nested_branch_dag.py
[2024-02-29T18:40:04.758+0530] {logging_mixin.py:188} INFO - [2024-02-29T18:40:04.758+0530] {dag.py:3036} INFO - Sync 1 DAGs
[2024-02-29T18:40:04.793+0530] {logging_mixin.py:188} INFO - [2024-02-29T18:40:04.793+0530] {dag.py:3823} INFO - Setting next_dagrun for example_nested_branch_dag to 2024-02-28 00:00:00+00:00, run_after=2024-02-29 00:00:00+00:00
[2024-02-29T18:40:04.831+0530] {processor.py:183} INFO - Processing /home/arun/.local/lib/python3.10/site-packages/airflow/example_dags/example_nested_branch_dag.py took 0.128 seconds
[2024-02-29T18:41:02.256+0530] {processor.py:161} INFO - Started process (PID=7579) to work on /home/arun/.local/lib/python3.10/site-packages/airflow/example_dags/example_nested_branch_dag.py
[2024-02-29T18:41:02.267+0530] {processor.py:830} INFO - Processing file /home/arun/.local/lib/python3.10/site-packages/airflow/example_dags/example_nested_branch_dag.py for tasks to queue
[2024-02-29T18:41:02.268+0530] {logging_mixin.py:188} INFO - [2024-02-29T18:41:02.267+0530] {dagbag.py:538} INFO - Filling up the DagBag from /home/arun/.local/lib/python3.10/site-packages/airflow/example_dags/example_nested_branch_dag.py
[2024-02-29T18:41:02.306+0530] {processor.py:840} INFO - DAG(s) 'example_nested_branch_dag' retrieved from /home/arun/.local/lib/python3.10/site-packages/airflow/example_dags/example_nested_branch_dag.py
[2024-02-29T18:41:02.336+0530] {logging_mixin.py:188} INFO - [2024-02-29T18:41:02.336+0530] {dag.py:3036} INFO - Sync 1 DAGs
[2024-02-29T18:41:02.425+0530] {logging_mixin.py:188} INFO - [2024-02-29T18:41:02.424+0530] {dag.py:3823} INFO - Setting next_dagrun for example_nested_branch_dag to 2024-02-28 00:00:00+00:00, run_after=2024-02-29 00:00:00+00:00
[2024-02-29T18:41:02.529+0530] {processor.py:183} INFO - Processing /home/arun/.local/lib/python3.10/site-packages/airflow/example_dags/example_nested_branch_dag.py took 0.280 seconds
[2024-02-29T18:41:58.192+0530] {processor.py:161} INFO - Started process (PID=7678) to work on /home/arun/.local/lib/python3.10/site-packages/airflow/example_dags/example_nested_branch_dag.py
[2024-02-29T18:41:58.197+0530] {processor.py:830} INFO - Processing file /home/arun/.local/lib/python3.10/site-packages/airflow/example_dags/example_nested_branch_dag.py for tasks to queue
[2024-02-29T18:41:58.198+0530] {logging_mixin.py:188} INFO - [2024-02-29T18:41:58.197+0530] {dagbag.py:538} INFO - Filling up the DagBag from /home/arun/.local/lib/python3.10/site-packages/airflow/example_dags/example_nested_branch_dag.py
[2024-02-29T18:41:58.209+0530] {processor.py:840} INFO - DAG(s) 'example_nested_branch_dag' retrieved from /home/arun/.local/lib/python3.10/site-packages/airflow/example_dags/example_nested_branch_dag.py
[2024-02-29T18:41:58.229+0530] {logging_mixin.py:188} INFO - [2024-02-29T18:41:58.228+0530] {dag.py:3036} INFO - Sync 1 DAGs
[2024-02-29T18:41:58.256+0530] {logging_mixin.py:188} INFO - [2024-02-29T18:41:58.256+0530] {dag.py:3823} INFO - Setting next_dagrun for example_nested_branch_dag to 2024-02-28 00:00:00+00:00, run_after=2024-02-29 00:00:00+00:00
[2024-02-29T18:41:58.489+0530] {processor.py:183} INFO - Processing /home/arun/.local/lib/python3.10/site-packages/airflow/example_dags/example_nested_branch_dag.py took 0.300 seconds
[2024-02-29T18:42:55.971+0530] {processor.py:161} INFO - Started process (PID=7769) to work on /home/arun/.local/lib/python3.10/site-packages/airflow/example_dags/example_nested_branch_dag.py
[2024-02-29T18:42:55.973+0530] {processor.py:830} INFO - Processing file /home/arun/.local/lib/python3.10/site-packages/airflow/example_dags/example_nested_branch_dag.py for tasks to queue
[2024-02-29T18:42:55.973+0530] {logging_mixin.py:188} INFO - [2024-02-29T18:42:55.973+0530] {dagbag.py:538} INFO - Filling up the DagBag from /home/arun/.local/lib/python3.10/site-packages/airflow/example_dags/example_nested_branch_dag.py
[2024-02-29T18:42:55.984+0530] {processor.py:840} INFO - DAG(s) 'example_nested_branch_dag' retrieved from /home/arun/.local/lib/python3.10/site-packages/airflow/example_dags/example_nested_branch_dag.py
[2024-02-29T18:42:56.004+0530] {logging_mixin.py:188} INFO - [2024-02-29T18:42:56.003+0530] {dag.py:3036} INFO - Sync 1 DAGs
[2024-02-29T18:42:56.036+0530] {logging_mixin.py:188} INFO - [2024-02-29T18:42:56.036+0530] {dag.py:3823} INFO - Setting next_dagrun for example_nested_branch_dag to 2024-02-28 00:00:00+00:00, run_after=2024-02-29 00:00:00+00:00
[2024-02-29T18:42:56.093+0530] {processor.py:183} INFO - Processing /home/arun/.local/lib/python3.10/site-packages/airflow/example_dags/example_nested_branch_dag.py took 0.125 seconds
[2024-02-29T18:44:01.151+0530] {processor.py:161} INFO - Started process (PID=7882) to work on /home/arun/.local/lib/python3.10/site-packages/airflow/example_dags/example_nested_branch_dag.py
[2024-02-29T18:44:01.169+0530] {processor.py:830} INFO - Processing file /home/arun/.local/lib/python3.10/site-packages/airflow/example_dags/example_nested_branch_dag.py for tasks to queue
[2024-02-29T18:44:01.170+0530] {logging_mixin.py:188} INFO - [2024-02-29T18:44:01.170+0530] {dagbag.py:538} INFO - Filling up the DagBag from /home/arun/.local/lib/python3.10/site-packages/airflow/example_dags/example_nested_branch_dag.py
[2024-02-29T18:44:01.231+0530] {processor.py:840} INFO - DAG(s) 'example_nested_branch_dag' retrieved from /home/arun/.local/lib/python3.10/site-packages/airflow/example_dags/example_nested_branch_dag.py
[2024-02-29T18:44:01.286+0530] {logging_mixin.py:188} INFO - [2024-02-29T18:44:01.286+0530] {dag.py:3036} INFO - Sync 1 DAGs
[2024-02-29T18:44:01.339+0530] {logging_mixin.py:188} INFO - [2024-02-29T18:44:01.339+0530] {dag.py:3823} INFO - Setting next_dagrun for example_nested_branch_dag to 2024-02-28 00:00:00+00:00, run_after=2024-02-29 00:00:00+00:00
[2024-02-29T18:44:01.407+0530] {processor.py:183} INFO - Processing /home/arun/.local/lib/python3.10/site-packages/airflow/example_dags/example_nested_branch_dag.py took 0.266 seconds
[2024-02-29T18:44:56.729+0530] {processor.py:161} INFO - Started process (PID=7971) to work on /home/arun/.local/lib/python3.10/site-packages/airflow/example_dags/example_nested_branch_dag.py
[2024-02-29T18:44:56.780+0530] {processor.py:830} INFO - Processing file /home/arun/.local/lib/python3.10/site-packages/airflow/example_dags/example_nested_branch_dag.py for tasks to queue
[2024-02-29T18:44:56.781+0530] {logging_mixin.py:188} INFO - [2024-02-29T18:44:56.781+0530] {dagbag.py:538} INFO - Filling up the DagBag from /home/arun/.local/lib/python3.10/site-packages/airflow/example_dags/example_nested_branch_dag.py
[2024-02-29T18:44:56.792+0530] {processor.py:840} INFO - DAG(s) 'example_nested_branch_dag' retrieved from /home/arun/.local/lib/python3.10/site-packages/airflow/example_dags/example_nested_branch_dag.py
[2024-02-29T18:44:56.806+0530] {logging_mixin.py:188} INFO - [2024-02-29T18:44:56.806+0530] {dag.py:3036} INFO - Sync 1 DAGs
[2024-02-29T18:44:56.825+0530] {logging_mixin.py:188} INFO - [2024-02-29T18:44:56.824+0530] {dag.py:3823} INFO - Setting next_dagrun for example_nested_branch_dag to 2024-02-28 00:00:00+00:00, run_after=2024-02-29 00:00:00+00:00
[2024-02-29T18:44:56.854+0530] {processor.py:183} INFO - Processing /home/arun/.local/lib/python3.10/site-packages/airflow/example_dags/example_nested_branch_dag.py took 0.129 seconds
[2024-02-29T18:45:49.856+0530] {processor.py:161} INFO - Started process (PID=8069) to work on /home/arun/.local/lib/python3.10/site-packages/airflow/example_dags/example_nested_branch_dag.py
[2024-02-29T18:45:49.857+0530] {processor.py:830} INFO - Processing file /home/arun/.local/lib/python3.10/site-packages/airflow/example_dags/example_nested_branch_dag.py for tasks to queue
[2024-02-29T18:45:49.858+0530] {logging_mixin.py:188} INFO - [2024-02-29T18:45:49.858+0530] {dagbag.py:538} INFO - Filling up the DagBag from /home/arun/.local/lib/python3.10/site-packages/airflow/example_dags/example_nested_branch_dag.py
[2024-02-29T18:45:49.868+0530] {processor.py:840} INFO - DAG(s) 'example_nested_branch_dag' retrieved from /home/arun/.local/lib/python3.10/site-packages/airflow/example_dags/example_nested_branch_dag.py
[2024-02-29T18:45:49.886+0530] {logging_mixin.py:188} INFO - [2024-02-29T18:45:49.886+0530] {dag.py:3036} INFO - Sync 1 DAGs
[2024-02-29T18:45:49.910+0530] {logging_mixin.py:188} INFO - [2024-02-29T18:45:49.910+0530] {dag.py:3823} INFO - Setting next_dagrun for example_nested_branch_dag to 2024-02-28 00:00:00+00:00, run_after=2024-02-29 00:00:00+00:00
[2024-02-29T18:45:49.943+0530] {processor.py:183} INFO - Processing /home/arun/.local/lib/python3.10/site-packages/airflow/example_dags/example_nested_branch_dag.py took 0.090 seconds
[2024-02-29T18:46:43.250+0530] {processor.py:161} INFO - Started process (PID=8154) to work on /home/arun/.local/lib/python3.10/site-packages/airflow/example_dags/example_nested_branch_dag.py
[2024-02-29T18:46:43.251+0530] {processor.py:830} INFO - Processing file /home/arun/.local/lib/python3.10/site-packages/airflow/example_dags/example_nested_branch_dag.py for tasks to queue
[2024-02-29T18:46:43.252+0530] {logging_mixin.py:188} INFO - [2024-02-29T18:46:43.252+0530] {dagbag.py:538} INFO - Filling up the DagBag from /home/arun/.local/lib/python3.10/site-packages/airflow/example_dags/example_nested_branch_dag.py
[2024-02-29T18:46:43.262+0530] {processor.py:840} INFO - DAG(s) 'example_nested_branch_dag' retrieved from /home/arun/.local/lib/python3.10/site-packages/airflow/example_dags/example_nested_branch_dag.py
[2024-02-29T18:46:43.279+0530] {logging_mixin.py:188} INFO - [2024-02-29T18:46:43.279+0530] {dag.py:3036} INFO - Sync 1 DAGs
[2024-02-29T18:46:43.307+0530] {logging_mixin.py:188} INFO - [2024-02-29T18:46:43.307+0530] {dag.py:3823} INFO - Setting next_dagrun for example_nested_branch_dag to 2024-02-28 00:00:00+00:00, run_after=2024-02-29 00:00:00+00:00
[2024-02-29T18:46:43.347+0530] {processor.py:183} INFO - Processing /home/arun/.local/lib/python3.10/site-packages/airflow/example_dags/example_nested_branch_dag.py took 0.100 seconds
[2024-02-29T18:47:35.654+0530] {processor.py:161} INFO - Started process (PID=8237) to work on /home/arun/.local/lib/python3.10/site-packages/airflow/example_dags/example_nested_branch_dag.py
[2024-02-29T18:47:35.689+0530] {processor.py:830} INFO - Processing file /home/arun/.local/lib/python3.10/site-packages/airflow/example_dags/example_nested_branch_dag.py for tasks to queue
[2024-02-29T18:47:35.690+0530] {logging_mixin.py:188} INFO - [2024-02-29T18:47:35.690+0530] {dagbag.py:538} INFO - Filling up the DagBag from /home/arun/.local/lib/python3.10/site-packages/airflow/example_dags/example_nested_branch_dag.py
[2024-02-29T18:47:35.700+0530] {processor.py:840} INFO - DAG(s) 'example_nested_branch_dag' retrieved from /home/arun/.local/lib/python3.10/site-packages/airflow/example_dags/example_nested_branch_dag.py
[2024-02-29T18:47:35.714+0530] {logging_mixin.py:188} INFO - [2024-02-29T18:47:35.714+0530] {dag.py:3036} INFO - Sync 1 DAGs
[2024-02-29T18:47:35.733+0530] {logging_mixin.py:188} INFO - [2024-02-29T18:47:35.732+0530] {dag.py:3823} INFO - Setting next_dagrun for example_nested_branch_dag to 2024-02-28 00:00:00+00:00, run_after=2024-02-29 00:00:00+00:00
[2024-02-29T18:47:35.760+0530] {processor.py:183} INFO - Processing /home/arun/.local/lib/python3.10/site-packages/airflow/example_dags/example_nested_branch_dag.py took 0.109 seconds
[2024-02-29T18:48:26.355+0530] {processor.py:161} INFO - Started process (PID=8320) to work on /home/arun/.local/lib/python3.10/site-packages/airflow/example_dags/example_nested_branch_dag.py
[2024-02-29T18:48:26.357+0530] {processor.py:830} INFO - Processing file /home/arun/.local/lib/python3.10/site-packages/airflow/example_dags/example_nested_branch_dag.py for tasks to queue
[2024-02-29T18:48:26.358+0530] {logging_mixin.py:188} INFO - [2024-02-29T18:48:26.358+0530] {dagbag.py:538} INFO - Filling up the DagBag from /home/arun/.local/lib/python3.10/site-packages/airflow/example_dags/example_nested_branch_dag.py
[2024-02-29T18:48:26.387+0530] {processor.py:840} INFO - DAG(s) 'example_nested_branch_dag' retrieved from /home/arun/.local/lib/python3.10/site-packages/airflow/example_dags/example_nested_branch_dag.py
[2024-02-29T18:48:26.434+0530] {logging_mixin.py:188} INFO - [2024-02-29T18:48:26.434+0530] {dag.py:3036} INFO - Sync 1 DAGs
[2024-02-29T18:48:26.486+0530] {logging_mixin.py:188} INFO - [2024-02-29T18:48:26.486+0530] {dag.py:3823} INFO - Setting next_dagrun for example_nested_branch_dag to 2024-02-28 00:00:00+00:00, run_after=2024-02-29 00:00:00+00:00
[2024-02-29T18:48:26.526+0530] {processor.py:183} INFO - Processing /home/arun/.local/lib/python3.10/site-packages/airflow/example_dags/example_nested_branch_dag.py took 0.177 seconds
[2024-02-29T18:49:13.987+0530] {processor.py:161} INFO - Started process (PID=8399) to work on /home/arun/.local/lib/python3.10/site-packages/airflow/example_dags/example_nested_branch_dag.py
[2024-02-29T18:49:13.989+0530] {processor.py:830} INFO - Processing file /home/arun/.local/lib/python3.10/site-packages/airflow/example_dags/example_nested_branch_dag.py for tasks to queue
[2024-02-29T18:49:13.990+0530] {logging_mixin.py:188} INFO - [2024-02-29T18:49:13.989+0530] {dagbag.py:538} INFO - Filling up the DagBag from /home/arun/.local/lib/python3.10/site-packages/airflow/example_dags/example_nested_branch_dag.py
[2024-02-29T18:49:14.003+0530] {processor.py:840} INFO - DAG(s) 'example_nested_branch_dag' retrieved from /home/arun/.local/lib/python3.10/site-packages/airflow/example_dags/example_nested_branch_dag.py
[2024-02-29T18:49:14.025+0530] {logging_mixin.py:188} INFO - [2024-02-29T18:49:14.024+0530] {dag.py:3036} INFO - Sync 1 DAGs
[2024-02-29T18:49:14.048+0530] {logging_mixin.py:188} INFO - [2024-02-29T18:49:14.048+0530] {dag.py:3823} INFO - Setting next_dagrun for example_nested_branch_dag to 2024-02-28 00:00:00+00:00, run_after=2024-02-29 00:00:00+00:00
[2024-02-29T18:49:14.075+0530] {processor.py:183} INFO - Processing /home/arun/.local/lib/python3.10/site-packages/airflow/example_dags/example_nested_branch_dag.py took 0.092 seconds
[2024-02-29T18:50:03.037+0530] {processor.py:161} INFO - Started process (PID=8478) to work on /home/arun/.local/lib/python3.10/site-packages/airflow/example_dags/example_nested_branch_dag.py
[2024-02-29T18:50:03.039+0530] {processor.py:830} INFO - Processing file /home/arun/.local/lib/python3.10/site-packages/airflow/example_dags/example_nested_branch_dag.py for tasks to queue
[2024-02-29T18:50:03.040+0530] {logging_mixin.py:188} INFO - [2024-02-29T18:50:03.040+0530] {dagbag.py:538} INFO - Filling up the DagBag from /home/arun/.local/lib/python3.10/site-packages/airflow/example_dags/example_nested_branch_dag.py
[2024-02-29T18:50:03.052+0530] {processor.py:840} INFO - DAG(s) 'example_nested_branch_dag' retrieved from /home/arun/.local/lib/python3.10/site-packages/airflow/example_dags/example_nested_branch_dag.py
[2024-02-29T18:50:03.073+0530] {logging_mixin.py:188} INFO - [2024-02-29T18:50:03.072+0530] {dag.py:3036} INFO - Sync 1 DAGs
[2024-02-29T18:50:03.099+0530] {logging_mixin.py:188} INFO - [2024-02-29T18:50:03.098+0530] {dag.py:3823} INFO - Setting next_dagrun for example_nested_branch_dag to 2024-02-28 00:00:00+00:00, run_after=2024-02-29 00:00:00+00:00
[2024-02-29T18:50:03.136+0530] {processor.py:183} INFO - Processing /home/arun/.local/lib/python3.10/site-packages/airflow/example_dags/example_nested_branch_dag.py took 0.103 seconds
[2024-02-29T18:50:53.453+0530] {processor.py:161} INFO - Started process (PID=8563) to work on /home/arun/.local/lib/python3.10/site-packages/airflow/example_dags/example_nested_branch_dag.py
[2024-02-29T18:50:53.456+0530] {processor.py:830} INFO - Processing file /home/arun/.local/lib/python3.10/site-packages/airflow/example_dags/example_nested_branch_dag.py for tasks to queue
[2024-02-29T18:50:53.457+0530] {logging_mixin.py:188} INFO - [2024-02-29T18:50:53.457+0530] {dagbag.py:538} INFO - Filling up the DagBag from /home/arun/.local/lib/python3.10/site-packages/airflow/example_dags/example_nested_branch_dag.py
[2024-02-29T18:50:53.473+0530] {processor.py:840} INFO - DAG(s) 'example_nested_branch_dag' retrieved from /home/arun/.local/lib/python3.10/site-packages/airflow/example_dags/example_nested_branch_dag.py
[2024-02-29T18:50:53.496+0530] {logging_mixin.py:188} INFO - [2024-02-29T18:50:53.495+0530] {dag.py:3036} INFO - Sync 1 DAGs
[2024-02-29T18:50:53.527+0530] {logging_mixin.py:188} INFO - [2024-02-29T18:50:53.527+0530] {dag.py:3823} INFO - Setting next_dagrun for example_nested_branch_dag to 2024-02-28 00:00:00+00:00, run_after=2024-02-29 00:00:00+00:00
[2024-02-29T18:50:53.647+0530] {processor.py:183} INFO - Processing /home/arun/.local/lib/python3.10/site-packages/airflow/example_dags/example_nested_branch_dag.py took 0.200 seconds
[2024-02-29T18:51:45.716+0530] {processor.py:161} INFO - Started process (PID=8738) to work on /home/arun/.local/lib/python3.10/site-packages/airflow/example_dags/example_nested_branch_dag.py
[2024-02-29T18:51:45.717+0530] {processor.py:830} INFO - Processing file /home/arun/.local/lib/python3.10/site-packages/airflow/example_dags/example_nested_branch_dag.py for tasks to queue
[2024-02-29T18:51:45.718+0530] {logging_mixin.py:188} INFO - [2024-02-29T18:51:45.718+0530] {dagbag.py:538} INFO - Filling up the DagBag from /home/arun/.local/lib/python3.10/site-packages/airflow/example_dags/example_nested_branch_dag.py
[2024-02-29T18:51:45.730+0530] {processor.py:840} INFO - DAG(s) 'example_nested_branch_dag' retrieved from /home/arun/.local/lib/python3.10/site-packages/airflow/example_dags/example_nested_branch_dag.py
[2024-02-29T18:51:45.751+0530] {logging_mixin.py:188} INFO - [2024-02-29T18:51:45.751+0530] {dag.py:3036} INFO - Sync 1 DAGs
[2024-02-29T18:51:45.782+0530] {logging_mixin.py:188} INFO - [2024-02-29T18:51:45.782+0530] {dag.py:3823} INFO - Setting next_dagrun for example_nested_branch_dag to 2024-02-28 00:00:00+00:00, run_after=2024-02-29 00:00:00+00:00
[2024-02-29T18:51:45.823+0530] {processor.py:183} INFO - Processing /home/arun/.local/lib/python3.10/site-packages/airflow/example_dags/example_nested_branch_dag.py took 0.111 seconds
[2024-02-29T18:52:37.528+0530] {processor.py:161} INFO - Started process (PID=8818) to work on /home/arun/.local/lib/python3.10/site-packages/airflow/example_dags/example_nested_branch_dag.py
[2024-02-29T18:52:37.530+0530] {processor.py:830} INFO - Processing file /home/arun/.local/lib/python3.10/site-packages/airflow/example_dags/example_nested_branch_dag.py for tasks to queue
[2024-02-29T18:52:37.531+0530] {logging_mixin.py:188} INFO - [2024-02-29T18:52:37.530+0530] {dagbag.py:538} INFO - Filling up the DagBag from /home/arun/.local/lib/python3.10/site-packages/airflow/example_dags/example_nested_branch_dag.py
[2024-02-29T18:52:37.540+0530] {processor.py:840} INFO - DAG(s) 'example_nested_branch_dag' retrieved from /home/arun/.local/lib/python3.10/site-packages/airflow/example_dags/example_nested_branch_dag.py
[2024-02-29T18:52:37.559+0530] {logging_mixin.py:188} INFO - [2024-02-29T18:52:37.558+0530] {dag.py:3036} INFO - Sync 1 DAGs
[2024-02-29T18:52:37.584+0530] {logging_mixin.py:188} INFO - [2024-02-29T18:52:37.583+0530] {dag.py:3823} INFO - Setting next_dagrun for example_nested_branch_dag to 2024-02-28 00:00:00+00:00, run_after=2024-02-29 00:00:00+00:00
[2024-02-29T18:52:37.623+0530] {processor.py:183} INFO - Processing /home/arun/.local/lib/python3.10/site-packages/airflow/example_dags/example_nested_branch_dag.py took 0.097 seconds
[2024-02-29T18:53:30.478+0530] {processor.py:161} INFO - Started process (PID=8901) to work on /home/arun/.local/lib/python3.10/site-packages/airflow/example_dags/example_nested_branch_dag.py
[2024-02-29T18:53:30.480+0530] {processor.py:830} INFO - Processing file /home/arun/.local/lib/python3.10/site-packages/airflow/example_dags/example_nested_branch_dag.py for tasks to queue
[2024-02-29T18:53:30.481+0530] {logging_mixin.py:188} INFO - [2024-02-29T18:53:30.480+0530] {dagbag.py:538} INFO - Filling up the DagBag from /home/arun/.local/lib/python3.10/site-packages/airflow/example_dags/example_nested_branch_dag.py
[2024-02-29T18:53:30.492+0530] {processor.py:840} INFO - DAG(s) 'example_nested_branch_dag' retrieved from /home/arun/.local/lib/python3.10/site-packages/airflow/example_dags/example_nested_branch_dag.py
[2024-02-29T18:53:30.514+0530] {logging_mixin.py:188} INFO - [2024-02-29T18:53:30.514+0530] {dag.py:3036} INFO - Sync 1 DAGs
[2024-02-29T18:53:30.546+0530] {logging_mixin.py:188} INFO - [2024-02-29T18:53:30.546+0530] {dag.py:3823} INFO - Setting next_dagrun for example_nested_branch_dag to 2024-02-28 00:00:00+00:00, run_after=2024-02-29 00:00:00+00:00
[2024-02-29T18:53:30.583+0530] {processor.py:183} INFO - Processing /home/arun/.local/lib/python3.10/site-packages/airflow/example_dags/example_nested_branch_dag.py took 0.108 seconds
[2024-02-29T18:54:22.380+0530] {processor.py:161} INFO - Started process (PID=9173) to work on /home/arun/.local/lib/python3.10/site-packages/airflow/example_dags/example_nested_branch_dag.py
[2024-02-29T18:54:22.382+0530] {processor.py:830} INFO - Processing file /home/arun/.local/lib/python3.10/site-packages/airflow/example_dags/example_nested_branch_dag.py for tasks to queue
[2024-02-29T18:54:22.383+0530] {logging_mixin.py:188} INFO - [2024-02-29T18:54:22.382+0530] {dagbag.py:538} INFO - Filling up the DagBag from /home/arun/.local/lib/python3.10/site-packages/airflow/example_dags/example_nested_branch_dag.py
[2024-02-29T18:54:22.394+0530] {processor.py:840} INFO - DAG(s) 'example_nested_branch_dag' retrieved from /home/arun/.local/lib/python3.10/site-packages/airflow/example_dags/example_nested_branch_dag.py
[2024-02-29T18:54:22.412+0530] {logging_mixin.py:188} INFO - [2024-02-29T18:54:22.412+0530] {dag.py:3036} INFO - Sync 1 DAGs
[2024-02-29T18:54:22.434+0530] {logging_mixin.py:188} INFO - [2024-02-29T18:54:22.434+0530] {dag.py:3823} INFO - Setting next_dagrun for example_nested_branch_dag to 2024-02-28 00:00:00+00:00, run_after=2024-02-29 00:00:00+00:00
[2024-02-29T18:54:22.470+0530] {processor.py:183} INFO - Processing /home/arun/.local/lib/python3.10/site-packages/airflow/example_dags/example_nested_branch_dag.py took 0.094 seconds
[2024-02-29T18:55:11.377+0530] {processor.py:161} INFO - Started process (PID=9259) to work on /home/arun/.local/lib/python3.10/site-packages/airflow/example_dags/example_nested_branch_dag.py
[2024-02-29T18:55:11.416+0530] {processor.py:830} INFO - Processing file /home/arun/.local/lib/python3.10/site-packages/airflow/example_dags/example_nested_branch_dag.py for tasks to queue
[2024-02-29T18:55:11.417+0530] {logging_mixin.py:188} INFO - [2024-02-29T18:55:11.417+0530] {dagbag.py:538} INFO - Filling up the DagBag from /home/arun/.local/lib/python3.10/site-packages/airflow/example_dags/example_nested_branch_dag.py
[2024-02-29T18:55:11.431+0530] {processor.py:840} INFO - DAG(s) 'example_nested_branch_dag' retrieved from /home/arun/.local/lib/python3.10/site-packages/airflow/example_dags/example_nested_branch_dag.py
[2024-02-29T18:55:11.453+0530] {logging_mixin.py:188} INFO - [2024-02-29T18:55:11.452+0530] {dag.py:3036} INFO - Sync 1 DAGs
[2024-02-29T18:55:11.480+0530] {logging_mixin.py:188} INFO - [2024-02-29T18:55:11.480+0530] {dag.py:3823} INFO - Setting next_dagrun for example_nested_branch_dag to 2024-02-28 00:00:00+00:00, run_after=2024-02-29 00:00:00+00:00
[2024-02-29T18:55:11.511+0530] {processor.py:183} INFO - Processing /home/arun/.local/lib/python3.10/site-packages/airflow/example_dags/example_nested_branch_dag.py took 0.137 seconds
[2024-02-29T18:56:11.408+0530] {processor.py:161} INFO - Started process (PID=9406) to work on /home/arun/.local/lib/python3.10/site-packages/airflow/example_dags/example_nested_branch_dag.py
[2024-02-29T18:56:11.442+0530] {processor.py:830} INFO - Processing file /home/arun/.local/lib/python3.10/site-packages/airflow/example_dags/example_nested_branch_dag.py for tasks to queue
[2024-02-29T18:56:11.443+0530] {logging_mixin.py:188} INFO - [2024-02-29T18:56:11.443+0530] {dagbag.py:538} INFO - Filling up the DagBag from /home/arun/.local/lib/python3.10/site-packages/airflow/example_dags/example_nested_branch_dag.py
[2024-02-29T18:56:11.455+0530] {processor.py:840} INFO - DAG(s) 'example_nested_branch_dag' retrieved from /home/arun/.local/lib/python3.10/site-packages/airflow/example_dags/example_nested_branch_dag.py
[2024-02-29T18:56:11.479+0530] {logging_mixin.py:188} INFO - [2024-02-29T18:56:11.479+0530] {dag.py:3036} INFO - Sync 1 DAGs
[2024-02-29T18:56:11.515+0530] {logging_mixin.py:188} INFO - [2024-02-29T18:56:11.514+0530] {dag.py:3823} INFO - Setting next_dagrun for example_nested_branch_dag to 2024-02-28 00:00:00+00:00, run_after=2024-02-29 00:00:00+00:00
[2024-02-29T18:56:11.555+0530] {processor.py:183} INFO - Processing /home/arun/.local/lib/python3.10/site-packages/airflow/example_dags/example_nested_branch_dag.py took 0.151 seconds
[2024-02-29T18:57:08.785+0530] {processor.py:161} INFO - Started process (PID=9524) to work on /home/arun/.local/lib/python3.10/site-packages/airflow/example_dags/example_nested_branch_dag.py
[2024-02-29T18:57:08.809+0530] {processor.py:830} INFO - Processing file /home/arun/.local/lib/python3.10/site-packages/airflow/example_dags/example_nested_branch_dag.py for tasks to queue
[2024-02-29T18:57:08.811+0530] {logging_mixin.py:188} INFO - [2024-02-29T18:57:08.810+0530] {dagbag.py:538} INFO - Filling up the DagBag from /home/arun/.local/lib/python3.10/site-packages/airflow/example_dags/example_nested_branch_dag.py
[2024-02-29T18:57:08.828+0530] {processor.py:840} INFO - DAG(s) 'example_nested_branch_dag' retrieved from /home/arun/.local/lib/python3.10/site-packages/airflow/example_dags/example_nested_branch_dag.py
[2024-02-29T18:57:08.879+0530] {logging_mixin.py:188} INFO - [2024-02-29T18:57:08.878+0530] {dag.py:3036} INFO - Sync 1 DAGs
[2024-02-29T18:57:08.907+0530] {logging_mixin.py:188} INFO - [2024-02-29T18:57:08.906+0530] {dag.py:3823} INFO - Setting next_dagrun for example_nested_branch_dag to 2024-02-28 00:00:00+00:00, run_after=2024-02-29 00:00:00+00:00
[2024-02-29T18:57:08.968+0530] {processor.py:183} INFO - Processing /home/arun/.local/lib/python3.10/site-packages/airflow/example_dags/example_nested_branch_dag.py took 0.187 seconds
[2024-02-29T18:58:04.801+0530] {processor.py:161} INFO - Started process (PID=9614) to work on /home/arun/.local/lib/python3.10/site-packages/airflow/example_dags/example_nested_branch_dag.py
[2024-02-29T18:58:04.832+0530] {processor.py:830} INFO - Processing file /home/arun/.local/lib/python3.10/site-packages/airflow/example_dags/example_nested_branch_dag.py for tasks to queue
[2024-02-29T18:58:04.834+0530] {logging_mixin.py:188} INFO - [2024-02-29T18:58:04.833+0530] {dagbag.py:538} INFO - Filling up the DagBag from /home/arun/.local/lib/python3.10/site-packages/airflow/example_dags/example_nested_branch_dag.py
[2024-02-29T18:58:04.850+0530] {processor.py:840} INFO - DAG(s) 'example_nested_branch_dag' retrieved from /home/arun/.local/lib/python3.10/site-packages/airflow/example_dags/example_nested_branch_dag.py
[2024-02-29T18:58:04.911+0530] {logging_mixin.py:188} INFO - [2024-02-29T18:58:04.911+0530] {dag.py:3036} INFO - Sync 1 DAGs
[2024-02-29T18:58:04.978+0530] {logging_mixin.py:188} INFO - [2024-02-29T18:58:04.978+0530] {dag.py:3823} INFO - Setting next_dagrun for example_nested_branch_dag to 2024-02-28 00:00:00+00:00, run_after=2024-02-29 00:00:00+00:00
[2024-02-29T18:58:05.091+0530] {processor.py:183} INFO - Processing /home/arun/.local/lib/python3.10/site-packages/airflow/example_dags/example_nested_branch_dag.py took 0.294 seconds
[2024-02-29T18:59:05.473+0530] {processor.py:161} INFO - Started process (PID=9722) to work on /home/arun/.local/lib/python3.10/site-packages/airflow/example_dags/example_nested_branch_dag.py
[2024-02-29T18:59:05.504+0530] {processor.py:830} INFO - Processing file /home/arun/.local/lib/python3.10/site-packages/airflow/example_dags/example_nested_branch_dag.py for tasks to queue
[2024-02-29T18:59:05.506+0530] {logging_mixin.py:188} INFO - [2024-02-29T18:59:05.505+0530] {dagbag.py:538} INFO - Filling up the DagBag from /home/arun/.local/lib/python3.10/site-packages/airflow/example_dags/example_nested_branch_dag.py
[2024-02-29T18:59:05.523+0530] {processor.py:840} INFO - DAG(s) 'example_nested_branch_dag' retrieved from /home/arun/.local/lib/python3.10/site-packages/airflow/example_dags/example_nested_branch_dag.py
[2024-02-29T18:59:05.546+0530] {logging_mixin.py:188} INFO - [2024-02-29T18:59:05.546+0530] {dag.py:3036} INFO - Sync 1 DAGs
[2024-02-29T18:59:05.570+0530] {logging_mixin.py:188} INFO - [2024-02-29T18:59:05.570+0530] {dag.py:3823} INFO - Setting next_dagrun for example_nested_branch_dag to 2024-02-28 00:00:00+00:00, run_after=2024-02-29 00:00:00+00:00
[2024-02-29T18:59:05.604+0530] {processor.py:183} INFO - Processing /home/arun/.local/lib/python3.10/site-packages/airflow/example_dags/example_nested_branch_dag.py took 0.136 seconds
[2024-02-29T19:00:02.024+0530] {processor.py:161} INFO - Started process (PID=9823) to work on /home/arun/.local/lib/python3.10/site-packages/airflow/example_dags/example_nested_branch_dag.py
[2024-02-29T19:00:02.067+0530] {processor.py:830} INFO - Processing file /home/arun/.local/lib/python3.10/site-packages/airflow/example_dags/example_nested_branch_dag.py for tasks to queue
[2024-02-29T19:00:02.071+0530] {logging_mixin.py:188} INFO - [2024-02-29T19:00:02.068+0530] {dagbag.py:538} INFO - Filling up the DagBag from /home/arun/.local/lib/python3.10/site-packages/airflow/example_dags/example_nested_branch_dag.py
[2024-02-29T19:00:02.094+0530] {processor.py:840} INFO - DAG(s) 'example_nested_branch_dag' retrieved from /home/arun/.local/lib/python3.10/site-packages/airflow/example_dags/example_nested_branch_dag.py
[2024-02-29T19:00:02.119+0530] {logging_mixin.py:188} INFO - [2024-02-29T19:00:02.119+0530] {dag.py:3036} INFO - Sync 1 DAGs
[2024-02-29T19:00:02.145+0530] {logging_mixin.py:188} INFO - [2024-02-29T19:00:02.144+0530] {dag.py:3823} INFO - Setting next_dagrun for example_nested_branch_dag to 2024-02-28 00:00:00+00:00, run_after=2024-02-29 00:00:00+00:00
[2024-02-29T19:00:02.172+0530] {processor.py:183} INFO - Processing /home/arun/.local/lib/python3.10/site-packages/airflow/example_dags/example_nested_branch_dag.py took 0.155 seconds
[2024-02-29T19:00:52.056+0530] {processor.py:161} INFO - Started process (PID=9906) to work on /home/arun/.local/lib/python3.10/site-packages/airflow/example_dags/example_nested_branch_dag.py
[2024-02-29T19:00:52.059+0530] {processor.py:830} INFO - Processing file /home/arun/.local/lib/python3.10/site-packages/airflow/example_dags/example_nested_branch_dag.py for tasks to queue
[2024-02-29T19:00:52.061+0530] {logging_mixin.py:188} INFO - [2024-02-29T19:00:52.060+0530] {dagbag.py:538} INFO - Filling up the DagBag from /home/arun/.local/lib/python3.10/site-packages/airflow/example_dags/example_nested_branch_dag.py
[2024-02-29T19:00:52.076+0530] {processor.py:840} INFO - DAG(s) 'example_nested_branch_dag' retrieved from /home/arun/.local/lib/python3.10/site-packages/airflow/example_dags/example_nested_branch_dag.py
[2024-02-29T19:00:52.099+0530] {logging_mixin.py:188} INFO - [2024-02-29T19:00:52.099+0530] {dag.py:3036} INFO - Sync 1 DAGs
[2024-02-29T19:00:52.124+0530] {logging_mixin.py:188} INFO - [2024-02-29T19:00:52.124+0530] {dag.py:3823} INFO - Setting next_dagrun for example_nested_branch_dag to 2024-02-28 00:00:00+00:00, run_after=2024-02-29 00:00:00+00:00
[2024-02-29T19:00:52.156+0530] {processor.py:183} INFO - Processing /home/arun/.local/lib/python3.10/site-packages/airflow/example_dags/example_nested_branch_dag.py took 0.104 seconds
[2024-02-29T19:01:44.799+0530] {processor.py:161} INFO - Started process (PID=9992) to work on /home/arun/.local/lib/python3.10/site-packages/airflow/example_dags/example_nested_branch_dag.py
[2024-02-29T19:01:44.800+0530] {processor.py:830} INFO - Processing file /home/arun/.local/lib/python3.10/site-packages/airflow/example_dags/example_nested_branch_dag.py for tasks to queue
[2024-02-29T19:01:44.801+0530] {logging_mixin.py:188} INFO - [2024-02-29T19:01:44.801+0530] {dagbag.py:538} INFO - Filling up the DagBag from /home/arun/.local/lib/python3.10/site-packages/airflow/example_dags/example_nested_branch_dag.py
[2024-02-29T19:01:44.813+0530] {processor.py:840} INFO - DAG(s) 'example_nested_branch_dag' retrieved from /home/arun/.local/lib/python3.10/site-packages/airflow/example_dags/example_nested_branch_dag.py
[2024-02-29T19:01:44.839+0530] {logging_mixin.py:188} INFO - [2024-02-29T19:01:44.839+0530] {dag.py:3036} INFO - Sync 1 DAGs
[2024-02-29T19:01:44.883+0530] {logging_mixin.py:188} INFO - [2024-02-29T19:01:44.883+0530] {dag.py:3823} INFO - Setting next_dagrun for example_nested_branch_dag to 2024-02-28 00:00:00+00:00, run_after=2024-02-29 00:00:00+00:00
[2024-02-29T19:01:44.950+0530] {processor.py:183} INFO - Processing /home/arun/.local/lib/python3.10/site-packages/airflow/example_dags/example_nested_branch_dag.py took 0.154 seconds
[2024-02-29T19:02:36.869+0530] {processor.py:161} INFO - Started process (PID=10075) to work on /home/arun/.local/lib/python3.10/site-packages/airflow/example_dags/example_nested_branch_dag.py
[2024-02-29T19:02:36.870+0530] {processor.py:830} INFO - Processing file /home/arun/.local/lib/python3.10/site-packages/airflow/example_dags/example_nested_branch_dag.py for tasks to queue
[2024-02-29T19:02:36.871+0530] {logging_mixin.py:188} INFO - [2024-02-29T19:02:36.871+0530] {dagbag.py:538} INFO - Filling up the DagBag from /home/arun/.local/lib/python3.10/site-packages/airflow/example_dags/example_nested_branch_dag.py
[2024-02-29T19:02:36.882+0530] {processor.py:840} INFO - DAG(s) 'example_nested_branch_dag' retrieved from /home/arun/.local/lib/python3.10/site-packages/airflow/example_dags/example_nested_branch_dag.py
[2024-02-29T19:02:36.899+0530] {logging_mixin.py:188} INFO - [2024-02-29T19:02:36.899+0530] {dag.py:3036} INFO - Sync 1 DAGs
[2024-02-29T19:02:36.919+0530] {logging_mixin.py:188} INFO - [2024-02-29T19:02:36.919+0530] {dag.py:3823} INFO - Setting next_dagrun for example_nested_branch_dag to 2024-02-28 00:00:00+00:00, run_after=2024-02-29 00:00:00+00:00
[2024-02-29T19:02:36.944+0530] {processor.py:183} INFO - Processing /home/arun/.local/lib/python3.10/site-packages/airflow/example_dags/example_nested_branch_dag.py took 0.079 seconds
[2024-02-29T19:03:25.982+0530] {processor.py:161} INFO - Started process (PID=10155) to work on /home/arun/.local/lib/python3.10/site-packages/airflow/example_dags/example_nested_branch_dag.py
[2024-02-29T19:03:25.989+0530] {processor.py:830} INFO - Processing file /home/arun/.local/lib/python3.10/site-packages/airflow/example_dags/example_nested_branch_dag.py for tasks to queue
[2024-02-29T19:03:25.990+0530] {logging_mixin.py:188} INFO - [2024-02-29T19:03:25.990+0530] {dagbag.py:538} INFO - Filling up the DagBag from /home/arun/.local/lib/python3.10/site-packages/airflow/example_dags/example_nested_branch_dag.py
[2024-02-29T19:03:26.022+0530] {processor.py:840} INFO - DAG(s) 'example_nested_branch_dag' retrieved from /home/arun/.local/lib/python3.10/site-packages/airflow/example_dags/example_nested_branch_dag.py
[2024-02-29T19:03:26.050+0530] {logging_mixin.py:188} INFO - [2024-02-29T19:03:26.049+0530] {dag.py:3036} INFO - Sync 1 DAGs
[2024-02-29T19:03:26.085+0530] {logging_mixin.py:188} INFO - [2024-02-29T19:03:26.085+0530] {dag.py:3823} INFO - Setting next_dagrun for example_nested_branch_dag to 2024-02-28 00:00:00+00:00, run_after=2024-02-29 00:00:00+00:00
[2024-02-29T19:03:26.141+0530] {processor.py:183} INFO - Processing /home/arun/.local/lib/python3.10/site-packages/airflow/example_dags/example_nested_branch_dag.py took 0.164 seconds
[2024-02-29T19:04:12.996+0530] {processor.py:161} INFO - Started process (PID=10231) to work on /home/arun/.local/lib/python3.10/site-packages/airflow/example_dags/example_nested_branch_dag.py
[2024-02-29T19:04:13.034+0530] {processor.py:830} INFO - Processing file /home/arun/.local/lib/python3.10/site-packages/airflow/example_dags/example_nested_branch_dag.py for tasks to queue
[2024-02-29T19:04:13.036+0530] {logging_mixin.py:188} INFO - [2024-02-29T19:04:13.035+0530] {dagbag.py:538} INFO - Filling up the DagBag from /home/arun/.local/lib/python3.10/site-packages/airflow/example_dags/example_nested_branch_dag.py
[2024-02-29T19:04:13.049+0530] {processor.py:840} INFO - DAG(s) 'example_nested_branch_dag' retrieved from /home/arun/.local/lib/python3.10/site-packages/airflow/example_dags/example_nested_branch_dag.py
[2024-02-29T19:04:13.072+0530] {logging_mixin.py:188} INFO - [2024-02-29T19:04:13.071+0530] {dag.py:3036} INFO - Sync 1 DAGs
[2024-02-29T19:04:13.100+0530] {logging_mixin.py:188} INFO - [2024-02-29T19:04:13.100+0530] {dag.py:3823} INFO - Setting next_dagrun for example_nested_branch_dag to 2024-02-28 00:00:00+00:00, run_after=2024-02-29 00:00:00+00:00
[2024-02-29T19:04:13.132+0530] {processor.py:183} INFO - Processing /home/arun/.local/lib/python3.10/site-packages/airflow/example_dags/example_nested_branch_dag.py took 0.142 seconds
[2024-02-29T19:05:02.238+0530] {processor.py:161} INFO - Started process (PID=10334) to work on /home/arun/.local/lib/python3.10/site-packages/airflow/example_dags/example_nested_branch_dag.py
[2024-02-29T19:05:02.242+0530] {processor.py:830} INFO - Processing file /home/arun/.local/lib/python3.10/site-packages/airflow/example_dags/example_nested_branch_dag.py for tasks to queue
[2024-02-29T19:05:02.245+0530] {logging_mixin.py:188} INFO - [2024-02-29T19:05:02.244+0530] {dagbag.py:538} INFO - Filling up the DagBag from /home/arun/.local/lib/python3.10/site-packages/airflow/example_dags/example_nested_branch_dag.py
[2024-02-29T19:05:02.279+0530] {processor.py:840} INFO - DAG(s) 'example_nested_branch_dag' retrieved from /home/arun/.local/lib/python3.10/site-packages/airflow/example_dags/example_nested_branch_dag.py
[2024-02-29T19:05:02.344+0530] {logging_mixin.py:188} INFO - [2024-02-29T19:05:02.342+0530] {dag.py:3036} INFO - Sync 1 DAGs
[2024-02-29T19:05:02.432+0530] {logging_mixin.py:188} INFO - [2024-02-29T19:05:02.432+0530] {dag.py:3823} INFO - Setting next_dagrun for example_nested_branch_dag to 2024-02-28 00:00:00+00:00, run_after=2024-02-29 00:00:00+00:00
[2024-02-29T19:05:02.526+0530] {processor.py:183} INFO - Processing /home/arun/.local/lib/python3.10/site-packages/airflow/example_dags/example_nested_branch_dag.py took 0.299 seconds
[2024-02-29T19:06:19.366+0530] {processor.py:161} INFO - Started process (PID=10618) to work on /home/arun/.local/lib/python3.10/site-packages/airflow/example_dags/example_nested_branch_dag.py
[2024-02-29T19:06:19.411+0530] {processor.py:830} INFO - Processing file /home/arun/.local/lib/python3.10/site-packages/airflow/example_dags/example_nested_branch_dag.py for tasks to queue
[2024-02-29T19:06:19.413+0530] {logging_mixin.py:188} INFO - [2024-02-29T19:06:19.412+0530] {dagbag.py:538} INFO - Filling up the DagBag from /home/arun/.local/lib/python3.10/site-packages/airflow/example_dags/example_nested_branch_dag.py
[2024-02-29T19:06:19.434+0530] {processor.py:840} INFO - DAG(s) 'example_nested_branch_dag' retrieved from /home/arun/.local/lib/python3.10/site-packages/airflow/example_dags/example_nested_branch_dag.py
[2024-02-29T19:06:19.472+0530] {logging_mixin.py:188} INFO - [2024-02-29T19:06:19.472+0530] {dag.py:3036} INFO - Sync 1 DAGs
[2024-02-29T19:06:19.519+0530] {logging_mixin.py:188} INFO - [2024-02-29T19:06:19.518+0530] {dag.py:3823} INFO - Setting next_dagrun for example_nested_branch_dag to 2024-02-28 00:00:00+00:00, run_after=2024-02-29 00:00:00+00:00
[2024-02-29T19:06:19.704+0530] {processor.py:183} INFO - Processing /home/arun/.local/lib/python3.10/site-packages/airflow/example_dags/example_nested_branch_dag.py took 0.344 seconds
