[2024-02-29T18:16:23.423+0530] {processor.py:161} INFO - Started process (PID=5216) to work on /home/arun/.local/lib/python3.10/site-packages/airflow/example_dags/example_bash_operator.py
[2024-02-29T18:16:23.428+0530] {processor.py:830} INFO - Processing file /home/arun/.local/lib/python3.10/site-packages/airflow/example_dags/example_bash_operator.py for tasks to queue
[2024-02-29T18:16:23.432+0530] {logging_mixin.py:188} INFO - [2024-02-29T18:16:23.431+0530] {dagbag.py:538} INFO - Filling up the DagBag from /home/arun/.local/lib/python3.10/site-packages/airflow/example_dags/example_bash_operator.py
[2024-02-29T18:16:23.492+0530] {processor.py:840} INFO - DAG(s) 'example_bash_operator' retrieved from /home/arun/.local/lib/python3.10/site-packages/airflow/example_dags/example_bash_operator.py
[2024-02-29T18:16:24.197+0530] {logging_mixin.py:188} INFO - [2024-02-29T18:16:24.197+0530] {dag.py:3036} INFO - Sync 1 DAGs
[2024-02-29T18:16:24.262+0530] {logging_mixin.py:188} INFO - [2024-02-29T18:16:24.262+0530] {dag.py:3823} INFO - Setting next_dagrun for example_bash_operator to 2024-02-28 00:00:00+00:00, run_after=2024-02-29 00:00:00+00:00
[2024-02-29T18:16:24.395+0530] {processor.py:183} INFO - Processing /home/arun/.local/lib/python3.10/site-packages/airflow/example_dags/example_bash_operator.py took 0.998 seconds
[2024-02-29T18:18:08.704+0530] {processor.py:161} INFO - Started process (PID=5348) to work on /home/arun/.local/lib/python3.10/site-packages/airflow/example_dags/example_bash_operator.py
[2024-02-29T18:18:08.803+0530] {processor.py:830} INFO - Processing file /home/arun/.local/lib/python3.10/site-packages/airflow/example_dags/example_bash_operator.py for tasks to queue
[2024-02-29T18:18:08.807+0530] {logging_mixin.py:188} INFO - [2024-02-29T18:18:08.804+0530] {dagbag.py:538} INFO - Filling up the DagBag from /home/arun/.local/lib/python3.10/site-packages/airflow/example_dags/example_bash_operator.py
[2024-02-29T18:18:08.840+0530] {processor.py:840} INFO - DAG(s) 'example_bash_operator' retrieved from /home/arun/.local/lib/python3.10/site-packages/airflow/example_dags/example_bash_operator.py
[2024-02-29T18:18:08.906+0530] {logging_mixin.py:188} INFO - [2024-02-29T18:18:08.906+0530] {dag.py:3036} INFO - Sync 1 DAGs
[2024-02-29T18:18:08.961+0530] {logging_mixin.py:188} INFO - [2024-02-29T18:18:08.960+0530] {dag.py:3823} INFO - Setting next_dagrun for example_bash_operator to 2024-02-28 00:00:00+00:00, run_after=2024-02-29 00:00:00+00:00
[2024-02-29T18:18:09.080+0530] {processor.py:183} INFO - Processing /home/arun/.local/lib/python3.10/site-packages/airflow/example_dags/example_bash_operator.py took 0.385 seconds
[2024-02-29T18:20:18.186+0530] {processor.py:161} INFO - Started process (PID=5469) to work on /home/arun/.local/lib/python3.10/site-packages/airflow/example_dags/example_bash_operator.py
[2024-02-29T18:20:18.270+0530] {processor.py:830} INFO - Processing file /home/arun/.local/lib/python3.10/site-packages/airflow/example_dags/example_bash_operator.py for tasks to queue
[2024-02-29T18:20:18.272+0530] {logging_mixin.py:188} INFO - [2024-02-29T18:20:18.271+0530] {dagbag.py:538} INFO - Filling up the DagBag from /home/arun/.local/lib/python3.10/site-packages/airflow/example_dags/example_bash_operator.py
[2024-02-29T18:20:18.327+0530] {processor.py:840} INFO - DAG(s) 'example_bash_operator' retrieved from /home/arun/.local/lib/python3.10/site-packages/airflow/example_dags/example_bash_operator.py
[2024-02-29T18:20:18.415+0530] {logging_mixin.py:188} INFO - [2024-02-29T18:20:18.415+0530] {dag.py:3036} INFO - Sync 1 DAGs
[2024-02-29T18:20:18.483+0530] {logging_mixin.py:188} INFO - [2024-02-29T18:20:18.482+0530] {dag.py:3823} INFO - Setting next_dagrun for example_bash_operator to 2024-02-28 00:00:00+00:00, run_after=2024-02-29 00:00:00+00:00
[2024-02-29T18:20:18.690+0530] {processor.py:183} INFO - Processing /home/arun/.local/lib/python3.10/site-packages/airflow/example_dags/example_bash_operator.py took 0.509 seconds
[2024-02-29T18:21:32.461+0530] {processor.py:161} INFO - Started process (PID=5608) to work on /home/arun/.local/lib/python3.10/site-packages/airflow/example_dags/example_bash_operator.py
[2024-02-29T18:21:32.552+0530] {processor.py:830} INFO - Processing file /home/arun/.local/lib/python3.10/site-packages/airflow/example_dags/example_bash_operator.py for tasks to queue
[2024-02-29T18:21:32.553+0530] {logging_mixin.py:188} INFO - [2024-02-29T18:21:32.552+0530] {dagbag.py:538} INFO - Filling up the DagBag from /home/arun/.local/lib/python3.10/site-packages/airflow/example_dags/example_bash_operator.py
[2024-02-29T18:21:32.566+0530] {processor.py:840} INFO - DAG(s) 'example_bash_operator' retrieved from /home/arun/.local/lib/python3.10/site-packages/airflow/example_dags/example_bash_operator.py
[2024-02-29T18:21:32.598+0530] {logging_mixin.py:188} INFO - [2024-02-29T18:21:32.598+0530] {dag.py:3036} INFO - Sync 1 DAGs
[2024-02-29T18:21:32.635+0530] {logging_mixin.py:188} INFO - [2024-02-29T18:21:32.635+0530] {dag.py:3823} INFO - Setting next_dagrun for example_bash_operator to 2024-02-28 00:00:00+00:00, run_after=2024-02-29 00:00:00+00:00
[2024-02-29T18:21:32.750+0530] {processor.py:183} INFO - Processing /home/arun/.local/lib/python3.10/site-packages/airflow/example_dags/example_bash_operator.py took 0.292 seconds
[2024-02-29T18:22:55.345+0530] {processor.py:161} INFO - Started process (PID=5738) to work on /home/arun/.local/lib/python3.10/site-packages/airflow/example_dags/example_bash_operator.py
[2024-02-29T18:22:55.382+0530] {processor.py:830} INFO - Processing file /home/arun/.local/lib/python3.10/site-packages/airflow/example_dags/example_bash_operator.py for tasks to queue
[2024-02-29T18:22:55.384+0530] {logging_mixin.py:188} INFO - [2024-02-29T18:22:55.383+0530] {dagbag.py:538} INFO - Filling up the DagBag from /home/arun/.local/lib/python3.10/site-packages/airflow/example_dags/example_bash_operator.py
[2024-02-29T18:22:55.406+0530] {processor.py:840} INFO - DAG(s) 'example_bash_operator' retrieved from /home/arun/.local/lib/python3.10/site-packages/airflow/example_dags/example_bash_operator.py
[2024-02-29T18:22:55.442+0530] {logging_mixin.py:188} INFO - [2024-02-29T18:22:55.442+0530] {dag.py:3036} INFO - Sync 1 DAGs
[2024-02-29T18:22:55.480+0530] {logging_mixin.py:188} INFO - [2024-02-29T18:22:55.479+0530] {dag.py:3823} INFO - Setting next_dagrun for example_bash_operator to 2024-02-28 00:00:00+00:00, run_after=2024-02-29 00:00:00+00:00
[2024-02-29T18:22:55.524+0530] {processor.py:183} INFO - Processing /home/arun/.local/lib/python3.10/site-packages/airflow/example_dags/example_bash_operator.py took 0.188 seconds
[2024-02-29T18:24:12.052+0530] {processor.py:161} INFO - Started process (PID=5880) to work on /home/arun/.local/lib/python3.10/site-packages/airflow/example_dags/example_bash_operator.py
[2024-02-29T18:24:12.082+0530] {processor.py:830} INFO - Processing file /home/arun/.local/lib/python3.10/site-packages/airflow/example_dags/example_bash_operator.py for tasks to queue
[2024-02-29T18:24:12.084+0530] {logging_mixin.py:188} INFO - [2024-02-29T18:24:12.083+0530] {dagbag.py:538} INFO - Filling up the DagBag from /home/arun/.local/lib/python3.10/site-packages/airflow/example_dags/example_bash_operator.py
[2024-02-29T18:24:12.101+0530] {processor.py:840} INFO - DAG(s) 'example_bash_operator' retrieved from /home/arun/.local/lib/python3.10/site-packages/airflow/example_dags/example_bash_operator.py
[2024-02-29T18:24:12.134+0530] {logging_mixin.py:188} INFO - [2024-02-29T18:24:12.134+0530] {dag.py:3036} INFO - Sync 1 DAGs
[2024-02-29T18:24:12.164+0530] {logging_mixin.py:188} INFO - [2024-02-29T18:24:12.164+0530] {dag.py:3823} INFO - Setting next_dagrun for example_bash_operator to 2024-02-28 00:00:00+00:00, run_after=2024-02-29 00:00:00+00:00
[2024-02-29T18:24:12.195+0530] {processor.py:183} INFO - Processing /home/arun/.local/lib/python3.10/site-packages/airflow/example_dags/example_bash_operator.py took 0.148 seconds
[2024-02-29T18:25:26.947+0530] {processor.py:161} INFO - Started process (PID=5994) to work on /home/arun/.local/lib/python3.10/site-packages/airflow/example_dags/example_bash_operator.py
[2024-02-29T18:25:26.984+0530] {processor.py:830} INFO - Processing file /home/arun/.local/lib/python3.10/site-packages/airflow/example_dags/example_bash_operator.py for tasks to queue
[2024-02-29T18:25:26.986+0530] {logging_mixin.py:188} INFO - [2024-02-29T18:25:26.985+0530] {dagbag.py:538} INFO - Filling up the DagBag from /home/arun/.local/lib/python3.10/site-packages/airflow/example_dags/example_bash_operator.py
[2024-02-29T18:25:27.001+0530] {processor.py:840} INFO - DAG(s) 'example_bash_operator' retrieved from /home/arun/.local/lib/python3.10/site-packages/airflow/example_dags/example_bash_operator.py
[2024-02-29T18:25:27.032+0530] {logging_mixin.py:188} INFO - [2024-02-29T18:25:27.031+0530] {dag.py:3036} INFO - Sync 1 DAGs
[2024-02-29T18:25:27.058+0530] {logging_mixin.py:188} INFO - [2024-02-29T18:25:27.058+0530] {dag.py:3823} INFO - Setting next_dagrun for example_bash_operator to 2024-02-28 00:00:00+00:00, run_after=2024-02-29 00:00:00+00:00
[2024-02-29T18:25:27.091+0530] {processor.py:183} INFO - Processing /home/arun/.local/lib/python3.10/site-packages/airflow/example_dags/example_bash_operator.py took 0.147 seconds
[2024-02-29T18:26:37.112+0530] {processor.py:161} INFO - Started process (PID=6104) to work on /home/arun/.local/lib/python3.10/site-packages/airflow/example_dags/example_bash_operator.py
[2024-02-29T18:26:37.125+0530] {processor.py:830} INFO - Processing file /home/arun/.local/lib/python3.10/site-packages/airflow/example_dags/example_bash_operator.py for tasks to queue
[2024-02-29T18:26:37.126+0530] {logging_mixin.py:188} INFO - [2024-02-29T18:26:37.125+0530] {dagbag.py:538} INFO - Filling up the DagBag from /home/arun/.local/lib/python3.10/site-packages/airflow/example_dags/example_bash_operator.py
[2024-02-29T18:26:37.161+0530] {processor.py:840} INFO - DAG(s) 'example_bash_operator' retrieved from /home/arun/.local/lib/python3.10/site-packages/airflow/example_dags/example_bash_operator.py
[2024-02-29T18:26:37.191+0530] {logging_mixin.py:188} INFO - [2024-02-29T18:26:37.191+0530] {dag.py:3036} INFO - Sync 1 DAGs
[2024-02-29T18:26:37.218+0530] {logging_mixin.py:188} INFO - [2024-02-29T18:26:37.218+0530] {dag.py:3823} INFO - Setting next_dagrun for example_bash_operator to 2024-02-28 00:00:00+00:00, run_after=2024-02-29 00:00:00+00:00
[2024-02-29T18:26:37.250+0530] {processor.py:183} INFO - Processing /home/arun/.local/lib/python3.10/site-packages/airflow/example_dags/example_bash_operator.py took 0.143 seconds
[2024-02-29T18:27:44.162+0530] {processor.py:161} INFO - Started process (PID=6219) to work on /home/arun/.local/lib/python3.10/site-packages/airflow/example_dags/example_bash_operator.py
[2024-02-29T18:27:44.169+0530] {processor.py:830} INFO - Processing file /home/arun/.local/lib/python3.10/site-packages/airflow/example_dags/example_bash_operator.py for tasks to queue
[2024-02-29T18:27:44.172+0530] {logging_mixin.py:188} INFO - [2024-02-29T18:27:44.171+0530] {dagbag.py:538} INFO - Filling up the DagBag from /home/arun/.local/lib/python3.10/site-packages/airflow/example_dags/example_bash_operator.py
[2024-02-29T18:27:44.195+0530] {processor.py:840} INFO - DAG(s) 'example_bash_operator' retrieved from /home/arun/.local/lib/python3.10/site-packages/airflow/example_dags/example_bash_operator.py
[2024-02-29T18:27:44.236+0530] {logging_mixin.py:188} INFO - [2024-02-29T18:27:44.236+0530] {dag.py:3036} INFO - Sync 1 DAGs
[2024-02-29T18:27:44.284+0530] {logging_mixin.py:188} INFO - [2024-02-29T18:27:44.284+0530] {dag.py:3823} INFO - Setting next_dagrun for example_bash_operator to 2024-02-28 00:00:00+00:00, run_after=2024-02-29 00:00:00+00:00
[2024-02-29T18:27:44.389+0530] {processor.py:183} INFO - Processing /home/arun/.local/lib/python3.10/site-packages/airflow/example_dags/example_bash_operator.py took 0.234 seconds
[2024-02-29T18:29:01.697+0530] {processor.py:161} INFO - Started process (PID=6347) to work on /home/arun/.local/lib/python3.10/site-packages/airflow/example_dags/example_bash_operator.py
[2024-02-29T18:29:01.783+0530] {processor.py:830} INFO - Processing file /home/arun/.local/lib/python3.10/site-packages/airflow/example_dags/example_bash_operator.py for tasks to queue
[2024-02-29T18:29:01.784+0530] {logging_mixin.py:188} INFO - [2024-02-29T18:29:01.783+0530] {dagbag.py:538} INFO - Filling up the DagBag from /home/arun/.local/lib/python3.10/site-packages/airflow/example_dags/example_bash_operator.py
[2024-02-29T18:29:01.797+0530] {processor.py:840} INFO - DAG(s) 'example_bash_operator' retrieved from /home/arun/.local/lib/python3.10/site-packages/airflow/example_dags/example_bash_operator.py
[2024-02-29T18:29:01.831+0530] {logging_mixin.py:188} INFO - [2024-02-29T18:29:01.831+0530] {dag.py:3036} INFO - Sync 1 DAGs
[2024-02-29T18:29:01.872+0530] {logging_mixin.py:188} INFO - [2024-02-29T18:29:01.871+0530] {dag.py:3823} INFO - Setting next_dagrun for example_bash_operator to 2024-02-28 00:00:00+00:00, run_after=2024-02-29 00:00:00+00:00
[2024-02-29T18:29:01.916+0530] {processor.py:183} INFO - Processing /home/arun/.local/lib/python3.10/site-packages/airflow/example_dags/example_bash_operator.py took 0.222 seconds
[2024-02-29T18:30:02.279+0530] {processor.py:161} INFO - Started process (PID=6455) to work on /home/arun/.local/lib/python3.10/site-packages/airflow/example_dags/example_bash_operator.py
[2024-02-29T18:30:02.282+0530] {processor.py:830} INFO - Processing file /home/arun/.local/lib/python3.10/site-packages/airflow/example_dags/example_bash_operator.py for tasks to queue
[2024-02-29T18:30:02.283+0530] {logging_mixin.py:188} INFO - [2024-02-29T18:30:02.283+0530] {dagbag.py:538} INFO - Filling up the DagBag from /home/arun/.local/lib/python3.10/site-packages/airflow/example_dags/example_bash_operator.py
[2024-02-29T18:30:02.325+0530] {processor.py:840} INFO - DAG(s) 'example_bash_operator' retrieved from /home/arun/.local/lib/python3.10/site-packages/airflow/example_dags/example_bash_operator.py
[2024-02-29T18:30:02.382+0530] {logging_mixin.py:188} INFO - [2024-02-29T18:30:02.382+0530] {dag.py:3036} INFO - Sync 1 DAGs
[2024-02-29T18:30:02.422+0530] {logging_mixin.py:188} INFO - [2024-02-29T18:30:02.421+0530] {dag.py:3823} INFO - Setting next_dagrun for example_bash_operator to 2024-02-28 00:00:00+00:00, run_after=2024-02-29 00:00:00+00:00
[2024-02-29T18:30:02.465+0530] {processor.py:183} INFO - Processing /home/arun/.local/lib/python3.10/site-packages/airflow/example_dags/example_bash_operator.py took 0.190 seconds
[2024-02-29T18:31:02.495+0530] {processor.py:161} INFO - Started process (PID=6546) to work on /home/arun/.local/lib/python3.10/site-packages/airflow/example_dags/example_bash_operator.py
[2024-02-29T18:31:02.497+0530] {processor.py:830} INFO - Processing file /home/arun/.local/lib/python3.10/site-packages/airflow/example_dags/example_bash_operator.py for tasks to queue
[2024-02-29T18:31:02.499+0530] {logging_mixin.py:188} INFO - [2024-02-29T18:31:02.498+0530] {dagbag.py:538} INFO - Filling up the DagBag from /home/arun/.local/lib/python3.10/site-packages/airflow/example_dags/example_bash_operator.py
[2024-02-29T18:31:02.519+0530] {processor.py:840} INFO - DAG(s) 'example_bash_operator' retrieved from /home/arun/.local/lib/python3.10/site-packages/airflow/example_dags/example_bash_operator.py
[2024-02-29T18:31:02.571+0530] {logging_mixin.py:188} INFO - [2024-02-29T18:31:02.571+0530] {dag.py:3036} INFO - Sync 1 DAGs
[2024-02-29T18:31:02.614+0530] {logging_mixin.py:188} INFO - [2024-02-29T18:31:02.613+0530] {dag.py:3823} INFO - Setting next_dagrun for example_bash_operator to 2024-02-28 00:00:00+00:00, run_after=2024-02-29 00:00:00+00:00
[2024-02-29T18:31:02.661+0530] {processor.py:183} INFO - Processing /home/arun/.local/lib/python3.10/site-packages/airflow/example_dags/example_bash_operator.py took 0.171 seconds
[2024-02-29T18:32:16.644+0530] {processor.py:161} INFO - Started process (PID=6665) to work on /home/arun/.local/lib/python3.10/site-packages/airflow/example_dags/example_bash_operator.py
[2024-02-29T18:32:16.646+0530] {processor.py:830} INFO - Processing file /home/arun/.local/lib/python3.10/site-packages/airflow/example_dags/example_bash_operator.py for tasks to queue
[2024-02-29T18:32:16.647+0530] {logging_mixin.py:188} INFO - [2024-02-29T18:32:16.646+0530] {dagbag.py:538} INFO - Filling up the DagBag from /home/arun/.local/lib/python3.10/site-packages/airflow/example_dags/example_bash_operator.py
[2024-02-29T18:32:16.662+0530] {processor.py:840} INFO - DAG(s) 'example_bash_operator' retrieved from /home/arun/.local/lib/python3.10/site-packages/airflow/example_dags/example_bash_operator.py
[2024-02-29T18:32:16.696+0530] {logging_mixin.py:188} INFO - [2024-02-29T18:32:16.695+0530] {dag.py:3036} INFO - Sync 1 DAGs
[2024-02-29T18:32:16.745+0530] {logging_mixin.py:188} INFO - [2024-02-29T18:32:16.745+0530] {dag.py:3823} INFO - Setting next_dagrun for example_bash_operator to 2024-02-28 00:00:00+00:00, run_after=2024-02-29 00:00:00+00:00
[2024-02-29T18:32:16.802+0530] {processor.py:183} INFO - Processing /home/arun/.local/lib/python3.10/site-packages/airflow/example_dags/example_bash_operator.py took 0.161 seconds
[2024-02-29T18:33:39.030+0530] {processor.py:161} INFO - Started process (PID=6800) to work on /home/arun/.local/lib/python3.10/site-packages/airflow/example_dags/example_bash_operator.py
[2024-02-29T18:33:39.051+0530] {processor.py:830} INFO - Processing file /home/arun/.local/lib/python3.10/site-packages/airflow/example_dags/example_bash_operator.py for tasks to queue
[2024-02-29T18:33:39.052+0530] {logging_mixin.py:188} INFO - [2024-02-29T18:33:39.052+0530] {dagbag.py:538} INFO - Filling up the DagBag from /home/arun/.local/lib/python3.10/site-packages/airflow/example_dags/example_bash_operator.py
[2024-02-29T18:33:39.070+0530] {processor.py:840} INFO - DAG(s) 'example_bash_operator' retrieved from /home/arun/.local/lib/python3.10/site-packages/airflow/example_dags/example_bash_operator.py
[2024-02-29T18:33:39.109+0530] {logging_mixin.py:188} INFO - [2024-02-29T18:33:39.109+0530] {dag.py:3036} INFO - Sync 1 DAGs
[2024-02-29T18:33:39.138+0530] {logging_mixin.py:188} INFO - [2024-02-29T18:33:39.137+0530] {dag.py:3823} INFO - Setting next_dagrun for example_bash_operator to 2024-02-28 00:00:00+00:00, run_after=2024-02-29 00:00:00+00:00
[2024-02-29T18:33:39.173+0530] {processor.py:183} INFO - Processing /home/arun/.local/lib/python3.10/site-packages/airflow/example_dags/example_bash_operator.py took 0.147 seconds
[2024-02-29T18:34:57.786+0530] {processor.py:161} INFO - Started process (PID=6927) to work on /home/arun/.local/lib/python3.10/site-packages/airflow/example_dags/example_bash_operator.py
[2024-02-29T18:34:57.789+0530] {processor.py:830} INFO - Processing file /home/arun/.local/lib/python3.10/site-packages/airflow/example_dags/example_bash_operator.py for tasks to queue
[2024-02-29T18:34:57.791+0530] {logging_mixin.py:188} INFO - [2024-02-29T18:34:57.790+0530] {dagbag.py:538} INFO - Filling up the DagBag from /home/arun/.local/lib/python3.10/site-packages/airflow/example_dags/example_bash_operator.py
[2024-02-29T18:34:57.813+0530] {processor.py:840} INFO - DAG(s) 'example_bash_operator' retrieved from /home/arun/.local/lib/python3.10/site-packages/airflow/example_dags/example_bash_operator.py
[2024-02-29T18:34:57.871+0530] {logging_mixin.py:188} INFO - [2024-02-29T18:34:57.871+0530] {dag.py:3036} INFO - Sync 1 DAGs
[2024-02-29T18:34:57.916+0530] {logging_mixin.py:188} INFO - [2024-02-29T18:34:57.915+0530] {dag.py:3823} INFO - Setting next_dagrun for example_bash_operator to 2024-02-28 00:00:00+00:00, run_after=2024-02-29 00:00:00+00:00
[2024-02-29T18:34:57.954+0530] {processor.py:183} INFO - Processing /home/arun/.local/lib/python3.10/site-packages/airflow/example_dags/example_bash_operator.py took 0.174 seconds
[2024-02-29T18:36:21.475+0530] {processor.py:161} INFO - Started process (PID=7058) to work on /home/arun/.local/lib/python3.10/site-packages/airflow/example_dags/example_bash_operator.py
[2024-02-29T18:36:21.478+0530] {processor.py:830} INFO - Processing file /home/arun/.local/lib/python3.10/site-packages/airflow/example_dags/example_bash_operator.py for tasks to queue
[2024-02-29T18:36:21.481+0530] {logging_mixin.py:188} INFO - [2024-02-29T18:36:21.480+0530] {dagbag.py:538} INFO - Filling up the DagBag from /home/arun/.local/lib/python3.10/site-packages/airflow/example_dags/example_bash_operator.py
[2024-02-29T18:36:21.507+0530] {processor.py:840} INFO - DAG(s) 'example_bash_operator' retrieved from /home/arun/.local/lib/python3.10/site-packages/airflow/example_dags/example_bash_operator.py
[2024-02-29T18:36:21.557+0530] {logging_mixin.py:188} INFO - [2024-02-29T18:36:21.557+0530] {dag.py:3036} INFO - Sync 1 DAGs
[2024-02-29T18:36:21.601+0530] {logging_mixin.py:188} INFO - [2024-02-29T18:36:21.601+0530] {dag.py:3823} INFO - Setting next_dagrun for example_bash_operator to 2024-02-28 00:00:00+00:00, run_after=2024-02-29 00:00:00+00:00
[2024-02-29T18:36:21.639+0530] {processor.py:183} INFO - Processing /home/arun/.local/lib/python3.10/site-packages/airflow/example_dags/example_bash_operator.py took 0.169 seconds
[2024-02-29T18:37:25.209+0530] {processor.py:161} INFO - Started process (PID=7151) to work on /home/arun/.local/lib/python3.10/site-packages/airflow/example_dags/example_bash_operator.py
[2024-02-29T18:37:25.212+0530] {processor.py:830} INFO - Processing file /home/arun/.local/lib/python3.10/site-packages/airflow/example_dags/example_bash_operator.py for tasks to queue
[2024-02-29T18:37:25.214+0530] {logging_mixin.py:188} INFO - [2024-02-29T18:37:25.213+0530] {dagbag.py:538} INFO - Filling up the DagBag from /home/arun/.local/lib/python3.10/site-packages/airflow/example_dags/example_bash_operator.py
[2024-02-29T18:37:25.236+0530] {processor.py:840} INFO - DAG(s) 'example_bash_operator' retrieved from /home/arun/.local/lib/python3.10/site-packages/airflow/example_dags/example_bash_operator.py
[2024-02-29T18:37:25.322+0530] {logging_mixin.py:188} INFO - [2024-02-29T18:37:25.322+0530] {dag.py:3036} INFO - Sync 1 DAGs
[2024-02-29T18:37:25.354+0530] {logging_mixin.py:188} INFO - [2024-02-29T18:37:25.354+0530] {dag.py:3823} INFO - Setting next_dagrun for example_bash_operator to 2024-02-28 00:00:00+00:00, run_after=2024-02-29 00:00:00+00:00
[2024-02-29T18:37:25.429+0530] {processor.py:183} INFO - Processing /home/arun/.local/lib/python3.10/site-packages/airflow/example_dags/example_bash_operator.py took 0.225 seconds
[2024-02-29T18:38:22.447+0530] {processor.py:161} INFO - Started process (PID=7329) to work on /home/arun/.local/lib/python3.10/site-packages/airflow/example_dags/example_bash_operator.py
[2024-02-29T18:38:22.450+0530] {processor.py:830} INFO - Processing file /home/arun/.local/lib/python3.10/site-packages/airflow/example_dags/example_bash_operator.py for tasks to queue
[2024-02-29T18:38:22.452+0530] {logging_mixin.py:188} INFO - [2024-02-29T18:38:22.451+0530] {dagbag.py:538} INFO - Filling up the DagBag from /home/arun/.local/lib/python3.10/site-packages/airflow/example_dags/example_bash_operator.py
[2024-02-29T18:38:22.472+0530] {processor.py:840} INFO - DAG(s) 'example_bash_operator' retrieved from /home/arun/.local/lib/python3.10/site-packages/airflow/example_dags/example_bash_operator.py
[2024-02-29T18:38:22.510+0530] {logging_mixin.py:188} INFO - [2024-02-29T18:38:22.510+0530] {dag.py:3036} INFO - Sync 1 DAGs
[2024-02-29T18:38:22.550+0530] {logging_mixin.py:188} INFO - [2024-02-29T18:38:22.550+0530] {dag.py:3823} INFO - Setting next_dagrun for example_bash_operator to 2024-02-28 00:00:00+00:00, run_after=2024-02-29 00:00:00+00:00
[2024-02-29T18:38:22.586+0530] {processor.py:183} INFO - Processing /home/arun/.local/lib/python3.10/site-packages/airflow/example_dags/example_bash_operator.py took 0.144 seconds
[2024-02-29T18:39:21.377+0530] {processor.py:161} INFO - Started process (PID=7419) to work on /home/arun/.local/lib/python3.10/site-packages/airflow/example_dags/example_bash_operator.py
[2024-02-29T18:39:21.380+0530] {processor.py:830} INFO - Processing file /home/arun/.local/lib/python3.10/site-packages/airflow/example_dags/example_bash_operator.py for tasks to queue
[2024-02-29T18:39:21.381+0530] {logging_mixin.py:188} INFO - [2024-02-29T18:39:21.380+0530] {dagbag.py:538} INFO - Filling up the DagBag from /home/arun/.local/lib/python3.10/site-packages/airflow/example_dags/example_bash_operator.py
[2024-02-29T18:39:21.400+0530] {processor.py:840} INFO - DAG(s) 'example_bash_operator' retrieved from /home/arun/.local/lib/python3.10/site-packages/airflow/example_dags/example_bash_operator.py
[2024-02-29T18:39:21.436+0530] {logging_mixin.py:188} INFO - [2024-02-29T18:39:21.436+0530] {dag.py:3036} INFO - Sync 1 DAGs
[2024-02-29T18:39:21.465+0530] {logging_mixin.py:188} INFO - [2024-02-29T18:39:21.465+0530] {dag.py:3823} INFO - Setting next_dagrun for example_bash_operator to 2024-02-28 00:00:00+00:00, run_after=2024-02-29 00:00:00+00:00
[2024-02-29T18:39:21.497+0530] {processor.py:183} INFO - Processing /home/arun/.local/lib/python3.10/site-packages/airflow/example_dags/example_bash_operator.py took 0.124 seconds
[2024-02-29T18:40:46.588+0530] {processor.py:161} INFO - Started process (PID=7550) to work on /home/arun/.local/lib/python3.10/site-packages/airflow/example_dags/example_bash_operator.py
[2024-02-29T18:40:46.590+0530] {processor.py:830} INFO - Processing file /home/arun/.local/lib/python3.10/site-packages/airflow/example_dags/example_bash_operator.py for tasks to queue
[2024-02-29T18:40:46.590+0530] {logging_mixin.py:188} INFO - [2024-02-29T18:40:46.590+0530] {dagbag.py:538} INFO - Filling up the DagBag from /home/arun/.local/lib/python3.10/site-packages/airflow/example_dags/example_bash_operator.py
[2024-02-29T18:40:46.610+0530] {processor.py:840} INFO - DAG(s) 'example_bash_operator' retrieved from /home/arun/.local/lib/python3.10/site-packages/airflow/example_dags/example_bash_operator.py
[2024-02-29T18:40:46.651+0530] {logging_mixin.py:188} INFO - [2024-02-29T18:40:46.651+0530] {dag.py:3036} INFO - Sync 1 DAGs
[2024-02-29T18:40:46.695+0530] {logging_mixin.py:188} INFO - [2024-02-29T18:40:46.695+0530] {dag.py:3823} INFO - Setting next_dagrun for example_bash_operator to 2024-02-28 00:00:00+00:00, run_after=2024-02-29 00:00:00+00:00
[2024-02-29T18:40:46.752+0530] {processor.py:183} INFO - Processing /home/arun/.local/lib/python3.10/site-packages/airflow/example_dags/example_bash_operator.py took 0.167 seconds
[2024-02-29T18:42:10.606+0530] {processor.py:161} INFO - Started process (PID=7696) to work on /home/arun/.local/lib/python3.10/site-packages/airflow/example_dags/example_bash_operator.py
[2024-02-29T18:42:10.608+0530] {processor.py:830} INFO - Processing file /home/arun/.local/lib/python3.10/site-packages/airflow/example_dags/example_bash_operator.py for tasks to queue
[2024-02-29T18:42:10.609+0530] {logging_mixin.py:188} INFO - [2024-02-29T18:42:10.609+0530] {dagbag.py:538} INFO - Filling up the DagBag from /home/arun/.local/lib/python3.10/site-packages/airflow/example_dags/example_bash_operator.py
[2024-02-29T18:42:10.625+0530] {processor.py:840} INFO - DAG(s) 'example_bash_operator' retrieved from /home/arun/.local/lib/python3.10/site-packages/airflow/example_dags/example_bash_operator.py
[2024-02-29T18:42:10.653+0530] {logging_mixin.py:188} INFO - [2024-02-29T18:42:10.653+0530] {dag.py:3036} INFO - Sync 1 DAGs
[2024-02-29T18:42:10.676+0530] {logging_mixin.py:188} INFO - [2024-02-29T18:42:10.675+0530] {dag.py:3823} INFO - Setting next_dagrun for example_bash_operator to 2024-02-28 00:00:00+00:00, run_after=2024-02-29 00:00:00+00:00
[2024-02-29T18:42:10.708+0530] {processor.py:183} INFO - Processing /home/arun/.local/lib/python3.10/site-packages/airflow/example_dags/example_bash_operator.py took 0.107 seconds
[2024-02-29T18:43:11.915+0530] {processor.py:161} INFO - Started process (PID=7791) to work on /home/arun/.local/lib/python3.10/site-packages/airflow/example_dags/example_bash_operator.py
[2024-02-29T18:43:11.948+0530] {processor.py:830} INFO - Processing file /home/arun/.local/lib/python3.10/site-packages/airflow/example_dags/example_bash_operator.py for tasks to queue
[2024-02-29T18:43:11.950+0530] {logging_mixin.py:188} INFO - [2024-02-29T18:43:11.949+0530] {dagbag.py:538} INFO - Filling up the DagBag from /home/arun/.local/lib/python3.10/site-packages/airflow/example_dags/example_bash_operator.py
[2024-02-29T18:43:12.000+0530] {processor.py:840} INFO - DAG(s) 'example_bash_operator' retrieved from /home/arun/.local/lib/python3.10/site-packages/airflow/example_dags/example_bash_operator.py
[2024-02-29T18:43:12.094+0530] {logging_mixin.py:188} INFO - [2024-02-29T18:43:12.093+0530] {dag.py:3036} INFO - Sync 1 DAGs
[2024-02-29T18:43:12.164+0530] {logging_mixin.py:188} INFO - [2024-02-29T18:43:12.163+0530] {dag.py:3823} INFO - Setting next_dagrun for example_bash_operator to 2024-02-28 00:00:00+00:00, run_after=2024-02-29 00:00:00+00:00
[2024-02-29T18:43:12.222+0530] {processor.py:183} INFO - Processing /home/arun/.local/lib/python3.10/site-packages/airflow/example_dags/example_bash_operator.py took 0.319 seconds
[2024-02-29T18:44:17.868+0530] {processor.py:161} INFO - Started process (PID=7906) to work on /home/arun/.local/lib/python3.10/site-packages/airflow/example_dags/example_bash_operator.py
[2024-02-29T18:44:17.908+0530] {processor.py:830} INFO - Processing file /home/arun/.local/lib/python3.10/site-packages/airflow/example_dags/example_bash_operator.py for tasks to queue
[2024-02-29T18:44:17.910+0530] {logging_mixin.py:188} INFO - [2024-02-29T18:44:17.909+0530] {dagbag.py:538} INFO - Filling up the DagBag from /home/arun/.local/lib/python3.10/site-packages/airflow/example_dags/example_bash_operator.py
[2024-02-29T18:44:17.924+0530] {processor.py:840} INFO - DAG(s) 'example_bash_operator' retrieved from /home/arun/.local/lib/python3.10/site-packages/airflow/example_dags/example_bash_operator.py
[2024-02-29T18:44:17.956+0530] {logging_mixin.py:188} INFO - [2024-02-29T18:44:17.956+0530] {dag.py:3036} INFO - Sync 1 DAGs
[2024-02-29T18:44:17.989+0530] {logging_mixin.py:188} INFO - [2024-02-29T18:44:17.989+0530] {dag.py:3823} INFO - Setting next_dagrun for example_bash_operator to 2024-02-28 00:00:00+00:00, run_after=2024-02-29 00:00:00+00:00
[2024-02-29T18:44:18.035+0530] {processor.py:183} INFO - Processing /home/arun/.local/lib/python3.10/site-packages/airflow/example_dags/example_bash_operator.py took 0.171 seconds
[2024-02-29T18:45:37.251+0530] {processor.py:161} INFO - Started process (PID=8042) to work on /home/arun/.local/lib/python3.10/site-packages/airflow/example_dags/example_bash_operator.py
[2024-02-29T18:45:37.253+0530] {processor.py:830} INFO - Processing file /home/arun/.local/lib/python3.10/site-packages/airflow/example_dags/example_bash_operator.py for tasks to queue
[2024-02-29T18:45:37.253+0530] {logging_mixin.py:188} INFO - [2024-02-29T18:45:37.253+0530] {dagbag.py:538} INFO - Filling up the DagBag from /home/arun/.local/lib/python3.10/site-packages/airflow/example_dags/example_bash_operator.py
[2024-02-29T18:45:37.268+0530] {processor.py:840} INFO - DAG(s) 'example_bash_operator' retrieved from /home/arun/.local/lib/python3.10/site-packages/airflow/example_dags/example_bash_operator.py
[2024-02-29T18:45:37.300+0530] {logging_mixin.py:188} INFO - [2024-02-29T18:45:37.300+0530] {dag.py:3036} INFO - Sync 1 DAGs
[2024-02-29T18:45:37.336+0530] {logging_mixin.py:188} INFO - [2024-02-29T18:45:37.335+0530] {dag.py:3823} INFO - Setting next_dagrun for example_bash_operator to 2024-02-28 00:00:00+00:00, run_after=2024-02-29 00:00:00+00:00
[2024-02-29T18:45:37.367+0530] {processor.py:183} INFO - Processing /home/arun/.local/lib/python3.10/site-packages/airflow/example_dags/example_bash_operator.py took 0.121 seconds
[2024-02-29T18:46:58.744+0530] {processor.py:161} INFO - Started process (PID=8178) to work on /home/arun/.local/lib/python3.10/site-packages/airflow/example_dags/example_bash_operator.py
[2024-02-29T18:46:58.745+0530] {processor.py:830} INFO - Processing file /home/arun/.local/lib/python3.10/site-packages/airflow/example_dags/example_bash_operator.py for tasks to queue
[2024-02-29T18:46:58.746+0530] {logging_mixin.py:188} INFO - [2024-02-29T18:46:58.746+0530] {dagbag.py:538} INFO - Filling up the DagBag from /home/arun/.local/lib/python3.10/site-packages/airflow/example_dags/example_bash_operator.py
[2024-02-29T18:46:58.759+0530] {processor.py:840} INFO - DAG(s) 'example_bash_operator' retrieved from /home/arun/.local/lib/python3.10/site-packages/airflow/example_dags/example_bash_operator.py
[2024-02-29T18:46:58.792+0530] {logging_mixin.py:188} INFO - [2024-02-29T18:46:58.791+0530] {dag.py:3036} INFO - Sync 1 DAGs
[2024-02-29T18:46:58.832+0530] {logging_mixin.py:188} INFO - [2024-02-29T18:46:58.832+0530] {dag.py:3823} INFO - Setting next_dagrun for example_bash_operator to 2024-02-28 00:00:00+00:00, run_after=2024-02-29 00:00:00+00:00
[2024-02-29T18:46:58.867+0530] {processor.py:183} INFO - Processing /home/arun/.local/lib/python3.10/site-packages/airflow/example_dags/example_bash_operator.py took 0.126 seconds
[2024-02-29T18:48:14.778+0530] {processor.py:161} INFO - Started process (PID=8298) to work on /home/arun/.local/lib/python3.10/site-packages/airflow/example_dags/example_bash_operator.py
[2024-02-29T18:48:14.780+0530] {processor.py:830} INFO - Processing file /home/arun/.local/lib/python3.10/site-packages/airflow/example_dags/example_bash_operator.py for tasks to queue
[2024-02-29T18:48:14.781+0530] {logging_mixin.py:188} INFO - [2024-02-29T18:48:14.780+0530] {dagbag.py:538} INFO - Filling up the DagBag from /home/arun/.local/lib/python3.10/site-packages/airflow/example_dags/example_bash_operator.py
[2024-02-29T18:48:14.792+0530] {processor.py:840} INFO - DAG(s) 'example_bash_operator' retrieved from /home/arun/.local/lib/python3.10/site-packages/airflow/example_dags/example_bash_operator.py
[2024-02-29T18:48:14.818+0530] {logging_mixin.py:188} INFO - [2024-02-29T18:48:14.818+0530] {dag.py:3036} INFO - Sync 1 DAGs
[2024-02-29T18:48:14.844+0530] {logging_mixin.py:188} INFO - [2024-02-29T18:48:14.844+0530] {dag.py:3823} INFO - Setting next_dagrun for example_bash_operator to 2024-02-28 00:00:00+00:00, run_after=2024-02-29 00:00:00+00:00
[2024-02-29T18:48:14.892+0530] {processor.py:183} INFO - Processing /home/arun/.local/lib/python3.10/site-packages/airflow/example_dags/example_bash_operator.py took 0.117 seconds
[2024-02-29T18:49:23.009+0530] {processor.py:161} INFO - Started process (PID=8413) to work on /home/arun/.local/lib/python3.10/site-packages/airflow/example_dags/example_bash_operator.py
[2024-02-29T18:49:23.010+0530] {processor.py:830} INFO - Processing file /home/arun/.local/lib/python3.10/site-packages/airflow/example_dags/example_bash_operator.py for tasks to queue
[2024-02-29T18:49:23.011+0530] {logging_mixin.py:188} INFO - [2024-02-29T18:49:23.011+0530] {dagbag.py:538} INFO - Filling up the DagBag from /home/arun/.local/lib/python3.10/site-packages/airflow/example_dags/example_bash_operator.py
[2024-02-29T18:49:23.023+0530] {processor.py:840} INFO - DAG(s) 'example_bash_operator' retrieved from /home/arun/.local/lib/python3.10/site-packages/airflow/example_dags/example_bash_operator.py
[2024-02-29T18:49:23.045+0530] {logging_mixin.py:188} INFO - [2024-02-29T18:49:23.045+0530] {dag.py:3036} INFO - Sync 1 DAGs
[2024-02-29T18:49:23.067+0530] {logging_mixin.py:188} INFO - [2024-02-29T18:49:23.067+0530] {dag.py:3823} INFO - Setting next_dagrun for example_bash_operator to 2024-02-28 00:00:00+00:00, run_after=2024-02-29 00:00:00+00:00
[2024-02-29T18:49:23.094+0530] {processor.py:183} INFO - Processing /home/arun/.local/lib/python3.10/site-packages/airflow/example_dags/example_bash_operator.py took 0.089 seconds
[2024-02-29T18:50:34.469+0530] {processor.py:161} INFO - Started process (PID=8531) to work on /home/arun/.local/lib/python3.10/site-packages/airflow/example_dags/example_bash_operator.py
[2024-02-29T18:50:34.470+0530] {processor.py:830} INFO - Processing file /home/arun/.local/lib/python3.10/site-packages/airflow/example_dags/example_bash_operator.py for tasks to queue
[2024-02-29T18:50:34.471+0530] {logging_mixin.py:188} INFO - [2024-02-29T18:50:34.471+0530] {dagbag.py:538} INFO - Filling up the DagBag from /home/arun/.local/lib/python3.10/site-packages/airflow/example_dags/example_bash_operator.py
[2024-02-29T18:50:34.483+0530] {processor.py:840} INFO - DAG(s) 'example_bash_operator' retrieved from /home/arun/.local/lib/python3.10/site-packages/airflow/example_dags/example_bash_operator.py
[2024-02-29T18:50:34.506+0530] {logging_mixin.py:188} INFO - [2024-02-29T18:50:34.506+0530] {dag.py:3036} INFO - Sync 1 DAGs
[2024-02-29T18:50:34.527+0530] {logging_mixin.py:188} INFO - [2024-02-29T18:50:34.527+0530] {dag.py:3823} INFO - Setting next_dagrun for example_bash_operator to 2024-02-28 00:00:00+00:00, run_after=2024-02-29 00:00:00+00:00
[2024-02-29T18:50:34.552+0530] {processor.py:183} INFO - Processing /home/arun/.local/lib/python3.10/site-packages/airflow/example_dags/example_bash_operator.py took 0.086 seconds
[2024-02-29T18:51:54.668+0530] {processor.py:161} INFO - Started process (PID=8751) to work on /home/arun/.local/lib/python3.10/site-packages/airflow/example_dags/example_bash_operator.py
[2024-02-29T18:51:54.714+0530] {processor.py:830} INFO - Processing file /home/arun/.local/lib/python3.10/site-packages/airflow/example_dags/example_bash_operator.py for tasks to queue
[2024-02-29T18:51:54.716+0530] {logging_mixin.py:188} INFO - [2024-02-29T18:51:54.715+0530] {dagbag.py:538} INFO - Filling up the DagBag from /home/arun/.local/lib/python3.10/site-packages/airflow/example_dags/example_bash_operator.py
[2024-02-29T18:51:54.728+0530] {processor.py:840} INFO - DAG(s) 'example_bash_operator' retrieved from /home/arun/.local/lib/python3.10/site-packages/airflow/example_dags/example_bash_operator.py
[2024-02-29T18:51:54.758+0530] {logging_mixin.py:188} INFO - [2024-02-29T18:51:54.757+0530] {dag.py:3036} INFO - Sync 1 DAGs
[2024-02-29T18:51:54.793+0530] {logging_mixin.py:188} INFO - [2024-02-29T18:51:54.793+0530] {dag.py:3823} INFO - Setting next_dagrun for example_bash_operator to 2024-02-28 00:00:00+00:00, run_after=2024-02-29 00:00:00+00:00
[2024-02-29T18:51:54.851+0530] {processor.py:183} INFO - Processing /home/arun/.local/lib/python3.10/site-packages/airflow/example_dags/example_bash_operator.py took 0.190 seconds
[2024-02-29T18:53:13.998+0530] {processor.py:161} INFO - Started process (PID=8873) to work on /home/arun/.local/lib/python3.10/site-packages/airflow/example_dags/example_bash_operator.py
[2024-02-29T18:53:14.033+0530] {processor.py:830} INFO - Processing file /home/arun/.local/lib/python3.10/site-packages/airflow/example_dags/example_bash_operator.py for tasks to queue
[2024-02-29T18:53:14.034+0530] {logging_mixin.py:188} INFO - [2024-02-29T18:53:14.034+0530] {dagbag.py:538} INFO - Filling up the DagBag from /home/arun/.local/lib/python3.10/site-packages/airflow/example_dags/example_bash_operator.py
[2024-02-29T18:53:14.051+0530] {processor.py:840} INFO - DAG(s) 'example_bash_operator' retrieved from /home/arun/.local/lib/python3.10/site-packages/airflow/example_dags/example_bash_operator.py
[2024-02-29T18:53:14.084+0530] {logging_mixin.py:188} INFO - [2024-02-29T18:53:14.084+0530] {dag.py:3036} INFO - Sync 1 DAGs
[2024-02-29T18:53:14.114+0530] {logging_mixin.py:188} INFO - [2024-02-29T18:53:14.113+0530] {dag.py:3823} INFO - Setting next_dagrun for example_bash_operator to 2024-02-28 00:00:00+00:00, run_after=2024-02-29 00:00:00+00:00
[2024-02-29T18:53:14.151+0530] {processor.py:183} INFO - Processing /home/arun/.local/lib/python3.10/site-packages/airflow/example_dags/example_bash_operator.py took 0.157 seconds
[2024-02-29T18:54:31.360+0530] {processor.py:161} INFO - Started process (PID=9188) to work on /home/arun/.local/lib/python3.10/site-packages/airflow/example_dags/example_bash_operator.py
[2024-02-29T18:54:31.401+0530] {processor.py:830} INFO - Processing file /home/arun/.local/lib/python3.10/site-packages/airflow/example_dags/example_bash_operator.py for tasks to queue
[2024-02-29T18:54:31.402+0530] {logging_mixin.py:188} INFO - [2024-02-29T18:54:31.401+0530] {dagbag.py:538} INFO - Filling up the DagBag from /home/arun/.local/lib/python3.10/site-packages/airflow/example_dags/example_bash_operator.py
[2024-02-29T18:54:31.415+0530] {processor.py:840} INFO - DAG(s) 'example_bash_operator' retrieved from /home/arun/.local/lib/python3.10/site-packages/airflow/example_dags/example_bash_operator.py
[2024-02-29T18:54:31.444+0530] {logging_mixin.py:188} INFO - [2024-02-29T18:54:31.444+0530] {dag.py:3036} INFO - Sync 1 DAGs
[2024-02-29T18:54:31.475+0530] {logging_mixin.py:188} INFO - [2024-02-29T18:54:31.474+0530] {dag.py:3823} INFO - Setting next_dagrun for example_bash_operator to 2024-02-28 00:00:00+00:00, run_after=2024-02-29 00:00:00+00:00
[2024-02-29T18:54:31.508+0530] {processor.py:183} INFO - Processing /home/arun/.local/lib/python3.10/site-packages/airflow/example_dags/example_bash_operator.py took 0.152 seconds
[2024-02-29T18:55:52.089+0530] {processor.py:161} INFO - Started process (PID=9372) to work on /home/arun/.local/lib/python3.10/site-packages/airflow/example_dags/example_bash_operator.py
[2024-02-29T18:55:52.126+0530] {processor.py:830} INFO - Processing file /home/arun/.local/lib/python3.10/site-packages/airflow/example_dags/example_bash_operator.py for tasks to queue
[2024-02-29T18:55:52.127+0530] {logging_mixin.py:188} INFO - [2024-02-29T18:55:52.126+0530] {dagbag.py:538} INFO - Filling up the DagBag from /home/arun/.local/lib/python3.10/site-packages/airflow/example_dags/example_bash_operator.py
[2024-02-29T18:55:52.161+0530] {processor.py:840} INFO - DAG(s) 'example_bash_operator' retrieved from /home/arun/.local/lib/python3.10/site-packages/airflow/example_dags/example_bash_operator.py
[2024-02-29T18:55:52.200+0530] {logging_mixin.py:188} INFO - [2024-02-29T18:55:52.199+0530] {dag.py:3036} INFO - Sync 1 DAGs
[2024-02-29T18:55:52.228+0530] {logging_mixin.py:188} INFO - [2024-02-29T18:55:52.228+0530] {dag.py:3823} INFO - Setting next_dagrun for example_bash_operator to 2024-02-28 00:00:00+00:00, run_after=2024-02-29 00:00:00+00:00
[2024-02-29T18:55:52.268+0530] {processor.py:183} INFO - Processing /home/arun/.local/lib/python3.10/site-packages/airflow/example_dags/example_bash_operator.py took 0.183 seconds
[2024-02-29T18:56:52.871+0530] {processor.py:161} INFO - Started process (PID=9488) to work on /home/arun/.local/lib/python3.10/site-packages/airflow/example_dags/example_bash_operator.py
[2024-02-29T18:56:52.873+0530] {processor.py:830} INFO - Processing file /home/arun/.local/lib/python3.10/site-packages/airflow/example_dags/example_bash_operator.py for tasks to queue
[2024-02-29T18:56:52.874+0530] {logging_mixin.py:188} INFO - [2024-02-29T18:56:52.873+0530] {dagbag.py:538} INFO - Filling up the DagBag from /home/arun/.local/lib/python3.10/site-packages/airflow/example_dags/example_bash_operator.py
[2024-02-29T18:56:52.888+0530] {processor.py:840} INFO - DAG(s) 'example_bash_operator' retrieved from /home/arun/.local/lib/python3.10/site-packages/airflow/example_dags/example_bash_operator.py
[2024-02-29T18:56:52.918+0530] {logging_mixin.py:188} INFO - [2024-02-29T18:56:52.918+0530] {dag.py:3036} INFO - Sync 1 DAGs
[2024-02-29T18:56:52.948+0530] {logging_mixin.py:188} INFO - [2024-02-29T18:56:52.948+0530] {dag.py:3823} INFO - Setting next_dagrun for example_bash_operator to 2024-02-28 00:00:00+00:00, run_after=2024-02-29 00:00:00+00:00
[2024-02-29T18:56:53.030+0530] {processor.py:183} INFO - Processing /home/arun/.local/lib/python3.10/site-packages/airflow/example_dags/example_bash_operator.py took 0.162 seconds
[2024-02-29T18:58:16.306+0530] {processor.py:161} INFO - Started process (PID=9630) to work on /home/arun/.local/lib/python3.10/site-packages/airflow/example_dags/example_bash_operator.py
[2024-02-29T18:58:16.340+0530] {processor.py:830} INFO - Processing file /home/arun/.local/lib/python3.10/site-packages/airflow/example_dags/example_bash_operator.py for tasks to queue
[2024-02-29T18:58:16.341+0530] {logging_mixin.py:188} INFO - [2024-02-29T18:58:16.341+0530] {dagbag.py:538} INFO - Filling up the DagBag from /home/arun/.local/lib/python3.10/site-packages/airflow/example_dags/example_bash_operator.py
[2024-02-29T18:58:16.357+0530] {processor.py:840} INFO - DAG(s) 'example_bash_operator' retrieved from /home/arun/.local/lib/python3.10/site-packages/airflow/example_dags/example_bash_operator.py
[2024-02-29T18:58:16.387+0530] {logging_mixin.py:188} INFO - [2024-02-29T18:58:16.387+0530] {dag.py:3036} INFO - Sync 1 DAGs
[2024-02-29T18:58:16.416+0530] {logging_mixin.py:188} INFO - [2024-02-29T18:58:16.416+0530] {dag.py:3823} INFO - Setting next_dagrun for example_bash_operator to 2024-02-28 00:00:00+00:00, run_after=2024-02-29 00:00:00+00:00
[2024-02-29T18:58:16.448+0530] {processor.py:183} INFO - Processing /home/arun/.local/lib/python3.10/site-packages/airflow/example_dags/example_bash_operator.py took 0.145 seconds
[2024-02-29T18:59:17.458+0530] {processor.py:161} INFO - Started process (PID=9737) to work on /home/arun/.local/lib/python3.10/site-packages/airflow/example_dags/example_bash_operator.py
[2024-02-29T18:59:17.460+0530] {processor.py:830} INFO - Processing file /home/arun/.local/lib/python3.10/site-packages/airflow/example_dags/example_bash_operator.py for tasks to queue
[2024-02-29T18:59:17.462+0530] {logging_mixin.py:188} INFO - [2024-02-29T18:59:17.461+0530] {dagbag.py:538} INFO - Filling up the DagBag from /home/arun/.local/lib/python3.10/site-packages/airflow/example_dags/example_bash_operator.py
[2024-02-29T18:59:17.480+0530] {processor.py:840} INFO - DAG(s) 'example_bash_operator' retrieved from /home/arun/.local/lib/python3.10/site-packages/airflow/example_dags/example_bash_operator.py
[2024-02-29T18:59:17.507+0530] {logging_mixin.py:188} INFO - [2024-02-29T18:59:17.507+0530] {dag.py:3036} INFO - Sync 1 DAGs
[2024-02-29T18:59:17.529+0530] {logging_mixin.py:188} INFO - [2024-02-29T18:59:17.529+0530] {dag.py:3823} INFO - Setting next_dagrun for example_bash_operator to 2024-02-28 00:00:00+00:00, run_after=2024-02-29 00:00:00+00:00
[2024-02-29T18:59:17.577+0530] {processor.py:183} INFO - Processing /home/arun/.local/lib/python3.10/site-packages/airflow/example_dags/example_bash_operator.py took 0.124 seconds
[2024-02-29T19:00:34.452+0530] {processor.py:161} INFO - Started process (PID=9877) to work on /home/arun/.local/lib/python3.10/site-packages/airflow/example_dags/example_bash_operator.py
[2024-02-29T19:00:34.454+0530] {processor.py:830} INFO - Processing file /home/arun/.local/lib/python3.10/site-packages/airflow/example_dags/example_bash_operator.py for tasks to queue
[2024-02-29T19:00:34.455+0530] {logging_mixin.py:188} INFO - [2024-02-29T19:00:34.455+0530] {dagbag.py:538} INFO - Filling up the DagBag from /home/arun/.local/lib/python3.10/site-packages/airflow/example_dags/example_bash_operator.py
[2024-02-29T19:00:34.473+0530] {processor.py:840} INFO - DAG(s) 'example_bash_operator' retrieved from /home/arun/.local/lib/python3.10/site-packages/airflow/example_dags/example_bash_operator.py
[2024-02-29T19:00:34.508+0530] {logging_mixin.py:188} INFO - [2024-02-29T19:00:34.508+0530] {dag.py:3036} INFO - Sync 1 DAGs
[2024-02-29T19:00:34.540+0530] {logging_mixin.py:188} INFO - [2024-02-29T19:00:34.540+0530] {dag.py:3823} INFO - Setting next_dagrun for example_bash_operator to 2024-02-28 00:00:00+00:00, run_after=2024-02-29 00:00:00+00:00
[2024-02-29T19:00:34.580+0530] {processor.py:183} INFO - Processing /home/arun/.local/lib/python3.10/site-packages/airflow/example_dags/example_bash_operator.py took 0.133 seconds
[2024-02-29T19:01:53.377+0530] {processor.py:161} INFO - Started process (PID=10005) to work on /home/arun/.local/lib/python3.10/site-packages/airflow/example_dags/example_bash_operator.py
[2024-02-29T19:01:53.378+0530] {processor.py:830} INFO - Processing file /home/arun/.local/lib/python3.10/site-packages/airflow/example_dags/example_bash_operator.py for tasks to queue
[2024-02-29T19:01:53.379+0530] {logging_mixin.py:188} INFO - [2024-02-29T19:01:53.379+0530] {dagbag.py:538} INFO - Filling up the DagBag from /home/arun/.local/lib/python3.10/site-packages/airflow/example_dags/example_bash_operator.py
[2024-02-29T19:01:53.394+0530] {processor.py:840} INFO - DAG(s) 'example_bash_operator' retrieved from /home/arun/.local/lib/python3.10/site-packages/airflow/example_dags/example_bash_operator.py
[2024-02-29T19:01:53.434+0530] {logging_mixin.py:188} INFO - [2024-02-29T19:01:53.433+0530] {dag.py:3036} INFO - Sync 1 DAGs
[2024-02-29T19:01:53.474+0530] {logging_mixin.py:188} INFO - [2024-02-29T19:01:53.474+0530] {dag.py:3823} INFO - Setting next_dagrun for example_bash_operator to 2024-02-28 00:00:00+00:00, run_after=2024-02-29 00:00:00+00:00
[2024-02-29T19:01:53.511+0530] {processor.py:183} INFO - Processing /home/arun/.local/lib/python3.10/site-packages/airflow/example_dags/example_bash_operator.py took 0.137 seconds
[2024-02-29T19:03:09.674+0530] {processor.py:161} INFO - Started process (PID=10125) to work on /home/arun/.local/lib/python3.10/site-packages/airflow/example_dags/example_bash_operator.py
[2024-02-29T19:03:09.676+0530] {processor.py:830} INFO - Processing file /home/arun/.local/lib/python3.10/site-packages/airflow/example_dags/example_bash_operator.py for tasks to queue
[2024-02-29T19:03:09.677+0530] {logging_mixin.py:188} INFO - [2024-02-29T19:03:09.676+0530] {dagbag.py:538} INFO - Filling up the DagBag from /home/arun/.local/lib/python3.10/site-packages/airflow/example_dags/example_bash_operator.py
[2024-02-29T19:03:09.689+0530] {processor.py:840} INFO - DAG(s) 'example_bash_operator' retrieved from /home/arun/.local/lib/python3.10/site-packages/airflow/example_dags/example_bash_operator.py
[2024-02-29T19:03:09.713+0530] {logging_mixin.py:188} INFO - [2024-02-29T19:03:09.713+0530] {dag.py:3036} INFO - Sync 1 DAGs
[2024-02-29T19:03:09.733+0530] {logging_mixin.py:188} INFO - [2024-02-29T19:03:09.733+0530] {dag.py:3823} INFO - Setting next_dagrun for example_bash_operator to 2024-02-28 00:00:00+00:00, run_after=2024-02-29 00:00:00+00:00
[2024-02-29T19:03:09.759+0530] {processor.py:183} INFO - Processing /home/arun/.local/lib/python3.10/site-packages/airflow/example_dags/example_bash_operator.py took 0.089 seconds
[2024-02-29T19:04:19.230+0530] {processor.py:161} INFO - Started process (PID=10259) to work on /home/arun/.local/lib/python3.10/site-packages/airflow/example_dags/example_bash_operator.py
[2024-02-29T19:04:19.233+0530] {processor.py:830} INFO - Processing file /home/arun/.local/lib/python3.10/site-packages/airflow/example_dags/example_bash_operator.py for tasks to queue
[2024-02-29T19:04:19.236+0530] {logging_mixin.py:188} INFO - [2024-02-29T19:04:19.235+0530] {dagbag.py:538} INFO - Filling up the DagBag from /home/arun/.local/lib/python3.10/site-packages/airflow/example_dags/example_bash_operator.py
[2024-02-29T19:04:19.260+0530] {processor.py:840} INFO - DAG(s) 'example_bash_operator' retrieved from /home/arun/.local/lib/python3.10/site-packages/airflow/example_dags/example_bash_operator.py
[2024-02-29T19:04:19.300+0530] {logging_mixin.py:188} INFO - [2024-02-29T19:04:19.300+0530] {dag.py:3036} INFO - Sync 1 DAGs
[2024-02-29T19:04:19.334+0530] {logging_mixin.py:188} INFO - [2024-02-29T19:04:19.334+0530] {dag.py:3823} INFO - Setting next_dagrun for example_bash_operator to 2024-02-28 00:00:00+00:00, run_after=2024-02-29 00:00:00+00:00
[2024-02-29T19:04:19.459+0530] {processor.py:183} INFO - Processing /home/arun/.local/lib/python3.10/site-packages/airflow/example_dags/example_bash_operator.py took 0.234 seconds
[2024-02-29T19:05:48.562+0530] {processor.py:161} INFO - Started process (PID=10441) to work on /home/arun/.local/lib/python3.10/site-packages/airflow/example_dags/example_bash_operator.py
[2024-02-29T19:05:48.564+0530] {processor.py:830} INFO - Processing file /home/arun/.local/lib/python3.10/site-packages/airflow/example_dags/example_bash_operator.py for tasks to queue
[2024-02-29T19:05:48.566+0530] {logging_mixin.py:188} INFO - [2024-02-29T19:05:48.565+0530] {dagbag.py:538} INFO - Filling up the DagBag from /home/arun/.local/lib/python3.10/site-packages/airflow/example_dags/example_bash_operator.py
[2024-02-29T19:05:48.585+0530] {processor.py:840} INFO - DAG(s) 'example_bash_operator' retrieved from /home/arun/.local/lib/python3.10/site-packages/airflow/example_dags/example_bash_operator.py
[2024-02-29T19:05:48.620+0530] {logging_mixin.py:188} INFO - [2024-02-29T19:05:48.619+0530] {dag.py:3036} INFO - Sync 1 DAGs
[2024-02-29T19:05:48.694+0530] {logging_mixin.py:188} INFO - [2024-02-29T19:05:48.693+0530] {dag.py:3823} INFO - Setting next_dagrun for example_bash_operator to 2024-02-28 00:00:00+00:00, run_after=2024-02-29 00:00:00+00:00
[2024-02-29T19:05:48.770+0530] {processor.py:183} INFO - Processing /home/arun/.local/lib/python3.10/site-packages/airflow/example_dags/example_bash_operator.py took 0.213 seconds
