[2024-02-29T18:15:44.488+0530] {processor.py:161} INFO - Started process (PID=5191) to work on /home/arun/.local/lib/python3.10/site-packages/airflow/example_dags/example_python_decorator.py
[2024-02-29T18:15:44.490+0530] {processor.py:830} INFO - Processing file /home/arun/.local/lib/python3.10/site-packages/airflow/example_dags/example_python_decorator.py for tasks to queue
[2024-02-29T18:15:44.492+0530] {logging_mixin.py:188} INFO - [2024-02-29T18:15:44.491+0530] {dagbag.py:538} INFO - Filling up the DagBag from /home/arun/.local/lib/python3.10/site-packages/airflow/example_dags/example_python_decorator.py
[2024-02-29T18:15:44.539+0530] {processor.py:840} INFO - DAG(s) 'example_python_decorator' retrieved from /home/arun/.local/lib/python3.10/site-packages/airflow/example_dags/example_python_decorator.py
[2024-02-29T18:15:44.823+0530] {logging_mixin.py:188} INFO - [2024-02-29T18:15:44.823+0530] {dag.py:3036} INFO - Sync 1 DAGs
[2024-02-29T18:15:45.119+0530] {logging_mixin.py:188} INFO - [2024-02-29T18:15:45.119+0530] {dag.py:3823} INFO - Setting next_dagrun for example_python_decorator to None, run_after=None
[2024-02-29T18:15:45.233+0530] {processor.py:183} INFO - Processing /home/arun/.local/lib/python3.10/site-packages/airflow/example_dags/example_python_decorator.py took 0.753 seconds
[2024-02-29T18:17:05.637+0530] {processor.py:161} INFO - Started process (PID=5253) to work on /home/arun/.local/lib/python3.10/site-packages/airflow/example_dags/example_python_decorator.py
[2024-02-29T18:17:05.640+0530] {processor.py:830} INFO - Processing file /home/arun/.local/lib/python3.10/site-packages/airflow/example_dags/example_python_decorator.py for tasks to queue
[2024-02-29T18:17:05.642+0530] {logging_mixin.py:188} INFO - [2024-02-29T18:17:05.641+0530] {dagbag.py:538} INFO - Filling up the DagBag from /home/arun/.local/lib/python3.10/site-packages/airflow/example_dags/example_python_decorator.py
[2024-02-29T18:17:05.678+0530] {processor.py:840} INFO - DAG(s) 'example_python_decorator' retrieved from /home/arun/.local/lib/python3.10/site-packages/airflow/example_dags/example_python_decorator.py
[2024-02-29T18:17:05.734+0530] {logging_mixin.py:188} INFO - [2024-02-29T18:17:05.734+0530] {dag.py:3036} INFO - Sync 1 DAGs
[2024-02-29T18:17:05.787+0530] {logging_mixin.py:188} INFO - [2024-02-29T18:17:05.786+0530] {dag.py:3823} INFO - Setting next_dagrun for example_python_decorator to None, run_after=None
[2024-02-29T18:17:05.891+0530] {processor.py:183} INFO - Processing /home/arun/.local/lib/python3.10/site-packages/airflow/example_dags/example_python_decorator.py took 0.259 seconds
[2024-02-29T18:18:42.780+0530] {processor.py:161} INFO - Started process (PID=5390) to work on /home/arun/.local/lib/python3.10/site-packages/airflow/example_dags/example_python_decorator.py
[2024-02-29T18:18:42.783+0530] {processor.py:830} INFO - Processing file /home/arun/.local/lib/python3.10/site-packages/airflow/example_dags/example_python_decorator.py for tasks to queue
[2024-02-29T18:18:42.785+0530] {logging_mixin.py:188} INFO - [2024-02-29T18:18:42.785+0530] {dagbag.py:538} INFO - Filling up the DagBag from /home/arun/.local/lib/python3.10/site-packages/airflow/example_dags/example_python_decorator.py
[2024-02-29T18:18:42.830+0530] {processor.py:840} INFO - DAG(s) 'example_python_decorator' retrieved from /home/arun/.local/lib/python3.10/site-packages/airflow/example_dags/example_python_decorator.py
[2024-02-29T18:18:42.904+0530] {logging_mixin.py:188} INFO - [2024-02-29T18:18:42.904+0530] {dag.py:3036} INFO - Sync 1 DAGs
[2024-02-29T18:18:42.940+0530] {logging_mixin.py:188} INFO - [2024-02-29T18:18:42.940+0530] {dag.py:3823} INFO - Setting next_dagrun for example_python_decorator to None, run_after=None
[2024-02-29T18:18:43.071+0530] {processor.py:183} INFO - Processing /home/arun/.local/lib/python3.10/site-packages/airflow/example_dags/example_python_decorator.py took 0.298 seconds
[2024-02-29T18:20:47.573+0530] {processor.py:161} INFO - Started process (PID=5493) to work on /home/arun/.local/lib/python3.10/site-packages/airflow/example_dags/example_python_decorator.py
[2024-02-29T18:20:47.581+0530] {processor.py:830} INFO - Processing file /home/arun/.local/lib/python3.10/site-packages/airflow/example_dags/example_python_decorator.py for tasks to queue
[2024-02-29T18:20:47.583+0530] {logging_mixin.py:188} INFO - [2024-02-29T18:20:47.583+0530] {dagbag.py:538} INFO - Filling up the DagBag from /home/arun/.local/lib/python3.10/site-packages/airflow/example_dags/example_python_decorator.py
[2024-02-29T18:20:47.631+0530] {processor.py:840} INFO - DAG(s) 'example_python_decorator' retrieved from /home/arun/.local/lib/python3.10/site-packages/airflow/example_dags/example_python_decorator.py
[2024-02-29T18:20:47.684+0530] {logging_mixin.py:188} INFO - [2024-02-29T18:20:47.684+0530] {dag.py:3036} INFO - Sync 1 DAGs
[2024-02-29T18:20:47.740+0530] {logging_mixin.py:188} INFO - [2024-02-29T18:20:47.740+0530] {dag.py:3823} INFO - Setting next_dagrun for example_python_decorator to None, run_after=None
[2024-02-29T18:20:47.846+0530] {processor.py:183} INFO - Processing /home/arun/.local/lib/python3.10/site-packages/airflow/example_dags/example_python_decorator.py took 0.283 seconds
[2024-02-29T18:21:52.287+0530] {processor.py:161} INFO - Started process (PID=5642) to work on /home/arun/.local/lib/python3.10/site-packages/airflow/example_dags/example_python_decorator.py
[2024-02-29T18:21:52.293+0530] {processor.py:830} INFO - Processing file /home/arun/.local/lib/python3.10/site-packages/airflow/example_dags/example_python_decorator.py for tasks to queue
[2024-02-29T18:21:52.295+0530] {logging_mixin.py:188} INFO - [2024-02-29T18:21:52.294+0530] {dagbag.py:538} INFO - Filling up the DagBag from /home/arun/.local/lib/python3.10/site-packages/airflow/example_dags/example_python_decorator.py
[2024-02-29T18:21:52.315+0530] {processor.py:840} INFO - DAG(s) 'example_python_decorator' retrieved from /home/arun/.local/lib/python3.10/site-packages/airflow/example_dags/example_python_decorator.py
[2024-02-29T18:21:52.336+0530] {logging_mixin.py:188} INFO - [2024-02-29T18:21:52.336+0530] {dag.py:3036} INFO - Sync 1 DAGs
[2024-02-29T18:21:52.348+0530] {logging_mixin.py:188} INFO - [2024-02-29T18:21:52.348+0530] {dag.py:3823} INFO - Setting next_dagrun for example_python_decorator to None, run_after=None
[2024-02-29T18:21:52.405+0530] {processor.py:183} INFO - Processing /home/arun/.local/lib/python3.10/site-packages/airflow/example_dags/example_python_decorator.py took 0.128 seconds
[2024-02-29T18:22:48.467+0530] {processor.py:161} INFO - Started process (PID=5724) to work on /home/arun/.local/lib/python3.10/site-packages/airflow/example_dags/example_python_decorator.py
[2024-02-29T18:22:48.469+0530] {processor.py:830} INFO - Processing file /home/arun/.local/lib/python3.10/site-packages/airflow/example_dags/example_python_decorator.py for tasks to queue
[2024-02-29T18:22:48.470+0530] {logging_mixin.py:188} INFO - [2024-02-29T18:22:48.469+0530] {dagbag.py:538} INFO - Filling up the DagBag from /home/arun/.local/lib/python3.10/site-packages/airflow/example_dags/example_python_decorator.py
[2024-02-29T18:22:48.485+0530] {processor.py:840} INFO - DAG(s) 'example_python_decorator' retrieved from /home/arun/.local/lib/python3.10/site-packages/airflow/example_dags/example_python_decorator.py
[2024-02-29T18:22:48.506+0530] {logging_mixin.py:188} INFO - [2024-02-29T18:22:48.506+0530] {dag.py:3036} INFO - Sync 1 DAGs
[2024-02-29T18:22:48.521+0530] {logging_mixin.py:188} INFO - [2024-02-29T18:22:48.520+0530] {dag.py:3823} INFO - Setting next_dagrun for example_python_decorator to None, run_after=None
[2024-02-29T18:22:48.553+0530] {processor.py:183} INFO - Processing /home/arun/.local/lib/python3.10/site-packages/airflow/example_dags/example_python_decorator.py took 0.089 seconds
[2024-02-29T18:23:43.701+0530] {processor.py:161} INFO - Started process (PID=5824) to work on /home/arun/.local/lib/python3.10/site-packages/airflow/example_dags/example_python_decorator.py
[2024-02-29T18:23:43.704+0530] {processor.py:830} INFO - Processing file /home/arun/.local/lib/python3.10/site-packages/airflow/example_dags/example_python_decorator.py for tasks to queue
[2024-02-29T18:23:43.705+0530] {logging_mixin.py:188} INFO - [2024-02-29T18:23:43.705+0530] {dagbag.py:538} INFO - Filling up the DagBag from /home/arun/.local/lib/python3.10/site-packages/airflow/example_dags/example_python_decorator.py
[2024-02-29T18:23:43.729+0530] {processor.py:840} INFO - DAG(s) 'example_python_decorator' retrieved from /home/arun/.local/lib/python3.10/site-packages/airflow/example_dags/example_python_decorator.py
[2024-02-29T18:23:43.754+0530] {logging_mixin.py:188} INFO - [2024-02-29T18:23:43.754+0530] {dag.py:3036} INFO - Sync 1 DAGs
[2024-02-29T18:23:43.769+0530] {logging_mixin.py:188} INFO - [2024-02-29T18:23:43.769+0530] {dag.py:3823} INFO - Setting next_dagrun for example_python_decorator to None, run_after=None
[2024-02-29T18:23:43.805+0530] {processor.py:183} INFO - Processing /home/arun/.local/lib/python3.10/site-packages/airflow/example_dags/example_python_decorator.py took 0.109 seconds
[2024-02-29T18:24:32.954+0530] {processor.py:161} INFO - Started process (PID=5911) to work on /home/arun/.local/lib/python3.10/site-packages/airflow/example_dags/example_python_decorator.py
[2024-02-29T18:24:32.956+0530] {processor.py:830} INFO - Processing file /home/arun/.local/lib/python3.10/site-packages/airflow/example_dags/example_python_decorator.py for tasks to queue
[2024-02-29T18:24:32.957+0530] {logging_mixin.py:188} INFO - [2024-02-29T18:24:32.956+0530] {dagbag.py:538} INFO - Filling up the DagBag from /home/arun/.local/lib/python3.10/site-packages/airflow/example_dags/example_python_decorator.py
[2024-02-29T18:24:32.971+0530] {processor.py:840} INFO - DAG(s) 'example_python_decorator' retrieved from /home/arun/.local/lib/python3.10/site-packages/airflow/example_dags/example_python_decorator.py
[2024-02-29T18:24:32.988+0530] {logging_mixin.py:188} INFO - [2024-02-29T18:24:32.988+0530] {dag.py:3036} INFO - Sync 1 DAGs
[2024-02-29T18:24:32.998+0530] {logging_mixin.py:188} INFO - [2024-02-29T18:24:32.998+0530] {dag.py:3823} INFO - Setting next_dagrun for example_python_decorator to None, run_after=None
[2024-02-29T18:24:33.094+0530] {processor.py:183} INFO - Processing /home/arun/.local/lib/python3.10/site-packages/airflow/example_dags/example_python_decorator.py took 0.143 seconds
[2024-02-29T18:25:22.633+0530] {processor.py:161} INFO - Started process (PID=5987) to work on /home/arun/.local/lib/python3.10/site-packages/airflow/example_dags/example_python_decorator.py
[2024-02-29T18:25:22.635+0530] {processor.py:830} INFO - Processing file /home/arun/.local/lib/python3.10/site-packages/airflow/example_dags/example_python_decorator.py for tasks to queue
[2024-02-29T18:25:22.636+0530] {logging_mixin.py:188} INFO - [2024-02-29T18:25:22.635+0530] {dagbag.py:538} INFO - Filling up the DagBag from /home/arun/.local/lib/python3.10/site-packages/airflow/example_dags/example_python_decorator.py
[2024-02-29T18:25:22.653+0530] {processor.py:840} INFO - DAG(s) 'example_python_decorator' retrieved from /home/arun/.local/lib/python3.10/site-packages/airflow/example_dags/example_python_decorator.py
[2024-02-29T18:25:22.673+0530] {logging_mixin.py:188} INFO - [2024-02-29T18:25:22.673+0530] {dag.py:3036} INFO - Sync 1 DAGs
[2024-02-29T18:25:22.686+0530] {logging_mixin.py:188} INFO - [2024-02-29T18:25:22.686+0530] {dag.py:3823} INFO - Setting next_dagrun for example_python_decorator to None, run_after=None
[2024-02-29T18:25:22.715+0530] {processor.py:183} INFO - Processing /home/arun/.local/lib/python3.10/site-packages/airflow/example_dags/example_python_decorator.py took 0.086 seconds
[2024-02-29T18:26:10.703+0530] {processor.py:161} INFO - Started process (PID=6062) to work on /home/arun/.local/lib/python3.10/site-packages/airflow/example_dags/example_python_decorator.py
[2024-02-29T18:26:10.715+0530] {processor.py:830} INFO - Processing file /home/arun/.local/lib/python3.10/site-packages/airflow/example_dags/example_python_decorator.py for tasks to queue
[2024-02-29T18:26:10.717+0530] {logging_mixin.py:188} INFO - [2024-02-29T18:26:10.716+0530] {dagbag.py:538} INFO - Filling up the DagBag from /home/arun/.local/lib/python3.10/site-packages/airflow/example_dags/example_python_decorator.py
[2024-02-29T18:26:10.736+0530] {processor.py:840} INFO - DAG(s) 'example_python_decorator' retrieved from /home/arun/.local/lib/python3.10/site-packages/airflow/example_dags/example_python_decorator.py
[2024-02-29T18:26:10.763+0530] {logging_mixin.py:188} INFO - [2024-02-29T18:26:10.763+0530] {dag.py:3036} INFO - Sync 1 DAGs
[2024-02-29T18:26:10.813+0530] {logging_mixin.py:188} INFO - [2024-02-29T18:26:10.813+0530] {dag.py:3823} INFO - Setting next_dagrun for example_python_decorator to None, run_after=None
[2024-02-29T18:26:10.869+0530] {processor.py:183} INFO - Processing /home/arun/.local/lib/python3.10/site-packages/airflow/example_dags/example_python_decorator.py took 0.171 seconds
[2024-02-29T18:27:20.033+0530] {processor.py:161} INFO - Started process (PID=6167) to work on /home/arun/.local/lib/python3.10/site-packages/airflow/example_dags/example_python_decorator.py
[2024-02-29T18:27:20.035+0530] {processor.py:830} INFO - Processing file /home/arun/.local/lib/python3.10/site-packages/airflow/example_dags/example_python_decorator.py for tasks to queue
[2024-02-29T18:27:20.035+0530] {logging_mixin.py:188} INFO - [2024-02-29T18:27:20.035+0530] {dagbag.py:538} INFO - Filling up the DagBag from /home/arun/.local/lib/python3.10/site-packages/airflow/example_dags/example_python_decorator.py
[2024-02-29T18:27:20.051+0530] {processor.py:840} INFO - DAG(s) 'example_python_decorator' retrieved from /home/arun/.local/lib/python3.10/site-packages/airflow/example_dags/example_python_decorator.py
[2024-02-29T18:27:20.159+0530] {logging_mixin.py:188} INFO - [2024-02-29T18:27:20.159+0530] {dag.py:3036} INFO - Sync 1 DAGs
[2024-02-29T18:27:20.182+0530] {logging_mixin.py:188} INFO - [2024-02-29T18:27:20.182+0530] {dag.py:3823} INFO - Setting next_dagrun for example_python_decorator to None, run_after=None
[2024-02-29T18:27:20.230+0530] {processor.py:183} INFO - Processing /home/arun/.local/lib/python3.10/site-packages/airflow/example_dags/example_python_decorator.py took 0.199 seconds
[2024-02-29T18:28:42.930+0530] {processor.py:161} INFO - Started process (PID=6321) to work on /home/arun/.local/lib/python3.10/site-packages/airflow/example_dags/example_python_decorator.py
[2024-02-29T18:28:42.932+0530] {processor.py:830} INFO - Processing file /home/arun/.local/lib/python3.10/site-packages/airflow/example_dags/example_python_decorator.py for tasks to queue
[2024-02-29T18:28:42.933+0530] {logging_mixin.py:188} INFO - [2024-02-29T18:28:42.932+0530] {dagbag.py:538} INFO - Filling up the DagBag from /home/arun/.local/lib/python3.10/site-packages/airflow/example_dags/example_python_decorator.py
[2024-02-29T18:28:42.946+0530] {processor.py:840} INFO - DAG(s) 'example_python_decorator' retrieved from /home/arun/.local/lib/python3.10/site-packages/airflow/example_dags/example_python_decorator.py
[2024-02-29T18:28:42.967+0530] {logging_mixin.py:188} INFO - [2024-02-29T18:28:42.967+0530] {dag.py:3036} INFO - Sync 1 DAGs
[2024-02-29T18:28:42.982+0530] {logging_mixin.py:188} INFO - [2024-02-29T18:28:42.982+0530] {dag.py:3823} INFO - Setting next_dagrun for example_python_decorator to None, run_after=None
[2024-02-29T18:28:43.014+0530] {processor.py:183} INFO - Processing /home/arun/.local/lib/python3.10/site-packages/airflow/example_dags/example_python_decorator.py took 0.087 seconds
[2024-02-29T18:29:44.546+0530] {processor.py:161} INFO - Started process (PID=6427) to work on /home/arun/.local/lib/python3.10/site-packages/airflow/example_dags/example_python_decorator.py
[2024-02-29T18:29:44.548+0530] {processor.py:830} INFO - Processing file /home/arun/.local/lib/python3.10/site-packages/airflow/example_dags/example_python_decorator.py for tasks to queue
[2024-02-29T18:29:44.548+0530] {logging_mixin.py:188} INFO - [2024-02-29T18:29:44.548+0530] {dagbag.py:538} INFO - Filling up the DagBag from /home/arun/.local/lib/python3.10/site-packages/airflow/example_dags/example_python_decorator.py
[2024-02-29T18:29:44.561+0530] {processor.py:840} INFO - DAG(s) 'example_python_decorator' retrieved from /home/arun/.local/lib/python3.10/site-packages/airflow/example_dags/example_python_decorator.py
[2024-02-29T18:29:44.582+0530] {logging_mixin.py:188} INFO - [2024-02-29T18:29:44.581+0530] {dag.py:3036} INFO - Sync 1 DAGs
[2024-02-29T18:29:44.597+0530] {logging_mixin.py:188} INFO - [2024-02-29T18:29:44.597+0530] {dag.py:3823} INFO - Setting next_dagrun for example_python_decorator to None, run_after=None
[2024-02-29T18:29:44.633+0530] {processor.py:183} INFO - Processing /home/arun/.local/lib/python3.10/site-packages/airflow/example_dags/example_python_decorator.py took 0.090 seconds
[2024-02-29T18:30:45.877+0530] {processor.py:161} INFO - Started process (PID=6521) to work on /home/arun/.local/lib/python3.10/site-packages/airflow/example_dags/example_python_decorator.py
[2024-02-29T18:30:45.890+0530] {processor.py:830} INFO - Processing file /home/arun/.local/lib/python3.10/site-packages/airflow/example_dags/example_python_decorator.py for tasks to queue
[2024-02-29T18:30:45.891+0530] {logging_mixin.py:188} INFO - [2024-02-29T18:30:45.890+0530] {dagbag.py:538} INFO - Filling up the DagBag from /home/arun/.local/lib/python3.10/site-packages/airflow/example_dags/example_python_decorator.py
[2024-02-29T18:30:45.911+0530] {processor.py:840} INFO - DAG(s) 'example_python_decorator' retrieved from /home/arun/.local/lib/python3.10/site-packages/airflow/example_dags/example_python_decorator.py
[2024-02-29T18:30:45.938+0530] {logging_mixin.py:188} INFO - [2024-02-29T18:30:45.937+0530] {dag.py:3036} INFO - Sync 1 DAGs
[2024-02-29T18:30:45.956+0530] {logging_mixin.py:188} INFO - [2024-02-29T18:30:45.956+0530] {dag.py:3823} INFO - Setting next_dagrun for example_python_decorator to None, run_after=None
[2024-02-29T18:30:46.080+0530] {processor.py:183} INFO - Processing /home/arun/.local/lib/python3.10/site-packages/airflow/example_dags/example_python_decorator.py took 0.220 seconds
[2024-02-29T18:31:41.233+0530] {processor.py:161} INFO - Started process (PID=6610) to work on /home/arun/.local/lib/python3.10/site-packages/airflow/example_dags/example_python_decorator.py
[2024-02-29T18:31:41.236+0530] {processor.py:830} INFO - Processing file /home/arun/.local/lib/python3.10/site-packages/airflow/example_dags/example_python_decorator.py for tasks to queue
[2024-02-29T18:31:41.237+0530] {logging_mixin.py:188} INFO - [2024-02-29T18:31:41.237+0530] {dagbag.py:538} INFO - Filling up the DagBag from /home/arun/.local/lib/python3.10/site-packages/airflow/example_dags/example_python_decorator.py
[2024-02-29T18:31:41.259+0530] {processor.py:840} INFO - DAG(s) 'example_python_decorator' retrieved from /home/arun/.local/lib/python3.10/site-packages/airflow/example_dags/example_python_decorator.py
[2024-02-29T18:31:41.292+0530] {logging_mixin.py:188} INFO - [2024-02-29T18:31:41.292+0530] {dag.py:3036} INFO - Sync 1 DAGs
[2024-02-29T18:31:41.314+0530] {logging_mixin.py:188} INFO - [2024-02-29T18:31:41.314+0530] {dag.py:3823} INFO - Setting next_dagrun for example_python_decorator to None, run_after=None
[2024-02-29T18:31:41.352+0530] {processor.py:183} INFO - Processing /home/arun/.local/lib/python3.10/site-packages/airflow/example_dags/example_python_decorator.py took 0.124 seconds
[2024-02-29T18:32:28.827+0530] {processor.py:161} INFO - Started process (PID=6694) to work on /home/arun/.local/lib/python3.10/site-packages/airflow/example_dags/example_python_decorator.py
[2024-02-29T18:32:28.837+0530] {processor.py:830} INFO - Processing file /home/arun/.local/lib/python3.10/site-packages/airflow/example_dags/example_python_decorator.py for tasks to queue
[2024-02-29T18:32:28.842+0530] {logging_mixin.py:188} INFO - [2024-02-29T18:32:28.841+0530] {dagbag.py:538} INFO - Filling up the DagBag from /home/arun/.local/lib/python3.10/site-packages/airflow/example_dags/example_python_decorator.py
[2024-02-29T18:32:28.918+0530] {processor.py:840} INFO - DAG(s) 'example_python_decorator' retrieved from /home/arun/.local/lib/python3.10/site-packages/airflow/example_dags/example_python_decorator.py
[2024-02-29T18:32:29.120+0530] {logging_mixin.py:188} INFO - [2024-02-29T18:32:29.118+0530] {dag.py:3036} INFO - Sync 1 DAGs
[2024-02-29T18:32:29.220+0530] {logging_mixin.py:188} INFO - [2024-02-29T18:32:29.219+0530] {dag.py:3823} INFO - Setting next_dagrun for example_python_decorator to None, run_after=None
[2024-02-29T18:32:29.329+0530] {processor.py:183} INFO - Processing /home/arun/.local/lib/python3.10/site-packages/airflow/example_dags/example_python_decorator.py took 0.520 seconds
[2024-02-29T18:33:24.491+0530] {processor.py:161} INFO - Started process (PID=6779) to work on /home/arun/.local/lib/python3.10/site-packages/airflow/example_dags/example_python_decorator.py
[2024-02-29T18:33:24.494+0530] {processor.py:830} INFO - Processing file /home/arun/.local/lib/python3.10/site-packages/airflow/example_dags/example_python_decorator.py for tasks to queue
[2024-02-29T18:33:24.495+0530] {logging_mixin.py:188} INFO - [2024-02-29T18:33:24.494+0530] {dagbag.py:538} INFO - Filling up the DagBag from /home/arun/.local/lib/python3.10/site-packages/airflow/example_dags/example_python_decorator.py
[2024-02-29T18:33:24.585+0530] {processor.py:840} INFO - DAG(s) 'example_python_decorator' retrieved from /home/arun/.local/lib/python3.10/site-packages/airflow/example_dags/example_python_decorator.py
[2024-02-29T18:33:24.613+0530] {logging_mixin.py:188} INFO - [2024-02-29T18:33:24.613+0530] {dag.py:3036} INFO - Sync 1 DAGs
[2024-02-29T18:33:24.631+0530] {logging_mixin.py:188} INFO - [2024-02-29T18:33:24.630+0530] {dag.py:3823} INFO - Setting next_dagrun for example_python_decorator to None, run_after=None
[2024-02-29T18:33:24.665+0530] {processor.py:183} INFO - Processing /home/arun/.local/lib/python3.10/site-packages/airflow/example_dags/example_python_decorator.py took 0.180 seconds
[2024-02-29T18:34:18.397+0530] {processor.py:161} INFO - Started process (PID=6864) to work on /home/arun/.local/lib/python3.10/site-packages/airflow/example_dags/example_python_decorator.py
[2024-02-29T18:34:18.448+0530] {processor.py:830} INFO - Processing file /home/arun/.local/lib/python3.10/site-packages/airflow/example_dags/example_python_decorator.py for tasks to queue
[2024-02-29T18:34:18.449+0530] {logging_mixin.py:188} INFO - [2024-02-29T18:34:18.449+0530] {dagbag.py:538} INFO - Filling up the DagBag from /home/arun/.local/lib/python3.10/site-packages/airflow/example_dags/example_python_decorator.py
[2024-02-29T18:34:18.462+0530] {processor.py:840} INFO - DAG(s) 'example_python_decorator' retrieved from /home/arun/.local/lib/python3.10/site-packages/airflow/example_dags/example_python_decorator.py
[2024-02-29T18:34:18.479+0530] {logging_mixin.py:188} INFO - [2024-02-29T18:34:18.479+0530] {dag.py:3036} INFO - Sync 1 DAGs
[2024-02-29T18:34:18.492+0530] {logging_mixin.py:188} INFO - [2024-02-29T18:34:18.492+0530] {dag.py:3823} INFO - Setting next_dagrun for example_python_decorator to None, run_after=None
[2024-02-29T18:34:18.527+0530] {processor.py:183} INFO - Processing /home/arun/.local/lib/python3.10/site-packages/airflow/example_dags/example_python_decorator.py took 0.133 seconds
[2024-02-29T18:35:10.933+0530] {processor.py:161} INFO - Started process (PID=6950) to work on /home/arun/.local/lib/python3.10/site-packages/airflow/example_dags/example_python_decorator.py
[2024-02-29T18:35:10.956+0530] {processor.py:830} INFO - Processing file /home/arun/.local/lib/python3.10/site-packages/airflow/example_dags/example_python_decorator.py for tasks to queue
[2024-02-29T18:35:10.962+0530] {logging_mixin.py:188} INFO - [2024-02-29T18:35:10.961+0530] {dagbag.py:538} INFO - Filling up the DagBag from /home/arun/.local/lib/python3.10/site-packages/airflow/example_dags/example_python_decorator.py
[2024-02-29T18:35:11.077+0530] {processor.py:840} INFO - DAG(s) 'example_python_decorator' retrieved from /home/arun/.local/lib/python3.10/site-packages/airflow/example_dags/example_python_decorator.py
[2024-02-29T18:35:11.150+0530] {logging_mixin.py:188} INFO - [2024-02-29T18:35:11.149+0530] {dag.py:3036} INFO - Sync 1 DAGs
[2024-02-29T18:35:11.184+0530] {logging_mixin.py:188} INFO - [2024-02-29T18:35:11.183+0530] {dag.py:3823} INFO - Setting next_dagrun for example_python_decorator to None, run_after=None
[2024-02-29T18:35:11.244+0530] {processor.py:183} INFO - Processing /home/arun/.local/lib/python3.10/site-packages/airflow/example_dags/example_python_decorator.py took 0.333 seconds
[2024-02-29T18:36:04.823+0530] {processor.py:161} INFO - Started process (PID=7034) to work on /home/arun/.local/lib/python3.10/site-packages/airflow/example_dags/example_python_decorator.py
[2024-02-29T18:36:04.824+0530] {processor.py:830} INFO - Processing file /home/arun/.local/lib/python3.10/site-packages/airflow/example_dags/example_python_decorator.py for tasks to queue
[2024-02-29T18:36:04.826+0530] {logging_mixin.py:188} INFO - [2024-02-29T18:36:04.825+0530] {dagbag.py:538} INFO - Filling up the DagBag from /home/arun/.local/lib/python3.10/site-packages/airflow/example_dags/example_python_decorator.py
[2024-02-29T18:36:04.844+0530] {processor.py:840} INFO - DAG(s) 'example_python_decorator' retrieved from /home/arun/.local/lib/python3.10/site-packages/airflow/example_dags/example_python_decorator.py
[2024-02-29T18:36:04.869+0530] {logging_mixin.py:188} INFO - [2024-02-29T18:36:04.868+0530] {dag.py:3036} INFO - Sync 1 DAGs
[2024-02-29T18:36:04.886+0530] {logging_mixin.py:188} INFO - [2024-02-29T18:36:04.885+0530] {dag.py:3823} INFO - Setting next_dagrun for example_python_decorator to None, run_after=None
[2024-02-29T18:36:04.919+0530] {processor.py:183} INFO - Processing /home/arun/.local/lib/python3.10/site-packages/airflow/example_dags/example_python_decorator.py took 0.100 seconds
[2024-02-29T18:37:08.680+0530] {processor.py:161} INFO - Started process (PID=7127) to work on /home/arun/.local/lib/python3.10/site-packages/airflow/example_dags/example_python_decorator.py
[2024-02-29T18:37:08.686+0530] {processor.py:830} INFO - Processing file /home/arun/.local/lib/python3.10/site-packages/airflow/example_dags/example_python_decorator.py for tasks to queue
[2024-02-29T18:37:08.689+0530] {logging_mixin.py:188} INFO - [2024-02-29T18:37:08.688+0530] {dagbag.py:538} INFO - Filling up the DagBag from /home/arun/.local/lib/python3.10/site-packages/airflow/example_dags/example_python_decorator.py
[2024-02-29T18:37:08.787+0530] {processor.py:840} INFO - DAG(s) 'example_python_decorator' retrieved from /home/arun/.local/lib/python3.10/site-packages/airflow/example_dags/example_python_decorator.py
[2024-02-29T18:37:08.840+0530] {logging_mixin.py:188} INFO - [2024-02-29T18:37:08.840+0530] {dag.py:3036} INFO - Sync 1 DAGs
[2024-02-29T18:37:08.864+0530] {logging_mixin.py:188} INFO - [2024-02-29T18:37:08.863+0530] {dag.py:3823} INFO - Setting next_dagrun for example_python_decorator to None, run_after=None
[2024-02-29T18:37:08.915+0530] {processor.py:183} INFO - Processing /home/arun/.local/lib/python3.10/site-packages/airflow/example_dags/example_python_decorator.py took 0.250 seconds
[2024-02-29T18:38:07.525+0530] {processor.py:161} INFO - Started process (PID=7216) to work on /home/arun/.local/lib/python3.10/site-packages/airflow/example_dags/example_python_decorator.py
[2024-02-29T18:38:07.529+0530] {processor.py:830} INFO - Processing file /home/arun/.local/lib/python3.10/site-packages/airflow/example_dags/example_python_decorator.py for tasks to queue
[2024-02-29T18:38:07.531+0530] {logging_mixin.py:188} INFO - [2024-02-29T18:38:07.530+0530] {dagbag.py:538} INFO - Filling up the DagBag from /home/arun/.local/lib/python3.10/site-packages/airflow/example_dags/example_python_decorator.py
[2024-02-29T18:38:07.553+0530] {processor.py:840} INFO - DAG(s) 'example_python_decorator' retrieved from /home/arun/.local/lib/python3.10/site-packages/airflow/example_dags/example_python_decorator.py
[2024-02-29T18:38:07.585+0530] {logging_mixin.py:188} INFO - [2024-02-29T18:38:07.585+0530] {dag.py:3036} INFO - Sync 1 DAGs
[2024-02-29T18:38:07.608+0530] {logging_mixin.py:188} INFO - [2024-02-29T18:38:07.608+0530] {dag.py:3823} INFO - Setting next_dagrun for example_python_decorator to None, run_after=None
[2024-02-29T18:38:07.649+0530] {processor.py:183} INFO - Processing /home/arun/.local/lib/python3.10/site-packages/airflow/example_dags/example_python_decorator.py took 0.129 seconds
[2024-02-29T18:39:03.180+0530] {processor.py:161} INFO - Started process (PID=7394) to work on /home/arun/.local/lib/python3.10/site-packages/airflow/example_dags/example_python_decorator.py
[2024-02-29T18:39:03.182+0530] {processor.py:830} INFO - Processing file /home/arun/.local/lib/python3.10/site-packages/airflow/example_dags/example_python_decorator.py for tasks to queue
[2024-02-29T18:39:03.183+0530] {logging_mixin.py:188} INFO - [2024-02-29T18:39:03.182+0530] {dagbag.py:538} INFO - Filling up the DagBag from /home/arun/.local/lib/python3.10/site-packages/airflow/example_dags/example_python_decorator.py
[2024-02-29T18:39:03.204+0530] {processor.py:840} INFO - DAG(s) 'example_python_decorator' retrieved from /home/arun/.local/lib/python3.10/site-packages/airflow/example_dags/example_python_decorator.py
[2024-02-29T18:39:03.230+0530] {logging_mixin.py:188} INFO - [2024-02-29T18:39:03.229+0530] {dag.py:3036} INFO - Sync 1 DAGs
[2024-02-29T18:39:03.249+0530] {logging_mixin.py:188} INFO - [2024-02-29T18:39:03.249+0530] {dag.py:3823} INFO - Setting next_dagrun for example_python_decorator to None, run_after=None
[2024-02-29T18:39:03.288+0530] {processor.py:183} INFO - Processing /home/arun/.local/lib/python3.10/site-packages/airflow/example_dags/example_python_decorator.py took 0.113 seconds
[2024-02-29T18:40:00.791+0530] {processor.py:161} INFO - Started process (PID=7482) to work on /home/arun/.local/lib/python3.10/site-packages/airflow/example_dags/example_python_decorator.py
[2024-02-29T18:40:00.816+0530] {processor.py:830} INFO - Processing file /home/arun/.local/lib/python3.10/site-packages/airflow/example_dags/example_python_decorator.py for tasks to queue
[2024-02-29T18:40:00.819+0530] {logging_mixin.py:188} INFO - [2024-02-29T18:40:00.818+0530] {dagbag.py:538} INFO - Filling up the DagBag from /home/arun/.local/lib/python3.10/site-packages/airflow/example_dags/example_python_decorator.py
[2024-02-29T18:40:00.900+0530] {processor.py:840} INFO - DAG(s) 'example_python_decorator' retrieved from /home/arun/.local/lib/python3.10/site-packages/airflow/example_dags/example_python_decorator.py
[2024-02-29T18:40:00.982+0530] {logging_mixin.py:188} INFO - [2024-02-29T18:40:00.982+0530] {dag.py:3036} INFO - Sync 1 DAGs
[2024-02-29T18:40:01.019+0530] {logging_mixin.py:188} INFO - [2024-02-29T18:40:01.018+0530] {dag.py:3823} INFO - Setting next_dagrun for example_python_decorator to None, run_after=None
[2024-02-29T18:40:01.119+0530] {processor.py:183} INFO - Processing /home/arun/.local/lib/python3.10/site-packages/airflow/example_dags/example_python_decorator.py took 0.379 seconds
[2024-02-29T18:40:59.153+0530] {processor.py:161} INFO - Started process (PID=7574) to work on /home/arun/.local/lib/python3.10/site-packages/airflow/example_dags/example_python_decorator.py
[2024-02-29T18:40:59.155+0530] {processor.py:830} INFO - Processing file /home/arun/.local/lib/python3.10/site-packages/airflow/example_dags/example_python_decorator.py for tasks to queue
[2024-02-29T18:40:59.157+0530] {logging_mixin.py:188} INFO - [2024-02-29T18:40:59.156+0530] {dagbag.py:538} INFO - Filling up the DagBag from /home/arun/.local/lib/python3.10/site-packages/airflow/example_dags/example_python_decorator.py
[2024-02-29T18:40:59.219+0530] {processor.py:840} INFO - DAG(s) 'example_python_decorator' retrieved from /home/arun/.local/lib/python3.10/site-packages/airflow/example_dags/example_python_decorator.py
[2024-02-29T18:40:59.258+0530] {logging_mixin.py:188} INFO - [2024-02-29T18:40:59.258+0530] {dag.py:3036} INFO - Sync 1 DAGs
[2024-02-29T18:40:59.300+0530] {logging_mixin.py:188} INFO - [2024-02-29T18:40:59.299+0530] {dag.py:3823} INFO - Setting next_dagrun for example_python_decorator to None, run_after=None
[2024-02-29T18:40:59.395+0530] {processor.py:183} INFO - Processing /home/arun/.local/lib/python3.10/site-packages/airflow/example_dags/example_python_decorator.py took 0.251 seconds
[2024-02-29T18:41:55.252+0530] {processor.py:161} INFO - Started process (PID=7674) to work on /home/arun/.local/lib/python3.10/site-packages/airflow/example_dags/example_python_decorator.py
[2024-02-29T18:41:55.288+0530] {processor.py:830} INFO - Processing file /home/arun/.local/lib/python3.10/site-packages/airflow/example_dags/example_python_decorator.py for tasks to queue
[2024-02-29T18:41:55.290+0530] {logging_mixin.py:188} INFO - [2024-02-29T18:41:55.289+0530] {dagbag.py:538} INFO - Filling up the DagBag from /home/arun/.local/lib/python3.10/site-packages/airflow/example_dags/example_python_decorator.py
[2024-02-29T18:41:55.307+0530] {processor.py:840} INFO - DAG(s) 'example_python_decorator' retrieved from /home/arun/.local/lib/python3.10/site-packages/airflow/example_dags/example_python_decorator.py
[2024-02-29T18:41:55.327+0530] {logging_mixin.py:188} INFO - [2024-02-29T18:41:55.327+0530] {dag.py:3036} INFO - Sync 1 DAGs
[2024-02-29T18:41:55.340+0530] {logging_mixin.py:188} INFO - [2024-02-29T18:41:55.340+0530] {dag.py:3823} INFO - Setting next_dagrun for example_python_decorator to None, run_after=None
[2024-02-29T18:41:55.369+0530] {processor.py:183} INFO - Processing /home/arun/.local/lib/python3.10/site-packages/airflow/example_dags/example_python_decorator.py took 0.120 seconds
[2024-02-29T18:42:52.154+0530] {processor.py:161} INFO - Started process (PID=7763) to work on /home/arun/.local/lib/python3.10/site-packages/airflow/example_dags/example_python_decorator.py
[2024-02-29T18:42:52.158+0530] {processor.py:830} INFO - Processing file /home/arun/.local/lib/python3.10/site-packages/airflow/example_dags/example_python_decorator.py for tasks to queue
[2024-02-29T18:42:52.161+0530] {logging_mixin.py:188} INFO - [2024-02-29T18:42:52.160+0530] {dagbag.py:538} INFO - Filling up the DagBag from /home/arun/.local/lib/python3.10/site-packages/airflow/example_dags/example_python_decorator.py
[2024-02-29T18:42:52.188+0530] {processor.py:840} INFO - DAG(s) 'example_python_decorator' retrieved from /home/arun/.local/lib/python3.10/site-packages/airflow/example_dags/example_python_decorator.py
[2024-02-29T18:42:52.227+0530] {logging_mixin.py:188} INFO - [2024-02-29T18:42:52.226+0530] {dag.py:3036} INFO - Sync 1 DAGs
[2024-02-29T18:42:52.257+0530] {logging_mixin.py:188} INFO - [2024-02-29T18:42:52.257+0530] {dag.py:3823} INFO - Setting next_dagrun for example_python_decorator to None, run_after=None
[2024-02-29T18:42:52.323+0530] {processor.py:183} INFO - Processing /home/arun/.local/lib/python3.10/site-packages/airflow/example_dags/example_python_decorator.py took 0.176 seconds
[2024-02-29T18:43:57.297+0530] {processor.py:161} INFO - Started process (PID=7878) to work on /home/arun/.local/lib/python3.10/site-packages/airflow/example_dags/example_python_decorator.py
[2024-02-29T18:43:57.300+0530] {processor.py:830} INFO - Processing file /home/arun/.local/lib/python3.10/site-packages/airflow/example_dags/example_python_decorator.py for tasks to queue
[2024-02-29T18:43:57.301+0530] {logging_mixin.py:188} INFO - [2024-02-29T18:43:57.301+0530] {dagbag.py:538} INFO - Filling up the DagBag from /home/arun/.local/lib/python3.10/site-packages/airflow/example_dags/example_python_decorator.py
[2024-02-29T18:43:57.333+0530] {processor.py:840} INFO - DAG(s) 'example_python_decorator' retrieved from /home/arun/.local/lib/python3.10/site-packages/airflow/example_dags/example_python_decorator.py
[2024-02-29T18:43:57.368+0530] {logging_mixin.py:188} INFO - [2024-02-29T18:43:57.367+0530] {dag.py:3036} INFO - Sync 1 DAGs
[2024-02-29T18:43:57.384+0530] {logging_mixin.py:188} INFO - [2024-02-29T18:43:57.384+0530] {dag.py:3823} INFO - Setting next_dagrun for example_python_decorator to None, run_after=None
[2024-02-29T18:43:57.410+0530] {processor.py:183} INFO - Processing /home/arun/.local/lib/python3.10/site-packages/airflow/example_dags/example_python_decorator.py took 0.120 seconds
[2024-02-29T18:44:55.125+0530] {processor.py:161} INFO - Started process (PID=7965) to work on /home/arun/.local/lib/python3.10/site-packages/airflow/example_dags/example_python_decorator.py
[2024-02-29T18:44:55.126+0530] {processor.py:830} INFO - Processing file /home/arun/.local/lib/python3.10/site-packages/airflow/example_dags/example_python_decorator.py for tasks to queue
[2024-02-29T18:44:55.128+0530] {logging_mixin.py:188} INFO - [2024-02-29T18:44:55.127+0530] {dagbag.py:538} INFO - Filling up the DagBag from /home/arun/.local/lib/python3.10/site-packages/airflow/example_dags/example_python_decorator.py
[2024-02-29T18:44:55.146+0530] {processor.py:840} INFO - DAG(s) 'example_python_decorator' retrieved from /home/arun/.local/lib/python3.10/site-packages/airflow/example_dags/example_python_decorator.py
[2024-02-29T18:44:55.168+0530] {logging_mixin.py:188} INFO - [2024-02-29T18:44:55.168+0530] {dag.py:3036} INFO - Sync 1 DAGs
[2024-02-29T18:44:55.181+0530] {logging_mixin.py:188} INFO - [2024-02-29T18:44:55.181+0530] {dag.py:3823} INFO - Setting next_dagrun for example_python_decorator to None, run_after=None
[2024-02-29T18:44:55.209+0530] {processor.py:183} INFO - Processing /home/arun/.local/lib/python3.10/site-packages/airflow/example_dags/example_python_decorator.py took 0.090 seconds
[2024-02-29T18:45:47.284+0530] {processor.py:161} INFO - Started process (PID=8064) to work on /home/arun/.local/lib/python3.10/site-packages/airflow/example_dags/example_python_decorator.py
[2024-02-29T18:45:47.289+0530] {processor.py:830} INFO - Processing file /home/arun/.local/lib/python3.10/site-packages/airflow/example_dags/example_python_decorator.py for tasks to queue
[2024-02-29T18:45:47.290+0530] {logging_mixin.py:188} INFO - [2024-02-29T18:45:47.290+0530] {dagbag.py:538} INFO - Filling up the DagBag from /home/arun/.local/lib/python3.10/site-packages/airflow/example_dags/example_python_decorator.py
[2024-02-29T18:45:47.311+0530] {processor.py:840} INFO - DAG(s) 'example_python_decorator' retrieved from /home/arun/.local/lib/python3.10/site-packages/airflow/example_dags/example_python_decorator.py
[2024-02-29T18:45:47.331+0530] {logging_mixin.py:188} INFO - [2024-02-29T18:45:47.331+0530] {dag.py:3036} INFO - Sync 1 DAGs
[2024-02-29T18:45:47.343+0530] {logging_mixin.py:188} INFO - [2024-02-29T18:45:47.343+0530] {dag.py:3823} INFO - Setting next_dagrun for example_python_decorator to None, run_after=None
[2024-02-29T18:45:47.368+0530] {processor.py:183} INFO - Processing /home/arun/.local/lib/python3.10/site-packages/airflow/example_dags/example_python_decorator.py took 0.091 seconds
[2024-02-29T18:46:40.022+0530] {processor.py:161} INFO - Started process (PID=8149) to work on /home/arun/.local/lib/python3.10/site-packages/airflow/example_dags/example_python_decorator.py
[2024-02-29T18:46:40.023+0530] {processor.py:830} INFO - Processing file /home/arun/.local/lib/python3.10/site-packages/airflow/example_dags/example_python_decorator.py for tasks to queue
[2024-02-29T18:46:40.024+0530] {logging_mixin.py:188} INFO - [2024-02-29T18:46:40.024+0530] {dagbag.py:538} INFO - Filling up the DagBag from /home/arun/.local/lib/python3.10/site-packages/airflow/example_dags/example_python_decorator.py
[2024-02-29T18:46:40.042+0530] {processor.py:840} INFO - DAG(s) 'example_python_decorator' retrieved from /home/arun/.local/lib/python3.10/site-packages/airflow/example_dags/example_python_decorator.py
[2024-02-29T18:46:40.065+0530] {logging_mixin.py:188} INFO - [2024-02-29T18:46:40.065+0530] {dag.py:3036} INFO - Sync 1 DAGs
[2024-02-29T18:46:40.082+0530] {logging_mixin.py:188} INFO - [2024-02-29T18:46:40.081+0530] {dag.py:3823} INFO - Setting next_dagrun for example_python_decorator to None, run_after=None
[2024-02-29T18:46:40.113+0530] {processor.py:183} INFO - Processing /home/arun/.local/lib/python3.10/site-packages/airflow/example_dags/example_python_decorator.py took 0.095 seconds
[2024-02-29T18:47:32.780+0530] {processor.py:161} INFO - Started process (PID=8232) to work on /home/arun/.local/lib/python3.10/site-packages/airflow/example_dags/example_python_decorator.py
[2024-02-29T18:47:32.783+0530] {processor.py:830} INFO - Processing file /home/arun/.local/lib/python3.10/site-packages/airflow/example_dags/example_python_decorator.py for tasks to queue
[2024-02-29T18:47:32.785+0530] {logging_mixin.py:188} INFO - [2024-02-29T18:47:32.784+0530] {dagbag.py:538} INFO - Filling up the DagBag from /home/arun/.local/lib/python3.10/site-packages/airflow/example_dags/example_python_decorator.py
[2024-02-29T18:47:32.805+0530] {processor.py:840} INFO - DAG(s) 'example_python_decorator' retrieved from /home/arun/.local/lib/python3.10/site-packages/airflow/example_dags/example_python_decorator.py
[2024-02-29T18:47:32.826+0530] {logging_mixin.py:188} INFO - [2024-02-29T18:47:32.826+0530] {dag.py:3036} INFO - Sync 1 DAGs
[2024-02-29T18:47:32.841+0530] {logging_mixin.py:188} INFO - [2024-02-29T18:47:32.841+0530] {dag.py:3823} INFO - Setting next_dagrun for example_python_decorator to None, run_after=None
[2024-02-29T18:47:32.870+0530] {processor.py:183} INFO - Processing /home/arun/.local/lib/python3.10/site-packages/airflow/example_dags/example_python_decorator.py took 0.094 seconds
[2024-02-29T18:48:23.486+0530] {processor.py:161} INFO - Started process (PID=8315) to work on /home/arun/.local/lib/python3.10/site-packages/airflow/example_dags/example_python_decorator.py
[2024-02-29T18:48:23.487+0530] {processor.py:830} INFO - Processing file /home/arun/.local/lib/python3.10/site-packages/airflow/example_dags/example_python_decorator.py for tasks to queue
[2024-02-29T18:48:23.488+0530] {logging_mixin.py:188} INFO - [2024-02-29T18:48:23.488+0530] {dagbag.py:538} INFO - Filling up the DagBag from /home/arun/.local/lib/python3.10/site-packages/airflow/example_dags/example_python_decorator.py
[2024-02-29T18:48:23.501+0530] {processor.py:840} INFO - DAG(s) 'example_python_decorator' retrieved from /home/arun/.local/lib/python3.10/site-packages/airflow/example_dags/example_python_decorator.py
[2024-02-29T18:48:23.524+0530] {logging_mixin.py:188} INFO - [2024-02-29T18:48:23.524+0530] {dag.py:3036} INFO - Sync 1 DAGs
[2024-02-29T18:48:23.541+0530] {logging_mixin.py:188} INFO - [2024-02-29T18:48:23.541+0530] {dag.py:3823} INFO - Setting next_dagrun for example_python_decorator to None, run_after=None
[2024-02-29T18:48:23.584+0530] {processor.py:183} INFO - Processing /home/arun/.local/lib/python3.10/site-packages/airflow/example_dags/example_python_decorator.py took 0.101 seconds
[2024-02-29T18:49:11.061+0530] {processor.py:161} INFO - Started process (PID=8395) to work on /home/arun/.local/lib/python3.10/site-packages/airflow/example_dags/example_python_decorator.py
[2024-02-29T18:49:11.063+0530] {processor.py:830} INFO - Processing file /home/arun/.local/lib/python3.10/site-packages/airflow/example_dags/example_python_decorator.py for tasks to queue
[2024-02-29T18:49:11.064+0530] {logging_mixin.py:188} INFO - [2024-02-29T18:49:11.063+0530] {dagbag.py:538} INFO - Filling up the DagBag from /home/arun/.local/lib/python3.10/site-packages/airflow/example_dags/example_python_decorator.py
[2024-02-29T18:49:11.081+0530] {processor.py:840} INFO - DAG(s) 'example_python_decorator' retrieved from /home/arun/.local/lib/python3.10/site-packages/airflow/example_dags/example_python_decorator.py
[2024-02-29T18:49:11.112+0530] {logging_mixin.py:188} INFO - [2024-02-29T18:49:11.112+0530] {dag.py:3036} INFO - Sync 1 DAGs
[2024-02-29T18:49:11.130+0530] {logging_mixin.py:188} INFO - [2024-02-29T18:49:11.130+0530] {dag.py:3823} INFO - Setting next_dagrun for example_python_decorator to None, run_after=None
[2024-02-29T18:49:11.166+0530] {processor.py:183} INFO - Processing /home/arun/.local/lib/python3.10/site-packages/airflow/example_dags/example_python_decorator.py took 0.108 seconds
[2024-02-29T18:49:59.610+0530] {processor.py:161} INFO - Started process (PID=8474) to work on /home/arun/.local/lib/python3.10/site-packages/airflow/example_dags/example_python_decorator.py
[2024-02-29T18:49:59.614+0530] {processor.py:830} INFO - Processing file /home/arun/.local/lib/python3.10/site-packages/airflow/example_dags/example_python_decorator.py for tasks to queue
[2024-02-29T18:49:59.617+0530] {logging_mixin.py:188} INFO - [2024-02-29T18:49:59.615+0530] {dagbag.py:538} INFO - Filling up the DagBag from /home/arun/.local/lib/python3.10/site-packages/airflow/example_dags/example_python_decorator.py
[2024-02-29T18:49:59.649+0530] {processor.py:840} INFO - DAG(s) 'example_python_decorator' retrieved from /home/arun/.local/lib/python3.10/site-packages/airflow/example_dags/example_python_decorator.py
[2024-02-29T18:49:59.679+0530] {logging_mixin.py:188} INFO - [2024-02-29T18:49:59.678+0530] {dag.py:3036} INFO - Sync 1 DAGs
[2024-02-29T18:49:59.694+0530] {logging_mixin.py:188} INFO - [2024-02-29T18:49:59.694+0530] {dag.py:3823} INFO - Setting next_dagrun for example_python_decorator to None, run_after=None
[2024-02-29T18:49:59.724+0530] {processor.py:183} INFO - Processing /home/arun/.local/lib/python3.10/site-packages/airflow/example_dags/example_python_decorator.py took 0.121 seconds
[2024-02-29T18:50:49.637+0530] {processor.py:161} INFO - Started process (PID=8556) to work on /home/arun/.local/lib/python3.10/site-packages/airflow/example_dags/example_python_decorator.py
[2024-02-29T18:50:49.639+0530] {processor.py:830} INFO - Processing file /home/arun/.local/lib/python3.10/site-packages/airflow/example_dags/example_python_decorator.py for tasks to queue
[2024-02-29T18:50:49.639+0530] {logging_mixin.py:188} INFO - [2024-02-29T18:50:49.639+0530] {dagbag.py:538} INFO - Filling up the DagBag from /home/arun/.local/lib/python3.10/site-packages/airflow/example_dags/example_python_decorator.py
[2024-02-29T18:50:49.654+0530] {processor.py:840} INFO - DAG(s) 'example_python_decorator' retrieved from /home/arun/.local/lib/python3.10/site-packages/airflow/example_dags/example_python_decorator.py
[2024-02-29T18:50:49.679+0530] {logging_mixin.py:188} INFO - [2024-02-29T18:50:49.679+0530] {dag.py:3036} INFO - Sync 1 DAGs
[2024-02-29T18:50:49.701+0530] {logging_mixin.py:188} INFO - [2024-02-29T18:50:49.700+0530] {dag.py:3823} INFO - Setting next_dagrun for example_python_decorator to None, run_after=None
[2024-02-29T18:50:49.741+0530] {processor.py:183} INFO - Processing /home/arun/.local/lib/python3.10/site-packages/airflow/example_dags/example_python_decorator.py took 0.107 seconds
[2024-02-29T18:51:42.845+0530] {processor.py:161} INFO - Started process (PID=8734) to work on /home/arun/.local/lib/python3.10/site-packages/airflow/example_dags/example_python_decorator.py
[2024-02-29T18:51:42.846+0530] {processor.py:830} INFO - Processing file /home/arun/.local/lib/python3.10/site-packages/airflow/example_dags/example_python_decorator.py for tasks to queue
[2024-02-29T18:51:42.847+0530] {logging_mixin.py:188} INFO - [2024-02-29T18:51:42.847+0530] {dagbag.py:538} INFO - Filling up the DagBag from /home/arun/.local/lib/python3.10/site-packages/airflow/example_dags/example_python_decorator.py
[2024-02-29T18:51:42.861+0530] {processor.py:840} INFO - DAG(s) 'example_python_decorator' retrieved from /home/arun/.local/lib/python3.10/site-packages/airflow/example_dags/example_python_decorator.py
[2024-02-29T18:51:42.879+0530] {logging_mixin.py:188} INFO - [2024-02-29T18:51:42.879+0530] {dag.py:3036} INFO - Sync 1 DAGs
[2024-02-29T18:51:42.893+0530] {logging_mixin.py:188} INFO - [2024-02-29T18:51:42.893+0530] {dag.py:3823} INFO - Setting next_dagrun for example_python_decorator to None, run_after=None
[2024-02-29T18:51:42.923+0530] {processor.py:183} INFO - Processing /home/arun/.local/lib/python3.10/site-packages/airflow/example_dags/example_python_decorator.py took 0.082 seconds
[2024-02-29T18:52:34.285+0530] {processor.py:161} INFO - Started process (PID=8813) to work on /home/arun/.local/lib/python3.10/site-packages/airflow/example_dags/example_python_decorator.py
[2024-02-29T18:52:34.287+0530] {processor.py:830} INFO - Processing file /home/arun/.local/lib/python3.10/site-packages/airflow/example_dags/example_python_decorator.py for tasks to queue
[2024-02-29T18:52:34.287+0530] {logging_mixin.py:188} INFO - [2024-02-29T18:52:34.287+0530] {dagbag.py:538} INFO - Filling up the DagBag from /home/arun/.local/lib/python3.10/site-packages/airflow/example_dags/example_python_decorator.py
[2024-02-29T18:52:34.301+0530] {processor.py:840} INFO - DAG(s) 'example_python_decorator' retrieved from /home/arun/.local/lib/python3.10/site-packages/airflow/example_dags/example_python_decorator.py
[2024-02-29T18:52:34.325+0530] {logging_mixin.py:188} INFO - [2024-02-29T18:52:34.325+0530] {dag.py:3036} INFO - Sync 1 DAGs
[2024-02-29T18:52:34.342+0530] {logging_mixin.py:188} INFO - [2024-02-29T18:52:34.341+0530] {dag.py:3823} INFO - Setting next_dagrun for example_python_decorator to None, run_after=None
[2024-02-29T18:52:34.375+0530] {processor.py:183} INFO - Processing /home/arun/.local/lib/python3.10/site-packages/airflow/example_dags/example_python_decorator.py took 0.093 seconds
[2024-02-29T18:53:27.952+0530] {processor.py:161} INFO - Started process (PID=8897) to work on /home/arun/.local/lib/python3.10/site-packages/airflow/example_dags/example_python_decorator.py
[2024-02-29T18:53:27.954+0530] {processor.py:830} INFO - Processing file /home/arun/.local/lib/python3.10/site-packages/airflow/example_dags/example_python_decorator.py for tasks to queue
[2024-02-29T18:53:27.955+0530] {logging_mixin.py:188} INFO - [2024-02-29T18:53:27.955+0530] {dagbag.py:538} INFO - Filling up the DagBag from /home/arun/.local/lib/python3.10/site-packages/airflow/example_dags/example_python_decorator.py
[2024-02-29T18:53:27.973+0530] {processor.py:840} INFO - DAG(s) 'example_python_decorator' retrieved from /home/arun/.local/lib/python3.10/site-packages/airflow/example_dags/example_python_decorator.py
[2024-02-29T18:53:27.994+0530] {logging_mixin.py:188} INFO - [2024-02-29T18:53:27.994+0530] {dag.py:3036} INFO - Sync 1 DAGs
[2024-02-29T18:53:28.008+0530] {logging_mixin.py:188} INFO - [2024-02-29T18:53:28.008+0530] {dag.py:3823} INFO - Setting next_dagrun for example_python_decorator to None, run_after=None
[2024-02-29T18:53:28.037+0530] {processor.py:183} INFO - Processing /home/arun/.local/lib/python3.10/site-packages/airflow/example_dags/example_python_decorator.py took 0.090 seconds
[2024-02-29T18:54:19.207+0530] {processor.py:161} INFO - Started process (PID=9168) to work on /home/arun/.local/lib/python3.10/site-packages/airflow/example_dags/example_python_decorator.py
[2024-02-29T18:54:19.209+0530] {processor.py:830} INFO - Processing file /home/arun/.local/lib/python3.10/site-packages/airflow/example_dags/example_python_decorator.py for tasks to queue
[2024-02-29T18:54:19.210+0530] {logging_mixin.py:188} INFO - [2024-02-29T18:54:19.210+0530] {dagbag.py:538} INFO - Filling up the DagBag from /home/arun/.local/lib/python3.10/site-packages/airflow/example_dags/example_python_decorator.py
[2024-02-29T18:54:19.228+0530] {processor.py:840} INFO - DAG(s) 'example_python_decorator' retrieved from /home/arun/.local/lib/python3.10/site-packages/airflow/example_dags/example_python_decorator.py
[2024-02-29T18:54:19.247+0530] {logging_mixin.py:188} INFO - [2024-02-29T18:54:19.247+0530] {dag.py:3036} INFO - Sync 1 DAGs
[2024-02-29T18:54:19.260+0530] {logging_mixin.py:188} INFO - [2024-02-29T18:54:19.260+0530] {dag.py:3823} INFO - Setting next_dagrun for example_python_decorator to None, run_after=None
[2024-02-29T18:54:19.288+0530] {processor.py:183} INFO - Processing /home/arun/.local/lib/python3.10/site-packages/airflow/example_dags/example_python_decorator.py took 0.085 seconds
[2024-02-29T18:55:07.558+0530] {processor.py:161} INFO - Started process (PID=9247) to work on /home/arun/.local/lib/python3.10/site-packages/airflow/example_dags/example_python_decorator.py
[2024-02-29T18:55:07.562+0530] {processor.py:830} INFO - Processing file /home/arun/.local/lib/python3.10/site-packages/airflow/example_dags/example_python_decorator.py for tasks to queue
[2024-02-29T18:55:07.564+0530] {logging_mixin.py:188} INFO - [2024-02-29T18:55:07.563+0530] {dagbag.py:538} INFO - Filling up the DagBag from /home/arun/.local/lib/python3.10/site-packages/airflow/example_dags/example_python_decorator.py
[2024-02-29T18:55:07.666+0530] {processor.py:840} INFO - DAG(s) 'example_python_decorator' retrieved from /home/arun/.local/lib/python3.10/site-packages/airflow/example_dags/example_python_decorator.py
[2024-02-29T18:55:07.725+0530] {logging_mixin.py:188} INFO - [2024-02-29T18:55:07.725+0530] {dag.py:3036} INFO - Sync 1 DAGs
[2024-02-29T18:55:07.757+0530] {logging_mixin.py:188} INFO - [2024-02-29T18:55:07.756+0530] {dag.py:3823} INFO - Setting next_dagrun for example_python_decorator to None, run_after=None
[2024-02-29T18:55:07.813+0530] {processor.py:183} INFO - Processing /home/arun/.local/lib/python3.10/site-packages/airflow/example_dags/example_python_decorator.py took 0.299 seconds
[2024-02-29T18:56:07.610+0530] {processor.py:161} INFO - Started process (PID=9401) to work on /home/arun/.local/lib/python3.10/site-packages/airflow/example_dags/example_python_decorator.py
[2024-02-29T18:56:07.643+0530] {processor.py:830} INFO - Processing file /home/arun/.local/lib/python3.10/site-packages/airflow/example_dags/example_python_decorator.py for tasks to queue
[2024-02-29T18:56:07.645+0530] {logging_mixin.py:188} INFO - [2024-02-29T18:56:07.645+0530] {dagbag.py:538} INFO - Filling up the DagBag from /home/arun/.local/lib/python3.10/site-packages/airflow/example_dags/example_python_decorator.py
[2024-02-29T18:56:07.671+0530] {processor.py:840} INFO - DAG(s) 'example_python_decorator' retrieved from /home/arun/.local/lib/python3.10/site-packages/airflow/example_dags/example_python_decorator.py
[2024-02-29T18:56:07.731+0530] {logging_mixin.py:188} INFO - [2024-02-29T18:56:07.731+0530] {dag.py:3036} INFO - Sync 1 DAGs
[2024-02-29T18:56:07.749+0530] {logging_mixin.py:188} INFO - [2024-02-29T18:56:07.749+0530] {dag.py:3823} INFO - Setting next_dagrun for example_python_decorator to None, run_after=None
[2024-02-29T18:56:07.784+0530] {processor.py:183} INFO - Processing /home/arun/.local/lib/python3.10/site-packages/airflow/example_dags/example_python_decorator.py took 0.178 seconds
[2024-02-29T18:57:06.087+0530] {processor.py:161} INFO - Started process (PID=9519) to work on /home/arun/.local/lib/python3.10/site-packages/airflow/example_dags/example_python_decorator.py
[2024-02-29T18:57:06.089+0530] {processor.py:830} INFO - Processing file /home/arun/.local/lib/python3.10/site-packages/airflow/example_dags/example_python_decorator.py for tasks to queue
[2024-02-29T18:57:06.090+0530] {logging_mixin.py:188} INFO - [2024-02-29T18:57:06.089+0530] {dagbag.py:538} INFO - Filling up the DagBag from /home/arun/.local/lib/python3.10/site-packages/airflow/example_dags/example_python_decorator.py
[2024-02-29T18:57:06.104+0530] {processor.py:840} INFO - DAG(s) 'example_python_decorator' retrieved from /home/arun/.local/lib/python3.10/site-packages/airflow/example_dags/example_python_decorator.py
[2024-02-29T18:57:06.121+0530] {logging_mixin.py:188} INFO - [2024-02-29T18:57:06.121+0530] {dag.py:3036} INFO - Sync 1 DAGs
[2024-02-29T18:57:06.135+0530] {logging_mixin.py:188} INFO - [2024-02-29T18:57:06.135+0530] {dag.py:3823} INFO - Setting next_dagrun for example_python_decorator to None, run_after=None
[2024-02-29T18:57:06.168+0530] {processor.py:183} INFO - Processing /home/arun/.local/lib/python3.10/site-packages/airflow/example_dags/example_python_decorator.py took 0.085 seconds
[2024-02-29T18:58:01.447+0530] {processor.py:161} INFO - Started process (PID=9608) to work on /home/arun/.local/lib/python3.10/site-packages/airflow/example_dags/example_python_decorator.py
[2024-02-29T18:58:01.450+0530] {processor.py:830} INFO - Processing file /home/arun/.local/lib/python3.10/site-packages/airflow/example_dags/example_python_decorator.py for tasks to queue
[2024-02-29T18:58:01.452+0530] {logging_mixin.py:188} INFO - [2024-02-29T18:58:01.452+0530] {dagbag.py:538} INFO - Filling up the DagBag from /home/arun/.local/lib/python3.10/site-packages/airflow/example_dags/example_python_decorator.py
[2024-02-29T18:58:01.470+0530] {processor.py:840} INFO - DAG(s) 'example_python_decorator' retrieved from /home/arun/.local/lib/python3.10/site-packages/airflow/example_dags/example_python_decorator.py
[2024-02-29T18:58:01.491+0530] {logging_mixin.py:188} INFO - [2024-02-29T18:58:01.491+0530] {dag.py:3036} INFO - Sync 1 DAGs
[2024-02-29T18:58:01.506+0530] {logging_mixin.py:188} INFO - [2024-02-29T18:58:01.505+0530] {dag.py:3823} INFO - Setting next_dagrun for example_python_decorator to None, run_after=None
[2024-02-29T18:58:01.544+0530] {processor.py:183} INFO - Processing /home/arun/.local/lib/python3.10/site-packages/airflow/example_dags/example_python_decorator.py took 0.101 seconds
[2024-02-29T18:59:03.231+0530] {processor.py:161} INFO - Started process (PID=9717) to work on /home/arun/.local/lib/python3.10/site-packages/airflow/example_dags/example_python_decorator.py
[2024-02-29T18:59:03.249+0530] {processor.py:830} INFO - Processing file /home/arun/.local/lib/python3.10/site-packages/airflow/example_dags/example_python_decorator.py for tasks to queue
[2024-02-29T18:59:03.251+0530] {logging_mixin.py:188} INFO - [2024-02-29T18:59:03.250+0530] {dagbag.py:538} INFO - Filling up the DagBag from /home/arun/.local/lib/python3.10/site-packages/airflow/example_dags/example_python_decorator.py
[2024-02-29T18:59:03.313+0530] {processor.py:840} INFO - DAG(s) 'example_python_decorator' retrieved from /home/arun/.local/lib/python3.10/site-packages/airflow/example_dags/example_python_decorator.py
[2024-02-29T18:59:03.336+0530] {logging_mixin.py:188} INFO - [2024-02-29T18:59:03.336+0530] {dag.py:3036} INFO - Sync 1 DAGs
[2024-02-29T18:59:03.351+0530] {logging_mixin.py:188} INFO - [2024-02-29T18:59:03.351+0530] {dag.py:3823} INFO - Setting next_dagrun for example_python_decorator to None, run_after=None
[2024-02-29T18:59:03.382+0530] {processor.py:183} INFO - Processing /home/arun/.local/lib/python3.10/site-packages/airflow/example_dags/example_python_decorator.py took 0.157 seconds
[2024-02-29T18:59:58.953+0530] {processor.py:161} INFO - Started process (PID=9818) to work on /home/arun/.local/lib/python3.10/site-packages/airflow/example_dags/example_python_decorator.py
[2024-02-29T18:59:58.991+0530] {processor.py:830} INFO - Processing file /home/arun/.local/lib/python3.10/site-packages/airflow/example_dags/example_python_decorator.py for tasks to queue
[2024-02-29T18:59:58.992+0530] {logging_mixin.py:188} INFO - [2024-02-29T18:59:58.992+0530] {dagbag.py:538} INFO - Filling up the DagBag from /home/arun/.local/lib/python3.10/site-packages/airflow/example_dags/example_python_decorator.py
[2024-02-29T18:59:59.009+0530] {processor.py:840} INFO - DAG(s) 'example_python_decorator' retrieved from /home/arun/.local/lib/python3.10/site-packages/airflow/example_dags/example_python_decorator.py
[2024-02-29T18:59:59.032+0530] {logging_mixin.py:188} INFO - [2024-02-29T18:59:59.031+0530] {dag.py:3036} INFO - Sync 1 DAGs
[2024-02-29T18:59:59.046+0530] {logging_mixin.py:188} INFO - [2024-02-29T18:59:59.046+0530] {dag.py:3823} INFO - Setting next_dagrun for example_python_decorator to None, run_after=None
[2024-02-29T18:59:59.077+0530] {processor.py:183} INFO - Processing /home/arun/.local/lib/python3.10/site-packages/airflow/example_dags/example_python_decorator.py took 0.127 seconds
[2024-02-29T19:00:49.731+0530] {processor.py:161} INFO - Started process (PID=9902) to work on /home/arun/.local/lib/python3.10/site-packages/airflow/example_dags/example_python_decorator.py
[2024-02-29T19:00:49.732+0530] {processor.py:830} INFO - Processing file /home/arun/.local/lib/python3.10/site-packages/airflow/example_dags/example_python_decorator.py for tasks to queue
[2024-02-29T19:00:49.733+0530] {logging_mixin.py:188} INFO - [2024-02-29T19:00:49.733+0530] {dagbag.py:538} INFO - Filling up the DagBag from /home/arun/.local/lib/python3.10/site-packages/airflow/example_dags/example_python_decorator.py
[2024-02-29T19:00:49.747+0530] {processor.py:840} INFO - DAG(s) 'example_python_decorator' retrieved from /home/arun/.local/lib/python3.10/site-packages/airflow/example_dags/example_python_decorator.py
[2024-02-29T19:00:49.768+0530] {logging_mixin.py:188} INFO - [2024-02-29T19:00:49.768+0530] {dag.py:3036} INFO - Sync 1 DAGs
[2024-02-29T19:00:49.783+0530] {logging_mixin.py:188} INFO - [2024-02-29T19:00:49.782+0530] {dag.py:3823} INFO - Setting next_dagrun for example_python_decorator to None, run_after=None
[2024-02-29T19:00:49.815+0530] {processor.py:183} INFO - Processing /home/arun/.local/lib/python3.10/site-packages/airflow/example_dags/example_python_decorator.py took 0.087 seconds
[2024-02-29T19:01:41.359+0530] {processor.py:161} INFO - Started process (PID=9985) to work on /home/arun/.local/lib/python3.10/site-packages/airflow/example_dags/example_python_decorator.py
[2024-02-29T19:01:41.361+0530] {processor.py:830} INFO - Processing file /home/arun/.local/lib/python3.10/site-packages/airflow/example_dags/example_python_decorator.py for tasks to queue
[2024-02-29T19:01:41.362+0530] {logging_mixin.py:188} INFO - [2024-02-29T19:01:41.362+0530] {dagbag.py:538} INFO - Filling up the DagBag from /home/arun/.local/lib/python3.10/site-packages/airflow/example_dags/example_python_decorator.py
[2024-02-29T19:01:41.379+0530] {processor.py:840} INFO - DAG(s) 'example_python_decorator' retrieved from /home/arun/.local/lib/python3.10/site-packages/airflow/example_dags/example_python_decorator.py
[2024-02-29T19:01:41.398+0530] {logging_mixin.py:188} INFO - [2024-02-29T19:01:41.398+0530] {dag.py:3036} INFO - Sync 1 DAGs
[2024-02-29T19:01:41.411+0530] {logging_mixin.py:188} INFO - [2024-02-29T19:01:41.411+0530] {dag.py:3823} INFO - Setting next_dagrun for example_python_decorator to None, run_after=None
[2024-02-29T19:01:41.436+0530] {processor.py:183} INFO - Processing /home/arun/.local/lib/python3.10/site-packages/airflow/example_dags/example_python_decorator.py took 0.081 seconds
[2024-02-29T19:02:33.284+0530] {processor.py:161} INFO - Started process (PID=10070) to work on /home/arun/.local/lib/python3.10/site-packages/airflow/example_dags/example_python_decorator.py
[2024-02-29T19:02:33.290+0530] {processor.py:830} INFO - Processing file /home/arun/.local/lib/python3.10/site-packages/airflow/example_dags/example_python_decorator.py for tasks to queue
[2024-02-29T19:02:33.291+0530] {logging_mixin.py:188} INFO - [2024-02-29T19:02:33.291+0530] {dagbag.py:538} INFO - Filling up the DagBag from /home/arun/.local/lib/python3.10/site-packages/airflow/example_dags/example_python_decorator.py
[2024-02-29T19:02:33.310+0530] {processor.py:840} INFO - DAG(s) 'example_python_decorator' retrieved from /home/arun/.local/lib/python3.10/site-packages/airflow/example_dags/example_python_decorator.py
[2024-02-29T19:02:33.365+0530] {logging_mixin.py:188} INFO - [2024-02-29T19:02:33.364+0530] {dag.py:3036} INFO - Sync 1 DAGs
[2024-02-29T19:02:33.415+0530] {logging_mixin.py:188} INFO - [2024-02-29T19:02:33.415+0530] {dag.py:3823} INFO - Setting next_dagrun for example_python_decorator to None, run_after=None
[2024-02-29T19:02:33.453+0530] {processor.py:183} INFO - Processing /home/arun/.local/lib/python3.10/site-packages/airflow/example_dags/example_python_decorator.py took 0.171 seconds
[2024-02-29T19:03:23.036+0530] {processor.py:161} INFO - Started process (PID=10149) to work on /home/arun/.local/lib/python3.10/site-packages/airflow/example_dags/example_python_decorator.py
[2024-02-29T19:03:23.039+0530] {processor.py:830} INFO - Processing file /home/arun/.local/lib/python3.10/site-packages/airflow/example_dags/example_python_decorator.py for tasks to queue
[2024-02-29T19:03:23.041+0530] {logging_mixin.py:188} INFO - [2024-02-29T19:03:23.040+0530] {dagbag.py:538} INFO - Filling up the DagBag from /home/arun/.local/lib/python3.10/site-packages/airflow/example_dags/example_python_decorator.py
[2024-02-29T19:03:23.068+0530] {processor.py:840} INFO - DAG(s) 'example_python_decorator' retrieved from /home/arun/.local/lib/python3.10/site-packages/airflow/example_dags/example_python_decorator.py
[2024-02-29T19:03:23.101+0530] {logging_mixin.py:188} INFO - [2024-02-29T19:03:23.101+0530] {dag.py:3036} INFO - Sync 1 DAGs
[2024-02-29T19:03:23.120+0530] {logging_mixin.py:188} INFO - [2024-02-29T19:03:23.119+0530] {dag.py:3823} INFO - Setting next_dagrun for example_python_decorator to None, run_after=None
[2024-02-29T19:03:23.156+0530] {processor.py:183} INFO - Processing /home/arun/.local/lib/python3.10/site-packages/airflow/example_dags/example_python_decorator.py took 0.127 seconds
[2024-02-29T19:04:09.122+0530] {processor.py:161} INFO - Started process (PID=10226) to work on /home/arun/.local/lib/python3.10/site-packages/airflow/example_dags/example_python_decorator.py
[2024-02-29T19:04:09.124+0530] {processor.py:830} INFO - Processing file /home/arun/.local/lib/python3.10/site-packages/airflow/example_dags/example_python_decorator.py for tasks to queue
[2024-02-29T19:04:09.125+0530] {logging_mixin.py:188} INFO - [2024-02-29T19:04:09.125+0530] {dagbag.py:538} INFO - Filling up the DagBag from /home/arun/.local/lib/python3.10/site-packages/airflow/example_dags/example_python_decorator.py
[2024-02-29T19:04:09.144+0530] {processor.py:840} INFO - DAG(s) 'example_python_decorator' retrieved from /home/arun/.local/lib/python3.10/site-packages/airflow/example_dags/example_python_decorator.py
[2024-02-29T19:04:09.173+0530] {logging_mixin.py:188} INFO - [2024-02-29T19:04:09.173+0530] {dag.py:3036} INFO - Sync 1 DAGs
[2024-02-29T19:04:09.196+0530] {logging_mixin.py:188} INFO - [2024-02-29T19:04:09.196+0530] {dag.py:3823} INFO - Setting next_dagrun for example_python_decorator to None, run_after=None
[2024-02-29T19:04:09.263+0530] {processor.py:183} INFO - Processing /home/arun/.local/lib/python3.10/site-packages/airflow/example_dags/example_python_decorator.py took 0.145 seconds
[2024-02-29T19:04:58.676+0530] {processor.py:161} INFO - Started process (PID=10329) to work on /home/arun/.local/lib/python3.10/site-packages/airflow/example_dags/example_python_decorator.py
[2024-02-29T19:04:58.680+0530] {processor.py:830} INFO - Processing file /home/arun/.local/lib/python3.10/site-packages/airflow/example_dags/example_python_decorator.py for tasks to queue
[2024-02-29T19:04:58.682+0530] {logging_mixin.py:188} INFO - [2024-02-29T19:04:58.681+0530] {dagbag.py:538} INFO - Filling up the DagBag from /home/arun/.local/lib/python3.10/site-packages/airflow/example_dags/example_python_decorator.py
[2024-02-29T19:04:58.712+0530] {processor.py:840} INFO - DAG(s) 'example_python_decorator' retrieved from /home/arun/.local/lib/python3.10/site-packages/airflow/example_dags/example_python_decorator.py
[2024-02-29T19:04:58.755+0530] {logging_mixin.py:188} INFO - [2024-02-29T19:04:58.754+0530] {dag.py:3036} INFO - Sync 1 DAGs
[2024-02-29T19:04:58.784+0530] {logging_mixin.py:188} INFO - [2024-02-29T19:04:58.783+0530] {dag.py:3823} INFO - Setting next_dagrun for example_python_decorator to None, run_after=None
[2024-02-29T19:04:58.844+0530] {processor.py:183} INFO - Processing /home/arun/.local/lib/python3.10/site-packages/airflow/example_dags/example_python_decorator.py took 0.175 seconds
[2024-02-29T19:06:15.334+0530] {processor.py:161} INFO - Started process (PID=10594) to work on /home/arun/.local/lib/python3.10/site-packages/airflow/example_dags/example_python_decorator.py
[2024-02-29T19:06:15.361+0530] {processor.py:830} INFO - Processing file /home/arun/.local/lib/python3.10/site-packages/airflow/example_dags/example_python_decorator.py for tasks to queue
[2024-02-29T19:06:15.366+0530] {logging_mixin.py:188} INFO - [2024-02-29T19:06:15.364+0530] {dagbag.py:538} INFO - Filling up the DagBag from /home/arun/.local/lib/python3.10/site-packages/airflow/example_dags/example_python_decorator.py
[2024-02-29T19:06:15.450+0530] {processor.py:840} INFO - DAG(s) 'example_python_decorator' retrieved from /home/arun/.local/lib/python3.10/site-packages/airflow/example_dags/example_python_decorator.py
[2024-02-29T19:06:15.526+0530] {logging_mixin.py:188} INFO - [2024-02-29T19:06:15.525+0530] {dag.py:3036} INFO - Sync 1 DAGs
[2024-02-29T19:06:15.558+0530] {logging_mixin.py:188} INFO - [2024-02-29T19:06:15.558+0530] {dag.py:3823} INFO - Setting next_dagrun for example_python_decorator to None, run_after=None
[2024-02-29T19:06:15.618+0530] {processor.py:183} INFO - Processing /home/arun/.local/lib/python3.10/site-packages/airflow/example_dags/example_python_decorator.py took 0.289 seconds
