[2024-02-29T18:15:15.164+0530] {processor.py:161} INFO - Started process (PID=5170) to work on /home/arun/.local/lib/python3.10/site-packages/airflow/example_dags/example_trigger_controller_dag.py
[2024-02-29T18:15:15.168+0530] {processor.py:830} INFO - Processing file /home/arun/.local/lib/python3.10/site-packages/airflow/example_dags/example_trigger_controller_dag.py for tasks to queue
[2024-02-29T18:15:15.169+0530] {logging_mixin.py:188} INFO - [2024-02-29T18:15:15.169+0530] {dagbag.py:538} INFO - Filling up the DagBag from /home/arun/.local/lib/python3.10/site-packages/airflow/example_dags/example_trigger_controller_dag.py
[2024-02-29T18:15:15.195+0530] {processor.py:840} INFO - DAG(s) 'example_trigger_controller_dag' retrieved from /home/arun/.local/lib/python3.10/site-packages/airflow/example_dags/example_trigger_controller_dag.py
[2024-02-29T18:15:15.383+0530] {logging_mixin.py:188} INFO - [2024-02-29T18:15:15.383+0530] {dag.py:3036} INFO - Sync 1 DAGs
[2024-02-29T18:15:15.417+0530] {logging_mixin.py:188} INFO - [2024-02-29T18:15:15.417+0530] {dag.py:3823} INFO - Setting next_dagrun for example_trigger_controller_dag to 2021-01-01 00:00:00+00:00, run_after=2021-01-01 00:00:00+00:00
[2024-02-29T18:15:15.874+0530] {processor.py:183} INFO - Processing /home/arun/.local/lib/python3.10/site-packages/airflow/example_dags/example_trigger_controller_dag.py took 0.720 seconds
[2024-02-29T18:16:39.657+0530] {processor.py:161} INFO - Started process (PID=5228) to work on /home/arun/.local/lib/python3.10/site-packages/airflow/example_dags/example_trigger_controller_dag.py
[2024-02-29T18:16:39.661+0530] {processor.py:830} INFO - Processing file /home/arun/.local/lib/python3.10/site-packages/airflow/example_dags/example_trigger_controller_dag.py for tasks to queue
[2024-02-29T18:16:39.663+0530] {logging_mixin.py:188} INFO - [2024-02-29T18:16:39.662+0530] {dagbag.py:538} INFO - Filling up the DagBag from /home/arun/.local/lib/python3.10/site-packages/airflow/example_dags/example_trigger_controller_dag.py
[2024-02-29T18:16:39.676+0530] {processor.py:840} INFO - DAG(s) 'example_trigger_controller_dag' retrieved from /home/arun/.local/lib/python3.10/site-packages/airflow/example_dags/example_trigger_controller_dag.py
[2024-02-29T18:16:39.725+0530] {logging_mixin.py:188} INFO - [2024-02-29T18:16:39.724+0530] {dag.py:3036} INFO - Sync 1 DAGs
[2024-02-29T18:16:39.768+0530] {logging_mixin.py:188} INFO - [2024-02-29T18:16:39.768+0530] {dag.py:3823} INFO - Setting next_dagrun for example_trigger_controller_dag to 2021-01-01 00:00:00+00:00, run_after=2021-01-01 00:00:00+00:00
[2024-02-29T18:16:39.870+0530] {processor.py:183} INFO - Processing /home/arun/.local/lib/python3.10/site-packages/airflow/example_dags/example_trigger_controller_dag.py took 0.222 seconds
[2024-02-29T18:17:34.260+0530] {processor.py:161} INFO - Started process (PID=5273) to work on /home/arun/.local/lib/python3.10/site-packages/airflow/example_dags/example_trigger_controller_dag.py
[2024-02-29T18:17:34.268+0530] {processor.py:830} INFO - Processing file /home/arun/.local/lib/python3.10/site-packages/airflow/example_dags/example_trigger_controller_dag.py for tasks to queue
[2024-02-29T18:17:34.270+0530] {logging_mixin.py:188} INFO - [2024-02-29T18:17:34.269+0530] {dagbag.py:538} INFO - Filling up the DagBag from /home/arun/.local/lib/python3.10/site-packages/airflow/example_dags/example_trigger_controller_dag.py
[2024-02-29T18:17:34.283+0530] {processor.py:840} INFO - DAG(s) 'example_trigger_controller_dag' retrieved from /home/arun/.local/lib/python3.10/site-packages/airflow/example_dags/example_trigger_controller_dag.py
[2024-02-29T18:17:34.320+0530] {logging_mixin.py:188} INFO - [2024-02-29T18:17:34.319+0530] {dag.py:3036} INFO - Sync 1 DAGs
[2024-02-29T18:17:34.655+0530] {logging_mixin.py:188} INFO - [2024-02-29T18:17:34.655+0530] {dag.py:3823} INFO - Setting next_dagrun for example_trigger_controller_dag to 2021-01-01 00:00:00+00:00, run_after=2021-01-01 00:00:00+00:00
[2024-02-29T18:17:34.758+0530] {processor.py:183} INFO - Processing /home/arun/.local/lib/python3.10/site-packages/airflow/example_dags/example_trigger_controller_dag.py took 0.511 seconds
[2024-02-29T18:18:24.309+0530] {processor.py:161} INFO - Started process (PID=5364) to work on /home/arun/.local/lib/python3.10/site-packages/airflow/example_dags/example_trigger_controller_dag.py
[2024-02-29T18:18:24.353+0530] {processor.py:830} INFO - Processing file /home/arun/.local/lib/python3.10/site-packages/airflow/example_dags/example_trigger_controller_dag.py for tasks to queue
[2024-02-29T18:18:24.359+0530] {logging_mixin.py:188} INFO - [2024-02-29T18:18:24.358+0530] {dagbag.py:538} INFO - Filling up the DagBag from /home/arun/.local/lib/python3.10/site-packages/airflow/example_dags/example_trigger_controller_dag.py
[2024-02-29T18:18:24.373+0530] {processor.py:840} INFO - DAG(s) 'example_trigger_controller_dag' retrieved from /home/arun/.local/lib/python3.10/site-packages/airflow/example_dags/example_trigger_controller_dag.py
[2024-02-29T18:18:24.411+0530] {logging_mixin.py:188} INFO - [2024-02-29T18:18:24.403+0530] {dag.py:3036} INFO - Sync 1 DAGs
[2024-02-29T18:18:24.466+0530] {logging_mixin.py:188} INFO - [2024-02-29T18:18:24.466+0530] {dag.py:3823} INFO - Setting next_dagrun for example_trigger_controller_dag to 2021-01-01 00:00:00+00:00, run_after=2021-01-01 00:00:00+00:00
[2024-02-29T18:18:24.599+0530] {processor.py:183} INFO - Processing /home/arun/.local/lib/python3.10/site-packages/airflow/example_dags/example_trigger_controller_dag.py took 0.297 seconds
[2024-02-29T18:20:24.637+0530] {processor.py:161} INFO - Started process (PID=5475) to work on /home/arun/.local/lib/python3.10/site-packages/airflow/example_dags/example_trigger_controller_dag.py
[2024-02-29T18:20:24.640+0530] {processor.py:830} INFO - Processing file /home/arun/.local/lib/python3.10/site-packages/airflow/example_dags/example_trigger_controller_dag.py for tasks to queue
[2024-02-29T18:20:24.642+0530] {logging_mixin.py:188} INFO - [2024-02-29T18:20:24.641+0530] {dagbag.py:538} INFO - Filling up the DagBag from /home/arun/.local/lib/python3.10/site-packages/airflow/example_dags/example_trigger_controller_dag.py
[2024-02-29T18:20:24.658+0530] {processor.py:840} INFO - DAG(s) 'example_trigger_controller_dag' retrieved from /home/arun/.local/lib/python3.10/site-packages/airflow/example_dags/example_trigger_controller_dag.py
[2024-02-29T18:20:24.728+0530] {logging_mixin.py:188} INFO - [2024-02-29T18:20:24.728+0530] {dag.py:3036} INFO - Sync 1 DAGs
[2024-02-29T18:20:24.813+0530] {logging_mixin.py:188} INFO - [2024-02-29T18:20:24.812+0530] {dag.py:3823} INFO - Setting next_dagrun for example_trigger_controller_dag to 2021-01-01 00:00:00+00:00, run_after=2021-01-01 00:00:00+00:00
[2024-02-29T18:20:25.048+0530] {processor.py:183} INFO - Processing /home/arun/.local/lib/python3.10/site-packages/airflow/example_dags/example_trigger_controller_dag.py took 0.419 seconds
[2024-02-29T18:21:09.043+0530] {processor.py:161} INFO - Started process (PID=5564) to work on /home/arun/.local/lib/python3.10/site-packages/airflow/example_dags/example_trigger_controller_dag.py
[2024-02-29T18:21:09.050+0530] {processor.py:830} INFO - Processing file /home/arun/.local/lib/python3.10/site-packages/airflow/example_dags/example_trigger_controller_dag.py for tasks to queue
[2024-02-29T18:21:09.053+0530] {logging_mixin.py:188} INFO - [2024-02-29T18:21:09.052+0530] {dagbag.py:538} INFO - Filling up the DagBag from /home/arun/.local/lib/python3.10/site-packages/airflow/example_dags/example_trigger_controller_dag.py
[2024-02-29T18:21:09.080+0530] {processor.py:840} INFO - DAG(s) 'example_trigger_controller_dag' retrieved from /home/arun/.local/lib/python3.10/site-packages/airflow/example_dags/example_trigger_controller_dag.py
[2024-02-29T18:21:09.105+0530] {logging_mixin.py:188} INFO - [2024-02-29T18:21:09.105+0530] {dag.py:3036} INFO - Sync 1 DAGs
[2024-02-29T18:21:09.144+0530] {logging_mixin.py:188} INFO - [2024-02-29T18:21:09.144+0530] {dag.py:3823} INFO - Setting next_dagrun for example_trigger_controller_dag to 2021-01-01 00:00:00+00:00, run_after=2021-01-01 00:00:00+00:00
[2024-02-29T18:21:09.229+0530] {processor.py:183} INFO - Processing /home/arun/.local/lib/python3.10/site-packages/airflow/example_dags/example_trigger_controller_dag.py took 0.190 seconds
[2024-02-29T18:22:07.023+0530] {processor.py:161} INFO - Started process (PID=5664) to work on /home/arun/.local/lib/python3.10/site-packages/airflow/example_dags/example_trigger_controller_dag.py
[2024-02-29T18:22:07.048+0530] {processor.py:830} INFO - Processing file /home/arun/.local/lib/python3.10/site-packages/airflow/example_dags/example_trigger_controller_dag.py for tasks to queue
[2024-02-29T18:22:07.049+0530] {logging_mixin.py:188} INFO - [2024-02-29T18:22:07.048+0530] {dagbag.py:538} INFO - Filling up the DagBag from /home/arun/.local/lib/python3.10/site-packages/airflow/example_dags/example_trigger_controller_dag.py
[2024-02-29T18:22:07.055+0530] {processor.py:840} INFO - DAG(s) 'example_trigger_controller_dag' retrieved from /home/arun/.local/lib/python3.10/site-packages/airflow/example_dags/example_trigger_controller_dag.py
[2024-02-29T18:22:07.076+0530] {logging_mixin.py:188} INFO - [2024-02-29T18:22:07.076+0530] {dag.py:3036} INFO - Sync 1 DAGs
[2024-02-29T18:22:07.109+0530] {logging_mixin.py:188} INFO - [2024-02-29T18:22:07.109+0530] {dag.py:3823} INFO - Setting next_dagrun for example_trigger_controller_dag to 2021-01-01 00:00:00+00:00, run_after=2021-01-01 00:00:00+00:00
[2024-02-29T18:22:07.152+0530] {processor.py:183} INFO - Processing /home/arun/.local/lib/python3.10/site-packages/airflow/example_dags/example_trigger_controller_dag.py took 0.133 seconds
[2024-02-29T18:23:03.619+0530] {processor.py:161} INFO - Started process (PID=5750) to work on /home/arun/.local/lib/python3.10/site-packages/airflow/example_dags/example_trigger_controller_dag.py
[2024-02-29T18:23:03.659+0530] {processor.py:830} INFO - Processing file /home/arun/.local/lib/python3.10/site-packages/airflow/example_dags/example_trigger_controller_dag.py for tasks to queue
[2024-02-29T18:23:03.660+0530] {logging_mixin.py:188} INFO - [2024-02-29T18:23:03.660+0530] {dagbag.py:538} INFO - Filling up the DagBag from /home/arun/.local/lib/python3.10/site-packages/airflow/example_dags/example_trigger_controller_dag.py
[2024-02-29T18:23:03.665+0530] {processor.py:840} INFO - DAG(s) 'example_trigger_controller_dag' retrieved from /home/arun/.local/lib/python3.10/site-packages/airflow/example_dags/example_trigger_controller_dag.py
[2024-02-29T18:23:03.679+0530] {logging_mixin.py:188} INFO - [2024-02-29T18:23:03.679+0530] {dag.py:3036} INFO - Sync 1 DAGs
[2024-02-29T18:23:03.698+0530] {logging_mixin.py:188} INFO - [2024-02-29T18:23:03.697+0530] {dag.py:3823} INFO - Setting next_dagrun for example_trigger_controller_dag to 2021-01-01 00:00:00+00:00, run_after=2021-01-01 00:00:00+00:00
[2024-02-29T18:23:03.747+0530] {processor.py:183} INFO - Processing /home/arun/.local/lib/python3.10/site-packages/airflow/example_dags/example_trigger_controller_dag.py took 0.131 seconds
[2024-02-29T18:23:54.528+0530] {processor.py:161} INFO - Started process (PID=5854) to work on /home/arun/.local/lib/python3.10/site-packages/airflow/example_dags/example_trigger_controller_dag.py
[2024-02-29T18:23:54.529+0530] {processor.py:830} INFO - Processing file /home/arun/.local/lib/python3.10/site-packages/airflow/example_dags/example_trigger_controller_dag.py for tasks to queue
[2024-02-29T18:23:54.530+0530] {logging_mixin.py:188} INFO - [2024-02-29T18:23:54.530+0530] {dagbag.py:538} INFO - Filling up the DagBag from /home/arun/.local/lib/python3.10/site-packages/airflow/example_dags/example_trigger_controller_dag.py
[2024-02-29T18:23:54.535+0530] {processor.py:840} INFO - DAG(s) 'example_trigger_controller_dag' retrieved from /home/arun/.local/lib/python3.10/site-packages/airflow/example_dags/example_trigger_controller_dag.py
[2024-02-29T18:23:54.551+0530] {logging_mixin.py:188} INFO - [2024-02-29T18:23:54.551+0530] {dag.py:3036} INFO - Sync 1 DAGs
[2024-02-29T18:23:54.571+0530] {logging_mixin.py:188} INFO - [2024-02-29T18:23:54.570+0530] {dag.py:3823} INFO - Setting next_dagrun for example_trigger_controller_dag to 2021-01-01 00:00:00+00:00, run_after=2021-01-01 00:00:00+00:00
[2024-02-29T18:23:54.600+0530] {processor.py:183} INFO - Processing /home/arun/.local/lib/python3.10/site-packages/airflow/example_dags/example_trigger_controller_dag.py took 0.075 seconds
[2024-02-29T18:24:42.482+0530] {processor.py:161} INFO - Started process (PID=5926) to work on /home/arun/.local/lib/python3.10/site-packages/airflow/example_dags/example_trigger_controller_dag.py
[2024-02-29T18:24:42.483+0530] {processor.py:830} INFO - Processing file /home/arun/.local/lib/python3.10/site-packages/airflow/example_dags/example_trigger_controller_dag.py for tasks to queue
[2024-02-29T18:24:42.484+0530] {logging_mixin.py:188} INFO - [2024-02-29T18:24:42.484+0530] {dagbag.py:538} INFO - Filling up the DagBag from /home/arun/.local/lib/python3.10/site-packages/airflow/example_dags/example_trigger_controller_dag.py
[2024-02-29T18:24:42.492+0530] {processor.py:840} INFO - DAG(s) 'example_trigger_controller_dag' retrieved from /home/arun/.local/lib/python3.10/site-packages/airflow/example_dags/example_trigger_controller_dag.py
[2024-02-29T18:24:42.513+0530] {logging_mixin.py:188} INFO - [2024-02-29T18:24:42.513+0530] {dag.py:3036} INFO - Sync 1 DAGs
[2024-02-29T18:24:42.549+0530] {logging_mixin.py:188} INFO - [2024-02-29T18:24:42.548+0530] {dag.py:3823} INFO - Setting next_dagrun for example_trigger_controller_dag to 2021-01-01 00:00:00+00:00, run_after=2021-01-01 00:00:00+00:00
[2024-02-29T18:24:42.620+0530] {processor.py:183} INFO - Processing /home/arun/.local/lib/python3.10/site-packages/airflow/example_dags/example_trigger_controller_dag.py took 0.142 seconds
[2024-02-29T18:25:34.101+0530] {processor.py:161} INFO - Started process (PID=6005) to work on /home/arun/.local/lib/python3.10/site-packages/airflow/example_dags/example_trigger_controller_dag.py
[2024-02-29T18:25:34.103+0530] {processor.py:830} INFO - Processing file /home/arun/.local/lib/python3.10/site-packages/airflow/example_dags/example_trigger_controller_dag.py for tasks to queue
[2024-02-29T18:25:34.104+0530] {logging_mixin.py:188} INFO - [2024-02-29T18:25:34.103+0530] {dagbag.py:538} INFO - Filling up the DagBag from /home/arun/.local/lib/python3.10/site-packages/airflow/example_dags/example_trigger_controller_dag.py
[2024-02-29T18:25:34.109+0530] {processor.py:840} INFO - DAG(s) 'example_trigger_controller_dag' retrieved from /home/arun/.local/lib/python3.10/site-packages/airflow/example_dags/example_trigger_controller_dag.py
[2024-02-29T18:25:34.126+0530] {logging_mixin.py:188} INFO - [2024-02-29T18:25:34.126+0530] {dag.py:3036} INFO - Sync 1 DAGs
[2024-02-29T18:25:34.146+0530] {logging_mixin.py:188} INFO - [2024-02-29T18:25:34.146+0530] {dag.py:3823} INFO - Setting next_dagrun for example_trigger_controller_dag to 2021-01-01 00:00:00+00:00, run_after=2021-01-01 00:00:00+00:00
[2024-02-29T18:25:34.230+0530] {processor.py:183} INFO - Processing /home/arun/.local/lib/python3.10/site-packages/airflow/example_dags/example_trigger_controller_dag.py took 0.134 seconds
[2024-02-29T18:26:20.948+0530] {processor.py:161} INFO - Started process (PID=6079) to work on /home/arun/.local/lib/python3.10/site-packages/airflow/example_dags/example_trigger_controller_dag.py
[2024-02-29T18:26:20.950+0530] {processor.py:830} INFO - Processing file /home/arun/.local/lib/python3.10/site-packages/airflow/example_dags/example_trigger_controller_dag.py for tasks to queue
[2024-02-29T18:26:20.952+0530] {logging_mixin.py:188} INFO - [2024-02-29T18:26:20.951+0530] {dagbag.py:538} INFO - Filling up the DagBag from /home/arun/.local/lib/python3.10/site-packages/airflow/example_dags/example_trigger_controller_dag.py
[2024-02-29T18:26:20.960+0530] {processor.py:840} INFO - DAG(s) 'example_trigger_controller_dag' retrieved from /home/arun/.local/lib/python3.10/site-packages/airflow/example_dags/example_trigger_controller_dag.py
[2024-02-29T18:26:20.983+0530] {logging_mixin.py:188} INFO - [2024-02-29T18:26:20.982+0530] {dag.py:3036} INFO - Sync 1 DAGs
[2024-02-29T18:26:21.011+0530] {logging_mixin.py:188} INFO - [2024-02-29T18:26:21.011+0530] {dag.py:3823} INFO - Setting next_dagrun for example_trigger_controller_dag to 2021-01-01 00:00:00+00:00, run_after=2021-01-01 00:00:00+00:00
[2024-02-29T18:26:21.046+0530] {processor.py:183} INFO - Processing /home/arun/.local/lib/python3.10/site-packages/airflow/example_dags/example_trigger_controller_dag.py took 0.102 seconds
[2024-02-29T18:27:13.694+0530] {processor.py:161} INFO - Started process (PID=6158) to work on /home/arun/.local/lib/python3.10/site-packages/airflow/example_dags/example_trigger_controller_dag.py
[2024-02-29T18:27:13.707+0530] {processor.py:830} INFO - Processing file /home/arun/.local/lib/python3.10/site-packages/airflow/example_dags/example_trigger_controller_dag.py for tasks to queue
[2024-02-29T18:27:13.708+0530] {logging_mixin.py:188} INFO - [2024-02-29T18:27:13.708+0530] {dagbag.py:538} INFO - Filling up the DagBag from /home/arun/.local/lib/python3.10/site-packages/airflow/example_dags/example_trigger_controller_dag.py
[2024-02-29T18:27:13.724+0530] {processor.py:840} INFO - DAG(s) 'example_trigger_controller_dag' retrieved from /home/arun/.local/lib/python3.10/site-packages/airflow/example_dags/example_trigger_controller_dag.py
[2024-02-29T18:27:13.783+0530] {logging_mixin.py:188} INFO - [2024-02-29T18:27:13.782+0530] {dag.py:3036} INFO - Sync 1 DAGs
[2024-02-29T18:27:13.810+0530] {logging_mixin.py:188} INFO - [2024-02-29T18:27:13.809+0530] {dag.py:3823} INFO - Setting next_dagrun for example_trigger_controller_dag to 2021-01-01 00:00:00+00:00, run_after=2021-01-01 00:00:00+00:00
[2024-02-29T18:27:13.840+0530] {processor.py:183} INFO - Processing /home/arun/.local/lib/python3.10/site-packages/airflow/example_dags/example_trigger_controller_dag.py took 0.154 seconds
[2024-02-29T18:28:01.114+0530] {processor.py:161} INFO - Started process (PID=6250) to work on /home/arun/.local/lib/python3.10/site-packages/airflow/example_dags/example_trigger_controller_dag.py
[2024-02-29T18:28:01.135+0530] {processor.py:830} INFO - Processing file /home/arun/.local/lib/python3.10/site-packages/airflow/example_dags/example_trigger_controller_dag.py for tasks to queue
[2024-02-29T18:28:01.136+0530] {logging_mixin.py:188} INFO - [2024-02-29T18:28:01.136+0530] {dagbag.py:538} INFO - Filling up the DagBag from /home/arun/.local/lib/python3.10/site-packages/airflow/example_dags/example_trigger_controller_dag.py
[2024-02-29T18:28:01.144+0530] {processor.py:840} INFO - DAG(s) 'example_trigger_controller_dag' retrieved from /home/arun/.local/lib/python3.10/site-packages/airflow/example_dags/example_trigger_controller_dag.py
[2024-02-29T18:28:01.168+0530] {logging_mixin.py:188} INFO - [2024-02-29T18:28:01.168+0530] {dag.py:3036} INFO - Sync 1 DAGs
[2024-02-29T18:28:01.197+0530] {logging_mixin.py:188} INFO - [2024-02-29T18:28:01.197+0530] {dag.py:3823} INFO - Setting next_dagrun for example_trigger_controller_dag to 2021-01-01 00:00:00+00:00, run_after=2021-01-01 00:00:00+00:00
[2024-02-29T18:28:01.287+0530] {processor.py:183} INFO - Processing /home/arun/.local/lib/python3.10/site-packages/airflow/example_dags/example_trigger_controller_dag.py took 0.177 seconds
[2024-02-29T18:29:10.806+0530] {processor.py:161} INFO - Started process (PID=6360) to work on /home/arun/.local/lib/python3.10/site-packages/airflow/example_dags/example_trigger_controller_dag.py
[2024-02-29T18:29:10.830+0530] {processor.py:830} INFO - Processing file /home/arun/.local/lib/python3.10/site-packages/airflow/example_dags/example_trigger_controller_dag.py for tasks to queue
[2024-02-29T18:29:10.830+0530] {logging_mixin.py:188} INFO - [2024-02-29T18:29:10.830+0530] {dagbag.py:538} INFO - Filling up the DagBag from /home/arun/.local/lib/python3.10/site-packages/airflow/example_dags/example_trigger_controller_dag.py
[2024-02-29T18:29:10.835+0530] {processor.py:840} INFO - DAG(s) 'example_trigger_controller_dag' retrieved from /home/arun/.local/lib/python3.10/site-packages/airflow/example_dags/example_trigger_controller_dag.py
[2024-02-29T18:29:10.848+0530] {logging_mixin.py:188} INFO - [2024-02-29T18:29:10.848+0530] {dag.py:3036} INFO - Sync 1 DAGs
[2024-02-29T18:29:10.868+0530] {logging_mixin.py:188} INFO - [2024-02-29T18:29:10.868+0530] {dag.py:3823} INFO - Setting next_dagrun for example_trigger_controller_dag to 2021-01-01 00:00:00+00:00, run_after=2021-01-01 00:00:00+00:00
[2024-02-29T18:29:10.905+0530] {processor.py:183} INFO - Processing /home/arun/.local/lib/python3.10/site-packages/airflow/example_dags/example_trigger_controller_dag.py took 0.101 seconds
[2024-02-29T18:30:10.382+0530] {processor.py:161} INFO - Started process (PID=6467) to work on /home/arun/.local/lib/python3.10/site-packages/airflow/example_dags/example_trigger_controller_dag.py
[2024-02-29T18:30:10.414+0530] {processor.py:830} INFO - Processing file /home/arun/.local/lib/python3.10/site-packages/airflow/example_dags/example_trigger_controller_dag.py for tasks to queue
[2024-02-29T18:30:10.418+0530] {logging_mixin.py:188} INFO - [2024-02-29T18:30:10.415+0530] {dagbag.py:538} INFO - Filling up the DagBag from /home/arun/.local/lib/python3.10/site-packages/airflow/example_dags/example_trigger_controller_dag.py
[2024-02-29T18:30:10.441+0530] {processor.py:840} INFO - DAG(s) 'example_trigger_controller_dag' retrieved from /home/arun/.local/lib/python3.10/site-packages/airflow/example_dags/example_trigger_controller_dag.py
[2024-02-29T18:30:10.480+0530] {logging_mixin.py:188} INFO - [2024-02-29T18:30:10.479+0530] {dag.py:3036} INFO - Sync 1 DAGs
[2024-02-29T18:30:10.555+0530] {logging_mixin.py:188} INFO - [2024-02-29T18:30:10.554+0530] {dag.py:3823} INFO - Setting next_dagrun for example_trigger_controller_dag to 2021-01-01 00:00:00+00:00, run_after=2021-01-01 00:00:00+00:00
[2024-02-29T18:30:10.618+0530] {processor.py:183} INFO - Processing /home/arun/.local/lib/python3.10/site-packages/airflow/example_dags/example_trigger_controller_dag.py took 0.267 seconds
[2024-02-29T18:31:07.696+0530] {processor.py:161} INFO - Started process (PID=6554) to work on /home/arun/.local/lib/python3.10/site-packages/airflow/example_dags/example_trigger_controller_dag.py
[2024-02-29T18:31:07.697+0530] {processor.py:830} INFO - Processing file /home/arun/.local/lib/python3.10/site-packages/airflow/example_dags/example_trigger_controller_dag.py for tasks to queue
[2024-02-29T18:31:07.698+0530] {logging_mixin.py:188} INFO - [2024-02-29T18:31:07.698+0530] {dagbag.py:538} INFO - Filling up the DagBag from /home/arun/.local/lib/python3.10/site-packages/airflow/example_dags/example_trigger_controller_dag.py
[2024-02-29T18:31:07.705+0530] {processor.py:840} INFO - DAG(s) 'example_trigger_controller_dag' retrieved from /home/arun/.local/lib/python3.10/site-packages/airflow/example_dags/example_trigger_controller_dag.py
[2024-02-29T18:31:07.723+0530] {logging_mixin.py:188} INFO - [2024-02-29T18:31:07.723+0530] {dag.py:3036} INFO - Sync 1 DAGs
[2024-02-29T18:31:07.745+0530] {logging_mixin.py:188} INFO - [2024-02-29T18:31:07.745+0530] {dag.py:3823} INFO - Setting next_dagrun for example_trigger_controller_dag to 2021-01-01 00:00:00+00:00, run_after=2021-01-01 00:00:00+00:00
[2024-02-29T18:31:07.773+0530] {processor.py:183} INFO - Processing /home/arun/.local/lib/python3.10/site-packages/airflow/example_dags/example_trigger_controller_dag.py took 0.081 seconds
[2024-02-29T18:31:58.121+0530] {processor.py:161} INFO - Started process (PID=6636) to work on /home/arun/.local/lib/python3.10/site-packages/airflow/example_dags/example_trigger_controller_dag.py
[2024-02-29T18:31:58.123+0530] {processor.py:830} INFO - Processing file /home/arun/.local/lib/python3.10/site-packages/airflow/example_dags/example_trigger_controller_dag.py for tasks to queue
[2024-02-29T18:31:58.124+0530] {logging_mixin.py:188} INFO - [2024-02-29T18:31:58.123+0530] {dagbag.py:538} INFO - Filling up the DagBag from /home/arun/.local/lib/python3.10/site-packages/airflow/example_dags/example_trigger_controller_dag.py
[2024-02-29T18:31:58.129+0530] {processor.py:840} INFO - DAG(s) 'example_trigger_controller_dag' retrieved from /home/arun/.local/lib/python3.10/site-packages/airflow/example_dags/example_trigger_controller_dag.py
[2024-02-29T18:31:58.147+0530] {logging_mixin.py:188} INFO - [2024-02-29T18:31:58.147+0530] {dag.py:3036} INFO - Sync 1 DAGs
[2024-02-29T18:31:58.174+0530] {logging_mixin.py:188} INFO - [2024-02-29T18:31:58.174+0530] {dag.py:3823} INFO - Setting next_dagrun for example_trigger_controller_dag to 2021-01-01 00:00:00+00:00, run_after=2021-01-01 00:00:00+00:00
[2024-02-29T18:31:58.311+0530] {processor.py:183} INFO - Processing /home/arun/.local/lib/python3.10/site-packages/airflow/example_dags/example_trigger_controller_dag.py took 0.193 seconds
[2024-02-29T18:32:47.619+0530] {processor.py:161} INFO - Started process (PID=6719) to work on /home/arun/.local/lib/python3.10/site-packages/airflow/example_dags/example_trigger_controller_dag.py
[2024-02-29T18:32:47.621+0530] {processor.py:830} INFO - Processing file /home/arun/.local/lib/python3.10/site-packages/airflow/example_dags/example_trigger_controller_dag.py for tasks to queue
[2024-02-29T18:32:47.622+0530] {logging_mixin.py:188} INFO - [2024-02-29T18:32:47.622+0530] {dagbag.py:538} INFO - Filling up the DagBag from /home/arun/.local/lib/python3.10/site-packages/airflow/example_dags/example_trigger_controller_dag.py
[2024-02-29T18:32:47.630+0530] {processor.py:840} INFO - DAG(s) 'example_trigger_controller_dag' retrieved from /home/arun/.local/lib/python3.10/site-packages/airflow/example_dags/example_trigger_controller_dag.py
[2024-02-29T18:32:47.652+0530] {logging_mixin.py:188} INFO - [2024-02-29T18:32:47.651+0530] {dag.py:3036} INFO - Sync 1 DAGs
[2024-02-29T18:32:47.681+0530] {logging_mixin.py:188} INFO - [2024-02-29T18:32:47.680+0530] {dag.py:3823} INFO - Setting next_dagrun for example_trigger_controller_dag to 2021-01-01 00:00:00+00:00, run_after=2021-01-01 00:00:00+00:00
[2024-02-29T18:32:47.718+0530] {processor.py:183} INFO - Processing /home/arun/.local/lib/python3.10/site-packages/airflow/example_dags/example_trigger_controller_dag.py took 0.103 seconds
[2024-02-29T18:33:44.311+0530] {processor.py:161} INFO - Started process (PID=6810) to work on /home/arun/.local/lib/python3.10/site-packages/airflow/example_dags/example_trigger_controller_dag.py
[2024-02-29T18:33:44.312+0530] {processor.py:830} INFO - Processing file /home/arun/.local/lib/python3.10/site-packages/airflow/example_dags/example_trigger_controller_dag.py for tasks to queue
[2024-02-29T18:33:44.313+0530] {logging_mixin.py:188} INFO - [2024-02-29T18:33:44.313+0530] {dagbag.py:538} INFO - Filling up the DagBag from /home/arun/.local/lib/python3.10/site-packages/airflow/example_dags/example_trigger_controller_dag.py
[2024-02-29T18:33:44.320+0530] {processor.py:840} INFO - DAG(s) 'example_trigger_controller_dag' retrieved from /home/arun/.local/lib/python3.10/site-packages/airflow/example_dags/example_trigger_controller_dag.py
[2024-02-29T18:33:44.342+0530] {logging_mixin.py:188} INFO - [2024-02-29T18:33:44.341+0530] {dag.py:3036} INFO - Sync 1 DAGs
[2024-02-29T18:33:44.379+0530] {logging_mixin.py:188} INFO - [2024-02-29T18:33:44.379+0530] {dag.py:3823} INFO - Setting next_dagrun for example_trigger_controller_dag to 2021-01-01 00:00:00+00:00, run_after=2021-01-01 00:00:00+00:00
[2024-02-29T18:33:44.427+0530] {processor.py:183} INFO - Processing /home/arun/.local/lib/python3.10/site-packages/airflow/example_dags/example_trigger_controller_dag.py took 0.120 seconds
[2024-02-29T18:34:36.370+0530] {processor.py:161} INFO - Started process (PID=6894) to work on /home/arun/.local/lib/python3.10/site-packages/airflow/example_dags/example_trigger_controller_dag.py
[2024-02-29T18:34:36.372+0530] {processor.py:830} INFO - Processing file /home/arun/.local/lib/python3.10/site-packages/airflow/example_dags/example_trigger_controller_dag.py for tasks to queue
[2024-02-29T18:34:36.373+0530] {logging_mixin.py:188} INFO - [2024-02-29T18:34:36.372+0530] {dagbag.py:538} INFO - Filling up the DagBag from /home/arun/.local/lib/python3.10/site-packages/airflow/example_dags/example_trigger_controller_dag.py
[2024-02-29T18:34:36.378+0530] {processor.py:840} INFO - DAG(s) 'example_trigger_controller_dag' retrieved from /home/arun/.local/lib/python3.10/site-packages/airflow/example_dags/example_trigger_controller_dag.py
[2024-02-29T18:34:36.396+0530] {logging_mixin.py:188} INFO - [2024-02-29T18:34:36.396+0530] {dag.py:3036} INFO - Sync 1 DAGs
[2024-02-29T18:34:36.421+0530] {logging_mixin.py:188} INFO - [2024-02-29T18:34:36.421+0530] {dag.py:3823} INFO - Setting next_dagrun for example_trigger_controller_dag to 2021-01-01 00:00:00+00:00, run_after=2021-01-01 00:00:00+00:00
[2024-02-29T18:34:36.453+0530] {processor.py:183} INFO - Processing /home/arun/.local/lib/python3.10/site-packages/airflow/example_dags/example_trigger_controller_dag.py took 0.087 seconds
[2024-02-29T18:35:29.762+0530] {processor.py:161} INFO - Started process (PID=6978) to work on /home/arun/.local/lib/python3.10/site-packages/airflow/example_dags/example_trigger_controller_dag.py
[2024-02-29T18:35:29.802+0530] {processor.py:830} INFO - Processing file /home/arun/.local/lib/python3.10/site-packages/airflow/example_dags/example_trigger_controller_dag.py for tasks to queue
[2024-02-29T18:35:29.804+0530] {logging_mixin.py:188} INFO - [2024-02-29T18:35:29.803+0530] {dagbag.py:538} INFO - Filling up the DagBag from /home/arun/.local/lib/python3.10/site-packages/airflow/example_dags/example_trigger_controller_dag.py
[2024-02-29T18:35:29.813+0530] {processor.py:840} INFO - DAG(s) 'example_trigger_controller_dag' retrieved from /home/arun/.local/lib/python3.10/site-packages/airflow/example_dags/example_trigger_controller_dag.py
[2024-02-29T18:35:29.836+0530] {logging_mixin.py:188} INFO - [2024-02-29T18:35:29.836+0530] {dag.py:3036} INFO - Sync 1 DAGs
[2024-02-29T18:35:29.862+0530] {logging_mixin.py:188} INFO - [2024-02-29T18:35:29.862+0530] {dag.py:3823} INFO - Setting next_dagrun for example_trigger_controller_dag to 2021-01-01 00:00:00+00:00, run_after=2021-01-01 00:00:00+00:00
[2024-02-29T18:35:29.906+0530] {processor.py:183} INFO - Processing /home/arun/.local/lib/python3.10/site-packages/airflow/example_dags/example_trigger_controller_dag.py took 0.151 seconds
[2024-02-29T18:36:28.553+0530] {processor.py:161} INFO - Started process (PID=7068) to work on /home/arun/.local/lib/python3.10/site-packages/airflow/example_dags/example_trigger_controller_dag.py
[2024-02-29T18:36:28.556+0530] {processor.py:830} INFO - Processing file /home/arun/.local/lib/python3.10/site-packages/airflow/example_dags/example_trigger_controller_dag.py for tasks to queue
[2024-02-29T18:36:28.558+0530] {logging_mixin.py:188} INFO - [2024-02-29T18:36:28.557+0530] {dagbag.py:538} INFO - Filling up the DagBag from /home/arun/.local/lib/python3.10/site-packages/airflow/example_dags/example_trigger_controller_dag.py
[2024-02-29T18:36:28.570+0530] {processor.py:840} INFO - DAG(s) 'example_trigger_controller_dag' retrieved from /home/arun/.local/lib/python3.10/site-packages/airflow/example_dags/example_trigger_controller_dag.py
[2024-02-29T18:36:28.605+0530] {logging_mixin.py:188} INFO - [2024-02-29T18:36:28.605+0530] {dag.py:3036} INFO - Sync 1 DAGs
[2024-02-29T18:36:28.646+0530] {logging_mixin.py:188} INFO - [2024-02-29T18:36:28.645+0530] {dag.py:3823} INFO - Setting next_dagrun for example_trigger_controller_dag to 2021-01-01 00:00:00+00:00, run_after=2021-01-01 00:00:00+00:00
[2024-02-29T18:36:28.688+0530] {processor.py:183} INFO - Processing /home/arun/.local/lib/python3.10/site-packages/airflow/example_dags/example_trigger_controller_dag.py took 0.140 seconds
[2024-02-29T18:37:34.302+0530] {processor.py:161} INFO - Started process (PID=7165) to work on /home/arun/.local/lib/python3.10/site-packages/airflow/example_dags/example_trigger_controller_dag.py
[2024-02-29T18:37:34.303+0530] {processor.py:830} INFO - Processing file /home/arun/.local/lib/python3.10/site-packages/airflow/example_dags/example_trigger_controller_dag.py for tasks to queue
[2024-02-29T18:37:34.305+0530] {logging_mixin.py:188} INFO - [2024-02-29T18:37:34.304+0530] {dagbag.py:538} INFO - Filling up the DagBag from /home/arun/.local/lib/python3.10/site-packages/airflow/example_dags/example_trigger_controller_dag.py
[2024-02-29T18:37:34.310+0530] {processor.py:840} INFO - DAG(s) 'example_trigger_controller_dag' retrieved from /home/arun/.local/lib/python3.10/site-packages/airflow/example_dags/example_trigger_controller_dag.py
[2024-02-29T18:37:34.352+0530] {logging_mixin.py:188} INFO - [2024-02-29T18:37:34.352+0530] {dag.py:3036} INFO - Sync 1 DAGs
[2024-02-29T18:37:34.408+0530] {logging_mixin.py:188} INFO - [2024-02-29T18:37:34.407+0530] {dag.py:3823} INFO - Setting next_dagrun for example_trigger_controller_dag to 2021-01-01 00:00:00+00:00, run_after=2021-01-01 00:00:00+00:00
[2024-02-29T18:37:34.443+0530] {processor.py:183} INFO - Processing /home/arun/.local/lib/python3.10/site-packages/airflow/example_dags/example_trigger_controller_dag.py took 0.145 seconds
[2024-02-29T18:38:31.515+0530] {processor.py:161} INFO - Started process (PID=7341) to work on /home/arun/.local/lib/python3.10/site-packages/airflow/example_dags/example_trigger_controller_dag.py
[2024-02-29T18:38:31.528+0530] {processor.py:830} INFO - Processing file /home/arun/.local/lib/python3.10/site-packages/airflow/example_dags/example_trigger_controller_dag.py for tasks to queue
[2024-02-29T18:38:31.530+0530] {logging_mixin.py:188} INFO - [2024-02-29T18:38:31.529+0530] {dagbag.py:538} INFO - Filling up the DagBag from /home/arun/.local/lib/python3.10/site-packages/airflow/example_dags/example_trigger_controller_dag.py
[2024-02-29T18:38:31.538+0530] {processor.py:840} INFO - DAG(s) 'example_trigger_controller_dag' retrieved from /home/arun/.local/lib/python3.10/site-packages/airflow/example_dags/example_trigger_controller_dag.py
[2024-02-29T18:38:31.563+0530] {logging_mixin.py:188} INFO - [2024-02-29T18:38:31.563+0530] {dag.py:3036} INFO - Sync 1 DAGs
[2024-02-29T18:38:31.590+0530] {logging_mixin.py:188} INFO - [2024-02-29T18:38:31.590+0530] {dag.py:3823} INFO - Setting next_dagrun for example_trigger_controller_dag to 2021-01-01 00:00:00+00:00, run_after=2021-01-01 00:00:00+00:00
[2024-02-29T18:38:31.626+0530] {processor.py:183} INFO - Processing /home/arun/.local/lib/python3.10/site-packages/airflow/example_dags/example_trigger_controller_dag.py took 0.115 seconds
[2024-02-29T18:39:30.267+0530] {processor.py:161} INFO - Started process (PID=7431) to work on /home/arun/.local/lib/python3.10/site-packages/airflow/example_dags/example_trigger_controller_dag.py
[2024-02-29T18:39:30.269+0530] {processor.py:830} INFO - Processing file /home/arun/.local/lib/python3.10/site-packages/airflow/example_dags/example_trigger_controller_dag.py for tasks to queue
[2024-02-29T18:39:30.270+0530] {logging_mixin.py:188} INFO - [2024-02-29T18:39:30.269+0530] {dagbag.py:538} INFO - Filling up the DagBag from /home/arun/.local/lib/python3.10/site-packages/airflow/example_dags/example_trigger_controller_dag.py
[2024-02-29T18:39:30.276+0530] {processor.py:840} INFO - DAG(s) 'example_trigger_controller_dag' retrieved from /home/arun/.local/lib/python3.10/site-packages/airflow/example_dags/example_trigger_controller_dag.py
[2024-02-29T18:39:30.293+0530] {logging_mixin.py:188} INFO - [2024-02-29T18:39:30.293+0530] {dag.py:3036} INFO - Sync 1 DAGs
[2024-02-29T18:39:30.318+0530] {logging_mixin.py:188} INFO - [2024-02-29T18:39:30.318+0530] {dag.py:3823} INFO - Setting next_dagrun for example_trigger_controller_dag to 2021-01-01 00:00:00+00:00, run_after=2021-01-01 00:00:00+00:00
[2024-02-29T18:39:30.349+0530] {processor.py:183} INFO - Processing /home/arun/.local/lib/python3.10/site-packages/airflow/example_dags/example_trigger_controller_dag.py took 0.086 seconds
[2024-02-29T18:40:27.033+0530] {processor.py:161} INFO - Started process (PID=7520) to work on /home/arun/.local/lib/python3.10/site-packages/airflow/example_dags/example_trigger_controller_dag.py
[2024-02-29T18:40:27.037+0530] {processor.py:830} INFO - Processing file /home/arun/.local/lib/python3.10/site-packages/airflow/example_dags/example_trigger_controller_dag.py for tasks to queue
[2024-02-29T18:40:27.040+0530] {logging_mixin.py:188} INFO - [2024-02-29T18:40:27.039+0530] {dagbag.py:538} INFO - Filling up the DagBag from /home/arun/.local/lib/python3.10/site-packages/airflow/example_dags/example_trigger_controller_dag.py
[2024-02-29T18:40:27.055+0530] {processor.py:840} INFO - DAG(s) 'example_trigger_controller_dag' retrieved from /home/arun/.local/lib/python3.10/site-packages/airflow/example_dags/example_trigger_controller_dag.py
[2024-02-29T18:40:27.106+0530] {logging_mixin.py:188} INFO - [2024-02-29T18:40:27.105+0530] {dag.py:3036} INFO - Sync 1 DAGs
[2024-02-29T18:40:27.235+0530] {logging_mixin.py:188} INFO - [2024-02-29T18:40:27.235+0530] {dag.py:3823} INFO - Setting next_dagrun for example_trigger_controller_dag to 2021-01-01 00:00:00+00:00, run_after=2021-01-01 00:00:00+00:00
[2024-02-29T18:40:27.284+0530] {processor.py:183} INFO - Processing /home/arun/.local/lib/python3.10/site-packages/airflow/example_dags/example_trigger_controller_dag.py took 0.259 seconds
[2024-02-29T18:41:22.554+0530] {processor.py:161} INFO - Started process (PID=7608) to work on /home/arun/.local/lib/python3.10/site-packages/airflow/example_dags/example_trigger_controller_dag.py
[2024-02-29T18:41:22.590+0530] {processor.py:830} INFO - Processing file /home/arun/.local/lib/python3.10/site-packages/airflow/example_dags/example_trigger_controller_dag.py for tasks to queue
[2024-02-29T18:41:22.592+0530] {logging_mixin.py:188} INFO - [2024-02-29T18:41:22.591+0530] {dagbag.py:538} INFO - Filling up the DagBag from /home/arun/.local/lib/python3.10/site-packages/airflow/example_dags/example_trigger_controller_dag.py
[2024-02-29T18:41:22.601+0530] {processor.py:840} INFO - DAG(s) 'example_trigger_controller_dag' retrieved from /home/arun/.local/lib/python3.10/site-packages/airflow/example_dags/example_trigger_controller_dag.py
[2024-02-29T18:41:22.622+0530] {logging_mixin.py:188} INFO - [2024-02-29T18:41:22.622+0530] {dag.py:3036} INFO - Sync 1 DAGs
[2024-02-29T18:41:22.645+0530] {logging_mixin.py:188} INFO - [2024-02-29T18:41:22.645+0530] {dag.py:3823} INFO - Setting next_dagrun for example_trigger_controller_dag to 2021-01-01 00:00:00+00:00, run_after=2021-01-01 00:00:00+00:00
[2024-02-29T18:41:22.674+0530] {processor.py:183} INFO - Processing /home/arun/.local/lib/python3.10/site-packages/airflow/example_dags/example_trigger_controller_dag.py took 0.132 seconds
[2024-02-29T18:42:18.483+0530] {processor.py:161} INFO - Started process (PID=7710) to work on /home/arun/.local/lib/python3.10/site-packages/airflow/example_dags/example_trigger_controller_dag.py
[2024-02-29T18:42:18.496+0530] {processor.py:830} INFO - Processing file /home/arun/.local/lib/python3.10/site-packages/airflow/example_dags/example_trigger_controller_dag.py for tasks to queue
[2024-02-29T18:42:18.498+0530] {logging_mixin.py:188} INFO - [2024-02-29T18:42:18.497+0530] {dagbag.py:538} INFO - Filling up the DagBag from /home/arun/.local/lib/python3.10/site-packages/airflow/example_dags/example_trigger_controller_dag.py
[2024-02-29T18:42:18.568+0530] {processor.py:840} INFO - DAG(s) 'example_trigger_controller_dag' retrieved from /home/arun/.local/lib/python3.10/site-packages/airflow/example_dags/example_trigger_controller_dag.py
[2024-02-29T18:42:18.620+0530] {logging_mixin.py:188} INFO - [2024-02-29T18:42:18.619+0530] {dag.py:3036} INFO - Sync 1 DAGs
[2024-02-29T18:42:18.675+0530] {logging_mixin.py:188} INFO - [2024-02-29T18:42:18.675+0530] {dag.py:3823} INFO - Setting next_dagrun for example_trigger_controller_dag to 2021-01-01 00:00:00+00:00, run_after=2021-01-01 00:00:00+00:00
[2024-02-29T18:42:18.761+0530] {processor.py:183} INFO - Processing /home/arun/.local/lib/python3.10/site-packages/airflow/example_dags/example_trigger_controller_dag.py took 0.288 seconds
[2024-02-29T18:43:23.609+0530] {processor.py:161} INFO - Started process (PID=7807) to work on /home/arun/.local/lib/python3.10/site-packages/airflow/example_dags/example_trigger_controller_dag.py
[2024-02-29T18:43:23.611+0530] {processor.py:830} INFO - Processing file /home/arun/.local/lib/python3.10/site-packages/airflow/example_dags/example_trigger_controller_dag.py for tasks to queue
[2024-02-29T18:43:23.613+0530] {logging_mixin.py:188} INFO - [2024-02-29T18:43:23.612+0530] {dagbag.py:538} INFO - Filling up the DagBag from /home/arun/.local/lib/python3.10/site-packages/airflow/example_dags/example_trigger_controller_dag.py
[2024-02-29T18:43:23.619+0530] {processor.py:840} INFO - DAG(s) 'example_trigger_controller_dag' retrieved from /home/arun/.local/lib/python3.10/site-packages/airflow/example_dags/example_trigger_controller_dag.py
[2024-02-29T18:43:23.643+0530] {logging_mixin.py:188} INFO - [2024-02-29T18:43:23.642+0530] {dag.py:3036} INFO - Sync 1 DAGs
[2024-02-29T18:43:23.725+0530] {logging_mixin.py:188} INFO - [2024-02-29T18:43:23.725+0530] {dag.py:3823} INFO - Setting next_dagrun for example_trigger_controller_dag to 2021-01-01 00:00:00+00:00, run_after=2021-01-01 00:00:00+00:00
[2024-02-29T18:43:23.835+0530] {processor.py:183} INFO - Processing /home/arun/.local/lib/python3.10/site-packages/airflow/example_dags/example_trigger_controller_dag.py took 0.229 seconds
[2024-02-29T18:44:26.556+0530] {processor.py:161} INFO - Started process (PID=7919) to work on /home/arun/.local/lib/python3.10/site-packages/airflow/example_dags/example_trigger_controller_dag.py
[2024-02-29T18:44:26.558+0530] {processor.py:830} INFO - Processing file /home/arun/.local/lib/python3.10/site-packages/airflow/example_dags/example_trigger_controller_dag.py for tasks to queue
[2024-02-29T18:44:26.560+0530] {logging_mixin.py:188} INFO - [2024-02-29T18:44:26.559+0530] {dagbag.py:538} INFO - Filling up the DagBag from /home/arun/.local/lib/python3.10/site-packages/airflow/example_dags/example_trigger_controller_dag.py
[2024-02-29T18:44:26.568+0530] {processor.py:840} INFO - DAG(s) 'example_trigger_controller_dag' retrieved from /home/arun/.local/lib/python3.10/site-packages/airflow/example_dags/example_trigger_controller_dag.py
[2024-02-29T18:44:26.611+0530] {logging_mixin.py:188} INFO - [2024-02-29T18:44:26.611+0530] {dag.py:3036} INFO - Sync 1 DAGs
[2024-02-29T18:44:26.662+0530] {logging_mixin.py:188} INFO - [2024-02-29T18:44:26.662+0530] {dag.py:3823} INFO - Setting next_dagrun for example_trigger_controller_dag to 2021-01-01 00:00:00+00:00, run_after=2021-01-01 00:00:00+00:00
[2024-02-29T18:44:26.716+0530] {processor.py:183} INFO - Processing /home/arun/.local/lib/python3.10/site-packages/airflow/example_dags/example_trigger_controller_dag.py took 0.165 seconds
[2024-02-29T18:45:19.733+0530] {processor.py:161} INFO - Started process (PID=8007) to work on /home/arun/.local/lib/python3.10/site-packages/airflow/example_dags/example_trigger_controller_dag.py
[2024-02-29T18:45:19.734+0530] {processor.py:830} INFO - Processing file /home/arun/.local/lib/python3.10/site-packages/airflow/example_dags/example_trigger_controller_dag.py for tasks to queue
[2024-02-29T18:45:19.735+0530] {logging_mixin.py:188} INFO - [2024-02-29T18:45:19.735+0530] {dagbag.py:538} INFO - Filling up the DagBag from /home/arun/.local/lib/python3.10/site-packages/airflow/example_dags/example_trigger_controller_dag.py
[2024-02-29T18:45:19.741+0530] {processor.py:840} INFO - DAG(s) 'example_trigger_controller_dag' retrieved from /home/arun/.local/lib/python3.10/site-packages/airflow/example_dags/example_trigger_controller_dag.py
[2024-02-29T18:45:19.756+0530] {logging_mixin.py:188} INFO - [2024-02-29T18:45:19.756+0530] {dag.py:3036} INFO - Sync 1 DAGs
[2024-02-29T18:45:19.775+0530] {logging_mixin.py:188} INFO - [2024-02-29T18:45:19.775+0530] {dag.py:3823} INFO - Setting next_dagrun for example_trigger_controller_dag to 2021-01-01 00:00:00+00:00, run_after=2021-01-01 00:00:00+00:00
[2024-02-29T18:45:19.800+0530] {processor.py:183} INFO - Processing /home/arun/.local/lib/python3.10/site-packages/airflow/example_dags/example_trigger_controller_dag.py took 0.071 seconds
[2024-02-29T18:46:14.378+0530] {processor.py:161} INFO - Started process (PID=8106) to work on /home/arun/.local/lib/python3.10/site-packages/airflow/example_dags/example_trigger_controller_dag.py
[2024-02-29T18:46:14.379+0530] {processor.py:830} INFO - Processing file /home/arun/.local/lib/python3.10/site-packages/airflow/example_dags/example_trigger_controller_dag.py for tasks to queue
[2024-02-29T18:46:14.380+0530] {logging_mixin.py:188} INFO - [2024-02-29T18:46:14.380+0530] {dagbag.py:538} INFO - Filling up the DagBag from /home/arun/.local/lib/python3.10/site-packages/airflow/example_dags/example_trigger_controller_dag.py
[2024-02-29T18:46:14.386+0530] {processor.py:840} INFO - DAG(s) 'example_trigger_controller_dag' retrieved from /home/arun/.local/lib/python3.10/site-packages/airflow/example_dags/example_trigger_controller_dag.py
[2024-02-29T18:46:14.404+0530] {logging_mixin.py:188} INFO - [2024-02-29T18:46:14.404+0530] {dag.py:3036} INFO - Sync 1 DAGs
[2024-02-29T18:46:14.434+0530] {logging_mixin.py:188} INFO - [2024-02-29T18:46:14.432+0530] {dag.py:3823} INFO - Setting next_dagrun for example_trigger_controller_dag to 2021-01-01 00:00:00+00:00, run_after=2021-01-01 00:00:00+00:00
[2024-02-29T18:46:14.474+0530] {processor.py:183} INFO - Processing /home/arun/.local/lib/python3.10/site-packages/airflow/example_dags/example_trigger_controller_dag.py took 0.099 seconds
[2024-02-29T18:47:06.881+0530] {processor.py:161} INFO - Started process (PID=8190) to work on /home/arun/.local/lib/python3.10/site-packages/airflow/example_dags/example_trigger_controller_dag.py
[2024-02-29T18:47:06.882+0530] {processor.py:830} INFO - Processing file /home/arun/.local/lib/python3.10/site-packages/airflow/example_dags/example_trigger_controller_dag.py for tasks to queue
[2024-02-29T18:47:06.883+0530] {logging_mixin.py:188} INFO - [2024-02-29T18:47:06.883+0530] {dagbag.py:538} INFO - Filling up the DagBag from /home/arun/.local/lib/python3.10/site-packages/airflow/example_dags/example_trigger_controller_dag.py
[2024-02-29T18:47:06.889+0530] {processor.py:840} INFO - DAG(s) 'example_trigger_controller_dag' retrieved from /home/arun/.local/lib/python3.10/site-packages/airflow/example_dags/example_trigger_controller_dag.py
[2024-02-29T18:47:06.909+0530] {logging_mixin.py:188} INFO - [2024-02-29T18:47:06.908+0530] {dag.py:3036} INFO - Sync 1 DAGs
[2024-02-29T18:47:06.943+0530] {logging_mixin.py:188} INFO - [2024-02-29T18:47:06.943+0530] {dag.py:3823} INFO - Setting next_dagrun for example_trigger_controller_dag to 2021-01-01 00:00:00+00:00, run_after=2021-01-01 00:00:00+00:00
[2024-02-29T18:47:06.984+0530] {processor.py:183} INFO - Processing /home/arun/.local/lib/python3.10/site-packages/airflow/example_dags/example_trigger_controller_dag.py took 0.106 seconds
[2024-02-29T18:47:57.768+0530] {processor.py:161} INFO - Started process (PID=8272) to work on /home/arun/.local/lib/python3.10/site-packages/airflow/example_dags/example_trigger_controller_dag.py
[2024-02-29T18:47:57.769+0530] {processor.py:830} INFO - Processing file /home/arun/.local/lib/python3.10/site-packages/airflow/example_dags/example_trigger_controller_dag.py for tasks to queue
[2024-02-29T18:47:57.770+0530] {logging_mixin.py:188} INFO - [2024-02-29T18:47:57.770+0530] {dagbag.py:538} INFO - Filling up the DagBag from /home/arun/.local/lib/python3.10/site-packages/airflow/example_dags/example_trigger_controller_dag.py
[2024-02-29T18:47:57.776+0530] {processor.py:840} INFO - DAG(s) 'example_trigger_controller_dag' retrieved from /home/arun/.local/lib/python3.10/site-packages/airflow/example_dags/example_trigger_controller_dag.py
[2024-02-29T18:47:57.798+0530] {logging_mixin.py:188} INFO - [2024-02-29T18:47:57.798+0530] {dag.py:3036} INFO - Sync 1 DAGs
[2024-02-29T18:47:57.844+0530] {logging_mixin.py:188} INFO - [2024-02-29T18:47:57.843+0530] {dag.py:3823} INFO - Setting next_dagrun for example_trigger_controller_dag to 2021-01-01 00:00:00+00:00, run_after=2021-01-01 00:00:00+00:00
[2024-02-29T18:47:57.907+0530] {processor.py:183} INFO - Processing /home/arun/.local/lib/python3.10/site-packages/airflow/example_dags/example_trigger_controller_dag.py took 0.142 seconds
[2024-02-29T18:48:45.825+0530] {processor.py:161} INFO - Started process (PID=8351) to work on /home/arun/.local/lib/python3.10/site-packages/airflow/example_dags/example_trigger_controller_dag.py
[2024-02-29T18:48:45.828+0530] {processor.py:830} INFO - Processing file /home/arun/.local/lib/python3.10/site-packages/airflow/example_dags/example_trigger_controller_dag.py for tasks to queue
[2024-02-29T18:48:45.829+0530] {logging_mixin.py:188} INFO - [2024-02-29T18:48:45.828+0530] {dagbag.py:538} INFO - Filling up the DagBag from /home/arun/.local/lib/python3.10/site-packages/airflow/example_dags/example_trigger_controller_dag.py
[2024-02-29T18:48:45.835+0530] {processor.py:840} INFO - DAG(s) 'example_trigger_controller_dag' retrieved from /home/arun/.local/lib/python3.10/site-packages/airflow/example_dags/example_trigger_controller_dag.py
[2024-02-29T18:48:45.859+0530] {logging_mixin.py:188} INFO - [2024-02-29T18:48:45.858+0530] {dag.py:3036} INFO - Sync 1 DAGs
[2024-02-29T18:48:45.898+0530] {logging_mixin.py:188} INFO - [2024-02-29T18:48:45.897+0530] {dag.py:3823} INFO - Setting next_dagrun for example_trigger_controller_dag to 2021-01-01 00:00:00+00:00, run_after=2021-01-01 00:00:00+00:00
[2024-02-29T18:48:45.944+0530] {processor.py:183} INFO - Processing /home/arun/.local/lib/python3.10/site-packages/airflow/example_dags/example_trigger_controller_dag.py took 0.123 seconds
[2024-02-29T18:49:31.111+0530] {processor.py:161} INFO - Started process (PID=8426) to work on /home/arun/.local/lib/python3.10/site-packages/airflow/example_dags/example_trigger_controller_dag.py
[2024-02-29T18:49:31.112+0530] {processor.py:830} INFO - Processing file /home/arun/.local/lib/python3.10/site-packages/airflow/example_dags/example_trigger_controller_dag.py for tasks to queue
[2024-02-29T18:49:31.113+0530] {logging_mixin.py:188} INFO - [2024-02-29T18:49:31.112+0530] {dagbag.py:538} INFO - Filling up the DagBag from /home/arun/.local/lib/python3.10/site-packages/airflow/example_dags/example_trigger_controller_dag.py
[2024-02-29T18:49:31.118+0530] {processor.py:840} INFO - DAG(s) 'example_trigger_controller_dag' retrieved from /home/arun/.local/lib/python3.10/site-packages/airflow/example_dags/example_trigger_controller_dag.py
[2024-02-29T18:49:31.133+0530] {logging_mixin.py:188} INFO - [2024-02-29T18:49:31.133+0530] {dag.py:3036} INFO - Sync 1 DAGs
[2024-02-29T18:49:31.157+0530] {logging_mixin.py:188} INFO - [2024-02-29T18:49:31.156+0530] {dag.py:3823} INFO - Setting next_dagrun for example_trigger_controller_dag to 2021-01-01 00:00:00+00:00, run_after=2021-01-01 00:00:00+00:00
[2024-02-29T18:49:31.189+0530] {processor.py:183} INFO - Processing /home/arun/.local/lib/python3.10/site-packages/airflow/example_dags/example_trigger_controller_dag.py took 0.081 seconds
[2024-02-29T18:50:19.754+0530] {processor.py:161} INFO - Started process (PID=8505) to work on /home/arun/.local/lib/python3.10/site-packages/airflow/example_dags/example_trigger_controller_dag.py
[2024-02-29T18:50:19.756+0530] {processor.py:830} INFO - Processing file /home/arun/.local/lib/python3.10/site-packages/airflow/example_dags/example_trigger_controller_dag.py for tasks to queue
[2024-02-29T18:50:19.757+0530] {logging_mixin.py:188} INFO - [2024-02-29T18:50:19.757+0530] {dagbag.py:538} INFO - Filling up the DagBag from /home/arun/.local/lib/python3.10/site-packages/airflow/example_dags/example_trigger_controller_dag.py
[2024-02-29T18:50:19.763+0530] {processor.py:840} INFO - DAG(s) 'example_trigger_controller_dag' retrieved from /home/arun/.local/lib/python3.10/site-packages/airflow/example_dags/example_trigger_controller_dag.py
[2024-02-29T18:50:19.779+0530] {logging_mixin.py:188} INFO - [2024-02-29T18:50:19.779+0530] {dag.py:3036} INFO - Sync 1 DAGs
[2024-02-29T18:50:19.800+0530] {logging_mixin.py:188} INFO - [2024-02-29T18:50:19.800+0530] {dag.py:3823} INFO - Setting next_dagrun for example_trigger_controller_dag to 2021-01-01 00:00:00+00:00, run_after=2021-01-01 00:00:00+00:00
[2024-02-29T18:50:19.826+0530] {processor.py:183} INFO - Processing /home/arun/.local/lib/python3.10/site-packages/airflow/example_dags/example_trigger_controller_dag.py took 0.076 seconds
[2024-02-29T18:51:10.410+0530] {processor.py:161} INFO - Started process (PID=8589) to work on /home/arun/.local/lib/python3.10/site-packages/airflow/example_dags/example_trigger_controller_dag.py
[2024-02-29T18:51:10.412+0530] {processor.py:830} INFO - Processing file /home/arun/.local/lib/python3.10/site-packages/airflow/example_dags/example_trigger_controller_dag.py for tasks to queue
[2024-02-29T18:51:10.412+0530] {logging_mixin.py:188} INFO - [2024-02-29T18:51:10.412+0530] {dagbag.py:538} INFO - Filling up the DagBag from /home/arun/.local/lib/python3.10/site-packages/airflow/example_dags/example_trigger_controller_dag.py
[2024-02-29T18:51:10.417+0530] {processor.py:840} INFO - DAG(s) 'example_trigger_controller_dag' retrieved from /home/arun/.local/lib/python3.10/site-packages/airflow/example_dags/example_trigger_controller_dag.py
[2024-02-29T18:51:10.433+0530] {logging_mixin.py:188} INFO - [2024-02-29T18:51:10.433+0530] {dag.py:3036} INFO - Sync 1 DAGs
[2024-02-29T18:51:10.454+0530] {logging_mixin.py:188} INFO - [2024-02-29T18:51:10.454+0530] {dag.py:3823} INFO - Setting next_dagrun for example_trigger_controller_dag to 2021-01-01 00:00:00+00:00, run_after=2021-01-01 00:00:00+00:00
[2024-02-29T18:51:10.489+0530] {processor.py:183} INFO - Processing /home/arun/.local/lib/python3.10/site-packages/airflow/example_dags/example_trigger_controller_dag.py took 0.083 seconds
[2024-02-29T18:52:02.494+0530] {processor.py:161} INFO - Started process (PID=8764) to work on /home/arun/.local/lib/python3.10/site-packages/airflow/example_dags/example_trigger_controller_dag.py
[2024-02-29T18:52:02.529+0530] {processor.py:830} INFO - Processing file /home/arun/.local/lib/python3.10/site-packages/airflow/example_dags/example_trigger_controller_dag.py for tasks to queue
[2024-02-29T18:52:02.531+0530] {logging_mixin.py:188} INFO - [2024-02-29T18:52:02.531+0530] {dagbag.py:538} INFO - Filling up the DagBag from /home/arun/.local/lib/python3.10/site-packages/airflow/example_dags/example_trigger_controller_dag.py
[2024-02-29T18:52:02.536+0530] {processor.py:840} INFO - DAG(s) 'example_trigger_controller_dag' retrieved from /home/arun/.local/lib/python3.10/site-packages/airflow/example_dags/example_trigger_controller_dag.py
[2024-02-29T18:52:02.551+0530] {logging_mixin.py:188} INFO - [2024-02-29T18:52:02.551+0530] {dag.py:3036} INFO - Sync 1 DAGs
[2024-02-29T18:52:02.569+0530] {logging_mixin.py:188} INFO - [2024-02-29T18:52:02.569+0530] {dag.py:3823} INFO - Setting next_dagrun for example_trigger_controller_dag to 2021-01-01 00:00:00+00:00, run_after=2021-01-01 00:00:00+00:00
[2024-02-29T18:52:02.595+0530] {processor.py:183} INFO - Processing /home/arun/.local/lib/python3.10/site-packages/airflow/example_dags/example_trigger_controller_dag.py took 0.105 seconds
[2024-02-29T18:52:56.605+0530] {processor.py:161} INFO - Started process (PID=8847) to work on /home/arun/.local/lib/python3.10/site-packages/airflow/example_dags/example_trigger_controller_dag.py
[2024-02-29T18:52:56.642+0530] {processor.py:830} INFO - Processing file /home/arun/.local/lib/python3.10/site-packages/airflow/example_dags/example_trigger_controller_dag.py for tasks to queue
[2024-02-29T18:52:56.643+0530] {logging_mixin.py:188} INFO - [2024-02-29T18:52:56.643+0530] {dagbag.py:538} INFO - Filling up the DagBag from /home/arun/.local/lib/python3.10/site-packages/airflow/example_dags/example_trigger_controller_dag.py
[2024-02-29T18:52:56.650+0530] {processor.py:840} INFO - DAG(s) 'example_trigger_controller_dag' retrieved from /home/arun/.local/lib/python3.10/site-packages/airflow/example_dags/example_trigger_controller_dag.py
[2024-02-29T18:52:56.668+0530] {logging_mixin.py:188} INFO - [2024-02-29T18:52:56.668+0530] {dag.py:3036} INFO - Sync 1 DAGs
[2024-02-29T18:52:56.695+0530] {logging_mixin.py:188} INFO - [2024-02-29T18:52:56.694+0530] {dag.py:3823} INFO - Setting next_dagrun for example_trigger_controller_dag to 2021-01-01 00:00:00+00:00, run_after=2021-01-01 00:00:00+00:00
[2024-02-29T18:52:56.722+0530] {processor.py:183} INFO - Processing /home/arun/.local/lib/python3.10/site-packages/airflow/example_dags/example_trigger_controller_dag.py took 0.121 seconds
[2024-02-29T18:53:49.109+0530] {processor.py:161} INFO - Started process (PID=8929) to work on /home/arun/.local/lib/python3.10/site-packages/airflow/example_dags/example_trigger_controller_dag.py
[2024-02-29T18:53:49.141+0530] {processor.py:830} INFO - Processing file /home/arun/.local/lib/python3.10/site-packages/airflow/example_dags/example_trigger_controller_dag.py for tasks to queue
[2024-02-29T18:53:49.143+0530] {logging_mixin.py:188} INFO - [2024-02-29T18:53:49.142+0530] {dagbag.py:538} INFO - Filling up the DagBag from /home/arun/.local/lib/python3.10/site-packages/airflow/example_dags/example_trigger_controller_dag.py
[2024-02-29T18:53:49.149+0530] {processor.py:840} INFO - DAG(s) 'example_trigger_controller_dag' retrieved from /home/arun/.local/lib/python3.10/site-packages/airflow/example_dags/example_trigger_controller_dag.py
[2024-02-29T18:53:49.170+0530] {logging_mixin.py:188} INFO - [2024-02-29T18:53:49.170+0530] {dag.py:3036} INFO - Sync 1 DAGs
[2024-02-29T18:53:49.198+0530] {logging_mixin.py:188} INFO - [2024-02-29T18:53:49.197+0530] {dag.py:3823} INFO - Setting next_dagrun for example_trigger_controller_dag to 2021-01-01 00:00:00+00:00, run_after=2021-01-01 00:00:00+00:00
[2024-02-29T18:53:49.238+0530] {processor.py:183} INFO - Processing /home/arun/.local/lib/python3.10/site-packages/airflow/example_dags/example_trigger_controller_dag.py took 0.132 seconds
[2024-02-29T18:54:39.996+0530] {processor.py:161} INFO - Started process (PID=9200) to work on /home/arun/.local/lib/python3.10/site-packages/airflow/example_dags/example_trigger_controller_dag.py
[2024-02-29T18:54:40.008+0530] {processor.py:830} INFO - Processing file /home/arun/.local/lib/python3.10/site-packages/airflow/example_dags/example_trigger_controller_dag.py for tasks to queue
[2024-02-29T18:54:40.009+0530] {logging_mixin.py:188} INFO - [2024-02-29T18:54:40.009+0530] {dagbag.py:538} INFO - Filling up the DagBag from /home/arun/.local/lib/python3.10/site-packages/airflow/example_dags/example_trigger_controller_dag.py
[2024-02-29T18:54:40.016+0530] {processor.py:840} INFO - DAG(s) 'example_trigger_controller_dag' retrieved from /home/arun/.local/lib/python3.10/site-packages/airflow/example_dags/example_trigger_controller_dag.py
[2024-02-29T18:54:40.039+0530] {logging_mixin.py:188} INFO - [2024-02-29T18:54:40.039+0530] {dag.py:3036} INFO - Sync 1 DAGs
[2024-02-29T18:54:40.070+0530] {logging_mixin.py:188} INFO - [2024-02-29T18:54:40.070+0530] {dag.py:3823} INFO - Setting next_dagrun for example_trigger_controller_dag to 2021-01-01 00:00:00+00:00, run_after=2021-01-01 00:00:00+00:00
[2024-02-29T18:54:40.106+0530] {processor.py:183} INFO - Processing /home/arun/.local/lib/python3.10/site-packages/airflow/example_dags/example_trigger_controller_dag.py took 0.114 seconds
[2024-02-29T18:55:30.924+0530] {processor.py:161} INFO - Started process (PID=9336) to work on /home/arun/.local/lib/python3.10/site-packages/airflow/example_dags/example_trigger_controller_dag.py
[2024-02-29T18:55:31.020+0530] {processor.py:830} INFO - Processing file /home/arun/.local/lib/python3.10/site-packages/airflow/example_dags/example_trigger_controller_dag.py for tasks to queue
[2024-02-29T18:55:31.022+0530] {logging_mixin.py:188} INFO - [2024-02-29T18:55:31.021+0530] {dagbag.py:538} INFO - Filling up the DagBag from /home/arun/.local/lib/python3.10/site-packages/airflow/example_dags/example_trigger_controller_dag.py
[2024-02-29T18:55:31.032+0530] {processor.py:840} INFO - DAG(s) 'example_trigger_controller_dag' retrieved from /home/arun/.local/lib/python3.10/site-packages/airflow/example_dags/example_trigger_controller_dag.py
[2024-02-29T18:55:31.067+0530] {logging_mixin.py:188} INFO - [2024-02-29T18:55:31.067+0530] {dag.py:3036} INFO - Sync 1 DAGs
[2024-02-29T18:55:31.137+0530] {logging_mixin.py:188} INFO - [2024-02-29T18:55:31.136+0530] {dag.py:3823} INFO - Setting next_dagrun for example_trigger_controller_dag to 2021-01-01 00:00:00+00:00, run_after=2021-01-01 00:00:00+00:00
[2024-02-29T18:55:31.191+0530] {processor.py:183} INFO - Processing /home/arun/.local/lib/python3.10/site-packages/airflow/example_dags/example_trigger_controller_dag.py took 0.275 seconds
[2024-02-29T18:56:34.158+0530] {processor.py:161} INFO - Started process (PID=9457) to work on /home/arun/.local/lib/python3.10/site-packages/airflow/example_dags/example_trigger_controller_dag.py
[2024-02-29T18:56:34.190+0530] {processor.py:830} INFO - Processing file /home/arun/.local/lib/python3.10/site-packages/airflow/example_dags/example_trigger_controller_dag.py for tasks to queue
[2024-02-29T18:56:34.192+0530] {logging_mixin.py:188} INFO - [2024-02-29T18:56:34.192+0530] {dagbag.py:538} INFO - Filling up the DagBag from /home/arun/.local/lib/python3.10/site-packages/airflow/example_dags/example_trigger_controller_dag.py
[2024-02-29T18:56:34.204+0530] {processor.py:840} INFO - DAG(s) 'example_trigger_controller_dag' retrieved from /home/arun/.local/lib/python3.10/site-packages/airflow/example_dags/example_trigger_controller_dag.py
[2024-02-29T18:56:34.238+0530] {logging_mixin.py:188} INFO - [2024-02-29T18:56:34.238+0530] {dag.py:3036} INFO - Sync 1 DAGs
[2024-02-29T18:56:34.277+0530] {logging_mixin.py:188} INFO - [2024-02-29T18:56:34.276+0530] {dag.py:3823} INFO - Setting next_dagrun for example_trigger_controller_dag to 2021-01-01 00:00:00+00:00, run_after=2021-01-01 00:00:00+00:00
[2024-02-29T18:56:34.312+0530] {processor.py:183} INFO - Processing /home/arun/.local/lib/python3.10/site-packages/airflow/example_dags/example_trigger_controller_dag.py took 0.161 seconds
[2024-02-29T18:57:29.689+0530] {processor.py:161} INFO - Started process (PID=9558) to work on /home/arun/.local/lib/python3.10/site-packages/airflow/example_dags/example_trigger_controller_dag.py
[2024-02-29T18:57:29.718+0530] {processor.py:830} INFO - Processing file /home/arun/.local/lib/python3.10/site-packages/airflow/example_dags/example_trigger_controller_dag.py for tasks to queue
[2024-02-29T18:57:29.722+0530] {logging_mixin.py:188} INFO - [2024-02-29T18:57:29.719+0530] {dagbag.py:538} INFO - Filling up the DagBag from /home/arun/.local/lib/python3.10/site-packages/airflow/example_dags/example_trigger_controller_dag.py
[2024-02-29T18:57:29.735+0530] {processor.py:840} INFO - DAG(s) 'example_trigger_controller_dag' retrieved from /home/arun/.local/lib/python3.10/site-packages/airflow/example_dags/example_trigger_controller_dag.py
[2024-02-29T18:57:29.760+0530] {logging_mixin.py:188} INFO - [2024-02-29T18:57:29.760+0530] {dag.py:3036} INFO - Sync 1 DAGs
[2024-02-29T18:57:29.831+0530] {logging_mixin.py:188} INFO - [2024-02-29T18:57:29.831+0530] {dag.py:3823} INFO - Setting next_dagrun for example_trigger_controller_dag to 2021-01-01 00:00:00+00:00, run_after=2021-01-01 00:00:00+00:00
[2024-02-29T18:57:29.910+0530] {processor.py:183} INFO - Processing /home/arun/.local/lib/python3.10/site-packages/airflow/example_dags/example_trigger_controller_dag.py took 0.226 seconds
[2024-02-29T18:58:26.553+0530] {processor.py:161} INFO - Started process (PID=9646) to work on /home/arun/.local/lib/python3.10/site-packages/airflow/example_dags/example_trigger_controller_dag.py
[2024-02-29T18:58:26.595+0530] {processor.py:830} INFO - Processing file /home/arun/.local/lib/python3.10/site-packages/airflow/example_dags/example_trigger_controller_dag.py for tasks to queue
[2024-02-29T18:58:26.596+0530] {logging_mixin.py:188} INFO - [2024-02-29T18:58:26.595+0530] {dagbag.py:538} INFO - Filling up the DagBag from /home/arun/.local/lib/python3.10/site-packages/airflow/example_dags/example_trigger_controller_dag.py
[2024-02-29T18:58:26.601+0530] {processor.py:840} INFO - DAG(s) 'example_trigger_controller_dag' retrieved from /home/arun/.local/lib/python3.10/site-packages/airflow/example_dags/example_trigger_controller_dag.py
[2024-02-29T18:58:26.615+0530] {logging_mixin.py:188} INFO - [2024-02-29T18:58:26.615+0530] {dag.py:3036} INFO - Sync 1 DAGs
[2024-02-29T18:58:26.637+0530] {logging_mixin.py:188} INFO - [2024-02-29T18:58:26.637+0530] {dag.py:3823} INFO - Setting next_dagrun for example_trigger_controller_dag to 2021-01-01 00:00:00+00:00, run_after=2021-01-01 00:00:00+00:00
[2024-02-29T18:58:26.666+0530] {processor.py:183} INFO - Processing /home/arun/.local/lib/python3.10/site-packages/airflow/example_dags/example_trigger_controller_dag.py took 0.117 seconds
[2024-02-29T18:59:25.364+0530] {processor.py:161} INFO - Started process (PID=9749) to work on /home/arun/.local/lib/python3.10/site-packages/airflow/example_dags/example_trigger_controller_dag.py
[2024-02-29T18:59:25.406+0530] {processor.py:830} INFO - Processing file /home/arun/.local/lib/python3.10/site-packages/airflow/example_dags/example_trigger_controller_dag.py for tasks to queue
[2024-02-29T18:59:25.408+0530] {logging_mixin.py:188} INFO - [2024-02-29T18:59:25.407+0530] {dagbag.py:538} INFO - Filling up the DagBag from /home/arun/.local/lib/python3.10/site-packages/airflow/example_dags/example_trigger_controller_dag.py
[2024-02-29T18:59:25.416+0530] {processor.py:840} INFO - DAG(s) 'example_trigger_controller_dag' retrieved from /home/arun/.local/lib/python3.10/site-packages/airflow/example_dags/example_trigger_controller_dag.py
[2024-02-29T18:59:25.441+0530] {logging_mixin.py:188} INFO - [2024-02-29T18:59:25.441+0530] {dag.py:3036} INFO - Sync 1 DAGs
[2024-02-29T18:59:25.470+0530] {logging_mixin.py:188} INFO - [2024-02-29T18:59:25.470+0530] {dag.py:3823} INFO - Setting next_dagrun for example_trigger_controller_dag to 2021-01-01 00:00:00+00:00, run_after=2021-01-01 00:00:00+00:00
[2024-02-29T18:59:25.499+0530] {processor.py:183} INFO - Processing /home/arun/.local/lib/python3.10/site-packages/airflow/example_dags/example_trigger_controller_dag.py took 0.138 seconds
[2024-02-29T19:00:17.362+0530] {processor.py:161} INFO - Started process (PID=9846) to work on /home/arun/.local/lib/python3.10/site-packages/airflow/example_dags/example_trigger_controller_dag.py
[2024-02-29T19:00:17.364+0530] {processor.py:830} INFO - Processing file /home/arun/.local/lib/python3.10/site-packages/airflow/example_dags/example_trigger_controller_dag.py for tasks to queue
[2024-02-29T19:00:17.365+0530] {logging_mixin.py:188} INFO - [2024-02-29T19:00:17.364+0530] {dagbag.py:538} INFO - Filling up the DagBag from /home/arun/.local/lib/python3.10/site-packages/airflow/example_dags/example_trigger_controller_dag.py
[2024-02-29T19:00:17.370+0530] {processor.py:840} INFO - DAG(s) 'example_trigger_controller_dag' retrieved from /home/arun/.local/lib/python3.10/site-packages/airflow/example_dags/example_trigger_controller_dag.py
[2024-02-29T19:00:17.398+0530] {logging_mixin.py:188} INFO - [2024-02-29T19:00:17.397+0530] {dag.py:3036} INFO - Sync 1 DAGs
[2024-02-29T19:00:17.426+0530] {logging_mixin.py:188} INFO - [2024-02-29T19:00:17.426+0530] {dag.py:3823} INFO - Setting next_dagrun for example_trigger_controller_dag to 2021-01-01 00:00:00+00:00, run_after=2021-01-01 00:00:00+00:00
[2024-02-29T19:00:17.458+0530] {processor.py:183} INFO - Processing /home/arun/.local/lib/python3.10/site-packages/airflow/example_dags/example_trigger_controller_dag.py took 0.100 seconds
[2024-02-29T19:01:07.286+0530] {processor.py:161} INFO - Started process (PID=9932) to work on /home/arun/.local/lib/python3.10/site-packages/airflow/example_dags/example_trigger_controller_dag.py
[2024-02-29T19:01:07.288+0530] {processor.py:830} INFO - Processing file /home/arun/.local/lib/python3.10/site-packages/airflow/example_dags/example_trigger_controller_dag.py for tasks to queue
[2024-02-29T19:01:07.289+0530] {logging_mixin.py:188} INFO - [2024-02-29T19:01:07.289+0530] {dagbag.py:538} INFO - Filling up the DagBag from /home/arun/.local/lib/python3.10/site-packages/airflow/example_dags/example_trigger_controller_dag.py
[2024-02-29T19:01:07.297+0530] {processor.py:840} INFO - DAG(s) 'example_trigger_controller_dag' retrieved from /home/arun/.local/lib/python3.10/site-packages/airflow/example_dags/example_trigger_controller_dag.py
[2024-02-29T19:01:07.320+0530] {logging_mixin.py:188} INFO - [2024-02-29T19:01:07.320+0530] {dag.py:3036} INFO - Sync 1 DAGs
[2024-02-29T19:01:07.351+0530] {logging_mixin.py:188} INFO - [2024-02-29T19:01:07.350+0530] {dag.py:3823} INFO - Setting next_dagrun for example_trigger_controller_dag to 2021-01-01 00:00:00+00:00, run_after=2021-01-01 00:00:00+00:00
[2024-02-29T19:01:07.449+0530] {processor.py:183} INFO - Processing /home/arun/.local/lib/python3.10/site-packages/airflow/example_dags/example_trigger_controller_dag.py took 0.168 seconds
[2024-02-29T19:02:00.828+0530] {processor.py:161} INFO - Started process (PID=10016) to work on /home/arun/.local/lib/python3.10/site-packages/airflow/example_dags/example_trigger_controller_dag.py
[2024-02-29T19:02:00.830+0530] {processor.py:830} INFO - Processing file /home/arun/.local/lib/python3.10/site-packages/airflow/example_dags/example_trigger_controller_dag.py for tasks to queue
[2024-02-29T19:02:00.832+0530] {logging_mixin.py:188} INFO - [2024-02-29T19:02:00.831+0530] {dagbag.py:538} INFO - Filling up the DagBag from /home/arun/.local/lib/python3.10/site-packages/airflow/example_dags/example_trigger_controller_dag.py
[2024-02-29T19:02:00.839+0530] {processor.py:840} INFO - DAG(s) 'example_trigger_controller_dag' retrieved from /home/arun/.local/lib/python3.10/site-packages/airflow/example_dags/example_trigger_controller_dag.py
[2024-02-29T19:02:00.862+0530] {logging_mixin.py:188} INFO - [2024-02-29T19:02:00.862+0530] {dag.py:3036} INFO - Sync 1 DAGs
[2024-02-29T19:02:00.894+0530] {logging_mixin.py:188} INFO - [2024-02-29T19:02:00.894+0530] {dag.py:3823} INFO - Setting next_dagrun for example_trigger_controller_dag to 2021-01-01 00:00:00+00:00, run_after=2021-01-01 00:00:00+00:00
[2024-02-29T19:02:00.922+0530] {processor.py:183} INFO - Processing /home/arun/.local/lib/python3.10/site-packages/airflow/example_dags/example_trigger_controller_dag.py took 0.100 seconds
[2024-02-29T19:02:52.530+0530] {processor.py:161} INFO - Started process (PID=10098) to work on /home/arun/.local/lib/python3.10/site-packages/airflow/example_dags/example_trigger_controller_dag.py
[2024-02-29T19:02:52.532+0530] {processor.py:830} INFO - Processing file /home/arun/.local/lib/python3.10/site-packages/airflow/example_dags/example_trigger_controller_dag.py for tasks to queue
[2024-02-29T19:02:52.533+0530] {logging_mixin.py:188} INFO - [2024-02-29T19:02:52.533+0530] {dagbag.py:538} INFO - Filling up the DagBag from /home/arun/.local/lib/python3.10/site-packages/airflow/example_dags/example_trigger_controller_dag.py
[2024-02-29T19:02:52.540+0530] {processor.py:840} INFO - DAG(s) 'example_trigger_controller_dag' retrieved from /home/arun/.local/lib/python3.10/site-packages/airflow/example_dags/example_trigger_controller_dag.py
[2024-02-29T19:02:52.561+0530] {logging_mixin.py:188} INFO - [2024-02-29T19:02:52.560+0530] {dag.py:3036} INFO - Sync 1 DAGs
[2024-02-29T19:02:52.592+0530] {logging_mixin.py:188} INFO - [2024-02-29T19:02:52.592+0530] {dag.py:3823} INFO - Setting next_dagrun for example_trigger_controller_dag to 2021-01-01 00:00:00+00:00, run_after=2021-01-01 00:00:00+00:00
[2024-02-29T19:02:52.689+0530] {processor.py:183} INFO - Processing /home/arun/.local/lib/python3.10/site-packages/airflow/example_dags/example_trigger_controller_dag.py took 0.162 seconds
[2024-02-29T19:03:42.268+0530] {processor.py:161} INFO - Started process (PID=10178) to work on /home/arun/.local/lib/python3.10/site-packages/airflow/example_dags/example_trigger_controller_dag.py
[2024-02-29T19:03:42.271+0530] {processor.py:830} INFO - Processing file /home/arun/.local/lib/python3.10/site-packages/airflow/example_dags/example_trigger_controller_dag.py for tasks to queue
[2024-02-29T19:03:42.272+0530] {logging_mixin.py:188} INFO - [2024-02-29T19:03:42.271+0530] {dagbag.py:538} INFO - Filling up the DagBag from /home/arun/.local/lib/python3.10/site-packages/airflow/example_dags/example_trigger_controller_dag.py
[2024-02-29T19:03:42.281+0530] {processor.py:840} INFO - DAG(s) 'example_trigger_controller_dag' retrieved from /home/arun/.local/lib/python3.10/site-packages/airflow/example_dags/example_trigger_controller_dag.py
[2024-02-29T19:03:42.302+0530] {logging_mixin.py:188} INFO - [2024-02-29T19:03:42.302+0530] {dag.py:3036} INFO - Sync 1 DAGs
[2024-02-29T19:03:42.325+0530] {logging_mixin.py:188} INFO - [2024-02-29T19:03:42.325+0530] {dag.py:3823} INFO - Setting next_dagrun for example_trigger_controller_dag to 2021-01-01 00:00:00+00:00, run_after=2021-01-01 00:00:00+00:00
[2024-02-29T19:03:42.358+0530] {processor.py:183} INFO - Processing /home/arun/.local/lib/python3.10/site-packages/airflow/example_dags/example_trigger_controller_dag.py took 0.095 seconds
[2024-02-29T19:04:29.475+0530] {processor.py:161} INFO - Started process (PID=10280) to work on /home/arun/.local/lib/python3.10/site-packages/airflow/example_dags/example_trigger_controller_dag.py
[2024-02-29T19:04:29.491+0530] {processor.py:830} INFO - Processing file /home/arun/.local/lib/python3.10/site-packages/airflow/example_dags/example_trigger_controller_dag.py for tasks to queue
[2024-02-29T19:04:29.497+0530] {logging_mixin.py:188} INFO - [2024-02-29T19:04:29.494+0530] {dagbag.py:538} INFO - Filling up the DagBag from /home/arun/.local/lib/python3.10/site-packages/airflow/example_dags/example_trigger_controller_dag.py
[2024-02-29T19:04:29.509+0530] {processor.py:840} INFO - DAG(s) 'example_trigger_controller_dag' retrieved from /home/arun/.local/lib/python3.10/site-packages/airflow/example_dags/example_trigger_controller_dag.py
[2024-02-29T19:04:29.531+0530] {logging_mixin.py:188} INFO - [2024-02-29T19:04:29.531+0530] {dag.py:3036} INFO - Sync 1 DAGs
[2024-02-29T19:04:29.558+0530] {logging_mixin.py:188} INFO - [2024-02-29T19:04:29.558+0530] {dag.py:3823} INFO - Setting next_dagrun for example_trigger_controller_dag to 2021-01-01 00:00:00+00:00, run_after=2021-01-01 00:00:00+00:00
[2024-02-29T19:04:29.647+0530] {processor.py:183} INFO - Processing /home/arun/.local/lib/python3.10/site-packages/airflow/example_dags/example_trigger_controller_dag.py took 0.185 seconds
[2024-02-29T19:05:23.883+0530] {processor.py:161} INFO - Started process (PID=10384) to work on /home/arun/.local/lib/python3.10/site-packages/airflow/example_dags/example_trigger_controller_dag.py
[2024-02-29T19:05:23.885+0530] {processor.py:830} INFO - Processing file /home/arun/.local/lib/python3.10/site-packages/airflow/example_dags/example_trigger_controller_dag.py for tasks to queue
[2024-02-29T19:05:23.886+0530] {logging_mixin.py:188} INFO - [2024-02-29T19:05:23.886+0530] {dagbag.py:538} INFO - Filling up the DagBag from /home/arun/.local/lib/python3.10/site-packages/airflow/example_dags/example_trigger_controller_dag.py
[2024-02-29T19:05:23.893+0530] {processor.py:840} INFO - DAG(s) 'example_trigger_controller_dag' retrieved from /home/arun/.local/lib/python3.10/site-packages/airflow/example_dags/example_trigger_controller_dag.py
[2024-02-29T19:05:23.911+0530] {logging_mixin.py:188} INFO - [2024-02-29T19:05:23.911+0530] {dag.py:3036} INFO - Sync 1 DAGs
[2024-02-29T19:05:23.936+0530] {logging_mixin.py:188} INFO - [2024-02-29T19:05:23.935+0530] {dag.py:3823} INFO - Setting next_dagrun for example_trigger_controller_dag to 2021-01-01 00:00:00+00:00, run_after=2021-01-01 00:00:00+00:00
[2024-02-29T19:05:23.968+0530] {processor.py:183} INFO - Processing /home/arun/.local/lib/python3.10/site-packages/airflow/example_dags/example_trigger_controller_dag.py took 0.089 seconds
[2024-02-29T19:06:52.742+0530] {processor.py:161} INFO - Started process (PID=10704) to work on /home/arun/.local/lib/python3.10/site-packages/airflow/example_dags/example_trigger_controller_dag.py
[2024-02-29T19:06:52.751+0530] {processor.py:830} INFO - Processing file /home/arun/.local/lib/python3.10/site-packages/airflow/example_dags/example_trigger_controller_dag.py for tasks to queue
[2024-02-29T19:06:52.754+0530] {logging_mixin.py:188} INFO - [2024-02-29T19:06:52.752+0530] {dagbag.py:538} INFO - Filling up the DagBag from /home/arun/.local/lib/python3.10/site-packages/airflow/example_dags/example_trigger_controller_dag.py
[2024-02-29T19:06:52.766+0530] {processor.py:840} INFO - DAG(s) 'example_trigger_controller_dag' retrieved from /home/arun/.local/lib/python3.10/site-packages/airflow/example_dags/example_trigger_controller_dag.py
[2024-02-29T19:06:52.839+0530] {logging_mixin.py:188} INFO - [2024-02-29T19:06:52.839+0530] {dag.py:3036} INFO - Sync 1 DAGs
[2024-02-29T19:06:52.879+0530] {logging_mixin.py:188} INFO - [2024-02-29T19:06:52.879+0530] {dag.py:3823} INFO - Setting next_dagrun for example_trigger_controller_dag to 2021-01-01 00:00:00+00:00, run_after=2021-01-01 00:00:00+00:00
[2024-02-29T19:06:52.993+0530] {processor.py:183} INFO - Processing /home/arun/.local/lib/python3.10/site-packages/airflow/example_dags/example_trigger_controller_dag.py took 0.259 seconds
