[2024-02-29T18:16:08.837+0530] {processor.py:161} INFO - Started process (PID=5205) to work on /home/arun/.local/lib/python3.10/site-packages/airflow/example_dags/example_complex.py
[2024-02-29T18:16:08.841+0530] {processor.py:830} INFO - Processing file /home/arun/.local/lib/python3.10/site-packages/airflow/example_dags/example_complex.py for tasks to queue
[2024-02-29T18:16:08.843+0530] {logging_mixin.py:188} INFO - [2024-02-29T18:16:08.842+0530] {dagbag.py:538} INFO - Filling up the DagBag from /home/arun/.local/lib/python3.10/site-packages/airflow/example_dags/example_complex.py
[2024-02-29T18:16:08.885+0530] {processor.py:840} INFO - DAG(s) 'example_complex' retrieved from /home/arun/.local/lib/python3.10/site-packages/airflow/example_dags/example_complex.py
[2024-02-29T18:16:09.476+0530] {logging_mixin.py:188} INFO - [2024-02-29T18:16:09.476+0530] {dag.py:3036} INFO - Sync 1 DAGs
[2024-02-29T18:16:09.491+0530] {logging_mixin.py:188} INFO - [2024-02-29T18:16:09.490+0530] {dag.py:3823} INFO - Setting next_dagrun for example_complex to None, run_after=None
[2024-02-29T18:16:09.618+0530] {processor.py:183} INFO - Processing /home/arun/.local/lib/python3.10/site-packages/airflow/example_dags/example_complex.py took 0.788 seconds
[2024-02-29T18:17:54.430+0530] {processor.py:161} INFO - Started process (PID=5289) to work on /home/arun/.local/lib/python3.10/site-packages/airflow/example_dags/example_complex.py
[2024-02-29T18:17:54.433+0530] {processor.py:830} INFO - Processing file /home/arun/.local/lib/python3.10/site-packages/airflow/example_dags/example_complex.py for tasks to queue
[2024-02-29T18:17:54.435+0530] {logging_mixin.py:188} INFO - [2024-02-29T18:17:54.434+0530] {dagbag.py:538} INFO - Filling up the DagBag from /home/arun/.local/lib/python3.10/site-packages/airflow/example_dags/example_complex.py
[2024-02-29T18:17:54.481+0530] {processor.py:840} INFO - DAG(s) 'example_complex' retrieved from /home/arun/.local/lib/python3.10/site-packages/airflow/example_dags/example_complex.py
[2024-02-29T18:17:54.940+0530] {logging_mixin.py:188} INFO - [2024-02-29T18:17:54.940+0530] {dag.py:3036} INFO - Sync 1 DAGs
[2024-02-29T18:17:54.990+0530] {logging_mixin.py:188} INFO - [2024-02-29T18:17:54.989+0530] {dag.py:3823} INFO - Setting next_dagrun for example_complex to None, run_after=None
[2024-02-29T18:17:55.084+0530] {processor.py:183} INFO - Processing /home/arun/.local/lib/python3.10/site-packages/airflow/example_dags/example_complex.py took 0.660 seconds
[2024-02-29T18:20:08.820+0530] {processor.py:161} INFO - Started process (PID=5461) to work on /home/arun/.local/lib/python3.10/site-packages/airflow/example_dags/example_complex.py
[2024-02-29T18:20:08.822+0530] {processor.py:830} INFO - Processing file /home/arun/.local/lib/python3.10/site-packages/airflow/example_dags/example_complex.py for tasks to queue
[2024-02-29T18:20:08.824+0530] {logging_mixin.py:188} INFO - [2024-02-29T18:20:08.823+0530] {dagbag.py:538} INFO - Filling up the DagBag from /home/arun/.local/lib/python3.10/site-packages/airflow/example_dags/example_complex.py
[2024-02-29T18:20:08.839+0530] {processor.py:840} INFO - DAG(s) 'example_complex' retrieved from /home/arun/.local/lib/python3.10/site-packages/airflow/example_dags/example_complex.py
[2024-02-29T18:20:08.872+0530] {logging_mixin.py:188} INFO - [2024-02-29T18:20:08.871+0530] {dag.py:3036} INFO - Sync 1 DAGs
[2024-02-29T18:20:08.886+0530] {logging_mixin.py:188} INFO - [2024-02-29T18:20:08.886+0530] {dag.py:3823} INFO - Setting next_dagrun for example_complex to None, run_after=None
[2024-02-29T18:20:08.916+0530] {processor.py:183} INFO - Processing /home/arun/.local/lib/python3.10/site-packages/airflow/example_dags/example_complex.py took 0.099 seconds
[2024-02-29T18:21:21.908+0530] {processor.py:161} INFO - Started process (PID=5581) to work on /home/arun/.local/lib/python3.10/site-packages/airflow/example_dags/example_complex.py
[2024-02-29T18:21:21.910+0530] {processor.py:830} INFO - Processing file /home/arun/.local/lib/python3.10/site-packages/airflow/example_dags/example_complex.py for tasks to queue
[2024-02-29T18:21:21.913+0530] {logging_mixin.py:188} INFO - [2024-02-29T18:21:21.912+0530] {dagbag.py:538} INFO - Filling up the DagBag from /home/arun/.local/lib/python3.10/site-packages/airflow/example_dags/example_complex.py
[2024-02-29T18:21:21.933+0530] {processor.py:840} INFO - DAG(s) 'example_complex' retrieved from /home/arun/.local/lib/python3.10/site-packages/airflow/example_dags/example_complex.py
[2024-02-29T18:21:21.977+0530] {logging_mixin.py:188} INFO - [2024-02-29T18:21:21.977+0530] {dag.py:3036} INFO - Sync 1 DAGs
[2024-02-29T18:21:22.000+0530] {logging_mixin.py:188} INFO - [2024-02-29T18:21:21.999+0530] {dag.py:3823} INFO - Setting next_dagrun for example_complex to None, run_after=None
[2024-02-29T18:21:22.149+0530] {processor.py:183} INFO - Processing /home/arun/.local/lib/python3.10/site-packages/airflow/example_dags/example_complex.py took 0.247 seconds
[2024-02-29T18:22:19.057+0530] {processor.py:161} INFO - Started process (PID=5682) to work on /home/arun/.local/lib/python3.10/site-packages/airflow/example_dags/example_complex.py
[2024-02-29T18:22:19.096+0530] {processor.py:830} INFO - Processing file /home/arun/.local/lib/python3.10/site-packages/airflow/example_dags/example_complex.py for tasks to queue
[2024-02-29T18:22:19.097+0530] {logging_mixin.py:188} INFO - [2024-02-29T18:22:19.096+0530] {dagbag.py:538} INFO - Filling up the DagBag from /home/arun/.local/lib/python3.10/site-packages/airflow/example_dags/example_complex.py
[2024-02-29T18:22:19.110+0530] {processor.py:840} INFO - DAG(s) 'example_complex' retrieved from /home/arun/.local/lib/python3.10/site-packages/airflow/example_dags/example_complex.py
[2024-02-29T18:22:19.142+0530] {logging_mixin.py:188} INFO - [2024-02-29T18:22:19.142+0530] {dag.py:3036} INFO - Sync 1 DAGs
[2024-02-29T18:22:19.157+0530] {logging_mixin.py:188} INFO - [2024-02-29T18:22:19.157+0530] {dag.py:3823} INFO - Setting next_dagrun for example_complex to None, run_after=None
[2024-02-29T18:22:19.187+0530] {processor.py:183} INFO - Processing /home/arun/.local/lib/python3.10/site-packages/airflow/example_dags/example_complex.py took 0.134 seconds
[2024-02-29T18:23:15.688+0530] {processor.py:161} INFO - Started process (PID=5768) to work on /home/arun/.local/lib/python3.10/site-packages/airflow/example_dags/example_complex.py
[2024-02-29T18:23:15.732+0530] {processor.py:830} INFO - Processing file /home/arun/.local/lib/python3.10/site-packages/airflow/example_dags/example_complex.py for tasks to queue
[2024-02-29T18:23:15.733+0530] {logging_mixin.py:188} INFO - [2024-02-29T18:23:15.733+0530] {dagbag.py:538} INFO - Filling up the DagBag from /home/arun/.local/lib/python3.10/site-packages/airflow/example_dags/example_complex.py
[2024-02-29T18:23:15.744+0530] {processor.py:840} INFO - DAG(s) 'example_complex' retrieved from /home/arun/.local/lib/python3.10/site-packages/airflow/example_dags/example_complex.py
[2024-02-29T18:23:15.774+0530] {logging_mixin.py:188} INFO - [2024-02-29T18:23:15.773+0530] {dag.py:3036} INFO - Sync 1 DAGs
[2024-02-29T18:23:15.791+0530] {logging_mixin.py:188} INFO - [2024-02-29T18:23:15.791+0530] {dag.py:3823} INFO - Setting next_dagrun for example_complex to None, run_after=None
[2024-02-29T18:23:15.832+0530] {processor.py:183} INFO - Processing /home/arun/.local/lib/python3.10/site-packages/airflow/example_dags/example_complex.py took 0.147 seconds
[2024-02-29T18:24:07.158+0530] {processor.py:161} INFO - Started process (PID=5873) to work on /home/arun/.local/lib/python3.10/site-packages/airflow/example_dags/example_complex.py
[2024-02-29T18:24:07.171+0530] {processor.py:830} INFO - Processing file /home/arun/.local/lib/python3.10/site-packages/airflow/example_dags/example_complex.py for tasks to queue
[2024-02-29T18:24:07.172+0530] {logging_mixin.py:188} INFO - [2024-02-29T18:24:07.171+0530] {dagbag.py:538} INFO - Filling up the DagBag from /home/arun/.local/lib/python3.10/site-packages/airflow/example_dags/example_complex.py
[2024-02-29T18:24:07.184+0530] {processor.py:840} INFO - DAG(s) 'example_complex' retrieved from /home/arun/.local/lib/python3.10/site-packages/airflow/example_dags/example_complex.py
[2024-02-29T18:24:07.210+0530] {logging_mixin.py:188} INFO - [2024-02-29T18:24:07.210+0530] {dag.py:3036} INFO - Sync 1 DAGs
[2024-02-29T18:24:07.223+0530] {logging_mixin.py:188} INFO - [2024-02-29T18:24:07.223+0530] {dag.py:3823} INFO - Setting next_dagrun for example_complex to None, run_after=None
[2024-02-29T18:24:07.249+0530] {processor.py:183} INFO - Processing /home/arun/.local/lib/python3.10/site-packages/airflow/example_dags/example_complex.py took 0.095 seconds
[2024-02-29T18:25:01.739+0530] {processor.py:161} INFO - Started process (PID=5955) to work on /home/arun/.local/lib/python3.10/site-packages/airflow/example_dags/example_complex.py
[2024-02-29T18:25:01.741+0530] {processor.py:830} INFO - Processing file /home/arun/.local/lib/python3.10/site-packages/airflow/example_dags/example_complex.py for tasks to queue
[2024-02-29T18:25:01.742+0530] {logging_mixin.py:188} INFO - [2024-02-29T18:25:01.742+0530] {dagbag.py:538} INFO - Filling up the DagBag from /home/arun/.local/lib/python3.10/site-packages/airflow/example_dags/example_complex.py
[2024-02-29T18:25:01.758+0530] {processor.py:840} INFO - DAG(s) 'example_complex' retrieved from /home/arun/.local/lib/python3.10/site-packages/airflow/example_dags/example_complex.py
[2024-02-29T18:25:01.801+0530] {logging_mixin.py:188} INFO - [2024-02-29T18:25:01.801+0530] {dag.py:3036} INFO - Sync 1 DAGs
[2024-02-29T18:25:01.823+0530] {logging_mixin.py:188} INFO - [2024-02-29T18:25:01.823+0530] {dag.py:3823} INFO - Setting next_dagrun for example_complex to None, run_after=None
[2024-02-29T18:25:01.861+0530] {processor.py:183} INFO - Processing /home/arun/.local/lib/python3.10/site-packages/airflow/example_dags/example_complex.py took 0.127 seconds
[2024-02-29T18:26:13.548+0530] {processor.py:161} INFO - Started process (PID=6067) to work on /home/arun/.local/lib/python3.10/site-packages/airflow/example_dags/example_complex.py
[2024-02-29T18:26:13.581+0530] {processor.py:830} INFO - Processing file /home/arun/.local/lib/python3.10/site-packages/airflow/example_dags/example_complex.py for tasks to queue
[2024-02-29T18:26:13.582+0530] {logging_mixin.py:188} INFO - [2024-02-29T18:26:13.581+0530] {dagbag.py:538} INFO - Filling up the DagBag from /home/arun/.local/lib/python3.10/site-packages/airflow/example_dags/example_complex.py
[2024-02-29T18:26:13.630+0530] {processor.py:840} INFO - DAG(s) 'example_complex' retrieved from /home/arun/.local/lib/python3.10/site-packages/airflow/example_dags/example_complex.py
[2024-02-29T18:26:13.673+0530] {logging_mixin.py:188} INFO - [2024-02-29T18:26:13.673+0530] {dag.py:3036} INFO - Sync 1 DAGs
[2024-02-29T18:26:13.692+0530] {logging_mixin.py:188} INFO - [2024-02-29T18:26:13.692+0530] {dag.py:3823} INFO - Setting next_dagrun for example_complex to None, run_after=None
[2024-02-29T18:26:13.724+0530] {processor.py:183} INFO - Processing /home/arun/.local/lib/python3.10/site-packages/airflow/example_dags/example_complex.py took 0.179 seconds
[2024-02-29T18:27:34.556+0530] {processor.py:161} INFO - Started process (PID=6204) to work on /home/arun/.local/lib/python3.10/site-packages/airflow/example_dags/example_complex.py
[2024-02-29T18:27:34.620+0530] {processor.py:830} INFO - Processing file /home/arun/.local/lib/python3.10/site-packages/airflow/example_dags/example_complex.py for tasks to queue
[2024-02-29T18:27:34.622+0530] {logging_mixin.py:188} INFO - [2024-02-29T18:27:34.621+0530] {dagbag.py:538} INFO - Filling up the DagBag from /home/arun/.local/lib/python3.10/site-packages/airflow/example_dags/example_complex.py
[2024-02-29T18:27:34.659+0530] {processor.py:840} INFO - DAG(s) 'example_complex' retrieved from /home/arun/.local/lib/python3.10/site-packages/airflow/example_dags/example_complex.py
[2024-02-29T18:27:34.776+0530] {logging_mixin.py:188} INFO - [2024-02-29T18:27:34.775+0530] {dag.py:3036} INFO - Sync 1 DAGs
[2024-02-29T18:27:35.075+0530] {logging_mixin.py:188} INFO - [2024-02-29T18:27:35.074+0530] {dag.py:3823} INFO - Setting next_dagrun for example_complex to None, run_after=None
[2024-02-29T18:27:35.330+0530] {processor.py:183} INFO - Processing /home/arun/.local/lib/python3.10/site-packages/airflow/example_dags/example_complex.py took 0.792 seconds
[2024-02-29T18:28:55.902+0530] {processor.py:161} INFO - Started process (PID=6338) to work on /home/arun/.local/lib/python3.10/site-packages/airflow/example_dags/example_complex.py
[2024-02-29T18:28:56.010+0530] {processor.py:830} INFO - Processing file /home/arun/.local/lib/python3.10/site-packages/airflow/example_dags/example_complex.py for tasks to queue
[2024-02-29T18:28:56.012+0530] {logging_mixin.py:188} INFO - [2024-02-29T18:28:56.011+0530] {dagbag.py:538} INFO - Filling up the DagBag from /home/arun/.local/lib/python3.10/site-packages/airflow/example_dags/example_complex.py
[2024-02-29T18:28:56.111+0530] {processor.py:840} INFO - DAG(s) 'example_complex' retrieved from /home/arun/.local/lib/python3.10/site-packages/airflow/example_dags/example_complex.py
[2024-02-29T18:28:56.243+0530] {logging_mixin.py:188} INFO - [2024-02-29T18:28:56.243+0530] {dag.py:3036} INFO - Sync 1 DAGs
[2024-02-29T18:28:56.278+0530] {logging_mixin.py:188} INFO - [2024-02-29T18:28:56.277+0530] {dag.py:3823} INFO - Setting next_dagrun for example_complex to None, run_after=None
[2024-02-29T18:28:56.416+0530] {processor.py:183} INFO - Processing /home/arun/.local/lib/python3.10/site-packages/airflow/example_dags/example_complex.py took 0.519 seconds
[2024-02-29T18:29:55.949+0530] {processor.py:161} INFO - Started process (PID=6443) to work on /home/arun/.local/lib/python3.10/site-packages/airflow/example_dags/example_complex.py
[2024-02-29T18:29:55.951+0530] {processor.py:830} INFO - Processing file /home/arun/.local/lib/python3.10/site-packages/airflow/example_dags/example_complex.py for tasks to queue
[2024-02-29T18:29:55.952+0530] {logging_mixin.py:188} INFO - [2024-02-29T18:29:55.951+0530] {dagbag.py:538} INFO - Filling up the DagBag from /home/arun/.local/lib/python3.10/site-packages/airflow/example_dags/example_complex.py
[2024-02-29T18:29:55.965+0530] {processor.py:840} INFO - DAG(s) 'example_complex' retrieved from /home/arun/.local/lib/python3.10/site-packages/airflow/example_dags/example_complex.py
[2024-02-29T18:29:56.006+0530] {logging_mixin.py:188} INFO - [2024-02-29T18:29:56.006+0530] {dag.py:3036} INFO - Sync 1 DAGs
[2024-02-29T18:29:56.055+0530] {logging_mixin.py:188} INFO - [2024-02-29T18:29:56.052+0530] {dag.py:3823} INFO - Setting next_dagrun for example_complex to None, run_after=None
[2024-02-29T18:29:56.098+0530] {processor.py:183} INFO - Processing /home/arun/.local/lib/python3.10/site-packages/airflow/example_dags/example_complex.py took 0.152 seconds
[2024-02-29T18:30:57.444+0530] {processor.py:161} INFO - Started process (PID=6538) to work on /home/arun/.local/lib/python3.10/site-packages/airflow/example_dags/example_complex.py
[2024-02-29T18:30:57.446+0530] {processor.py:830} INFO - Processing file /home/arun/.local/lib/python3.10/site-packages/airflow/example_dags/example_complex.py for tasks to queue
[2024-02-29T18:30:57.447+0530] {logging_mixin.py:188} INFO - [2024-02-29T18:30:57.446+0530] {dagbag.py:538} INFO - Filling up the DagBag from /home/arun/.local/lib/python3.10/site-packages/airflow/example_dags/example_complex.py
[2024-02-29T18:30:57.460+0530] {processor.py:840} INFO - DAG(s) 'example_complex' retrieved from /home/arun/.local/lib/python3.10/site-packages/airflow/example_dags/example_complex.py
[2024-02-29T18:30:57.492+0530] {logging_mixin.py:188} INFO - [2024-02-29T18:30:57.491+0530] {dag.py:3036} INFO - Sync 1 DAGs
[2024-02-29T18:30:57.508+0530] {logging_mixin.py:188} INFO - [2024-02-29T18:30:57.508+0530] {dag.py:3823} INFO - Setting next_dagrun for example_complex to None, run_after=None
[2024-02-29T18:30:57.557+0530] {processor.py:183} INFO - Processing /home/arun/.local/lib/python3.10/site-packages/airflow/example_dags/example_complex.py took 0.117 seconds
[2024-02-29T18:31:51.779+0530] {processor.py:161} INFO - Started process (PID=6626) to work on /home/arun/.local/lib/python3.10/site-packages/airflow/example_dags/example_complex.py
[2024-02-29T18:31:51.781+0530] {processor.py:830} INFO - Processing file /home/arun/.local/lib/python3.10/site-packages/airflow/example_dags/example_complex.py for tasks to queue
[2024-02-29T18:31:51.782+0530] {logging_mixin.py:188} INFO - [2024-02-29T18:31:51.782+0530] {dagbag.py:538} INFO - Filling up the DagBag from /home/arun/.local/lib/python3.10/site-packages/airflow/example_dags/example_complex.py
[2024-02-29T18:31:51.798+0530] {processor.py:840} INFO - DAG(s) 'example_complex' retrieved from /home/arun/.local/lib/python3.10/site-packages/airflow/example_dags/example_complex.py
[2024-02-29T18:31:51.836+0530] {logging_mixin.py:188} INFO - [2024-02-29T18:31:51.836+0530] {dag.py:3036} INFO - Sync 1 DAGs
[2024-02-29T18:31:51.855+0530] {logging_mixin.py:188} INFO - [2024-02-29T18:31:51.855+0530] {dag.py:3823} INFO - Setting next_dagrun for example_complex to None, run_after=None
[2024-02-29T18:31:51.902+0530] {processor.py:183} INFO - Processing /home/arun/.local/lib/python3.10/site-packages/airflow/example_dags/example_complex.py took 0.133 seconds
[2024-02-29T18:33:09.257+0530] {processor.py:161} INFO - Started process (PID=6752) to work on /home/arun/.local/lib/python3.10/site-packages/airflow/example_dags/example_complex.py
[2024-02-29T18:33:09.325+0530] {processor.py:830} INFO - Processing file /home/arun/.local/lib/python3.10/site-packages/airflow/example_dags/example_complex.py for tasks to queue
[2024-02-29T18:33:09.327+0530] {logging_mixin.py:188} INFO - [2024-02-29T18:33:09.326+0530] {dagbag.py:538} INFO - Filling up the DagBag from /home/arun/.local/lib/python3.10/site-packages/airflow/example_dags/example_complex.py
[2024-02-29T18:33:09.344+0530] {processor.py:840} INFO - DAG(s) 'example_complex' retrieved from /home/arun/.local/lib/python3.10/site-packages/airflow/example_dags/example_complex.py
[2024-02-29T18:33:09.380+0530] {logging_mixin.py:188} INFO - [2024-02-29T18:33:09.380+0530] {dag.py:3036} INFO - Sync 1 DAGs
[2024-02-29T18:33:09.397+0530] {logging_mixin.py:188} INFO - [2024-02-29T18:33:09.397+0530] {dag.py:3823} INFO - Setting next_dagrun for example_complex to None, run_after=None
[2024-02-29T18:33:09.435+0530] {processor.py:183} INFO - Processing /home/arun/.local/lib/python3.10/site-packages/airflow/example_dags/example_complex.py took 0.188 seconds
[2024-02-29T18:34:04.072+0530] {processor.py:161} INFO - Started process (PID=6840) to work on /home/arun/.local/lib/python3.10/site-packages/airflow/example_dags/example_complex.py
[2024-02-29T18:34:04.093+0530] {processor.py:830} INFO - Processing file /home/arun/.local/lib/python3.10/site-packages/airflow/example_dags/example_complex.py for tasks to queue
[2024-02-29T18:34:04.095+0530] {logging_mixin.py:188} INFO - [2024-02-29T18:34:04.094+0530] {dagbag.py:538} INFO - Filling up the DagBag from /home/arun/.local/lib/python3.10/site-packages/airflow/example_dags/example_complex.py
[2024-02-29T18:34:04.117+0530] {processor.py:840} INFO - DAG(s) 'example_complex' retrieved from /home/arun/.local/lib/python3.10/site-packages/airflow/example_dags/example_complex.py
[2024-02-29T18:34:04.161+0530] {logging_mixin.py:188} INFO - [2024-02-29T18:34:04.160+0530] {dag.py:3036} INFO - Sync 1 DAGs
[2024-02-29T18:34:04.184+0530] {logging_mixin.py:188} INFO - [2024-02-29T18:34:04.183+0530] {dag.py:3823} INFO - Setting next_dagrun for example_complex to None, run_after=None
[2024-02-29T18:34:04.220+0530] {processor.py:183} INFO - Processing /home/arun/.local/lib/python3.10/site-packages/airflow/example_dags/example_complex.py took 0.154 seconds
[2024-02-29T18:35:21.348+0530] {processor.py:161} INFO - Started process (PID=6965) to work on /home/arun/.local/lib/python3.10/site-packages/airflow/example_dags/example_complex.py
[2024-02-29T18:35:21.350+0530] {processor.py:830} INFO - Processing file /home/arun/.local/lib/python3.10/site-packages/airflow/example_dags/example_complex.py for tasks to queue
[2024-02-29T18:35:21.351+0530] {logging_mixin.py:188} INFO - [2024-02-29T18:35:21.351+0530] {dagbag.py:538} INFO - Filling up the DagBag from /home/arun/.local/lib/python3.10/site-packages/airflow/example_dags/example_complex.py
[2024-02-29T18:35:21.363+0530] {processor.py:840} INFO - DAG(s) 'example_complex' retrieved from /home/arun/.local/lib/python3.10/site-packages/airflow/example_dags/example_complex.py
[2024-02-29T18:35:21.394+0530] {logging_mixin.py:188} INFO - [2024-02-29T18:35:21.394+0530] {dag.py:3036} INFO - Sync 1 DAGs
[2024-02-29T18:35:21.409+0530] {logging_mixin.py:188} INFO - [2024-02-29T18:35:21.409+0530] {dag.py:3823} INFO - Setting next_dagrun for example_complex to None, run_after=None
[2024-02-29T18:35:21.446+0530] {processor.py:183} INFO - Processing /home/arun/.local/lib/python3.10/site-packages/airflow/example_dags/example_complex.py took 0.101 seconds
[2024-02-29T18:36:14.905+0530] {processor.py:161} INFO - Started process (PID=7049) to work on /home/arun/.local/lib/python3.10/site-packages/airflow/example_dags/example_complex.py
[2024-02-29T18:36:14.908+0530] {processor.py:830} INFO - Processing file /home/arun/.local/lib/python3.10/site-packages/airflow/example_dags/example_complex.py for tasks to queue
[2024-02-29T18:36:14.909+0530] {logging_mixin.py:188} INFO - [2024-02-29T18:36:14.908+0530] {dagbag.py:538} INFO - Filling up the DagBag from /home/arun/.local/lib/python3.10/site-packages/airflow/example_dags/example_complex.py
[2024-02-29T18:36:14.926+0530] {processor.py:840} INFO - DAG(s) 'example_complex' retrieved from /home/arun/.local/lib/python3.10/site-packages/airflow/example_dags/example_complex.py
[2024-02-29T18:36:14.961+0530] {logging_mixin.py:188} INFO - [2024-02-29T18:36:14.960+0530] {dag.py:3036} INFO - Sync 1 DAGs
[2024-02-29T18:36:14.976+0530] {logging_mixin.py:188} INFO - [2024-02-29T18:36:14.976+0530] {dag.py:3823} INFO - Setting next_dagrun for example_complex to None, run_after=None
[2024-02-29T18:36:15.011+0530] {processor.py:183} INFO - Processing /home/arun/.local/lib/python3.10/site-packages/airflow/example_dags/example_complex.py took 0.110 seconds
[2024-02-29T18:37:20.050+0530] {processor.py:161} INFO - Started process (PID=7143) to work on /home/arun/.local/lib/python3.10/site-packages/airflow/example_dags/example_complex.py
[2024-02-29T18:37:20.052+0530] {processor.py:830} INFO - Processing file /home/arun/.local/lib/python3.10/site-packages/airflow/example_dags/example_complex.py for tasks to queue
[2024-02-29T18:37:20.053+0530] {logging_mixin.py:188} INFO - [2024-02-29T18:37:20.053+0530] {dagbag.py:538} INFO - Filling up the DagBag from /home/arun/.local/lib/python3.10/site-packages/airflow/example_dags/example_complex.py
[2024-02-29T18:37:20.068+0530] {processor.py:840} INFO - DAG(s) 'example_complex' retrieved from /home/arun/.local/lib/python3.10/site-packages/airflow/example_dags/example_complex.py
[2024-02-29T18:37:20.098+0530] {logging_mixin.py:188} INFO - [2024-02-29T18:37:20.097+0530] {dag.py:3036} INFO - Sync 1 DAGs
[2024-02-29T18:37:20.110+0530] {logging_mixin.py:188} INFO - [2024-02-29T18:37:20.110+0530] {dag.py:3823} INFO - Setting next_dagrun for example_complex to None, run_after=None
[2024-02-29T18:37:20.137+0530] {processor.py:183} INFO - Processing /home/arun/.local/lib/python3.10/site-packages/airflow/example_dags/example_complex.py took 0.091 seconds
[2024-02-29T18:38:17.148+0530] {processor.py:161} INFO - Started process (PID=7320) to work on /home/arun/.local/lib/python3.10/site-packages/airflow/example_dags/example_complex.py
[2024-02-29T18:38:17.150+0530] {processor.py:830} INFO - Processing file /home/arun/.local/lib/python3.10/site-packages/airflow/example_dags/example_complex.py for tasks to queue
[2024-02-29T18:38:17.150+0530] {logging_mixin.py:188} INFO - [2024-02-29T18:38:17.150+0530] {dagbag.py:538} INFO - Filling up the DagBag from /home/arun/.local/lib/python3.10/site-packages/airflow/example_dags/example_complex.py
[2024-02-29T18:38:17.163+0530] {processor.py:840} INFO - DAG(s) 'example_complex' retrieved from /home/arun/.local/lib/python3.10/site-packages/airflow/example_dags/example_complex.py
[2024-02-29T18:38:17.203+0530] {logging_mixin.py:188} INFO - [2024-02-29T18:38:17.202+0530] {dag.py:3036} INFO - Sync 1 DAGs
[2024-02-29T18:38:17.225+0530] {logging_mixin.py:188} INFO - [2024-02-29T18:38:17.225+0530] {dag.py:3823} INFO - Setting next_dagrun for example_complex to None, run_after=None
[2024-02-29T18:38:17.266+0530] {processor.py:183} INFO - Processing /home/arun/.local/lib/python3.10/site-packages/airflow/example_dags/example_complex.py took 0.121 seconds
[2024-02-29T18:39:13.997+0530] {processor.py:161} INFO - Started process (PID=7409) to work on /home/arun/.local/lib/python3.10/site-packages/airflow/example_dags/example_complex.py
[2024-02-29T18:39:13.999+0530] {processor.py:830} INFO - Processing file /home/arun/.local/lib/python3.10/site-packages/airflow/example_dags/example_complex.py for tasks to queue
[2024-02-29T18:39:14.001+0530] {logging_mixin.py:188} INFO - [2024-02-29T18:39:14.000+0530] {dagbag.py:538} INFO - Filling up the DagBag from /home/arun/.local/lib/python3.10/site-packages/airflow/example_dags/example_complex.py
[2024-02-29T18:39:14.019+0530] {processor.py:840} INFO - DAG(s) 'example_complex' retrieved from /home/arun/.local/lib/python3.10/site-packages/airflow/example_dags/example_complex.py
[2024-02-29T18:39:14.059+0530] {logging_mixin.py:188} INFO - [2024-02-29T18:39:14.058+0530] {dag.py:3036} INFO - Sync 1 DAGs
[2024-02-29T18:39:14.074+0530] {logging_mixin.py:188} INFO - [2024-02-29T18:39:14.074+0530] {dag.py:3823} INFO - Setting next_dagrun for example_complex to None, run_after=None
[2024-02-29T18:39:14.107+0530] {processor.py:183} INFO - Processing /home/arun/.local/lib/python3.10/site-packages/airflow/example_dags/example_complex.py took 0.117 seconds
[2024-02-29T18:40:12.448+0530] {processor.py:161} INFO - Started process (PID=7498) to work on /home/arun/.local/lib/python3.10/site-packages/airflow/example_dags/example_complex.py
[2024-02-29T18:40:12.450+0530] {processor.py:830} INFO - Processing file /home/arun/.local/lib/python3.10/site-packages/airflow/example_dags/example_complex.py for tasks to queue
[2024-02-29T18:40:12.452+0530] {logging_mixin.py:188} INFO - [2024-02-29T18:40:12.452+0530] {dagbag.py:538} INFO - Filling up the DagBag from /home/arun/.local/lib/python3.10/site-packages/airflow/example_dags/example_complex.py
[2024-02-29T18:40:12.469+0530] {processor.py:840} INFO - DAG(s) 'example_complex' retrieved from /home/arun/.local/lib/python3.10/site-packages/airflow/example_dags/example_complex.py
[2024-02-29T18:40:12.503+0530] {logging_mixin.py:188} INFO - [2024-02-29T18:40:12.502+0530] {dag.py:3036} INFO - Sync 1 DAGs
[2024-02-29T18:40:12.517+0530] {logging_mixin.py:188} INFO - [2024-02-29T18:40:12.517+0530] {dag.py:3823} INFO - Setting next_dagrun for example_complex to None, run_after=None
[2024-02-29T18:40:12.549+0530] {processor.py:183} INFO - Processing /home/arun/.local/lib/python3.10/site-packages/airflow/example_dags/example_complex.py took 0.107 seconds
[2024-02-29T18:41:09.871+0530] {processor.py:161} INFO - Started process (PID=7590) to work on /home/arun/.local/lib/python3.10/site-packages/airflow/example_dags/example_complex.py
[2024-02-29T18:41:09.873+0530] {processor.py:830} INFO - Processing file /home/arun/.local/lib/python3.10/site-packages/airflow/example_dags/example_complex.py for tasks to queue
[2024-02-29T18:41:09.874+0530] {logging_mixin.py:188} INFO - [2024-02-29T18:41:09.874+0530] {dagbag.py:538} INFO - Filling up the DagBag from /home/arun/.local/lib/python3.10/site-packages/airflow/example_dags/example_complex.py
[2024-02-29T18:41:09.891+0530] {processor.py:840} INFO - DAG(s) 'example_complex' retrieved from /home/arun/.local/lib/python3.10/site-packages/airflow/example_dags/example_complex.py
[2024-02-29T18:41:09.924+0530] {logging_mixin.py:188} INFO - [2024-02-29T18:41:09.924+0530] {dag.py:3036} INFO - Sync 1 DAGs
[2024-02-29T18:41:09.938+0530] {logging_mixin.py:188} INFO - [2024-02-29T18:41:09.937+0530] {dag.py:3823} INFO - Setting next_dagrun for example_complex to None, run_after=None
[2024-02-29T18:41:09.966+0530] {processor.py:183} INFO - Processing /home/arun/.local/lib/python3.10/site-packages/airflow/example_dags/example_complex.py took 0.100 seconds
[2024-02-29T18:42:04.868+0530] {processor.py:161} INFO - Started process (PID=7688) to work on /home/arun/.local/lib/python3.10/site-packages/airflow/example_dags/example_complex.py
[2024-02-29T18:42:04.875+0530] {processor.py:830} INFO - Processing file /home/arun/.local/lib/python3.10/site-packages/airflow/example_dags/example_complex.py for tasks to queue
[2024-02-29T18:42:04.877+0530] {logging_mixin.py:188} INFO - [2024-02-29T18:42:04.876+0530] {dagbag.py:538} INFO - Filling up the DagBag from /home/arun/.local/lib/python3.10/site-packages/airflow/example_dags/example_complex.py
[2024-02-29T18:42:04.921+0530] {processor.py:840} INFO - DAG(s) 'example_complex' retrieved from /home/arun/.local/lib/python3.10/site-packages/airflow/example_dags/example_complex.py
[2024-02-29T18:42:04.998+0530] {logging_mixin.py:188} INFO - [2024-02-29T18:42:04.998+0530] {dag.py:3036} INFO - Sync 1 DAGs
[2024-02-29T18:42:05.022+0530] {logging_mixin.py:188} INFO - [2024-02-29T18:42:05.022+0530] {dag.py:3823} INFO - Setting next_dagrun for example_complex to None, run_after=None
[2024-02-29T18:42:05.097+0530] {processor.py:183} INFO - Processing /home/arun/.local/lib/python3.10/site-packages/airflow/example_dags/example_complex.py took 0.235 seconds
[2024-02-29T18:43:03.390+0530] {processor.py:161} INFO - Started process (PID=7779) to work on /home/arun/.local/lib/python3.10/site-packages/airflow/example_dags/example_complex.py
[2024-02-29T18:43:03.393+0530] {processor.py:830} INFO - Processing file /home/arun/.local/lib/python3.10/site-packages/airflow/example_dags/example_complex.py for tasks to queue
[2024-02-29T18:43:03.394+0530] {logging_mixin.py:188} INFO - [2024-02-29T18:43:03.393+0530] {dagbag.py:538} INFO - Filling up the DagBag from /home/arun/.local/lib/python3.10/site-packages/airflow/example_dags/example_complex.py
[2024-02-29T18:43:03.408+0530] {processor.py:840} INFO - DAG(s) 'example_complex' retrieved from /home/arun/.local/lib/python3.10/site-packages/airflow/example_dags/example_complex.py
[2024-02-29T18:43:03.437+0530] {logging_mixin.py:188} INFO - [2024-02-29T18:43:03.436+0530] {dag.py:3036} INFO - Sync 1 DAGs
[2024-02-29T18:43:03.451+0530] {logging_mixin.py:188} INFO - [2024-02-29T18:43:03.451+0530] {dag.py:3823} INFO - Setting next_dagrun for example_complex to None, run_after=None
[2024-02-29T18:43:03.503+0530] {processor.py:183} INFO - Processing /home/arun/.local/lib/python3.10/site-packages/airflow/example_dags/example_complex.py took 0.117 seconds
[2024-02-29T18:44:08.239+0530] {processor.py:161} INFO - Started process (PID=7893) to work on /home/arun/.local/lib/python3.10/site-packages/airflow/example_dags/example_complex.py
[2024-02-29T18:44:08.240+0530] {processor.py:830} INFO - Processing file /home/arun/.local/lib/python3.10/site-packages/airflow/example_dags/example_complex.py for tasks to queue
[2024-02-29T18:44:08.241+0530] {logging_mixin.py:188} INFO - [2024-02-29T18:44:08.240+0530] {dagbag.py:538} INFO - Filling up the DagBag from /home/arun/.local/lib/python3.10/site-packages/airflow/example_dags/example_complex.py
[2024-02-29T18:44:08.251+0530] {processor.py:840} INFO - DAG(s) 'example_complex' retrieved from /home/arun/.local/lib/python3.10/site-packages/airflow/example_dags/example_complex.py
[2024-02-29T18:44:08.279+0530] {logging_mixin.py:188} INFO - [2024-02-29T18:44:08.279+0530] {dag.py:3036} INFO - Sync 1 DAGs
[2024-02-29T18:44:08.303+0530] {logging_mixin.py:188} INFO - [2024-02-29T18:44:08.303+0530] {dag.py:3823} INFO - Setting next_dagrun for example_complex to None, run_after=None
[2024-02-29T18:44:08.329+0530] {processor.py:183} INFO - Processing /home/arun/.local/lib/python3.10/site-packages/airflow/example_dags/example_complex.py took 0.094 seconds
[2024-02-29T18:45:03.157+0530] {processor.py:161} INFO - Started process (PID=7983) to work on /home/arun/.local/lib/python3.10/site-packages/airflow/example_dags/example_complex.py
[2024-02-29T18:45:03.160+0530] {processor.py:830} INFO - Processing file /home/arun/.local/lib/python3.10/site-packages/airflow/example_dags/example_complex.py for tasks to queue
[2024-02-29T18:45:03.161+0530] {logging_mixin.py:188} INFO - [2024-02-29T18:45:03.160+0530] {dagbag.py:538} INFO - Filling up the DagBag from /home/arun/.local/lib/python3.10/site-packages/airflow/example_dags/example_complex.py
[2024-02-29T18:45:03.174+0530] {processor.py:840} INFO - DAG(s) 'example_complex' retrieved from /home/arun/.local/lib/python3.10/site-packages/airflow/example_dags/example_complex.py
[2024-02-29T18:45:03.284+0530] {logging_mixin.py:188} INFO - [2024-02-29T18:45:03.284+0530] {dag.py:3036} INFO - Sync 1 DAGs
[2024-02-29T18:45:03.309+0530] {logging_mixin.py:188} INFO - [2024-02-29T18:45:03.309+0530] {dag.py:3823} INFO - Setting next_dagrun for example_complex to None, run_after=None
[2024-02-29T18:45:03.358+0530] {processor.py:183} INFO - Processing /home/arun/.local/lib/python3.10/site-packages/airflow/example_dags/example_complex.py took 0.204 seconds
[2024-02-29T18:45:57.667+0530] {processor.py:161} INFO - Started process (PID=8083) to work on /home/arun/.local/lib/python3.10/site-packages/airflow/example_dags/example_complex.py
[2024-02-29T18:45:57.709+0530] {processor.py:830} INFO - Processing file /home/arun/.local/lib/python3.10/site-packages/airflow/example_dags/example_complex.py for tasks to queue
[2024-02-29T18:45:57.713+0530] {logging_mixin.py:188} INFO - [2024-02-29T18:45:57.711+0530] {dagbag.py:538} INFO - Filling up the DagBag from /home/arun/.local/lib/python3.10/site-packages/airflow/example_dags/example_complex.py
[2024-02-29T18:45:57.733+0530] {processor.py:840} INFO - DAG(s) 'example_complex' retrieved from /home/arun/.local/lib/python3.10/site-packages/airflow/example_dags/example_complex.py
[2024-02-29T18:45:57.757+0530] {logging_mixin.py:188} INFO - [2024-02-29T18:45:57.756+0530] {dag.py:3036} INFO - Sync 1 DAGs
[2024-02-29T18:45:57.769+0530] {logging_mixin.py:188} INFO - [2024-02-29T18:45:57.769+0530] {dag.py:3823} INFO - Setting next_dagrun for example_complex to None, run_after=None
[2024-02-29T18:45:57.799+0530] {processor.py:183} INFO - Processing /home/arun/.local/lib/python3.10/site-packages/airflow/example_dags/example_complex.py took 0.135 seconds
[2024-02-29T18:46:52.427+0530] {processor.py:161} INFO - Started process (PID=8168) to work on /home/arun/.local/lib/python3.10/site-packages/airflow/example_dags/example_complex.py
[2024-02-29T18:46:52.429+0530] {processor.py:830} INFO - Processing file /home/arun/.local/lib/python3.10/site-packages/airflow/example_dags/example_complex.py for tasks to queue
[2024-02-29T18:46:52.430+0530] {logging_mixin.py:188} INFO - [2024-02-29T18:46:52.430+0530] {dagbag.py:538} INFO - Filling up the DagBag from /home/arun/.local/lib/python3.10/site-packages/airflow/example_dags/example_complex.py
[2024-02-29T18:46:52.446+0530] {processor.py:840} INFO - DAG(s) 'example_complex' retrieved from /home/arun/.local/lib/python3.10/site-packages/airflow/example_dags/example_complex.py
[2024-02-29T18:46:52.479+0530] {logging_mixin.py:188} INFO - [2024-02-29T18:46:52.479+0530] {dag.py:3036} INFO - Sync 1 DAGs
[2024-02-29T18:46:52.511+0530] {logging_mixin.py:188} INFO - [2024-02-29T18:46:52.511+0530] {dag.py:3823} INFO - Setting next_dagrun for example_complex to None, run_after=None
[2024-02-29T18:46:52.551+0530] {processor.py:183} INFO - Processing /home/arun/.local/lib/python3.10/site-packages/airflow/example_dags/example_complex.py took 0.128 seconds
[2024-02-29T18:47:44.898+0530] {processor.py:161} INFO - Started process (PID=8252) to work on /home/arun/.local/lib/python3.10/site-packages/airflow/example_dags/example_complex.py
[2024-02-29T18:47:44.900+0530] {processor.py:830} INFO - Processing file /home/arun/.local/lib/python3.10/site-packages/airflow/example_dags/example_complex.py for tasks to queue
[2024-02-29T18:47:44.900+0530] {logging_mixin.py:188} INFO - [2024-02-29T18:47:44.900+0530] {dagbag.py:538} INFO - Filling up the DagBag from /home/arun/.local/lib/python3.10/site-packages/airflow/example_dags/example_complex.py
[2024-02-29T18:47:44.910+0530] {processor.py:840} INFO - DAG(s) 'example_complex' retrieved from /home/arun/.local/lib/python3.10/site-packages/airflow/example_dags/example_complex.py
[2024-02-29T18:47:44.935+0530] {logging_mixin.py:188} INFO - [2024-02-29T18:47:44.935+0530] {dag.py:3036} INFO - Sync 1 DAGs
[2024-02-29T18:47:44.948+0530] {logging_mixin.py:188} INFO - [2024-02-29T18:47:44.948+0530] {dag.py:3823} INFO - Setting next_dagrun for example_complex to None, run_after=None
[2024-02-29T18:47:44.978+0530] {processor.py:183} INFO - Processing /home/arun/.local/lib/python3.10/site-packages/airflow/example_dags/example_complex.py took 0.084 seconds
[2024-02-29T18:48:36.935+0530] {processor.py:161} INFO - Started process (PID=8336) to work on /home/arun/.local/lib/python3.10/site-packages/airflow/example_dags/example_complex.py
[2024-02-29T18:48:36.937+0530] {processor.py:830} INFO - Processing file /home/arun/.local/lib/python3.10/site-packages/airflow/example_dags/example_complex.py for tasks to queue
[2024-02-29T18:48:36.938+0530] {logging_mixin.py:188} INFO - [2024-02-29T18:48:36.937+0530] {dagbag.py:538} INFO - Filling up the DagBag from /home/arun/.local/lib/python3.10/site-packages/airflow/example_dags/example_complex.py
[2024-02-29T18:48:36.951+0530] {processor.py:840} INFO - DAG(s) 'example_complex' retrieved from /home/arun/.local/lib/python3.10/site-packages/airflow/example_dags/example_complex.py
[2024-02-29T18:48:36.980+0530] {logging_mixin.py:188} INFO - [2024-02-29T18:48:36.979+0530] {dag.py:3036} INFO - Sync 1 DAGs
[2024-02-29T18:48:36.993+0530] {logging_mixin.py:188} INFO - [2024-02-29T18:48:36.993+0530] {dag.py:3823} INFO - Setting next_dagrun for example_complex to None, run_after=None
[2024-02-29T18:48:37.065+0530] {processor.py:183} INFO - Processing /home/arun/.local/lib/python3.10/site-packages/airflow/example_dags/example_complex.py took 0.135 seconds
[2024-02-29T18:49:45.497+0530] {processor.py:161} INFO - Started process (PID=8448) to work on /home/arun/.local/lib/python3.10/site-packages/airflow/example_dags/example_complex.py
[2024-02-29T18:49:45.499+0530] {processor.py:830} INFO - Processing file /home/arun/.local/lib/python3.10/site-packages/airflow/example_dags/example_complex.py for tasks to queue
[2024-02-29T18:49:45.501+0530] {logging_mixin.py:188} INFO - [2024-02-29T18:49:45.500+0530] {dagbag.py:538} INFO - Filling up the DagBag from /home/arun/.local/lib/python3.10/site-packages/airflow/example_dags/example_complex.py
[2024-02-29T18:49:45.518+0530] {processor.py:840} INFO - DAG(s) 'example_complex' retrieved from /home/arun/.local/lib/python3.10/site-packages/airflow/example_dags/example_complex.py
[2024-02-29T18:49:45.556+0530] {logging_mixin.py:188} INFO - [2024-02-29T18:49:45.556+0530] {dag.py:3036} INFO - Sync 1 DAGs
[2024-02-29T18:49:45.571+0530] {logging_mixin.py:188} INFO - [2024-02-29T18:49:45.571+0530] {dag.py:3823} INFO - Setting next_dagrun for example_complex to None, run_after=None
[2024-02-29T18:49:45.598+0530] {processor.py:183} INFO - Processing /home/arun/.local/lib/python3.10/site-packages/airflow/example_dags/example_complex.py took 0.109 seconds
[2024-02-29T18:50:59.991+0530] {processor.py:161} INFO - Started process (PID=8573) to work on /home/arun/.local/lib/python3.10/site-packages/airflow/example_dags/example_complex.py
[2024-02-29T18:50:59.994+0530] {processor.py:830} INFO - Processing file /home/arun/.local/lib/python3.10/site-packages/airflow/example_dags/example_complex.py for tasks to queue
[2024-02-29T18:50:59.995+0530] {logging_mixin.py:188} INFO - [2024-02-29T18:50:59.994+0530] {dagbag.py:538} INFO - Filling up the DagBag from /home/arun/.local/lib/python3.10/site-packages/airflow/example_dags/example_complex.py
[2024-02-29T18:51:00.029+0530] {processor.py:840} INFO - DAG(s) 'example_complex' retrieved from /home/arun/.local/lib/python3.10/site-packages/airflow/example_dags/example_complex.py
[2024-02-29T18:51:00.188+0530] {logging_mixin.py:188} INFO - [2024-02-29T18:51:00.188+0530] {dag.py:3036} INFO - Sync 1 DAGs
[2024-02-29T18:51:00.210+0530] {logging_mixin.py:188} INFO - [2024-02-29T18:51:00.210+0530] {dag.py:3823} INFO - Setting next_dagrun for example_complex to None, run_after=None
[2024-02-29T18:51:00.298+0530] {processor.py:183} INFO - Processing /home/arun/.local/lib/python3.10/site-packages/airflow/example_dags/example_complex.py took 0.311 seconds
[2024-02-29T18:51:52.120+0530] {processor.py:161} INFO - Started process (PID=8748) to work on /home/arun/.local/lib/python3.10/site-packages/airflow/example_dags/example_complex.py
[2024-02-29T18:51:52.127+0530] {processor.py:830} INFO - Processing file /home/arun/.local/lib/python3.10/site-packages/airflow/example_dags/example_complex.py for tasks to queue
[2024-02-29T18:51:52.128+0530] {logging_mixin.py:188} INFO - [2024-02-29T18:51:52.127+0530] {dagbag.py:538} INFO - Filling up the DagBag from /home/arun/.local/lib/python3.10/site-packages/airflow/example_dags/example_complex.py
[2024-02-29T18:51:52.139+0530] {processor.py:840} INFO - DAG(s) 'example_complex' retrieved from /home/arun/.local/lib/python3.10/site-packages/airflow/example_dags/example_complex.py
[2024-02-29T18:51:52.168+0530] {logging_mixin.py:188} INFO - [2024-02-29T18:51:52.168+0530] {dag.py:3036} INFO - Sync 1 DAGs
[2024-02-29T18:51:52.183+0530] {logging_mixin.py:188} INFO - [2024-02-29T18:51:52.182+0530] {dag.py:3823} INFO - Setting next_dagrun for example_complex to None, run_after=None
[2024-02-29T18:51:52.280+0530] {processor.py:183} INFO - Processing /home/arun/.local/lib/python3.10/site-packages/airflow/example_dags/example_complex.py took 0.163 seconds
[2024-02-29T18:53:11.295+0530] {processor.py:161} INFO - Started process (PID=8869) to work on /home/arun/.local/lib/python3.10/site-packages/airflow/example_dags/example_complex.py
[2024-02-29T18:53:11.297+0530] {processor.py:830} INFO - Processing file /home/arun/.local/lib/python3.10/site-packages/airflow/example_dags/example_complex.py for tasks to queue
[2024-02-29T18:53:11.298+0530] {logging_mixin.py:188} INFO - [2024-02-29T18:53:11.297+0530] {dagbag.py:538} INFO - Filling up the DagBag from /home/arun/.local/lib/python3.10/site-packages/airflow/example_dags/example_complex.py
[2024-02-29T18:53:11.312+0530] {processor.py:840} INFO - DAG(s) 'example_complex' retrieved from /home/arun/.local/lib/python3.10/site-packages/airflow/example_dags/example_complex.py
[2024-02-29T18:53:11.348+0530] {logging_mixin.py:188} INFO - [2024-02-29T18:53:11.348+0530] {dag.py:3036} INFO - Sync 1 DAGs
[2024-02-29T18:53:11.367+0530] {logging_mixin.py:188} INFO - [2024-02-29T18:53:11.367+0530] {dag.py:3823} INFO - Setting next_dagrun for example_complex to None, run_after=None
[2024-02-29T18:53:11.411+0530] {processor.py:183} INFO - Processing /home/arun/.local/lib/python3.10/site-packages/airflow/example_dags/example_complex.py took 0.120 seconds
[2024-02-29T18:54:03.556+0530] {processor.py:161} INFO - Started process (PID=8951) to work on /home/arun/.local/lib/python3.10/site-packages/airflow/example_dags/example_complex.py
[2024-02-29T18:54:03.559+0530] {processor.py:830} INFO - Processing file /home/arun/.local/lib/python3.10/site-packages/airflow/example_dags/example_complex.py for tasks to queue
[2024-02-29T18:54:03.560+0530] {logging_mixin.py:188} INFO - [2024-02-29T18:54:03.560+0530] {dagbag.py:538} INFO - Filling up the DagBag from /home/arun/.local/lib/python3.10/site-packages/airflow/example_dags/example_complex.py
[2024-02-29T18:54:03.574+0530] {processor.py:840} INFO - DAG(s) 'example_complex' retrieved from /home/arun/.local/lib/python3.10/site-packages/airflow/example_dags/example_complex.py
[2024-02-29T18:54:03.606+0530] {logging_mixin.py:188} INFO - [2024-02-29T18:54:03.606+0530] {dag.py:3036} INFO - Sync 1 DAGs
[2024-02-29T18:54:03.623+0530] {logging_mixin.py:188} INFO - [2024-02-29T18:54:03.623+0530] {dag.py:3823} INFO - Setting next_dagrun for example_complex to None, run_after=None
[2024-02-29T18:54:03.658+0530] {processor.py:183} INFO - Processing /home/arun/.local/lib/python3.10/site-packages/airflow/example_dags/example_complex.py took 0.109 seconds
[2024-02-29T18:55:15.732+0530] {processor.py:161} INFO - Started process (PID=9265) to work on /home/arun/.local/lib/python3.10/site-packages/airflow/example_dags/example_complex.py
[2024-02-29T18:55:15.735+0530] {processor.py:830} INFO - Processing file /home/arun/.local/lib/python3.10/site-packages/airflow/example_dags/example_complex.py for tasks to queue
[2024-02-29T18:55:15.736+0530] {logging_mixin.py:188} INFO - [2024-02-29T18:55:15.735+0530] {dagbag.py:538} INFO - Filling up the DagBag from /home/arun/.local/lib/python3.10/site-packages/airflow/example_dags/example_complex.py
[2024-02-29T18:55:15.763+0530] {processor.py:840} INFO - DAG(s) 'example_complex' retrieved from /home/arun/.local/lib/python3.10/site-packages/airflow/example_dags/example_complex.py
[2024-02-29T18:55:15.847+0530] {logging_mixin.py:188} INFO - [2024-02-29T18:55:15.846+0530] {dag.py:3036} INFO - Sync 1 DAGs
[2024-02-29T18:55:15.887+0530] {logging_mixin.py:188} INFO - [2024-02-29T18:55:15.886+0530] {dag.py:3823} INFO - Setting next_dagrun for example_complex to None, run_after=None
[2024-02-29T18:55:15.923+0530] {processor.py:183} INFO - Processing /home/arun/.local/lib/python3.10/site-packages/airflow/example_dags/example_complex.py took 0.195 seconds
[2024-02-29T18:56:16.672+0530] {processor.py:161} INFO - Started process (PID=9419) to work on /home/arun/.local/lib/python3.10/site-packages/airflow/example_dags/example_complex.py
[2024-02-29T18:56:16.709+0530] {processor.py:830} INFO - Processing file /home/arun/.local/lib/python3.10/site-packages/airflow/example_dags/example_complex.py for tasks to queue
[2024-02-29T18:56:16.710+0530] {logging_mixin.py:188} INFO - [2024-02-29T18:56:16.710+0530] {dagbag.py:538} INFO - Filling up the DagBag from /home/arun/.local/lib/python3.10/site-packages/airflow/example_dags/example_complex.py
[2024-02-29T18:56:16.724+0530] {processor.py:840} INFO - DAG(s) 'example_complex' retrieved from /home/arun/.local/lib/python3.10/site-packages/airflow/example_dags/example_complex.py
[2024-02-29T18:56:16.761+0530] {logging_mixin.py:188} INFO - [2024-02-29T18:56:16.761+0530] {dag.py:3036} INFO - Sync 1 DAGs
[2024-02-29T18:56:16.776+0530] {logging_mixin.py:188} INFO - [2024-02-29T18:56:16.776+0530] {dag.py:3823} INFO - Setting next_dagrun for example_complex to None, run_after=None
[2024-02-29T18:56:16.803+0530] {processor.py:183} INFO - Processing /home/arun/.local/lib/python3.10/site-packages/airflow/example_dags/example_complex.py took 0.135 seconds
[2024-02-29T18:57:15.084+0530] {processor.py:161} INFO - Started process (PID=9533) to work on /home/arun/.local/lib/python3.10/site-packages/airflow/example_dags/example_complex.py
[2024-02-29T18:57:15.121+0530] {processor.py:830} INFO - Processing file /home/arun/.local/lib/python3.10/site-packages/airflow/example_dags/example_complex.py for tasks to queue
[2024-02-29T18:57:15.122+0530] {logging_mixin.py:188} INFO - [2024-02-29T18:57:15.122+0530] {dagbag.py:538} INFO - Filling up the DagBag from /home/arun/.local/lib/python3.10/site-packages/airflow/example_dags/example_complex.py
[2024-02-29T18:57:15.133+0530] {processor.py:840} INFO - DAG(s) 'example_complex' retrieved from /home/arun/.local/lib/python3.10/site-packages/airflow/example_dags/example_complex.py
[2024-02-29T18:57:15.175+0530] {logging_mixin.py:188} INFO - [2024-02-29T18:57:15.174+0530] {dag.py:3036} INFO - Sync 1 DAGs
[2024-02-29T18:57:15.200+0530] {logging_mixin.py:188} INFO - [2024-02-29T18:57:15.200+0530] {dag.py:3823} INFO - Setting next_dagrun for example_complex to None, run_after=None
[2024-02-29T18:57:15.243+0530] {processor.py:183} INFO - Processing /home/arun/.local/lib/python3.10/site-packages/airflow/example_dags/example_complex.py took 0.162 seconds
[2024-02-29T18:58:10.794+0530] {processor.py:161} INFO - Started process (PID=9622) to work on /home/arun/.local/lib/python3.10/site-packages/airflow/example_dags/example_complex.py
[2024-02-29T18:58:10.808+0530] {processor.py:830} INFO - Processing file /home/arun/.local/lib/python3.10/site-packages/airflow/example_dags/example_complex.py for tasks to queue
[2024-02-29T18:58:10.814+0530] {logging_mixin.py:188} INFO - [2024-02-29T18:58:10.811+0530] {dagbag.py:538} INFO - Filling up the DagBag from /home/arun/.local/lib/python3.10/site-packages/airflow/example_dags/example_complex.py
[2024-02-29T18:58:10.834+0530] {processor.py:840} INFO - DAG(s) 'example_complex' retrieved from /home/arun/.local/lib/python3.10/site-packages/airflow/example_dags/example_complex.py
[2024-02-29T18:58:10.910+0530] {logging_mixin.py:188} INFO - [2024-02-29T18:58:10.910+0530] {dag.py:3036} INFO - Sync 1 DAGs
[2024-02-29T18:58:10.927+0530] {logging_mixin.py:188} INFO - [2024-02-29T18:58:10.927+0530] {dag.py:3823} INFO - Setting next_dagrun for example_complex to None, run_after=None
[2024-02-29T18:58:10.958+0530] {processor.py:183} INFO - Processing /home/arun/.local/lib/python3.10/site-packages/airflow/example_dags/example_complex.py took 0.172 seconds
[2024-02-29T18:59:12.033+0530] {processor.py:161} INFO - Started process (PID=9730) to work on /home/arun/.local/lib/python3.10/site-packages/airflow/example_dags/example_complex.py
[2024-02-29T18:59:12.077+0530] {processor.py:830} INFO - Processing file /home/arun/.local/lib/python3.10/site-packages/airflow/example_dags/example_complex.py for tasks to queue
[2024-02-29T18:59:12.085+0530] {logging_mixin.py:188} INFO - [2024-02-29T18:59:12.082+0530] {dagbag.py:538} INFO - Filling up the DagBag from /home/arun/.local/lib/python3.10/site-packages/airflow/example_dags/example_complex.py
[2024-02-29T18:59:12.102+0530] {processor.py:840} INFO - DAG(s) 'example_complex' retrieved from /home/arun/.local/lib/python3.10/site-packages/airflow/example_dags/example_complex.py
[2024-02-29T18:59:12.153+0530] {logging_mixin.py:188} INFO - [2024-02-29T18:59:12.152+0530] {dag.py:3036} INFO - Sync 1 DAGs
[2024-02-29T18:59:12.168+0530] {logging_mixin.py:188} INFO - [2024-02-29T18:59:12.168+0530] {dag.py:3823} INFO - Setting next_dagrun for example_complex to None, run_after=None
[2024-02-29T18:59:12.264+0530] {processor.py:183} INFO - Processing /home/arun/.local/lib/python3.10/site-packages/airflow/example_dags/example_complex.py took 0.238 seconds
[2024-02-29T19:00:07.579+0530] {processor.py:161} INFO - Started process (PID=9831) to work on /home/arun/.local/lib/python3.10/site-packages/airflow/example_dags/example_complex.py
[2024-02-29T19:00:07.581+0530] {processor.py:830} INFO - Processing file /home/arun/.local/lib/python3.10/site-packages/airflow/example_dags/example_complex.py for tasks to queue
[2024-02-29T19:00:07.582+0530] {logging_mixin.py:188} INFO - [2024-02-29T19:00:07.582+0530] {dagbag.py:538} INFO - Filling up the DagBag from /home/arun/.local/lib/python3.10/site-packages/airflow/example_dags/example_complex.py
[2024-02-29T19:00:07.598+0530] {processor.py:840} INFO - DAG(s) 'example_complex' retrieved from /home/arun/.local/lib/python3.10/site-packages/airflow/example_dags/example_complex.py
[2024-02-29T19:00:07.646+0530] {logging_mixin.py:188} INFO - [2024-02-29T19:00:07.646+0530] {dag.py:3036} INFO - Sync 1 DAGs
[2024-02-29T19:00:07.673+0530] {logging_mixin.py:188} INFO - [2024-02-29T19:00:07.673+0530] {dag.py:3823} INFO - Setting next_dagrun for example_complex to None, run_after=None
[2024-02-29T19:00:07.715+0530] {processor.py:183} INFO - Processing /home/arun/.local/lib/python3.10/site-packages/airflow/example_dags/example_complex.py took 0.140 seconds
[2024-02-29T19:01:23.957+0530] {processor.py:161} INFO - Started process (PID=9955) to work on /home/arun/.local/lib/python3.10/site-packages/airflow/example_dags/example_complex.py
[2024-02-29T19:01:23.958+0530] {processor.py:830} INFO - Processing file /home/arun/.local/lib/python3.10/site-packages/airflow/example_dags/example_complex.py for tasks to queue
[2024-02-29T19:01:23.959+0530] {logging_mixin.py:188} INFO - [2024-02-29T19:01:23.959+0530] {dagbag.py:538} INFO - Filling up the DagBag from /home/arun/.local/lib/python3.10/site-packages/airflow/example_dags/example_complex.py
[2024-02-29T19:01:23.973+0530] {processor.py:840} INFO - DAG(s) 'example_complex' retrieved from /home/arun/.local/lib/python3.10/site-packages/airflow/example_dags/example_complex.py
[2024-02-29T19:01:24.014+0530] {logging_mixin.py:188} INFO - [2024-02-29T19:01:24.013+0530] {dag.py:3036} INFO - Sync 1 DAGs
[2024-02-29T19:01:24.036+0530] {logging_mixin.py:188} INFO - [2024-02-29T19:01:24.036+0530] {dag.py:3823} INFO - Setting next_dagrun for example_complex to None, run_after=None
[2024-02-29T19:01:24.118+0530] {processor.py:183} INFO - Processing /home/arun/.local/lib/python3.10/site-packages/airflow/example_dags/example_complex.py took 0.166 seconds
[2024-02-29T19:02:15.932+0530] {processor.py:161} INFO - Started process (PID=10040) to work on /home/arun/.local/lib/python3.10/site-packages/airflow/example_dags/example_complex.py
[2024-02-29T19:02:15.934+0530] {processor.py:830} INFO - Processing file /home/arun/.local/lib/python3.10/site-packages/airflow/example_dags/example_complex.py for tasks to queue
[2024-02-29T19:02:15.935+0530] {logging_mixin.py:188} INFO - [2024-02-29T19:02:15.935+0530] {dagbag.py:538} INFO - Filling up the DagBag from /home/arun/.local/lib/python3.10/site-packages/airflow/example_dags/example_complex.py
[2024-02-29T19:02:15.951+0530] {processor.py:840} INFO - DAG(s) 'example_complex' retrieved from /home/arun/.local/lib/python3.10/site-packages/airflow/example_dags/example_complex.py
[2024-02-29T19:02:15.995+0530] {logging_mixin.py:188} INFO - [2024-02-29T19:02:15.994+0530] {dag.py:3036} INFO - Sync 1 DAGs
[2024-02-29T19:02:16.020+0530] {logging_mixin.py:188} INFO - [2024-02-29T19:02:16.019+0530] {dag.py:3823} INFO - Setting next_dagrun for example_complex to None, run_after=None
[2024-02-29T19:02:16.149+0530] {processor.py:183} INFO - Processing /home/arun/.local/lib/python3.10/site-packages/airflow/example_dags/example_complex.py took 0.221 seconds
[2024-02-29T19:03:30.992+0530] {processor.py:161} INFO - Started process (PID=10161) to work on /home/arun/.local/lib/python3.10/site-packages/airflow/example_dags/example_complex.py
[2024-02-29T19:03:30.993+0530] {processor.py:830} INFO - Processing file /home/arun/.local/lib/python3.10/site-packages/airflow/example_dags/example_complex.py for tasks to queue
[2024-02-29T19:03:30.994+0530] {logging_mixin.py:188} INFO - [2024-02-29T19:03:30.994+0530] {dagbag.py:538} INFO - Filling up the DagBag from /home/arun/.local/lib/python3.10/site-packages/airflow/example_dags/example_complex.py
[2024-02-29T19:03:31.007+0530] {processor.py:840} INFO - DAG(s) 'example_complex' retrieved from /home/arun/.local/lib/python3.10/site-packages/airflow/example_dags/example_complex.py
[2024-02-29T19:03:31.036+0530] {logging_mixin.py:188} INFO - [2024-02-29T19:03:31.036+0530] {dag.py:3036} INFO - Sync 1 DAGs
[2024-02-29T19:03:31.053+0530] {logging_mixin.py:188} INFO - [2024-02-29T19:03:31.053+0530] {dag.py:3823} INFO - Setting next_dagrun for example_complex to None, run_after=None
[2024-02-29T19:03:31.083+0530] {processor.py:183} INFO - Processing /home/arun/.local/lib/python3.10/site-packages/airflow/example_dags/example_complex.py took 0.096 seconds
[2024-02-29T19:04:40.301+0530] {processor.py:161} INFO - Started process (PID=10298) to work on /home/arun/.local/lib/python3.10/site-packages/airflow/example_dags/example_complex.py
[2024-02-29T19:04:40.303+0530] {processor.py:830} INFO - Processing file /home/arun/.local/lib/python3.10/site-packages/airflow/example_dags/example_complex.py for tasks to queue
[2024-02-29T19:04:40.304+0530] {logging_mixin.py:188} INFO - [2024-02-29T19:04:40.303+0530] {dagbag.py:538} INFO - Filling up the DagBag from /home/arun/.local/lib/python3.10/site-packages/airflow/example_dags/example_complex.py
[2024-02-29T19:04:40.318+0530] {processor.py:840} INFO - DAG(s) 'example_complex' retrieved from /home/arun/.local/lib/python3.10/site-packages/airflow/example_dags/example_complex.py
[2024-02-29T19:04:40.355+0530] {logging_mixin.py:188} INFO - [2024-02-29T19:04:40.355+0530] {dag.py:3036} INFO - Sync 1 DAGs
[2024-02-29T19:04:40.384+0530] {logging_mixin.py:188} INFO - [2024-02-29T19:04:40.384+0530] {dag.py:3823} INFO - Setting next_dagrun for example_complex to None, run_after=None
[2024-02-29T19:04:40.581+0530] {processor.py:183} INFO - Processing /home/arun/.local/lib/python3.10/site-packages/airflow/example_dags/example_complex.py took 0.283 seconds
[2024-02-29T19:05:41.508+0530] {processor.py:161} INFO - Started process (PID=10430) to work on /home/arun/.local/lib/python3.10/site-packages/airflow/example_dags/example_complex.py
[2024-02-29T19:05:41.526+0530] {processor.py:830} INFO - Processing file /home/arun/.local/lib/python3.10/site-packages/airflow/example_dags/example_complex.py for tasks to queue
[2024-02-29T19:05:41.527+0530] {logging_mixin.py:188} INFO - [2024-02-29T19:05:41.527+0530] {dagbag.py:538} INFO - Filling up the DagBag from /home/arun/.local/lib/python3.10/site-packages/airflow/example_dags/example_complex.py
[2024-02-29T19:05:41.540+0530] {processor.py:840} INFO - DAG(s) 'example_complex' retrieved from /home/arun/.local/lib/python3.10/site-packages/airflow/example_dags/example_complex.py
[2024-02-29T19:05:41.583+0530] {logging_mixin.py:188} INFO - [2024-02-29T19:05:41.583+0530] {dag.py:3036} INFO - Sync 1 DAGs
[2024-02-29T19:05:41.597+0530] {logging_mixin.py:188} INFO - [2024-02-29T19:05:41.597+0530] {dag.py:3823} INFO - Setting next_dagrun for example_complex to None, run_after=None
[2024-02-29T19:05:41.628+0530] {processor.py:183} INFO - Processing /home/arun/.local/lib/python3.10/site-packages/airflow/example_dags/example_complex.py took 0.123 seconds
