[2024-02-29T18:15:57.768+0530] {processor.py:161} INFO - Started process (PID=5199) to work on /home/arun/.local/lib/python3.10/site-packages/airflow/example_dags/example_latest_only.py
[2024-02-29T18:15:57.770+0530] {processor.py:830} INFO - Processing file /home/arun/.local/lib/python3.10/site-packages/airflow/example_dags/example_latest_only.py for tasks to queue
[2024-02-29T18:15:57.783+0530] {logging_mixin.py:188} INFO - [2024-02-29T18:15:57.775+0530] {dagbag.py:538} INFO - Filling up the DagBag from /home/arun/.local/lib/python3.10/site-packages/airflow/example_dags/example_latest_only.py
[2024-02-29T18:15:57.828+0530] {processor.py:840} INFO - DAG(s) 'latest_only' retrieved from /home/arun/.local/lib/python3.10/site-packages/airflow/example_dags/example_latest_only.py
[2024-02-29T18:15:58.444+0530] {logging_mixin.py:188} INFO - [2024-02-29T18:15:58.444+0530] {dag.py:3036} INFO - Sync 1 DAGs
[2024-02-29T18:15:58.487+0530] {logging_mixin.py:188} INFO - [2024-02-29T18:15:58.487+0530] {dag.py:3823} INFO - Setting next_dagrun for latest_only to 2024-02-29 08:00:00+00:00, run_after=2024-02-29 12:00:00+00:00
[2024-02-29T18:15:58.634+0530] {processor.py:183} INFO - Processing /home/arun/.local/lib/python3.10/site-packages/airflow/example_dags/example_latest_only.py took 0.873 seconds
[2024-02-29T18:17:44.847+0530] {processor.py:161} INFO - Started process (PID=5280) to work on /home/arun/.local/lib/python3.10/site-packages/airflow/example_dags/example_latest_only.py
[2024-02-29T18:17:44.933+0530] {processor.py:830} INFO - Processing file /home/arun/.local/lib/python3.10/site-packages/airflow/example_dags/example_latest_only.py for tasks to queue
[2024-02-29T18:17:44.934+0530] {logging_mixin.py:188} INFO - [2024-02-29T18:17:44.934+0530] {dagbag.py:538} INFO - Filling up the DagBag from /home/arun/.local/lib/python3.10/site-packages/airflow/example_dags/example_latest_only.py
[2024-02-29T18:17:44.947+0530] {processor.py:840} INFO - DAG(s) 'latest_only' retrieved from /home/arun/.local/lib/python3.10/site-packages/airflow/example_dags/example_latest_only.py
[2024-02-29T18:17:44.976+0530] {logging_mixin.py:188} INFO - [2024-02-29T18:17:44.975+0530] {dag.py:3036} INFO - Sync 1 DAGs
[2024-02-29T18:17:45.300+0530] {logging_mixin.py:188} INFO - [2024-02-29T18:17:45.300+0530] {dag.py:3823} INFO - Setting next_dagrun for latest_only to 2024-02-29 08:00:00+00:00, run_after=2024-02-29 12:00:00+00:00
[2024-02-29T18:17:45.414+0530] {processor.py:183} INFO - Processing /home/arun/.local/lib/python3.10/site-packages/airflow/example_dags/example_latest_only.py took 0.574 seconds
[2024-02-29T18:20:02.009+0530] {processor.py:161} INFO - Started process (PID=5455) to work on /home/arun/.local/lib/python3.10/site-packages/airflow/example_dags/example_latest_only.py
[2024-02-29T18:20:02.011+0530] {processor.py:830} INFO - Processing file /home/arun/.local/lib/python3.10/site-packages/airflow/example_dags/example_latest_only.py for tasks to queue
[2024-02-29T18:20:02.013+0530] {logging_mixin.py:188} INFO - [2024-02-29T18:20:02.012+0530] {dagbag.py:538} INFO - Filling up the DagBag from /home/arun/.local/lib/python3.10/site-packages/airflow/example_dags/example_latest_only.py
[2024-02-29T18:20:02.020+0530] {processor.py:840} INFO - DAG(s) 'latest_only' retrieved from /home/arun/.local/lib/python3.10/site-packages/airflow/example_dags/example_latest_only.py
[2024-02-29T18:20:02.039+0530] {logging_mixin.py:188} INFO - [2024-02-29T18:20:02.038+0530] {dag.py:3036} INFO - Sync 1 DAGs
[2024-02-29T18:20:02.064+0530] {logging_mixin.py:188} INFO - [2024-02-29T18:20:02.064+0530] {dag.py:3823} INFO - Setting next_dagrun for latest_only to 2024-02-29 08:00:00+00:00, run_after=2024-02-29 12:00:00+00:00
[2024-02-29T18:20:02.098+0530] {processor.py:183} INFO - Processing /home/arun/.local/lib/python3.10/site-packages/airflow/example_dags/example_latest_only.py took 0.093 seconds
[2024-02-29T18:21:14.090+0530] {processor.py:161} INFO - Started process (PID=5571) to work on /home/arun/.local/lib/python3.10/site-packages/airflow/example_dags/example_latest_only.py
[2024-02-29T18:21:14.092+0530] {processor.py:830} INFO - Processing file /home/arun/.local/lib/python3.10/site-packages/airflow/example_dags/example_latest_only.py for tasks to queue
[2024-02-29T18:21:14.093+0530] {logging_mixin.py:188} INFO - [2024-02-29T18:21:14.092+0530] {dagbag.py:538} INFO - Filling up the DagBag from /home/arun/.local/lib/python3.10/site-packages/airflow/example_dags/example_latest_only.py
[2024-02-29T18:21:14.100+0530] {processor.py:840} INFO - DAG(s) 'latest_only' retrieved from /home/arun/.local/lib/python3.10/site-packages/airflow/example_dags/example_latest_only.py
[2024-02-29T18:21:14.120+0530] {logging_mixin.py:188} INFO - [2024-02-29T18:21:14.120+0530] {dag.py:3036} INFO - Sync 1 DAGs
[2024-02-29T18:21:14.181+0530] {logging_mixin.py:188} INFO - [2024-02-29T18:21:14.180+0530] {dag.py:3823} INFO - Setting next_dagrun for latest_only to 2024-02-29 08:00:00+00:00, run_after=2024-02-29 12:00:00+00:00
[2024-02-29T18:21:14.308+0530] {processor.py:183} INFO - Processing /home/arun/.local/lib/python3.10/site-packages/airflow/example_dags/example_latest_only.py took 0.222 seconds
[2024-02-29T18:22:11.085+0530] {processor.py:161} INFO - Started process (PID=5671) to work on /home/arun/.local/lib/python3.10/site-packages/airflow/example_dags/example_latest_only.py
[2024-02-29T18:22:11.137+0530] {processor.py:830} INFO - Processing file /home/arun/.local/lib/python3.10/site-packages/airflow/example_dags/example_latest_only.py for tasks to queue
[2024-02-29T18:22:11.175+0530] {logging_mixin.py:188} INFO - [2024-02-29T18:22:11.139+0530] {dagbag.py:538} INFO - Filling up the DagBag from /home/arun/.local/lib/python3.10/site-packages/airflow/example_dags/example_latest_only.py
[2024-02-29T18:22:11.205+0530] {processor.py:840} INFO - DAG(s) 'latest_only' retrieved from /home/arun/.local/lib/python3.10/site-packages/airflow/example_dags/example_latest_only.py
[2024-02-29T18:22:11.262+0530] {logging_mixin.py:188} INFO - [2024-02-29T18:22:11.261+0530] {dag.py:3036} INFO - Sync 1 DAGs
[2024-02-29T18:22:11.363+0530] {logging_mixin.py:188} INFO - [2024-02-29T18:22:11.363+0530] {dag.py:3823} INFO - Setting next_dagrun for latest_only to 2024-02-29 08:00:00+00:00, run_after=2024-02-29 12:00:00+00:00
[2024-02-29T18:22:11.432+0530] {processor.py:183} INFO - Processing /home/arun/.local/lib/python3.10/site-packages/airflow/example_dags/example_latest_only.py took 0.356 seconds
[2024-02-29T18:23:08.881+0530] {processor.py:161} INFO - Started process (PID=5758) to work on /home/arun/.local/lib/python3.10/site-packages/airflow/example_dags/example_latest_only.py
[2024-02-29T18:23:08.925+0530] {processor.py:830} INFO - Processing file /home/arun/.local/lib/python3.10/site-packages/airflow/example_dags/example_latest_only.py for tasks to queue
[2024-02-29T18:23:08.927+0530] {logging_mixin.py:188} INFO - [2024-02-29T18:23:08.926+0530] {dagbag.py:538} INFO - Filling up the DagBag from /home/arun/.local/lib/python3.10/site-packages/airflow/example_dags/example_latest_only.py
[2024-02-29T18:23:08.935+0530] {processor.py:840} INFO - DAG(s) 'latest_only' retrieved from /home/arun/.local/lib/python3.10/site-packages/airflow/example_dags/example_latest_only.py
[2024-02-29T18:23:08.977+0530] {logging_mixin.py:188} INFO - [2024-02-29T18:23:08.977+0530] {dag.py:3036} INFO - Sync 1 DAGs
[2024-02-29T18:23:09.022+0530] {logging_mixin.py:188} INFO - [2024-02-29T18:23:09.021+0530] {dag.py:3823} INFO - Setting next_dagrun for latest_only to 2024-02-29 08:00:00+00:00, run_after=2024-02-29 12:00:00+00:00
[2024-02-29T18:23:09.058+0530] {processor.py:183} INFO - Processing /home/arun/.local/lib/python3.10/site-packages/airflow/example_dags/example_latest_only.py took 0.180 seconds
[2024-02-29T18:24:00.713+0530] {processor.py:161} INFO - Started process (PID=5863) to work on /home/arun/.local/lib/python3.10/site-packages/airflow/example_dags/example_latest_only.py
[2024-02-29T18:24:00.747+0530] {processor.py:830} INFO - Processing file /home/arun/.local/lib/python3.10/site-packages/airflow/example_dags/example_latest_only.py for tasks to queue
[2024-02-29T18:24:00.748+0530] {logging_mixin.py:188} INFO - [2024-02-29T18:24:00.747+0530] {dagbag.py:538} INFO - Filling up the DagBag from /home/arun/.local/lib/python3.10/site-packages/airflow/example_dags/example_latest_only.py
[2024-02-29T18:24:00.754+0530] {processor.py:840} INFO - DAG(s) 'latest_only' retrieved from /home/arun/.local/lib/python3.10/site-packages/airflow/example_dags/example_latest_only.py
[2024-02-29T18:24:00.773+0530] {logging_mixin.py:188} INFO - [2024-02-29T18:24:00.773+0530] {dag.py:3036} INFO - Sync 1 DAGs
[2024-02-29T18:24:00.798+0530] {logging_mixin.py:188} INFO - [2024-02-29T18:24:00.798+0530] {dag.py:3823} INFO - Setting next_dagrun for latest_only to 2024-02-29 08:00:00+00:00, run_after=2024-02-29 12:00:00+00:00
[2024-02-29T18:24:00.838+0530] {processor.py:183} INFO - Processing /home/arun/.local/lib/python3.10/site-packages/airflow/example_dags/example_latest_only.py took 0.129 seconds
[2024-02-29T18:24:55.203+0530] {processor.py:161} INFO - Started process (PID=5945) to work on /home/arun/.local/lib/python3.10/site-packages/airflow/example_dags/example_latest_only.py
[2024-02-29T18:24:55.205+0530] {processor.py:830} INFO - Processing file /home/arun/.local/lib/python3.10/site-packages/airflow/example_dags/example_latest_only.py for tasks to queue
[2024-02-29T18:24:55.206+0530] {logging_mixin.py:188} INFO - [2024-02-29T18:24:55.206+0530] {dagbag.py:538} INFO - Filling up the DagBag from /home/arun/.local/lib/python3.10/site-packages/airflow/example_dags/example_latest_only.py
[2024-02-29T18:24:55.215+0530] {processor.py:840} INFO - DAG(s) 'latest_only' retrieved from /home/arun/.local/lib/python3.10/site-packages/airflow/example_dags/example_latest_only.py
[2024-02-29T18:24:55.241+0530] {logging_mixin.py:188} INFO - [2024-02-29T18:24:55.241+0530] {dag.py:3036} INFO - Sync 1 DAGs
[2024-02-29T18:24:55.285+0530] {logging_mixin.py:188} INFO - [2024-02-29T18:24:55.284+0530] {dag.py:3823} INFO - Setting next_dagrun for latest_only to 2024-02-29 08:00:00+00:00, run_after=2024-02-29 12:00:00+00:00
[2024-02-29T18:24:55.329+0530] {processor.py:183} INFO - Processing /home/arun/.local/lib/python3.10/site-packages/airflow/example_dags/example_latest_only.py took 0.129 seconds
[2024-02-29T18:25:46.216+0530] {processor.py:161} INFO - Started process (PID=6024) to work on /home/arun/.local/lib/python3.10/site-packages/airflow/example_dags/example_latest_only.py
[2024-02-29T18:25:46.219+0530] {processor.py:830} INFO - Processing file /home/arun/.local/lib/python3.10/site-packages/airflow/example_dags/example_latest_only.py for tasks to queue
[2024-02-29T18:25:46.221+0530] {logging_mixin.py:188} INFO - [2024-02-29T18:25:46.220+0530] {dagbag.py:538} INFO - Filling up the DagBag from /home/arun/.local/lib/python3.10/site-packages/airflow/example_dags/example_latest_only.py
[2024-02-29T18:25:46.233+0530] {processor.py:840} INFO - DAG(s) 'latest_only' retrieved from /home/arun/.local/lib/python3.10/site-packages/airflow/example_dags/example_latest_only.py
[2024-02-29T18:25:46.268+0530] {logging_mixin.py:188} INFO - [2024-02-29T18:25:46.268+0530] {dag.py:3036} INFO - Sync 1 DAGs
[2024-02-29T18:25:46.306+0530] {logging_mixin.py:188} INFO - [2024-02-29T18:25:46.305+0530] {dag.py:3823} INFO - Setting next_dagrun for latest_only to 2024-02-29 08:00:00+00:00, run_after=2024-02-29 12:00:00+00:00
[2024-02-29T18:25:46.382+0530] {processor.py:183} INFO - Processing /home/arun/.local/lib/python3.10/site-packages/airflow/example_dags/example_latest_only.py took 0.172 seconds
[2024-02-29T18:26:58.602+0530] {processor.py:161} INFO - Started process (PID=6135) to work on /home/arun/.local/lib/python3.10/site-packages/airflow/example_dags/example_latest_only.py
[2024-02-29T18:26:58.607+0530] {processor.py:830} INFO - Processing file /home/arun/.local/lib/python3.10/site-packages/airflow/example_dags/example_latest_only.py for tasks to queue
[2024-02-29T18:26:58.610+0530] {logging_mixin.py:188} INFO - [2024-02-29T18:26:58.609+0530] {dagbag.py:538} INFO - Filling up the DagBag from /home/arun/.local/lib/python3.10/site-packages/airflow/example_dags/example_latest_only.py
[2024-02-29T18:26:58.630+0530] {processor.py:840} INFO - DAG(s) 'latest_only' retrieved from /home/arun/.local/lib/python3.10/site-packages/airflow/example_dags/example_latest_only.py
[2024-02-29T18:26:58.691+0530] {logging_mixin.py:188} INFO - [2024-02-29T18:26:58.690+0530] {dag.py:3036} INFO - Sync 1 DAGs
[2024-02-29T18:26:58.739+0530] {logging_mixin.py:188} INFO - [2024-02-29T18:26:58.739+0530] {dag.py:3823} INFO - Setting next_dagrun for latest_only to 2024-02-29 08:00:00+00:00, run_after=2024-02-29 12:00:00+00:00
[2024-02-29T18:26:58.781+0530] {processor.py:183} INFO - Processing /home/arun/.local/lib/python3.10/site-packages/airflow/example_dags/example_latest_only.py took 0.196 seconds
[2024-02-29T18:28:17.949+0530] {processor.py:161} INFO - Started process (PID=6274) to work on /home/arun/.local/lib/python3.10/site-packages/airflow/example_dags/example_latest_only.py
[2024-02-29T18:28:17.994+0530] {processor.py:830} INFO - Processing file /home/arun/.local/lib/python3.10/site-packages/airflow/example_dags/example_latest_only.py for tasks to queue
[2024-02-29T18:28:17.995+0530] {logging_mixin.py:188} INFO - [2024-02-29T18:28:17.995+0530] {dagbag.py:538} INFO - Filling up the DagBag from /home/arun/.local/lib/python3.10/site-packages/airflow/example_dags/example_latest_only.py
[2024-02-29T18:28:18.008+0530] {processor.py:840} INFO - DAG(s) 'latest_only' retrieved from /home/arun/.local/lib/python3.10/site-packages/airflow/example_dags/example_latest_only.py
[2024-02-29T18:28:18.032+0530] {logging_mixin.py:188} INFO - [2024-02-29T18:28:18.032+0530] {dag.py:3036} INFO - Sync 1 DAGs
[2024-02-29T18:28:18.060+0530] {logging_mixin.py:188} INFO - [2024-02-29T18:28:18.060+0530] {dag.py:3823} INFO - Setting next_dagrun for latest_only to 2024-02-29 08:00:00+00:00, run_after=2024-02-29 12:00:00+00:00
[2024-02-29T18:28:18.119+0530] {processor.py:183} INFO - Processing /home/arun/.local/lib/python3.10/site-packages/airflow/example_dags/example_latest_only.py took 0.175 seconds
[2024-02-29T18:29:24.079+0530] {processor.py:161} INFO - Started process (PID=6380) to work on /home/arun/.local/lib/python3.10/site-packages/airflow/example_dags/example_latest_only.py
[2024-02-29T18:29:24.089+0530] {processor.py:830} INFO - Processing file /home/arun/.local/lib/python3.10/site-packages/airflow/example_dags/example_latest_only.py for tasks to queue
[2024-02-29T18:29:24.091+0530] {logging_mixin.py:188} INFO - [2024-02-29T18:29:24.090+0530] {dagbag.py:538} INFO - Filling up the DagBag from /home/arun/.local/lib/python3.10/site-packages/airflow/example_dags/example_latest_only.py
[2024-02-29T18:29:24.098+0530] {processor.py:840} INFO - DAG(s) 'latest_only' retrieved from /home/arun/.local/lib/python3.10/site-packages/airflow/example_dags/example_latest_only.py
[2024-02-29T18:29:24.114+0530] {logging_mixin.py:188} INFO - [2024-02-29T18:29:24.114+0530] {dag.py:3036} INFO - Sync 1 DAGs
[2024-02-29T18:29:24.133+0530] {logging_mixin.py:188} INFO - [2024-02-29T18:29:24.133+0530] {dag.py:3823} INFO - Setting next_dagrun for latest_only to 2024-02-29 08:00:00+00:00, run_after=2024-02-29 12:00:00+00:00
[2024-02-29T18:29:24.170+0530] {processor.py:183} INFO - Processing /home/arun/.local/lib/python3.10/site-packages/airflow/example_dags/example_latest_only.py took 0.094 seconds
[2024-02-29T18:30:25.688+0530] {processor.py:161} INFO - Started process (PID=6487) to work on /home/arun/.local/lib/python3.10/site-packages/airflow/example_dags/example_latest_only.py
[2024-02-29T18:30:25.711+0530] {processor.py:830} INFO - Processing file /home/arun/.local/lib/python3.10/site-packages/airflow/example_dags/example_latest_only.py for tasks to queue
[2024-02-29T18:30:25.712+0530] {logging_mixin.py:188} INFO - [2024-02-29T18:30:25.712+0530] {dagbag.py:538} INFO - Filling up the DagBag from /home/arun/.local/lib/python3.10/site-packages/airflow/example_dags/example_latest_only.py
[2024-02-29T18:30:25.721+0530] {processor.py:840} INFO - DAG(s) 'latest_only' retrieved from /home/arun/.local/lib/python3.10/site-packages/airflow/example_dags/example_latest_only.py
[2024-02-29T18:30:25.741+0530] {logging_mixin.py:188} INFO - [2024-02-29T18:30:25.741+0530] {dag.py:3036} INFO - Sync 1 DAGs
[2024-02-29T18:30:25.771+0530] {logging_mixin.py:188} INFO - [2024-02-29T18:30:25.771+0530] {dag.py:3823} INFO - Setting next_dagrun for latest_only to 2024-02-29 08:00:00+00:00, run_after=2024-02-29 12:00:00+00:00
[2024-02-29T18:30:25.835+0530] {processor.py:183} INFO - Processing /home/arun/.local/lib/python3.10/site-packages/airflow/example_dags/example_latest_only.py took 0.151 seconds
[2024-02-29T18:31:21.342+0530] {processor.py:161} INFO - Started process (PID=6576) to work on /home/arun/.local/lib/python3.10/site-packages/airflow/example_dags/example_latest_only.py
[2024-02-29T18:31:21.344+0530] {processor.py:830} INFO - Processing file /home/arun/.local/lib/python3.10/site-packages/airflow/example_dags/example_latest_only.py for tasks to queue
[2024-02-29T18:31:21.345+0530] {logging_mixin.py:188} INFO - [2024-02-29T18:31:21.344+0530] {dagbag.py:538} INFO - Filling up the DagBag from /home/arun/.local/lib/python3.10/site-packages/airflow/example_dags/example_latest_only.py
[2024-02-29T18:31:21.350+0530] {processor.py:840} INFO - DAG(s) 'latest_only' retrieved from /home/arun/.local/lib/python3.10/site-packages/airflow/example_dags/example_latest_only.py
[2024-02-29T18:31:21.366+0530] {logging_mixin.py:188} INFO - [2024-02-29T18:31:21.366+0530] {dag.py:3036} INFO - Sync 1 DAGs
[2024-02-29T18:31:21.389+0530] {logging_mixin.py:188} INFO - [2024-02-29T18:31:21.389+0530] {dag.py:3823} INFO - Setting next_dagrun for latest_only to 2024-02-29 08:00:00+00:00, run_after=2024-02-29 12:00:00+00:00
[2024-02-29T18:31:21.422+0530] {processor.py:183} INFO - Processing /home/arun/.local/lib/python3.10/site-packages/airflow/example_dags/example_latest_only.py took 0.084 seconds
[2024-02-29T18:32:10.914+0530] {processor.py:161} INFO - Started process (PID=6656) to work on /home/arun/.local/lib/python3.10/site-packages/airflow/example_dags/example_latest_only.py
[2024-02-29T18:32:10.921+0530] {processor.py:830} INFO - Processing file /home/arun/.local/lib/python3.10/site-packages/airflow/example_dags/example_latest_only.py for tasks to queue
[2024-02-29T18:32:10.922+0530] {logging_mixin.py:188} INFO - [2024-02-29T18:32:10.922+0530] {dagbag.py:538} INFO - Filling up the DagBag from /home/arun/.local/lib/python3.10/site-packages/airflow/example_dags/example_latest_only.py
[2024-02-29T18:32:10.977+0530] {processor.py:840} INFO - DAG(s) 'latest_only' retrieved from /home/arun/.local/lib/python3.10/site-packages/airflow/example_dags/example_latest_only.py
[2024-02-29T18:32:11.010+0530] {logging_mixin.py:188} INFO - [2024-02-29T18:32:11.010+0530] {dag.py:3036} INFO - Sync 1 DAGs
[2024-02-29T18:32:11.038+0530] {logging_mixin.py:188} INFO - [2024-02-29T18:32:11.038+0530] {dag.py:3823} INFO - Setting next_dagrun for latest_only to 2024-02-29 08:00:00+00:00, run_after=2024-02-29 12:00:00+00:00
[2024-02-29T18:32:11.080+0530] {processor.py:183} INFO - Processing /home/arun/.local/lib/python3.10/site-packages/airflow/example_dags/example_latest_only.py took 0.171 seconds
[2024-02-29T18:33:03.479+0530] {processor.py:161} INFO - Started process (PID=6745) to work on /home/arun/.local/lib/python3.10/site-packages/airflow/example_dags/example_latest_only.py
[2024-02-29T18:33:03.483+0530] {processor.py:830} INFO - Processing file /home/arun/.local/lib/python3.10/site-packages/airflow/example_dags/example_latest_only.py for tasks to queue
[2024-02-29T18:33:03.488+0530] {logging_mixin.py:188} INFO - [2024-02-29T18:33:03.485+0530] {dagbag.py:538} INFO - Filling up the DagBag from /home/arun/.local/lib/python3.10/site-packages/airflow/example_dags/example_latest_only.py
[2024-02-29T18:33:03.504+0530] {processor.py:840} INFO - DAG(s) 'latest_only' retrieved from /home/arun/.local/lib/python3.10/site-packages/airflow/example_dags/example_latest_only.py
[2024-02-29T18:33:03.550+0530] {logging_mixin.py:188} INFO - [2024-02-29T18:33:03.549+0530] {dag.py:3036} INFO - Sync 1 DAGs
[2024-02-29T18:33:03.602+0530] {logging_mixin.py:188} INFO - [2024-02-29T18:33:03.602+0530] {dag.py:3823} INFO - Setting next_dagrun for latest_only to 2024-02-29 08:00:00+00:00, run_after=2024-02-29 12:00:00+00:00
[2024-02-29T18:33:03.646+0530] {processor.py:183} INFO - Processing /home/arun/.local/lib/python3.10/site-packages/airflow/example_dags/example_latest_only.py took 0.174 seconds
[2024-02-29T18:34:00.073+0530] {processor.py:161} INFO - Started process (PID=6834) to work on /home/arun/.local/lib/python3.10/site-packages/airflow/example_dags/example_latest_only.py
[2024-02-29T18:34:00.076+0530] {processor.py:830} INFO - Processing file /home/arun/.local/lib/python3.10/site-packages/airflow/example_dags/example_latest_only.py for tasks to queue
[2024-02-29T18:34:00.078+0530] {logging_mixin.py:188} INFO - [2024-02-29T18:34:00.077+0530] {dagbag.py:538} INFO - Filling up the DagBag from /home/arun/.local/lib/python3.10/site-packages/airflow/example_dags/example_latest_only.py
[2024-02-29T18:34:00.090+0530] {processor.py:840} INFO - DAG(s) 'latest_only' retrieved from /home/arun/.local/lib/python3.10/site-packages/airflow/example_dags/example_latest_only.py
[2024-02-29T18:34:00.156+0530] {logging_mixin.py:188} INFO - [2024-02-29T18:34:00.151+0530] {dag.py:3036} INFO - Sync 1 DAGs
[2024-02-29T18:34:00.209+0530] {logging_mixin.py:188} INFO - [2024-02-29T18:34:00.209+0530] {dag.py:3823} INFO - Setting next_dagrun for latest_only to 2024-02-29 08:00:00+00:00, run_after=2024-02-29 12:00:00+00:00
[2024-02-29T18:34:00.248+0530] {processor.py:183} INFO - Processing /home/arun/.local/lib/python3.10/site-packages/airflow/example_dags/example_latest_only.py took 0.181 seconds
[2024-02-29T18:34:51.525+0530] {processor.py:161} INFO - Started process (PID=6918) to work on /home/arun/.local/lib/python3.10/site-packages/airflow/example_dags/example_latest_only.py
[2024-02-29T18:34:51.528+0530] {processor.py:830} INFO - Processing file /home/arun/.local/lib/python3.10/site-packages/airflow/example_dags/example_latest_only.py for tasks to queue
[2024-02-29T18:34:51.530+0530] {logging_mixin.py:188} INFO - [2024-02-29T18:34:51.529+0530] {dagbag.py:538} INFO - Filling up the DagBag from /home/arun/.local/lib/python3.10/site-packages/airflow/example_dags/example_latest_only.py
[2024-02-29T18:34:51.538+0530] {processor.py:840} INFO - DAG(s) 'latest_only' retrieved from /home/arun/.local/lib/python3.10/site-packages/airflow/example_dags/example_latest_only.py
[2024-02-29T18:34:51.567+0530] {logging_mixin.py:188} INFO - [2024-02-29T18:34:51.566+0530] {dag.py:3036} INFO - Sync 1 DAGs
[2024-02-29T18:34:51.605+0530] {logging_mixin.py:188} INFO - [2024-02-29T18:34:51.604+0530] {dag.py:3823} INFO - Setting next_dagrun for latest_only to 2024-02-29 08:00:00+00:00, run_after=2024-02-29 12:00:00+00:00
[2024-02-29T18:34:51.636+0530] {processor.py:183} INFO - Processing /home/arun/.local/lib/python3.10/site-packages/airflow/example_dags/example_latest_only.py took 0.116 seconds
[2024-02-29T18:35:46.336+0530] {processor.py:161} INFO - Started process (PID=7003) to work on /home/arun/.local/lib/python3.10/site-packages/airflow/example_dags/example_latest_only.py
[2024-02-29T18:35:46.342+0530] {processor.py:830} INFO - Processing file /home/arun/.local/lib/python3.10/site-packages/airflow/example_dags/example_latest_only.py for tasks to queue
[2024-02-29T18:35:46.348+0530] {logging_mixin.py:188} INFO - [2024-02-29T18:35:46.347+0530] {dagbag.py:538} INFO - Filling up the DagBag from /home/arun/.local/lib/python3.10/site-packages/airflow/example_dags/example_latest_only.py
[2024-02-29T18:35:46.371+0530] {processor.py:840} INFO - DAG(s) 'latest_only' retrieved from /home/arun/.local/lib/python3.10/site-packages/airflow/example_dags/example_latest_only.py
[2024-02-29T18:35:46.420+0530] {logging_mixin.py:188} INFO - [2024-02-29T18:35:46.420+0530] {dag.py:3036} INFO - Sync 1 DAGs
[2024-02-29T18:35:46.469+0530] {logging_mixin.py:188} INFO - [2024-02-29T18:35:46.469+0530] {dag.py:3823} INFO - Setting next_dagrun for latest_only to 2024-02-29 08:00:00+00:00, run_after=2024-02-29 12:00:00+00:00
[2024-02-29T18:35:46.501+0530] {processor.py:183} INFO - Processing /home/arun/.local/lib/python3.10/site-packages/airflow/example_dags/example_latest_only.py took 0.170 seconds
[2024-02-29T18:36:45.442+0530] {processor.py:161} INFO - Started process (PID=7092) to work on /home/arun/.local/lib/python3.10/site-packages/airflow/example_dags/example_latest_only.py
[2024-02-29T18:36:45.446+0530] {processor.py:830} INFO - Processing file /home/arun/.local/lib/python3.10/site-packages/airflow/example_dags/example_latest_only.py for tasks to queue
[2024-02-29T18:36:45.449+0530] {logging_mixin.py:188} INFO - [2024-02-29T18:36:45.447+0530] {dagbag.py:538} INFO - Filling up the DagBag from /home/arun/.local/lib/python3.10/site-packages/airflow/example_dags/example_latest_only.py
[2024-02-29T18:36:45.467+0530] {processor.py:840} INFO - DAG(s) 'latest_only' retrieved from /home/arun/.local/lib/python3.10/site-packages/airflow/example_dags/example_latest_only.py
[2024-02-29T18:36:45.510+0530] {logging_mixin.py:188} INFO - [2024-02-29T18:36:45.509+0530] {dag.py:3036} INFO - Sync 1 DAGs
[2024-02-29T18:36:45.566+0530] {logging_mixin.py:188} INFO - [2024-02-29T18:36:45.565+0530] {dag.py:3823} INFO - Setting next_dagrun for latest_only to 2024-02-29 08:00:00+00:00, run_after=2024-02-29 12:00:00+00:00
[2024-02-29T18:36:45.631+0530] {processor.py:183} INFO - Processing /home/arun/.local/lib/python3.10/site-packages/airflow/example_dags/example_latest_only.py took 0.197 seconds
[2024-02-29T18:37:49.536+0530] {processor.py:161} INFO - Started process (PID=7188) to work on /home/arun/.local/lib/python3.10/site-packages/airflow/example_dags/example_latest_only.py
[2024-02-29T18:37:49.544+0530] {processor.py:830} INFO - Processing file /home/arun/.local/lib/python3.10/site-packages/airflow/example_dags/example_latest_only.py for tasks to queue
[2024-02-29T18:37:49.546+0530] {logging_mixin.py:188} INFO - [2024-02-29T18:37:49.545+0530] {dagbag.py:538} INFO - Filling up the DagBag from /home/arun/.local/lib/python3.10/site-packages/airflow/example_dags/example_latest_only.py
[2024-02-29T18:37:49.660+0530] {processor.py:840} INFO - DAG(s) 'latest_only' retrieved from /home/arun/.local/lib/python3.10/site-packages/airflow/example_dags/example_latest_only.py
[2024-02-29T18:37:49.690+0530] {logging_mixin.py:188} INFO - [2024-02-29T18:37:49.690+0530] {dag.py:3036} INFO - Sync 1 DAGs
[2024-02-29T18:37:49.725+0530] {logging_mixin.py:188} INFO - [2024-02-29T18:37:49.724+0530] {dag.py:3823} INFO - Setting next_dagrun for latest_only to 2024-02-29 08:00:00+00:00, run_after=2024-02-29 12:00:00+00:00
[2024-02-29T18:37:49.781+0530] {processor.py:183} INFO - Processing /home/arun/.local/lib/python3.10/site-packages/airflow/example_dags/example_latest_only.py took 0.253 seconds
[2024-02-29T18:38:48.337+0530] {processor.py:161} INFO - Started process (PID=7368) to work on /home/arun/.local/lib/python3.10/site-packages/airflow/example_dags/example_latest_only.py
[2024-02-29T18:38:48.339+0530] {processor.py:830} INFO - Processing file /home/arun/.local/lib/python3.10/site-packages/airflow/example_dags/example_latest_only.py for tasks to queue
[2024-02-29T18:38:48.340+0530] {logging_mixin.py:188} INFO - [2024-02-29T18:38:48.339+0530] {dagbag.py:538} INFO - Filling up the DagBag from /home/arun/.local/lib/python3.10/site-packages/airflow/example_dags/example_latest_only.py
[2024-02-29T18:38:48.347+0530] {processor.py:840} INFO - DAG(s) 'latest_only' retrieved from /home/arun/.local/lib/python3.10/site-packages/airflow/example_dags/example_latest_only.py
[2024-02-29T18:38:48.368+0530] {logging_mixin.py:188} INFO - [2024-02-29T18:38:48.368+0530] {dag.py:3036} INFO - Sync 1 DAGs
[2024-02-29T18:38:48.403+0530] {logging_mixin.py:188} INFO - [2024-02-29T18:38:48.403+0530] {dag.py:3823} INFO - Setting next_dagrun for latest_only to 2024-02-29 08:00:00+00:00, run_after=2024-02-29 12:00:00+00:00
[2024-02-29T18:38:48.447+0530] {processor.py:183} INFO - Processing /home/arun/.local/lib/python3.10/site-packages/airflow/example_dags/example_latest_only.py took 0.113 seconds
[2024-02-29T18:39:44.398+0530] {processor.py:161} INFO - Started process (PID=7455) to work on /home/arun/.local/lib/python3.10/site-packages/airflow/example_dags/example_latest_only.py
[2024-02-29T18:39:44.400+0530] {processor.py:830} INFO - Processing file /home/arun/.local/lib/python3.10/site-packages/airflow/example_dags/example_latest_only.py for tasks to queue
[2024-02-29T18:39:44.401+0530] {logging_mixin.py:188} INFO - [2024-02-29T18:39:44.401+0530] {dagbag.py:538} INFO - Filling up the DagBag from /home/arun/.local/lib/python3.10/site-packages/airflow/example_dags/example_latest_only.py
[2024-02-29T18:39:44.409+0530] {processor.py:840} INFO - DAG(s) 'latest_only' retrieved from /home/arun/.local/lib/python3.10/site-packages/airflow/example_dags/example_latest_only.py
[2024-02-29T18:39:44.429+0530] {logging_mixin.py:188} INFO - [2024-02-29T18:39:44.428+0530] {dag.py:3036} INFO - Sync 1 DAGs
[2024-02-29T18:39:44.455+0530] {logging_mixin.py:188} INFO - [2024-02-29T18:39:44.454+0530] {dag.py:3823} INFO - Setting next_dagrun for latest_only to 2024-02-29 08:00:00+00:00, run_after=2024-02-29 12:00:00+00:00
[2024-02-29T18:39:44.493+0530] {processor.py:183} INFO - Processing /home/arun/.local/lib/python3.10/site-packages/airflow/example_dags/example_latest_only.py took 0.099 seconds
[2024-02-29T18:40:41.380+0530] {processor.py:161} INFO - Started process (PID=7542) to work on /home/arun/.local/lib/python3.10/site-packages/airflow/example_dags/example_latest_only.py
[2024-02-29T18:40:41.419+0530] {processor.py:830} INFO - Processing file /home/arun/.local/lib/python3.10/site-packages/airflow/example_dags/example_latest_only.py for tasks to queue
[2024-02-29T18:40:41.421+0530] {logging_mixin.py:188} INFO - [2024-02-29T18:40:41.420+0530] {dagbag.py:538} INFO - Filling up the DagBag from /home/arun/.local/lib/python3.10/site-packages/airflow/example_dags/example_latest_only.py
[2024-02-29T18:40:41.432+0530] {processor.py:840} INFO - DAG(s) 'latest_only' retrieved from /home/arun/.local/lib/python3.10/site-packages/airflow/example_dags/example_latest_only.py
[2024-02-29T18:40:41.468+0530] {logging_mixin.py:188} INFO - [2024-02-29T18:40:41.468+0530] {dag.py:3036} INFO - Sync 1 DAGs
[2024-02-29T18:40:41.502+0530] {logging_mixin.py:188} INFO - [2024-02-29T18:40:41.501+0530] {dag.py:3823} INFO - Setting next_dagrun for latest_only to 2024-02-29 08:00:00+00:00, run_after=2024-02-29 12:00:00+00:00
[2024-02-29T18:40:41.548+0530] {processor.py:183} INFO - Processing /home/arun/.local/lib/python3.10/site-packages/airflow/example_dags/example_latest_only.py took 0.172 seconds
[2024-02-29T18:41:38.622+0530] {processor.py:161} INFO - Started process (PID=7643) to work on /home/arun/.local/lib/python3.10/site-packages/airflow/example_dags/example_latest_only.py
[2024-02-29T18:41:38.624+0530] {processor.py:830} INFO - Processing file /home/arun/.local/lib/python3.10/site-packages/airflow/example_dags/example_latest_only.py for tasks to queue
[2024-02-29T18:41:38.626+0530] {logging_mixin.py:188} INFO - [2024-02-29T18:41:38.625+0530] {dagbag.py:538} INFO - Filling up the DagBag from /home/arun/.local/lib/python3.10/site-packages/airflow/example_dags/example_latest_only.py
[2024-02-29T18:41:38.636+0530] {processor.py:840} INFO - DAG(s) 'latest_only' retrieved from /home/arun/.local/lib/python3.10/site-packages/airflow/example_dags/example_latest_only.py
[2024-02-29T18:41:38.665+0530] {logging_mixin.py:188} INFO - [2024-02-29T18:41:38.664+0530] {dag.py:3036} INFO - Sync 1 DAGs
[2024-02-29T18:41:38.705+0530] {logging_mixin.py:188} INFO - [2024-02-29T18:41:38.704+0530] {dag.py:3823} INFO - Setting next_dagrun for latest_only to 2024-02-29 08:00:00+00:00, run_after=2024-02-29 12:00:00+00:00
[2024-02-29T18:41:38.747+0530] {processor.py:183} INFO - Processing /home/arun/.local/lib/python3.10/site-packages/airflow/example_dags/example_latest_only.py took 0.130 seconds
[2024-02-29T18:42:36.719+0530] {processor.py:161} INFO - Started process (PID=7738) to work on /home/arun/.local/lib/python3.10/site-packages/airflow/example_dags/example_latest_only.py
[2024-02-29T18:42:36.721+0530] {processor.py:830} INFO - Processing file /home/arun/.local/lib/python3.10/site-packages/airflow/example_dags/example_latest_only.py for tasks to queue
[2024-02-29T18:42:36.722+0530] {logging_mixin.py:188} INFO - [2024-02-29T18:42:36.722+0530] {dagbag.py:538} INFO - Filling up the DagBag from /home/arun/.local/lib/python3.10/site-packages/airflow/example_dags/example_latest_only.py
[2024-02-29T18:42:36.730+0530] {processor.py:840} INFO - DAG(s) 'latest_only' retrieved from /home/arun/.local/lib/python3.10/site-packages/airflow/example_dags/example_latest_only.py
[2024-02-29T18:42:36.749+0530] {logging_mixin.py:188} INFO - [2024-02-29T18:42:36.749+0530] {dag.py:3036} INFO - Sync 1 DAGs
[2024-02-29T18:42:36.773+0530] {logging_mixin.py:188} INFO - [2024-02-29T18:42:36.773+0530] {dag.py:3823} INFO - Setting next_dagrun for latest_only to 2024-02-29 08:00:00+00:00, run_after=2024-02-29 12:00:00+00:00
[2024-02-29T18:42:36.807+0530] {processor.py:183} INFO - Processing /home/arun/.local/lib/python3.10/site-packages/airflow/example_dags/example_latest_only.py took 0.093 seconds
[2024-02-29T18:43:40.974+0530] {processor.py:161} INFO - Started process (PID=7850) to work on /home/arun/.local/lib/python3.10/site-packages/airflow/example_dags/example_latest_only.py
[2024-02-29T18:43:41.011+0530] {processor.py:830} INFO - Processing file /home/arun/.local/lib/python3.10/site-packages/airflow/example_dags/example_latest_only.py for tasks to queue
[2024-02-29T18:43:41.015+0530] {logging_mixin.py:188} INFO - [2024-02-29T18:43:41.015+0530] {dagbag.py:538} INFO - Filling up the DagBag from /home/arun/.local/lib/python3.10/site-packages/airflow/example_dags/example_latest_only.py
[2024-02-29T18:43:41.032+0530] {processor.py:840} INFO - DAG(s) 'latest_only' retrieved from /home/arun/.local/lib/python3.10/site-packages/airflow/example_dags/example_latest_only.py
[2024-02-29T18:43:41.061+0530] {logging_mixin.py:188} INFO - [2024-02-29T18:43:41.061+0530] {dag.py:3036} INFO - Sync 1 DAGs
[2024-02-29T18:43:41.108+0530] {logging_mixin.py:188} INFO - [2024-02-29T18:43:41.108+0530] {dag.py:3823} INFO - Setting next_dagrun for latest_only to 2024-02-29 08:00:00+00:00, run_after=2024-02-29 12:00:00+00:00
[2024-02-29T18:43:41.202+0530] {processor.py:183} INFO - Processing /home/arun/.local/lib/python3.10/site-packages/airflow/example_dags/example_latest_only.py took 0.231 seconds
[2024-02-29T18:44:41.179+0530] {processor.py:161} INFO - Started process (PID=7941) to work on /home/arun/.local/lib/python3.10/site-packages/airflow/example_dags/example_latest_only.py
[2024-02-29T18:44:41.182+0530] {processor.py:830} INFO - Processing file /home/arun/.local/lib/python3.10/site-packages/airflow/example_dags/example_latest_only.py for tasks to queue
[2024-02-29T18:44:41.184+0530] {logging_mixin.py:188} INFO - [2024-02-29T18:44:41.183+0530] {dagbag.py:538} INFO - Filling up the DagBag from /home/arun/.local/lib/python3.10/site-packages/airflow/example_dags/example_latest_only.py
[2024-02-29T18:44:41.195+0530] {processor.py:840} INFO - DAG(s) 'latest_only' retrieved from /home/arun/.local/lib/python3.10/site-packages/airflow/example_dags/example_latest_only.py
[2024-02-29T18:44:41.239+0530] {logging_mixin.py:188} INFO - [2024-02-29T18:44:41.236+0530] {dag.py:3036} INFO - Sync 1 DAGs
[2024-02-29T18:44:41.284+0530] {logging_mixin.py:188} INFO - [2024-02-29T18:44:41.284+0530] {dag.py:3823} INFO - Setting next_dagrun for latest_only to 2024-02-29 08:00:00+00:00, run_after=2024-02-29 12:00:00+00:00
[2024-02-29T18:44:41.353+0530] {processor.py:183} INFO - Processing /home/arun/.local/lib/python3.10/site-packages/airflow/example_dags/example_latest_only.py took 0.182 seconds
[2024-02-29T18:45:36.125+0530] {processor.py:161} INFO - Started process (PID=8040) to work on /home/arun/.local/lib/python3.10/site-packages/airflow/example_dags/example_latest_only.py
[2024-02-29T18:45:36.128+0530] {processor.py:830} INFO - Processing file /home/arun/.local/lib/python3.10/site-packages/airflow/example_dags/example_latest_only.py for tasks to queue
[2024-02-29T18:45:36.129+0530] {logging_mixin.py:188} INFO - [2024-02-29T18:45:36.129+0530] {dagbag.py:538} INFO - Filling up the DagBag from /home/arun/.local/lib/python3.10/site-packages/airflow/example_dags/example_latest_only.py
[2024-02-29T18:45:36.137+0530] {processor.py:840} INFO - DAG(s) 'latest_only' retrieved from /home/arun/.local/lib/python3.10/site-packages/airflow/example_dags/example_latest_only.py
[2024-02-29T18:45:36.159+0530] {logging_mixin.py:188} INFO - [2024-02-29T18:45:36.159+0530] {dag.py:3036} INFO - Sync 1 DAGs
[2024-02-29T18:45:36.181+0530] {logging_mixin.py:188} INFO - [2024-02-29T18:45:36.181+0530] {dag.py:3823} INFO - Setting next_dagrun for latest_only to 2024-02-29 08:00:00+00:00, run_after=2024-02-29 12:00:00+00:00
[2024-02-29T18:45:36.205+0530] {processor.py:183} INFO - Processing /home/arun/.local/lib/python3.10/site-packages/airflow/example_dags/example_latest_only.py took 0.084 seconds
[2024-02-29T18:46:45.976+0530] {processor.py:161} INFO - Started process (PID=8158) to work on /home/arun/.local/lib/python3.10/site-packages/airflow/example_dags/example_latest_only.py
[2024-02-29T18:46:45.977+0530] {processor.py:830} INFO - Processing file /home/arun/.local/lib/python3.10/site-packages/airflow/example_dags/example_latest_only.py for tasks to queue
[2024-02-29T18:46:45.978+0530] {logging_mixin.py:188} INFO - [2024-02-29T18:46:45.978+0530] {dagbag.py:538} INFO - Filling up the DagBag from /home/arun/.local/lib/python3.10/site-packages/airflow/example_dags/example_latest_only.py
[2024-02-29T18:46:45.984+0530] {processor.py:840} INFO - DAG(s) 'latest_only' retrieved from /home/arun/.local/lib/python3.10/site-packages/airflow/example_dags/example_latest_only.py
[2024-02-29T18:46:46.000+0530] {logging_mixin.py:188} INFO - [2024-02-29T18:46:45.999+0530] {dag.py:3036} INFO - Sync 1 DAGs
[2024-02-29T18:46:46.025+0530] {logging_mixin.py:188} INFO - [2024-02-29T18:46:46.024+0530] {dag.py:3823} INFO - Setting next_dagrun for latest_only to 2024-02-29 08:00:00+00:00, run_after=2024-02-29 12:00:00+00:00
[2024-02-29T18:46:46.057+0530] {processor.py:183} INFO - Processing /home/arun/.local/lib/python3.10/site-packages/airflow/example_dags/example_latest_only.py took 0.084 seconds
[2024-02-29T18:47:38.397+0530] {processor.py:161} INFO - Started process (PID=8242) to work on /home/arun/.local/lib/python3.10/site-packages/airflow/example_dags/example_latest_only.py
[2024-02-29T18:47:38.399+0530] {processor.py:830} INFO - Processing file /home/arun/.local/lib/python3.10/site-packages/airflow/example_dags/example_latest_only.py for tasks to queue
[2024-02-29T18:47:38.400+0530] {logging_mixin.py:188} INFO - [2024-02-29T18:47:38.399+0530] {dagbag.py:538} INFO - Filling up the DagBag from /home/arun/.local/lib/python3.10/site-packages/airflow/example_dags/example_latest_only.py
[2024-02-29T18:47:38.405+0530] {processor.py:840} INFO - DAG(s) 'latest_only' retrieved from /home/arun/.local/lib/python3.10/site-packages/airflow/example_dags/example_latest_only.py
[2024-02-29T18:47:38.419+0530] {logging_mixin.py:188} INFO - [2024-02-29T18:47:38.418+0530] {dag.py:3036} INFO - Sync 1 DAGs
[2024-02-29T18:47:38.441+0530] {logging_mixin.py:188} INFO - [2024-02-29T18:47:38.440+0530] {dag.py:3823} INFO - Setting next_dagrun for latest_only to 2024-02-29 08:00:00+00:00, run_after=2024-02-29 12:00:00+00:00
[2024-02-29T18:47:38.474+0530] {processor.py:183} INFO - Processing /home/arun/.local/lib/python3.10/site-packages/airflow/example_dags/example_latest_only.py took 0.079 seconds
[2024-02-29T18:48:30.383+0530] {processor.py:161} INFO - Started process (PID=8327) to work on /home/arun/.local/lib/python3.10/site-packages/airflow/example_dags/example_latest_only.py
[2024-02-29T18:48:30.385+0530] {processor.py:830} INFO - Processing file /home/arun/.local/lib/python3.10/site-packages/airflow/example_dags/example_latest_only.py for tasks to queue
[2024-02-29T18:48:30.387+0530] {logging_mixin.py:188} INFO - [2024-02-29T18:48:30.386+0530] {dagbag.py:538} INFO - Filling up the DagBag from /home/arun/.local/lib/python3.10/site-packages/airflow/example_dags/example_latest_only.py
[2024-02-29T18:48:30.396+0530] {processor.py:840} INFO - DAG(s) 'latest_only' retrieved from /home/arun/.local/lib/python3.10/site-packages/airflow/example_dags/example_latest_only.py
[2024-02-29T18:48:30.421+0530] {logging_mixin.py:188} INFO - [2024-02-29T18:48:30.421+0530] {dag.py:3036} INFO - Sync 1 DAGs
[2024-02-29T18:48:30.453+0530] {logging_mixin.py:188} INFO - [2024-02-29T18:48:30.453+0530] {dag.py:3823} INFO - Setting next_dagrun for latest_only to 2024-02-29 08:00:00+00:00, run_after=2024-02-29 12:00:00+00:00
[2024-02-29T18:48:30.490+0530] {processor.py:183} INFO - Processing /home/arun/.local/lib/python3.10/site-packages/airflow/example_dags/example_latest_only.py took 0.112 seconds
[2024-02-29T18:49:39.218+0530] {processor.py:161} INFO - Started process (PID=8439) to work on /home/arun/.local/lib/python3.10/site-packages/airflow/example_dags/example_latest_only.py
[2024-02-29T18:49:39.223+0530] {processor.py:830} INFO - Processing file /home/arun/.local/lib/python3.10/site-packages/airflow/example_dags/example_latest_only.py for tasks to queue
[2024-02-29T18:49:39.224+0530] {logging_mixin.py:188} INFO - [2024-02-29T18:49:39.223+0530] {dagbag.py:538} INFO - Filling up the DagBag from /home/arun/.local/lib/python3.10/site-packages/airflow/example_dags/example_latest_only.py
[2024-02-29T18:49:39.230+0530] {processor.py:840} INFO - DAG(s) 'latest_only' retrieved from /home/arun/.local/lib/python3.10/site-packages/airflow/example_dags/example_latest_only.py
[2024-02-29T18:49:39.247+0530] {logging_mixin.py:188} INFO - [2024-02-29T18:49:39.247+0530] {dag.py:3036} INFO - Sync 1 DAGs
[2024-02-29T18:49:39.271+0530] {logging_mixin.py:188} INFO - [2024-02-29T18:49:39.271+0530] {dag.py:3823} INFO - Setting next_dagrun for latest_only to 2024-02-29 08:00:00+00:00, run_after=2024-02-29 12:00:00+00:00
[2024-02-29T18:49:39.301+0530] {processor.py:183} INFO - Processing /home/arun/.local/lib/python3.10/site-packages/airflow/example_dags/example_latest_only.py took 0.087 seconds
[2024-02-29T18:50:27.796+0530] {processor.py:161} INFO - Started process (PID=8519) to work on /home/arun/.local/lib/python3.10/site-packages/airflow/example_dags/example_latest_only.py
[2024-02-29T18:50:27.834+0530] {processor.py:830} INFO - Processing file /home/arun/.local/lib/python3.10/site-packages/airflow/example_dags/example_latest_only.py for tasks to queue
[2024-02-29T18:50:27.835+0530] {logging_mixin.py:188} INFO - [2024-02-29T18:50:27.834+0530] {dagbag.py:538} INFO - Filling up the DagBag from /home/arun/.local/lib/python3.10/site-packages/airflow/example_dags/example_latest_only.py
[2024-02-29T18:50:27.841+0530] {processor.py:840} INFO - DAG(s) 'latest_only' retrieved from /home/arun/.local/lib/python3.10/site-packages/airflow/example_dags/example_latest_only.py
[2024-02-29T18:50:27.862+0530] {logging_mixin.py:188} INFO - [2024-02-29T18:50:27.861+0530] {dag.py:3036} INFO - Sync 1 DAGs
[2024-02-29T18:50:27.892+0530] {logging_mixin.py:188} INFO - [2024-02-29T18:50:27.892+0530] {dag.py:3823} INFO - Setting next_dagrun for latest_only to 2024-02-29 08:00:00+00:00, run_after=2024-02-29 12:00:00+00:00
[2024-02-29T18:50:27.932+0530] {processor.py:183} INFO - Processing /home/arun/.local/lib/python3.10/site-packages/airflow/example_dags/example_latest_only.py took 0.142 seconds
[2024-02-29T18:51:20.848+0530] {processor.py:161} INFO - Started process (PID=8605) to work on /home/arun/.local/lib/python3.10/site-packages/airflow/example_dags/example_latest_only.py
[2024-02-29T18:51:20.850+0530] {processor.py:830} INFO - Processing file /home/arun/.local/lib/python3.10/site-packages/airflow/example_dags/example_latest_only.py for tasks to queue
[2024-02-29T18:51:20.852+0530] {logging_mixin.py:188} INFO - [2024-02-29T18:51:20.851+0530] {dagbag.py:538} INFO - Filling up the DagBag from /home/arun/.local/lib/python3.10/site-packages/airflow/example_dags/example_latest_only.py
[2024-02-29T18:51:20.863+0530] {processor.py:840} INFO - DAG(s) 'latest_only' retrieved from /home/arun/.local/lib/python3.10/site-packages/airflow/example_dags/example_latest_only.py
[2024-02-29T18:51:20.891+0530] {logging_mixin.py:188} INFO - [2024-02-29T18:51:20.891+0530] {dag.py:3036} INFO - Sync 1 DAGs
[2024-02-29T18:51:20.930+0530] {logging_mixin.py:188} INFO - [2024-02-29T18:51:20.929+0530] {dag.py:3823} INFO - Setting next_dagrun for latest_only to 2024-02-29 08:00:00+00:00, run_after=2024-02-29 12:00:00+00:00
[2024-02-29T18:51:20.976+0530] {processor.py:183} INFO - Processing /home/arun/.local/lib/python3.10/site-packages/airflow/example_dags/example_latest_only.py took 0.133 seconds
[2024-02-29T18:52:15.811+0530] {processor.py:161} INFO - Started process (PID=8782) to work on /home/arun/.local/lib/python3.10/site-packages/airflow/example_dags/example_latest_only.py
[2024-02-29T18:52:15.848+0530] {processor.py:830} INFO - Processing file /home/arun/.local/lib/python3.10/site-packages/airflow/example_dags/example_latest_only.py for tasks to queue
[2024-02-29T18:52:15.849+0530] {logging_mixin.py:188} INFO - [2024-02-29T18:52:15.849+0530] {dagbag.py:538} INFO - Filling up the DagBag from /home/arun/.local/lib/python3.10/site-packages/airflow/example_dags/example_latest_only.py
[2024-02-29T18:52:15.856+0530] {processor.py:840} INFO - DAG(s) 'latest_only' retrieved from /home/arun/.local/lib/python3.10/site-packages/airflow/example_dags/example_latest_only.py
[2024-02-29T18:52:15.870+0530] {logging_mixin.py:188} INFO - [2024-02-29T18:52:15.870+0530] {dag.py:3036} INFO - Sync 1 DAGs
[2024-02-29T18:52:15.892+0530] {logging_mixin.py:188} INFO - [2024-02-29T18:52:15.892+0530] {dag.py:3823} INFO - Setting next_dagrun for latest_only to 2024-02-29 08:00:00+00:00, run_after=2024-02-29 12:00:00+00:00
[2024-02-29T18:52:15.919+0530] {processor.py:183} INFO - Processing /home/arun/.local/lib/python3.10/site-packages/airflow/example_dags/example_latest_only.py took 0.112 seconds
[2024-02-29T18:53:08.381+0530] {processor.py:161} INFO - Started process (PID=8864) to work on /home/arun/.local/lib/python3.10/site-packages/airflow/example_dags/example_latest_only.py
[2024-02-29T18:53:08.384+0530] {processor.py:830} INFO - Processing file /home/arun/.local/lib/python3.10/site-packages/airflow/example_dags/example_latest_only.py for tasks to queue
[2024-02-29T18:53:08.385+0530] {logging_mixin.py:188} INFO - [2024-02-29T18:53:08.384+0530] {dagbag.py:538} INFO - Filling up the DagBag from /home/arun/.local/lib/python3.10/site-packages/airflow/example_dags/example_latest_only.py
[2024-02-29T18:53:08.394+0530] {processor.py:840} INFO - DAG(s) 'latest_only' retrieved from /home/arun/.local/lib/python3.10/site-packages/airflow/example_dags/example_latest_only.py
[2024-02-29T18:53:08.422+0530] {logging_mixin.py:188} INFO - [2024-02-29T18:53:08.421+0530] {dag.py:3036} INFO - Sync 1 DAGs
[2024-02-29T18:53:08.458+0530] {logging_mixin.py:188} INFO - [2024-02-29T18:53:08.458+0530] {dag.py:3823} INFO - Setting next_dagrun for latest_only to 2024-02-29 08:00:00+00:00, run_after=2024-02-29 12:00:00+00:00
[2024-02-29T18:53:08.500+0530] {processor.py:183} INFO - Processing /home/arun/.local/lib/python3.10/site-packages/airflow/example_dags/example_latest_only.py took 0.124 seconds
[2024-02-29T18:54:00.163+0530] {processor.py:161} INFO - Started process (PID=8945) to work on /home/arun/.local/lib/python3.10/site-packages/airflow/example_dags/example_latest_only.py
[2024-02-29T18:54:00.165+0530] {processor.py:830} INFO - Processing file /home/arun/.local/lib/python3.10/site-packages/airflow/example_dags/example_latest_only.py for tasks to queue
[2024-02-29T18:54:00.166+0530] {logging_mixin.py:188} INFO - [2024-02-29T18:54:00.165+0530] {dagbag.py:538} INFO - Filling up the DagBag from /home/arun/.local/lib/python3.10/site-packages/airflow/example_dags/example_latest_only.py
[2024-02-29T18:54:00.175+0530] {processor.py:840} INFO - DAG(s) 'latest_only' retrieved from /home/arun/.local/lib/python3.10/site-packages/airflow/example_dags/example_latest_only.py
[2024-02-29T18:54:00.201+0530] {logging_mixin.py:188} INFO - [2024-02-29T18:54:00.200+0530] {dag.py:3036} INFO - Sync 1 DAGs
[2024-02-29T18:54:00.248+0530] {logging_mixin.py:188} INFO - [2024-02-29T18:54:00.247+0530] {dag.py:3823} INFO - Setting next_dagrun for latest_only to 2024-02-29 08:00:00+00:00, run_after=2024-02-29 12:00:00+00:00
[2024-02-29T18:54:00.300+0530] {processor.py:183} INFO - Processing /home/arun/.local/lib/python3.10/site-packages/airflow/example_dags/example_latest_only.py took 0.142 seconds
[2024-02-29T18:54:50.614+0530] {processor.py:161} INFO - Started process (PID=9216) to work on /home/arun/.local/lib/python3.10/site-packages/airflow/example_dags/example_latest_only.py
[2024-02-29T18:54:50.616+0530] {processor.py:830} INFO - Processing file /home/arun/.local/lib/python3.10/site-packages/airflow/example_dags/example_latest_only.py for tasks to queue
[2024-02-29T18:54:50.617+0530] {logging_mixin.py:188} INFO - [2024-02-29T18:54:50.617+0530] {dagbag.py:538} INFO - Filling up the DagBag from /home/arun/.local/lib/python3.10/site-packages/airflow/example_dags/example_latest_only.py
[2024-02-29T18:54:50.626+0530] {processor.py:840} INFO - DAG(s) 'latest_only' retrieved from /home/arun/.local/lib/python3.10/site-packages/airflow/example_dags/example_latest_only.py
[2024-02-29T18:54:50.656+0530] {logging_mixin.py:188} INFO - [2024-02-29T18:54:50.655+0530] {dag.py:3036} INFO - Sync 1 DAGs
[2024-02-29T18:54:50.691+0530] {logging_mixin.py:188} INFO - [2024-02-29T18:54:50.690+0530] {dag.py:3823} INFO - Setting next_dagrun for latest_only to 2024-02-29 08:00:00+00:00, run_after=2024-02-29 12:00:00+00:00
[2024-02-29T18:54:50.735+0530] {processor.py:183} INFO - Processing /home/arun/.local/lib/python3.10/site-packages/airflow/example_dags/example_latest_only.py took 0.126 seconds
[2024-02-29T18:55:44.084+0530] {processor.py:161} INFO - Started process (PID=9360) to work on /home/arun/.local/lib/python3.10/site-packages/airflow/example_dags/example_latest_only.py
[2024-02-29T18:55:44.086+0530] {processor.py:830} INFO - Processing file /home/arun/.local/lib/python3.10/site-packages/airflow/example_dags/example_latest_only.py for tasks to queue
[2024-02-29T18:55:44.087+0530] {logging_mixin.py:188} INFO - [2024-02-29T18:55:44.087+0530] {dagbag.py:538} INFO - Filling up the DagBag from /home/arun/.local/lib/python3.10/site-packages/airflow/example_dags/example_latest_only.py
[2024-02-29T18:55:44.097+0530] {processor.py:840} INFO - DAG(s) 'latest_only' retrieved from /home/arun/.local/lib/python3.10/site-packages/airflow/example_dags/example_latest_only.py
[2024-02-29T18:55:44.127+0530] {logging_mixin.py:188} INFO - [2024-02-29T18:55:44.127+0530] {dag.py:3036} INFO - Sync 1 DAGs
[2024-02-29T18:55:44.175+0530] {logging_mixin.py:188} INFO - [2024-02-29T18:55:44.174+0530] {dag.py:3823} INFO - Setting next_dagrun for latest_only to 2024-02-29 08:00:00+00:00, run_after=2024-02-29 12:00:00+00:00
[2024-02-29T18:55:44.245+0530] {processor.py:183} INFO - Processing /home/arun/.local/lib/python3.10/site-packages/airflow/example_dags/example_latest_only.py took 0.165 seconds
[2024-02-29T18:56:44.405+0530] {processor.py:161} INFO - Started process (PID=9476) to work on /home/arun/.local/lib/python3.10/site-packages/airflow/example_dags/example_latest_only.py
[2024-02-29T18:56:44.407+0530] {processor.py:830} INFO - Processing file /home/arun/.local/lib/python3.10/site-packages/airflow/example_dags/example_latest_only.py for tasks to queue
[2024-02-29T18:56:44.409+0530] {logging_mixin.py:188} INFO - [2024-02-29T18:56:44.408+0530] {dagbag.py:538} INFO - Filling up the DagBag from /home/arun/.local/lib/python3.10/site-packages/airflow/example_dags/example_latest_only.py
[2024-02-29T18:56:44.417+0530] {processor.py:840} INFO - DAG(s) 'latest_only' retrieved from /home/arun/.local/lib/python3.10/site-packages/airflow/example_dags/example_latest_only.py
[2024-02-29T18:56:44.439+0530] {logging_mixin.py:188} INFO - [2024-02-29T18:56:44.439+0530] {dag.py:3036} INFO - Sync 1 DAGs
[2024-02-29T18:56:44.467+0530] {logging_mixin.py:188} INFO - [2024-02-29T18:56:44.467+0530] {dag.py:3823} INFO - Setting next_dagrun for latest_only to 2024-02-29 08:00:00+00:00, run_after=2024-02-29 12:00:00+00:00
[2024-02-29T18:56:44.502+0530] {processor.py:183} INFO - Processing /home/arun/.local/lib/python3.10/site-packages/airflow/example_dags/example_latest_only.py took 0.102 seconds
[2024-02-29T18:57:40.364+0530] {processor.py:161} INFO - Started process (PID=9574) to work on /home/arun/.local/lib/python3.10/site-packages/airflow/example_dags/example_latest_only.py
[2024-02-29T18:57:40.405+0530] {processor.py:830} INFO - Processing file /home/arun/.local/lib/python3.10/site-packages/airflow/example_dags/example_latest_only.py for tasks to queue
[2024-02-29T18:57:40.408+0530] {logging_mixin.py:188} INFO - [2024-02-29T18:57:40.407+0530] {dagbag.py:538} INFO - Filling up the DagBag from /home/arun/.local/lib/python3.10/site-packages/airflow/example_dags/example_latest_only.py
[2024-02-29T18:57:40.441+0530] {processor.py:840} INFO - DAG(s) 'latest_only' retrieved from /home/arun/.local/lib/python3.10/site-packages/airflow/example_dags/example_latest_only.py
[2024-02-29T18:57:40.510+0530] {logging_mixin.py:188} INFO - [2024-02-29T18:57:40.510+0530] {dag.py:3036} INFO - Sync 1 DAGs
[2024-02-29T18:57:40.549+0530] {logging_mixin.py:188} INFO - [2024-02-29T18:57:40.548+0530] {dag.py:3823} INFO - Setting next_dagrun for latest_only to 2024-02-29 08:00:00+00:00, run_after=2024-02-29 12:00:00+00:00
[2024-02-29T18:57:40.624+0530] {processor.py:183} INFO - Processing /home/arun/.local/lib/python3.10/site-packages/airflow/example_dags/example_latest_only.py took 0.269 seconds
[2024-02-29T18:58:36.825+0530] {processor.py:161} INFO - Started process (PID=9662) to work on /home/arun/.local/lib/python3.10/site-packages/airflow/example_dags/example_latest_only.py
[2024-02-29T18:58:36.859+0530] {processor.py:830} INFO - Processing file /home/arun/.local/lib/python3.10/site-packages/airflow/example_dags/example_latest_only.py for tasks to queue
[2024-02-29T18:58:36.861+0530] {logging_mixin.py:188} INFO - [2024-02-29T18:58:36.860+0530] {dagbag.py:538} INFO - Filling up the DagBag from /home/arun/.local/lib/python3.10/site-packages/airflow/example_dags/example_latest_only.py
[2024-02-29T18:58:36.885+0530] {processor.py:840} INFO - DAG(s) 'latest_only' retrieved from /home/arun/.local/lib/python3.10/site-packages/airflow/example_dags/example_latest_only.py
[2024-02-29T18:58:36.950+0530] {logging_mixin.py:188} INFO - [2024-02-29T18:58:36.949+0530] {dag.py:3036} INFO - Sync 1 DAGs
[2024-02-29T18:58:36.994+0530] {logging_mixin.py:188} INFO - [2024-02-29T18:58:36.994+0530] {dag.py:3823} INFO - Setting next_dagrun for latest_only to 2024-02-29 08:00:00+00:00, run_after=2024-02-29 12:00:00+00:00
[2024-02-29T18:58:37.114+0530] {processor.py:183} INFO - Processing /home/arun/.local/lib/python3.10/site-packages/airflow/example_dags/example_latest_only.py took 0.294 seconds
[2024-02-29T18:59:35.529+0530] {processor.py:161} INFO - Started process (PID=9776) to work on /home/arun/.local/lib/python3.10/site-packages/airflow/example_dags/example_latest_only.py
[2024-02-29T18:59:35.562+0530] {processor.py:830} INFO - Processing file /home/arun/.local/lib/python3.10/site-packages/airflow/example_dags/example_latest_only.py for tasks to queue
[2024-02-29T18:59:35.563+0530] {logging_mixin.py:188} INFO - [2024-02-29T18:59:35.562+0530] {dagbag.py:538} INFO - Filling up the DagBag from /home/arun/.local/lib/python3.10/site-packages/airflow/example_dags/example_latest_only.py
[2024-02-29T18:59:35.568+0530] {processor.py:840} INFO - DAG(s) 'latest_only' retrieved from /home/arun/.local/lib/python3.10/site-packages/airflow/example_dags/example_latest_only.py
[2024-02-29T18:59:35.601+0530] {logging_mixin.py:188} INFO - [2024-02-29T18:59:35.601+0530] {dag.py:3036} INFO - Sync 1 DAGs
[2024-02-29T18:59:35.629+0530] {logging_mixin.py:188} INFO - [2024-02-29T18:59:35.629+0530] {dag.py:3823} INFO - Setting next_dagrun for latest_only to 2024-02-29 08:00:00+00:00, run_after=2024-02-29 12:00:00+00:00
[2024-02-29T18:59:35.663+0530] {processor.py:183} INFO - Processing /home/arun/.local/lib/python3.10/site-packages/airflow/example_dags/example_latest_only.py took 0.149 seconds
[2024-02-29T19:00:27.965+0530] {processor.py:161} INFO - Started process (PID=9862) to work on /home/arun/.local/lib/python3.10/site-packages/airflow/example_dags/example_latest_only.py
[2024-02-29T19:00:27.967+0530] {processor.py:830} INFO - Processing file /home/arun/.local/lib/python3.10/site-packages/airflow/example_dags/example_latest_only.py for tasks to queue
[2024-02-29T19:00:27.968+0530] {logging_mixin.py:188} INFO - [2024-02-29T19:00:27.967+0530] {dagbag.py:538} INFO - Filling up the DagBag from /home/arun/.local/lib/python3.10/site-packages/airflow/example_dags/example_latest_only.py
[2024-02-29T19:00:27.975+0530] {processor.py:840} INFO - DAG(s) 'latest_only' retrieved from /home/arun/.local/lib/python3.10/site-packages/airflow/example_dags/example_latest_only.py
[2024-02-29T19:00:27.994+0530] {logging_mixin.py:188} INFO - [2024-02-29T19:00:27.994+0530] {dag.py:3036} INFO - Sync 1 DAGs
[2024-02-29T19:00:28.017+0530] {logging_mixin.py:188} INFO - [2024-02-29T19:00:28.017+0530] {dag.py:3823} INFO - Setting next_dagrun for latest_only to 2024-02-29 08:00:00+00:00, run_after=2024-02-29 12:00:00+00:00
[2024-02-29T19:00:28.044+0530] {processor.py:183} INFO - Processing /home/arun/.local/lib/python3.10/site-packages/airflow/example_dags/example_latest_only.py took 0.083 seconds
[2024-02-29T19:01:19.535+0530] {processor.py:161} INFO - Started process (PID=9949) to work on /home/arun/.local/lib/python3.10/site-packages/airflow/example_dags/example_latest_only.py
[2024-02-29T19:01:19.537+0530] {processor.py:830} INFO - Processing file /home/arun/.local/lib/python3.10/site-packages/airflow/example_dags/example_latest_only.py for tasks to queue
[2024-02-29T19:01:19.538+0530] {logging_mixin.py:188} INFO - [2024-02-29T19:01:19.538+0530] {dagbag.py:538} INFO - Filling up the DagBag from /home/arun/.local/lib/python3.10/site-packages/airflow/example_dags/example_latest_only.py
[2024-02-29T19:01:19.547+0530] {processor.py:840} INFO - DAG(s) 'latest_only' retrieved from /home/arun/.local/lib/python3.10/site-packages/airflow/example_dags/example_latest_only.py
[2024-02-29T19:01:19.565+0530] {logging_mixin.py:188} INFO - [2024-02-29T19:01:19.565+0530] {dag.py:3036} INFO - Sync 1 DAGs
[2024-02-29T19:01:19.585+0530] {logging_mixin.py:188} INFO - [2024-02-29T19:01:19.585+0530] {dag.py:3823} INFO - Setting next_dagrun for latest_only to 2024-02-29 08:00:00+00:00, run_after=2024-02-29 12:00:00+00:00
[2024-02-29T19:01:19.613+0530] {processor.py:183} INFO - Processing /home/arun/.local/lib/python3.10/site-packages/airflow/example_dags/example_latest_only.py took 0.082 seconds
[2024-02-29T19:02:11.749+0530] {processor.py:161} INFO - Started process (PID=10033) to work on /home/arun/.local/lib/python3.10/site-packages/airflow/example_dags/example_latest_only.py
[2024-02-29T19:02:11.752+0530] {processor.py:830} INFO - Processing file /home/arun/.local/lib/python3.10/site-packages/airflow/example_dags/example_latest_only.py for tasks to queue
[2024-02-29T19:02:11.754+0530] {logging_mixin.py:188} INFO - [2024-02-29T19:02:11.753+0530] {dagbag.py:538} INFO - Filling up the DagBag from /home/arun/.local/lib/python3.10/site-packages/airflow/example_dags/example_latest_only.py
[2024-02-29T19:02:11.761+0530] {processor.py:840} INFO - DAG(s) 'latest_only' retrieved from /home/arun/.local/lib/python3.10/site-packages/airflow/example_dags/example_latest_only.py
[2024-02-29T19:02:11.778+0530] {logging_mixin.py:188} INFO - [2024-02-29T19:02:11.778+0530] {dag.py:3036} INFO - Sync 1 DAGs
[2024-02-29T19:02:11.802+0530] {logging_mixin.py:188} INFO - [2024-02-29T19:02:11.802+0530] {dag.py:3823} INFO - Setting next_dagrun for latest_only to 2024-02-29 08:00:00+00:00, run_after=2024-02-29 12:00:00+00:00
[2024-02-29T19:02:11.834+0530] {processor.py:183} INFO - Processing /home/arun/.local/lib/python3.10/site-packages/airflow/example_dags/example_latest_only.py took 0.089 seconds
[2024-02-29T19:03:02.773+0530] {processor.py:161} INFO - Started process (PID=10114) to work on /home/arun/.local/lib/python3.10/site-packages/airflow/example_dags/example_latest_only.py
[2024-02-29T19:03:02.774+0530] {processor.py:830} INFO - Processing file /home/arun/.local/lib/python3.10/site-packages/airflow/example_dags/example_latest_only.py for tasks to queue
[2024-02-29T19:03:02.775+0530] {logging_mixin.py:188} INFO - [2024-02-29T19:03:02.775+0530] {dagbag.py:538} INFO - Filling up the DagBag from /home/arun/.local/lib/python3.10/site-packages/airflow/example_dags/example_latest_only.py
[2024-02-29T19:03:02.781+0530] {processor.py:840} INFO - DAG(s) 'latest_only' retrieved from /home/arun/.local/lib/python3.10/site-packages/airflow/example_dags/example_latest_only.py
[2024-02-29T19:03:02.799+0530] {logging_mixin.py:188} INFO - [2024-02-29T19:03:02.799+0530] {dag.py:3036} INFO - Sync 1 DAGs
[2024-02-29T19:03:02.821+0530] {logging_mixin.py:188} INFO - [2024-02-29T19:03:02.821+0530] {dag.py:3823} INFO - Setting next_dagrun for latest_only to 2024-02-29 08:00:00+00:00, run_after=2024-02-29 12:00:00+00:00
[2024-02-29T19:03:02.850+0530] {processor.py:183} INFO - Processing /home/arun/.local/lib/python3.10/site-packages/airflow/example_dags/example_latest_only.py took 0.080 seconds
[2024-02-29T19:03:51.801+0530] {processor.py:161} INFO - Started process (PID=10193) to work on /home/arun/.local/lib/python3.10/site-packages/airflow/example_dags/example_latest_only.py
[2024-02-29T19:03:51.803+0530] {processor.py:830} INFO - Processing file /home/arun/.local/lib/python3.10/site-packages/airflow/example_dags/example_latest_only.py for tasks to queue
[2024-02-29T19:03:51.804+0530] {logging_mixin.py:188} INFO - [2024-02-29T19:03:51.804+0530] {dagbag.py:538} INFO - Filling up the DagBag from /home/arun/.local/lib/python3.10/site-packages/airflow/example_dags/example_latest_only.py
[2024-02-29T19:03:51.813+0530] {processor.py:840} INFO - DAG(s) 'latest_only' retrieved from /home/arun/.local/lib/python3.10/site-packages/airflow/example_dags/example_latest_only.py
[2024-02-29T19:03:51.841+0530] {logging_mixin.py:188} INFO - [2024-02-29T19:03:51.841+0530] {dag.py:3036} INFO - Sync 1 DAGs
[2024-02-29T19:03:51.887+0530] {logging_mixin.py:188} INFO - [2024-02-29T19:03:51.886+0530] {dag.py:3823} INFO - Setting next_dagrun for latest_only to 2024-02-29 08:00:00+00:00, run_after=2024-02-29 12:00:00+00:00
[2024-02-29T19:03:51.941+0530] {processor.py:183} INFO - Processing /home/arun/.local/lib/python3.10/site-packages/airflow/example_dags/example_latest_only.py took 0.145 seconds
[2024-02-29T19:05:06.310+0530] {processor.py:161} INFO - Started process (PID=10340) to work on /home/arun/.local/lib/python3.10/site-packages/airflow/example_dags/example_latest_only.py
[2024-02-29T19:05:06.346+0530] {processor.py:830} INFO - Processing file /home/arun/.local/lib/python3.10/site-packages/airflow/example_dags/example_latest_only.py for tasks to queue
[2024-02-29T19:05:06.348+0530] {logging_mixin.py:188} INFO - [2024-02-29T19:05:06.347+0530] {dagbag.py:538} INFO - Filling up the DagBag from /home/arun/.local/lib/python3.10/site-packages/airflow/example_dags/example_latest_only.py
[2024-02-29T19:05:06.364+0530] {processor.py:840} INFO - DAG(s) 'latest_only' retrieved from /home/arun/.local/lib/python3.10/site-packages/airflow/example_dags/example_latest_only.py
[2024-02-29T19:05:06.397+0530] {logging_mixin.py:188} INFO - [2024-02-29T19:05:06.397+0530] {dag.py:3036} INFO - Sync 1 DAGs
[2024-02-29T19:05:06.433+0530] {logging_mixin.py:188} INFO - [2024-02-29T19:05:06.433+0530] {dag.py:3823} INFO - Setting next_dagrun for latest_only to 2024-02-29 08:00:00+00:00, run_after=2024-02-29 12:00:00+00:00
[2024-02-29T19:05:06.469+0530] {processor.py:183} INFO - Processing /home/arun/.local/lib/python3.10/site-packages/airflow/example_dags/example_latest_only.py took 0.164 seconds
[2024-02-29T19:06:24.406+0530] {processor.py:161} INFO - Started process (PID=10630) to work on /home/arun/.local/lib/python3.10/site-packages/airflow/example_dags/example_latest_only.py
[2024-02-29T19:06:24.489+0530] {processor.py:830} INFO - Processing file /home/arun/.local/lib/python3.10/site-packages/airflow/example_dags/example_latest_only.py for tasks to queue
[2024-02-29T19:06:24.494+0530] {logging_mixin.py:188} INFO - [2024-02-29T19:06:24.494+0530] {dagbag.py:538} INFO - Filling up the DagBag from /home/arun/.local/lib/python3.10/site-packages/airflow/example_dags/example_latest_only.py
[2024-02-29T19:06:24.533+0530] {processor.py:840} INFO - DAG(s) 'latest_only' retrieved from /home/arun/.local/lib/python3.10/site-packages/airflow/example_dags/example_latest_only.py
[2024-02-29T19:06:24.611+0530] {logging_mixin.py:188} INFO - [2024-02-29T19:06:24.611+0530] {dag.py:3036} INFO - Sync 1 DAGs
[2024-02-29T19:06:24.720+0530] {logging_mixin.py:188} INFO - [2024-02-29T19:06:24.716+0530] {dag.py:3823} INFO - Setting next_dagrun for latest_only to 2024-02-29 08:00:00+00:00, run_after=2024-02-29 12:00:00+00:00
[2024-02-29T19:06:25.137+0530] {processor.py:183} INFO - Processing /home/arun/.local/lib/python3.10/site-packages/airflow/example_dags/example_latest_only.py took 0.747 seconds
