[2024-02-29T18:15:22.291+0530] {processor.py:161} INFO - Started process (PID=5179) to work on /home/arun/.local/lib/python3.10/site-packages/airflow/example_dags/example_task_group_decorator.py
[2024-02-29T18:15:22.292+0530] {processor.py:830} INFO - Processing file /home/arun/.local/lib/python3.10/site-packages/airflow/example_dags/example_task_group_decorator.py for tasks to queue
[2024-02-29T18:15:22.294+0530] {logging_mixin.py:188} INFO - [2024-02-29T18:15:22.293+0530] {dagbag.py:538} INFO - Filling up the DagBag from /home/arun/.local/lib/python3.10/site-packages/airflow/example_dags/example_task_group_decorator.py
[2024-02-29T18:15:22.341+0530] {processor.py:840} INFO - DAG(s) 'example_task_group_decorator' retrieved from /home/arun/.local/lib/python3.10/site-packages/airflow/example_dags/example_task_group_decorator.py
[2024-02-29T18:15:22.501+0530] {logging_mixin.py:188} INFO - [2024-02-29T18:15:22.501+0530] {dag.py:3036} INFO - Sync 1 DAGs
[2024-02-29T18:15:22.640+0530] {logging_mixin.py:188} INFO - [2024-02-29T18:15:22.640+0530] {dag.py:3823} INFO - Setting next_dagrun for example_task_group_decorator to 2024-02-28 00:00:00+00:00, run_after=2024-02-29 00:00:00+00:00
[2024-02-29T18:15:22.721+0530] {processor.py:183} INFO - Processing /home/arun/.local/lib/python3.10/site-packages/airflow/example_dags/example_task_group_decorator.py took 0.446 seconds
[2024-02-29T18:16:45.160+0530] {processor.py:161} INFO - Started process (PID=5233) to work on /home/arun/.local/lib/python3.10/site-packages/airflow/example_dags/example_task_group_decorator.py
[2024-02-29T18:16:45.163+0530] {processor.py:830} INFO - Processing file /home/arun/.local/lib/python3.10/site-packages/airflow/example_dags/example_task_group_decorator.py for tasks to queue
[2024-02-29T18:16:45.166+0530] {logging_mixin.py:188} INFO - [2024-02-29T18:16:45.165+0530] {dagbag.py:538} INFO - Filling up the DagBag from /home/arun/.local/lib/python3.10/site-packages/airflow/example_dags/example_task_group_decorator.py
[2024-02-29T18:16:45.321+0530] {processor.py:840} INFO - DAG(s) 'example_task_group_decorator' retrieved from /home/arun/.local/lib/python3.10/site-packages/airflow/example_dags/example_task_group_decorator.py
[2024-02-29T18:16:45.361+0530] {logging_mixin.py:188} INFO - [2024-02-29T18:16:45.360+0530] {dag.py:3036} INFO - Sync 1 DAGs
[2024-02-29T18:16:45.507+0530] {logging_mixin.py:188} INFO - [2024-02-29T18:16:45.473+0530] {dag.py:3823} INFO - Setting next_dagrun for example_task_group_decorator to 2024-02-28 00:00:00+00:00, run_after=2024-02-29 00:00:00+00:00
[2024-02-29T18:16:45.696+0530] {processor.py:183} INFO - Processing /home/arun/.local/lib/python3.10/site-packages/airflow/example_dags/example_task_group_decorator.py took 0.543 seconds
[2024-02-29T18:17:40.810+0530] {processor.py:161} INFO - Started process (PID=5277) to work on /home/arun/.local/lib/python3.10/site-packages/airflow/example_dags/example_task_group_decorator.py
[2024-02-29T18:17:40.820+0530] {processor.py:830} INFO - Processing file /home/arun/.local/lib/python3.10/site-packages/airflow/example_dags/example_task_group_decorator.py for tasks to queue
[2024-02-29T18:17:40.824+0530] {logging_mixin.py:188} INFO - [2024-02-29T18:17:40.824+0530] {dagbag.py:538} INFO - Filling up the DagBag from /home/arun/.local/lib/python3.10/site-packages/airflow/example_dags/example_task_group_decorator.py
[2024-02-29T18:17:40.884+0530] {processor.py:840} INFO - DAG(s) 'example_task_group_decorator' retrieved from /home/arun/.local/lib/python3.10/site-packages/airflow/example_dags/example_task_group_decorator.py
[2024-02-29T18:17:40.946+0530] {logging_mixin.py:188} INFO - [2024-02-29T18:17:40.946+0530] {dag.py:3036} INFO - Sync 1 DAGs
[2024-02-29T18:17:41.268+0530] {logging_mixin.py:188} INFO - [2024-02-29T18:17:41.268+0530] {dag.py:3823} INFO - Setting next_dagrun for example_task_group_decorator to 2024-02-28 00:00:00+00:00, run_after=2024-02-29 00:00:00+00:00
[2024-02-29T18:17:41.453+0530] {processor.py:183} INFO - Processing /home/arun/.local/lib/python3.10/site-packages/airflow/example_dags/example_task_group_decorator.py took 0.656 seconds
[2024-02-29T18:18:29.782+0530] {processor.py:161} INFO - Started process (PID=5372) to work on /home/arun/.local/lib/python3.10/site-packages/airflow/example_dags/example_task_group_decorator.py
[2024-02-29T18:18:29.836+0530] {processor.py:830} INFO - Processing file /home/arun/.local/lib/python3.10/site-packages/airflow/example_dags/example_task_group_decorator.py for tasks to queue
[2024-02-29T18:18:29.838+0530] {logging_mixin.py:188} INFO - [2024-02-29T18:18:29.837+0530] {dagbag.py:538} INFO - Filling up the DagBag from /home/arun/.local/lib/python3.10/site-packages/airflow/example_dags/example_task_group_decorator.py
[2024-02-29T18:18:29.874+0530] {processor.py:840} INFO - DAG(s) 'example_task_group_decorator' retrieved from /home/arun/.local/lib/python3.10/site-packages/airflow/example_dags/example_task_group_decorator.py
[2024-02-29T18:18:29.925+0530] {logging_mixin.py:188} INFO - [2024-02-29T18:18:29.925+0530] {dag.py:3036} INFO - Sync 1 DAGs
[2024-02-29T18:18:29.978+0530] {logging_mixin.py:188} INFO - [2024-02-29T18:18:29.977+0530] {dag.py:3823} INFO - Setting next_dagrun for example_task_group_decorator to 2024-02-28 00:00:00+00:00, run_after=2024-02-29 00:00:00+00:00
[2024-02-29T18:18:30.156+0530] {processor.py:183} INFO - Processing /home/arun/.local/lib/python3.10/site-packages/airflow/example_dags/example_task_group_decorator.py took 0.381 seconds
[2024-02-29T18:20:29.916+0530] {processor.py:161} INFO - Started process (PID=5479) to work on /home/arun/.local/lib/python3.10/site-packages/airflow/example_dags/example_task_group_decorator.py
[2024-02-29T18:20:29.921+0530] {processor.py:830} INFO - Processing file /home/arun/.local/lib/python3.10/site-packages/airflow/example_dags/example_task_group_decorator.py for tasks to queue
[2024-02-29T18:20:29.923+0530] {logging_mixin.py:188} INFO - [2024-02-29T18:20:29.922+0530] {dagbag.py:538} INFO - Filling up the DagBag from /home/arun/.local/lib/python3.10/site-packages/airflow/example_dags/example_task_group_decorator.py
[2024-02-29T18:20:29.979+0530] {processor.py:840} INFO - DAG(s) 'example_task_group_decorator' retrieved from /home/arun/.local/lib/python3.10/site-packages/airflow/example_dags/example_task_group_decorator.py
[2024-02-29T18:20:30.026+0530] {logging_mixin.py:188} INFO - [2024-02-29T18:20:30.025+0530] {dag.py:3036} INFO - Sync 1 DAGs
[2024-02-29T18:20:30.099+0530] {logging_mixin.py:188} INFO - [2024-02-29T18:20:30.098+0530] {dag.py:3823} INFO - Setting next_dagrun for example_task_group_decorator to 2024-02-28 00:00:00+00:00, run_after=2024-02-29 00:00:00+00:00
[2024-02-29T18:20:30.157+0530] {processor.py:183} INFO - Processing /home/arun/.local/lib/python3.10/site-packages/airflow/example_dags/example_task_group_decorator.py took 0.247 seconds
[2024-02-29T18:21:41.596+0530] {processor.py:161} INFO - Started process (PID=5625) to work on /home/arun/.local/lib/python3.10/site-packages/airflow/example_dags/example_task_group_decorator.py
[2024-02-29T18:21:41.597+0530] {processor.py:830} INFO - Processing file /home/arun/.local/lib/python3.10/site-packages/airflow/example_dags/example_task_group_decorator.py for tasks to queue
[2024-02-29T18:21:41.598+0530] {logging_mixin.py:188} INFO - [2024-02-29T18:21:41.598+0530] {dagbag.py:538} INFO - Filling up the DagBag from /home/arun/.local/lib/python3.10/site-packages/airflow/example_dags/example_task_group_decorator.py
[2024-02-29T18:21:41.613+0530] {processor.py:840} INFO - DAG(s) 'example_task_group_decorator' retrieved from /home/arun/.local/lib/python3.10/site-packages/airflow/example_dags/example_task_group_decorator.py
[2024-02-29T18:21:41.635+0530] {logging_mixin.py:188} INFO - [2024-02-29T18:21:41.635+0530] {dag.py:3036} INFO - Sync 1 DAGs
[2024-02-29T18:21:41.660+0530] {logging_mixin.py:188} INFO - [2024-02-29T18:21:41.660+0530] {dag.py:3823} INFO - Setting next_dagrun for example_task_group_decorator to 2024-02-28 00:00:00+00:00, run_after=2024-02-29 00:00:00+00:00
[2024-02-29T18:21:41.693+0530] {processor.py:183} INFO - Processing /home/arun/.local/lib/python3.10/site-packages/airflow/example_dags/example_task_group_decorator.py took 0.100 seconds
[2024-02-29T18:22:37.865+0530] {processor.py:161} INFO - Started process (PID=5708) to work on /home/arun/.local/lib/python3.10/site-packages/airflow/example_dags/example_task_group_decorator.py
[2024-02-29T18:22:37.903+0530] {processor.py:830} INFO - Processing file /home/arun/.local/lib/python3.10/site-packages/airflow/example_dags/example_task_group_decorator.py for tasks to queue
[2024-02-29T18:22:37.904+0530] {logging_mixin.py:188} INFO - [2024-02-29T18:22:37.904+0530] {dagbag.py:538} INFO - Filling up the DagBag from /home/arun/.local/lib/python3.10/site-packages/airflow/example_dags/example_task_group_decorator.py
[2024-02-29T18:22:37.926+0530] {processor.py:840} INFO - DAG(s) 'example_task_group_decorator' retrieved from /home/arun/.local/lib/python3.10/site-packages/airflow/example_dags/example_task_group_decorator.py
[2024-02-29T18:22:37.952+0530] {logging_mixin.py:188} INFO - [2024-02-29T18:22:37.952+0530] {dag.py:3036} INFO - Sync 1 DAGs
[2024-02-29T18:22:37.975+0530] {logging_mixin.py:188} INFO - [2024-02-29T18:22:37.974+0530] {dag.py:3823} INFO - Setting next_dagrun for example_task_group_decorator to 2024-02-28 00:00:00+00:00, run_after=2024-02-29 00:00:00+00:00
[2024-02-29T18:22:38.002+0530] {processor.py:183} INFO - Processing /home/arun/.local/lib/python3.10/site-packages/airflow/example_dags/example_task_group_decorator.py took 0.139 seconds
[2024-02-29T18:23:32.789+0530] {processor.py:161} INFO - Started process (PID=5804) to work on /home/arun/.local/lib/python3.10/site-packages/airflow/example_dags/example_task_group_decorator.py
[2024-02-29T18:23:32.792+0530] {processor.py:830} INFO - Processing file /home/arun/.local/lib/python3.10/site-packages/airflow/example_dags/example_task_group_decorator.py for tasks to queue
[2024-02-29T18:23:32.793+0530] {logging_mixin.py:188} INFO - [2024-02-29T18:23:32.792+0530] {dagbag.py:538} INFO - Filling up the DagBag from /home/arun/.local/lib/python3.10/site-packages/airflow/example_dags/example_task_group_decorator.py
[2024-02-29T18:23:32.909+0530] {processor.py:840} INFO - DAG(s) 'example_task_group_decorator' retrieved from /home/arun/.local/lib/python3.10/site-packages/airflow/example_dags/example_task_group_decorator.py
[2024-02-29T18:23:32.957+0530] {logging_mixin.py:188} INFO - [2024-02-29T18:23:32.956+0530] {dag.py:3036} INFO - Sync 1 DAGs
[2024-02-29T18:23:33.004+0530] {logging_mixin.py:188} INFO - [2024-02-29T18:23:33.003+0530] {dag.py:3823} INFO - Setting next_dagrun for example_task_group_decorator to 2024-02-28 00:00:00+00:00, run_after=2024-02-29 00:00:00+00:00
[2024-02-29T18:23:33.038+0530] {processor.py:183} INFO - Processing /home/arun/.local/lib/python3.10/site-packages/airflow/example_dags/example_task_group_decorator.py took 0.253 seconds
[2024-02-29T18:24:22.176+0530] {processor.py:161} INFO - Started process (PID=5895) to work on /home/arun/.local/lib/python3.10/site-packages/airflow/example_dags/example_task_group_decorator.py
[2024-02-29T18:24:22.177+0530] {processor.py:830} INFO - Processing file /home/arun/.local/lib/python3.10/site-packages/airflow/example_dags/example_task_group_decorator.py for tasks to queue
[2024-02-29T18:24:22.178+0530] {logging_mixin.py:188} INFO - [2024-02-29T18:24:22.178+0530] {dagbag.py:538} INFO - Filling up the DagBag from /home/arun/.local/lib/python3.10/site-packages/airflow/example_dags/example_task_group_decorator.py
[2024-02-29T18:24:22.195+0530] {processor.py:840} INFO - DAG(s) 'example_task_group_decorator' retrieved from /home/arun/.local/lib/python3.10/site-packages/airflow/example_dags/example_task_group_decorator.py
[2024-02-29T18:24:22.220+0530] {logging_mixin.py:188} INFO - [2024-02-29T18:24:22.220+0530] {dag.py:3036} INFO - Sync 1 DAGs
[2024-02-29T18:24:22.247+0530] {logging_mixin.py:188} INFO - [2024-02-29T18:24:22.247+0530] {dag.py:3823} INFO - Setting next_dagrun for example_task_group_decorator to 2024-02-28 00:00:00+00:00, run_after=2024-02-29 00:00:00+00:00
[2024-02-29T18:24:22.278+0530] {processor.py:183} INFO - Processing /home/arun/.local/lib/python3.10/site-packages/airflow/example_dags/example_task_group_decorator.py took 0.105 seconds
[2024-02-29T18:25:11.694+0530] {processor.py:161} INFO - Started process (PID=5970) to work on /home/arun/.local/lib/python3.10/site-packages/airflow/example_dags/example_task_group_decorator.py
[2024-02-29T18:25:11.696+0530] {processor.py:830} INFO - Processing file /home/arun/.local/lib/python3.10/site-packages/airflow/example_dags/example_task_group_decorator.py for tasks to queue
[2024-02-29T18:25:11.696+0530] {logging_mixin.py:188} INFO - [2024-02-29T18:25:11.696+0530] {dagbag.py:538} INFO - Filling up the DagBag from /home/arun/.local/lib/python3.10/site-packages/airflow/example_dags/example_task_group_decorator.py
[2024-02-29T18:25:11.710+0530] {processor.py:840} INFO - DAG(s) 'example_task_group_decorator' retrieved from /home/arun/.local/lib/python3.10/site-packages/airflow/example_dags/example_task_group_decorator.py
[2024-02-29T18:25:11.730+0530] {logging_mixin.py:188} INFO - [2024-02-29T18:25:11.729+0530] {dag.py:3036} INFO - Sync 1 DAGs
[2024-02-29T18:25:11.752+0530] {logging_mixin.py:188} INFO - [2024-02-29T18:25:11.751+0530] {dag.py:3823} INFO - Setting next_dagrun for example_task_group_decorator to 2024-02-28 00:00:00+00:00, run_after=2024-02-29 00:00:00+00:00
[2024-02-29T18:25:11.803+0530] {processor.py:183} INFO - Processing /home/arun/.local/lib/python3.10/site-packages/airflow/example_dags/example_task_group_decorator.py took 0.113 seconds
[2024-02-29T18:25:59.374+0530] {processor.py:161} INFO - Started process (PID=6046) to work on /home/arun/.local/lib/python3.10/site-packages/airflow/example_dags/example_task_group_decorator.py
[2024-02-29T18:25:59.376+0530] {processor.py:830} INFO - Processing file /home/arun/.local/lib/python3.10/site-packages/airflow/example_dags/example_task_group_decorator.py for tasks to queue
[2024-02-29T18:25:59.377+0530] {logging_mixin.py:188} INFO - [2024-02-29T18:25:59.377+0530] {dagbag.py:538} INFO - Filling up the DagBag from /home/arun/.local/lib/python3.10/site-packages/airflow/example_dags/example_task_group_decorator.py
[2024-02-29T18:25:59.395+0530] {processor.py:840} INFO - DAG(s) 'example_task_group_decorator' retrieved from /home/arun/.local/lib/python3.10/site-packages/airflow/example_dags/example_task_group_decorator.py
[2024-02-29T18:25:59.419+0530] {logging_mixin.py:188} INFO - [2024-02-29T18:25:59.419+0530] {dag.py:3036} INFO - Sync 1 DAGs
[2024-02-29T18:25:59.446+0530] {logging_mixin.py:188} INFO - [2024-02-29T18:25:59.446+0530] {dag.py:3823} INFO - Setting next_dagrun for example_task_group_decorator to 2024-02-28 00:00:00+00:00, run_after=2024-02-29 00:00:00+00:00
[2024-02-29T18:25:59.477+0530] {processor.py:183} INFO - Processing /home/arun/.local/lib/python3.10/site-packages/airflow/example_dags/example_task_group_decorator.py took 0.107 seconds
[2024-02-29T18:26:46.470+0530] {processor.py:161} INFO - Started process (PID=6119) to work on /home/arun/.local/lib/python3.10/site-packages/airflow/example_dags/example_task_group_decorator.py
[2024-02-29T18:26:46.479+0530] {processor.py:830} INFO - Processing file /home/arun/.local/lib/python3.10/site-packages/airflow/example_dags/example_task_group_decorator.py for tasks to queue
[2024-02-29T18:26:46.492+0530] {logging_mixin.py:188} INFO - [2024-02-29T18:26:46.489+0530] {dagbag.py:538} INFO - Filling up the DagBag from /home/arun/.local/lib/python3.10/site-packages/airflow/example_dags/example_task_group_decorator.py
[2024-02-29T18:26:46.534+0530] {processor.py:840} INFO - DAG(s) 'example_task_group_decorator' retrieved from /home/arun/.local/lib/python3.10/site-packages/airflow/example_dags/example_task_group_decorator.py
[2024-02-29T18:26:46.593+0530] {logging_mixin.py:188} INFO - [2024-02-29T18:26:46.593+0530] {dag.py:3036} INFO - Sync 1 DAGs
[2024-02-29T18:26:46.624+0530] {logging_mixin.py:188} INFO - [2024-02-29T18:26:46.624+0530] {dag.py:3823} INFO - Setting next_dagrun for example_task_group_decorator to 2024-02-28 00:00:00+00:00, run_after=2024-02-29 00:00:00+00:00
[2024-02-29T18:26:46.670+0530] {processor.py:183} INFO - Processing /home/arun/.local/lib/python3.10/site-packages/airflow/example_dags/example_task_group_decorator.py took 0.206 seconds
[2024-02-29T18:28:03.777+0530] {processor.py:161} INFO - Started process (PID=6254) to work on /home/arun/.local/lib/python3.10/site-packages/airflow/example_dags/example_task_group_decorator.py
[2024-02-29T18:28:03.843+0530] {processor.py:830} INFO - Processing file /home/arun/.local/lib/python3.10/site-packages/airflow/example_dags/example_task_group_decorator.py for tasks to queue
[2024-02-29T18:28:03.844+0530] {logging_mixin.py:188} INFO - [2024-02-29T18:28:03.844+0530] {dagbag.py:538} INFO - Filling up the DagBag from /home/arun/.local/lib/python3.10/site-packages/airflow/example_dags/example_task_group_decorator.py
[2024-02-29T18:28:03.864+0530] {processor.py:840} INFO - DAG(s) 'example_task_group_decorator' retrieved from /home/arun/.local/lib/python3.10/site-packages/airflow/example_dags/example_task_group_decorator.py
[2024-02-29T18:28:03.888+0530] {logging_mixin.py:188} INFO - [2024-02-29T18:28:03.888+0530] {dag.py:3036} INFO - Sync 1 DAGs
[2024-02-29T18:28:03.916+0530] {logging_mixin.py:188} INFO - [2024-02-29T18:28:03.916+0530] {dag.py:3823} INFO - Setting next_dagrun for example_task_group_decorator to 2024-02-28 00:00:00+00:00, run_after=2024-02-29 00:00:00+00:00
[2024-02-29T18:28:03.971+0530] {processor.py:183} INFO - Processing /home/arun/.local/lib/python3.10/site-packages/airflow/example_dags/example_task_group_decorator.py took 0.198 seconds
[2024-02-29T18:29:13.934+0530] {processor.py:161} INFO - Started process (PID=6365) to work on /home/arun/.local/lib/python3.10/site-packages/airflow/example_dags/example_task_group_decorator.py
[2024-02-29T18:29:13.936+0530] {processor.py:830} INFO - Processing file /home/arun/.local/lib/python3.10/site-packages/airflow/example_dags/example_task_group_decorator.py for tasks to queue
[2024-02-29T18:29:13.936+0530] {logging_mixin.py:188} INFO - [2024-02-29T18:29:13.936+0530] {dagbag.py:538} INFO - Filling up the DagBag from /home/arun/.local/lib/python3.10/site-packages/airflow/example_dags/example_task_group_decorator.py
[2024-02-29T18:29:13.950+0530] {processor.py:840} INFO - DAG(s) 'example_task_group_decorator' retrieved from /home/arun/.local/lib/python3.10/site-packages/airflow/example_dags/example_task_group_decorator.py
[2024-02-29T18:29:13.968+0530] {logging_mixin.py:188} INFO - [2024-02-29T18:29:13.968+0530] {dag.py:3036} INFO - Sync 1 DAGs
[2024-02-29T18:29:13.987+0530] {logging_mixin.py:188} INFO - [2024-02-29T18:29:13.987+0530] {dag.py:3823} INFO - Setting next_dagrun for example_task_group_decorator to 2024-02-28 00:00:00+00:00, run_after=2024-02-29 00:00:00+00:00
[2024-02-29T18:29:14.012+0530] {processor.py:183} INFO - Processing /home/arun/.local/lib/python3.10/site-packages/airflow/example_dags/example_task_group_decorator.py took 0.081 seconds
[2024-02-29T18:30:14.380+0530] {processor.py:161} INFO - Started process (PID=6472) to work on /home/arun/.local/lib/python3.10/site-packages/airflow/example_dags/example_task_group_decorator.py
[2024-02-29T18:30:14.385+0530] {processor.py:830} INFO - Processing file /home/arun/.local/lib/python3.10/site-packages/airflow/example_dags/example_task_group_decorator.py for tasks to queue
[2024-02-29T18:30:14.386+0530] {logging_mixin.py:188} INFO - [2024-02-29T18:30:14.386+0530] {dagbag.py:538} INFO - Filling up the DagBag from /home/arun/.local/lib/python3.10/site-packages/airflow/example_dags/example_task_group_decorator.py
[2024-02-29T18:30:14.434+0530] {processor.py:840} INFO - DAG(s) 'example_task_group_decorator' retrieved from /home/arun/.local/lib/python3.10/site-packages/airflow/example_dags/example_task_group_decorator.py
[2024-02-29T18:30:14.486+0530] {logging_mixin.py:188} INFO - [2024-02-29T18:30:14.486+0530] {dag.py:3036} INFO - Sync 1 DAGs
[2024-02-29T18:30:14.527+0530] {logging_mixin.py:188} INFO - [2024-02-29T18:30:14.527+0530] {dag.py:3823} INFO - Setting next_dagrun for example_task_group_decorator to 2024-02-28 00:00:00+00:00, run_after=2024-02-29 00:00:00+00:00
[2024-02-29T18:30:14.634+0530] {processor.py:183} INFO - Processing /home/arun/.local/lib/python3.10/site-packages/airflow/example_dags/example_task_group_decorator.py took 0.261 seconds
[2024-02-29T18:31:10.878+0530] {processor.py:161} INFO - Started process (PID=6560) to work on /home/arun/.local/lib/python3.10/site-packages/airflow/example_dags/example_task_group_decorator.py
[2024-02-29T18:31:10.881+0530] {processor.py:830} INFO - Processing file /home/arun/.local/lib/python3.10/site-packages/airflow/example_dags/example_task_group_decorator.py for tasks to queue
[2024-02-29T18:31:10.883+0530] {logging_mixin.py:188} INFO - [2024-02-29T18:31:10.882+0530] {dagbag.py:538} INFO - Filling up the DagBag from /home/arun/.local/lib/python3.10/site-packages/airflow/example_dags/example_task_group_decorator.py
[2024-02-29T18:31:10.913+0530] {processor.py:840} INFO - DAG(s) 'example_task_group_decorator' retrieved from /home/arun/.local/lib/python3.10/site-packages/airflow/example_dags/example_task_group_decorator.py
[2024-02-29T18:31:10.939+0530] {logging_mixin.py:188} INFO - [2024-02-29T18:31:10.939+0530] {dag.py:3036} INFO - Sync 1 DAGs
[2024-02-29T18:31:10.993+0530] {logging_mixin.py:188} INFO - [2024-02-29T18:31:10.992+0530] {dag.py:3823} INFO - Setting next_dagrun for example_task_group_decorator to 2024-02-28 00:00:00+00:00, run_after=2024-02-29 00:00:00+00:00
[2024-02-29T18:31:11.026+0530] {processor.py:183} INFO - Processing /home/arun/.local/lib/python3.10/site-packages/airflow/example_dags/example_task_group_decorator.py took 0.153 seconds
[2024-02-29T18:32:02.156+0530] {processor.py:161} INFO - Started process (PID=6642) to work on /home/arun/.local/lib/python3.10/site-packages/airflow/example_dags/example_task_group_decorator.py
[2024-02-29T18:32:02.175+0530] {processor.py:830} INFO - Processing file /home/arun/.local/lib/python3.10/site-packages/airflow/example_dags/example_task_group_decorator.py for tasks to queue
[2024-02-29T18:32:02.177+0530] {logging_mixin.py:188} INFO - [2024-02-29T18:32:02.176+0530] {dagbag.py:538} INFO - Filling up the DagBag from /home/arun/.local/lib/python3.10/site-packages/airflow/example_dags/example_task_group_decorator.py
[2024-02-29T18:32:02.195+0530] {processor.py:840} INFO - DAG(s) 'example_task_group_decorator' retrieved from /home/arun/.local/lib/python3.10/site-packages/airflow/example_dags/example_task_group_decorator.py
[2024-02-29T18:32:02.218+0530] {logging_mixin.py:188} INFO - [2024-02-29T18:32:02.218+0530] {dag.py:3036} INFO - Sync 1 DAGs
[2024-02-29T18:32:02.244+0530] {logging_mixin.py:188} INFO - [2024-02-29T18:32:02.244+0530] {dag.py:3823} INFO - Setting next_dagrun for example_task_group_decorator to 2024-02-28 00:00:00+00:00, run_after=2024-02-29 00:00:00+00:00
[2024-02-29T18:32:02.280+0530] {processor.py:183} INFO - Processing /home/arun/.local/lib/python3.10/site-packages/airflow/example_dags/example_task_group_decorator.py took 0.127 seconds
[2024-02-29T18:32:50.239+0530] {processor.py:161} INFO - Started process (PID=6725) to work on /home/arun/.local/lib/python3.10/site-packages/airflow/example_dags/example_task_group_decorator.py
[2024-02-29T18:32:50.241+0530] {processor.py:830} INFO - Processing file /home/arun/.local/lib/python3.10/site-packages/airflow/example_dags/example_task_group_decorator.py for tasks to queue
[2024-02-29T18:32:50.242+0530] {logging_mixin.py:188} INFO - [2024-02-29T18:32:50.242+0530] {dagbag.py:538} INFO - Filling up the DagBag from /home/arun/.local/lib/python3.10/site-packages/airflow/example_dags/example_task_group_decorator.py
[2024-02-29T18:32:50.262+0530] {processor.py:840} INFO - DAG(s) 'example_task_group_decorator' retrieved from /home/arun/.local/lib/python3.10/site-packages/airflow/example_dags/example_task_group_decorator.py
[2024-02-29T18:32:50.290+0530] {logging_mixin.py:188} INFO - [2024-02-29T18:32:50.289+0530] {dag.py:3036} INFO - Sync 1 DAGs
[2024-02-29T18:32:50.319+0530] {logging_mixin.py:188} INFO - [2024-02-29T18:32:50.319+0530] {dag.py:3823} INFO - Setting next_dagrun for example_task_group_decorator to 2024-02-28 00:00:00+00:00, run_after=2024-02-29 00:00:00+00:00
[2024-02-29T18:32:50.369+0530] {processor.py:183} INFO - Processing /home/arun/.local/lib/python3.10/site-packages/airflow/example_dags/example_task_group_decorator.py took 0.133 seconds
[2024-02-29T18:33:48.108+0530] {processor.py:161} INFO - Started process (PID=6815) to work on /home/arun/.local/lib/python3.10/site-packages/airflow/example_dags/example_task_group_decorator.py
[2024-02-29T18:33:48.110+0530] {processor.py:830} INFO - Processing file /home/arun/.local/lib/python3.10/site-packages/airflow/example_dags/example_task_group_decorator.py for tasks to queue
[2024-02-29T18:33:48.112+0530] {logging_mixin.py:188} INFO - [2024-02-29T18:33:48.111+0530] {dagbag.py:538} INFO - Filling up the DagBag from /home/arun/.local/lib/python3.10/site-packages/airflow/example_dags/example_task_group_decorator.py
[2024-02-29T18:33:48.203+0530] {processor.py:840} INFO - DAG(s) 'example_task_group_decorator' retrieved from /home/arun/.local/lib/python3.10/site-packages/airflow/example_dags/example_task_group_decorator.py
[2024-02-29T18:33:48.270+0530] {logging_mixin.py:188} INFO - [2024-02-29T18:33:48.269+0530] {dag.py:3036} INFO - Sync 1 DAGs
[2024-02-29T18:33:48.297+0530] {logging_mixin.py:188} INFO - [2024-02-29T18:33:48.297+0530] {dag.py:3823} INFO - Setting next_dagrun for example_task_group_decorator to 2024-02-28 00:00:00+00:00, run_after=2024-02-29 00:00:00+00:00
[2024-02-29T18:33:48.341+0530] {processor.py:183} INFO - Processing /home/arun/.local/lib/python3.10/site-packages/airflow/example_dags/example_task_group_decorator.py took 0.239 seconds
[2024-02-29T18:34:40.162+0530] {processor.py:161} INFO - Started process (PID=6900) to work on /home/arun/.local/lib/python3.10/site-packages/airflow/example_dags/example_task_group_decorator.py
[2024-02-29T18:34:40.164+0530] {processor.py:830} INFO - Processing file /home/arun/.local/lib/python3.10/site-packages/airflow/example_dags/example_task_group_decorator.py for tasks to queue
[2024-02-29T18:34:40.165+0530] {logging_mixin.py:188} INFO - [2024-02-29T18:34:40.165+0530] {dagbag.py:538} INFO - Filling up the DagBag from /home/arun/.local/lib/python3.10/site-packages/airflow/example_dags/example_task_group_decorator.py
[2024-02-29T18:34:40.191+0530] {processor.py:840} INFO - DAG(s) 'example_task_group_decorator' retrieved from /home/arun/.local/lib/python3.10/site-packages/airflow/example_dags/example_task_group_decorator.py
[2024-02-29T18:34:40.225+0530] {logging_mixin.py:188} INFO - [2024-02-29T18:34:40.225+0530] {dag.py:3036} INFO - Sync 1 DAGs
[2024-02-29T18:34:40.260+0530] {logging_mixin.py:188} INFO - [2024-02-29T18:34:40.259+0530] {dag.py:3823} INFO - Setting next_dagrun for example_task_group_decorator to 2024-02-28 00:00:00+00:00, run_after=2024-02-29 00:00:00+00:00
[2024-02-29T18:34:40.413+0530] {processor.py:183} INFO - Processing /home/arun/.local/lib/python3.10/site-packages/airflow/example_dags/example_task_group_decorator.py took 0.257 seconds
[2024-02-29T18:35:33.508+0530] {processor.py:161} INFO - Started process (PID=6984) to work on /home/arun/.local/lib/python3.10/site-packages/airflow/example_dags/example_task_group_decorator.py
[2024-02-29T18:35:33.510+0530] {processor.py:830} INFO - Processing file /home/arun/.local/lib/python3.10/site-packages/airflow/example_dags/example_task_group_decorator.py for tasks to queue
[2024-02-29T18:35:33.511+0530] {logging_mixin.py:188} INFO - [2024-02-29T18:35:33.511+0530] {dagbag.py:538} INFO - Filling up the DagBag from /home/arun/.local/lib/python3.10/site-packages/airflow/example_dags/example_task_group_decorator.py
[2024-02-29T18:35:33.529+0530] {processor.py:840} INFO - DAG(s) 'example_task_group_decorator' retrieved from /home/arun/.local/lib/python3.10/site-packages/airflow/example_dags/example_task_group_decorator.py
[2024-02-29T18:35:33.553+0530] {logging_mixin.py:188} INFO - [2024-02-29T18:35:33.553+0530] {dag.py:3036} INFO - Sync 1 DAGs
[2024-02-29T18:35:33.578+0530] {logging_mixin.py:188} INFO - [2024-02-29T18:35:33.577+0530] {dag.py:3823} INFO - Setting next_dagrun for example_task_group_decorator to 2024-02-28 00:00:00+00:00, run_after=2024-02-29 00:00:00+00:00
[2024-02-29T18:35:33.610+0530] {processor.py:183} INFO - Processing /home/arun/.local/lib/python3.10/site-packages/airflow/example_dags/example_task_group_decorator.py took 0.105 seconds
[2024-02-29T18:36:32.367+0530] {processor.py:161} INFO - Started process (PID=7073) to work on /home/arun/.local/lib/python3.10/site-packages/airflow/example_dags/example_task_group_decorator.py
[2024-02-29T18:36:32.405+0530] {processor.py:830} INFO - Processing file /home/arun/.local/lib/python3.10/site-packages/airflow/example_dags/example_task_group_decorator.py for tasks to queue
[2024-02-29T18:36:32.407+0530] {logging_mixin.py:188} INFO - [2024-02-29T18:36:32.406+0530] {dagbag.py:538} INFO - Filling up the DagBag from /home/arun/.local/lib/python3.10/site-packages/airflow/example_dags/example_task_group_decorator.py
[2024-02-29T18:36:32.441+0530] {processor.py:840} INFO - DAG(s) 'example_task_group_decorator' retrieved from /home/arun/.local/lib/python3.10/site-packages/airflow/example_dags/example_task_group_decorator.py
[2024-02-29T18:36:32.482+0530] {logging_mixin.py:188} INFO - [2024-02-29T18:36:32.482+0530] {dag.py:3036} INFO - Sync 1 DAGs
[2024-02-29T18:36:32.576+0530] {logging_mixin.py:188} INFO - [2024-02-29T18:36:32.575+0530] {dag.py:3823} INFO - Setting next_dagrun for example_task_group_decorator to 2024-02-28 00:00:00+00:00, run_after=2024-02-29 00:00:00+00:00
[2024-02-29T18:36:32.647+0530] {processor.py:183} INFO - Processing /home/arun/.local/lib/python3.10/site-packages/airflow/example_dags/example_task_group_decorator.py took 0.287 seconds
[2024-02-29T18:37:36.648+0530] {processor.py:161} INFO - Started process (PID=7169) to work on /home/arun/.local/lib/python3.10/site-packages/airflow/example_dags/example_task_group_decorator.py
[2024-02-29T18:37:36.652+0530] {processor.py:830} INFO - Processing file /home/arun/.local/lib/python3.10/site-packages/airflow/example_dags/example_task_group_decorator.py for tasks to queue
[2024-02-29T18:37:36.654+0530] {logging_mixin.py:188} INFO - [2024-02-29T18:37:36.653+0530] {dagbag.py:538} INFO - Filling up the DagBag from /home/arun/.local/lib/python3.10/site-packages/airflow/example_dags/example_task_group_decorator.py
[2024-02-29T18:37:36.688+0530] {processor.py:840} INFO - DAG(s) 'example_task_group_decorator' retrieved from /home/arun/.local/lib/python3.10/site-packages/airflow/example_dags/example_task_group_decorator.py
[2024-02-29T18:37:36.762+0530] {logging_mixin.py:188} INFO - [2024-02-29T18:37:36.762+0530] {dag.py:3036} INFO - Sync 1 DAGs
[2024-02-29T18:37:36.844+0530] {logging_mixin.py:188} INFO - [2024-02-29T18:37:36.844+0530] {dag.py:3823} INFO - Setting next_dagrun for example_task_group_decorator to 2024-02-28 00:00:00+00:00, run_after=2024-02-29 00:00:00+00:00
[2024-02-29T18:37:36.914+0530] {processor.py:183} INFO - Processing /home/arun/.local/lib/python3.10/site-packages/airflow/example_dags/example_task_group_decorator.py took 0.271 seconds
[2024-02-29T18:38:35.305+0530] {processor.py:161} INFO - Started process (PID=7348) to work on /home/arun/.local/lib/python3.10/site-packages/airflow/example_dags/example_task_group_decorator.py
[2024-02-29T18:38:35.307+0530] {processor.py:830} INFO - Processing file /home/arun/.local/lib/python3.10/site-packages/airflow/example_dags/example_task_group_decorator.py for tasks to queue
[2024-02-29T18:38:35.308+0530] {logging_mixin.py:188} INFO - [2024-02-29T18:38:35.308+0530] {dagbag.py:538} INFO - Filling up the DagBag from /home/arun/.local/lib/python3.10/site-packages/airflow/example_dags/example_task_group_decorator.py
[2024-02-29T18:38:35.328+0530] {processor.py:840} INFO - DAG(s) 'example_task_group_decorator' retrieved from /home/arun/.local/lib/python3.10/site-packages/airflow/example_dags/example_task_group_decorator.py
[2024-02-29T18:38:35.362+0530] {logging_mixin.py:188} INFO - [2024-02-29T18:38:35.361+0530] {dag.py:3036} INFO - Sync 1 DAGs
[2024-02-29T18:38:35.401+0530] {logging_mixin.py:188} INFO - [2024-02-29T18:38:35.401+0530] {dag.py:3823} INFO - Setting next_dagrun for example_task_group_decorator to 2024-02-28 00:00:00+00:00, run_after=2024-02-29 00:00:00+00:00
[2024-02-29T18:38:35.442+0530] {processor.py:183} INFO - Processing /home/arun/.local/lib/python3.10/site-packages/airflow/example_dags/example_task_group_decorator.py took 0.140 seconds
[2024-02-29T18:39:33.306+0530] {processor.py:161} INFO - Started process (PID=7437) to work on /home/arun/.local/lib/python3.10/site-packages/airflow/example_dags/example_task_group_decorator.py
[2024-02-29T18:39:33.344+0530] {processor.py:830} INFO - Processing file /home/arun/.local/lib/python3.10/site-packages/airflow/example_dags/example_task_group_decorator.py for tasks to queue
[2024-02-29T18:39:33.345+0530] {logging_mixin.py:188} INFO - [2024-02-29T18:39:33.345+0530] {dagbag.py:538} INFO - Filling up the DagBag from /home/arun/.local/lib/python3.10/site-packages/airflow/example_dags/example_task_group_decorator.py
[2024-02-29T18:39:33.361+0530] {processor.py:840} INFO - DAG(s) 'example_task_group_decorator' retrieved from /home/arun/.local/lib/python3.10/site-packages/airflow/example_dags/example_task_group_decorator.py
[2024-02-29T18:39:33.388+0530] {logging_mixin.py:188} INFO - [2024-02-29T18:39:33.388+0530] {dag.py:3036} INFO - Sync 1 DAGs
[2024-02-29T18:39:33.441+0530] {logging_mixin.py:188} INFO - [2024-02-29T18:39:33.440+0530] {dag.py:3823} INFO - Setting next_dagrun for example_task_group_decorator to 2024-02-28 00:00:00+00:00, run_after=2024-02-29 00:00:00+00:00
[2024-02-29T18:39:33.485+0530] {processor.py:183} INFO - Processing /home/arun/.local/lib/python3.10/site-packages/airflow/example_dags/example_task_group_decorator.py took 0.181 seconds
[2024-02-29T18:40:30.252+0530] {processor.py:161} INFO - Started process (PID=7525) to work on /home/arun/.local/lib/python3.10/site-packages/airflow/example_dags/example_task_group_decorator.py
[2024-02-29T18:40:30.254+0530] {processor.py:830} INFO - Processing file /home/arun/.local/lib/python3.10/site-packages/airflow/example_dags/example_task_group_decorator.py for tasks to queue
[2024-02-29T18:40:30.255+0530] {logging_mixin.py:188} INFO - [2024-02-29T18:40:30.254+0530] {dagbag.py:538} INFO - Filling up the DagBag from /home/arun/.local/lib/python3.10/site-packages/airflow/example_dags/example_task_group_decorator.py
[2024-02-29T18:40:30.274+0530] {processor.py:840} INFO - DAG(s) 'example_task_group_decorator' retrieved from /home/arun/.local/lib/python3.10/site-packages/airflow/example_dags/example_task_group_decorator.py
[2024-02-29T18:40:30.299+0530] {logging_mixin.py:188} INFO - [2024-02-29T18:40:30.299+0530] {dag.py:3036} INFO - Sync 1 DAGs
[2024-02-29T18:40:30.328+0530] {logging_mixin.py:188} INFO - [2024-02-29T18:40:30.327+0530] {dag.py:3823} INFO - Setting next_dagrun for example_task_group_decorator to 2024-02-28 00:00:00+00:00, run_after=2024-02-29 00:00:00+00:00
[2024-02-29T18:40:30.359+0530] {processor.py:183} INFO - Processing /home/arun/.local/lib/python3.10/site-packages/airflow/example_dags/example_task_group_decorator.py took 0.111 seconds
[2024-02-29T18:41:26.905+0530] {processor.py:161} INFO - Started process (PID=7614) to work on /home/arun/.local/lib/python3.10/site-packages/airflow/example_dags/example_task_group_decorator.py
[2024-02-29T18:41:26.907+0530] {processor.py:830} INFO - Processing file /home/arun/.local/lib/python3.10/site-packages/airflow/example_dags/example_task_group_decorator.py for tasks to queue
[2024-02-29T18:41:26.908+0530] {logging_mixin.py:188} INFO - [2024-02-29T18:41:26.908+0530] {dagbag.py:538} INFO - Filling up the DagBag from /home/arun/.local/lib/python3.10/site-packages/airflow/example_dags/example_task_group_decorator.py
[2024-02-29T18:41:26.939+0530] {processor.py:840} INFO - DAG(s) 'example_task_group_decorator' retrieved from /home/arun/.local/lib/python3.10/site-packages/airflow/example_dags/example_task_group_decorator.py
[2024-02-29T18:41:26.971+0530] {logging_mixin.py:188} INFO - [2024-02-29T18:41:26.971+0530] {dag.py:3036} INFO - Sync 1 DAGs
[2024-02-29T18:41:27.002+0530] {logging_mixin.py:188} INFO - [2024-02-29T18:41:27.002+0530] {dag.py:3823} INFO - Setting next_dagrun for example_task_group_decorator to 2024-02-28 00:00:00+00:00, run_after=2024-02-29 00:00:00+00:00
[2024-02-29T18:41:27.134+0530] {processor.py:183} INFO - Processing /home/arun/.local/lib/python3.10/site-packages/airflow/example_dags/example_task_group_decorator.py took 0.235 seconds
[2024-02-29T18:42:22.373+0530] {processor.py:161} INFO - Started process (PID=7715) to work on /home/arun/.local/lib/python3.10/site-packages/airflow/example_dags/example_task_group_decorator.py
[2024-02-29T18:42:22.408+0530] {processor.py:830} INFO - Processing file /home/arun/.local/lib/python3.10/site-packages/airflow/example_dags/example_task_group_decorator.py for tasks to queue
[2024-02-29T18:42:22.409+0530] {logging_mixin.py:188} INFO - [2024-02-29T18:42:22.409+0530] {dagbag.py:538} INFO - Filling up the DagBag from /home/arun/.local/lib/python3.10/site-packages/airflow/example_dags/example_task_group_decorator.py
[2024-02-29T18:42:22.427+0530] {processor.py:840} INFO - DAG(s) 'example_task_group_decorator' retrieved from /home/arun/.local/lib/python3.10/site-packages/airflow/example_dags/example_task_group_decorator.py
[2024-02-29T18:42:22.450+0530] {logging_mixin.py:188} INFO - [2024-02-29T18:42:22.450+0530] {dag.py:3036} INFO - Sync 1 DAGs
[2024-02-29T18:42:22.485+0530] {logging_mixin.py:188} INFO - [2024-02-29T18:42:22.485+0530] {dag.py:3823} INFO - Setting next_dagrun for example_task_group_decorator to 2024-02-28 00:00:00+00:00, run_after=2024-02-29 00:00:00+00:00
[2024-02-29T18:42:22.554+0530] {processor.py:183} INFO - Processing /home/arun/.local/lib/python3.10/site-packages/airflow/example_dags/example_task_group_decorator.py took 0.185 seconds
[2024-02-29T18:43:27.756+0530] {processor.py:161} INFO - Started process (PID=7816) to work on /home/arun/.local/lib/python3.10/site-packages/airflow/example_dags/example_task_group_decorator.py
[2024-02-29T18:43:27.768+0530] {processor.py:830} INFO - Processing file /home/arun/.local/lib/python3.10/site-packages/airflow/example_dags/example_task_group_decorator.py for tasks to queue
[2024-02-29T18:43:27.769+0530] {logging_mixin.py:188} INFO - [2024-02-29T18:43:27.768+0530] {dagbag.py:538} INFO - Filling up the DagBag from /home/arun/.local/lib/python3.10/site-packages/airflow/example_dags/example_task_group_decorator.py
[2024-02-29T18:43:27.792+0530] {processor.py:840} INFO - DAG(s) 'example_task_group_decorator' retrieved from /home/arun/.local/lib/python3.10/site-packages/airflow/example_dags/example_task_group_decorator.py
[2024-02-29T18:43:27.826+0530] {logging_mixin.py:188} INFO - [2024-02-29T18:43:27.826+0530] {dag.py:3036} INFO - Sync 1 DAGs
[2024-02-29T18:43:27.853+0530] {logging_mixin.py:188} INFO - [2024-02-29T18:43:27.853+0530] {dag.py:3823} INFO - Setting next_dagrun for example_task_group_decorator to 2024-02-28 00:00:00+00:00, run_after=2024-02-29 00:00:00+00:00
[2024-02-29T18:43:27.884+0530] {processor.py:183} INFO - Processing /home/arun/.local/lib/python3.10/site-packages/airflow/example_dags/example_task_group_decorator.py took 0.134 seconds
[2024-02-29T18:44:29.298+0530] {processor.py:161} INFO - Started process (PID=7923) to work on /home/arun/.local/lib/python3.10/site-packages/airflow/example_dags/example_task_group_decorator.py
[2024-02-29T18:44:29.300+0530] {processor.py:830} INFO - Processing file /home/arun/.local/lib/python3.10/site-packages/airflow/example_dags/example_task_group_decorator.py for tasks to queue
[2024-02-29T18:44:29.301+0530] {logging_mixin.py:188} INFO - [2024-02-29T18:44:29.301+0530] {dagbag.py:538} INFO - Filling up the DagBag from /home/arun/.local/lib/python3.10/site-packages/airflow/example_dags/example_task_group_decorator.py
[2024-02-29T18:44:29.320+0530] {processor.py:840} INFO - DAG(s) 'example_task_group_decorator' retrieved from /home/arun/.local/lib/python3.10/site-packages/airflow/example_dags/example_task_group_decorator.py
[2024-02-29T18:44:29.343+0530] {logging_mixin.py:188} INFO - [2024-02-29T18:44:29.343+0530] {dag.py:3036} INFO - Sync 1 DAGs
[2024-02-29T18:44:29.369+0530] {logging_mixin.py:188} INFO - [2024-02-29T18:44:29.369+0530] {dag.py:3823} INFO - Setting next_dagrun for example_task_group_decorator to 2024-02-28 00:00:00+00:00, run_after=2024-02-29 00:00:00+00:00
[2024-02-29T18:44:29.403+0530] {processor.py:183} INFO - Processing /home/arun/.local/lib/python3.10/site-packages/airflow/example_dags/example_task_group_decorator.py took 0.109 seconds
[2024-02-29T18:45:23.271+0530] {processor.py:161} INFO - Started process (PID=8012) to work on /home/arun/.local/lib/python3.10/site-packages/airflow/example_dags/example_task_group_decorator.py
[2024-02-29T18:45:23.273+0530] {processor.py:830} INFO - Processing file /home/arun/.local/lib/python3.10/site-packages/airflow/example_dags/example_task_group_decorator.py for tasks to queue
[2024-02-29T18:45:23.274+0530] {logging_mixin.py:188} INFO - [2024-02-29T18:45:23.273+0530] {dagbag.py:538} INFO - Filling up the DagBag from /home/arun/.local/lib/python3.10/site-packages/airflow/example_dags/example_task_group_decorator.py
[2024-02-29T18:45:23.294+0530] {processor.py:840} INFO - DAG(s) 'example_task_group_decorator' retrieved from /home/arun/.local/lib/python3.10/site-packages/airflow/example_dags/example_task_group_decorator.py
[2024-02-29T18:45:23.317+0530] {logging_mixin.py:188} INFO - [2024-02-29T18:45:23.316+0530] {dag.py:3036} INFO - Sync 1 DAGs
[2024-02-29T18:45:23.339+0530] {logging_mixin.py:188} INFO - [2024-02-29T18:45:23.338+0530] {dag.py:3823} INFO - Setting next_dagrun for example_task_group_decorator to 2024-02-28 00:00:00+00:00, run_after=2024-02-29 00:00:00+00:00
[2024-02-29T18:45:23.366+0530] {processor.py:183} INFO - Processing /home/arun/.local/lib/python3.10/site-packages/airflow/example_dags/example_task_group_decorator.py took 0.100 seconds
[2024-02-29T18:46:17.067+0530] {processor.py:161} INFO - Started process (PID=8110) to work on /home/arun/.local/lib/python3.10/site-packages/airflow/example_dags/example_task_group_decorator.py
[2024-02-29T18:46:17.069+0530] {processor.py:830} INFO - Processing file /home/arun/.local/lib/python3.10/site-packages/airflow/example_dags/example_task_group_decorator.py for tasks to queue
[2024-02-29T18:46:17.069+0530] {logging_mixin.py:188} INFO - [2024-02-29T18:46:17.069+0530] {dagbag.py:538} INFO - Filling up the DagBag from /home/arun/.local/lib/python3.10/site-packages/airflow/example_dags/example_task_group_decorator.py
[2024-02-29T18:46:17.085+0530] {processor.py:840} INFO - DAG(s) 'example_task_group_decorator' retrieved from /home/arun/.local/lib/python3.10/site-packages/airflow/example_dags/example_task_group_decorator.py
[2024-02-29T18:46:17.110+0530] {logging_mixin.py:188} INFO - [2024-02-29T18:46:17.110+0530] {dag.py:3036} INFO - Sync 1 DAGs
[2024-02-29T18:46:17.143+0530] {logging_mixin.py:188} INFO - [2024-02-29T18:46:17.143+0530] {dag.py:3823} INFO - Setting next_dagrun for example_task_group_decorator to 2024-02-28 00:00:00+00:00, run_after=2024-02-29 00:00:00+00:00
[2024-02-29T18:46:17.178+0530] {processor.py:183} INFO - Processing /home/arun/.local/lib/python3.10/site-packages/airflow/example_dags/example_task_group_decorator.py took 0.113 seconds
[2024-02-29T18:47:09.950+0530] {processor.py:161} INFO - Started process (PID=8195) to work on /home/arun/.local/lib/python3.10/site-packages/airflow/example_dags/example_task_group_decorator.py
[2024-02-29T18:47:09.952+0530] {processor.py:830} INFO - Processing file /home/arun/.local/lib/python3.10/site-packages/airflow/example_dags/example_task_group_decorator.py for tasks to queue
[2024-02-29T18:47:09.952+0530] {logging_mixin.py:188} INFO - [2024-02-29T18:47:09.952+0530] {dagbag.py:538} INFO - Filling up the DagBag from /home/arun/.local/lib/python3.10/site-packages/airflow/example_dags/example_task_group_decorator.py
[2024-02-29T18:47:09.966+0530] {processor.py:840} INFO - DAG(s) 'example_task_group_decorator' retrieved from /home/arun/.local/lib/python3.10/site-packages/airflow/example_dags/example_task_group_decorator.py
[2024-02-29T18:47:09.985+0530] {logging_mixin.py:188} INFO - [2024-02-29T18:47:09.985+0530] {dag.py:3036} INFO - Sync 1 DAGs
[2024-02-29T18:47:10.006+0530] {logging_mixin.py:188} INFO - [2024-02-29T18:47:10.005+0530] {dag.py:3823} INFO - Setting next_dagrun for example_task_group_decorator to 2024-02-28 00:00:00+00:00, run_after=2024-02-29 00:00:00+00:00
[2024-02-29T18:47:10.035+0530] {processor.py:183} INFO - Processing /home/arun/.local/lib/python3.10/site-packages/airflow/example_dags/example_task_group_decorator.py took 0.088 seconds
[2024-02-29T18:48:01.045+0530] {processor.py:161} INFO - Started process (PID=8277) to work on /home/arun/.local/lib/python3.10/site-packages/airflow/example_dags/example_task_group_decorator.py
[2024-02-29T18:48:01.047+0530] {processor.py:830} INFO - Processing file /home/arun/.local/lib/python3.10/site-packages/airflow/example_dags/example_task_group_decorator.py for tasks to queue
[2024-02-29T18:48:01.048+0530] {logging_mixin.py:188} INFO - [2024-02-29T18:48:01.047+0530] {dagbag.py:538} INFO - Filling up the DagBag from /home/arun/.local/lib/python3.10/site-packages/airflow/example_dags/example_task_group_decorator.py
[2024-02-29T18:48:01.068+0530] {processor.py:840} INFO - DAG(s) 'example_task_group_decorator' retrieved from /home/arun/.local/lib/python3.10/site-packages/airflow/example_dags/example_task_group_decorator.py
[2024-02-29T18:48:01.104+0530] {logging_mixin.py:188} INFO - [2024-02-29T18:48:01.104+0530] {dag.py:3036} INFO - Sync 1 DAGs
[2024-02-29T18:48:01.145+0530] {logging_mixin.py:188} INFO - [2024-02-29T18:48:01.144+0530] {dag.py:3823} INFO - Setting next_dagrun for example_task_group_decorator to 2024-02-28 00:00:00+00:00, run_after=2024-02-29 00:00:00+00:00
[2024-02-29T18:48:01.184+0530] {processor.py:183} INFO - Processing /home/arun/.local/lib/python3.10/site-packages/airflow/example_dags/example_task_group_decorator.py took 0.143 seconds
[2024-02-29T18:48:48.620+0530] {processor.py:161} INFO - Started process (PID=8357) to work on /home/arun/.local/lib/python3.10/site-packages/airflow/example_dags/example_task_group_decorator.py
[2024-02-29T18:48:48.660+0530] {processor.py:830} INFO - Processing file /home/arun/.local/lib/python3.10/site-packages/airflow/example_dags/example_task_group_decorator.py for tasks to queue
[2024-02-29T18:48:48.661+0530] {logging_mixin.py:188} INFO - [2024-02-29T18:48:48.661+0530] {dagbag.py:538} INFO - Filling up the DagBag from /home/arun/.local/lib/python3.10/site-packages/airflow/example_dags/example_task_group_decorator.py
[2024-02-29T18:48:48.677+0530] {processor.py:840} INFO - DAG(s) 'example_task_group_decorator' retrieved from /home/arun/.local/lib/python3.10/site-packages/airflow/example_dags/example_task_group_decorator.py
[2024-02-29T18:48:48.702+0530] {logging_mixin.py:188} INFO - [2024-02-29T18:48:48.701+0530] {dag.py:3036} INFO - Sync 1 DAGs
[2024-02-29T18:48:48.732+0530] {logging_mixin.py:188} INFO - [2024-02-29T18:48:48.732+0530] {dag.py:3823} INFO - Setting next_dagrun for example_task_group_decorator to 2024-02-28 00:00:00+00:00, run_after=2024-02-29 00:00:00+00:00
[2024-02-29T18:48:48.774+0530] {processor.py:183} INFO - Processing /home/arun/.local/lib/python3.10/site-packages/airflow/example_dags/example_task_group_decorator.py took 0.157 seconds
[2024-02-29T18:49:33.826+0530] {processor.py:161} INFO - Started process (PID=8430) to work on /home/arun/.local/lib/python3.10/site-packages/airflow/example_dags/example_task_group_decorator.py
[2024-02-29T18:49:33.828+0530] {processor.py:830} INFO - Processing file /home/arun/.local/lib/python3.10/site-packages/airflow/example_dags/example_task_group_decorator.py for tasks to queue
[2024-02-29T18:49:33.828+0530] {logging_mixin.py:188} INFO - [2024-02-29T18:49:33.828+0530] {dagbag.py:538} INFO - Filling up the DagBag from /home/arun/.local/lib/python3.10/site-packages/airflow/example_dags/example_task_group_decorator.py
[2024-02-29T18:49:33.845+0530] {processor.py:840} INFO - DAG(s) 'example_task_group_decorator' retrieved from /home/arun/.local/lib/python3.10/site-packages/airflow/example_dags/example_task_group_decorator.py
[2024-02-29T18:49:33.874+0530] {logging_mixin.py:188} INFO - [2024-02-29T18:49:33.873+0530] {dag.py:3036} INFO - Sync 1 DAGs
[2024-02-29T18:49:33.909+0530] {logging_mixin.py:188} INFO - [2024-02-29T18:49:33.909+0530] {dag.py:3823} INFO - Setting next_dagrun for example_task_group_decorator to 2024-02-28 00:00:00+00:00, run_after=2024-02-29 00:00:00+00:00
[2024-02-29T18:49:33.953+0530] {processor.py:183} INFO - Processing /home/arun/.local/lib/python3.10/site-packages/airflow/example_dags/example_task_group_decorator.py took 0.130 seconds
[2024-02-29T18:50:22.463+0530] {processor.py:161} INFO - Started process (PID=8509) to work on /home/arun/.local/lib/python3.10/site-packages/airflow/example_dags/example_task_group_decorator.py
[2024-02-29T18:50:22.465+0530] {processor.py:830} INFO - Processing file /home/arun/.local/lib/python3.10/site-packages/airflow/example_dags/example_task_group_decorator.py for tasks to queue
[2024-02-29T18:50:22.466+0530] {logging_mixin.py:188} INFO - [2024-02-29T18:50:22.465+0530] {dagbag.py:538} INFO - Filling up the DagBag from /home/arun/.local/lib/python3.10/site-packages/airflow/example_dags/example_task_group_decorator.py
[2024-02-29T18:50:22.481+0530] {processor.py:840} INFO - DAG(s) 'example_task_group_decorator' retrieved from /home/arun/.local/lib/python3.10/site-packages/airflow/example_dags/example_task_group_decorator.py
[2024-02-29T18:50:22.502+0530] {logging_mixin.py:188} INFO - [2024-02-29T18:50:22.502+0530] {dag.py:3036} INFO - Sync 1 DAGs
[2024-02-29T18:50:22.527+0530] {logging_mixin.py:188} INFO - [2024-02-29T18:50:22.527+0530] {dag.py:3823} INFO - Setting next_dagrun for example_task_group_decorator to 2024-02-28 00:00:00+00:00, run_after=2024-02-29 00:00:00+00:00
[2024-02-29T18:50:22.561+0530] {processor.py:183} INFO - Processing /home/arun/.local/lib/python3.10/site-packages/airflow/example_dags/example_task_group_decorator.py took 0.102 seconds
[2024-02-29T18:51:13.510+0530] {processor.py:161} INFO - Started process (PID=8593) to work on /home/arun/.local/lib/python3.10/site-packages/airflow/example_dags/example_task_group_decorator.py
[2024-02-29T18:51:13.511+0530] {processor.py:830} INFO - Processing file /home/arun/.local/lib/python3.10/site-packages/airflow/example_dags/example_task_group_decorator.py for tasks to queue
[2024-02-29T18:51:13.512+0530] {logging_mixin.py:188} INFO - [2024-02-29T18:51:13.512+0530] {dagbag.py:538} INFO - Filling up the DagBag from /home/arun/.local/lib/python3.10/site-packages/airflow/example_dags/example_task_group_decorator.py
[2024-02-29T18:51:13.527+0530] {processor.py:840} INFO - DAG(s) 'example_task_group_decorator' retrieved from /home/arun/.local/lib/python3.10/site-packages/airflow/example_dags/example_task_group_decorator.py
[2024-02-29T18:51:13.550+0530] {logging_mixin.py:188} INFO - [2024-02-29T18:51:13.550+0530] {dag.py:3036} INFO - Sync 1 DAGs
[2024-02-29T18:51:13.578+0530] {logging_mixin.py:188} INFO - [2024-02-29T18:51:13.578+0530] {dag.py:3823} INFO - Setting next_dagrun for example_task_group_decorator to 2024-02-28 00:00:00+00:00, run_after=2024-02-29 00:00:00+00:00
[2024-02-29T18:51:13.612+0530] {processor.py:183} INFO - Processing /home/arun/.local/lib/python3.10/site-packages/airflow/example_dags/example_task_group_decorator.py took 0.105 seconds
[2024-02-29T18:52:06.352+0530] {processor.py:161} INFO - Started process (PID=8769) to work on /home/arun/.local/lib/python3.10/site-packages/airflow/example_dags/example_task_group_decorator.py
[2024-02-29T18:52:06.354+0530] {processor.py:830} INFO - Processing file /home/arun/.local/lib/python3.10/site-packages/airflow/example_dags/example_task_group_decorator.py for tasks to queue
[2024-02-29T18:52:06.355+0530] {logging_mixin.py:188} INFO - [2024-02-29T18:52:06.354+0530] {dagbag.py:538} INFO - Filling up the DagBag from /home/arun/.local/lib/python3.10/site-packages/airflow/example_dags/example_task_group_decorator.py
[2024-02-29T18:52:06.372+0530] {processor.py:840} INFO - DAG(s) 'example_task_group_decorator' retrieved from /home/arun/.local/lib/python3.10/site-packages/airflow/example_dags/example_task_group_decorator.py
[2024-02-29T18:52:06.394+0530] {logging_mixin.py:188} INFO - [2024-02-29T18:52:06.394+0530] {dag.py:3036} INFO - Sync 1 DAGs
[2024-02-29T18:52:06.418+0530] {logging_mixin.py:188} INFO - [2024-02-29T18:52:06.418+0530] {dag.py:3823} INFO - Setting next_dagrun for example_task_group_decorator to 2024-02-28 00:00:00+00:00, run_after=2024-02-29 00:00:00+00:00
[2024-02-29T18:52:06.451+0530] {processor.py:183} INFO - Processing /home/arun/.local/lib/python3.10/site-packages/airflow/example_dags/example_task_group_decorator.py took 0.103 seconds
[2024-02-29T18:52:59.283+0530] {processor.py:161} INFO - Started process (PID=8851) to work on /home/arun/.local/lib/python3.10/site-packages/airflow/example_dags/example_task_group_decorator.py
[2024-02-29T18:52:59.321+0530] {processor.py:830} INFO - Processing file /home/arun/.local/lib/python3.10/site-packages/airflow/example_dags/example_task_group_decorator.py for tasks to queue
[2024-02-29T18:52:59.324+0530] {logging_mixin.py:188} INFO - [2024-02-29T18:52:59.323+0530] {dagbag.py:538} INFO - Filling up the DagBag from /home/arun/.local/lib/python3.10/site-packages/airflow/example_dags/example_task_group_decorator.py
[2024-02-29T18:52:59.366+0530] {processor.py:840} INFO - DAG(s) 'example_task_group_decorator' retrieved from /home/arun/.local/lib/python3.10/site-packages/airflow/example_dags/example_task_group_decorator.py
[2024-02-29T18:52:59.412+0530] {logging_mixin.py:188} INFO - [2024-02-29T18:52:59.412+0530] {dag.py:3036} INFO - Sync 1 DAGs
[2024-02-29T18:52:59.454+0530] {logging_mixin.py:188} INFO - [2024-02-29T18:52:59.454+0530] {dag.py:3823} INFO - Setting next_dagrun for example_task_group_decorator to 2024-02-28 00:00:00+00:00, run_after=2024-02-29 00:00:00+00:00
[2024-02-29T18:52:59.561+0530] {processor.py:183} INFO - Processing /home/arun/.local/lib/python3.10/site-packages/airflow/example_dags/example_task_group_decorator.py took 0.286 seconds
[2024-02-29T18:53:52.395+0530] {processor.py:161} INFO - Started process (PID=8935) to work on /home/arun/.local/lib/python3.10/site-packages/airflow/example_dags/example_task_group_decorator.py
[2024-02-29T18:53:52.397+0530] {processor.py:830} INFO - Processing file /home/arun/.local/lib/python3.10/site-packages/airflow/example_dags/example_task_group_decorator.py for tasks to queue
[2024-02-29T18:53:52.398+0530] {logging_mixin.py:188} INFO - [2024-02-29T18:53:52.398+0530] {dagbag.py:538} INFO - Filling up the DagBag from /home/arun/.local/lib/python3.10/site-packages/airflow/example_dags/example_task_group_decorator.py
[2024-02-29T18:53:52.419+0530] {processor.py:840} INFO - DAG(s) 'example_task_group_decorator' retrieved from /home/arun/.local/lib/python3.10/site-packages/airflow/example_dags/example_task_group_decorator.py
[2024-02-29T18:53:52.448+0530] {logging_mixin.py:188} INFO - [2024-02-29T18:53:52.448+0530] {dag.py:3036} INFO - Sync 1 DAGs
[2024-02-29T18:53:52.487+0530] {logging_mixin.py:188} INFO - [2024-02-29T18:53:52.486+0530] {dag.py:3823} INFO - Setting next_dagrun for example_task_group_decorator to 2024-02-28 00:00:00+00:00, run_after=2024-02-29 00:00:00+00:00
[2024-02-29T18:53:52.548+0530] {processor.py:183} INFO - Processing /home/arun/.local/lib/python3.10/site-packages/airflow/example_dags/example_task_group_decorator.py took 0.158 seconds
[2024-02-29T18:54:42.802+0530] {processor.py:161} INFO - Started process (PID=9206) to work on /home/arun/.local/lib/python3.10/site-packages/airflow/example_dags/example_task_group_decorator.py
[2024-02-29T18:54:42.804+0530] {processor.py:830} INFO - Processing file /home/arun/.local/lib/python3.10/site-packages/airflow/example_dags/example_task_group_decorator.py for tasks to queue
[2024-02-29T18:54:42.806+0530] {logging_mixin.py:188} INFO - [2024-02-29T18:54:42.805+0530] {dagbag.py:538} INFO - Filling up the DagBag from /home/arun/.local/lib/python3.10/site-packages/airflow/example_dags/example_task_group_decorator.py
[2024-02-29T18:54:42.838+0530] {processor.py:840} INFO - DAG(s) 'example_task_group_decorator' retrieved from /home/arun/.local/lib/python3.10/site-packages/airflow/example_dags/example_task_group_decorator.py
[2024-02-29T18:54:42.875+0530] {logging_mixin.py:188} INFO - [2024-02-29T18:54:42.875+0530] {dag.py:3036} INFO - Sync 1 DAGs
[2024-02-29T18:54:42.910+0530] {logging_mixin.py:188} INFO - [2024-02-29T18:54:42.909+0530] {dag.py:3823} INFO - Setting next_dagrun for example_task_group_decorator to 2024-02-28 00:00:00+00:00, run_after=2024-02-29 00:00:00+00:00
[2024-02-29T18:54:42.948+0530] {processor.py:183} INFO - Processing /home/arun/.local/lib/python3.10/site-packages/airflow/example_dags/example_task_group_decorator.py took 0.152 seconds
[2024-02-29T18:55:35.018+0530] {processor.py:161} INFO - Started process (PID=9344) to work on /home/arun/.local/lib/python3.10/site-packages/airflow/example_dags/example_task_group_decorator.py
[2024-02-29T18:55:35.072+0530] {processor.py:830} INFO - Processing file /home/arun/.local/lib/python3.10/site-packages/airflow/example_dags/example_task_group_decorator.py for tasks to queue
[2024-02-29T18:55:35.081+0530] {logging_mixin.py:188} INFO - [2024-02-29T18:55:35.080+0530] {dagbag.py:538} INFO - Filling up the DagBag from /home/arun/.local/lib/python3.10/site-packages/airflow/example_dags/example_task_group_decorator.py
[2024-02-29T18:55:35.135+0530] {processor.py:840} INFO - DAG(s) 'example_task_group_decorator' retrieved from /home/arun/.local/lib/python3.10/site-packages/airflow/example_dags/example_task_group_decorator.py
[2024-02-29T18:55:35.174+0530] {logging_mixin.py:188} INFO - [2024-02-29T18:55:35.174+0530] {dag.py:3036} INFO - Sync 1 DAGs
[2024-02-29T18:55:35.214+0530] {logging_mixin.py:188} INFO - [2024-02-29T18:55:35.213+0530] {dag.py:3823} INFO - Setting next_dagrun for example_task_group_decorator to 2024-02-28 00:00:00+00:00, run_after=2024-02-29 00:00:00+00:00
[2024-02-29T18:55:35.282+0530] {processor.py:183} INFO - Processing /home/arun/.local/lib/python3.10/site-packages/airflow/example_dags/example_task_group_decorator.py took 0.271 seconds
[2024-02-29T18:56:37.072+0530] {processor.py:161} INFO - Started process (PID=9464) to work on /home/arun/.local/lib/python3.10/site-packages/airflow/example_dags/example_task_group_decorator.py
[2024-02-29T18:56:37.074+0530] {processor.py:830} INFO - Processing file /home/arun/.local/lib/python3.10/site-packages/airflow/example_dags/example_task_group_decorator.py for tasks to queue
[2024-02-29T18:56:37.075+0530] {logging_mixin.py:188} INFO - [2024-02-29T18:56:37.074+0530] {dagbag.py:538} INFO - Filling up the DagBag from /home/arun/.local/lib/python3.10/site-packages/airflow/example_dags/example_task_group_decorator.py
[2024-02-29T18:56:37.138+0530] {processor.py:840} INFO - DAG(s) 'example_task_group_decorator' retrieved from /home/arun/.local/lib/python3.10/site-packages/airflow/example_dags/example_task_group_decorator.py
[2024-02-29T18:56:37.183+0530] {logging_mixin.py:188} INFO - [2024-02-29T18:56:37.182+0530] {dag.py:3036} INFO - Sync 1 DAGs
[2024-02-29T18:56:37.216+0530] {logging_mixin.py:188} INFO - [2024-02-29T18:56:37.215+0530] {dag.py:3823} INFO - Setting next_dagrun for example_task_group_decorator to 2024-02-28 00:00:00+00:00, run_after=2024-02-29 00:00:00+00:00
[2024-02-29T18:56:37.248+0530] {processor.py:183} INFO - Processing /home/arun/.local/lib/python3.10/site-packages/airflow/example_dags/example_task_group_decorator.py took 0.182 seconds
[2024-02-29T18:57:32.861+0530] {processor.py:161} INFO - Started process (PID=9564) to work on /home/arun/.local/lib/python3.10/site-packages/airflow/example_dags/example_task_group_decorator.py
[2024-02-29T18:57:32.863+0530] {processor.py:830} INFO - Processing file /home/arun/.local/lib/python3.10/site-packages/airflow/example_dags/example_task_group_decorator.py for tasks to queue
[2024-02-29T18:57:32.864+0530] {logging_mixin.py:188} INFO - [2024-02-29T18:57:32.864+0530] {dagbag.py:538} INFO - Filling up the DagBag from /home/arun/.local/lib/python3.10/site-packages/airflow/example_dags/example_task_group_decorator.py
[2024-02-29T18:57:32.908+0530] {processor.py:840} INFO - DAG(s) 'example_task_group_decorator' retrieved from /home/arun/.local/lib/python3.10/site-packages/airflow/example_dags/example_task_group_decorator.py
[2024-02-29T18:57:32.992+0530] {logging_mixin.py:188} INFO - [2024-02-29T18:57:32.992+0530] {dag.py:3036} INFO - Sync 1 DAGs
[2024-02-29T18:57:33.076+0530] {logging_mixin.py:188} INFO - [2024-02-29T18:57:33.071+0530] {dag.py:3823} INFO - Setting next_dagrun for example_task_group_decorator to 2024-02-28 00:00:00+00:00, run_after=2024-02-29 00:00:00+00:00
[2024-02-29T18:57:33.146+0530] {processor.py:183} INFO - Processing /home/arun/.local/lib/python3.10/site-packages/airflow/example_dags/example_task_group_decorator.py took 0.291 seconds
[2024-02-29T18:58:29.637+0530] {processor.py:161} INFO - Started process (PID=9650) to work on /home/arun/.local/lib/python3.10/site-packages/airflow/example_dags/example_task_group_decorator.py
[2024-02-29T18:58:29.687+0530] {processor.py:830} INFO - Processing file /home/arun/.local/lib/python3.10/site-packages/airflow/example_dags/example_task_group_decorator.py for tasks to queue
[2024-02-29T18:58:29.691+0530] {logging_mixin.py:188} INFO - [2024-02-29T18:58:29.690+0530] {dagbag.py:538} INFO - Filling up the DagBag from /home/arun/.local/lib/python3.10/site-packages/airflow/example_dags/example_task_group_decorator.py
[2024-02-29T18:58:29.743+0530] {processor.py:840} INFO - DAG(s) 'example_task_group_decorator' retrieved from /home/arun/.local/lib/python3.10/site-packages/airflow/example_dags/example_task_group_decorator.py
[2024-02-29T18:58:29.778+0530] {logging_mixin.py:188} INFO - [2024-02-29T18:58:29.778+0530] {dag.py:3036} INFO - Sync 1 DAGs
[2024-02-29T18:58:29.827+0530] {logging_mixin.py:188} INFO - [2024-02-29T18:58:29.827+0530] {dag.py:3823} INFO - Setting next_dagrun for example_task_group_decorator to 2024-02-28 00:00:00+00:00, run_after=2024-02-29 00:00:00+00:00
[2024-02-29T18:58:29.899+0530] {processor.py:183} INFO - Processing /home/arun/.local/lib/python3.10/site-packages/airflow/example_dags/example_task_group_decorator.py took 0.266 seconds
[2024-02-29T18:59:28.103+0530] {processor.py:161} INFO - Started process (PID=9764) to work on /home/arun/.local/lib/python3.10/site-packages/airflow/example_dags/example_task_group_decorator.py
[2024-02-29T18:59:28.140+0530] {processor.py:830} INFO - Processing file /home/arun/.local/lib/python3.10/site-packages/airflow/example_dags/example_task_group_decorator.py for tasks to queue
[2024-02-29T18:59:28.141+0530] {logging_mixin.py:188} INFO - [2024-02-29T18:59:28.140+0530] {dagbag.py:538} INFO - Filling up the DagBag from /home/arun/.local/lib/python3.10/site-packages/airflow/example_dags/example_task_group_decorator.py
[2024-02-29T18:59:28.154+0530] {processor.py:840} INFO - DAG(s) 'example_task_group_decorator' retrieved from /home/arun/.local/lib/python3.10/site-packages/airflow/example_dags/example_task_group_decorator.py
[2024-02-29T18:59:28.175+0530] {logging_mixin.py:188} INFO - [2024-02-29T18:59:28.174+0530] {dag.py:3036} INFO - Sync 1 DAGs
[2024-02-29T18:59:28.200+0530] {logging_mixin.py:188} INFO - [2024-02-29T18:59:28.200+0530] {dag.py:3823} INFO - Setting next_dagrun for example_task_group_decorator to 2024-02-28 00:00:00+00:00, run_after=2024-02-29 00:00:00+00:00
[2024-02-29T18:59:28.230+0530] {processor.py:183} INFO - Processing /home/arun/.local/lib/python3.10/site-packages/airflow/example_dags/example_task_group_decorator.py took 0.130 seconds
[2024-02-29T19:00:19.471+0530] {processor.py:161} INFO - Started process (PID=9850) to work on /home/arun/.local/lib/python3.10/site-packages/airflow/example_dags/example_task_group_decorator.py
[2024-02-29T19:00:19.473+0530] {processor.py:830} INFO - Processing file /home/arun/.local/lib/python3.10/site-packages/airflow/example_dags/example_task_group_decorator.py for tasks to queue
[2024-02-29T19:00:19.474+0530] {logging_mixin.py:188} INFO - [2024-02-29T19:00:19.474+0530] {dagbag.py:538} INFO - Filling up the DagBag from /home/arun/.local/lib/python3.10/site-packages/airflow/example_dags/example_task_group_decorator.py
[2024-02-29T19:00:19.501+0530] {processor.py:840} INFO - DAG(s) 'example_task_group_decorator' retrieved from /home/arun/.local/lib/python3.10/site-packages/airflow/example_dags/example_task_group_decorator.py
[2024-02-29T19:00:19.537+0530] {logging_mixin.py:188} INFO - [2024-02-29T19:00:19.537+0530] {dag.py:3036} INFO - Sync 1 DAGs
[2024-02-29T19:00:19.574+0530] {logging_mixin.py:188} INFO - [2024-02-29T19:00:19.574+0530] {dag.py:3823} INFO - Setting next_dagrun for example_task_group_decorator to 2024-02-28 00:00:00+00:00, run_after=2024-02-29 00:00:00+00:00
[2024-02-29T19:00:19.611+0530] {processor.py:183} INFO - Processing /home/arun/.local/lib/python3.10/site-packages/airflow/example_dags/example_task_group_decorator.py took 0.146 seconds
[2024-02-29T19:01:10.622+0530] {processor.py:161} INFO - Started process (PID=9936) to work on /home/arun/.local/lib/python3.10/site-packages/airflow/example_dags/example_task_group_decorator.py
[2024-02-29T19:01:10.624+0530] {processor.py:830} INFO - Processing file /home/arun/.local/lib/python3.10/site-packages/airflow/example_dags/example_task_group_decorator.py for tasks to queue
[2024-02-29T19:01:10.625+0530] {logging_mixin.py:188} INFO - [2024-02-29T19:01:10.624+0530] {dagbag.py:538} INFO - Filling up the DagBag from /home/arun/.local/lib/python3.10/site-packages/airflow/example_dags/example_task_group_decorator.py
[2024-02-29T19:01:10.647+0530] {processor.py:840} INFO - DAG(s) 'example_task_group_decorator' retrieved from /home/arun/.local/lib/python3.10/site-packages/airflow/example_dags/example_task_group_decorator.py
[2024-02-29T19:01:10.700+0530] {logging_mixin.py:188} INFO - [2024-02-29T19:01:10.700+0530] {dag.py:3036} INFO - Sync 1 DAGs
[2024-02-29T19:01:10.730+0530] {logging_mixin.py:188} INFO - [2024-02-29T19:01:10.729+0530] {dag.py:3823} INFO - Setting next_dagrun for example_task_group_decorator to 2024-02-28 00:00:00+00:00, run_after=2024-02-29 00:00:00+00:00
[2024-02-29T19:01:10.766+0530] {processor.py:183} INFO - Processing /home/arun/.local/lib/python3.10/site-packages/airflow/example_dags/example_task_group_decorator.py took 0.148 seconds
[2024-02-29T19:02:03.816+0530] {processor.py:161} INFO - Started process (PID=10021) to work on /home/arun/.local/lib/python3.10/site-packages/airflow/example_dags/example_task_group_decorator.py
[2024-02-29T19:02:03.820+0530] {processor.py:830} INFO - Processing file /home/arun/.local/lib/python3.10/site-packages/airflow/example_dags/example_task_group_decorator.py for tasks to queue
[2024-02-29T19:02:03.821+0530] {logging_mixin.py:188} INFO - [2024-02-29T19:02:03.821+0530] {dagbag.py:538} INFO - Filling up the DagBag from /home/arun/.local/lib/python3.10/site-packages/airflow/example_dags/example_task_group_decorator.py
[2024-02-29T19:02:03.849+0530] {processor.py:840} INFO - DAG(s) 'example_task_group_decorator' retrieved from /home/arun/.local/lib/python3.10/site-packages/airflow/example_dags/example_task_group_decorator.py
[2024-02-29T19:02:03.875+0530] {logging_mixin.py:188} INFO - [2024-02-29T19:02:03.875+0530] {dag.py:3036} INFO - Sync 1 DAGs
[2024-02-29T19:02:03.902+0530] {logging_mixin.py:188} INFO - [2024-02-29T19:02:03.902+0530] {dag.py:3823} INFO - Setting next_dagrun for example_task_group_decorator to 2024-02-28 00:00:00+00:00, run_after=2024-02-29 00:00:00+00:00
[2024-02-29T19:02:03.929+0530] {processor.py:183} INFO - Processing /home/arun/.local/lib/python3.10/site-packages/airflow/example_dags/example_task_group_decorator.py took 0.120 seconds
[2024-02-29T19:02:55.519+0530] {processor.py:161} INFO - Started process (PID=10104) to work on /home/arun/.local/lib/python3.10/site-packages/airflow/example_dags/example_task_group_decorator.py
[2024-02-29T19:02:55.521+0530] {processor.py:830} INFO - Processing file /home/arun/.local/lib/python3.10/site-packages/airflow/example_dags/example_task_group_decorator.py for tasks to queue
[2024-02-29T19:02:55.522+0530] {logging_mixin.py:188} INFO - [2024-02-29T19:02:55.522+0530] {dagbag.py:538} INFO - Filling up the DagBag from /home/arun/.local/lib/python3.10/site-packages/airflow/example_dags/example_task_group_decorator.py
[2024-02-29T19:02:55.544+0530] {processor.py:840} INFO - DAG(s) 'example_task_group_decorator' retrieved from /home/arun/.local/lib/python3.10/site-packages/airflow/example_dags/example_task_group_decorator.py
[2024-02-29T19:02:55.569+0530] {logging_mixin.py:188} INFO - [2024-02-29T19:02:55.568+0530] {dag.py:3036} INFO - Sync 1 DAGs
[2024-02-29T19:02:55.595+0530] {logging_mixin.py:188} INFO - [2024-02-29T19:02:55.594+0530] {dag.py:3823} INFO - Setting next_dagrun for example_task_group_decorator to 2024-02-28 00:00:00+00:00, run_after=2024-02-29 00:00:00+00:00
[2024-02-29T19:02:55.634+0530] {processor.py:183} INFO - Processing /home/arun/.local/lib/python3.10/site-packages/airflow/example_dags/example_task_group_decorator.py took 0.124 seconds
[2024-02-29T19:03:44.092+0530] {processor.py:161} INFO - Started process (PID=10182) to work on /home/arun/.local/lib/python3.10/site-packages/airflow/example_dags/example_task_group_decorator.py
[2024-02-29T19:03:44.094+0530] {processor.py:830} INFO - Processing file /home/arun/.local/lib/python3.10/site-packages/airflow/example_dags/example_task_group_decorator.py for tasks to queue
[2024-02-29T19:03:44.095+0530] {logging_mixin.py:188} INFO - [2024-02-29T19:03:44.095+0530] {dagbag.py:538} INFO - Filling up the DagBag from /home/arun/.local/lib/python3.10/site-packages/airflow/example_dags/example_task_group_decorator.py
[2024-02-29T19:03:44.115+0530] {processor.py:840} INFO - DAG(s) 'example_task_group_decorator' retrieved from /home/arun/.local/lib/python3.10/site-packages/airflow/example_dags/example_task_group_decorator.py
[2024-02-29T19:03:44.147+0530] {logging_mixin.py:188} INFO - [2024-02-29T19:03:44.147+0530] {dag.py:3036} INFO - Sync 1 DAGs
[2024-02-29T19:03:44.186+0530] {logging_mixin.py:188} INFO - [2024-02-29T19:03:44.185+0530] {dag.py:3823} INFO - Setting next_dagrun for example_task_group_decorator to 2024-02-28 00:00:00+00:00, run_after=2024-02-29 00:00:00+00:00
[2024-02-29T19:03:44.267+0530] {processor.py:183} INFO - Processing /home/arun/.local/lib/python3.10/site-packages/airflow/example_dags/example_task_group_decorator.py took 0.178 seconds
[2024-02-29T19:04:32.373+0530] {processor.py:161} INFO - Started process (PID=10285) to work on /home/arun/.local/lib/python3.10/site-packages/airflow/example_dags/example_task_group_decorator.py
[2024-02-29T19:04:32.386+0530] {processor.py:830} INFO - Processing file /home/arun/.local/lib/python3.10/site-packages/airflow/example_dags/example_task_group_decorator.py for tasks to queue
[2024-02-29T19:04:32.388+0530] {logging_mixin.py:188} INFO - [2024-02-29T19:04:32.387+0530] {dagbag.py:538} INFO - Filling up the DagBag from /home/arun/.local/lib/python3.10/site-packages/airflow/example_dags/example_task_group_decorator.py
[2024-02-29T19:04:32.407+0530] {processor.py:840} INFO - DAG(s) 'example_task_group_decorator' retrieved from /home/arun/.local/lib/python3.10/site-packages/airflow/example_dags/example_task_group_decorator.py
[2024-02-29T19:04:32.435+0530] {logging_mixin.py:188} INFO - [2024-02-29T19:04:32.435+0530] {dag.py:3036} INFO - Sync 1 DAGs
[2024-02-29T19:04:32.468+0530] {logging_mixin.py:188} INFO - [2024-02-29T19:04:32.468+0530] {dag.py:3823} INFO - Setting next_dagrun for example_task_group_decorator to 2024-02-28 00:00:00+00:00, run_after=2024-02-29 00:00:00+00:00
[2024-02-29T19:04:32.508+0530] {processor.py:183} INFO - Processing /home/arun/.local/lib/python3.10/site-packages/airflow/example_dags/example_task_group_decorator.py took 0.140 seconds
[2024-02-29T19:05:27.072+0530] {processor.py:161} INFO - Started process (PID=10391) to work on /home/arun/.local/lib/python3.10/site-packages/airflow/example_dags/example_task_group_decorator.py
[2024-02-29T19:05:27.130+0530] {processor.py:830} INFO - Processing file /home/arun/.local/lib/python3.10/site-packages/airflow/example_dags/example_task_group_decorator.py for tasks to queue
[2024-02-29T19:05:27.132+0530] {logging_mixin.py:188} INFO - [2024-02-29T19:05:27.131+0530] {dagbag.py:538} INFO - Filling up the DagBag from /home/arun/.local/lib/python3.10/site-packages/airflow/example_dags/example_task_group_decorator.py
[2024-02-29T19:05:27.188+0530] {processor.py:840} INFO - DAG(s) 'example_task_group_decorator' retrieved from /home/arun/.local/lib/python3.10/site-packages/airflow/example_dags/example_task_group_decorator.py
[2024-02-29T19:05:27.234+0530] {logging_mixin.py:188} INFO - [2024-02-29T19:05:27.234+0530] {dag.py:3036} INFO - Sync 1 DAGs
[2024-02-29T19:05:27.277+0530] {logging_mixin.py:188} INFO - [2024-02-29T19:05:27.277+0530] {dag.py:3823} INFO - Setting next_dagrun for example_task_group_decorator to 2024-02-28 00:00:00+00:00, run_after=2024-02-29 00:00:00+00:00
[2024-02-29T19:05:27.375+0530] {processor.py:183} INFO - Processing /home/arun/.local/lib/python3.10/site-packages/airflow/example_dags/example_task_group_decorator.py took 0.306 seconds
[2024-02-29T19:06:57.957+0530] {processor.py:161} INFO - Started process (PID=10721) to work on /home/arun/.local/lib/python3.10/site-packages/airflow/example_dags/example_task_group_decorator.py
[2024-02-29T19:06:57.960+0530] {processor.py:830} INFO - Processing file /home/arun/.local/lib/python3.10/site-packages/airflow/example_dags/example_task_group_decorator.py for tasks to queue
[2024-02-29T19:06:57.962+0530] {logging_mixin.py:188} INFO - [2024-02-29T19:06:57.961+0530] {dagbag.py:538} INFO - Filling up the DagBag from /home/arun/.local/lib/python3.10/site-packages/airflow/example_dags/example_task_group_decorator.py
[2024-02-29T19:06:57.989+0530] {processor.py:840} INFO - DAG(s) 'example_task_group_decorator' retrieved from /home/arun/.local/lib/python3.10/site-packages/airflow/example_dags/example_task_group_decorator.py
[2024-02-29T19:06:58.019+0530] {logging_mixin.py:188} INFO - [2024-02-29T19:06:58.018+0530] {dag.py:3036} INFO - Sync 1 DAGs
[2024-02-29T19:06:58.071+0530] {logging_mixin.py:188} INFO - [2024-02-29T19:06:58.070+0530] {dag.py:3823} INFO - Setting next_dagrun for example_task_group_decorator to 2024-02-28 00:00:00+00:00, run_after=2024-02-29 00:00:00+00:00
[2024-02-29T19:06:58.208+0530] {processor.py:183} INFO - Processing /home/arun/.local/lib/python3.10/site-packages/airflow/example_dags/example_task_group_decorator.py took 0.257 seconds
