[2024-02-29T18:15:47.687+0530] {processor.py:161} INFO - Started process (PID=5193) to work on /home/arun/.local/lib/python3.10/site-packages/airflow/example_dags/example_latest_only_with_trigger.py
[2024-02-29T18:15:47.696+0530] {processor.py:830} INFO - Processing file /home/arun/.local/lib/python3.10/site-packages/airflow/example_dags/example_latest_only_with_trigger.py for tasks to queue
[2024-02-29T18:15:47.705+0530] {logging_mixin.py:188} INFO - [2024-02-29T18:15:47.703+0530] {dagbag.py:538} INFO - Filling up the DagBag from /home/arun/.local/lib/python3.10/site-packages/airflow/example_dags/example_latest_only_with_trigger.py
[2024-02-29T18:15:47.717+0530] {processor.py:840} INFO - DAG(s) 'latest_only_with_trigger' retrieved from /home/arun/.local/lib/python3.10/site-packages/airflow/example_dags/example_latest_only_with_trigger.py
[2024-02-29T18:15:47.960+0530] {logging_mixin.py:188} INFO - [2024-02-29T18:15:47.960+0530] {dag.py:3036} INFO - Sync 1 DAGs
[2024-02-29T18:15:48.287+0530] {logging_mixin.py:188} INFO - [2024-02-29T18:15:48.286+0530] {dag.py:3823} INFO - Setting next_dagrun for latest_only_with_trigger to 2024-02-29 08:00:00+00:00, run_after=2024-02-29 12:00:00+00:00
[2024-02-29T18:15:48.374+0530] {processor.py:183} INFO - Processing /home/arun/.local/lib/python3.10/site-packages/airflow/example_dags/example_latest_only_with_trigger.py took 0.716 seconds
[2024-02-29T18:17:08.655+0530] {processor.py:161} INFO - Started process (PID=5255) to work on /home/arun/.local/lib/python3.10/site-packages/airflow/example_dags/example_latest_only_with_trigger.py
[2024-02-29T18:17:08.676+0530] {processor.py:830} INFO - Processing file /home/arun/.local/lib/python3.10/site-packages/airflow/example_dags/example_latest_only_with_trigger.py for tasks to queue
[2024-02-29T18:17:08.678+0530] {logging_mixin.py:188} INFO - [2024-02-29T18:17:08.677+0530] {dagbag.py:538} INFO - Filling up the DagBag from /home/arun/.local/lib/python3.10/site-packages/airflow/example_dags/example_latest_only_with_trigger.py
[2024-02-29T18:17:08.689+0530] {processor.py:840} INFO - DAG(s) 'latest_only_with_trigger' retrieved from /home/arun/.local/lib/python3.10/site-packages/airflow/example_dags/example_latest_only_with_trigger.py
[2024-02-29T18:17:08.737+0530] {logging_mixin.py:188} INFO - [2024-02-29T18:17:08.737+0530] {dag.py:3036} INFO - Sync 1 DAGs
[2024-02-29T18:17:08.800+0530] {logging_mixin.py:188} INFO - [2024-02-29T18:17:08.799+0530] {dag.py:3823} INFO - Setting next_dagrun for latest_only_with_trigger to 2024-02-29 08:00:00+00:00, run_after=2024-02-29 12:00:00+00:00
[2024-02-29T18:17:09.573+0530] {processor.py:183} INFO - Processing /home/arun/.local/lib/python3.10/site-packages/airflow/example_dags/example_latest_only_with_trigger.py took 0.939 seconds
[2024-02-29T18:18:45.885+0530] {processor.py:161} INFO - Started process (PID=5398) to work on /home/arun/.local/lib/python3.10/site-packages/airflow/example_dags/example_latest_only_with_trigger.py
[2024-02-29T18:18:45.889+0530] {processor.py:830} INFO - Processing file /home/arun/.local/lib/python3.10/site-packages/airflow/example_dags/example_latest_only_with_trigger.py for tasks to queue
[2024-02-29T18:18:45.890+0530] {logging_mixin.py:188} INFO - [2024-02-29T18:18:45.890+0530] {dagbag.py:538} INFO - Filling up the DagBag from /home/arun/.local/lib/python3.10/site-packages/airflow/example_dags/example_latest_only_with_trigger.py
[2024-02-29T18:18:45.917+0530] {processor.py:840} INFO - DAG(s) 'latest_only_with_trigger' retrieved from /home/arun/.local/lib/python3.10/site-packages/airflow/example_dags/example_latest_only_with_trigger.py
[2024-02-29T18:18:45.962+0530] {logging_mixin.py:188} INFO - [2024-02-29T18:18:45.962+0530] {dag.py:3036} INFO - Sync 1 DAGs
[2024-02-29T18:18:46.037+0530] {logging_mixin.py:188} INFO - [2024-02-29T18:18:46.036+0530] {dag.py:3823} INFO - Setting next_dagrun for latest_only_with_trigger to 2024-02-29 08:00:00+00:00, run_after=2024-02-29 12:00:00+00:00
[2024-02-29T18:18:46.169+0530] {processor.py:183} INFO - Processing /home/arun/.local/lib/python3.10/site-packages/airflow/example_dags/example_latest_only_with_trigger.py took 0.294 seconds
[2024-02-29T18:20:50.350+0530] {processor.py:161} INFO - Started process (PID=5495) to work on /home/arun/.local/lib/python3.10/site-packages/airflow/example_dags/example_latest_only_with_trigger.py
[2024-02-29T18:20:50.361+0530] {processor.py:830} INFO - Processing file /home/arun/.local/lib/python3.10/site-packages/airflow/example_dags/example_latest_only_with_trigger.py for tasks to queue
[2024-02-29T18:20:50.363+0530] {logging_mixin.py:188} INFO - [2024-02-29T18:20:50.362+0530] {dagbag.py:538} INFO - Filling up the DagBag from /home/arun/.local/lib/python3.10/site-packages/airflow/example_dags/example_latest_only_with_trigger.py
[2024-02-29T18:20:50.380+0530] {processor.py:840} INFO - DAG(s) 'latest_only_with_trigger' retrieved from /home/arun/.local/lib/python3.10/site-packages/airflow/example_dags/example_latest_only_with_trigger.py
[2024-02-29T18:20:50.446+0530] {logging_mixin.py:188} INFO - [2024-02-29T18:20:50.445+0530] {dag.py:3036} INFO - Sync 1 DAGs
[2024-02-29T18:20:50.484+0530] {logging_mixin.py:188} INFO - [2024-02-29T18:20:50.483+0530] {dag.py:3823} INFO - Setting next_dagrun for latest_only_with_trigger to 2024-02-29 08:00:00+00:00, run_after=2024-02-29 12:00:00+00:00
[2024-02-29T18:20:50.770+0530] {processor.py:183} INFO - Processing /home/arun/.local/lib/python3.10/site-packages/airflow/example_dags/example_latest_only_with_trigger.py took 0.426 seconds
[2024-02-29T18:21:54.092+0530] {processor.py:161} INFO - Started process (PID=5646) to work on /home/arun/.local/lib/python3.10/site-packages/airflow/example_dags/example_latest_only_with_trigger.py
[2024-02-29T18:21:54.094+0530] {processor.py:830} INFO - Processing file /home/arun/.local/lib/python3.10/site-packages/airflow/example_dags/example_latest_only_with_trigger.py for tasks to queue
[2024-02-29T18:21:54.095+0530] {logging_mixin.py:188} INFO - [2024-02-29T18:21:54.095+0530] {dagbag.py:538} INFO - Filling up the DagBag from /home/arun/.local/lib/python3.10/site-packages/airflow/example_dags/example_latest_only_with_trigger.py
[2024-02-29T18:21:54.103+0530] {processor.py:840} INFO - DAG(s) 'latest_only_with_trigger' retrieved from /home/arun/.local/lib/python3.10/site-packages/airflow/example_dags/example_latest_only_with_trigger.py
[2024-02-29T18:21:54.122+0530] {logging_mixin.py:188} INFO - [2024-02-29T18:21:54.122+0530] {dag.py:3036} INFO - Sync 1 DAGs
[2024-02-29T18:21:54.148+0530] {logging_mixin.py:188} INFO - [2024-02-29T18:21:54.147+0530] {dag.py:3823} INFO - Setting next_dagrun for latest_only_with_trigger to 2024-02-29 08:00:00+00:00, run_after=2024-02-29 12:00:00+00:00
[2024-02-29T18:21:54.185+0530] {processor.py:183} INFO - Processing /home/arun/.local/lib/python3.10/site-packages/airflow/example_dags/example_latest_only_with_trigger.py took 0.097 seconds
[2024-02-29T18:22:50.863+0530] {processor.py:161} INFO - Started process (PID=5728) to work on /home/arun/.local/lib/python3.10/site-packages/airflow/example_dags/example_latest_only_with_trigger.py
[2024-02-29T18:22:50.864+0530] {processor.py:830} INFO - Processing file /home/arun/.local/lib/python3.10/site-packages/airflow/example_dags/example_latest_only_with_trigger.py for tasks to queue
[2024-02-29T18:22:50.865+0530] {logging_mixin.py:188} INFO - [2024-02-29T18:22:50.865+0530] {dagbag.py:538} INFO - Filling up the DagBag from /home/arun/.local/lib/python3.10/site-packages/airflow/example_dags/example_latest_only_with_trigger.py
[2024-02-29T18:22:50.871+0530] {processor.py:840} INFO - DAG(s) 'latest_only_with_trigger' retrieved from /home/arun/.local/lib/python3.10/site-packages/airflow/example_dags/example_latest_only_with_trigger.py
[2024-02-29T18:22:50.889+0530] {logging_mixin.py:188} INFO - [2024-02-29T18:22:50.888+0530] {dag.py:3036} INFO - Sync 1 DAGs
[2024-02-29T18:22:50.913+0530] {logging_mixin.py:188} INFO - [2024-02-29T18:22:50.913+0530] {dag.py:3823} INFO - Setting next_dagrun for latest_only_with_trigger to 2024-02-29 08:00:00+00:00, run_after=2024-02-29 12:00:00+00:00
[2024-02-29T18:22:50.951+0530] {processor.py:183} INFO - Processing /home/arun/.local/lib/python3.10/site-packages/airflow/example_dags/example_latest_only_with_trigger.py took 0.092 seconds
[2024-02-29T18:23:45.869+0530] {processor.py:161} INFO - Started process (PID=5828) to work on /home/arun/.local/lib/python3.10/site-packages/airflow/example_dags/example_latest_only_with_trigger.py
[2024-02-29T18:23:45.903+0530] {processor.py:830} INFO - Processing file /home/arun/.local/lib/python3.10/site-packages/airflow/example_dags/example_latest_only_with_trigger.py for tasks to queue
[2024-02-29T18:23:45.904+0530] {logging_mixin.py:188} INFO - [2024-02-29T18:23:45.903+0530] {dagbag.py:538} INFO - Filling up the DagBag from /home/arun/.local/lib/python3.10/site-packages/airflow/example_dags/example_latest_only_with_trigger.py
[2024-02-29T18:23:45.911+0530] {processor.py:840} INFO - DAG(s) 'latest_only_with_trigger' retrieved from /home/arun/.local/lib/python3.10/site-packages/airflow/example_dags/example_latest_only_with_trigger.py
[2024-02-29T18:23:45.929+0530] {logging_mixin.py:188} INFO - [2024-02-29T18:23:45.929+0530] {dag.py:3036} INFO - Sync 1 DAGs
[2024-02-29T18:23:45.950+0530] {logging_mixin.py:188} INFO - [2024-02-29T18:23:45.950+0530] {dag.py:3823} INFO - Setting next_dagrun for latest_only_with_trigger to 2024-02-29 08:00:00+00:00, run_after=2024-02-29 12:00:00+00:00
[2024-02-29T18:23:46.014+0530] {processor.py:183} INFO - Processing /home/arun/.local/lib/python3.10/site-packages/airflow/example_dags/example_latest_only_with_trigger.py took 0.148 seconds
[2024-02-29T18:24:47.936+0530] {processor.py:161} INFO - Started process (PID=5935) to work on /home/arun/.local/lib/python3.10/site-packages/airflow/example_dags/example_latest_only_with_trigger.py
[2024-02-29T18:24:47.938+0530] {processor.py:830} INFO - Processing file /home/arun/.local/lib/python3.10/site-packages/airflow/example_dags/example_latest_only_with_trigger.py for tasks to queue
[2024-02-29T18:24:47.939+0530] {logging_mixin.py:188} INFO - [2024-02-29T18:24:47.938+0530] {dagbag.py:538} INFO - Filling up the DagBag from /home/arun/.local/lib/python3.10/site-packages/airflow/example_dags/example_latest_only_with_trigger.py
[2024-02-29T18:24:47.948+0530] {processor.py:840} INFO - DAG(s) 'latest_only_with_trigger' retrieved from /home/arun/.local/lib/python3.10/site-packages/airflow/example_dags/example_latest_only_with_trigger.py
[2024-02-29T18:24:47.972+0530] {logging_mixin.py:188} INFO - [2024-02-29T18:24:47.971+0530] {dag.py:3036} INFO - Sync 1 DAGs
[2024-02-29T18:24:48.008+0530] {logging_mixin.py:188} INFO - [2024-02-29T18:24:48.007+0530] {dag.py:3823} INFO - Setting next_dagrun for latest_only_with_trigger to 2024-02-29 08:00:00+00:00, run_after=2024-02-29 12:00:00+00:00
[2024-02-29T18:24:48.051+0530] {processor.py:183} INFO - Processing /home/arun/.local/lib/python3.10/site-packages/airflow/example_dags/example_latest_only_with_trigger.py took 0.120 seconds
[2024-02-29T18:25:38.873+0530] {processor.py:161} INFO - Started process (PID=6014) to work on /home/arun/.local/lib/python3.10/site-packages/airflow/example_dags/example_latest_only_with_trigger.py
[2024-02-29T18:25:38.877+0530] {processor.py:830} INFO - Processing file /home/arun/.local/lib/python3.10/site-packages/airflow/example_dags/example_latest_only_with_trigger.py for tasks to queue
[2024-02-29T18:25:38.879+0530] {logging_mixin.py:188} INFO - [2024-02-29T18:25:38.878+0530] {dagbag.py:538} INFO - Filling up the DagBag from /home/arun/.local/lib/python3.10/site-packages/airflow/example_dags/example_latest_only_with_trigger.py
[2024-02-29T18:25:38.889+0530] {processor.py:840} INFO - DAG(s) 'latest_only_with_trigger' retrieved from /home/arun/.local/lib/python3.10/site-packages/airflow/example_dags/example_latest_only_with_trigger.py
[2024-02-29T18:25:38.910+0530] {logging_mixin.py:188} INFO - [2024-02-29T18:25:38.910+0530] {dag.py:3036} INFO - Sync 1 DAGs
[2024-02-29T18:25:38.935+0530] {logging_mixin.py:188} INFO - [2024-02-29T18:25:38.935+0530] {dag.py:3823} INFO - Setting next_dagrun for latest_only_with_trigger to 2024-02-29 08:00:00+00:00, run_after=2024-02-29 12:00:00+00:00
[2024-02-29T18:25:38.970+0530] {processor.py:183} INFO - Processing /home/arun/.local/lib/python3.10/site-packages/airflow/example_dags/example_latest_only_with_trigger.py took 0.102 seconds
[2024-02-29T18:26:26.404+0530] {processor.py:161} INFO - Started process (PID=6087) to work on /home/arun/.local/lib/python3.10/site-packages/airflow/example_dags/example_latest_only_with_trigger.py
[2024-02-29T18:26:26.406+0530] {processor.py:830} INFO - Processing file /home/arun/.local/lib/python3.10/site-packages/airflow/example_dags/example_latest_only_with_trigger.py for tasks to queue
[2024-02-29T18:26:26.407+0530] {logging_mixin.py:188} INFO - [2024-02-29T18:26:26.407+0530] {dagbag.py:538} INFO - Filling up the DagBag from /home/arun/.local/lib/python3.10/site-packages/airflow/example_dags/example_latest_only_with_trigger.py
[2024-02-29T18:26:26.417+0530] {processor.py:840} INFO - DAG(s) 'latest_only_with_trigger' retrieved from /home/arun/.local/lib/python3.10/site-packages/airflow/example_dags/example_latest_only_with_trigger.py
[2024-02-29T18:26:26.439+0530] {logging_mixin.py:188} INFO - [2024-02-29T18:26:26.438+0530] {dag.py:3036} INFO - Sync 1 DAGs
[2024-02-29T18:26:26.466+0530] {logging_mixin.py:188} INFO - [2024-02-29T18:26:26.465+0530] {dag.py:3823} INFO - Setting next_dagrun for latest_only_with_trigger to 2024-02-29 08:00:00+00:00, run_after=2024-02-29 12:00:00+00:00
[2024-02-29T18:26:26.504+0530] {processor.py:183} INFO - Processing /home/arun/.local/lib/python3.10/site-packages/airflow/example_dags/example_latest_only_with_trigger.py took 0.104 seconds
[2024-02-29T18:27:22.588+0530] {processor.py:161} INFO - Started process (PID=6171) to work on /home/arun/.local/lib/python3.10/site-packages/airflow/example_dags/example_latest_only_with_trigger.py
[2024-02-29T18:27:22.590+0530] {processor.py:830} INFO - Processing file /home/arun/.local/lib/python3.10/site-packages/airflow/example_dags/example_latest_only_with_trigger.py for tasks to queue
[2024-02-29T18:27:22.591+0530] {logging_mixin.py:188} INFO - [2024-02-29T18:27:22.590+0530] {dagbag.py:538} INFO - Filling up the DagBag from /home/arun/.local/lib/python3.10/site-packages/airflow/example_dags/example_latest_only_with_trigger.py
[2024-02-29T18:27:22.599+0530] {processor.py:840} INFO - DAG(s) 'latest_only_with_trigger' retrieved from /home/arun/.local/lib/python3.10/site-packages/airflow/example_dags/example_latest_only_with_trigger.py
[2024-02-29T18:27:22.620+0530] {logging_mixin.py:188} INFO - [2024-02-29T18:27:22.620+0530] {dag.py:3036} INFO - Sync 1 DAGs
[2024-02-29T18:27:22.644+0530] {logging_mixin.py:188} INFO - [2024-02-29T18:27:22.644+0530] {dag.py:3823} INFO - Setting next_dagrun for latest_only_with_trigger to 2024-02-29 08:00:00+00:00, run_after=2024-02-29 12:00:00+00:00
[2024-02-29T18:27:22.672+0530] {processor.py:183} INFO - Processing /home/arun/.local/lib/python3.10/site-packages/airflow/example_dags/example_latest_only_with_trigger.py took 0.088 seconds
[2024-02-29T18:28:45.155+0530] {processor.py:161} INFO - Started process (PID=6324) to work on /home/arun/.local/lib/python3.10/site-packages/airflow/example_dags/example_latest_only_with_trigger.py
[2024-02-29T18:28:45.233+0530] {processor.py:830} INFO - Processing file /home/arun/.local/lib/python3.10/site-packages/airflow/example_dags/example_latest_only_with_trigger.py for tasks to queue
[2024-02-29T18:28:45.235+0530] {logging_mixin.py:188} INFO - [2024-02-29T18:28:45.234+0530] {dagbag.py:538} INFO - Filling up the DagBag from /home/arun/.local/lib/python3.10/site-packages/airflow/example_dags/example_latest_only_with_trigger.py
[2024-02-29T18:28:45.268+0530] {processor.py:840} INFO - DAG(s) 'latest_only_with_trigger' retrieved from /home/arun/.local/lib/python3.10/site-packages/airflow/example_dags/example_latest_only_with_trigger.py
[2024-02-29T18:28:45.329+0530] {logging_mixin.py:188} INFO - [2024-02-29T18:28:45.325+0530] {dag.py:3036} INFO - Sync 1 DAGs
[2024-02-29T18:28:45.372+0530] {logging_mixin.py:188} INFO - [2024-02-29T18:28:45.371+0530] {dag.py:3823} INFO - Setting next_dagrun for latest_only_with_trigger to 2024-02-29 08:00:00+00:00, run_after=2024-02-29 12:00:00+00:00
[2024-02-29T18:28:45.405+0530] {processor.py:183} INFO - Processing /home/arun/.local/lib/python3.10/site-packages/airflow/example_dags/example_latest_only_with_trigger.py took 0.268 seconds
[2024-02-29T18:29:46.842+0530] {processor.py:161} INFO - Started process (PID=6430) to work on /home/arun/.local/lib/python3.10/site-packages/airflow/example_dags/example_latest_only_with_trigger.py
[2024-02-29T18:29:46.843+0530] {processor.py:830} INFO - Processing file /home/arun/.local/lib/python3.10/site-packages/airflow/example_dags/example_latest_only_with_trigger.py for tasks to queue
[2024-02-29T18:29:46.844+0530] {logging_mixin.py:188} INFO - [2024-02-29T18:29:46.843+0530] {dagbag.py:538} INFO - Filling up the DagBag from /home/arun/.local/lib/python3.10/site-packages/airflow/example_dags/example_latest_only_with_trigger.py
[2024-02-29T18:29:46.849+0530] {processor.py:840} INFO - DAG(s) 'latest_only_with_trigger' retrieved from /home/arun/.local/lib/python3.10/site-packages/airflow/example_dags/example_latest_only_with_trigger.py
[2024-02-29T18:29:46.866+0530] {logging_mixin.py:188} INFO - [2024-02-29T18:29:46.865+0530] {dag.py:3036} INFO - Sync 1 DAGs
[2024-02-29T18:29:46.890+0530] {logging_mixin.py:188} INFO - [2024-02-29T18:29:46.890+0530] {dag.py:3823} INFO - Setting next_dagrun for latest_only_with_trigger to 2024-02-29 08:00:00+00:00, run_after=2024-02-29 12:00:00+00:00
[2024-02-29T18:29:46.998+0530] {processor.py:183} INFO - Processing /home/arun/.local/lib/python3.10/site-packages/airflow/example_dags/example_latest_only_with_trigger.py took 0.159 seconds
[2024-02-29T18:30:48.447+0530] {processor.py:161} INFO - Started process (PID=6525) to work on /home/arun/.local/lib/python3.10/site-packages/airflow/example_dags/example_latest_only_with_trigger.py
[2024-02-29T18:30:48.449+0530] {processor.py:830} INFO - Processing file /home/arun/.local/lib/python3.10/site-packages/airflow/example_dags/example_latest_only_with_trigger.py for tasks to queue
[2024-02-29T18:30:48.450+0530] {logging_mixin.py:188} INFO - [2024-02-29T18:30:48.450+0530] {dagbag.py:538} INFO - Filling up the DagBag from /home/arun/.local/lib/python3.10/site-packages/airflow/example_dags/example_latest_only_with_trigger.py
[2024-02-29T18:30:48.462+0530] {processor.py:840} INFO - DAG(s) 'latest_only_with_trigger' retrieved from /home/arun/.local/lib/python3.10/site-packages/airflow/example_dags/example_latest_only_with_trigger.py
[2024-02-29T18:30:48.492+0530] {logging_mixin.py:188} INFO - [2024-02-29T18:30:48.491+0530] {dag.py:3036} INFO - Sync 1 DAGs
[2024-02-29T18:30:48.543+0530] {logging_mixin.py:188} INFO - [2024-02-29T18:30:48.543+0530] {dag.py:3823} INFO - Setting next_dagrun for latest_only_with_trigger to 2024-02-29 08:00:00+00:00, run_after=2024-02-29 12:00:00+00:00
[2024-02-29T18:30:48.594+0530] {processor.py:183} INFO - Processing /home/arun/.local/lib/python3.10/site-packages/airflow/example_dags/example_latest_only_with_trigger.py took 0.151 seconds
[2024-02-29T18:31:43.654+0530] {processor.py:161} INFO - Started process (PID=6613) to work on /home/arun/.local/lib/python3.10/site-packages/airflow/example_dags/example_latest_only_with_trigger.py
[2024-02-29T18:31:43.655+0530] {processor.py:830} INFO - Processing file /home/arun/.local/lib/python3.10/site-packages/airflow/example_dags/example_latest_only_with_trigger.py for tasks to queue
[2024-02-29T18:31:43.656+0530] {logging_mixin.py:188} INFO - [2024-02-29T18:31:43.656+0530] {dagbag.py:538} INFO - Filling up the DagBag from /home/arun/.local/lib/python3.10/site-packages/airflow/example_dags/example_latest_only_with_trigger.py
[2024-02-29T18:31:43.665+0530] {processor.py:840} INFO - DAG(s) 'latest_only_with_trigger' retrieved from /home/arun/.local/lib/python3.10/site-packages/airflow/example_dags/example_latest_only_with_trigger.py
[2024-02-29T18:31:43.688+0530] {logging_mixin.py:188} INFO - [2024-02-29T18:31:43.687+0530] {dag.py:3036} INFO - Sync 1 DAGs
[2024-02-29T18:31:43.714+0530] {logging_mixin.py:188} INFO - [2024-02-29T18:31:43.714+0530] {dag.py:3823} INFO - Setting next_dagrun for latest_only_with_trigger to 2024-02-29 08:00:00+00:00, run_after=2024-02-29 12:00:00+00:00
[2024-02-29T18:31:43.748+0530] {processor.py:183} INFO - Processing /home/arun/.local/lib/python3.10/site-packages/airflow/example_dags/example_latest_only_with_trigger.py took 0.098 seconds
[2024-02-29T18:32:31.935+0530] {processor.py:161} INFO - Started process (PID=6698) to work on /home/arun/.local/lib/python3.10/site-packages/airflow/example_dags/example_latest_only_with_trigger.py
[2024-02-29T18:32:31.939+0530] {processor.py:830} INFO - Processing file /home/arun/.local/lib/python3.10/site-packages/airflow/example_dags/example_latest_only_with_trigger.py for tasks to queue
[2024-02-29T18:32:31.941+0530] {logging_mixin.py:188} INFO - [2024-02-29T18:32:31.940+0530] {dagbag.py:538} INFO - Filling up the DagBag from /home/arun/.local/lib/python3.10/site-packages/airflow/example_dags/example_latest_only_with_trigger.py
[2024-02-29T18:32:31.971+0530] {processor.py:840} INFO - DAG(s) 'latest_only_with_trigger' retrieved from /home/arun/.local/lib/python3.10/site-packages/airflow/example_dags/example_latest_only_with_trigger.py
[2024-02-29T18:32:32.109+0530] {logging_mixin.py:188} INFO - [2024-02-29T18:32:32.108+0530] {dag.py:3036} INFO - Sync 1 DAGs
[2024-02-29T18:32:32.214+0530] {logging_mixin.py:188} INFO - [2024-02-29T18:32:32.214+0530] {dag.py:3823} INFO - Setting next_dagrun for latest_only_with_trigger to 2024-02-29 08:00:00+00:00, run_after=2024-02-29 12:00:00+00:00
[2024-02-29T18:32:32.254+0530] {processor.py:183} INFO - Processing /home/arun/.local/lib/python3.10/site-packages/airflow/example_dags/example_latest_only_with_trigger.py took 0.327 seconds
[2024-02-29T18:33:27.011+0530] {processor.py:161} INFO - Started process (PID=6782) to work on /home/arun/.local/lib/python3.10/site-packages/airflow/example_dags/example_latest_only_with_trigger.py
[2024-02-29T18:33:27.013+0530] {processor.py:830} INFO - Processing file /home/arun/.local/lib/python3.10/site-packages/airflow/example_dags/example_latest_only_with_trigger.py for tasks to queue
[2024-02-29T18:33:27.014+0530] {logging_mixin.py:188} INFO - [2024-02-29T18:33:27.013+0530] {dagbag.py:538} INFO - Filling up the DagBag from /home/arun/.local/lib/python3.10/site-packages/airflow/example_dags/example_latest_only_with_trigger.py
[2024-02-29T18:33:27.022+0530] {processor.py:840} INFO - DAG(s) 'latest_only_with_trigger' retrieved from /home/arun/.local/lib/python3.10/site-packages/airflow/example_dags/example_latest_only_with_trigger.py
[2024-02-29T18:33:27.043+0530] {logging_mixin.py:188} INFO - [2024-02-29T18:33:27.042+0530] {dag.py:3036} INFO - Sync 1 DAGs
[2024-02-29T18:33:27.064+0530] {logging_mixin.py:188} INFO - [2024-02-29T18:33:27.064+0530] {dag.py:3823} INFO - Setting next_dagrun for latest_only_with_trigger to 2024-02-29 08:00:00+00:00, run_after=2024-02-29 12:00:00+00:00
[2024-02-29T18:33:27.093+0530] {processor.py:183} INFO - Processing /home/arun/.local/lib/python3.10/site-packages/airflow/example_dags/example_latest_only_with_trigger.py took 0.088 seconds
[2024-02-29T18:34:19.866+0530] {processor.py:161} INFO - Started process (PID=6867) to work on /home/arun/.local/lib/python3.10/site-packages/airflow/example_dags/example_latest_only_with_trigger.py
[2024-02-29T18:34:19.869+0530] {processor.py:830} INFO - Processing file /home/arun/.local/lib/python3.10/site-packages/airflow/example_dags/example_latest_only_with_trigger.py for tasks to queue
[2024-02-29T18:34:19.876+0530] {logging_mixin.py:188} INFO - [2024-02-29T18:34:19.875+0530] {dagbag.py:538} INFO - Filling up the DagBag from /home/arun/.local/lib/python3.10/site-packages/airflow/example_dags/example_latest_only_with_trigger.py
[2024-02-29T18:34:19.885+0530] {processor.py:840} INFO - DAG(s) 'latest_only_with_trigger' retrieved from /home/arun/.local/lib/python3.10/site-packages/airflow/example_dags/example_latest_only_with_trigger.py
[2024-02-29T18:34:19.908+0530] {logging_mixin.py:188} INFO - [2024-02-29T18:34:19.907+0530] {dag.py:3036} INFO - Sync 1 DAGs
[2024-02-29T18:34:19.936+0530] {logging_mixin.py:188} INFO - [2024-02-29T18:34:19.936+0530] {dag.py:3823} INFO - Setting next_dagrun for latest_only_with_trigger to 2024-02-29 08:00:00+00:00, run_after=2024-02-29 12:00:00+00:00
[2024-02-29T18:34:20.009+0530] {processor.py:183} INFO - Processing /home/arun/.local/lib/python3.10/site-packages/airflow/example_dags/example_latest_only_with_trigger.py took 0.146 seconds
[2024-02-29T18:35:13.216+0530] {processor.py:161} INFO - Started process (PID=6953) to work on /home/arun/.local/lib/python3.10/site-packages/airflow/example_dags/example_latest_only_with_trigger.py
[2024-02-29T18:35:13.218+0530] {processor.py:830} INFO - Processing file /home/arun/.local/lib/python3.10/site-packages/airflow/example_dags/example_latest_only_with_trigger.py for tasks to queue
[2024-02-29T18:35:13.219+0530] {logging_mixin.py:188} INFO - [2024-02-29T18:35:13.219+0530] {dagbag.py:538} INFO - Filling up the DagBag from /home/arun/.local/lib/python3.10/site-packages/airflow/example_dags/example_latest_only_with_trigger.py
[2024-02-29T18:35:13.227+0530] {processor.py:840} INFO - DAG(s) 'latest_only_with_trigger' retrieved from /home/arun/.local/lib/python3.10/site-packages/airflow/example_dags/example_latest_only_with_trigger.py
[2024-02-29T18:35:13.251+0530] {logging_mixin.py:188} INFO - [2024-02-29T18:35:13.250+0530] {dag.py:3036} INFO - Sync 1 DAGs
[2024-02-29T18:35:13.285+0530] {logging_mixin.py:188} INFO - [2024-02-29T18:35:13.284+0530] {dag.py:3823} INFO - Setting next_dagrun for latest_only_with_trigger to 2024-02-29 08:00:00+00:00, run_after=2024-02-29 12:00:00+00:00
[2024-02-29T18:35:13.327+0530] {processor.py:183} INFO - Processing /home/arun/.local/lib/python3.10/site-packages/airflow/example_dags/example_latest_only_with_trigger.py took 0.117 seconds
[2024-02-29T18:36:07.162+0530] {processor.py:161} INFO - Started process (PID=7037) to work on /home/arun/.local/lib/python3.10/site-packages/airflow/example_dags/example_latest_only_with_trigger.py
[2024-02-29T18:36:07.205+0530] {processor.py:830} INFO - Processing file /home/arun/.local/lib/python3.10/site-packages/airflow/example_dags/example_latest_only_with_trigger.py for tasks to queue
[2024-02-29T18:36:07.207+0530] {logging_mixin.py:188} INFO - [2024-02-29T18:36:07.206+0530] {dagbag.py:538} INFO - Filling up the DagBag from /home/arun/.local/lib/python3.10/site-packages/airflow/example_dags/example_latest_only_with_trigger.py
[2024-02-29T18:36:07.218+0530] {processor.py:840} INFO - DAG(s) 'latest_only_with_trigger' retrieved from /home/arun/.local/lib/python3.10/site-packages/airflow/example_dags/example_latest_only_with_trigger.py
[2024-02-29T18:36:07.243+0530] {logging_mixin.py:188} INFO - [2024-02-29T18:36:07.243+0530] {dag.py:3036} INFO - Sync 1 DAGs
[2024-02-29T18:36:07.273+0530] {logging_mixin.py:188} INFO - [2024-02-29T18:36:07.273+0530] {dag.py:3823} INFO - Setting next_dagrun for latest_only_with_trigger to 2024-02-29 08:00:00+00:00, run_after=2024-02-29 12:00:00+00:00
[2024-02-29T18:36:07.309+0530] {processor.py:183} INFO - Processing /home/arun/.local/lib/python3.10/site-packages/airflow/example_dags/example_latest_only_with_trigger.py took 0.152 seconds
[2024-02-29T18:37:10.924+0530] {processor.py:161} INFO - Started process (PID=7130) to work on /home/arun/.local/lib/python3.10/site-packages/airflow/example_dags/example_latest_only_with_trigger.py
[2024-02-29T18:37:10.971+0530] {processor.py:830} INFO - Processing file /home/arun/.local/lib/python3.10/site-packages/airflow/example_dags/example_latest_only_with_trigger.py for tasks to queue
[2024-02-29T18:37:10.975+0530] {logging_mixin.py:188} INFO - [2024-02-29T18:37:10.972+0530] {dagbag.py:538} INFO - Filling up the DagBag from /home/arun/.local/lib/python3.10/site-packages/airflow/example_dags/example_latest_only_with_trigger.py
[2024-02-29T18:37:11.022+0530] {processor.py:840} INFO - DAG(s) 'latest_only_with_trigger' retrieved from /home/arun/.local/lib/python3.10/site-packages/airflow/example_dags/example_latest_only_with_trigger.py
[2024-02-29T18:37:11.106+0530] {logging_mixin.py:188} INFO - [2024-02-29T18:37:11.105+0530] {dag.py:3036} INFO - Sync 1 DAGs
[2024-02-29T18:37:11.147+0530] {logging_mixin.py:188} INFO - [2024-02-29T18:37:11.147+0530] {dag.py:3823} INFO - Setting next_dagrun for latest_only_with_trigger to 2024-02-29 08:00:00+00:00, run_after=2024-02-29 12:00:00+00:00
[2024-02-29T18:37:11.282+0530] {processor.py:183} INFO - Processing /home/arun/.local/lib/python3.10/site-packages/airflow/example_dags/example_latest_only_with_trigger.py took 0.362 seconds
[2024-02-29T18:38:09.195+0530] {processor.py:161} INFO - Started process (PID=7219) to work on /home/arun/.local/lib/python3.10/site-packages/airflow/example_dags/example_latest_only_with_trigger.py
[2024-02-29T18:38:09.198+0530] {processor.py:830} INFO - Processing file /home/arun/.local/lib/python3.10/site-packages/airflow/example_dags/example_latest_only_with_trigger.py for tasks to queue
[2024-02-29T18:38:09.199+0530] {logging_mixin.py:188} INFO - [2024-02-29T18:38:09.199+0530] {dagbag.py:538} INFO - Filling up the DagBag from /home/arun/.local/lib/python3.10/site-packages/airflow/example_dags/example_latest_only_with_trigger.py
[2024-02-29T18:38:09.215+0530] {processor.py:840} INFO - DAG(s) 'latest_only_with_trigger' retrieved from /home/arun/.local/lib/python3.10/site-packages/airflow/example_dags/example_latest_only_with_trigger.py
[2024-02-29T18:38:09.246+0530] {logging_mixin.py:188} INFO - [2024-02-29T18:38:09.246+0530] {dag.py:3036} INFO - Sync 1 DAGs
[2024-02-29T18:38:09.282+0530] {logging_mixin.py:188} INFO - [2024-02-29T18:38:09.282+0530] {dag.py:3823} INFO - Setting next_dagrun for latest_only_with_trigger to 2024-02-29 08:00:00+00:00, run_after=2024-02-29 12:00:00+00:00
[2024-02-29T18:38:09.390+0530] {processor.py:183} INFO - Processing /home/arun/.local/lib/python3.10/site-packages/airflow/example_dags/example_latest_only_with_trigger.py took 0.202 seconds
[2024-02-29T18:39:05.809+0530] {processor.py:161} INFO - Started process (PID=7397) to work on /home/arun/.local/lib/python3.10/site-packages/airflow/example_dags/example_latest_only_with_trigger.py
[2024-02-29T18:39:05.812+0530] {processor.py:830} INFO - Processing file /home/arun/.local/lib/python3.10/site-packages/airflow/example_dags/example_latest_only_with_trigger.py for tasks to queue
[2024-02-29T18:39:05.814+0530] {logging_mixin.py:188} INFO - [2024-02-29T18:39:05.813+0530] {dagbag.py:538} INFO - Filling up the DagBag from /home/arun/.local/lib/python3.10/site-packages/airflow/example_dags/example_latest_only_with_trigger.py
[2024-02-29T18:39:05.825+0530] {processor.py:840} INFO - DAG(s) 'latest_only_with_trigger' retrieved from /home/arun/.local/lib/python3.10/site-packages/airflow/example_dags/example_latest_only_with_trigger.py
[2024-02-29T18:39:05.854+0530] {logging_mixin.py:188} INFO - [2024-02-29T18:39:05.853+0530] {dag.py:3036} INFO - Sync 1 DAGs
[2024-02-29T18:39:05.902+0530] {logging_mixin.py:188} INFO - [2024-02-29T18:39:05.902+0530] {dag.py:3823} INFO - Setting next_dagrun for latest_only_with_trigger to 2024-02-29 08:00:00+00:00, run_after=2024-02-29 12:00:00+00:00
[2024-02-29T18:39:05.956+0530] {processor.py:183} INFO - Processing /home/arun/.local/lib/python3.10/site-packages/airflow/example_dags/example_latest_only_with_trigger.py took 0.152 seconds
[2024-02-29T18:40:03.593+0530] {processor.py:161} INFO - Started process (PID=7487) to work on /home/arun/.local/lib/python3.10/site-packages/airflow/example_dags/example_latest_only_with_trigger.py
[2024-02-29T18:40:03.595+0530] {processor.py:830} INFO - Processing file /home/arun/.local/lib/python3.10/site-packages/airflow/example_dags/example_latest_only_with_trigger.py for tasks to queue
[2024-02-29T18:40:03.597+0530] {logging_mixin.py:188} INFO - [2024-02-29T18:40:03.597+0530] {dagbag.py:538} INFO - Filling up the DagBag from /home/arun/.local/lib/python3.10/site-packages/airflow/example_dags/example_latest_only_with_trigger.py
[2024-02-29T18:40:03.609+0530] {processor.py:840} INFO - DAG(s) 'latest_only_with_trigger' retrieved from /home/arun/.local/lib/python3.10/site-packages/airflow/example_dags/example_latest_only_with_trigger.py
[2024-02-29T18:40:03.642+0530] {logging_mixin.py:188} INFO - [2024-02-29T18:40:03.642+0530] {dag.py:3036} INFO - Sync 1 DAGs
[2024-02-29T18:40:03.683+0530] {logging_mixin.py:188} INFO - [2024-02-29T18:40:03.683+0530] {dag.py:3823} INFO - Setting next_dagrun for latest_only_with_trigger to 2024-02-29 08:00:00+00:00, run_after=2024-02-29 12:00:00+00:00
[2024-02-29T18:40:03.738+0530] {processor.py:183} INFO - Processing /home/arun/.local/lib/python3.10/site-packages/airflow/example_dags/example_latest_only_with_trigger.py took 0.151 seconds
[2024-02-29T18:41:00.967+0530] {processor.py:161} INFO - Started process (PID=7577) to work on /home/arun/.local/lib/python3.10/site-packages/airflow/example_dags/example_latest_only_with_trigger.py
[2024-02-29T18:41:00.994+0530] {processor.py:830} INFO - Processing file /home/arun/.local/lib/python3.10/site-packages/airflow/example_dags/example_latest_only_with_trigger.py for tasks to queue
[2024-02-29T18:41:00.996+0530] {logging_mixin.py:188} INFO - [2024-02-29T18:41:00.995+0530] {dagbag.py:538} INFO - Filling up the DagBag from /home/arun/.local/lib/python3.10/site-packages/airflow/example_dags/example_latest_only_with_trigger.py
[2024-02-29T18:41:01.008+0530] {processor.py:840} INFO - DAG(s) 'latest_only_with_trigger' retrieved from /home/arun/.local/lib/python3.10/site-packages/airflow/example_dags/example_latest_only_with_trigger.py
[2024-02-29T18:41:01.036+0530] {logging_mixin.py:188} INFO - [2024-02-29T18:41:01.036+0530] {dag.py:3036} INFO - Sync 1 DAGs
[2024-02-29T18:41:01.068+0530] {logging_mixin.py:188} INFO - [2024-02-29T18:41:01.068+0530] {dag.py:3823} INFO - Setting next_dagrun for latest_only_with_trigger to 2024-02-29 08:00:00+00:00, run_after=2024-02-29 12:00:00+00:00
[2024-02-29T18:41:01.125+0530] {processor.py:183} INFO - Processing /home/arun/.local/lib/python3.10/site-packages/airflow/example_dags/example_latest_only_with_trigger.py took 0.164 seconds
[2024-02-29T18:41:57.047+0530] {processor.py:161} INFO - Started process (PID=7677) to work on /home/arun/.local/lib/python3.10/site-packages/airflow/example_dags/example_latest_only_with_trigger.py
[2024-02-29T18:41:57.052+0530] {processor.py:830} INFO - Processing file /home/arun/.local/lib/python3.10/site-packages/airflow/example_dags/example_latest_only_with_trigger.py for tasks to queue
[2024-02-29T18:41:57.053+0530] {logging_mixin.py:188} INFO - [2024-02-29T18:41:57.052+0530] {dagbag.py:538} INFO - Filling up the DagBag from /home/arun/.local/lib/python3.10/site-packages/airflow/example_dags/example_latest_only_with_trigger.py
[2024-02-29T18:41:57.059+0530] {processor.py:840} INFO - DAG(s) 'latest_only_with_trigger' retrieved from /home/arun/.local/lib/python3.10/site-packages/airflow/example_dags/example_latest_only_with_trigger.py
[2024-02-29T18:41:57.079+0530] {logging_mixin.py:188} INFO - [2024-02-29T18:41:57.078+0530] {dag.py:3036} INFO - Sync 1 DAGs
[2024-02-29T18:41:57.106+0530] {logging_mixin.py:188} INFO - [2024-02-29T18:41:57.105+0530] {dag.py:3823} INFO - Setting next_dagrun for latest_only_with_trigger to 2024-02-29 08:00:00+00:00, run_after=2024-02-29 12:00:00+00:00
[2024-02-29T18:41:57.141+0530] {processor.py:183} INFO - Processing /home/arun/.local/lib/python3.10/site-packages/airflow/example_dags/example_latest_only_with_trigger.py took 0.096 seconds
[2024-02-29T18:42:54.606+0530] {processor.py:161} INFO - Started process (PID=7767) to work on /home/arun/.local/lib/python3.10/site-packages/airflow/example_dags/example_latest_only_with_trigger.py
[2024-02-29T18:42:54.608+0530] {processor.py:830} INFO - Processing file /home/arun/.local/lib/python3.10/site-packages/airflow/example_dags/example_latest_only_with_trigger.py for tasks to queue
[2024-02-29T18:42:54.609+0530] {logging_mixin.py:188} INFO - [2024-02-29T18:42:54.609+0530] {dagbag.py:538} INFO - Filling up the DagBag from /home/arun/.local/lib/python3.10/site-packages/airflow/example_dags/example_latest_only_with_trigger.py
[2024-02-29T18:42:54.618+0530] {processor.py:840} INFO - DAG(s) 'latest_only_with_trigger' retrieved from /home/arun/.local/lib/python3.10/site-packages/airflow/example_dags/example_latest_only_with_trigger.py
[2024-02-29T18:42:54.687+0530] {logging_mixin.py:188} INFO - [2024-02-29T18:42:54.686+0530] {dag.py:3036} INFO - Sync 1 DAGs
[2024-02-29T18:42:54.733+0530] {logging_mixin.py:188} INFO - [2024-02-29T18:42:54.733+0530] {dag.py:3823} INFO - Setting next_dagrun for latest_only_with_trigger to 2024-02-29 08:00:00+00:00, run_after=2024-02-29 12:00:00+00:00
[2024-02-29T18:42:54.813+0530] {processor.py:183} INFO - Processing /home/arun/.local/lib/python3.10/site-packages/airflow/example_dags/example_latest_only_with_trigger.py took 0.213 seconds
[2024-02-29T18:43:59.814+0530] {processor.py:161} INFO - Started process (PID=7881) to work on /home/arun/.local/lib/python3.10/site-packages/airflow/example_dags/example_latest_only_with_trigger.py
[2024-02-29T18:43:59.852+0530] {processor.py:830} INFO - Processing file /home/arun/.local/lib/python3.10/site-packages/airflow/example_dags/example_latest_only_with_trigger.py for tasks to queue
[2024-02-29T18:43:59.854+0530] {logging_mixin.py:188} INFO - [2024-02-29T18:43:59.853+0530] {dagbag.py:538} INFO - Filling up the DagBag from /home/arun/.local/lib/python3.10/site-packages/airflow/example_dags/example_latest_only_with_trigger.py
[2024-02-29T18:43:59.870+0530] {processor.py:840} INFO - DAG(s) 'latest_only_with_trigger' retrieved from /home/arun/.local/lib/python3.10/site-packages/airflow/example_dags/example_latest_only_with_trigger.py
[2024-02-29T18:43:59.907+0530] {logging_mixin.py:188} INFO - [2024-02-29T18:43:59.906+0530] {dag.py:3036} INFO - Sync 1 DAGs
[2024-02-29T18:43:59.951+0530] {logging_mixin.py:188} INFO - [2024-02-29T18:43:59.950+0530] {dag.py:3823} INFO - Setting next_dagrun for latest_only_with_trigger to 2024-02-29 08:00:00+00:00, run_after=2024-02-29 12:00:00+00:00
[2024-02-29T18:44:00.013+0530] {processor.py:183} INFO - Processing /home/arun/.local/lib/python3.10/site-packages/airflow/example_dags/example_latest_only_with_trigger.py took 0.209 seconds
[2024-02-29T18:44:56.006+0530] {processor.py:161} INFO - Started process (PID=7967) to work on /home/arun/.local/lib/python3.10/site-packages/airflow/example_dags/example_latest_only_with_trigger.py
[2024-02-29T18:44:56.058+0530] {processor.py:830} INFO - Processing file /home/arun/.local/lib/python3.10/site-packages/airflow/example_dags/example_latest_only_with_trigger.py for tasks to queue
[2024-02-29T18:44:56.059+0530] {logging_mixin.py:188} INFO - [2024-02-29T18:44:56.059+0530] {dagbag.py:538} INFO - Filling up the DagBag from /home/arun/.local/lib/python3.10/site-packages/airflow/example_dags/example_latest_only_with_trigger.py
[2024-02-29T18:44:56.084+0530] {processor.py:840} INFO - DAG(s) 'latest_only_with_trigger' retrieved from /home/arun/.local/lib/python3.10/site-packages/airflow/example_dags/example_latest_only_with_trigger.py
[2024-02-29T18:44:56.133+0530] {logging_mixin.py:188} INFO - [2024-02-29T18:44:56.131+0530] {dag.py:3036} INFO - Sync 1 DAGs
[2024-02-29T18:44:56.221+0530] {logging_mixin.py:188} INFO - [2024-02-29T18:44:56.220+0530] {dag.py:3823} INFO - Setting next_dagrun for latest_only_with_trigger to 2024-02-29 08:00:00+00:00, run_after=2024-02-29 12:00:00+00:00
[2024-02-29T18:44:56.420+0530] {processor.py:183} INFO - Processing /home/arun/.local/lib/python3.10/site-packages/airflow/example_dags/example_latest_only_with_trigger.py took 0.426 seconds
[2024-02-29T18:45:48.589+0530] {processor.py:161} INFO - Started process (PID=8067) to work on /home/arun/.local/lib/python3.10/site-packages/airflow/example_dags/example_latest_only_with_trigger.py
[2024-02-29T18:45:48.590+0530] {processor.py:830} INFO - Processing file /home/arun/.local/lib/python3.10/site-packages/airflow/example_dags/example_latest_only_with_trigger.py for tasks to queue
[2024-02-29T18:45:48.591+0530] {logging_mixin.py:188} INFO - [2024-02-29T18:45:48.591+0530] {dagbag.py:538} INFO - Filling up the DagBag from /home/arun/.local/lib/python3.10/site-packages/airflow/example_dags/example_latest_only_with_trigger.py
[2024-02-29T18:45:48.597+0530] {processor.py:840} INFO - DAG(s) 'latest_only_with_trigger' retrieved from /home/arun/.local/lib/python3.10/site-packages/airflow/example_dags/example_latest_only_with_trigger.py
[2024-02-29T18:45:48.618+0530] {logging_mixin.py:188} INFO - [2024-02-29T18:45:48.618+0530] {dag.py:3036} INFO - Sync 1 DAGs
[2024-02-29T18:45:48.651+0530] {logging_mixin.py:188} INFO - [2024-02-29T18:45:48.650+0530] {dag.py:3823} INFO - Setting next_dagrun for latest_only_with_trigger to 2024-02-29 08:00:00+00:00, run_after=2024-02-29 12:00:00+00:00
[2024-02-29T18:45:48.693+0530] {processor.py:183} INFO - Processing /home/arun/.local/lib/python3.10/site-packages/airflow/example_dags/example_latest_only_with_trigger.py took 0.107 seconds
[2024-02-29T18:46:41.976+0530] {processor.py:161} INFO - Started process (PID=8152) to work on /home/arun/.local/lib/python3.10/site-packages/airflow/example_dags/example_latest_only_with_trigger.py
[2024-02-29T18:46:41.979+0530] {processor.py:830} INFO - Processing file /home/arun/.local/lib/python3.10/site-packages/airflow/example_dags/example_latest_only_with_trigger.py for tasks to queue
[2024-02-29T18:46:41.980+0530] {logging_mixin.py:188} INFO - [2024-02-29T18:46:41.979+0530] {dagbag.py:538} INFO - Filling up the DagBag from /home/arun/.local/lib/python3.10/site-packages/airflow/example_dags/example_latest_only_with_trigger.py
[2024-02-29T18:46:41.987+0530] {processor.py:840} INFO - DAG(s) 'latest_only_with_trigger' retrieved from /home/arun/.local/lib/python3.10/site-packages/airflow/example_dags/example_latest_only_with_trigger.py
[2024-02-29T18:46:42.007+0530] {logging_mixin.py:188} INFO - [2024-02-29T18:46:42.006+0530] {dag.py:3036} INFO - Sync 1 DAGs
[2024-02-29T18:46:42.036+0530] {logging_mixin.py:188} INFO - [2024-02-29T18:46:42.036+0530] {dag.py:3823} INFO - Setting next_dagrun for latest_only_with_trigger to 2024-02-29 08:00:00+00:00, run_after=2024-02-29 12:00:00+00:00
[2024-02-29T18:46:42.074+0530] {processor.py:183} INFO - Processing /home/arun/.local/lib/python3.10/site-packages/airflow/example_dags/example_latest_only_with_trigger.py took 0.101 seconds
[2024-02-29T18:47:34.418+0530] {processor.py:161} INFO - Started process (PID=8235) to work on /home/arun/.local/lib/python3.10/site-packages/airflow/example_dags/example_latest_only_with_trigger.py
[2024-02-29T18:47:34.420+0530] {processor.py:830} INFO - Processing file /home/arun/.local/lib/python3.10/site-packages/airflow/example_dags/example_latest_only_with_trigger.py for tasks to queue
[2024-02-29T18:47:34.421+0530] {logging_mixin.py:188} INFO - [2024-02-29T18:47:34.421+0530] {dagbag.py:538} INFO - Filling up the DagBag from /home/arun/.local/lib/python3.10/site-packages/airflow/example_dags/example_latest_only_with_trigger.py
[2024-02-29T18:47:34.433+0530] {processor.py:840} INFO - DAG(s) 'latest_only_with_trigger' retrieved from /home/arun/.local/lib/python3.10/site-packages/airflow/example_dags/example_latest_only_with_trigger.py
[2024-02-29T18:47:34.470+0530] {logging_mixin.py:188} INFO - [2024-02-29T18:47:34.470+0530] {dag.py:3036} INFO - Sync 1 DAGs
[2024-02-29T18:47:34.513+0530] {logging_mixin.py:188} INFO - [2024-02-29T18:47:34.513+0530] {dag.py:3823} INFO - Setting next_dagrun for latest_only_with_trigger to 2024-02-29 08:00:00+00:00, run_after=2024-02-29 12:00:00+00:00
[2024-02-29T18:47:34.554+0530] {processor.py:183} INFO - Processing /home/arun/.local/lib/python3.10/site-packages/airflow/example_dags/example_latest_only_with_trigger.py took 0.141 seconds
[2024-02-29T18:48:25.153+0530] {processor.py:161} INFO - Started process (PID=8318) to work on /home/arun/.local/lib/python3.10/site-packages/airflow/example_dags/example_latest_only_with_trigger.py
[2024-02-29T18:48:25.155+0530] {processor.py:830} INFO - Processing file /home/arun/.local/lib/python3.10/site-packages/airflow/example_dags/example_latest_only_with_trigger.py for tasks to queue
[2024-02-29T18:48:25.155+0530] {logging_mixin.py:188} INFO - [2024-02-29T18:48:25.155+0530] {dagbag.py:538} INFO - Filling up the DagBag from /home/arun/.local/lib/python3.10/site-packages/airflow/example_dags/example_latest_only_with_trigger.py
[2024-02-29T18:48:25.162+0530] {processor.py:840} INFO - DAG(s) 'latest_only_with_trigger' retrieved from /home/arun/.local/lib/python3.10/site-packages/airflow/example_dags/example_latest_only_with_trigger.py
[2024-02-29T18:48:25.180+0530] {logging_mixin.py:188} INFO - [2024-02-29T18:48:25.180+0530] {dag.py:3036} INFO - Sync 1 DAGs
[2024-02-29T18:48:25.206+0530] {logging_mixin.py:188} INFO - [2024-02-29T18:48:25.206+0530] {dag.py:3823} INFO - Setting next_dagrun for latest_only_with_trigger to 2024-02-29 08:00:00+00:00, run_after=2024-02-29 12:00:00+00:00
[2024-02-29T18:48:25.239+0530] {processor.py:183} INFO - Processing /home/arun/.local/lib/python3.10/site-packages/airflow/example_dags/example_latest_only_with_trigger.py took 0.089 seconds
[2024-02-29T18:49:12.714+0530] {processor.py:161} INFO - Started process (PID=8398) to work on /home/arun/.local/lib/python3.10/site-packages/airflow/example_dags/example_latest_only_with_trigger.py
[2024-02-29T18:49:12.746+0530] {processor.py:830} INFO - Processing file /home/arun/.local/lib/python3.10/site-packages/airflow/example_dags/example_latest_only_with_trigger.py for tasks to queue
[2024-02-29T18:49:12.747+0530] {logging_mixin.py:188} INFO - [2024-02-29T18:49:12.747+0530] {dagbag.py:538} INFO - Filling up the DagBag from /home/arun/.local/lib/python3.10/site-packages/airflow/example_dags/example_latest_only_with_trigger.py
[2024-02-29T18:49:12.757+0530] {processor.py:840} INFO - DAG(s) 'latest_only_with_trigger' retrieved from /home/arun/.local/lib/python3.10/site-packages/airflow/example_dags/example_latest_only_with_trigger.py
[2024-02-29T18:49:12.786+0530] {logging_mixin.py:188} INFO - [2024-02-29T18:49:12.785+0530] {dag.py:3036} INFO - Sync 1 DAGs
[2024-02-29T18:49:12.821+0530] {logging_mixin.py:188} INFO - [2024-02-29T18:49:12.821+0530] {dag.py:3823} INFO - Setting next_dagrun for latest_only_with_trigger to 2024-02-29 08:00:00+00:00, run_after=2024-02-29 12:00:00+00:00
[2024-02-29T18:49:12.862+0530] {processor.py:183} INFO - Processing /home/arun/.local/lib/python3.10/site-packages/airflow/example_dags/example_latest_only_with_trigger.py took 0.155 seconds
[2024-02-29T18:50:01.755+0530] {processor.py:161} INFO - Started process (PID=8477) to work on /home/arun/.local/lib/python3.10/site-packages/airflow/example_dags/example_latest_only_with_trigger.py
[2024-02-29T18:50:01.756+0530] {processor.py:830} INFO - Processing file /home/arun/.local/lib/python3.10/site-packages/airflow/example_dags/example_latest_only_with_trigger.py for tasks to queue
[2024-02-29T18:50:01.758+0530] {logging_mixin.py:188} INFO - [2024-02-29T18:50:01.757+0530] {dagbag.py:538} INFO - Filling up the DagBag from /home/arun/.local/lib/python3.10/site-packages/airflow/example_dags/example_latest_only_with_trigger.py
[2024-02-29T18:50:01.769+0530] {processor.py:840} INFO - DAG(s) 'latest_only_with_trigger' retrieved from /home/arun/.local/lib/python3.10/site-packages/airflow/example_dags/example_latest_only_with_trigger.py
[2024-02-29T18:50:01.793+0530] {logging_mixin.py:188} INFO - [2024-02-29T18:50:01.792+0530] {dag.py:3036} INFO - Sync 1 DAGs
[2024-02-29T18:50:01.821+0530] {logging_mixin.py:188} INFO - [2024-02-29T18:50:01.821+0530] {dag.py:3823} INFO - Setting next_dagrun for latest_only_with_trigger to 2024-02-29 08:00:00+00:00, run_after=2024-02-29 12:00:00+00:00
[2024-02-29T18:50:01.850+0530] {processor.py:183} INFO - Processing /home/arun/.local/lib/python3.10/site-packages/airflow/example_dags/example_latest_only_with_trigger.py took 0.101 seconds
[2024-02-29T18:50:52.174+0530] {processor.py:161} INFO - Started process (PID=8560) to work on /home/arun/.local/lib/python3.10/site-packages/airflow/example_dags/example_latest_only_with_trigger.py
[2024-02-29T18:50:52.176+0530] {processor.py:830} INFO - Processing file /home/arun/.local/lib/python3.10/site-packages/airflow/example_dags/example_latest_only_with_trigger.py for tasks to queue
[2024-02-29T18:50:52.177+0530] {logging_mixin.py:188} INFO - [2024-02-29T18:50:52.176+0530] {dagbag.py:538} INFO - Filling up the DagBag from /home/arun/.local/lib/python3.10/site-packages/airflow/example_dags/example_latest_only_with_trigger.py
[2024-02-29T18:50:52.183+0530] {processor.py:840} INFO - DAG(s) 'latest_only_with_trigger' retrieved from /home/arun/.local/lib/python3.10/site-packages/airflow/example_dags/example_latest_only_with_trigger.py
[2024-02-29T18:50:52.205+0530] {logging_mixin.py:188} INFO - [2024-02-29T18:50:52.204+0530] {dag.py:3036} INFO - Sync 1 DAGs
[2024-02-29T18:50:52.240+0530] {logging_mixin.py:188} INFO - [2024-02-29T18:50:52.240+0530] {dag.py:3823} INFO - Setting next_dagrun for latest_only_with_trigger to 2024-02-29 08:00:00+00:00, run_after=2024-02-29 12:00:00+00:00
[2024-02-29T18:50:52.279+0530] {processor.py:183} INFO - Processing /home/arun/.local/lib/python3.10/site-packages/airflow/example_dags/example_latest_only_with_trigger.py took 0.108 seconds
[2024-02-29T18:51:45.312+0530] {processor.py:161} INFO - Started process (PID=8737) to work on /home/arun/.local/lib/python3.10/site-packages/airflow/example_dags/example_latest_only_with_trigger.py
[2024-02-29T18:51:45.314+0530] {processor.py:830} INFO - Processing file /home/arun/.local/lib/python3.10/site-packages/airflow/example_dags/example_latest_only_with_trigger.py for tasks to queue
[2024-02-29T18:51:45.315+0530] {logging_mixin.py:188} INFO - [2024-02-29T18:51:45.315+0530] {dagbag.py:538} INFO - Filling up the DagBag from /home/arun/.local/lib/python3.10/site-packages/airflow/example_dags/example_latest_only_with_trigger.py
[2024-02-29T18:51:45.322+0530] {processor.py:840} INFO - DAG(s) 'latest_only_with_trigger' retrieved from /home/arun/.local/lib/python3.10/site-packages/airflow/example_dags/example_latest_only_with_trigger.py
[2024-02-29T18:51:45.341+0530] {logging_mixin.py:188} INFO - [2024-02-29T18:51:45.340+0530] {dag.py:3036} INFO - Sync 1 DAGs
[2024-02-29T18:51:45.363+0530] {logging_mixin.py:188} INFO - [2024-02-29T18:51:45.363+0530] {dag.py:3823} INFO - Setting next_dagrun for latest_only_with_trigger to 2024-02-29 08:00:00+00:00, run_after=2024-02-29 12:00:00+00:00
[2024-02-29T18:51:45.396+0530] {processor.py:183} INFO - Processing /home/arun/.local/lib/python3.10/site-packages/airflow/example_dags/example_latest_only_with_trigger.py took 0.088 seconds
[2024-02-29T18:52:36.611+0530] {processor.py:161} INFO - Started process (PID=8816) to work on /home/arun/.local/lib/python3.10/site-packages/airflow/example_dags/example_latest_only_with_trigger.py
[2024-02-29T18:52:36.612+0530] {processor.py:830} INFO - Processing file /home/arun/.local/lib/python3.10/site-packages/airflow/example_dags/example_latest_only_with_trigger.py for tasks to queue
[2024-02-29T18:52:36.613+0530] {logging_mixin.py:188} INFO - [2024-02-29T18:52:36.613+0530] {dagbag.py:538} INFO - Filling up the DagBag from /home/arun/.local/lib/python3.10/site-packages/airflow/example_dags/example_latest_only_with_trigger.py
[2024-02-29T18:52:36.619+0530] {processor.py:840} INFO - DAG(s) 'latest_only_with_trigger' retrieved from /home/arun/.local/lib/python3.10/site-packages/airflow/example_dags/example_latest_only_with_trigger.py
[2024-02-29T18:52:36.636+0530] {logging_mixin.py:188} INFO - [2024-02-29T18:52:36.636+0530] {dag.py:3036} INFO - Sync 1 DAGs
[2024-02-29T18:52:36.658+0530] {logging_mixin.py:188} INFO - [2024-02-29T18:52:36.658+0530] {dag.py:3823} INFO - Setting next_dagrun for latest_only_with_trigger to 2024-02-29 08:00:00+00:00, run_after=2024-02-29 12:00:00+00:00
[2024-02-29T18:52:36.687+0530] {processor.py:183} INFO - Processing /home/arun/.local/lib/python3.10/site-packages/airflow/example_dags/example_latest_only_with_trigger.py took 0.080 seconds
[2024-02-29T18:53:29.328+0530] {processor.py:161} INFO - Started process (PID=8899) to work on /home/arun/.local/lib/python3.10/site-packages/airflow/example_dags/example_latest_only_with_trigger.py
[2024-02-29T18:53:29.329+0530] {processor.py:830} INFO - Processing file /home/arun/.local/lib/python3.10/site-packages/airflow/example_dags/example_latest_only_with_trigger.py for tasks to queue
[2024-02-29T18:53:29.330+0530] {logging_mixin.py:188} INFO - [2024-02-29T18:53:29.330+0530] {dagbag.py:538} INFO - Filling up the DagBag from /home/arun/.local/lib/python3.10/site-packages/airflow/example_dags/example_latest_only_with_trigger.py
[2024-02-29T18:53:29.338+0530] {processor.py:840} INFO - DAG(s) 'latest_only_with_trigger' retrieved from /home/arun/.local/lib/python3.10/site-packages/airflow/example_dags/example_latest_only_with_trigger.py
[2024-02-29T18:53:29.357+0530] {logging_mixin.py:188} INFO - [2024-02-29T18:53:29.357+0530] {dag.py:3036} INFO - Sync 1 DAGs
[2024-02-29T18:53:29.386+0530] {logging_mixin.py:188} INFO - [2024-02-29T18:53:29.385+0530] {dag.py:3823} INFO - Setting next_dagrun for latest_only_with_trigger to 2024-02-29 08:00:00+00:00, run_after=2024-02-29 12:00:00+00:00
[2024-02-29T18:53:29.418+0530] {processor.py:183} INFO - Processing /home/arun/.local/lib/python3.10/site-packages/airflow/example_dags/example_latest_only_with_trigger.py took 0.094 seconds
[2024-02-29T18:54:21.120+0530] {processor.py:161} INFO - Started process (PID=9172) to work on /home/arun/.local/lib/python3.10/site-packages/airflow/example_dags/example_latest_only_with_trigger.py
[2024-02-29T18:54:21.122+0530] {processor.py:830} INFO - Processing file /home/arun/.local/lib/python3.10/site-packages/airflow/example_dags/example_latest_only_with_trigger.py for tasks to queue
[2024-02-29T18:54:21.123+0530] {logging_mixin.py:188} INFO - [2024-02-29T18:54:21.122+0530] {dagbag.py:538} INFO - Filling up the DagBag from /home/arun/.local/lib/python3.10/site-packages/airflow/example_dags/example_latest_only_with_trigger.py
[2024-02-29T18:54:21.135+0530] {processor.py:840} INFO - DAG(s) 'latest_only_with_trigger' retrieved from /home/arun/.local/lib/python3.10/site-packages/airflow/example_dags/example_latest_only_with_trigger.py
[2024-02-29T18:54:21.158+0530] {logging_mixin.py:188} INFO - [2024-02-29T18:54:21.158+0530] {dag.py:3036} INFO - Sync 1 DAGs
[2024-02-29T18:54:21.182+0530] {logging_mixin.py:188} INFO - [2024-02-29T18:54:21.181+0530] {dag.py:3823} INFO - Setting next_dagrun for latest_only_with_trigger to 2024-02-29 08:00:00+00:00, run_after=2024-02-29 12:00:00+00:00
[2024-02-29T18:54:21.215+0530] {processor.py:183} INFO - Processing /home/arun/.local/lib/python3.10/site-packages/airflow/example_dags/example_latest_only_with_trigger.py took 0.099 seconds
[2024-02-29T18:55:10.236+0530] {processor.py:161} INFO - Started process (PID=9256) to work on /home/arun/.local/lib/python3.10/site-packages/airflow/example_dags/example_latest_only_with_trigger.py
[2024-02-29T18:55:10.238+0530] {processor.py:830} INFO - Processing file /home/arun/.local/lib/python3.10/site-packages/airflow/example_dags/example_latest_only_with_trigger.py for tasks to queue
[2024-02-29T18:55:10.239+0530] {logging_mixin.py:188} INFO - [2024-02-29T18:55:10.238+0530] {dagbag.py:538} INFO - Filling up the DagBag from /home/arun/.local/lib/python3.10/site-packages/airflow/example_dags/example_latest_only_with_trigger.py
[2024-02-29T18:55:10.245+0530] {processor.py:840} INFO - DAG(s) 'latest_only_with_trigger' retrieved from /home/arun/.local/lib/python3.10/site-packages/airflow/example_dags/example_latest_only_with_trigger.py
[2024-02-29T18:55:10.261+0530] {logging_mixin.py:188} INFO - [2024-02-29T18:55:10.261+0530] {dag.py:3036} INFO - Sync 1 DAGs
[2024-02-29T18:55:10.283+0530] {logging_mixin.py:188} INFO - [2024-02-29T18:55:10.283+0530] {dag.py:3823} INFO - Setting next_dagrun for latest_only_with_trigger to 2024-02-29 08:00:00+00:00, run_after=2024-02-29 12:00:00+00:00
[2024-02-29T18:55:10.312+0530] {processor.py:183} INFO - Processing /home/arun/.local/lib/python3.10/site-packages/airflow/example_dags/example_latest_only_with_trigger.py took 0.079 seconds
[2024-02-29T18:56:10.123+0530] {processor.py:161} INFO - Started process (PID=9404) to work on /home/arun/.local/lib/python3.10/site-packages/airflow/example_dags/example_latest_only_with_trigger.py
[2024-02-29T18:56:10.125+0530] {processor.py:830} INFO - Processing file /home/arun/.local/lib/python3.10/site-packages/airflow/example_dags/example_latest_only_with_trigger.py for tasks to queue
[2024-02-29T18:56:10.126+0530] {logging_mixin.py:188} INFO - [2024-02-29T18:56:10.126+0530] {dagbag.py:538} INFO - Filling up the DagBag from /home/arun/.local/lib/python3.10/site-packages/airflow/example_dags/example_latest_only_with_trigger.py
[2024-02-29T18:56:10.136+0530] {processor.py:840} INFO - DAG(s) 'latest_only_with_trigger' retrieved from /home/arun/.local/lib/python3.10/site-packages/airflow/example_dags/example_latest_only_with_trigger.py
[2024-02-29T18:56:10.167+0530] {logging_mixin.py:188} INFO - [2024-02-29T18:56:10.166+0530] {dag.py:3036} INFO - Sync 1 DAGs
[2024-02-29T18:56:10.209+0530] {logging_mixin.py:188} INFO - [2024-02-29T18:56:10.209+0530] {dag.py:3823} INFO - Setting next_dagrun for latest_only_with_trigger to 2024-02-29 08:00:00+00:00, run_after=2024-02-29 12:00:00+00:00
[2024-02-29T18:56:10.253+0530] {processor.py:183} INFO - Processing /home/arun/.local/lib/python3.10/site-packages/airflow/example_dags/example_latest_only_with_trigger.py took 0.137 seconds
[2024-02-29T18:57:08.532+0530] {processor.py:161} INFO - Started process (PID=9523) to work on /home/arun/.local/lib/python3.10/site-packages/airflow/example_dags/example_latest_only_with_trigger.py
[2024-02-29T18:57:08.534+0530] {processor.py:830} INFO - Processing file /home/arun/.local/lib/python3.10/site-packages/airflow/example_dags/example_latest_only_with_trigger.py for tasks to queue
[2024-02-29T18:57:08.536+0530] {logging_mixin.py:188} INFO - [2024-02-29T18:57:08.535+0530] {dagbag.py:538} INFO - Filling up the DagBag from /home/arun/.local/lib/python3.10/site-packages/airflow/example_dags/example_latest_only_with_trigger.py
[2024-02-29T18:57:08.542+0530] {processor.py:840} INFO - DAG(s) 'latest_only_with_trigger' retrieved from /home/arun/.local/lib/python3.10/site-packages/airflow/example_dags/example_latest_only_with_trigger.py
[2024-02-29T18:57:08.560+0530] {logging_mixin.py:188} INFO - [2024-02-29T18:57:08.560+0530] {dag.py:3036} INFO - Sync 1 DAGs
[2024-02-29T18:57:08.585+0530] {logging_mixin.py:188} INFO - [2024-02-29T18:57:08.585+0530] {dag.py:3823} INFO - Setting next_dagrun for latest_only_with_trigger to 2024-02-29 08:00:00+00:00, run_after=2024-02-29 12:00:00+00:00
[2024-02-29T18:57:08.619+0530] {processor.py:183} INFO - Processing /home/arun/.local/lib/python3.10/site-packages/airflow/example_dags/example_latest_only_with_trigger.py took 0.090 seconds
[2024-02-29T18:58:03.401+0530] {processor.py:161} INFO - Started process (PID=9613) to work on /home/arun/.local/lib/python3.10/site-packages/airflow/example_dags/example_latest_only_with_trigger.py
[2024-02-29T18:58:03.403+0530] {processor.py:830} INFO - Processing file /home/arun/.local/lib/python3.10/site-packages/airflow/example_dags/example_latest_only_with_trigger.py for tasks to queue
[2024-02-29T18:58:03.405+0530] {logging_mixin.py:188} INFO - [2024-02-29T18:58:03.404+0530] {dagbag.py:538} INFO - Filling up the DagBag from /home/arun/.local/lib/python3.10/site-packages/airflow/example_dags/example_latest_only_with_trigger.py
[2024-02-29T18:58:03.414+0530] {processor.py:840} INFO - DAG(s) 'latest_only_with_trigger' retrieved from /home/arun/.local/lib/python3.10/site-packages/airflow/example_dags/example_latest_only_with_trigger.py
[2024-02-29T18:58:03.473+0530] {logging_mixin.py:188} INFO - [2024-02-29T18:58:03.473+0530] {dag.py:3036} INFO - Sync 1 DAGs
[2024-02-29T18:58:03.544+0530] {logging_mixin.py:188} INFO - [2024-02-29T18:58:03.544+0530] {dag.py:3823} INFO - Setting next_dagrun for latest_only_with_trigger to 2024-02-29 08:00:00+00:00, run_after=2024-02-29 12:00:00+00:00
[2024-02-29T18:58:03.659+0530] {processor.py:183} INFO - Processing /home/arun/.local/lib/python3.10/site-packages/airflow/example_dags/example_latest_only_with_trigger.py took 0.263 seconds
[2024-02-29T18:59:05.011+0530] {processor.py:161} INFO - Started process (PID=9720) to work on /home/arun/.local/lib/python3.10/site-packages/airflow/example_dags/example_latest_only_with_trigger.py
[2024-02-29T18:59:05.048+0530] {processor.py:830} INFO - Processing file /home/arun/.local/lib/python3.10/site-packages/airflow/example_dags/example_latest_only_with_trigger.py for tasks to queue
[2024-02-29T18:59:05.050+0530] {logging_mixin.py:188} INFO - [2024-02-29T18:59:05.049+0530] {dagbag.py:538} INFO - Filling up the DagBag from /home/arun/.local/lib/python3.10/site-packages/airflow/example_dags/example_latest_only_with_trigger.py
[2024-02-29T18:59:05.057+0530] {processor.py:840} INFO - DAG(s) 'latest_only_with_trigger' retrieved from /home/arun/.local/lib/python3.10/site-packages/airflow/example_dags/example_latest_only_with_trigger.py
[2024-02-29T18:59:05.077+0530] {logging_mixin.py:188} INFO - [2024-02-29T18:59:05.077+0530] {dag.py:3036} INFO - Sync 1 DAGs
[2024-02-29T18:59:05.101+0530] {logging_mixin.py:188} INFO - [2024-02-29T18:59:05.101+0530] {dag.py:3823} INFO - Setting next_dagrun for latest_only_with_trigger to 2024-02-29 08:00:00+00:00, run_after=2024-02-29 12:00:00+00:00
[2024-02-29T18:59:05.187+0530] {processor.py:183} INFO - Processing /home/arun/.local/lib/python3.10/site-packages/airflow/example_dags/example_latest_only_with_trigger.py took 0.180 seconds
[2024-02-29T19:00:00.770+0530] {processor.py:161} INFO - Started process (PID=9821) to work on /home/arun/.local/lib/python3.10/site-packages/airflow/example_dags/example_latest_only_with_trigger.py
[2024-02-29T19:00:00.806+0530] {processor.py:830} INFO - Processing file /home/arun/.local/lib/python3.10/site-packages/airflow/example_dags/example_latest_only_with_trigger.py for tasks to queue
[2024-02-29T19:00:00.807+0530] {logging_mixin.py:188} INFO - [2024-02-29T19:00:00.807+0530] {dagbag.py:538} INFO - Filling up the DagBag from /home/arun/.local/lib/python3.10/site-packages/airflow/example_dags/example_latest_only_with_trigger.py
[2024-02-29T19:00:00.818+0530] {processor.py:840} INFO - DAG(s) 'latest_only_with_trigger' retrieved from /home/arun/.local/lib/python3.10/site-packages/airflow/example_dags/example_latest_only_with_trigger.py
[2024-02-29T19:00:00.845+0530] {logging_mixin.py:188} INFO - [2024-02-29T19:00:00.844+0530] {dag.py:3036} INFO - Sync 1 DAGs
[2024-02-29T19:00:00.872+0530] {logging_mixin.py:188} INFO - [2024-02-29T19:00:00.871+0530] {dag.py:3823} INFO - Setting next_dagrun for latest_only_with_trigger to 2024-02-29 08:00:00+00:00, run_after=2024-02-29 12:00:00+00:00
[2024-02-29T19:00:00.902+0530] {processor.py:183} INFO - Processing /home/arun/.local/lib/python3.10/site-packages/airflow/example_dags/example_latest_only_with_trigger.py took 0.147 seconds
[2024-02-29T19:00:50.887+0530] {processor.py:161} INFO - Started process (PID=9905) to work on /home/arun/.local/lib/python3.10/site-packages/airflow/example_dags/example_latest_only_with_trigger.py
[2024-02-29T19:00:50.889+0530] {processor.py:830} INFO - Processing file /home/arun/.local/lib/python3.10/site-packages/airflow/example_dags/example_latest_only_with_trigger.py for tasks to queue
[2024-02-29T19:00:50.891+0530] {logging_mixin.py:188} INFO - [2024-02-29T19:00:50.890+0530] {dagbag.py:538} INFO - Filling up the DagBag from /home/arun/.local/lib/python3.10/site-packages/airflow/example_dags/example_latest_only_with_trigger.py
[2024-02-29T19:00:50.897+0530] {processor.py:840} INFO - DAG(s) 'latest_only_with_trigger' retrieved from /home/arun/.local/lib/python3.10/site-packages/airflow/example_dags/example_latest_only_with_trigger.py
[2024-02-29T19:00:50.917+0530] {logging_mixin.py:188} INFO - [2024-02-29T19:00:50.916+0530] {dag.py:3036} INFO - Sync 1 DAGs
[2024-02-29T19:00:50.943+0530] {logging_mixin.py:188} INFO - [2024-02-29T19:00:50.943+0530] {dag.py:3823} INFO - Setting next_dagrun for latest_only_with_trigger to 2024-02-29 08:00:00+00:00, run_after=2024-02-29 12:00:00+00:00
[2024-02-29T19:00:50.982+0530] {processor.py:183} INFO - Processing /home/arun/.local/lib/python3.10/site-packages/airflow/example_dags/example_latest_only_with_trigger.py took 0.099 seconds
[2024-02-29T19:01:43.655+0530] {processor.py:161} INFO - Started process (PID=9988) to work on /home/arun/.local/lib/python3.10/site-packages/airflow/example_dags/example_latest_only_with_trigger.py
[2024-02-29T19:01:43.656+0530] {processor.py:830} INFO - Processing file /home/arun/.local/lib/python3.10/site-packages/airflow/example_dags/example_latest_only_with_trigger.py for tasks to queue
[2024-02-29T19:01:43.657+0530] {logging_mixin.py:188} INFO - [2024-02-29T19:01:43.656+0530] {dagbag.py:538} INFO - Filling up the DagBag from /home/arun/.local/lib/python3.10/site-packages/airflow/example_dags/example_latest_only_with_trigger.py
[2024-02-29T19:01:43.663+0530] {processor.py:840} INFO - DAG(s) 'latest_only_with_trigger' retrieved from /home/arun/.local/lib/python3.10/site-packages/airflow/example_dags/example_latest_only_with_trigger.py
[2024-02-29T19:01:43.682+0530] {logging_mixin.py:188} INFO - [2024-02-29T19:01:43.682+0530] {dag.py:3036} INFO - Sync 1 DAGs
[2024-02-29T19:01:43.712+0530] {logging_mixin.py:188} INFO - [2024-02-29T19:01:43.712+0530] {dag.py:3823} INFO - Setting next_dagrun for latest_only_with_trigger to 2024-02-29 08:00:00+00:00, run_after=2024-02-29 12:00:00+00:00
[2024-02-29T19:01:43.748+0530] {processor.py:183} INFO - Processing /home/arun/.local/lib/python3.10/site-packages/airflow/example_dags/example_latest_only_with_trigger.py took 0.096 seconds
[2024-02-29T19:02:35.731+0530] {processor.py:161} INFO - Started process (PID=10074) to work on /home/arun/.local/lib/python3.10/site-packages/airflow/example_dags/example_latest_only_with_trigger.py
[2024-02-29T19:02:35.733+0530] {processor.py:830} INFO - Processing file /home/arun/.local/lib/python3.10/site-packages/airflow/example_dags/example_latest_only_with_trigger.py for tasks to queue
[2024-02-29T19:02:35.735+0530] {logging_mixin.py:188} INFO - [2024-02-29T19:02:35.734+0530] {dagbag.py:538} INFO - Filling up the DagBag from /home/arun/.local/lib/python3.10/site-packages/airflow/example_dags/example_latest_only_with_trigger.py
[2024-02-29T19:02:35.742+0530] {processor.py:840} INFO - DAG(s) 'latest_only_with_trigger' retrieved from /home/arun/.local/lib/python3.10/site-packages/airflow/example_dags/example_latest_only_with_trigger.py
[2024-02-29T19:02:35.760+0530] {logging_mixin.py:188} INFO - [2024-02-29T19:02:35.760+0530] {dag.py:3036} INFO - Sync 1 DAGs
[2024-02-29T19:02:35.784+0530] {logging_mixin.py:188} INFO - [2024-02-29T19:02:35.784+0530] {dag.py:3823} INFO - Setting next_dagrun for latest_only_with_trigger to 2024-02-29 08:00:00+00:00, run_after=2024-02-29 12:00:00+00:00
[2024-02-29T19:02:35.818+0530] {processor.py:183} INFO - Processing /home/arun/.local/lib/python3.10/site-packages/airflow/example_dags/example_latest_only_with_trigger.py took 0.093 seconds
[2024-02-29T19:03:24.716+0530] {processor.py:161} INFO - Started process (PID=10152) to work on /home/arun/.local/lib/python3.10/site-packages/airflow/example_dags/example_latest_only_with_trigger.py
[2024-02-29T19:03:24.718+0530] {processor.py:830} INFO - Processing file /home/arun/.local/lib/python3.10/site-packages/airflow/example_dags/example_latest_only_with_trigger.py for tasks to queue
[2024-02-29T19:03:24.719+0530] {logging_mixin.py:188} INFO - [2024-02-29T19:03:24.719+0530] {dagbag.py:538} INFO - Filling up the DagBag from /home/arun/.local/lib/python3.10/site-packages/airflow/example_dags/example_latest_only_with_trigger.py
[2024-02-29T19:03:24.728+0530] {processor.py:840} INFO - DAG(s) 'latest_only_with_trigger' retrieved from /home/arun/.local/lib/python3.10/site-packages/airflow/example_dags/example_latest_only_with_trigger.py
[2024-02-29T19:03:24.755+0530] {logging_mixin.py:188} INFO - [2024-02-29T19:03:24.755+0530] {dag.py:3036} INFO - Sync 1 DAGs
[2024-02-29T19:03:24.801+0530] {logging_mixin.py:188} INFO - [2024-02-29T19:03:24.801+0530] {dag.py:3823} INFO - Setting next_dagrun for latest_only_with_trigger to 2024-02-29 08:00:00+00:00, run_after=2024-02-29 12:00:00+00:00
[2024-02-29T19:03:24.836+0530] {processor.py:183} INFO - Processing /home/arun/.local/lib/python3.10/site-packages/airflow/example_dags/example_latest_only_with_trigger.py took 0.126 seconds
[2024-02-29T19:04:11.735+0530] {processor.py:161} INFO - Started process (PID=10229) to work on /home/arun/.local/lib/python3.10/site-packages/airflow/example_dags/example_latest_only_with_trigger.py
[2024-02-29T19:04:11.737+0530] {processor.py:830} INFO - Processing file /home/arun/.local/lib/python3.10/site-packages/airflow/example_dags/example_latest_only_with_trigger.py for tasks to queue
[2024-02-29T19:04:11.738+0530] {logging_mixin.py:188} INFO - [2024-02-29T19:04:11.738+0530] {dagbag.py:538} INFO - Filling up the DagBag from /home/arun/.local/lib/python3.10/site-packages/airflow/example_dags/example_latest_only_with_trigger.py
[2024-02-29T19:04:11.749+0530] {processor.py:840} INFO - DAG(s) 'latest_only_with_trigger' retrieved from /home/arun/.local/lib/python3.10/site-packages/airflow/example_dags/example_latest_only_with_trigger.py
[2024-02-29T19:04:11.779+0530] {logging_mixin.py:188} INFO - [2024-02-29T19:04:11.779+0530] {dag.py:3036} INFO - Sync 1 DAGs
[2024-02-29T19:04:11.822+0530] {logging_mixin.py:188} INFO - [2024-02-29T19:04:11.822+0530] {dag.py:3823} INFO - Setting next_dagrun for latest_only_with_trigger to 2024-02-29 08:00:00+00:00, run_after=2024-02-29 12:00:00+00:00
[2024-02-29T19:04:11.868+0530] {processor.py:183} INFO - Processing /home/arun/.local/lib/python3.10/site-packages/airflow/example_dags/example_latest_only_with_trigger.py took 0.138 seconds
[2024-02-29T19:05:01.363+0530] {processor.py:161} INFO - Started process (PID=10333) to work on /home/arun/.local/lib/python3.10/site-packages/airflow/example_dags/example_latest_only_with_trigger.py
[2024-02-29T19:05:01.368+0530] {processor.py:830} INFO - Processing file /home/arun/.local/lib/python3.10/site-packages/airflow/example_dags/example_latest_only_with_trigger.py for tasks to queue
[2024-02-29T19:05:01.372+0530] {logging_mixin.py:188} INFO - [2024-02-29T19:05:01.371+0530] {dagbag.py:538} INFO - Filling up the DagBag from /home/arun/.local/lib/python3.10/site-packages/airflow/example_dags/example_latest_only_with_trigger.py
[2024-02-29T19:05:01.405+0530] {processor.py:840} INFO - DAG(s) 'latest_only_with_trigger' retrieved from /home/arun/.local/lib/python3.10/site-packages/airflow/example_dags/example_latest_only_with_trigger.py
[2024-02-29T19:05:01.531+0530] {logging_mixin.py:188} INFO - [2024-02-29T19:05:01.531+0530] {dag.py:3036} INFO - Sync 1 DAGs
[2024-02-29T19:05:01.601+0530] {logging_mixin.py:188} INFO - [2024-02-29T19:05:01.601+0530] {dag.py:3823} INFO - Setting next_dagrun for latest_only_with_trigger to 2024-02-29 08:00:00+00:00, run_after=2024-02-29 12:00:00+00:00
[2024-02-29T19:05:01.765+0530] {processor.py:183} INFO - Processing /home/arun/.local/lib/python3.10/site-packages/airflow/example_dags/example_latest_only_with_trigger.py took 0.412 seconds
[2024-02-29T19:06:18.207+0530] {processor.py:161} INFO - Started process (PID=10612) to work on /home/arun/.local/lib/python3.10/site-packages/airflow/example_dags/example_latest_only_with_trigger.py
[2024-02-29T19:06:18.214+0530] {processor.py:830} INFO - Processing file /home/arun/.local/lib/python3.10/site-packages/airflow/example_dags/example_latest_only_with_trigger.py for tasks to queue
[2024-02-29T19:06:18.219+0530] {logging_mixin.py:188} INFO - [2024-02-29T19:06:18.217+0530] {dagbag.py:538} INFO - Filling up the DagBag from /home/arun/.local/lib/python3.10/site-packages/airflow/example_dags/example_latest_only_with_trigger.py
[2024-02-29T19:06:18.277+0530] {processor.py:840} INFO - DAG(s) 'latest_only_with_trigger' retrieved from /home/arun/.local/lib/python3.10/site-packages/airflow/example_dags/example_latest_only_with_trigger.py
[2024-02-29T19:06:18.396+0530] {logging_mixin.py:188} INFO - [2024-02-29T19:06:18.396+0530] {dag.py:3036} INFO - Sync 1 DAGs
[2024-02-29T19:06:18.490+0530] {logging_mixin.py:188} INFO - [2024-02-29T19:06:18.489+0530] {dag.py:3823} INFO - Setting next_dagrun for latest_only_with_trigger to 2024-02-29 08:00:00+00:00, run_after=2024-02-29 12:00:00+00:00
[2024-02-29T19:06:18.548+0530] {processor.py:183} INFO - Processing /home/arun/.local/lib/python3.10/site-packages/airflow/example_dags/example_latest_only_with_trigger.py took 0.369 seconds
