[2024-02-29T18:15:40.532+0530] {processor.py:161} INFO - Started process (PID=5189) to work on /home/arun/.local/lib/python3.10/site-packages/airflow/example_dags/example_sla_dag.py
[2024-02-29T18:15:40.536+0530] {processor.py:830} INFO - Processing file /home/arun/.local/lib/python3.10/site-packages/airflow/example_dags/example_sla_dag.py for tasks to queue
[2024-02-29T18:15:40.545+0530] {logging_mixin.py:188} INFO - [2024-02-29T18:15:40.544+0530] {dagbag.py:538} INFO - Filling up the DagBag from /home/arun/.local/lib/python3.10/site-packages/airflow/example_dags/example_sla_dag.py
[2024-02-29T18:15:40.575+0530] {processor.py:840} INFO - DAG(s) 'example_sla_dag' retrieved from /home/arun/.local/lib/python3.10/site-packages/airflow/example_dags/example_sla_dag.py
[2024-02-29T18:15:40.854+0530] {logging_mixin.py:188} INFO - [2024-02-29T18:15:40.854+0530] {dag.py:3036} INFO - Sync 1 DAGs
[2024-02-29T18:15:41.349+0530] {logging_mixin.py:188} INFO - [2024-02-29T18:15:41.349+0530] {dag.py:3823} INFO - Setting next_dagrun for example_sla_dag to 2024-02-29 12:42:00+00:00, run_after=2024-02-29 12:44:00+00:00
[2024-02-29T18:15:41.476+0530] {processor.py:183} INFO - Processing /home/arun/.local/lib/python3.10/site-packages/airflow/example_dags/example_sla_dag.py took 0.964 seconds
[2024-02-29T18:17:01.581+0530] {processor.py:161} INFO - Started process (PID=5246) to work on /home/arun/.local/lib/python3.10/site-packages/airflow/example_dags/example_sla_dag.py
[2024-02-29T18:17:01.587+0530] {processor.py:830} INFO - Processing file /home/arun/.local/lib/python3.10/site-packages/airflow/example_dags/example_sla_dag.py for tasks to queue
[2024-02-29T18:17:01.589+0530] {logging_mixin.py:188} INFO - [2024-02-29T18:17:01.588+0530] {dagbag.py:538} INFO - Filling up the DagBag from /home/arun/.local/lib/python3.10/site-packages/airflow/example_dags/example_sla_dag.py
[2024-02-29T18:17:01.686+0530] {processor.py:840} INFO - DAG(s) 'example_sla_dag' retrieved from /home/arun/.local/lib/python3.10/site-packages/airflow/example_dags/example_sla_dag.py
[2024-02-29T18:17:01.839+0530] {logging_mixin.py:188} INFO - [2024-02-29T18:17:01.839+0530] {dag.py:3036} INFO - Sync 1 DAGs
[2024-02-29T18:17:02.020+0530] {logging_mixin.py:188} INFO - [2024-02-29T18:17:02.015+0530] {dag.py:3823} INFO - Setting next_dagrun for example_sla_dag to 2024-02-29 12:44:00+00:00, run_after=2024-02-29 12:46:00+00:00
[2024-02-29T18:17:02.445+0530] {processor.py:183} INFO - Processing /home/arun/.local/lib/python3.10/site-packages/airflow/example_dags/example_sla_dag.py took 0.870 seconds
[2024-02-29T18:18:40.559+0530] {processor.py:161} INFO - Started process (PID=5387) to work on /home/arun/.local/lib/python3.10/site-packages/airflow/example_dags/example_sla_dag.py
[2024-02-29T18:18:40.659+0530] {processor.py:830} INFO - Processing file /home/arun/.local/lib/python3.10/site-packages/airflow/example_dags/example_sla_dag.py for tasks to queue
[2024-02-29T18:18:40.661+0530] {logging_mixin.py:188} INFO - [2024-02-29T18:18:40.660+0530] {dagbag.py:538} INFO - Filling up the DagBag from /home/arun/.local/lib/python3.10/site-packages/airflow/example_dags/example_sla_dag.py
[2024-02-29T18:18:40.677+0530] {processor.py:840} INFO - DAG(s) 'example_sla_dag' retrieved from /home/arun/.local/lib/python3.10/site-packages/airflow/example_dags/example_sla_dag.py
[2024-02-29T18:18:40.703+0530] {logging_mixin.py:188} INFO - [2024-02-29T18:18:40.702+0530] {dag.py:3036} INFO - Sync 1 DAGs
[2024-02-29T18:18:40.740+0530] {logging_mixin.py:188} INFO - [2024-02-29T18:18:40.740+0530] {dag.py:3823} INFO - Setting next_dagrun for example_sla_dag to 2024-02-29 12:46:00+00:00, run_after=2024-02-29 12:48:00+00:00
[2024-02-29T18:18:40.979+0530] {processor.py:183} INFO - Processing /home/arun/.local/lib/python3.10/site-packages/airflow/example_dags/example_sla_dag.py took 0.431 seconds
[2024-02-29T18:20:44.565+0530] {processor.py:161} INFO - Started process (PID=5491) to work on /home/arun/.local/lib/python3.10/site-packages/airflow/example_dags/example_sla_dag.py
[2024-02-29T18:20:44.676+0530] {processor.py:830} INFO - Processing file /home/arun/.local/lib/python3.10/site-packages/airflow/example_dags/example_sla_dag.py for tasks to queue
[2024-02-29T18:20:44.681+0530] {logging_mixin.py:188} INFO - [2024-02-29T18:20:44.680+0530] {dagbag.py:538} INFO - Filling up the DagBag from /home/arun/.local/lib/python3.10/site-packages/airflow/example_dags/example_sla_dag.py
[2024-02-29T18:20:44.703+0530] {processor.py:840} INFO - DAG(s) 'example_sla_dag' retrieved from /home/arun/.local/lib/python3.10/site-packages/airflow/example_dags/example_sla_dag.py
[2024-02-29T18:20:44.788+0530] {logging_mixin.py:188} INFO - [2024-02-29T18:20:44.788+0530] {dag.py:3036} INFO - Sync 1 DAGs
[2024-02-29T18:20:44.841+0530] {logging_mixin.py:188} INFO - [2024-02-29T18:20:44.840+0530] {dag.py:3823} INFO - Setting next_dagrun for example_sla_dag to 2024-02-29 12:48:00+00:00, run_after=2024-02-29 12:50:00+00:00
[2024-02-29T18:20:44.931+0530] {processor.py:183} INFO - Processing /home/arun/.local/lib/python3.10/site-packages/airflow/example_dags/example_sla_dag.py took 0.370 seconds
[2024-02-29T18:21:50.653+0530] {processor.py:161} INFO - Started process (PID=5639) to work on /home/arun/.local/lib/python3.10/site-packages/airflow/example_dags/example_sla_dag.py
[2024-02-29T18:21:50.657+0530] {processor.py:830} INFO - Processing file /home/arun/.local/lib/python3.10/site-packages/airflow/example_dags/example_sla_dag.py for tasks to queue
[2024-02-29T18:21:50.658+0530] {logging_mixin.py:188} INFO - [2024-02-29T18:21:50.658+0530] {dagbag.py:538} INFO - Filling up the DagBag from /home/arun/.local/lib/python3.10/site-packages/airflow/example_dags/example_sla_dag.py
[2024-02-29T18:21:50.674+0530] {processor.py:840} INFO - DAG(s) 'example_sla_dag' retrieved from /home/arun/.local/lib/python3.10/site-packages/airflow/example_dags/example_sla_dag.py
[2024-02-29T18:21:50.701+0530] {logging_mixin.py:188} INFO - [2024-02-29T18:21:50.700+0530] {dag.py:3036} INFO - Sync 1 DAGs
[2024-02-29T18:21:50.737+0530] {logging_mixin.py:188} INFO - [2024-02-29T18:21:50.737+0530] {dag.py:3823} INFO - Setting next_dagrun for example_sla_dag to 2024-02-29 12:48:00+00:00, run_after=2024-02-29 12:50:00+00:00
[2024-02-29T18:21:50.771+0530] {processor.py:183} INFO - Processing /home/arun/.local/lib/python3.10/site-packages/airflow/example_dags/example_sla_dag.py took 0.124 seconds
[2024-02-29T18:22:46.323+0530] {processor.py:161} INFO - Started process (PID=5721) to work on /home/arun/.local/lib/python3.10/site-packages/airflow/example_dags/example_sla_dag.py
[2024-02-29T18:22:46.324+0530] {processor.py:830} INFO - Processing file /home/arun/.local/lib/python3.10/site-packages/airflow/example_dags/example_sla_dag.py for tasks to queue
[2024-02-29T18:22:46.325+0530] {logging_mixin.py:188} INFO - [2024-02-29T18:22:46.325+0530] {dagbag.py:538} INFO - Filling up the DagBag from /home/arun/.local/lib/python3.10/site-packages/airflow/example_dags/example_sla_dag.py
[2024-02-29T18:22:46.344+0530] {processor.py:840} INFO - DAG(s) 'example_sla_dag' retrieved from /home/arun/.local/lib/python3.10/site-packages/airflow/example_dags/example_sla_dag.py
[2024-02-29T18:22:46.364+0530] {logging_mixin.py:188} INFO - [2024-02-29T18:22:46.364+0530] {dag.py:3036} INFO - Sync 1 DAGs
[2024-02-29T18:22:46.401+0530] {logging_mixin.py:188} INFO - [2024-02-29T18:22:46.401+0530] {dag.py:3823} INFO - Setting next_dagrun for example_sla_dag to 2024-02-29 12:50:00+00:00, run_after=2024-02-29 12:52:00+00:00
[2024-02-29T18:22:46.474+0530] {processor.py:183} INFO - Processing /home/arun/.local/lib/python3.10/site-packages/airflow/example_dags/example_sla_dag.py took 0.155 seconds
[2024-02-29T18:23:41.160+0530] {processor.py:161} INFO - Started process (PID=5820) to work on /home/arun/.local/lib/python3.10/site-packages/airflow/example_dags/example_sla_dag.py
[2024-02-29T18:23:41.162+0530] {processor.py:830} INFO - Processing file /home/arun/.local/lib/python3.10/site-packages/airflow/example_dags/example_sla_dag.py for tasks to queue
[2024-02-29T18:23:41.163+0530] {logging_mixin.py:188} INFO - [2024-02-29T18:23:41.162+0530] {dagbag.py:538} INFO - Filling up the DagBag from /home/arun/.local/lib/python3.10/site-packages/airflow/example_dags/example_sla_dag.py
[2024-02-29T18:23:41.172+0530] {processor.py:840} INFO - DAG(s) 'example_sla_dag' retrieved from /home/arun/.local/lib/python3.10/site-packages/airflow/example_dags/example_sla_dag.py
[2024-02-29T18:23:41.188+0530] {logging_mixin.py:188} INFO - [2024-02-29T18:23:41.188+0530] {dag.py:3036} INFO - Sync 1 DAGs
[2024-02-29T18:23:41.217+0530] {logging_mixin.py:188} INFO - [2024-02-29T18:23:41.217+0530] {dag.py:3823} INFO - Setting next_dagrun for example_sla_dag to 2024-02-29 12:50:00+00:00, run_after=2024-02-29 12:52:00+00:00
[2024-02-29T18:23:41.277+0530] {processor.py:183} INFO - Processing /home/arun/.local/lib/python3.10/site-packages/airflow/example_dags/example_sla_dag.py took 0.119 seconds
[2024-02-29T18:24:30.369+0530] {processor.py:161} INFO - Started process (PID=5908) to work on /home/arun/.local/lib/python3.10/site-packages/airflow/example_dags/example_sla_dag.py
[2024-02-29T18:24:30.404+0530] {processor.py:830} INFO - Processing file /home/arun/.local/lib/python3.10/site-packages/airflow/example_dags/example_sla_dag.py for tasks to queue
[2024-02-29T18:24:30.407+0530] {logging_mixin.py:188} INFO - [2024-02-29T18:24:30.404+0530] {dagbag.py:538} INFO - Filling up the DagBag from /home/arun/.local/lib/python3.10/site-packages/airflow/example_dags/example_sla_dag.py
[2024-02-29T18:24:30.425+0530] {processor.py:840} INFO - DAG(s) 'example_sla_dag' retrieved from /home/arun/.local/lib/python3.10/site-packages/airflow/example_dags/example_sla_dag.py
[2024-02-29T18:24:30.449+0530] {logging_mixin.py:188} INFO - [2024-02-29T18:24:30.448+0530] {dag.py:3036} INFO - Sync 1 DAGs
[2024-02-29T18:24:30.479+0530] {logging_mixin.py:188} INFO - [2024-02-29T18:24:30.479+0530] {dag.py:3823} INFO - Setting next_dagrun for example_sla_dag to 2024-02-29 12:52:00+00:00, run_after=2024-02-29 12:54:00+00:00
[2024-02-29T18:24:30.517+0530] {processor.py:183} INFO - Processing /home/arun/.local/lib/python3.10/site-packages/airflow/example_dags/example_sla_dag.py took 0.151 seconds
[2024-02-29T18:25:20.051+0530] {processor.py:161} INFO - Started process (PID=5983) to work on /home/arun/.local/lib/python3.10/site-packages/airflow/example_dags/example_sla_dag.py
[2024-02-29T18:25:20.052+0530] {processor.py:830} INFO - Processing file /home/arun/.local/lib/python3.10/site-packages/airflow/example_dags/example_sla_dag.py for tasks to queue
[2024-02-29T18:25:20.053+0530] {logging_mixin.py:188} INFO - [2024-02-29T18:25:20.053+0530] {dagbag.py:538} INFO - Filling up the DagBag from /home/arun/.local/lib/python3.10/site-packages/airflow/example_dags/example_sla_dag.py
[2024-02-29T18:25:20.064+0530] {processor.py:840} INFO - DAG(s) 'example_sla_dag' retrieved from /home/arun/.local/lib/python3.10/site-packages/airflow/example_dags/example_sla_dag.py
[2024-02-29T18:25:20.084+0530] {logging_mixin.py:188} INFO - [2024-02-29T18:25:20.084+0530] {dag.py:3036} INFO - Sync 1 DAGs
[2024-02-29T18:25:20.121+0530] {logging_mixin.py:188} INFO - [2024-02-29T18:25:20.120+0530] {dag.py:3823} INFO - Setting next_dagrun for example_sla_dag to 2024-02-29 12:52:00+00:00, run_after=2024-02-29 12:54:00+00:00
[2024-02-29T18:25:20.171+0530] {processor.py:183} INFO - Processing /home/arun/.local/lib/python3.10/site-packages/airflow/example_dags/example_sla_dag.py took 0.125 seconds
[2024-02-29T18:26:08.296+0530] {processor.py:161} INFO - Started process (PID=6059) to work on /home/arun/.local/lib/python3.10/site-packages/airflow/example_dags/example_sla_dag.py
[2024-02-29T18:26:08.299+0530] {processor.py:830} INFO - Processing file /home/arun/.local/lib/python3.10/site-packages/airflow/example_dags/example_sla_dag.py for tasks to queue
[2024-02-29T18:26:08.300+0530] {logging_mixin.py:188} INFO - [2024-02-29T18:26:08.300+0530] {dagbag.py:538} INFO - Filling up the DagBag from /home/arun/.local/lib/python3.10/site-packages/airflow/example_dags/example_sla_dag.py
[2024-02-29T18:26:08.311+0530] {processor.py:840} INFO - DAG(s) 'example_sla_dag' retrieved from /home/arun/.local/lib/python3.10/site-packages/airflow/example_dags/example_sla_dag.py
[2024-02-29T18:26:08.327+0530] {logging_mixin.py:188} INFO - [2024-02-29T18:26:08.327+0530] {dag.py:3036} INFO - Sync 1 DAGs
[2024-02-29T18:26:08.355+0530] {logging_mixin.py:188} INFO - [2024-02-29T18:26:08.355+0530] {dag.py:3823} INFO - Setting next_dagrun for example_sla_dag to 2024-02-29 12:54:00+00:00, run_after=2024-02-29 12:56:00+00:00
[2024-02-29T18:26:08.387+0530] {processor.py:183} INFO - Processing /home/arun/.local/lib/python3.10/site-packages/airflow/example_dags/example_sla_dag.py took 0.094 seconds
[2024-02-29T18:26:57.180+0530] {processor.py:161} INFO - Started process (PID=6133) to work on /home/arun/.local/lib/python3.10/site-packages/airflow/example_dags/example_sla_dag.py
[2024-02-29T18:26:57.212+0530] {processor.py:830} INFO - Processing file /home/arun/.local/lib/python3.10/site-packages/airflow/example_dags/example_sla_dag.py for tasks to queue
[2024-02-29T18:26:57.213+0530] {logging_mixin.py:188} INFO - [2024-02-29T18:26:57.213+0530] {dagbag.py:538} INFO - Filling up the DagBag from /home/arun/.local/lib/python3.10/site-packages/airflow/example_dags/example_sla_dag.py
[2024-02-29T18:26:57.224+0530] {processor.py:840} INFO - DAG(s) 'example_sla_dag' retrieved from /home/arun/.local/lib/python3.10/site-packages/airflow/example_dags/example_sla_dag.py
[2024-02-29T18:26:57.241+0530] {logging_mixin.py:188} INFO - [2024-02-29T18:26:57.241+0530] {dag.py:3036} INFO - Sync 1 DAGs
[2024-02-29T18:26:57.269+0530] {logging_mixin.py:188} INFO - [2024-02-29T18:26:57.269+0530] {dag.py:3823} INFO - Setting next_dagrun for example_sla_dag to 2024-02-29 12:54:00+00:00, run_after=2024-02-29 12:56:00+00:00
[2024-02-29T18:26:57.304+0530] {processor.py:183} INFO - Processing /home/arun/.local/lib/python3.10/site-packages/airflow/example_dags/example_sla_dag.py took 0.129 seconds
[2024-02-29T18:28:16.689+0530] {processor.py:161} INFO - Started process (PID=6272) to work on /home/arun/.local/lib/python3.10/site-packages/airflow/example_dags/example_sla_dag.py
[2024-02-29T18:28:16.744+0530] {processor.py:830} INFO - Processing file /home/arun/.local/lib/python3.10/site-packages/airflow/example_dags/example_sla_dag.py for tasks to queue
[2024-02-29T18:28:16.745+0530] {logging_mixin.py:188} INFO - [2024-02-29T18:28:16.745+0530] {dagbag.py:538} INFO - Filling up the DagBag from /home/arun/.local/lib/python3.10/site-packages/airflow/example_dags/example_sla_dag.py
[2024-02-29T18:28:16.760+0530] {processor.py:840} INFO - DAG(s) 'example_sla_dag' retrieved from /home/arun/.local/lib/python3.10/site-packages/airflow/example_dags/example_sla_dag.py
[2024-02-29T18:28:16.782+0530] {logging_mixin.py:188} INFO - [2024-02-29T18:28:16.782+0530] {dag.py:3036} INFO - Sync 1 DAGs
[2024-02-29T18:28:16.814+0530] {logging_mixin.py:188} INFO - [2024-02-29T18:28:16.813+0530] {dag.py:3823} INFO - Setting next_dagrun for example_sla_dag to 2024-02-29 12:56:00+00:00, run_after=2024-02-29 12:58:00+00:00
[2024-02-29T18:28:16.856+0530] {processor.py:183} INFO - Processing /home/arun/.local/lib/python3.10/site-packages/airflow/example_dags/example_sla_dag.py took 0.172 seconds
[2024-02-29T18:29:23.493+0530] {processor.py:161} INFO - Started process (PID=6379) to work on /home/arun/.local/lib/python3.10/site-packages/airflow/example_dags/example_sla_dag.py
[2024-02-29T18:29:23.592+0530] {processor.py:830} INFO - Processing file /home/arun/.local/lib/python3.10/site-packages/airflow/example_dags/example_sla_dag.py for tasks to queue
[2024-02-29T18:29:23.594+0530] {logging_mixin.py:188} INFO - [2024-02-29T18:29:23.593+0530] {dagbag.py:538} INFO - Filling up the DagBag from /home/arun/.local/lib/python3.10/site-packages/airflow/example_dags/example_sla_dag.py
[2024-02-29T18:29:23.613+0530] {processor.py:840} INFO - DAG(s) 'example_sla_dag' retrieved from /home/arun/.local/lib/python3.10/site-packages/airflow/example_dags/example_sla_dag.py
[2024-02-29T18:29:23.679+0530] {logging_mixin.py:188} INFO - [2024-02-29T18:29:23.679+0530] {dag.py:3036} INFO - Sync 1 DAGs
[2024-02-29T18:29:23.746+0530] {logging_mixin.py:188} INFO - [2024-02-29T18:29:23.746+0530] {dag.py:3823} INFO - Setting next_dagrun for example_sla_dag to 2024-02-29 12:56:00+00:00, run_after=2024-02-29 12:58:00+00:00
[2024-02-29T18:29:23.838+0530] {processor.py:183} INFO - Processing /home/arun/.local/lib/python3.10/site-packages/airflow/example_dags/example_sla_dag.py took 0.350 seconds
[2024-02-29T18:30:24.432+0530] {processor.py:161} INFO - Started process (PID=6486) to work on /home/arun/.local/lib/python3.10/site-packages/airflow/example_dags/example_sla_dag.py
[2024-02-29T18:30:24.436+0530] {processor.py:830} INFO - Processing file /home/arun/.local/lib/python3.10/site-packages/airflow/example_dags/example_sla_dag.py for tasks to queue
[2024-02-29T18:30:24.437+0530] {logging_mixin.py:188} INFO - [2024-02-29T18:30:24.436+0530] {dagbag.py:538} INFO - Filling up the DagBag from /home/arun/.local/lib/python3.10/site-packages/airflow/example_dags/example_sla_dag.py
[2024-02-29T18:30:24.455+0530] {processor.py:840} INFO - DAG(s) 'example_sla_dag' retrieved from /home/arun/.local/lib/python3.10/site-packages/airflow/example_dags/example_sla_dag.py
[2024-02-29T18:30:24.484+0530] {logging_mixin.py:188} INFO - [2024-02-29T18:30:24.483+0530] {dag.py:3036} INFO - Sync 1 DAGs
[2024-02-29T18:30:24.526+0530] {logging_mixin.py:188} INFO - [2024-02-29T18:30:24.525+0530] {dag.py:3823} INFO - Setting next_dagrun for example_sla_dag to 2024-02-29 12:58:00+00:00, run_after=2024-02-29 13:00:00+00:00
[2024-02-29T18:30:24.566+0530] {processor.py:183} INFO - Processing /home/arun/.local/lib/python3.10/site-packages/airflow/example_dags/example_sla_dag.py took 0.140 seconds
[2024-02-29T18:31:20.066+0530] {processor.py:161} INFO - Started process (PID=6574) to work on /home/arun/.local/lib/python3.10/site-packages/airflow/example_dags/example_sla_dag.py
[2024-02-29T18:31:20.068+0530] {processor.py:830} INFO - Processing file /home/arun/.local/lib/python3.10/site-packages/airflow/example_dags/example_sla_dag.py for tasks to queue
[2024-02-29T18:31:20.069+0530] {logging_mixin.py:188} INFO - [2024-02-29T18:31:20.069+0530] {dagbag.py:538} INFO - Filling up the DagBag from /home/arun/.local/lib/python3.10/site-packages/airflow/example_dags/example_sla_dag.py
[2024-02-29T18:31:20.082+0530] {processor.py:840} INFO - DAG(s) 'example_sla_dag' retrieved from /home/arun/.local/lib/python3.10/site-packages/airflow/example_dags/example_sla_dag.py
[2024-02-29T18:31:20.110+0530] {logging_mixin.py:188} INFO - [2024-02-29T18:31:20.110+0530] {dag.py:3036} INFO - Sync 1 DAGs
[2024-02-29T18:31:20.158+0530] {logging_mixin.py:188} INFO - [2024-02-29T18:31:20.158+0530] {dag.py:3823} INFO - Setting next_dagrun for example_sla_dag to 2024-02-29 12:58:00+00:00, run_after=2024-02-29 13:00:00+00:00
[2024-02-29T18:31:20.199+0530] {processor.py:183} INFO - Processing /home/arun/.local/lib/python3.10/site-packages/airflow/example_dags/example_sla_dag.py took 0.137 seconds
[2024-02-29T18:32:09.664+0530] {processor.py:161} INFO - Started process (PID=6655) to work on /home/arun/.local/lib/python3.10/site-packages/airflow/example_dags/example_sla_dag.py
[2024-02-29T18:32:09.666+0530] {processor.py:830} INFO - Processing file /home/arun/.local/lib/python3.10/site-packages/airflow/example_dags/example_sla_dag.py for tasks to queue
[2024-02-29T18:32:09.667+0530] {logging_mixin.py:188} INFO - [2024-02-29T18:32:09.666+0530] {dagbag.py:538} INFO - Filling up the DagBag from /home/arun/.local/lib/python3.10/site-packages/airflow/example_dags/example_sla_dag.py
[2024-02-29T18:32:09.680+0530] {processor.py:840} INFO - DAG(s) 'example_sla_dag' retrieved from /home/arun/.local/lib/python3.10/site-packages/airflow/example_dags/example_sla_dag.py
[2024-02-29T18:32:09.707+0530] {logging_mixin.py:188} INFO - [2024-02-29T18:32:09.706+0530] {dag.py:3036} INFO - Sync 1 DAGs
[2024-02-29T18:32:09.760+0530] {logging_mixin.py:188} INFO - [2024-02-29T18:32:09.759+0530] {dag.py:3823} INFO - Setting next_dagrun for example_sla_dag to 2024-02-29 13:00:00+00:00, run_after=2024-02-29 13:02:00+00:00
[2024-02-29T18:32:09.848+0530] {processor.py:183} INFO - Processing /home/arun/.local/lib/python3.10/site-packages/airflow/example_dags/example_sla_dag.py took 0.188 seconds
[2024-02-29T18:32:59.220+0530] {processor.py:161} INFO - Started process (PID=6740) to work on /home/arun/.local/lib/python3.10/site-packages/airflow/example_dags/example_sla_dag.py
[2024-02-29T18:32:59.277+0530] {processor.py:830} INFO - Processing file /home/arun/.local/lib/python3.10/site-packages/airflow/example_dags/example_sla_dag.py for tasks to queue
[2024-02-29T18:32:59.279+0530] {logging_mixin.py:188} INFO - [2024-02-29T18:32:59.278+0530] {dagbag.py:538} INFO - Filling up the DagBag from /home/arun/.local/lib/python3.10/site-packages/airflow/example_dags/example_sla_dag.py
[2024-02-29T18:32:59.303+0530] {processor.py:840} INFO - DAG(s) 'example_sla_dag' retrieved from /home/arun/.local/lib/python3.10/site-packages/airflow/example_dags/example_sla_dag.py
[2024-02-29T18:32:59.350+0530] {logging_mixin.py:188} INFO - [2024-02-29T18:32:59.350+0530] {dag.py:3036} INFO - Sync 1 DAGs
[2024-02-29T18:32:59.410+0530] {logging_mixin.py:188} INFO - [2024-02-29T18:32:59.410+0530] {dag.py:3823} INFO - Setting next_dagrun for example_sla_dag to 2024-02-29 13:00:00+00:00, run_after=2024-02-29 13:02:00+00:00
[2024-02-29T18:32:59.477+0530] {processor.py:183} INFO - Processing /home/arun/.local/lib/python3.10/site-packages/airflow/example_dags/example_sla_dag.py took 0.268 seconds
[2024-02-29T18:33:56.225+0530] {processor.py:161} INFO - Started process (PID=6828) to work on /home/arun/.local/lib/python3.10/site-packages/airflow/example_dags/example_sla_dag.py
[2024-02-29T18:33:56.246+0530] {processor.py:830} INFO - Processing file /home/arun/.local/lib/python3.10/site-packages/airflow/example_dags/example_sla_dag.py for tasks to queue
[2024-02-29T18:33:56.247+0530] {logging_mixin.py:188} INFO - [2024-02-29T18:33:56.247+0530] {dagbag.py:538} INFO - Filling up the DagBag from /home/arun/.local/lib/python3.10/site-packages/airflow/example_dags/example_sla_dag.py
[2024-02-29T18:33:56.260+0530] {processor.py:840} INFO - DAG(s) 'example_sla_dag' retrieved from /home/arun/.local/lib/python3.10/site-packages/airflow/example_dags/example_sla_dag.py
[2024-02-29T18:33:56.280+0530] {logging_mixin.py:188} INFO - [2024-02-29T18:33:56.280+0530] {dag.py:3036} INFO - Sync 1 DAGs
[2024-02-29T18:33:56.308+0530] {logging_mixin.py:188} INFO - [2024-02-29T18:33:56.307+0530] {dag.py:3823} INFO - Setting next_dagrun for example_sla_dag to 2024-02-29 13:00:00+00:00, run_after=2024-02-29 13:02:00+00:00
[2024-02-29T18:33:56.342+0530] {processor.py:183} INFO - Processing /home/arun/.local/lib/python3.10/site-packages/airflow/example_dags/example_sla_dag.py took 0.120 seconds
[2024-02-29T18:34:48.556+0530] {processor.py:161} INFO - Started process (PID=6912) to work on /home/arun/.local/lib/python3.10/site-packages/airflow/example_dags/example_sla_dag.py
[2024-02-29T18:34:48.599+0530] {processor.py:830} INFO - Processing file /home/arun/.local/lib/python3.10/site-packages/airflow/example_dags/example_sla_dag.py for tasks to queue
[2024-02-29T18:34:48.599+0530] {logging_mixin.py:188} INFO - [2024-02-29T18:34:48.599+0530] {dagbag.py:538} INFO - Filling up the DagBag from /home/arun/.local/lib/python3.10/site-packages/airflow/example_dags/example_sla_dag.py
[2024-02-29T18:34:48.609+0530] {processor.py:840} INFO - DAG(s) 'example_sla_dag' retrieved from /home/arun/.local/lib/python3.10/site-packages/airflow/example_dags/example_sla_dag.py
[2024-02-29T18:34:48.624+0530] {logging_mixin.py:188} INFO - [2024-02-29T18:34:48.624+0530] {dag.py:3036} INFO - Sync 1 DAGs
[2024-02-29T18:34:48.648+0530] {logging_mixin.py:188} INFO - [2024-02-29T18:34:48.648+0530] {dag.py:3823} INFO - Setting next_dagrun for example_sla_dag to 2024-02-29 13:02:00+00:00, run_after=2024-02-29 13:04:00+00:00
[2024-02-29T18:34:48.684+0530] {processor.py:183} INFO - Processing /home/arun/.local/lib/python3.10/site-packages/airflow/example_dags/example_sla_dag.py took 0.132 seconds
[2024-02-29T18:35:43.568+0530] {processor.py:161} INFO - Started process (PID=6998) to work on /home/arun/.local/lib/python3.10/site-packages/airflow/example_dags/example_sla_dag.py
[2024-02-29T18:35:43.569+0530] {processor.py:830} INFO - Processing file /home/arun/.local/lib/python3.10/site-packages/airflow/example_dags/example_sla_dag.py for tasks to queue
[2024-02-29T18:35:43.571+0530] {logging_mixin.py:188} INFO - [2024-02-29T18:35:43.570+0530] {dagbag.py:538} INFO - Filling up the DagBag from /home/arun/.local/lib/python3.10/site-packages/airflow/example_dags/example_sla_dag.py
[2024-02-29T18:35:43.582+0530] {processor.py:840} INFO - DAG(s) 'example_sla_dag' retrieved from /home/arun/.local/lib/python3.10/site-packages/airflow/example_dags/example_sla_dag.py
[2024-02-29T18:35:43.605+0530] {logging_mixin.py:188} INFO - [2024-02-29T18:35:43.604+0530] {dag.py:3036} INFO - Sync 1 DAGs
[2024-02-29T18:35:43.645+0530] {logging_mixin.py:188} INFO - [2024-02-29T18:35:43.645+0530] {dag.py:3823} INFO - Setting next_dagrun for example_sla_dag to 2024-02-29 13:02:00+00:00, run_after=2024-02-29 13:04:00+00:00
[2024-02-29T18:35:43.685+0530] {processor.py:183} INFO - Processing /home/arun/.local/lib/python3.10/site-packages/airflow/example_dags/example_sla_dag.py took 0.121 seconds
[2024-02-29T18:36:41.666+0530] {processor.py:161} INFO - Started process (PID=7087) to work on /home/arun/.local/lib/python3.10/site-packages/airflow/example_dags/example_sla_dag.py
[2024-02-29T18:36:41.671+0530] {processor.py:830} INFO - Processing file /home/arun/.local/lib/python3.10/site-packages/airflow/example_dags/example_sla_dag.py for tasks to queue
[2024-02-29T18:36:41.675+0530] {logging_mixin.py:188} INFO - [2024-02-29T18:36:41.674+0530] {dagbag.py:538} INFO - Filling up the DagBag from /home/arun/.local/lib/python3.10/site-packages/airflow/example_dags/example_sla_dag.py
[2024-02-29T18:36:41.713+0530] {processor.py:840} INFO - DAG(s) 'example_sla_dag' retrieved from /home/arun/.local/lib/python3.10/site-packages/airflow/example_dags/example_sla_dag.py
[2024-02-29T18:36:41.751+0530] {logging_mixin.py:188} INFO - [2024-02-29T18:36:41.750+0530] {dag.py:3036} INFO - Sync 1 DAGs
[2024-02-29T18:36:41.789+0530] {logging_mixin.py:188} INFO - [2024-02-29T18:36:41.788+0530] {dag.py:3823} INFO - Setting next_dagrun for example_sla_dag to 2024-02-29 13:04:00+00:00, run_after=2024-02-29 13:06:00+00:00
[2024-02-29T18:36:41.836+0530] {processor.py:183} INFO - Processing /home/arun/.local/lib/python3.10/site-packages/airflow/example_dags/example_sla_dag.py took 0.194 seconds
[2024-02-29T18:37:46.326+0530] {processor.py:161} INFO - Started process (PID=7183) to work on /home/arun/.local/lib/python3.10/site-packages/airflow/example_dags/example_sla_dag.py
[2024-02-29T18:37:46.330+0530] {processor.py:830} INFO - Processing file /home/arun/.local/lib/python3.10/site-packages/airflow/example_dags/example_sla_dag.py for tasks to queue
[2024-02-29T18:37:46.332+0530] {logging_mixin.py:188} INFO - [2024-02-29T18:37:46.331+0530] {dagbag.py:538} INFO - Filling up the DagBag from /home/arun/.local/lib/python3.10/site-packages/airflow/example_dags/example_sla_dag.py
[2024-02-29T18:37:46.366+0530] {processor.py:840} INFO - DAG(s) 'example_sla_dag' retrieved from /home/arun/.local/lib/python3.10/site-packages/airflow/example_dags/example_sla_dag.py
[2024-02-29T18:37:46.416+0530] {logging_mixin.py:188} INFO - [2024-02-29T18:37:46.415+0530] {dag.py:3036} INFO - Sync 1 DAGs
[2024-02-29T18:37:46.468+0530] {logging_mixin.py:188} INFO - [2024-02-29T18:37:46.468+0530] {dag.py:3823} INFO - Setting next_dagrun for example_sla_dag to 2024-02-29 13:04:00+00:00, run_after=2024-02-29 13:06:00+00:00
[2024-02-29T18:37:46.514+0530] {processor.py:183} INFO - Processing /home/arun/.local/lib/python3.10/site-packages/airflow/example_dags/example_sla_dag.py took 0.191 seconds
[2024-02-29T18:38:44.161+0530] {processor.py:161} INFO - Started process (PID=7363) to work on /home/arun/.local/lib/python3.10/site-packages/airflow/example_dags/example_sla_dag.py
[2024-02-29T18:38:44.163+0530] {processor.py:830} INFO - Processing file /home/arun/.local/lib/python3.10/site-packages/airflow/example_dags/example_sla_dag.py for tasks to queue
[2024-02-29T18:38:44.164+0530] {logging_mixin.py:188} INFO - [2024-02-29T18:38:44.164+0530] {dagbag.py:538} INFO - Filling up the DagBag from /home/arun/.local/lib/python3.10/site-packages/airflow/example_dags/example_sla_dag.py
[2024-02-29T18:38:44.177+0530] {processor.py:840} INFO - DAG(s) 'example_sla_dag' retrieved from /home/arun/.local/lib/python3.10/site-packages/airflow/example_dags/example_sla_dag.py
[2024-02-29T18:38:44.199+0530] {logging_mixin.py:188} INFO - [2024-02-29T18:38:44.199+0530] {dag.py:3036} INFO - Sync 1 DAGs
[2024-02-29T18:38:44.229+0530] {logging_mixin.py:188} INFO - [2024-02-29T18:38:44.229+0530] {dag.py:3823} INFO - Setting next_dagrun for example_sla_dag to 2024-02-29 13:06:00+00:00, run_after=2024-02-29 13:08:00+00:00
[2024-02-29T18:38:44.917+0530] {processor.py:183} INFO - Processing /home/arun/.local/lib/python3.10/site-packages/airflow/example_dags/example_sla_dag.py took 0.761 seconds
[2024-02-29T18:39:41.702+0530] {processor.py:161} INFO - Started process (PID=7450) to work on /home/arun/.local/lib/python3.10/site-packages/airflow/example_dags/example_sla_dag.py
[2024-02-29T18:39:41.704+0530] {processor.py:830} INFO - Processing file /home/arun/.local/lib/python3.10/site-packages/airflow/example_dags/example_sla_dag.py for tasks to queue
[2024-02-29T18:39:41.705+0530] {logging_mixin.py:188} INFO - [2024-02-29T18:39:41.705+0530] {dagbag.py:538} INFO - Filling up the DagBag from /home/arun/.local/lib/python3.10/site-packages/airflow/example_dags/example_sla_dag.py
[2024-02-29T18:39:41.718+0530] {processor.py:840} INFO - DAG(s) 'example_sla_dag' retrieved from /home/arun/.local/lib/python3.10/site-packages/airflow/example_dags/example_sla_dag.py
[2024-02-29T18:39:41.742+0530] {logging_mixin.py:188} INFO - [2024-02-29T18:39:41.742+0530] {dag.py:3036} INFO - Sync 1 DAGs
[2024-02-29T18:39:41.778+0530] {logging_mixin.py:188} INFO - [2024-02-29T18:39:41.777+0530] {dag.py:3823} INFO - Setting next_dagrun for example_sla_dag to 2024-02-29 13:06:00+00:00, run_after=2024-02-29 13:08:00+00:00
[2024-02-29T18:39:41.817+0530] {processor.py:183} INFO - Processing /home/arun/.local/lib/python3.10/site-packages/airflow/example_dags/example_sla_dag.py took 0.120 seconds
[2024-02-29T18:40:38.692+0530] {processor.py:161} INFO - Started process (PID=7538) to work on /home/arun/.local/lib/python3.10/site-packages/airflow/example_dags/example_sla_dag.py
[2024-02-29T18:40:38.695+0530] {processor.py:830} INFO - Processing file /home/arun/.local/lib/python3.10/site-packages/airflow/example_dags/example_sla_dag.py for tasks to queue
[2024-02-29T18:40:38.697+0530] {logging_mixin.py:188} INFO - [2024-02-29T18:40:38.696+0530] {dagbag.py:538} INFO - Filling up the DagBag from /home/arun/.local/lib/python3.10/site-packages/airflow/example_dags/example_sla_dag.py
[2024-02-29T18:40:38.716+0530] {processor.py:840} INFO - DAG(s) 'example_sla_dag' retrieved from /home/arun/.local/lib/python3.10/site-packages/airflow/example_dags/example_sla_dag.py
[2024-02-29T18:40:38.745+0530] {logging_mixin.py:188} INFO - [2024-02-29T18:40:38.744+0530] {dag.py:3036} INFO - Sync 1 DAGs
[2024-02-29T18:40:38.783+0530] {logging_mixin.py:188} INFO - [2024-02-29T18:40:38.783+0530] {dag.py:3823} INFO - Setting next_dagrun for example_sla_dag to 2024-02-29 13:08:00+00:00, run_after=2024-02-29 13:10:00+00:00
[2024-02-29T18:40:38.817+0530] {processor.py:183} INFO - Processing /home/arun/.local/lib/python3.10/site-packages/airflow/example_dags/example_sla_dag.py took 0.131 seconds
[2024-02-29T18:41:34.664+0530] {processor.py:161} INFO - Started process (PID=7638) to work on /home/arun/.local/lib/python3.10/site-packages/airflow/example_dags/example_sla_dag.py
[2024-02-29T18:41:34.666+0530] {processor.py:830} INFO - Processing file /home/arun/.local/lib/python3.10/site-packages/airflow/example_dags/example_sla_dag.py for tasks to queue
[2024-02-29T18:41:34.667+0530] {logging_mixin.py:188} INFO - [2024-02-29T18:41:34.667+0530] {dagbag.py:538} INFO - Filling up the DagBag from /home/arun/.local/lib/python3.10/site-packages/airflow/example_dags/example_sla_dag.py
[2024-02-29T18:41:34.679+0530] {processor.py:840} INFO - DAG(s) 'example_sla_dag' retrieved from /home/arun/.local/lib/python3.10/site-packages/airflow/example_dags/example_sla_dag.py
[2024-02-29T18:41:34.702+0530] {logging_mixin.py:188} INFO - [2024-02-29T18:41:34.701+0530] {dag.py:3036} INFO - Sync 1 DAGs
[2024-02-29T18:41:34.731+0530] {logging_mixin.py:188} INFO - [2024-02-29T18:41:34.731+0530] {dag.py:3823} INFO - Setting next_dagrun for example_sla_dag to 2024-02-29 13:08:00+00:00, run_after=2024-02-29 13:10:00+00:00
[2024-02-29T18:41:34.763+0530] {processor.py:183} INFO - Processing /home/arun/.local/lib/python3.10/site-packages/airflow/example_dags/example_sla_dag.py took 0.104 seconds
[2024-02-29T18:42:32.740+0530] {processor.py:161} INFO - Started process (PID=7732) to work on /home/arun/.local/lib/python3.10/site-packages/airflow/example_dags/example_sla_dag.py
[2024-02-29T18:42:32.780+0530] {processor.py:830} INFO - Processing file /home/arun/.local/lib/python3.10/site-packages/airflow/example_dags/example_sla_dag.py for tasks to queue
[2024-02-29T18:42:32.781+0530] {logging_mixin.py:188} INFO - [2024-02-29T18:42:32.781+0530] {dagbag.py:538} INFO - Filling up the DagBag from /home/arun/.local/lib/python3.10/site-packages/airflow/example_dags/example_sla_dag.py
[2024-02-29T18:42:32.791+0530] {processor.py:840} INFO - DAG(s) 'example_sla_dag' retrieved from /home/arun/.local/lib/python3.10/site-packages/airflow/example_dags/example_sla_dag.py
[2024-02-29T18:42:32.812+0530] {logging_mixin.py:188} INFO - [2024-02-29T18:42:32.810+0530] {dag.py:3036} INFO - Sync 1 DAGs
[2024-02-29T18:42:32.855+0530] {logging_mixin.py:188} INFO - [2024-02-29T18:42:32.854+0530] {dag.py:3823} INFO - Setting next_dagrun for example_sla_dag to 2024-02-29 13:10:00+00:00, run_after=2024-02-29 13:12:00+00:00
[2024-02-29T18:42:32.910+0530] {processor.py:183} INFO - Processing /home/arun/.local/lib/python3.10/site-packages/airflow/example_dags/example_sla_dag.py took 0.174 seconds
[2024-02-29T18:43:37.002+0530] {processor.py:161} INFO - Started process (PID=7842) to work on /home/arun/.local/lib/python3.10/site-packages/airflow/example_dags/example_sla_dag.py
[2024-02-29T18:43:37.003+0530] {processor.py:830} INFO - Processing file /home/arun/.local/lib/python3.10/site-packages/airflow/example_dags/example_sla_dag.py for tasks to queue
[2024-02-29T18:43:37.004+0530] {logging_mixin.py:188} INFO - [2024-02-29T18:43:37.004+0530] {dagbag.py:538} INFO - Filling up the DagBag from /home/arun/.local/lib/python3.10/site-packages/airflow/example_dags/example_sla_dag.py
[2024-02-29T18:43:37.014+0530] {processor.py:840} INFO - DAG(s) 'example_sla_dag' retrieved from /home/arun/.local/lib/python3.10/site-packages/airflow/example_dags/example_sla_dag.py
[2024-02-29T18:43:37.034+0530] {logging_mixin.py:188} INFO - [2024-02-29T18:43:37.034+0530] {dag.py:3036} INFO - Sync 1 DAGs
[2024-02-29T18:43:37.072+0530] {logging_mixin.py:188} INFO - [2024-02-29T18:43:37.072+0530] {dag.py:3823} INFO - Setting next_dagrun for example_sla_dag to 2024-02-29 13:10:00+00:00, run_after=2024-02-29 13:12:00+00:00
[2024-02-29T18:43:37.147+0530] {processor.py:183} INFO - Processing /home/arun/.local/lib/python3.10/site-packages/airflow/example_dags/example_sla_dag.py took 0.149 seconds
[2024-02-29T18:44:37.999+0530] {processor.py:161} INFO - Started process (PID=7936) to work on /home/arun/.local/lib/python3.10/site-packages/airflow/example_dags/example_sla_dag.py
[2024-02-29T18:44:38.021+0530] {processor.py:830} INFO - Processing file /home/arun/.local/lib/python3.10/site-packages/airflow/example_dags/example_sla_dag.py for tasks to queue
[2024-02-29T18:44:38.022+0530] {logging_mixin.py:188} INFO - [2024-02-29T18:44:38.022+0530] {dagbag.py:538} INFO - Filling up the DagBag from /home/arun/.local/lib/python3.10/site-packages/airflow/example_dags/example_sla_dag.py
[2024-02-29T18:44:38.041+0530] {processor.py:840} INFO - DAG(s) 'example_sla_dag' retrieved from /home/arun/.local/lib/python3.10/site-packages/airflow/example_dags/example_sla_dag.py
[2024-02-29T18:44:38.087+0530] {logging_mixin.py:188} INFO - [2024-02-29T18:44:38.083+0530] {dag.py:3036} INFO - Sync 1 DAGs
[2024-02-29T18:44:38.123+0530] {logging_mixin.py:188} INFO - [2024-02-29T18:44:38.123+0530] {dag.py:3823} INFO - Setting next_dagrun for example_sla_dag to 2024-02-29 13:12:00+00:00, run_after=2024-02-29 13:14:00+00:00
[2024-02-29T18:44:38.271+0530] {processor.py:183} INFO - Processing /home/arun/.local/lib/python3.10/site-packages/airflow/example_dags/example_sla_dag.py took 0.296 seconds
[2024-02-29T18:45:32.539+0530] {processor.py:161} INFO - Started process (PID=8035) to work on /home/arun/.local/lib/python3.10/site-packages/airflow/example_dags/example_sla_dag.py
[2024-02-29T18:45:32.564+0530] {processor.py:830} INFO - Processing file /home/arun/.local/lib/python3.10/site-packages/airflow/example_dags/example_sla_dag.py for tasks to queue
[2024-02-29T18:45:32.564+0530] {logging_mixin.py:188} INFO - [2024-02-29T18:45:32.564+0530] {dagbag.py:538} INFO - Filling up the DagBag from /home/arun/.local/lib/python3.10/site-packages/airflow/example_dags/example_sla_dag.py
[2024-02-29T18:45:32.572+0530] {processor.py:840} INFO - DAG(s) 'example_sla_dag' retrieved from /home/arun/.local/lib/python3.10/site-packages/airflow/example_dags/example_sla_dag.py
[2024-02-29T18:45:32.587+0530] {logging_mixin.py:188} INFO - [2024-02-29T18:45:32.587+0530] {dag.py:3036} INFO - Sync 1 DAGs
[2024-02-29T18:45:32.610+0530] {logging_mixin.py:188} INFO - [2024-02-29T18:45:32.610+0530] {dag.py:3823} INFO - Setting next_dagrun for example_sla_dag to 2024-02-29 13:12:00+00:00, run_after=2024-02-29 13:14:00+00:00
[2024-02-29T18:45:32.641+0530] {processor.py:183} INFO - Processing /home/arun/.local/lib/python3.10/site-packages/airflow/example_dags/example_sla_dag.py took 0.105 seconds
[2024-02-29T18:46:26.174+0530] {processor.py:161} INFO - Started process (PID=8124) to work on /home/arun/.local/lib/python3.10/site-packages/airflow/example_dags/example_sla_dag.py
[2024-02-29T18:46:26.175+0530] {processor.py:830} INFO - Processing file /home/arun/.local/lib/python3.10/site-packages/airflow/example_dags/example_sla_dag.py for tasks to queue
[2024-02-29T18:46:26.176+0530] {logging_mixin.py:188} INFO - [2024-02-29T18:46:26.176+0530] {dagbag.py:538} INFO - Filling up the DagBag from /home/arun/.local/lib/python3.10/site-packages/airflow/example_dags/example_sla_dag.py
[2024-02-29T18:46:26.186+0530] {processor.py:840} INFO - DAG(s) 'example_sla_dag' retrieved from /home/arun/.local/lib/python3.10/site-packages/airflow/example_dags/example_sla_dag.py
[2024-02-29T18:46:26.226+0530] {logging_mixin.py:188} INFO - [2024-02-29T18:46:26.225+0530] {dag.py:3036} INFO - Sync 1 DAGs
[2024-02-29T18:46:26.257+0530] {logging_mixin.py:188} INFO - [2024-02-29T18:46:26.257+0530] {dag.py:3823} INFO - Setting next_dagrun for example_sla_dag to 2024-02-29 13:14:00+00:00, run_after=2024-02-29 13:16:00+00:00
[2024-02-29T18:46:26.294+0530] {processor.py:183} INFO - Processing /home/arun/.local/lib/python3.10/site-packages/airflow/example_dags/example_sla_dag.py took 0.123 seconds
[2024-02-29T18:47:18.706+0530] {processor.py:161} INFO - Started process (PID=8209) to work on /home/arun/.local/lib/python3.10/site-packages/airflow/example_dags/example_sla_dag.py
[2024-02-29T18:47:18.708+0530] {processor.py:830} INFO - Processing file /home/arun/.local/lib/python3.10/site-packages/airflow/example_dags/example_sla_dag.py for tasks to queue
[2024-02-29T18:47:18.708+0530] {logging_mixin.py:188} INFO - [2024-02-29T18:47:18.708+0530] {dagbag.py:538} INFO - Filling up the DagBag from /home/arun/.local/lib/python3.10/site-packages/airflow/example_dags/example_sla_dag.py
[2024-02-29T18:47:18.717+0530] {processor.py:840} INFO - DAG(s) 'example_sla_dag' retrieved from /home/arun/.local/lib/python3.10/site-packages/airflow/example_dags/example_sla_dag.py
[2024-02-29T18:47:18.733+0530] {logging_mixin.py:188} INFO - [2024-02-29T18:47:18.732+0530] {dag.py:3036} INFO - Sync 1 DAGs
[2024-02-29T18:47:18.760+0530] {logging_mixin.py:188} INFO - [2024-02-29T18:47:18.760+0530] {dag.py:3823} INFO - Setting next_dagrun for example_sla_dag to 2024-02-29 13:14:00+00:00, run_after=2024-02-29 13:16:00+00:00
[2024-02-29T18:47:18.795+0530] {processor.py:183} INFO - Processing /home/arun/.local/lib/python3.10/site-packages/airflow/example_dags/example_sla_dag.py took 0.091 seconds
[2024-02-29T18:48:09.625+0530] {processor.py:161} INFO - Started process (PID=8291) to work on /home/arun/.local/lib/python3.10/site-packages/airflow/example_dags/example_sla_dag.py
[2024-02-29T18:48:09.626+0530] {processor.py:830} INFO - Processing file /home/arun/.local/lib/python3.10/site-packages/airflow/example_dags/example_sla_dag.py for tasks to queue
[2024-02-29T18:48:09.627+0530] {logging_mixin.py:188} INFO - [2024-02-29T18:48:09.626+0530] {dagbag.py:538} INFO - Filling up the DagBag from /home/arun/.local/lib/python3.10/site-packages/airflow/example_dags/example_sla_dag.py
[2024-02-29T18:48:09.637+0530] {processor.py:840} INFO - DAG(s) 'example_sla_dag' retrieved from /home/arun/.local/lib/python3.10/site-packages/airflow/example_dags/example_sla_dag.py
[2024-02-29T18:48:09.651+0530] {logging_mixin.py:188} INFO - [2024-02-29T18:48:09.651+0530] {dag.py:3036} INFO - Sync 1 DAGs
[2024-02-29T18:48:09.680+0530] {logging_mixin.py:188} INFO - [2024-02-29T18:48:09.679+0530] {dag.py:3823} INFO - Setting next_dagrun for example_sla_dag to 2024-02-29 13:16:00+00:00, run_after=2024-02-29 13:18:00+00:00
[2024-02-29T18:48:09.709+0530] {processor.py:183} INFO - Processing /home/arun/.local/lib/python3.10/site-packages/airflow/example_dags/example_sla_dag.py took 0.088 seconds
[2024-02-29T18:49:08.389+0530] {processor.py:161} INFO - Started process (PID=8390) to work on /home/arun/.local/lib/python3.10/site-packages/airflow/example_dags/example_sla_dag.py
[2024-02-29T18:49:08.394+0530] {processor.py:830} INFO - Processing file /home/arun/.local/lib/python3.10/site-packages/airflow/example_dags/example_sla_dag.py for tasks to queue
[2024-02-29T18:49:08.395+0530] {logging_mixin.py:188} INFO - [2024-02-29T18:49:08.394+0530] {dagbag.py:538} INFO - Filling up the DagBag from /home/arun/.local/lib/python3.10/site-packages/airflow/example_dags/example_sla_dag.py
[2024-02-29T18:49:08.412+0530] {processor.py:840} INFO - DAG(s) 'example_sla_dag' retrieved from /home/arun/.local/lib/python3.10/site-packages/airflow/example_dags/example_sla_dag.py
[2024-02-29T18:49:08.441+0530] {logging_mixin.py:188} INFO - [2024-02-29T18:49:08.441+0530] {dag.py:3036} INFO - Sync 1 DAGs
[2024-02-29T18:49:08.534+0530] {logging_mixin.py:188} INFO - [2024-02-29T18:49:08.533+0530] {dag.py:3823} INFO - Setting next_dagrun for example_sla_dag to 2024-02-29 13:16:00+00:00, run_after=2024-02-29 13:18:00+00:00
[2024-02-29T18:49:08.611+0530] {processor.py:183} INFO - Processing /home/arun/.local/lib/python3.10/site-packages/airflow/example_dags/example_sla_dag.py took 0.225 seconds
[2024-02-29T18:49:57.745+0530] {processor.py:161} INFO - Started process (PID=8470) to work on /home/arun/.local/lib/python3.10/site-packages/airflow/example_dags/example_sla_dag.py
[2024-02-29T18:49:57.747+0530] {processor.py:830} INFO - Processing file /home/arun/.local/lib/python3.10/site-packages/airflow/example_dags/example_sla_dag.py for tasks to queue
[2024-02-29T18:49:57.748+0530] {logging_mixin.py:188} INFO - [2024-02-29T18:49:57.748+0530] {dagbag.py:538} INFO - Filling up the DagBag from /home/arun/.local/lib/python3.10/site-packages/airflow/example_dags/example_sla_dag.py
[2024-02-29T18:49:57.765+0530] {processor.py:840} INFO - DAG(s) 'example_sla_dag' retrieved from /home/arun/.local/lib/python3.10/site-packages/airflow/example_dags/example_sla_dag.py
[2024-02-29T18:49:57.797+0530] {logging_mixin.py:188} INFO - [2024-02-29T18:49:57.797+0530] {dag.py:3036} INFO - Sync 1 DAGs
[2024-02-29T18:49:57.841+0530] {logging_mixin.py:188} INFO - [2024-02-29T18:49:57.841+0530] {dag.py:3823} INFO - Setting next_dagrun for example_sla_dag to 2024-02-29 13:16:00+00:00, run_after=2024-02-29 13:18:00+00:00
[2024-02-29T18:49:57.876+0530] {processor.py:183} INFO - Processing /home/arun/.local/lib/python3.10/site-packages/airflow/example_dags/example_sla_dag.py took 0.136 seconds
[2024-02-29T18:50:47.120+0530] {processor.py:161} INFO - Started process (PID=8552) to work on /home/arun/.local/lib/python3.10/site-packages/airflow/example_dags/example_sla_dag.py
[2024-02-29T18:50:47.156+0530] {processor.py:830} INFO - Processing file /home/arun/.local/lib/python3.10/site-packages/airflow/example_dags/example_sla_dag.py for tasks to queue
[2024-02-29T18:50:47.157+0530] {logging_mixin.py:188} INFO - [2024-02-29T18:50:47.157+0530] {dagbag.py:538} INFO - Filling up the DagBag from /home/arun/.local/lib/python3.10/site-packages/airflow/example_dags/example_sla_dag.py
[2024-02-29T18:50:47.166+0530] {processor.py:840} INFO - DAG(s) 'example_sla_dag' retrieved from /home/arun/.local/lib/python3.10/site-packages/airflow/example_dags/example_sla_dag.py
[2024-02-29T18:50:47.183+0530] {logging_mixin.py:188} INFO - [2024-02-29T18:50:47.183+0530] {dag.py:3036} INFO - Sync 1 DAGs
[2024-02-29T18:50:47.214+0530] {logging_mixin.py:188} INFO - [2024-02-29T18:50:47.214+0530] {dag.py:3823} INFO - Setting next_dagrun for example_sla_dag to 2024-02-29 13:18:00+00:00, run_after=2024-02-29 13:20:00+00:00
[2024-02-29T18:50:47.252+0530] {processor.py:183} INFO - Processing /home/arun/.local/lib/python3.10/site-packages/airflow/example_dags/example_sla_dag.py took 0.135 seconds
[2024-02-29T18:51:41.125+0530] {processor.py:161} INFO - Started process (PID=8731) to work on /home/arun/.local/lib/python3.10/site-packages/airflow/example_dags/example_sla_dag.py
[2024-02-29T18:51:41.127+0530] {processor.py:830} INFO - Processing file /home/arun/.local/lib/python3.10/site-packages/airflow/example_dags/example_sla_dag.py for tasks to queue
[2024-02-29T18:51:41.128+0530] {logging_mixin.py:188} INFO - [2024-02-29T18:51:41.128+0530] {dagbag.py:538} INFO - Filling up the DagBag from /home/arun/.local/lib/python3.10/site-packages/airflow/example_dags/example_sla_dag.py
[2024-02-29T18:51:41.137+0530] {processor.py:840} INFO - DAG(s) 'example_sla_dag' retrieved from /home/arun/.local/lib/python3.10/site-packages/airflow/example_dags/example_sla_dag.py
[2024-02-29T18:51:41.152+0530] {logging_mixin.py:188} INFO - [2024-02-29T18:51:41.152+0530] {dag.py:3036} INFO - Sync 1 DAGs
[2024-02-29T18:51:41.179+0530] {logging_mixin.py:188} INFO - [2024-02-29T18:51:41.179+0530] {dag.py:3823} INFO - Setting next_dagrun for example_sla_dag to 2024-02-29 13:18:00+00:00, run_after=2024-02-29 13:20:00+00:00
[2024-02-29T18:51:41.206+0530] {processor.py:183} INFO - Processing /home/arun/.local/lib/python3.10/site-packages/airflow/example_dags/example_sla_dag.py took 0.084 seconds
[2024-02-29T18:52:31.794+0530] {processor.py:161} INFO - Started process (PID=8810) to work on /home/arun/.local/lib/python3.10/site-packages/airflow/example_dags/example_sla_dag.py
[2024-02-29T18:52:31.796+0530] {processor.py:830} INFO - Processing file /home/arun/.local/lib/python3.10/site-packages/airflow/example_dags/example_sla_dag.py for tasks to queue
[2024-02-29T18:52:31.797+0530] {logging_mixin.py:188} INFO - [2024-02-29T18:52:31.797+0530] {dagbag.py:538} INFO - Filling up the DagBag from /home/arun/.local/lib/python3.10/site-packages/airflow/example_dags/example_sla_dag.py
[2024-02-29T18:52:31.807+0530] {processor.py:840} INFO - DAG(s) 'example_sla_dag' retrieved from /home/arun/.local/lib/python3.10/site-packages/airflow/example_dags/example_sla_dag.py
[2024-02-29T18:52:31.826+0530] {logging_mixin.py:188} INFO - [2024-02-29T18:52:31.825+0530] {dag.py:3036} INFO - Sync 1 DAGs
[2024-02-29T18:52:31.857+0530] {logging_mixin.py:188} INFO - [2024-02-29T18:52:31.857+0530] {dag.py:3823} INFO - Setting next_dagrun for example_sla_dag to 2024-02-29 13:20:00+00:00, run_after=2024-02-29 13:22:00+00:00
[2024-02-29T18:52:31.893+0530] {processor.py:183} INFO - Processing /home/arun/.local/lib/python3.10/site-packages/airflow/example_dags/example_sla_dag.py took 0.103 seconds
[2024-02-29T18:53:25.663+0530] {processor.py:161} INFO - Started process (PID=8893) to work on /home/arun/.local/lib/python3.10/site-packages/airflow/example_dags/example_sla_dag.py
[2024-02-29T18:53:25.665+0530] {processor.py:830} INFO - Processing file /home/arun/.local/lib/python3.10/site-packages/airflow/example_dags/example_sla_dag.py for tasks to queue
[2024-02-29T18:53:25.666+0530] {logging_mixin.py:188} INFO - [2024-02-29T18:53:25.666+0530] {dagbag.py:538} INFO - Filling up the DagBag from /home/arun/.local/lib/python3.10/site-packages/airflow/example_dags/example_sla_dag.py
[2024-02-29T18:53:25.678+0530] {processor.py:840} INFO - DAG(s) 'example_sla_dag' retrieved from /home/arun/.local/lib/python3.10/site-packages/airflow/example_dags/example_sla_dag.py
[2024-02-29T18:53:25.698+0530] {logging_mixin.py:188} INFO - [2024-02-29T18:53:25.698+0530] {dag.py:3036} INFO - Sync 1 DAGs
[2024-02-29T18:53:25.728+0530] {logging_mixin.py:188} INFO - [2024-02-29T18:53:25.727+0530] {dag.py:3823} INFO - Setting next_dagrun for example_sla_dag to 2024-02-29 13:20:00+00:00, run_after=2024-02-29 13:22:00+00:00
[2024-02-29T18:53:25.838+0530] {processor.py:183} INFO - Processing /home/arun/.local/lib/python3.10/site-packages/airflow/example_dags/example_sla_dag.py took 0.179 seconds
[2024-02-29T18:54:17.611+0530] {processor.py:161} INFO - Started process (PID=9165) to work on /home/arun/.local/lib/python3.10/site-packages/airflow/example_dags/example_sla_dag.py
[2024-02-29T18:54:17.644+0530] {processor.py:830} INFO - Processing file /home/arun/.local/lib/python3.10/site-packages/airflow/example_dags/example_sla_dag.py for tasks to queue
[2024-02-29T18:54:17.645+0530] {logging_mixin.py:188} INFO - [2024-02-29T18:54:17.645+0530] {dagbag.py:538} INFO - Filling up the DagBag from /home/arun/.local/lib/python3.10/site-packages/airflow/example_dags/example_sla_dag.py
[2024-02-29T18:54:17.657+0530] {processor.py:840} INFO - DAG(s) 'example_sla_dag' retrieved from /home/arun/.local/lib/python3.10/site-packages/airflow/example_dags/example_sla_dag.py
[2024-02-29T18:54:17.678+0530] {logging_mixin.py:188} INFO - [2024-02-29T18:54:17.677+0530] {dag.py:3036} INFO - Sync 1 DAGs
[2024-02-29T18:54:17.740+0530] {logging_mixin.py:188} INFO - [2024-02-29T18:54:17.740+0530] {dag.py:3823} INFO - Setting next_dagrun for example_sla_dag to 2024-02-29 13:22:00+00:00, run_after=2024-02-29 13:24:00+00:00
[2024-02-29T18:54:17.774+0530] {processor.py:183} INFO - Processing /home/arun/.local/lib/python3.10/site-packages/airflow/example_dags/example_sla_dag.py took 0.167 seconds
[2024-02-29T18:55:04.870+0530] {processor.py:161} INFO - Started process (PID=9243) to work on /home/arun/.local/lib/python3.10/site-packages/airflow/example_dags/example_sla_dag.py
[2024-02-29T18:55:04.873+0530] {processor.py:830} INFO - Processing file /home/arun/.local/lib/python3.10/site-packages/airflow/example_dags/example_sla_dag.py for tasks to queue
[2024-02-29T18:55:04.874+0530] {logging_mixin.py:188} INFO - [2024-02-29T18:55:04.873+0530] {dagbag.py:538} INFO - Filling up the DagBag from /home/arun/.local/lib/python3.10/site-packages/airflow/example_dags/example_sla_dag.py
[2024-02-29T18:55:04.889+0530] {processor.py:840} INFO - DAG(s) 'example_sla_dag' retrieved from /home/arun/.local/lib/python3.10/site-packages/airflow/example_dags/example_sla_dag.py
[2024-02-29T18:55:04.916+0530] {logging_mixin.py:188} INFO - [2024-02-29T18:55:04.915+0530] {dag.py:3036} INFO - Sync 1 DAGs
[2024-02-29T18:55:04.953+0530] {logging_mixin.py:188} INFO - [2024-02-29T18:55:04.952+0530] {dag.py:3823} INFO - Setting next_dagrun for example_sla_dag to 2024-02-29 13:22:00+00:00, run_after=2024-02-29 13:24:00+00:00
[2024-02-29T18:55:04.986+0530] {processor.py:183} INFO - Processing /home/arun/.local/lib/python3.10/site-packages/airflow/example_dags/example_sla_dag.py took 0.121 seconds
[2024-02-29T18:56:05.163+0530] {processor.py:161} INFO - Started process (PID=9398) to work on /home/arun/.local/lib/python3.10/site-packages/airflow/example_dags/example_sla_dag.py
[2024-02-29T18:56:05.164+0530] {processor.py:830} INFO - Processing file /home/arun/.local/lib/python3.10/site-packages/airflow/example_dags/example_sla_dag.py for tasks to queue
[2024-02-29T18:56:05.165+0530] {logging_mixin.py:188} INFO - [2024-02-29T18:56:05.165+0530] {dagbag.py:538} INFO - Filling up the DagBag from /home/arun/.local/lib/python3.10/site-packages/airflow/example_dags/example_sla_dag.py
[2024-02-29T18:56:05.175+0530] {processor.py:840} INFO - DAG(s) 'example_sla_dag' retrieved from /home/arun/.local/lib/python3.10/site-packages/airflow/example_dags/example_sla_dag.py
[2024-02-29T18:56:05.190+0530] {logging_mixin.py:188} INFO - [2024-02-29T18:56:05.190+0530] {dag.py:3036} INFO - Sync 1 DAGs
[2024-02-29T18:56:05.214+0530] {logging_mixin.py:188} INFO - [2024-02-29T18:56:05.214+0530] {dag.py:3823} INFO - Setting next_dagrun for example_sla_dag to 2024-02-29 13:24:00+00:00, run_after=2024-02-29 13:26:00+00:00
[2024-02-29T18:56:05.253+0530] {processor.py:183} INFO - Processing /home/arun/.local/lib/python3.10/site-packages/airflow/example_dags/example_sla_dag.py took 0.095 seconds
[2024-02-29T18:57:03.586+0530] {processor.py:161} INFO - Started process (PID=9516) to work on /home/arun/.local/lib/python3.10/site-packages/airflow/example_dags/example_sla_dag.py
[2024-02-29T18:57:03.588+0530] {processor.py:830} INFO - Processing file /home/arun/.local/lib/python3.10/site-packages/airflow/example_dags/example_sla_dag.py for tasks to queue
[2024-02-29T18:57:03.589+0530] {logging_mixin.py:188} INFO - [2024-02-29T18:57:03.589+0530] {dagbag.py:538} INFO - Filling up the DagBag from /home/arun/.local/lib/python3.10/site-packages/airflow/example_dags/example_sla_dag.py
[2024-02-29T18:57:03.601+0530] {processor.py:840} INFO - DAG(s) 'example_sla_dag' retrieved from /home/arun/.local/lib/python3.10/site-packages/airflow/example_dags/example_sla_dag.py
[2024-02-29T18:57:03.621+0530] {logging_mixin.py:188} INFO - [2024-02-29T18:57:03.620+0530] {dag.py:3036} INFO - Sync 1 DAGs
[2024-02-29T18:57:03.647+0530] {logging_mixin.py:188} INFO - [2024-02-29T18:57:03.647+0530] {dag.py:3823} INFO - Setting next_dagrun for example_sla_dag to 2024-02-29 13:24:00+00:00, run_after=2024-02-29 13:26:00+00:00
[2024-02-29T18:57:03.673+0530] {processor.py:183} INFO - Processing /home/arun/.local/lib/python3.10/site-packages/airflow/example_dags/example_sla_dag.py took 0.092 seconds
[2024-02-29T18:57:58.804+0530] {processor.py:161} INFO - Started process (PID=9604) to work on /home/arun/.local/lib/python3.10/site-packages/airflow/example_dags/example_sla_dag.py
[2024-02-29T18:57:58.806+0530] {processor.py:830} INFO - Processing file /home/arun/.local/lib/python3.10/site-packages/airflow/example_dags/example_sla_dag.py for tasks to queue
[2024-02-29T18:57:58.807+0530] {logging_mixin.py:188} INFO - [2024-02-29T18:57:58.806+0530] {dagbag.py:538} INFO - Filling up the DagBag from /home/arun/.local/lib/python3.10/site-packages/airflow/example_dags/example_sla_dag.py
[2024-02-29T18:57:58.817+0530] {processor.py:840} INFO - DAG(s) 'example_sla_dag' retrieved from /home/arun/.local/lib/python3.10/site-packages/airflow/example_dags/example_sla_dag.py
[2024-02-29T18:57:58.833+0530] {logging_mixin.py:188} INFO - [2024-02-29T18:57:58.833+0530] {dag.py:3036} INFO - Sync 1 DAGs
[2024-02-29T18:57:58.862+0530] {logging_mixin.py:188} INFO - [2024-02-29T18:57:58.861+0530] {dag.py:3823} INFO - Setting next_dagrun for example_sla_dag to 2024-02-29 13:24:00+00:00, run_after=2024-02-29 13:26:00+00:00
[2024-02-29T18:57:58.926+0530] {processor.py:183} INFO - Processing /home/arun/.local/lib/python3.10/site-packages/airflow/example_dags/example_sla_dag.py took 0.125 seconds
[2024-02-29T18:59:00.510+0530] {processor.py:161} INFO - Started process (PID=9713) to work on /home/arun/.local/lib/python3.10/site-packages/airflow/example_dags/example_sla_dag.py
[2024-02-29T18:59:00.521+0530] {processor.py:830} INFO - Processing file /home/arun/.local/lib/python3.10/site-packages/airflow/example_dags/example_sla_dag.py for tasks to queue
[2024-02-29T18:59:00.522+0530] {logging_mixin.py:188} INFO - [2024-02-29T18:59:00.521+0530] {dagbag.py:538} INFO - Filling up the DagBag from /home/arun/.local/lib/python3.10/site-packages/airflow/example_dags/example_sla_dag.py
[2024-02-29T18:59:00.534+0530] {processor.py:840} INFO - DAG(s) 'example_sla_dag' retrieved from /home/arun/.local/lib/python3.10/site-packages/airflow/example_dags/example_sla_dag.py
[2024-02-29T18:59:00.553+0530] {logging_mixin.py:188} INFO - [2024-02-29T18:59:00.552+0530] {dag.py:3036} INFO - Sync 1 DAGs
[2024-02-29T18:59:00.580+0530] {logging_mixin.py:188} INFO - [2024-02-29T18:59:00.580+0530] {dag.py:3823} INFO - Setting next_dagrun for example_sla_dag to 2024-02-29 13:26:00+00:00, run_after=2024-02-29 13:28:00+00:00
[2024-02-29T18:59:00.609+0530] {processor.py:183} INFO - Processing /home/arun/.local/lib/python3.10/site-packages/airflow/example_dags/example_sla_dag.py took 0.103 seconds
[2024-02-29T18:59:57.427+0530] {processor.py:161} INFO - Started process (PID=9815) to work on /home/arun/.local/lib/python3.10/site-packages/airflow/example_dags/example_sla_dag.py
[2024-02-29T18:59:57.460+0530] {processor.py:830} INFO - Processing file /home/arun/.local/lib/python3.10/site-packages/airflow/example_dags/example_sla_dag.py for tasks to queue
[2024-02-29T18:59:57.461+0530] {logging_mixin.py:188} INFO - [2024-02-29T18:59:57.461+0530] {dagbag.py:538} INFO - Filling up the DagBag from /home/arun/.local/lib/python3.10/site-packages/airflow/example_dags/example_sla_dag.py
[2024-02-29T18:59:57.471+0530] {processor.py:840} INFO - DAG(s) 'example_sla_dag' retrieved from /home/arun/.local/lib/python3.10/site-packages/airflow/example_dags/example_sla_dag.py
[2024-02-29T18:59:57.487+0530] {logging_mixin.py:188} INFO - [2024-02-29T18:59:57.487+0530] {dag.py:3036} INFO - Sync 1 DAGs
[2024-02-29T18:59:57.513+0530] {logging_mixin.py:188} INFO - [2024-02-29T18:59:57.512+0530] {dag.py:3823} INFO - Setting next_dagrun for example_sla_dag to 2024-02-29 13:26:00+00:00, run_after=2024-02-29 13:28:00+00:00
[2024-02-29T18:59:57.542+0530] {processor.py:183} INFO - Processing /home/arun/.local/lib/python3.10/site-packages/airflow/example_dags/example_sla_dag.py took 0.120 seconds
[2024-02-29T19:00:47.229+0530] {processor.py:161} INFO - Started process (PID=9899) to work on /home/arun/.local/lib/python3.10/site-packages/airflow/example_dags/example_sla_dag.py
[2024-02-29T19:00:47.231+0530] {processor.py:830} INFO - Processing file /home/arun/.local/lib/python3.10/site-packages/airflow/example_dags/example_sla_dag.py for tasks to queue
[2024-02-29T19:00:47.232+0530] {logging_mixin.py:188} INFO - [2024-02-29T19:00:47.231+0530] {dagbag.py:538} INFO - Filling up the DagBag from /home/arun/.local/lib/python3.10/site-packages/airflow/example_dags/example_sla_dag.py
[2024-02-29T19:00:47.245+0530] {processor.py:840} INFO - DAG(s) 'example_sla_dag' retrieved from /home/arun/.local/lib/python3.10/site-packages/airflow/example_dags/example_sla_dag.py
[2024-02-29T19:00:47.268+0530] {logging_mixin.py:188} INFO - [2024-02-29T19:00:47.268+0530] {dag.py:3036} INFO - Sync 1 DAGs
[2024-02-29T19:00:47.313+0530] {logging_mixin.py:188} INFO - [2024-02-29T19:00:47.313+0530] {dag.py:3823} INFO - Setting next_dagrun for example_sla_dag to 2024-02-29 13:28:00+00:00, run_after=2024-02-29 13:30:00+00:00
[2024-02-29T19:00:47.358+0530] {processor.py:183} INFO - Processing /home/arun/.local/lib/python3.10/site-packages/airflow/example_dags/example_sla_dag.py took 0.132 seconds
[2024-02-29T19:01:39.177+0530] {processor.py:161} INFO - Started process (PID=9982) to work on /home/arun/.local/lib/python3.10/site-packages/airflow/example_dags/example_sla_dag.py
[2024-02-29T19:01:39.187+0530] {processor.py:830} INFO - Processing file /home/arun/.local/lib/python3.10/site-packages/airflow/example_dags/example_sla_dag.py for tasks to queue
[2024-02-29T19:01:39.191+0530] {logging_mixin.py:188} INFO - [2024-02-29T19:01:39.190+0530] {dagbag.py:538} INFO - Filling up the DagBag from /home/arun/.local/lib/python3.10/site-packages/airflow/example_dags/example_sla_dag.py
[2024-02-29T19:01:39.232+0530] {processor.py:840} INFO - DAG(s) 'example_sla_dag' retrieved from /home/arun/.local/lib/python3.10/site-packages/airflow/example_dags/example_sla_dag.py
[2024-02-29T19:01:39.255+0530] {logging_mixin.py:188} INFO - [2024-02-29T19:01:39.254+0530] {dag.py:3036} INFO - Sync 1 DAGs
[2024-02-29T19:01:39.292+0530] {logging_mixin.py:188} INFO - [2024-02-29T19:01:39.291+0530] {dag.py:3823} INFO - Setting next_dagrun for example_sla_dag to 2024-02-29 13:28:00+00:00, run_after=2024-02-29 13:30:00+00:00
[2024-02-29T19:01:39.320+0530] {processor.py:183} INFO - Processing /home/arun/.local/lib/python3.10/site-packages/airflow/example_dags/example_sla_dag.py took 0.148 seconds
[2024-02-29T19:02:31.716+0530] {processor.py:161} INFO - Started process (PID=10067) to work on /home/arun/.local/lib/python3.10/site-packages/airflow/example_dags/example_sla_dag.py
[2024-02-29T19:02:31.717+0530] {processor.py:830} INFO - Processing file /home/arun/.local/lib/python3.10/site-packages/airflow/example_dags/example_sla_dag.py for tasks to queue
[2024-02-29T19:02:31.718+0530] {logging_mixin.py:188} INFO - [2024-02-29T19:02:31.718+0530] {dagbag.py:538} INFO - Filling up the DagBag from /home/arun/.local/lib/python3.10/site-packages/airflow/example_dags/example_sla_dag.py
[2024-02-29T19:02:31.729+0530] {processor.py:840} INFO - DAG(s) 'example_sla_dag' retrieved from /home/arun/.local/lib/python3.10/site-packages/airflow/example_dags/example_sla_dag.py
[2024-02-29T19:02:31.752+0530] {logging_mixin.py:188} INFO - [2024-02-29T19:02:31.752+0530] {dag.py:3036} INFO - Sync 1 DAGs
[2024-02-29T19:02:31.794+0530] {logging_mixin.py:188} INFO - [2024-02-29T19:02:31.794+0530] {dag.py:3823} INFO - Setting next_dagrun for example_sla_dag to 2024-02-29 13:30:00+00:00, run_after=2024-02-29 13:32:00+00:00
[2024-02-29T19:02:31.838+0530] {processor.py:183} INFO - Processing /home/arun/.local/lib/python3.10/site-packages/airflow/example_dags/example_sla_dag.py took 0.126 seconds
[2024-02-29T19:03:21.277+0530] {processor.py:161} INFO - Started process (PID=10146) to work on /home/arun/.local/lib/python3.10/site-packages/airflow/example_dags/example_sla_dag.py
[2024-02-29T19:03:21.308+0530] {processor.py:830} INFO - Processing file /home/arun/.local/lib/python3.10/site-packages/airflow/example_dags/example_sla_dag.py for tasks to queue
[2024-02-29T19:03:21.309+0530] {logging_mixin.py:188} INFO - [2024-02-29T19:03:21.308+0530] {dagbag.py:538} INFO - Filling up the DagBag from /home/arun/.local/lib/python3.10/site-packages/airflow/example_dags/example_sla_dag.py
[2024-02-29T19:03:21.318+0530] {processor.py:840} INFO - DAG(s) 'example_sla_dag' retrieved from /home/arun/.local/lib/python3.10/site-packages/airflow/example_dags/example_sla_dag.py
[2024-02-29T19:03:21.335+0530] {logging_mixin.py:188} INFO - [2024-02-29T19:03:21.334+0530] {dag.py:3036} INFO - Sync 1 DAGs
[2024-02-29T19:03:21.360+0530] {logging_mixin.py:188} INFO - [2024-02-29T19:03:21.360+0530] {dag.py:3823} INFO - Setting next_dagrun for example_sla_dag to 2024-02-29 13:30:00+00:00, run_after=2024-02-29 13:32:00+00:00
[2024-02-29T19:03:21.395+0530] {processor.py:183} INFO - Processing /home/arun/.local/lib/python3.10/site-packages/airflow/example_dags/example_sla_dag.py took 0.122 seconds
[2024-02-29T19:04:08.229+0530] {processor.py:161} INFO - Started process (PID=10224) to work on /home/arun/.local/lib/python3.10/site-packages/airflow/example_dags/example_sla_dag.py
[2024-02-29T19:04:08.230+0530] {processor.py:830} INFO - Processing file /home/arun/.local/lib/python3.10/site-packages/airflow/example_dags/example_sla_dag.py for tasks to queue
[2024-02-29T19:04:08.232+0530] {logging_mixin.py:188} INFO - [2024-02-29T19:04:08.232+0530] {dagbag.py:538} INFO - Filling up the DagBag from /home/arun/.local/lib/python3.10/site-packages/airflow/example_dags/example_sla_dag.py
[2024-02-29T19:04:08.244+0530] {processor.py:840} INFO - DAG(s) 'example_sla_dag' retrieved from /home/arun/.local/lib/python3.10/site-packages/airflow/example_dags/example_sla_dag.py
[2024-02-29T19:04:08.265+0530] {logging_mixin.py:188} INFO - [2024-02-29T19:04:08.265+0530] {dag.py:3036} INFO - Sync 1 DAGs
[2024-02-29T19:04:08.299+0530] {logging_mixin.py:188} INFO - [2024-02-29T19:04:08.299+0530] {dag.py:3823} INFO - Setting next_dagrun for example_sla_dag to 2024-02-29 13:32:00+00:00, run_after=2024-02-29 13:34:00+00:00
[2024-02-29T19:04:08.370+0530] {processor.py:183} INFO - Processing /home/arun/.local/lib/python3.10/site-packages/airflow/example_dags/example_sla_dag.py took 0.145 seconds
[2024-02-29T19:04:55.971+0530] {processor.py:161} INFO - Started process (PID=10325) to work on /home/arun/.local/lib/python3.10/site-packages/airflow/example_dags/example_sla_dag.py
[2024-02-29T19:04:55.976+0530] {processor.py:830} INFO - Processing file /home/arun/.local/lib/python3.10/site-packages/airflow/example_dags/example_sla_dag.py for tasks to queue
[2024-02-29T19:04:55.979+0530] {logging_mixin.py:188} INFO - [2024-02-29T19:04:55.978+0530] {dagbag.py:538} INFO - Filling up the DagBag from /home/arun/.local/lib/python3.10/site-packages/airflow/example_dags/example_sla_dag.py
[2024-02-29T19:04:56.003+0530] {processor.py:840} INFO - DAG(s) 'example_sla_dag' retrieved from /home/arun/.local/lib/python3.10/site-packages/airflow/example_dags/example_sla_dag.py
[2024-02-29T19:04:56.041+0530] {logging_mixin.py:188} INFO - [2024-02-29T19:04:56.040+0530] {dag.py:3036} INFO - Sync 1 DAGs
[2024-02-29T19:04:56.103+0530] {logging_mixin.py:188} INFO - [2024-02-29T19:04:56.103+0530] {dag.py:3823} INFO - Setting next_dagrun for example_sla_dag to 2024-02-29 13:32:00+00:00, run_after=2024-02-29 13:34:00+00:00
[2024-02-29T19:04:56.156+0530] {processor.py:183} INFO - Processing /home/arun/.local/lib/python3.10/site-packages/airflow/example_dags/example_sla_dag.py took 0.195 seconds
[2024-02-29T19:06:11.565+0530] {processor.py:161} INFO - Started process (PID=10568) to work on /home/arun/.local/lib/python3.10/site-packages/airflow/example_dags/example_sla_dag.py
[2024-02-29T19:06:11.723+0530] {processor.py:830} INFO - Processing file /home/arun/.local/lib/python3.10/site-packages/airflow/example_dags/example_sla_dag.py for tasks to queue
[2024-02-29T19:06:11.733+0530] {logging_mixin.py:188} INFO - [2024-02-29T19:06:11.728+0530] {dagbag.py:538} INFO - Filling up the DagBag from /home/arun/.local/lib/python3.10/site-packages/airflow/example_dags/example_sla_dag.py
[2024-02-29T19:06:11.896+0530] {processor.py:840} INFO - DAG(s) 'example_sla_dag' retrieved from /home/arun/.local/lib/python3.10/site-packages/airflow/example_dags/example_sla_dag.py
[2024-02-29T19:06:12.052+0530] {logging_mixin.py:188} INFO - [2024-02-29T19:06:12.052+0530] {dag.py:3036} INFO - Sync 1 DAGs
[2024-02-29T19:06:12.177+0530] {logging_mixin.py:188} INFO - [2024-02-29T19:06:12.177+0530] {dag.py:3823} INFO - Setting next_dagrun for example_sla_dag to 2024-02-29 13:34:00+00:00, run_after=2024-02-29 13:36:00+00:00
[2024-02-29T19:06:12.292+0530] {processor.py:183} INFO - Processing /home/arun/.local/lib/python3.10/site-packages/airflow/example_dags/example_sla_dag.py took 0.737 seconds
