[2024-02-29T18:15:51.489+0530] {processor.py:161} INFO - Started process (PID=5195) to work on /home/arun/.local/lib/python3.10/site-packages/airflow/example_dags/example_python_operator.py
[2024-02-29T18:15:51.490+0530] {processor.py:830} INFO - Processing file /home/arun/.local/lib/python3.10/site-packages/airflow/example_dags/example_python_operator.py for tasks to queue
[2024-02-29T18:15:51.492+0530] {logging_mixin.py:188} INFO - [2024-02-29T18:15:51.492+0530] {dagbag.py:538} INFO - Filling up the DagBag from /home/arun/.local/lib/python3.10/site-packages/airflow/example_dags/example_python_operator.py
[2024-02-29T18:15:51.521+0530] {processor.py:840} INFO - DAG(s) 'example_python_operator' retrieved from /home/arun/.local/lib/python3.10/site-packages/airflow/example_dags/example_python_operator.py
[2024-02-29T18:15:52.095+0530] {logging_mixin.py:188} INFO - [2024-02-29T18:15:52.095+0530] {dag.py:3036} INFO - Sync 1 DAGs
[2024-02-29T18:15:52.131+0530] {logging_mixin.py:188} INFO - [2024-02-29T18:15:52.130+0530] {dag.py:3823} INFO - Setting next_dagrun for example_python_operator to None, run_after=None
[2024-02-29T18:15:52.318+0530] {processor.py:183} INFO - Processing /home/arun/.local/lib/python3.10/site-packages/airflow/example_dags/example_python_operator.py took 0.835 seconds
[2024-02-29T18:17:11.275+0530] {processor.py:161} INFO - Started process (PID=5257) to work on /home/arun/.local/lib/python3.10/site-packages/airflow/example_dags/example_python_operator.py
[2024-02-29T18:17:11.296+0530] {processor.py:830} INFO - Processing file /home/arun/.local/lib/python3.10/site-packages/airflow/example_dags/example_python_operator.py for tasks to queue
[2024-02-29T18:17:11.304+0530] {logging_mixin.py:188} INFO - [2024-02-29T18:17:11.303+0530] {dagbag.py:538} INFO - Filling up the DagBag from /home/arun/.local/lib/python3.10/site-packages/airflow/example_dags/example_python_operator.py
[2024-02-29T18:17:11.335+0530] {processor.py:840} INFO - DAG(s) 'example_python_operator' retrieved from /home/arun/.local/lib/python3.10/site-packages/airflow/example_dags/example_python_operator.py
[2024-02-29T18:17:11.402+0530] {logging_mixin.py:188} INFO - [2024-02-29T18:17:11.401+0530] {dag.py:3036} INFO - Sync 1 DAGs
[2024-02-29T18:17:11.435+0530] {logging_mixin.py:188} INFO - [2024-02-29T18:17:11.435+0530] {dag.py:3823} INFO - Setting next_dagrun for example_python_operator to None, run_after=None
[2024-02-29T18:17:11.592+0530] {processor.py:183} INFO - Processing /home/arun/.local/lib/python3.10/site-packages/airflow/example_dags/example_python_operator.py took 0.332 seconds
[2024-02-29T18:18:48.622+0530] {processor.py:161} INFO - Started process (PID=5403) to work on /home/arun/.local/lib/python3.10/site-packages/airflow/example_dags/example_python_operator.py
[2024-02-29T18:18:48.627+0530] {processor.py:830} INFO - Processing file /home/arun/.local/lib/python3.10/site-packages/airflow/example_dags/example_python_operator.py for tasks to queue
[2024-02-29T18:18:48.629+0530] {logging_mixin.py:188} INFO - [2024-02-29T18:18:48.628+0530] {dagbag.py:538} INFO - Filling up the DagBag from /home/arun/.local/lib/python3.10/site-packages/airflow/example_dags/example_python_operator.py
[2024-02-29T18:18:48.676+0530] {processor.py:840} INFO - DAG(s) 'example_python_operator' retrieved from /home/arun/.local/lib/python3.10/site-packages/airflow/example_dags/example_python_operator.py
[2024-02-29T18:18:48.719+0530] {logging_mixin.py:188} INFO - [2024-02-29T18:18:48.719+0530] {dag.py:3036} INFO - Sync 1 DAGs
[2024-02-29T18:18:48.754+0530] {logging_mixin.py:188} INFO - [2024-02-29T18:18:48.754+0530] {dag.py:3823} INFO - Setting next_dagrun for example_python_operator to None, run_after=None
[2024-02-29T18:18:48.880+0530] {processor.py:183} INFO - Processing /home/arun/.local/lib/python3.10/site-packages/airflow/example_dags/example_python_operator.py took 0.265 seconds
[2024-02-29T18:20:52.160+0530] {processor.py:161} INFO - Started process (PID=5497) to work on /home/arun/.local/lib/python3.10/site-packages/airflow/example_dags/example_python_operator.py
[2024-02-29T18:20:52.162+0530] {processor.py:830} INFO - Processing file /home/arun/.local/lib/python3.10/site-packages/airflow/example_dags/example_python_operator.py for tasks to queue
[2024-02-29T18:20:52.162+0530] {logging_mixin.py:188} INFO - [2024-02-29T18:20:52.162+0530] {dagbag.py:538} INFO - Filling up the DagBag from /home/arun/.local/lib/python3.10/site-packages/airflow/example_dags/example_python_operator.py
[2024-02-29T18:20:52.175+0530] {processor.py:840} INFO - DAG(s) 'example_python_operator' retrieved from /home/arun/.local/lib/python3.10/site-packages/airflow/example_dags/example_python_operator.py
[2024-02-29T18:20:52.198+0530] {logging_mixin.py:188} INFO - [2024-02-29T18:20:52.198+0530] {dag.py:3036} INFO - Sync 1 DAGs
[2024-02-29T18:20:52.217+0530] {logging_mixin.py:188} INFO - [2024-02-29T18:20:52.217+0530] {dag.py:3823} INFO - Setting next_dagrun for example_python_operator to None, run_after=None
[2024-02-29T18:20:52.251+0530] {processor.py:183} INFO - Processing /home/arun/.local/lib/python3.10/site-packages/airflow/example_dags/example_python_operator.py took 0.096 seconds
[2024-02-29T18:21:56.313+0530] {processor.py:161} INFO - Started process (PID=5649) to work on /home/arun/.local/lib/python3.10/site-packages/airflow/example_dags/example_python_operator.py
[2024-02-29T18:21:56.317+0530] {processor.py:830} INFO - Processing file /home/arun/.local/lib/python3.10/site-packages/airflow/example_dags/example_python_operator.py for tasks to queue
[2024-02-29T18:21:56.318+0530] {logging_mixin.py:188} INFO - [2024-02-29T18:21:56.318+0530] {dagbag.py:538} INFO - Filling up the DagBag from /home/arun/.local/lib/python3.10/site-packages/airflow/example_dags/example_python_operator.py
[2024-02-29T18:21:56.331+0530] {processor.py:840} INFO - DAG(s) 'example_python_operator' retrieved from /home/arun/.local/lib/python3.10/site-packages/airflow/example_dags/example_python_operator.py
[2024-02-29T18:21:56.357+0530] {logging_mixin.py:188} INFO - [2024-02-29T18:21:56.356+0530] {dag.py:3036} INFO - Sync 1 DAGs
[2024-02-29T18:21:56.380+0530] {logging_mixin.py:188} INFO - [2024-02-29T18:21:56.379+0530] {dag.py:3823} INFO - Setting next_dagrun for example_python_operator to None, run_after=None
[2024-02-29T18:21:56.425+0530] {processor.py:183} INFO - Processing /home/arun/.local/lib/python3.10/site-packages/airflow/example_dags/example_python_operator.py took 0.115 seconds
[2024-02-29T18:22:52.516+0530] {processor.py:161} INFO - Started process (PID=5732) to work on /home/arun/.local/lib/python3.10/site-packages/airflow/example_dags/example_python_operator.py
[2024-02-29T18:22:52.520+0530] {processor.py:830} INFO - Processing file /home/arun/.local/lib/python3.10/site-packages/airflow/example_dags/example_python_operator.py for tasks to queue
[2024-02-29T18:22:52.522+0530] {logging_mixin.py:188} INFO - [2024-02-29T18:22:52.521+0530] {dagbag.py:538} INFO - Filling up the DagBag from /home/arun/.local/lib/python3.10/site-packages/airflow/example_dags/example_python_operator.py
[2024-02-29T18:22:52.539+0530] {processor.py:840} INFO - DAG(s) 'example_python_operator' retrieved from /home/arun/.local/lib/python3.10/site-packages/airflow/example_dags/example_python_operator.py
[2024-02-29T18:22:52.566+0530] {logging_mixin.py:188} INFO - [2024-02-29T18:22:52.565+0530] {dag.py:3036} INFO - Sync 1 DAGs
[2024-02-29T18:22:52.583+0530] {logging_mixin.py:188} INFO - [2024-02-29T18:22:52.583+0530] {dag.py:3823} INFO - Setting next_dagrun for example_python_operator to None, run_after=None
[2024-02-29T18:22:52.664+0530] {processor.py:183} INFO - Processing /home/arun/.local/lib/python3.10/site-packages/airflow/example_dags/example_python_operator.py took 0.153 seconds
[2024-02-29T18:23:47.984+0530] {processor.py:161} INFO - Started process (PID=5831) to work on /home/arun/.local/lib/python3.10/site-packages/airflow/example_dags/example_python_operator.py
[2024-02-29T18:23:47.986+0530] {processor.py:830} INFO - Processing file /home/arun/.local/lib/python3.10/site-packages/airflow/example_dags/example_python_operator.py for tasks to queue
[2024-02-29T18:23:47.987+0530] {logging_mixin.py:188} INFO - [2024-02-29T18:23:47.986+0530] {dagbag.py:538} INFO - Filling up the DagBag from /home/arun/.local/lib/python3.10/site-packages/airflow/example_dags/example_python_operator.py
[2024-02-29T18:23:48.001+0530] {processor.py:840} INFO - DAG(s) 'example_python_operator' retrieved from /home/arun/.local/lib/python3.10/site-packages/airflow/example_dags/example_python_operator.py
[2024-02-29T18:23:48.030+0530] {logging_mixin.py:188} INFO - [2024-02-29T18:23:48.030+0530] {dag.py:3036} INFO - Sync 1 DAGs
[2024-02-29T18:23:48.051+0530] {logging_mixin.py:188} INFO - [2024-02-29T18:23:48.051+0530] {dag.py:3823} INFO - Setting next_dagrun for example_python_operator to None, run_after=None
[2024-02-29T18:23:48.084+0530] {processor.py:183} INFO - Processing /home/arun/.local/lib/python3.10/site-packages/airflow/example_dags/example_python_operator.py took 0.104 seconds
[2024-02-29T18:24:50.064+0530] {processor.py:161} INFO - Started process (PID=5938) to work on /home/arun/.local/lib/python3.10/site-packages/airflow/example_dags/example_python_operator.py
[2024-02-29T18:24:50.231+0530] {processor.py:830} INFO - Processing file /home/arun/.local/lib/python3.10/site-packages/airflow/example_dags/example_python_operator.py for tasks to queue
[2024-02-29T18:24:50.235+0530] {logging_mixin.py:188} INFO - [2024-02-29T18:24:50.234+0530] {dagbag.py:538} INFO - Filling up the DagBag from /home/arun/.local/lib/python3.10/site-packages/airflow/example_dags/example_python_operator.py
[2024-02-29T18:24:50.255+0530] {processor.py:840} INFO - DAG(s) 'example_python_operator' retrieved from /home/arun/.local/lib/python3.10/site-packages/airflow/example_dags/example_python_operator.py
[2024-02-29T18:24:50.311+0530] {logging_mixin.py:188} INFO - [2024-02-29T18:24:50.310+0530] {dag.py:3036} INFO - Sync 1 DAGs
[2024-02-29T18:24:50.327+0530] {logging_mixin.py:188} INFO - [2024-02-29T18:24:50.327+0530] {dag.py:3823} INFO - Setting next_dagrun for example_python_operator to None, run_after=None
[2024-02-29T18:24:50.356+0530] {processor.py:183} INFO - Processing /home/arun/.local/lib/python3.10/site-packages/airflow/example_dags/example_python_operator.py took 0.296 seconds
[2024-02-29T18:25:40.931+0530] {processor.py:161} INFO - Started process (PID=6017) to work on /home/arun/.local/lib/python3.10/site-packages/airflow/example_dags/example_python_operator.py
[2024-02-29T18:25:40.967+0530] {processor.py:830} INFO - Processing file /home/arun/.local/lib/python3.10/site-packages/airflow/example_dags/example_python_operator.py for tasks to queue
[2024-02-29T18:25:40.971+0530] {logging_mixin.py:188} INFO - [2024-02-29T18:25:40.970+0530] {dagbag.py:538} INFO - Filling up the DagBag from /home/arun/.local/lib/python3.10/site-packages/airflow/example_dags/example_python_operator.py
[2024-02-29T18:25:41.004+0530] {processor.py:840} INFO - DAG(s) 'example_python_operator' retrieved from /home/arun/.local/lib/python3.10/site-packages/airflow/example_dags/example_python_operator.py
[2024-02-29T18:25:41.048+0530] {logging_mixin.py:188} INFO - [2024-02-29T18:25:41.048+0530] {dag.py:3036} INFO - Sync 1 DAGs
[2024-02-29T18:25:41.069+0530] {logging_mixin.py:188} INFO - [2024-02-29T18:25:41.069+0530] {dag.py:3823} INFO - Setting next_dagrun for example_python_operator to None, run_after=None
[2024-02-29T18:25:41.112+0530] {processor.py:183} INFO - Processing /home/arun/.local/lib/python3.10/site-packages/airflow/example_dags/example_python_operator.py took 0.189 seconds
[2024-02-29T18:26:27.965+0530] {processor.py:161} INFO - Started process (PID=6090) to work on /home/arun/.local/lib/python3.10/site-packages/airflow/example_dags/example_python_operator.py
[2024-02-29T18:26:27.968+0530] {processor.py:830} INFO - Processing file /home/arun/.local/lib/python3.10/site-packages/airflow/example_dags/example_python_operator.py for tasks to queue
[2024-02-29T18:26:27.968+0530] {logging_mixin.py:188} INFO - [2024-02-29T18:26:27.968+0530] {dagbag.py:538} INFO - Filling up the DagBag from /home/arun/.local/lib/python3.10/site-packages/airflow/example_dags/example_python_operator.py
[2024-02-29T18:26:27.980+0530] {processor.py:840} INFO - DAG(s) 'example_python_operator' retrieved from /home/arun/.local/lib/python3.10/site-packages/airflow/example_dags/example_python_operator.py
[2024-02-29T18:26:28.001+0530] {logging_mixin.py:188} INFO - [2024-02-29T18:26:28.001+0530] {dag.py:3036} INFO - Sync 1 DAGs
[2024-02-29T18:26:28.016+0530] {logging_mixin.py:188} INFO - [2024-02-29T18:26:28.016+0530] {dag.py:3823} INFO - Setting next_dagrun for example_python_operator to None, run_after=None
[2024-02-29T18:26:28.093+0530] {processor.py:183} INFO - Processing /home/arun/.local/lib/python3.10/site-packages/airflow/example_dags/example_python_operator.py took 0.130 seconds
[2024-02-29T18:27:25.388+0530] {processor.py:161} INFO - Started process (PID=6176) to work on /home/arun/.local/lib/python3.10/site-packages/airflow/example_dags/example_python_operator.py
[2024-02-29T18:27:25.391+0530] {processor.py:830} INFO - Processing file /home/arun/.local/lib/python3.10/site-packages/airflow/example_dags/example_python_operator.py for tasks to queue
[2024-02-29T18:27:25.393+0530] {logging_mixin.py:188} INFO - [2024-02-29T18:27:25.392+0530] {dagbag.py:538} INFO - Filling up the DagBag from /home/arun/.local/lib/python3.10/site-packages/airflow/example_dags/example_python_operator.py
[2024-02-29T18:27:25.430+0530] {processor.py:840} INFO - DAG(s) 'example_python_operator' retrieved from /home/arun/.local/lib/python3.10/site-packages/airflow/example_dags/example_python_operator.py
[2024-02-29T18:27:25.462+0530] {logging_mixin.py:188} INFO - [2024-02-29T18:27:25.461+0530] {dag.py:3036} INFO - Sync 1 DAGs
[2024-02-29T18:27:25.478+0530] {logging_mixin.py:188} INFO - [2024-02-29T18:27:25.478+0530] {dag.py:3823} INFO - Setting next_dagrun for example_python_operator to None, run_after=None
[2024-02-29T18:27:25.530+0530] {processor.py:183} INFO - Processing /home/arun/.local/lib/python3.10/site-packages/airflow/example_dags/example_python_operator.py took 0.153 seconds
[2024-02-29T18:28:47.742+0530] {processor.py:161} INFO - Started process (PID=6328) to work on /home/arun/.local/lib/python3.10/site-packages/airflow/example_dags/example_python_operator.py
[2024-02-29T18:28:47.744+0530] {processor.py:830} INFO - Processing file /home/arun/.local/lib/python3.10/site-packages/airflow/example_dags/example_python_operator.py for tasks to queue
[2024-02-29T18:28:47.745+0530] {logging_mixin.py:188} INFO - [2024-02-29T18:28:47.745+0530] {dagbag.py:538} INFO - Filling up the DagBag from /home/arun/.local/lib/python3.10/site-packages/airflow/example_dags/example_python_operator.py
[2024-02-29T18:28:47.757+0530] {processor.py:840} INFO - DAG(s) 'example_python_operator' retrieved from /home/arun/.local/lib/python3.10/site-packages/airflow/example_dags/example_python_operator.py
[2024-02-29T18:28:47.774+0530] {logging_mixin.py:188} INFO - [2024-02-29T18:28:47.774+0530] {dag.py:3036} INFO - Sync 1 DAGs
[2024-02-29T18:28:47.787+0530] {logging_mixin.py:188} INFO - [2024-02-29T18:28:47.787+0530] {dag.py:3823} INFO - Setting next_dagrun for example_python_operator to None, run_after=None
[2024-02-29T18:28:47.814+0530] {processor.py:183} INFO - Processing /home/arun/.local/lib/python3.10/site-packages/airflow/example_dags/example_python_operator.py took 0.075 seconds
[2024-02-29T18:29:49.629+0530] {processor.py:161} INFO - Started process (PID=6434) to work on /home/arun/.local/lib/python3.10/site-packages/airflow/example_dags/example_python_operator.py
[2024-02-29T18:29:49.632+0530] {processor.py:830} INFO - Processing file /home/arun/.local/lib/python3.10/site-packages/airflow/example_dags/example_python_operator.py for tasks to queue
[2024-02-29T18:29:49.635+0530] {logging_mixin.py:188} INFO - [2024-02-29T18:29:49.634+0530] {dagbag.py:538} INFO - Filling up the DagBag from /home/arun/.local/lib/python3.10/site-packages/airflow/example_dags/example_python_operator.py
[2024-02-29T18:29:49.671+0530] {processor.py:840} INFO - DAG(s) 'example_python_operator' retrieved from /home/arun/.local/lib/python3.10/site-packages/airflow/example_dags/example_python_operator.py
[2024-02-29T18:29:49.704+0530] {logging_mixin.py:188} INFO - [2024-02-29T18:29:49.704+0530] {dag.py:3036} INFO - Sync 1 DAGs
[2024-02-29T18:29:49.721+0530] {logging_mixin.py:188} INFO - [2024-02-29T18:29:49.721+0530] {dag.py:3823} INFO - Setting next_dagrun for example_python_operator to None, run_after=None
[2024-02-29T18:29:49.848+0530] {processor.py:183} INFO - Processing /home/arun/.local/lib/python3.10/site-packages/airflow/example_dags/example_python_operator.py took 0.226 seconds
[2024-02-29T18:30:51.022+0530] {processor.py:161} INFO - Started process (PID=6529) to work on /home/arun/.local/lib/python3.10/site-packages/airflow/example_dags/example_python_operator.py
[2024-02-29T18:30:51.023+0530] {processor.py:830} INFO - Processing file /home/arun/.local/lib/python3.10/site-packages/airflow/example_dags/example_python_operator.py for tasks to queue
[2024-02-29T18:30:51.025+0530] {logging_mixin.py:188} INFO - [2024-02-29T18:30:51.024+0530] {dagbag.py:538} INFO - Filling up the DagBag from /home/arun/.local/lib/python3.10/site-packages/airflow/example_dags/example_python_operator.py
[2024-02-29T18:30:51.036+0530] {processor.py:840} INFO - DAG(s) 'example_python_operator' retrieved from /home/arun/.local/lib/python3.10/site-packages/airflow/example_dags/example_python_operator.py
[2024-02-29T18:30:51.055+0530] {logging_mixin.py:188} INFO - [2024-02-29T18:30:51.055+0530] {dag.py:3036} INFO - Sync 1 DAGs
[2024-02-29T18:30:51.067+0530] {logging_mixin.py:188} INFO - [2024-02-29T18:30:51.067+0530] {dag.py:3823} INFO - Setting next_dagrun for example_python_operator to None, run_after=None
[2024-02-29T18:30:51.160+0530] {processor.py:183} INFO - Processing /home/arun/.local/lib/python3.10/site-packages/airflow/example_dags/example_python_operator.py took 0.142 seconds
[2024-02-29T18:31:46.194+0530] {processor.py:161} INFO - Started process (PID=6616) to work on /home/arun/.local/lib/python3.10/site-packages/airflow/example_dags/example_python_operator.py
[2024-02-29T18:31:46.197+0530] {processor.py:830} INFO - Processing file /home/arun/.local/lib/python3.10/site-packages/airflow/example_dags/example_python_operator.py for tasks to queue
[2024-02-29T18:31:46.198+0530] {logging_mixin.py:188} INFO - [2024-02-29T18:31:46.198+0530] {dagbag.py:538} INFO - Filling up the DagBag from /home/arun/.local/lib/python3.10/site-packages/airflow/example_dags/example_python_operator.py
[2024-02-29T18:31:46.214+0530] {processor.py:840} INFO - DAG(s) 'example_python_operator' retrieved from /home/arun/.local/lib/python3.10/site-packages/airflow/example_dags/example_python_operator.py
[2024-02-29T18:31:46.245+0530] {logging_mixin.py:188} INFO - [2024-02-29T18:31:46.245+0530] {dag.py:3036} INFO - Sync 1 DAGs
[2024-02-29T18:31:46.268+0530] {logging_mixin.py:188} INFO - [2024-02-29T18:31:46.266+0530] {dag.py:3823} INFO - Setting next_dagrun for example_python_operator to None, run_after=None
[2024-02-29T18:31:46.317+0530] {processor.py:183} INFO - Processing /home/arun/.local/lib/python3.10/site-packages/airflow/example_dags/example_python_operator.py took 0.127 seconds
[2024-02-29T18:32:33.885+0530] {processor.py:161} INFO - Started process (PID=6701) to work on /home/arun/.local/lib/python3.10/site-packages/airflow/example_dags/example_python_operator.py
[2024-02-29T18:32:33.893+0530] {processor.py:830} INFO - Processing file /home/arun/.local/lib/python3.10/site-packages/airflow/example_dags/example_python_operator.py for tasks to queue
[2024-02-29T18:32:33.897+0530] {logging_mixin.py:188} INFO - [2024-02-29T18:32:33.895+0530] {dagbag.py:538} INFO - Filling up the DagBag from /home/arun/.local/lib/python3.10/site-packages/airflow/example_dags/example_python_operator.py
[2024-02-29T18:32:34.010+0530] {processor.py:840} INFO - DAG(s) 'example_python_operator' retrieved from /home/arun/.local/lib/python3.10/site-packages/airflow/example_dags/example_python_operator.py
[2024-02-29T18:32:34.069+0530] {logging_mixin.py:188} INFO - [2024-02-29T18:32:34.069+0530] {dag.py:3036} INFO - Sync 1 DAGs
[2024-02-29T18:32:34.116+0530] {logging_mixin.py:188} INFO - [2024-02-29T18:32:34.116+0530] {dag.py:3823} INFO - Setting next_dagrun for example_python_operator to None, run_after=None
[2024-02-29T18:32:34.216+0530] {processor.py:183} INFO - Processing /home/arun/.local/lib/python3.10/site-packages/airflow/example_dags/example_python_operator.py took 0.340 seconds
[2024-02-29T18:33:28.509+0530] {processor.py:161} INFO - Started process (PID=6785) to work on /home/arun/.local/lib/python3.10/site-packages/airflow/example_dags/example_python_operator.py
[2024-02-29T18:33:28.512+0530] {processor.py:830} INFO - Processing file /home/arun/.local/lib/python3.10/site-packages/airflow/example_dags/example_python_operator.py for tasks to queue
[2024-02-29T18:33:28.514+0530] {logging_mixin.py:188} INFO - [2024-02-29T18:33:28.513+0530] {dagbag.py:538} INFO - Filling up the DagBag from /home/arun/.local/lib/python3.10/site-packages/airflow/example_dags/example_python_operator.py
[2024-02-29T18:33:28.529+0530] {processor.py:840} INFO - DAG(s) 'example_python_operator' retrieved from /home/arun/.local/lib/python3.10/site-packages/airflow/example_dags/example_python_operator.py
[2024-02-29T18:33:28.559+0530] {logging_mixin.py:188} INFO - [2024-02-29T18:33:28.559+0530] {dag.py:3036} INFO - Sync 1 DAGs
[2024-02-29T18:33:28.581+0530] {logging_mixin.py:188} INFO - [2024-02-29T18:33:28.581+0530] {dag.py:3823} INFO - Setting next_dagrun for example_python_operator to None, run_after=None
[2024-02-29T18:33:28.619+0530] {processor.py:183} INFO - Processing /home/arun/.local/lib/python3.10/site-packages/airflow/example_dags/example_python_operator.py took 0.114 seconds
[2024-02-29T18:34:22.378+0530] {processor.py:161} INFO - Started process (PID=6871) to work on /home/arun/.local/lib/python3.10/site-packages/airflow/example_dags/example_python_operator.py
[2024-02-29T18:34:22.380+0530] {processor.py:830} INFO - Processing file /home/arun/.local/lib/python3.10/site-packages/airflow/example_dags/example_python_operator.py for tasks to queue
[2024-02-29T18:34:22.381+0530] {logging_mixin.py:188} INFO - [2024-02-29T18:34:22.381+0530] {dagbag.py:538} INFO - Filling up the DagBag from /home/arun/.local/lib/python3.10/site-packages/airflow/example_dags/example_python_operator.py
[2024-02-29T18:34:22.396+0530] {processor.py:840} INFO - DAG(s) 'example_python_operator' retrieved from /home/arun/.local/lib/python3.10/site-packages/airflow/example_dags/example_python_operator.py
[2024-02-29T18:34:22.418+0530] {logging_mixin.py:188} INFO - [2024-02-29T18:34:22.417+0530] {dag.py:3036} INFO - Sync 1 DAGs
[2024-02-29T18:34:22.431+0530] {logging_mixin.py:188} INFO - [2024-02-29T18:34:22.431+0530] {dag.py:3823} INFO - Setting next_dagrun for example_python_operator to None, run_after=None
[2024-02-29T18:34:22.461+0530] {processor.py:183} INFO - Processing /home/arun/.local/lib/python3.10/site-packages/airflow/example_dags/example_python_operator.py took 0.088 seconds
[2024-02-29T18:35:15.772+0530] {processor.py:161} INFO - Started process (PID=6957) to work on /home/arun/.local/lib/python3.10/site-packages/airflow/example_dags/example_python_operator.py
[2024-02-29T18:35:15.793+0530] {processor.py:830} INFO - Processing file /home/arun/.local/lib/python3.10/site-packages/airflow/example_dags/example_python_operator.py for tasks to queue
[2024-02-29T18:35:15.802+0530] {logging_mixin.py:188} INFO - [2024-02-29T18:35:15.794+0530] {dagbag.py:538} INFO - Filling up the DagBag from /home/arun/.local/lib/python3.10/site-packages/airflow/example_dags/example_python_operator.py
[2024-02-29T18:35:15.843+0530] {processor.py:840} INFO - DAG(s) 'example_python_operator' retrieved from /home/arun/.local/lib/python3.10/site-packages/airflow/example_dags/example_python_operator.py
[2024-02-29T18:35:15.872+0530] {logging_mixin.py:188} INFO - [2024-02-29T18:35:15.872+0530] {dag.py:3036} INFO - Sync 1 DAGs
[2024-02-29T18:35:15.888+0530] {logging_mixin.py:188} INFO - [2024-02-29T18:35:15.888+0530] {dag.py:3823} INFO - Setting next_dagrun for example_python_operator to None, run_after=None
[2024-02-29T18:35:15.918+0530] {processor.py:183} INFO - Processing /home/arun/.local/lib/python3.10/site-packages/airflow/example_dags/example_python_operator.py took 0.162 seconds
[2024-02-29T18:36:09.371+0530] {processor.py:161} INFO - Started process (PID=7040) to work on /home/arun/.local/lib/python3.10/site-packages/airflow/example_dags/example_python_operator.py
[2024-02-29T18:36:09.373+0530] {processor.py:830} INFO - Processing file /home/arun/.local/lib/python3.10/site-packages/airflow/example_dags/example_python_operator.py for tasks to queue
[2024-02-29T18:36:09.375+0530] {logging_mixin.py:188} INFO - [2024-02-29T18:36:09.374+0530] {dagbag.py:538} INFO - Filling up the DagBag from /home/arun/.local/lib/python3.10/site-packages/airflow/example_dags/example_python_operator.py
[2024-02-29T18:36:09.390+0530] {processor.py:840} INFO - DAG(s) 'example_python_operator' retrieved from /home/arun/.local/lib/python3.10/site-packages/airflow/example_dags/example_python_operator.py
[2024-02-29T18:36:09.413+0530] {logging_mixin.py:188} INFO - [2024-02-29T18:36:09.413+0530] {dag.py:3036} INFO - Sync 1 DAGs
[2024-02-29T18:36:09.428+0530] {logging_mixin.py:188} INFO - [2024-02-29T18:36:09.427+0530] {dag.py:3823} INFO - Setting next_dagrun for example_python_operator to None, run_after=None
[2024-02-29T18:36:09.457+0530] {processor.py:183} INFO - Processing /home/arun/.local/lib/python3.10/site-packages/airflow/example_dags/example_python_operator.py took 0.091 seconds
[2024-02-29T18:37:13.629+0530] {processor.py:161} INFO - Started process (PID=7135) to work on /home/arun/.local/lib/python3.10/site-packages/airflow/example_dags/example_python_operator.py
[2024-02-29T18:37:13.630+0530] {processor.py:830} INFO - Processing file /home/arun/.local/lib/python3.10/site-packages/airflow/example_dags/example_python_operator.py for tasks to queue
[2024-02-29T18:37:13.631+0530] {logging_mixin.py:188} INFO - [2024-02-29T18:37:13.631+0530] {dagbag.py:538} INFO - Filling up the DagBag from /home/arun/.local/lib/python3.10/site-packages/airflow/example_dags/example_python_operator.py
[2024-02-29T18:37:13.646+0530] {processor.py:840} INFO - DAG(s) 'example_python_operator' retrieved from /home/arun/.local/lib/python3.10/site-packages/airflow/example_dags/example_python_operator.py
[2024-02-29T18:37:13.668+0530] {logging_mixin.py:188} INFO - [2024-02-29T18:37:13.667+0530] {dag.py:3036} INFO - Sync 1 DAGs
[2024-02-29T18:37:13.685+0530] {logging_mixin.py:188} INFO - [2024-02-29T18:37:13.685+0530] {dag.py:3823} INFO - Setting next_dagrun for example_python_operator to None, run_after=None
[2024-02-29T18:37:13.750+0530] {processor.py:183} INFO - Processing /home/arun/.local/lib/python3.10/site-packages/airflow/example_dags/example_python_operator.py took 0.125 seconds
[2024-02-29T18:38:11.492+0530] {processor.py:161} INFO - Started process (PID=7287) to work on /home/arun/.local/lib/python3.10/site-packages/airflow/example_dags/example_python_operator.py
[2024-02-29T18:38:11.494+0530] {processor.py:830} INFO - Processing file /home/arun/.local/lib/python3.10/site-packages/airflow/example_dags/example_python_operator.py for tasks to queue
[2024-02-29T18:38:11.496+0530] {logging_mixin.py:188} INFO - [2024-02-29T18:38:11.496+0530] {dagbag.py:538} INFO - Filling up the DagBag from /home/arun/.local/lib/python3.10/site-packages/airflow/example_dags/example_python_operator.py
[2024-02-29T18:38:11.517+0530] {processor.py:840} INFO - DAG(s) 'example_python_operator' retrieved from /home/arun/.local/lib/python3.10/site-packages/airflow/example_dags/example_python_operator.py
[2024-02-29T18:38:11.557+0530] {logging_mixin.py:188} INFO - [2024-02-29T18:38:11.557+0530] {dag.py:3036} INFO - Sync 1 DAGs
[2024-02-29T18:38:11.579+0530] {logging_mixin.py:188} INFO - [2024-02-29T18:38:11.579+0530] {dag.py:3823} INFO - Setting next_dagrun for example_python_operator to None, run_after=None
[2024-02-29T18:38:11.613+0530] {processor.py:183} INFO - Processing /home/arun/.local/lib/python3.10/site-packages/airflow/example_dags/example_python_operator.py took 0.126 seconds
[2024-02-29T18:39:08.400+0530] {processor.py:161} INFO - Started process (PID=7400) to work on /home/arun/.local/lib/python3.10/site-packages/airflow/example_dags/example_python_operator.py
[2024-02-29T18:39:08.440+0530] {processor.py:830} INFO - Processing file /home/arun/.local/lib/python3.10/site-packages/airflow/example_dags/example_python_operator.py for tasks to queue
[2024-02-29T18:39:08.441+0530] {logging_mixin.py:188} INFO - [2024-02-29T18:39:08.441+0530] {dagbag.py:538} INFO - Filling up the DagBag from /home/arun/.local/lib/python3.10/site-packages/airflow/example_dags/example_python_operator.py
[2024-02-29T18:39:08.471+0530] {processor.py:840} INFO - DAG(s) 'example_python_operator' retrieved from /home/arun/.local/lib/python3.10/site-packages/airflow/example_dags/example_python_operator.py
[2024-02-29T18:39:08.509+0530] {logging_mixin.py:188} INFO - [2024-02-29T18:39:08.509+0530] {dag.py:3036} INFO - Sync 1 DAGs
[2024-02-29T18:39:08.530+0530] {logging_mixin.py:188} INFO - [2024-02-29T18:39:08.530+0530] {dag.py:3823} INFO - Setting next_dagrun for example_python_operator to None, run_after=None
[2024-02-29T18:39:08.634+0530] {processor.py:183} INFO - Processing /home/arun/.local/lib/python3.10/site-packages/airflow/example_dags/example_python_operator.py took 0.237 seconds
[2024-02-29T18:40:06.028+0530] {processor.py:161} INFO - Started process (PID=7490) to work on /home/arun/.local/lib/python3.10/site-packages/airflow/example_dags/example_python_operator.py
[2024-02-29T18:40:06.030+0530] {processor.py:830} INFO - Processing file /home/arun/.local/lib/python3.10/site-packages/airflow/example_dags/example_python_operator.py for tasks to queue
[2024-02-29T18:40:06.031+0530] {logging_mixin.py:188} INFO - [2024-02-29T18:40:06.030+0530] {dagbag.py:538} INFO - Filling up the DagBag from /home/arun/.local/lib/python3.10/site-packages/airflow/example_dags/example_python_operator.py
[2024-02-29T18:40:06.046+0530] {processor.py:840} INFO - DAG(s) 'example_python_operator' retrieved from /home/arun/.local/lib/python3.10/site-packages/airflow/example_dags/example_python_operator.py
[2024-02-29T18:40:06.076+0530] {logging_mixin.py:188} INFO - [2024-02-29T18:40:06.075+0530] {dag.py:3036} INFO - Sync 1 DAGs
[2024-02-29T18:40:06.104+0530] {logging_mixin.py:188} INFO - [2024-02-29T18:40:06.102+0530] {dag.py:3823} INFO - Setting next_dagrun for example_python_operator to None, run_after=None
[2024-02-29T18:40:06.292+0530] {processor.py:183} INFO - Processing /home/arun/.local/lib/python3.10/site-packages/airflow/example_dags/example_python_operator.py took 0.267 seconds
[2024-02-29T18:41:03.117+0530] {processor.py:161} INFO - Started process (PID=7580) to work on /home/arun/.local/lib/python3.10/site-packages/airflow/example_dags/example_python_operator.py
[2024-02-29T18:41:03.118+0530] {processor.py:830} INFO - Processing file /home/arun/.local/lib/python3.10/site-packages/airflow/example_dags/example_python_operator.py for tasks to queue
[2024-02-29T18:41:03.120+0530] {logging_mixin.py:188} INFO - [2024-02-29T18:41:03.119+0530] {dagbag.py:538} INFO - Filling up the DagBag from /home/arun/.local/lib/python3.10/site-packages/airflow/example_dags/example_python_operator.py
[2024-02-29T18:41:03.132+0530] {processor.py:840} INFO - DAG(s) 'example_python_operator' retrieved from /home/arun/.local/lib/python3.10/site-packages/airflow/example_dags/example_python_operator.py
[2024-02-29T18:41:03.149+0530] {logging_mixin.py:188} INFO - [2024-02-29T18:41:03.149+0530] {dag.py:3036} INFO - Sync 1 DAGs
[2024-02-29T18:41:03.163+0530] {logging_mixin.py:188} INFO - [2024-02-29T18:41:03.163+0530] {dag.py:3823} INFO - Setting next_dagrun for example_python_operator to None, run_after=None
[2024-02-29T18:41:03.200+0530] {processor.py:183} INFO - Processing /home/arun/.local/lib/python3.10/site-packages/airflow/example_dags/example_python_operator.py took 0.086 seconds
[2024-02-29T18:41:59.564+0530] {processor.py:161} INFO - Started process (PID=7680) to work on /home/arun/.local/lib/python3.10/site-packages/airflow/example_dags/example_python_operator.py
[2024-02-29T18:41:59.566+0530] {processor.py:830} INFO - Processing file /home/arun/.local/lib/python3.10/site-packages/airflow/example_dags/example_python_operator.py for tasks to queue
[2024-02-29T18:41:59.567+0530] {logging_mixin.py:188} INFO - [2024-02-29T18:41:59.567+0530] {dagbag.py:538} INFO - Filling up the DagBag from /home/arun/.local/lib/python3.10/site-packages/airflow/example_dags/example_python_operator.py
[2024-02-29T18:41:59.624+0530] {processor.py:840} INFO - DAG(s) 'example_python_operator' retrieved from /home/arun/.local/lib/python3.10/site-packages/airflow/example_dags/example_python_operator.py
[2024-02-29T18:41:59.728+0530] {logging_mixin.py:188} INFO - [2024-02-29T18:41:59.727+0530] {dag.py:3036} INFO - Sync 1 DAGs
[2024-02-29T18:41:59.790+0530] {logging_mixin.py:188} INFO - [2024-02-29T18:41:59.789+0530] {dag.py:3823} INFO - Setting next_dagrun for example_python_operator to None, run_after=None
[2024-02-29T18:41:59.985+0530] {processor.py:183} INFO - Processing /home/arun/.local/lib/python3.10/site-packages/airflow/example_dags/example_python_operator.py took 0.424 seconds
[2024-02-29T18:42:57.260+0530] {processor.py:161} INFO - Started process (PID=7771) to work on /home/arun/.local/lib/python3.10/site-packages/airflow/example_dags/example_python_operator.py
[2024-02-29T18:42:57.299+0530] {processor.py:830} INFO - Processing file /home/arun/.local/lib/python3.10/site-packages/airflow/example_dags/example_python_operator.py for tasks to queue
[2024-02-29T18:42:57.307+0530] {logging_mixin.py:188} INFO - [2024-02-29T18:42:57.300+0530] {dagbag.py:538} INFO - Filling up the DagBag from /home/arun/.local/lib/python3.10/site-packages/airflow/example_dags/example_python_operator.py
[2024-02-29T18:42:57.332+0530] {processor.py:840} INFO - DAG(s) 'example_python_operator' retrieved from /home/arun/.local/lib/python3.10/site-packages/airflow/example_dags/example_python_operator.py
[2024-02-29T18:42:57.357+0530] {logging_mixin.py:188} INFO - [2024-02-29T18:42:57.356+0530] {dag.py:3036} INFO - Sync 1 DAGs
[2024-02-29T18:42:57.374+0530] {logging_mixin.py:188} INFO - [2024-02-29T18:42:57.373+0530] {dag.py:3823} INFO - Setting next_dagrun for example_python_operator to None, run_after=None
[2024-02-29T18:42:57.415+0530] {processor.py:183} INFO - Processing /home/arun/.local/lib/python3.10/site-packages/airflow/example_dags/example_python_operator.py took 0.163 seconds
[2024-02-29T18:44:02.547+0530] {processor.py:161} INFO - Started process (PID=7884) to work on /home/arun/.local/lib/python3.10/site-packages/airflow/example_dags/example_python_operator.py
[2024-02-29T18:44:02.556+0530] {processor.py:830} INFO - Processing file /home/arun/.local/lib/python3.10/site-packages/airflow/example_dags/example_python_operator.py for tasks to queue
[2024-02-29T18:44:02.558+0530] {logging_mixin.py:188} INFO - [2024-02-29T18:44:02.557+0530] {dagbag.py:538} INFO - Filling up the DagBag from /home/arun/.local/lib/python3.10/site-packages/airflow/example_dags/example_python_operator.py
[2024-02-29T18:44:02.580+0530] {processor.py:840} INFO - DAG(s) 'example_python_operator' retrieved from /home/arun/.local/lib/python3.10/site-packages/airflow/example_dags/example_python_operator.py
[2024-02-29T18:44:02.610+0530] {logging_mixin.py:188} INFO - [2024-02-29T18:44:02.610+0530] {dag.py:3036} INFO - Sync 1 DAGs
[2024-02-29T18:44:02.631+0530] {logging_mixin.py:188} INFO - [2024-02-29T18:44:02.631+0530] {dag.py:3823} INFO - Setting next_dagrun for example_python_operator to None, run_after=None
[2024-02-29T18:44:02.755+0530] {processor.py:183} INFO - Processing /home/arun/.local/lib/python3.10/site-packages/airflow/example_dags/example_python_operator.py took 0.212 seconds
[2024-02-29T18:44:58.032+0530] {processor.py:161} INFO - Started process (PID=7973) to work on /home/arun/.local/lib/python3.10/site-packages/airflow/example_dags/example_python_operator.py
[2024-02-29T18:44:58.034+0530] {processor.py:830} INFO - Processing file /home/arun/.local/lib/python3.10/site-packages/airflow/example_dags/example_python_operator.py for tasks to queue
[2024-02-29T18:44:58.035+0530] {logging_mixin.py:188} INFO - [2024-02-29T18:44:58.034+0530] {dagbag.py:538} INFO - Filling up the DagBag from /home/arun/.local/lib/python3.10/site-packages/airflow/example_dags/example_python_operator.py
[2024-02-29T18:44:58.045+0530] {processor.py:840} INFO - DAG(s) 'example_python_operator' retrieved from /home/arun/.local/lib/python3.10/site-packages/airflow/example_dags/example_python_operator.py
[2024-02-29T18:44:58.061+0530] {logging_mixin.py:188} INFO - [2024-02-29T18:44:58.061+0530] {dag.py:3036} INFO - Sync 1 DAGs
[2024-02-29T18:44:58.073+0530] {logging_mixin.py:188} INFO - [2024-02-29T18:44:58.073+0530] {dag.py:3823} INFO - Setting next_dagrun for example_python_operator to None, run_after=None
[2024-02-29T18:44:58.100+0530] {processor.py:183} INFO - Processing /home/arun/.local/lib/python3.10/site-packages/airflow/example_dags/example_python_operator.py took 0.071 seconds
[2024-02-29T18:45:50.123+0530] {processor.py:161} INFO - Started process (PID=8070) to work on /home/arun/.local/lib/python3.10/site-packages/airflow/example_dags/example_python_operator.py
[2024-02-29T18:45:50.125+0530] {processor.py:830} INFO - Processing file /home/arun/.local/lib/python3.10/site-packages/airflow/example_dags/example_python_operator.py for tasks to queue
[2024-02-29T18:45:50.126+0530] {logging_mixin.py:188} INFO - [2024-02-29T18:45:50.126+0530] {dagbag.py:538} INFO - Filling up the DagBag from /home/arun/.local/lib/python3.10/site-packages/airflow/example_dags/example_python_operator.py
[2024-02-29T18:45:50.137+0530] {processor.py:840} INFO - DAG(s) 'example_python_operator' retrieved from /home/arun/.local/lib/python3.10/site-packages/airflow/example_dags/example_python_operator.py
[2024-02-29T18:45:50.156+0530] {logging_mixin.py:188} INFO - [2024-02-29T18:45:50.156+0530] {dag.py:3036} INFO - Sync 1 DAGs
[2024-02-29T18:45:50.169+0530] {logging_mixin.py:188} INFO - [2024-02-29T18:45:50.169+0530] {dag.py:3823} INFO - Setting next_dagrun for example_python_operator to None, run_after=None
[2024-02-29T18:45:50.199+0530] {processor.py:183} INFO - Processing /home/arun/.local/lib/python3.10/site-packages/airflow/example_dags/example_python_operator.py took 0.079 seconds
[2024-02-29T18:46:44.414+0530] {processor.py:161} INFO - Started process (PID=8156) to work on /home/arun/.local/lib/python3.10/site-packages/airflow/example_dags/example_python_operator.py
[2024-02-29T18:46:44.418+0530] {processor.py:830} INFO - Processing file /home/arun/.local/lib/python3.10/site-packages/airflow/example_dags/example_python_operator.py for tasks to queue
[2024-02-29T18:46:44.420+0530] {logging_mixin.py:188} INFO - [2024-02-29T18:46:44.420+0530] {dagbag.py:538} INFO - Filling up the DagBag from /home/arun/.local/lib/python3.10/site-packages/airflow/example_dags/example_python_operator.py
[2024-02-29T18:46:44.442+0530] {processor.py:840} INFO - DAG(s) 'example_python_operator' retrieved from /home/arun/.local/lib/python3.10/site-packages/airflow/example_dags/example_python_operator.py
[2024-02-29T18:46:44.478+0530] {logging_mixin.py:188} INFO - [2024-02-29T18:46:44.478+0530] {dag.py:3036} INFO - Sync 1 DAGs
[2024-02-29T18:46:44.498+0530] {logging_mixin.py:188} INFO - [2024-02-29T18:46:44.498+0530] {dag.py:3823} INFO - Setting next_dagrun for example_python_operator to None, run_after=None
[2024-02-29T18:46:44.532+0530] {processor.py:183} INFO - Processing /home/arun/.local/lib/python3.10/site-packages/airflow/example_dags/example_python_operator.py took 0.124 seconds
[2024-02-29T18:47:36.408+0530] {processor.py:161} INFO - Started process (PID=8238) to work on /home/arun/.local/lib/python3.10/site-packages/airflow/example_dags/example_python_operator.py
[2024-02-29T18:47:36.411+0530] {processor.py:830} INFO - Processing file /home/arun/.local/lib/python3.10/site-packages/airflow/example_dags/example_python_operator.py for tasks to queue
[2024-02-29T18:47:36.413+0530] {logging_mixin.py:188} INFO - [2024-02-29T18:47:36.412+0530] {dagbag.py:538} INFO - Filling up the DagBag from /home/arun/.local/lib/python3.10/site-packages/airflow/example_dags/example_python_operator.py
[2024-02-29T18:47:36.432+0530] {processor.py:840} INFO - DAG(s) 'example_python_operator' retrieved from /home/arun/.local/lib/python3.10/site-packages/airflow/example_dags/example_python_operator.py
[2024-02-29T18:47:36.467+0530] {logging_mixin.py:188} INFO - [2024-02-29T18:47:36.466+0530] {dag.py:3036} INFO - Sync 1 DAGs
[2024-02-29T18:47:36.491+0530] {logging_mixin.py:188} INFO - [2024-02-29T18:47:36.491+0530] {dag.py:3823} INFO - Setting next_dagrun for example_python_operator to None, run_after=None
[2024-02-29T18:47:36.532+0530] {processor.py:183} INFO - Processing /home/arun/.local/lib/python3.10/site-packages/airflow/example_dags/example_python_operator.py took 0.129 seconds
[2024-02-29T18:48:27.642+0530] {processor.py:161} INFO - Started process (PID=8321) to work on /home/arun/.local/lib/python3.10/site-packages/airflow/example_dags/example_python_operator.py
[2024-02-29T18:48:27.644+0530] {processor.py:830} INFO - Processing file /home/arun/.local/lib/python3.10/site-packages/airflow/example_dags/example_python_operator.py for tasks to queue
[2024-02-29T18:48:27.645+0530] {logging_mixin.py:188} INFO - [2024-02-29T18:48:27.645+0530] {dagbag.py:538} INFO - Filling up the DagBag from /home/arun/.local/lib/python3.10/site-packages/airflow/example_dags/example_python_operator.py
[2024-02-29T18:48:27.654+0530] {processor.py:840} INFO - DAG(s) 'example_python_operator' retrieved from /home/arun/.local/lib/python3.10/site-packages/airflow/example_dags/example_python_operator.py
[2024-02-29T18:48:27.672+0530] {logging_mixin.py:188} INFO - [2024-02-29T18:48:27.672+0530] {dag.py:3036} INFO - Sync 1 DAGs
[2024-02-29T18:48:27.684+0530] {logging_mixin.py:188} INFO - [2024-02-29T18:48:27.683+0530] {dag.py:3823} INFO - Setting next_dagrun for example_python_operator to None, run_after=None
[2024-02-29T18:48:27.719+0530] {processor.py:183} INFO - Processing /home/arun/.local/lib/python3.10/site-packages/airflow/example_dags/example_python_operator.py took 0.080 seconds
[2024-02-29T18:49:15.126+0530] {processor.py:161} INFO - Started process (PID=8401) to work on /home/arun/.local/lib/python3.10/site-packages/airflow/example_dags/example_python_operator.py
[2024-02-29T18:49:15.128+0530] {processor.py:830} INFO - Processing file /home/arun/.local/lib/python3.10/site-packages/airflow/example_dags/example_python_operator.py for tasks to queue
[2024-02-29T18:49:15.129+0530] {logging_mixin.py:188} INFO - [2024-02-29T18:49:15.128+0530] {dagbag.py:538} INFO - Filling up the DagBag from /home/arun/.local/lib/python3.10/site-packages/airflow/example_dags/example_python_operator.py
[2024-02-29T18:49:15.142+0530] {processor.py:840} INFO - DAG(s) 'example_python_operator' retrieved from /home/arun/.local/lib/python3.10/site-packages/airflow/example_dags/example_python_operator.py
[2024-02-29T18:49:15.166+0530] {logging_mixin.py:188} INFO - [2024-02-29T18:49:15.165+0530] {dag.py:3036} INFO - Sync 1 DAGs
[2024-02-29T18:49:15.184+0530] {logging_mixin.py:188} INFO - [2024-02-29T18:49:15.184+0530] {dag.py:3823} INFO - Setting next_dagrun for example_python_operator to None, run_after=None
[2024-02-29T18:49:15.222+0530] {processor.py:183} INFO - Processing /home/arun/.local/lib/python3.10/site-packages/airflow/example_dags/example_python_operator.py took 0.100 seconds
[2024-02-29T18:50:03.737+0530] {processor.py:161} INFO - Started process (PID=8480) to work on /home/arun/.local/lib/python3.10/site-packages/airflow/example_dags/example_python_operator.py
[2024-02-29T18:50:03.739+0530] {processor.py:830} INFO - Processing file /home/arun/.local/lib/python3.10/site-packages/airflow/example_dags/example_python_operator.py for tasks to queue
[2024-02-29T18:50:03.740+0530] {logging_mixin.py:188} INFO - [2024-02-29T18:50:03.739+0530] {dagbag.py:538} INFO - Filling up the DagBag from /home/arun/.local/lib/python3.10/site-packages/airflow/example_dags/example_python_operator.py
[2024-02-29T18:50:03.752+0530] {processor.py:840} INFO - DAG(s) 'example_python_operator' retrieved from /home/arun/.local/lib/python3.10/site-packages/airflow/example_dags/example_python_operator.py
[2024-02-29T18:50:03.774+0530] {logging_mixin.py:188} INFO - [2024-02-29T18:50:03.774+0530] {dag.py:3036} INFO - Sync 1 DAGs
[2024-02-29T18:50:03.791+0530] {logging_mixin.py:188} INFO - [2024-02-29T18:50:03.791+0530] {dag.py:3823} INFO - Setting next_dagrun for example_python_operator to None, run_after=None
[2024-02-29T18:50:03.830+0530] {processor.py:183} INFO - Processing /home/arun/.local/lib/python3.10/site-packages/airflow/example_dags/example_python_operator.py took 0.096 seconds
[2024-02-29T18:50:54.821+0530] {processor.py:161} INFO - Started process (PID=8565) to work on /home/arun/.local/lib/python3.10/site-packages/airflow/example_dags/example_python_operator.py
[2024-02-29T18:50:54.857+0530] {processor.py:830} INFO - Processing file /home/arun/.local/lib/python3.10/site-packages/airflow/example_dags/example_python_operator.py for tasks to queue
[2024-02-29T18:50:54.858+0530] {logging_mixin.py:188} INFO - [2024-02-29T18:50:54.857+0530] {dagbag.py:538} INFO - Filling up the DagBag from /home/arun/.local/lib/python3.10/site-packages/airflow/example_dags/example_python_operator.py
[2024-02-29T18:50:54.871+0530] {processor.py:840} INFO - DAG(s) 'example_python_operator' retrieved from /home/arun/.local/lib/python3.10/site-packages/airflow/example_dags/example_python_operator.py
[2024-02-29T18:50:54.894+0530] {logging_mixin.py:188} INFO - [2024-02-29T18:50:54.894+0530] {dag.py:3036} INFO - Sync 1 DAGs
[2024-02-29T18:50:54.909+0530] {logging_mixin.py:188} INFO - [2024-02-29T18:50:54.909+0530] {dag.py:3823} INFO - Setting next_dagrun for example_python_operator to None, run_after=None
[2024-02-29T18:50:54.939+0530] {processor.py:183} INFO - Processing /home/arun/.local/lib/python3.10/site-packages/airflow/example_dags/example_python_operator.py took 0.121 seconds
[2024-02-29T18:51:46.849+0530] {processor.py:161} INFO - Started process (PID=8740) to work on /home/arun/.local/lib/python3.10/site-packages/airflow/example_dags/example_python_operator.py
[2024-02-29T18:51:46.888+0530] {processor.py:830} INFO - Processing file /home/arun/.local/lib/python3.10/site-packages/airflow/example_dags/example_python_operator.py for tasks to queue
[2024-02-29T18:51:46.889+0530] {logging_mixin.py:188} INFO - [2024-02-29T18:51:46.889+0530] {dagbag.py:538} INFO - Filling up the DagBag from /home/arun/.local/lib/python3.10/site-packages/airflow/example_dags/example_python_operator.py
[2024-02-29T18:51:46.900+0530] {processor.py:840} INFO - DAG(s) 'example_python_operator' retrieved from /home/arun/.local/lib/python3.10/site-packages/airflow/example_dags/example_python_operator.py
[2024-02-29T18:51:46.917+0530] {logging_mixin.py:188} INFO - [2024-02-29T18:51:46.917+0530] {dag.py:3036} INFO - Sync 1 DAGs
[2024-02-29T18:51:46.928+0530] {logging_mixin.py:188} INFO - [2024-02-29T18:51:46.928+0530] {dag.py:3823} INFO - Setting next_dagrun for example_python_operator to None, run_after=None
[2024-02-29T18:51:46.952+0530] {processor.py:183} INFO - Processing /home/arun/.local/lib/python3.10/site-packages/airflow/example_dags/example_python_operator.py took 0.107 seconds
[2024-02-29T18:52:38.683+0530] {processor.py:161} INFO - Started process (PID=8819) to work on /home/arun/.local/lib/python3.10/site-packages/airflow/example_dags/example_python_operator.py
[2024-02-29T18:52:38.716+0530] {processor.py:830} INFO - Processing file /home/arun/.local/lib/python3.10/site-packages/airflow/example_dags/example_python_operator.py for tasks to queue
[2024-02-29T18:52:38.717+0530] {logging_mixin.py:188} INFO - [2024-02-29T18:52:38.717+0530] {dagbag.py:538} INFO - Filling up the DagBag from /home/arun/.local/lib/python3.10/site-packages/airflow/example_dags/example_python_operator.py
[2024-02-29T18:52:38.729+0530] {processor.py:840} INFO - DAG(s) 'example_python_operator' retrieved from /home/arun/.local/lib/python3.10/site-packages/airflow/example_dags/example_python_operator.py
[2024-02-29T18:52:38.751+0530] {logging_mixin.py:188} INFO - [2024-02-29T18:52:38.751+0530] {dag.py:3036} INFO - Sync 1 DAGs
[2024-02-29T18:52:38.770+0530] {logging_mixin.py:188} INFO - [2024-02-29T18:52:38.770+0530] {dag.py:3823} INFO - Setting next_dagrun for example_python_operator to None, run_after=None
[2024-02-29T18:52:38.820+0530] {processor.py:183} INFO - Processing /home/arun/.local/lib/python3.10/site-packages/airflow/example_dags/example_python_operator.py took 0.139 seconds
[2024-02-29T18:53:31.741+0530] {processor.py:161} INFO - Started process (PID=8903) to work on /home/arun/.local/lib/python3.10/site-packages/airflow/example_dags/example_python_operator.py
[2024-02-29T18:53:31.749+0530] {processor.py:830} INFO - Processing file /home/arun/.local/lib/python3.10/site-packages/airflow/example_dags/example_python_operator.py for tasks to queue
[2024-02-29T18:53:31.750+0530] {logging_mixin.py:188} INFO - [2024-02-29T18:53:31.750+0530] {dagbag.py:538} INFO - Filling up the DagBag from /home/arun/.local/lib/python3.10/site-packages/airflow/example_dags/example_python_operator.py
[2024-02-29T18:53:31.773+0530] {processor.py:840} INFO - DAG(s) 'example_python_operator' retrieved from /home/arun/.local/lib/python3.10/site-packages/airflow/example_dags/example_python_operator.py
[2024-02-29T18:53:31.806+0530] {logging_mixin.py:188} INFO - [2024-02-29T18:53:31.806+0530] {dag.py:3036} INFO - Sync 1 DAGs
[2024-02-29T18:53:31.826+0530] {logging_mixin.py:188} INFO - [2024-02-29T18:53:31.825+0530] {dag.py:3823} INFO - Setting next_dagrun for example_python_operator to None, run_after=None
[2024-02-29T18:53:31.860+0530] {processor.py:183} INFO - Processing /home/arun/.local/lib/python3.10/site-packages/airflow/example_dags/example_python_operator.py took 0.124 seconds
[2024-02-29T18:54:23.523+0530] {processor.py:161} INFO - Started process (PID=9175) to work on /home/arun/.local/lib/python3.10/site-packages/airflow/example_dags/example_python_operator.py
[2024-02-29T18:54:23.525+0530] {processor.py:830} INFO - Processing file /home/arun/.local/lib/python3.10/site-packages/airflow/example_dags/example_python_operator.py for tasks to queue
[2024-02-29T18:54:23.526+0530] {logging_mixin.py:188} INFO - [2024-02-29T18:54:23.526+0530] {dagbag.py:538} INFO - Filling up the DagBag from /home/arun/.local/lib/python3.10/site-packages/airflow/example_dags/example_python_operator.py
[2024-02-29T18:54:23.539+0530] {processor.py:840} INFO - DAG(s) 'example_python_operator' retrieved from /home/arun/.local/lib/python3.10/site-packages/airflow/example_dags/example_python_operator.py
[2024-02-29T18:54:23.558+0530] {logging_mixin.py:188} INFO - [2024-02-29T18:54:23.558+0530] {dag.py:3036} INFO - Sync 1 DAGs
[2024-02-29T18:54:23.571+0530] {logging_mixin.py:188} INFO - [2024-02-29T18:54:23.570+0530] {dag.py:3823} INFO - Setting next_dagrun for example_python_operator to None, run_after=None
[2024-02-29T18:54:23.600+0530] {processor.py:183} INFO - Processing /home/arun/.local/lib/python3.10/site-packages/airflow/example_dags/example_python_operator.py took 0.080 seconds
[2024-02-29T18:55:12.230+0530] {processor.py:161} INFO - Started process (PID=9260) to work on /home/arun/.local/lib/python3.10/site-packages/airflow/example_dags/example_python_operator.py
[2024-02-29T18:55:12.234+0530] {processor.py:830} INFO - Processing file /home/arun/.local/lib/python3.10/site-packages/airflow/example_dags/example_python_operator.py for tasks to queue
[2024-02-29T18:55:12.236+0530] {logging_mixin.py:188} INFO - [2024-02-29T18:55:12.235+0530] {dagbag.py:538} INFO - Filling up the DagBag from /home/arun/.local/lib/python3.10/site-packages/airflow/example_dags/example_python_operator.py
[2024-02-29T18:55:12.264+0530] {processor.py:840} INFO - DAG(s) 'example_python_operator' retrieved from /home/arun/.local/lib/python3.10/site-packages/airflow/example_dags/example_python_operator.py
[2024-02-29T18:55:12.289+0530] {logging_mixin.py:188} INFO - [2024-02-29T18:55:12.289+0530] {dag.py:3036} INFO - Sync 1 DAGs
[2024-02-29T18:55:12.306+0530] {logging_mixin.py:188} INFO - [2024-02-29T18:55:12.306+0530] {dag.py:3823} INFO - Setting next_dagrun for example_python_operator to None, run_after=None
[2024-02-29T18:55:12.337+0530] {processor.py:183} INFO - Processing /home/arun/.local/lib/python3.10/site-packages/airflow/example_dags/example_python_operator.py took 0.111 seconds
[2024-02-29T18:56:12.660+0530] {processor.py:161} INFO - Started process (PID=9408) to work on /home/arun/.local/lib/python3.10/site-packages/airflow/example_dags/example_python_operator.py
[2024-02-29T18:56:12.676+0530] {processor.py:830} INFO - Processing file /home/arun/.local/lib/python3.10/site-packages/airflow/example_dags/example_python_operator.py for tasks to queue
[2024-02-29T18:56:12.678+0530] {logging_mixin.py:188} INFO - [2024-02-29T18:56:12.677+0530] {dagbag.py:538} INFO - Filling up the DagBag from /home/arun/.local/lib/python3.10/site-packages/airflow/example_dags/example_python_operator.py
[2024-02-29T18:56:12.695+0530] {processor.py:840} INFO - DAG(s) 'example_python_operator' retrieved from /home/arun/.local/lib/python3.10/site-packages/airflow/example_dags/example_python_operator.py
[2024-02-29T18:56:12.718+0530] {logging_mixin.py:188} INFO - [2024-02-29T18:56:12.718+0530] {dag.py:3036} INFO - Sync 1 DAGs
[2024-02-29T18:56:12.734+0530] {logging_mixin.py:188} INFO - [2024-02-29T18:56:12.733+0530] {dag.py:3823} INFO - Setting next_dagrun for example_python_operator to None, run_after=None
[2024-02-29T18:56:12.777+0530] {processor.py:183} INFO - Processing /home/arun/.local/lib/python3.10/site-packages/airflow/example_dags/example_python_operator.py took 0.122 seconds
[2024-02-29T18:57:10.041+0530] {processor.py:161} INFO - Started process (PID=9525) to work on /home/arun/.local/lib/python3.10/site-packages/airflow/example_dags/example_python_operator.py
[2024-02-29T18:57:10.084+0530] {processor.py:830} INFO - Processing file /home/arun/.local/lib/python3.10/site-packages/airflow/example_dags/example_python_operator.py for tasks to queue
[2024-02-29T18:57:10.086+0530] {logging_mixin.py:188} INFO - [2024-02-29T18:57:10.085+0530] {dagbag.py:538} INFO - Filling up the DagBag from /home/arun/.local/lib/python3.10/site-packages/airflow/example_dags/example_python_operator.py
[2024-02-29T18:57:10.112+0530] {processor.py:840} INFO - DAG(s) 'example_python_operator' retrieved from /home/arun/.local/lib/python3.10/site-packages/airflow/example_dags/example_python_operator.py
[2024-02-29T18:57:10.157+0530] {logging_mixin.py:188} INFO - [2024-02-29T18:57:10.156+0530] {dag.py:3036} INFO - Sync 1 DAGs
[2024-02-29T18:57:10.227+0530] {logging_mixin.py:188} INFO - [2024-02-29T18:57:10.227+0530] {dag.py:3823} INFO - Setting next_dagrun for example_python_operator to None, run_after=None
[2024-02-29T18:57:10.281+0530] {processor.py:183} INFO - Processing /home/arun/.local/lib/python3.10/site-packages/airflow/example_dags/example_python_operator.py took 0.244 seconds
[2024-02-29T18:58:06.157+0530] {processor.py:161} INFO - Started process (PID=9616) to work on /home/arun/.local/lib/python3.10/site-packages/airflow/example_dags/example_python_operator.py
[2024-02-29T18:58:06.160+0530] {processor.py:830} INFO - Processing file /home/arun/.local/lib/python3.10/site-packages/airflow/example_dags/example_python_operator.py for tasks to queue
[2024-02-29T18:58:06.161+0530] {logging_mixin.py:188} INFO - [2024-02-29T18:58:06.160+0530] {dagbag.py:538} INFO - Filling up the DagBag from /home/arun/.local/lib/python3.10/site-packages/airflow/example_dags/example_python_operator.py
[2024-02-29T18:58:06.175+0530] {processor.py:840} INFO - DAG(s) 'example_python_operator' retrieved from /home/arun/.local/lib/python3.10/site-packages/airflow/example_dags/example_python_operator.py
[2024-02-29T18:58:06.197+0530] {logging_mixin.py:188} INFO - [2024-02-29T18:58:06.197+0530] {dag.py:3036} INFO - Sync 1 DAGs
[2024-02-29T18:58:06.211+0530] {logging_mixin.py:188} INFO - [2024-02-29T18:58:06.211+0530] {dag.py:3823} INFO - Setting next_dagrun for example_python_operator to None, run_after=None
[2024-02-29T18:58:06.238+0530] {processor.py:183} INFO - Processing /home/arun/.local/lib/python3.10/site-packages/airflow/example_dags/example_python_operator.py took 0.084 seconds
[2024-02-29T18:59:06.734+0530] {processor.py:161} INFO - Started process (PID=9723) to work on /home/arun/.local/lib/python3.10/site-packages/airflow/example_dags/example_python_operator.py
[2024-02-29T18:59:06.770+0530] {processor.py:830} INFO - Processing file /home/arun/.local/lib/python3.10/site-packages/airflow/example_dags/example_python_operator.py for tasks to queue
[2024-02-29T18:59:06.771+0530] {logging_mixin.py:188} INFO - [2024-02-29T18:59:06.771+0530] {dagbag.py:538} INFO - Filling up the DagBag from /home/arun/.local/lib/python3.10/site-packages/airflow/example_dags/example_python_operator.py
[2024-02-29T18:59:06.782+0530] {processor.py:840} INFO - DAG(s) 'example_python_operator' retrieved from /home/arun/.local/lib/python3.10/site-packages/airflow/example_dags/example_python_operator.py
[2024-02-29T18:59:06.799+0530] {logging_mixin.py:188} INFO - [2024-02-29T18:59:06.799+0530] {dag.py:3036} INFO - Sync 1 DAGs
[2024-02-29T18:59:06.810+0530] {logging_mixin.py:188} INFO - [2024-02-29T18:59:06.810+0530] {dag.py:3823} INFO - Setting next_dagrun for example_python_operator to None, run_after=None
[2024-02-29T18:59:06.833+0530] {processor.py:183} INFO - Processing /home/arun/.local/lib/python3.10/site-packages/airflow/example_dags/example_python_operator.py took 0.103 seconds
[2024-02-29T19:00:03.247+0530] {processor.py:161} INFO - Started process (PID=9824) to work on /home/arun/.local/lib/python3.10/site-packages/airflow/example_dags/example_python_operator.py
[2024-02-29T19:00:03.284+0530] {processor.py:830} INFO - Processing file /home/arun/.local/lib/python3.10/site-packages/airflow/example_dags/example_python_operator.py for tasks to queue
[2024-02-29T19:00:03.285+0530] {logging_mixin.py:188} INFO - [2024-02-29T19:00:03.285+0530] {dagbag.py:538} INFO - Filling up the DagBag from /home/arun/.local/lib/python3.10/site-packages/airflow/example_dags/example_python_operator.py
[2024-02-29T19:00:03.298+0530] {processor.py:840} INFO - DAG(s) 'example_python_operator' retrieved from /home/arun/.local/lib/python3.10/site-packages/airflow/example_dags/example_python_operator.py
[2024-02-29T19:00:03.317+0530] {logging_mixin.py:188} INFO - [2024-02-29T19:00:03.317+0530] {dag.py:3036} INFO - Sync 1 DAGs
[2024-02-29T19:00:03.330+0530] {logging_mixin.py:188} INFO - [2024-02-29T19:00:03.329+0530] {dag.py:3823} INFO - Setting next_dagrun for example_python_operator to None, run_after=None
[2024-02-29T19:00:03.358+0530] {processor.py:183} INFO - Processing /home/arun/.local/lib/python3.10/site-packages/airflow/example_dags/example_python_operator.py took 0.117 seconds
[2024-02-29T19:00:53.298+0530] {processor.py:161} INFO - Started process (PID=9910) to work on /home/arun/.local/lib/python3.10/site-packages/airflow/example_dags/example_python_operator.py
[2024-02-29T19:00:53.300+0530] {processor.py:830} INFO - Processing file /home/arun/.local/lib/python3.10/site-packages/airflow/example_dags/example_python_operator.py for tasks to queue
[2024-02-29T19:00:53.301+0530] {logging_mixin.py:188} INFO - [2024-02-29T19:00:53.300+0530] {dagbag.py:538} INFO - Filling up the DagBag from /home/arun/.local/lib/python3.10/site-packages/airflow/example_dags/example_python_operator.py
[2024-02-29T19:00:53.313+0530] {processor.py:840} INFO - DAG(s) 'example_python_operator' retrieved from /home/arun/.local/lib/python3.10/site-packages/airflow/example_dags/example_python_operator.py
[2024-02-29T19:00:53.334+0530] {logging_mixin.py:188} INFO - [2024-02-29T19:00:53.333+0530] {dag.py:3036} INFO - Sync 1 DAGs
[2024-02-29T19:00:53.350+0530] {logging_mixin.py:188} INFO - [2024-02-29T19:00:53.350+0530] {dag.py:3823} INFO - Setting next_dagrun for example_python_operator to None, run_after=None
[2024-02-29T19:00:53.425+0530] {processor.py:183} INFO - Processing /home/arun/.local/lib/python3.10/site-packages/airflow/example_dags/example_python_operator.py took 0.130 seconds
[2024-02-29T19:01:46.076+0530] {processor.py:161} INFO - Started process (PID=9994) to work on /home/arun/.local/lib/python3.10/site-packages/airflow/example_dags/example_python_operator.py
[2024-02-29T19:01:46.078+0530] {processor.py:830} INFO - Processing file /home/arun/.local/lib/python3.10/site-packages/airflow/example_dags/example_python_operator.py for tasks to queue
[2024-02-29T19:01:46.080+0530] {logging_mixin.py:188} INFO - [2024-02-29T19:01:46.079+0530] {dagbag.py:538} INFO - Filling up the DagBag from /home/arun/.local/lib/python3.10/site-packages/airflow/example_dags/example_python_operator.py
[2024-02-29T19:01:46.092+0530] {processor.py:840} INFO - DAG(s) 'example_python_operator' retrieved from /home/arun/.local/lib/python3.10/site-packages/airflow/example_dags/example_python_operator.py
[2024-02-29T19:01:46.113+0530] {logging_mixin.py:188} INFO - [2024-02-29T19:01:46.113+0530] {dag.py:3036} INFO - Sync 1 DAGs
[2024-02-29T19:01:46.125+0530] {logging_mixin.py:188} INFO - [2024-02-29T19:01:46.125+0530] {dag.py:3823} INFO - Setting next_dagrun for example_python_operator to None, run_after=None
[2024-02-29T19:01:46.153+0530] {processor.py:183} INFO - Processing /home/arun/.local/lib/python3.10/site-packages/airflow/example_dags/example_python_operator.py took 0.080 seconds
[2024-02-29T19:02:37.798+0530] {processor.py:161} INFO - Started process (PID=10077) to work on /home/arun/.local/lib/python3.10/site-packages/airflow/example_dags/example_python_operator.py
[2024-02-29T19:02:37.800+0530] {processor.py:830} INFO - Processing file /home/arun/.local/lib/python3.10/site-packages/airflow/example_dags/example_python_operator.py for tasks to queue
[2024-02-29T19:02:37.801+0530] {logging_mixin.py:188} INFO - [2024-02-29T19:02:37.800+0530] {dagbag.py:538} INFO - Filling up the DagBag from /home/arun/.local/lib/python3.10/site-packages/airflow/example_dags/example_python_operator.py
[2024-02-29T19:02:37.813+0530] {processor.py:840} INFO - DAG(s) 'example_python_operator' retrieved from /home/arun/.local/lib/python3.10/site-packages/airflow/example_dags/example_python_operator.py
[2024-02-29T19:02:37.841+0530] {logging_mixin.py:188} INFO - [2024-02-29T19:02:37.841+0530] {dag.py:3036} INFO - Sync 1 DAGs
[2024-02-29T19:02:37.865+0530] {logging_mixin.py:188} INFO - [2024-02-29T19:02:37.864+0530] {dag.py:3823} INFO - Setting next_dagrun for example_python_operator to None, run_after=None
[2024-02-29T19:02:37.901+0530] {processor.py:183} INFO - Processing /home/arun/.local/lib/python3.10/site-packages/airflow/example_dags/example_python_operator.py took 0.107 seconds
[2024-02-29T19:03:27.017+0530] {processor.py:161} INFO - Started process (PID=10156) to work on /home/arun/.local/lib/python3.10/site-packages/airflow/example_dags/example_python_operator.py
[2024-02-29T19:03:27.054+0530] {processor.py:830} INFO - Processing file /home/arun/.local/lib/python3.10/site-packages/airflow/example_dags/example_python_operator.py for tasks to queue
[2024-02-29T19:03:27.055+0530] {logging_mixin.py:188} INFO - [2024-02-29T19:03:27.055+0530] {dagbag.py:538} INFO - Filling up the DagBag from /home/arun/.local/lib/python3.10/site-packages/airflow/example_dags/example_python_operator.py
[2024-02-29T19:03:27.066+0530] {processor.py:840} INFO - DAG(s) 'example_python_operator' retrieved from /home/arun/.local/lib/python3.10/site-packages/airflow/example_dags/example_python_operator.py
[2024-02-29T19:03:27.087+0530] {logging_mixin.py:188} INFO - [2024-02-29T19:03:27.086+0530] {dag.py:3036} INFO - Sync 1 DAGs
[2024-02-29T19:03:27.104+0530] {logging_mixin.py:188} INFO - [2024-02-29T19:03:27.103+0530] {dag.py:3823} INFO - Setting next_dagrun for example_python_operator to None, run_after=None
[2024-02-29T19:03:27.153+0530] {processor.py:183} INFO - Processing /home/arun/.local/lib/python3.10/site-packages/airflow/example_dags/example_python_operator.py took 0.140 seconds
[2024-02-29T19:04:13.918+0530] {processor.py:161} INFO - Started process (PID=10232) to work on /home/arun/.local/lib/python3.10/site-packages/airflow/example_dags/example_python_operator.py
[2024-02-29T19:04:13.921+0530] {processor.py:830} INFO - Processing file /home/arun/.local/lib/python3.10/site-packages/airflow/example_dags/example_python_operator.py for tasks to queue
[2024-02-29T19:04:13.922+0530] {logging_mixin.py:188} INFO - [2024-02-29T19:04:13.922+0530] {dagbag.py:538} INFO - Filling up the DagBag from /home/arun/.local/lib/python3.10/site-packages/airflow/example_dags/example_python_operator.py
[2024-02-29T19:04:13.938+0530] {processor.py:840} INFO - DAG(s) 'example_python_operator' retrieved from /home/arun/.local/lib/python3.10/site-packages/airflow/example_dags/example_python_operator.py
[2024-02-29T19:04:13.967+0530] {logging_mixin.py:188} INFO - [2024-02-29T19:04:13.967+0530] {dag.py:3036} INFO - Sync 1 DAGs
[2024-02-29T19:04:14.033+0530] {logging_mixin.py:188} INFO - [2024-02-29T19:04:14.032+0530] {dag.py:3823} INFO - Setting next_dagrun for example_python_operator to None, run_after=None
[2024-02-29T19:04:14.093+0530] {processor.py:183} INFO - Processing /home/arun/.local/lib/python3.10/site-packages/airflow/example_dags/example_python_operator.py took 0.180 seconds
[2024-02-29T19:05:03.697+0530] {processor.py:161} INFO - Started process (PID=10336) to work on /home/arun/.local/lib/python3.10/site-packages/airflow/example_dags/example_python_operator.py
[2024-02-29T19:05:03.702+0530] {processor.py:830} INFO - Processing file /home/arun/.local/lib/python3.10/site-packages/airflow/example_dags/example_python_operator.py for tasks to queue
[2024-02-29T19:05:03.704+0530] {logging_mixin.py:188} INFO - [2024-02-29T19:05:03.704+0530] {dagbag.py:538} INFO - Filling up the DagBag from /home/arun/.local/lib/python3.10/site-packages/airflow/example_dags/example_python_operator.py
[2024-02-29T19:05:03.735+0530] {processor.py:840} INFO - DAG(s) 'example_python_operator' retrieved from /home/arun/.local/lib/python3.10/site-packages/airflow/example_dags/example_python_operator.py
[2024-02-29T19:05:03.782+0530] {logging_mixin.py:188} INFO - [2024-02-29T19:05:03.781+0530] {dag.py:3036} INFO - Sync 1 DAGs
[2024-02-29T19:05:03.816+0530] {logging_mixin.py:188} INFO - [2024-02-29T19:05:03.815+0530] {dag.py:3823} INFO - Setting next_dagrun for example_python_operator to None, run_after=None
[2024-02-29T19:05:03.893+0530] {processor.py:183} INFO - Processing /home/arun/.local/lib/python3.10/site-packages/airflow/example_dags/example_python_operator.py took 0.205 seconds
[2024-02-29T19:06:20.977+0530] {processor.py:161} INFO - Started process (PID=10619) to work on /home/arun/.local/lib/python3.10/site-packages/airflow/example_dags/example_python_operator.py
[2024-02-29T19:06:21.061+0530] {processor.py:830} INFO - Processing file /home/arun/.local/lib/python3.10/site-packages/airflow/example_dags/example_python_operator.py for tasks to queue
[2024-02-29T19:06:21.069+0530] {logging_mixin.py:188} INFO - [2024-02-29T19:06:21.069+0530] {dagbag.py:538} INFO - Filling up the DagBag from /home/arun/.local/lib/python3.10/site-packages/airflow/example_dags/example_python_operator.py
[2024-02-29T19:06:21.090+0530] {processor.py:840} INFO - DAG(s) 'example_python_operator' retrieved from /home/arun/.local/lib/python3.10/site-packages/airflow/example_dags/example_python_operator.py
[2024-02-29T19:06:21.166+0530] {logging_mixin.py:188} INFO - [2024-02-29T19:06:21.165+0530] {dag.py:3036} INFO - Sync 1 DAGs
[2024-02-29T19:06:21.198+0530] {logging_mixin.py:188} INFO - [2024-02-29T19:06:21.198+0530] {dag.py:3823} INFO - Setting next_dagrun for example_python_operator to None, run_after=None
[2024-02-29T19:06:21.284+0530] {processor.py:183} INFO - Processing /home/arun/.local/lib/python3.10/site-packages/airflow/example_dags/example_python_operator.py took 0.332 seconds
