[2024-02-29T18:16:17.531+0530] {processor.py:161} INFO - Started process (PID=5212) to work on /home/arun/.local/lib/python3.10/site-packages/airflow/example_dags/example_dag_decorator.py
[2024-02-29T18:16:17.533+0530] {processor.py:830} INFO - Processing file /home/arun/.local/lib/python3.10/site-packages/airflow/example_dags/example_dag_decorator.py for tasks to queue
[2024-02-29T18:16:17.535+0530] {logging_mixin.py:188} INFO - [2024-02-29T18:16:17.534+0530] {dagbag.py:538} INFO - Filling up the DagBag from /home/arun/.local/lib/python3.10/site-packages/airflow/example_dags/example_dag_decorator.py
[2024-02-29T18:16:18.070+0530] {processor.py:840} INFO - DAG(s) 'example_dag_decorator' retrieved from /home/arun/.local/lib/python3.10/site-packages/airflow/example_dags/example_dag_decorator.py
[2024-02-29T18:16:18.292+0530] {logging_mixin.py:188} INFO - [2024-02-29T18:16:18.292+0530] {dag.py:3036} INFO - Sync 1 DAGs
[2024-02-29T18:16:18.310+0530] {logging_mixin.py:188} INFO - [2024-02-29T18:16:18.305+0530] {dag.py:3823} INFO - Setting next_dagrun for example_dag_decorator to None, run_after=None
[2024-02-29T18:16:18.545+0530] {processor.py:183} INFO - Processing /home/arun/.local/lib/python3.10/site-packages/airflow/example_dags/example_dag_decorator.py took 1.019 seconds
[2024-02-29T18:18:03.215+0530] {processor.py:161} INFO - Started process (PID=5344) to work on /home/arun/.local/lib/python3.10/site-packages/airflow/example_dags/example_dag_decorator.py
[2024-02-29T18:18:03.335+0530] {processor.py:830} INFO - Processing file /home/arun/.local/lib/python3.10/site-packages/airflow/example_dags/example_dag_decorator.py for tasks to queue
[2024-02-29T18:18:03.337+0530] {logging_mixin.py:188} INFO - [2024-02-29T18:18:03.336+0530] {dagbag.py:538} INFO - Filling up the DagBag from /home/arun/.local/lib/python3.10/site-packages/airflow/example_dags/example_dag_decorator.py
[2024-02-29T18:18:04.185+0530] {processor.py:840} INFO - DAG(s) 'example_dag_decorator' retrieved from /home/arun/.local/lib/python3.10/site-packages/airflow/example_dags/example_dag_decorator.py
[2024-02-29T18:18:04.452+0530] {logging_mixin.py:188} INFO - [2024-02-29T18:18:04.451+0530] {dag.py:3036} INFO - Sync 1 DAGs
[2024-02-29T18:18:04.479+0530] {logging_mixin.py:188} INFO - [2024-02-29T18:18:04.479+0530] {dag.py:3823} INFO - Setting next_dagrun for example_dag_decorator to None, run_after=None
[2024-02-29T18:18:04.591+0530] {processor.py:183} INFO - Processing /home/arun/.local/lib/python3.10/site-packages/airflow/example_dags/example_dag_decorator.py took 1.381 seconds
[2024-02-29T18:20:14.371+0530] {processor.py:161} INFO - Started process (PID=5466) to work on /home/arun/.local/lib/python3.10/site-packages/airflow/example_dags/example_dag_decorator.py
[2024-02-29T18:20:14.440+0530] {processor.py:830} INFO - Processing file /home/arun/.local/lib/python3.10/site-packages/airflow/example_dags/example_dag_decorator.py for tasks to queue
[2024-02-29T18:20:14.441+0530] {logging_mixin.py:188} INFO - [2024-02-29T18:20:14.440+0530] {dagbag.py:538} INFO - Filling up the DagBag from /home/arun/.local/lib/python3.10/site-packages/airflow/example_dags/example_dag_decorator.py
[2024-02-29T18:20:14.526+0530] {processor.py:840} INFO - DAG(s) 'example_dag_decorator' retrieved from /home/arun/.local/lib/python3.10/site-packages/airflow/example_dags/example_dag_decorator.py
[2024-02-29T18:20:14.670+0530] {logging_mixin.py:188} INFO - [2024-02-29T18:20:14.669+0530] {dag.py:3036} INFO - Sync 1 DAGs
[2024-02-29T18:20:14.678+0530] {logging_mixin.py:188} INFO - [2024-02-29T18:20:14.678+0530] {dag.py:3823} INFO - Setting next_dagrun for example_dag_decorator to None, run_after=None
[2024-02-29T18:20:14.707+0530] {processor.py:183} INFO - Processing /home/arun/.local/lib/python3.10/site-packages/airflow/example_dags/example_dag_decorator.py took 0.344 seconds
[2024-02-29T18:21:28.422+0530] {processor.py:161} INFO - Started process (PID=5600) to work on /home/arun/.local/lib/python3.10/site-packages/airflow/example_dags/example_dag_decorator.py
[2024-02-29T18:21:28.430+0530] {processor.py:830} INFO - Processing file /home/arun/.local/lib/python3.10/site-packages/airflow/example_dags/example_dag_decorator.py for tasks to queue
[2024-02-29T18:21:28.433+0530] {logging_mixin.py:188} INFO - [2024-02-29T18:21:28.432+0530] {dagbag.py:538} INFO - Filling up the DagBag from /home/arun/.local/lib/python3.10/site-packages/airflow/example_dags/example_dag_decorator.py
[2024-02-29T18:21:28.600+0530] {processor.py:840} INFO - DAG(s) 'example_dag_decorator' retrieved from /home/arun/.local/lib/python3.10/site-packages/airflow/example_dags/example_dag_decorator.py
[2024-02-29T18:21:28.633+0530] {logging_mixin.py:188} INFO - [2024-02-29T18:21:28.632+0530] {dag.py:3036} INFO - Sync 1 DAGs
[2024-02-29T18:21:28.648+0530] {logging_mixin.py:188} INFO - [2024-02-29T18:21:28.647+0530] {dag.py:3823} INFO - Setting next_dagrun for example_dag_decorator to None, run_after=None
[2024-02-29T18:21:28.680+0530] {processor.py:183} INFO - Processing /home/arun/.local/lib/python3.10/site-packages/airflow/example_dags/example_dag_decorator.py took 0.263 seconds
[2024-02-29T18:22:25.698+0530] {processor.py:161} INFO - Started process (PID=5691) to work on /home/arun/.local/lib/python3.10/site-packages/airflow/example_dags/example_dag_decorator.py
[2024-02-29T18:22:25.700+0530] {processor.py:830} INFO - Processing file /home/arun/.local/lib/python3.10/site-packages/airflow/example_dags/example_dag_decorator.py for tasks to queue
[2024-02-29T18:22:25.701+0530] {logging_mixin.py:188} INFO - [2024-02-29T18:22:25.700+0530] {dagbag.py:538} INFO - Filling up the DagBag from /home/arun/.local/lib/python3.10/site-packages/airflow/example_dags/example_dag_decorator.py
[2024-02-29T18:22:25.807+0530] {processor.py:840} INFO - DAG(s) 'example_dag_decorator' retrieved from /home/arun/.local/lib/python3.10/site-packages/airflow/example_dags/example_dag_decorator.py
[2024-02-29T18:22:25.926+0530] {logging_mixin.py:188} INFO - [2024-02-29T18:22:25.926+0530] {dag.py:3036} INFO - Sync 1 DAGs
[2024-02-29T18:22:25.939+0530] {logging_mixin.py:188} INFO - [2024-02-29T18:22:25.938+0530] {dag.py:3823} INFO - Setting next_dagrun for example_dag_decorator to None, run_after=None
[2024-02-29T18:22:25.976+0530] {processor.py:183} INFO - Processing /home/arun/.local/lib/python3.10/site-packages/airflow/example_dags/example_dag_decorator.py took 0.281 seconds
[2024-02-29T18:23:22.394+0530] {processor.py:161} INFO - Started process (PID=5776) to work on /home/arun/.local/lib/python3.10/site-packages/airflow/example_dags/example_dag_decorator.py
[2024-02-29T18:23:22.397+0530] {processor.py:830} INFO - Processing file /home/arun/.local/lib/python3.10/site-packages/airflow/example_dags/example_dag_decorator.py for tasks to queue
[2024-02-29T18:23:22.397+0530] {logging_mixin.py:188} INFO - [2024-02-29T18:23:22.397+0530] {dagbag.py:538} INFO - Filling up the DagBag from /home/arun/.local/lib/python3.10/site-packages/airflow/example_dags/example_dag_decorator.py
[2024-02-29T18:23:22.514+0530] {processor.py:840} INFO - DAG(s) 'example_dag_decorator' retrieved from /home/arun/.local/lib/python3.10/site-packages/airflow/example_dags/example_dag_decorator.py
[2024-02-29T18:23:22.654+0530] {logging_mixin.py:188} INFO - [2024-02-29T18:23:22.654+0530] {dag.py:3036} INFO - Sync 1 DAGs
[2024-02-29T18:23:22.671+0530] {logging_mixin.py:188} INFO - [2024-02-29T18:23:22.671+0530] {dag.py:3823} INFO - Setting next_dagrun for example_dag_decorator to None, run_after=None
[2024-02-29T18:23:22.754+0530] {processor.py:183} INFO - Processing /home/arun/.local/lib/python3.10/site-packages/airflow/example_dags/example_dag_decorator.py took 0.363 seconds
[2024-02-29T18:24:35.473+0530] {processor.py:161} INFO - Started process (PID=5915) to work on /home/arun/.local/lib/python3.10/site-packages/airflow/example_dags/example_dag_decorator.py
[2024-02-29T18:24:35.476+0530] {processor.py:830} INFO - Processing file /home/arun/.local/lib/python3.10/site-packages/airflow/example_dags/example_dag_decorator.py for tasks to queue
[2024-02-29T18:24:35.477+0530] {logging_mixin.py:188} INFO - [2024-02-29T18:24:35.476+0530] {dagbag.py:538} INFO - Filling up the DagBag from /home/arun/.local/lib/python3.10/site-packages/airflow/example_dags/example_dag_decorator.py
[2024-02-29T18:24:35.579+0530] {processor.py:840} INFO - DAG(s) 'example_dag_decorator' retrieved from /home/arun/.local/lib/python3.10/site-packages/airflow/example_dags/example_dag_decorator.py
[2024-02-29T18:24:35.698+0530] {logging_mixin.py:188} INFO - [2024-02-29T18:24:35.698+0530] {dag.py:3036} INFO - Sync 1 DAGs
[2024-02-29T18:24:35.712+0530] {logging_mixin.py:188} INFO - [2024-02-29T18:24:35.711+0530] {dag.py:3823} INFO - Setting next_dagrun for example_dag_decorator to None, run_after=None
[2024-02-29T18:24:35.769+0530] {processor.py:183} INFO - Processing /home/arun/.local/lib/python3.10/site-packages/airflow/example_dags/example_dag_decorator.py took 0.300 seconds
[2024-02-29T18:25:51.080+0530] {processor.py:161} INFO - Started process (PID=6032) to work on /home/arun/.local/lib/python3.10/site-packages/airflow/example_dags/example_dag_decorator.py
[2024-02-29T18:25:51.081+0530] {processor.py:830} INFO - Processing file /home/arun/.local/lib/python3.10/site-packages/airflow/example_dags/example_dag_decorator.py for tasks to queue
[2024-02-29T18:25:51.082+0530] {logging_mixin.py:188} INFO - [2024-02-29T18:25:51.082+0530] {dagbag.py:538} INFO - Filling up the DagBag from /home/arun/.local/lib/python3.10/site-packages/airflow/example_dags/example_dag_decorator.py
[2024-02-29T18:25:51.185+0530] {processor.py:840} INFO - DAG(s) 'example_dag_decorator' retrieved from /home/arun/.local/lib/python3.10/site-packages/airflow/example_dags/example_dag_decorator.py
[2024-02-29T18:25:51.304+0530] {logging_mixin.py:188} INFO - [2024-02-29T18:25:51.304+0530] {dag.py:3036} INFO - Sync 1 DAGs
[2024-02-29T18:25:51.318+0530] {logging_mixin.py:188} INFO - [2024-02-29T18:25:51.317+0530] {dag.py:3823} INFO - Setting next_dagrun for example_dag_decorator to None, run_after=None
[2024-02-29T18:25:51.370+0530] {processor.py:183} INFO - Processing /home/arun/.local/lib/python3.10/site-packages/airflow/example_dags/example_dag_decorator.py took 0.293 seconds
[2024-02-29T18:27:04.828+0530] {processor.py:161} INFO - Started process (PID=6144) to work on /home/arun/.local/lib/python3.10/site-packages/airflow/example_dags/example_dag_decorator.py
[2024-02-29T18:27:04.830+0530] {processor.py:830} INFO - Processing file /home/arun/.local/lib/python3.10/site-packages/airflow/example_dags/example_dag_decorator.py for tasks to queue
[2024-02-29T18:27:04.831+0530] {logging_mixin.py:188} INFO - [2024-02-29T18:27:04.831+0530] {dagbag.py:538} INFO - Filling up the DagBag from /home/arun/.local/lib/python3.10/site-packages/airflow/example_dags/example_dag_decorator.py
[2024-02-29T18:27:04.978+0530] {processor.py:840} INFO - DAG(s) 'example_dag_decorator' retrieved from /home/arun/.local/lib/python3.10/site-packages/airflow/example_dags/example_dag_decorator.py
[2024-02-29T18:27:05.241+0530] {logging_mixin.py:188} INFO - [2024-02-29T18:27:05.240+0530] {dag.py:3036} INFO - Sync 1 DAGs
[2024-02-29T18:27:05.283+0530] {logging_mixin.py:188} INFO - [2024-02-29T18:27:05.282+0530] {dag.py:3823} INFO - Setting next_dagrun for example_dag_decorator to None, run_after=None
[2024-02-29T18:27:05.558+0530] {processor.py:183} INFO - Processing /home/arun/.local/lib/python3.10/site-packages/airflow/example_dags/example_dag_decorator.py took 0.735 seconds
[2024-02-29T18:28:23.775+0530] {processor.py:161} INFO - Started process (PID=6282) to work on /home/arun/.local/lib/python3.10/site-packages/airflow/example_dags/example_dag_decorator.py
[2024-02-29T18:28:23.821+0530] {processor.py:830} INFO - Processing file /home/arun/.local/lib/python3.10/site-packages/airflow/example_dags/example_dag_decorator.py for tasks to queue
[2024-02-29T18:28:23.822+0530] {logging_mixin.py:188} INFO - [2024-02-29T18:28:23.822+0530] {dagbag.py:538} INFO - Filling up the DagBag from /home/arun/.local/lib/python3.10/site-packages/airflow/example_dags/example_dag_decorator.py
[2024-02-29T18:28:23.913+0530] {processor.py:840} INFO - DAG(s) 'example_dag_decorator' retrieved from /home/arun/.local/lib/python3.10/site-packages/airflow/example_dags/example_dag_decorator.py
[2024-02-29T18:28:24.137+0530] {logging_mixin.py:188} INFO - [2024-02-29T18:28:24.137+0530] {dag.py:3036} INFO - Sync 1 DAGs
[2024-02-29T18:28:24.147+0530] {logging_mixin.py:188} INFO - [2024-02-29T18:28:24.146+0530] {dag.py:3823} INFO - Setting next_dagrun for example_dag_decorator to None, run_after=None
[2024-02-29T18:28:24.259+0530] {processor.py:183} INFO - Processing /home/arun/.local/lib/python3.10/site-packages/airflow/example_dags/example_dag_decorator.py took 0.487 seconds
[2024-02-29T18:29:29.997+0530] {processor.py:161} INFO - Started process (PID=6400) to work on /home/arun/.local/lib/python3.10/site-packages/airflow/example_dags/example_dag_decorator.py
[2024-02-29T18:29:30.081+0530] {processor.py:830} INFO - Processing file /home/arun/.local/lib/python3.10/site-packages/airflow/example_dags/example_dag_decorator.py for tasks to queue
[2024-02-29T18:29:30.083+0530] {logging_mixin.py:188} INFO - [2024-02-29T18:29:30.082+0530] {dagbag.py:538} INFO - Filling up the DagBag from /home/arun/.local/lib/python3.10/site-packages/airflow/example_dags/example_dag_decorator.py
[2024-02-29T18:29:30.207+0530] {processor.py:840} INFO - DAG(s) 'example_dag_decorator' retrieved from /home/arun/.local/lib/python3.10/site-packages/airflow/example_dags/example_dag_decorator.py
[2024-02-29T18:29:30.236+0530] {logging_mixin.py:188} INFO - [2024-02-29T18:29:30.236+0530] {dag.py:3036} INFO - Sync 1 DAGs
[2024-02-29T18:29:30.255+0530] {logging_mixin.py:188} INFO - [2024-02-29T18:29:30.254+0530] {dag.py:3823} INFO - Setting next_dagrun for example_dag_decorator to None, run_after=None
[2024-02-29T18:29:30.295+0530] {processor.py:183} INFO - Processing /home/arun/.local/lib/python3.10/site-packages/airflow/example_dags/example_dag_decorator.py took 0.303 seconds
[2024-02-29T18:30:30.978+0530] {processor.py:161} INFO - Started process (PID=6496) to work on /home/arun/.local/lib/python3.10/site-packages/airflow/example_dags/example_dag_decorator.py
[2024-02-29T18:30:30.980+0530] {processor.py:830} INFO - Processing file /home/arun/.local/lib/python3.10/site-packages/airflow/example_dags/example_dag_decorator.py for tasks to queue
[2024-02-29T18:30:30.981+0530] {logging_mixin.py:188} INFO - [2024-02-29T18:30:30.980+0530] {dagbag.py:538} INFO - Filling up the DagBag from /home/arun/.local/lib/python3.10/site-packages/airflow/example_dags/example_dag_decorator.py
[2024-02-29T18:30:31.119+0530] {processor.py:840} INFO - DAG(s) 'example_dag_decorator' retrieved from /home/arun/.local/lib/python3.10/site-packages/airflow/example_dags/example_dag_decorator.py
[2024-02-29T18:30:31.146+0530] {logging_mixin.py:188} INFO - [2024-02-29T18:30:31.146+0530] {dag.py:3036} INFO - Sync 1 DAGs
[2024-02-29T18:30:31.163+0530] {logging_mixin.py:188} INFO - [2024-02-29T18:30:31.163+0530] {dag.py:3823} INFO - Setting next_dagrun for example_dag_decorator to None, run_after=None
[2024-02-29T18:30:31.199+0530] {processor.py:183} INFO - Processing /home/arun/.local/lib/python3.10/site-packages/airflow/example_dags/example_dag_decorator.py took 0.226 seconds
[2024-02-29T18:31:26.721+0530] {processor.py:161} INFO - Started process (PID=6583) to work on /home/arun/.local/lib/python3.10/site-packages/airflow/example_dags/example_dag_decorator.py
[2024-02-29T18:31:26.722+0530] {processor.py:830} INFO - Processing file /home/arun/.local/lib/python3.10/site-packages/airflow/example_dags/example_dag_decorator.py for tasks to queue
[2024-02-29T18:31:26.724+0530] {logging_mixin.py:188} INFO - [2024-02-29T18:31:26.723+0530] {dagbag.py:538} INFO - Filling up the DagBag from /home/arun/.local/lib/python3.10/site-packages/airflow/example_dags/example_dag_decorator.py
[2024-02-29T18:31:26.865+0530] {processor.py:840} INFO - DAG(s) 'example_dag_decorator' retrieved from /home/arun/.local/lib/python3.10/site-packages/airflow/example_dags/example_dag_decorator.py
[2024-02-29T18:31:26.891+0530] {logging_mixin.py:188} INFO - [2024-02-29T18:31:26.891+0530] {dag.py:3036} INFO - Sync 1 DAGs
[2024-02-29T18:31:26.910+0530] {logging_mixin.py:188} INFO - [2024-02-29T18:31:26.909+0530] {dag.py:3823} INFO - Setting next_dagrun for example_dag_decorator to None, run_after=None
[2024-02-29T18:31:26.964+0530] {processor.py:183} INFO - Processing /home/arun/.local/lib/python3.10/site-packages/airflow/example_dags/example_dag_decorator.py took 0.249 seconds
[2024-02-29T18:32:38.677+0530] {processor.py:161} INFO - Started process (PID=6707) to work on /home/arun/.local/lib/python3.10/site-packages/airflow/example_dags/example_dag_decorator.py
[2024-02-29T18:32:38.776+0530] {processor.py:830} INFO - Processing file /home/arun/.local/lib/python3.10/site-packages/airflow/example_dags/example_dag_decorator.py for tasks to queue
[2024-02-29T18:32:38.778+0530] {logging_mixin.py:188} INFO - [2024-02-29T18:32:38.777+0530] {dagbag.py:538} INFO - Filling up the DagBag from /home/arun/.local/lib/python3.10/site-packages/airflow/example_dags/example_dag_decorator.py
[2024-02-29T18:32:38.941+0530] {processor.py:840} INFO - DAG(s) 'example_dag_decorator' retrieved from /home/arun/.local/lib/python3.10/site-packages/airflow/example_dags/example_dag_decorator.py
[2024-02-29T18:32:39.147+0530] {logging_mixin.py:188} INFO - [2024-02-29T18:32:39.147+0530] {dag.py:3036} INFO - Sync 1 DAGs
[2024-02-29T18:32:39.204+0530] {logging_mixin.py:188} INFO - [2024-02-29T18:32:39.204+0530] {dag.py:3823} INFO - Setting next_dagrun for example_dag_decorator to None, run_after=None
[2024-02-29T18:32:39.276+0530] {processor.py:183} INFO - Processing /home/arun/.local/lib/python3.10/site-packages/airflow/example_dags/example_dag_decorator.py took 0.609 seconds
[2024-02-29T18:33:35.044+0530] {processor.py:161} INFO - Started process (PID=6795) to work on /home/arun/.local/lib/python3.10/site-packages/airflow/example_dags/example_dag_decorator.py
[2024-02-29T18:33:35.046+0530] {processor.py:830} INFO - Processing file /home/arun/.local/lib/python3.10/site-packages/airflow/example_dags/example_dag_decorator.py for tasks to queue
[2024-02-29T18:33:35.049+0530] {logging_mixin.py:188} INFO - [2024-02-29T18:33:35.048+0530] {dagbag.py:538} INFO - Filling up the DagBag from /home/arun/.local/lib/python3.10/site-packages/airflow/example_dags/example_dag_decorator.py
[2024-02-29T18:33:35.181+0530] {processor.py:840} INFO - DAG(s) 'example_dag_decorator' retrieved from /home/arun/.local/lib/python3.10/site-packages/airflow/example_dags/example_dag_decorator.py
[2024-02-29T18:33:35.337+0530] {logging_mixin.py:188} INFO - [2024-02-29T18:33:35.337+0530] {dag.py:3036} INFO - Sync 1 DAGs
[2024-02-29T18:33:35.352+0530] {logging_mixin.py:188} INFO - [2024-02-29T18:33:35.352+0530] {dag.py:3823} INFO - Setting next_dagrun for example_dag_decorator to None, run_after=None
[2024-02-29T18:33:35.420+0530] {processor.py:183} INFO - Processing /home/arun/.local/lib/python3.10/site-packages/airflow/example_dags/example_dag_decorator.py took 0.381 seconds
[2024-02-29T18:34:31.640+0530] {processor.py:161} INFO - Started process (PID=6885) to work on /home/arun/.local/lib/python3.10/site-packages/airflow/example_dags/example_dag_decorator.py
[2024-02-29T18:34:31.642+0530] {processor.py:830} INFO - Processing file /home/arun/.local/lib/python3.10/site-packages/airflow/example_dags/example_dag_decorator.py for tasks to queue
[2024-02-29T18:34:31.643+0530] {logging_mixin.py:188} INFO - [2024-02-29T18:34:31.642+0530] {dagbag.py:538} INFO - Filling up the DagBag from /home/arun/.local/lib/python3.10/site-packages/airflow/example_dags/example_dag_decorator.py
[2024-02-29T18:34:31.765+0530] {processor.py:840} INFO - DAG(s) 'example_dag_decorator' retrieved from /home/arun/.local/lib/python3.10/site-packages/airflow/example_dags/example_dag_decorator.py
[2024-02-29T18:34:31.887+0530] {logging_mixin.py:188} INFO - [2024-02-29T18:34:31.887+0530] {dag.py:3036} INFO - Sync 1 DAGs
[2024-02-29T18:34:31.898+0530] {logging_mixin.py:188} INFO - [2024-02-29T18:34:31.898+0530] {dag.py:3823} INFO - Setting next_dagrun for example_dag_decorator to None, run_after=None
[2024-02-29T18:34:31.954+0530] {processor.py:183} INFO - Processing /home/arun/.local/lib/python3.10/site-packages/airflow/example_dags/example_dag_decorator.py took 0.318 seconds
[2024-02-29T18:35:52.627+0530] {processor.py:161} INFO - Started process (PID=7012) to work on /home/arun/.local/lib/python3.10/site-packages/airflow/example_dags/example_dag_decorator.py
[2024-02-29T18:35:52.629+0530] {processor.py:830} INFO - Processing file /home/arun/.local/lib/python3.10/site-packages/airflow/example_dags/example_dag_decorator.py for tasks to queue
[2024-02-29T18:35:52.630+0530] {logging_mixin.py:188} INFO - [2024-02-29T18:35:52.630+0530] {dagbag.py:538} INFO - Filling up the DagBag from /home/arun/.local/lib/python3.10/site-packages/airflow/example_dags/example_dag_decorator.py
[2024-02-29T18:35:52.767+0530] {processor.py:840} INFO - DAG(s) 'example_dag_decorator' retrieved from /home/arun/.local/lib/python3.10/site-packages/airflow/example_dags/example_dag_decorator.py
[2024-02-29T18:35:52.910+0530] {logging_mixin.py:188} INFO - [2024-02-29T18:35:52.910+0530] {dag.py:3036} INFO - Sync 1 DAGs
[2024-02-29T18:35:52.924+0530] {logging_mixin.py:188} INFO - [2024-02-29T18:35:52.924+0530] {dag.py:3823} INFO - Setting next_dagrun for example_dag_decorator to None, run_after=None
[2024-02-29T18:35:53.003+0530] {processor.py:183} INFO - Processing /home/arun/.local/lib/python3.10/site-packages/airflow/example_dags/example_dag_decorator.py took 0.380 seconds
[2024-02-29T18:36:53.119+0530] {processor.py:161} INFO - Started process (PID=7102) to work on /home/arun/.local/lib/python3.10/site-packages/airflow/example_dags/example_dag_decorator.py
[2024-02-29T18:36:53.123+0530] {processor.py:830} INFO - Processing file /home/arun/.local/lib/python3.10/site-packages/airflow/example_dags/example_dag_decorator.py for tasks to queue
[2024-02-29T18:36:53.125+0530] {logging_mixin.py:188} INFO - [2024-02-29T18:36:53.125+0530] {dagbag.py:538} INFO - Filling up the DagBag from /home/arun/.local/lib/python3.10/site-packages/airflow/example_dags/example_dag_decorator.py
[2024-02-29T18:36:53.261+0530] {processor.py:840} INFO - DAG(s) 'example_dag_decorator' retrieved from /home/arun/.local/lib/python3.10/site-packages/airflow/example_dags/example_dag_decorator.py
[2024-02-29T18:36:53.559+0530] {logging_mixin.py:188} INFO - [2024-02-29T18:36:53.559+0530] {dag.py:3036} INFO - Sync 1 DAGs
[2024-02-29T18:36:53.674+0530] {logging_mixin.py:188} INFO - [2024-02-29T18:36:53.673+0530] {dag.py:3823} INFO - Setting next_dagrun for example_dag_decorator to None, run_after=None
[2024-02-29T18:36:53.781+0530] {processor.py:183} INFO - Processing /home/arun/.local/lib/python3.10/site-packages/airflow/example_dags/example_dag_decorator.py took 0.667 seconds
[2024-02-29T18:37:55.385+0530] {processor.py:161} INFO - Started process (PID=7196) to work on /home/arun/.local/lib/python3.10/site-packages/airflow/example_dags/example_dag_decorator.py
[2024-02-29T18:37:55.414+0530] {processor.py:830} INFO - Processing file /home/arun/.local/lib/python3.10/site-packages/airflow/example_dags/example_dag_decorator.py for tasks to queue
[2024-02-29T18:37:55.415+0530] {logging_mixin.py:188} INFO - [2024-02-29T18:37:55.415+0530] {dagbag.py:538} INFO - Filling up the DagBag from /home/arun/.local/lib/python3.10/site-packages/airflow/example_dags/example_dag_decorator.py
[2024-02-29T18:37:55.834+0530] {processor.py:840} INFO - DAG(s) 'example_dag_decorator' retrieved from /home/arun/.local/lib/python3.10/site-packages/airflow/example_dags/example_dag_decorator.py
[2024-02-29T18:37:56.230+0530] {logging_mixin.py:188} INFO - [2024-02-29T18:37:56.230+0530] {dag.py:3036} INFO - Sync 1 DAGs
[2024-02-29T18:37:56.247+0530] {logging_mixin.py:188} INFO - [2024-02-29T18:37:56.247+0530] {dag.py:3823} INFO - Setting next_dagrun for example_dag_decorator to None, run_after=None
[2024-02-29T18:37:56.303+0530] {processor.py:183} INFO - Processing /home/arun/.local/lib/python3.10/site-packages/airflow/example_dags/example_dag_decorator.py took 0.948 seconds
[2024-02-29T18:39:17.599+0530] {processor.py:161} INFO - Started process (PID=7414) to work on /home/arun/.local/lib/python3.10/site-packages/airflow/example_dags/example_dag_decorator.py
[2024-02-29T18:39:17.621+0530] {processor.py:830} INFO - Processing file /home/arun/.local/lib/python3.10/site-packages/airflow/example_dags/example_dag_decorator.py for tasks to queue
[2024-02-29T18:39:17.637+0530] {logging_mixin.py:188} INFO - [2024-02-29T18:39:17.636+0530] {dagbag.py:538} INFO - Filling up the DagBag from /home/arun/.local/lib/python3.10/site-packages/airflow/example_dags/example_dag_decorator.py
[2024-02-29T18:39:17.815+0530] {processor.py:840} INFO - DAG(s) 'example_dag_decorator' retrieved from /home/arun/.local/lib/python3.10/site-packages/airflow/example_dags/example_dag_decorator.py
[2024-02-29T18:39:17.949+0530] {logging_mixin.py:188} INFO - [2024-02-29T18:39:17.949+0530] {dag.py:3036} INFO - Sync 1 DAGs
[2024-02-29T18:39:17.963+0530] {logging_mixin.py:188} INFO - [2024-02-29T18:39:17.963+0530] {dag.py:3823} INFO - Setting next_dagrun for example_dag_decorator to None, run_after=None
[2024-02-29T18:39:18.051+0530] {processor.py:183} INFO - Processing /home/arun/.local/lib/python3.10/site-packages/airflow/example_dags/example_dag_decorator.py took 0.460 seconds
[2024-02-29T18:40:17.884+0530] {processor.py:161} INFO - Started process (PID=7506) to work on /home/arun/.local/lib/python3.10/site-packages/airflow/example_dags/example_dag_decorator.py
[2024-02-29T18:40:17.918+0530] {processor.py:830} INFO - Processing file /home/arun/.local/lib/python3.10/site-packages/airflow/example_dags/example_dag_decorator.py for tasks to queue
[2024-02-29T18:40:17.920+0530] {logging_mixin.py:188} INFO - [2024-02-29T18:40:17.919+0530] {dagbag.py:538} INFO - Filling up the DagBag from /home/arun/.local/lib/python3.10/site-packages/airflow/example_dags/example_dag_decorator.py
[2024-02-29T18:40:18.045+0530] {processor.py:840} INFO - DAG(s) 'example_dag_decorator' retrieved from /home/arun/.local/lib/python3.10/site-packages/airflow/example_dags/example_dag_decorator.py
[2024-02-29T18:40:18.207+0530] {logging_mixin.py:188} INFO - [2024-02-29T18:40:18.207+0530] {dag.py:3036} INFO - Sync 1 DAGs
[2024-02-29T18:40:18.221+0530] {logging_mixin.py:188} INFO - [2024-02-29T18:40:18.221+0530] {dag.py:3823} INFO - Setting next_dagrun for example_dag_decorator to None, run_after=None
[2024-02-29T18:40:18.256+0530] {processor.py:183} INFO - Processing /home/arun/.local/lib/python3.10/site-packages/airflow/example_dags/example_dag_decorator.py took 0.381 seconds
[2024-02-29T18:41:14.540+0530] {processor.py:161} INFO - Started process (PID=7597) to work on /home/arun/.local/lib/python3.10/site-packages/airflow/example_dags/example_dag_decorator.py
[2024-02-29T18:41:14.543+0530] {processor.py:830} INFO - Processing file /home/arun/.local/lib/python3.10/site-packages/airflow/example_dags/example_dag_decorator.py for tasks to queue
[2024-02-29T18:41:14.544+0530] {logging_mixin.py:188} INFO - [2024-02-29T18:41:14.544+0530] {dagbag.py:538} INFO - Filling up the DagBag from /home/arun/.local/lib/python3.10/site-packages/airflow/example_dags/example_dag_decorator.py
[2024-02-29T18:41:14.669+0530] {processor.py:840} INFO - DAG(s) 'example_dag_decorator' retrieved from /home/arun/.local/lib/python3.10/site-packages/airflow/example_dags/example_dag_decorator.py
[2024-02-29T18:41:14.801+0530] {logging_mixin.py:188} INFO - [2024-02-29T18:41:14.801+0530] {dag.py:3036} INFO - Sync 1 DAGs
[2024-02-29T18:41:14.813+0530] {logging_mixin.py:188} INFO - [2024-02-29T18:41:14.813+0530] {dag.py:3823} INFO - Setting next_dagrun for example_dag_decorator to None, run_after=None
[2024-02-29T18:41:14.846+0530] {processor.py:183} INFO - Processing /home/arun/.local/lib/python3.10/site-packages/airflow/example_dags/example_dag_decorator.py took 0.311 seconds
[2024-02-29T18:42:09.263+0530] {processor.py:161} INFO - Started process (PID=7695) to work on /home/arun/.local/lib/python3.10/site-packages/airflow/example_dags/example_dag_decorator.py
[2024-02-29T18:42:09.265+0530] {processor.py:830} INFO - Processing file /home/arun/.local/lib/python3.10/site-packages/airflow/example_dags/example_dag_decorator.py for tasks to queue
[2024-02-29T18:42:09.266+0530] {logging_mixin.py:188} INFO - [2024-02-29T18:42:09.266+0530] {dagbag.py:538} INFO - Filling up the DagBag from /home/arun/.local/lib/python3.10/site-packages/airflow/example_dags/example_dag_decorator.py
[2024-02-29T18:42:09.384+0530] {processor.py:840} INFO - DAG(s) 'example_dag_decorator' retrieved from /home/arun/.local/lib/python3.10/site-packages/airflow/example_dags/example_dag_decorator.py
[2024-02-29T18:42:09.501+0530] {logging_mixin.py:188} INFO - [2024-02-29T18:42:09.501+0530] {dag.py:3036} INFO - Sync 1 DAGs
[2024-02-29T18:42:09.514+0530] {logging_mixin.py:188} INFO - [2024-02-29T18:42:09.514+0530] {dag.py:3823} INFO - Setting next_dagrun for example_dag_decorator to None, run_after=None
[2024-02-29T18:42:09.543+0530] {processor.py:183} INFO - Processing /home/arun/.local/lib/python3.10/site-packages/airflow/example_dags/example_dag_decorator.py took 0.284 seconds
[2024-02-29T18:43:07.965+0530] {processor.py:161} INFO - Started process (PID=7786) to work on /home/arun/.local/lib/python3.10/site-packages/airflow/example_dags/example_dag_decorator.py
[2024-02-29T18:43:08.001+0530] {processor.py:830} INFO - Processing file /home/arun/.local/lib/python3.10/site-packages/airflow/example_dags/example_dag_decorator.py for tasks to queue
[2024-02-29T18:43:08.002+0530] {logging_mixin.py:188} INFO - [2024-02-29T18:43:08.002+0530] {dagbag.py:538} INFO - Filling up the DagBag from /home/arun/.local/lib/python3.10/site-packages/airflow/example_dags/example_dag_decorator.py
[2024-02-29T18:43:08.178+0530] {processor.py:840} INFO - DAG(s) 'example_dag_decorator' retrieved from /home/arun/.local/lib/python3.10/site-packages/airflow/example_dags/example_dag_decorator.py
[2024-02-29T18:43:08.359+0530] {logging_mixin.py:188} INFO - [2024-02-29T18:43:08.359+0530] {dag.py:3036} INFO - Sync 1 DAGs
[2024-02-29T18:43:08.372+0530] {logging_mixin.py:188} INFO - [2024-02-29T18:43:08.371+0530] {dag.py:3823} INFO - Setting next_dagrun for example_dag_decorator to None, run_after=None
[2024-02-29T18:43:08.403+0530] {processor.py:183} INFO - Processing /home/arun/.local/lib/python3.10/site-packages/airflow/example_dags/example_dag_decorator.py took 0.443 seconds
[2024-02-29T18:44:13.434+0530] {processor.py:161} INFO - Started process (PID=7899) to work on /home/arun/.local/lib/python3.10/site-packages/airflow/example_dags/example_dag_decorator.py
[2024-02-29T18:44:13.437+0530] {processor.py:830} INFO - Processing file /home/arun/.local/lib/python3.10/site-packages/airflow/example_dags/example_dag_decorator.py for tasks to queue
[2024-02-29T18:44:13.438+0530] {logging_mixin.py:188} INFO - [2024-02-29T18:44:13.438+0530] {dagbag.py:538} INFO - Filling up the DagBag from /home/arun/.local/lib/python3.10/site-packages/airflow/example_dags/example_dag_decorator.py
[2024-02-29T18:44:13.534+0530] {processor.py:840} INFO - DAG(s) 'example_dag_decorator' retrieved from /home/arun/.local/lib/python3.10/site-packages/airflow/example_dags/example_dag_decorator.py
[2024-02-29T18:44:13.710+0530] {logging_mixin.py:188} INFO - [2024-02-29T18:44:13.710+0530] {dag.py:3036} INFO - Sync 1 DAGs
[2024-02-29T18:44:13.734+0530] {logging_mixin.py:188} INFO - [2024-02-29T18:44:13.734+0530] {dag.py:3823} INFO - Setting next_dagrun for example_dag_decorator to None, run_after=None
[2024-02-29T18:44:13.776+0530] {processor.py:183} INFO - Processing /home/arun/.local/lib/python3.10/site-packages/airflow/example_dags/example_dag_decorator.py took 0.345 seconds
[2024-02-29T18:45:08.029+0530] {processor.py:161} INFO - Started process (PID=7990) to work on /home/arun/.local/lib/python3.10/site-packages/airflow/example_dags/example_dag_decorator.py
[2024-02-29T18:45:08.030+0530] {processor.py:830} INFO - Processing file /home/arun/.local/lib/python3.10/site-packages/airflow/example_dags/example_dag_decorator.py for tasks to queue
[2024-02-29T18:45:08.031+0530] {logging_mixin.py:188} INFO - [2024-02-29T18:45:08.031+0530] {dagbag.py:538} INFO - Filling up the DagBag from /home/arun/.local/lib/python3.10/site-packages/airflow/example_dags/example_dag_decorator.py
[2024-02-29T18:45:08.117+0530] {processor.py:840} INFO - DAG(s) 'example_dag_decorator' retrieved from /home/arun/.local/lib/python3.10/site-packages/airflow/example_dags/example_dag_decorator.py
[2024-02-29T18:45:08.210+0530] {logging_mixin.py:188} INFO - [2024-02-29T18:45:08.210+0530] {dag.py:3036} INFO - Sync 1 DAGs
[2024-02-29T18:45:08.220+0530] {logging_mixin.py:188} INFO - [2024-02-29T18:45:08.220+0530] {dag.py:3823} INFO - Setting next_dagrun for example_dag_decorator to None, run_after=None
[2024-02-29T18:45:08.249+0530] {processor.py:183} INFO - Processing /home/arun/.local/lib/python3.10/site-packages/airflow/example_dags/example_dag_decorator.py took 0.223 seconds
[2024-02-29T18:46:29.862+0530] {processor.py:161} INFO - Started process (PID=8129) to work on /home/arun/.local/lib/python3.10/site-packages/airflow/example_dags/example_dag_decorator.py
[2024-02-29T18:46:29.864+0530] {processor.py:830} INFO - Processing file /home/arun/.local/lib/python3.10/site-packages/airflow/example_dags/example_dag_decorator.py for tasks to queue
[2024-02-29T18:46:29.865+0530] {logging_mixin.py:188} INFO - [2024-02-29T18:46:29.865+0530] {dagbag.py:538} INFO - Filling up the DagBag from /home/arun/.local/lib/python3.10/site-packages/airflow/example_dags/example_dag_decorator.py
[2024-02-29T18:46:29.987+0530] {processor.py:840} INFO - DAG(s) 'example_dag_decorator' retrieved from /home/arun/.local/lib/python3.10/site-packages/airflow/example_dags/example_dag_decorator.py
[2024-02-29T18:46:30.111+0530] {logging_mixin.py:188} INFO - [2024-02-29T18:46:30.111+0530] {dag.py:3036} INFO - Sync 1 DAGs
[2024-02-29T18:46:30.125+0530] {logging_mixin.py:188} INFO - [2024-02-29T18:46:30.125+0530] {dag.py:3823} INFO - Setting next_dagrun for example_dag_decorator to None, run_after=None
[2024-02-29T18:46:30.158+0530] {processor.py:183} INFO - Processing /home/arun/.local/lib/python3.10/site-packages/airflow/example_dags/example_dag_decorator.py took 0.301 seconds
[2024-02-29T18:47:47.202+0530] {processor.py:161} INFO - Started process (PID=8256) to work on /home/arun/.local/lib/python3.10/site-packages/airflow/example_dags/example_dag_decorator.py
[2024-02-29T18:47:47.205+0530] {processor.py:830} INFO - Processing file /home/arun/.local/lib/python3.10/site-packages/airflow/example_dags/example_dag_decorator.py for tasks to queue
[2024-02-29T18:47:47.207+0530] {logging_mixin.py:188} INFO - [2024-02-29T18:47:47.206+0530] {dagbag.py:538} INFO - Filling up the DagBag from /home/arun/.local/lib/python3.10/site-packages/airflow/example_dags/example_dag_decorator.py
[2024-02-29T18:47:47.303+0530] {processor.py:840} INFO - DAG(s) 'example_dag_decorator' retrieved from /home/arun/.local/lib/python3.10/site-packages/airflow/example_dags/example_dag_decorator.py
[2024-02-29T18:47:47.404+0530] {logging_mixin.py:188} INFO - [2024-02-29T18:47:47.403+0530] {dag.py:3036} INFO - Sync 1 DAGs
[2024-02-29T18:47:47.416+0530] {logging_mixin.py:188} INFO - [2024-02-29T18:47:47.416+0530] {dag.py:3823} INFO - Setting next_dagrun for example_dag_decorator to None, run_after=None
[2024-02-29T18:47:47.500+0530] {processor.py:183} INFO - Processing /home/arun/.local/lib/python3.10/site-packages/airflow/example_dags/example_dag_decorator.py took 0.306 seconds
[2024-02-29T18:48:56.668+0530] {processor.py:161} INFO - Started process (PID=8369) to work on /home/arun/.local/lib/python3.10/site-packages/airflow/example_dags/example_dag_decorator.py
[2024-02-29T18:48:56.698+0530] {processor.py:830} INFO - Processing file /home/arun/.local/lib/python3.10/site-packages/airflow/example_dags/example_dag_decorator.py for tasks to queue
[2024-02-29T18:48:56.700+0530] {logging_mixin.py:188} INFO - [2024-02-29T18:48:56.699+0530] {dagbag.py:538} INFO - Filling up the DagBag from /home/arun/.local/lib/python3.10/site-packages/airflow/example_dags/example_dag_decorator.py
[2024-02-29T18:48:56.950+0530] {processor.py:840} INFO - DAG(s) 'example_dag_decorator' retrieved from /home/arun/.local/lib/python3.10/site-packages/airflow/example_dags/example_dag_decorator.py
[2024-02-29T18:48:57.087+0530] {logging_mixin.py:188} INFO - [2024-02-29T18:48:57.087+0530] {dag.py:3036} INFO - Sync 1 DAGs
[2024-02-29T18:48:57.102+0530] {logging_mixin.py:188} INFO - [2024-02-29T18:48:57.101+0530] {dag.py:3823} INFO - Setting next_dagrun for example_dag_decorator to None, run_after=None
[2024-02-29T18:48:57.271+0530] {processor.py:183} INFO - Processing /home/arun/.local/lib/python3.10/site-packages/airflow/example_dags/example_dag_decorator.py took 0.624 seconds
[2024-02-29T18:50:08.148+0530] {processor.py:161} INFO - Started process (PID=8487) to work on /home/arun/.local/lib/python3.10/site-packages/airflow/example_dags/example_dag_decorator.py
[2024-02-29T18:50:08.188+0530] {processor.py:830} INFO - Processing file /home/arun/.local/lib/python3.10/site-packages/airflow/example_dags/example_dag_decorator.py for tasks to queue
[2024-02-29T18:50:08.189+0530] {logging_mixin.py:188} INFO - [2024-02-29T18:50:08.188+0530] {dagbag.py:538} INFO - Filling up the DagBag from /home/arun/.local/lib/python3.10/site-packages/airflow/example_dags/example_dag_decorator.py
[2024-02-29T18:50:08.318+0530] {processor.py:840} INFO - DAG(s) 'example_dag_decorator' retrieved from /home/arun/.local/lib/python3.10/site-packages/airflow/example_dags/example_dag_decorator.py
[2024-02-29T18:50:08.449+0530] {logging_mixin.py:188} INFO - [2024-02-29T18:50:08.449+0530] {dag.py:3036} INFO - Sync 1 DAGs
[2024-02-29T18:50:08.465+0530] {logging_mixin.py:188} INFO - [2024-02-29T18:50:08.464+0530] {dag.py:3823} INFO - Setting next_dagrun for example_dag_decorator to None, run_after=None
[2024-02-29T18:50:08.498+0530] {processor.py:183} INFO - Processing /home/arun/.local/lib/python3.10/site-packages/airflow/example_dags/example_dag_decorator.py took 0.353 seconds
[2024-02-29T18:51:27.274+0530] {processor.py:161} INFO - Started process (PID=8614) to work on /home/arun/.local/lib/python3.10/site-packages/airflow/example_dags/example_dag_decorator.py
[2024-02-29T18:51:27.317+0530] {processor.py:830} INFO - Processing file /home/arun/.local/lib/python3.10/site-packages/airflow/example_dags/example_dag_decorator.py for tasks to queue
[2024-02-29T18:51:27.318+0530] {logging_mixin.py:188} INFO - [2024-02-29T18:51:27.318+0530] {dagbag.py:538} INFO - Filling up the DagBag from /home/arun/.local/lib/python3.10/site-packages/airflow/example_dags/example_dag_decorator.py
[2024-02-29T18:51:27.462+0530] {processor.py:840} INFO - DAG(s) 'example_dag_decorator' retrieved from /home/arun/.local/lib/python3.10/site-packages/airflow/example_dags/example_dag_decorator.py
[2024-02-29T18:51:27.585+0530] {logging_mixin.py:188} INFO - [2024-02-29T18:51:27.584+0530] {dag.py:3036} INFO - Sync 1 DAGs
[2024-02-29T18:51:27.597+0530] {logging_mixin.py:188} INFO - [2024-02-29T18:51:27.596+0530] {dag.py:3823} INFO - Setting next_dagrun for example_dag_decorator to None, run_after=None
[2024-02-29T18:51:27.627+0530] {processor.py:183} INFO - Processing /home/arun/.local/lib/python3.10/site-packages/airflow/example_dags/example_dag_decorator.py took 0.357 seconds
[2024-02-29T18:52:45.949+0530] {processor.py:161} INFO - Started process (PID=8831) to work on /home/arun/.local/lib/python3.10/site-packages/airflow/example_dags/example_dag_decorator.py
[2024-02-29T18:52:45.984+0530] {processor.py:830} INFO - Processing file /home/arun/.local/lib/python3.10/site-packages/airflow/example_dags/example_dag_decorator.py for tasks to queue
[2024-02-29T18:52:45.985+0530] {logging_mixin.py:188} INFO - [2024-02-29T18:52:45.984+0530] {dagbag.py:538} INFO - Filling up the DagBag from /home/arun/.local/lib/python3.10/site-packages/airflow/example_dags/example_dag_decorator.py
[2024-02-29T18:52:46.064+0530] {processor.py:840} INFO - DAG(s) 'example_dag_decorator' retrieved from /home/arun/.local/lib/python3.10/site-packages/airflow/example_dags/example_dag_decorator.py
[2024-02-29T18:52:46.199+0530] {logging_mixin.py:188} INFO - [2024-02-29T18:52:46.199+0530] {dag.py:3036} INFO - Sync 1 DAGs
[2024-02-29T18:52:46.210+0530] {logging_mixin.py:188} INFO - [2024-02-29T18:52:46.210+0530] {dag.py:3823} INFO - Setting next_dagrun for example_dag_decorator to None, run_after=None
[2024-02-29T18:52:46.237+0530] {processor.py:183} INFO - Processing /home/arun/.local/lib/python3.10/site-packages/airflow/example_dags/example_dag_decorator.py took 0.291 seconds
[2024-02-29T18:54:04.854+0530] {processor.py:161} INFO - Started process (PID=8953) to work on /home/arun/.local/lib/python3.10/site-packages/airflow/example_dags/example_dag_decorator.py
[2024-02-29T18:54:04.856+0530] {processor.py:830} INFO - Processing file /home/arun/.local/lib/python3.10/site-packages/airflow/example_dags/example_dag_decorator.py for tasks to queue
[2024-02-29T18:54:04.857+0530] {logging_mixin.py:188} INFO - [2024-02-29T18:54:04.856+0530] {dagbag.py:538} INFO - Filling up the DagBag from /home/arun/.local/lib/python3.10/site-packages/airflow/example_dags/example_dag_decorator.py
[2024-02-29T18:54:05.002+0530] {processor.py:840} INFO - DAG(s) 'example_dag_decorator' retrieved from /home/arun/.local/lib/python3.10/site-packages/airflow/example_dags/example_dag_decorator.py
[2024-02-29T18:54:05.135+0530] {logging_mixin.py:188} INFO - [2024-02-29T18:54:05.134+0530] {dag.py:3036} INFO - Sync 1 DAGs
[2024-02-29T18:54:05.147+0530] {logging_mixin.py:188} INFO - [2024-02-29T18:54:05.147+0530] {dag.py:3823} INFO - Setting next_dagrun for example_dag_decorator to None, run_after=None
[2024-02-29T18:54:05.192+0530] {processor.py:183} INFO - Processing /home/arun/.local/lib/python3.10/site-packages/airflow/example_dags/example_dag_decorator.py took 0.342 seconds
[2024-02-29T18:55:16.642+0530] {processor.py:161} INFO - Started process (PID=9266) to work on /home/arun/.local/lib/python3.10/site-packages/airflow/example_dags/example_dag_decorator.py
[2024-02-29T18:55:16.644+0530] {processor.py:830} INFO - Processing file /home/arun/.local/lib/python3.10/site-packages/airflow/example_dags/example_dag_decorator.py for tasks to queue
[2024-02-29T18:55:16.644+0530] {logging_mixin.py:188} INFO - [2024-02-29T18:55:16.644+0530] {dagbag.py:538} INFO - Filling up the DagBag from /home/arun/.local/lib/python3.10/site-packages/airflow/example_dags/example_dag_decorator.py
[2024-02-29T18:55:16.793+0530] {processor.py:840} INFO - DAG(s) 'example_dag_decorator' retrieved from /home/arun/.local/lib/python3.10/site-packages/airflow/example_dags/example_dag_decorator.py
[2024-02-29T18:55:16.943+0530] {logging_mixin.py:188} INFO - [2024-02-29T18:55:16.942+0530] {dag.py:3036} INFO - Sync 1 DAGs
[2024-02-29T18:55:16.960+0530] {logging_mixin.py:188} INFO - [2024-02-29T18:55:16.959+0530] {dag.py:3823} INFO - Setting next_dagrun for example_dag_decorator to None, run_after=None
[2024-02-29T18:55:16.994+0530] {processor.py:183} INFO - Processing /home/arun/.local/lib/python3.10/site-packages/airflow/example_dags/example_dag_decorator.py took 0.356 seconds
[2024-02-29T18:56:19.388+0530] {processor.py:161} INFO - Started process (PID=9423) to work on /home/arun/.local/lib/python3.10/site-packages/airflow/example_dags/example_dag_decorator.py
[2024-02-29T18:56:19.391+0530] {processor.py:830} INFO - Processing file /home/arun/.local/lib/python3.10/site-packages/airflow/example_dags/example_dag_decorator.py for tasks to queue
[2024-02-29T18:56:19.393+0530] {logging_mixin.py:188} INFO - [2024-02-29T18:56:19.393+0530] {dagbag.py:538} INFO - Filling up the DagBag from /home/arun/.local/lib/python3.10/site-packages/airflow/example_dags/example_dag_decorator.py
[2024-02-29T18:56:19.534+0530] {processor.py:840} INFO - DAG(s) 'example_dag_decorator' retrieved from /home/arun/.local/lib/python3.10/site-packages/airflow/example_dags/example_dag_decorator.py
[2024-02-29T18:56:19.696+0530] {logging_mixin.py:188} INFO - [2024-02-29T18:56:19.695+0530] {dag.py:3036} INFO - Sync 1 DAGs
[2024-02-29T18:56:19.738+0530] {logging_mixin.py:188} INFO - [2024-02-29T18:56:19.738+0530] {dag.py:3823} INFO - Setting next_dagrun for example_dag_decorator to None, run_after=None
[2024-02-29T18:56:19.797+0530] {processor.py:183} INFO - Processing /home/arun/.local/lib/python3.10/site-packages/airflow/example_dags/example_dag_decorator.py took 0.442 seconds
[2024-02-29T18:57:17.598+0530] {processor.py:161} INFO - Started process (PID=9536) to work on /home/arun/.local/lib/python3.10/site-packages/airflow/example_dags/example_dag_decorator.py
[2024-02-29T18:57:17.600+0530] {processor.py:830} INFO - Processing file /home/arun/.local/lib/python3.10/site-packages/airflow/example_dags/example_dag_decorator.py for tasks to queue
[2024-02-29T18:57:17.602+0530] {logging_mixin.py:188} INFO - [2024-02-29T18:57:17.601+0530] {dagbag.py:538} INFO - Filling up the DagBag from /home/arun/.local/lib/python3.10/site-packages/airflow/example_dags/example_dag_decorator.py
[2024-02-29T18:57:17.720+0530] {processor.py:840} INFO - DAG(s) 'example_dag_decorator' retrieved from /home/arun/.local/lib/python3.10/site-packages/airflow/example_dags/example_dag_decorator.py
[2024-02-29T18:57:17.745+0530] {logging_mixin.py:188} INFO - [2024-02-29T18:57:17.744+0530] {dag.py:3036} INFO - Sync 1 DAGs
[2024-02-29T18:57:17.760+0530] {logging_mixin.py:188} INFO - [2024-02-29T18:57:17.760+0530] {dag.py:3823} INFO - Setting next_dagrun for example_dag_decorator to None, run_after=None
[2024-02-29T18:57:17.792+0530] {processor.py:183} INFO - Processing /home/arun/.local/lib/python3.10/site-packages/airflow/example_dags/example_dag_decorator.py took 0.198 seconds
[2024-02-29T18:58:14.765+0530] {processor.py:161} INFO - Started process (PID=9628) to work on /home/arun/.local/lib/python3.10/site-packages/airflow/example_dags/example_dag_decorator.py
[2024-02-29T18:58:14.768+0530] {processor.py:830} INFO - Processing file /home/arun/.local/lib/python3.10/site-packages/airflow/example_dags/example_dag_decorator.py for tasks to queue
[2024-02-29T18:58:14.769+0530] {logging_mixin.py:188} INFO - [2024-02-29T18:58:14.769+0530] {dagbag.py:538} INFO - Filling up the DagBag from /home/arun/.local/lib/python3.10/site-packages/airflow/example_dags/example_dag_decorator.py
[2024-02-29T18:58:14.922+0530] {processor.py:840} INFO - DAG(s) 'example_dag_decorator' retrieved from /home/arun/.local/lib/python3.10/site-packages/airflow/example_dags/example_dag_decorator.py
[2024-02-29T18:58:15.107+0530] {logging_mixin.py:188} INFO - [2024-02-29T18:58:15.106+0530] {dag.py:3036} INFO - Sync 1 DAGs
[2024-02-29T18:58:15.129+0530] {logging_mixin.py:188} INFO - [2024-02-29T18:58:15.129+0530] {dag.py:3823} INFO - Setting next_dagrun for example_dag_decorator to None, run_after=None
[2024-02-29T18:58:15.170+0530] {processor.py:183} INFO - Processing /home/arun/.local/lib/python3.10/site-packages/airflow/example_dags/example_dag_decorator.py took 0.409 seconds
[2024-02-29T18:59:15.886+0530] {processor.py:161} INFO - Started process (PID=9736) to work on /home/arun/.local/lib/python3.10/site-packages/airflow/example_dags/example_dag_decorator.py
[2024-02-29T18:59:15.924+0530] {processor.py:830} INFO - Processing file /home/arun/.local/lib/python3.10/site-packages/airflow/example_dags/example_dag_decorator.py for tasks to queue
[2024-02-29T18:59:15.926+0530] {logging_mixin.py:188} INFO - [2024-02-29T18:59:15.926+0530] {dagbag.py:538} INFO - Filling up the DagBag from /home/arun/.local/lib/python3.10/site-packages/airflow/example_dags/example_dag_decorator.py
[2024-02-29T18:59:16.089+0530] {processor.py:840} INFO - DAG(s) 'example_dag_decorator' retrieved from /home/arun/.local/lib/python3.10/site-packages/airflow/example_dags/example_dag_decorator.py
[2024-02-29T18:59:16.198+0530] {logging_mixin.py:188} INFO - [2024-02-29T18:59:16.197+0530] {dag.py:3036} INFO - Sync 1 DAGs
[2024-02-29T18:59:16.209+0530] {logging_mixin.py:188} INFO - [2024-02-29T18:59:16.209+0530] {dag.py:3823} INFO - Setting next_dagrun for example_dag_decorator to None, run_after=None
[2024-02-29T18:59:16.280+0530] {processor.py:183} INFO - Processing /home/arun/.local/lib/python3.10/site-packages/airflow/example_dags/example_dag_decorator.py took 0.405 seconds
[2024-02-29T19:00:33.589+0530] {processor.py:161} INFO - Started process (PID=9870) to work on /home/arun/.local/lib/python3.10/site-packages/airflow/example_dags/example_dag_decorator.py
[2024-02-29T19:00:33.632+0530] {processor.py:830} INFO - Processing file /home/arun/.local/lib/python3.10/site-packages/airflow/example_dags/example_dag_decorator.py for tasks to queue
[2024-02-29T19:00:33.633+0530] {logging_mixin.py:188} INFO - [2024-02-29T19:00:33.632+0530] {dagbag.py:538} INFO - Filling up the DagBag from /home/arun/.local/lib/python3.10/site-packages/airflow/example_dags/example_dag_decorator.py
[2024-02-29T19:00:33.735+0530] {processor.py:840} INFO - DAG(s) 'example_dag_decorator' retrieved from /home/arun/.local/lib/python3.10/site-packages/airflow/example_dags/example_dag_decorator.py
[2024-02-29T19:00:33.848+0530] {logging_mixin.py:188} INFO - [2024-02-29T19:00:33.848+0530] {dag.py:3036} INFO - Sync 1 DAGs
[2024-02-29T19:00:33.860+0530] {logging_mixin.py:188} INFO - [2024-02-29T19:00:33.859+0530] {dag.py:3823} INFO - Setting next_dagrun for example_dag_decorator to None, run_after=None
[2024-02-29T19:00:33.914+0530] {processor.py:183} INFO - Processing /home/arun/.local/lib/python3.10/site-packages/airflow/example_dags/example_dag_decorator.py took 0.330 seconds
[2024-02-29T19:01:51.886+0530] {processor.py:161} INFO - Started process (PID=10003) to work on /home/arun/.local/lib/python3.10/site-packages/airflow/example_dags/example_dag_decorator.py
[2024-02-29T19:01:51.901+0530] {processor.py:830} INFO - Processing file /home/arun/.local/lib/python3.10/site-packages/airflow/example_dags/example_dag_decorator.py for tasks to queue
[2024-02-29T19:01:51.904+0530] {logging_mixin.py:188} INFO - [2024-02-29T19:01:51.903+0530] {dagbag.py:538} INFO - Filling up the DagBag from /home/arun/.local/lib/python3.10/site-packages/airflow/example_dags/example_dag_decorator.py
[2024-02-29T19:01:52.015+0530] {processor.py:840} INFO - DAG(s) 'example_dag_decorator' retrieved from /home/arun/.local/lib/python3.10/site-packages/airflow/example_dags/example_dag_decorator.py
[2024-02-29T19:01:52.133+0530] {logging_mixin.py:188} INFO - [2024-02-29T19:01:52.133+0530] {dag.py:3036} INFO - Sync 1 DAGs
[2024-02-29T19:01:52.144+0530] {logging_mixin.py:188} INFO - [2024-02-29T19:01:52.144+0530] {dag.py:3823} INFO - Setting next_dagrun for example_dag_decorator to None, run_after=None
[2024-02-29T19:01:52.213+0530] {processor.py:183} INFO - Processing /home/arun/.local/lib/python3.10/site-packages/airflow/example_dags/example_dag_decorator.py took 0.401 seconds
[2024-02-29T19:03:08.322+0530] {processor.py:161} INFO - Started process (PID=10123) to work on /home/arun/.local/lib/python3.10/site-packages/airflow/example_dags/example_dag_decorator.py
[2024-02-29T19:03:08.324+0530] {processor.py:830} INFO - Processing file /home/arun/.local/lib/python3.10/site-packages/airflow/example_dags/example_dag_decorator.py for tasks to queue
[2024-02-29T19:03:08.325+0530] {logging_mixin.py:188} INFO - [2024-02-29T19:03:08.324+0530] {dagbag.py:538} INFO - Filling up the DagBag from /home/arun/.local/lib/python3.10/site-packages/airflow/example_dags/example_dag_decorator.py
[2024-02-29T19:03:08.420+0530] {processor.py:840} INFO - DAG(s) 'example_dag_decorator' retrieved from /home/arun/.local/lib/python3.10/site-packages/airflow/example_dags/example_dag_decorator.py
[2024-02-29T19:03:08.532+0530] {logging_mixin.py:188} INFO - [2024-02-29T19:03:08.531+0530] {dag.py:3036} INFO - Sync 1 DAGs
[2024-02-29T19:03:08.546+0530] {logging_mixin.py:188} INFO - [2024-02-29T19:03:08.545+0530] {dag.py:3823} INFO - Setting next_dagrun for example_dag_decorator to None, run_after=None
[2024-02-29T19:03:08.589+0530] {processor.py:183} INFO - Processing /home/arun/.local/lib/python3.10/site-packages/airflow/example_dags/example_dag_decorator.py took 0.270 seconds
[2024-02-29T19:04:18.761+0530] {processor.py:161} INFO - Started process (PID=10257) to work on /home/arun/.local/lib/python3.10/site-packages/airflow/example_dags/example_dag_decorator.py
[2024-02-29T19:04:18.764+0530] {processor.py:830} INFO - Processing file /home/arun/.local/lib/python3.10/site-packages/airflow/example_dags/example_dag_decorator.py for tasks to queue
[2024-02-29T19:04:18.764+0530] {logging_mixin.py:188} INFO - [2024-02-29T19:04:18.764+0530] {dagbag.py:538} INFO - Filling up the DagBag from /home/arun/.local/lib/python3.10/site-packages/airflow/example_dags/example_dag_decorator.py
[2024-02-29T19:04:18.873+0530] {processor.py:840} INFO - DAG(s) 'example_dag_decorator' retrieved from /home/arun/.local/lib/python3.10/site-packages/airflow/example_dags/example_dag_decorator.py
[2024-02-29T19:04:18.895+0530] {logging_mixin.py:188} INFO - [2024-02-29T19:04:18.895+0530] {dag.py:3036} INFO - Sync 1 DAGs
[2024-02-29T19:04:18.907+0530] {logging_mixin.py:188} INFO - [2024-02-29T19:04:18.906+0530] {dag.py:3823} INFO - Setting next_dagrun for example_dag_decorator to None, run_after=None
[2024-02-29T19:04:18.933+0530] {processor.py:183} INFO - Processing /home/arun/.local/lib/python3.10/site-packages/airflow/example_dags/example_dag_decorator.py took 0.176 seconds
[2024-02-29T19:05:44.113+0530] {processor.py:161} INFO - Started process (PID=10434) to work on /home/arun/.local/lib/python3.10/site-packages/airflow/example_dags/example_dag_decorator.py
[2024-02-29T19:05:44.115+0530] {processor.py:830} INFO - Processing file /home/arun/.local/lib/python3.10/site-packages/airflow/example_dags/example_dag_decorator.py for tasks to queue
[2024-02-29T19:05:44.117+0530] {logging_mixin.py:188} INFO - [2024-02-29T19:05:44.116+0530] {dagbag.py:538} INFO - Filling up the DagBag from /home/arun/.local/lib/python3.10/site-packages/airflow/example_dags/example_dag_decorator.py
[2024-02-29T19:05:44.329+0530] {processor.py:840} INFO - DAG(s) 'example_dag_decorator' retrieved from /home/arun/.local/lib/python3.10/site-packages/airflow/example_dags/example_dag_decorator.py
[2024-02-29T19:05:44.573+0530] {logging_mixin.py:188} INFO - [2024-02-29T19:05:44.572+0530] {dag.py:3036} INFO - Sync 1 DAGs
[2024-02-29T19:05:44.591+0530] {logging_mixin.py:188} INFO - [2024-02-29T19:05:44.591+0530] {dag.py:3823} INFO - Setting next_dagrun for example_dag_decorator to None, run_after=None
[2024-02-29T19:05:44.829+0530] {processor.py:183} INFO - Processing /home/arun/.local/lib/python3.10/site-packages/airflow/example_dags/example_dag_decorator.py took 0.722 seconds
