[2024-02-29T18:15:42.673+0530] {processor.py:161} INFO - Started process (PID=5190) to work on /home/arun/.local/lib/python3.10/site-packages/airflow/example_dags/example_skip_dag.py
[2024-02-29T18:15:42.674+0530] {processor.py:830} INFO - Processing file /home/arun/.local/lib/python3.10/site-packages/airflow/example_dags/example_skip_dag.py for tasks to queue
[2024-02-29T18:15:42.676+0530] {logging_mixin.py:188} INFO - [2024-02-29T18:15:42.675+0530] {dagbag.py:538} INFO - Filling up the DagBag from /home/arun/.local/lib/python3.10/site-packages/airflow/example_dags/example_skip_dag.py
[2024-02-29T18:15:42.700+0530] {processor.py:840} INFO - DAG(s) 'example_skip_dag' retrieved from /home/arun/.local/lib/python3.10/site-packages/airflow/example_dags/example_skip_dag.py
[2024-02-29T18:15:42.940+0530] {logging_mixin.py:188} INFO - [2024-02-29T18:15:42.940+0530] {dag.py:3036} INFO - Sync 1 DAGs
[2024-02-29T18:15:43.206+0530] {logging_mixin.py:188} INFO - [2024-02-29T18:15:43.206+0530] {dag.py:3823} INFO - Setting next_dagrun for example_skip_dag to 2024-02-28 00:00:00+00:00, run_after=2024-02-29 00:00:00+00:00
[2024-02-29T18:15:43.275+0530] {processor.py:183} INFO - Processing /home/arun/.local/lib/python3.10/site-packages/airflow/example_dags/example_skip_dag.py took 0.607 seconds
[2024-02-29T18:17:03.679+0530] {processor.py:161} INFO - Started process (PID=5252) to work on /home/arun/.local/lib/python3.10/site-packages/airflow/example_dags/example_skip_dag.py
[2024-02-29T18:17:03.699+0530] {processor.py:830} INFO - Processing file /home/arun/.local/lib/python3.10/site-packages/airflow/example_dags/example_skip_dag.py for tasks to queue
[2024-02-29T18:17:03.710+0530] {logging_mixin.py:188} INFO - [2024-02-29T18:17:03.710+0530] {dagbag.py:538} INFO - Filling up the DagBag from /home/arun/.local/lib/python3.10/site-packages/airflow/example_dags/example_skip_dag.py
[2024-02-29T18:17:03.733+0530] {processor.py:840} INFO - DAG(s) 'example_skip_dag' retrieved from /home/arun/.local/lib/python3.10/site-packages/airflow/example_dags/example_skip_dag.py
[2024-02-29T18:17:04.017+0530] {logging_mixin.py:188} INFO - [2024-02-29T18:17:04.016+0530] {dag.py:3036} INFO - Sync 1 DAGs
[2024-02-29T18:17:04.145+0530] {logging_mixin.py:188} INFO - [2024-02-29T18:17:04.144+0530] {dag.py:3823} INFO - Setting next_dagrun for example_skip_dag to 2024-02-28 00:00:00+00:00, run_after=2024-02-29 00:00:00+00:00
[2024-02-29T18:17:04.359+0530] {processor.py:183} INFO - Processing /home/arun/.local/lib/python3.10/site-packages/airflow/example_dags/example_skip_dag.py took 0.688 seconds
[2024-02-29T18:18:42.200+0530] {processor.py:161} INFO - Started process (PID=5389) to work on /home/arun/.local/lib/python3.10/site-packages/airflow/example_dags/example_skip_dag.py
[2024-02-29T18:18:42.204+0530] {processor.py:830} INFO - Processing file /home/arun/.local/lib/python3.10/site-packages/airflow/example_dags/example_skip_dag.py for tasks to queue
[2024-02-29T18:18:42.205+0530] {logging_mixin.py:188} INFO - [2024-02-29T18:18:42.204+0530] {dagbag.py:538} INFO - Filling up the DagBag from /home/arun/.local/lib/python3.10/site-packages/airflow/example_dags/example_skip_dag.py
[2024-02-29T18:18:42.241+0530] {processor.py:840} INFO - DAG(s) 'example_skip_dag' retrieved from /home/arun/.local/lib/python3.10/site-packages/airflow/example_dags/example_skip_dag.py
[2024-02-29T18:18:42.299+0530] {logging_mixin.py:188} INFO - [2024-02-29T18:18:42.299+0530] {dag.py:3036} INFO - Sync 1 DAGs
[2024-02-29T18:18:42.354+0530] {logging_mixin.py:188} INFO - [2024-02-29T18:18:42.353+0530] {dag.py:3823} INFO - Setting next_dagrun for example_skip_dag to 2024-02-28 00:00:00+00:00, run_after=2024-02-29 00:00:00+00:00
[2024-02-29T18:18:42.508+0530] {processor.py:183} INFO - Processing /home/arun/.local/lib/python3.10/site-packages/airflow/example_dags/example_skip_dag.py took 0.312 seconds
[2024-02-29T18:20:46.072+0530] {processor.py:161} INFO - Started process (PID=5492) to work on /home/arun/.local/lib/python3.10/site-packages/airflow/example_dags/example_skip_dag.py
[2024-02-29T18:20:46.074+0530] {processor.py:830} INFO - Processing file /home/arun/.local/lib/python3.10/site-packages/airflow/example_dags/example_skip_dag.py for tasks to queue
[2024-02-29T18:20:46.075+0530] {logging_mixin.py:188} INFO - [2024-02-29T18:20:46.074+0530] {dagbag.py:538} INFO - Filling up the DagBag from /home/arun/.local/lib/python3.10/site-packages/airflow/example_dags/example_skip_dag.py
[2024-02-29T18:20:46.084+0530] {processor.py:840} INFO - DAG(s) 'example_skip_dag' retrieved from /home/arun/.local/lib/python3.10/site-packages/airflow/example_dags/example_skip_dag.py
[2024-02-29T18:20:46.122+0530] {logging_mixin.py:188} INFO - [2024-02-29T18:20:46.122+0530] {dag.py:3036} INFO - Sync 1 DAGs
[2024-02-29T18:20:46.224+0530] {logging_mixin.py:188} INFO - [2024-02-29T18:20:46.224+0530] {dag.py:3823} INFO - Setting next_dagrun for example_skip_dag to 2024-02-28 00:00:00+00:00, run_after=2024-02-29 00:00:00+00:00
[2024-02-29T18:20:46.290+0530] {processor.py:183} INFO - Processing /home/arun/.local/lib/python3.10/site-packages/airflow/example_dags/example_skip_dag.py took 0.221 seconds
[2024-02-29T18:21:50.995+0530] {processor.py:161} INFO - Started process (PID=5640) to work on /home/arun/.local/lib/python3.10/site-packages/airflow/example_dags/example_skip_dag.py
[2024-02-29T18:21:51.072+0530] {processor.py:830} INFO - Processing file /home/arun/.local/lib/python3.10/site-packages/airflow/example_dags/example_skip_dag.py for tasks to queue
[2024-02-29T18:21:51.074+0530] {logging_mixin.py:188} INFO - [2024-02-29T18:21:51.073+0530] {dagbag.py:538} INFO - Filling up the DagBag from /home/arun/.local/lib/python3.10/site-packages/airflow/example_dags/example_skip_dag.py
[2024-02-29T18:21:51.090+0530] {processor.py:840} INFO - DAG(s) 'example_skip_dag' retrieved from /home/arun/.local/lib/python3.10/site-packages/airflow/example_dags/example_skip_dag.py
[2024-02-29T18:21:51.117+0530] {logging_mixin.py:188} INFO - [2024-02-29T18:21:51.116+0530] {dag.py:3036} INFO - Sync 1 DAGs
[2024-02-29T18:21:51.145+0530] {logging_mixin.py:188} INFO - [2024-02-29T18:21:51.144+0530] {dag.py:3823} INFO - Setting next_dagrun for example_skip_dag to 2024-02-28 00:00:00+00:00, run_after=2024-02-29 00:00:00+00:00
[2024-02-29T18:21:51.181+0530] {processor.py:183} INFO - Processing /home/arun/.local/lib/python3.10/site-packages/airflow/example_dags/example_skip_dag.py took 0.199 seconds
[2024-02-29T18:22:47.565+0530] {processor.py:161} INFO - Started process (PID=5723) to work on /home/arun/.local/lib/python3.10/site-packages/airflow/example_dags/example_skip_dag.py
[2024-02-29T18:22:47.566+0530] {processor.py:830} INFO - Processing file /home/arun/.local/lib/python3.10/site-packages/airflow/example_dags/example_skip_dag.py for tasks to queue
[2024-02-29T18:22:47.568+0530] {logging_mixin.py:188} INFO - [2024-02-29T18:22:47.567+0530] {dagbag.py:538} INFO - Filling up the DagBag from /home/arun/.local/lib/python3.10/site-packages/airflow/example_dags/example_skip_dag.py
[2024-02-29T18:22:47.578+0530] {processor.py:840} INFO - DAG(s) 'example_skip_dag' retrieved from /home/arun/.local/lib/python3.10/site-packages/airflow/example_dags/example_skip_dag.py
[2024-02-29T18:22:47.599+0530] {logging_mixin.py:188} INFO - [2024-02-29T18:22:47.599+0530] {dag.py:3036} INFO - Sync 1 DAGs
[2024-02-29T18:22:47.626+0530] {logging_mixin.py:188} INFO - [2024-02-29T18:22:47.626+0530] {dag.py:3823} INFO - Setting next_dagrun for example_skip_dag to 2024-02-28 00:00:00+00:00, run_after=2024-02-29 00:00:00+00:00
[2024-02-29T18:22:47.657+0530] {processor.py:183} INFO - Processing /home/arun/.local/lib/python3.10/site-packages/airflow/example_dags/example_skip_dag.py took 0.097 seconds
[2024-02-29T18:23:42.455+0530] {processor.py:161} INFO - Started process (PID=5822) to work on /home/arun/.local/lib/python3.10/site-packages/airflow/example_dags/example_skip_dag.py
[2024-02-29T18:23:42.464+0530] {processor.py:830} INFO - Processing file /home/arun/.local/lib/python3.10/site-packages/airflow/example_dags/example_skip_dag.py for tasks to queue
[2024-02-29T18:23:42.465+0530] {logging_mixin.py:188} INFO - [2024-02-29T18:23:42.465+0530] {dagbag.py:538} INFO - Filling up the DagBag from /home/arun/.local/lib/python3.10/site-packages/airflow/example_dags/example_skip_dag.py
[2024-02-29T18:23:42.478+0530] {processor.py:840} INFO - DAG(s) 'example_skip_dag' retrieved from /home/arun/.local/lib/python3.10/site-packages/airflow/example_dags/example_skip_dag.py
[2024-02-29T18:23:42.504+0530] {logging_mixin.py:188} INFO - [2024-02-29T18:23:42.504+0530] {dag.py:3036} INFO - Sync 1 DAGs
[2024-02-29T18:23:42.531+0530] {logging_mixin.py:188} INFO - [2024-02-29T18:23:42.531+0530] {dag.py:3823} INFO - Setting next_dagrun for example_skip_dag to 2024-02-28 00:00:00+00:00, run_after=2024-02-29 00:00:00+00:00
[2024-02-29T18:23:42.620+0530] {processor.py:183} INFO - Processing /home/arun/.local/lib/python3.10/site-packages/airflow/example_dags/example_skip_dag.py took 0.177 seconds
[2024-02-29T18:24:31.668+0530] {processor.py:161} INFO - Started process (PID=5910) to work on /home/arun/.local/lib/python3.10/site-packages/airflow/example_dags/example_skip_dag.py
[2024-02-29T18:24:31.677+0530] {processor.py:830} INFO - Processing file /home/arun/.local/lib/python3.10/site-packages/airflow/example_dags/example_skip_dag.py for tasks to queue
[2024-02-29T18:24:31.678+0530] {logging_mixin.py:188} INFO - [2024-02-29T18:24:31.678+0530] {dagbag.py:538} INFO - Filling up the DagBag from /home/arun/.local/lib/python3.10/site-packages/airflow/example_dags/example_skip_dag.py
[2024-02-29T18:24:31.698+0530] {processor.py:840} INFO - DAG(s) 'example_skip_dag' retrieved from /home/arun/.local/lib/python3.10/site-packages/airflow/example_dags/example_skip_dag.py
[2024-02-29T18:24:31.760+0530] {logging_mixin.py:188} INFO - [2024-02-29T18:24:31.760+0530] {dag.py:3036} INFO - Sync 1 DAGs
[2024-02-29T18:24:31.787+0530] {logging_mixin.py:188} INFO - [2024-02-29T18:24:31.786+0530] {dag.py:3823} INFO - Setting next_dagrun for example_skip_dag to 2024-02-28 00:00:00+00:00, run_after=2024-02-29 00:00:00+00:00
[2024-02-29T18:24:31.824+0530] {processor.py:183} INFO - Processing /home/arun/.local/lib/python3.10/site-packages/airflow/example_dags/example_skip_dag.py took 0.162 seconds
[2024-02-29T18:25:21.376+0530] {processor.py:161} INFO - Started process (PID=5985) to work on /home/arun/.local/lib/python3.10/site-packages/airflow/example_dags/example_skip_dag.py
[2024-02-29T18:25:21.378+0530] {processor.py:830} INFO - Processing file /home/arun/.local/lib/python3.10/site-packages/airflow/example_dags/example_skip_dag.py for tasks to queue
[2024-02-29T18:25:21.378+0530] {logging_mixin.py:188} INFO - [2024-02-29T18:25:21.378+0530] {dagbag.py:538} INFO - Filling up the DagBag from /home/arun/.local/lib/python3.10/site-packages/airflow/example_dags/example_skip_dag.py
[2024-02-29T18:25:21.403+0530] {processor.py:840} INFO - DAG(s) 'example_skip_dag' retrieved from /home/arun/.local/lib/python3.10/site-packages/airflow/example_dags/example_skip_dag.py
[2024-02-29T18:25:21.442+0530] {logging_mixin.py:188} INFO - [2024-02-29T18:25:21.442+0530] {dag.py:3036} INFO - Sync 1 DAGs
[2024-02-29T18:25:21.504+0530] {logging_mixin.py:188} INFO - [2024-02-29T18:25:21.504+0530] {dag.py:3823} INFO - Setting next_dagrun for example_skip_dag to 2024-02-28 00:00:00+00:00, run_after=2024-02-29 00:00:00+00:00
[2024-02-29T18:25:21.538+0530] {processor.py:183} INFO - Processing /home/arun/.local/lib/python3.10/site-packages/airflow/example_dags/example_skip_dag.py took 0.165 seconds
[2024-02-29T18:26:09.459+0530] {processor.py:161} INFO - Started process (PID=6061) to work on /home/arun/.local/lib/python3.10/site-packages/airflow/example_dags/example_skip_dag.py
[2024-02-29T18:26:09.462+0530] {processor.py:830} INFO - Processing file /home/arun/.local/lib/python3.10/site-packages/airflow/example_dags/example_skip_dag.py for tasks to queue
[2024-02-29T18:26:09.464+0530] {logging_mixin.py:188} INFO - [2024-02-29T18:26:09.463+0530] {dagbag.py:538} INFO - Filling up the DagBag from /home/arun/.local/lib/python3.10/site-packages/airflow/example_dags/example_skip_dag.py
[2024-02-29T18:26:09.481+0530] {processor.py:840} INFO - DAG(s) 'example_skip_dag' retrieved from /home/arun/.local/lib/python3.10/site-packages/airflow/example_dags/example_skip_dag.py
[2024-02-29T18:26:09.506+0530] {logging_mixin.py:188} INFO - [2024-02-29T18:26:09.506+0530] {dag.py:3036} INFO - Sync 1 DAGs
[2024-02-29T18:26:09.530+0530] {logging_mixin.py:188} INFO - [2024-02-29T18:26:09.530+0530] {dag.py:3823} INFO - Setting next_dagrun for example_skip_dag to 2024-02-28 00:00:00+00:00, run_after=2024-02-29 00:00:00+00:00
[2024-02-29T18:26:09.558+0530] {processor.py:183} INFO - Processing /home/arun/.local/lib/python3.10/site-packages/airflow/example_dags/example_skip_dag.py took 0.106 seconds
[2024-02-29T18:27:18.775+0530] {processor.py:161} INFO - Started process (PID=6166) to work on /home/arun/.local/lib/python3.10/site-packages/airflow/example_dags/example_skip_dag.py
[2024-02-29T18:27:18.777+0530] {processor.py:830} INFO - Processing file /home/arun/.local/lib/python3.10/site-packages/airflow/example_dags/example_skip_dag.py for tasks to queue
[2024-02-29T18:27:18.778+0530] {logging_mixin.py:188} INFO - [2024-02-29T18:27:18.778+0530] {dagbag.py:538} INFO - Filling up the DagBag from /home/arun/.local/lib/python3.10/site-packages/airflow/example_dags/example_skip_dag.py
[2024-02-29T18:27:18.789+0530] {processor.py:840} INFO - DAG(s) 'example_skip_dag' retrieved from /home/arun/.local/lib/python3.10/site-packages/airflow/example_dags/example_skip_dag.py
[2024-02-29T18:27:18.815+0530] {logging_mixin.py:188} INFO - [2024-02-29T18:27:18.814+0530] {dag.py:3036} INFO - Sync 1 DAGs
[2024-02-29T18:27:18.893+0530] {logging_mixin.py:188} INFO - [2024-02-29T18:27:18.893+0530] {dag.py:3823} INFO - Setting next_dagrun for example_skip_dag to 2024-02-28 00:00:00+00:00, run_after=2024-02-29 00:00:00+00:00
[2024-02-29T18:27:18.930+0530] {processor.py:183} INFO - Processing /home/arun/.local/lib/python3.10/site-packages/airflow/example_dags/example_skip_dag.py took 0.160 seconds
[2024-02-29T18:28:42.437+0530] {processor.py:161} INFO - Started process (PID=6319) to work on /home/arun/.local/lib/python3.10/site-packages/airflow/example_dags/example_skip_dag.py
[2024-02-29T18:28:42.508+0530] {processor.py:830} INFO - Processing file /home/arun/.local/lib/python3.10/site-packages/airflow/example_dags/example_skip_dag.py for tasks to queue
[2024-02-29T18:28:42.510+0530] {logging_mixin.py:188} INFO - [2024-02-29T18:28:42.509+0530] {dagbag.py:538} INFO - Filling up the DagBag from /home/arun/.local/lib/python3.10/site-packages/airflow/example_dags/example_skip_dag.py
[2024-02-29T18:28:42.520+0530] {processor.py:840} INFO - DAG(s) 'example_skip_dag' retrieved from /home/arun/.local/lib/python3.10/site-packages/airflow/example_dags/example_skip_dag.py
[2024-02-29T18:28:42.548+0530] {logging_mixin.py:188} INFO - [2024-02-29T18:28:42.548+0530] {dag.py:3036} INFO - Sync 1 DAGs
[2024-02-29T18:28:42.576+0530] {logging_mixin.py:188} INFO - [2024-02-29T18:28:42.576+0530] {dag.py:3823} INFO - Setting next_dagrun for example_skip_dag to 2024-02-28 00:00:00+00:00, run_after=2024-02-29 00:00:00+00:00
[2024-02-29T18:28:42.612+0530] {processor.py:183} INFO - Processing /home/arun/.local/lib/python3.10/site-packages/airflow/example_dags/example_skip_dag.py took 0.178 seconds
[2024-02-29T18:29:44.176+0530] {processor.py:161} INFO - Started process (PID=6426) to work on /home/arun/.local/lib/python3.10/site-packages/airflow/example_dags/example_skip_dag.py
[2024-02-29T18:29:44.188+0530] {processor.py:830} INFO - Processing file /home/arun/.local/lib/python3.10/site-packages/airflow/example_dags/example_skip_dag.py for tasks to queue
[2024-02-29T18:29:44.189+0530] {logging_mixin.py:188} INFO - [2024-02-29T18:29:44.189+0530] {dagbag.py:538} INFO - Filling up the DagBag from /home/arun/.local/lib/python3.10/site-packages/airflow/example_dags/example_skip_dag.py
[2024-02-29T18:29:44.199+0530] {processor.py:840} INFO - DAG(s) 'example_skip_dag' retrieved from /home/arun/.local/lib/python3.10/site-packages/airflow/example_dags/example_skip_dag.py
[2024-02-29T18:29:44.222+0530] {logging_mixin.py:188} INFO - [2024-02-29T18:29:44.222+0530] {dag.py:3036} INFO - Sync 1 DAGs
[2024-02-29T18:29:44.257+0530] {logging_mixin.py:188} INFO - [2024-02-29T18:29:44.256+0530] {dag.py:3823} INFO - Setting next_dagrun for example_skip_dag to 2024-02-28 00:00:00+00:00, run_after=2024-02-29 00:00:00+00:00
[2024-02-29T18:29:44.350+0530] {processor.py:183} INFO - Processing /home/arun/.local/lib/python3.10/site-packages/airflow/example_dags/example_skip_dag.py took 0.178 seconds
[2024-02-29T18:30:44.475+0530] {processor.py:161} INFO - Started process (PID=6519) to work on /home/arun/.local/lib/python3.10/site-packages/airflow/example_dags/example_skip_dag.py
[2024-02-29T18:30:44.512+0530] {processor.py:830} INFO - Processing file /home/arun/.local/lib/python3.10/site-packages/airflow/example_dags/example_skip_dag.py for tasks to queue
[2024-02-29T18:30:44.514+0530] {logging_mixin.py:188} INFO - [2024-02-29T18:30:44.513+0530] {dagbag.py:538} INFO - Filling up the DagBag from /home/arun/.local/lib/python3.10/site-packages/airflow/example_dags/example_skip_dag.py
[2024-02-29T18:30:44.529+0530] {processor.py:840} INFO - DAG(s) 'example_skip_dag' retrieved from /home/arun/.local/lib/python3.10/site-packages/airflow/example_dags/example_skip_dag.py
[2024-02-29T18:30:44.594+0530] {logging_mixin.py:188} INFO - [2024-02-29T18:30:44.594+0530] {dag.py:3036} INFO - Sync 1 DAGs
[2024-02-29T18:30:44.663+0530] {logging_mixin.py:188} INFO - [2024-02-29T18:30:44.660+0530] {dag.py:3823} INFO - Setting next_dagrun for example_skip_dag to 2024-02-28 00:00:00+00:00, run_after=2024-02-29 00:00:00+00:00
[2024-02-29T18:30:44.720+0530] {processor.py:183} INFO - Processing /home/arun/.local/lib/python3.10/site-packages/airflow/example_dags/example_skip_dag.py took 0.252 seconds
[2024-02-29T18:31:39.985+0530] {processor.py:161} INFO - Started process (PID=6608) to work on /home/arun/.local/lib/python3.10/site-packages/airflow/example_dags/example_skip_dag.py
[2024-02-29T18:31:39.988+0530] {processor.py:830} INFO - Processing file /home/arun/.local/lib/python3.10/site-packages/airflow/example_dags/example_skip_dag.py for tasks to queue
[2024-02-29T18:31:39.989+0530] {logging_mixin.py:188} INFO - [2024-02-29T18:31:39.989+0530] {dagbag.py:538} INFO - Filling up the DagBag from /home/arun/.local/lib/python3.10/site-packages/airflow/example_dags/example_skip_dag.py
[2024-02-29T18:31:40.001+0530] {processor.py:840} INFO - DAG(s) 'example_skip_dag' retrieved from /home/arun/.local/lib/python3.10/site-packages/airflow/example_dags/example_skip_dag.py
[2024-02-29T18:31:40.027+0530] {logging_mixin.py:188} INFO - [2024-02-29T18:31:40.026+0530] {dag.py:3036} INFO - Sync 1 DAGs
[2024-02-29T18:31:40.059+0530] {logging_mixin.py:188} INFO - [2024-02-29T18:31:40.059+0530] {dag.py:3823} INFO - Setting next_dagrun for example_skip_dag to 2024-02-28 00:00:00+00:00, run_after=2024-02-29 00:00:00+00:00
[2024-02-29T18:31:40.098+0530] {processor.py:183} INFO - Processing /home/arun/.local/lib/python3.10/site-packages/airflow/example_dags/example_skip_dag.py took 0.118 seconds
[2024-02-29T18:32:28.397+0530] {processor.py:161} INFO - Started process (PID=6692) to work on /home/arun/.local/lib/python3.10/site-packages/airflow/example_dags/example_skip_dag.py
[2024-02-29T18:32:28.405+0530] {processor.py:830} INFO - Processing file /home/arun/.local/lib/python3.10/site-packages/airflow/example_dags/example_skip_dag.py for tasks to queue
[2024-02-29T18:32:28.411+0530] {logging_mixin.py:188} INFO - [2024-02-29T18:32:28.410+0530] {dagbag.py:538} INFO - Filling up the DagBag from /home/arun/.local/lib/python3.10/site-packages/airflow/example_dags/example_skip_dag.py
[2024-02-29T18:32:28.478+0530] {processor.py:840} INFO - DAG(s) 'example_skip_dag' retrieved from /home/arun/.local/lib/python3.10/site-packages/airflow/example_dags/example_skip_dag.py
[2024-02-29T18:32:28.527+0530] {logging_mixin.py:188} INFO - [2024-02-29T18:32:28.527+0530] {dag.py:3036} INFO - Sync 1 DAGs
[2024-02-29T18:32:28.568+0530] {logging_mixin.py:188} INFO - [2024-02-29T18:32:28.568+0530] {dag.py:3823} INFO - Setting next_dagrun for example_skip_dag to 2024-02-28 00:00:00+00:00, run_after=2024-02-29 00:00:00+00:00
[2024-02-29T18:32:28.617+0530] {processor.py:183} INFO - Processing /home/arun/.local/lib/python3.10/site-packages/airflow/example_dags/example_skip_dag.py took 0.226 seconds
[2024-02-29T18:33:23.241+0530] {processor.py:161} INFO - Started process (PID=6777) to work on /home/arun/.local/lib/python3.10/site-packages/airflow/example_dags/example_skip_dag.py
[2024-02-29T18:33:23.243+0530] {processor.py:830} INFO - Processing file /home/arun/.local/lib/python3.10/site-packages/airflow/example_dags/example_skip_dag.py for tasks to queue
[2024-02-29T18:33:23.245+0530] {logging_mixin.py:188} INFO - [2024-02-29T18:33:23.244+0530] {dagbag.py:538} INFO - Filling up the DagBag from /home/arun/.local/lib/python3.10/site-packages/airflow/example_dags/example_skip_dag.py
[2024-02-29T18:33:23.258+0530] {processor.py:840} INFO - DAG(s) 'example_skip_dag' retrieved from /home/arun/.local/lib/python3.10/site-packages/airflow/example_dags/example_skip_dag.py
[2024-02-29T18:33:23.289+0530] {logging_mixin.py:188} INFO - [2024-02-29T18:33:23.289+0530] {dag.py:3036} INFO - Sync 1 DAGs
[2024-02-29T18:33:23.332+0530] {logging_mixin.py:188} INFO - [2024-02-29T18:33:23.332+0530] {dag.py:3823} INFO - Setting next_dagrun for example_skip_dag to 2024-02-28 00:00:00+00:00, run_after=2024-02-29 00:00:00+00:00
[2024-02-29T18:33:23.411+0530] {processor.py:183} INFO - Processing /home/arun/.local/lib/python3.10/site-packages/airflow/example_dags/example_skip_dag.py took 0.176 seconds
[2024-02-29T18:34:17.143+0530] {processor.py:161} INFO - Started process (PID=6863) to work on /home/arun/.local/lib/python3.10/site-packages/airflow/example_dags/example_skip_dag.py
[2024-02-29T18:34:17.164+0530] {processor.py:830} INFO - Processing file /home/arun/.local/lib/python3.10/site-packages/airflow/example_dags/example_skip_dag.py for tasks to queue
[2024-02-29T18:34:17.165+0530] {logging_mixin.py:188} INFO - [2024-02-29T18:34:17.164+0530] {dagbag.py:538} INFO - Filling up the DagBag from /home/arun/.local/lib/python3.10/site-packages/airflow/example_dags/example_skip_dag.py
[2024-02-29T18:34:17.174+0530] {processor.py:840} INFO - DAG(s) 'example_skip_dag' retrieved from /home/arun/.local/lib/python3.10/site-packages/airflow/example_dags/example_skip_dag.py
[2024-02-29T18:34:17.197+0530] {logging_mixin.py:188} INFO - [2024-02-29T18:34:17.197+0530] {dag.py:3036} INFO - Sync 1 DAGs
[2024-02-29T18:34:17.226+0530] {logging_mixin.py:188} INFO - [2024-02-29T18:34:17.226+0530] {dag.py:3823} INFO - Setting next_dagrun for example_skip_dag to 2024-02-28 00:00:00+00:00, run_after=2024-02-29 00:00:00+00:00
[2024-02-29T18:34:17.263+0530] {processor.py:183} INFO - Processing /home/arun/.local/lib/python3.10/site-packages/airflow/example_dags/example_skip_dag.py took 0.124 seconds
[2024-02-29T18:35:09.447+0530] {processor.py:161} INFO - Started process (PID=6948) to work on /home/arun/.local/lib/python3.10/site-packages/airflow/example_dags/example_skip_dag.py
[2024-02-29T18:35:09.449+0530] {processor.py:830} INFO - Processing file /home/arun/.local/lib/python3.10/site-packages/airflow/example_dags/example_skip_dag.py for tasks to queue
[2024-02-29T18:35:09.451+0530] {logging_mixin.py:188} INFO - [2024-02-29T18:35:09.450+0530] {dagbag.py:538} INFO - Filling up the DagBag from /home/arun/.local/lib/python3.10/site-packages/airflow/example_dags/example_skip_dag.py
[2024-02-29T18:35:09.466+0530] {processor.py:840} INFO - DAG(s) 'example_skip_dag' retrieved from /home/arun/.local/lib/python3.10/site-packages/airflow/example_dags/example_skip_dag.py
[2024-02-29T18:35:09.523+0530] {logging_mixin.py:188} INFO - [2024-02-29T18:35:09.519+0530] {dag.py:3036} INFO - Sync 1 DAGs
[2024-02-29T18:35:09.619+0530] {logging_mixin.py:188} INFO - [2024-02-29T18:35:09.619+0530] {dag.py:3823} INFO - Setting next_dagrun for example_skip_dag to 2024-02-28 00:00:00+00:00, run_after=2024-02-29 00:00:00+00:00
[2024-02-29T18:35:09.671+0530] {processor.py:183} INFO - Processing /home/arun/.local/lib/python3.10/site-packages/airflow/example_dags/example_skip_dag.py took 0.230 seconds
[2024-02-29T18:36:04.382+0530] {processor.py:161} INFO - Started process (PID=7033) to work on /home/arun/.local/lib/python3.10/site-packages/airflow/example_dags/example_skip_dag.py
[2024-02-29T18:36:04.417+0530] {processor.py:830} INFO - Processing file /home/arun/.local/lib/python3.10/site-packages/airflow/example_dags/example_skip_dag.py for tasks to queue
[2024-02-29T18:36:04.418+0530] {logging_mixin.py:188} INFO - [2024-02-29T18:36:04.418+0530] {dagbag.py:538} INFO - Filling up the DagBag from /home/arun/.local/lib/python3.10/site-packages/airflow/example_dags/example_skip_dag.py
[2024-02-29T18:36:04.435+0530] {processor.py:840} INFO - DAG(s) 'example_skip_dag' retrieved from /home/arun/.local/lib/python3.10/site-packages/airflow/example_dags/example_skip_dag.py
[2024-02-29T18:36:04.467+0530] {logging_mixin.py:188} INFO - [2024-02-29T18:36:04.466+0530] {dag.py:3036} INFO - Sync 1 DAGs
[2024-02-29T18:36:04.499+0530] {logging_mixin.py:188} INFO - [2024-02-29T18:36:04.499+0530] {dag.py:3823} INFO - Setting next_dagrun for example_skip_dag to 2024-02-28 00:00:00+00:00, run_after=2024-02-29 00:00:00+00:00
[2024-02-29T18:36:04.533+0530] {processor.py:183} INFO - Processing /home/arun/.local/lib/python3.10/site-packages/airflow/example_dags/example_skip_dag.py took 0.155 seconds
[2024-02-29T18:37:07.131+0530] {processor.py:161} INFO - Started process (PID=7125) to work on /home/arun/.local/lib/python3.10/site-packages/airflow/example_dags/example_skip_dag.py
[2024-02-29T18:37:07.133+0530] {processor.py:830} INFO - Processing file /home/arun/.local/lib/python3.10/site-packages/airflow/example_dags/example_skip_dag.py for tasks to queue
[2024-02-29T18:37:07.135+0530] {logging_mixin.py:188} INFO - [2024-02-29T18:37:07.134+0530] {dagbag.py:538} INFO - Filling up the DagBag from /home/arun/.local/lib/python3.10/site-packages/airflow/example_dags/example_skip_dag.py
[2024-02-29T18:37:07.150+0530] {processor.py:840} INFO - DAG(s) 'example_skip_dag' retrieved from /home/arun/.local/lib/python3.10/site-packages/airflow/example_dags/example_skip_dag.py
[2024-02-29T18:37:07.181+0530] {logging_mixin.py:188} INFO - [2024-02-29T18:37:07.180+0530] {dag.py:3036} INFO - Sync 1 DAGs
[2024-02-29T18:37:07.239+0530] {logging_mixin.py:188} INFO - [2024-02-29T18:37:07.239+0530] {dag.py:3823} INFO - Setting next_dagrun for example_skip_dag to 2024-02-28 00:00:00+00:00, run_after=2024-02-29 00:00:00+00:00
[2024-02-29T18:37:07.379+0530] {processor.py:183} INFO - Processing /home/arun/.local/lib/python3.10/site-packages/airflow/example_dags/example_skip_dag.py took 0.254 seconds
[2024-02-29T18:38:06.279+0530] {processor.py:161} INFO - Started process (PID=7215) to work on /home/arun/.local/lib/python3.10/site-packages/airflow/example_dags/example_skip_dag.py
[2024-02-29T18:38:06.280+0530] {processor.py:830} INFO - Processing file /home/arun/.local/lib/python3.10/site-packages/airflow/example_dags/example_skip_dag.py for tasks to queue
[2024-02-29T18:38:06.281+0530] {logging_mixin.py:188} INFO - [2024-02-29T18:38:06.281+0530] {dagbag.py:538} INFO - Filling up the DagBag from /home/arun/.local/lib/python3.10/site-packages/airflow/example_dags/example_skip_dag.py
[2024-02-29T18:38:06.290+0530] {processor.py:840} INFO - DAG(s) 'example_skip_dag' retrieved from /home/arun/.local/lib/python3.10/site-packages/airflow/example_dags/example_skip_dag.py
[2024-02-29T18:38:06.311+0530] {logging_mixin.py:188} INFO - [2024-02-29T18:38:06.311+0530] {dag.py:3036} INFO - Sync 1 DAGs
[2024-02-29T18:38:06.345+0530] {logging_mixin.py:188} INFO - [2024-02-29T18:38:06.344+0530] {dag.py:3823} INFO - Setting next_dagrun for example_skip_dag to 2024-02-28 00:00:00+00:00, run_after=2024-02-29 00:00:00+00:00
[2024-02-29T18:38:06.387+0530] {processor.py:183} INFO - Processing /home/arun/.local/lib/python3.10/site-packages/airflow/example_dags/example_skip_dag.py took 0.112 seconds
[2024-02-29T18:39:02.028+0530] {processor.py:161} INFO - Started process (PID=7391) to work on /home/arun/.local/lib/python3.10/site-packages/airflow/example_dags/example_skip_dag.py
[2024-02-29T18:39:02.029+0530] {processor.py:830} INFO - Processing file /home/arun/.local/lib/python3.10/site-packages/airflow/example_dags/example_skip_dag.py for tasks to queue
[2024-02-29T18:39:02.030+0530] {logging_mixin.py:188} INFO - [2024-02-29T18:39:02.030+0530] {dagbag.py:538} INFO - Filling up the DagBag from /home/arun/.local/lib/python3.10/site-packages/airflow/example_dags/example_skip_dag.py
[2024-02-29T18:39:02.040+0530] {processor.py:840} INFO - DAG(s) 'example_skip_dag' retrieved from /home/arun/.local/lib/python3.10/site-packages/airflow/example_dags/example_skip_dag.py
[2024-02-29T18:39:02.059+0530] {logging_mixin.py:188} INFO - [2024-02-29T18:39:02.059+0530] {dag.py:3036} INFO - Sync 1 DAGs
[2024-02-29T18:39:02.083+0530] {logging_mixin.py:188} INFO - [2024-02-29T18:39:02.083+0530] {dag.py:3823} INFO - Setting next_dagrun for example_skip_dag to 2024-02-28 00:00:00+00:00, run_after=2024-02-29 00:00:00+00:00
[2024-02-29T18:39:02.115+0530] {processor.py:183} INFO - Processing /home/arun/.local/lib/python3.10/site-packages/airflow/example_dags/example_skip_dag.py took 0.092 seconds
[2024-02-29T18:39:59.216+0530] {processor.py:161} INFO - Started process (PID=7481) to work on /home/arun/.local/lib/python3.10/site-packages/airflow/example_dags/example_skip_dag.py
[2024-02-29T18:39:59.219+0530] {processor.py:830} INFO - Processing file /home/arun/.local/lib/python3.10/site-packages/airflow/example_dags/example_skip_dag.py for tasks to queue
[2024-02-29T18:39:59.221+0530] {logging_mixin.py:188} INFO - [2024-02-29T18:39:59.220+0530] {dagbag.py:538} INFO - Filling up the DagBag from /home/arun/.local/lib/python3.10/site-packages/airflow/example_dags/example_skip_dag.py
[2024-02-29T18:39:59.247+0530] {processor.py:840} INFO - DAG(s) 'example_skip_dag' retrieved from /home/arun/.local/lib/python3.10/site-packages/airflow/example_dags/example_skip_dag.py
[2024-02-29T18:39:59.298+0530] {logging_mixin.py:188} INFO - [2024-02-29T18:39:59.298+0530] {dag.py:3036} INFO - Sync 1 DAGs
[2024-02-29T18:39:59.363+0530] {logging_mixin.py:188} INFO - [2024-02-29T18:39:59.362+0530] {dag.py:3823} INFO - Setting next_dagrun for example_skip_dag to 2024-02-28 00:00:00+00:00, run_after=2024-02-29 00:00:00+00:00
[2024-02-29T18:39:59.446+0530] {processor.py:183} INFO - Processing /home/arun/.local/lib/python3.10/site-packages/airflow/example_dags/example_skip_dag.py took 0.240 seconds
[2024-02-29T18:40:57.865+0530] {processor.py:161} INFO - Started process (PID=7573) to work on /home/arun/.local/lib/python3.10/site-packages/airflow/example_dags/example_skip_dag.py
[2024-02-29T18:40:57.868+0530] {processor.py:830} INFO - Processing file /home/arun/.local/lib/python3.10/site-packages/airflow/example_dags/example_skip_dag.py for tasks to queue
[2024-02-29T18:40:57.869+0530] {logging_mixin.py:188} INFO - [2024-02-29T18:40:57.869+0530] {dagbag.py:538} INFO - Filling up the DagBag from /home/arun/.local/lib/python3.10/site-packages/airflow/example_dags/example_skip_dag.py
[2024-02-29T18:40:57.881+0530] {processor.py:840} INFO - DAG(s) 'example_skip_dag' retrieved from /home/arun/.local/lib/python3.10/site-packages/airflow/example_dags/example_skip_dag.py
[2024-02-29T18:40:57.907+0530] {logging_mixin.py:188} INFO - [2024-02-29T18:40:57.907+0530] {dag.py:3036} INFO - Sync 1 DAGs
[2024-02-29T18:40:57.945+0530] {logging_mixin.py:188} INFO - [2024-02-29T18:40:57.944+0530] {dag.py:3823} INFO - Setting next_dagrun for example_skip_dag to 2024-02-28 00:00:00+00:00, run_after=2024-02-29 00:00:00+00:00
[2024-02-29T18:40:57.982+0530] {processor.py:183} INFO - Processing /home/arun/.local/lib/python3.10/site-packages/airflow/example_dags/example_skip_dag.py took 0.120 seconds
[2024-02-29T18:41:54.103+0530] {processor.py:161} INFO - Started process (PID=7671) to work on /home/arun/.local/lib/python3.10/site-packages/airflow/example_dags/example_skip_dag.py
[2024-02-29T18:41:54.104+0530] {processor.py:830} INFO - Processing file /home/arun/.local/lib/python3.10/site-packages/airflow/example_dags/example_skip_dag.py for tasks to queue
[2024-02-29T18:41:54.105+0530] {logging_mixin.py:188} INFO - [2024-02-29T18:41:54.105+0530] {dagbag.py:538} INFO - Filling up the DagBag from /home/arun/.local/lib/python3.10/site-packages/airflow/example_dags/example_skip_dag.py
[2024-02-29T18:41:54.112+0530] {processor.py:840} INFO - DAG(s) 'example_skip_dag' retrieved from /home/arun/.local/lib/python3.10/site-packages/airflow/example_dags/example_skip_dag.py
[2024-02-29T18:41:54.128+0530] {logging_mixin.py:188} INFO - [2024-02-29T18:41:54.127+0530] {dag.py:3036} INFO - Sync 1 DAGs
[2024-02-29T18:41:54.149+0530] {logging_mixin.py:188} INFO - [2024-02-29T18:41:54.149+0530] {dag.py:3823} INFO - Setting next_dagrun for example_skip_dag to 2024-02-28 00:00:00+00:00, run_after=2024-02-29 00:00:00+00:00
[2024-02-29T18:41:54.182+0530] {processor.py:183} INFO - Processing /home/arun/.local/lib/python3.10/site-packages/airflow/example_dags/example_skip_dag.py took 0.081 seconds
[2024-02-29T18:42:50.749+0530] {processor.py:161} INFO - Started process (PID=7761) to work on /home/arun/.local/lib/python3.10/site-packages/airflow/example_dags/example_skip_dag.py
[2024-02-29T18:42:50.794+0530] {processor.py:830} INFO - Processing file /home/arun/.local/lib/python3.10/site-packages/airflow/example_dags/example_skip_dag.py for tasks to queue
[2024-02-29T18:42:50.795+0530] {logging_mixin.py:188} INFO - [2024-02-29T18:42:50.795+0530] {dagbag.py:538} INFO - Filling up the DagBag from /home/arun/.local/lib/python3.10/site-packages/airflow/example_dags/example_skip_dag.py
[2024-02-29T18:42:50.809+0530] {processor.py:840} INFO - DAG(s) 'example_skip_dag' retrieved from /home/arun/.local/lib/python3.10/site-packages/airflow/example_dags/example_skip_dag.py
[2024-02-29T18:42:50.881+0530] {logging_mixin.py:188} INFO - [2024-02-29T18:42:50.881+0530] {dag.py:3036} INFO - Sync 1 DAGs
[2024-02-29T18:42:50.936+0530] {logging_mixin.py:188} INFO - [2024-02-29T18:42:50.931+0530] {dag.py:3823} INFO - Setting next_dagrun for example_skip_dag to 2024-02-28 00:00:00+00:00, run_after=2024-02-29 00:00:00+00:00
[2024-02-29T18:42:50.990+0530] {processor.py:183} INFO - Processing /home/arun/.local/lib/python3.10/site-packages/airflow/example_dags/example_skip_dag.py took 0.247 seconds
[2024-02-29T18:43:56.257+0530] {processor.py:161} INFO - Started process (PID=7876) to work on /home/arun/.local/lib/python3.10/site-packages/airflow/example_dags/example_skip_dag.py
[2024-02-29T18:43:56.262+0530] {processor.py:830} INFO - Processing file /home/arun/.local/lib/python3.10/site-packages/airflow/example_dags/example_skip_dag.py for tasks to queue
[2024-02-29T18:43:56.264+0530] {logging_mixin.py:188} INFO - [2024-02-29T18:43:56.263+0530] {dagbag.py:538} INFO - Filling up the DagBag from /home/arun/.local/lib/python3.10/site-packages/airflow/example_dags/example_skip_dag.py
[2024-02-29T18:43:56.290+0530] {processor.py:840} INFO - DAG(s) 'example_skip_dag' retrieved from /home/arun/.local/lib/python3.10/site-packages/airflow/example_dags/example_skip_dag.py
[2024-02-29T18:43:56.361+0530] {logging_mixin.py:188} INFO - [2024-02-29T18:43:56.361+0530] {dag.py:3036} INFO - Sync 1 DAGs
[2024-02-29T18:43:56.432+0530] {logging_mixin.py:188} INFO - [2024-02-29T18:43:56.432+0530] {dag.py:3823} INFO - Setting next_dagrun for example_skip_dag to 2024-02-28 00:00:00+00:00, run_after=2024-02-29 00:00:00+00:00
[2024-02-29T18:43:56.626+0530] {processor.py:183} INFO - Processing /home/arun/.local/lib/python3.10/site-packages/airflow/example_dags/example_skip_dag.py took 0.383 seconds
[2024-02-29T18:44:53.976+0530] {processor.py:161} INFO - Started process (PID=7963) to work on /home/arun/.local/lib/python3.10/site-packages/airflow/example_dags/example_skip_dag.py
[2024-02-29T18:44:53.978+0530] {processor.py:830} INFO - Processing file /home/arun/.local/lib/python3.10/site-packages/airflow/example_dags/example_skip_dag.py for tasks to queue
[2024-02-29T18:44:53.978+0530] {logging_mixin.py:188} INFO - [2024-02-29T18:44:53.978+0530] {dagbag.py:538} INFO - Filling up the DagBag from /home/arun/.local/lib/python3.10/site-packages/airflow/example_dags/example_skip_dag.py
[2024-02-29T18:44:53.985+0530] {processor.py:840} INFO - DAG(s) 'example_skip_dag' retrieved from /home/arun/.local/lib/python3.10/site-packages/airflow/example_dags/example_skip_dag.py
[2024-02-29T18:44:54.000+0530] {logging_mixin.py:188} INFO - [2024-02-29T18:44:54.000+0530] {dag.py:3036} INFO - Sync 1 DAGs
[2024-02-29T18:44:54.021+0530] {logging_mixin.py:188} INFO - [2024-02-29T18:44:54.021+0530] {dag.py:3823} INFO - Setting next_dagrun for example_skip_dag to 2024-02-28 00:00:00+00:00, run_after=2024-02-29 00:00:00+00:00
[2024-02-29T18:44:54.051+0530] {processor.py:183} INFO - Processing /home/arun/.local/lib/python3.10/site-packages/airflow/example_dags/example_skip_dag.py took 0.078 seconds
[2024-02-29T18:45:45.827+0530] {processor.py:161} INFO - Started process (PID=8062) to work on /home/arun/.local/lib/python3.10/site-packages/airflow/example_dags/example_skip_dag.py
[2024-02-29T18:45:45.862+0530] {processor.py:830} INFO - Processing file /home/arun/.local/lib/python3.10/site-packages/airflow/example_dags/example_skip_dag.py for tasks to queue
[2024-02-29T18:45:45.864+0530] {logging_mixin.py:188} INFO - [2024-02-29T18:45:45.863+0530] {dagbag.py:538} INFO - Filling up the DagBag from /home/arun/.local/lib/python3.10/site-packages/airflow/example_dags/example_skip_dag.py
[2024-02-29T18:45:45.871+0530] {processor.py:840} INFO - DAG(s) 'example_skip_dag' retrieved from /home/arun/.local/lib/python3.10/site-packages/airflow/example_dags/example_skip_dag.py
[2024-02-29T18:45:45.889+0530] {logging_mixin.py:188} INFO - [2024-02-29T18:45:45.888+0530] {dag.py:3036} INFO - Sync 1 DAGs
[2024-02-29T18:45:45.912+0530] {logging_mixin.py:188} INFO - [2024-02-29T18:45:45.912+0530] {dag.py:3823} INFO - Setting next_dagrun for example_skip_dag to 2024-02-28 00:00:00+00:00, run_after=2024-02-29 00:00:00+00:00
[2024-02-29T18:45:45.946+0530] {processor.py:183} INFO - Processing /home/arun/.local/lib/python3.10/site-packages/airflow/example_dags/example_skip_dag.py took 0.122 seconds
[2024-02-29T18:46:38.858+0530] {processor.py:161} INFO - Started process (PID=8148) to work on /home/arun/.local/lib/python3.10/site-packages/airflow/example_dags/example_skip_dag.py
[2024-02-29T18:46:38.860+0530] {processor.py:830} INFO - Processing file /home/arun/.local/lib/python3.10/site-packages/airflow/example_dags/example_skip_dag.py for tasks to queue
[2024-02-29T18:46:38.861+0530] {logging_mixin.py:188} INFO - [2024-02-29T18:46:38.860+0530] {dagbag.py:538} INFO - Filling up the DagBag from /home/arun/.local/lib/python3.10/site-packages/airflow/example_dags/example_skip_dag.py
[2024-02-29T18:46:38.868+0530] {processor.py:840} INFO - DAG(s) 'example_skip_dag' retrieved from /home/arun/.local/lib/python3.10/site-packages/airflow/example_dags/example_skip_dag.py
[2024-02-29T18:46:38.884+0530] {logging_mixin.py:188} INFO - [2024-02-29T18:46:38.884+0530] {dag.py:3036} INFO - Sync 1 DAGs
[2024-02-29T18:46:38.909+0530] {logging_mixin.py:188} INFO - [2024-02-29T18:46:38.909+0530] {dag.py:3823} INFO - Setting next_dagrun for example_skip_dag to 2024-02-28 00:00:00+00:00, run_after=2024-02-29 00:00:00+00:00
[2024-02-29T18:46:38.948+0530] {processor.py:183} INFO - Processing /home/arun/.local/lib/python3.10/site-packages/airflow/example_dags/example_skip_dag.py took 0.093 seconds
[2024-02-29T18:47:31.378+0530] {processor.py:161} INFO - Started process (PID=8231) to work on /home/arun/.local/lib/python3.10/site-packages/airflow/example_dags/example_skip_dag.py
[2024-02-29T18:47:31.381+0530] {processor.py:830} INFO - Processing file /home/arun/.local/lib/python3.10/site-packages/airflow/example_dags/example_skip_dag.py for tasks to queue
[2024-02-29T18:47:31.382+0530] {logging_mixin.py:188} INFO - [2024-02-29T18:47:31.382+0530] {dagbag.py:538} INFO - Filling up the DagBag from /home/arun/.local/lib/python3.10/site-packages/airflow/example_dags/example_skip_dag.py
[2024-02-29T18:47:31.394+0530] {processor.py:840} INFO - DAG(s) 'example_skip_dag' retrieved from /home/arun/.local/lib/python3.10/site-packages/airflow/example_dags/example_skip_dag.py
[2024-02-29T18:47:31.416+0530] {logging_mixin.py:188} INFO - [2024-02-29T18:47:31.416+0530] {dag.py:3036} INFO - Sync 1 DAGs
[2024-02-29T18:47:31.444+0530] {logging_mixin.py:188} INFO - [2024-02-29T18:47:31.444+0530] {dag.py:3823} INFO - Setting next_dagrun for example_skip_dag to 2024-02-28 00:00:00+00:00, run_after=2024-02-29 00:00:00+00:00
[2024-02-29T18:47:31.482+0530] {processor.py:183} INFO - Processing /home/arun/.local/lib/python3.10/site-packages/airflow/example_dags/example_skip_dag.py took 0.107 seconds
[2024-02-29T18:48:22.066+0530] {processor.py:161} INFO - Started process (PID=8314) to work on /home/arun/.local/lib/python3.10/site-packages/airflow/example_dags/example_skip_dag.py
[2024-02-29T18:48:22.069+0530] {processor.py:830} INFO - Processing file /home/arun/.local/lib/python3.10/site-packages/airflow/example_dags/example_skip_dag.py for tasks to queue
[2024-02-29T18:48:22.071+0530] {logging_mixin.py:188} INFO - [2024-02-29T18:48:22.070+0530] {dagbag.py:538} INFO - Filling up the DagBag from /home/arun/.local/lib/python3.10/site-packages/airflow/example_dags/example_skip_dag.py
[2024-02-29T18:48:22.085+0530] {processor.py:840} INFO - DAG(s) 'example_skip_dag' retrieved from /home/arun/.local/lib/python3.10/site-packages/airflow/example_dags/example_skip_dag.py
[2024-02-29T18:48:22.130+0530] {logging_mixin.py:188} INFO - [2024-02-29T18:48:22.130+0530] {dag.py:3036} INFO - Sync 1 DAGs
[2024-02-29T18:48:22.196+0530] {logging_mixin.py:188} INFO - [2024-02-29T18:48:22.195+0530] {dag.py:3823} INFO - Setting next_dagrun for example_skip_dag to 2024-02-28 00:00:00+00:00, run_after=2024-02-29 00:00:00+00:00
[2024-02-29T18:48:22.273+0530] {processor.py:183} INFO - Processing /home/arun/.local/lib/python3.10/site-packages/airflow/example_dags/example_skip_dag.py took 0.212 seconds
[2024-02-29T18:49:09.754+0530] {processor.py:161} INFO - Started process (PID=8393) to work on /home/arun/.local/lib/python3.10/site-packages/airflow/example_dags/example_skip_dag.py
[2024-02-29T18:49:09.756+0530] {processor.py:830} INFO - Processing file /home/arun/.local/lib/python3.10/site-packages/airflow/example_dags/example_skip_dag.py for tasks to queue
[2024-02-29T18:49:09.760+0530] {logging_mixin.py:188} INFO - [2024-02-29T18:49:09.759+0530] {dagbag.py:538} INFO - Filling up the DagBag from /home/arun/.local/lib/python3.10/site-packages/airflow/example_dags/example_skip_dag.py
[2024-02-29T18:49:09.771+0530] {processor.py:840} INFO - DAG(s) 'example_skip_dag' retrieved from /home/arun/.local/lib/python3.10/site-packages/airflow/example_dags/example_skip_dag.py
[2024-02-29T18:49:09.794+0530] {logging_mixin.py:188} INFO - [2024-02-29T18:49:09.793+0530] {dag.py:3036} INFO - Sync 1 DAGs
[2024-02-29T18:49:09.827+0530] {logging_mixin.py:188} INFO - [2024-02-29T18:49:09.826+0530] {dag.py:3823} INFO - Setting next_dagrun for example_skip_dag to 2024-02-28 00:00:00+00:00, run_after=2024-02-29 00:00:00+00:00
[2024-02-29T18:49:09.870+0530] {processor.py:183} INFO - Processing /home/arun/.local/lib/python3.10/site-packages/airflow/example_dags/example_skip_dag.py took 0.120 seconds
[2024-02-29T18:49:58.337+0530] {processor.py:161} INFO - Started process (PID=8471) to work on /home/arun/.local/lib/python3.10/site-packages/airflow/example_dags/example_skip_dag.py
[2024-02-29T18:49:58.340+0530] {processor.py:830} INFO - Processing file /home/arun/.local/lib/python3.10/site-packages/airflow/example_dags/example_skip_dag.py for tasks to queue
[2024-02-29T18:49:58.341+0530] {logging_mixin.py:188} INFO - [2024-02-29T18:49:58.341+0530] {dagbag.py:538} INFO - Filling up the DagBag from /home/arun/.local/lib/python3.10/site-packages/airflow/example_dags/example_skip_dag.py
[2024-02-29T18:49:58.356+0530] {processor.py:840} INFO - DAG(s) 'example_skip_dag' retrieved from /home/arun/.local/lib/python3.10/site-packages/airflow/example_dags/example_skip_dag.py
[2024-02-29T18:49:58.388+0530] {logging_mixin.py:188} INFO - [2024-02-29T18:49:58.388+0530] {dag.py:3036} INFO - Sync 1 DAGs
[2024-02-29T18:49:58.424+0530] {logging_mixin.py:188} INFO - [2024-02-29T18:49:58.424+0530] {dag.py:3823} INFO - Setting next_dagrun for example_skip_dag to 2024-02-28 00:00:00+00:00, run_after=2024-02-29 00:00:00+00:00
[2024-02-29T18:49:58.456+0530] {processor.py:183} INFO - Processing /home/arun/.local/lib/python3.10/site-packages/airflow/example_dags/example_skip_dag.py took 0.126 seconds
[2024-02-29T18:50:48.376+0530] {processor.py:161} INFO - Started process (PID=8554) to work on /home/arun/.local/lib/python3.10/site-packages/airflow/example_dags/example_skip_dag.py
[2024-02-29T18:50:48.378+0530] {processor.py:830} INFO - Processing file /home/arun/.local/lib/python3.10/site-packages/airflow/example_dags/example_skip_dag.py for tasks to queue
[2024-02-29T18:50:48.379+0530] {logging_mixin.py:188} INFO - [2024-02-29T18:50:48.378+0530] {dagbag.py:538} INFO - Filling up the DagBag from /home/arun/.local/lib/python3.10/site-packages/airflow/example_dags/example_skip_dag.py
[2024-02-29T18:50:48.389+0530] {processor.py:840} INFO - DAG(s) 'example_skip_dag' retrieved from /home/arun/.local/lib/python3.10/site-packages/airflow/example_dags/example_skip_dag.py
[2024-02-29T18:50:48.408+0530] {logging_mixin.py:188} INFO - [2024-02-29T18:50:48.408+0530] {dag.py:3036} INFO - Sync 1 DAGs
[2024-02-29T18:50:48.433+0530] {logging_mixin.py:188} INFO - [2024-02-29T18:50:48.433+0530] {dag.py:3823} INFO - Setting next_dagrun for example_skip_dag to 2024-02-28 00:00:00+00:00, run_after=2024-02-29 00:00:00+00:00
[2024-02-29T18:50:48.512+0530] {processor.py:183} INFO - Processing /home/arun/.local/lib/python3.10/site-packages/airflow/example_dags/example_skip_dag.py took 0.140 seconds
[2024-02-29T18:51:41.662+0530] {processor.py:161} INFO - Started process (PID=8732) to work on /home/arun/.local/lib/python3.10/site-packages/airflow/example_dags/example_skip_dag.py
[2024-02-29T18:51:41.664+0530] {processor.py:830} INFO - Processing file /home/arun/.local/lib/python3.10/site-packages/airflow/example_dags/example_skip_dag.py for tasks to queue
[2024-02-29T18:51:41.664+0530] {logging_mixin.py:188} INFO - [2024-02-29T18:51:41.664+0530] {dagbag.py:538} INFO - Filling up the DagBag from /home/arun/.local/lib/python3.10/site-packages/airflow/example_dags/example_skip_dag.py
[2024-02-29T18:51:41.671+0530] {processor.py:840} INFO - DAG(s) 'example_skip_dag' retrieved from /home/arun/.local/lib/python3.10/site-packages/airflow/example_dags/example_skip_dag.py
[2024-02-29T18:51:41.688+0530] {logging_mixin.py:188} INFO - [2024-02-29T18:51:41.688+0530] {dag.py:3036} INFO - Sync 1 DAGs
[2024-02-29T18:51:41.711+0530] {logging_mixin.py:188} INFO - [2024-02-29T18:51:41.711+0530] {dag.py:3823} INFO - Setting next_dagrun for example_skip_dag to 2024-02-28 00:00:00+00:00, run_after=2024-02-29 00:00:00+00:00
[2024-02-29T18:51:41.741+0530] {processor.py:183} INFO - Processing /home/arun/.local/lib/python3.10/site-packages/airflow/example_dags/example_skip_dag.py took 0.083 seconds
[2024-02-29T18:52:33.045+0530] {processor.py:161} INFO - Started process (PID=8811) to work on /home/arun/.local/lib/python3.10/site-packages/airflow/example_dags/example_skip_dag.py
[2024-02-29T18:52:33.046+0530] {processor.py:830} INFO - Processing file /home/arun/.local/lib/python3.10/site-packages/airflow/example_dags/example_skip_dag.py for tasks to queue
[2024-02-29T18:52:33.047+0530] {logging_mixin.py:188} INFO - [2024-02-29T18:52:33.046+0530] {dagbag.py:538} INFO - Filling up the DagBag from /home/arun/.local/lib/python3.10/site-packages/airflow/example_dags/example_skip_dag.py
[2024-02-29T18:52:33.057+0530] {processor.py:840} INFO - DAG(s) 'example_skip_dag' retrieved from /home/arun/.local/lib/python3.10/site-packages/airflow/example_dags/example_skip_dag.py
[2024-02-29T18:52:33.078+0530] {logging_mixin.py:188} INFO - [2024-02-29T18:52:33.078+0530] {dag.py:3036} INFO - Sync 1 DAGs
[2024-02-29T18:52:33.108+0530] {logging_mixin.py:188} INFO - [2024-02-29T18:52:33.108+0530] {dag.py:3823} INFO - Setting next_dagrun for example_skip_dag to 2024-02-28 00:00:00+00:00, run_after=2024-02-29 00:00:00+00:00
[2024-02-29T18:52:33.143+0530] {processor.py:183} INFO - Processing /home/arun/.local/lib/python3.10/site-packages/airflow/example_dags/example_skip_dag.py took 0.102 seconds
[2024-02-29T18:53:26.942+0530] {processor.py:161} INFO - Started process (PID=8895) to work on /home/arun/.local/lib/python3.10/site-packages/airflow/example_dags/example_skip_dag.py
[2024-02-29T18:53:26.944+0530] {processor.py:830} INFO - Processing file /home/arun/.local/lib/python3.10/site-packages/airflow/example_dags/example_skip_dag.py for tasks to queue
[2024-02-29T18:53:26.945+0530] {logging_mixin.py:188} INFO - [2024-02-29T18:53:26.945+0530] {dagbag.py:538} INFO - Filling up the DagBag from /home/arun/.local/lib/python3.10/site-packages/airflow/example_dags/example_skip_dag.py
[2024-02-29T18:53:26.954+0530] {processor.py:840} INFO - DAG(s) 'example_skip_dag' retrieved from /home/arun/.local/lib/python3.10/site-packages/airflow/example_dags/example_skip_dag.py
[2024-02-29T18:53:26.974+0530] {logging_mixin.py:188} INFO - [2024-02-29T18:53:26.973+0530] {dag.py:3036} INFO - Sync 1 DAGs
[2024-02-29T18:53:27.005+0530] {logging_mixin.py:188} INFO - [2024-02-29T18:53:27.004+0530] {dag.py:3823} INFO - Setting next_dagrun for example_skip_dag to 2024-02-28 00:00:00+00:00, run_after=2024-02-29 00:00:00+00:00
[2024-02-29T18:53:27.043+0530] {processor.py:183} INFO - Processing /home/arun/.local/lib/python3.10/site-packages/airflow/example_dags/example_skip_dag.py took 0.106 seconds
[2024-02-29T18:54:18.885+0530] {processor.py:161} INFO - Started process (PID=9167) to work on /home/arun/.local/lib/python3.10/site-packages/airflow/example_dags/example_skip_dag.py
[2024-02-29T18:54:18.887+0530] {processor.py:830} INFO - Processing file /home/arun/.local/lib/python3.10/site-packages/airflow/example_dags/example_skip_dag.py for tasks to queue
[2024-02-29T18:54:18.888+0530] {logging_mixin.py:188} INFO - [2024-02-29T18:54:18.887+0530] {dagbag.py:538} INFO - Filling up the DagBag from /home/arun/.local/lib/python3.10/site-packages/airflow/example_dags/example_skip_dag.py
[2024-02-29T18:54:18.897+0530] {processor.py:840} INFO - DAG(s) 'example_skip_dag' retrieved from /home/arun/.local/lib/python3.10/site-packages/airflow/example_dags/example_skip_dag.py
[2024-02-29T18:54:18.920+0530] {logging_mixin.py:188} INFO - [2024-02-29T18:54:18.919+0530] {dag.py:3036} INFO - Sync 1 DAGs
[2024-02-29T18:54:18.947+0530] {logging_mixin.py:188} INFO - [2024-02-29T18:54:18.947+0530] {dag.py:3823} INFO - Setting next_dagrun for example_skip_dag to 2024-02-28 00:00:00+00:00, run_after=2024-02-29 00:00:00+00:00
[2024-02-29T18:54:18.985+0530] {processor.py:183} INFO - Processing /home/arun/.local/lib/python3.10/site-packages/airflow/example_dags/example_skip_dag.py took 0.104 seconds
[2024-02-29T18:55:06.137+0530] {processor.py:161} INFO - Started process (PID=9245) to work on /home/arun/.local/lib/python3.10/site-packages/airflow/example_dags/example_skip_dag.py
[2024-02-29T18:55:06.140+0530] {processor.py:830} INFO - Processing file /home/arun/.local/lib/python3.10/site-packages/airflow/example_dags/example_skip_dag.py for tasks to queue
[2024-02-29T18:55:06.141+0530] {logging_mixin.py:188} INFO - [2024-02-29T18:55:06.140+0530] {dagbag.py:538} INFO - Filling up the DagBag from /home/arun/.local/lib/python3.10/site-packages/airflow/example_dags/example_skip_dag.py
[2024-02-29T18:55:06.150+0530] {processor.py:840} INFO - DAG(s) 'example_skip_dag' retrieved from /home/arun/.local/lib/python3.10/site-packages/airflow/example_dags/example_skip_dag.py
[2024-02-29T18:55:06.174+0530] {logging_mixin.py:188} INFO - [2024-02-29T18:55:06.174+0530] {dag.py:3036} INFO - Sync 1 DAGs
[2024-02-29T18:55:06.206+0530] {logging_mixin.py:188} INFO - [2024-02-29T18:55:06.205+0530] {dag.py:3823} INFO - Setting next_dagrun for example_skip_dag to 2024-02-28 00:00:00+00:00, run_after=2024-02-29 00:00:00+00:00
[2024-02-29T18:55:06.240+0530] {processor.py:183} INFO - Processing /home/arun/.local/lib/python3.10/site-packages/airflow/example_dags/example_skip_dag.py took 0.107 seconds
[2024-02-29T18:56:06.362+0530] {processor.py:161} INFO - Started process (PID=9399) to work on /home/arun/.local/lib/python3.10/site-packages/airflow/example_dags/example_skip_dag.py
[2024-02-29T18:56:06.397+0530] {processor.py:830} INFO - Processing file /home/arun/.local/lib/python3.10/site-packages/airflow/example_dags/example_skip_dag.py for tasks to queue
[2024-02-29T18:56:06.399+0530] {logging_mixin.py:188} INFO - [2024-02-29T18:56:06.398+0530] {dagbag.py:538} INFO - Filling up the DagBag from /home/arun/.local/lib/python3.10/site-packages/airflow/example_dags/example_skip_dag.py
[2024-02-29T18:56:06.409+0530] {processor.py:840} INFO - DAG(s) 'example_skip_dag' retrieved from /home/arun/.local/lib/python3.10/site-packages/airflow/example_dags/example_skip_dag.py
[2024-02-29T18:56:06.430+0530] {logging_mixin.py:188} INFO - [2024-02-29T18:56:06.430+0530] {dag.py:3036} INFO - Sync 1 DAGs
[2024-02-29T18:56:06.458+0530] {logging_mixin.py:188} INFO - [2024-02-29T18:56:06.458+0530] {dag.py:3823} INFO - Setting next_dagrun for example_skip_dag to 2024-02-28 00:00:00+00:00, run_after=2024-02-29 00:00:00+00:00
[2024-02-29T18:56:06.501+0530] {processor.py:183} INFO - Processing /home/arun/.local/lib/python3.10/site-packages/airflow/example_dags/example_skip_dag.py took 0.143 seconds
[2024-02-29T18:57:04.782+0530] {processor.py:161} INFO - Started process (PID=9518) to work on /home/arun/.local/lib/python3.10/site-packages/airflow/example_dags/example_skip_dag.py
[2024-02-29T18:57:04.820+0530] {processor.py:830} INFO - Processing file /home/arun/.local/lib/python3.10/site-packages/airflow/example_dags/example_skip_dag.py for tasks to queue
[2024-02-29T18:57:04.822+0530] {logging_mixin.py:188} INFO - [2024-02-29T18:57:04.821+0530] {dagbag.py:538} INFO - Filling up the DagBag from /home/arun/.local/lib/python3.10/site-packages/airflow/example_dags/example_skip_dag.py
[2024-02-29T18:57:04.833+0530] {processor.py:840} INFO - DAG(s) 'example_skip_dag' retrieved from /home/arun/.local/lib/python3.10/site-packages/airflow/example_dags/example_skip_dag.py
[2024-02-29T18:57:04.858+0530] {logging_mixin.py:188} INFO - [2024-02-29T18:57:04.857+0530] {dag.py:3036} INFO - Sync 1 DAGs
[2024-02-29T18:57:04.886+0530] {logging_mixin.py:188} INFO - [2024-02-29T18:57:04.885+0530] {dag.py:3823} INFO - Setting next_dagrun for example_skip_dag to 2024-02-28 00:00:00+00:00, run_after=2024-02-29 00:00:00+00:00
[2024-02-29T18:57:04.927+0530] {processor.py:183} INFO - Processing /home/arun/.local/lib/python3.10/site-packages/airflow/example_dags/example_skip_dag.py took 0.148 seconds
[2024-02-29T18:58:00.167+0530] {processor.py:161} INFO - Started process (PID=9606) to work on /home/arun/.local/lib/python3.10/site-packages/airflow/example_dags/example_skip_dag.py
[2024-02-29T18:58:00.213+0530] {processor.py:830} INFO - Processing file /home/arun/.local/lib/python3.10/site-packages/airflow/example_dags/example_skip_dag.py for tasks to queue
[2024-02-29T18:58:00.215+0530] {logging_mixin.py:188} INFO - [2024-02-29T18:58:00.214+0530] {dagbag.py:538} INFO - Filling up the DagBag from /home/arun/.local/lib/python3.10/site-packages/airflow/example_dags/example_skip_dag.py
[2024-02-29T18:58:00.288+0530] {processor.py:840} INFO - DAG(s) 'example_skip_dag' retrieved from /home/arun/.local/lib/python3.10/site-packages/airflow/example_dags/example_skip_dag.py
[2024-02-29T18:58:00.366+0530] {logging_mixin.py:188} INFO - [2024-02-29T18:58:00.365+0530] {dag.py:3036} INFO - Sync 1 DAGs
[2024-02-29T18:58:00.409+0530] {logging_mixin.py:188} INFO - [2024-02-29T18:58:00.409+0530] {dag.py:3823} INFO - Setting next_dagrun for example_skip_dag to 2024-02-28 00:00:00+00:00, run_after=2024-02-29 00:00:00+00:00
[2024-02-29T18:58:00.445+0530] {processor.py:183} INFO - Processing /home/arun/.local/lib/python3.10/site-packages/airflow/example_dags/example_skip_dag.py took 0.291 seconds
[2024-02-29T18:59:01.826+0530] {processor.py:161} INFO - Started process (PID=9715) to work on /home/arun/.local/lib/python3.10/site-packages/airflow/example_dags/example_skip_dag.py
[2024-02-29T18:59:01.838+0530] {processor.py:830} INFO - Processing file /home/arun/.local/lib/python3.10/site-packages/airflow/example_dags/example_skip_dag.py for tasks to queue
[2024-02-29T18:59:01.841+0530] {logging_mixin.py:188} INFO - [2024-02-29T18:59:01.840+0530] {dagbag.py:538} INFO - Filling up the DagBag from /home/arun/.local/lib/python3.10/site-packages/airflow/example_dags/example_skip_dag.py
[2024-02-29T18:59:01.880+0530] {processor.py:840} INFO - DAG(s) 'example_skip_dag' retrieved from /home/arun/.local/lib/python3.10/site-packages/airflow/example_dags/example_skip_dag.py
[2024-02-29T18:59:01.918+0530] {logging_mixin.py:188} INFO - [2024-02-29T18:59:01.917+0530] {dag.py:3036} INFO - Sync 1 DAGs
[2024-02-29T18:59:01.992+0530] {logging_mixin.py:188} INFO - [2024-02-29T18:59:01.991+0530] {dag.py:3823} INFO - Setting next_dagrun for example_skip_dag to 2024-02-28 00:00:00+00:00, run_after=2024-02-29 00:00:00+00:00
[2024-02-29T18:59:02.105+0530] {processor.py:183} INFO - Processing /home/arun/.local/lib/python3.10/site-packages/airflow/example_dags/example_skip_dag.py took 0.285 seconds
[2024-02-29T18:59:57.945+0530] {processor.py:161} INFO - Started process (PID=9817) to work on /home/arun/.local/lib/python3.10/site-packages/airflow/example_dags/example_skip_dag.py
[2024-02-29T18:59:57.949+0530] {processor.py:830} INFO - Processing file /home/arun/.local/lib/python3.10/site-packages/airflow/example_dags/example_skip_dag.py for tasks to queue
[2024-02-29T18:59:57.951+0530] {logging_mixin.py:188} INFO - [2024-02-29T18:59:57.950+0530] {dagbag.py:538} INFO - Filling up the DagBag from /home/arun/.local/lib/python3.10/site-packages/airflow/example_dags/example_skip_dag.py
[2024-02-29T18:59:57.984+0530] {processor.py:840} INFO - DAG(s) 'example_skip_dag' retrieved from /home/arun/.local/lib/python3.10/site-packages/airflow/example_dags/example_skip_dag.py
[2024-02-29T18:59:58.017+0530] {logging_mixin.py:188} INFO - [2024-02-29T18:59:58.016+0530] {dag.py:3036} INFO - Sync 1 DAGs
[2024-02-29T18:59:58.054+0530] {logging_mixin.py:188} INFO - [2024-02-29T18:59:58.053+0530] {dag.py:3823} INFO - Setting next_dagrun for example_skip_dag to 2024-02-28 00:00:00+00:00, run_after=2024-02-29 00:00:00+00:00
[2024-02-29T18:59:58.088+0530] {processor.py:183} INFO - Processing /home/arun/.local/lib/python3.10/site-packages/airflow/example_dags/example_skip_dag.py took 0.146 seconds
[2024-02-29T19:00:48.488+0530] {processor.py:161} INFO - Started process (PID=9901) to work on /home/arun/.local/lib/python3.10/site-packages/airflow/example_dags/example_skip_dag.py
[2024-02-29T19:00:48.491+0530] {processor.py:830} INFO - Processing file /home/arun/.local/lib/python3.10/site-packages/airflow/example_dags/example_skip_dag.py for tasks to queue
[2024-02-29T19:00:48.492+0530] {logging_mixin.py:188} INFO - [2024-02-29T19:00:48.491+0530] {dagbag.py:538} INFO - Filling up the DagBag from /home/arun/.local/lib/python3.10/site-packages/airflow/example_dags/example_skip_dag.py
[2024-02-29T19:00:48.505+0530] {processor.py:840} INFO - DAG(s) 'example_skip_dag' retrieved from /home/arun/.local/lib/python3.10/site-packages/airflow/example_dags/example_skip_dag.py
[2024-02-29T19:00:48.531+0530] {logging_mixin.py:188} INFO - [2024-02-29T19:00:48.531+0530] {dag.py:3036} INFO - Sync 1 DAGs
[2024-02-29T19:00:48.564+0530] {logging_mixin.py:188} INFO - [2024-02-29T19:00:48.564+0530] {dag.py:3823} INFO - Setting next_dagrun for example_skip_dag to 2024-02-28 00:00:00+00:00, run_after=2024-02-29 00:00:00+00:00
[2024-02-29T19:00:48.598+0530] {processor.py:183} INFO - Processing /home/arun/.local/lib/python3.10/site-packages/airflow/example_dags/example_skip_dag.py took 0.118 seconds
[2024-02-29T19:01:40.430+0530] {processor.py:161} INFO - Started process (PID=9983) to work on /home/arun/.local/lib/python3.10/site-packages/airflow/example_dags/example_skip_dag.py
[2024-02-29T19:01:40.432+0530] {processor.py:830} INFO - Processing file /home/arun/.local/lib/python3.10/site-packages/airflow/example_dags/example_skip_dag.py for tasks to queue
[2024-02-29T19:01:40.434+0530] {logging_mixin.py:188} INFO - [2024-02-29T19:01:40.433+0530] {dagbag.py:538} INFO - Filling up the DagBag from /home/arun/.local/lib/python3.10/site-packages/airflow/example_dags/example_skip_dag.py
[2024-02-29T19:01:40.443+0530] {processor.py:840} INFO - DAG(s) 'example_skip_dag' retrieved from /home/arun/.local/lib/python3.10/site-packages/airflow/example_dags/example_skip_dag.py
[2024-02-29T19:01:40.462+0530] {logging_mixin.py:188} INFO - [2024-02-29T19:01:40.462+0530] {dag.py:3036} INFO - Sync 1 DAGs
[2024-02-29T19:01:40.485+0530] {logging_mixin.py:188} INFO - [2024-02-29T19:01:40.485+0530] {dag.py:3823} INFO - Setting next_dagrun for example_skip_dag to 2024-02-28 00:00:00+00:00, run_after=2024-02-29 00:00:00+00:00
[2024-02-29T19:01:40.513+0530] {processor.py:183} INFO - Processing /home/arun/.local/lib/python3.10/site-packages/airflow/example_dags/example_skip_dag.py took 0.087 seconds
[2024-02-29T19:02:32.048+0530] {processor.py:161} INFO - Started process (PID=10068) to work on /home/arun/.local/lib/python3.10/site-packages/airflow/example_dags/example_skip_dag.py
[2024-02-29T19:02:32.050+0530] {processor.py:830} INFO - Processing file /home/arun/.local/lib/python3.10/site-packages/airflow/example_dags/example_skip_dag.py for tasks to queue
[2024-02-29T19:02:32.052+0530] {logging_mixin.py:188} INFO - [2024-02-29T19:02:32.051+0530] {dagbag.py:538} INFO - Filling up the DagBag from /home/arun/.local/lib/python3.10/site-packages/airflow/example_dags/example_skip_dag.py
[2024-02-29T19:02:32.063+0530] {processor.py:840} INFO - DAG(s) 'example_skip_dag' retrieved from /home/arun/.local/lib/python3.10/site-packages/airflow/example_dags/example_skip_dag.py
[2024-02-29T19:02:32.089+0530] {logging_mixin.py:188} INFO - [2024-02-29T19:02:32.089+0530] {dag.py:3036} INFO - Sync 1 DAGs
[2024-02-29T19:02:32.118+0530] {logging_mixin.py:188} INFO - [2024-02-29T19:02:32.117+0530] {dag.py:3823} INFO - Setting next_dagrun for example_skip_dag to 2024-02-28 00:00:00+00:00, run_after=2024-02-29 00:00:00+00:00
[2024-02-29T19:02:32.150+0530] {processor.py:183} INFO - Processing /home/arun/.local/lib/python3.10/site-packages/airflow/example_dags/example_skip_dag.py took 0.106 seconds
[2024-02-29T19:03:21.721+0530] {processor.py:161} INFO - Started process (PID=10148) to work on /home/arun/.local/lib/python3.10/site-packages/airflow/example_dags/example_skip_dag.py
[2024-02-29T19:03:21.723+0530] {processor.py:830} INFO - Processing file /home/arun/.local/lib/python3.10/site-packages/airflow/example_dags/example_skip_dag.py for tasks to queue
[2024-02-29T19:03:21.724+0530] {logging_mixin.py:188} INFO - [2024-02-29T19:03:21.724+0530] {dagbag.py:538} INFO - Filling up the DagBag from /home/arun/.local/lib/python3.10/site-packages/airflow/example_dags/example_skip_dag.py
[2024-02-29T19:03:21.734+0530] {processor.py:840} INFO - DAG(s) 'example_skip_dag' retrieved from /home/arun/.local/lib/python3.10/site-packages/airflow/example_dags/example_skip_dag.py
[2024-02-29T19:03:21.756+0530] {logging_mixin.py:188} INFO - [2024-02-29T19:03:21.755+0530] {dag.py:3036} INFO - Sync 1 DAGs
[2024-02-29T19:03:21.782+0530] {logging_mixin.py:188} INFO - [2024-02-29T19:03:21.782+0530] {dag.py:3823} INFO - Setting next_dagrun for example_skip_dag to 2024-02-28 00:00:00+00:00, run_after=2024-02-29 00:00:00+00:00
[2024-02-29T19:03:21.845+0530] {processor.py:183} INFO - Processing /home/arun/.local/lib/python3.10/site-packages/airflow/example_dags/example_skip_dag.py took 0.127 seconds
[2024-02-29T19:04:08.653+0530] {processor.py:161} INFO - Started process (PID=10225) to work on /home/arun/.local/lib/python3.10/site-packages/airflow/example_dags/example_skip_dag.py
[2024-02-29T19:04:08.657+0530] {processor.py:830} INFO - Processing file /home/arun/.local/lib/python3.10/site-packages/airflow/example_dags/example_skip_dag.py for tasks to queue
[2024-02-29T19:04:08.659+0530] {logging_mixin.py:188} INFO - [2024-02-29T19:04:08.658+0530] {dagbag.py:538} INFO - Filling up the DagBag from /home/arun/.local/lib/python3.10/site-packages/airflow/example_dags/example_skip_dag.py
[2024-02-29T19:04:08.671+0530] {processor.py:840} INFO - DAG(s) 'example_skip_dag' retrieved from /home/arun/.local/lib/python3.10/site-packages/airflow/example_dags/example_skip_dag.py
[2024-02-29T19:04:08.695+0530] {logging_mixin.py:188} INFO - [2024-02-29T19:04:08.695+0530] {dag.py:3036} INFO - Sync 1 DAGs
[2024-02-29T19:04:08.723+0530] {logging_mixin.py:188} INFO - [2024-02-29T19:04:08.723+0530] {dag.py:3823} INFO - Setting next_dagrun for example_skip_dag to 2024-02-28 00:00:00+00:00, run_after=2024-02-29 00:00:00+00:00
[2024-02-29T19:04:08.764+0530] {processor.py:183} INFO - Processing /home/arun/.local/lib/python3.10/site-packages/airflow/example_dags/example_skip_dag.py took 0.116 seconds
[2024-02-29T19:04:57.377+0530] {processor.py:161} INFO - Started process (PID=10328) to work on /home/arun/.local/lib/python3.10/site-packages/airflow/example_dags/example_skip_dag.py
[2024-02-29T19:04:57.380+0530] {processor.py:830} INFO - Processing file /home/arun/.local/lib/python3.10/site-packages/airflow/example_dags/example_skip_dag.py for tasks to queue
[2024-02-29T19:04:57.383+0530] {logging_mixin.py:188} INFO - [2024-02-29T19:04:57.382+0530] {dagbag.py:538} INFO - Filling up the DagBag from /home/arun/.local/lib/python3.10/site-packages/airflow/example_dags/example_skip_dag.py
[2024-02-29T19:04:57.402+0530] {processor.py:840} INFO - DAG(s) 'example_skip_dag' retrieved from /home/arun/.local/lib/python3.10/site-packages/airflow/example_dags/example_skip_dag.py
[2024-02-29T19:04:57.449+0530] {logging_mixin.py:188} INFO - [2024-02-29T19:04:57.449+0530] {dag.py:3036} INFO - Sync 1 DAGs
[2024-02-29T19:04:57.501+0530] {logging_mixin.py:188} INFO - [2024-02-29T19:04:57.501+0530] {dag.py:3823} INFO - Setting next_dagrun for example_skip_dag to 2024-02-28 00:00:00+00:00, run_after=2024-02-29 00:00:00+00:00
[2024-02-29T19:04:57.561+0530] {processor.py:183} INFO - Processing /home/arun/.local/lib/python3.10/site-packages/airflow/example_dags/example_skip_dag.py took 0.193 seconds
[2024-02-29T19:06:13.540+0530] {processor.py:161} INFO - Started process (PID=10589) to work on /home/arun/.local/lib/python3.10/site-packages/airflow/example_dags/example_skip_dag.py
[2024-02-29T19:06:13.549+0530] {processor.py:830} INFO - Processing file /home/arun/.local/lib/python3.10/site-packages/airflow/example_dags/example_skip_dag.py for tasks to queue
[2024-02-29T19:06:13.554+0530] {logging_mixin.py:188} INFO - [2024-02-29T19:06:13.552+0530] {dagbag.py:538} INFO - Filling up the DagBag from /home/arun/.local/lib/python3.10/site-packages/airflow/example_dags/example_skip_dag.py
[2024-02-29T19:06:13.651+0530] {processor.py:840} INFO - DAG(s) 'example_skip_dag' retrieved from /home/arun/.local/lib/python3.10/site-packages/airflow/example_dags/example_skip_dag.py
[2024-02-29T19:06:13.816+0530] {logging_mixin.py:188} INFO - [2024-02-29T19:06:13.816+0530] {dag.py:3036} INFO - Sync 1 DAGs
[2024-02-29T19:06:13.925+0530] {logging_mixin.py:188} INFO - [2024-02-29T19:06:13.923+0530] {dag.py:3823} INFO - Setting next_dagrun for example_skip_dag to 2024-02-28 00:00:00+00:00, run_after=2024-02-29 00:00:00+00:00
[2024-02-29T19:06:14.009+0530] {processor.py:183} INFO - Processing /home/arun/.local/lib/python3.10/site-packages/airflow/example_dags/example_skip_dag.py took 0.500 seconds
