[2024-02-29T18:15:27.856+0530] {processor.py:161} INFO - Started process (PID=5182) to work on /home/arun/.local/lib/python3.10/site-packages/airflow/example_dags/example_setup_teardown.py
[2024-02-29T18:15:27.858+0530] {processor.py:830} INFO - Processing file /home/arun/.local/lib/python3.10/site-packages/airflow/example_dags/example_setup_teardown.py for tasks to queue
[2024-02-29T18:15:27.860+0530] {logging_mixin.py:188} INFO - [2024-02-29T18:15:27.858+0530] {dagbag.py:538} INFO - Filling up the DagBag from /home/arun/.local/lib/python3.10/site-packages/airflow/example_dags/example_setup_teardown.py
[2024-02-29T18:15:27.876+0530] {processor.py:840} INFO - DAG(s) 'example_setup_teardown' retrieved from /home/arun/.local/lib/python3.10/site-packages/airflow/example_dags/example_setup_teardown.py
[2024-02-29T18:15:28.108+0530] {logging_mixin.py:188} INFO - [2024-02-29T18:15:28.107+0530] {dag.py:3036} INFO - Sync 1 DAGs
[2024-02-29T18:15:28.392+0530] {logging_mixin.py:188} INFO - [2024-02-29T18:15:28.392+0530] {dag.py:3823} INFO - Setting next_dagrun for example_setup_teardown to 2024-02-28 00:00:00+00:00, run_after=2024-02-29 00:00:00+00:00
[2024-02-29T18:15:28.506+0530] {processor.py:183} INFO - Processing /home/arun/.local/lib/python3.10/site-packages/airflow/example_dags/example_setup_teardown.py took 0.655 seconds
[2024-02-29T18:16:48.781+0530] {processor.py:161} INFO - Started process (PID=5236) to work on /home/arun/.local/lib/python3.10/site-packages/airflow/example_dags/example_setup_teardown.py
[2024-02-29T18:16:48.784+0530] {processor.py:830} INFO - Processing file /home/arun/.local/lib/python3.10/site-packages/airflow/example_dags/example_setup_teardown.py for tasks to queue
[2024-02-29T18:16:48.785+0530] {logging_mixin.py:188} INFO - [2024-02-29T18:16:48.784+0530] {dagbag.py:538} INFO - Filling up the DagBag from /home/arun/.local/lib/python3.10/site-packages/airflow/example_dags/example_setup_teardown.py
[2024-02-29T18:16:48.808+0530] {processor.py:840} INFO - DAG(s) 'example_setup_teardown' retrieved from /home/arun/.local/lib/python3.10/site-packages/airflow/example_dags/example_setup_teardown.py
[2024-02-29T18:16:48.865+0530] {logging_mixin.py:188} INFO - [2024-02-29T18:16:48.864+0530] {dag.py:3036} INFO - Sync 1 DAGs
[2024-02-29T18:16:48.912+0530] {logging_mixin.py:188} INFO - [2024-02-29T18:16:48.912+0530] {dag.py:3823} INFO - Setting next_dagrun for example_setup_teardown to 2024-02-28 00:00:00+00:00, run_after=2024-02-29 00:00:00+00:00
[2024-02-29T18:16:49.044+0530] {processor.py:183} INFO - Processing /home/arun/.local/lib/python3.10/site-packages/airflow/example_dags/example_setup_teardown.py took 0.272 seconds
[2024-02-29T18:18:31.391+0530] {processor.py:161} INFO - Started process (PID=5374) to work on /home/arun/.local/lib/python3.10/site-packages/airflow/example_dags/example_setup_teardown.py
[2024-02-29T18:18:31.403+0530] {processor.py:830} INFO - Processing file /home/arun/.local/lib/python3.10/site-packages/airflow/example_dags/example_setup_teardown.py for tasks to queue
[2024-02-29T18:18:31.404+0530] {logging_mixin.py:188} INFO - [2024-02-29T18:18:31.404+0530] {dagbag.py:538} INFO - Filling up the DagBag from /home/arun/.local/lib/python3.10/site-packages/airflow/example_dags/example_setup_teardown.py
[2024-02-29T18:18:31.451+0530] {processor.py:840} INFO - DAG(s) 'example_setup_teardown' retrieved from /home/arun/.local/lib/python3.10/site-packages/airflow/example_dags/example_setup_teardown.py
[2024-02-29T18:18:31.494+0530] {logging_mixin.py:188} INFO - [2024-02-29T18:18:31.487+0530] {dag.py:3036} INFO - Sync 1 DAGs
[2024-02-29T18:18:31.559+0530] {logging_mixin.py:188} INFO - [2024-02-29T18:18:31.558+0530] {dag.py:3823} INFO - Setting next_dagrun for example_setup_teardown to 2024-02-28 00:00:00+00:00, run_after=2024-02-29 00:00:00+00:00
[2024-02-29T18:18:31.658+0530] {processor.py:183} INFO - Processing /home/arun/.local/lib/python3.10/site-packages/airflow/example_dags/example_setup_teardown.py took 0.278 seconds
[2024-02-29T18:20:31.289+0530] {processor.py:161} INFO - Started process (PID=5480) to work on /home/arun/.local/lib/python3.10/site-packages/airflow/example_dags/example_setup_teardown.py
[2024-02-29T18:20:31.292+0530] {processor.py:830} INFO - Processing file /home/arun/.local/lib/python3.10/site-packages/airflow/example_dags/example_setup_teardown.py for tasks to queue
[2024-02-29T18:20:31.293+0530] {logging_mixin.py:188} INFO - [2024-02-29T18:20:31.293+0530] {dagbag.py:538} INFO - Filling up the DagBag from /home/arun/.local/lib/python3.10/site-packages/airflow/example_dags/example_setup_teardown.py
[2024-02-29T18:20:31.306+0530] {processor.py:840} INFO - DAG(s) 'example_setup_teardown' retrieved from /home/arun/.local/lib/python3.10/site-packages/airflow/example_dags/example_setup_teardown.py
[2024-02-29T18:20:31.362+0530] {logging_mixin.py:188} INFO - [2024-02-29T18:20:31.362+0530] {dag.py:3036} INFO - Sync 1 DAGs
[2024-02-29T18:20:31.404+0530] {logging_mixin.py:188} INFO - [2024-02-29T18:20:31.403+0530] {dag.py:3823} INFO - Setting next_dagrun for example_setup_teardown to 2024-02-28 00:00:00+00:00, run_after=2024-02-29 00:00:00+00:00
[2024-02-29T18:20:31.479+0530] {processor.py:183} INFO - Processing /home/arun/.local/lib/python3.10/site-packages/airflow/example_dags/example_setup_teardown.py took 0.195 seconds
[2024-02-29T18:21:42.749+0530] {processor.py:161} INFO - Started process (PID=5628) to work on /home/arun/.local/lib/python3.10/site-packages/airflow/example_dags/example_setup_teardown.py
[2024-02-29T18:21:42.752+0530] {processor.py:830} INFO - Processing file /home/arun/.local/lib/python3.10/site-packages/airflow/example_dags/example_setup_teardown.py for tasks to queue
[2024-02-29T18:21:42.753+0530] {logging_mixin.py:188} INFO - [2024-02-29T18:21:42.753+0530] {dagbag.py:538} INFO - Filling up the DagBag from /home/arun/.local/lib/python3.10/site-packages/airflow/example_dags/example_setup_teardown.py
[2024-02-29T18:21:42.761+0530] {processor.py:840} INFO - DAG(s) 'example_setup_teardown' retrieved from /home/arun/.local/lib/python3.10/site-packages/airflow/example_dags/example_setup_teardown.py
[2024-02-29T18:21:42.777+0530] {logging_mixin.py:188} INFO - [2024-02-29T18:21:42.777+0530] {dag.py:3036} INFO - Sync 1 DAGs
[2024-02-29T18:21:42.803+0530] {logging_mixin.py:188} INFO - [2024-02-29T18:21:42.803+0530] {dag.py:3823} INFO - Setting next_dagrun for example_setup_teardown to 2024-02-28 00:00:00+00:00, run_after=2024-02-29 00:00:00+00:00
[2024-02-29T18:21:42.833+0530] {processor.py:183} INFO - Processing /home/arun/.local/lib/python3.10/site-packages/airflow/example_dags/example_setup_teardown.py took 0.087 seconds
[2024-02-29T18:22:38.340+0530] {processor.py:161} INFO - Started process (PID=5709) to work on /home/arun/.local/lib/python3.10/site-packages/airflow/example_dags/example_setup_teardown.py
[2024-02-29T18:22:38.380+0530] {processor.py:830} INFO - Processing file /home/arun/.local/lib/python3.10/site-packages/airflow/example_dags/example_setup_teardown.py for tasks to queue
[2024-02-29T18:22:38.381+0530] {logging_mixin.py:188} INFO - [2024-02-29T18:22:38.381+0530] {dagbag.py:538} INFO - Filling up the DagBag from /home/arun/.local/lib/python3.10/site-packages/airflow/example_dags/example_setup_teardown.py
[2024-02-29T18:22:38.390+0530] {processor.py:840} INFO - DAG(s) 'example_setup_teardown' retrieved from /home/arun/.local/lib/python3.10/site-packages/airflow/example_dags/example_setup_teardown.py
[2024-02-29T18:22:38.407+0530] {logging_mixin.py:188} INFO - [2024-02-29T18:22:38.407+0530] {dag.py:3036} INFO - Sync 1 DAGs
[2024-02-29T18:22:38.435+0530] {logging_mixin.py:188} INFO - [2024-02-29T18:22:38.435+0530] {dag.py:3823} INFO - Setting next_dagrun for example_setup_teardown to 2024-02-28 00:00:00+00:00, run_after=2024-02-29 00:00:00+00:00
[2024-02-29T18:22:38.469+0530] {processor.py:183} INFO - Processing /home/arun/.local/lib/python3.10/site-packages/airflow/example_dags/example_setup_teardown.py took 0.132 seconds
[2024-02-29T18:23:34.151+0530] {processor.py:161} INFO - Started process (PID=5807) to work on /home/arun/.local/lib/python3.10/site-packages/airflow/example_dags/example_setup_teardown.py
[2024-02-29T18:23:34.153+0530] {processor.py:830} INFO - Processing file /home/arun/.local/lib/python3.10/site-packages/airflow/example_dags/example_setup_teardown.py for tasks to queue
[2024-02-29T18:23:34.154+0530] {logging_mixin.py:188} INFO - [2024-02-29T18:23:34.154+0530] {dagbag.py:538} INFO - Filling up the DagBag from /home/arun/.local/lib/python3.10/site-packages/airflow/example_dags/example_setup_teardown.py
[2024-02-29T18:23:34.169+0530] {processor.py:840} INFO - DAG(s) 'example_setup_teardown' retrieved from /home/arun/.local/lib/python3.10/site-packages/airflow/example_dags/example_setup_teardown.py
[2024-02-29T18:23:34.193+0530] {logging_mixin.py:188} INFO - [2024-02-29T18:23:34.193+0530] {dag.py:3036} INFO - Sync 1 DAGs
[2024-02-29T18:23:34.218+0530] {logging_mixin.py:188} INFO - [2024-02-29T18:23:34.218+0530] {dag.py:3823} INFO - Setting next_dagrun for example_setup_teardown to 2024-02-28 00:00:00+00:00, run_after=2024-02-29 00:00:00+00:00
[2024-02-29T18:23:34.317+0530] {processor.py:183} INFO - Processing /home/arun/.local/lib/python3.10/site-packages/airflow/example_dags/example_setup_teardown.py took 0.171 seconds
[2024-02-29T18:24:22.564+0530] {processor.py:161} INFO - Started process (PID=5896) to work on /home/arun/.local/lib/python3.10/site-packages/airflow/example_dags/example_setup_teardown.py
[2024-02-29T18:24:22.595+0530] {processor.py:830} INFO - Processing file /home/arun/.local/lib/python3.10/site-packages/airflow/example_dags/example_setup_teardown.py for tasks to queue
[2024-02-29T18:24:22.596+0530] {logging_mixin.py:188} INFO - [2024-02-29T18:24:22.596+0530] {dagbag.py:538} INFO - Filling up the DagBag from /home/arun/.local/lib/python3.10/site-packages/airflow/example_dags/example_setup_teardown.py
[2024-02-29T18:24:22.625+0530] {processor.py:840} INFO - DAG(s) 'example_setup_teardown' retrieved from /home/arun/.local/lib/python3.10/site-packages/airflow/example_dags/example_setup_teardown.py
[2024-02-29T18:24:22.647+0530] {logging_mixin.py:188} INFO - [2024-02-29T18:24:22.647+0530] {dag.py:3036} INFO - Sync 1 DAGs
[2024-02-29T18:24:22.672+0530] {logging_mixin.py:188} INFO - [2024-02-29T18:24:22.672+0530] {dag.py:3823} INFO - Setting next_dagrun for example_setup_teardown to 2024-02-28 00:00:00+00:00, run_after=2024-02-29 00:00:00+00:00
[2024-02-29T18:24:22.707+0530] {processor.py:183} INFO - Processing /home/arun/.local/lib/python3.10/site-packages/airflow/example_dags/example_setup_teardown.py took 0.148 seconds
[2024-02-29T18:25:12.948+0530] {processor.py:161} INFO - Started process (PID=5972) to work on /home/arun/.local/lib/python3.10/site-packages/airflow/example_dags/example_setup_teardown.py
[2024-02-29T18:25:12.980+0530] {processor.py:830} INFO - Processing file /home/arun/.local/lib/python3.10/site-packages/airflow/example_dags/example_setup_teardown.py for tasks to queue
[2024-02-29T18:25:12.981+0530] {logging_mixin.py:188} INFO - [2024-02-29T18:25:12.981+0530] {dagbag.py:538} INFO - Filling up the DagBag from /home/arun/.local/lib/python3.10/site-packages/airflow/example_dags/example_setup_teardown.py
[2024-02-29T18:25:12.993+0530] {processor.py:840} INFO - DAG(s) 'example_setup_teardown' retrieved from /home/arun/.local/lib/python3.10/site-packages/airflow/example_dags/example_setup_teardown.py
[2024-02-29T18:25:13.024+0530] {logging_mixin.py:188} INFO - [2024-02-29T18:25:13.024+0530] {dag.py:3036} INFO - Sync 1 DAGs
[2024-02-29T18:25:13.056+0530] {logging_mixin.py:188} INFO - [2024-02-29T18:25:13.055+0530] {dag.py:3823} INFO - Setting next_dagrun for example_setup_teardown to 2024-02-28 00:00:00+00:00, run_after=2024-02-29 00:00:00+00:00
[2024-02-29T18:25:13.087+0530] {processor.py:183} INFO - Processing /home/arun/.local/lib/python3.10/site-packages/airflow/example_dags/example_setup_teardown.py took 0.143 seconds
[2024-02-29T18:26:00.614+0530] {processor.py:161} INFO - Started process (PID=6048) to work on /home/arun/.local/lib/python3.10/site-packages/airflow/example_dags/example_setup_teardown.py
[2024-02-29T18:26:00.652+0530] {processor.py:830} INFO - Processing file /home/arun/.local/lib/python3.10/site-packages/airflow/example_dags/example_setup_teardown.py for tasks to queue
[2024-02-29T18:26:00.654+0530] {logging_mixin.py:188} INFO - [2024-02-29T18:26:00.653+0530] {dagbag.py:538} INFO - Filling up the DagBag from /home/arun/.local/lib/python3.10/site-packages/airflow/example_dags/example_setup_teardown.py
[2024-02-29T18:26:00.682+0530] {processor.py:840} INFO - DAG(s) 'example_setup_teardown' retrieved from /home/arun/.local/lib/python3.10/site-packages/airflow/example_dags/example_setup_teardown.py
[2024-02-29T18:26:00.708+0530] {logging_mixin.py:188} INFO - [2024-02-29T18:26:00.708+0530] {dag.py:3036} INFO - Sync 1 DAGs
[2024-02-29T18:26:00.741+0530] {logging_mixin.py:188} INFO - [2024-02-29T18:26:00.741+0530] {dag.py:3823} INFO - Setting next_dagrun for example_setup_teardown to 2024-02-28 00:00:00+00:00, run_after=2024-02-29 00:00:00+00:00
[2024-02-29T18:26:00.804+0530] {processor.py:183} INFO - Processing /home/arun/.local/lib/python3.10/site-packages/airflow/example_dags/example_setup_teardown.py took 0.193 seconds
[2024-02-29T18:26:47.836+0530] {processor.py:161} INFO - Started process (PID=6121) to work on /home/arun/.local/lib/python3.10/site-packages/airflow/example_dags/example_setup_teardown.py
[2024-02-29T18:26:47.870+0530] {processor.py:830} INFO - Processing file /home/arun/.local/lib/python3.10/site-packages/airflow/example_dags/example_setup_teardown.py for tasks to queue
[2024-02-29T18:26:47.881+0530] {logging_mixin.py:188} INFO - [2024-02-29T18:26:47.880+0530] {dagbag.py:538} INFO - Filling up the DagBag from /home/arun/.local/lib/python3.10/site-packages/airflow/example_dags/example_setup_teardown.py
[2024-02-29T18:26:47.919+0530] {processor.py:840} INFO - DAG(s) 'example_setup_teardown' retrieved from /home/arun/.local/lib/python3.10/site-packages/airflow/example_dags/example_setup_teardown.py
[2024-02-29T18:26:47.964+0530] {logging_mixin.py:188} INFO - [2024-02-29T18:26:47.964+0530] {dag.py:3036} INFO - Sync 1 DAGs
[2024-02-29T18:26:47.999+0530] {logging_mixin.py:188} INFO - [2024-02-29T18:26:47.999+0530] {dag.py:3823} INFO - Setting next_dagrun for example_setup_teardown to 2024-02-28 00:00:00+00:00, run_after=2024-02-29 00:00:00+00:00
[2024-02-29T18:26:48.094+0530] {processor.py:183} INFO - Processing /home/arun/.local/lib/python3.10/site-packages/airflow/example_dags/example_setup_teardown.py took 0.263 seconds
[2024-02-29T18:28:05.127+0530] {processor.py:161} INFO - Started process (PID=6256) to work on /home/arun/.local/lib/python3.10/site-packages/airflow/example_dags/example_setup_teardown.py
[2024-02-29T18:28:05.575+0530] {processor.py:830} INFO - Processing file /home/arun/.local/lib/python3.10/site-packages/airflow/example_dags/example_setup_teardown.py for tasks to queue
[2024-02-29T18:28:05.577+0530] {logging_mixin.py:188} INFO - [2024-02-29T18:28:05.576+0530] {dagbag.py:538} INFO - Filling up the DagBag from /home/arun/.local/lib/python3.10/site-packages/airflow/example_dags/example_setup_teardown.py
[2024-02-29T18:28:05.586+0530] {processor.py:840} INFO - DAG(s) 'example_setup_teardown' retrieved from /home/arun/.local/lib/python3.10/site-packages/airflow/example_dags/example_setup_teardown.py
[2024-02-29T18:28:05.604+0530] {logging_mixin.py:188} INFO - [2024-02-29T18:28:05.604+0530] {dag.py:3036} INFO - Sync 1 DAGs
[2024-02-29T18:28:05.632+0530] {logging_mixin.py:188} INFO - [2024-02-29T18:28:05.632+0530] {dag.py:3823} INFO - Setting next_dagrun for example_setup_teardown to 2024-02-28 00:00:00+00:00, run_after=2024-02-29 00:00:00+00:00
[2024-02-29T18:28:07.030+0530] {processor.py:183} INFO - Processing /home/arun/.local/lib/python3.10/site-packages/airflow/example_dags/example_setup_teardown.py took 1.908 seconds
[2024-02-29T18:29:14.519+0530] {processor.py:161} INFO - Started process (PID=6366) to work on /home/arun/.local/lib/python3.10/site-packages/airflow/example_dags/example_setup_teardown.py
[2024-02-29T18:29:14.560+0530] {processor.py:830} INFO - Processing file /home/arun/.local/lib/python3.10/site-packages/airflow/example_dags/example_setup_teardown.py for tasks to queue
[2024-02-29T18:29:14.570+0530] {logging_mixin.py:188} INFO - [2024-02-29T18:29:14.562+0530] {dagbag.py:538} INFO - Filling up the DagBag from /home/arun/.local/lib/python3.10/site-packages/airflow/example_dags/example_setup_teardown.py
[2024-02-29T18:29:14.626+0530] {processor.py:840} INFO - DAG(s) 'example_setup_teardown' retrieved from /home/arun/.local/lib/python3.10/site-packages/airflow/example_dags/example_setup_teardown.py
[2024-02-29T18:29:14.661+0530] {logging_mixin.py:188} INFO - [2024-02-29T18:29:14.661+0530] {dag.py:3036} INFO - Sync 1 DAGs
[2024-02-29T18:29:14.717+0530] {logging_mixin.py:188} INFO - [2024-02-29T18:29:14.717+0530] {dag.py:3823} INFO - Setting next_dagrun for example_setup_teardown to 2024-02-28 00:00:00+00:00, run_after=2024-02-29 00:00:00+00:00
[2024-02-29T18:29:14.827+0530] {processor.py:183} INFO - Processing /home/arun/.local/lib/python3.10/site-packages/airflow/example_dags/example_setup_teardown.py took 0.318 seconds
[2024-02-29T18:30:15.254+0530] {processor.py:161} INFO - Started process (PID=6473) to work on /home/arun/.local/lib/python3.10/site-packages/airflow/example_dags/example_setup_teardown.py
[2024-02-29T18:30:15.259+0530] {processor.py:830} INFO - Processing file /home/arun/.local/lib/python3.10/site-packages/airflow/example_dags/example_setup_teardown.py for tasks to queue
[2024-02-29T18:30:15.282+0530] {logging_mixin.py:188} INFO - [2024-02-29T18:30:15.281+0530] {dagbag.py:538} INFO - Filling up the DagBag from /home/arun/.local/lib/python3.10/site-packages/airflow/example_dags/example_setup_teardown.py
[2024-02-29T18:30:15.363+0530] {processor.py:840} INFO - DAG(s) 'example_setup_teardown' retrieved from /home/arun/.local/lib/python3.10/site-packages/airflow/example_dags/example_setup_teardown.py
[2024-02-29T18:30:15.430+0530] {logging_mixin.py:188} INFO - [2024-02-29T18:30:15.430+0530] {dag.py:3036} INFO - Sync 1 DAGs
[2024-02-29T18:30:15.489+0530] {logging_mixin.py:188} INFO - [2024-02-29T18:30:15.489+0530] {dag.py:3823} INFO - Setting next_dagrun for example_setup_teardown to 2024-02-28 00:00:00+00:00, run_after=2024-02-29 00:00:00+00:00
[2024-02-29T18:30:15.558+0530] {processor.py:183} INFO - Processing /home/arun/.local/lib/python3.10/site-packages/airflow/example_dags/example_setup_teardown.py took 0.343 seconds
[2024-02-29T18:31:12.119+0530] {processor.py:161} INFO - Started process (PID=6561) to work on /home/arun/.local/lib/python3.10/site-packages/airflow/example_dags/example_setup_teardown.py
[2024-02-29T18:31:12.124+0530] {processor.py:830} INFO - Processing file /home/arun/.local/lib/python3.10/site-packages/airflow/example_dags/example_setup_teardown.py for tasks to queue
[2024-02-29T18:31:12.125+0530] {logging_mixin.py:188} INFO - [2024-02-29T18:31:12.124+0530] {dagbag.py:538} INFO - Filling up the DagBag from /home/arun/.local/lib/python3.10/site-packages/airflow/example_dags/example_setup_teardown.py
[2024-02-29T18:31:12.135+0530] {processor.py:840} INFO - DAG(s) 'example_setup_teardown' retrieved from /home/arun/.local/lib/python3.10/site-packages/airflow/example_dags/example_setup_teardown.py
[2024-02-29T18:31:12.155+0530] {logging_mixin.py:188} INFO - [2024-02-29T18:31:12.155+0530] {dag.py:3036} INFO - Sync 1 DAGs
[2024-02-29T18:31:12.185+0530] {logging_mixin.py:188} INFO - [2024-02-29T18:31:12.185+0530] {dag.py:3823} INFO - Setting next_dagrun for example_setup_teardown to 2024-02-28 00:00:00+00:00, run_after=2024-02-29 00:00:00+00:00
[2024-02-29T18:31:12.233+0530] {processor.py:183} INFO - Processing /home/arun/.local/lib/python3.10/site-packages/airflow/example_dags/example_setup_teardown.py took 0.117 seconds
[2024-02-29T18:32:02.425+0530] {processor.py:161} INFO - Started process (PID=6643) to work on /home/arun/.local/lib/python3.10/site-packages/airflow/example_dags/example_setup_teardown.py
[2024-02-29T18:32:02.427+0530] {processor.py:830} INFO - Processing file /home/arun/.local/lib/python3.10/site-packages/airflow/example_dags/example_setup_teardown.py for tasks to queue
[2024-02-29T18:32:02.428+0530] {logging_mixin.py:188} INFO - [2024-02-29T18:32:02.428+0530] {dagbag.py:538} INFO - Filling up the DagBag from /home/arun/.local/lib/python3.10/site-packages/airflow/example_dags/example_setup_teardown.py
[2024-02-29T18:32:02.443+0530] {processor.py:840} INFO - DAG(s) 'example_setup_teardown' retrieved from /home/arun/.local/lib/python3.10/site-packages/airflow/example_dags/example_setup_teardown.py
[2024-02-29T18:32:02.474+0530] {logging_mixin.py:188} INFO - [2024-02-29T18:32:02.473+0530] {dag.py:3036} INFO - Sync 1 DAGs
[2024-02-29T18:32:02.522+0530] {logging_mixin.py:188} INFO - [2024-02-29T18:32:02.522+0530] {dag.py:3823} INFO - Setting next_dagrun for example_setup_teardown to 2024-02-28 00:00:00+00:00, run_after=2024-02-29 00:00:00+00:00
[2024-02-29T18:32:02.609+0530] {processor.py:183} INFO - Processing /home/arun/.local/lib/python3.10/site-packages/airflow/example_dags/example_setup_teardown.py took 0.190 seconds
[2024-02-29T18:32:51.519+0530] {processor.py:161} INFO - Started process (PID=6726) to work on /home/arun/.local/lib/python3.10/site-packages/airflow/example_dags/example_setup_teardown.py
[2024-02-29T18:32:51.542+0530] {processor.py:830} INFO - Processing file /home/arun/.local/lib/python3.10/site-packages/airflow/example_dags/example_setup_teardown.py for tasks to queue
[2024-02-29T18:32:51.544+0530] {logging_mixin.py:188} INFO - [2024-02-29T18:32:51.543+0530] {dagbag.py:538} INFO - Filling up the DagBag from /home/arun/.local/lib/python3.10/site-packages/airflow/example_dags/example_setup_teardown.py
[2024-02-29T18:32:51.555+0530] {processor.py:840} INFO - DAG(s) 'example_setup_teardown' retrieved from /home/arun/.local/lib/python3.10/site-packages/airflow/example_dags/example_setup_teardown.py
[2024-02-29T18:32:51.575+0530] {logging_mixin.py:188} INFO - [2024-02-29T18:32:51.575+0530] {dag.py:3036} INFO - Sync 1 DAGs
[2024-02-29T18:32:51.598+0530] {logging_mixin.py:188} INFO - [2024-02-29T18:32:51.598+0530] {dag.py:3823} INFO - Setting next_dagrun for example_setup_teardown to 2024-02-28 00:00:00+00:00, run_after=2024-02-29 00:00:00+00:00
[2024-02-29T18:32:51.647+0530] {processor.py:183} INFO - Processing /home/arun/.local/lib/python3.10/site-packages/airflow/example_dags/example_setup_teardown.py took 0.133 seconds
[2024-02-29T18:33:49.468+0530] {processor.py:161} INFO - Started process (PID=6817) to work on /home/arun/.local/lib/python3.10/site-packages/airflow/example_dags/example_setup_teardown.py
[2024-02-29T18:33:49.469+0530] {processor.py:830} INFO - Processing file /home/arun/.local/lib/python3.10/site-packages/airflow/example_dags/example_setup_teardown.py for tasks to queue
[2024-02-29T18:33:49.470+0530] {logging_mixin.py:188} INFO - [2024-02-29T18:33:49.470+0530] {dagbag.py:538} INFO - Filling up the DagBag from /home/arun/.local/lib/python3.10/site-packages/airflow/example_dags/example_setup_teardown.py
[2024-02-29T18:33:49.480+0530] {processor.py:840} INFO - DAG(s) 'example_setup_teardown' retrieved from /home/arun/.local/lib/python3.10/site-packages/airflow/example_dags/example_setup_teardown.py
[2024-02-29T18:33:49.503+0530] {logging_mixin.py:188} INFO - [2024-02-29T18:33:49.502+0530] {dag.py:3036} INFO - Sync 1 DAGs
[2024-02-29T18:33:49.538+0530] {logging_mixin.py:188} INFO - [2024-02-29T18:33:49.538+0530] {dag.py:3823} INFO - Setting next_dagrun for example_setup_teardown to 2024-02-28 00:00:00+00:00, run_after=2024-02-29 00:00:00+00:00
[2024-02-29T18:33:49.579+0530] {processor.py:183} INFO - Processing /home/arun/.local/lib/python3.10/site-packages/airflow/example_dags/example_setup_teardown.py took 0.115 seconds
[2024-02-29T18:34:40.835+0530] {processor.py:161} INFO - Started process (PID=6901) to work on /home/arun/.local/lib/python3.10/site-packages/airflow/example_dags/example_setup_teardown.py
[2024-02-29T18:34:40.839+0530] {processor.py:830} INFO - Processing file /home/arun/.local/lib/python3.10/site-packages/airflow/example_dags/example_setup_teardown.py for tasks to queue
[2024-02-29T18:34:40.841+0530] {logging_mixin.py:188} INFO - [2024-02-29T18:34:40.840+0530] {dagbag.py:538} INFO - Filling up the DagBag from /home/arun/.local/lib/python3.10/site-packages/airflow/example_dags/example_setup_teardown.py
[2024-02-29T18:34:40.856+0530] {processor.py:840} INFO - DAG(s) 'example_setup_teardown' retrieved from /home/arun/.local/lib/python3.10/site-packages/airflow/example_dags/example_setup_teardown.py
[2024-02-29T18:34:40.886+0530] {logging_mixin.py:188} INFO - [2024-02-29T18:34:40.886+0530] {dag.py:3036} INFO - Sync 1 DAGs
[2024-02-29T18:34:40.930+0530] {logging_mixin.py:188} INFO - [2024-02-29T18:34:40.929+0530] {dag.py:3823} INFO - Setting next_dagrun for example_setup_teardown to 2024-02-28 00:00:00+00:00, run_after=2024-02-29 00:00:00+00:00
[2024-02-29T18:34:41.005+0530] {processor.py:183} INFO - Processing /home/arun/.local/lib/python3.10/site-packages/airflow/example_dags/example_setup_teardown.py took 0.175 seconds
[2024-02-29T18:35:34.057+0530] {processor.py:161} INFO - Started process (PID=6986) to work on /home/arun/.local/lib/python3.10/site-packages/airflow/example_dags/example_setup_teardown.py
[2024-02-29T18:35:34.091+0530] {processor.py:830} INFO - Processing file /home/arun/.local/lib/python3.10/site-packages/airflow/example_dags/example_setup_teardown.py for tasks to queue
[2024-02-29T18:35:34.092+0530] {logging_mixin.py:188} INFO - [2024-02-29T18:35:34.092+0530] {dagbag.py:538} INFO - Filling up the DagBag from /home/arun/.local/lib/python3.10/site-packages/airflow/example_dags/example_setup_teardown.py
[2024-02-29T18:35:34.100+0530] {processor.py:840} INFO - DAG(s) 'example_setup_teardown' retrieved from /home/arun/.local/lib/python3.10/site-packages/airflow/example_dags/example_setup_teardown.py
[2024-02-29T18:35:34.118+0530] {logging_mixin.py:188} INFO - [2024-02-29T18:35:34.118+0530] {dag.py:3036} INFO - Sync 1 DAGs
[2024-02-29T18:35:34.142+0530] {logging_mixin.py:188} INFO - [2024-02-29T18:35:34.142+0530] {dag.py:3823} INFO - Setting next_dagrun for example_setup_teardown to 2024-02-28 00:00:00+00:00, run_after=2024-02-29 00:00:00+00:00
[2024-02-29T18:35:34.173+0530] {processor.py:183} INFO - Processing /home/arun/.local/lib/python3.10/site-packages/airflow/example_dags/example_setup_teardown.py took 0.120 seconds
[2024-02-29T18:36:33.784+0530] {processor.py:161} INFO - Started process (PID=7075) to work on /home/arun/.local/lib/python3.10/site-packages/airflow/example_dags/example_setup_teardown.py
[2024-02-29T18:36:33.787+0530] {processor.py:830} INFO - Processing file /home/arun/.local/lib/python3.10/site-packages/airflow/example_dags/example_setup_teardown.py for tasks to queue
[2024-02-29T18:36:33.788+0530] {logging_mixin.py:188} INFO - [2024-02-29T18:36:33.787+0530] {dagbag.py:538} INFO - Filling up the DagBag from /home/arun/.local/lib/python3.10/site-packages/airflow/example_dags/example_setup_teardown.py
[2024-02-29T18:36:33.800+0530] {processor.py:840} INFO - DAG(s) 'example_setup_teardown' retrieved from /home/arun/.local/lib/python3.10/site-packages/airflow/example_dags/example_setup_teardown.py
[2024-02-29T18:36:33.824+0530] {logging_mixin.py:188} INFO - [2024-02-29T18:36:33.824+0530] {dag.py:3036} INFO - Sync 1 DAGs
[2024-02-29T18:36:33.860+0530] {logging_mixin.py:188} INFO - [2024-02-29T18:36:33.859+0530] {dag.py:3823} INFO - Setting next_dagrun for example_setup_teardown to 2024-02-28 00:00:00+00:00, run_after=2024-02-29 00:00:00+00:00
[2024-02-29T18:36:33.905+0530] {processor.py:183} INFO - Processing /home/arun/.local/lib/python3.10/site-packages/airflow/example_dags/example_setup_teardown.py took 0.125 seconds
[2024-02-29T18:37:37.992+0530] {processor.py:161} INFO - Started process (PID=7171) to work on /home/arun/.local/lib/python3.10/site-packages/airflow/example_dags/example_setup_teardown.py
[2024-02-29T18:37:37.994+0530] {processor.py:830} INFO - Processing file /home/arun/.local/lib/python3.10/site-packages/airflow/example_dags/example_setup_teardown.py for tasks to queue
[2024-02-29T18:37:37.995+0530] {logging_mixin.py:188} INFO - [2024-02-29T18:37:37.995+0530] {dagbag.py:538} INFO - Filling up the DagBag from /home/arun/.local/lib/python3.10/site-packages/airflow/example_dags/example_setup_teardown.py
[2024-02-29T18:37:38.005+0530] {processor.py:840} INFO - DAG(s) 'example_setup_teardown' retrieved from /home/arun/.local/lib/python3.10/site-packages/airflow/example_dags/example_setup_teardown.py
[2024-02-29T18:37:38.027+0530] {logging_mixin.py:188} INFO - [2024-02-29T18:37:38.027+0530] {dag.py:3036} INFO - Sync 1 DAGs
[2024-02-29T18:37:38.051+0530] {logging_mixin.py:188} INFO - [2024-02-29T18:37:38.050+0530] {dag.py:3823} INFO - Setting next_dagrun for example_setup_teardown to 2024-02-28 00:00:00+00:00, run_after=2024-02-29 00:00:00+00:00
[2024-02-29T18:37:38.087+0530] {processor.py:183} INFO - Processing /home/arun/.local/lib/python3.10/site-packages/airflow/example_dags/example_setup_teardown.py took 0.098 seconds
[2024-02-29T18:38:36.553+0530] {processor.py:161} INFO - Started process (PID=7350) to work on /home/arun/.local/lib/python3.10/site-packages/airflow/example_dags/example_setup_teardown.py
[2024-02-29T18:38:36.555+0530] {processor.py:830} INFO - Processing file /home/arun/.local/lib/python3.10/site-packages/airflow/example_dags/example_setup_teardown.py for tasks to queue
[2024-02-29T18:38:36.556+0530] {logging_mixin.py:188} INFO - [2024-02-29T18:38:36.555+0530] {dagbag.py:538} INFO - Filling up the DagBag from /home/arun/.local/lib/python3.10/site-packages/airflow/example_dags/example_setup_teardown.py
[2024-02-29T18:38:36.565+0530] {processor.py:840} INFO - DAG(s) 'example_setup_teardown' retrieved from /home/arun/.local/lib/python3.10/site-packages/airflow/example_dags/example_setup_teardown.py
[2024-02-29T18:38:36.583+0530] {logging_mixin.py:188} INFO - [2024-02-29T18:38:36.583+0530] {dag.py:3036} INFO - Sync 1 DAGs
[2024-02-29T18:38:36.608+0530] {logging_mixin.py:188} INFO - [2024-02-29T18:38:36.608+0530] {dag.py:3823} INFO - Setting next_dagrun for example_setup_teardown to 2024-02-28 00:00:00+00:00, run_after=2024-02-29 00:00:00+00:00
[2024-02-29T18:38:36.641+0530] {processor.py:183} INFO - Processing /home/arun/.local/lib/python3.10/site-packages/airflow/example_dags/example_setup_teardown.py took 0.091 seconds
[2024-02-29T18:39:34.565+0530] {processor.py:161} INFO - Started process (PID=7439) to work on /home/arun/.local/lib/python3.10/site-packages/airflow/example_dags/example_setup_teardown.py
[2024-02-29T18:39:34.566+0530] {processor.py:830} INFO - Processing file /home/arun/.local/lib/python3.10/site-packages/airflow/example_dags/example_setup_teardown.py for tasks to queue
[2024-02-29T18:39:34.567+0530] {logging_mixin.py:188} INFO - [2024-02-29T18:39:34.567+0530] {dagbag.py:538} INFO - Filling up the DagBag from /home/arun/.local/lib/python3.10/site-packages/airflow/example_dags/example_setup_teardown.py
[2024-02-29T18:39:34.576+0530] {processor.py:840} INFO - DAG(s) 'example_setup_teardown' retrieved from /home/arun/.local/lib/python3.10/site-packages/airflow/example_dags/example_setup_teardown.py
[2024-02-29T18:39:34.592+0530] {logging_mixin.py:188} INFO - [2024-02-29T18:39:34.592+0530] {dag.py:3036} INFO - Sync 1 DAGs
[2024-02-29T18:39:34.614+0530] {logging_mixin.py:188} INFO - [2024-02-29T18:39:34.614+0530] {dag.py:3823} INFO - Setting next_dagrun for example_setup_teardown to 2024-02-28 00:00:00+00:00, run_after=2024-02-29 00:00:00+00:00
[2024-02-29T18:39:34.641+0530] {processor.py:183} INFO - Processing /home/arun/.local/lib/python3.10/site-packages/airflow/example_dags/example_setup_teardown.py took 0.079 seconds
[2024-02-29T18:40:31.012+0530] {processor.py:161} INFO - Started process (PID=7526) to work on /home/arun/.local/lib/python3.10/site-packages/airflow/example_dags/example_setup_teardown.py
[2024-02-29T18:40:31.013+0530] {processor.py:830} INFO - Processing file /home/arun/.local/lib/python3.10/site-packages/airflow/example_dags/example_setup_teardown.py for tasks to queue
[2024-02-29T18:40:31.014+0530] {logging_mixin.py:188} INFO - [2024-02-29T18:40:31.014+0530] {dagbag.py:538} INFO - Filling up the DagBag from /home/arun/.local/lib/python3.10/site-packages/airflow/example_dags/example_setup_teardown.py
[2024-02-29T18:40:31.023+0530] {processor.py:840} INFO - DAG(s) 'example_setup_teardown' retrieved from /home/arun/.local/lib/python3.10/site-packages/airflow/example_dags/example_setup_teardown.py
[2024-02-29T18:40:31.043+0530] {logging_mixin.py:188} INFO - [2024-02-29T18:40:31.042+0530] {dag.py:3036} INFO - Sync 1 DAGs
[2024-02-29T18:40:31.071+0530] {logging_mixin.py:188} INFO - [2024-02-29T18:40:31.070+0530] {dag.py:3823} INFO - Setting next_dagrun for example_setup_teardown to 2024-02-28 00:00:00+00:00, run_after=2024-02-29 00:00:00+00:00
[2024-02-29T18:40:31.101+0530] {processor.py:183} INFO - Processing /home/arun/.local/lib/python3.10/site-packages/airflow/example_dags/example_setup_teardown.py took 0.093 seconds
[2024-02-29T18:41:28.314+0530] {processor.py:161} INFO - Started process (PID=7616) to work on /home/arun/.local/lib/python3.10/site-packages/airflow/example_dags/example_setup_teardown.py
[2024-02-29T18:41:28.356+0530] {processor.py:830} INFO - Processing file /home/arun/.local/lib/python3.10/site-packages/airflow/example_dags/example_setup_teardown.py for tasks to queue
[2024-02-29T18:41:28.357+0530] {logging_mixin.py:188} INFO - [2024-02-29T18:41:28.357+0530] {dagbag.py:538} INFO - Filling up the DagBag from /home/arun/.local/lib/python3.10/site-packages/airflow/example_dags/example_setup_teardown.py
[2024-02-29T18:41:28.368+0530] {processor.py:840} INFO - DAG(s) 'example_setup_teardown' retrieved from /home/arun/.local/lib/python3.10/site-packages/airflow/example_dags/example_setup_teardown.py
[2024-02-29T18:41:28.385+0530] {logging_mixin.py:188} INFO - [2024-02-29T18:41:28.384+0530] {dag.py:3036} INFO - Sync 1 DAGs
[2024-02-29T18:41:28.404+0530] {logging_mixin.py:188} INFO - [2024-02-29T18:41:28.404+0530] {dag.py:3823} INFO - Setting next_dagrun for example_setup_teardown to 2024-02-28 00:00:00+00:00, run_after=2024-02-29 00:00:00+00:00
[2024-02-29T18:41:28.441+0530] {processor.py:183} INFO - Processing /home/arun/.local/lib/python3.10/site-packages/airflow/example_dags/example_setup_teardown.py took 0.133 seconds
[2024-02-29T18:42:23.738+0530] {processor.py:161} INFO - Started process (PID=7719) to work on /home/arun/.local/lib/python3.10/site-packages/airflow/example_dags/example_setup_teardown.py
[2024-02-29T18:42:23.739+0530] {processor.py:830} INFO - Processing file /home/arun/.local/lib/python3.10/site-packages/airflow/example_dags/example_setup_teardown.py for tasks to queue
[2024-02-29T18:42:23.740+0530] {logging_mixin.py:188} INFO - [2024-02-29T18:42:23.740+0530] {dagbag.py:538} INFO - Filling up the DagBag from /home/arun/.local/lib/python3.10/site-packages/airflow/example_dags/example_setup_teardown.py
[2024-02-29T18:42:23.747+0530] {processor.py:840} INFO - DAG(s) 'example_setup_teardown' retrieved from /home/arun/.local/lib/python3.10/site-packages/airflow/example_dags/example_setup_teardown.py
[2024-02-29T18:42:23.763+0530] {logging_mixin.py:188} INFO - [2024-02-29T18:42:23.763+0530] {dag.py:3036} INFO - Sync 1 DAGs
[2024-02-29T18:42:23.790+0530] {logging_mixin.py:188} INFO - [2024-02-29T18:42:23.789+0530] {dag.py:3823} INFO - Setting next_dagrun for example_setup_teardown to 2024-02-28 00:00:00+00:00, run_after=2024-02-29 00:00:00+00:00
[2024-02-29T18:42:23.823+0530] {processor.py:183} INFO - Processing /home/arun/.local/lib/python3.10/site-packages/airflow/example_dags/example_setup_teardown.py took 0.088 seconds
[2024-02-29T18:43:28.999+0530] {processor.py:161} INFO - Started process (PID=7828) to work on /home/arun/.local/lib/python3.10/site-packages/airflow/example_dags/example_setup_teardown.py
[2024-02-29T18:43:29.003+0530] {processor.py:830} INFO - Processing file /home/arun/.local/lib/python3.10/site-packages/airflow/example_dags/example_setup_teardown.py for tasks to queue
[2024-02-29T18:43:29.004+0530] {logging_mixin.py:188} INFO - [2024-02-29T18:43:29.003+0530] {dagbag.py:538} INFO - Filling up the DagBag from /home/arun/.local/lib/python3.10/site-packages/airflow/example_dags/example_setup_teardown.py
[2024-02-29T18:43:29.022+0530] {processor.py:840} INFO - DAG(s) 'example_setup_teardown' retrieved from /home/arun/.local/lib/python3.10/site-packages/airflow/example_dags/example_setup_teardown.py
[2024-02-29T18:43:29.069+0530] {logging_mixin.py:188} INFO - [2024-02-29T18:43:29.068+0530] {dag.py:3036} INFO - Sync 1 DAGs
[2024-02-29T18:43:29.104+0530] {logging_mixin.py:188} INFO - [2024-02-29T18:43:29.104+0530] {dag.py:3823} INFO - Setting next_dagrun for example_setup_teardown to 2024-02-28 00:00:00+00:00, run_after=2024-02-29 00:00:00+00:00
[2024-02-29T18:43:29.215+0530] {processor.py:183} INFO - Processing /home/arun/.local/lib/python3.10/site-packages/airflow/example_dags/example_setup_teardown.py took 0.220 seconds
[2024-02-29T18:44:30.575+0530] {processor.py:161} INFO - Started process (PID=7925) to work on /home/arun/.local/lib/python3.10/site-packages/airflow/example_dags/example_setup_teardown.py
[2024-02-29T18:44:30.614+0530] {processor.py:830} INFO - Processing file /home/arun/.local/lib/python3.10/site-packages/airflow/example_dags/example_setup_teardown.py for tasks to queue
[2024-02-29T18:44:30.617+0530] {logging_mixin.py:188} INFO - [2024-02-29T18:44:30.616+0530] {dagbag.py:538} INFO - Filling up the DagBag from /home/arun/.local/lib/python3.10/site-packages/airflow/example_dags/example_setup_teardown.py
[2024-02-29T18:44:30.634+0530] {processor.py:840} INFO - DAG(s) 'example_setup_teardown' retrieved from /home/arun/.local/lib/python3.10/site-packages/airflow/example_dags/example_setup_teardown.py
[2024-02-29T18:44:30.664+0530] {logging_mixin.py:188} INFO - [2024-02-29T18:44:30.663+0530] {dag.py:3036} INFO - Sync 1 DAGs
[2024-02-29T18:44:30.695+0530] {logging_mixin.py:188} INFO - [2024-02-29T18:44:30.695+0530] {dag.py:3823} INFO - Setting next_dagrun for example_setup_teardown to 2024-02-28 00:00:00+00:00, run_after=2024-02-29 00:00:00+00:00
[2024-02-29T18:44:30.730+0530] {processor.py:183} INFO - Processing /home/arun/.local/lib/python3.10/site-packages/airflow/example_dags/example_setup_teardown.py took 0.160 seconds
[2024-02-29T18:45:24.507+0530] {processor.py:161} INFO - Started process (PID=8013) to work on /home/arun/.local/lib/python3.10/site-packages/airflow/example_dags/example_setup_teardown.py
[2024-02-29T18:45:24.508+0530] {processor.py:830} INFO - Processing file /home/arun/.local/lib/python3.10/site-packages/airflow/example_dags/example_setup_teardown.py for tasks to queue
[2024-02-29T18:45:24.509+0530] {logging_mixin.py:188} INFO - [2024-02-29T18:45:24.509+0530] {dagbag.py:538} INFO - Filling up the DagBag from /home/arun/.local/lib/python3.10/site-packages/airflow/example_dags/example_setup_teardown.py
[2024-02-29T18:45:24.520+0530] {processor.py:840} INFO - DAG(s) 'example_setup_teardown' retrieved from /home/arun/.local/lib/python3.10/site-packages/airflow/example_dags/example_setup_teardown.py
[2024-02-29T18:45:24.545+0530] {logging_mixin.py:188} INFO - [2024-02-29T18:45:24.544+0530] {dag.py:3036} INFO - Sync 1 DAGs
[2024-02-29T18:45:24.582+0530] {logging_mixin.py:188} INFO - [2024-02-29T18:45:24.581+0530] {dag.py:3823} INFO - Setting next_dagrun for example_setup_teardown to 2024-02-28 00:00:00+00:00, run_after=2024-02-29 00:00:00+00:00
[2024-02-29T18:45:24.674+0530] {processor.py:183} INFO - Processing /home/arun/.local/lib/python3.10/site-packages/airflow/example_dags/example_setup_teardown.py took 0.171 seconds
[2024-02-29T18:46:18.174+0530] {processor.py:161} INFO - Started process (PID=8113) to work on /home/arun/.local/lib/python3.10/site-packages/airflow/example_dags/example_setup_teardown.py
[2024-02-29T18:46:18.176+0530] {processor.py:830} INFO - Processing file /home/arun/.local/lib/python3.10/site-packages/airflow/example_dags/example_setup_teardown.py for tasks to queue
[2024-02-29T18:46:18.177+0530] {logging_mixin.py:188} INFO - [2024-02-29T18:46:18.176+0530] {dagbag.py:538} INFO - Filling up the DagBag from /home/arun/.local/lib/python3.10/site-packages/airflow/example_dags/example_setup_teardown.py
[2024-02-29T18:46:18.186+0530] {processor.py:840} INFO - DAG(s) 'example_setup_teardown' retrieved from /home/arun/.local/lib/python3.10/site-packages/airflow/example_dags/example_setup_teardown.py
[2024-02-29T18:46:18.207+0530] {logging_mixin.py:188} INFO - [2024-02-29T18:46:18.207+0530] {dag.py:3036} INFO - Sync 1 DAGs
[2024-02-29T18:46:18.239+0530] {logging_mixin.py:188} INFO - [2024-02-29T18:46:18.239+0530] {dag.py:3823} INFO - Setting next_dagrun for example_setup_teardown to 2024-02-28 00:00:00+00:00, run_after=2024-02-29 00:00:00+00:00
[2024-02-29T18:46:18.279+0530] {processor.py:183} INFO - Processing /home/arun/.local/lib/python3.10/site-packages/airflow/example_dags/example_setup_teardown.py took 0.108 seconds
[2024-02-29T18:47:11.093+0530] {processor.py:161} INFO - Started process (PID=8197) to work on /home/arun/.local/lib/python3.10/site-packages/airflow/example_dags/example_setup_teardown.py
[2024-02-29T18:47:11.133+0530] {processor.py:830} INFO - Processing file /home/arun/.local/lib/python3.10/site-packages/airflow/example_dags/example_setup_teardown.py for tasks to queue
[2024-02-29T18:47:11.134+0530] {logging_mixin.py:188} INFO - [2024-02-29T18:47:11.134+0530] {dagbag.py:538} INFO - Filling up the DagBag from /home/arun/.local/lib/python3.10/site-packages/airflow/example_dags/example_setup_teardown.py
[2024-02-29T18:47:11.146+0530] {processor.py:840} INFO - DAG(s) 'example_setup_teardown' retrieved from /home/arun/.local/lib/python3.10/site-packages/airflow/example_dags/example_setup_teardown.py
[2024-02-29T18:47:11.169+0530] {logging_mixin.py:188} INFO - [2024-02-29T18:47:11.168+0530] {dag.py:3036} INFO - Sync 1 DAGs
[2024-02-29T18:47:11.196+0530] {logging_mixin.py:188} INFO - [2024-02-29T18:47:11.196+0530] {dag.py:3823} INFO - Setting next_dagrun for example_setup_teardown to 2024-02-28 00:00:00+00:00, run_after=2024-02-29 00:00:00+00:00
[2024-02-29T18:47:11.226+0530] {processor.py:183} INFO - Processing /home/arun/.local/lib/python3.10/site-packages/airflow/example_dags/example_setup_teardown.py took 0.137 seconds
[2024-02-29T18:48:02.661+0530] {processor.py:161} INFO - Started process (PID=8279) to work on /home/arun/.local/lib/python3.10/site-packages/airflow/example_dags/example_setup_teardown.py
[2024-02-29T18:48:02.664+0530] {processor.py:830} INFO - Processing file /home/arun/.local/lib/python3.10/site-packages/airflow/example_dags/example_setup_teardown.py for tasks to queue
[2024-02-29T18:48:02.666+0530] {logging_mixin.py:188} INFO - [2024-02-29T18:48:02.665+0530] {dagbag.py:538} INFO - Filling up the DagBag from /home/arun/.local/lib/python3.10/site-packages/airflow/example_dags/example_setup_teardown.py
[2024-02-29T18:48:02.679+0530] {processor.py:840} INFO - DAG(s) 'example_setup_teardown' retrieved from /home/arun/.local/lib/python3.10/site-packages/airflow/example_dags/example_setup_teardown.py
[2024-02-29T18:48:02.697+0530] {logging_mixin.py:188} INFO - [2024-02-29T18:48:02.697+0530] {dag.py:3036} INFO - Sync 1 DAGs
[2024-02-29T18:48:02.720+0530] {logging_mixin.py:188} INFO - [2024-02-29T18:48:02.720+0530] {dag.py:3823} INFO - Setting next_dagrun for example_setup_teardown to 2024-02-28 00:00:00+00:00, run_after=2024-02-29 00:00:00+00:00
[2024-02-29T18:48:02.757+0530] {processor.py:183} INFO - Processing /home/arun/.local/lib/python3.10/site-packages/airflow/example_dags/example_setup_teardown.py took 0.103 seconds
[2024-02-29T18:48:49.865+0530] {processor.py:161} INFO - Started process (PID=8358) to work on /home/arun/.local/lib/python3.10/site-packages/airflow/example_dags/example_setup_teardown.py
[2024-02-29T18:48:49.867+0530] {processor.py:830} INFO - Processing file /home/arun/.local/lib/python3.10/site-packages/airflow/example_dags/example_setup_teardown.py for tasks to queue
[2024-02-29T18:48:49.868+0530] {logging_mixin.py:188} INFO - [2024-02-29T18:48:49.868+0530] {dagbag.py:538} INFO - Filling up the DagBag from /home/arun/.local/lib/python3.10/site-packages/airflow/example_dags/example_setup_teardown.py
[2024-02-29T18:48:49.877+0530] {processor.py:840} INFO - DAG(s) 'example_setup_teardown' retrieved from /home/arun/.local/lib/python3.10/site-packages/airflow/example_dags/example_setup_teardown.py
[2024-02-29T18:48:49.897+0530] {logging_mixin.py:188} INFO - [2024-02-29T18:48:49.897+0530] {dag.py:3036} INFO - Sync 1 DAGs
[2024-02-29T18:48:49.922+0530] {logging_mixin.py:188} INFO - [2024-02-29T18:48:49.921+0530] {dag.py:3823} INFO - Setting next_dagrun for example_setup_teardown to 2024-02-28 00:00:00+00:00, run_after=2024-02-29 00:00:00+00:00
[2024-02-29T18:48:49.957+0530] {processor.py:183} INFO - Processing /home/arun/.local/lib/python3.10/site-packages/airflow/example_dags/example_setup_teardown.py took 0.095 seconds
[2024-02-29T18:49:35.093+0530] {processor.py:161} INFO - Started process (PID=8432) to work on /home/arun/.local/lib/python3.10/site-packages/airflow/example_dags/example_setup_teardown.py
[2024-02-29T18:49:35.125+0530] {processor.py:830} INFO - Processing file /home/arun/.local/lib/python3.10/site-packages/airflow/example_dags/example_setup_teardown.py for tasks to queue
[2024-02-29T18:49:35.126+0530] {logging_mixin.py:188} INFO - [2024-02-29T18:49:35.126+0530] {dagbag.py:538} INFO - Filling up the DagBag from /home/arun/.local/lib/python3.10/site-packages/airflow/example_dags/example_setup_teardown.py
[2024-02-29T18:49:35.138+0530] {processor.py:840} INFO - DAG(s) 'example_setup_teardown' retrieved from /home/arun/.local/lib/python3.10/site-packages/airflow/example_dags/example_setup_teardown.py
[2024-02-29T18:49:35.164+0530] {logging_mixin.py:188} INFO - [2024-02-29T18:49:35.164+0530] {dag.py:3036} INFO - Sync 1 DAGs
[2024-02-29T18:49:35.203+0530] {logging_mixin.py:188} INFO - [2024-02-29T18:49:35.203+0530] {dag.py:3823} INFO - Setting next_dagrun for example_setup_teardown to 2024-02-28 00:00:00+00:00, run_after=2024-02-29 00:00:00+00:00
[2024-02-29T18:49:35.242+0530] {processor.py:183} INFO - Processing /home/arun/.local/lib/python3.10/site-packages/airflow/example_dags/example_setup_teardown.py took 0.152 seconds
[2024-02-29T18:50:23.620+0530] {processor.py:161} INFO - Started process (PID=8510) to work on /home/arun/.local/lib/python3.10/site-packages/airflow/example_dags/example_setup_teardown.py
[2024-02-29T18:50:23.622+0530] {processor.py:830} INFO - Processing file /home/arun/.local/lib/python3.10/site-packages/airflow/example_dags/example_setup_teardown.py for tasks to queue
[2024-02-29T18:50:23.623+0530] {logging_mixin.py:188} INFO - [2024-02-29T18:50:23.622+0530] {dagbag.py:538} INFO - Filling up the DagBag from /home/arun/.local/lib/python3.10/site-packages/airflow/example_dags/example_setup_teardown.py
[2024-02-29T18:50:23.649+0530] {processor.py:840} INFO - DAG(s) 'example_setup_teardown' retrieved from /home/arun/.local/lib/python3.10/site-packages/airflow/example_dags/example_setup_teardown.py
[2024-02-29T18:50:23.723+0530] {logging_mixin.py:188} INFO - [2024-02-29T18:50:23.723+0530] {dag.py:3036} INFO - Sync 1 DAGs
[2024-02-29T18:50:23.750+0530] {logging_mixin.py:188} INFO - [2024-02-29T18:50:23.750+0530] {dag.py:3823} INFO - Setting next_dagrun for example_setup_teardown to 2024-02-28 00:00:00+00:00, run_after=2024-02-29 00:00:00+00:00
[2024-02-29T18:50:23.780+0530] {processor.py:183} INFO - Processing /home/arun/.local/lib/python3.10/site-packages/airflow/example_dags/example_setup_teardown.py took 0.167 seconds
[2024-02-29T18:51:14.833+0530] {processor.py:161} INFO - Started process (PID=8595) to work on /home/arun/.local/lib/python3.10/site-packages/airflow/example_dags/example_setup_teardown.py
[2024-02-29T18:51:14.834+0530] {processor.py:830} INFO - Processing file /home/arun/.local/lib/python3.10/site-packages/airflow/example_dags/example_setup_teardown.py for tasks to queue
[2024-02-29T18:51:14.835+0530] {logging_mixin.py:188} INFO - [2024-02-29T18:51:14.835+0530] {dagbag.py:538} INFO - Filling up the DagBag from /home/arun/.local/lib/python3.10/site-packages/airflow/example_dags/example_setup_teardown.py
[2024-02-29T18:51:14.842+0530] {processor.py:840} INFO - DAG(s) 'example_setup_teardown' retrieved from /home/arun/.local/lib/python3.10/site-packages/airflow/example_dags/example_setup_teardown.py
[2024-02-29T18:51:14.858+0530] {logging_mixin.py:188} INFO - [2024-02-29T18:51:14.858+0530] {dag.py:3036} INFO - Sync 1 DAGs
[2024-02-29T18:51:14.881+0530] {logging_mixin.py:188} INFO - [2024-02-29T18:51:14.880+0530] {dag.py:3823} INFO - Setting next_dagrun for example_setup_teardown to 2024-02-28 00:00:00+00:00, run_after=2024-02-29 00:00:00+00:00
[2024-02-29T18:51:14.915+0530] {processor.py:183} INFO - Processing /home/arun/.local/lib/python3.10/site-packages/airflow/example_dags/example_setup_teardown.py took 0.086 seconds
[2024-02-29T18:52:07.624+0530] {processor.py:161} INFO - Started process (PID=8771) to work on /home/arun/.local/lib/python3.10/site-packages/airflow/example_dags/example_setup_teardown.py
[2024-02-29T18:52:07.666+0530] {processor.py:830} INFO - Processing file /home/arun/.local/lib/python3.10/site-packages/airflow/example_dags/example_setup_teardown.py for tasks to queue
[2024-02-29T18:52:07.670+0530] {logging_mixin.py:188} INFO - [2024-02-29T18:52:07.669+0530] {dagbag.py:538} INFO - Filling up the DagBag from /home/arun/.local/lib/python3.10/site-packages/airflow/example_dags/example_setup_teardown.py
[2024-02-29T18:52:07.687+0530] {processor.py:840} INFO - DAG(s) 'example_setup_teardown' retrieved from /home/arun/.local/lib/python3.10/site-packages/airflow/example_dags/example_setup_teardown.py
[2024-02-29T18:52:07.702+0530] {logging_mixin.py:188} INFO - [2024-02-29T18:52:07.702+0530] {dag.py:3036} INFO - Sync 1 DAGs
[2024-02-29T18:52:07.723+0530] {logging_mixin.py:188} INFO - [2024-02-29T18:52:07.723+0530] {dag.py:3823} INFO - Setting next_dagrun for example_setup_teardown to 2024-02-28 00:00:00+00:00, run_after=2024-02-29 00:00:00+00:00
[2024-02-29T18:52:07.754+0530] {processor.py:183} INFO - Processing /home/arun/.local/lib/python3.10/site-packages/airflow/example_dags/example_setup_teardown.py took 0.133 seconds
[2024-02-29T18:53:00.621+0530] {processor.py:161} INFO - Started process (PID=8854) to work on /home/arun/.local/lib/python3.10/site-packages/airflow/example_dags/example_setup_teardown.py
[2024-02-29T18:53:00.660+0530] {processor.py:830} INFO - Processing file /home/arun/.local/lib/python3.10/site-packages/airflow/example_dags/example_setup_teardown.py for tasks to queue
[2024-02-29T18:53:00.662+0530] {logging_mixin.py:188} INFO - [2024-02-29T18:53:00.661+0530] {dagbag.py:538} INFO - Filling up the DagBag from /home/arun/.local/lib/python3.10/site-packages/airflow/example_dags/example_setup_teardown.py
[2024-02-29T18:53:00.673+0530] {processor.py:840} INFO - DAG(s) 'example_setup_teardown' retrieved from /home/arun/.local/lib/python3.10/site-packages/airflow/example_dags/example_setup_teardown.py
[2024-02-29T18:53:00.694+0530] {logging_mixin.py:188} INFO - [2024-02-29T18:53:00.694+0530] {dag.py:3036} INFO - Sync 1 DAGs
[2024-02-29T18:53:00.722+0530] {logging_mixin.py:188} INFO - [2024-02-29T18:53:00.722+0530] {dag.py:3823} INFO - Setting next_dagrun for example_setup_teardown to 2024-02-28 00:00:00+00:00, run_after=2024-02-29 00:00:00+00:00
[2024-02-29T18:53:00.789+0530] {processor.py:183} INFO - Processing /home/arun/.local/lib/python3.10/site-packages/airflow/example_dags/example_setup_teardown.py took 0.173 seconds
[2024-02-29T18:53:53.084+0530] {processor.py:161} INFO - Started process (PID=8936) to work on /home/arun/.local/lib/python3.10/site-packages/airflow/example_dags/example_setup_teardown.py
[2024-02-29T18:53:53.085+0530] {processor.py:830} INFO - Processing file /home/arun/.local/lib/python3.10/site-packages/airflow/example_dags/example_setup_teardown.py for tasks to queue
[2024-02-29T18:53:53.086+0530] {logging_mixin.py:188} INFO - [2024-02-29T18:53:53.086+0530] {dagbag.py:538} INFO - Filling up the DagBag from /home/arun/.local/lib/python3.10/site-packages/airflow/example_dags/example_setup_teardown.py
[2024-02-29T18:53:53.096+0530] {processor.py:840} INFO - DAG(s) 'example_setup_teardown' retrieved from /home/arun/.local/lib/python3.10/site-packages/airflow/example_dags/example_setup_teardown.py
[2024-02-29T18:53:53.115+0530] {logging_mixin.py:188} INFO - [2024-02-29T18:53:53.115+0530] {dag.py:3036} INFO - Sync 1 DAGs
[2024-02-29T18:53:53.145+0530] {logging_mixin.py:188} INFO - [2024-02-29T18:53:53.145+0530] {dag.py:3823} INFO - Setting next_dagrun for example_setup_teardown to 2024-02-28 00:00:00+00:00, run_after=2024-02-29 00:00:00+00:00
[2024-02-29T18:53:53.175+0530] {processor.py:183} INFO - Processing /home/arun/.local/lib/python3.10/site-packages/airflow/example_dags/example_setup_teardown.py took 0.095 seconds
[2024-02-29T18:54:44.057+0530] {processor.py:161} INFO - Started process (PID=9207) to work on /home/arun/.local/lib/python3.10/site-packages/airflow/example_dags/example_setup_teardown.py
[2024-02-29T18:54:44.064+0530] {processor.py:830} INFO - Processing file /home/arun/.local/lib/python3.10/site-packages/airflow/example_dags/example_setup_teardown.py for tasks to queue
[2024-02-29T18:54:44.065+0530] {logging_mixin.py:188} INFO - [2024-02-29T18:54:44.064+0530] {dagbag.py:538} INFO - Filling up the DagBag from /home/arun/.local/lib/python3.10/site-packages/airflow/example_dags/example_setup_teardown.py
[2024-02-29T18:54:44.076+0530] {processor.py:840} INFO - DAG(s) 'example_setup_teardown' retrieved from /home/arun/.local/lib/python3.10/site-packages/airflow/example_dags/example_setup_teardown.py
[2024-02-29T18:54:44.096+0530] {logging_mixin.py:188} INFO - [2024-02-29T18:54:44.096+0530] {dag.py:3036} INFO - Sync 1 DAGs
[2024-02-29T18:54:44.123+0530] {logging_mixin.py:188} INFO - [2024-02-29T18:54:44.122+0530] {dag.py:3823} INFO - Setting next_dagrun for example_setup_teardown to 2024-02-28 00:00:00+00:00, run_after=2024-02-29 00:00:00+00:00
[2024-02-29T18:54:44.154+0530] {processor.py:183} INFO - Processing /home/arun/.local/lib/python3.10/site-packages/airflow/example_dags/example_setup_teardown.py took 0.102 seconds
[2024-02-29T18:55:36.425+0530] {processor.py:161} INFO - Started process (PID=9346) to work on /home/arun/.local/lib/python3.10/site-packages/airflow/example_dags/example_setup_teardown.py
[2024-02-29T18:55:36.458+0530] {processor.py:830} INFO - Processing file /home/arun/.local/lib/python3.10/site-packages/airflow/example_dags/example_setup_teardown.py for tasks to queue
[2024-02-29T18:55:36.459+0530] {logging_mixin.py:188} INFO - [2024-02-29T18:55:36.458+0530] {dagbag.py:538} INFO - Filling up the DagBag from /home/arun/.local/lib/python3.10/site-packages/airflow/example_dags/example_setup_teardown.py
[2024-02-29T18:55:36.469+0530] {processor.py:840} INFO - DAG(s) 'example_setup_teardown' retrieved from /home/arun/.local/lib/python3.10/site-packages/airflow/example_dags/example_setup_teardown.py
[2024-02-29T18:55:36.490+0530] {logging_mixin.py:188} INFO - [2024-02-29T18:55:36.490+0530] {dag.py:3036} INFO - Sync 1 DAGs
[2024-02-29T18:55:36.565+0530] {logging_mixin.py:188} INFO - [2024-02-29T18:55:36.564+0530] {dag.py:3823} INFO - Setting next_dagrun for example_setup_teardown to 2024-02-28 00:00:00+00:00, run_after=2024-02-29 00:00:00+00:00
[2024-02-29T18:55:36.641+0530] {processor.py:183} INFO - Processing /home/arun/.local/lib/python3.10/site-packages/airflow/example_dags/example_setup_teardown.py took 0.220 seconds
[2024-02-29T18:56:38.339+0530] {processor.py:161} INFO - Started process (PID=9466) to work on /home/arun/.local/lib/python3.10/site-packages/airflow/example_dags/example_setup_teardown.py
[2024-02-29T18:56:38.341+0530] {processor.py:830} INFO - Processing file /home/arun/.local/lib/python3.10/site-packages/airflow/example_dags/example_setup_teardown.py for tasks to queue
[2024-02-29T18:56:38.342+0530] {logging_mixin.py:188} INFO - [2024-02-29T18:56:38.342+0530] {dagbag.py:538} INFO - Filling up the DagBag from /home/arun/.local/lib/python3.10/site-packages/airflow/example_dags/example_setup_teardown.py
[2024-02-29T18:56:38.354+0530] {processor.py:840} INFO - DAG(s) 'example_setup_teardown' retrieved from /home/arun/.local/lib/python3.10/site-packages/airflow/example_dags/example_setup_teardown.py
[2024-02-29T18:56:38.378+0530] {logging_mixin.py:188} INFO - [2024-02-29T18:56:38.378+0530] {dag.py:3036} INFO - Sync 1 DAGs
[2024-02-29T18:56:38.412+0530] {logging_mixin.py:188} INFO - [2024-02-29T18:56:38.411+0530] {dag.py:3823} INFO - Setting next_dagrun for example_setup_teardown to 2024-02-28 00:00:00+00:00, run_after=2024-02-29 00:00:00+00:00
[2024-02-29T18:56:38.449+0530] {processor.py:183} INFO - Processing /home/arun/.local/lib/python3.10/site-packages/airflow/example_dags/example_setup_teardown.py took 0.115 seconds
[2024-02-29T18:57:34.253+0530] {processor.py:161} INFO - Started process (PID=9565) to work on /home/arun/.local/lib/python3.10/site-packages/airflow/example_dags/example_setup_teardown.py
[2024-02-29T18:57:34.262+0530] {processor.py:830} INFO - Processing file /home/arun/.local/lib/python3.10/site-packages/airflow/example_dags/example_setup_teardown.py for tasks to queue
[2024-02-29T18:57:34.264+0530] {logging_mixin.py:188} INFO - [2024-02-29T18:57:34.263+0530] {dagbag.py:538} INFO - Filling up the DagBag from /home/arun/.local/lib/python3.10/site-packages/airflow/example_dags/example_setup_teardown.py
[2024-02-29T18:57:34.295+0530] {processor.py:840} INFO - DAG(s) 'example_setup_teardown' retrieved from /home/arun/.local/lib/python3.10/site-packages/airflow/example_dags/example_setup_teardown.py
[2024-02-29T18:57:34.337+0530] {logging_mixin.py:188} INFO - [2024-02-29T18:57:34.336+0530] {dag.py:3036} INFO - Sync 1 DAGs
[2024-02-29T18:57:34.412+0530] {logging_mixin.py:188} INFO - [2024-02-29T18:57:34.412+0530] {dag.py:3823} INFO - Setting next_dagrun for example_setup_teardown to 2024-02-28 00:00:00+00:00, run_after=2024-02-29 00:00:00+00:00
[2024-02-29T18:57:34.556+0530] {processor.py:183} INFO - Processing /home/arun/.local/lib/python3.10/site-packages/airflow/example_dags/example_setup_teardown.py took 0.314 seconds
[2024-02-29T18:58:31.018+0530] {processor.py:161} INFO - Started process (PID=9652) to work on /home/arun/.local/lib/python3.10/site-packages/airflow/example_dags/example_setup_teardown.py
[2024-02-29T18:58:31.022+0530] {processor.py:830} INFO - Processing file /home/arun/.local/lib/python3.10/site-packages/airflow/example_dags/example_setup_teardown.py for tasks to queue
[2024-02-29T18:58:31.025+0530] {logging_mixin.py:188} INFO - [2024-02-29T18:58:31.024+0530] {dagbag.py:538} INFO - Filling up the DagBag from /home/arun/.local/lib/python3.10/site-packages/airflow/example_dags/example_setup_teardown.py
[2024-02-29T18:58:31.049+0530] {processor.py:840} INFO - DAG(s) 'example_setup_teardown' retrieved from /home/arun/.local/lib/python3.10/site-packages/airflow/example_dags/example_setup_teardown.py
[2024-02-29T18:58:31.117+0530] {logging_mixin.py:188} INFO - [2024-02-29T18:58:31.117+0530] {dag.py:3036} INFO - Sync 1 DAGs
[2024-02-29T18:58:31.152+0530] {logging_mixin.py:188} INFO - [2024-02-29T18:58:31.151+0530] {dag.py:3823} INFO - Setting next_dagrun for example_setup_teardown to 2024-02-28 00:00:00+00:00, run_after=2024-02-29 00:00:00+00:00
[2024-02-29T18:58:31.186+0530] {processor.py:183} INFO - Processing /home/arun/.local/lib/python3.10/site-packages/airflow/example_dags/example_setup_teardown.py took 0.175 seconds
[2024-02-29T18:59:28.650+0530] {processor.py:161} INFO - Started process (PID=9765) to work on /home/arun/.local/lib/python3.10/site-packages/airflow/example_dags/example_setup_teardown.py
[2024-02-29T18:59:28.654+0530] {processor.py:830} INFO - Processing file /home/arun/.local/lib/python3.10/site-packages/airflow/example_dags/example_setup_teardown.py for tasks to queue
[2024-02-29T18:59:28.655+0530] {logging_mixin.py:188} INFO - [2024-02-29T18:59:28.655+0530] {dagbag.py:538} INFO - Filling up the DagBag from /home/arun/.local/lib/python3.10/site-packages/airflow/example_dags/example_setup_teardown.py
[2024-02-29T18:59:28.663+0530] {processor.py:840} INFO - DAG(s) 'example_setup_teardown' retrieved from /home/arun/.local/lib/python3.10/site-packages/airflow/example_dags/example_setup_teardown.py
[2024-02-29T18:59:28.676+0530] {logging_mixin.py:188} INFO - [2024-02-29T18:59:28.676+0530] {dag.py:3036} INFO - Sync 1 DAGs
[2024-02-29T18:59:28.694+0530] {logging_mixin.py:188} INFO - [2024-02-29T18:59:28.694+0530] {dag.py:3823} INFO - Setting next_dagrun for example_setup_teardown to 2024-02-28 00:00:00+00:00, run_after=2024-02-29 00:00:00+00:00
[2024-02-29T18:59:28.719+0530] {processor.py:183} INFO - Processing /home/arun/.local/lib/python3.10/site-packages/airflow/example_dags/example_setup_teardown.py took 0.072 seconds
[2024-02-29T19:00:20.349+0530] {processor.py:161} INFO - Started process (PID=9852) to work on /home/arun/.local/lib/python3.10/site-packages/airflow/example_dags/example_setup_teardown.py
[2024-02-29T19:00:20.351+0530] {processor.py:830} INFO - Processing file /home/arun/.local/lib/python3.10/site-packages/airflow/example_dags/example_setup_teardown.py for tasks to queue
[2024-02-29T19:00:20.352+0530] {logging_mixin.py:188} INFO - [2024-02-29T19:00:20.351+0530] {dagbag.py:538} INFO - Filling up the DagBag from /home/arun/.local/lib/python3.10/site-packages/airflow/example_dags/example_setup_teardown.py
[2024-02-29T19:00:20.362+0530] {processor.py:840} INFO - DAG(s) 'example_setup_teardown' retrieved from /home/arun/.local/lib/python3.10/site-packages/airflow/example_dags/example_setup_teardown.py
[2024-02-29T19:00:20.393+0530] {logging_mixin.py:188} INFO - [2024-02-29T19:00:20.393+0530] {dag.py:3036} INFO - Sync 1 DAGs
[2024-02-29T19:00:20.433+0530] {logging_mixin.py:188} INFO - [2024-02-29T19:00:20.432+0530] {dag.py:3823} INFO - Setting next_dagrun for example_setup_teardown to 2024-02-28 00:00:00+00:00, run_after=2024-02-29 00:00:00+00:00
[2024-02-29T19:00:20.474+0530] {processor.py:183} INFO - Processing /home/arun/.local/lib/python3.10/site-packages/airflow/example_dags/example_setup_teardown.py took 0.129 seconds
[2024-02-29T19:01:11.887+0530] {processor.py:161} INFO - Started process (PID=9938) to work on /home/arun/.local/lib/python3.10/site-packages/airflow/example_dags/example_setup_teardown.py
[2024-02-29T19:01:11.890+0530] {processor.py:830} INFO - Processing file /home/arun/.local/lib/python3.10/site-packages/airflow/example_dags/example_setup_teardown.py for tasks to queue
[2024-02-29T19:01:11.891+0530] {logging_mixin.py:188} INFO - [2024-02-29T19:01:11.890+0530] {dagbag.py:538} INFO - Filling up the DagBag from /home/arun/.local/lib/python3.10/site-packages/airflow/example_dags/example_setup_teardown.py
[2024-02-29T19:01:11.902+0530] {processor.py:840} INFO - DAG(s) 'example_setup_teardown' retrieved from /home/arun/.local/lib/python3.10/site-packages/airflow/example_dags/example_setup_teardown.py
[2024-02-29T19:01:11.923+0530] {logging_mixin.py:188} INFO - [2024-02-29T19:01:11.923+0530] {dag.py:3036} INFO - Sync 1 DAGs
[2024-02-29T19:01:11.953+0530] {logging_mixin.py:188} INFO - [2024-02-29T19:01:11.953+0530] {dag.py:3823} INFO - Setting next_dagrun for example_setup_teardown to 2024-02-28 00:00:00+00:00, run_after=2024-02-29 00:00:00+00:00
[2024-02-29T19:01:11.993+0530] {processor.py:183} INFO - Processing /home/arun/.local/lib/python3.10/site-packages/airflow/example_dags/example_setup_teardown.py took 0.110 seconds
[2024-02-29T19:02:05.057+0530] {processor.py:161} INFO - Started process (PID=10023) to work on /home/arun/.local/lib/python3.10/site-packages/airflow/example_dags/example_setup_teardown.py
[2024-02-29T19:02:05.059+0530] {processor.py:830} INFO - Processing file /home/arun/.local/lib/python3.10/site-packages/airflow/example_dags/example_setup_teardown.py for tasks to queue
[2024-02-29T19:02:05.060+0530] {logging_mixin.py:188} INFO - [2024-02-29T19:02:05.059+0530] {dagbag.py:538} INFO - Filling up the DagBag from /home/arun/.local/lib/python3.10/site-packages/airflow/example_dags/example_setup_teardown.py
[2024-02-29T19:02:05.075+0530] {processor.py:840} INFO - DAG(s) 'example_setup_teardown' retrieved from /home/arun/.local/lib/python3.10/site-packages/airflow/example_dags/example_setup_teardown.py
[2024-02-29T19:02:05.100+0530] {logging_mixin.py:188} INFO - [2024-02-29T19:02:05.099+0530] {dag.py:3036} INFO - Sync 1 DAGs
[2024-02-29T19:02:05.143+0530] {logging_mixin.py:188} INFO - [2024-02-29T19:02:05.143+0530] {dag.py:3823} INFO - Setting next_dagrun for example_setup_teardown to 2024-02-28 00:00:00+00:00, run_after=2024-02-29 00:00:00+00:00
[2024-02-29T19:02:05.175+0530] {processor.py:183} INFO - Processing /home/arun/.local/lib/python3.10/site-packages/airflow/example_dags/example_setup_teardown.py took 0.123 seconds
[2024-02-29T19:02:56.774+0530] {processor.py:161} INFO - Started process (PID=10105) to work on /home/arun/.local/lib/python3.10/site-packages/airflow/example_dags/example_setup_teardown.py
[2024-02-29T19:02:56.776+0530] {processor.py:830} INFO - Processing file /home/arun/.local/lib/python3.10/site-packages/airflow/example_dags/example_setup_teardown.py for tasks to queue
[2024-02-29T19:02:56.777+0530] {logging_mixin.py:188} INFO - [2024-02-29T19:02:56.776+0530] {dagbag.py:538} INFO - Filling up the DagBag from /home/arun/.local/lib/python3.10/site-packages/airflow/example_dags/example_setup_teardown.py
[2024-02-29T19:02:56.788+0530] {processor.py:840} INFO - DAG(s) 'example_setup_teardown' retrieved from /home/arun/.local/lib/python3.10/site-packages/airflow/example_dags/example_setup_teardown.py
[2024-02-29T19:02:56.807+0530] {logging_mixin.py:188} INFO - [2024-02-29T19:02:56.807+0530] {dag.py:3036} INFO - Sync 1 DAGs
[2024-02-29T19:02:56.835+0530] {logging_mixin.py:188} INFO - [2024-02-29T19:02:56.835+0530] {dag.py:3823} INFO - Setting next_dagrun for example_setup_teardown to 2024-02-28 00:00:00+00:00, run_after=2024-02-29 00:00:00+00:00
[2024-02-29T19:02:56.877+0530] {processor.py:183} INFO - Processing /home/arun/.local/lib/python3.10/site-packages/airflow/example_dags/example_setup_teardown.py took 0.106 seconds
[2024-02-29T19:03:45.331+0530] {processor.py:161} INFO - Started process (PID=10184) to work on /home/arun/.local/lib/python3.10/site-packages/airflow/example_dags/example_setup_teardown.py
[2024-02-29T19:03:45.333+0530] {processor.py:830} INFO - Processing file /home/arun/.local/lib/python3.10/site-packages/airflow/example_dags/example_setup_teardown.py for tasks to queue
[2024-02-29T19:03:45.334+0530] {logging_mixin.py:188} INFO - [2024-02-29T19:03:45.333+0530] {dagbag.py:538} INFO - Filling up the DagBag from /home/arun/.local/lib/python3.10/site-packages/airflow/example_dags/example_setup_teardown.py
[2024-02-29T19:03:45.342+0530] {processor.py:840} INFO - DAG(s) 'example_setup_teardown' retrieved from /home/arun/.local/lib/python3.10/site-packages/airflow/example_dags/example_setup_teardown.py
[2024-02-29T19:03:45.361+0530] {logging_mixin.py:188} INFO - [2024-02-29T19:03:45.361+0530] {dag.py:3036} INFO - Sync 1 DAGs
[2024-02-29T19:03:45.394+0530] {logging_mixin.py:188} INFO - [2024-02-29T19:03:45.394+0530] {dag.py:3823} INFO - Setting next_dagrun for example_setup_teardown to 2024-02-28 00:00:00+00:00, run_after=2024-02-29 00:00:00+00:00
[2024-02-29T19:03:45.431+0530] {processor.py:183} INFO - Processing /home/arun/.local/lib/python3.10/site-packages/airflow/example_dags/example_setup_teardown.py took 0.103 seconds
[2024-02-29T19:04:33.722+0530] {processor.py:161} INFO - Started process (PID=10287) to work on /home/arun/.local/lib/python3.10/site-packages/airflow/example_dags/example_setup_teardown.py
[2024-02-29T19:04:33.724+0530] {processor.py:830} INFO - Processing file /home/arun/.local/lib/python3.10/site-packages/airflow/example_dags/example_setup_teardown.py for tasks to queue
[2024-02-29T19:04:33.726+0530] {logging_mixin.py:188} INFO - [2024-02-29T19:04:33.725+0530] {dagbag.py:538} INFO - Filling up the DagBag from /home/arun/.local/lib/python3.10/site-packages/airflow/example_dags/example_setup_teardown.py
[2024-02-29T19:04:33.741+0530] {processor.py:840} INFO - DAG(s) 'example_setup_teardown' retrieved from /home/arun/.local/lib/python3.10/site-packages/airflow/example_dags/example_setup_teardown.py
[2024-02-29T19:04:33.773+0530] {logging_mixin.py:188} INFO - [2024-02-29T19:04:33.773+0530] {dag.py:3036} INFO - Sync 1 DAGs
[2024-02-29T19:04:33.807+0530] {logging_mixin.py:188} INFO - [2024-02-29T19:04:33.807+0530] {dag.py:3823} INFO - Setting next_dagrun for example_setup_teardown to 2024-02-28 00:00:00+00:00, run_after=2024-02-29 00:00:00+00:00
[2024-02-29T19:04:33.843+0530] {processor.py:183} INFO - Processing /home/arun/.local/lib/python3.10/site-packages/airflow/example_dags/example_setup_teardown.py took 0.128 seconds
[2024-02-29T19:05:27.894+0530] {processor.py:161} INFO - Started process (PID=10392) to work on /home/arun/.local/lib/python3.10/site-packages/airflow/example_dags/example_setup_teardown.py
[2024-02-29T19:05:27.899+0530] {processor.py:830} INFO - Processing file /home/arun/.local/lib/python3.10/site-packages/airflow/example_dags/example_setup_teardown.py for tasks to queue
[2024-02-29T19:05:27.901+0530] {logging_mixin.py:188} INFO - [2024-02-29T19:05:27.900+0530] {dagbag.py:538} INFO - Filling up the DagBag from /home/arun/.local/lib/python3.10/site-packages/airflow/example_dags/example_setup_teardown.py
[2024-02-29T19:05:27.935+0530] {processor.py:840} INFO - DAG(s) 'example_setup_teardown' retrieved from /home/arun/.local/lib/python3.10/site-packages/airflow/example_dags/example_setup_teardown.py
[2024-02-29T19:05:27.982+0530] {logging_mixin.py:188} INFO - [2024-02-29T19:05:27.982+0530] {dag.py:3036} INFO - Sync 1 DAGs
[2024-02-29T19:05:28.050+0530] {logging_mixin.py:188} INFO - [2024-02-29T19:05:28.050+0530] {dag.py:3823} INFO - Setting next_dagrun for example_setup_teardown to 2024-02-28 00:00:00+00:00, run_after=2024-02-29 00:00:00+00:00
[2024-02-29T19:05:28.104+0530] {processor.py:183} INFO - Processing /home/arun/.local/lib/python3.10/site-packages/airflow/example_dags/example_setup_teardown.py took 0.215 seconds
[2024-02-29T19:07:01.735+0530] {processor.py:161} INFO - Started process (PID=10724) to work on /home/arun/.local/lib/python3.10/site-packages/airflow/example_dags/example_setup_teardown.py
[2024-02-29T19:07:01.753+0530] {processor.py:830} INFO - Processing file /home/arun/.local/lib/python3.10/site-packages/airflow/example_dags/example_setup_teardown.py for tasks to queue
[2024-02-29T19:07:01.754+0530] {logging_mixin.py:188} INFO - [2024-02-29T19:07:01.753+0530] {dagbag.py:538} INFO - Filling up the DagBag from /home/arun/.local/lib/python3.10/site-packages/airflow/example_dags/example_setup_teardown.py
[2024-02-29T19:07:01.776+0530] {processor.py:840} INFO - DAG(s) 'example_setup_teardown' retrieved from /home/arun/.local/lib/python3.10/site-packages/airflow/example_dags/example_setup_teardown.py
[2024-02-29T19:07:01.850+0530] {logging_mixin.py:188} INFO - [2024-02-29T19:07:01.850+0530] {dag.py:3036} INFO - Sync 1 DAGs
[2024-02-29T19:07:01.914+0530] {logging_mixin.py:188} INFO - [2024-02-29T19:07:01.914+0530] {dag.py:3823} INFO - Setting next_dagrun for example_setup_teardown to 2024-02-28 00:00:00+00:00, run_after=2024-02-29 00:00:00+00:00
[2024-02-29T19:07:01.981+0530] {processor.py:183} INFO - Processing /home/arun/.local/lib/python3.10/site-packages/airflow/example_dags/example_setup_teardown.py took 0.262 seconds
