[2024-02-29T18:15:55.752+0530] {processor.py:161} INFO - Started process (PID=5198) to work on /home/arun/.local/lib/python3.10/site-packages/airflow/example_dags/example_params_ui_tutorial.py
[2024-02-29T18:15:55.753+0530] {processor.py:830} INFO - Processing file /home/arun/.local/lib/python3.10/site-packages/airflow/example_dags/example_params_ui_tutorial.py for tasks to queue
[2024-02-29T18:15:55.755+0530] {logging_mixin.py:188} INFO - [2024-02-29T18:15:55.754+0530] {dagbag.py:538} INFO - Filling up the DagBag from /home/arun/.local/lib/python3.10/site-packages/airflow/example_dags/example_params_ui_tutorial.py
[2024-02-29T18:15:55.787+0530] {processor.py:840} INFO - DAG(s) 'example_params_ui_tutorial' retrieved from /home/arun/.local/lib/python3.10/site-packages/airflow/example_dags/example_params_ui_tutorial.py
[2024-02-29T18:15:56.371+0530] {logging_mixin.py:188} INFO - [2024-02-29T18:15:56.368+0530] {dag.py:3036} INFO - Sync 1 DAGs
[2024-02-29T18:15:56.386+0530] {logging_mixin.py:188} INFO - [2024-02-29T18:15:56.385+0530] {dag.py:3823} INFO - Setting next_dagrun for example_params_ui_tutorial to None, run_after=None
[2024-02-29T18:15:56.583+0530] {processor.py:183} INFO - Processing /home/arun/.local/lib/python3.10/site-packages/airflow/example_dags/example_params_ui_tutorial.py took 0.836 seconds
[2024-02-29T18:17:16.221+0530] {processor.py:161} INFO - Started process (PID=5260) to work on /home/arun/.local/lib/python3.10/site-packages/airflow/example_dags/example_params_ui_tutorial.py
[2024-02-29T18:17:16.256+0530] {processor.py:830} INFO - Processing file /home/arun/.local/lib/python3.10/site-packages/airflow/example_dags/example_params_ui_tutorial.py for tasks to queue
[2024-02-29T18:17:16.258+0530] {logging_mixin.py:188} INFO - [2024-02-29T18:17:16.257+0530] {dagbag.py:538} INFO - Filling up the DagBag from /home/arun/.local/lib/python3.10/site-packages/airflow/example_dags/example_params_ui_tutorial.py
[2024-02-29T18:17:16.286+0530] {processor.py:840} INFO - DAG(s) 'example_params_ui_tutorial' retrieved from /home/arun/.local/lib/python3.10/site-packages/airflow/example_dags/example_params_ui_tutorial.py
[2024-02-29T18:17:16.433+0530] {logging_mixin.py:188} INFO - [2024-02-29T18:17:16.433+0530] {dag.py:3036} INFO - Sync 1 DAGs
[2024-02-29T18:17:16.758+0530] {logging_mixin.py:188} INFO - [2024-02-29T18:17:16.757+0530] {dag.py:3823} INFO - Setting next_dagrun for example_params_ui_tutorial to None, run_after=None
[2024-02-29T18:17:16.858+0530] {processor.py:183} INFO - Processing /home/arun/.local/lib/python3.10/site-packages/airflow/example_dags/example_params_ui_tutorial.py took 0.646 seconds
[2024-02-29T18:18:52.924+0530] {processor.py:161} INFO - Started process (PID=5408) to work on /home/arun/.local/lib/python3.10/site-packages/airflow/example_dags/example_params_ui_tutorial.py
[2024-02-29T18:18:52.940+0530] {processor.py:830} INFO - Processing file /home/arun/.local/lib/python3.10/site-packages/airflow/example_dags/example_params_ui_tutorial.py for tasks to queue
[2024-02-29T18:18:52.951+0530] {logging_mixin.py:188} INFO - [2024-02-29T18:18:52.950+0530] {dagbag.py:538} INFO - Filling up the DagBag from /home/arun/.local/lib/python3.10/site-packages/airflow/example_dags/example_params_ui_tutorial.py
[2024-02-29T18:18:52.989+0530] {processor.py:840} INFO - DAG(s) 'example_params_ui_tutorial' retrieved from /home/arun/.local/lib/python3.10/site-packages/airflow/example_dags/example_params_ui_tutorial.py
[2024-02-29T18:18:53.253+0530] {logging_mixin.py:188} INFO - [2024-02-29T18:18:53.253+0530] {dag.py:3036} INFO - Sync 1 DAGs
[2024-02-29T18:18:53.270+0530] {logging_mixin.py:188} INFO - [2024-02-29T18:18:53.270+0530] {dag.py:3823} INFO - Setting next_dagrun for example_params_ui_tutorial to None, run_after=None
[2024-02-29T18:18:53.316+0530] {processor.py:183} INFO - Processing /home/arun/.local/lib/python3.10/site-packages/airflow/example_dags/example_params_ui_tutorial.py took 0.399 seconds
[2024-02-29T18:20:56.206+0530] {processor.py:161} INFO - Started process (PID=5500) to work on /home/arun/.local/lib/python3.10/site-packages/airflow/example_dags/example_params_ui_tutorial.py
[2024-02-29T18:20:56.208+0530] {processor.py:830} INFO - Processing file /home/arun/.local/lib/python3.10/site-packages/airflow/example_dags/example_params_ui_tutorial.py for tasks to queue
[2024-02-29T18:20:56.209+0530] {logging_mixin.py:188} INFO - [2024-02-29T18:20:56.209+0530] {dagbag.py:538} INFO - Filling up the DagBag from /home/arun/.local/lib/python3.10/site-packages/airflow/example_dags/example_params_ui_tutorial.py
[2024-02-29T18:20:56.226+0530] {processor.py:840} INFO - DAG(s) 'example_params_ui_tutorial' retrieved from /home/arun/.local/lib/python3.10/site-packages/airflow/example_dags/example_params_ui_tutorial.py
[2024-02-29T18:20:56.329+0530] {logging_mixin.py:188} INFO - [2024-02-29T18:20:56.329+0530] {dag.py:3036} INFO - Sync 1 DAGs
[2024-02-29T18:20:56.353+0530] {logging_mixin.py:188} INFO - [2024-02-29T18:20:56.352+0530] {dag.py:3823} INFO - Setting next_dagrun for example_params_ui_tutorial to None, run_after=None
[2024-02-29T18:20:56.410+0530] {processor.py:183} INFO - Processing /home/arun/.local/lib/python3.10/site-packages/airflow/example_dags/example_params_ui_tutorial.py took 0.208 seconds
[2024-02-29T18:22:00.373+0530] {processor.py:161} INFO - Started process (PID=5654) to work on /home/arun/.local/lib/python3.10/site-packages/airflow/example_dags/example_params_ui_tutorial.py
[2024-02-29T18:22:00.424+0530] {processor.py:830} INFO - Processing file /home/arun/.local/lib/python3.10/site-packages/airflow/example_dags/example_params_ui_tutorial.py for tasks to queue
[2024-02-29T18:22:00.426+0530] {logging_mixin.py:188} INFO - [2024-02-29T18:22:00.425+0530] {dagbag.py:538} INFO - Filling up the DagBag from /home/arun/.local/lib/python3.10/site-packages/airflow/example_dags/example_params_ui_tutorial.py
[2024-02-29T18:22:00.449+0530] {processor.py:840} INFO - DAG(s) 'example_params_ui_tutorial' retrieved from /home/arun/.local/lib/python3.10/site-packages/airflow/example_dags/example_params_ui_tutorial.py
[2024-02-29T18:22:00.543+0530] {logging_mixin.py:188} INFO - [2024-02-29T18:22:00.542+0530] {dag.py:3036} INFO - Sync 1 DAGs
[2024-02-29T18:22:00.565+0530] {logging_mixin.py:188} INFO - [2024-02-29T18:22:00.565+0530] {dag.py:3823} INFO - Setting next_dagrun for example_params_ui_tutorial to None, run_after=None
[2024-02-29T18:22:00.603+0530] {processor.py:183} INFO - Processing /home/arun/.local/lib/python3.10/site-packages/airflow/example_dags/example_params_ui_tutorial.py took 0.235 seconds
[2024-02-29T18:23:07.944+0530] {processor.py:161} INFO - Started process (PID=5756) to work on /home/arun/.local/lib/python3.10/site-packages/airflow/example_dags/example_params_ui_tutorial.py
[2024-02-29T18:23:07.980+0530] {processor.py:830} INFO - Processing file /home/arun/.local/lib/python3.10/site-packages/airflow/example_dags/example_params_ui_tutorial.py for tasks to queue
[2024-02-29T18:23:07.981+0530] {logging_mixin.py:188} INFO - [2024-02-29T18:23:07.980+0530] {dagbag.py:538} INFO - Filling up the DagBag from /home/arun/.local/lib/python3.10/site-packages/airflow/example_dags/example_params_ui_tutorial.py
[2024-02-29T18:23:07.992+0530] {processor.py:840} INFO - DAG(s) 'example_params_ui_tutorial' retrieved from /home/arun/.local/lib/python3.10/site-packages/airflow/example_dags/example_params_ui_tutorial.py
[2024-02-29T18:23:08.046+0530] {logging_mixin.py:188} INFO - [2024-02-29T18:23:08.046+0530] {dag.py:3036} INFO - Sync 1 DAGs
[2024-02-29T18:23:08.061+0530] {logging_mixin.py:188} INFO - [2024-02-29T18:23:08.061+0530] {dag.py:3823} INFO - Setting next_dagrun for example_params_ui_tutorial to None, run_after=None
[2024-02-29T18:23:08.114+0530] {processor.py:183} INFO - Processing /home/arun/.local/lib/python3.10/site-packages/airflow/example_dags/example_params_ui_tutorial.py took 0.174 seconds
[2024-02-29T18:23:59.398+0530] {processor.py:161} INFO - Started process (PID=5862) to work on /home/arun/.local/lib/python3.10/site-packages/airflow/example_dags/example_params_ui_tutorial.py
[2024-02-29T18:23:59.441+0530] {processor.py:830} INFO - Processing file /home/arun/.local/lib/python3.10/site-packages/airflow/example_dags/example_params_ui_tutorial.py for tasks to queue
[2024-02-29T18:23:59.442+0530] {logging_mixin.py:188} INFO - [2024-02-29T18:23:59.441+0530] {dagbag.py:538} INFO - Filling up the DagBag from /home/arun/.local/lib/python3.10/site-packages/airflow/example_dags/example_params_ui_tutorial.py
[2024-02-29T18:23:59.459+0530] {processor.py:840} INFO - DAG(s) 'example_params_ui_tutorial' retrieved from /home/arun/.local/lib/python3.10/site-packages/airflow/example_dags/example_params_ui_tutorial.py
[2024-02-29T18:23:59.522+0530] {logging_mixin.py:188} INFO - [2024-02-29T18:23:59.521+0530] {dag.py:3036} INFO - Sync 1 DAGs
[2024-02-29T18:23:59.538+0530] {logging_mixin.py:188} INFO - [2024-02-29T18:23:59.538+0530] {dag.py:3823} INFO - Setting next_dagrun for example_params_ui_tutorial to None, run_after=None
[2024-02-29T18:23:59.608+0530] {processor.py:183} INFO - Processing /home/arun/.local/lib/python3.10/site-packages/airflow/example_dags/example_params_ui_tutorial.py took 0.213 seconds
[2024-02-29T18:24:53.944+0530] {processor.py:161} INFO - Started process (PID=5943) to work on /home/arun/.local/lib/python3.10/site-packages/airflow/example_dags/example_params_ui_tutorial.py
[2024-02-29T18:24:53.947+0530] {processor.py:830} INFO - Processing file /home/arun/.local/lib/python3.10/site-packages/airflow/example_dags/example_params_ui_tutorial.py for tasks to queue
[2024-02-29T18:24:53.948+0530] {logging_mixin.py:188} INFO - [2024-02-29T18:24:53.948+0530] {dagbag.py:538} INFO - Filling up the DagBag from /home/arun/.local/lib/python3.10/site-packages/airflow/example_dags/example_params_ui_tutorial.py
[2024-02-29T18:24:53.969+0530] {processor.py:840} INFO - DAG(s) 'example_params_ui_tutorial' retrieved from /home/arun/.local/lib/python3.10/site-packages/airflow/example_dags/example_params_ui_tutorial.py
[2024-02-29T18:24:54.058+0530] {logging_mixin.py:188} INFO - [2024-02-29T18:24:54.058+0530] {dag.py:3036} INFO - Sync 1 DAGs
[2024-02-29T18:24:54.077+0530] {logging_mixin.py:188} INFO - [2024-02-29T18:24:54.076+0530] {dag.py:3823} INFO - Setting next_dagrun for example_params_ui_tutorial to None, run_after=None
[2024-02-29T18:24:54.118+0530] {processor.py:183} INFO - Processing /home/arun/.local/lib/python3.10/site-packages/airflow/example_dags/example_params_ui_tutorial.py took 0.179 seconds
[2024-02-29T18:25:44.972+0530] {processor.py:161} INFO - Started process (PID=6023) to work on /home/arun/.local/lib/python3.10/site-packages/airflow/example_dags/example_params_ui_tutorial.py
[2024-02-29T18:25:45.011+0530] {processor.py:830} INFO - Processing file /home/arun/.local/lib/python3.10/site-packages/airflow/example_dags/example_params_ui_tutorial.py for tasks to queue
[2024-02-29T18:25:45.013+0530] {logging_mixin.py:188} INFO - [2024-02-29T18:25:45.012+0530] {dagbag.py:538} INFO - Filling up the DagBag from /home/arun/.local/lib/python3.10/site-packages/airflow/example_dags/example_params_ui_tutorial.py
[2024-02-29T18:25:45.037+0530] {processor.py:840} INFO - DAG(s) 'example_params_ui_tutorial' retrieved from /home/arun/.local/lib/python3.10/site-packages/airflow/example_dags/example_params_ui_tutorial.py
[2024-02-29T18:25:45.117+0530] {logging_mixin.py:188} INFO - [2024-02-29T18:25:45.117+0530] {dag.py:3036} INFO - Sync 1 DAGs
[2024-02-29T18:25:45.139+0530] {logging_mixin.py:188} INFO - [2024-02-29T18:25:45.139+0530] {dag.py:3823} INFO - Setting next_dagrun for example_params_ui_tutorial to None, run_after=None
[2024-02-29T18:25:45.211+0530] {processor.py:183} INFO - Processing /home/arun/.local/lib/python3.10/site-packages/airflow/example_dags/example_params_ui_tutorial.py took 0.247 seconds
[2024-02-29T18:26:31.380+0530] {processor.py:161} INFO - Started process (PID=6095) to work on /home/arun/.local/lib/python3.10/site-packages/airflow/example_dags/example_params_ui_tutorial.py
[2024-02-29T18:26:31.388+0530] {processor.py:830} INFO - Processing file /home/arun/.local/lib/python3.10/site-packages/airflow/example_dags/example_params_ui_tutorial.py for tasks to queue
[2024-02-29T18:26:31.392+0530] {logging_mixin.py:188} INFO - [2024-02-29T18:26:31.392+0530] {dagbag.py:538} INFO - Filling up the DagBag from /home/arun/.local/lib/python3.10/site-packages/airflow/example_dags/example_params_ui_tutorial.py
[2024-02-29T18:26:31.445+0530] {processor.py:840} INFO - DAG(s) 'example_params_ui_tutorial' retrieved from /home/arun/.local/lib/python3.10/site-packages/airflow/example_dags/example_params_ui_tutorial.py
[2024-02-29T18:26:31.527+0530] {logging_mixin.py:188} INFO - [2024-02-29T18:26:31.527+0530] {dag.py:3036} INFO - Sync 1 DAGs
[2024-02-29T18:26:31.542+0530] {logging_mixin.py:188} INFO - [2024-02-29T18:26:31.542+0530] {dag.py:3823} INFO - Setting next_dagrun for example_params_ui_tutorial to None, run_after=None
[2024-02-29T18:26:31.651+0530] {processor.py:183} INFO - Processing /home/arun/.local/lib/python3.10/site-packages/airflow/example_dags/example_params_ui_tutorial.py took 0.276 seconds
[2024-02-29T18:27:30.931+0530] {processor.py:161} INFO - Started process (PID=6198) to work on /home/arun/.local/lib/python3.10/site-packages/airflow/example_dags/example_params_ui_tutorial.py
[2024-02-29T18:27:30.971+0530] {processor.py:830} INFO - Processing file /home/arun/.local/lib/python3.10/site-packages/airflow/example_dags/example_params_ui_tutorial.py for tasks to queue
[2024-02-29T18:27:30.973+0530] {logging_mixin.py:188} INFO - [2024-02-29T18:27:30.973+0530] {dagbag.py:538} INFO - Filling up the DagBag from /home/arun/.local/lib/python3.10/site-packages/airflow/example_dags/example_params_ui_tutorial.py
[2024-02-29T18:27:31.007+0530] {processor.py:840} INFO - DAG(s) 'example_params_ui_tutorial' retrieved from /home/arun/.local/lib/python3.10/site-packages/airflow/example_dags/example_params_ui_tutorial.py
[2024-02-29T18:27:31.163+0530] {logging_mixin.py:188} INFO - [2024-02-29T18:27:31.163+0530] {dag.py:3036} INFO - Sync 1 DAGs
[2024-02-29T18:27:31.183+0530] {logging_mixin.py:188} INFO - [2024-02-29T18:27:31.182+0530] {dag.py:3823} INFO - Setting next_dagrun for example_params_ui_tutorial to None, run_after=None
[2024-02-29T18:27:31.338+0530] {processor.py:183} INFO - Processing /home/arun/.local/lib/python3.10/site-packages/airflow/example_dags/example_params_ui_tutorial.py took 0.441 seconds
[2024-02-29T18:28:51.765+0530] {processor.py:161} INFO - Started process (PID=6333) to work on /home/arun/.local/lib/python3.10/site-packages/airflow/example_dags/example_params_ui_tutorial.py
[2024-02-29T18:28:51.770+0530] {processor.py:830} INFO - Processing file /home/arun/.local/lib/python3.10/site-packages/airflow/example_dags/example_params_ui_tutorial.py for tasks to queue
[2024-02-29T18:28:51.772+0530] {logging_mixin.py:188} INFO - [2024-02-29T18:28:51.771+0530] {dagbag.py:538} INFO - Filling up the DagBag from /home/arun/.local/lib/python3.10/site-packages/airflow/example_dags/example_params_ui_tutorial.py
[2024-02-29T18:28:51.807+0530] {processor.py:840} INFO - DAG(s) 'example_params_ui_tutorial' retrieved from /home/arun/.local/lib/python3.10/site-packages/airflow/example_dags/example_params_ui_tutorial.py
[2024-02-29T18:28:51.999+0530] {logging_mixin.py:188} INFO - [2024-02-29T18:28:51.999+0530] {dag.py:3036} INFO - Sync 1 DAGs
[2024-02-29T18:28:52.030+0530] {logging_mixin.py:188} INFO - [2024-02-29T18:28:52.029+0530] {dag.py:3823} INFO - Setting next_dagrun for example_params_ui_tutorial to None, run_after=None
[2024-02-29T18:28:52.335+0530] {processor.py:183} INFO - Processing /home/arun/.local/lib/python3.10/site-packages/airflow/example_dags/example_params_ui_tutorial.py took 0.577 seconds
[2024-02-29T18:29:52.568+0530] {processor.py:161} INFO - Started process (PID=6439) to work on /home/arun/.local/lib/python3.10/site-packages/airflow/example_dags/example_params_ui_tutorial.py
[2024-02-29T18:29:52.569+0530] {processor.py:830} INFO - Processing file /home/arun/.local/lib/python3.10/site-packages/airflow/example_dags/example_params_ui_tutorial.py for tasks to queue
[2024-02-29T18:29:52.570+0530] {logging_mixin.py:188} INFO - [2024-02-29T18:29:52.570+0530] {dagbag.py:538} INFO - Filling up the DagBag from /home/arun/.local/lib/python3.10/site-packages/airflow/example_dags/example_params_ui_tutorial.py
[2024-02-29T18:29:52.584+0530] {processor.py:840} INFO - DAG(s) 'example_params_ui_tutorial' retrieved from /home/arun/.local/lib/python3.10/site-packages/airflow/example_dags/example_params_ui_tutorial.py
[2024-02-29T18:29:52.653+0530] {logging_mixin.py:188} INFO - [2024-02-29T18:29:52.653+0530] {dag.py:3036} INFO - Sync 1 DAGs
[2024-02-29T18:29:52.699+0530] {logging_mixin.py:188} INFO - [2024-02-29T18:29:52.699+0530] {dag.py:3823} INFO - Setting next_dagrun for example_params_ui_tutorial to None, run_after=None
[2024-02-29T18:29:52.760+0530] {processor.py:183} INFO - Processing /home/arun/.local/lib/python3.10/site-packages/airflow/example_dags/example_params_ui_tutorial.py took 0.196 seconds
[2024-02-29T18:30:53.773+0530] {processor.py:161} INFO - Started process (PID=6533) to work on /home/arun/.local/lib/python3.10/site-packages/airflow/example_dags/example_params_ui_tutorial.py
[2024-02-29T18:30:53.777+0530] {processor.py:830} INFO - Processing file /home/arun/.local/lib/python3.10/site-packages/airflow/example_dags/example_params_ui_tutorial.py for tasks to queue
[2024-02-29T18:30:53.778+0530] {logging_mixin.py:188} INFO - [2024-02-29T18:30:53.778+0530] {dagbag.py:538} INFO - Filling up the DagBag from /home/arun/.local/lib/python3.10/site-packages/airflow/example_dags/example_params_ui_tutorial.py
[2024-02-29T18:30:53.792+0530] {processor.py:840} INFO - DAG(s) 'example_params_ui_tutorial' retrieved from /home/arun/.local/lib/python3.10/site-packages/airflow/example_dags/example_params_ui_tutorial.py
[2024-02-29T18:30:53.846+0530] {logging_mixin.py:188} INFO - [2024-02-29T18:30:53.845+0530] {dag.py:3036} INFO - Sync 1 DAGs
[2024-02-29T18:30:53.858+0530] {logging_mixin.py:188} INFO - [2024-02-29T18:30:53.858+0530] {dag.py:3823} INFO - Setting next_dagrun for example_params_ui_tutorial to None, run_after=None
[2024-02-29T18:30:53.942+0530] {processor.py:183} INFO - Processing /home/arun/.local/lib/python3.10/site-packages/airflow/example_dags/example_params_ui_tutorial.py took 0.172 seconds
[2024-02-29T18:31:48.199+0530] {processor.py:161} INFO - Started process (PID=6620) to work on /home/arun/.local/lib/python3.10/site-packages/airflow/example_dags/example_params_ui_tutorial.py
[2024-02-29T18:31:48.201+0530] {processor.py:830} INFO - Processing file /home/arun/.local/lib/python3.10/site-packages/airflow/example_dags/example_params_ui_tutorial.py for tasks to queue
[2024-02-29T18:31:48.203+0530] {logging_mixin.py:188} INFO - [2024-02-29T18:31:48.202+0530] {dagbag.py:538} INFO - Filling up the DagBag from /home/arun/.local/lib/python3.10/site-packages/airflow/example_dags/example_params_ui_tutorial.py
[2024-02-29T18:31:48.232+0530] {processor.py:840} INFO - DAG(s) 'example_params_ui_tutorial' retrieved from /home/arun/.local/lib/python3.10/site-packages/airflow/example_dags/example_params_ui_tutorial.py
[2024-02-29T18:31:48.309+0530] {logging_mixin.py:188} INFO - [2024-02-29T18:31:48.309+0530] {dag.py:3036} INFO - Sync 1 DAGs
[2024-02-29T18:31:48.326+0530] {logging_mixin.py:188} INFO - [2024-02-29T18:31:48.326+0530] {dag.py:3823} INFO - Setting next_dagrun for example_params_ui_tutorial to None, run_after=None
[2024-02-29T18:31:48.359+0530] {processor.py:183} INFO - Processing /home/arun/.local/lib/python3.10/site-packages/airflow/example_dags/example_params_ui_tutorial.py took 0.166 seconds
[2024-02-29T18:33:02.043+0530] {processor.py:161} INFO - Started process (PID=6744) to work on /home/arun/.local/lib/python3.10/site-packages/airflow/example_dags/example_params_ui_tutorial.py
[2024-02-29T18:33:02.053+0530] {processor.py:830} INFO - Processing file /home/arun/.local/lib/python3.10/site-packages/airflow/example_dags/example_params_ui_tutorial.py for tasks to queue
[2024-02-29T18:33:02.055+0530] {logging_mixin.py:188} INFO - [2024-02-29T18:33:02.054+0530] {dagbag.py:538} INFO - Filling up the DagBag from /home/arun/.local/lib/python3.10/site-packages/airflow/example_dags/example_params_ui_tutorial.py
[2024-02-29T18:33:02.090+0530] {processor.py:840} INFO - DAG(s) 'example_params_ui_tutorial' retrieved from /home/arun/.local/lib/python3.10/site-packages/airflow/example_dags/example_params_ui_tutorial.py
[2024-02-29T18:33:02.268+0530] {logging_mixin.py:188} INFO - [2024-02-29T18:33:02.267+0530] {dag.py:3036} INFO - Sync 1 DAGs
[2024-02-29T18:33:02.286+0530] {logging_mixin.py:188} INFO - [2024-02-29T18:33:02.286+0530] {dag.py:3823} INFO - Setting next_dagrun for example_params_ui_tutorial to None, run_after=None
[2024-02-29T18:33:02.330+0530] {processor.py:183} INFO - Processing /home/arun/.local/lib/python3.10/site-packages/airflow/example_dags/example_params_ui_tutorial.py took 0.302 seconds
[2024-02-29T18:33:58.747+0530] {processor.py:161} INFO - Started process (PID=6831) to work on /home/arun/.local/lib/python3.10/site-packages/airflow/example_dags/example_params_ui_tutorial.py
[2024-02-29T18:33:58.789+0530] {processor.py:830} INFO - Processing file /home/arun/.local/lib/python3.10/site-packages/airflow/example_dags/example_params_ui_tutorial.py for tasks to queue
[2024-02-29T18:33:58.790+0530] {logging_mixin.py:188} INFO - [2024-02-29T18:33:58.790+0530] {dagbag.py:538} INFO - Filling up the DagBag from /home/arun/.local/lib/python3.10/site-packages/airflow/example_dags/example_params_ui_tutorial.py
[2024-02-29T18:33:58.803+0530] {processor.py:840} INFO - DAG(s) 'example_params_ui_tutorial' retrieved from /home/arun/.local/lib/python3.10/site-packages/airflow/example_dags/example_params_ui_tutorial.py
[2024-02-29T18:33:58.856+0530] {logging_mixin.py:188} INFO - [2024-02-29T18:33:58.856+0530] {dag.py:3036} INFO - Sync 1 DAGs
[2024-02-29T18:33:58.871+0530] {logging_mixin.py:188} INFO - [2024-02-29T18:33:58.871+0530] {dag.py:3823} INFO - Setting next_dagrun for example_params_ui_tutorial to None, run_after=None
[2024-02-29T18:33:58.910+0530] {processor.py:183} INFO - Processing /home/arun/.local/lib/python3.10/site-packages/airflow/example_dags/example_params_ui_tutorial.py took 0.166 seconds
[2024-02-29T18:34:51.077+0530] {processor.py:161} INFO - Started process (PID=6916) to work on /home/arun/.local/lib/python3.10/site-packages/airflow/example_dags/example_params_ui_tutorial.py
[2024-02-29T18:34:51.078+0530] {processor.py:830} INFO - Processing file /home/arun/.local/lib/python3.10/site-packages/airflow/example_dags/example_params_ui_tutorial.py for tasks to queue
[2024-02-29T18:34:51.080+0530] {logging_mixin.py:188} INFO - [2024-02-29T18:34:51.080+0530] {dagbag.py:538} INFO - Filling up the DagBag from /home/arun/.local/lib/python3.10/site-packages/airflow/example_dags/example_params_ui_tutorial.py
[2024-02-29T18:34:51.100+0530] {processor.py:840} INFO - DAG(s) 'example_params_ui_tutorial' retrieved from /home/arun/.local/lib/python3.10/site-packages/airflow/example_dags/example_params_ui_tutorial.py
[2024-02-29T18:34:51.225+0530] {logging_mixin.py:188} INFO - [2024-02-29T18:34:51.225+0530] {dag.py:3036} INFO - Sync 1 DAGs
[2024-02-29T18:34:51.253+0530] {logging_mixin.py:188} INFO - [2024-02-29T18:34:51.252+0530] {dag.py:3823} INFO - Setting next_dagrun for example_params_ui_tutorial to None, run_after=None
[2024-02-29T18:34:51.325+0530] {processor.py:183} INFO - Processing /home/arun/.local/lib/python3.10/site-packages/airflow/example_dags/example_params_ui_tutorial.py took 0.252 seconds
[2024-02-29T18:35:44.976+0530] {processor.py:161} INFO - Started process (PID=7001) to work on /home/arun/.local/lib/python3.10/site-packages/airflow/example_dags/example_params_ui_tutorial.py
[2024-02-29T18:35:44.978+0530] {processor.py:830} INFO - Processing file /home/arun/.local/lib/python3.10/site-packages/airflow/example_dags/example_params_ui_tutorial.py for tasks to queue
[2024-02-29T18:35:44.978+0530] {logging_mixin.py:188} INFO - [2024-02-29T18:35:44.978+0530] {dagbag.py:538} INFO - Filling up the DagBag from /home/arun/.local/lib/python3.10/site-packages/airflow/example_dags/example_params_ui_tutorial.py
[2024-02-29T18:35:44.995+0530] {processor.py:840} INFO - DAG(s) 'example_params_ui_tutorial' retrieved from /home/arun/.local/lib/python3.10/site-packages/airflow/example_dags/example_params_ui_tutorial.py
[2024-02-29T18:35:45.090+0530] {logging_mixin.py:188} INFO - [2024-02-29T18:35:45.089+0530] {dag.py:3036} INFO - Sync 1 DAGs
[2024-02-29T18:35:45.116+0530] {logging_mixin.py:188} INFO - [2024-02-29T18:35:45.116+0530] {dag.py:3823} INFO - Setting next_dagrun for example_params_ui_tutorial to None, run_after=None
[2024-02-29T18:35:45.192+0530] {processor.py:183} INFO - Processing /home/arun/.local/lib/python3.10/site-packages/airflow/example_dags/example_params_ui_tutorial.py took 0.220 seconds
[2024-02-29T18:36:44.176+0530] {processor.py:161} INFO - Started process (PID=7090) to work on /home/arun/.local/lib/python3.10/site-packages/airflow/example_dags/example_params_ui_tutorial.py
[2024-02-29T18:36:44.178+0530] {processor.py:830} INFO - Processing file /home/arun/.local/lib/python3.10/site-packages/airflow/example_dags/example_params_ui_tutorial.py for tasks to queue
[2024-02-29T18:36:44.178+0530] {logging_mixin.py:188} INFO - [2024-02-29T18:36:44.178+0530] {dagbag.py:538} INFO - Filling up the DagBag from /home/arun/.local/lib/python3.10/site-packages/airflow/example_dags/example_params_ui_tutorial.py
[2024-02-29T18:36:44.192+0530] {processor.py:840} INFO - DAG(s) 'example_params_ui_tutorial' retrieved from /home/arun/.local/lib/python3.10/site-packages/airflow/example_dags/example_params_ui_tutorial.py
[2024-02-29T18:36:44.252+0530] {logging_mixin.py:188} INFO - [2024-02-29T18:36:44.251+0530] {dag.py:3036} INFO - Sync 1 DAGs
[2024-02-29T18:36:44.268+0530] {logging_mixin.py:188} INFO - [2024-02-29T18:36:44.267+0530] {dag.py:3823} INFO - Setting next_dagrun for example_params_ui_tutorial to None, run_after=None
[2024-02-29T18:36:44.300+0530] {processor.py:183} INFO - Processing /home/arun/.local/lib/python3.10/site-packages/airflow/example_dags/example_params_ui_tutorial.py took 0.128 seconds
[2024-02-29T18:37:48.254+0530] {processor.py:161} INFO - Started process (PID=7186) to work on /home/arun/.local/lib/python3.10/site-packages/airflow/example_dags/example_params_ui_tutorial.py
[2024-02-29T18:37:48.256+0530] {processor.py:830} INFO - Processing file /home/arun/.local/lib/python3.10/site-packages/airflow/example_dags/example_params_ui_tutorial.py for tasks to queue
[2024-02-29T18:37:48.258+0530] {logging_mixin.py:188} INFO - [2024-02-29T18:37:48.257+0530] {dagbag.py:538} INFO - Filling up the DagBag from /home/arun/.local/lib/python3.10/site-packages/airflow/example_dags/example_params_ui_tutorial.py
[2024-02-29T18:37:48.278+0530] {processor.py:840} INFO - DAG(s) 'example_params_ui_tutorial' retrieved from /home/arun/.local/lib/python3.10/site-packages/airflow/example_dags/example_params_ui_tutorial.py
[2024-02-29T18:37:48.338+0530] {logging_mixin.py:188} INFO - [2024-02-29T18:37:48.338+0530] {dag.py:3036} INFO - Sync 1 DAGs
[2024-02-29T18:37:48.354+0530] {logging_mixin.py:188} INFO - [2024-02-29T18:37:48.353+0530] {dag.py:3823} INFO - Setting next_dagrun for example_params_ui_tutorial to None, run_after=None
[2024-02-29T18:37:48.384+0530] {processor.py:183} INFO - Processing /home/arun/.local/lib/python3.10/site-packages/airflow/example_dags/example_params_ui_tutorial.py took 0.137 seconds
[2024-02-29T18:38:47.445+0530] {processor.py:161} INFO - Started process (PID=7366) to work on /home/arun/.local/lib/python3.10/site-packages/airflow/example_dags/example_params_ui_tutorial.py
[2024-02-29T18:38:47.446+0530] {processor.py:830} INFO - Processing file /home/arun/.local/lib/python3.10/site-packages/airflow/example_dags/example_params_ui_tutorial.py for tasks to queue
[2024-02-29T18:38:47.447+0530] {logging_mixin.py:188} INFO - [2024-02-29T18:38:47.447+0530] {dagbag.py:538} INFO - Filling up the DagBag from /home/arun/.local/lib/python3.10/site-packages/airflow/example_dags/example_params_ui_tutorial.py
[2024-02-29T18:38:47.463+0530] {processor.py:840} INFO - DAG(s) 'example_params_ui_tutorial' retrieved from /home/arun/.local/lib/python3.10/site-packages/airflow/example_dags/example_params_ui_tutorial.py
[2024-02-29T18:38:47.530+0530] {logging_mixin.py:188} INFO - [2024-02-29T18:38:47.530+0530] {dag.py:3036} INFO - Sync 1 DAGs
[2024-02-29T18:38:47.545+0530] {logging_mixin.py:188} INFO - [2024-02-29T18:38:47.545+0530] {dag.py:3823} INFO - Setting next_dagrun for example_params_ui_tutorial to None, run_after=None
[2024-02-29T18:38:47.583+0530] {processor.py:183} INFO - Processing /home/arun/.local/lib/python3.10/site-packages/airflow/example_dags/example_params_ui_tutorial.py took 0.142 seconds
[2024-02-29T18:39:43.133+0530] {processor.py:161} INFO - Started process (PID=7454) to work on /home/arun/.local/lib/python3.10/site-packages/airflow/example_dags/example_params_ui_tutorial.py
[2024-02-29T18:39:43.136+0530] {processor.py:830} INFO - Processing file /home/arun/.local/lib/python3.10/site-packages/airflow/example_dags/example_params_ui_tutorial.py for tasks to queue
[2024-02-29T18:39:43.137+0530] {logging_mixin.py:188} INFO - [2024-02-29T18:39:43.136+0530] {dagbag.py:538} INFO - Filling up the DagBag from /home/arun/.local/lib/python3.10/site-packages/airflow/example_dags/example_params_ui_tutorial.py
[2024-02-29T18:39:43.151+0530] {processor.py:840} INFO - DAG(s) 'example_params_ui_tutorial' retrieved from /home/arun/.local/lib/python3.10/site-packages/airflow/example_dags/example_params_ui_tutorial.py
[2024-02-29T18:39:43.215+0530] {logging_mixin.py:188} INFO - [2024-02-29T18:39:43.215+0530] {dag.py:3036} INFO - Sync 1 DAGs
[2024-02-29T18:39:43.230+0530] {logging_mixin.py:188} INFO - [2024-02-29T18:39:43.229+0530] {dag.py:3823} INFO - Setting next_dagrun for example_params_ui_tutorial to None, run_after=None
[2024-02-29T18:39:43.266+0530] {processor.py:183} INFO - Processing /home/arun/.local/lib/python3.10/site-packages/airflow/example_dags/example_params_ui_tutorial.py took 0.137 seconds
[2024-02-29T18:40:40.520+0530] {processor.py:161} INFO - Started process (PID=7541) to work on /home/arun/.local/lib/python3.10/site-packages/airflow/example_dags/example_params_ui_tutorial.py
[2024-02-29T18:40:40.522+0530] {processor.py:830} INFO - Processing file /home/arun/.local/lib/python3.10/site-packages/airflow/example_dags/example_params_ui_tutorial.py for tasks to queue
[2024-02-29T18:40:40.523+0530] {logging_mixin.py:188} INFO - [2024-02-29T18:40:40.523+0530] {dagbag.py:538} INFO - Filling up the DagBag from /home/arun/.local/lib/python3.10/site-packages/airflow/example_dags/example_params_ui_tutorial.py
[2024-02-29T18:40:40.537+0530] {processor.py:840} INFO - DAG(s) 'example_params_ui_tutorial' retrieved from /home/arun/.local/lib/python3.10/site-packages/airflow/example_dags/example_params_ui_tutorial.py
[2024-02-29T18:40:40.590+0530] {logging_mixin.py:188} INFO - [2024-02-29T18:40:40.590+0530] {dag.py:3036} INFO - Sync 1 DAGs
[2024-02-29T18:40:40.606+0530] {logging_mixin.py:188} INFO - [2024-02-29T18:40:40.605+0530] {dag.py:3823} INFO - Setting next_dagrun for example_params_ui_tutorial to None, run_after=None
[2024-02-29T18:40:40.637+0530] {processor.py:183} INFO - Processing /home/arun/.local/lib/python3.10/site-packages/airflow/example_dags/example_params_ui_tutorial.py took 0.121 seconds
[2024-02-29T18:41:37.357+0530] {processor.py:161} INFO - Started process (PID=7641) to work on /home/arun/.local/lib/python3.10/site-packages/airflow/example_dags/example_params_ui_tutorial.py
[2024-02-29T18:41:37.359+0530] {processor.py:830} INFO - Processing file /home/arun/.local/lib/python3.10/site-packages/airflow/example_dags/example_params_ui_tutorial.py for tasks to queue
[2024-02-29T18:41:37.360+0530] {logging_mixin.py:188} INFO - [2024-02-29T18:41:37.359+0530] {dagbag.py:538} INFO - Filling up the DagBag from /home/arun/.local/lib/python3.10/site-packages/airflow/example_dags/example_params_ui_tutorial.py
[2024-02-29T18:41:37.377+0530] {processor.py:840} INFO - DAG(s) 'example_params_ui_tutorial' retrieved from /home/arun/.local/lib/python3.10/site-packages/airflow/example_dags/example_params_ui_tutorial.py
[2024-02-29T18:41:37.444+0530] {logging_mixin.py:188} INFO - [2024-02-29T18:41:37.444+0530] {dag.py:3036} INFO - Sync 1 DAGs
[2024-02-29T18:41:37.463+0530] {logging_mixin.py:188} INFO - [2024-02-29T18:41:37.462+0530] {dag.py:3823} INFO - Setting next_dagrun for example_params_ui_tutorial to None, run_after=None
[2024-02-29T18:41:37.501+0530] {processor.py:183} INFO - Processing /home/arun/.local/lib/python3.10/site-packages/airflow/example_dags/example_params_ui_tutorial.py took 0.149 seconds
[2024-02-29T18:42:35.477+0530] {processor.py:161} INFO - Started process (PID=7736) to work on /home/arun/.local/lib/python3.10/site-packages/airflow/example_dags/example_params_ui_tutorial.py
[2024-02-29T18:42:35.480+0530] {processor.py:830} INFO - Processing file /home/arun/.local/lib/python3.10/site-packages/airflow/example_dags/example_params_ui_tutorial.py for tasks to queue
[2024-02-29T18:42:35.481+0530] {logging_mixin.py:188} INFO - [2024-02-29T18:42:35.480+0530] {dagbag.py:538} INFO - Filling up the DagBag from /home/arun/.local/lib/python3.10/site-packages/airflow/example_dags/example_params_ui_tutorial.py
[2024-02-29T18:42:35.500+0530] {processor.py:840} INFO - DAG(s) 'example_params_ui_tutorial' retrieved from /home/arun/.local/lib/python3.10/site-packages/airflow/example_dags/example_params_ui_tutorial.py
[2024-02-29T18:42:35.571+0530] {logging_mixin.py:188} INFO - [2024-02-29T18:42:35.570+0530] {dag.py:3036} INFO - Sync 1 DAGs
[2024-02-29T18:42:35.591+0530] {logging_mixin.py:188} INFO - [2024-02-29T18:42:35.591+0530] {dag.py:3823} INFO - Setting next_dagrun for example_params_ui_tutorial to None, run_after=None
[2024-02-29T18:42:35.626+0530] {processor.py:183} INFO - Processing /home/arun/.local/lib/python3.10/site-packages/airflow/example_dags/example_params_ui_tutorial.py took 0.155 seconds
[2024-02-29T18:43:39.728+0530] {processor.py:161} INFO - Started process (PID=7848) to work on /home/arun/.local/lib/python3.10/site-packages/airflow/example_dags/example_params_ui_tutorial.py
[2024-02-29T18:43:39.730+0530] {processor.py:830} INFO - Processing file /home/arun/.local/lib/python3.10/site-packages/airflow/example_dags/example_params_ui_tutorial.py for tasks to queue
[2024-02-29T18:43:39.730+0530] {logging_mixin.py:188} INFO - [2024-02-29T18:43:39.730+0530] {dagbag.py:538} INFO - Filling up the DagBag from /home/arun/.local/lib/python3.10/site-packages/airflow/example_dags/example_params_ui_tutorial.py
[2024-02-29T18:43:39.744+0530] {processor.py:840} INFO - DAG(s) 'example_params_ui_tutorial' retrieved from /home/arun/.local/lib/python3.10/site-packages/airflow/example_dags/example_params_ui_tutorial.py
[2024-02-29T18:43:39.814+0530] {logging_mixin.py:188} INFO - [2024-02-29T18:43:39.814+0530] {dag.py:3036} INFO - Sync 1 DAGs
[2024-02-29T18:43:39.830+0530] {logging_mixin.py:188} INFO - [2024-02-29T18:43:39.830+0530] {dag.py:3823} INFO - Setting next_dagrun for example_params_ui_tutorial to None, run_after=None
[2024-02-29T18:43:39.860+0530] {processor.py:183} INFO - Processing /home/arun/.local/lib/python3.10/site-packages/airflow/example_dags/example_params_ui_tutorial.py took 0.136 seconds
[2024-02-29T18:44:39.868+0530] {processor.py:161} INFO - Started process (PID=7939) to work on /home/arun/.local/lib/python3.10/site-packages/airflow/example_dags/example_params_ui_tutorial.py
[2024-02-29T18:44:39.870+0530] {processor.py:830} INFO - Processing file /home/arun/.local/lib/python3.10/site-packages/airflow/example_dags/example_params_ui_tutorial.py for tasks to queue
[2024-02-29T18:44:39.871+0530] {logging_mixin.py:188} INFO - [2024-02-29T18:44:39.871+0530] {dagbag.py:538} INFO - Filling up the DagBag from /home/arun/.local/lib/python3.10/site-packages/airflow/example_dags/example_params_ui_tutorial.py
[2024-02-29T18:44:39.890+0530] {processor.py:840} INFO - DAG(s) 'example_params_ui_tutorial' retrieved from /home/arun/.local/lib/python3.10/site-packages/airflow/example_dags/example_params_ui_tutorial.py
[2024-02-29T18:44:39.973+0530] {logging_mixin.py:188} INFO - [2024-02-29T18:44:39.973+0530] {dag.py:3036} INFO - Sync 1 DAGs
[2024-02-29T18:44:39.991+0530] {logging_mixin.py:188} INFO - [2024-02-29T18:44:39.990+0530] {dag.py:3823} INFO - Setting next_dagrun for example_params_ui_tutorial to None, run_after=None
[2024-02-29T18:44:40.026+0530] {processor.py:183} INFO - Processing /home/arun/.local/lib/python3.10/site-packages/airflow/example_dags/example_params_ui_tutorial.py took 0.162 seconds
[2024-02-29T18:45:34.870+0530] {processor.py:161} INFO - Started process (PID=8038) to work on /home/arun/.local/lib/python3.10/site-packages/airflow/example_dags/example_params_ui_tutorial.py
[2024-02-29T18:45:34.872+0530] {processor.py:830} INFO - Processing file /home/arun/.local/lib/python3.10/site-packages/airflow/example_dags/example_params_ui_tutorial.py for tasks to queue
[2024-02-29T18:45:34.873+0530] {logging_mixin.py:188} INFO - [2024-02-29T18:45:34.872+0530] {dagbag.py:538} INFO - Filling up the DagBag from /home/arun/.local/lib/python3.10/site-packages/airflow/example_dags/example_params_ui_tutorial.py
[2024-02-29T18:45:34.887+0530] {processor.py:840} INFO - DAG(s) 'example_params_ui_tutorial' retrieved from /home/arun/.local/lib/python3.10/site-packages/airflow/example_dags/example_params_ui_tutorial.py
[2024-02-29T18:45:34.969+0530] {logging_mixin.py:188} INFO - [2024-02-29T18:45:34.969+0530] {dag.py:3036} INFO - Sync 1 DAGs
[2024-02-29T18:45:34.987+0530] {logging_mixin.py:188} INFO - [2024-02-29T18:45:34.986+0530] {dag.py:3823} INFO - Setting next_dagrun for example_params_ui_tutorial to None, run_after=None
[2024-02-29T18:45:35.018+0530] {processor.py:183} INFO - Processing /home/arun/.local/lib/python3.10/site-packages/airflow/example_dags/example_params_ui_tutorial.py took 0.151 seconds
[2024-02-29T18:46:28.599+0530] {processor.py:161} INFO - Started process (PID=8128) to work on /home/arun/.local/lib/python3.10/site-packages/airflow/example_dags/example_params_ui_tutorial.py
[2024-02-29T18:46:28.635+0530] {processor.py:830} INFO - Processing file /home/arun/.local/lib/python3.10/site-packages/airflow/example_dags/example_params_ui_tutorial.py for tasks to queue
[2024-02-29T18:46:28.636+0530] {logging_mixin.py:188} INFO - [2024-02-29T18:46:28.636+0530] {dagbag.py:538} INFO - Filling up the DagBag from /home/arun/.local/lib/python3.10/site-packages/airflow/example_dags/example_params_ui_tutorial.py
[2024-02-29T18:46:28.650+0530] {processor.py:840} INFO - DAG(s) 'example_params_ui_tutorial' retrieved from /home/arun/.local/lib/python3.10/site-packages/airflow/example_dags/example_params_ui_tutorial.py
[2024-02-29T18:46:28.728+0530] {logging_mixin.py:188} INFO - [2024-02-29T18:46:28.728+0530] {dag.py:3036} INFO - Sync 1 DAGs
[2024-02-29T18:46:28.750+0530] {logging_mixin.py:188} INFO - [2024-02-29T18:46:28.750+0530] {dag.py:3823} INFO - Setting next_dagrun for example_params_ui_tutorial to None, run_after=None
[2024-02-29T18:46:28.797+0530] {processor.py:183} INFO - Processing /home/arun/.local/lib/python3.10/site-packages/airflow/example_dags/example_params_ui_tutorial.py took 0.201 seconds
[2024-02-29T18:47:21.159+0530] {processor.py:161} INFO - Started process (PID=8213) to work on /home/arun/.local/lib/python3.10/site-packages/airflow/example_dags/example_params_ui_tutorial.py
[2024-02-29T18:47:21.160+0530] {processor.py:830} INFO - Processing file /home/arun/.local/lib/python3.10/site-packages/airflow/example_dags/example_params_ui_tutorial.py for tasks to queue
[2024-02-29T18:47:21.161+0530] {logging_mixin.py:188} INFO - [2024-02-29T18:47:21.160+0530] {dagbag.py:538} INFO - Filling up the DagBag from /home/arun/.local/lib/python3.10/site-packages/airflow/example_dags/example_params_ui_tutorial.py
[2024-02-29T18:47:21.172+0530] {processor.py:840} INFO - DAG(s) 'example_params_ui_tutorial' retrieved from /home/arun/.local/lib/python3.10/site-packages/airflow/example_dags/example_params_ui_tutorial.py
[2024-02-29T18:47:21.231+0530] {logging_mixin.py:188} INFO - [2024-02-29T18:47:21.231+0530] {dag.py:3036} INFO - Sync 1 DAGs
[2024-02-29T18:47:21.247+0530] {logging_mixin.py:188} INFO - [2024-02-29T18:47:21.246+0530] {dag.py:3823} INFO - Setting next_dagrun for example_params_ui_tutorial to None, run_after=None
[2024-02-29T18:47:21.279+0530] {processor.py:183} INFO - Processing /home/arun/.local/lib/python3.10/site-packages/airflow/example_dags/example_params_ui_tutorial.py took 0.124 seconds
[2024-02-29T18:48:29.952+0530] {processor.py:161} INFO - Started process (PID=8326) to work on /home/arun/.local/lib/python3.10/site-packages/airflow/example_dags/example_params_ui_tutorial.py
[2024-02-29T18:48:29.987+0530] {processor.py:830} INFO - Processing file /home/arun/.local/lib/python3.10/site-packages/airflow/example_dags/example_params_ui_tutorial.py for tasks to queue
[2024-02-29T18:48:29.989+0530] {logging_mixin.py:188} INFO - [2024-02-29T18:48:29.988+0530] {dagbag.py:538} INFO - Filling up the DagBag from /home/arun/.local/lib/python3.10/site-packages/airflow/example_dags/example_params_ui_tutorial.py
[2024-02-29T18:48:30.001+0530] {processor.py:840} INFO - DAG(s) 'example_params_ui_tutorial' retrieved from /home/arun/.local/lib/python3.10/site-packages/airflow/example_dags/example_params_ui_tutorial.py
[2024-02-29T18:48:30.042+0530] {logging_mixin.py:188} INFO - [2024-02-29T18:48:30.042+0530] {dag.py:3036} INFO - Sync 1 DAGs
[2024-02-29T18:48:30.052+0530] {logging_mixin.py:188} INFO - [2024-02-29T18:48:30.052+0530] {dag.py:3823} INFO - Setting next_dagrun for example_params_ui_tutorial to None, run_after=None
[2024-02-29T18:48:30.078+0530] {processor.py:183} INFO - Processing /home/arun/.local/lib/python3.10/site-packages/airflow/example_dags/example_params_ui_tutorial.py took 0.129 seconds
[2024-02-29T18:49:17.980+0530] {processor.py:161} INFO - Started process (PID=8405) to work on /home/arun/.local/lib/python3.10/site-packages/airflow/example_dags/example_params_ui_tutorial.py
[2024-02-29T18:49:17.982+0530] {processor.py:830} INFO - Processing file /home/arun/.local/lib/python3.10/site-packages/airflow/example_dags/example_params_ui_tutorial.py for tasks to queue
[2024-02-29T18:49:17.983+0530] {logging_mixin.py:188} INFO - [2024-02-29T18:49:17.983+0530] {dagbag.py:538} INFO - Filling up the DagBag from /home/arun/.local/lib/python3.10/site-packages/airflow/example_dags/example_params_ui_tutorial.py
[2024-02-29T18:49:17.997+0530] {processor.py:840} INFO - DAG(s) 'example_params_ui_tutorial' retrieved from /home/arun/.local/lib/python3.10/site-packages/airflow/example_dags/example_params_ui_tutorial.py
[2024-02-29T18:49:18.058+0530] {logging_mixin.py:188} INFO - [2024-02-29T18:49:18.058+0530] {dag.py:3036} INFO - Sync 1 DAGs
[2024-02-29T18:49:18.075+0530] {logging_mixin.py:188} INFO - [2024-02-29T18:49:18.075+0530] {dag.py:3823} INFO - Setting next_dagrun for example_params_ui_tutorial to None, run_after=None
[2024-02-29T18:49:18.111+0530] {processor.py:183} INFO - Processing /home/arun/.local/lib/python3.10/site-packages/airflow/example_dags/example_params_ui_tutorial.py took 0.134 seconds
[2024-02-29T18:50:26.466+0530] {processor.py:161} INFO - Started process (PID=8517) to work on /home/arun/.local/lib/python3.10/site-packages/airflow/example_dags/example_params_ui_tutorial.py
[2024-02-29T18:50:26.468+0530] {processor.py:830} INFO - Processing file /home/arun/.local/lib/python3.10/site-packages/airflow/example_dags/example_params_ui_tutorial.py for tasks to queue
[2024-02-29T18:50:26.469+0530] {logging_mixin.py:188} INFO - [2024-02-29T18:50:26.469+0530] {dagbag.py:538} INFO - Filling up the DagBag from /home/arun/.local/lib/python3.10/site-packages/airflow/example_dags/example_params_ui_tutorial.py
[2024-02-29T18:50:26.482+0530] {processor.py:840} INFO - DAG(s) 'example_params_ui_tutorial' retrieved from /home/arun/.local/lib/python3.10/site-packages/airflow/example_dags/example_params_ui_tutorial.py
[2024-02-29T18:50:26.561+0530] {logging_mixin.py:188} INFO - [2024-02-29T18:50:26.561+0530] {dag.py:3036} INFO - Sync 1 DAGs
[2024-02-29T18:50:26.582+0530] {logging_mixin.py:188} INFO - [2024-02-29T18:50:26.582+0530] {dag.py:3823} INFO - Setting next_dagrun for example_params_ui_tutorial to None, run_after=None
[2024-02-29T18:50:26.628+0530] {processor.py:183} INFO - Processing /home/arun/.local/lib/python3.10/site-packages/airflow/example_dags/example_params_ui_tutorial.py took 0.165 seconds
[2024-02-29T18:51:19.540+0530] {processor.py:161} INFO - Started process (PID=8603) to work on /home/arun/.local/lib/python3.10/site-packages/airflow/example_dags/example_params_ui_tutorial.py
[2024-02-29T18:51:19.572+0530] {processor.py:830} INFO - Processing file /home/arun/.local/lib/python3.10/site-packages/airflow/example_dags/example_params_ui_tutorial.py for tasks to queue
[2024-02-29T18:51:19.573+0530] {logging_mixin.py:188} INFO - [2024-02-29T18:51:19.572+0530] {dagbag.py:538} INFO - Filling up the DagBag from /home/arun/.local/lib/python3.10/site-packages/airflow/example_dags/example_params_ui_tutorial.py
[2024-02-29T18:51:19.588+0530] {processor.py:840} INFO - DAG(s) 'example_params_ui_tutorial' retrieved from /home/arun/.local/lib/python3.10/site-packages/airflow/example_dags/example_params_ui_tutorial.py
[2024-02-29T18:51:19.646+0530] {logging_mixin.py:188} INFO - [2024-02-29T18:51:19.646+0530] {dag.py:3036} INFO - Sync 1 DAGs
[2024-02-29T18:51:19.660+0530] {logging_mixin.py:188} INFO - [2024-02-29T18:51:19.660+0530] {dag.py:3823} INFO - Setting next_dagrun for example_params_ui_tutorial to None, run_after=None
[2024-02-29T18:51:19.691+0530] {processor.py:183} INFO - Processing /home/arun/.local/lib/python3.10/site-packages/airflow/example_dags/example_params_ui_tutorial.py took 0.155 seconds
[2024-02-29T18:52:14.301+0530] {processor.py:161} INFO - Started process (PID=8780) to work on /home/arun/.local/lib/python3.10/site-packages/airflow/example_dags/example_params_ui_tutorial.py
[2024-02-29T18:52:14.339+0530] {processor.py:830} INFO - Processing file /home/arun/.local/lib/python3.10/site-packages/airflow/example_dags/example_params_ui_tutorial.py for tasks to queue
[2024-02-29T18:52:14.342+0530] {logging_mixin.py:188} INFO - [2024-02-29T18:52:14.341+0530] {dagbag.py:538} INFO - Filling up the DagBag from /home/arun/.local/lib/python3.10/site-packages/airflow/example_dags/example_params_ui_tutorial.py
[2024-02-29T18:52:14.378+0530] {processor.py:840} INFO - DAG(s) 'example_params_ui_tutorial' retrieved from /home/arun/.local/lib/python3.10/site-packages/airflow/example_dags/example_params_ui_tutorial.py
[2024-02-29T18:52:14.540+0530] {logging_mixin.py:188} INFO - [2024-02-29T18:52:14.540+0530] {dag.py:3036} INFO - Sync 1 DAGs
[2024-02-29T18:52:14.575+0530] {logging_mixin.py:188} INFO - [2024-02-29T18:52:14.575+0530] {dag.py:3823} INFO - Setting next_dagrun for example_params_ui_tutorial to None, run_after=None
[2024-02-29T18:52:14.646+0530] {processor.py:183} INFO - Processing /home/arun/.local/lib/python3.10/site-packages/airflow/example_dags/example_params_ui_tutorial.py took 0.353 seconds
[2024-02-29T18:53:07.310+0530] {processor.py:161} INFO - Started process (PID=8862) to work on /home/arun/.local/lib/python3.10/site-packages/airflow/example_dags/example_params_ui_tutorial.py
[2024-02-29T18:53:07.355+0530] {processor.py:830} INFO - Processing file /home/arun/.local/lib/python3.10/site-packages/airflow/example_dags/example_params_ui_tutorial.py for tasks to queue
[2024-02-29T18:53:07.356+0530] {logging_mixin.py:188} INFO - [2024-02-29T18:53:07.356+0530] {dagbag.py:538} INFO - Filling up the DagBag from /home/arun/.local/lib/python3.10/site-packages/airflow/example_dags/example_params_ui_tutorial.py
[2024-02-29T18:53:07.370+0530] {processor.py:840} INFO - DAG(s) 'example_params_ui_tutorial' retrieved from /home/arun/.local/lib/python3.10/site-packages/airflow/example_dags/example_params_ui_tutorial.py
[2024-02-29T18:53:07.436+0530] {logging_mixin.py:188} INFO - [2024-02-29T18:53:07.436+0530] {dag.py:3036} INFO - Sync 1 DAGs
[2024-02-29T18:53:07.452+0530] {logging_mixin.py:188} INFO - [2024-02-29T18:53:07.452+0530] {dag.py:3823} INFO - Setting next_dagrun for example_params_ui_tutorial to None, run_after=None
[2024-02-29T18:53:07.486+0530] {processor.py:183} INFO - Processing /home/arun/.local/lib/python3.10/site-packages/airflow/example_dags/example_params_ui_tutorial.py took 0.181 seconds
[2024-02-29T18:53:59.546+0530] {processor.py:161} INFO - Started process (PID=8944) to work on /home/arun/.local/lib/python3.10/site-packages/airflow/example_dags/example_params_ui_tutorial.py
[2024-02-29T18:53:59.548+0530] {processor.py:830} INFO - Processing file /home/arun/.local/lib/python3.10/site-packages/airflow/example_dags/example_params_ui_tutorial.py for tasks to queue
[2024-02-29T18:53:59.549+0530] {logging_mixin.py:188} INFO - [2024-02-29T18:53:59.549+0530] {dagbag.py:538} INFO - Filling up the DagBag from /home/arun/.local/lib/python3.10/site-packages/airflow/example_dags/example_params_ui_tutorial.py
[2024-02-29T18:53:59.576+0530] {processor.py:840} INFO - DAG(s) 'example_params_ui_tutorial' retrieved from /home/arun/.local/lib/python3.10/site-packages/airflow/example_dags/example_params_ui_tutorial.py
[2024-02-29T18:53:59.664+0530] {logging_mixin.py:188} INFO - [2024-02-29T18:53:59.664+0530] {dag.py:3036} INFO - Sync 1 DAGs
[2024-02-29T18:53:59.679+0530] {logging_mixin.py:188} INFO - [2024-02-29T18:53:59.679+0530] {dag.py:3823} INFO - Setting next_dagrun for example_params_ui_tutorial to None, run_after=None
[2024-02-29T18:53:59.719+0530] {processor.py:183} INFO - Processing /home/arun/.local/lib/python3.10/site-packages/airflow/example_dags/example_params_ui_tutorial.py took 0.179 seconds
[2024-02-29T18:54:50.309+0530] {processor.py:161} INFO - Started process (PID=9215) to work on /home/arun/.local/lib/python3.10/site-packages/airflow/example_dags/example_params_ui_tutorial.py
[2024-02-29T18:54:50.313+0530] {processor.py:830} INFO - Processing file /home/arun/.local/lib/python3.10/site-packages/airflow/example_dags/example_params_ui_tutorial.py for tasks to queue
[2024-02-29T18:54:50.315+0530] {logging_mixin.py:188} INFO - [2024-02-29T18:54:50.314+0530] {dagbag.py:538} INFO - Filling up the DagBag from /home/arun/.local/lib/python3.10/site-packages/airflow/example_dags/example_params_ui_tutorial.py
[2024-02-29T18:54:50.346+0530] {processor.py:840} INFO - DAG(s) 'example_params_ui_tutorial' retrieved from /home/arun/.local/lib/python3.10/site-packages/airflow/example_dags/example_params_ui_tutorial.py
[2024-02-29T18:54:50.441+0530] {logging_mixin.py:188} INFO - [2024-02-29T18:54:50.440+0530] {dag.py:3036} INFO - Sync 1 DAGs
[2024-02-29T18:54:50.456+0530] {logging_mixin.py:188} INFO - [2024-02-29T18:54:50.456+0530] {dag.py:3823} INFO - Setting next_dagrun for example_params_ui_tutorial to None, run_after=None
[2024-02-29T18:54:50.487+0530] {processor.py:183} INFO - Processing /home/arun/.local/lib/python3.10/site-packages/airflow/example_dags/example_params_ui_tutorial.py took 0.184 seconds
[2024-02-29T18:55:42.799+0530] {processor.py:161} INFO - Started process (PID=9359) to work on /home/arun/.local/lib/python3.10/site-packages/airflow/example_dags/example_params_ui_tutorial.py
[2024-02-29T18:55:42.801+0530] {processor.py:830} INFO - Processing file /home/arun/.local/lib/python3.10/site-packages/airflow/example_dags/example_params_ui_tutorial.py for tasks to queue
[2024-02-29T18:55:42.802+0530] {logging_mixin.py:188} INFO - [2024-02-29T18:55:42.802+0530] {dagbag.py:538} INFO - Filling up the DagBag from /home/arun/.local/lib/python3.10/site-packages/airflow/example_dags/example_params_ui_tutorial.py
[2024-02-29T18:55:42.821+0530] {processor.py:840} INFO - DAG(s) 'example_params_ui_tutorial' retrieved from /home/arun/.local/lib/python3.10/site-packages/airflow/example_dags/example_params_ui_tutorial.py
[2024-02-29T18:55:42.912+0530] {logging_mixin.py:188} INFO - [2024-02-29T18:55:42.911+0530] {dag.py:3036} INFO - Sync 1 DAGs
[2024-02-29T18:55:42.934+0530] {logging_mixin.py:188} INFO - [2024-02-29T18:55:42.933+0530] {dag.py:3823} INFO - Setting next_dagrun for example_params_ui_tutorial to None, run_after=None
[2024-02-29T18:55:42.973+0530] {processor.py:183} INFO - Processing /home/arun/.local/lib/python3.10/site-packages/airflow/example_dags/example_params_ui_tutorial.py took 0.179 seconds
[2024-02-29T18:56:43.727+0530] {processor.py:161} INFO - Started process (PID=9475) to work on /home/arun/.local/lib/python3.10/site-packages/airflow/example_dags/example_params_ui_tutorial.py
[2024-02-29T18:56:43.730+0530] {processor.py:830} INFO - Processing file /home/arun/.local/lib/python3.10/site-packages/airflow/example_dags/example_params_ui_tutorial.py for tasks to queue
[2024-02-29T18:56:43.732+0530] {logging_mixin.py:188} INFO - [2024-02-29T18:56:43.731+0530] {dagbag.py:538} INFO - Filling up the DagBag from /home/arun/.local/lib/python3.10/site-packages/airflow/example_dags/example_params_ui_tutorial.py
[2024-02-29T18:56:43.800+0530] {processor.py:840} INFO - DAG(s) 'example_params_ui_tutorial' retrieved from /home/arun/.local/lib/python3.10/site-packages/airflow/example_dags/example_params_ui_tutorial.py
[2024-02-29T18:56:43.939+0530] {logging_mixin.py:188} INFO - [2024-02-29T18:56:43.938+0530] {dag.py:3036} INFO - Sync 1 DAGs
[2024-02-29T18:56:43.961+0530] {logging_mixin.py:188} INFO - [2024-02-29T18:56:43.960+0530] {dag.py:3823} INFO - Setting next_dagrun for example_params_ui_tutorial to None, run_after=None
[2024-02-29T18:56:44.009+0530] {processor.py:183} INFO - Processing /home/arun/.local/lib/python3.10/site-packages/airflow/example_dags/example_params_ui_tutorial.py took 0.296 seconds
[2024-02-29T18:57:39.492+0530] {processor.py:161} INFO - Started process (PID=9573) to work on /home/arun/.local/lib/python3.10/site-packages/airflow/example_dags/example_params_ui_tutorial.py
[2024-02-29T18:57:39.507+0530] {processor.py:830} INFO - Processing file /home/arun/.local/lib/python3.10/site-packages/airflow/example_dags/example_params_ui_tutorial.py for tasks to queue
[2024-02-29T18:57:39.510+0530] {logging_mixin.py:188} INFO - [2024-02-29T18:57:39.510+0530] {dagbag.py:538} INFO - Filling up the DagBag from /home/arun/.local/lib/python3.10/site-packages/airflow/example_dags/example_params_ui_tutorial.py
[2024-02-29T18:57:39.534+0530] {processor.py:840} INFO - DAG(s) 'example_params_ui_tutorial' retrieved from /home/arun/.local/lib/python3.10/site-packages/airflow/example_dags/example_params_ui_tutorial.py
[2024-02-29T18:57:39.597+0530] {logging_mixin.py:188} INFO - [2024-02-29T18:57:39.597+0530] {dag.py:3036} INFO - Sync 1 DAGs
[2024-02-29T18:57:39.638+0530] {logging_mixin.py:188} INFO - [2024-02-29T18:57:39.637+0530] {dag.py:3823} INFO - Setting next_dagrun for example_params_ui_tutorial to None, run_after=None
[2024-02-29T18:57:39.676+0530] {processor.py:183} INFO - Processing /home/arun/.local/lib/python3.10/site-packages/airflow/example_dags/example_params_ui_tutorial.py took 0.196 seconds
[2024-02-29T18:58:36.332+0530] {processor.py:161} INFO - Started process (PID=9661) to work on /home/arun/.local/lib/python3.10/site-packages/airflow/example_dags/example_params_ui_tutorial.py
[2024-02-29T18:58:36.363+0530] {processor.py:830} INFO - Processing file /home/arun/.local/lib/python3.10/site-packages/airflow/example_dags/example_params_ui_tutorial.py for tasks to queue
[2024-02-29T18:58:36.364+0530] {logging_mixin.py:188} INFO - [2024-02-29T18:58:36.363+0530] {dagbag.py:538} INFO - Filling up the DagBag from /home/arun/.local/lib/python3.10/site-packages/airflow/example_dags/example_params_ui_tutorial.py
[2024-02-29T18:58:36.377+0530] {processor.py:840} INFO - DAG(s) 'example_params_ui_tutorial' retrieved from /home/arun/.local/lib/python3.10/site-packages/airflow/example_dags/example_params_ui_tutorial.py
[2024-02-29T18:58:36.433+0530] {logging_mixin.py:188} INFO - [2024-02-29T18:58:36.432+0530] {dag.py:3036} INFO - Sync 1 DAGs
[2024-02-29T18:58:36.448+0530] {logging_mixin.py:188} INFO - [2024-02-29T18:58:36.448+0530] {dag.py:3823} INFO - Setting next_dagrun for example_params_ui_tutorial to None, run_after=None
[2024-02-29T18:58:36.483+0530] {processor.py:183} INFO - Processing /home/arun/.local/lib/python3.10/site-packages/airflow/example_dags/example_params_ui_tutorial.py took 0.155 seconds
[2024-02-29T18:59:34.254+0530] {processor.py:161} INFO - Started process (PID=9775) to work on /home/arun/.local/lib/python3.10/site-packages/airflow/example_dags/example_params_ui_tutorial.py
[2024-02-29T18:59:34.257+0530] {processor.py:830} INFO - Processing file /home/arun/.local/lib/python3.10/site-packages/airflow/example_dags/example_params_ui_tutorial.py for tasks to queue
[2024-02-29T18:59:34.258+0530] {logging_mixin.py:188} INFO - [2024-02-29T18:59:34.258+0530] {dagbag.py:538} INFO - Filling up the DagBag from /home/arun/.local/lib/python3.10/site-packages/airflow/example_dags/example_params_ui_tutorial.py
[2024-02-29T18:59:34.276+0530] {processor.py:840} INFO - DAG(s) 'example_params_ui_tutorial' retrieved from /home/arun/.local/lib/python3.10/site-packages/airflow/example_dags/example_params_ui_tutorial.py
[2024-02-29T18:59:34.335+0530] {logging_mixin.py:188} INFO - [2024-02-29T18:59:34.335+0530] {dag.py:3036} INFO - Sync 1 DAGs
[2024-02-29T18:59:34.348+0530] {logging_mixin.py:188} INFO - [2024-02-29T18:59:34.348+0530] {dag.py:3823} INFO - Setting next_dagrun for example_params_ui_tutorial to None, run_after=None
[2024-02-29T18:59:34.387+0530] {processor.py:183} INFO - Processing /home/arun/.local/lib/python3.10/site-packages/airflow/example_dags/example_params_ui_tutorial.py took 0.139 seconds
[2024-02-29T19:00:26.678+0530] {processor.py:161} INFO - Started process (PID=9861) to work on /home/arun/.local/lib/python3.10/site-packages/airflow/example_dags/example_params_ui_tutorial.py
[2024-02-29T19:00:26.681+0530] {processor.py:830} INFO - Processing file /home/arun/.local/lib/python3.10/site-packages/airflow/example_dags/example_params_ui_tutorial.py for tasks to queue
[2024-02-29T19:00:26.682+0530] {logging_mixin.py:188} INFO - [2024-02-29T19:00:26.682+0530] {dagbag.py:538} INFO - Filling up the DagBag from /home/arun/.local/lib/python3.10/site-packages/airflow/example_dags/example_params_ui_tutorial.py
[2024-02-29T19:00:26.702+0530] {processor.py:840} INFO - DAG(s) 'example_params_ui_tutorial' retrieved from /home/arun/.local/lib/python3.10/site-packages/airflow/example_dags/example_params_ui_tutorial.py
[2024-02-29T19:00:26.768+0530] {logging_mixin.py:188} INFO - [2024-02-29T19:00:26.768+0530] {dag.py:3036} INFO - Sync 1 DAGs
[2024-02-29T19:00:26.785+0530] {logging_mixin.py:188} INFO - [2024-02-29T19:00:26.785+0530] {dag.py:3823} INFO - Setting next_dagrun for example_params_ui_tutorial to None, run_after=None
[2024-02-29T19:00:26.835+0530] {processor.py:183} INFO - Processing /home/arun/.local/lib/python3.10/site-packages/airflow/example_dags/example_params_ui_tutorial.py took 0.163 seconds
[2024-02-29T19:01:18.263+0530] {processor.py:161} INFO - Started process (PID=9947) to work on /home/arun/.local/lib/python3.10/site-packages/airflow/example_dags/example_params_ui_tutorial.py
[2024-02-29T19:01:18.264+0530] {processor.py:830} INFO - Processing file /home/arun/.local/lib/python3.10/site-packages/airflow/example_dags/example_params_ui_tutorial.py for tasks to queue
[2024-02-29T19:01:18.265+0530] {logging_mixin.py:188} INFO - [2024-02-29T19:01:18.265+0530] {dagbag.py:538} INFO - Filling up the DagBag from /home/arun/.local/lib/python3.10/site-packages/airflow/example_dags/example_params_ui_tutorial.py
[2024-02-29T19:01:18.280+0530] {processor.py:840} INFO - DAG(s) 'example_params_ui_tutorial' retrieved from /home/arun/.local/lib/python3.10/site-packages/airflow/example_dags/example_params_ui_tutorial.py
[2024-02-29T19:01:18.327+0530] {logging_mixin.py:188} INFO - [2024-02-29T19:01:18.326+0530] {dag.py:3036} INFO - Sync 1 DAGs
[2024-02-29T19:01:18.338+0530] {logging_mixin.py:188} INFO - [2024-02-29T19:01:18.338+0530] {dag.py:3823} INFO - Setting next_dagrun for example_params_ui_tutorial to None, run_after=None
[2024-02-29T19:01:18.363+0530] {processor.py:183} INFO - Processing /home/arun/.local/lib/python3.10/site-packages/airflow/example_dags/example_params_ui_tutorial.py took 0.104 seconds
[2024-02-29T19:02:10.679+0530] {processor.py:161} INFO - Started process (PID=10031) to work on /home/arun/.local/lib/python3.10/site-packages/airflow/example_dags/example_params_ui_tutorial.py
[2024-02-29T19:02:10.681+0530] {processor.py:830} INFO - Processing file /home/arun/.local/lib/python3.10/site-packages/airflow/example_dags/example_params_ui_tutorial.py for tasks to queue
[2024-02-29T19:02:10.683+0530] {logging_mixin.py:188} INFO - [2024-02-29T19:02:10.682+0530] {dagbag.py:538} INFO - Filling up the DagBag from /home/arun/.local/lib/python3.10/site-packages/airflow/example_dags/example_params_ui_tutorial.py
[2024-02-29T19:02:10.700+0530] {processor.py:840} INFO - DAG(s) 'example_params_ui_tutorial' retrieved from /home/arun/.local/lib/python3.10/site-packages/airflow/example_dags/example_params_ui_tutorial.py
[2024-02-29T19:02:10.776+0530] {logging_mixin.py:188} INFO - [2024-02-29T19:02:10.776+0530] {dag.py:3036} INFO - Sync 1 DAGs
[2024-02-29T19:02:10.797+0530] {logging_mixin.py:188} INFO - [2024-02-29T19:02:10.796+0530] {dag.py:3823} INFO - Setting next_dagrun for example_params_ui_tutorial to None, run_after=None
[2024-02-29T19:02:10.866+0530] {processor.py:183} INFO - Processing /home/arun/.local/lib/python3.10/site-packages/airflow/example_dags/example_params_ui_tutorial.py took 0.192 seconds
[2024-02-29T19:03:01.740+0530] {processor.py:161} INFO - Started process (PID=10113) to work on /home/arun/.local/lib/python3.10/site-packages/airflow/example_dags/example_params_ui_tutorial.py
[2024-02-29T19:03:01.742+0530] {processor.py:830} INFO - Processing file /home/arun/.local/lib/python3.10/site-packages/airflow/example_dags/example_params_ui_tutorial.py for tasks to queue
[2024-02-29T19:03:01.743+0530] {logging_mixin.py:188} INFO - [2024-02-29T19:03:01.742+0530] {dagbag.py:538} INFO - Filling up the DagBag from /home/arun/.local/lib/python3.10/site-packages/airflow/example_dags/example_params_ui_tutorial.py
[2024-02-29T19:03:01.756+0530] {processor.py:840} INFO - DAG(s) 'example_params_ui_tutorial' retrieved from /home/arun/.local/lib/python3.10/site-packages/airflow/example_dags/example_params_ui_tutorial.py
[2024-02-29T19:03:01.815+0530] {logging_mixin.py:188} INFO - [2024-02-29T19:03:01.815+0530] {dag.py:3036} INFO - Sync 1 DAGs
[2024-02-29T19:03:01.831+0530] {logging_mixin.py:188} INFO - [2024-02-29T19:03:01.831+0530] {dag.py:3823} INFO - Setting next_dagrun for example_params_ui_tutorial to None, run_after=None
[2024-02-29T19:03:01.873+0530] {processor.py:183} INFO - Processing /home/arun/.local/lib/python3.10/site-packages/airflow/example_dags/example_params_ui_tutorial.py took 0.136 seconds
[2024-02-29T19:03:50.533+0530] {processor.py:161} INFO - Started process (PID=10192) to work on /home/arun/.local/lib/python3.10/site-packages/airflow/example_dags/example_params_ui_tutorial.py
[2024-02-29T19:03:50.535+0530] {processor.py:830} INFO - Processing file /home/arun/.local/lib/python3.10/site-packages/airflow/example_dags/example_params_ui_tutorial.py for tasks to queue
[2024-02-29T19:03:50.537+0530] {logging_mixin.py:188} INFO - [2024-02-29T19:03:50.536+0530] {dagbag.py:538} INFO - Filling up the DagBag from /home/arun/.local/lib/python3.10/site-packages/airflow/example_dags/example_params_ui_tutorial.py
[2024-02-29T19:03:50.573+0530] {processor.py:840} INFO - DAG(s) 'example_params_ui_tutorial' retrieved from /home/arun/.local/lib/python3.10/site-packages/airflow/example_dags/example_params_ui_tutorial.py
[2024-02-29T19:03:50.683+0530] {logging_mixin.py:188} INFO - [2024-02-29T19:03:50.683+0530] {dag.py:3036} INFO - Sync 1 DAGs
[2024-02-29T19:03:50.695+0530] {logging_mixin.py:188} INFO - [2024-02-29T19:03:50.695+0530] {dag.py:3823} INFO - Setting next_dagrun for example_params_ui_tutorial to None, run_after=None
[2024-02-29T19:03:50.722+0530] {processor.py:183} INFO - Processing /home/arun/.local/lib/python3.10/site-packages/airflow/example_dags/example_params_ui_tutorial.py took 0.194 seconds
[2024-02-29T19:05:05.052+0530] {processor.py:161} INFO - Started process (PID=10337) to work on /home/arun/.local/lib/python3.10/site-packages/airflow/example_dags/example_params_ui_tutorial.py
[2024-02-29T19:05:05.056+0530] {processor.py:830} INFO - Processing file /home/arun/.local/lib/python3.10/site-packages/airflow/example_dags/example_params_ui_tutorial.py for tasks to queue
[2024-02-29T19:05:05.058+0530] {logging_mixin.py:188} INFO - [2024-02-29T19:05:05.057+0530] {dagbag.py:538} INFO - Filling up the DagBag from /home/arun/.local/lib/python3.10/site-packages/airflow/example_dags/example_params_ui_tutorial.py
[2024-02-29T19:05:05.084+0530] {processor.py:840} INFO - DAG(s) 'example_params_ui_tutorial' retrieved from /home/arun/.local/lib/python3.10/site-packages/airflow/example_dags/example_params_ui_tutorial.py
[2024-02-29T19:05:05.153+0530] {logging_mixin.py:188} INFO - [2024-02-29T19:05:05.153+0530] {dag.py:3036} INFO - Sync 1 DAGs
[2024-02-29T19:05:05.169+0530] {logging_mixin.py:188} INFO - [2024-02-29T19:05:05.168+0530] {dag.py:3823} INFO - Setting next_dagrun for example_params_ui_tutorial to None, run_after=None
[2024-02-29T19:05:05.202+0530] {processor.py:183} INFO - Processing /home/arun/.local/lib/python3.10/site-packages/airflow/example_dags/example_params_ui_tutorial.py took 0.158 seconds
[2024-02-29T19:06:22.602+0530] {processor.py:161} INFO - Started process (PID=10629) to work on /home/arun/.local/lib/python3.10/site-packages/airflow/example_dags/example_params_ui_tutorial.py
[2024-02-29T19:06:22.610+0530] {processor.py:830} INFO - Processing file /home/arun/.local/lib/python3.10/site-packages/airflow/example_dags/example_params_ui_tutorial.py for tasks to queue
[2024-02-29T19:06:22.613+0530] {logging_mixin.py:188} INFO - [2024-02-29T19:06:22.611+0530] {dagbag.py:538} INFO - Filling up the DagBag from /home/arun/.local/lib/python3.10/site-packages/airflow/example_dags/example_params_ui_tutorial.py
[2024-02-29T19:06:22.655+0530] {processor.py:840} INFO - DAG(s) 'example_params_ui_tutorial' retrieved from /home/arun/.local/lib/python3.10/site-packages/airflow/example_dags/example_params_ui_tutorial.py
[2024-02-29T19:06:22.791+0530] {logging_mixin.py:188} INFO - [2024-02-29T19:06:22.787+0530] {dag.py:3036} INFO - Sync 1 DAGs
[2024-02-29T19:06:22.828+0530] {logging_mixin.py:188} INFO - [2024-02-29T19:06:22.827+0530] {dag.py:3823} INFO - Setting next_dagrun for example_params_ui_tutorial to None, run_after=None
[2024-02-29T19:06:23.115+0530] {processor.py:183} INFO - Processing /home/arun/.local/lib/python3.10/site-packages/airflow/example_dags/example_params_ui_tutorial.py took 0.524 seconds
