[2024-02-29T18:15:26.139+0530] {processor.py:161} INFO - Started process (PID=5181) to work on /home/arun/.local/lib/python3.10/site-packages/airflow/example_dags/example_time_delta_sensor_async.py
[2024-02-29T18:15:26.141+0530] {processor.py:830} INFO - Processing file /home/arun/.local/lib/python3.10/site-packages/airflow/example_dags/example_time_delta_sensor_async.py for tasks to queue
[2024-02-29T18:15:26.143+0530] {logging_mixin.py:188} INFO - [2024-02-29T18:15:26.142+0530] {dagbag.py:538} INFO - Filling up the DagBag from /home/arun/.local/lib/python3.10/site-packages/airflow/example_dags/example_time_delta_sensor_async.py
[2024-02-29T18:15:26.189+0530] {processor.py:840} INFO - DAG(s) 'example_time_delta_sensor_async' retrieved from /home/arun/.local/lib/python3.10/site-packages/airflow/example_dags/example_time_delta_sensor_async.py
[2024-02-29T18:15:26.437+0530] {logging_mixin.py:188} INFO - [2024-02-29T18:15:26.436+0530] {dag.py:3036} INFO - Sync 1 DAGs
[2024-02-29T18:15:26.475+0530] {logging_mixin.py:188} INFO - [2024-02-29T18:15:26.474+0530] {dag.py:3823} INFO - Setting next_dagrun for example_time_delta_sensor_async to None, run_after=None
[2024-02-29T18:15:26.628+0530] {processor.py:183} INFO - Processing /home/arun/.local/lib/python3.10/site-packages/airflow/example_dags/example_time_delta_sensor_async.py took 0.494 seconds
[2024-02-29T18:16:47.254+0530] {processor.py:161} INFO - Started process (PID=5235) to work on /home/arun/.local/lib/python3.10/site-packages/airflow/example_dags/example_time_delta_sensor_async.py
[2024-02-29T18:16:47.256+0530] {processor.py:830} INFO - Processing file /home/arun/.local/lib/python3.10/site-packages/airflow/example_dags/example_time_delta_sensor_async.py for tasks to queue
[2024-02-29T18:16:47.257+0530] {logging_mixin.py:188} INFO - [2024-02-29T18:16:47.256+0530] {dagbag.py:538} INFO - Filling up the DagBag from /home/arun/.local/lib/python3.10/site-packages/airflow/example_dags/example_time_delta_sensor_async.py
[2024-02-29T18:16:47.266+0530] {processor.py:840} INFO - DAG(s) 'example_time_delta_sensor_async' retrieved from /home/arun/.local/lib/python3.10/site-packages/airflow/example_dags/example_time_delta_sensor_async.py
[2024-02-29T18:16:47.316+0530] {logging_mixin.py:188} INFO - [2024-02-29T18:16:47.315+0530] {dag.py:3036} INFO - Sync 1 DAGs
[2024-02-29T18:16:47.356+0530] {logging_mixin.py:188} INFO - [2024-02-29T18:16:47.356+0530] {dag.py:3823} INFO - Setting next_dagrun for example_time_delta_sensor_async to None, run_after=None
[2024-02-29T18:16:47.539+0530] {processor.py:183} INFO - Processing /home/arun/.local/lib/python3.10/site-packages/airflow/example_dags/example_time_delta_sensor_async.py took 0.309 seconds
[2024-02-29T18:17:43.402+0530] {processor.py:161} INFO - Started process (PID=5279) to work on /home/arun/.local/lib/python3.10/site-packages/airflow/example_dags/example_time_delta_sensor_async.py
[2024-02-29T18:17:43.425+0530] {processor.py:830} INFO - Processing file /home/arun/.local/lib/python3.10/site-packages/airflow/example_dags/example_time_delta_sensor_async.py for tasks to queue
[2024-02-29T18:17:43.426+0530] {logging_mixin.py:188} INFO - [2024-02-29T18:17:43.426+0530] {dagbag.py:538} INFO - Filling up the DagBag from /home/arun/.local/lib/python3.10/site-packages/airflow/example_dags/example_time_delta_sensor_async.py
[2024-02-29T18:17:43.437+0530] {processor.py:840} INFO - DAG(s) 'example_time_delta_sensor_async' retrieved from /home/arun/.local/lib/python3.10/site-packages/airflow/example_dags/example_time_delta_sensor_async.py
[2024-02-29T18:17:43.509+0530] {logging_mixin.py:188} INFO - [2024-02-29T18:17:43.509+0530] {dag.py:3036} INFO - Sync 1 DAGs
[2024-02-29T18:17:43.873+0530] {logging_mixin.py:188} INFO - [2024-02-29T18:17:43.872+0530] {dag.py:3823} INFO - Setting next_dagrun for example_time_delta_sensor_async to None, run_after=None
[2024-02-29T18:17:43.990+0530] {processor.py:183} INFO - Processing /home/arun/.local/lib/python3.10/site-packages/airflow/example_dags/example_time_delta_sensor_async.py took 0.612 seconds
[2024-02-29T18:20:00.625+0530] {processor.py:161} INFO - Started process (PID=5454) to work on /home/arun/.local/lib/python3.10/site-packages/airflow/example_dags/example_time_delta_sensor_async.py
[2024-02-29T18:20:00.645+0530] {processor.py:830} INFO - Processing file /home/arun/.local/lib/python3.10/site-packages/airflow/example_dags/example_time_delta_sensor_async.py for tasks to queue
[2024-02-29T18:20:00.647+0530] {logging_mixin.py:188} INFO - [2024-02-29T18:20:00.646+0530] {dagbag.py:538} INFO - Filling up the DagBag from /home/arun/.local/lib/python3.10/site-packages/airflow/example_dags/example_time_delta_sensor_async.py
[2024-02-29T18:20:00.668+0530] {processor.py:840} INFO - DAG(s) 'example_time_delta_sensor_async' retrieved from /home/arun/.local/lib/python3.10/site-packages/airflow/example_dags/example_time_delta_sensor_async.py
[2024-02-29T18:20:00.695+0530] {logging_mixin.py:188} INFO - [2024-02-29T18:20:00.695+0530] {dag.py:3036} INFO - Sync 1 DAGs
[2024-02-29T18:20:00.712+0530] {logging_mixin.py:188} INFO - [2024-02-29T18:20:00.712+0530] {dag.py:3823} INFO - Setting next_dagrun for example_time_delta_sensor_async to None, run_after=None
[2024-02-29T18:20:00.816+0530] {processor.py:183} INFO - Processing /home/arun/.local/lib/python3.10/site-packages/airflow/example_dags/example_time_delta_sensor_async.py took 0.196 seconds
[2024-02-29T18:21:12.518+0530] {processor.py:161} INFO - Started process (PID=5569) to work on /home/arun/.local/lib/python3.10/site-packages/airflow/example_dags/example_time_delta_sensor_async.py
[2024-02-29T18:21:12.531+0530] {processor.py:830} INFO - Processing file /home/arun/.local/lib/python3.10/site-packages/airflow/example_dags/example_time_delta_sensor_async.py for tasks to queue
[2024-02-29T18:21:12.541+0530] {logging_mixin.py:188} INFO - [2024-02-29T18:21:12.540+0530] {dagbag.py:538} INFO - Filling up the DagBag from /home/arun/.local/lib/python3.10/site-packages/airflow/example_dags/example_time_delta_sensor_async.py
[2024-02-29T18:21:12.565+0530] {processor.py:840} INFO - DAG(s) 'example_time_delta_sensor_async' retrieved from /home/arun/.local/lib/python3.10/site-packages/airflow/example_dags/example_time_delta_sensor_async.py
[2024-02-29T18:21:12.608+0530] {logging_mixin.py:188} INFO - [2024-02-29T18:21:12.607+0530] {dag.py:3036} INFO - Sync 1 DAGs
[2024-02-29T18:21:12.641+0530] {logging_mixin.py:188} INFO - [2024-02-29T18:21:12.641+0530] {dag.py:3823} INFO - Setting next_dagrun for example_time_delta_sensor_async to None, run_after=None
[2024-02-29T18:21:12.830+0530] {processor.py:183} INFO - Processing /home/arun/.local/lib/python3.10/site-packages/airflow/example_dags/example_time_delta_sensor_async.py took 0.329 seconds
[2024-02-29T18:22:10.193+0530] {processor.py:161} INFO - Started process (PID=5669) to work on /home/arun/.local/lib/python3.10/site-packages/airflow/example_dags/example_time_delta_sensor_async.py
[2024-02-29T18:22:10.249+0530] {processor.py:830} INFO - Processing file /home/arun/.local/lib/python3.10/site-packages/airflow/example_dags/example_time_delta_sensor_async.py for tasks to queue
[2024-02-29T18:22:10.250+0530] {logging_mixin.py:188} INFO - [2024-02-29T18:22:10.249+0530] {dagbag.py:538} INFO - Filling up the DagBag from /home/arun/.local/lib/python3.10/site-packages/airflow/example_dags/example_time_delta_sensor_async.py
[2024-02-29T18:22:10.255+0530] {processor.py:840} INFO - DAG(s) 'example_time_delta_sensor_async' retrieved from /home/arun/.local/lib/python3.10/site-packages/airflow/example_dags/example_time_delta_sensor_async.py
[2024-02-29T18:22:10.280+0530] {logging_mixin.py:188} INFO - [2024-02-29T18:22:10.280+0530] {dag.py:3036} INFO - Sync 1 DAGs
[2024-02-29T18:22:10.313+0530] {logging_mixin.py:188} INFO - [2024-02-29T18:22:10.311+0530] {dag.py:3823} INFO - Setting next_dagrun for example_time_delta_sensor_async to None, run_after=None
[2024-02-29T18:22:10.422+0530] {processor.py:183} INFO - Processing /home/arun/.local/lib/python3.10/site-packages/airflow/example_dags/example_time_delta_sensor_async.py took 0.239 seconds
[2024-02-29T18:23:06.683+0530] {processor.py:161} INFO - Started process (PID=5754) to work on /home/arun/.local/lib/python3.10/site-packages/airflow/example_dags/example_time_delta_sensor_async.py
[2024-02-29T18:23:06.724+0530] {processor.py:830} INFO - Processing file /home/arun/.local/lib/python3.10/site-packages/airflow/example_dags/example_time_delta_sensor_async.py for tasks to queue
[2024-02-29T18:23:06.726+0530] {logging_mixin.py:188} INFO - [2024-02-29T18:23:06.725+0530] {dagbag.py:538} INFO - Filling up the DagBag from /home/arun/.local/lib/python3.10/site-packages/airflow/example_dags/example_time_delta_sensor_async.py
[2024-02-29T18:23:06.733+0530] {processor.py:840} INFO - DAG(s) 'example_time_delta_sensor_async' retrieved from /home/arun/.local/lib/python3.10/site-packages/airflow/example_dags/example_time_delta_sensor_async.py
[2024-02-29T18:23:06.756+0530] {logging_mixin.py:188} INFO - [2024-02-29T18:23:06.755+0530] {dag.py:3036} INFO - Sync 1 DAGs
[2024-02-29T18:23:06.772+0530] {logging_mixin.py:188} INFO - [2024-02-29T18:23:06.772+0530] {dag.py:3823} INFO - Setting next_dagrun for example_time_delta_sensor_async to None, run_after=None
[2024-02-29T18:23:06.802+0530] {processor.py:183} INFO - Processing /home/arun/.local/lib/python3.10/site-packages/airflow/example_dags/example_time_delta_sensor_async.py took 0.131 seconds
[2024-02-29T18:23:57.004+0530] {processor.py:161} INFO - Started process (PID=5858) to work on /home/arun/.local/lib/python3.10/site-packages/airflow/example_dags/example_time_delta_sensor_async.py
[2024-02-29T18:23:57.007+0530] {processor.py:830} INFO - Processing file /home/arun/.local/lib/python3.10/site-packages/airflow/example_dags/example_time_delta_sensor_async.py for tasks to queue
[2024-02-29T18:23:57.008+0530] {logging_mixin.py:188} INFO - [2024-02-29T18:23:57.007+0530] {dagbag.py:538} INFO - Filling up the DagBag from /home/arun/.local/lib/python3.10/site-packages/airflow/example_dags/example_time_delta_sensor_async.py
[2024-02-29T18:23:57.012+0530] {processor.py:840} INFO - DAG(s) 'example_time_delta_sensor_async' retrieved from /home/arun/.local/lib/python3.10/site-packages/airflow/example_dags/example_time_delta_sensor_async.py
[2024-02-29T18:23:57.030+0530] {logging_mixin.py:188} INFO - [2024-02-29T18:23:57.029+0530] {dag.py:3036} INFO - Sync 1 DAGs
[2024-02-29T18:23:57.044+0530] {logging_mixin.py:188} INFO - [2024-02-29T18:23:57.044+0530] {dag.py:3823} INFO - Setting next_dagrun for example_time_delta_sensor_async to None, run_after=None
[2024-02-29T18:23:57.081+0530] {processor.py:183} INFO - Processing /home/arun/.local/lib/python3.10/site-packages/airflow/example_dags/example_time_delta_sensor_async.py took 0.080 seconds
[2024-02-29T18:24:46.039+0530] {processor.py:161} INFO - Started process (PID=5932) to work on /home/arun/.local/lib/python3.10/site-packages/airflow/example_dags/example_time_delta_sensor_async.py
[2024-02-29T18:24:46.047+0530] {processor.py:830} INFO - Processing file /home/arun/.local/lib/python3.10/site-packages/airflow/example_dags/example_time_delta_sensor_async.py for tasks to queue
[2024-02-29T18:24:46.049+0530] {logging_mixin.py:188} INFO - [2024-02-29T18:24:46.048+0530] {dagbag.py:538} INFO - Filling up the DagBag from /home/arun/.local/lib/python3.10/site-packages/airflow/example_dags/example_time_delta_sensor_async.py
[2024-02-29T18:24:46.069+0530] {processor.py:840} INFO - DAG(s) 'example_time_delta_sensor_async' retrieved from /home/arun/.local/lib/python3.10/site-packages/airflow/example_dags/example_time_delta_sensor_async.py
[2024-02-29T18:24:46.168+0530] {logging_mixin.py:188} INFO - [2024-02-29T18:24:46.167+0530] {dag.py:3036} INFO - Sync 1 DAGs
[2024-02-29T18:24:46.195+0530] {logging_mixin.py:188} INFO - [2024-02-29T18:24:46.195+0530] {dag.py:3823} INFO - Setting next_dagrun for example_time_delta_sensor_async to None, run_after=None
[2024-02-29T18:24:46.298+0530] {processor.py:183} INFO - Processing /home/arun/.local/lib/python3.10/site-packages/airflow/example_dags/example_time_delta_sensor_async.py took 0.267 seconds
[2024-02-29T18:25:36.933+0530] {processor.py:161} INFO - Started process (PID=6011) to work on /home/arun/.local/lib/python3.10/site-packages/airflow/example_dags/example_time_delta_sensor_async.py
[2024-02-29T18:25:36.934+0530] {processor.py:830} INFO - Processing file /home/arun/.local/lib/python3.10/site-packages/airflow/example_dags/example_time_delta_sensor_async.py for tasks to queue
[2024-02-29T18:25:36.935+0530] {logging_mixin.py:188} INFO - [2024-02-29T18:25:36.935+0530] {dagbag.py:538} INFO - Filling up the DagBag from /home/arun/.local/lib/python3.10/site-packages/airflow/example_dags/example_time_delta_sensor_async.py
[2024-02-29T18:25:36.940+0530] {processor.py:840} INFO - DAG(s) 'example_time_delta_sensor_async' retrieved from /home/arun/.local/lib/python3.10/site-packages/airflow/example_dags/example_time_delta_sensor_async.py
[2024-02-29T18:25:36.960+0530] {logging_mixin.py:188} INFO - [2024-02-29T18:25:36.959+0530] {dag.py:3036} INFO - Sync 1 DAGs
[2024-02-29T18:25:36.975+0530] {logging_mixin.py:188} INFO - [2024-02-29T18:25:36.975+0530] {dag.py:3823} INFO - Setting next_dagrun for example_time_delta_sensor_async to None, run_after=None
[2024-02-29T18:25:37.124+0530] {processor.py:183} INFO - Processing /home/arun/.local/lib/python3.10/site-packages/airflow/example_dags/example_time_delta_sensor_async.py took 0.194 seconds
[2024-02-29T18:26:23.988+0530] {processor.py:161} INFO - Started process (PID=6083) to work on /home/arun/.local/lib/python3.10/site-packages/airflow/example_dags/example_time_delta_sensor_async.py
[2024-02-29T18:26:23.989+0530] {processor.py:830} INFO - Processing file /home/arun/.local/lib/python3.10/site-packages/airflow/example_dags/example_time_delta_sensor_async.py for tasks to queue
[2024-02-29T18:26:23.990+0530] {logging_mixin.py:188} INFO - [2024-02-29T18:26:23.990+0530] {dagbag.py:538} INFO - Filling up the DagBag from /home/arun/.local/lib/python3.10/site-packages/airflow/example_dags/example_time_delta_sensor_async.py
[2024-02-29T18:26:23.997+0530] {processor.py:840} INFO - DAG(s) 'example_time_delta_sensor_async' retrieved from /home/arun/.local/lib/python3.10/site-packages/airflow/example_dags/example_time_delta_sensor_async.py
[2024-02-29T18:26:24.021+0530] {logging_mixin.py:188} INFO - [2024-02-29T18:26:24.021+0530] {dag.py:3036} INFO - Sync 1 DAGs
[2024-02-29T18:26:24.042+0530] {logging_mixin.py:188} INFO - [2024-02-29T18:26:24.042+0530] {dag.py:3823} INFO - Setting next_dagrun for example_time_delta_sensor_async to None, run_after=None
[2024-02-29T18:26:24.091+0530] {processor.py:183} INFO - Processing /home/arun/.local/lib/python3.10/site-packages/airflow/example_dags/example_time_delta_sensor_async.py took 0.108 seconds
[2024-02-29T18:27:17.519+0530] {processor.py:161} INFO - Started process (PID=6164) to work on /home/arun/.local/lib/python3.10/site-packages/airflow/example_dags/example_time_delta_sensor_async.py
[2024-02-29T18:27:17.521+0530] {processor.py:830} INFO - Processing file /home/arun/.local/lib/python3.10/site-packages/airflow/example_dags/example_time_delta_sensor_async.py for tasks to queue
[2024-02-29T18:27:17.522+0530] {logging_mixin.py:188} INFO - [2024-02-29T18:27:17.522+0530] {dagbag.py:538} INFO - Filling up the DagBag from /home/arun/.local/lib/python3.10/site-packages/airflow/example_dags/example_time_delta_sensor_async.py
[2024-02-29T18:27:17.532+0530] {processor.py:840} INFO - DAG(s) 'example_time_delta_sensor_async' retrieved from /home/arun/.local/lib/python3.10/site-packages/airflow/example_dags/example_time_delta_sensor_async.py
[2024-02-29T18:27:17.570+0530] {logging_mixin.py:188} INFO - [2024-02-29T18:27:17.570+0530] {dag.py:3036} INFO - Sync 1 DAGs
[2024-02-29T18:27:17.615+0530] {logging_mixin.py:188} INFO - [2024-02-29T18:27:17.615+0530] {dag.py:3823} INFO - Setting next_dagrun for example_time_delta_sensor_async to None, run_after=None
[2024-02-29T18:27:17.657+0530] {processor.py:183} INFO - Processing /home/arun/.local/lib/python3.10/site-packages/airflow/example_dags/example_time_delta_sensor_async.py took 0.143 seconds
[2024-02-29T18:28:41.052+0530] {processor.py:161} INFO - Started process (PID=6318) to work on /home/arun/.local/lib/python3.10/site-packages/airflow/example_dags/example_time_delta_sensor_async.py
[2024-02-29T18:28:41.079+0530] {processor.py:830} INFO - Processing file /home/arun/.local/lib/python3.10/site-packages/airflow/example_dags/example_time_delta_sensor_async.py for tasks to queue
[2024-02-29T18:28:41.086+0530] {logging_mixin.py:188} INFO - [2024-02-29T18:28:41.080+0530] {dagbag.py:538} INFO - Filling up the DagBag from /home/arun/.local/lib/python3.10/site-packages/airflow/example_dags/example_time_delta_sensor_async.py
[2024-02-29T18:28:41.102+0530] {processor.py:840} INFO - DAG(s) 'example_time_delta_sensor_async' retrieved from /home/arun/.local/lib/python3.10/site-packages/airflow/example_dags/example_time_delta_sensor_async.py
[2024-02-29T18:28:41.142+0530] {logging_mixin.py:188} INFO - [2024-02-29T18:28:41.142+0530] {dag.py:3036} INFO - Sync 1 DAGs
[2024-02-29T18:28:41.182+0530] {logging_mixin.py:188} INFO - [2024-02-29T18:28:41.182+0530] {dag.py:3823} INFO - Setting next_dagrun for example_time_delta_sensor_async to None, run_after=None
[2024-02-29T18:28:41.252+0530] {processor.py:183} INFO - Processing /home/arun/.local/lib/python3.10/site-packages/airflow/example_dags/example_time_delta_sensor_async.py took 0.212 seconds
[2024-02-29T18:29:42.921+0530] {processor.py:161} INFO - Started process (PID=6424) to work on /home/arun/.local/lib/python3.10/site-packages/airflow/example_dags/example_time_delta_sensor_async.py
[2024-02-29T18:29:42.947+0530] {processor.py:830} INFO - Processing file /home/arun/.local/lib/python3.10/site-packages/airflow/example_dags/example_time_delta_sensor_async.py for tasks to queue
[2024-02-29T18:29:42.948+0530] {logging_mixin.py:188} INFO - [2024-02-29T18:29:42.947+0530] {dagbag.py:538} INFO - Filling up the DagBag from /home/arun/.local/lib/python3.10/site-packages/airflow/example_dags/example_time_delta_sensor_async.py
[2024-02-29T18:29:42.953+0530] {processor.py:840} INFO - DAG(s) 'example_time_delta_sensor_async' retrieved from /home/arun/.local/lib/python3.10/site-packages/airflow/example_dags/example_time_delta_sensor_async.py
[2024-02-29T18:29:42.973+0530] {logging_mixin.py:188} INFO - [2024-02-29T18:29:42.973+0530] {dag.py:3036} INFO - Sync 1 DAGs
[2024-02-29T18:29:42.992+0530] {logging_mixin.py:188} INFO - [2024-02-29T18:29:42.992+0530] {dag.py:3823} INFO - Setting next_dagrun for example_time_delta_sensor_async to None, run_after=None
[2024-02-29T18:29:43.060+0530] {processor.py:183} INFO - Processing /home/arun/.local/lib/python3.10/site-packages/airflow/example_dags/example_time_delta_sensor_async.py took 0.142 seconds
[2024-02-29T18:30:43.185+0530] {processor.py:161} INFO - Started process (PID=6518) to work on /home/arun/.local/lib/python3.10/site-packages/airflow/example_dags/example_time_delta_sensor_async.py
[2024-02-29T18:30:43.188+0530] {processor.py:830} INFO - Processing file /home/arun/.local/lib/python3.10/site-packages/airflow/example_dags/example_time_delta_sensor_async.py for tasks to queue
[2024-02-29T18:30:43.190+0530] {logging_mixin.py:188} INFO - [2024-02-29T18:30:43.189+0530] {dagbag.py:538} INFO - Filling up the DagBag from /home/arun/.local/lib/python3.10/site-packages/airflow/example_dags/example_time_delta_sensor_async.py
[2024-02-29T18:30:43.200+0530] {processor.py:840} INFO - DAG(s) 'example_time_delta_sensor_async' retrieved from /home/arun/.local/lib/python3.10/site-packages/airflow/example_dags/example_time_delta_sensor_async.py
[2024-02-29T18:30:43.230+0530] {logging_mixin.py:188} INFO - [2024-02-29T18:30:43.229+0530] {dag.py:3036} INFO - Sync 1 DAGs
[2024-02-29T18:30:43.250+0530] {logging_mixin.py:188} INFO - [2024-02-29T18:30:43.250+0530] {dag.py:3823} INFO - Setting next_dagrun for example_time_delta_sensor_async to None, run_after=None
[2024-02-29T18:30:43.290+0530] {processor.py:183} INFO - Processing /home/arun/.local/lib/python3.10/site-packages/airflow/example_dags/example_time_delta_sensor_async.py took 0.112 seconds
[2024-02-29T18:31:38.837+0530] {processor.py:161} INFO - Started process (PID=6606) to work on /home/arun/.local/lib/python3.10/site-packages/airflow/example_dags/example_time_delta_sensor_async.py
[2024-02-29T18:31:38.839+0530] {processor.py:830} INFO - Processing file /home/arun/.local/lib/python3.10/site-packages/airflow/example_dags/example_time_delta_sensor_async.py for tasks to queue
[2024-02-29T18:31:38.840+0530] {logging_mixin.py:188} INFO - [2024-02-29T18:31:38.840+0530] {dagbag.py:538} INFO - Filling up the DagBag from /home/arun/.local/lib/python3.10/site-packages/airflow/example_dags/example_time_delta_sensor_async.py
[2024-02-29T18:31:38.847+0530] {processor.py:840} INFO - DAG(s) 'example_time_delta_sensor_async' retrieved from /home/arun/.local/lib/python3.10/site-packages/airflow/example_dags/example_time_delta_sensor_async.py
[2024-02-29T18:31:38.869+0530] {logging_mixin.py:188} INFO - [2024-02-29T18:31:38.869+0530] {dag.py:3036} INFO - Sync 1 DAGs
[2024-02-29T18:31:38.888+0530] {logging_mixin.py:188} INFO - [2024-02-29T18:31:38.888+0530] {dag.py:3823} INFO - Setting next_dagrun for example_time_delta_sensor_async to None, run_after=None
[2024-02-29T18:31:38.925+0530] {processor.py:183} INFO - Processing /home/arun/.local/lib/python3.10/site-packages/airflow/example_dags/example_time_delta_sensor_async.py took 0.092 seconds
[2024-02-29T18:32:27.199+0530] {processor.py:161} INFO - Started process (PID=6690) to work on /home/arun/.local/lib/python3.10/site-packages/airflow/example_dags/example_time_delta_sensor_async.py
[2024-02-29T18:32:27.202+0530] {processor.py:830} INFO - Processing file /home/arun/.local/lib/python3.10/site-packages/airflow/example_dags/example_time_delta_sensor_async.py for tasks to queue
[2024-02-29T18:32:27.203+0530] {logging_mixin.py:188} INFO - [2024-02-29T18:32:27.203+0530] {dagbag.py:538} INFO - Filling up the DagBag from /home/arun/.local/lib/python3.10/site-packages/airflow/example_dags/example_time_delta_sensor_async.py
[2024-02-29T18:32:27.211+0530] {processor.py:840} INFO - DAG(s) 'example_time_delta_sensor_async' retrieved from /home/arun/.local/lib/python3.10/site-packages/airflow/example_dags/example_time_delta_sensor_async.py
[2024-02-29T18:32:27.235+0530] {logging_mixin.py:188} INFO - [2024-02-29T18:32:27.235+0530] {dag.py:3036} INFO - Sync 1 DAGs
[2024-02-29T18:32:27.250+0530] {logging_mixin.py:188} INFO - [2024-02-29T18:32:27.250+0530] {dag.py:3823} INFO - Setting next_dagrun for example_time_delta_sensor_async to None, run_after=None
[2024-02-29T18:32:27.290+0530] {processor.py:183} INFO - Processing /home/arun/.local/lib/python3.10/site-packages/airflow/example_dags/example_time_delta_sensor_async.py took 0.096 seconds
[2024-02-29T18:33:21.791+0530] {processor.py:161} INFO - Started process (PID=6775) to work on /home/arun/.local/lib/python3.10/site-packages/airflow/example_dags/example_time_delta_sensor_async.py
[2024-02-29T18:33:21.806+0530] {processor.py:830} INFO - Processing file /home/arun/.local/lib/python3.10/site-packages/airflow/example_dags/example_time_delta_sensor_async.py for tasks to queue
[2024-02-29T18:33:21.820+0530] {logging_mixin.py:188} INFO - [2024-02-29T18:33:21.819+0530] {dagbag.py:538} INFO - Filling up the DagBag from /home/arun/.local/lib/python3.10/site-packages/airflow/example_dags/example_time_delta_sensor_async.py
[2024-02-29T18:33:21.851+0530] {processor.py:840} INFO - DAG(s) 'example_time_delta_sensor_async' retrieved from /home/arun/.local/lib/python3.10/site-packages/airflow/example_dags/example_time_delta_sensor_async.py
[2024-02-29T18:33:21.879+0530] {logging_mixin.py:188} INFO - [2024-02-29T18:33:21.878+0530] {dag.py:3036} INFO - Sync 1 DAGs
[2024-02-29T18:33:21.895+0530] {logging_mixin.py:188} INFO - [2024-02-29T18:33:21.895+0530] {dag.py:3823} INFO - Setting next_dagrun for example_time_delta_sensor_async to None, run_after=None
[2024-02-29T18:33:22.053+0530] {processor.py:183} INFO - Processing /home/arun/.local/lib/python3.10/site-packages/airflow/example_dags/example_time_delta_sensor_async.py took 0.282 seconds
[2024-02-29T18:34:15.867+0530] {processor.py:161} INFO - Started process (PID=6861) to work on /home/arun/.local/lib/python3.10/site-packages/airflow/example_dags/example_time_delta_sensor_async.py
[2024-02-29T18:34:15.869+0530] {processor.py:830} INFO - Processing file /home/arun/.local/lib/python3.10/site-packages/airflow/example_dags/example_time_delta_sensor_async.py for tasks to queue
[2024-02-29T18:34:15.870+0530] {logging_mixin.py:188} INFO - [2024-02-29T18:34:15.869+0530] {dagbag.py:538} INFO - Filling up the DagBag from /home/arun/.local/lib/python3.10/site-packages/airflow/example_dags/example_time_delta_sensor_async.py
[2024-02-29T18:34:15.875+0530] {processor.py:840} INFO - DAG(s) 'example_time_delta_sensor_async' retrieved from /home/arun/.local/lib/python3.10/site-packages/airflow/example_dags/example_time_delta_sensor_async.py
[2024-02-29T18:34:15.895+0530] {logging_mixin.py:188} INFO - [2024-02-29T18:34:15.895+0530] {dag.py:3036} INFO - Sync 1 DAGs
[2024-02-29T18:34:15.909+0530] {logging_mixin.py:188} INFO - [2024-02-29T18:34:15.909+0530] {dag.py:3823} INFO - Setting next_dagrun for example_time_delta_sensor_async to None, run_after=None
[2024-02-29T18:34:16.012+0530] {processor.py:183} INFO - Processing /home/arun/.local/lib/python3.10/site-packages/airflow/example_dags/example_time_delta_sensor_async.py took 0.148 seconds
[2024-02-29T18:35:08.159+0530] {processor.py:161} INFO - Started process (PID=6946) to work on /home/arun/.local/lib/python3.10/site-packages/airflow/example_dags/example_time_delta_sensor_async.py
[2024-02-29T18:35:08.161+0530] {processor.py:830} INFO - Processing file /home/arun/.local/lib/python3.10/site-packages/airflow/example_dags/example_time_delta_sensor_async.py for tasks to queue
[2024-02-29T18:35:08.162+0530] {logging_mixin.py:188} INFO - [2024-02-29T18:35:08.161+0530] {dagbag.py:538} INFO - Filling up the DagBag from /home/arun/.local/lib/python3.10/site-packages/airflow/example_dags/example_time_delta_sensor_async.py
[2024-02-29T18:35:08.167+0530] {processor.py:840} INFO - DAG(s) 'example_time_delta_sensor_async' retrieved from /home/arun/.local/lib/python3.10/site-packages/airflow/example_dags/example_time_delta_sensor_async.py
[2024-02-29T18:35:08.190+0530] {logging_mixin.py:188} INFO - [2024-02-29T18:35:08.190+0530] {dag.py:3036} INFO - Sync 1 DAGs
[2024-02-29T18:35:08.210+0530] {logging_mixin.py:188} INFO - [2024-02-29T18:35:08.209+0530] {dag.py:3823} INFO - Setting next_dagrun for example_time_delta_sensor_async to None, run_after=None
[2024-02-29T18:35:08.268+0530] {processor.py:183} INFO - Processing /home/arun/.local/lib/python3.10/site-packages/airflow/example_dags/example_time_delta_sensor_async.py took 0.113 seconds
[2024-02-29T18:36:03.132+0530] {processor.py:161} INFO - Started process (PID=7031) to work on /home/arun/.local/lib/python3.10/site-packages/airflow/example_dags/example_time_delta_sensor_async.py
[2024-02-29T18:36:03.136+0530] {processor.py:830} INFO - Processing file /home/arun/.local/lib/python3.10/site-packages/airflow/example_dags/example_time_delta_sensor_async.py for tasks to queue
[2024-02-29T18:36:03.139+0530] {logging_mixin.py:188} INFO - [2024-02-29T18:36:03.137+0530] {dagbag.py:538} INFO - Filling up the DagBag from /home/arun/.local/lib/python3.10/site-packages/airflow/example_dags/example_time_delta_sensor_async.py
[2024-02-29T18:36:03.187+0530] {processor.py:840} INFO - DAG(s) 'example_time_delta_sensor_async' retrieved from /home/arun/.local/lib/python3.10/site-packages/airflow/example_dags/example_time_delta_sensor_async.py
[2024-02-29T18:36:03.227+0530] {logging_mixin.py:188} INFO - [2024-02-29T18:36:03.226+0530] {dag.py:3036} INFO - Sync 1 DAGs
[2024-02-29T18:36:03.252+0530] {logging_mixin.py:188} INFO - [2024-02-29T18:36:03.251+0530] {dag.py:3823} INFO - Setting next_dagrun for example_time_delta_sensor_async to None, run_after=None
[2024-02-29T18:36:03.292+0530] {processor.py:183} INFO - Processing /home/arun/.local/lib/python3.10/site-packages/airflow/example_dags/example_time_delta_sensor_async.py took 0.166 seconds
[2024-02-29T18:37:05.735+0530] {processor.py:161} INFO - Started process (PID=7123) to work on /home/arun/.local/lib/python3.10/site-packages/airflow/example_dags/example_time_delta_sensor_async.py
[2024-02-29T18:37:05.739+0530] {processor.py:830} INFO - Processing file /home/arun/.local/lib/python3.10/site-packages/airflow/example_dags/example_time_delta_sensor_async.py for tasks to queue
[2024-02-29T18:37:05.742+0530] {logging_mixin.py:188} INFO - [2024-02-29T18:37:05.741+0530] {dagbag.py:538} INFO - Filling up the DagBag from /home/arun/.local/lib/python3.10/site-packages/airflow/example_dags/example_time_delta_sensor_async.py
[2024-02-29T18:37:05.777+0530] {processor.py:840} INFO - DAG(s) 'example_time_delta_sensor_async' retrieved from /home/arun/.local/lib/python3.10/site-packages/airflow/example_dags/example_time_delta_sensor_async.py
[2024-02-29T18:37:05.854+0530] {logging_mixin.py:188} INFO - [2024-02-29T18:37:05.853+0530] {dag.py:3036} INFO - Sync 1 DAGs
[2024-02-29T18:37:05.900+0530] {logging_mixin.py:188} INFO - [2024-02-29T18:37:05.899+0530] {dag.py:3823} INFO - Setting next_dagrun for example_time_delta_sensor_async to None, run_after=None
[2024-02-29T18:37:05.976+0530] {processor.py:183} INFO - Processing /home/arun/.local/lib/python3.10/site-packages/airflow/example_dags/example_time_delta_sensor_async.py took 0.252 seconds
[2024-02-29T18:38:05.134+0530] {processor.py:161} INFO - Started process (PID=7213) to work on /home/arun/.local/lib/python3.10/site-packages/airflow/example_dags/example_time_delta_sensor_async.py
[2024-02-29T18:38:05.136+0530] {processor.py:830} INFO - Processing file /home/arun/.local/lib/python3.10/site-packages/airflow/example_dags/example_time_delta_sensor_async.py for tasks to queue
[2024-02-29T18:38:05.137+0530] {logging_mixin.py:188} INFO - [2024-02-29T18:38:05.137+0530] {dagbag.py:538} INFO - Filling up the DagBag from /home/arun/.local/lib/python3.10/site-packages/airflow/example_dags/example_time_delta_sensor_async.py
[2024-02-29T18:38:05.142+0530] {processor.py:840} INFO - DAG(s) 'example_time_delta_sensor_async' retrieved from /home/arun/.local/lib/python3.10/site-packages/airflow/example_dags/example_time_delta_sensor_async.py
[2024-02-29T18:38:05.163+0530] {logging_mixin.py:188} INFO - [2024-02-29T18:38:05.162+0530] {dag.py:3036} INFO - Sync 1 DAGs
[2024-02-29T18:38:05.180+0530] {logging_mixin.py:188} INFO - [2024-02-29T18:38:05.180+0530] {dag.py:3823} INFO - Setting next_dagrun for example_time_delta_sensor_async to None, run_after=None
[2024-02-29T18:38:05.220+0530] {processor.py:183} INFO - Processing /home/arun/.local/lib/python3.10/site-packages/airflow/example_dags/example_time_delta_sensor_async.py took 0.090 seconds
[2024-02-29T18:39:00.854+0530] {processor.py:161} INFO - Started process (PID=7390) to work on /home/arun/.local/lib/python3.10/site-packages/airflow/example_dags/example_time_delta_sensor_async.py
[2024-02-29T18:39:00.856+0530] {processor.py:830} INFO - Processing file /home/arun/.local/lib/python3.10/site-packages/airflow/example_dags/example_time_delta_sensor_async.py for tasks to queue
[2024-02-29T18:39:00.858+0530] {logging_mixin.py:188} INFO - [2024-02-29T18:39:00.857+0530] {dagbag.py:538} INFO - Filling up the DagBag from /home/arun/.local/lib/python3.10/site-packages/airflow/example_dags/example_time_delta_sensor_async.py
[2024-02-29T18:39:00.867+0530] {processor.py:840} INFO - DAG(s) 'example_time_delta_sensor_async' retrieved from /home/arun/.local/lib/python3.10/site-packages/airflow/example_dags/example_time_delta_sensor_async.py
[2024-02-29T18:39:00.894+0530] {logging_mixin.py:188} INFO - [2024-02-29T18:39:00.894+0530] {dag.py:3036} INFO - Sync 1 DAGs
[2024-02-29T18:39:00.912+0530] {logging_mixin.py:188} INFO - [2024-02-29T18:39:00.912+0530] {dag.py:3823} INFO - Setting next_dagrun for example_time_delta_sensor_async to None, run_after=None
[2024-02-29T18:39:00.947+0530] {processor.py:183} INFO - Processing /home/arun/.local/lib/python3.10/site-packages/airflow/example_dags/example_time_delta_sensor_async.py took 0.097 seconds
[2024-02-29T18:39:58.456+0530] {processor.py:161} INFO - Started process (PID=7479) to work on /home/arun/.local/lib/python3.10/site-packages/airflow/example_dags/example_time_delta_sensor_async.py
[2024-02-29T18:39:58.461+0530] {processor.py:830} INFO - Processing file /home/arun/.local/lib/python3.10/site-packages/airflow/example_dags/example_time_delta_sensor_async.py for tasks to queue
[2024-02-29T18:39:58.463+0530] {logging_mixin.py:188} INFO - [2024-02-29T18:39:58.462+0530] {dagbag.py:538} INFO - Filling up the DagBag from /home/arun/.local/lib/python3.10/site-packages/airflow/example_dags/example_time_delta_sensor_async.py
[2024-02-29T18:39:58.474+0530] {processor.py:840} INFO - DAG(s) 'example_time_delta_sensor_async' retrieved from /home/arun/.local/lib/python3.10/site-packages/airflow/example_dags/example_time_delta_sensor_async.py
[2024-02-29T18:39:58.520+0530] {logging_mixin.py:188} INFO - [2024-02-29T18:39:58.519+0530] {dag.py:3036} INFO - Sync 1 DAGs
[2024-02-29T18:39:58.555+0530] {logging_mixin.py:188} INFO - [2024-02-29T18:39:58.554+0530] {dag.py:3823} INFO - Setting next_dagrun for example_time_delta_sensor_async to None, run_after=None
[2024-02-29T18:39:58.625+0530] {processor.py:183} INFO - Processing /home/arun/.local/lib/python3.10/site-packages/airflow/example_dags/example_time_delta_sensor_async.py took 0.175 seconds
[2024-02-29T18:40:56.754+0530] {processor.py:161} INFO - Started process (PID=7571) to work on /home/arun/.local/lib/python3.10/site-packages/airflow/example_dags/example_time_delta_sensor_async.py
[2024-02-29T18:40:56.818+0530] {processor.py:830} INFO - Processing file /home/arun/.local/lib/python3.10/site-packages/airflow/example_dags/example_time_delta_sensor_async.py for tasks to queue
[2024-02-29T18:40:56.827+0530] {logging_mixin.py:188} INFO - [2024-02-29T18:40:56.827+0530] {dagbag.py:538} INFO - Filling up the DagBag from /home/arun/.local/lib/python3.10/site-packages/airflow/example_dags/example_time_delta_sensor_async.py
[2024-02-29T18:40:56.844+0530] {processor.py:840} INFO - DAG(s) 'example_time_delta_sensor_async' retrieved from /home/arun/.local/lib/python3.10/site-packages/airflow/example_dags/example_time_delta_sensor_async.py
[2024-02-29T18:40:56.888+0530] {logging_mixin.py:188} INFO - [2024-02-29T18:40:56.888+0530] {dag.py:3036} INFO - Sync 1 DAGs
[2024-02-29T18:40:56.943+0530] {logging_mixin.py:188} INFO - [2024-02-29T18:40:56.942+0530] {dag.py:3823} INFO - Setting next_dagrun for example_time_delta_sensor_async to None, run_after=None
[2024-02-29T18:40:57.035+0530] {processor.py:183} INFO - Processing /home/arun/.local/lib/python3.10/site-packages/airflow/example_dags/example_time_delta_sensor_async.py took 0.285 seconds
[2024-02-29T18:41:53.090+0530] {processor.py:161} INFO - Started process (PID=7670) to work on /home/arun/.local/lib/python3.10/site-packages/airflow/example_dags/example_time_delta_sensor_async.py
[2024-02-29T18:41:53.131+0530] {processor.py:830} INFO - Processing file /home/arun/.local/lib/python3.10/site-packages/airflow/example_dags/example_time_delta_sensor_async.py for tasks to queue
[2024-02-29T18:41:53.132+0530] {logging_mixin.py:188} INFO - [2024-02-29T18:41:53.132+0530] {dagbag.py:538} INFO - Filling up the DagBag from /home/arun/.local/lib/python3.10/site-packages/airflow/example_dags/example_time_delta_sensor_async.py
[2024-02-29T18:41:53.141+0530] {processor.py:840} INFO - DAG(s) 'example_time_delta_sensor_async' retrieved from /home/arun/.local/lib/python3.10/site-packages/airflow/example_dags/example_time_delta_sensor_async.py
[2024-02-29T18:41:53.159+0530] {logging_mixin.py:188} INFO - [2024-02-29T18:41:53.159+0530] {dag.py:3036} INFO - Sync 1 DAGs
[2024-02-29T18:41:53.171+0530] {logging_mixin.py:188} INFO - [2024-02-29T18:41:53.171+0530] {dag.py:3823} INFO - Setting next_dagrun for example_time_delta_sensor_async to None, run_after=None
[2024-02-29T18:41:53.197+0530] {processor.py:183} INFO - Processing /home/arun/.local/lib/python3.10/site-packages/airflow/example_dags/example_time_delta_sensor_async.py took 0.110 seconds
[2024-02-29T18:42:49.441+0530] {processor.py:161} INFO - Started process (PID=7759) to work on /home/arun/.local/lib/python3.10/site-packages/airflow/example_dags/example_time_delta_sensor_async.py
[2024-02-29T18:42:49.443+0530] {processor.py:830} INFO - Processing file /home/arun/.local/lib/python3.10/site-packages/airflow/example_dags/example_time_delta_sensor_async.py for tasks to queue
[2024-02-29T18:42:49.445+0530] {logging_mixin.py:188} INFO - [2024-02-29T18:42:49.444+0530] {dagbag.py:538} INFO - Filling up the DagBag from /home/arun/.local/lib/python3.10/site-packages/airflow/example_dags/example_time_delta_sensor_async.py
[2024-02-29T18:42:49.453+0530] {processor.py:840} INFO - DAG(s) 'example_time_delta_sensor_async' retrieved from /home/arun/.local/lib/python3.10/site-packages/airflow/example_dags/example_time_delta_sensor_async.py
[2024-02-29T18:42:49.486+0530] {logging_mixin.py:188} INFO - [2024-02-29T18:42:49.485+0530] {dag.py:3036} INFO - Sync 1 DAGs
[2024-02-29T18:42:49.513+0530] {logging_mixin.py:188} INFO - [2024-02-29T18:42:49.512+0530] {dag.py:3823} INFO - Setting next_dagrun for example_time_delta_sensor_async to None, run_after=None
[2024-02-29T18:42:49.565+0530] {processor.py:183} INFO - Processing /home/arun/.local/lib/python3.10/site-packages/airflow/example_dags/example_time_delta_sensor_async.py took 0.131 seconds
[2024-02-29T18:43:55.626+0530] {processor.py:161} INFO - Started process (PID=7875) to work on /home/arun/.local/lib/python3.10/site-packages/airflow/example_dags/example_time_delta_sensor_async.py
[2024-02-29T18:43:55.629+0530] {processor.py:830} INFO - Processing file /home/arun/.local/lib/python3.10/site-packages/airflow/example_dags/example_time_delta_sensor_async.py for tasks to queue
[2024-02-29T18:43:55.631+0530] {logging_mixin.py:188} INFO - [2024-02-29T18:43:55.630+0530] {dagbag.py:538} INFO - Filling up the DagBag from /home/arun/.local/lib/python3.10/site-packages/airflow/example_dags/example_time_delta_sensor_async.py
[2024-02-29T18:43:55.639+0530] {processor.py:840} INFO - DAG(s) 'example_time_delta_sensor_async' retrieved from /home/arun/.local/lib/python3.10/site-packages/airflow/example_dags/example_time_delta_sensor_async.py
[2024-02-29T18:43:55.669+0530] {logging_mixin.py:188} INFO - [2024-02-29T18:43:55.669+0530] {dag.py:3036} INFO - Sync 1 DAGs
[2024-02-29T18:43:55.693+0530] {logging_mixin.py:188} INFO - [2024-02-29T18:43:55.693+0530] {dag.py:3823} INFO - Setting next_dagrun for example_time_delta_sensor_async to None, run_after=None
[2024-02-29T18:43:55.736+0530] {processor.py:183} INFO - Processing /home/arun/.local/lib/python3.10/site-packages/airflow/example_dags/example_time_delta_sensor_async.py took 0.115 seconds
[2024-02-29T18:44:52.809+0530] {processor.py:161} INFO - Started process (PID=7962) to work on /home/arun/.local/lib/python3.10/site-packages/airflow/example_dags/example_time_delta_sensor_async.py
[2024-02-29T18:44:52.811+0530] {processor.py:830} INFO - Processing file /home/arun/.local/lib/python3.10/site-packages/airflow/example_dags/example_time_delta_sensor_async.py for tasks to queue
[2024-02-29T18:44:52.813+0530] {logging_mixin.py:188} INFO - [2024-02-29T18:44:52.812+0530] {dagbag.py:538} INFO - Filling up the DagBag from /home/arun/.local/lib/python3.10/site-packages/airflow/example_dags/example_time_delta_sensor_async.py
[2024-02-29T18:44:52.819+0530] {processor.py:840} INFO - DAG(s) 'example_time_delta_sensor_async' retrieved from /home/arun/.local/lib/python3.10/site-packages/airflow/example_dags/example_time_delta_sensor_async.py
[2024-02-29T18:44:52.840+0530] {logging_mixin.py:188} INFO - [2024-02-29T18:44:52.840+0530] {dag.py:3036} INFO - Sync 1 DAGs
[2024-02-29T18:44:52.854+0530] {logging_mixin.py:188} INFO - [2024-02-29T18:44:52.854+0530] {dag.py:3823} INFO - Setting next_dagrun for example_time_delta_sensor_async to None, run_after=None
[2024-02-29T18:44:52.881+0530] {processor.py:183} INFO - Processing /home/arun/.local/lib/python3.10/site-packages/airflow/example_dags/example_time_delta_sensor_async.py took 0.076 seconds
[2024-02-29T18:45:44.640+0530] {processor.py:161} INFO - Started process (PID=8060) to work on /home/arun/.local/lib/python3.10/site-packages/airflow/example_dags/example_time_delta_sensor_async.py
[2024-02-29T18:45:44.642+0530] {processor.py:830} INFO - Processing file /home/arun/.local/lib/python3.10/site-packages/airflow/example_dags/example_time_delta_sensor_async.py for tasks to queue
[2024-02-29T18:45:44.643+0530] {logging_mixin.py:188} INFO - [2024-02-29T18:45:44.642+0530] {dagbag.py:538} INFO - Filling up the DagBag from /home/arun/.local/lib/python3.10/site-packages/airflow/example_dags/example_time_delta_sensor_async.py
[2024-02-29T18:45:44.648+0530] {processor.py:840} INFO - DAG(s) 'example_time_delta_sensor_async' retrieved from /home/arun/.local/lib/python3.10/site-packages/airflow/example_dags/example_time_delta_sensor_async.py
[2024-02-29T18:45:44.666+0530] {logging_mixin.py:188} INFO - [2024-02-29T18:45:44.666+0530] {dag.py:3036} INFO - Sync 1 DAGs
[2024-02-29T18:45:44.684+0530] {logging_mixin.py:188} INFO - [2024-02-29T18:45:44.684+0530] {dag.py:3823} INFO - Setting next_dagrun for example_time_delta_sensor_async to None, run_after=None
[2024-02-29T18:45:44.719+0530] {processor.py:183} INFO - Processing /home/arun/.local/lib/python3.10/site-packages/airflow/example_dags/example_time_delta_sensor_async.py took 0.083 seconds
[2024-02-29T18:46:38.134+0530] {processor.py:161} INFO - Started process (PID=8146) to work on /home/arun/.local/lib/python3.10/site-packages/airflow/example_dags/example_time_delta_sensor_async.py
[2024-02-29T18:46:38.177+0530] {processor.py:830} INFO - Processing file /home/arun/.local/lib/python3.10/site-packages/airflow/example_dags/example_time_delta_sensor_async.py for tasks to queue
[2024-02-29T18:46:38.178+0530] {logging_mixin.py:188} INFO - [2024-02-29T18:46:38.177+0530] {dagbag.py:538} INFO - Filling up the DagBag from /home/arun/.local/lib/python3.10/site-packages/airflow/example_dags/example_time_delta_sensor_async.py
[2024-02-29T18:46:38.183+0530] {processor.py:840} INFO - DAG(s) 'example_time_delta_sensor_async' retrieved from /home/arun/.local/lib/python3.10/site-packages/airflow/example_dags/example_time_delta_sensor_async.py
[2024-02-29T18:46:38.200+0530] {logging_mixin.py:188} INFO - [2024-02-29T18:46:38.200+0530] {dag.py:3036} INFO - Sync 1 DAGs
[2024-02-29T18:46:38.215+0530] {logging_mixin.py:188} INFO - [2024-02-29T18:46:38.215+0530] {dag.py:3823} INFO - Setting next_dagrun for example_time_delta_sensor_async to None, run_after=None
[2024-02-29T18:46:38.244+0530] {processor.py:183} INFO - Processing /home/arun/.local/lib/python3.10/site-packages/airflow/example_dags/example_time_delta_sensor_async.py took 0.113 seconds
[2024-02-29T18:47:30.209+0530] {processor.py:161} INFO - Started process (PID=8229) to work on /home/arun/.local/lib/python3.10/site-packages/airflow/example_dags/example_time_delta_sensor_async.py
[2024-02-29T18:47:30.210+0530] {processor.py:830} INFO - Processing file /home/arun/.local/lib/python3.10/site-packages/airflow/example_dags/example_time_delta_sensor_async.py for tasks to queue
[2024-02-29T18:47:30.211+0530] {logging_mixin.py:188} INFO - [2024-02-29T18:47:30.211+0530] {dagbag.py:538} INFO - Filling up the DagBag from /home/arun/.local/lib/python3.10/site-packages/airflow/example_dags/example_time_delta_sensor_async.py
[2024-02-29T18:47:30.216+0530] {processor.py:840} INFO - DAG(s) 'example_time_delta_sensor_async' retrieved from /home/arun/.local/lib/python3.10/site-packages/airflow/example_dags/example_time_delta_sensor_async.py
[2024-02-29T18:47:30.233+0530] {logging_mixin.py:188} INFO - [2024-02-29T18:47:30.233+0530] {dag.py:3036} INFO - Sync 1 DAGs
[2024-02-29T18:47:30.248+0530] {logging_mixin.py:188} INFO - [2024-02-29T18:47:30.247+0530] {dag.py:3823} INFO - Setting next_dagrun for example_time_delta_sensor_async to None, run_after=None
[2024-02-29T18:47:30.282+0530] {processor.py:183} INFO - Processing /home/arun/.local/lib/python3.10/site-packages/airflow/example_dags/example_time_delta_sensor_async.py took 0.077 seconds
[2024-02-29T18:48:21.635+0530] {processor.py:161} INFO - Started process (PID=8313) to work on /home/arun/.local/lib/python3.10/site-packages/airflow/example_dags/example_time_delta_sensor_async.py
[2024-02-29T18:48:21.637+0530] {processor.py:830} INFO - Processing file /home/arun/.local/lib/python3.10/site-packages/airflow/example_dags/example_time_delta_sensor_async.py for tasks to queue
[2024-02-29T18:48:21.642+0530] {logging_mixin.py:188} INFO - [2024-02-29T18:48:21.638+0530] {dagbag.py:538} INFO - Filling up the DagBag from /home/arun/.local/lib/python3.10/site-packages/airflow/example_dags/example_time_delta_sensor_async.py
[2024-02-29T18:48:21.649+0530] {processor.py:840} INFO - DAG(s) 'example_time_delta_sensor_async' retrieved from /home/arun/.local/lib/python3.10/site-packages/airflow/example_dags/example_time_delta_sensor_async.py
[2024-02-29T18:48:21.670+0530] {logging_mixin.py:188} INFO - [2024-02-29T18:48:21.670+0530] {dag.py:3036} INFO - Sync 1 DAGs
[2024-02-29T18:48:21.686+0530] {logging_mixin.py:188} INFO - [2024-02-29T18:48:21.686+0530] {dag.py:3823} INFO - Setting next_dagrun for example_time_delta_sensor_async to None, run_after=None
[2024-02-29T18:48:21.717+0530] {processor.py:183} INFO - Processing /home/arun/.local/lib/python3.10/site-packages/airflow/example_dags/example_time_delta_sensor_async.py took 0.086 seconds
[2024-02-29T18:49:06.281+0530] {processor.py:161} INFO - Started process (PID=8387) to work on /home/arun/.local/lib/python3.10/site-packages/airflow/example_dags/example_time_delta_sensor_async.py
[2024-02-29T18:49:06.322+0530] {processor.py:830} INFO - Processing file /home/arun/.local/lib/python3.10/site-packages/airflow/example_dags/example_time_delta_sensor_async.py for tasks to queue
[2024-02-29T18:49:06.325+0530] {logging_mixin.py:188} INFO - [2024-02-29T18:49:06.324+0530] {dagbag.py:538} INFO - Filling up the DagBag from /home/arun/.local/lib/python3.10/site-packages/airflow/example_dags/example_time_delta_sensor_async.py
[2024-02-29T18:49:06.335+0530] {processor.py:840} INFO - DAG(s) 'example_time_delta_sensor_async' retrieved from /home/arun/.local/lib/python3.10/site-packages/airflow/example_dags/example_time_delta_sensor_async.py
[2024-02-29T18:49:06.370+0530] {logging_mixin.py:188} INFO - [2024-02-29T18:49:06.369+0530] {dag.py:3036} INFO - Sync 1 DAGs
[2024-02-29T18:49:06.394+0530] {logging_mixin.py:188} INFO - [2024-02-29T18:49:06.394+0530] {dag.py:3823} INFO - Setting next_dagrun for example_time_delta_sensor_async to None, run_after=None
[2024-02-29T18:49:06.459+0530] {processor.py:183} INFO - Processing /home/arun/.local/lib/python3.10/site-packages/airflow/example_dags/example_time_delta_sensor_async.py took 0.183 seconds
[2024-02-29T18:49:53.586+0530] {processor.py:161} INFO - Started process (PID=8464) to work on /home/arun/.local/lib/python3.10/site-packages/airflow/example_dags/example_time_delta_sensor_async.py
[2024-02-29T18:49:53.587+0530] {processor.py:830} INFO - Processing file /home/arun/.local/lib/python3.10/site-packages/airflow/example_dags/example_time_delta_sensor_async.py for tasks to queue
[2024-02-29T18:49:53.589+0530] {logging_mixin.py:188} INFO - [2024-02-29T18:49:53.588+0530] {dagbag.py:538} INFO - Filling up the DagBag from /home/arun/.local/lib/python3.10/site-packages/airflow/example_dags/example_time_delta_sensor_async.py
[2024-02-29T18:49:53.595+0530] {processor.py:840} INFO - DAG(s) 'example_time_delta_sensor_async' retrieved from /home/arun/.local/lib/python3.10/site-packages/airflow/example_dags/example_time_delta_sensor_async.py
[2024-02-29T18:49:53.616+0530] {logging_mixin.py:188} INFO - [2024-02-29T18:49:53.616+0530] {dag.py:3036} INFO - Sync 1 DAGs
[2024-02-29T18:49:53.630+0530] {logging_mixin.py:188} INFO - [2024-02-29T18:49:53.630+0530] {dag.py:3823} INFO - Setting next_dagrun for example_time_delta_sensor_async to None, run_after=None
[2024-02-29T18:49:53.659+0530] {processor.py:183} INFO - Processing /home/arun/.local/lib/python3.10/site-packages/airflow/example_dags/example_time_delta_sensor_async.py took 0.077 seconds
[2024-02-29T18:50:42.750+0530] {processor.py:161} INFO - Started process (PID=8546) to work on /home/arun/.local/lib/python3.10/site-packages/airflow/example_dags/example_time_delta_sensor_async.py
[2024-02-29T18:50:42.752+0530] {processor.py:830} INFO - Processing file /home/arun/.local/lib/python3.10/site-packages/airflow/example_dags/example_time_delta_sensor_async.py for tasks to queue
[2024-02-29T18:50:42.752+0530] {logging_mixin.py:188} INFO - [2024-02-29T18:50:42.752+0530] {dagbag.py:538} INFO - Filling up the DagBag from /home/arun/.local/lib/python3.10/site-packages/airflow/example_dags/example_time_delta_sensor_async.py
[2024-02-29T18:50:42.757+0530] {processor.py:840} INFO - DAG(s) 'example_time_delta_sensor_async' retrieved from /home/arun/.local/lib/python3.10/site-packages/airflow/example_dags/example_time_delta_sensor_async.py
[2024-02-29T18:50:42.771+0530] {logging_mixin.py:188} INFO - [2024-02-29T18:50:42.771+0530] {dag.py:3036} INFO - Sync 1 DAGs
[2024-02-29T18:50:42.782+0530] {logging_mixin.py:188} INFO - [2024-02-29T18:50:42.782+0530] {dag.py:3823} INFO - Setting next_dagrun for example_time_delta_sensor_async to None, run_after=None
[2024-02-29T18:50:42.865+0530] {processor.py:183} INFO - Processing /home/arun/.local/lib/python3.10/site-packages/airflow/example_dags/example_time_delta_sensor_async.py took 0.118 seconds
[2024-02-29T18:51:36.411+0530] {processor.py:161} INFO - Started process (PID=8724) to work on /home/arun/.local/lib/python3.10/site-packages/airflow/example_dags/example_time_delta_sensor_async.py
[2024-02-29T18:51:36.453+0530] {processor.py:830} INFO - Processing file /home/arun/.local/lib/python3.10/site-packages/airflow/example_dags/example_time_delta_sensor_async.py for tasks to queue
[2024-02-29T18:51:36.455+0530] {logging_mixin.py:188} INFO - [2024-02-29T18:51:36.454+0530] {dagbag.py:538} INFO - Filling up the DagBag from /home/arun/.local/lib/python3.10/site-packages/airflow/example_dags/example_time_delta_sensor_async.py
[2024-02-29T18:51:36.461+0530] {processor.py:840} INFO - DAG(s) 'example_time_delta_sensor_async' retrieved from /home/arun/.local/lib/python3.10/site-packages/airflow/example_dags/example_time_delta_sensor_async.py
[2024-02-29T18:51:36.482+0530] {logging_mixin.py:188} INFO - [2024-02-29T18:51:36.481+0530] {dag.py:3036} INFO - Sync 1 DAGs
[2024-02-29T18:51:36.497+0530] {logging_mixin.py:188} INFO - [2024-02-29T18:51:36.497+0530] {dag.py:3823} INFO - Setting next_dagrun for example_time_delta_sensor_async to None, run_after=None
[2024-02-29T18:51:36.526+0530] {processor.py:183} INFO - Processing /home/arun/.local/lib/python3.10/site-packages/airflow/example_dags/example_time_delta_sensor_async.py took 0.118 seconds
[2024-02-29T18:52:26.972+0530] {processor.py:161} INFO - Started process (PID=8802) to work on /home/arun/.local/lib/python3.10/site-packages/airflow/example_dags/example_time_delta_sensor_async.py
[2024-02-29T18:52:27.006+0530] {processor.py:830} INFO - Processing file /home/arun/.local/lib/python3.10/site-packages/airflow/example_dags/example_time_delta_sensor_async.py for tasks to queue
[2024-02-29T18:52:27.008+0530] {logging_mixin.py:188} INFO - [2024-02-29T18:52:27.007+0530] {dagbag.py:538} INFO - Filling up the DagBag from /home/arun/.local/lib/python3.10/site-packages/airflow/example_dags/example_time_delta_sensor_async.py
[2024-02-29T18:52:27.012+0530] {processor.py:840} INFO - DAG(s) 'example_time_delta_sensor_async' retrieved from /home/arun/.local/lib/python3.10/site-packages/airflow/example_dags/example_time_delta_sensor_async.py
[2024-02-29T18:52:27.028+0530] {logging_mixin.py:188} INFO - [2024-02-29T18:52:27.028+0530] {dag.py:3036} INFO - Sync 1 DAGs
[2024-02-29T18:52:27.041+0530] {logging_mixin.py:188} INFO - [2024-02-29T18:52:27.041+0530] {dag.py:3823} INFO - Setting next_dagrun for example_time_delta_sensor_async to None, run_after=None
[2024-02-29T18:52:27.070+0530] {processor.py:183} INFO - Processing /home/arun/.local/lib/python3.10/site-packages/airflow/example_dags/example_time_delta_sensor_async.py took 0.101 seconds
[2024-02-29T18:53:21.625+0530] {processor.py:161} INFO - Started process (PID=8887) to work on /home/arun/.local/lib/python3.10/site-packages/airflow/example_dags/example_time_delta_sensor_async.py
[2024-02-29T18:53:21.627+0530] {processor.py:830} INFO - Processing file /home/arun/.local/lib/python3.10/site-packages/airflow/example_dags/example_time_delta_sensor_async.py for tasks to queue
[2024-02-29T18:53:21.628+0530] {logging_mixin.py:188} INFO - [2024-02-29T18:53:21.628+0530] {dagbag.py:538} INFO - Filling up the DagBag from /home/arun/.local/lib/python3.10/site-packages/airflow/example_dags/example_time_delta_sensor_async.py
[2024-02-29T18:53:21.634+0530] {processor.py:840} INFO - DAG(s) 'example_time_delta_sensor_async' retrieved from /home/arun/.local/lib/python3.10/site-packages/airflow/example_dags/example_time_delta_sensor_async.py
[2024-02-29T18:53:21.652+0530] {logging_mixin.py:188} INFO - [2024-02-29T18:53:21.651+0530] {dag.py:3036} INFO - Sync 1 DAGs
[2024-02-29T18:53:21.666+0530] {logging_mixin.py:188} INFO - [2024-02-29T18:53:21.666+0530] {dag.py:3823} INFO - Setting next_dagrun for example_time_delta_sensor_async to None, run_after=None
[2024-02-29T18:53:21.700+0530] {processor.py:183} INFO - Processing /home/arun/.local/lib/python3.10/site-packages/airflow/example_dags/example_time_delta_sensor_async.py took 0.078 seconds
[2024-02-29T18:54:13.523+0530] {processor.py:161} INFO - Started process (PID=9159) to work on /home/arun/.local/lib/python3.10/site-packages/airflow/example_dags/example_time_delta_sensor_async.py
[2024-02-29T18:54:13.551+0530] {processor.py:830} INFO - Processing file /home/arun/.local/lib/python3.10/site-packages/airflow/example_dags/example_time_delta_sensor_async.py for tasks to queue
[2024-02-29T18:54:13.552+0530] {logging_mixin.py:188} INFO - [2024-02-29T18:54:13.552+0530] {dagbag.py:538} INFO - Filling up the DagBag from /home/arun/.local/lib/python3.10/site-packages/airflow/example_dags/example_time_delta_sensor_async.py
[2024-02-29T18:54:13.560+0530] {processor.py:840} INFO - DAG(s) 'example_time_delta_sensor_async' retrieved from /home/arun/.local/lib/python3.10/site-packages/airflow/example_dags/example_time_delta_sensor_async.py
[2024-02-29T18:54:13.583+0530] {logging_mixin.py:188} INFO - [2024-02-29T18:54:13.583+0530] {dag.py:3036} INFO - Sync 1 DAGs
[2024-02-29T18:54:13.599+0530] {logging_mixin.py:188} INFO - [2024-02-29T18:54:13.599+0530] {dag.py:3823} INFO - Setting next_dagrun for example_time_delta_sensor_async to None, run_after=None
[2024-02-29T18:54:13.631+0530] {processor.py:183} INFO - Processing /home/arun/.local/lib/python3.10/site-packages/airflow/example_dags/example_time_delta_sensor_async.py took 0.113 seconds
[2024-02-29T18:54:59.816+0530] {processor.py:161} INFO - Started process (PID=9236) to work on /home/arun/.local/lib/python3.10/site-packages/airflow/example_dags/example_time_delta_sensor_async.py
[2024-02-29T18:54:59.845+0530] {processor.py:830} INFO - Processing file /home/arun/.local/lib/python3.10/site-packages/airflow/example_dags/example_time_delta_sensor_async.py for tasks to queue
[2024-02-29T18:54:59.846+0530] {logging_mixin.py:188} INFO - [2024-02-29T18:54:59.846+0530] {dagbag.py:538} INFO - Filling up the DagBag from /home/arun/.local/lib/python3.10/site-packages/airflow/example_dags/example_time_delta_sensor_async.py
[2024-02-29T18:54:59.852+0530] {processor.py:840} INFO - DAG(s) 'example_time_delta_sensor_async' retrieved from /home/arun/.local/lib/python3.10/site-packages/airflow/example_dags/example_time_delta_sensor_async.py
[2024-02-29T18:54:59.869+0530] {logging_mixin.py:188} INFO - [2024-02-29T18:54:59.869+0530] {dag.py:3036} INFO - Sync 1 DAGs
[2024-02-29T18:54:59.881+0530] {logging_mixin.py:188} INFO - [2024-02-29T18:54:59.881+0530] {dag.py:3823} INFO - Setting next_dagrun for example_time_delta_sensor_async to None, run_after=None
[2024-02-29T18:54:59.908+0530] {processor.py:183} INFO - Processing /home/arun/.local/lib/python3.10/site-packages/airflow/example_dags/example_time_delta_sensor_async.py took 0.096 seconds
[2024-02-29T18:56:01.492+0530] {processor.py:161} INFO - Started process (PID=9391) to work on /home/arun/.local/lib/python3.10/site-packages/airflow/example_dags/example_time_delta_sensor_async.py
[2024-02-29T18:56:01.494+0530] {processor.py:830} INFO - Processing file /home/arun/.local/lib/python3.10/site-packages/airflow/example_dags/example_time_delta_sensor_async.py for tasks to queue
[2024-02-29T18:56:01.495+0530] {logging_mixin.py:188} INFO - [2024-02-29T18:56:01.494+0530] {dagbag.py:538} INFO - Filling up the DagBag from /home/arun/.local/lib/python3.10/site-packages/airflow/example_dags/example_time_delta_sensor_async.py
[2024-02-29T18:56:01.500+0530] {processor.py:840} INFO - DAG(s) 'example_time_delta_sensor_async' retrieved from /home/arun/.local/lib/python3.10/site-packages/airflow/example_dags/example_time_delta_sensor_async.py
[2024-02-29T18:56:01.516+0530] {logging_mixin.py:188} INFO - [2024-02-29T18:56:01.516+0530] {dag.py:3036} INFO - Sync 1 DAGs
[2024-02-29T18:56:01.527+0530] {logging_mixin.py:188} INFO - [2024-02-29T18:56:01.527+0530] {dag.py:3823} INFO - Setting next_dagrun for example_time_delta_sensor_async to None, run_after=None
[2024-02-29T18:56:01.551+0530] {processor.py:183} INFO - Processing /home/arun/.local/lib/python3.10/site-packages/airflow/example_dags/example_time_delta_sensor_async.py took 0.063 seconds
[2024-02-29T18:56:59.574+0530] {processor.py:161} INFO - Started process (PID=9508) to work on /home/arun/.local/lib/python3.10/site-packages/airflow/example_dags/example_time_delta_sensor_async.py
[2024-02-29T18:56:59.621+0530] {processor.py:830} INFO - Processing file /home/arun/.local/lib/python3.10/site-packages/airflow/example_dags/example_time_delta_sensor_async.py for tasks to queue
[2024-02-29T18:56:59.631+0530] {logging_mixin.py:188} INFO - [2024-02-29T18:56:59.622+0530] {dagbag.py:538} INFO - Filling up the DagBag from /home/arun/.local/lib/python3.10/site-packages/airflow/example_dags/example_time_delta_sensor_async.py
[2024-02-29T18:56:59.642+0530] {processor.py:840} INFO - DAG(s) 'example_time_delta_sensor_async' retrieved from /home/arun/.local/lib/python3.10/site-packages/airflow/example_dags/example_time_delta_sensor_async.py
[2024-02-29T18:56:59.736+0530] {logging_mixin.py:188} INFO - [2024-02-29T18:56:59.735+0530] {dag.py:3036} INFO - Sync 1 DAGs
[2024-02-29T18:56:59.760+0530] {logging_mixin.py:188} INFO - [2024-02-29T18:56:59.758+0530] {dag.py:3823} INFO - Setting next_dagrun for example_time_delta_sensor_async to None, run_after=None
[2024-02-29T18:56:59.856+0530] {processor.py:183} INFO - Processing /home/arun/.local/lib/python3.10/site-packages/airflow/example_dags/example_time_delta_sensor_async.py took 0.287 seconds
[2024-02-29T18:57:54.865+0530] {processor.py:161} INFO - Started process (PID=9598) to work on /home/arun/.local/lib/python3.10/site-packages/airflow/example_dags/example_time_delta_sensor_async.py
[2024-02-29T18:57:54.869+0530] {processor.py:830} INFO - Processing file /home/arun/.local/lib/python3.10/site-packages/airflow/example_dags/example_time_delta_sensor_async.py for tasks to queue
[2024-02-29T18:57:54.870+0530] {logging_mixin.py:188} INFO - [2024-02-29T18:57:54.869+0530] {dagbag.py:538} INFO - Filling up the DagBag from /home/arun/.local/lib/python3.10/site-packages/airflow/example_dags/example_time_delta_sensor_async.py
[2024-02-29T18:57:54.877+0530] {processor.py:840} INFO - DAG(s) 'example_time_delta_sensor_async' retrieved from /home/arun/.local/lib/python3.10/site-packages/airflow/example_dags/example_time_delta_sensor_async.py
[2024-02-29T18:57:54.900+0530] {logging_mixin.py:188} INFO - [2024-02-29T18:57:54.900+0530] {dag.py:3036} INFO - Sync 1 DAGs
[2024-02-29T18:57:54.914+0530] {logging_mixin.py:188} INFO - [2024-02-29T18:57:54.914+0530] {dag.py:3823} INFO - Setting next_dagrun for example_time_delta_sensor_async to None, run_after=None
[2024-02-29T18:57:54.941+0530] {processor.py:183} INFO - Processing /home/arun/.local/lib/python3.10/site-packages/airflow/example_dags/example_time_delta_sensor_async.py took 0.081 seconds
[2024-02-29T18:58:56.263+0530] {processor.py:161} INFO - Started process (PID=9707) to work on /home/arun/.local/lib/python3.10/site-packages/airflow/example_dags/example_time_delta_sensor_async.py
[2024-02-29T18:58:56.311+0530] {processor.py:830} INFO - Processing file /home/arun/.local/lib/python3.10/site-packages/airflow/example_dags/example_time_delta_sensor_async.py for tasks to queue
[2024-02-29T18:58:56.312+0530] {logging_mixin.py:188} INFO - [2024-02-29T18:58:56.312+0530] {dagbag.py:538} INFO - Filling up the DagBag from /home/arun/.local/lib/python3.10/site-packages/airflow/example_dags/example_time_delta_sensor_async.py
[2024-02-29T18:58:56.321+0530] {processor.py:840} INFO - DAG(s) 'example_time_delta_sensor_async' retrieved from /home/arun/.local/lib/python3.10/site-packages/airflow/example_dags/example_time_delta_sensor_async.py
[2024-02-29T18:58:56.343+0530] {logging_mixin.py:188} INFO - [2024-02-29T18:58:56.343+0530] {dag.py:3036} INFO - Sync 1 DAGs
[2024-02-29T18:58:56.361+0530] {logging_mixin.py:188} INFO - [2024-02-29T18:58:56.361+0530] {dag.py:3823} INFO - Setting next_dagrun for example_time_delta_sensor_async to None, run_after=None
[2024-02-29T18:58:56.404+0530] {processor.py:183} INFO - Processing /home/arun/.local/lib/python3.10/site-packages/airflow/example_dags/example_time_delta_sensor_async.py took 0.147 seconds
[2024-02-29T18:59:52.790+0530] {processor.py:161} INFO - Started process (PID=9808) to work on /home/arun/.local/lib/python3.10/site-packages/airflow/example_dags/example_time_delta_sensor_async.py
[2024-02-29T18:59:52.791+0530] {processor.py:830} INFO - Processing file /home/arun/.local/lib/python3.10/site-packages/airflow/example_dags/example_time_delta_sensor_async.py for tasks to queue
[2024-02-29T18:59:52.792+0530] {logging_mixin.py:188} INFO - [2024-02-29T18:59:52.792+0530] {dagbag.py:538} INFO - Filling up the DagBag from /home/arun/.local/lib/python3.10/site-packages/airflow/example_dags/example_time_delta_sensor_async.py
[2024-02-29T18:59:52.797+0530] {processor.py:840} INFO - DAG(s) 'example_time_delta_sensor_async' retrieved from /home/arun/.local/lib/python3.10/site-packages/airflow/example_dags/example_time_delta_sensor_async.py
[2024-02-29T18:59:52.815+0530] {logging_mixin.py:188} INFO - [2024-02-29T18:59:52.815+0530] {dag.py:3036} INFO - Sync 1 DAGs
[2024-02-29T18:59:52.831+0530] {logging_mixin.py:188} INFO - [2024-02-29T18:59:52.830+0530] {dag.py:3823} INFO - Setting next_dagrun for example_time_delta_sensor_async to None, run_after=None
[2024-02-29T18:59:52.862+0530] {processor.py:183} INFO - Processing /home/arun/.local/lib/python3.10/site-packages/airflow/example_dags/example_time_delta_sensor_async.py took 0.075 seconds
[2024-02-29T19:00:42.373+0530] {processor.py:161} INFO - Started process (PID=9892) to work on /home/arun/.local/lib/python3.10/site-packages/airflow/example_dags/example_time_delta_sensor_async.py
[2024-02-29T19:00:42.377+0530] {processor.py:830} INFO - Processing file /home/arun/.local/lib/python3.10/site-packages/airflow/example_dags/example_time_delta_sensor_async.py for tasks to queue
[2024-02-29T19:00:42.379+0530] {logging_mixin.py:188} INFO - [2024-02-29T19:00:42.378+0530] {dagbag.py:538} INFO - Filling up the DagBag from /home/arun/.local/lib/python3.10/site-packages/airflow/example_dags/example_time_delta_sensor_async.py
[2024-02-29T19:00:42.387+0530] {processor.py:840} INFO - DAG(s) 'example_time_delta_sensor_async' retrieved from /home/arun/.local/lib/python3.10/site-packages/airflow/example_dags/example_time_delta_sensor_async.py
[2024-02-29T19:00:42.410+0530] {logging_mixin.py:188} INFO - [2024-02-29T19:00:42.410+0530] {dag.py:3036} INFO - Sync 1 DAGs
[2024-02-29T19:00:42.427+0530] {logging_mixin.py:188} INFO - [2024-02-29T19:00:42.426+0530] {dag.py:3823} INFO - Setting next_dagrun for example_time_delta_sensor_async to None, run_after=None
[2024-02-29T19:00:42.465+0530] {processor.py:183} INFO - Processing /home/arun/.local/lib/python3.10/site-packages/airflow/example_dags/example_time_delta_sensor_async.py took 0.095 seconds
[2024-02-29T19:01:34.888+0530] {processor.py:161} INFO - Started process (PID=9976) to work on /home/arun/.local/lib/python3.10/site-packages/airflow/example_dags/example_time_delta_sensor_async.py
[2024-02-29T19:01:34.896+0530] {processor.py:830} INFO - Processing file /home/arun/.local/lib/python3.10/site-packages/airflow/example_dags/example_time_delta_sensor_async.py for tasks to queue
[2024-02-29T19:01:34.899+0530] {logging_mixin.py:188} INFO - [2024-02-29T19:01:34.898+0530] {dagbag.py:538} INFO - Filling up the DagBag from /home/arun/.local/lib/python3.10/site-packages/airflow/example_dags/example_time_delta_sensor_async.py
[2024-02-29T19:01:34.905+0530] {processor.py:840} INFO - DAG(s) 'example_time_delta_sensor_async' retrieved from /home/arun/.local/lib/python3.10/site-packages/airflow/example_dags/example_time_delta_sensor_async.py
[2024-02-29T19:01:34.925+0530] {logging_mixin.py:188} INFO - [2024-02-29T19:01:34.925+0530] {dag.py:3036} INFO - Sync 1 DAGs
[2024-02-29T19:01:34.941+0530] {logging_mixin.py:188} INFO - [2024-02-29T19:01:34.940+0530] {dag.py:3823} INFO - Setting next_dagrun for example_time_delta_sensor_async to None, run_after=None
[2024-02-29T19:01:34.977+0530] {processor.py:183} INFO - Processing /home/arun/.local/lib/python3.10/site-packages/airflow/example_dags/example_time_delta_sensor_async.py took 0.101 seconds
[2024-02-29T19:02:27.897+0530] {processor.py:161} INFO - Started process (PID=10061) to work on /home/arun/.local/lib/python3.10/site-packages/airflow/example_dags/example_time_delta_sensor_async.py
[2024-02-29T19:02:27.901+0530] {processor.py:830} INFO - Processing file /home/arun/.local/lib/python3.10/site-packages/airflow/example_dags/example_time_delta_sensor_async.py for tasks to queue
[2024-02-29T19:02:27.902+0530] {logging_mixin.py:188} INFO - [2024-02-29T19:02:27.902+0530] {dagbag.py:538} INFO - Filling up the DagBag from /home/arun/.local/lib/python3.10/site-packages/airflow/example_dags/example_time_delta_sensor_async.py
[2024-02-29T19:02:27.911+0530] {processor.py:840} INFO - DAG(s) 'example_time_delta_sensor_async' retrieved from /home/arun/.local/lib/python3.10/site-packages/airflow/example_dags/example_time_delta_sensor_async.py
[2024-02-29T19:02:27.938+0530] {logging_mixin.py:188} INFO - [2024-02-29T19:02:27.938+0530] {dag.py:3036} INFO - Sync 1 DAGs
[2024-02-29T19:02:27.959+0530] {logging_mixin.py:188} INFO - [2024-02-29T19:02:27.958+0530] {dag.py:3823} INFO - Setting next_dagrun for example_time_delta_sensor_async to None, run_after=None
[2024-02-29T19:02:27.996+0530] {processor.py:183} INFO - Processing /home/arun/.local/lib/python3.10/site-packages/airflow/example_dags/example_time_delta_sensor_async.py took 0.104 seconds
[2024-02-29T19:03:16.471+0530] {processor.py:161} INFO - Started process (PID=10140) to work on /home/arun/.local/lib/python3.10/site-packages/airflow/example_dags/example_time_delta_sensor_async.py
[2024-02-29T19:03:16.508+0530] {processor.py:830} INFO - Processing file /home/arun/.local/lib/python3.10/site-packages/airflow/example_dags/example_time_delta_sensor_async.py for tasks to queue
[2024-02-29T19:03:16.510+0530] {logging_mixin.py:188} INFO - [2024-02-29T19:03:16.509+0530] {dagbag.py:538} INFO - Filling up the DagBag from /home/arun/.local/lib/python3.10/site-packages/airflow/example_dags/example_time_delta_sensor_async.py
[2024-02-29T19:03:16.519+0530] {processor.py:840} INFO - DAG(s) 'example_time_delta_sensor_async' retrieved from /home/arun/.local/lib/python3.10/site-packages/airflow/example_dags/example_time_delta_sensor_async.py
[2024-02-29T19:03:16.546+0530] {logging_mixin.py:188} INFO - [2024-02-29T19:03:16.545+0530] {dag.py:3036} INFO - Sync 1 DAGs
[2024-02-29T19:03:16.564+0530] {logging_mixin.py:188} INFO - [2024-02-29T19:03:16.564+0530] {dag.py:3823} INFO - Setting next_dagrun for example_time_delta_sensor_async to None, run_after=None
[2024-02-29T19:03:16.594+0530] {processor.py:183} INFO - Processing /home/arun/.local/lib/python3.10/site-packages/airflow/example_dags/example_time_delta_sensor_async.py took 0.133 seconds
[2024-02-29T19:04:03.462+0530] {processor.py:161} INFO - Started process (PID=10216) to work on /home/arun/.local/lib/python3.10/site-packages/airflow/example_dags/example_time_delta_sensor_async.py
[2024-02-29T19:04:03.463+0530] {processor.py:830} INFO - Processing file /home/arun/.local/lib/python3.10/site-packages/airflow/example_dags/example_time_delta_sensor_async.py for tasks to queue
[2024-02-29T19:04:03.464+0530] {logging_mixin.py:188} INFO - [2024-02-29T19:04:03.464+0530] {dagbag.py:538} INFO - Filling up the DagBag from /home/arun/.local/lib/python3.10/site-packages/airflow/example_dags/example_time_delta_sensor_async.py
[2024-02-29T19:04:03.469+0530] {processor.py:840} INFO - DAG(s) 'example_time_delta_sensor_async' retrieved from /home/arun/.local/lib/python3.10/site-packages/airflow/example_dags/example_time_delta_sensor_async.py
[2024-02-29T19:04:03.489+0530] {logging_mixin.py:188} INFO - [2024-02-29T19:04:03.489+0530] {dag.py:3036} INFO - Sync 1 DAGs
[2024-02-29T19:04:03.510+0530] {logging_mixin.py:188} INFO - [2024-02-29T19:04:03.510+0530] {dag.py:3823} INFO - Setting next_dagrun for example_time_delta_sensor_async to None, run_after=None
[2024-02-29T19:04:03.547+0530] {processor.py:183} INFO - Processing /home/arun/.local/lib/python3.10/site-packages/airflow/example_dags/example_time_delta_sensor_async.py took 0.088 seconds
[2024-02-29T19:04:52.149+0530] {processor.py:161} INFO - Started process (PID=10318) to work on /home/arun/.local/lib/python3.10/site-packages/airflow/example_dags/example_time_delta_sensor_async.py
[2024-02-29T19:04:52.169+0530] {processor.py:830} INFO - Processing file /home/arun/.local/lib/python3.10/site-packages/airflow/example_dags/example_time_delta_sensor_async.py for tasks to queue
[2024-02-29T19:04:52.170+0530] {logging_mixin.py:188} INFO - [2024-02-29T19:04:52.170+0530] {dagbag.py:538} INFO - Filling up the DagBag from /home/arun/.local/lib/python3.10/site-packages/airflow/example_dags/example_time_delta_sensor_async.py
[2024-02-29T19:04:52.176+0530] {processor.py:840} INFO - DAG(s) 'example_time_delta_sensor_async' retrieved from /home/arun/.local/lib/python3.10/site-packages/airflow/example_dags/example_time_delta_sensor_async.py
[2024-02-29T19:04:52.194+0530] {logging_mixin.py:188} INFO - [2024-02-29T19:04:52.194+0530] {dag.py:3036} INFO - Sync 1 DAGs
[2024-02-29T19:04:52.209+0530] {logging_mixin.py:188} INFO - [2024-02-29T19:04:52.209+0530] {dag.py:3823} INFO - Setting next_dagrun for example_time_delta_sensor_async to None, run_after=None
[2024-02-29T19:04:52.238+0530] {processor.py:183} INFO - Processing /home/arun/.local/lib/python3.10/site-packages/airflow/example_dags/example_time_delta_sensor_async.py took 0.091 seconds
[2024-02-29T19:06:05.795+0530] {processor.py:161} INFO - Started process (PID=10556) to work on /home/arun/.local/lib/python3.10/site-packages/airflow/example_dags/example_time_delta_sensor_async.py
[2024-02-29T19:06:05.798+0530] {processor.py:830} INFO - Processing file /home/arun/.local/lib/python3.10/site-packages/airflow/example_dags/example_time_delta_sensor_async.py for tasks to queue
[2024-02-29T19:06:05.799+0530] {logging_mixin.py:188} INFO - [2024-02-29T19:06:05.799+0530] {dagbag.py:538} INFO - Filling up the DagBag from /home/arun/.local/lib/python3.10/site-packages/airflow/example_dags/example_time_delta_sensor_async.py
[2024-02-29T19:06:05.812+0530] {processor.py:840} INFO - DAG(s) 'example_time_delta_sensor_async' retrieved from /home/arun/.local/lib/python3.10/site-packages/airflow/example_dags/example_time_delta_sensor_async.py
[2024-02-29T19:06:05.892+0530] {logging_mixin.py:188} INFO - [2024-02-29T19:06:05.891+0530] {dag.py:3036} INFO - Sync 1 DAGs
[2024-02-29T19:06:05.942+0530] {logging_mixin.py:188} INFO - [2024-02-29T19:06:05.942+0530] {dag.py:3823} INFO - Setting next_dagrun for example_time_delta_sensor_async to None, run_after=None
[2024-02-29T19:06:06.061+0530] {processor.py:183} INFO - Processing /home/arun/.local/lib/python3.10/site-packages/airflow/example_dags/example_time_delta_sensor_async.py took 0.271 seconds
[2024-02-29T19:07:00.218+0530] {processor.py:161} INFO - Started process (PID=10723) to work on /home/arun/.local/lib/python3.10/site-packages/airflow/example_dags/example_time_delta_sensor_async.py
[2024-02-29T19:07:00.220+0530] {processor.py:830} INFO - Processing file /home/arun/.local/lib/python3.10/site-packages/airflow/example_dags/example_time_delta_sensor_async.py for tasks to queue
[2024-02-29T19:07:00.222+0530] {logging_mixin.py:188} INFO - [2024-02-29T19:07:00.221+0530] {dagbag.py:538} INFO - Filling up the DagBag from /home/arun/.local/lib/python3.10/site-packages/airflow/example_dags/example_time_delta_sensor_async.py
[2024-02-29T19:07:00.236+0530] {processor.py:840} INFO - DAG(s) 'example_time_delta_sensor_async' retrieved from /home/arun/.local/lib/python3.10/site-packages/airflow/example_dags/example_time_delta_sensor_async.py
[2024-02-29T19:07:00.372+0530] {logging_mixin.py:188} INFO - [2024-02-29T19:07:00.372+0530] {dag.py:3036} INFO - Sync 1 DAGs
[2024-02-29T19:07:00.422+0530] {logging_mixin.py:188} INFO - [2024-02-29T19:07:00.401+0530] {dag.py:3823} INFO - Setting next_dagrun for example_time_delta_sensor_async to None, run_after=None
[2024-02-29T19:07:00.581+0530] {processor.py:183} INFO - Processing /home/arun/.local/lib/python3.10/site-packages/airflow/example_dags/example_time_delta_sensor_async.py took 0.369 seconds
