[2024-02-29T18:16:21.760+0530] {processor.py:161} INFO - Started process (PID=5214) to work on /home/arun/.local/lib/python3.10/site-packages/airflow/example_dags/example_branch_operator.py
[2024-02-29T18:16:21.762+0530] {processor.py:830} INFO - Processing file /home/arun/.local/lib/python3.10/site-packages/airflow/example_dags/example_branch_operator.py for tasks to queue
[2024-02-29T18:16:21.765+0530] {logging_mixin.py:188} INFO - [2024-02-29T18:16:21.764+0530] {dagbag.py:538} INFO - Filling up the DagBag from /home/arun/.local/lib/python3.10/site-packages/airflow/example_dags/example_branch_operator.py
[2024-02-29T18:16:21.808+0530] {processor.py:840} INFO - DAG(s) 'example_branch_operator' retrieved from /home/arun/.local/lib/python3.10/site-packages/airflow/example_dags/example_branch_operator.py
[2024-02-29T18:16:22.104+0530] {logging_mixin.py:188} INFO - [2024-02-29T18:16:22.103+0530] {dag.py:3036} INFO - Sync 1 DAGs
[2024-02-29T18:16:22.132+0530] {logging_mixin.py:188} INFO - [2024-02-29T18:16:22.132+0530] {dag.py:3823} INFO - Setting next_dagrun for example_branch_operator to 2024-02-28 00:00:00+00:00, run_after=2024-02-29 00:00:00+00:00
[2024-02-29T18:16:22.249+0530] {processor.py:183} INFO - Processing /home/arun/.local/lib/python3.10/site-packages/airflow/example_dags/example_branch_operator.py took 0.508 seconds
[2024-02-29T18:18:07.019+0530] {processor.py:161} INFO - Started process (PID=5346) to work on /home/arun/.local/lib/python3.10/site-packages/airflow/example_dags/example_branch_operator.py
[2024-02-29T18:18:07.058+0530] {processor.py:830} INFO - Processing file /home/arun/.local/lib/python3.10/site-packages/airflow/example_dags/example_branch_operator.py for tasks to queue
[2024-02-29T18:18:07.059+0530] {logging_mixin.py:188} INFO - [2024-02-29T18:18:07.058+0530] {dagbag.py:538} INFO - Filling up the DagBag from /home/arun/.local/lib/python3.10/site-packages/airflow/example_dags/example_branch_operator.py
[2024-02-29T18:18:07.109+0530] {processor.py:840} INFO - DAG(s) 'example_branch_operator' retrieved from /home/arun/.local/lib/python3.10/site-packages/airflow/example_dags/example_branch_operator.py
[2024-02-29T18:18:07.165+0530] {logging_mixin.py:188} INFO - [2024-02-29T18:18:07.165+0530] {dag.py:3036} INFO - Sync 1 DAGs
[2024-02-29T18:18:07.250+0530] {logging_mixin.py:188} INFO - [2024-02-29T18:18:07.250+0530] {dag.py:3823} INFO - Setting next_dagrun for example_branch_operator to 2024-02-28 00:00:00+00:00, run_after=2024-02-29 00:00:00+00:00
[2024-02-29T18:18:07.400+0530] {processor.py:183} INFO - Processing /home/arun/.local/lib/python3.10/site-packages/airflow/example_dags/example_branch_operator.py took 0.387 seconds
[2024-02-29T18:20:16.772+0530] {processor.py:161} INFO - Started process (PID=5468) to work on /home/arun/.local/lib/python3.10/site-packages/airflow/example_dags/example_branch_operator.py
[2024-02-29T18:20:16.816+0530] {processor.py:830} INFO - Processing file /home/arun/.local/lib/python3.10/site-packages/airflow/example_dags/example_branch_operator.py for tasks to queue
[2024-02-29T18:20:16.817+0530] {logging_mixin.py:188} INFO - [2024-02-29T18:20:16.817+0530] {dagbag.py:538} INFO - Filling up the DagBag from /home/arun/.local/lib/python3.10/site-packages/airflow/example_dags/example_branch_operator.py
[2024-02-29T18:20:16.838+0530] {processor.py:840} INFO - DAG(s) 'example_branch_operator' retrieved from /home/arun/.local/lib/python3.10/site-packages/airflow/example_dags/example_branch_operator.py
[2024-02-29T18:20:16.870+0530] {logging_mixin.py:188} INFO - [2024-02-29T18:20:16.870+0530] {dag.py:3036} INFO - Sync 1 DAGs
[2024-02-29T18:20:16.906+0530] {logging_mixin.py:188} INFO - [2024-02-29T18:20:16.905+0530] {dag.py:3823} INFO - Setting next_dagrun for example_branch_operator to 2024-02-28 00:00:00+00:00, run_after=2024-02-29 00:00:00+00:00
[2024-02-29T18:20:16.944+0530] {processor.py:183} INFO - Processing /home/arun/.local/lib/python3.10/site-packages/airflow/example_dags/example_branch_operator.py took 0.176 seconds
[2024-02-29T18:21:31.210+0530] {processor.py:161} INFO - Started process (PID=5606) to work on /home/arun/.local/lib/python3.10/site-packages/airflow/example_dags/example_branch_operator.py
[2024-02-29T18:21:31.296+0530] {processor.py:830} INFO - Processing file /home/arun/.local/lib/python3.10/site-packages/airflow/example_dags/example_branch_operator.py for tasks to queue
[2024-02-29T18:21:31.297+0530] {logging_mixin.py:188} INFO - [2024-02-29T18:21:31.297+0530] {dagbag.py:538} INFO - Filling up the DagBag from /home/arun/.local/lib/python3.10/site-packages/airflow/example_dags/example_branch_operator.py
[2024-02-29T18:21:31.313+0530] {processor.py:840} INFO - DAG(s) 'example_branch_operator' retrieved from /home/arun/.local/lib/python3.10/site-packages/airflow/example_dags/example_branch_operator.py
[2024-02-29T18:21:31.340+0530] {logging_mixin.py:188} INFO - [2024-02-29T18:21:31.340+0530] {dag.py:3036} INFO - Sync 1 DAGs
[2024-02-29T18:21:31.373+0530] {logging_mixin.py:188} INFO - [2024-02-29T18:21:31.373+0530] {dag.py:3823} INFO - Setting next_dagrun for example_branch_operator to 2024-02-28 00:00:00+00:00, run_after=2024-02-29 00:00:00+00:00
[2024-02-29T18:21:31.411+0530] {processor.py:183} INFO - Processing /home/arun/.local/lib/python3.10/site-packages/airflow/example_dags/example_branch_operator.py took 0.205 seconds
[2024-02-29T18:22:28.705+0530] {processor.py:161} INFO - Started process (PID=5695) to work on /home/arun/.local/lib/python3.10/site-packages/airflow/example_dags/example_branch_operator.py
[2024-02-29T18:22:28.707+0530] {processor.py:830} INFO - Processing file /home/arun/.local/lib/python3.10/site-packages/airflow/example_dags/example_branch_operator.py for tasks to queue
[2024-02-29T18:22:28.707+0530] {logging_mixin.py:188} INFO - [2024-02-29T18:22:28.707+0530] {dagbag.py:538} INFO - Filling up the DagBag from /home/arun/.local/lib/python3.10/site-packages/airflow/example_dags/example_branch_operator.py
[2024-02-29T18:22:28.728+0530] {processor.py:840} INFO - DAG(s) 'example_branch_operator' retrieved from /home/arun/.local/lib/python3.10/site-packages/airflow/example_dags/example_branch_operator.py
[2024-02-29T18:22:28.756+0530] {logging_mixin.py:188} INFO - [2024-02-29T18:22:28.756+0530] {dag.py:3036} INFO - Sync 1 DAGs
[2024-02-29T18:22:28.785+0530] {logging_mixin.py:188} INFO - [2024-02-29T18:22:28.785+0530] {dag.py:3823} INFO - Setting next_dagrun for example_branch_operator to 2024-02-28 00:00:00+00:00, run_after=2024-02-29 00:00:00+00:00
[2024-02-29T18:22:28.818+0530] {processor.py:183} INFO - Processing /home/arun/.local/lib/python3.10/site-packages/airflow/example_dags/example_branch_operator.py took 0.116 seconds
[2024-02-29T18:23:50.474+0530] {processor.py:161} INFO - Started process (PID=5834) to work on /home/arun/.local/lib/python3.10/site-packages/airflow/example_dags/example_branch_operator.py
[2024-02-29T18:23:50.476+0530] {processor.py:830} INFO - Processing file /home/arun/.local/lib/python3.10/site-packages/airflow/example_dags/example_branch_operator.py for tasks to queue
[2024-02-29T18:23:50.477+0530] {logging_mixin.py:188} INFO - [2024-02-29T18:23:50.476+0530] {dagbag.py:538} INFO - Filling up the DagBag from /home/arun/.local/lib/python3.10/site-packages/airflow/example_dags/example_branch_operator.py
[2024-02-29T18:23:50.494+0530] {processor.py:840} INFO - DAG(s) 'example_branch_operator' retrieved from /home/arun/.local/lib/python3.10/site-packages/airflow/example_dags/example_branch_operator.py
[2024-02-29T18:23:50.516+0530] {logging_mixin.py:188} INFO - [2024-02-29T18:23:50.515+0530] {dag.py:3036} INFO - Sync 1 DAGs
[2024-02-29T18:23:50.540+0530] {logging_mixin.py:188} INFO - [2024-02-29T18:23:50.540+0530] {dag.py:3823} INFO - Setting next_dagrun for example_branch_operator to 2024-02-28 00:00:00+00:00, run_after=2024-02-29 00:00:00+00:00
[2024-02-29T18:23:50.569+0530] {processor.py:183} INFO - Processing /home/arun/.local/lib/python3.10/site-packages/airflow/example_dags/example_branch_operator.py took 0.098 seconds
[2024-02-29T18:25:02.984+0530] {processor.py:161} INFO - Started process (PID=5957) to work on /home/arun/.local/lib/python3.10/site-packages/airflow/example_dags/example_branch_operator.py
[2024-02-29T18:25:02.986+0530] {processor.py:830} INFO - Processing file /home/arun/.local/lib/python3.10/site-packages/airflow/example_dags/example_branch_operator.py for tasks to queue
[2024-02-29T18:25:02.986+0530] {logging_mixin.py:188} INFO - [2024-02-29T18:25:02.986+0530] {dagbag.py:538} INFO - Filling up the DagBag from /home/arun/.local/lib/python3.10/site-packages/airflow/example_dags/example_branch_operator.py
[2024-02-29T18:25:03.008+0530] {processor.py:840} INFO - DAG(s) 'example_branch_operator' retrieved from /home/arun/.local/lib/python3.10/site-packages/airflow/example_dags/example_branch_operator.py
[2024-02-29T18:25:03.036+0530] {logging_mixin.py:188} INFO - [2024-02-29T18:25:03.035+0530] {dag.py:3036} INFO - Sync 1 DAGs
[2024-02-29T18:25:03.063+0530] {logging_mixin.py:188} INFO - [2024-02-29T18:25:03.063+0530] {dag.py:3823} INFO - Setting next_dagrun for example_branch_operator to 2024-02-28 00:00:00+00:00, run_after=2024-02-29 00:00:00+00:00
[2024-02-29T18:25:03.140+0530] {processor.py:183} INFO - Processing /home/arun/.local/lib/python3.10/site-packages/airflow/example_dags/example_branch_operator.py took 0.160 seconds
[2024-02-29T18:26:14.795+0530] {processor.py:161} INFO - Started process (PID=6069) to work on /home/arun/.local/lib/python3.10/site-packages/airflow/example_dags/example_branch_operator.py
[2024-02-29T18:26:14.807+0530] {processor.py:830} INFO - Processing file /home/arun/.local/lib/python3.10/site-packages/airflow/example_dags/example_branch_operator.py for tasks to queue
[2024-02-29T18:26:14.808+0530] {logging_mixin.py:188} INFO - [2024-02-29T18:26:14.807+0530] {dagbag.py:538} INFO - Filling up the DagBag from /home/arun/.local/lib/python3.10/site-packages/airflow/example_dags/example_branch_operator.py
[2024-02-29T18:26:14.833+0530] {processor.py:840} INFO - DAG(s) 'example_branch_operator' retrieved from /home/arun/.local/lib/python3.10/site-packages/airflow/example_dags/example_branch_operator.py
[2024-02-29T18:26:14.876+0530] {logging_mixin.py:188} INFO - [2024-02-29T18:26:14.875+0530] {dag.py:3036} INFO - Sync 1 DAGs
[2024-02-29T18:26:14.918+0530] {logging_mixin.py:188} INFO - [2024-02-29T18:26:14.917+0530] {dag.py:3823} INFO - Setting next_dagrun for example_branch_operator to 2024-02-28 00:00:00+00:00, run_after=2024-02-29 00:00:00+00:00
[2024-02-29T18:26:14.954+0530] {processor.py:183} INFO - Processing /home/arun/.local/lib/python3.10/site-packages/airflow/example_dags/example_branch_operator.py took 0.163 seconds
[2024-02-29T18:27:42.791+0530] {processor.py:161} INFO - Started process (PID=6216) to work on /home/arun/.local/lib/python3.10/site-packages/airflow/example_dags/example_branch_operator.py
[2024-02-29T18:27:42.813+0530] {processor.py:830} INFO - Processing file /home/arun/.local/lib/python3.10/site-packages/airflow/example_dags/example_branch_operator.py for tasks to queue
[2024-02-29T18:27:42.815+0530] {logging_mixin.py:188} INFO - [2024-02-29T18:27:42.814+0530] {dagbag.py:538} INFO - Filling up the DagBag from /home/arun/.local/lib/python3.10/site-packages/airflow/example_dags/example_branch_operator.py
[2024-02-29T18:27:42.840+0530] {processor.py:840} INFO - DAG(s) 'example_branch_operator' retrieved from /home/arun/.local/lib/python3.10/site-packages/airflow/example_dags/example_branch_operator.py
[2024-02-29T18:27:42.871+0530] {logging_mixin.py:188} INFO - [2024-02-29T18:27:42.870+0530] {dag.py:3036} INFO - Sync 1 DAGs
[2024-02-29T18:27:42.907+0530] {logging_mixin.py:188} INFO - [2024-02-29T18:27:42.907+0530] {dag.py:3823} INFO - Setting next_dagrun for example_branch_operator to 2024-02-28 00:00:00+00:00, run_after=2024-02-29 00:00:00+00:00
[2024-02-29T18:27:42.948+0530] {processor.py:183} INFO - Processing /home/arun/.local/lib/python3.10/site-packages/airflow/example_dags/example_branch_operator.py took 0.163 seconds
[2024-02-29T18:29:00.428+0530] {processor.py:161} INFO - Started process (PID=6345) to work on /home/arun/.local/lib/python3.10/site-packages/airflow/example_dags/example_branch_operator.py
[2024-02-29T18:29:00.458+0530] {processor.py:830} INFO - Processing file /home/arun/.local/lib/python3.10/site-packages/airflow/example_dags/example_branch_operator.py for tasks to queue
[2024-02-29T18:29:00.459+0530] {logging_mixin.py:188} INFO - [2024-02-29T18:29:00.458+0530] {dagbag.py:538} INFO - Filling up the DagBag from /home/arun/.local/lib/python3.10/site-packages/airflow/example_dags/example_branch_operator.py
[2024-02-29T18:29:00.479+0530] {processor.py:840} INFO - DAG(s) 'example_branch_operator' retrieved from /home/arun/.local/lib/python3.10/site-packages/airflow/example_dags/example_branch_operator.py
[2024-02-29T18:29:00.503+0530] {logging_mixin.py:188} INFO - [2024-02-29T18:29:00.503+0530] {dag.py:3036} INFO - Sync 1 DAGs
[2024-02-29T18:29:00.526+0530] {logging_mixin.py:188} INFO - [2024-02-29T18:29:00.526+0530] {dag.py:3823} INFO - Setting next_dagrun for example_branch_operator to 2024-02-28 00:00:00+00:00, run_after=2024-02-29 00:00:00+00:00
[2024-02-29T18:29:00.555+0530] {processor.py:183} INFO - Processing /home/arun/.local/lib/python3.10/site-packages/airflow/example_dags/example_branch_operator.py took 0.129 seconds
[2024-02-29T18:30:00.781+0530] {processor.py:161} INFO - Started process (PID=6451) to work on /home/arun/.local/lib/python3.10/site-packages/airflow/example_dags/example_branch_operator.py
[2024-02-29T18:30:00.866+0530] {processor.py:830} INFO - Processing file /home/arun/.local/lib/python3.10/site-packages/airflow/example_dags/example_branch_operator.py for tasks to queue
[2024-02-29T18:30:00.869+0530] {logging_mixin.py:188} INFO - [2024-02-29T18:30:00.868+0530] {dagbag.py:538} INFO - Filling up the DagBag from /home/arun/.local/lib/python3.10/site-packages/airflow/example_dags/example_branch_operator.py
[2024-02-29T18:30:00.914+0530] {processor.py:840} INFO - DAG(s) 'example_branch_operator' retrieved from /home/arun/.local/lib/python3.10/site-packages/airflow/example_dags/example_branch_operator.py
[2024-02-29T18:30:00.957+0530] {logging_mixin.py:188} INFO - [2024-02-29T18:30:00.957+0530] {dag.py:3036} INFO - Sync 1 DAGs
[2024-02-29T18:30:00.989+0530] {logging_mixin.py:188} INFO - [2024-02-29T18:30:00.989+0530] {dag.py:3823} INFO - Setting next_dagrun for example_branch_operator to 2024-02-28 00:00:00+00:00, run_after=2024-02-29 00:00:00+00:00
[2024-02-29T18:30:01.126+0530] {processor.py:183} INFO - Processing /home/arun/.local/lib/python3.10/site-packages/airflow/example_dags/example_branch_operator.py took 0.351 seconds
[2024-02-29T18:31:01.582+0530] {processor.py:161} INFO - Started process (PID=6545) to work on /home/arun/.local/lib/python3.10/site-packages/airflow/example_dags/example_branch_operator.py
[2024-02-29T18:31:01.585+0530] {processor.py:830} INFO - Processing file /home/arun/.local/lib/python3.10/site-packages/airflow/example_dags/example_branch_operator.py for tasks to queue
[2024-02-29T18:31:01.586+0530] {logging_mixin.py:188} INFO - [2024-02-29T18:31:01.586+0530] {dagbag.py:538} INFO - Filling up the DagBag from /home/arun/.local/lib/python3.10/site-packages/airflow/example_dags/example_branch_operator.py
[2024-02-29T18:31:01.625+0530] {processor.py:840} INFO - DAG(s) 'example_branch_operator' retrieved from /home/arun/.local/lib/python3.10/site-packages/airflow/example_dags/example_branch_operator.py
[2024-02-29T18:31:01.671+0530] {logging_mixin.py:188} INFO - [2024-02-29T18:31:01.670+0530] {dag.py:3036} INFO - Sync 1 DAGs
[2024-02-29T18:31:01.712+0530] {logging_mixin.py:188} INFO - [2024-02-29T18:31:01.711+0530] {dag.py:3823} INFO - Setting next_dagrun for example_branch_operator to 2024-02-28 00:00:00+00:00, run_after=2024-02-29 00:00:00+00:00
[2024-02-29T18:31:01.751+0530] {processor.py:183} INFO - Processing /home/arun/.local/lib/python3.10/site-packages/airflow/example_dags/example_branch_operator.py took 0.175 seconds
[2024-02-29T18:32:15.395+0530] {processor.py:161} INFO - Started process (PID=6664) to work on /home/arun/.local/lib/python3.10/site-packages/airflow/example_dags/example_branch_operator.py
[2024-02-29T18:32:15.397+0530] {processor.py:830} INFO - Processing file /home/arun/.local/lib/python3.10/site-packages/airflow/example_dags/example_branch_operator.py for tasks to queue
[2024-02-29T18:32:15.399+0530] {logging_mixin.py:188} INFO - [2024-02-29T18:32:15.398+0530] {dagbag.py:538} INFO - Filling up the DagBag from /home/arun/.local/lib/python3.10/site-packages/airflow/example_dags/example_branch_operator.py
[2024-02-29T18:32:15.424+0530] {processor.py:840} INFO - DAG(s) 'example_branch_operator' retrieved from /home/arun/.local/lib/python3.10/site-packages/airflow/example_dags/example_branch_operator.py
[2024-02-29T18:32:15.452+0530] {logging_mixin.py:188} INFO - [2024-02-29T18:32:15.451+0530] {dag.py:3036} INFO - Sync 1 DAGs
[2024-02-29T18:32:15.481+0530] {logging_mixin.py:188} INFO - [2024-02-29T18:32:15.481+0530] {dag.py:3823} INFO - Setting next_dagrun for example_branch_operator to 2024-02-28 00:00:00+00:00, run_after=2024-02-29 00:00:00+00:00
[2024-02-29T18:32:15.544+0530] {processor.py:183} INFO - Processing /home/arun/.local/lib/python3.10/site-packages/airflow/example_dags/example_branch_operator.py took 0.153 seconds
[2024-02-29T18:33:37.738+0530] {processor.py:161} INFO - Started process (PID=6798) to work on /home/arun/.local/lib/python3.10/site-packages/airflow/example_dags/example_branch_operator.py
[2024-02-29T18:33:37.740+0530] {processor.py:830} INFO - Processing file /home/arun/.local/lib/python3.10/site-packages/airflow/example_dags/example_branch_operator.py for tasks to queue
[2024-02-29T18:33:37.741+0530] {logging_mixin.py:188} INFO - [2024-02-29T18:33:37.741+0530] {dagbag.py:538} INFO - Filling up the DagBag from /home/arun/.local/lib/python3.10/site-packages/airflow/example_dags/example_branch_operator.py
[2024-02-29T18:33:37.768+0530] {processor.py:840} INFO - DAG(s) 'example_branch_operator' retrieved from /home/arun/.local/lib/python3.10/site-packages/airflow/example_dags/example_branch_operator.py
[2024-02-29T18:33:37.808+0530] {logging_mixin.py:188} INFO - [2024-02-29T18:33:37.807+0530] {dag.py:3036} INFO - Sync 1 DAGs
[2024-02-29T18:33:37.854+0530] {logging_mixin.py:188} INFO - [2024-02-29T18:33:37.854+0530] {dag.py:3823} INFO - Setting next_dagrun for example_branch_operator to 2024-02-28 00:00:00+00:00, run_after=2024-02-29 00:00:00+00:00
[2024-02-29T18:33:37.899+0530] {processor.py:183} INFO - Processing /home/arun/.local/lib/python3.10/site-packages/airflow/example_dags/example_branch_operator.py took 0.165 seconds
[2024-02-29T18:34:56.449+0530] {processor.py:161} INFO - Started process (PID=6925) to work on /home/arun/.local/lib/python3.10/site-packages/airflow/example_dags/example_branch_operator.py
[2024-02-29T18:34:56.452+0530] {processor.py:830} INFO - Processing file /home/arun/.local/lib/python3.10/site-packages/airflow/example_dags/example_branch_operator.py for tasks to queue
[2024-02-29T18:34:56.453+0530] {logging_mixin.py:188} INFO - [2024-02-29T18:34:56.452+0530] {dagbag.py:538} INFO - Filling up the DagBag from /home/arun/.local/lib/python3.10/site-packages/airflow/example_dags/example_branch_operator.py
[2024-02-29T18:34:56.473+0530] {processor.py:840} INFO - DAG(s) 'example_branch_operator' retrieved from /home/arun/.local/lib/python3.10/site-packages/airflow/example_dags/example_branch_operator.py
[2024-02-29T18:34:56.503+0530] {logging_mixin.py:188} INFO - [2024-02-29T18:34:56.503+0530] {dag.py:3036} INFO - Sync 1 DAGs
[2024-02-29T18:34:56.537+0530] {logging_mixin.py:188} INFO - [2024-02-29T18:34:56.536+0530] {dag.py:3823} INFO - Setting next_dagrun for example_branch_operator to 2024-02-28 00:00:00+00:00, run_after=2024-02-29 00:00:00+00:00
[2024-02-29T18:34:56.592+0530] {processor.py:183} INFO - Processing /home/arun/.local/lib/python3.10/site-packages/airflow/example_dags/example_branch_operator.py took 0.147 seconds
[2024-02-29T18:36:20.087+0530] {processor.py:161} INFO - Started process (PID=7055) to work on /home/arun/.local/lib/python3.10/site-packages/airflow/example_dags/example_branch_operator.py
[2024-02-29T18:36:20.090+0530] {processor.py:830} INFO - Processing file /home/arun/.local/lib/python3.10/site-packages/airflow/example_dags/example_branch_operator.py for tasks to queue
[2024-02-29T18:36:20.094+0530] {logging_mixin.py:188} INFO - [2024-02-29T18:36:20.091+0530] {dagbag.py:538} INFO - Filling up the DagBag from /home/arun/.local/lib/python3.10/site-packages/airflow/example_dags/example_branch_operator.py
[2024-02-29T18:36:20.141+0530] {processor.py:840} INFO - DAG(s) 'example_branch_operator' retrieved from /home/arun/.local/lib/python3.10/site-packages/airflow/example_dags/example_branch_operator.py
[2024-02-29T18:36:20.190+0530] {logging_mixin.py:188} INFO - [2024-02-29T18:36:20.190+0530] {dag.py:3036} INFO - Sync 1 DAGs
[2024-02-29T18:36:20.230+0530] {logging_mixin.py:188} INFO - [2024-02-29T18:36:20.230+0530] {dag.py:3823} INFO - Setting next_dagrun for example_branch_operator to 2024-02-28 00:00:00+00:00, run_after=2024-02-29 00:00:00+00:00
[2024-02-29T18:36:20.325+0530] {processor.py:183} INFO - Processing /home/arun/.local/lib/python3.10/site-packages/airflow/example_dags/example_branch_operator.py took 0.246 seconds
[2024-02-29T18:37:24.920+0530] {processor.py:161} INFO - Started process (PID=7150) to work on /home/arun/.local/lib/python3.10/site-packages/airflow/example_dags/example_branch_operator.py
[2024-02-29T18:37:24.921+0530] {processor.py:830} INFO - Processing file /home/arun/.local/lib/python3.10/site-packages/airflow/example_dags/example_branch_operator.py for tasks to queue
[2024-02-29T18:37:24.922+0530] {logging_mixin.py:188} INFO - [2024-02-29T18:37:24.922+0530] {dagbag.py:538} INFO - Filling up the DagBag from /home/arun/.local/lib/python3.10/site-packages/airflow/example_dags/example_branch_operator.py
[2024-02-29T18:37:24.941+0530] {processor.py:840} INFO - DAG(s) 'example_branch_operator' retrieved from /home/arun/.local/lib/python3.10/site-packages/airflow/example_dags/example_branch_operator.py
[2024-02-29T18:37:24.963+0530] {logging_mixin.py:188} INFO - [2024-02-29T18:37:24.963+0530] {dag.py:3036} INFO - Sync 1 DAGs
[2024-02-29T18:37:24.985+0530] {logging_mixin.py:188} INFO - [2024-02-29T18:37:24.985+0530] {dag.py:3823} INFO - Setting next_dagrun for example_branch_operator to 2024-02-28 00:00:00+00:00, run_after=2024-02-29 00:00:00+00:00
[2024-02-29T18:37:25.018+0530] {processor.py:183} INFO - Processing /home/arun/.local/lib/python3.10/site-packages/airflow/example_dags/example_branch_operator.py took 0.101 seconds
[2024-02-29T18:38:21.173+0530] {processor.py:161} INFO - Started process (PID=7326) to work on /home/arun/.local/lib/python3.10/site-packages/airflow/example_dags/example_branch_operator.py
[2024-02-29T18:38:21.175+0530] {processor.py:830} INFO - Processing file /home/arun/.local/lib/python3.10/site-packages/airflow/example_dags/example_branch_operator.py for tasks to queue
[2024-02-29T18:38:21.176+0530] {logging_mixin.py:188} INFO - [2024-02-29T18:38:21.176+0530] {dagbag.py:538} INFO - Filling up the DagBag from /home/arun/.local/lib/python3.10/site-packages/airflow/example_dags/example_branch_operator.py
[2024-02-29T18:38:21.200+0530] {processor.py:840} INFO - DAG(s) 'example_branch_operator' retrieved from /home/arun/.local/lib/python3.10/site-packages/airflow/example_dags/example_branch_operator.py
[2024-02-29T18:38:21.231+0530] {logging_mixin.py:188} INFO - [2024-02-29T18:38:21.231+0530] {dag.py:3036} INFO - Sync 1 DAGs
[2024-02-29T18:38:21.260+0530] {logging_mixin.py:188} INFO - [2024-02-29T18:38:21.259+0530] {dag.py:3823} INFO - Setting next_dagrun for example_branch_operator to 2024-02-28 00:00:00+00:00, run_after=2024-02-29 00:00:00+00:00
[2024-02-29T18:38:21.306+0530] {processor.py:183} INFO - Processing /home/arun/.local/lib/python3.10/site-packages/airflow/example_dags/example_branch_operator.py took 0.139 seconds
[2024-02-29T18:39:20.131+0530] {processor.py:161} INFO - Started process (PID=7417) to work on /home/arun/.local/lib/python3.10/site-packages/airflow/example_dags/example_branch_operator.py
[2024-02-29T18:39:20.134+0530] {processor.py:830} INFO - Processing file /home/arun/.local/lib/python3.10/site-packages/airflow/example_dags/example_branch_operator.py for tasks to queue
[2024-02-29T18:39:20.136+0530] {logging_mixin.py:188} INFO - [2024-02-29T18:39:20.136+0530] {dagbag.py:538} INFO - Filling up the DagBag from /home/arun/.local/lib/python3.10/site-packages/airflow/example_dags/example_branch_operator.py
[2024-02-29T18:39:20.161+0530] {processor.py:840} INFO - DAG(s) 'example_branch_operator' retrieved from /home/arun/.local/lib/python3.10/site-packages/airflow/example_dags/example_branch_operator.py
[2024-02-29T18:39:20.191+0530] {logging_mixin.py:188} INFO - [2024-02-29T18:39:20.191+0530] {dag.py:3036} INFO - Sync 1 DAGs
[2024-02-29T18:39:20.218+0530] {logging_mixin.py:188} INFO - [2024-02-29T18:39:20.218+0530] {dag.py:3823} INFO - Setting next_dagrun for example_branch_operator to 2024-02-28 00:00:00+00:00, run_after=2024-02-29 00:00:00+00:00
[2024-02-29T18:39:20.247+0530] {processor.py:183} INFO - Processing /home/arun/.local/lib/python3.10/site-packages/airflow/example_dags/example_branch_operator.py took 0.119 seconds
[2024-02-29T18:40:20.085+0530] {processor.py:161} INFO - Started process (PID=7509) to work on /home/arun/.local/lib/python3.10/site-packages/airflow/example_dags/example_branch_operator.py
[2024-02-29T18:40:20.091+0530] {processor.py:830} INFO - Processing file /home/arun/.local/lib/python3.10/site-packages/airflow/example_dags/example_branch_operator.py for tasks to queue
[2024-02-29T18:40:20.093+0530] {logging_mixin.py:188} INFO - [2024-02-29T18:40:20.092+0530] {dagbag.py:538} INFO - Filling up the DagBag from /home/arun/.local/lib/python3.10/site-packages/airflow/example_dags/example_branch_operator.py
[2024-02-29T18:40:20.152+0530] {processor.py:840} INFO - DAG(s) 'example_branch_operator' retrieved from /home/arun/.local/lib/python3.10/site-packages/airflow/example_dags/example_branch_operator.py
[2024-02-29T18:40:20.196+0530] {logging_mixin.py:188} INFO - [2024-02-29T18:40:20.195+0530] {dag.py:3036} INFO - Sync 1 DAGs
[2024-02-29T18:40:20.233+0530] {logging_mixin.py:188} INFO - [2024-02-29T18:40:20.233+0530] {dag.py:3823} INFO - Setting next_dagrun for example_branch_operator to 2024-02-28 00:00:00+00:00, run_after=2024-02-29 00:00:00+00:00
[2024-02-29T18:40:20.347+0530] {processor.py:183} INFO - Processing /home/arun/.local/lib/python3.10/site-packages/airflow/example_dags/example_branch_operator.py took 0.267 seconds
[2024-02-29T18:41:44.246+0530] {processor.py:161} INFO - Started process (PID=7653) to work on /home/arun/.local/lib/python3.10/site-packages/airflow/example_dags/example_branch_operator.py
[2024-02-29T18:41:44.248+0530] {processor.py:830} INFO - Processing file /home/arun/.local/lib/python3.10/site-packages/airflow/example_dags/example_branch_operator.py for tasks to queue
[2024-02-29T18:41:44.248+0530] {logging_mixin.py:188} INFO - [2024-02-29T18:41:44.248+0530] {dagbag.py:538} INFO - Filling up the DagBag from /home/arun/.local/lib/python3.10/site-packages/airflow/example_dags/example_branch_operator.py
[2024-02-29T18:41:44.267+0530] {processor.py:840} INFO - DAG(s) 'example_branch_operator' retrieved from /home/arun/.local/lib/python3.10/site-packages/airflow/example_dags/example_branch_operator.py
[2024-02-29T18:41:44.293+0530] {logging_mixin.py:188} INFO - [2024-02-29T18:41:44.293+0530] {dag.py:3036} INFO - Sync 1 DAGs
[2024-02-29T18:41:44.321+0530] {logging_mixin.py:188} INFO - [2024-02-29T18:41:44.321+0530] {dag.py:3823} INFO - Setting next_dagrun for example_branch_operator to 2024-02-28 00:00:00+00:00, run_after=2024-02-29 00:00:00+00:00
[2024-02-29T18:41:44.355+0530] {processor.py:183} INFO - Processing /home/arun/.local/lib/python3.10/site-packages/airflow/example_dags/example_branch_operator.py took 0.112 seconds
[2024-02-29T18:43:10.660+0530] {processor.py:161} INFO - Started process (PID=7790) to work on /home/arun/.local/lib/python3.10/site-packages/airflow/example_dags/example_branch_operator.py
[2024-02-29T18:43:10.661+0530] {processor.py:830} INFO - Processing file /home/arun/.local/lib/python3.10/site-packages/airflow/example_dags/example_branch_operator.py for tasks to queue
[2024-02-29T18:43:10.663+0530] {logging_mixin.py:188} INFO - [2024-02-29T18:43:10.662+0530] {dagbag.py:538} INFO - Filling up the DagBag from /home/arun/.local/lib/python3.10/site-packages/airflow/example_dags/example_branch_operator.py
[2024-02-29T18:43:10.684+0530] {processor.py:840} INFO - DAG(s) 'example_branch_operator' retrieved from /home/arun/.local/lib/python3.10/site-packages/airflow/example_dags/example_branch_operator.py
[2024-02-29T18:43:10.708+0530] {logging_mixin.py:188} INFO - [2024-02-29T18:43:10.708+0530] {dag.py:3036} INFO - Sync 1 DAGs
[2024-02-29T18:43:10.730+0530] {logging_mixin.py:188} INFO - [2024-02-29T18:43:10.730+0530] {dag.py:3823} INFO - Setting next_dagrun for example_branch_operator to 2024-02-28 00:00:00+00:00, run_after=2024-02-29 00:00:00+00:00
[2024-02-29T18:43:10.757+0530] {processor.py:183} INFO - Processing /home/arun/.local/lib/python3.10/site-packages/airflow/example_dags/example_branch_operator.py took 0.101 seconds
[2024-02-29T18:44:16.593+0530] {processor.py:161} INFO - Started process (PID=7904) to work on /home/arun/.local/lib/python3.10/site-packages/airflow/example_dags/example_branch_operator.py
[2024-02-29T18:44:16.631+0530] {processor.py:830} INFO - Processing file /home/arun/.local/lib/python3.10/site-packages/airflow/example_dags/example_branch_operator.py for tasks to queue
[2024-02-29T18:44:16.632+0530] {logging_mixin.py:188} INFO - [2024-02-29T18:44:16.631+0530] {dagbag.py:538} INFO - Filling up the DagBag from /home/arun/.local/lib/python3.10/site-packages/airflow/example_dags/example_branch_operator.py
[2024-02-29T18:44:16.649+0530] {processor.py:840} INFO - DAG(s) 'example_branch_operator' retrieved from /home/arun/.local/lib/python3.10/site-packages/airflow/example_dags/example_branch_operator.py
[2024-02-29T18:44:16.674+0530] {logging_mixin.py:188} INFO - [2024-02-29T18:44:16.673+0530] {dag.py:3036} INFO - Sync 1 DAGs
[2024-02-29T18:44:16.700+0530] {logging_mixin.py:188} INFO - [2024-02-29T18:44:16.700+0530] {dag.py:3823} INFO - Setting next_dagrun for example_branch_operator to 2024-02-28 00:00:00+00:00, run_after=2024-02-29 00:00:00+00:00
[2024-02-29T18:44:16.729+0530] {processor.py:183} INFO - Processing /home/arun/.local/lib/python3.10/site-packages/airflow/example_dags/example_branch_operator.py took 0.140 seconds
[2024-02-29T18:45:10.730+0530] {processor.py:161} INFO - Started process (PID=7994) to work on /home/arun/.local/lib/python3.10/site-packages/airflow/example_dags/example_branch_operator.py
[2024-02-29T18:45:10.808+0530] {processor.py:830} INFO - Processing file /home/arun/.local/lib/python3.10/site-packages/airflow/example_dags/example_branch_operator.py for tasks to queue
[2024-02-29T18:45:10.810+0530] {logging_mixin.py:188} INFO - [2024-02-29T18:45:10.809+0530] {dagbag.py:538} INFO - Filling up the DagBag from /home/arun/.local/lib/python3.10/site-packages/airflow/example_dags/example_branch_operator.py
[2024-02-29T18:45:10.838+0530] {processor.py:840} INFO - DAG(s) 'example_branch_operator' retrieved from /home/arun/.local/lib/python3.10/site-packages/airflow/example_dags/example_branch_operator.py
[2024-02-29T18:45:10.877+0530] {logging_mixin.py:188} INFO - [2024-02-29T18:45:10.876+0530] {dag.py:3036} INFO - Sync 1 DAGs
[2024-02-29T18:45:10.915+0530] {logging_mixin.py:188} INFO - [2024-02-29T18:45:10.915+0530] {dag.py:3823} INFO - Setting next_dagrun for example_branch_operator to 2024-02-28 00:00:00+00:00, run_after=2024-02-29 00:00:00+00:00
[2024-02-29T18:45:10.953+0530] {processor.py:183} INFO - Processing /home/arun/.local/lib/python3.10/site-packages/airflow/example_dags/example_branch_operator.py took 0.228 seconds
[2024-02-29T18:46:32.489+0530] {processor.py:161} INFO - Started process (PID=8133) to work on /home/arun/.local/lib/python3.10/site-packages/airflow/example_dags/example_branch_operator.py
[2024-02-29T18:46:32.490+0530] {processor.py:830} INFO - Processing file /home/arun/.local/lib/python3.10/site-packages/airflow/example_dags/example_branch_operator.py for tasks to queue
[2024-02-29T18:46:32.491+0530] {logging_mixin.py:188} INFO - [2024-02-29T18:46:32.491+0530] {dagbag.py:538} INFO - Filling up the DagBag from /home/arun/.local/lib/python3.10/site-packages/airflow/example_dags/example_branch_operator.py
[2024-02-29T18:46:32.507+0530] {processor.py:840} INFO - DAG(s) 'example_branch_operator' retrieved from /home/arun/.local/lib/python3.10/site-packages/airflow/example_dags/example_branch_operator.py
[2024-02-29T18:46:32.528+0530] {logging_mixin.py:188} INFO - [2024-02-29T18:46:32.527+0530] {dag.py:3036} INFO - Sync 1 DAGs
[2024-02-29T18:46:32.548+0530] {logging_mixin.py:188} INFO - [2024-02-29T18:46:32.548+0530] {dag.py:3823} INFO - Setting next_dagrun for example_branch_operator to 2024-02-28 00:00:00+00:00, run_after=2024-02-29 00:00:00+00:00
[2024-02-29T18:46:32.574+0530] {processor.py:183} INFO - Processing /home/arun/.local/lib/python3.10/site-packages/airflow/example_dags/example_branch_operator.py took 0.088 seconds
[2024-02-29T18:47:50.155+0530] {processor.py:161} INFO - Started process (PID=8260) to work on /home/arun/.local/lib/python3.10/site-packages/airflow/example_dags/example_branch_operator.py
[2024-02-29T18:47:50.156+0530] {processor.py:830} INFO - Processing file /home/arun/.local/lib/python3.10/site-packages/airflow/example_dags/example_branch_operator.py for tasks to queue
[2024-02-29T18:47:50.157+0530] {logging_mixin.py:188} INFO - [2024-02-29T18:47:50.157+0530] {dagbag.py:538} INFO - Filling up the DagBag from /home/arun/.local/lib/python3.10/site-packages/airflow/example_dags/example_branch_operator.py
[2024-02-29T18:47:50.179+0530] {processor.py:840} INFO - DAG(s) 'example_branch_operator' retrieved from /home/arun/.local/lib/python3.10/site-packages/airflow/example_dags/example_branch_operator.py
[2024-02-29T18:47:50.210+0530] {logging_mixin.py:188} INFO - [2024-02-29T18:47:50.210+0530] {dag.py:3036} INFO - Sync 1 DAGs
[2024-02-29T18:47:50.240+0530] {logging_mixin.py:188} INFO - [2024-02-29T18:47:50.240+0530] {dag.py:3823} INFO - Setting next_dagrun for example_branch_operator to 2024-02-28 00:00:00+00:00, run_after=2024-02-29 00:00:00+00:00
[2024-02-29T18:47:50.274+0530] {processor.py:183} INFO - Processing /home/arun/.local/lib/python3.10/site-packages/airflow/example_dags/example_branch_operator.py took 0.124 seconds
[2024-02-29T18:48:59.308+0530] {processor.py:161} INFO - Started process (PID=8374) to work on /home/arun/.local/lib/python3.10/site-packages/airflow/example_dags/example_branch_operator.py
[2024-02-29T18:48:59.328+0530] {processor.py:830} INFO - Processing file /home/arun/.local/lib/python3.10/site-packages/airflow/example_dags/example_branch_operator.py for tasks to queue
[2024-02-29T18:48:59.332+0530] {logging_mixin.py:188} INFO - [2024-02-29T18:48:59.331+0530] {dagbag.py:538} INFO - Filling up the DagBag from /home/arun/.local/lib/python3.10/site-packages/airflow/example_dags/example_branch_operator.py
[2024-02-29T18:48:59.364+0530] {processor.py:840} INFO - DAG(s) 'example_branch_operator' retrieved from /home/arun/.local/lib/python3.10/site-packages/airflow/example_dags/example_branch_operator.py
[2024-02-29T18:48:59.406+0530] {logging_mixin.py:188} INFO - [2024-02-29T18:48:59.405+0530] {dag.py:3036} INFO - Sync 1 DAGs
[2024-02-29T18:48:59.446+0530] {logging_mixin.py:188} INFO - [2024-02-29T18:48:59.446+0530] {dag.py:3823} INFO - Setting next_dagrun for example_branch_operator to 2024-02-28 00:00:00+00:00, run_after=2024-02-29 00:00:00+00:00
[2024-02-29T18:48:59.488+0530] {processor.py:183} INFO - Processing /home/arun/.local/lib/python3.10/site-packages/airflow/example_dags/example_branch_operator.py took 0.193 seconds
[2024-02-29T18:50:10.902+0530] {processor.py:161} INFO - Started process (PID=8491) to work on /home/arun/.local/lib/python3.10/site-packages/airflow/example_dags/example_branch_operator.py
[2024-02-29T18:50:10.908+0530] {processor.py:830} INFO - Processing file /home/arun/.local/lib/python3.10/site-packages/airflow/example_dags/example_branch_operator.py for tasks to queue
[2024-02-29T18:50:10.909+0530] {logging_mixin.py:188} INFO - [2024-02-29T18:50:10.909+0530] {dagbag.py:538} INFO - Filling up the DagBag from /home/arun/.local/lib/python3.10/site-packages/airflow/example_dags/example_branch_operator.py
[2024-02-29T18:50:10.928+0530] {processor.py:840} INFO - DAG(s) 'example_branch_operator' retrieved from /home/arun/.local/lib/python3.10/site-packages/airflow/example_dags/example_branch_operator.py
[2024-02-29T18:50:10.955+0530] {logging_mixin.py:188} INFO - [2024-02-29T18:50:10.955+0530] {dag.py:3036} INFO - Sync 1 DAGs
[2024-02-29T18:50:10.982+0530] {logging_mixin.py:188} INFO - [2024-02-29T18:50:10.982+0530] {dag.py:3823} INFO - Setting next_dagrun for example_branch_operator to 2024-02-28 00:00:00+00:00, run_after=2024-02-29 00:00:00+00:00
[2024-02-29T18:50:11.016+0530] {processor.py:183} INFO - Processing /home/arun/.local/lib/python3.10/site-packages/airflow/example_dags/example_branch_operator.py took 0.117 seconds
[2024-02-29T18:51:30.102+0530] {processor.py:161} INFO - Started process (PID=8639) to work on /home/arun/.local/lib/python3.10/site-packages/airflow/example_dags/example_branch_operator.py
[2024-02-29T18:51:30.141+0530] {processor.py:830} INFO - Processing file /home/arun/.local/lib/python3.10/site-packages/airflow/example_dags/example_branch_operator.py for tasks to queue
[2024-02-29T18:51:30.147+0530] {logging_mixin.py:188} INFO - [2024-02-29T18:51:30.143+0530] {dagbag.py:538} INFO - Filling up the DagBag from /home/arun/.local/lib/python3.10/site-packages/airflow/example_dags/example_branch_operator.py
[2024-02-29T18:51:30.229+0530] {processor.py:840} INFO - DAG(s) 'example_branch_operator' retrieved from /home/arun/.local/lib/python3.10/site-packages/airflow/example_dags/example_branch_operator.py
[2024-02-29T18:51:30.309+0530] {logging_mixin.py:188} INFO - [2024-02-29T18:51:30.308+0530] {dag.py:3036} INFO - Sync 1 DAGs
[2024-02-29T18:51:30.386+0530] {logging_mixin.py:188} INFO - [2024-02-29T18:51:30.386+0530] {dag.py:3823} INFO - Setting next_dagrun for example_branch_operator to 2024-02-28 00:00:00+00:00, run_after=2024-02-29 00:00:00+00:00
[2024-02-29T18:51:30.541+0530] {processor.py:183} INFO - Processing /home/arun/.local/lib/python3.10/site-packages/airflow/example_dags/example_branch_operator.py took 0.446 seconds
[2024-02-29T18:52:47.678+0530] {processor.py:161} INFO - Started process (PID=8834) to work on /home/arun/.local/lib/python3.10/site-packages/airflow/example_dags/example_branch_operator.py
[2024-02-29T18:52:47.704+0530] {processor.py:830} INFO - Processing file /home/arun/.local/lib/python3.10/site-packages/airflow/example_dags/example_branch_operator.py for tasks to queue
[2024-02-29T18:52:47.705+0530] {logging_mixin.py:188} INFO - [2024-02-29T18:52:47.705+0530] {dagbag.py:538} INFO - Filling up the DagBag from /home/arun/.local/lib/python3.10/site-packages/airflow/example_dags/example_branch_operator.py
[2024-02-29T18:52:47.725+0530] {processor.py:840} INFO - DAG(s) 'example_branch_operator' retrieved from /home/arun/.local/lib/python3.10/site-packages/airflow/example_dags/example_branch_operator.py
[2024-02-29T18:52:47.760+0530] {logging_mixin.py:188} INFO - [2024-02-29T18:52:47.759+0530] {dag.py:3036} INFO - Sync 1 DAGs
[2024-02-29T18:52:47.793+0530] {logging_mixin.py:188} INFO - [2024-02-29T18:52:47.793+0530] {dag.py:3823} INFO - Setting next_dagrun for example_branch_operator to 2024-02-28 00:00:00+00:00, run_after=2024-02-29 00:00:00+00:00
[2024-02-29T18:52:47.832+0530] {processor.py:183} INFO - Processing /home/arun/.local/lib/python3.10/site-packages/airflow/example_dags/example_branch_operator.py took 0.156 seconds
[2024-02-29T18:54:07.671+0530] {processor.py:161} INFO - Started process (PID=9145) to work on /home/arun/.local/lib/python3.10/site-packages/airflow/example_dags/example_branch_operator.py
[2024-02-29T18:54:07.713+0530] {processor.py:830} INFO - Processing file /home/arun/.local/lib/python3.10/site-packages/airflow/example_dags/example_branch_operator.py for tasks to queue
[2024-02-29T18:54:07.715+0530] {logging_mixin.py:188} INFO - [2024-02-29T18:54:07.714+0530] {dagbag.py:538} INFO - Filling up the DagBag from /home/arun/.local/lib/python3.10/site-packages/airflow/example_dags/example_branch_operator.py
[2024-02-29T18:54:07.738+0530] {processor.py:840} INFO - DAG(s) 'example_branch_operator' retrieved from /home/arun/.local/lib/python3.10/site-packages/airflow/example_dags/example_branch_operator.py
[2024-02-29T18:54:07.770+0530] {logging_mixin.py:188} INFO - [2024-02-29T18:54:07.769+0530] {dag.py:3036} INFO - Sync 1 DAGs
[2024-02-29T18:54:07.804+0530] {logging_mixin.py:188} INFO - [2024-02-29T18:54:07.803+0530] {dag.py:3823} INFO - Setting next_dagrun for example_branch_operator to 2024-02-28 00:00:00+00:00, run_after=2024-02-29 00:00:00+00:00
[2024-02-29T18:54:07.842+0530] {processor.py:183} INFO - Processing /home/arun/.local/lib/python3.10/site-packages/airflow/example_dags/example_branch_operator.py took 0.176 seconds
[2024-02-29T18:55:19.404+0530] {processor.py:161} INFO - Started process (PID=9269) to work on /home/arun/.local/lib/python3.10/site-packages/airflow/example_dags/example_branch_operator.py
[2024-02-29T18:55:19.419+0530] {processor.py:830} INFO - Processing file /home/arun/.local/lib/python3.10/site-packages/airflow/example_dags/example_branch_operator.py for tasks to queue
[2024-02-29T18:55:19.432+0530] {logging_mixin.py:188} INFO - [2024-02-29T18:55:19.419+0530] {dagbag.py:538} INFO - Filling up the DagBag from /home/arun/.local/lib/python3.10/site-packages/airflow/example_dags/example_branch_operator.py
[2024-02-29T18:55:19.459+0530] {processor.py:840} INFO - DAG(s) 'example_branch_operator' retrieved from /home/arun/.local/lib/python3.10/site-packages/airflow/example_dags/example_branch_operator.py
[2024-02-29T18:55:19.504+0530] {logging_mixin.py:188} INFO - [2024-02-29T18:55:19.504+0530] {dag.py:3036} INFO - Sync 1 DAGs
[2024-02-29T18:55:19.558+0530] {logging_mixin.py:188} INFO - [2024-02-29T18:55:19.558+0530] {dag.py:3823} INFO - Setting next_dagrun for example_branch_operator to 2024-02-28 00:00:00+00:00, run_after=2024-02-29 00:00:00+00:00
[2024-02-29T18:55:19.717+0530] {processor.py:183} INFO - Processing /home/arun/.local/lib/python3.10/site-packages/airflow/example_dags/example_branch_operator.py took 0.324 seconds
[2024-02-29T18:56:22.299+0530] {processor.py:161} INFO - Started process (PID=9427) to work on /home/arun/.local/lib/python3.10/site-packages/airflow/example_dags/example_branch_operator.py
[2024-02-29T18:56:22.373+0530] {processor.py:830} INFO - Processing file /home/arun/.local/lib/python3.10/site-packages/airflow/example_dags/example_branch_operator.py for tasks to queue
[2024-02-29T18:56:22.375+0530] {logging_mixin.py:188} INFO - [2024-02-29T18:56:22.374+0530] {dagbag.py:538} INFO - Filling up the DagBag from /home/arun/.local/lib/python3.10/site-packages/airflow/example_dags/example_branch_operator.py
[2024-02-29T18:56:22.400+0530] {processor.py:840} INFO - DAG(s) 'example_branch_operator' retrieved from /home/arun/.local/lib/python3.10/site-packages/airflow/example_dags/example_branch_operator.py
[2024-02-29T18:56:22.430+0530] {logging_mixin.py:188} INFO - [2024-02-29T18:56:22.430+0530] {dag.py:3036} INFO - Sync 1 DAGs
[2024-02-29T18:56:22.460+0530] {logging_mixin.py:188} INFO - [2024-02-29T18:56:22.459+0530] {dag.py:3823} INFO - Setting next_dagrun for example_branch_operator to 2024-02-28 00:00:00+00:00, run_after=2024-02-29 00:00:00+00:00
[2024-02-29T18:56:22.490+0530] {processor.py:183} INFO - Processing /home/arun/.local/lib/python3.10/site-packages/airflow/example_dags/example_branch_operator.py took 0.199 seconds
[2024-02-29T18:57:19.237+0530] {processor.py:161} INFO - Started process (PID=9539) to work on /home/arun/.local/lib/python3.10/site-packages/airflow/example_dags/example_branch_operator.py
[2024-02-29T18:57:19.247+0530] {processor.py:830} INFO - Processing file /home/arun/.local/lib/python3.10/site-packages/airflow/example_dags/example_branch_operator.py for tasks to queue
[2024-02-29T18:57:19.248+0530] {logging_mixin.py:188} INFO - [2024-02-29T18:57:19.248+0530] {dagbag.py:538} INFO - Filling up the DagBag from /home/arun/.local/lib/python3.10/site-packages/airflow/example_dags/example_branch_operator.py
[2024-02-29T18:57:19.269+0530] {processor.py:840} INFO - DAG(s) 'example_branch_operator' retrieved from /home/arun/.local/lib/python3.10/site-packages/airflow/example_dags/example_branch_operator.py
[2024-02-29T18:57:19.296+0530] {logging_mixin.py:188} INFO - [2024-02-29T18:57:19.296+0530] {dag.py:3036} INFO - Sync 1 DAGs
[2024-02-29T18:57:19.323+0530] {logging_mixin.py:188} INFO - [2024-02-29T18:57:19.322+0530] {dag.py:3823} INFO - Setting next_dagrun for example_branch_operator to 2024-02-28 00:00:00+00:00, run_after=2024-02-29 00:00:00+00:00
[2024-02-29T18:57:19.353+0530] {processor.py:183} INFO - Processing /home/arun/.local/lib/python3.10/site-packages/airflow/example_dags/example_branch_operator.py took 0.118 seconds
[2024-02-29T18:58:45.600+0530] {processor.py:161} INFO - Started process (PID=9679) to work on /home/arun/.local/lib/python3.10/site-packages/airflow/example_dags/example_branch_operator.py
[2024-02-29T18:58:45.634+0530] {processor.py:830} INFO - Processing file /home/arun/.local/lib/python3.10/site-packages/airflow/example_dags/example_branch_operator.py for tasks to queue
[2024-02-29T18:58:45.635+0530] {logging_mixin.py:188} INFO - [2024-02-29T18:58:45.635+0530] {dagbag.py:538} INFO - Filling up the DagBag from /home/arun/.local/lib/python3.10/site-packages/airflow/example_dags/example_branch_operator.py
[2024-02-29T18:58:45.662+0530] {processor.py:840} INFO - DAG(s) 'example_branch_operator' retrieved from /home/arun/.local/lib/python3.10/site-packages/airflow/example_dags/example_branch_operator.py
[2024-02-29T18:58:45.688+0530] {logging_mixin.py:188} INFO - [2024-02-29T18:58:45.688+0530] {dag.py:3036} INFO - Sync 1 DAGs
[2024-02-29T18:58:45.715+0530] {logging_mixin.py:188} INFO - [2024-02-29T18:58:45.715+0530] {dag.py:3823} INFO - Setting next_dagrun for example_branch_operator to 2024-02-28 00:00:00+00:00, run_after=2024-02-29 00:00:00+00:00
[2024-02-29T18:58:45.763+0530] {processor.py:183} INFO - Processing /home/arun/.local/lib/python3.10/site-packages/airflow/example_dags/example_branch_operator.py took 0.168 seconds
[2024-02-29T18:59:43.703+0530] {processor.py:161} INFO - Started process (PID=9790) to work on /home/arun/.local/lib/python3.10/site-packages/airflow/example_dags/example_branch_operator.py
[2024-02-29T18:59:43.741+0530] {processor.py:830} INFO - Processing file /home/arun/.local/lib/python3.10/site-packages/airflow/example_dags/example_branch_operator.py for tasks to queue
[2024-02-29T18:59:43.742+0530] {logging_mixin.py:188} INFO - [2024-02-29T18:59:43.742+0530] {dagbag.py:538} INFO - Filling up the DagBag from /home/arun/.local/lib/python3.10/site-packages/airflow/example_dags/example_branch_operator.py
[2024-02-29T18:59:43.767+0530] {processor.py:840} INFO - DAG(s) 'example_branch_operator' retrieved from /home/arun/.local/lib/python3.10/site-packages/airflow/example_dags/example_branch_operator.py
[2024-02-29T18:59:43.799+0530] {logging_mixin.py:188} INFO - [2024-02-29T18:59:43.798+0530] {dag.py:3036} INFO - Sync 1 DAGs
[2024-02-29T18:59:43.865+0530] {logging_mixin.py:188} INFO - [2024-02-29T18:59:43.865+0530] {dag.py:3823} INFO - Setting next_dagrun for example_branch_operator to 2024-02-28 00:00:00+00:00, run_after=2024-02-29 00:00:00+00:00
[2024-02-29T18:59:43.932+0530] {processor.py:183} INFO - Processing /home/arun/.local/lib/python3.10/site-packages/airflow/example_dags/example_branch_operator.py took 0.234 seconds
[2024-02-29T19:00:59.225+0530] {processor.py:161} INFO - Started process (PID=9919) to work on /home/arun/.local/lib/python3.10/site-packages/airflow/example_dags/example_branch_operator.py
[2024-02-29T19:00:59.227+0530] {processor.py:830} INFO - Processing file /home/arun/.local/lib/python3.10/site-packages/airflow/example_dags/example_branch_operator.py for tasks to queue
[2024-02-29T19:00:59.228+0530] {logging_mixin.py:188} INFO - [2024-02-29T19:00:59.228+0530] {dagbag.py:538} INFO - Filling up the DagBag from /home/arun/.local/lib/python3.10/site-packages/airflow/example_dags/example_branch_operator.py
[2024-02-29T19:00:59.249+0530] {processor.py:840} INFO - DAG(s) 'example_branch_operator' retrieved from /home/arun/.local/lib/python3.10/site-packages/airflow/example_dags/example_branch_operator.py
[2024-02-29T19:00:59.275+0530] {logging_mixin.py:188} INFO - [2024-02-29T19:00:59.275+0530] {dag.py:3036} INFO - Sync 1 DAGs
[2024-02-29T19:00:59.302+0530] {logging_mixin.py:188} INFO - [2024-02-29T19:00:59.302+0530] {dag.py:3823} INFO - Setting next_dagrun for example_branch_operator to 2024-02-28 00:00:00+00:00, run_after=2024-02-29 00:00:00+00:00
[2024-02-29T19:00:59.337+0530] {processor.py:183} INFO - Processing /home/arun/.local/lib/python3.10/site-packages/airflow/example_dags/example_branch_operator.py took 0.115 seconds
[2024-02-29T19:02:18.530+0530] {processor.py:161} INFO - Started process (PID=10043) to work on /home/arun/.local/lib/python3.10/site-packages/airflow/example_dags/example_branch_operator.py
[2024-02-29T19:02:18.560+0530] {processor.py:830} INFO - Processing file /home/arun/.local/lib/python3.10/site-packages/airflow/example_dags/example_branch_operator.py for tasks to queue
[2024-02-29T19:02:18.561+0530] {logging_mixin.py:188} INFO - [2024-02-29T19:02:18.561+0530] {dagbag.py:538} INFO - Filling up the DagBag from /home/arun/.local/lib/python3.10/site-packages/airflow/example_dags/example_branch_operator.py
[2024-02-29T19:02:18.581+0530] {processor.py:840} INFO - DAG(s) 'example_branch_operator' retrieved from /home/arun/.local/lib/python3.10/site-packages/airflow/example_dags/example_branch_operator.py
[2024-02-29T19:02:18.604+0530] {logging_mixin.py:188} INFO - [2024-02-29T19:02:18.604+0530] {dag.py:3036} INFO - Sync 1 DAGs
[2024-02-29T19:02:18.627+0530] {logging_mixin.py:188} INFO - [2024-02-29T19:02:18.626+0530] {dag.py:3823} INFO - Setting next_dagrun for example_branch_operator to 2024-02-28 00:00:00+00:00, run_after=2024-02-29 00:00:00+00:00
[2024-02-29T19:02:18.661+0530] {processor.py:183} INFO - Processing /home/arun/.local/lib/python3.10/site-packages/airflow/example_dags/example_branch_operator.py took 0.134 seconds
[2024-02-29T19:03:33.427+0530] {processor.py:161} INFO - Started process (PID=10164) to work on /home/arun/.local/lib/python3.10/site-packages/airflow/example_dags/example_branch_operator.py
[2024-02-29T19:03:33.429+0530] {processor.py:830} INFO - Processing file /home/arun/.local/lib/python3.10/site-packages/airflow/example_dags/example_branch_operator.py for tasks to queue
[2024-02-29T19:03:33.429+0530] {logging_mixin.py:188} INFO - [2024-02-29T19:03:33.429+0530] {dagbag.py:538} INFO - Filling up the DagBag from /home/arun/.local/lib/python3.10/site-packages/airflow/example_dags/example_branch_operator.py
[2024-02-29T19:03:33.446+0530] {processor.py:840} INFO - DAG(s) 'example_branch_operator' retrieved from /home/arun/.local/lib/python3.10/site-packages/airflow/example_dags/example_branch_operator.py
[2024-02-29T19:03:33.467+0530] {logging_mixin.py:188} INFO - [2024-02-29T19:03:33.467+0530] {dag.py:3036} INFO - Sync 1 DAGs
[2024-02-29T19:03:33.493+0530] {logging_mixin.py:188} INFO - [2024-02-29T19:03:33.493+0530] {dag.py:3823} INFO - Setting next_dagrun for example_branch_operator to 2024-02-28 00:00:00+00:00, run_after=2024-02-29 00:00:00+00:00
[2024-02-29T19:03:33.524+0530] {processor.py:183} INFO - Processing /home/arun/.local/lib/python3.10/site-packages/airflow/example_dags/example_branch_operator.py took 0.102 seconds
[2024-02-29T19:04:43.865+0530] {processor.py:161} INFO - Started process (PID=10302) to work on /home/arun/.local/lib/python3.10/site-packages/airflow/example_dags/example_branch_operator.py
[2024-02-29T19:04:43.867+0530] {processor.py:830} INFO - Processing file /home/arun/.local/lib/python3.10/site-packages/airflow/example_dags/example_branch_operator.py for tasks to queue
[2024-02-29T19:04:43.869+0530] {logging_mixin.py:188} INFO - [2024-02-29T19:04:43.868+0530] {dagbag.py:538} INFO - Filling up the DagBag from /home/arun/.local/lib/python3.10/site-packages/airflow/example_dags/example_branch_operator.py
[2024-02-29T19:04:43.894+0530] {processor.py:840} INFO - DAG(s) 'example_branch_operator' retrieved from /home/arun/.local/lib/python3.10/site-packages/airflow/example_dags/example_branch_operator.py
[2024-02-29T19:04:43.927+0530] {logging_mixin.py:188} INFO - [2024-02-29T19:04:43.927+0530] {dag.py:3036} INFO - Sync 1 DAGs
[2024-02-29T19:04:43.961+0530] {logging_mixin.py:188} INFO - [2024-02-29T19:04:43.961+0530] {dag.py:3823} INFO - Setting next_dagrun for example_branch_operator to 2024-02-28 00:00:00+00:00, run_after=2024-02-29 00:00:00+00:00
[2024-02-29T19:04:44.002+0530] {processor.py:183} INFO - Processing /home/arun/.local/lib/python3.10/site-packages/airflow/example_dags/example_branch_operator.py took 0.141 seconds
[2024-02-29T19:05:47.169+0530] {processor.py:161} INFO - Started process (PID=10439) to work on /home/arun/.local/lib/python3.10/site-packages/airflow/example_dags/example_branch_operator.py
[2024-02-29T19:05:47.176+0530] {processor.py:830} INFO - Processing file /home/arun/.local/lib/python3.10/site-packages/airflow/example_dags/example_branch_operator.py for tasks to queue
[2024-02-29T19:05:47.178+0530] {logging_mixin.py:188} INFO - [2024-02-29T19:05:47.177+0530] {dagbag.py:538} INFO - Filling up the DagBag from /home/arun/.local/lib/python3.10/site-packages/airflow/example_dags/example_branch_operator.py
[2024-02-29T19:05:47.268+0530] {processor.py:840} INFO - DAG(s) 'example_branch_operator' retrieved from /home/arun/.local/lib/python3.10/site-packages/airflow/example_dags/example_branch_operator.py
[2024-02-29T19:05:47.300+0530] {logging_mixin.py:188} INFO - [2024-02-29T19:05:47.300+0530] {dag.py:3036} INFO - Sync 1 DAGs
[2024-02-29T19:05:47.328+0530] {logging_mixin.py:188} INFO - [2024-02-29T19:05:47.327+0530] {dag.py:3823} INFO - Setting next_dagrun for example_branch_operator to 2024-02-28 00:00:00+00:00, run_after=2024-02-29 00:00:00+00:00
[2024-02-29T19:05:47.376+0530] {processor.py:183} INFO - Processing /home/arun/.local/lib/python3.10/site-packages/airflow/example_dags/example_branch_operator.py took 0.214 seconds
