[2024-02-29T18:16:11.977+0530] {processor.py:161} INFO - Started process (PID=5207) to work on /home/arun/.local/lib/python3.10/site-packages/airflow/example_dags/example_branch_labels.py
[2024-02-29T18:16:11.992+0530] {processor.py:830} INFO - Processing file /home/arun/.local/lib/python3.10/site-packages/airflow/example_dags/example_branch_labels.py for tasks to queue
[2024-02-29T18:16:11.996+0530] {logging_mixin.py:188} INFO - [2024-02-29T18:16:11.993+0530] {dagbag.py:538} INFO - Filling up the DagBag from /home/arun/.local/lib/python3.10/site-packages/airflow/example_dags/example_branch_labels.py
[2024-02-29T18:16:12.020+0530] {processor.py:840} INFO - DAG(s) 'example_branch_labels' retrieved from /home/arun/.local/lib/python3.10/site-packages/airflow/example_dags/example_branch_labels.py
[2024-02-29T18:16:12.312+0530] {logging_mixin.py:188} INFO - [2024-02-29T18:16:12.312+0530] {dag.py:3036} INFO - Sync 1 DAGs
[2024-02-29T18:16:12.332+0530] {logging_mixin.py:188} INFO - [2024-02-29T18:16:12.332+0530] {dag.py:3823} INFO - Setting next_dagrun for example_branch_labels to 2024-02-28 00:00:00+00:00, run_after=2024-02-29 00:00:00+00:00
[2024-02-29T18:16:12.553+0530] {processor.py:183} INFO - Processing /home/arun/.local/lib/python3.10/site-packages/airflow/example_dags/example_branch_labels.py took 0.581 seconds
[2024-02-29T18:17:57.770+0530] {processor.py:161} INFO - Started process (PID=5341) to work on /home/arun/.local/lib/python3.10/site-packages/airflow/example_dags/example_branch_labels.py
[2024-02-29T18:17:57.790+0530] {processor.py:830} INFO - Processing file /home/arun/.local/lib/python3.10/site-packages/airflow/example_dags/example_branch_labels.py for tasks to queue
[2024-02-29T18:17:57.794+0530] {logging_mixin.py:188} INFO - [2024-02-29T18:17:57.794+0530] {dagbag.py:538} INFO - Filling up the DagBag from /home/arun/.local/lib/python3.10/site-packages/airflow/example_dags/example_branch_labels.py
[2024-02-29T18:17:57.839+0530] {processor.py:840} INFO - DAG(s) 'example_branch_labels' retrieved from /home/arun/.local/lib/python3.10/site-packages/airflow/example_dags/example_branch_labels.py
[2024-02-29T18:17:58.243+0530] {logging_mixin.py:188} INFO - [2024-02-29T18:17:58.243+0530] {dag.py:3036} INFO - Sync 1 DAGs
[2024-02-29T18:17:58.318+0530] {logging_mixin.py:188} INFO - [2024-02-29T18:17:58.317+0530] {dag.py:3823} INFO - Setting next_dagrun for example_branch_labels to 2024-02-28 00:00:00+00:00, run_after=2024-02-29 00:00:00+00:00
[2024-02-29T18:17:58.417+0530] {processor.py:183} INFO - Processing /home/arun/.local/lib/python3.10/site-packages/airflow/example_dags/example_branch_labels.py took 0.666 seconds
[2024-02-29T18:20:11.006+0530] {processor.py:161} INFO - Started process (PID=5463) to work on /home/arun/.local/lib/python3.10/site-packages/airflow/example_dags/example_branch_labels.py
[2024-02-29T18:20:11.049+0530] {processor.py:830} INFO - Processing file /home/arun/.local/lib/python3.10/site-packages/airflow/example_dags/example_branch_labels.py for tasks to queue
[2024-02-29T18:20:11.050+0530] {logging_mixin.py:188} INFO - [2024-02-29T18:20:11.049+0530] {dagbag.py:538} INFO - Filling up the DagBag from /home/arun/.local/lib/python3.10/site-packages/airflow/example_dags/example_branch_labels.py
[2024-02-29T18:20:11.058+0530] {processor.py:840} INFO - DAG(s) 'example_branch_labels' retrieved from /home/arun/.local/lib/python3.10/site-packages/airflow/example_dags/example_branch_labels.py
[2024-02-29T18:20:11.076+0530] {logging_mixin.py:188} INFO - [2024-02-29T18:20:11.076+0530] {dag.py:3036} INFO - Sync 1 DAGs
[2024-02-29T18:20:11.099+0530] {logging_mixin.py:188} INFO - [2024-02-29T18:20:11.099+0530] {dag.py:3823} INFO - Setting next_dagrun for example_branch_labels to 2024-02-28 00:00:00+00:00, run_after=2024-02-29 00:00:00+00:00
[2024-02-29T18:20:11.128+0530] {processor.py:183} INFO - Processing /home/arun/.local/lib/python3.10/site-packages/airflow/example_dags/example_branch_labels.py took 0.125 seconds
[2024-02-29T18:21:24.410+0530] {processor.py:161} INFO - Started process (PID=5585) to work on /home/arun/.local/lib/python3.10/site-packages/airflow/example_dags/example_branch_labels.py
[2024-02-29T18:21:24.513+0530] {processor.py:830} INFO - Processing file /home/arun/.local/lib/python3.10/site-packages/airflow/example_dags/example_branch_labels.py for tasks to queue
[2024-02-29T18:21:24.514+0530] {logging_mixin.py:188} INFO - [2024-02-29T18:21:24.514+0530] {dagbag.py:538} INFO - Filling up the DagBag from /home/arun/.local/lib/python3.10/site-packages/airflow/example_dags/example_branch_labels.py
[2024-02-29T18:21:24.525+0530] {processor.py:840} INFO - DAG(s) 'example_branch_labels' retrieved from /home/arun/.local/lib/python3.10/site-packages/airflow/example_dags/example_branch_labels.py
[2024-02-29T18:21:24.547+0530] {logging_mixin.py:188} INFO - [2024-02-29T18:21:24.547+0530] {dag.py:3036} INFO - Sync 1 DAGs
[2024-02-29T18:21:24.575+0530] {logging_mixin.py:188} INFO - [2024-02-29T18:21:24.574+0530] {dag.py:3823} INFO - Setting next_dagrun for example_branch_labels to 2024-02-28 00:00:00+00:00, run_after=2024-02-29 00:00:00+00:00
[2024-02-29T18:21:24.606+0530] {processor.py:183} INFO - Processing /home/arun/.local/lib/python3.10/site-packages/airflow/example_dags/example_branch_labels.py took 0.199 seconds
[2024-02-29T18:22:21.667+0530] {processor.py:161} INFO - Started process (PID=5685) to work on /home/arun/.local/lib/python3.10/site-packages/airflow/example_dags/example_branch_labels.py
[2024-02-29T18:22:21.810+0530] {processor.py:830} INFO - Processing file /home/arun/.local/lib/python3.10/site-packages/airflow/example_dags/example_branch_labels.py for tasks to queue
[2024-02-29T18:22:21.812+0530] {logging_mixin.py:188} INFO - [2024-02-29T18:22:21.811+0530] {dagbag.py:538} INFO - Filling up the DagBag from /home/arun/.local/lib/python3.10/site-packages/airflow/example_dags/example_branch_labels.py
[2024-02-29T18:22:21.821+0530] {processor.py:840} INFO - DAG(s) 'example_branch_labels' retrieved from /home/arun/.local/lib/python3.10/site-packages/airflow/example_dags/example_branch_labels.py
[2024-02-29T18:22:21.844+0530] {logging_mixin.py:188} INFO - [2024-02-29T18:22:21.844+0530] {dag.py:3036} INFO - Sync 1 DAGs
[2024-02-29T18:22:21.919+0530] {logging_mixin.py:188} INFO - [2024-02-29T18:22:21.919+0530] {dag.py:3823} INFO - Setting next_dagrun for example_branch_labels to 2024-02-28 00:00:00+00:00, run_after=2024-02-29 00:00:00+00:00
[2024-02-29T18:22:22.037+0530] {processor.py:183} INFO - Processing /home/arun/.local/lib/python3.10/site-packages/airflow/example_dags/example_branch_labels.py took 0.373 seconds
[2024-02-29T18:23:18.269+0530] {processor.py:161} INFO - Started process (PID=5771) to work on /home/arun/.local/lib/python3.10/site-packages/airflow/example_dags/example_branch_labels.py
[2024-02-29T18:23:18.272+0530] {processor.py:830} INFO - Processing file /home/arun/.local/lib/python3.10/site-packages/airflow/example_dags/example_branch_labels.py for tasks to queue
[2024-02-29T18:23:18.273+0530] {logging_mixin.py:188} INFO - [2024-02-29T18:23:18.272+0530] {dagbag.py:538} INFO - Filling up the DagBag from /home/arun/.local/lib/python3.10/site-packages/airflow/example_dags/example_branch_labels.py
[2024-02-29T18:23:18.288+0530] {processor.py:840} INFO - DAG(s) 'example_branch_labels' retrieved from /home/arun/.local/lib/python3.10/site-packages/airflow/example_dags/example_branch_labels.py
[2024-02-29T18:23:18.343+0530] {logging_mixin.py:188} INFO - [2024-02-29T18:23:18.343+0530] {dag.py:3036} INFO - Sync 1 DAGs
[2024-02-29T18:23:18.436+0530] {logging_mixin.py:188} INFO - [2024-02-29T18:23:18.435+0530] {dag.py:3823} INFO - Setting next_dagrun for example_branch_labels to 2024-02-28 00:00:00+00:00, run_after=2024-02-29 00:00:00+00:00
[2024-02-29T18:23:18.597+0530] {processor.py:183} INFO - Processing /home/arun/.local/lib/python3.10/site-packages/airflow/example_dags/example_branch_labels.py took 0.334 seconds
[2024-02-29T18:24:09.576+0530] {processor.py:161} INFO - Started process (PID=5877) to work on /home/arun/.local/lib/python3.10/site-packages/airflow/example_dags/example_branch_labels.py
[2024-02-29T18:24:09.593+0530] {processor.py:830} INFO - Processing file /home/arun/.local/lib/python3.10/site-packages/airflow/example_dags/example_branch_labels.py for tasks to queue
[2024-02-29T18:24:09.596+0530] {logging_mixin.py:188} INFO - [2024-02-29T18:24:09.596+0530] {dagbag.py:538} INFO - Filling up the DagBag from /home/arun/.local/lib/python3.10/site-packages/airflow/example_dags/example_branch_labels.py
[2024-02-29T18:24:09.611+0530] {processor.py:840} INFO - DAG(s) 'example_branch_labels' retrieved from /home/arun/.local/lib/python3.10/site-packages/airflow/example_dags/example_branch_labels.py
[2024-02-29T18:24:09.636+0530] {logging_mixin.py:188} INFO - [2024-02-29T18:24:09.635+0530] {dag.py:3036} INFO - Sync 1 DAGs
[2024-02-29T18:24:09.662+0530] {logging_mixin.py:188} INFO - [2024-02-29T18:24:09.661+0530] {dag.py:3823} INFO - Setting next_dagrun for example_branch_labels to 2024-02-28 00:00:00+00:00, run_after=2024-02-29 00:00:00+00:00
[2024-02-29T18:24:09.690+0530] {processor.py:183} INFO - Processing /home/arun/.local/lib/python3.10/site-packages/airflow/example_dags/example_branch_labels.py took 0.144 seconds
[2024-02-29T18:25:25.122+0530] {processor.py:161} INFO - Started process (PID=5991) to work on /home/arun/.local/lib/python3.10/site-packages/airflow/example_dags/example_branch_labels.py
[2024-02-29T18:25:25.124+0530] {processor.py:830} INFO - Processing file /home/arun/.local/lib/python3.10/site-packages/airflow/example_dags/example_branch_labels.py for tasks to queue
[2024-02-29T18:25:25.125+0530] {logging_mixin.py:188} INFO - [2024-02-29T18:25:25.124+0530] {dagbag.py:538} INFO - Filling up the DagBag from /home/arun/.local/lib/python3.10/site-packages/airflow/example_dags/example_branch_labels.py
[2024-02-29T18:25:25.135+0530] {processor.py:840} INFO - DAG(s) 'example_branch_labels' retrieved from /home/arun/.local/lib/python3.10/site-packages/airflow/example_dags/example_branch_labels.py
[2024-02-29T18:25:25.158+0530] {logging_mixin.py:188} INFO - [2024-02-29T18:25:25.158+0530] {dag.py:3036} INFO - Sync 1 DAGs
[2024-02-29T18:25:25.195+0530] {logging_mixin.py:188} INFO - [2024-02-29T18:25:25.194+0530] {dag.py:3823} INFO - Setting next_dagrun for example_branch_labels to 2024-02-28 00:00:00+00:00, run_after=2024-02-29 00:00:00+00:00
[2024-02-29T18:25:25.234+0530] {processor.py:183} INFO - Processing /home/arun/.local/lib/python3.10/site-packages/airflow/example_dags/example_branch_labels.py took 0.116 seconds
[2024-02-29T18:26:34.400+0530] {processor.py:161} INFO - Started process (PID=6099) to work on /home/arun/.local/lib/python3.10/site-packages/airflow/example_dags/example_branch_labels.py
[2024-02-29T18:26:34.415+0530] {processor.py:830} INFO - Processing file /home/arun/.local/lib/python3.10/site-packages/airflow/example_dags/example_branch_labels.py for tasks to queue
[2024-02-29T18:26:34.417+0530] {logging_mixin.py:188} INFO - [2024-02-29T18:26:34.416+0530] {dagbag.py:538} INFO - Filling up the DagBag from /home/arun/.local/lib/python3.10/site-packages/airflow/example_dags/example_branch_labels.py
[2024-02-29T18:26:34.428+0530] {processor.py:840} INFO - DAG(s) 'example_branch_labels' retrieved from /home/arun/.local/lib/python3.10/site-packages/airflow/example_dags/example_branch_labels.py
[2024-02-29T18:26:34.511+0530] {logging_mixin.py:188} INFO - [2024-02-29T18:26:34.511+0530] {dag.py:3036} INFO - Sync 1 DAGs
[2024-02-29T18:26:34.546+0530] {logging_mixin.py:188} INFO - [2024-02-29T18:26:34.546+0530] {dag.py:3823} INFO - Setting next_dagrun for example_branch_labels to 2024-02-28 00:00:00+00:00, run_after=2024-02-29 00:00:00+00:00
[2024-02-29T18:26:34.577+0530] {processor.py:183} INFO - Processing /home/arun/.local/lib/python3.10/site-packages/airflow/example_dags/example_branch_labels.py took 0.198 seconds
[2024-02-29T18:27:38.337+0530] {processor.py:161} INFO - Started process (PID=6209) to work on /home/arun/.local/lib/python3.10/site-packages/airflow/example_dags/example_branch_labels.py
[2024-02-29T18:27:38.351+0530] {processor.py:830} INFO - Processing file /home/arun/.local/lib/python3.10/site-packages/airflow/example_dags/example_branch_labels.py for tasks to queue
[2024-02-29T18:27:38.352+0530] {logging_mixin.py:188} INFO - [2024-02-29T18:27:38.352+0530] {dagbag.py:538} INFO - Filling up the DagBag from /home/arun/.local/lib/python3.10/site-packages/airflow/example_dags/example_branch_labels.py
[2024-02-29T18:27:38.479+0530] {processor.py:840} INFO - DAG(s) 'example_branch_labels' retrieved from /home/arun/.local/lib/python3.10/site-packages/airflow/example_dags/example_branch_labels.py
[2024-02-29T18:27:38.670+0530] {logging_mixin.py:188} INFO - [2024-02-29T18:27:38.670+0530] {dag.py:3036} INFO - Sync 1 DAGs
[2024-02-29T18:27:39.045+0530] {logging_mixin.py:188} INFO - [2024-02-29T18:27:39.045+0530] {dag.py:3823} INFO - Setting next_dagrun for example_branch_labels to 2024-02-28 00:00:00+00:00, run_after=2024-02-29 00:00:00+00:00
[2024-02-29T18:27:39.338+0530] {processor.py:183} INFO - Processing /home/arun/.local/lib/python3.10/site-packages/airflow/example_dags/example_branch_labels.py took 1.005 seconds
[2024-02-29T18:28:58.797+0530] {processor.py:161} INFO - Started process (PID=6342) to work on /home/arun/.local/lib/python3.10/site-packages/airflow/example_dags/example_branch_labels.py
[2024-02-29T18:28:58.800+0530] {processor.py:830} INFO - Processing file /home/arun/.local/lib/python3.10/site-packages/airflow/example_dags/example_branch_labels.py for tasks to queue
[2024-02-29T18:28:58.801+0530] {logging_mixin.py:188} INFO - [2024-02-29T18:28:58.800+0530] {dagbag.py:538} INFO - Filling up the DagBag from /home/arun/.local/lib/python3.10/site-packages/airflow/example_dags/example_branch_labels.py
[2024-02-29T18:28:58.810+0530] {processor.py:840} INFO - DAG(s) 'example_branch_labels' retrieved from /home/arun/.local/lib/python3.10/site-packages/airflow/example_dags/example_branch_labels.py
[2024-02-29T18:28:58.829+0530] {logging_mixin.py:188} INFO - [2024-02-29T18:28:58.829+0530] {dag.py:3036} INFO - Sync 1 DAGs
[2024-02-29T18:28:58.854+0530] {logging_mixin.py:188} INFO - [2024-02-29T18:28:58.854+0530] {dag.py:3823} INFO - Setting next_dagrun for example_branch_labels to 2024-02-28 00:00:00+00:00, run_after=2024-02-29 00:00:00+00:00
[2024-02-29T18:28:58.884+0530] {processor.py:183} INFO - Processing /home/arun/.local/lib/python3.10/site-packages/airflow/example_dags/example_branch_labels.py took 0.089 seconds
[2024-02-29T18:29:58.507+0530] {processor.py:161} INFO - Started process (PID=6448) to work on /home/arun/.local/lib/python3.10/site-packages/airflow/example_dags/example_branch_labels.py
[2024-02-29T18:29:58.519+0530] {processor.py:830} INFO - Processing file /home/arun/.local/lib/python3.10/site-packages/airflow/example_dags/example_branch_labels.py for tasks to queue
[2024-02-29T18:29:58.520+0530] {logging_mixin.py:188} INFO - [2024-02-29T18:29:58.520+0530] {dagbag.py:538} INFO - Filling up the DagBag from /home/arun/.local/lib/python3.10/site-packages/airflow/example_dags/example_branch_labels.py
[2024-02-29T18:29:58.532+0530] {processor.py:840} INFO - DAG(s) 'example_branch_labels' retrieved from /home/arun/.local/lib/python3.10/site-packages/airflow/example_dags/example_branch_labels.py
[2024-02-29T18:29:58.604+0530] {logging_mixin.py:188} INFO - [2024-02-29T18:29:58.604+0530] {dag.py:3036} INFO - Sync 1 DAGs
[2024-02-29T18:29:58.634+0530] {logging_mixin.py:188} INFO - [2024-02-29T18:29:58.634+0530] {dag.py:3823} INFO - Setting next_dagrun for example_branch_labels to 2024-02-28 00:00:00+00:00, run_after=2024-02-29 00:00:00+00:00
[2024-02-29T18:29:58.694+0530] {processor.py:183} INFO - Processing /home/arun/.local/lib/python3.10/site-packages/airflow/example_dags/example_branch_labels.py took 0.192 seconds
[2024-02-29T18:30:59.046+0530] {processor.py:161} INFO - Started process (PID=6542) to work on /home/arun/.local/lib/python3.10/site-packages/airflow/example_dags/example_branch_labels.py
[2024-02-29T18:30:59.048+0530] {processor.py:830} INFO - Processing file /home/arun/.local/lib/python3.10/site-packages/airflow/example_dags/example_branch_labels.py for tasks to queue
[2024-02-29T18:30:59.049+0530] {logging_mixin.py:188} INFO - [2024-02-29T18:30:59.048+0530] {dagbag.py:538} INFO - Filling up the DagBag from /home/arun/.local/lib/python3.10/site-packages/airflow/example_dags/example_branch_labels.py
[2024-02-29T18:30:59.058+0530] {processor.py:840} INFO - DAG(s) 'example_branch_labels' retrieved from /home/arun/.local/lib/python3.10/site-packages/airflow/example_dags/example_branch_labels.py
[2024-02-29T18:30:59.080+0530] {logging_mixin.py:188} INFO - [2024-02-29T18:30:59.080+0530] {dag.py:3036} INFO - Sync 1 DAGs
[2024-02-29T18:30:59.114+0530] {logging_mixin.py:188} INFO - [2024-02-29T18:30:59.114+0530] {dag.py:3823} INFO - Setting next_dagrun for example_branch_labels to 2024-02-28 00:00:00+00:00, run_after=2024-02-29 00:00:00+00:00
[2024-02-29T18:30:59.191+0530] {processor.py:183} INFO - Processing /home/arun/.local/lib/python3.10/site-packages/airflow/example_dags/example_branch_labels.py took 0.148 seconds
[2024-02-29T18:31:53.231+0530] {processor.py:161} INFO - Started process (PID=6629) to work on /home/arun/.local/lib/python3.10/site-packages/airflow/example_dags/example_branch_labels.py
[2024-02-29T18:31:53.233+0530] {processor.py:830} INFO - Processing file /home/arun/.local/lib/python3.10/site-packages/airflow/example_dags/example_branch_labels.py for tasks to queue
[2024-02-29T18:31:53.235+0530] {logging_mixin.py:188} INFO - [2024-02-29T18:31:53.234+0530] {dagbag.py:538} INFO - Filling up the DagBag from /home/arun/.local/lib/python3.10/site-packages/airflow/example_dags/example_branch_labels.py
[2024-02-29T18:31:53.249+0530] {processor.py:840} INFO - DAG(s) 'example_branch_labels' retrieved from /home/arun/.local/lib/python3.10/site-packages/airflow/example_dags/example_branch_labels.py
[2024-02-29T18:31:53.275+0530] {logging_mixin.py:188} INFO - [2024-02-29T18:31:53.275+0530] {dag.py:3036} INFO - Sync 1 DAGs
[2024-02-29T18:31:53.302+0530] {logging_mixin.py:188} INFO - [2024-02-29T18:31:53.302+0530] {dag.py:3823} INFO - Setting next_dagrun for example_branch_labels to 2024-02-28 00:00:00+00:00, run_after=2024-02-29 00:00:00+00:00
[2024-02-29T18:31:53.392+0530] {processor.py:183} INFO - Processing /home/arun/.local/lib/python3.10/site-packages/airflow/example_dags/example_branch_labels.py took 0.165 seconds
[2024-02-29T18:33:10.970+0530] {processor.py:161} INFO - Started process (PID=6756) to work on /home/arun/.local/lib/python3.10/site-packages/airflow/example_dags/example_branch_labels.py
[2024-02-29T18:33:10.974+0530] {processor.py:830} INFO - Processing file /home/arun/.local/lib/python3.10/site-packages/airflow/example_dags/example_branch_labels.py for tasks to queue
[2024-02-29T18:33:11.012+0530] {logging_mixin.py:188} INFO - [2024-02-29T18:33:11.004+0530] {dagbag.py:538} INFO - Filling up the DagBag from /home/arun/.local/lib/python3.10/site-packages/airflow/example_dags/example_branch_labels.py
[2024-02-29T18:33:11.043+0530] {processor.py:840} INFO - DAG(s) 'example_branch_labels' retrieved from /home/arun/.local/lib/python3.10/site-packages/airflow/example_dags/example_branch_labels.py
[2024-02-29T18:33:11.067+0530] {logging_mixin.py:188} INFO - [2024-02-29T18:33:11.067+0530] {dag.py:3036} INFO - Sync 1 DAGs
[2024-02-29T18:33:11.091+0530] {logging_mixin.py:188} INFO - [2024-02-29T18:33:11.090+0530] {dag.py:3823} INFO - Setting next_dagrun for example_branch_labels to 2024-02-28 00:00:00+00:00, run_after=2024-02-29 00:00:00+00:00
[2024-02-29T18:33:11.162+0530] {processor.py:183} INFO - Processing /home/arun/.local/lib/python3.10/site-packages/airflow/example_dags/example_branch_labels.py took 0.202 seconds
[2024-02-29T18:34:27.704+0530] {processor.py:161} INFO - Started process (PID=6879) to work on /home/arun/.local/lib/python3.10/site-packages/airflow/example_dags/example_branch_labels.py
[2024-02-29T18:34:27.705+0530] {processor.py:830} INFO - Processing file /home/arun/.local/lib/python3.10/site-packages/airflow/example_dags/example_branch_labels.py for tasks to queue
[2024-02-29T18:34:27.706+0530] {logging_mixin.py:188} INFO - [2024-02-29T18:34:27.706+0530] {dagbag.py:538} INFO - Filling up the DagBag from /home/arun/.local/lib/python3.10/site-packages/airflow/example_dags/example_branch_labels.py
[2024-02-29T18:34:27.716+0530] {processor.py:840} INFO - DAG(s) 'example_branch_labels' retrieved from /home/arun/.local/lib/python3.10/site-packages/airflow/example_dags/example_branch_labels.py
[2024-02-29T18:34:27.773+0530] {logging_mixin.py:188} INFO - [2024-02-29T18:34:27.772+0530] {dag.py:3036} INFO - Sync 1 DAGs
[2024-02-29T18:34:27.810+0530] {logging_mixin.py:188} INFO - [2024-02-29T18:34:27.809+0530] {dag.py:3823} INFO - Setting next_dagrun for example_branch_labels to 2024-02-28 00:00:00+00:00, run_after=2024-02-29 00:00:00+00:00
[2024-02-29T18:34:27.851+0530] {processor.py:183} INFO - Processing /home/arun/.local/lib/python3.10/site-packages/airflow/example_dags/example_branch_labels.py took 0.152 seconds
[2024-02-29T18:35:22.852+0530] {processor.py:161} INFO - Started process (PID=6968) to work on /home/arun/.local/lib/python3.10/site-packages/airflow/example_dags/example_branch_labels.py
[2024-02-29T18:35:22.855+0530] {processor.py:830} INFO - Processing file /home/arun/.local/lib/python3.10/site-packages/airflow/example_dags/example_branch_labels.py for tasks to queue
[2024-02-29T18:35:22.856+0530] {logging_mixin.py:188} INFO - [2024-02-29T18:35:22.856+0530] {dagbag.py:538} INFO - Filling up the DagBag from /home/arun/.local/lib/python3.10/site-packages/airflow/example_dags/example_branch_labels.py
[2024-02-29T18:35:22.870+0530] {processor.py:840} INFO - DAG(s) 'example_branch_labels' retrieved from /home/arun/.local/lib/python3.10/site-packages/airflow/example_dags/example_branch_labels.py
[2024-02-29T18:35:22.900+0530] {logging_mixin.py:188} INFO - [2024-02-29T18:35:22.899+0530] {dag.py:3036} INFO - Sync 1 DAGs
[2024-02-29T18:35:22.938+0530] {logging_mixin.py:188} INFO - [2024-02-29T18:35:22.938+0530] {dag.py:3823} INFO - Setting next_dagrun for example_branch_labels to 2024-02-28 00:00:00+00:00, run_after=2024-02-29 00:00:00+00:00
[2024-02-29T18:35:23.073+0530] {processor.py:183} INFO - Processing /home/arun/.local/lib/python3.10/site-packages/airflow/example_dags/example_branch_labels.py took 0.226 seconds
[2024-02-29T18:36:17.485+0530] {processor.py:161} INFO - Started process (PID=7052) to work on /home/arun/.local/lib/python3.10/site-packages/airflow/example_dags/example_branch_labels.py
[2024-02-29T18:36:17.488+0530] {processor.py:830} INFO - Processing file /home/arun/.local/lib/python3.10/site-packages/airflow/example_dags/example_branch_labels.py for tasks to queue
[2024-02-29T18:36:17.489+0530] {logging_mixin.py:188} INFO - [2024-02-29T18:36:17.489+0530] {dagbag.py:538} INFO - Filling up the DagBag from /home/arun/.local/lib/python3.10/site-packages/airflow/example_dags/example_branch_labels.py
[2024-02-29T18:36:17.502+0530] {processor.py:840} INFO - DAG(s) 'example_branch_labels' retrieved from /home/arun/.local/lib/python3.10/site-packages/airflow/example_dags/example_branch_labels.py
[2024-02-29T18:36:17.562+0530] {logging_mixin.py:188} INFO - [2024-02-29T18:36:17.562+0530] {dag.py:3036} INFO - Sync 1 DAGs
[2024-02-29T18:36:17.610+0530] {logging_mixin.py:188} INFO - [2024-02-29T18:36:17.609+0530] {dag.py:3823} INFO - Setting next_dagrun for example_branch_labels to 2024-02-28 00:00:00+00:00, run_after=2024-02-29 00:00:00+00:00
[2024-02-29T18:36:17.643+0530] {processor.py:183} INFO - Processing /home/arun/.local/lib/python3.10/site-packages/airflow/example_dags/example_branch_labels.py took 0.163 seconds
[2024-02-29T18:37:22.458+0530] {processor.py:161} INFO - Started process (PID=7147) to work on /home/arun/.local/lib/python3.10/site-packages/airflow/example_dags/example_branch_labels.py
[2024-02-29T18:37:22.460+0530] {processor.py:830} INFO - Processing file /home/arun/.local/lib/python3.10/site-packages/airflow/example_dags/example_branch_labels.py for tasks to queue
[2024-02-29T18:37:22.462+0530] {logging_mixin.py:188} INFO - [2024-02-29T18:37:22.461+0530] {dagbag.py:538} INFO - Filling up the DagBag from /home/arun/.local/lib/python3.10/site-packages/airflow/example_dags/example_branch_labels.py
[2024-02-29T18:37:22.474+0530] {processor.py:840} INFO - DAG(s) 'example_branch_labels' retrieved from /home/arun/.local/lib/python3.10/site-packages/airflow/example_dags/example_branch_labels.py
[2024-02-29T18:37:22.502+0530] {logging_mixin.py:188} INFO - [2024-02-29T18:37:22.502+0530] {dag.py:3036} INFO - Sync 1 DAGs
[2024-02-29T18:37:22.538+0530] {logging_mixin.py:188} INFO - [2024-02-29T18:37:22.538+0530] {dag.py:3823} INFO - Setting next_dagrun for example_branch_labels to 2024-02-28 00:00:00+00:00, run_after=2024-02-29 00:00:00+00:00
[2024-02-29T18:37:22.578+0530] {processor.py:183} INFO - Processing /home/arun/.local/lib/python3.10/site-packages/airflow/example_dags/example_branch_labels.py took 0.124 seconds
[2024-02-29T18:38:18.545+0530] {processor.py:161} INFO - Started process (PID=7323) to work on /home/arun/.local/lib/python3.10/site-packages/airflow/example_dags/example_branch_labels.py
[2024-02-29T18:38:18.580+0530] {processor.py:830} INFO - Processing file /home/arun/.local/lib/python3.10/site-packages/airflow/example_dags/example_branch_labels.py for tasks to queue
[2024-02-29T18:38:18.582+0530] {logging_mixin.py:188} INFO - [2024-02-29T18:38:18.581+0530] {dagbag.py:538} INFO - Filling up the DagBag from /home/arun/.local/lib/python3.10/site-packages/airflow/example_dags/example_branch_labels.py
[2024-02-29T18:38:18.593+0530] {processor.py:840} INFO - DAG(s) 'example_branch_labels' retrieved from /home/arun/.local/lib/python3.10/site-packages/airflow/example_dags/example_branch_labels.py
[2024-02-29T18:38:18.621+0530] {logging_mixin.py:188} INFO - [2024-02-29T18:38:18.621+0530] {dag.py:3036} INFO - Sync 1 DAGs
[2024-02-29T18:38:18.651+0530] {logging_mixin.py:188} INFO - [2024-02-29T18:38:18.651+0530] {dag.py:3823} INFO - Setting next_dagrun for example_branch_labels to 2024-02-28 00:00:00+00:00, run_after=2024-02-29 00:00:00+00:00
[2024-02-29T18:38:18.780+0530] {processor.py:183} INFO - Processing /home/arun/.local/lib/python3.10/site-packages/airflow/example_dags/example_branch_labels.py took 0.239 seconds
[2024-02-29T18:39:16.283+0530] {processor.py:161} INFO - Started process (PID=7412) to work on /home/arun/.local/lib/python3.10/site-packages/airflow/example_dags/example_branch_labels.py
[2024-02-29T18:39:16.285+0530] {processor.py:830} INFO - Processing file /home/arun/.local/lib/python3.10/site-packages/airflow/example_dags/example_branch_labels.py for tasks to queue
[2024-02-29T18:39:16.287+0530] {logging_mixin.py:188} INFO - [2024-02-29T18:39:16.286+0530] {dagbag.py:538} INFO - Filling up the DagBag from /home/arun/.local/lib/python3.10/site-packages/airflow/example_dags/example_branch_labels.py
[2024-02-29T18:39:16.297+0530] {processor.py:840} INFO - DAG(s) 'example_branch_labels' retrieved from /home/arun/.local/lib/python3.10/site-packages/airflow/example_dags/example_branch_labels.py
[2024-02-29T18:39:16.321+0530] {logging_mixin.py:188} INFO - [2024-02-29T18:39:16.321+0530] {dag.py:3036} INFO - Sync 1 DAGs
[2024-02-29T18:39:16.396+0530] {logging_mixin.py:188} INFO - [2024-02-29T18:39:16.396+0530] {dag.py:3823} INFO - Setting next_dagrun for example_branch_labels to 2024-02-28 00:00:00+00:00, run_after=2024-02-29 00:00:00+00:00
[2024-02-29T18:39:16.434+0530] {processor.py:183} INFO - Processing /home/arun/.local/lib/python3.10/site-packages/airflow/example_dags/example_branch_labels.py took 0.155 seconds
[2024-02-29T18:40:15.028+0530] {processor.py:161} INFO - Started process (PID=7502) to work on /home/arun/.local/lib/python3.10/site-packages/airflow/example_dags/example_branch_labels.py
[2024-02-29T18:40:15.032+0530] {processor.py:830} INFO - Processing file /home/arun/.local/lib/python3.10/site-packages/airflow/example_dags/example_branch_labels.py for tasks to queue
[2024-02-29T18:40:15.034+0530] {logging_mixin.py:188} INFO - [2024-02-29T18:40:15.033+0530] {dagbag.py:538} INFO - Filling up the DagBag from /home/arun/.local/lib/python3.10/site-packages/airflow/example_dags/example_branch_labels.py
[2024-02-29T18:40:15.048+0530] {processor.py:840} INFO - DAG(s) 'example_branch_labels' retrieved from /home/arun/.local/lib/python3.10/site-packages/airflow/example_dags/example_branch_labels.py
[2024-02-29T18:40:15.076+0530] {logging_mixin.py:188} INFO - [2024-02-29T18:40:15.076+0530] {dag.py:3036} INFO - Sync 1 DAGs
[2024-02-29T18:40:15.107+0530] {logging_mixin.py:188} INFO - [2024-02-29T18:40:15.106+0530] {dag.py:3823} INFO - Setting next_dagrun for example_branch_labels to 2024-02-28 00:00:00+00:00, run_after=2024-02-29 00:00:00+00:00
[2024-02-29T18:40:15.156+0530] {processor.py:183} INFO - Processing /home/arun/.local/lib/python3.10/site-packages/airflow/example_dags/example_branch_labels.py took 0.134 seconds
[2024-02-29T18:41:12.376+0530] {processor.py:161} INFO - Started process (PID=7593) to work on /home/arun/.local/lib/python3.10/site-packages/airflow/example_dags/example_branch_labels.py
[2024-02-29T18:41:12.416+0530] {processor.py:830} INFO - Processing file /home/arun/.local/lib/python3.10/site-packages/airflow/example_dags/example_branch_labels.py for tasks to queue
[2024-02-29T18:41:12.417+0530] {logging_mixin.py:188} INFO - [2024-02-29T18:41:12.416+0530] {dagbag.py:538} INFO - Filling up the DagBag from /home/arun/.local/lib/python3.10/site-packages/airflow/example_dags/example_branch_labels.py
[2024-02-29T18:41:12.424+0530] {processor.py:840} INFO - DAG(s) 'example_branch_labels' retrieved from /home/arun/.local/lib/python3.10/site-packages/airflow/example_dags/example_branch_labels.py
[2024-02-29T18:41:12.445+0530] {logging_mixin.py:188} INFO - [2024-02-29T18:41:12.444+0530] {dag.py:3036} INFO - Sync 1 DAGs
[2024-02-29T18:41:12.474+0530] {logging_mixin.py:188} INFO - [2024-02-29T18:41:12.473+0530] {dag.py:3823} INFO - Setting next_dagrun for example_branch_labels to 2024-02-28 00:00:00+00:00, run_after=2024-02-29 00:00:00+00:00
[2024-02-29T18:41:12.506+0530] {processor.py:183} INFO - Processing /home/arun/.local/lib/python3.10/site-packages/airflow/example_dags/example_branch_labels.py took 0.134 seconds
[2024-02-29T18:42:06.704+0530] {processor.py:161} INFO - Started process (PID=7691) to work on /home/arun/.local/lib/python3.10/site-packages/airflow/example_dags/example_branch_labels.py
[2024-02-29T18:42:06.706+0530] {processor.py:830} INFO - Processing file /home/arun/.local/lib/python3.10/site-packages/airflow/example_dags/example_branch_labels.py for tasks to queue
[2024-02-29T18:42:06.707+0530] {logging_mixin.py:188} INFO - [2024-02-29T18:42:06.706+0530] {dagbag.py:538} INFO - Filling up the DagBag from /home/arun/.local/lib/python3.10/site-packages/airflow/example_dags/example_branch_labels.py
[2024-02-29T18:42:06.717+0530] {processor.py:840} INFO - DAG(s) 'example_branch_labels' retrieved from /home/arun/.local/lib/python3.10/site-packages/airflow/example_dags/example_branch_labels.py
[2024-02-29T18:42:06.744+0530] {logging_mixin.py:188} INFO - [2024-02-29T18:42:06.743+0530] {dag.py:3036} INFO - Sync 1 DAGs
[2024-02-29T18:42:06.782+0530] {logging_mixin.py:188} INFO - [2024-02-29T18:42:06.781+0530] {dag.py:3823} INFO - Setting next_dagrun for example_branch_labels to 2024-02-28 00:00:00+00:00, run_after=2024-02-29 00:00:00+00:00
[2024-02-29T18:42:06.863+0530] {processor.py:183} INFO - Processing /home/arun/.local/lib/python3.10/site-packages/airflow/example_dags/example_branch_labels.py took 0.163 seconds
[2024-02-29T18:43:05.152+0530] {processor.py:161} INFO - Started process (PID=7783) to work on /home/arun/.local/lib/python3.10/site-packages/airflow/example_dags/example_branch_labels.py
[2024-02-29T18:43:05.153+0530] {processor.py:830} INFO - Processing file /home/arun/.local/lib/python3.10/site-packages/airflow/example_dags/example_branch_labels.py for tasks to queue
[2024-02-29T18:43:05.154+0530] {logging_mixin.py:188} INFO - [2024-02-29T18:43:05.154+0530] {dagbag.py:538} INFO - Filling up the DagBag from /home/arun/.local/lib/python3.10/site-packages/airflow/example_dags/example_branch_labels.py
[2024-02-29T18:43:05.163+0530] {processor.py:840} INFO - DAG(s) 'example_branch_labels' retrieved from /home/arun/.local/lib/python3.10/site-packages/airflow/example_dags/example_branch_labels.py
[2024-02-29T18:43:05.184+0530] {logging_mixin.py:188} INFO - [2024-02-29T18:43:05.184+0530] {dag.py:3036} INFO - Sync 1 DAGs
[2024-02-29T18:43:05.211+0530] {logging_mixin.py:188} INFO - [2024-02-29T18:43:05.211+0530] {dag.py:3823} INFO - Setting next_dagrun for example_branch_labels to 2024-02-28 00:00:00+00:00, run_after=2024-02-29 00:00:00+00:00
[2024-02-29T18:43:05.242+0530] {processor.py:183} INFO - Processing /home/arun/.local/lib/python3.10/site-packages/airflow/example_dags/example_branch_labels.py took 0.093 seconds
[2024-02-29T18:44:10.569+0530] {processor.py:161} INFO - Started process (PID=7896) to work on /home/arun/.local/lib/python3.10/site-packages/airflow/example_dags/example_branch_labels.py
[2024-02-29T18:44:10.610+0530] {processor.py:830} INFO - Processing file /home/arun/.local/lib/python3.10/site-packages/airflow/example_dags/example_branch_labels.py for tasks to queue
[2024-02-29T18:44:10.611+0530] {logging_mixin.py:188} INFO - [2024-02-29T18:44:10.610+0530] {dagbag.py:538} INFO - Filling up the DagBag from /home/arun/.local/lib/python3.10/site-packages/airflow/example_dags/example_branch_labels.py
[2024-02-29T18:44:10.620+0530] {processor.py:840} INFO - DAG(s) 'example_branch_labels' retrieved from /home/arun/.local/lib/python3.10/site-packages/airflow/example_dags/example_branch_labels.py
[2024-02-29T18:44:10.640+0530] {logging_mixin.py:188} INFO - [2024-02-29T18:44:10.640+0530] {dag.py:3036} INFO - Sync 1 DAGs
[2024-02-29T18:44:10.664+0530] {logging_mixin.py:188} INFO - [2024-02-29T18:44:10.664+0530] {dag.py:3823} INFO - Setting next_dagrun for example_branch_labels to 2024-02-28 00:00:00+00:00, run_after=2024-02-29 00:00:00+00:00
[2024-02-29T18:44:10.693+0530] {processor.py:183} INFO - Processing /home/arun/.local/lib/python3.10/site-packages/airflow/example_dags/example_branch_labels.py took 0.129 seconds
[2024-02-29T18:45:06.127+0530] {processor.py:161} INFO - Started process (PID=7986) to work on /home/arun/.local/lib/python3.10/site-packages/airflow/example_dags/example_branch_labels.py
[2024-02-29T18:45:06.198+0530] {processor.py:830} INFO - Processing file /home/arun/.local/lib/python3.10/site-packages/airflow/example_dags/example_branch_labels.py for tasks to queue
[2024-02-29T18:45:06.199+0530] {logging_mixin.py:188} INFO - [2024-02-29T18:45:06.198+0530] {dagbag.py:538} INFO - Filling up the DagBag from /home/arun/.local/lib/python3.10/site-packages/airflow/example_dags/example_branch_labels.py
[2024-02-29T18:45:06.209+0530] {processor.py:840} INFO - DAG(s) 'example_branch_labels' retrieved from /home/arun/.local/lib/python3.10/site-packages/airflow/example_dags/example_branch_labels.py
[2024-02-29T18:45:06.234+0530] {logging_mixin.py:188} INFO - [2024-02-29T18:45:06.233+0530] {dag.py:3036} INFO - Sync 1 DAGs
[2024-02-29T18:45:06.268+0530] {logging_mixin.py:188} INFO - [2024-02-29T18:45:06.267+0530] {dag.py:3823} INFO - Setting next_dagrun for example_branch_labels to 2024-02-28 00:00:00+00:00, run_after=2024-02-29 00:00:00+00:00
[2024-02-29T18:45:06.302+0530] {processor.py:183} INFO - Processing /home/arun/.local/lib/python3.10/site-packages/airflow/example_dags/example_branch_labels.py took 0.183 seconds
[2024-02-29T18:46:00.176+0530] {processor.py:161} INFO - Started process (PID=8087) to work on /home/arun/.local/lib/python3.10/site-packages/airflow/example_dags/example_branch_labels.py
[2024-02-29T18:46:00.178+0530] {processor.py:830} INFO - Processing file /home/arun/.local/lib/python3.10/site-packages/airflow/example_dags/example_branch_labels.py for tasks to queue
[2024-02-29T18:46:00.179+0530] {logging_mixin.py:188} INFO - [2024-02-29T18:46:00.179+0530] {dagbag.py:538} INFO - Filling up the DagBag from /home/arun/.local/lib/python3.10/site-packages/airflow/example_dags/example_branch_labels.py
[2024-02-29T18:46:00.188+0530] {processor.py:840} INFO - DAG(s) 'example_branch_labels' retrieved from /home/arun/.local/lib/python3.10/site-packages/airflow/example_dags/example_branch_labels.py
[2024-02-29T18:46:00.209+0530] {logging_mixin.py:188} INFO - [2024-02-29T18:46:00.209+0530] {dag.py:3036} INFO - Sync 1 DAGs
[2024-02-29T18:46:00.238+0530] {logging_mixin.py:188} INFO - [2024-02-29T18:46:00.238+0530] {dag.py:3823} INFO - Setting next_dagrun for example_branch_labels to 2024-02-28 00:00:00+00:00, run_after=2024-02-29 00:00:00+00:00
[2024-02-29T18:46:00.275+0530] {processor.py:183} INFO - Processing /home/arun/.local/lib/python3.10/site-packages/airflow/example_dags/example_branch_labels.py took 0.102 seconds
[2024-02-29T18:46:54.946+0530] {processor.py:161} INFO - Started process (PID=8172) to work on /home/arun/.local/lib/python3.10/site-packages/airflow/example_dags/example_branch_labels.py
[2024-02-29T18:46:54.989+0530] {processor.py:830} INFO - Processing file /home/arun/.local/lib/python3.10/site-packages/airflow/example_dags/example_branch_labels.py for tasks to queue
[2024-02-29T18:46:54.990+0530] {logging_mixin.py:188} INFO - [2024-02-29T18:46:54.990+0530] {dagbag.py:538} INFO - Filling up the DagBag from /home/arun/.local/lib/python3.10/site-packages/airflow/example_dags/example_branch_labels.py
[2024-02-29T18:46:54.998+0530] {processor.py:840} INFO - DAG(s) 'example_branch_labels' retrieved from /home/arun/.local/lib/python3.10/site-packages/airflow/example_dags/example_branch_labels.py
[2024-02-29T18:46:55.016+0530] {logging_mixin.py:188} INFO - [2024-02-29T18:46:55.016+0530] {dag.py:3036} INFO - Sync 1 DAGs
[2024-02-29T18:46:55.041+0530] {logging_mixin.py:188} INFO - [2024-02-29T18:46:55.041+0530] {dag.py:3823} INFO - Setting next_dagrun for example_branch_labels to 2024-02-28 00:00:00+00:00, run_after=2024-02-29 00:00:00+00:00
[2024-02-29T18:46:55.075+0530] {processor.py:183} INFO - Processing /home/arun/.local/lib/python3.10/site-packages/airflow/example_dags/example_branch_labels.py took 0.132 seconds
[2024-02-29T18:48:11.378+0530] {processor.py:161} INFO - Started process (PID=8294) to work on /home/arun/.local/lib/python3.10/site-packages/airflow/example_dags/example_branch_labels.py
[2024-02-29T18:48:11.386+0530] {processor.py:830} INFO - Processing file /home/arun/.local/lib/python3.10/site-packages/airflow/example_dags/example_branch_labels.py for tasks to queue
[2024-02-29T18:48:11.388+0530] {logging_mixin.py:188} INFO - [2024-02-29T18:48:11.387+0530] {dagbag.py:538} INFO - Filling up the DagBag from /home/arun/.local/lib/python3.10/site-packages/airflow/example_dags/example_branch_labels.py
[2024-02-29T18:48:11.403+0530] {processor.py:840} INFO - DAG(s) 'example_branch_labels' retrieved from /home/arun/.local/lib/python3.10/site-packages/airflow/example_dags/example_branch_labels.py
[2024-02-29T18:48:11.455+0530] {logging_mixin.py:188} INFO - [2024-02-29T18:48:11.454+0530] {dag.py:3036} INFO - Sync 1 DAGs
[2024-02-29T18:48:11.498+0530] {logging_mixin.py:188} INFO - [2024-02-29T18:48:11.497+0530] {dag.py:3823} INFO - Setting next_dagrun for example_branch_labels to 2024-02-28 00:00:00+00:00, run_after=2024-02-29 00:00:00+00:00
[2024-02-29T18:48:11.540+0530] {processor.py:183} INFO - Processing /home/arun/.local/lib/python3.10/site-packages/airflow/example_dags/example_branch_labels.py took 0.165 seconds
[2024-02-29T18:49:19.291+0530] {processor.py:161} INFO - Started process (PID=8408) to work on /home/arun/.local/lib/python3.10/site-packages/airflow/example_dags/example_branch_labels.py
[2024-02-29T18:49:19.293+0530] {processor.py:830} INFO - Processing file /home/arun/.local/lib/python3.10/site-packages/airflow/example_dags/example_branch_labels.py for tasks to queue
[2024-02-29T18:49:19.293+0530] {logging_mixin.py:188} INFO - [2024-02-29T18:49:19.293+0530] {dagbag.py:538} INFO - Filling up the DagBag from /home/arun/.local/lib/python3.10/site-packages/airflow/example_dags/example_branch_labels.py
[2024-02-29T18:49:19.302+0530] {processor.py:840} INFO - DAG(s) 'example_branch_labels' retrieved from /home/arun/.local/lib/python3.10/site-packages/airflow/example_dags/example_branch_labels.py
[2024-02-29T18:49:19.321+0530] {logging_mixin.py:188} INFO - [2024-02-29T18:49:19.321+0530] {dag.py:3036} INFO - Sync 1 DAGs
[2024-02-29T18:49:19.348+0530] {logging_mixin.py:188} INFO - [2024-02-29T18:49:19.348+0530] {dag.py:3823} INFO - Setting next_dagrun for example_branch_labels to 2024-02-28 00:00:00+00:00, run_after=2024-02-29 00:00:00+00:00
[2024-02-29T18:49:19.382+0530] {processor.py:183} INFO - Processing /home/arun/.local/lib/python3.10/site-packages/airflow/example_dags/example_branch_labels.py took 0.094 seconds
[2024-02-29T18:50:31.589+0530] {processor.py:161} INFO - Started process (PID=8526) to work on /home/arun/.local/lib/python3.10/site-packages/airflow/example_dags/example_branch_labels.py
[2024-02-29T18:50:31.591+0530] {processor.py:830} INFO - Processing file /home/arun/.local/lib/python3.10/site-packages/airflow/example_dags/example_branch_labels.py for tasks to queue
[2024-02-29T18:50:31.591+0530] {logging_mixin.py:188} INFO - [2024-02-29T18:50:31.591+0530] {dagbag.py:538} INFO - Filling up the DagBag from /home/arun/.local/lib/python3.10/site-packages/airflow/example_dags/example_branch_labels.py
[2024-02-29T18:50:31.600+0530] {processor.py:840} INFO - DAG(s) 'example_branch_labels' retrieved from /home/arun/.local/lib/python3.10/site-packages/airflow/example_dags/example_branch_labels.py
[2024-02-29T18:50:31.619+0530] {logging_mixin.py:188} INFO - [2024-02-29T18:50:31.619+0530] {dag.py:3036} INFO - Sync 1 DAGs
[2024-02-29T18:50:31.644+0530] {logging_mixin.py:188} INFO - [2024-02-29T18:50:31.643+0530] {dag.py:3823} INFO - Setting next_dagrun for example_branch_labels to 2024-02-28 00:00:00+00:00, run_after=2024-02-29 00:00:00+00:00
[2024-02-29T18:50:31.671+0530] {processor.py:183} INFO - Processing /home/arun/.local/lib/python3.10/site-packages/airflow/example_dags/example_branch_labels.py took 0.086 seconds
[2024-02-29T18:51:25.408+0530] {processor.py:161} INFO - Started process (PID=8611) to work on /home/arun/.local/lib/python3.10/site-packages/airflow/example_dags/example_branch_labels.py
[2024-02-29T18:51:25.410+0530] {processor.py:830} INFO - Processing file /home/arun/.local/lib/python3.10/site-packages/airflow/example_dags/example_branch_labels.py for tasks to queue
[2024-02-29T18:51:25.412+0530] {logging_mixin.py:188} INFO - [2024-02-29T18:51:25.411+0530] {dagbag.py:538} INFO - Filling up the DagBag from /home/arun/.local/lib/python3.10/site-packages/airflow/example_dags/example_branch_labels.py
[2024-02-29T18:51:25.425+0530] {processor.py:840} INFO - DAG(s) 'example_branch_labels' retrieved from /home/arun/.local/lib/python3.10/site-packages/airflow/example_dags/example_branch_labels.py
[2024-02-29T18:51:25.448+0530] {logging_mixin.py:188} INFO - [2024-02-29T18:51:25.448+0530] {dag.py:3036} INFO - Sync 1 DAGs
[2024-02-29T18:51:25.473+0530] {logging_mixin.py:188} INFO - [2024-02-29T18:51:25.473+0530] {dag.py:3823} INFO - Setting next_dagrun for example_branch_labels to 2024-02-28 00:00:00+00:00, run_after=2024-02-29 00:00:00+00:00
[2024-02-29T18:51:25.498+0530] {processor.py:183} INFO - Processing /home/arun/.local/lib/python3.10/site-packages/airflow/example_dags/example_branch_labels.py took 0.096 seconds
[2024-02-29T18:52:43.535+0530] {processor.py:161} INFO - Started process (PID=8828) to work on /home/arun/.local/lib/python3.10/site-packages/airflow/example_dags/example_branch_labels.py
[2024-02-29T18:52:43.537+0530] {processor.py:830} INFO - Processing file /home/arun/.local/lib/python3.10/site-packages/airflow/example_dags/example_branch_labels.py for tasks to queue
[2024-02-29T18:52:43.538+0530] {logging_mixin.py:188} INFO - [2024-02-29T18:52:43.538+0530] {dagbag.py:538} INFO - Filling up the DagBag from /home/arun/.local/lib/python3.10/site-packages/airflow/example_dags/example_branch_labels.py
[2024-02-29T18:52:43.545+0530] {processor.py:840} INFO - DAG(s) 'example_branch_labels' retrieved from /home/arun/.local/lib/python3.10/site-packages/airflow/example_dags/example_branch_labels.py
[2024-02-29T18:52:43.565+0530] {logging_mixin.py:188} INFO - [2024-02-29T18:52:43.564+0530] {dag.py:3036} INFO - Sync 1 DAGs
[2024-02-29T18:52:43.590+0530] {logging_mixin.py:188} INFO - [2024-02-29T18:52:43.590+0530] {dag.py:3823} INFO - Setting next_dagrun for example_branch_labels to 2024-02-28 00:00:00+00:00, run_after=2024-02-29 00:00:00+00:00
[2024-02-29T18:52:43.620+0530] {processor.py:183} INFO - Processing /home/arun/.local/lib/python3.10/site-packages/airflow/example_dags/example_branch_labels.py took 0.088 seconds
[2024-02-29T18:53:38.509+0530] {processor.py:161} INFO - Started process (PID=8913) to work on /home/arun/.local/lib/python3.10/site-packages/airflow/example_dags/example_branch_labels.py
[2024-02-29T18:53:38.510+0530] {processor.py:830} INFO - Processing file /home/arun/.local/lib/python3.10/site-packages/airflow/example_dags/example_branch_labels.py for tasks to queue
[2024-02-29T18:53:38.512+0530] {logging_mixin.py:188} INFO - [2024-02-29T18:53:38.511+0530] {dagbag.py:538} INFO - Filling up the DagBag from /home/arun/.local/lib/python3.10/site-packages/airflow/example_dags/example_branch_labels.py
[2024-02-29T18:53:38.521+0530] {processor.py:840} INFO - DAG(s) 'example_branch_labels' retrieved from /home/arun/.local/lib/python3.10/site-packages/airflow/example_dags/example_branch_labels.py
[2024-02-29T18:53:38.543+0530] {logging_mixin.py:188} INFO - [2024-02-29T18:53:38.543+0530] {dag.py:3036} INFO - Sync 1 DAGs
[2024-02-29T18:53:38.579+0530] {logging_mixin.py:188} INFO - [2024-02-29T18:53:38.579+0530] {dag.py:3823} INFO - Setting next_dagrun for example_branch_labels to 2024-02-28 00:00:00+00:00, run_after=2024-02-29 00:00:00+00:00
[2024-02-29T18:53:38.608+0530] {processor.py:183} INFO - Processing /home/arun/.local/lib/python3.10/site-packages/airflow/example_dags/example_branch_labels.py took 0.104 seconds
[2024-02-29T18:54:29.665+0530] {processor.py:161} INFO - Started process (PID=9184) to work on /home/arun/.local/lib/python3.10/site-packages/airflow/example_dags/example_branch_labels.py
[2024-02-29T18:54:29.668+0530] {processor.py:830} INFO - Processing file /home/arun/.local/lib/python3.10/site-packages/airflow/example_dags/example_branch_labels.py for tasks to queue
[2024-02-29T18:54:29.669+0530] {logging_mixin.py:188} INFO - [2024-02-29T18:54:29.668+0530] {dagbag.py:538} INFO - Filling up the DagBag from /home/arun/.local/lib/python3.10/site-packages/airflow/example_dags/example_branch_labels.py
[2024-02-29T18:54:29.679+0530] {processor.py:840} INFO - DAG(s) 'example_branch_labels' retrieved from /home/arun/.local/lib/python3.10/site-packages/airflow/example_dags/example_branch_labels.py
[2024-02-29T18:54:29.700+0530] {logging_mixin.py:188} INFO - [2024-02-29T18:54:29.700+0530] {dag.py:3036} INFO - Sync 1 DAGs
[2024-02-29T18:54:29.725+0530] {logging_mixin.py:188} INFO - [2024-02-29T18:54:29.724+0530] {dag.py:3823} INFO - Setting next_dagrun for example_branch_labels to 2024-02-28 00:00:00+00:00, run_after=2024-02-29 00:00:00+00:00
[2024-02-29T18:54:29.760+0530] {processor.py:183} INFO - Processing /home/arun/.local/lib/python3.10/site-packages/airflow/example_dags/example_branch_labels.py took 0.099 seconds
[2024-02-29T18:55:49.444+0530] {processor.py:161} INFO - Started process (PID=9368) to work on /home/arun/.local/lib/python3.10/site-packages/airflow/example_dags/example_branch_labels.py
[2024-02-29T18:55:49.448+0530] {processor.py:830} INFO - Processing file /home/arun/.local/lib/python3.10/site-packages/airflow/example_dags/example_branch_labels.py for tasks to queue
[2024-02-29T18:55:49.450+0530] {logging_mixin.py:188} INFO - [2024-02-29T18:55:49.449+0530] {dagbag.py:538} INFO - Filling up the DagBag from /home/arun/.local/lib/python3.10/site-packages/airflow/example_dags/example_branch_labels.py
[2024-02-29T18:55:49.468+0530] {processor.py:840} INFO - DAG(s) 'example_branch_labels' retrieved from /home/arun/.local/lib/python3.10/site-packages/airflow/example_dags/example_branch_labels.py
[2024-02-29T18:55:49.500+0530] {logging_mixin.py:188} INFO - [2024-02-29T18:55:49.499+0530] {dag.py:3036} INFO - Sync 1 DAGs
[2024-02-29T18:55:49.541+0530] {logging_mixin.py:188} INFO - [2024-02-29T18:55:49.540+0530] {dag.py:3823} INFO - Setting next_dagrun for example_branch_labels to 2024-02-28 00:00:00+00:00, run_after=2024-02-29 00:00:00+00:00
[2024-02-29T18:55:49.585+0530] {processor.py:183} INFO - Processing /home/arun/.local/lib/python3.10/site-packages/airflow/example_dags/example_branch_labels.py took 0.148 seconds
[2024-02-29T18:56:50.353+0530] {processor.py:161} INFO - Started process (PID=9484) to work on /home/arun/.local/lib/python3.10/site-packages/airflow/example_dags/example_branch_labels.py
[2024-02-29T18:56:50.355+0530] {processor.py:830} INFO - Processing file /home/arun/.local/lib/python3.10/site-packages/airflow/example_dags/example_branch_labels.py for tasks to queue
[2024-02-29T18:56:50.357+0530] {logging_mixin.py:188} INFO - [2024-02-29T18:56:50.356+0530] {dagbag.py:538} INFO - Filling up the DagBag from /home/arun/.local/lib/python3.10/site-packages/airflow/example_dags/example_branch_labels.py
[2024-02-29T18:56:50.367+0530] {processor.py:840} INFO - DAG(s) 'example_branch_labels' retrieved from /home/arun/.local/lib/python3.10/site-packages/airflow/example_dags/example_branch_labels.py
[2024-02-29T18:56:50.390+0530] {logging_mixin.py:188} INFO - [2024-02-29T18:56:50.390+0530] {dag.py:3036} INFO - Sync 1 DAGs
[2024-02-29T18:56:50.421+0530] {logging_mixin.py:188} INFO - [2024-02-29T18:56:50.420+0530] {dag.py:3823} INFO - Setting next_dagrun for example_branch_labels to 2024-02-28 00:00:00+00:00, run_after=2024-02-29 00:00:00+00:00
[2024-02-29T18:56:50.456+0530] {processor.py:183} INFO - Processing /home/arun/.local/lib/python3.10/site-packages/airflow/example_dags/example_branch_labels.py took 0.107 seconds
[2024-02-29T18:57:46.839+0530] {processor.py:161} INFO - Started process (PID=9583) to work on /home/arun/.local/lib/python3.10/site-packages/airflow/example_dags/example_branch_labels.py
[2024-02-29T18:57:46.872+0530] {processor.py:830} INFO - Processing file /home/arun/.local/lib/python3.10/site-packages/airflow/example_dags/example_branch_labels.py for tasks to queue
[2024-02-29T18:57:46.873+0530] {logging_mixin.py:188} INFO - [2024-02-29T18:57:46.872+0530] {dagbag.py:538} INFO - Filling up the DagBag from /home/arun/.local/lib/python3.10/site-packages/airflow/example_dags/example_branch_labels.py
[2024-02-29T18:57:46.881+0530] {processor.py:840} INFO - DAG(s) 'example_branch_labels' retrieved from /home/arun/.local/lib/python3.10/site-packages/airflow/example_dags/example_branch_labels.py
[2024-02-29T18:57:46.905+0530] {logging_mixin.py:188} INFO - [2024-02-29T18:57:46.905+0530] {dag.py:3036} INFO - Sync 1 DAGs
[2024-02-29T18:57:46.958+0530] {logging_mixin.py:188} INFO - [2024-02-29T18:57:46.958+0530] {dag.py:3823} INFO - Setting next_dagrun for example_branch_labels to 2024-02-28 00:00:00+00:00, run_after=2024-02-29 00:00:00+00:00
[2024-02-29T18:57:47.020+0530] {processor.py:183} INFO - Processing /home/arun/.local/lib/python3.10/site-packages/airflow/example_dags/example_branch_labels.py took 0.184 seconds
[2024-02-29T18:58:43.252+0530] {processor.py:161} INFO - Started process (PID=9675) to work on /home/arun/.local/lib/python3.10/site-packages/airflow/example_dags/example_branch_labels.py
[2024-02-29T18:58:43.301+0530] {processor.py:830} INFO - Processing file /home/arun/.local/lib/python3.10/site-packages/airflow/example_dags/example_branch_labels.py for tasks to queue
[2024-02-29T18:58:43.305+0530] {logging_mixin.py:188} INFO - [2024-02-29T18:58:43.302+0530] {dagbag.py:538} INFO - Filling up the DagBag from /home/arun/.local/lib/python3.10/site-packages/airflow/example_dags/example_branch_labels.py
[2024-02-29T18:58:43.321+0530] {processor.py:840} INFO - DAG(s) 'example_branch_labels' retrieved from /home/arun/.local/lib/python3.10/site-packages/airflow/example_dags/example_branch_labels.py
[2024-02-29T18:58:43.404+0530] {logging_mixin.py:188} INFO - [2024-02-29T18:58:43.401+0530] {dag.py:3036} INFO - Sync 1 DAGs
[2024-02-29T18:58:43.451+0530] {logging_mixin.py:188} INFO - [2024-02-29T18:58:43.451+0530] {dag.py:3823} INFO - Setting next_dagrun for example_branch_labels to 2024-02-28 00:00:00+00:00, run_after=2024-02-29 00:00:00+00:00
[2024-02-29T18:58:43.532+0530] {processor.py:183} INFO - Processing /home/arun/.local/lib/python3.10/site-packages/airflow/example_dags/example_branch_labels.py took 0.285 seconds
[2024-02-29T18:59:41.176+0530] {processor.py:161} INFO - Started process (PID=9787) to work on /home/arun/.local/lib/python3.10/site-packages/airflow/example_dags/example_branch_labels.py
[2024-02-29T18:59:41.214+0530] {processor.py:830} INFO - Processing file /home/arun/.local/lib/python3.10/site-packages/airflow/example_dags/example_branch_labels.py for tasks to queue
[2024-02-29T18:59:41.225+0530] {logging_mixin.py:188} INFO - [2024-02-29T18:59:41.214+0530] {dagbag.py:538} INFO - Filling up the DagBag from /home/arun/.local/lib/python3.10/site-packages/airflow/example_dags/example_branch_labels.py
[2024-02-29T18:59:41.234+0530] {processor.py:840} INFO - DAG(s) 'example_branch_labels' retrieved from /home/arun/.local/lib/python3.10/site-packages/airflow/example_dags/example_branch_labels.py
[2024-02-29T18:59:41.255+0530] {logging_mixin.py:188} INFO - [2024-02-29T18:59:41.254+0530] {dag.py:3036} INFO - Sync 1 DAGs
[2024-02-29T18:59:41.282+0530] {logging_mixin.py:188} INFO - [2024-02-29T18:59:41.282+0530] {dag.py:3823} INFO - Setting next_dagrun for example_branch_labels to 2024-02-28 00:00:00+00:00, run_after=2024-02-29 00:00:00+00:00
[2024-02-29T18:59:41.340+0530] {processor.py:183} INFO - Processing /home/arun/.local/lib/python3.10/site-packages/airflow/example_dags/example_branch_labels.py took 0.167 seconds
[2024-02-29T19:00:56.583+0530] {processor.py:161} INFO - Started process (PID=9916) to work on /home/arun/.local/lib/python3.10/site-packages/airflow/example_dags/example_branch_labels.py
[2024-02-29T19:00:56.585+0530] {processor.py:830} INFO - Processing file /home/arun/.local/lib/python3.10/site-packages/airflow/example_dags/example_branch_labels.py for tasks to queue
[2024-02-29T19:00:56.586+0530] {logging_mixin.py:188} INFO - [2024-02-29T19:00:56.585+0530] {dagbag.py:538} INFO - Filling up the DagBag from /home/arun/.local/lib/python3.10/site-packages/airflow/example_dags/example_branch_labels.py
[2024-02-29T19:00:56.603+0530] {processor.py:840} INFO - DAG(s) 'example_branch_labels' retrieved from /home/arun/.local/lib/python3.10/site-packages/airflow/example_dags/example_branch_labels.py
[2024-02-29T19:00:56.654+0530] {logging_mixin.py:188} INFO - [2024-02-29T19:00:56.654+0530] {dag.py:3036} INFO - Sync 1 DAGs
[2024-02-29T19:00:56.682+0530] {logging_mixin.py:188} INFO - [2024-02-29T19:00:56.682+0530] {dag.py:3823} INFO - Setting next_dagrun for example_branch_labels to 2024-02-28 00:00:00+00:00, run_after=2024-02-29 00:00:00+00:00
[2024-02-29T19:00:56.715+0530] {processor.py:183} INFO - Processing /home/arun/.local/lib/python3.10/site-packages/airflow/example_dags/example_branch_labels.py took 0.137 seconds
[2024-02-29T19:01:51.514+0530] {processor.py:161} INFO - Started process (PID=10002) to work on /home/arun/.local/lib/python3.10/site-packages/airflow/example_dags/example_branch_labels.py
[2024-02-29T19:01:51.516+0530] {processor.py:830} INFO - Processing file /home/arun/.local/lib/python3.10/site-packages/airflow/example_dags/example_branch_labels.py for tasks to queue
[2024-02-29T19:01:51.517+0530] {logging_mixin.py:188} INFO - [2024-02-29T19:01:51.517+0530] {dagbag.py:538} INFO - Filling up the DagBag from /home/arun/.local/lib/python3.10/site-packages/airflow/example_dags/example_branch_labels.py
[2024-02-29T19:01:51.530+0530] {processor.py:840} INFO - DAG(s) 'example_branch_labels' retrieved from /home/arun/.local/lib/python3.10/site-packages/airflow/example_dags/example_branch_labels.py
[2024-02-29T19:01:51.550+0530] {logging_mixin.py:188} INFO - [2024-02-29T19:01:51.549+0530] {dag.py:3036} INFO - Sync 1 DAGs
[2024-02-29T19:01:51.569+0530] {logging_mixin.py:188} INFO - [2024-02-29T19:01:51.569+0530] {dag.py:3823} INFO - Setting next_dagrun for example_branch_labels to 2024-02-28 00:00:00+00:00, run_after=2024-02-29 00:00:00+00:00
[2024-02-29T19:01:51.591+0530] {processor.py:183} INFO - Processing /home/arun/.local/lib/python3.10/site-packages/airflow/example_dags/example_branch_labels.py took 0.082 seconds
[2024-02-29T19:03:07.306+0530] {processor.py:161} INFO - Started process (PID=10121) to work on /home/arun/.local/lib/python3.10/site-packages/airflow/example_dags/example_branch_labels.py
[2024-02-29T19:03:07.308+0530] {processor.py:830} INFO - Processing file /home/arun/.local/lib/python3.10/site-packages/airflow/example_dags/example_branch_labels.py for tasks to queue
[2024-02-29T19:03:07.309+0530] {logging_mixin.py:188} INFO - [2024-02-29T19:03:07.309+0530] {dagbag.py:538} INFO - Filling up the DagBag from /home/arun/.local/lib/python3.10/site-packages/airflow/example_dags/example_branch_labels.py
[2024-02-29T19:03:07.319+0530] {processor.py:840} INFO - DAG(s) 'example_branch_labels' retrieved from /home/arun/.local/lib/python3.10/site-packages/airflow/example_dags/example_branch_labels.py
[2024-02-29T19:03:07.341+0530] {logging_mixin.py:188} INFO - [2024-02-29T19:03:07.341+0530] {dag.py:3036} INFO - Sync 1 DAGs
[2024-02-29T19:03:07.367+0530] {logging_mixin.py:188} INFO - [2024-02-29T19:03:07.367+0530] {dag.py:3823} INFO - Setting next_dagrun for example_branch_labels to 2024-02-28 00:00:00+00:00, run_after=2024-02-29 00:00:00+00:00
[2024-02-29T19:03:07.411+0530] {processor.py:183} INFO - Processing /home/arun/.local/lib/python3.10/site-packages/airflow/example_dags/example_branch_labels.py took 0.109 seconds
[2024-02-29T19:04:17.484+0530] {processor.py:161} INFO - Started process (PID=10249) to work on /home/arun/.local/lib/python3.10/site-packages/airflow/example_dags/example_branch_labels.py
[2024-02-29T19:04:17.486+0530] {processor.py:830} INFO - Processing file /home/arun/.local/lib/python3.10/site-packages/airflow/example_dags/example_branch_labels.py for tasks to queue
[2024-02-29T19:04:17.487+0530] {logging_mixin.py:188} INFO - [2024-02-29T19:04:17.487+0530] {dagbag.py:538} INFO - Filling up the DagBag from /home/arun/.local/lib/python3.10/site-packages/airflow/example_dags/example_branch_labels.py
[2024-02-29T19:04:17.503+0530] {processor.py:840} INFO - DAG(s) 'example_branch_labels' retrieved from /home/arun/.local/lib/python3.10/site-packages/airflow/example_dags/example_branch_labels.py
[2024-02-29T19:04:17.536+0530] {logging_mixin.py:188} INFO - [2024-02-29T19:04:17.535+0530] {dag.py:3036} INFO - Sync 1 DAGs
[2024-02-29T19:04:17.584+0530] {logging_mixin.py:188} INFO - [2024-02-29T19:04:17.583+0530] {dag.py:3823} INFO - Setting next_dagrun for example_branch_labels to 2024-02-28 00:00:00+00:00, run_after=2024-02-29 00:00:00+00:00
[2024-02-29T19:04:17.677+0530] {processor.py:183} INFO - Processing /home/arun/.local/lib/python3.10/site-packages/airflow/example_dags/example_branch_labels.py took 0.199 seconds
[2024-02-29T19:05:42.844+0530] {processor.py:161} INFO - Started process (PID=10432) to work on /home/arun/.local/lib/python3.10/site-packages/airflow/example_dags/example_branch_labels.py
[2024-02-29T19:05:42.845+0530] {processor.py:830} INFO - Processing file /home/arun/.local/lib/python3.10/site-packages/airflow/example_dags/example_branch_labels.py for tasks to queue
[2024-02-29T19:05:42.846+0530] {logging_mixin.py:188} INFO - [2024-02-29T19:05:42.846+0530] {dagbag.py:538} INFO - Filling up the DagBag from /home/arun/.local/lib/python3.10/site-packages/airflow/example_dags/example_branch_labels.py
[2024-02-29T19:05:42.854+0530] {processor.py:840} INFO - DAG(s) 'example_branch_labels' retrieved from /home/arun/.local/lib/python3.10/site-packages/airflow/example_dags/example_branch_labels.py
[2024-02-29T19:05:42.871+0530] {logging_mixin.py:188} INFO - [2024-02-29T19:05:42.871+0530] {dag.py:3036} INFO - Sync 1 DAGs
[2024-02-29T19:05:42.898+0530] {logging_mixin.py:188} INFO - [2024-02-29T19:05:42.898+0530] {dag.py:3823} INFO - Setting next_dagrun for example_branch_labels to 2024-02-28 00:00:00+00:00, run_after=2024-02-29 00:00:00+00:00
[2024-02-29T19:05:42.937+0530] {processor.py:183} INFO - Processing /home/arun/.local/lib/python3.10/site-packages/airflow/example_dags/example_branch_labels.py took 0.097 seconds
