[2024-02-29T18:15:24.127+0530] {processor.py:161} INFO - Started process (PID=5180) to work on /home/arun/.local/lib/python3.10/site-packages/airflow/example_dags/example_task_group.py
[2024-02-29T18:15:24.129+0530] {processor.py:830} INFO - Processing file /home/arun/.local/lib/python3.10/site-packages/airflow/example_dags/example_task_group.py for tasks to queue
[2024-02-29T18:15:24.133+0530] {logging_mixin.py:188} INFO - [2024-02-29T18:15:24.132+0530] {dagbag.py:538} INFO - Filling up the DagBag from /home/arun/.local/lib/python3.10/site-packages/airflow/example_dags/example_task_group.py
[2024-02-29T18:15:24.152+0530] {processor.py:840} INFO - DAG(s) 'example_task_group' retrieved from /home/arun/.local/lib/python3.10/site-packages/airflow/example_dags/example_task_group.py
[2024-02-29T18:15:24.432+0530] {logging_mixin.py:188} INFO - [2024-02-29T18:15:24.429+0530] {dag.py:3036} INFO - Sync 1 DAGs
[2024-02-29T18:15:24.858+0530] {logging_mixin.py:188} INFO - [2024-02-29T18:15:24.857+0530] {dag.py:3823} INFO - Setting next_dagrun for example_task_group to 2024-02-28 00:00:00+00:00, run_after=2024-02-29 00:00:00+00:00
[2024-02-29T18:15:24.968+0530] {processor.py:183} INFO - Processing /home/arun/.local/lib/python3.10/site-packages/airflow/example_dags/example_task_group.py took 0.856 seconds
[2024-02-29T18:16:46.162+0530] {processor.py:161} INFO - Started process (PID=5234) to work on /home/arun/.local/lib/python3.10/site-packages/airflow/example_dags/example_task_group.py
[2024-02-29T18:16:46.167+0530] {processor.py:830} INFO - Processing file /home/arun/.local/lib/python3.10/site-packages/airflow/example_dags/example_task_group.py for tasks to queue
[2024-02-29T18:16:46.169+0530] {logging_mixin.py:188} INFO - [2024-02-29T18:16:46.168+0530] {dagbag.py:538} INFO - Filling up the DagBag from /home/arun/.local/lib/python3.10/site-packages/airflow/example_dags/example_task_group.py
[2024-02-29T18:16:46.256+0530] {processor.py:840} INFO - DAG(s) 'example_task_group' retrieved from /home/arun/.local/lib/python3.10/site-packages/airflow/example_dags/example_task_group.py
[2024-02-29T18:16:46.337+0530] {logging_mixin.py:188} INFO - [2024-02-29T18:16:46.337+0530] {dag.py:3036} INFO - Sync 1 DAGs
[2024-02-29T18:16:46.488+0530] {logging_mixin.py:188} INFO - [2024-02-29T18:16:46.484+0530] {dag.py:3823} INFO - Setting next_dagrun for example_task_group to 2024-02-28 00:00:00+00:00, run_after=2024-02-29 00:00:00+00:00
[2024-02-29T18:16:46.585+0530] {processor.py:183} INFO - Processing /home/arun/.local/lib/python3.10/site-packages/airflow/example_dags/example_task_group.py took 0.429 seconds
[2024-02-29T18:17:41.716+0530] {processor.py:161} INFO - Started process (PID=5278) to work on /home/arun/.local/lib/python3.10/site-packages/airflow/example_dags/example_task_group.py
[2024-02-29T18:17:41.731+0530] {processor.py:830} INFO - Processing file /home/arun/.local/lib/python3.10/site-packages/airflow/example_dags/example_task_group.py for tasks to queue
[2024-02-29T18:17:41.739+0530] {logging_mixin.py:188} INFO - [2024-02-29T18:17:41.736+0530] {dagbag.py:538} INFO - Filling up the DagBag from /home/arun/.local/lib/python3.10/site-packages/airflow/example_dags/example_task_group.py
[2024-02-29T18:17:41.761+0530] {processor.py:840} INFO - DAG(s) 'example_task_group' retrieved from /home/arun/.local/lib/python3.10/site-packages/airflow/example_dags/example_task_group.py
[2024-02-29T18:17:41.802+0530] {logging_mixin.py:188} INFO - [2024-02-29T18:17:41.801+0530] {dag.py:3036} INFO - Sync 1 DAGs
[2024-02-29T18:17:42.166+0530] {logging_mixin.py:188} INFO - [2024-02-29T18:17:42.166+0530] {dag.py:3823} INFO - Setting next_dagrun for example_task_group to 2024-02-28 00:00:00+00:00, run_after=2024-02-29 00:00:00+00:00
[2024-02-29T18:17:42.256+0530] {processor.py:183} INFO - Processing /home/arun/.local/lib/python3.10/site-packages/airflow/example_dags/example_task_group.py took 0.563 seconds
[2024-02-29T18:19:59.370+0530] {processor.py:161} INFO - Started process (PID=5452) to work on /home/arun/.local/lib/python3.10/site-packages/airflow/example_dags/example_task_group.py
[2024-02-29T18:19:59.372+0530] {processor.py:830} INFO - Processing file /home/arun/.local/lib/python3.10/site-packages/airflow/example_dags/example_task_group.py for tasks to queue
[2024-02-29T18:19:59.374+0530] {logging_mixin.py:188} INFO - [2024-02-29T18:19:59.373+0530] {dagbag.py:538} INFO - Filling up the DagBag from /home/arun/.local/lib/python3.10/site-packages/airflow/example_dags/example_task_group.py
[2024-02-29T18:19:59.389+0530] {processor.py:840} INFO - DAG(s) 'example_task_group' retrieved from /home/arun/.local/lib/python3.10/site-packages/airflow/example_dags/example_task_group.py
[2024-02-29T18:19:59.423+0530] {logging_mixin.py:188} INFO - [2024-02-29T18:19:59.423+0530] {dag.py:3036} INFO - Sync 1 DAGs
[2024-02-29T18:19:59.449+0530] {logging_mixin.py:188} INFO - [2024-02-29T18:19:59.449+0530] {dag.py:3823} INFO - Setting next_dagrun for example_task_group to 2024-02-28 00:00:00+00:00, run_after=2024-02-29 00:00:00+00:00
[2024-02-29T18:19:59.477+0530] {processor.py:183} INFO - Processing /home/arun/.local/lib/python3.10/site-packages/airflow/example_dags/example_task_group.py took 0.115 seconds
[2024-02-29T18:21:11.453+0530] {processor.py:161} INFO - Started process (PID=5567) to work on /home/arun/.local/lib/python3.10/site-packages/airflow/example_dags/example_task_group.py
[2024-02-29T18:21:11.455+0530] {processor.py:830} INFO - Processing file /home/arun/.local/lib/python3.10/site-packages/airflow/example_dags/example_task_group.py for tasks to queue
[2024-02-29T18:21:11.457+0530] {logging_mixin.py:188} INFO - [2024-02-29T18:21:11.456+0530] {dagbag.py:538} INFO - Filling up the DagBag from /home/arun/.local/lib/python3.10/site-packages/airflow/example_dags/example_task_group.py
[2024-02-29T18:21:11.481+0530] {processor.py:840} INFO - DAG(s) 'example_task_group' retrieved from /home/arun/.local/lib/python3.10/site-packages/airflow/example_dags/example_task_group.py
[2024-02-29T18:21:11.537+0530] {logging_mixin.py:188} INFO - [2024-02-29T18:21:11.537+0530] {dag.py:3036} INFO - Sync 1 DAGs
[2024-02-29T18:21:11.601+0530] {logging_mixin.py:188} INFO - [2024-02-29T18:21:11.600+0530] {dag.py:3823} INFO - Setting next_dagrun for example_task_group to 2024-02-28 00:00:00+00:00, run_after=2024-02-29 00:00:00+00:00
[2024-02-29T18:21:11.671+0530] {processor.py:183} INFO - Processing /home/arun/.local/lib/python3.10/site-packages/airflow/example_dags/example_task_group.py took 0.224 seconds
[2024-02-29T18:22:08.863+0530] {processor.py:161} INFO - Started process (PID=5667) to work on /home/arun/.local/lib/python3.10/site-packages/airflow/example_dags/example_task_group.py
[2024-02-29T18:22:08.865+0530] {processor.py:830} INFO - Processing file /home/arun/.local/lib/python3.10/site-packages/airflow/example_dags/example_task_group.py for tasks to queue
[2024-02-29T18:22:08.867+0530] {logging_mixin.py:188} INFO - [2024-02-29T18:22:08.866+0530] {dagbag.py:538} INFO - Filling up the DagBag from /home/arun/.local/lib/python3.10/site-packages/airflow/example_dags/example_task_group.py
[2024-02-29T18:22:08.881+0530] {processor.py:840} INFO - DAG(s) 'example_task_group' retrieved from /home/arun/.local/lib/python3.10/site-packages/airflow/example_dags/example_task_group.py
[2024-02-29T18:22:08.907+0530] {logging_mixin.py:188} INFO - [2024-02-29T18:22:08.906+0530] {dag.py:3036} INFO - Sync 1 DAGs
[2024-02-29T18:22:08.934+0530] {logging_mixin.py:188} INFO - [2024-02-29T18:22:08.934+0530] {dag.py:3823} INFO - Setting next_dagrun for example_task_group to 2024-02-28 00:00:00+00:00, run_after=2024-02-29 00:00:00+00:00
[2024-02-29T18:22:09.034+0530] {processor.py:183} INFO - Processing /home/arun/.local/lib/python3.10/site-packages/airflow/example_dags/example_task_group.py took 0.177 seconds
[2024-02-29T18:23:05.252+0530] {processor.py:161} INFO - Started process (PID=5753) to work on /home/arun/.local/lib/python3.10/site-packages/airflow/example_dags/example_task_group.py
[2024-02-29T18:23:05.255+0530] {processor.py:830} INFO - Processing file /home/arun/.local/lib/python3.10/site-packages/airflow/example_dags/example_task_group.py for tasks to queue
[2024-02-29T18:23:05.256+0530] {logging_mixin.py:188} INFO - [2024-02-29T18:23:05.256+0530] {dagbag.py:538} INFO - Filling up the DagBag from /home/arun/.local/lib/python3.10/site-packages/airflow/example_dags/example_task_group.py
[2024-02-29T18:23:05.269+0530] {processor.py:840} INFO - DAG(s) 'example_task_group' retrieved from /home/arun/.local/lib/python3.10/site-packages/airflow/example_dags/example_task_group.py
[2024-02-29T18:23:05.296+0530] {logging_mixin.py:188} INFO - [2024-02-29T18:23:05.295+0530] {dag.py:3036} INFO - Sync 1 DAGs
[2024-02-29T18:23:05.401+0530] {logging_mixin.py:188} INFO - [2024-02-29T18:23:05.400+0530] {dag.py:3823} INFO - Setting next_dagrun for example_task_group to 2024-02-28 00:00:00+00:00, run_after=2024-02-29 00:00:00+00:00
[2024-02-29T18:23:05.490+0530] {processor.py:183} INFO - Processing /home/arun/.local/lib/python3.10/site-packages/airflow/example_dags/example_task_group.py took 0.244 seconds
[2024-02-29T18:23:56.347+0530] {processor.py:161} INFO - Started process (PID=5857) to work on /home/arun/.local/lib/python3.10/site-packages/airflow/example_dags/example_task_group.py
[2024-02-29T18:23:56.350+0530] {processor.py:830} INFO - Processing file /home/arun/.local/lib/python3.10/site-packages/airflow/example_dags/example_task_group.py for tasks to queue
[2024-02-29T18:23:56.352+0530] {logging_mixin.py:188} INFO - [2024-02-29T18:23:56.351+0530] {dagbag.py:538} INFO - Filling up the DagBag from /home/arun/.local/lib/python3.10/site-packages/airflow/example_dags/example_task_group.py
[2024-02-29T18:23:56.368+0530] {processor.py:840} INFO - DAG(s) 'example_task_group' retrieved from /home/arun/.local/lib/python3.10/site-packages/airflow/example_dags/example_task_group.py
[2024-02-29T18:23:56.392+0530] {logging_mixin.py:188} INFO - [2024-02-29T18:23:56.392+0530] {dag.py:3036} INFO - Sync 1 DAGs
[2024-02-29T18:23:56.419+0530] {logging_mixin.py:188} INFO - [2024-02-29T18:23:56.419+0530] {dag.py:3823} INFO - Setting next_dagrun for example_task_group to 2024-02-28 00:00:00+00:00, run_after=2024-02-29 00:00:00+00:00
[2024-02-29T18:23:56.449+0530] {processor.py:183} INFO - Processing /home/arun/.local/lib/python3.10/site-packages/airflow/example_dags/example_task_group.py took 0.108 seconds
[2024-02-29T18:24:44.779+0530] {processor.py:161} INFO - Started process (PID=5930) to work on /home/arun/.local/lib/python3.10/site-packages/airflow/example_dags/example_task_group.py
[2024-02-29T18:24:44.815+0530] {processor.py:830} INFO - Processing file /home/arun/.local/lib/python3.10/site-packages/airflow/example_dags/example_task_group.py for tasks to queue
[2024-02-29T18:24:44.822+0530] {logging_mixin.py:188} INFO - [2024-02-29T18:24:44.816+0530] {dagbag.py:538} INFO - Filling up the DagBag from /home/arun/.local/lib/python3.10/site-packages/airflow/example_dags/example_task_group.py
[2024-02-29T18:24:44.842+0530] {processor.py:840} INFO - DAG(s) 'example_task_group' retrieved from /home/arun/.local/lib/python3.10/site-packages/airflow/example_dags/example_task_group.py
[2024-02-29T18:24:44.867+0530] {logging_mixin.py:188} INFO - [2024-02-29T18:24:44.867+0530] {dag.py:3036} INFO - Sync 1 DAGs
[2024-02-29T18:24:44.894+0530] {logging_mixin.py:188} INFO - [2024-02-29T18:24:44.893+0530] {dag.py:3823} INFO - Setting next_dagrun for example_task_group to 2024-02-28 00:00:00+00:00, run_after=2024-02-29 00:00:00+00:00
[2024-02-29T18:24:44.922+0530] {processor.py:183} INFO - Processing /home/arun/.local/lib/python3.10/site-packages/airflow/example_dags/example_task_group.py took 0.149 seconds
[2024-02-29T18:25:35.617+0530] {processor.py:161} INFO - Started process (PID=6009) to work on /home/arun/.local/lib/python3.10/site-packages/airflow/example_dags/example_task_group.py
[2024-02-29T18:25:35.620+0530] {processor.py:830} INFO - Processing file /home/arun/.local/lib/python3.10/site-packages/airflow/example_dags/example_task_group.py for tasks to queue
[2024-02-29T18:25:35.622+0530] {logging_mixin.py:188} INFO - [2024-02-29T18:25:35.621+0530] {dagbag.py:538} INFO - Filling up the DagBag from /home/arun/.local/lib/python3.10/site-packages/airflow/example_dags/example_task_group.py
[2024-02-29T18:25:35.635+0530] {processor.py:840} INFO - DAG(s) 'example_task_group' retrieved from /home/arun/.local/lib/python3.10/site-packages/airflow/example_dags/example_task_group.py
[2024-02-29T18:25:35.659+0530] {logging_mixin.py:188} INFO - [2024-02-29T18:25:35.658+0530] {dag.py:3036} INFO - Sync 1 DAGs
[2024-02-29T18:25:35.686+0530] {logging_mixin.py:188} INFO - [2024-02-29T18:25:35.686+0530] {dag.py:3823} INFO - Setting next_dagrun for example_task_group to 2024-02-28 00:00:00+00:00, run_after=2024-02-29 00:00:00+00:00
[2024-02-29T18:25:35.721+0530] {processor.py:183} INFO - Processing /home/arun/.local/lib/python3.10/site-packages/airflow/example_dags/example_task_group.py took 0.109 seconds
[2024-02-29T18:26:22.704+0530] {processor.py:161} INFO - Started process (PID=6081) to work on /home/arun/.local/lib/python3.10/site-packages/airflow/example_dags/example_task_group.py
[2024-02-29T18:26:22.738+0530] {processor.py:830} INFO - Processing file /home/arun/.local/lib/python3.10/site-packages/airflow/example_dags/example_task_group.py for tasks to queue
[2024-02-29T18:26:22.740+0530] {logging_mixin.py:188} INFO - [2024-02-29T18:26:22.739+0530] {dagbag.py:538} INFO - Filling up the DagBag from /home/arun/.local/lib/python3.10/site-packages/airflow/example_dags/example_task_group.py
[2024-02-29T18:26:22.752+0530] {processor.py:840} INFO - DAG(s) 'example_task_group' retrieved from /home/arun/.local/lib/python3.10/site-packages/airflow/example_dags/example_task_group.py
[2024-02-29T18:26:22.774+0530] {logging_mixin.py:188} INFO - [2024-02-29T18:26:22.774+0530] {dag.py:3036} INFO - Sync 1 DAGs
[2024-02-29T18:26:22.797+0530] {logging_mixin.py:188} INFO - [2024-02-29T18:26:22.797+0530] {dag.py:3823} INFO - Setting next_dagrun for example_task_group to 2024-02-28 00:00:00+00:00, run_after=2024-02-29 00:00:00+00:00
[2024-02-29T18:26:22.826+0530] {processor.py:183} INFO - Processing /home/arun/.local/lib/python3.10/site-packages/airflow/example_dags/example_task_group.py took 0.127 seconds
[2024-02-29T18:27:16.065+0530] {processor.py:161} INFO - Started process (PID=6162) to work on /home/arun/.local/lib/python3.10/site-packages/airflow/example_dags/example_task_group.py
[2024-02-29T18:27:16.068+0530] {processor.py:830} INFO - Processing file /home/arun/.local/lib/python3.10/site-packages/airflow/example_dags/example_task_group.py for tasks to queue
[2024-02-29T18:27:16.069+0530] {logging_mixin.py:188} INFO - [2024-02-29T18:27:16.069+0530] {dagbag.py:538} INFO - Filling up the DagBag from /home/arun/.local/lib/python3.10/site-packages/airflow/example_dags/example_task_group.py
[2024-02-29T18:27:16.083+0530] {processor.py:840} INFO - DAG(s) 'example_task_group' retrieved from /home/arun/.local/lib/python3.10/site-packages/airflow/example_dags/example_task_group.py
[2024-02-29T18:27:16.109+0530] {logging_mixin.py:188} INFO - [2024-02-29T18:27:16.108+0530] {dag.py:3036} INFO - Sync 1 DAGs
[2024-02-29T18:27:16.141+0530] {logging_mixin.py:188} INFO - [2024-02-29T18:27:16.140+0530] {dag.py:3823} INFO - Setting next_dagrun for example_task_group to 2024-02-28 00:00:00+00:00, run_after=2024-02-29 00:00:00+00:00
[2024-02-29T18:27:16.266+0530] {processor.py:183} INFO - Processing /home/arun/.local/lib/python3.10/site-packages/airflow/example_dags/example_task_group.py took 0.208 seconds
[2024-02-29T18:28:39.576+0530] {processor.py:161} INFO - Started process (PID=6316) to work on /home/arun/.local/lib/python3.10/site-packages/airflow/example_dags/example_task_group.py
[2024-02-29T18:28:39.610+0530] {processor.py:830} INFO - Processing file /home/arun/.local/lib/python3.10/site-packages/airflow/example_dags/example_task_group.py for tasks to queue
[2024-02-29T18:28:39.612+0530] {logging_mixin.py:188} INFO - [2024-02-29T18:28:39.611+0530] {dagbag.py:538} INFO - Filling up the DagBag from /home/arun/.local/lib/python3.10/site-packages/airflow/example_dags/example_task_group.py
[2024-02-29T18:28:39.629+0530] {processor.py:840} INFO - DAG(s) 'example_task_group' retrieved from /home/arun/.local/lib/python3.10/site-packages/airflow/example_dags/example_task_group.py
[2024-02-29T18:28:39.661+0530] {logging_mixin.py:188} INFO - [2024-02-29T18:28:39.661+0530] {dag.py:3036} INFO - Sync 1 DAGs
[2024-02-29T18:28:39.700+0530] {logging_mixin.py:188} INFO - [2024-02-29T18:28:39.699+0530] {dag.py:3823} INFO - Setting next_dagrun for example_task_group to 2024-02-28 00:00:00+00:00, run_after=2024-02-29 00:00:00+00:00
[2024-02-29T18:28:40.006+0530] {processor.py:183} INFO - Processing /home/arun/.local/lib/python3.10/site-packages/airflow/example_dags/example_task_group.py took 0.434 seconds
[2024-02-29T18:29:41.634+0530] {processor.py:161} INFO - Started process (PID=6422) to work on /home/arun/.local/lib/python3.10/site-packages/airflow/example_dags/example_task_group.py
[2024-02-29T18:29:41.735+0530] {processor.py:830} INFO - Processing file /home/arun/.local/lib/python3.10/site-packages/airflow/example_dags/example_task_group.py for tasks to queue
[2024-02-29T18:29:41.741+0530] {logging_mixin.py:188} INFO - [2024-02-29T18:29:41.740+0530] {dagbag.py:538} INFO - Filling up the DagBag from /home/arun/.local/lib/python3.10/site-packages/airflow/example_dags/example_task_group.py
[2024-02-29T18:29:41.754+0530] {processor.py:840} INFO - DAG(s) 'example_task_group' retrieved from /home/arun/.local/lib/python3.10/site-packages/airflow/example_dags/example_task_group.py
[2024-02-29T18:29:41.772+0530] {logging_mixin.py:188} INFO - [2024-02-29T18:29:41.772+0530] {dag.py:3036} INFO - Sync 1 DAGs
[2024-02-29T18:29:41.792+0530] {logging_mixin.py:188} INFO - [2024-02-29T18:29:41.792+0530] {dag.py:3823} INFO - Setting next_dagrun for example_task_group to 2024-02-28 00:00:00+00:00, run_after=2024-02-29 00:00:00+00:00
[2024-02-29T18:29:41.822+0530] {processor.py:183} INFO - Processing /home/arun/.local/lib/python3.10/site-packages/airflow/example_dags/example_task_group.py took 0.193 seconds
[2024-02-29T18:30:42.293+0530] {processor.py:161} INFO - Started process (PID=6516) to work on /home/arun/.local/lib/python3.10/site-packages/airflow/example_dags/example_task_group.py
[2024-02-29T18:30:42.296+0530] {processor.py:830} INFO - Processing file /home/arun/.local/lib/python3.10/site-packages/airflow/example_dags/example_task_group.py for tasks to queue
[2024-02-29T18:30:42.297+0530] {logging_mixin.py:188} INFO - [2024-02-29T18:30:42.297+0530] {dagbag.py:538} INFO - Filling up the DagBag from /home/arun/.local/lib/python3.10/site-packages/airflow/example_dags/example_task_group.py
[2024-02-29T18:30:42.313+0530] {processor.py:840} INFO - DAG(s) 'example_task_group' retrieved from /home/arun/.local/lib/python3.10/site-packages/airflow/example_dags/example_task_group.py
[2024-02-29T18:30:42.339+0530] {logging_mixin.py:188} INFO - [2024-02-29T18:30:42.338+0530] {dag.py:3036} INFO - Sync 1 DAGs
[2024-02-29T18:30:42.366+0530] {logging_mixin.py:188} INFO - [2024-02-29T18:30:42.365+0530] {dag.py:3823} INFO - Setting next_dagrun for example_task_group to 2024-02-28 00:00:00+00:00, run_after=2024-02-29 00:00:00+00:00
[2024-02-29T18:30:42.462+0530] {processor.py:183} INFO - Processing /home/arun/.local/lib/python3.10/site-packages/airflow/example_dags/example_task_group.py took 0.174 seconds
[2024-02-29T18:31:37.446+0530] {processor.py:161} INFO - Started process (PID=6604) to work on /home/arun/.local/lib/python3.10/site-packages/airflow/example_dags/example_task_group.py
[2024-02-29T18:31:37.449+0530] {processor.py:830} INFO - Processing file /home/arun/.local/lib/python3.10/site-packages/airflow/example_dags/example_task_group.py for tasks to queue
[2024-02-29T18:31:37.451+0530] {logging_mixin.py:188} INFO - [2024-02-29T18:31:37.450+0530] {dagbag.py:538} INFO - Filling up the DagBag from /home/arun/.local/lib/python3.10/site-packages/airflow/example_dags/example_task_group.py
[2024-02-29T18:31:37.478+0530] {processor.py:840} INFO - DAG(s) 'example_task_group' retrieved from /home/arun/.local/lib/python3.10/site-packages/airflow/example_dags/example_task_group.py
[2024-02-29T18:31:37.522+0530] {logging_mixin.py:188} INFO - [2024-02-29T18:31:37.522+0530] {dag.py:3036} INFO - Sync 1 DAGs
[2024-02-29T18:31:37.579+0530] {logging_mixin.py:188} INFO - [2024-02-29T18:31:37.578+0530] {dag.py:3823} INFO - Setting next_dagrun for example_task_group to 2024-02-28 00:00:00+00:00, run_after=2024-02-29 00:00:00+00:00
[2024-02-29T18:31:37.667+0530] {processor.py:183} INFO - Processing /home/arun/.local/lib/python3.10/site-packages/airflow/example_dags/example_task_group.py took 0.227 seconds
[2024-02-29T18:32:26.045+0530] {processor.py:161} INFO - Started process (PID=6689) to work on /home/arun/.local/lib/python3.10/site-packages/airflow/example_dags/example_task_group.py
[2024-02-29T18:32:26.048+0530] {processor.py:830} INFO - Processing file /home/arun/.local/lib/python3.10/site-packages/airflow/example_dags/example_task_group.py for tasks to queue
[2024-02-29T18:32:26.049+0530] {logging_mixin.py:188} INFO - [2024-02-29T18:32:26.049+0530] {dagbag.py:538} INFO - Filling up the DagBag from /home/arun/.local/lib/python3.10/site-packages/airflow/example_dags/example_task_group.py
[2024-02-29T18:32:26.057+0530] {processor.py:840} INFO - DAG(s) 'example_task_group' retrieved from /home/arun/.local/lib/python3.10/site-packages/airflow/example_dags/example_task_group.py
[2024-02-29T18:32:26.073+0530] {logging_mixin.py:188} INFO - [2024-02-29T18:32:26.073+0530] {dag.py:3036} INFO - Sync 1 DAGs
[2024-02-29T18:32:26.098+0530] {logging_mixin.py:188} INFO - [2024-02-29T18:32:26.098+0530] {dag.py:3823} INFO - Setting next_dagrun for example_task_group to 2024-02-28 00:00:00+00:00, run_after=2024-02-29 00:00:00+00:00
[2024-02-29T18:32:26.127+0530] {processor.py:183} INFO - Processing /home/arun/.local/lib/python3.10/site-packages/airflow/example_dags/example_task_group.py took 0.085 seconds
[2024-02-29T18:33:21.315+0530] {processor.py:161} INFO - Started process (PID=6774) to work on /home/arun/.local/lib/python3.10/site-packages/airflow/example_dags/example_task_group.py
[2024-02-29T18:33:21.317+0530] {processor.py:830} INFO - Processing file /home/arun/.local/lib/python3.10/site-packages/airflow/example_dags/example_task_group.py for tasks to queue
[2024-02-29T18:33:21.318+0530] {logging_mixin.py:188} INFO - [2024-02-29T18:33:21.318+0530] {dagbag.py:538} INFO - Filling up the DagBag from /home/arun/.local/lib/python3.10/site-packages/airflow/example_dags/example_task_group.py
[2024-02-29T18:33:21.329+0530] {processor.py:840} INFO - DAG(s) 'example_task_group' retrieved from /home/arun/.local/lib/python3.10/site-packages/airflow/example_dags/example_task_group.py
[2024-02-29T18:33:21.352+0530] {logging_mixin.py:188} INFO - [2024-02-29T18:33:21.352+0530] {dag.py:3036} INFO - Sync 1 DAGs
[2024-02-29T18:33:21.392+0530] {logging_mixin.py:188} INFO - [2024-02-29T18:33:21.392+0530] {dag.py:3823} INFO - Setting next_dagrun for example_task_group to 2024-02-28 00:00:00+00:00, run_after=2024-02-29 00:00:00+00:00
[2024-02-29T18:33:21.522+0530] {processor.py:183} INFO - Processing /home/arun/.local/lib/python3.10/site-packages/airflow/example_dags/example_task_group.py took 0.210 seconds
[2024-02-29T18:34:14.618+0530] {processor.py:161} INFO - Started process (PID=6859) to work on /home/arun/.local/lib/python3.10/site-packages/airflow/example_dags/example_task_group.py
[2024-02-29T18:34:14.668+0530] {processor.py:830} INFO - Processing file /home/arun/.local/lib/python3.10/site-packages/airflow/example_dags/example_task_group.py for tasks to queue
[2024-02-29T18:34:14.669+0530] {logging_mixin.py:188} INFO - [2024-02-29T18:34:14.668+0530] {dagbag.py:538} INFO - Filling up the DagBag from /home/arun/.local/lib/python3.10/site-packages/airflow/example_dags/example_task_group.py
[2024-02-29T18:34:14.679+0530] {processor.py:840} INFO - DAG(s) 'example_task_group' retrieved from /home/arun/.local/lib/python3.10/site-packages/airflow/example_dags/example_task_group.py
[2024-02-29T18:34:14.697+0530] {logging_mixin.py:188} INFO - [2024-02-29T18:34:14.697+0530] {dag.py:3036} INFO - Sync 1 DAGs
[2024-02-29T18:34:14.718+0530] {logging_mixin.py:188} INFO - [2024-02-29T18:34:14.718+0530] {dag.py:3823} INFO - Setting next_dagrun for example_task_group to 2024-02-28 00:00:00+00:00, run_after=2024-02-29 00:00:00+00:00
[2024-02-29T18:34:14.746+0530] {processor.py:183} INFO - Processing /home/arun/.local/lib/python3.10/site-packages/airflow/example_dags/example_task_group.py took 0.134 seconds
[2024-02-29T18:35:06.850+0530] {processor.py:161} INFO - Started process (PID=6944) to work on /home/arun/.local/lib/python3.10/site-packages/airflow/example_dags/example_task_group.py
[2024-02-29T18:35:06.866+0530] {processor.py:830} INFO - Processing file /home/arun/.local/lib/python3.10/site-packages/airflow/example_dags/example_task_group.py for tasks to queue
[2024-02-29T18:35:06.869+0530] {logging_mixin.py:188} INFO - [2024-02-29T18:35:06.868+0530] {dagbag.py:538} INFO - Filling up the DagBag from /home/arun/.local/lib/python3.10/site-packages/airflow/example_dags/example_task_group.py
[2024-02-29T18:35:06.883+0530] {processor.py:840} INFO - DAG(s) 'example_task_group' retrieved from /home/arun/.local/lib/python3.10/site-packages/airflow/example_dags/example_task_group.py
[2024-02-29T18:35:06.912+0530] {logging_mixin.py:188} INFO - [2024-02-29T18:35:06.912+0530] {dag.py:3036} INFO - Sync 1 DAGs
[2024-02-29T18:35:06.950+0530] {logging_mixin.py:188} INFO - [2024-02-29T18:35:06.950+0530] {dag.py:3823} INFO - Setting next_dagrun for example_task_group to 2024-02-28 00:00:00+00:00, run_after=2024-02-29 00:00:00+00:00
[2024-02-29T18:35:06.991+0530] {processor.py:183} INFO - Processing /home/arun/.local/lib/python3.10/site-packages/airflow/example_dags/example_task_group.py took 0.174 seconds
[2024-02-29T18:36:01.880+0530] {processor.py:161} INFO - Started process (PID=7029) to work on /home/arun/.local/lib/python3.10/site-packages/airflow/example_dags/example_task_group.py
[2024-02-29T18:36:01.916+0530] {processor.py:830} INFO - Processing file /home/arun/.local/lib/python3.10/site-packages/airflow/example_dags/example_task_group.py for tasks to queue
[2024-02-29T18:36:01.917+0530] {logging_mixin.py:188} INFO - [2024-02-29T18:36:01.916+0530] {dagbag.py:538} INFO - Filling up the DagBag from /home/arun/.local/lib/python3.10/site-packages/airflow/example_dags/example_task_group.py
[2024-02-29T18:36:01.926+0530] {processor.py:840} INFO - DAG(s) 'example_task_group' retrieved from /home/arun/.local/lib/python3.10/site-packages/airflow/example_dags/example_task_group.py
[2024-02-29T18:36:01.946+0530] {logging_mixin.py:188} INFO - [2024-02-29T18:36:01.946+0530] {dag.py:3036} INFO - Sync 1 DAGs
[2024-02-29T18:36:01.985+0530] {logging_mixin.py:188} INFO - [2024-02-29T18:36:01.985+0530] {dag.py:3823} INFO - Setting next_dagrun for example_task_group to 2024-02-28 00:00:00+00:00, run_after=2024-02-29 00:00:00+00:00
[2024-02-29T18:36:02.020+0530] {processor.py:183} INFO - Processing /home/arun/.local/lib/python3.10/site-packages/airflow/example_dags/example_task_group.py took 0.144 seconds
[2024-02-29T18:37:04.439+0530] {processor.py:161} INFO - Started process (PID=7121) to work on /home/arun/.local/lib/python3.10/site-packages/airflow/example_dags/example_task_group.py
[2024-02-29T18:37:04.441+0530] {processor.py:830} INFO - Processing file /home/arun/.local/lib/python3.10/site-packages/airflow/example_dags/example_task_group.py for tasks to queue
[2024-02-29T18:37:04.442+0530] {logging_mixin.py:188} INFO - [2024-02-29T18:37:04.442+0530] {dagbag.py:538} INFO - Filling up the DagBag from /home/arun/.local/lib/python3.10/site-packages/airflow/example_dags/example_task_group.py
[2024-02-29T18:37:04.455+0530] {processor.py:840} INFO - DAG(s) 'example_task_group' retrieved from /home/arun/.local/lib/python3.10/site-packages/airflow/example_dags/example_task_group.py
[2024-02-29T18:37:04.481+0530] {logging_mixin.py:188} INFO - [2024-02-29T18:37:04.480+0530] {dag.py:3036} INFO - Sync 1 DAGs
[2024-02-29T18:37:04.509+0530] {logging_mixin.py:188} INFO - [2024-02-29T18:37:04.509+0530] {dag.py:3823} INFO - Setting next_dagrun for example_task_group to 2024-02-28 00:00:00+00:00, run_after=2024-02-29 00:00:00+00:00
[2024-02-29T18:37:04.542+0530] {processor.py:183} INFO - Processing /home/arun/.local/lib/python3.10/site-packages/airflow/example_dags/example_task_group.py took 0.109 seconds
[2024-02-29T18:38:03.899+0530] {processor.py:161} INFO - Started process (PID=7212) to work on /home/arun/.local/lib/python3.10/site-packages/airflow/example_dags/example_task_group.py
[2024-02-29T18:38:03.901+0530] {processor.py:830} INFO - Processing file /home/arun/.local/lib/python3.10/site-packages/airflow/example_dags/example_task_group.py for tasks to queue
[2024-02-29T18:38:03.903+0530] {logging_mixin.py:188} INFO - [2024-02-29T18:38:03.902+0530] {dagbag.py:538} INFO - Filling up the DagBag from /home/arun/.local/lib/python3.10/site-packages/airflow/example_dags/example_task_group.py
[2024-02-29T18:38:03.915+0530] {processor.py:840} INFO - DAG(s) 'example_task_group' retrieved from /home/arun/.local/lib/python3.10/site-packages/airflow/example_dags/example_task_group.py
[2024-02-29T18:38:03.944+0530] {logging_mixin.py:188} INFO - [2024-02-29T18:38:03.944+0530] {dag.py:3036} INFO - Sync 1 DAGs
[2024-02-29T18:38:03.985+0530] {logging_mixin.py:188} INFO - [2024-02-29T18:38:03.984+0530] {dag.py:3823} INFO - Setting next_dagrun for example_task_group to 2024-02-28 00:00:00+00:00, run_after=2024-02-29 00:00:00+00:00
[2024-02-29T18:38:04.026+0530] {processor.py:183} INFO - Processing /home/arun/.local/lib/python3.10/site-packages/airflow/example_dags/example_task_group.py took 0.132 seconds
[2024-02-29T18:38:59.747+0530] {processor.py:161} INFO - Started process (PID=7388) to work on /home/arun/.local/lib/python3.10/site-packages/airflow/example_dags/example_task_group.py
[2024-02-29T18:38:59.748+0530] {processor.py:830} INFO - Processing file /home/arun/.local/lib/python3.10/site-packages/airflow/example_dags/example_task_group.py for tasks to queue
[2024-02-29T18:38:59.749+0530] {logging_mixin.py:188} INFO - [2024-02-29T18:38:59.749+0530] {dagbag.py:538} INFO - Filling up the DagBag from /home/arun/.local/lib/python3.10/site-packages/airflow/example_dags/example_task_group.py
[2024-02-29T18:38:59.760+0530] {processor.py:840} INFO - DAG(s) 'example_task_group' retrieved from /home/arun/.local/lib/python3.10/site-packages/airflow/example_dags/example_task_group.py
[2024-02-29T18:38:59.781+0530] {logging_mixin.py:188} INFO - [2024-02-29T18:38:59.781+0530] {dag.py:3036} INFO - Sync 1 DAGs
[2024-02-29T18:38:59.814+0530] {logging_mixin.py:188} INFO - [2024-02-29T18:38:59.814+0530] {dag.py:3823} INFO - Setting next_dagrun for example_task_group to 2024-02-28 00:00:00+00:00, run_after=2024-02-29 00:00:00+00:00
[2024-02-29T18:38:59.850+0530] {processor.py:183} INFO - Processing /home/arun/.local/lib/python3.10/site-packages/airflow/example_dags/example_task_group.py took 0.107 seconds
[2024-02-29T18:39:56.498+0530] {processor.py:161} INFO - Started process (PID=7476) to work on /home/arun/.local/lib/python3.10/site-packages/airflow/example_dags/example_task_group.py
[2024-02-29T18:39:56.503+0530] {processor.py:830} INFO - Processing file /home/arun/.local/lib/python3.10/site-packages/airflow/example_dags/example_task_group.py for tasks to queue
[2024-02-29T18:39:56.506+0530] {logging_mixin.py:188} INFO - [2024-02-29T18:39:56.505+0530] {dagbag.py:538} INFO - Filling up the DagBag from /home/arun/.local/lib/python3.10/site-packages/airflow/example_dags/example_task_group.py
[2024-02-29T18:39:56.544+0530] {processor.py:840} INFO - DAG(s) 'example_task_group' retrieved from /home/arun/.local/lib/python3.10/site-packages/airflow/example_dags/example_task_group.py
[2024-02-29T18:39:56.719+0530] {logging_mixin.py:188} INFO - [2024-02-29T18:39:56.718+0530] {dag.py:3036} INFO - Sync 1 DAGs
[2024-02-29T18:39:56.940+0530] {logging_mixin.py:188} INFO - [2024-02-29T18:39:56.939+0530] {dag.py:3823} INFO - Setting next_dagrun for example_task_group to 2024-02-28 00:00:00+00:00, run_after=2024-02-29 00:00:00+00:00
[2024-02-29T18:39:57.195+0530] {processor.py:183} INFO - Processing /home/arun/.local/lib/python3.10/site-packages/airflow/example_dags/example_task_group.py took 0.709 seconds
[2024-02-29T18:40:55.189+0530] {processor.py:161} INFO - Started process (PID=7569) to work on /home/arun/.local/lib/python3.10/site-packages/airflow/example_dags/example_task_group.py
[2024-02-29T18:40:55.248+0530] {processor.py:830} INFO - Processing file /home/arun/.local/lib/python3.10/site-packages/airflow/example_dags/example_task_group.py for tasks to queue
[2024-02-29T18:40:55.255+0530] {logging_mixin.py:188} INFO - [2024-02-29T18:40:55.254+0530] {dagbag.py:538} INFO - Filling up the DagBag from /home/arun/.local/lib/python3.10/site-packages/airflow/example_dags/example_task_group.py
[2024-02-29T18:40:55.279+0530] {processor.py:840} INFO - DAG(s) 'example_task_group' retrieved from /home/arun/.local/lib/python3.10/site-packages/airflow/example_dags/example_task_group.py
[2024-02-29T18:40:55.323+0530] {logging_mixin.py:188} INFO - [2024-02-29T18:40:55.323+0530] {dag.py:3036} INFO - Sync 1 DAGs
[2024-02-29T18:40:55.470+0530] {logging_mixin.py:188} INFO - [2024-02-29T18:40:55.469+0530] {dag.py:3823} INFO - Setting next_dagrun for example_task_group to 2024-02-28 00:00:00+00:00, run_after=2024-02-29 00:00:00+00:00
[2024-02-29T18:40:55.510+0530] {processor.py:183} INFO - Processing /home/arun/.local/lib/python3.10/site-packages/airflow/example_dags/example_task_group.py took 0.329 seconds
[2024-02-29T18:41:51.846+0530] {processor.py:161} INFO - Started process (PID=7668) to work on /home/arun/.local/lib/python3.10/site-packages/airflow/example_dags/example_task_group.py
[2024-02-29T18:41:51.887+0530] {processor.py:830} INFO - Processing file /home/arun/.local/lib/python3.10/site-packages/airflow/example_dags/example_task_group.py for tasks to queue
[2024-02-29T18:41:51.888+0530] {logging_mixin.py:188} INFO - [2024-02-29T18:41:51.888+0530] {dagbag.py:538} INFO - Filling up the DagBag from /home/arun/.local/lib/python3.10/site-packages/airflow/example_dags/example_task_group.py
[2024-02-29T18:41:51.896+0530] {processor.py:840} INFO - DAG(s) 'example_task_group' retrieved from /home/arun/.local/lib/python3.10/site-packages/airflow/example_dags/example_task_group.py
[2024-02-29T18:41:51.913+0530] {logging_mixin.py:188} INFO - [2024-02-29T18:41:51.912+0530] {dag.py:3036} INFO - Sync 1 DAGs
[2024-02-29T18:41:51.934+0530] {logging_mixin.py:188} INFO - [2024-02-29T18:41:51.934+0530] {dag.py:3823} INFO - Setting next_dagrun for example_task_group to 2024-02-28 00:00:00+00:00, run_after=2024-02-29 00:00:00+00:00
[2024-02-29T18:41:51.964+0530] {processor.py:183} INFO - Processing /home/arun/.local/lib/python3.10/site-packages/airflow/example_dags/example_task_group.py took 0.121 seconds
[2024-02-29T18:42:48.154+0530] {processor.py:161} INFO - Started process (PID=7758) to work on /home/arun/.local/lib/python3.10/site-packages/airflow/example_dags/example_task_group.py
[2024-02-29T18:42:48.158+0530] {processor.py:830} INFO - Processing file /home/arun/.local/lib/python3.10/site-packages/airflow/example_dags/example_task_group.py for tasks to queue
[2024-02-29T18:42:48.161+0530] {logging_mixin.py:188} INFO - [2024-02-29T18:42:48.159+0530] {dagbag.py:538} INFO - Filling up the DagBag from /home/arun/.local/lib/python3.10/site-packages/airflow/example_dags/example_task_group.py
[2024-02-29T18:42:48.183+0530] {processor.py:840} INFO - DAG(s) 'example_task_group' retrieved from /home/arun/.local/lib/python3.10/site-packages/airflow/example_dags/example_task_group.py
[2024-02-29T18:42:48.230+0530] {logging_mixin.py:188} INFO - [2024-02-29T18:42:48.230+0530] {dag.py:3036} INFO - Sync 1 DAGs
[2024-02-29T18:42:48.277+0530] {logging_mixin.py:188} INFO - [2024-02-29T18:42:48.276+0530] {dag.py:3823} INFO - Setting next_dagrun for example_task_group to 2024-02-28 00:00:00+00:00, run_after=2024-02-29 00:00:00+00:00
[2024-02-29T18:42:48.317+0530] {processor.py:183} INFO - Processing /home/arun/.local/lib/python3.10/site-packages/airflow/example_dags/example_task_group.py took 0.174 seconds
[2024-02-29T18:43:54.266+0530] {processor.py:161} INFO - Started process (PID=7872) to work on /home/arun/.local/lib/python3.10/site-packages/airflow/example_dags/example_task_group.py
[2024-02-29T18:43:54.269+0530] {processor.py:830} INFO - Processing file /home/arun/.local/lib/python3.10/site-packages/airflow/example_dags/example_task_group.py for tasks to queue
[2024-02-29T18:43:54.271+0530] {logging_mixin.py:188} INFO - [2024-02-29T18:43:54.270+0530] {dagbag.py:538} INFO - Filling up the DagBag from /home/arun/.local/lib/python3.10/site-packages/airflow/example_dags/example_task_group.py
[2024-02-29T18:43:54.315+0530] {processor.py:840} INFO - DAG(s) 'example_task_group' retrieved from /home/arun/.local/lib/python3.10/site-packages/airflow/example_dags/example_task_group.py
[2024-02-29T18:43:54.361+0530] {logging_mixin.py:188} INFO - [2024-02-29T18:43:54.361+0530] {dag.py:3036} INFO - Sync 1 DAGs
[2024-02-29T18:43:54.410+0530] {logging_mixin.py:188} INFO - [2024-02-29T18:43:54.409+0530] {dag.py:3823} INFO - Setting next_dagrun for example_task_group to 2024-02-28 00:00:00+00:00, run_after=2024-02-29 00:00:00+00:00
[2024-02-29T18:43:54.516+0530] {processor.py:183} INFO - Processing /home/arun/.local/lib/python3.10/site-packages/airflow/example_dags/example_task_group.py took 0.254 seconds
[2024-02-29T18:44:51.514+0530] {processor.py:161} INFO - Started process (PID=7960) to work on /home/arun/.local/lib/python3.10/site-packages/airflow/example_dags/example_task_group.py
[2024-02-29T18:44:51.535+0530] {processor.py:830} INFO - Processing file /home/arun/.local/lib/python3.10/site-packages/airflow/example_dags/example_task_group.py for tasks to queue
[2024-02-29T18:44:51.536+0530] {logging_mixin.py:188} INFO - [2024-02-29T18:44:51.536+0530] {dagbag.py:538} INFO - Filling up the DagBag from /home/arun/.local/lib/python3.10/site-packages/airflow/example_dags/example_task_group.py
[2024-02-29T18:44:51.546+0530] {processor.py:840} INFO - DAG(s) 'example_task_group' retrieved from /home/arun/.local/lib/python3.10/site-packages/airflow/example_dags/example_task_group.py
[2024-02-29T18:44:51.569+0530] {logging_mixin.py:188} INFO - [2024-02-29T18:44:51.568+0530] {dag.py:3036} INFO - Sync 1 DAGs
[2024-02-29T18:44:51.616+0530] {logging_mixin.py:188} INFO - [2024-02-29T18:44:51.615+0530] {dag.py:3823} INFO - Setting next_dagrun for example_task_group to 2024-02-28 00:00:00+00:00, run_after=2024-02-29 00:00:00+00:00
[2024-02-29T18:44:51.653+0530] {processor.py:183} INFO - Processing /home/arun/.local/lib/python3.10/site-packages/airflow/example_dags/example_task_group.py took 0.143 seconds
[2024-02-29T18:45:43.087+0530] {processor.py:161} INFO - Started process (PID=8058) to work on /home/arun/.local/lib/python3.10/site-packages/airflow/example_dags/example_task_group.py
[2024-02-29T18:45:43.089+0530] {processor.py:830} INFO - Processing file /home/arun/.local/lib/python3.10/site-packages/airflow/example_dags/example_task_group.py for tasks to queue
[2024-02-29T18:45:43.090+0530] {logging_mixin.py:188} INFO - [2024-02-29T18:45:43.089+0530] {dagbag.py:538} INFO - Filling up the DagBag from /home/arun/.local/lib/python3.10/site-packages/airflow/example_dags/example_task_group.py
[2024-02-29T18:45:43.098+0530] {processor.py:840} INFO - DAG(s) 'example_task_group' retrieved from /home/arun/.local/lib/python3.10/site-packages/airflow/example_dags/example_task_group.py
[2024-02-29T18:45:43.120+0530] {logging_mixin.py:188} INFO - [2024-02-29T18:45:43.119+0530] {dag.py:3036} INFO - Sync 1 DAGs
[2024-02-29T18:45:43.151+0530] {logging_mixin.py:188} INFO - [2024-02-29T18:45:43.151+0530] {dag.py:3823} INFO - Setting next_dagrun for example_task_group to 2024-02-28 00:00:00+00:00, run_after=2024-02-29 00:00:00+00:00
[2024-02-29T18:45:43.188+0530] {processor.py:183} INFO - Processing /home/arun/.local/lib/python3.10/site-packages/airflow/example_dags/example_task_group.py took 0.104 seconds
[2024-02-29T18:46:37.002+0530] {processor.py:161} INFO - Started process (PID=8144) to work on /home/arun/.local/lib/python3.10/site-packages/airflow/example_dags/example_task_group.py
[2024-02-29T18:46:37.003+0530] {processor.py:830} INFO - Processing file /home/arun/.local/lib/python3.10/site-packages/airflow/example_dags/example_task_group.py for tasks to queue
[2024-02-29T18:46:37.004+0530] {logging_mixin.py:188} INFO - [2024-02-29T18:46:37.004+0530] {dagbag.py:538} INFO - Filling up the DagBag from /home/arun/.local/lib/python3.10/site-packages/airflow/example_dags/example_task_group.py
[2024-02-29T18:46:37.012+0530] {processor.py:840} INFO - DAG(s) 'example_task_group' retrieved from /home/arun/.local/lib/python3.10/site-packages/airflow/example_dags/example_task_group.py
[2024-02-29T18:46:37.029+0530] {logging_mixin.py:188} INFO - [2024-02-29T18:46:37.029+0530] {dag.py:3036} INFO - Sync 1 DAGs
[2024-02-29T18:46:37.053+0530] {logging_mixin.py:188} INFO - [2024-02-29T18:46:37.053+0530] {dag.py:3823} INFO - Setting next_dagrun for example_task_group to 2024-02-28 00:00:00+00:00, run_after=2024-02-29 00:00:00+00:00
[2024-02-29T18:46:37.085+0530] {processor.py:183} INFO - Processing /home/arun/.local/lib/python3.10/site-packages/airflow/example_dags/example_task_group.py took 0.087 seconds
[2024-02-29T18:47:29.142+0530] {processor.py:161} INFO - Started process (PID=8228) to work on /home/arun/.local/lib/python3.10/site-packages/airflow/example_dags/example_task_group.py
[2024-02-29T18:47:29.144+0530] {processor.py:830} INFO - Processing file /home/arun/.local/lib/python3.10/site-packages/airflow/example_dags/example_task_group.py for tasks to queue
[2024-02-29T18:47:29.145+0530] {logging_mixin.py:188} INFO - [2024-02-29T18:47:29.144+0530] {dagbag.py:538} INFO - Filling up the DagBag from /home/arun/.local/lib/python3.10/site-packages/airflow/example_dags/example_task_group.py
[2024-02-29T18:47:29.152+0530] {processor.py:840} INFO - DAG(s) 'example_task_group' retrieved from /home/arun/.local/lib/python3.10/site-packages/airflow/example_dags/example_task_group.py
[2024-02-29T18:47:29.169+0530] {logging_mixin.py:188} INFO - [2024-02-29T18:47:29.169+0530] {dag.py:3036} INFO - Sync 1 DAGs
[2024-02-29T18:47:29.189+0530] {logging_mixin.py:188} INFO - [2024-02-29T18:47:29.189+0530] {dag.py:3823} INFO - Setting next_dagrun for example_task_group to 2024-02-28 00:00:00+00:00, run_after=2024-02-29 00:00:00+00:00
[2024-02-29T18:47:29.216+0530] {processor.py:183} INFO - Processing /home/arun/.local/lib/python3.10/site-packages/airflow/example_dags/example_task_group.py took 0.078 seconds
[2024-02-29T18:48:21.145+0530] {processor.py:161} INFO - Started process (PID=8311) to work on /home/arun/.local/lib/python3.10/site-packages/airflow/example_dags/example_task_group.py
[2024-02-29T18:48:21.148+0530] {processor.py:830} INFO - Processing file /home/arun/.local/lib/python3.10/site-packages/airflow/example_dags/example_task_group.py for tasks to queue
[2024-02-29T18:48:21.149+0530] {logging_mixin.py:188} INFO - [2024-02-29T18:48:21.149+0530] {dagbag.py:538} INFO - Filling up the DagBag from /home/arun/.local/lib/python3.10/site-packages/airflow/example_dags/example_task_group.py
[2024-02-29T18:48:21.156+0530] {processor.py:840} INFO - DAG(s) 'example_task_group' retrieved from /home/arun/.local/lib/python3.10/site-packages/airflow/example_dags/example_task_group.py
[2024-02-29T18:48:21.172+0530] {logging_mixin.py:188} INFO - [2024-02-29T18:48:21.172+0530] {dag.py:3036} INFO - Sync 1 DAGs
[2024-02-29T18:48:21.196+0530] {logging_mixin.py:188} INFO - [2024-02-29T18:48:21.195+0530] {dag.py:3823} INFO - Setting next_dagrun for example_task_group to 2024-02-28 00:00:00+00:00, run_after=2024-02-29 00:00:00+00:00
[2024-02-29T18:48:21.230+0530] {processor.py:183} INFO - Processing /home/arun/.local/lib/python3.10/site-packages/airflow/example_dags/example_task_group.py took 0.088 seconds
[2024-02-29T18:49:05.009+0530] {processor.py:161} INFO - Started process (PID=8386) to work on /home/arun/.local/lib/python3.10/site-packages/airflow/example_dags/example_task_group.py
[2024-02-29T18:49:05.011+0530] {processor.py:830} INFO - Processing file /home/arun/.local/lib/python3.10/site-packages/airflow/example_dags/example_task_group.py for tasks to queue
[2024-02-29T18:49:05.013+0530] {logging_mixin.py:188} INFO - [2024-02-29T18:49:05.012+0530] {dagbag.py:538} INFO - Filling up the DagBag from /home/arun/.local/lib/python3.10/site-packages/airflow/example_dags/example_task_group.py
[2024-02-29T18:49:05.023+0530] {processor.py:840} INFO - DAG(s) 'example_task_group' retrieved from /home/arun/.local/lib/python3.10/site-packages/airflow/example_dags/example_task_group.py
[2024-02-29T18:49:05.056+0530] {logging_mixin.py:188} INFO - [2024-02-29T18:49:05.055+0530] {dag.py:3036} INFO - Sync 1 DAGs
[2024-02-29T18:49:05.080+0530] {logging_mixin.py:188} INFO - [2024-02-29T18:49:05.080+0530] {dag.py:3823} INFO - Setting next_dagrun for example_task_group to 2024-02-28 00:00:00+00:00, run_after=2024-02-29 00:00:00+00:00
[2024-02-29T18:49:05.109+0530] {processor.py:183} INFO - Processing /home/arun/.local/lib/python3.10/site-packages/airflow/example_dags/example_task_group.py took 0.104 seconds
[2024-02-29T18:49:52.512+0530] {processor.py:161} INFO - Started process (PID=8462) to work on /home/arun/.local/lib/python3.10/site-packages/airflow/example_dags/example_task_group.py
[2024-02-29T18:49:52.554+0530] {processor.py:830} INFO - Processing file /home/arun/.local/lib/python3.10/site-packages/airflow/example_dags/example_task_group.py for tasks to queue
[2024-02-29T18:49:52.555+0530] {logging_mixin.py:188} INFO - [2024-02-29T18:49:52.554+0530] {dagbag.py:538} INFO - Filling up the DagBag from /home/arun/.local/lib/python3.10/site-packages/airflow/example_dags/example_task_group.py
[2024-02-29T18:49:52.562+0530] {processor.py:840} INFO - DAG(s) 'example_task_group' retrieved from /home/arun/.local/lib/python3.10/site-packages/airflow/example_dags/example_task_group.py
[2024-02-29T18:49:52.576+0530] {logging_mixin.py:188} INFO - [2024-02-29T18:49:52.576+0530] {dag.py:3036} INFO - Sync 1 DAGs
[2024-02-29T18:49:52.596+0530] {logging_mixin.py:188} INFO - [2024-02-29T18:49:52.595+0530] {dag.py:3823} INFO - Setting next_dagrun for example_task_group to 2024-02-28 00:00:00+00:00, run_after=2024-02-29 00:00:00+00:00
[2024-02-29T18:49:52.626+0530] {processor.py:183} INFO - Processing /home/arun/.local/lib/python3.10/site-packages/airflow/example_dags/example_task_group.py took 0.116 seconds
[2024-02-29T18:50:41.407+0530] {processor.py:161} INFO - Started process (PID=8544) to work on /home/arun/.local/lib/python3.10/site-packages/airflow/example_dags/example_task_group.py
[2024-02-29T18:50:41.409+0530] {processor.py:830} INFO - Processing file /home/arun/.local/lib/python3.10/site-packages/airflow/example_dags/example_task_group.py for tasks to queue
[2024-02-29T18:50:41.410+0530] {logging_mixin.py:188} INFO - [2024-02-29T18:50:41.410+0530] {dagbag.py:538} INFO - Filling up the DagBag from /home/arun/.local/lib/python3.10/site-packages/airflow/example_dags/example_task_group.py
[2024-02-29T18:50:41.420+0530] {processor.py:840} INFO - DAG(s) 'example_task_group' retrieved from /home/arun/.local/lib/python3.10/site-packages/airflow/example_dags/example_task_group.py
[2024-02-29T18:50:41.440+0530] {logging_mixin.py:188} INFO - [2024-02-29T18:50:41.440+0530] {dag.py:3036} INFO - Sync 1 DAGs
[2024-02-29T18:50:41.464+0530] {logging_mixin.py:188} INFO - [2024-02-29T18:50:41.464+0530] {dag.py:3823} INFO - Setting next_dagrun for example_task_group to 2024-02-28 00:00:00+00:00, run_after=2024-02-29 00:00:00+00:00
[2024-02-29T18:50:41.542+0530] {processor.py:183} INFO - Processing /home/arun/.local/lib/python3.10/site-packages/airflow/example_dags/example_task_group.py took 0.138 seconds
[2024-02-29T18:51:35.579+0530] {processor.py:161} INFO - Started process (PID=8722) to work on /home/arun/.local/lib/python3.10/site-packages/airflow/example_dags/example_task_group.py
[2024-02-29T18:51:35.581+0530] {processor.py:830} INFO - Processing file /home/arun/.local/lib/python3.10/site-packages/airflow/example_dags/example_task_group.py for tasks to queue
[2024-02-29T18:51:35.581+0530] {logging_mixin.py:188} INFO - [2024-02-29T18:51:35.581+0530] {dagbag.py:538} INFO - Filling up the DagBag from /home/arun/.local/lib/python3.10/site-packages/airflow/example_dags/example_task_group.py
[2024-02-29T18:51:35.589+0530] {processor.py:840} INFO - DAG(s) 'example_task_group' retrieved from /home/arun/.local/lib/python3.10/site-packages/airflow/example_dags/example_task_group.py
[2024-02-29T18:51:35.603+0530] {logging_mixin.py:188} INFO - [2024-02-29T18:51:35.603+0530] {dag.py:3036} INFO - Sync 1 DAGs
[2024-02-29T18:51:35.624+0530] {logging_mixin.py:188} INFO - [2024-02-29T18:51:35.623+0530] {dag.py:3823} INFO - Setting next_dagrun for example_task_group to 2024-02-28 00:00:00+00:00, run_after=2024-02-29 00:00:00+00:00
[2024-02-29T18:51:35.652+0530] {processor.py:183} INFO - Processing /home/arun/.local/lib/python3.10/site-packages/airflow/example_dags/example_task_group.py took 0.077 seconds
[2024-02-29T18:52:26.420+0530] {processor.py:161} INFO - Started process (PID=8801) to work on /home/arun/.local/lib/python3.10/site-packages/airflow/example_dags/example_task_group.py
[2024-02-29T18:52:26.460+0530] {processor.py:830} INFO - Processing file /home/arun/.local/lib/python3.10/site-packages/airflow/example_dags/example_task_group.py for tasks to queue
[2024-02-29T18:52:26.461+0530] {logging_mixin.py:188} INFO - [2024-02-29T18:52:26.460+0530] {dagbag.py:538} INFO - Filling up the DagBag from /home/arun/.local/lib/python3.10/site-packages/airflow/example_dags/example_task_group.py
[2024-02-29T18:52:26.470+0530] {processor.py:840} INFO - DAG(s) 'example_task_group' retrieved from /home/arun/.local/lib/python3.10/site-packages/airflow/example_dags/example_task_group.py
[2024-02-29T18:52:26.489+0530] {logging_mixin.py:188} INFO - [2024-02-29T18:52:26.489+0530] {dag.py:3036} INFO - Sync 1 DAGs
[2024-02-29T18:52:26.515+0530] {logging_mixin.py:188} INFO - [2024-02-29T18:52:26.515+0530] {dag.py:3823} INFO - Setting next_dagrun for example_task_group to 2024-02-28 00:00:00+00:00, run_after=2024-02-29 00:00:00+00:00
[2024-02-29T18:52:26.544+0530] {processor.py:183} INFO - Processing /home/arun/.local/lib/python3.10/site-packages/airflow/example_dags/example_task_group.py took 0.127 seconds
[2024-02-29T18:53:20.435+0530] {processor.py:161} INFO - Started process (PID=8885) to work on /home/arun/.local/lib/python3.10/site-packages/airflow/example_dags/example_task_group.py
[2024-02-29T18:53:20.436+0530] {processor.py:830} INFO - Processing file /home/arun/.local/lib/python3.10/site-packages/airflow/example_dags/example_task_group.py for tasks to queue
[2024-02-29T18:53:20.437+0530] {logging_mixin.py:188} INFO - [2024-02-29T18:53:20.437+0530] {dagbag.py:538} INFO - Filling up the DagBag from /home/arun/.local/lib/python3.10/site-packages/airflow/example_dags/example_task_group.py
[2024-02-29T18:53:20.446+0530] {processor.py:840} INFO - DAG(s) 'example_task_group' retrieved from /home/arun/.local/lib/python3.10/site-packages/airflow/example_dags/example_task_group.py
[2024-02-29T18:53:20.464+0530] {logging_mixin.py:188} INFO - [2024-02-29T18:53:20.464+0530] {dag.py:3036} INFO - Sync 1 DAGs
[2024-02-29T18:53:20.489+0530] {logging_mixin.py:188} INFO - [2024-02-29T18:53:20.489+0530] {dag.py:3823} INFO - Setting next_dagrun for example_task_group to 2024-02-28 00:00:00+00:00, run_after=2024-02-29 00:00:00+00:00
[2024-02-29T18:53:20.520+0530] {processor.py:183} INFO - Processing /home/arun/.local/lib/python3.10/site-packages/airflow/example_dags/example_task_group.py took 0.088 seconds
[2024-02-29T18:54:13.272+0530] {processor.py:161} INFO - Started process (PID=9158) to work on /home/arun/.local/lib/python3.10/site-packages/airflow/example_dags/example_task_group.py
[2024-02-29T18:54:13.275+0530] {processor.py:830} INFO - Processing file /home/arun/.local/lib/python3.10/site-packages/airflow/example_dags/example_task_group.py for tasks to queue
[2024-02-29T18:54:13.276+0530] {logging_mixin.py:188} INFO - [2024-02-29T18:54:13.275+0530] {dagbag.py:538} INFO - Filling up the DagBag from /home/arun/.local/lib/python3.10/site-packages/airflow/example_dags/example_task_group.py
[2024-02-29T18:54:13.287+0530] {processor.py:840} INFO - DAG(s) 'example_task_group' retrieved from /home/arun/.local/lib/python3.10/site-packages/airflow/example_dags/example_task_group.py
[2024-02-29T18:54:13.313+0530] {logging_mixin.py:188} INFO - [2024-02-29T18:54:13.312+0530] {dag.py:3036} INFO - Sync 1 DAGs
[2024-02-29T18:54:13.348+0530] {logging_mixin.py:188} INFO - [2024-02-29T18:54:13.347+0530] {dag.py:3823} INFO - Setting next_dagrun for example_task_group to 2024-02-28 00:00:00+00:00, run_after=2024-02-29 00:00:00+00:00
[2024-02-29T18:54:13.389+0530] {processor.py:183} INFO - Processing /home/arun/.local/lib/python3.10/site-packages/airflow/example_dags/example_task_group.py took 0.123 seconds
[2024-02-29T18:54:59.302+0530] {processor.py:161} INFO - Started process (PID=9235) to work on /home/arun/.local/lib/python3.10/site-packages/airflow/example_dags/example_task_group.py
[2024-02-29T18:54:59.337+0530] {processor.py:830} INFO - Processing file /home/arun/.local/lib/python3.10/site-packages/airflow/example_dags/example_task_group.py for tasks to queue
[2024-02-29T18:54:59.339+0530] {logging_mixin.py:188} INFO - [2024-02-29T18:54:59.338+0530] {dagbag.py:538} INFO - Filling up the DagBag from /home/arun/.local/lib/python3.10/site-packages/airflow/example_dags/example_task_group.py
[2024-02-29T18:54:59.348+0530] {processor.py:840} INFO - DAG(s) 'example_task_group' retrieved from /home/arun/.local/lib/python3.10/site-packages/airflow/example_dags/example_task_group.py
[2024-02-29T18:54:59.367+0530] {logging_mixin.py:188} INFO - [2024-02-29T18:54:59.367+0530] {dag.py:3036} INFO - Sync 1 DAGs
[2024-02-29T18:54:59.390+0530] {logging_mixin.py:188} INFO - [2024-02-29T18:54:59.390+0530] {dag.py:3823} INFO - Setting next_dagrun for example_task_group to 2024-02-28 00:00:00+00:00, run_after=2024-02-29 00:00:00+00:00
[2024-02-29T18:54:59.428+0530] {processor.py:183} INFO - Processing /home/arun/.local/lib/python3.10/site-packages/airflow/example_dags/example_task_group.py took 0.130 seconds
[2024-02-29T18:56:00.252+0530] {processor.py:161} INFO - Started process (PID=9389) to work on /home/arun/.local/lib/python3.10/site-packages/airflow/example_dags/example_task_group.py
[2024-02-29T18:56:00.253+0530] {processor.py:830} INFO - Processing file /home/arun/.local/lib/python3.10/site-packages/airflow/example_dags/example_task_group.py for tasks to queue
[2024-02-29T18:56:00.254+0530] {logging_mixin.py:188} INFO - [2024-02-29T18:56:00.253+0530] {dagbag.py:538} INFO - Filling up the DagBag from /home/arun/.local/lib/python3.10/site-packages/airflow/example_dags/example_task_group.py
[2024-02-29T18:56:00.262+0530] {processor.py:840} INFO - DAG(s) 'example_task_group' retrieved from /home/arun/.local/lib/python3.10/site-packages/airflow/example_dags/example_task_group.py
[2024-02-29T18:56:00.283+0530] {logging_mixin.py:188} INFO - [2024-02-29T18:56:00.282+0530] {dag.py:3036} INFO - Sync 1 DAGs
[2024-02-29T18:56:00.311+0530] {logging_mixin.py:188} INFO - [2024-02-29T18:56:00.311+0530] {dag.py:3823} INFO - Setting next_dagrun for example_task_group to 2024-02-28 00:00:00+00:00, run_after=2024-02-29 00:00:00+00:00
[2024-02-29T18:56:00.353+0530] {processor.py:183} INFO - Processing /home/arun/.local/lib/python3.10/site-packages/airflow/example_dags/example_task_group.py took 0.105 seconds
[2024-02-29T18:56:58.176+0530] {processor.py:161} INFO - Started process (PID=9505) to work on /home/arun/.local/lib/python3.10/site-packages/airflow/example_dags/example_task_group.py
[2024-02-29T18:56:58.178+0530] {processor.py:830} INFO - Processing file /home/arun/.local/lib/python3.10/site-packages/airflow/example_dags/example_task_group.py for tasks to queue
[2024-02-29T18:56:58.180+0530] {logging_mixin.py:188} INFO - [2024-02-29T18:56:58.179+0530] {dagbag.py:538} INFO - Filling up the DagBag from /home/arun/.local/lib/python3.10/site-packages/airflow/example_dags/example_task_group.py
[2024-02-29T18:56:58.196+0530] {processor.py:840} INFO - DAG(s) 'example_task_group' retrieved from /home/arun/.local/lib/python3.10/site-packages/airflow/example_dags/example_task_group.py
[2024-02-29T18:56:58.231+0530] {logging_mixin.py:188} INFO - [2024-02-29T18:56:58.230+0530] {dag.py:3036} INFO - Sync 1 DAGs
[2024-02-29T18:56:58.324+0530] {logging_mixin.py:188} INFO - [2024-02-29T18:56:58.324+0530] {dag.py:3823} INFO - Setting next_dagrun for example_task_group to 2024-02-28 00:00:00+00:00, run_after=2024-02-29 00:00:00+00:00
[2024-02-29T18:56:58.433+0530] {processor.py:183} INFO - Processing /home/arun/.local/lib/python3.10/site-packages/airflow/example_dags/example_task_group.py took 0.264 seconds
[2024-02-29T18:57:53.572+0530] {processor.py:161} INFO - Started process (PID=9597) to work on /home/arun/.local/lib/python3.10/site-packages/airflow/example_dags/example_task_group.py
[2024-02-29T18:57:53.614+0530] {processor.py:830} INFO - Processing file /home/arun/.local/lib/python3.10/site-packages/airflow/example_dags/example_task_group.py for tasks to queue
[2024-02-29T18:57:53.616+0530] {logging_mixin.py:188} INFO - [2024-02-29T18:57:53.615+0530] {dagbag.py:538} INFO - Filling up the DagBag from /home/arun/.local/lib/python3.10/site-packages/airflow/example_dags/example_task_group.py
[2024-02-29T18:57:53.630+0530] {processor.py:840} INFO - DAG(s) 'example_task_group' retrieved from /home/arun/.local/lib/python3.10/site-packages/airflow/example_dags/example_task_group.py
[2024-02-29T18:57:53.658+0530] {logging_mixin.py:188} INFO - [2024-02-29T18:57:53.658+0530] {dag.py:3036} INFO - Sync 1 DAGs
[2024-02-29T18:57:53.693+0530] {logging_mixin.py:188} INFO - [2024-02-29T18:57:53.692+0530] {dag.py:3823} INFO - Setting next_dagrun for example_task_group to 2024-02-28 00:00:00+00:00, run_after=2024-02-29 00:00:00+00:00
[2024-02-29T18:57:53.736+0530] {processor.py:183} INFO - Processing /home/arun/.local/lib/python3.10/site-packages/airflow/example_dags/example_task_group.py took 0.170 seconds
[2024-02-29T18:58:54.775+0530] {processor.py:161} INFO - Started process (PID=9701) to work on /home/arun/.local/lib/python3.10/site-packages/airflow/example_dags/example_task_group.py
[2024-02-29T18:58:54.798+0530] {processor.py:830} INFO - Processing file /home/arun/.local/lib/python3.10/site-packages/airflow/example_dags/example_task_group.py for tasks to queue
[2024-02-29T18:58:54.799+0530] {logging_mixin.py:188} INFO - [2024-02-29T18:58:54.799+0530] {dagbag.py:538} INFO - Filling up the DagBag from /home/arun/.local/lib/python3.10/site-packages/airflow/example_dags/example_task_group.py
[2024-02-29T18:58:54.812+0530] {processor.py:840} INFO - DAG(s) 'example_task_group' retrieved from /home/arun/.local/lib/python3.10/site-packages/airflow/example_dags/example_task_group.py
[2024-02-29T18:58:54.841+0530] {logging_mixin.py:188} INFO - [2024-02-29T18:58:54.840+0530] {dag.py:3036} INFO - Sync 1 DAGs
[2024-02-29T18:58:54.885+0530] {logging_mixin.py:188} INFO - [2024-02-29T18:58:54.885+0530] {dag.py:3823} INFO - Setting next_dagrun for example_task_group to 2024-02-28 00:00:00+00:00, run_after=2024-02-29 00:00:00+00:00
[2024-02-29T18:58:54.950+0530] {processor.py:183} INFO - Processing /home/arun/.local/lib/python3.10/site-packages/airflow/example_dags/example_task_group.py took 0.179 seconds
[2024-02-29T18:59:52.343+0530] {processor.py:161} INFO - Started process (PID=9807) to work on /home/arun/.local/lib/python3.10/site-packages/airflow/example_dags/example_task_group.py
[2024-02-29T18:59:52.380+0530] {processor.py:830} INFO - Processing file /home/arun/.local/lib/python3.10/site-packages/airflow/example_dags/example_task_group.py for tasks to queue
[2024-02-29T18:59:52.381+0530] {logging_mixin.py:188} INFO - [2024-02-29T18:59:52.380+0530] {dagbag.py:538} INFO - Filling up the DagBag from /home/arun/.local/lib/python3.10/site-packages/airflow/example_dags/example_task_group.py
[2024-02-29T18:59:52.402+0530] {processor.py:840} INFO - DAG(s) 'example_task_group' retrieved from /home/arun/.local/lib/python3.10/site-packages/airflow/example_dags/example_task_group.py
[2024-02-29T18:59:52.426+0530] {logging_mixin.py:188} INFO - [2024-02-29T18:59:52.426+0530] {dag.py:3036} INFO - Sync 1 DAGs
[2024-02-29T18:59:52.461+0530] {logging_mixin.py:188} INFO - [2024-02-29T18:59:52.461+0530] {dag.py:3823} INFO - Setting next_dagrun for example_task_group to 2024-02-28 00:00:00+00:00, run_after=2024-02-29 00:00:00+00:00
[2024-02-29T18:59:52.503+0530] {processor.py:183} INFO - Processing /home/arun/.local/lib/python3.10/site-packages/airflow/example_dags/example_task_group.py took 0.163 seconds
[2024-02-29T19:00:41.140+0530] {processor.py:161} INFO - Started process (PID=9890) to work on /home/arun/.local/lib/python3.10/site-packages/airflow/example_dags/example_task_group.py
[2024-02-29T19:00:41.141+0530] {processor.py:830} INFO - Processing file /home/arun/.local/lib/python3.10/site-packages/airflow/example_dags/example_task_group.py for tasks to queue
[2024-02-29T19:00:41.144+0530] {logging_mixin.py:188} INFO - [2024-02-29T19:00:41.143+0530] {dagbag.py:538} INFO - Filling up the DagBag from /home/arun/.local/lib/python3.10/site-packages/airflow/example_dags/example_task_group.py
[2024-02-29T19:00:41.157+0530] {processor.py:840} INFO - DAG(s) 'example_task_group' retrieved from /home/arun/.local/lib/python3.10/site-packages/airflow/example_dags/example_task_group.py
[2024-02-29T19:00:41.182+0530] {logging_mixin.py:188} INFO - [2024-02-29T19:00:41.182+0530] {dag.py:3036} INFO - Sync 1 DAGs
[2024-02-29T19:00:41.217+0530] {logging_mixin.py:188} INFO - [2024-02-29T19:00:41.217+0530] {dag.py:3823} INFO - Setting next_dagrun for example_task_group to 2024-02-28 00:00:00+00:00, run_after=2024-02-29 00:00:00+00:00
[2024-02-29T19:00:41.257+0530] {processor.py:183} INFO - Processing /home/arun/.local/lib/python3.10/site-packages/airflow/example_dags/example_task_group.py took 0.122 seconds
[2024-02-29T19:01:33.620+0530] {processor.py:161} INFO - Started process (PID=9973) to work on /home/arun/.local/lib/python3.10/site-packages/airflow/example_dags/example_task_group.py
[2024-02-29T19:01:33.661+0530] {processor.py:830} INFO - Processing file /home/arun/.local/lib/python3.10/site-packages/airflow/example_dags/example_task_group.py for tasks to queue
[2024-02-29T19:01:33.663+0530] {logging_mixin.py:188} INFO - [2024-02-29T19:01:33.662+0530] {dagbag.py:538} INFO - Filling up the DagBag from /home/arun/.local/lib/python3.10/site-packages/airflow/example_dags/example_task_group.py
[2024-02-29T19:01:33.671+0530] {processor.py:840} INFO - DAG(s) 'example_task_group' retrieved from /home/arun/.local/lib/python3.10/site-packages/airflow/example_dags/example_task_group.py
[2024-02-29T19:01:33.687+0530] {logging_mixin.py:188} INFO - [2024-02-29T19:01:33.687+0530] {dag.py:3036} INFO - Sync 1 DAGs
[2024-02-29T19:01:33.709+0530] {logging_mixin.py:188} INFO - [2024-02-29T19:01:33.708+0530] {dag.py:3823} INFO - Setting next_dagrun for example_task_group to 2024-02-28 00:00:00+00:00, run_after=2024-02-29 00:00:00+00:00
[2024-02-29T19:01:33.742+0530] {processor.py:183} INFO - Processing /home/arun/.local/lib/python3.10/site-packages/airflow/example_dags/example_task_group.py took 0.126 seconds
[2024-02-29T19:02:26.647+0530] {processor.py:161} INFO - Started process (PID=10059) to work on /home/arun/.local/lib/python3.10/site-packages/airflow/example_dags/example_task_group.py
[2024-02-29T19:02:26.649+0530] {processor.py:830} INFO - Processing file /home/arun/.local/lib/python3.10/site-packages/airflow/example_dags/example_task_group.py for tasks to queue
[2024-02-29T19:02:26.650+0530] {logging_mixin.py:188} INFO - [2024-02-29T19:02:26.650+0530] {dagbag.py:538} INFO - Filling up the DagBag from /home/arun/.local/lib/python3.10/site-packages/airflow/example_dags/example_task_group.py
[2024-02-29T19:02:26.663+0530] {processor.py:840} INFO - DAG(s) 'example_task_group' retrieved from /home/arun/.local/lib/python3.10/site-packages/airflow/example_dags/example_task_group.py
[2024-02-29T19:02:26.686+0530] {logging_mixin.py:188} INFO - [2024-02-29T19:02:26.686+0530] {dag.py:3036} INFO - Sync 1 DAGs
[2024-02-29T19:02:26.713+0530] {logging_mixin.py:188} INFO - [2024-02-29T19:02:26.713+0530] {dag.py:3823} INFO - Setting next_dagrun for example_task_group to 2024-02-28 00:00:00+00:00, run_after=2024-02-29 00:00:00+00:00
[2024-02-29T19:02:26.807+0530] {processor.py:183} INFO - Processing /home/arun/.local/lib/python3.10/site-packages/airflow/example_dags/example_task_group.py took 0.165 seconds
[2024-02-29T19:03:15.704+0530] {processor.py:161} INFO - Started process (PID=10139) to work on /home/arun/.local/lib/python3.10/site-packages/airflow/example_dags/example_task_group.py
[2024-02-29T19:03:15.706+0530] {processor.py:830} INFO - Processing file /home/arun/.local/lib/python3.10/site-packages/airflow/example_dags/example_task_group.py for tasks to queue
[2024-02-29T19:03:15.707+0530] {logging_mixin.py:188} INFO - [2024-02-29T19:03:15.707+0530] {dagbag.py:538} INFO - Filling up the DagBag from /home/arun/.local/lib/python3.10/site-packages/airflow/example_dags/example_task_group.py
[2024-02-29T19:03:15.718+0530] {processor.py:840} INFO - DAG(s) 'example_task_group' retrieved from /home/arun/.local/lib/python3.10/site-packages/airflow/example_dags/example_task_group.py
[2024-02-29T19:03:15.738+0530] {logging_mixin.py:188} INFO - [2024-02-29T19:03:15.738+0530] {dag.py:3036} INFO - Sync 1 DAGs
[2024-02-29T19:03:15.761+0530] {logging_mixin.py:188} INFO - [2024-02-29T19:03:15.761+0530] {dag.py:3823} INFO - Setting next_dagrun for example_task_group to 2024-02-28 00:00:00+00:00, run_after=2024-02-29 00:00:00+00:00
[2024-02-29T19:03:15.794+0530] {processor.py:183} INFO - Processing /home/arun/.local/lib/python3.10/site-packages/airflow/example_dags/example_task_group.py took 0.094 seconds
[2024-02-29T19:04:03.208+0530] {processor.py:161} INFO - Started process (PID=10215) to work on /home/arun/.local/lib/python3.10/site-packages/airflow/example_dags/example_task_group.py
[2024-02-29T19:04:03.247+0530] {processor.py:830} INFO - Processing file /home/arun/.local/lib/python3.10/site-packages/airflow/example_dags/example_task_group.py for tasks to queue
[2024-02-29T19:04:03.248+0530] {logging_mixin.py:188} INFO - [2024-02-29T19:04:03.248+0530] {dagbag.py:538} INFO - Filling up the DagBag from /home/arun/.local/lib/python3.10/site-packages/airflow/example_dags/example_task_group.py
[2024-02-29T19:04:03.259+0530] {processor.py:840} INFO - DAG(s) 'example_task_group' retrieved from /home/arun/.local/lib/python3.10/site-packages/airflow/example_dags/example_task_group.py
[2024-02-29T19:04:03.284+0530] {logging_mixin.py:188} INFO - [2024-02-29T19:04:03.284+0530] {dag.py:3036} INFO - Sync 1 DAGs
[2024-02-29T19:04:03.317+0530] {logging_mixin.py:188} INFO - [2024-02-29T19:04:03.317+0530] {dag.py:3823} INFO - Setting next_dagrun for example_task_group to 2024-02-28 00:00:00+00:00, run_after=2024-02-29 00:00:00+00:00
[2024-02-29T19:04:03.355+0530] {processor.py:183} INFO - Processing /home/arun/.local/lib/python3.10/site-packages/airflow/example_dags/example_task_group.py took 0.153 seconds
[2024-02-29T19:04:50.981+0530] {processor.py:161} INFO - Started process (PID=10316) to work on /home/arun/.local/lib/python3.10/site-packages/airflow/example_dags/example_task_group.py
[2024-02-29T19:04:50.984+0530] {processor.py:830} INFO - Processing file /home/arun/.local/lib/python3.10/site-packages/airflow/example_dags/example_task_group.py for tasks to queue
[2024-02-29T19:04:50.985+0530] {logging_mixin.py:188} INFO - [2024-02-29T19:04:50.984+0530] {dagbag.py:538} INFO - Filling up the DagBag from /home/arun/.local/lib/python3.10/site-packages/airflow/example_dags/example_task_group.py
[2024-02-29T19:04:50.994+0530] {processor.py:840} INFO - DAG(s) 'example_task_group' retrieved from /home/arun/.local/lib/python3.10/site-packages/airflow/example_dags/example_task_group.py
[2024-02-29T19:04:51.014+0530] {logging_mixin.py:188} INFO - [2024-02-29T19:04:51.014+0530] {dag.py:3036} INFO - Sync 1 DAGs
[2024-02-29T19:04:51.037+0530] {logging_mixin.py:188} INFO - [2024-02-29T19:04:51.037+0530] {dag.py:3823} INFO - Setting next_dagrun for example_task_group to 2024-02-28 00:00:00+00:00, run_after=2024-02-29 00:00:00+00:00
[2024-02-29T19:04:51.068+0530] {processor.py:183} INFO - Processing /home/arun/.local/lib/python3.10/site-packages/airflow/example_dags/example_task_group.py took 0.091 seconds
[2024-02-29T19:06:04.087+0530] {processor.py:161} INFO - Started process (PID=10555) to work on /home/arun/.local/lib/python3.10/site-packages/airflow/example_dags/example_task_group.py
[2024-02-29T19:06:04.126+0530] {processor.py:830} INFO - Processing file /home/arun/.local/lib/python3.10/site-packages/airflow/example_dags/example_task_group.py for tasks to queue
[2024-02-29T19:06:04.140+0530] {logging_mixin.py:188} INFO - [2024-02-29T19:06:04.133+0530] {dagbag.py:538} INFO - Filling up the DagBag from /home/arun/.local/lib/python3.10/site-packages/airflow/example_dags/example_task_group.py
[2024-02-29T19:06:04.190+0530] {processor.py:840} INFO - DAG(s) 'example_task_group' retrieved from /home/arun/.local/lib/python3.10/site-packages/airflow/example_dags/example_task_group.py
[2024-02-29T19:06:04.237+0530] {logging_mixin.py:188} INFO - [2024-02-29T19:06:04.236+0530] {dag.py:3036} INFO - Sync 1 DAGs
[2024-02-29T19:06:04.285+0530] {logging_mixin.py:188} INFO - [2024-02-29T19:06:04.284+0530] {dag.py:3823} INFO - Setting next_dagrun for example_task_group to 2024-02-28 00:00:00+00:00, run_after=2024-02-29 00:00:00+00:00
[2024-02-29T19:06:04.671+0530] {processor.py:183} INFO - Processing /home/arun/.local/lib/python3.10/site-packages/airflow/example_dags/example_task_group.py took 0.678 seconds
[2024-02-29T19:06:58.785+0530] {processor.py:161} INFO - Started process (PID=10722) to work on /home/arun/.local/lib/python3.10/site-packages/airflow/example_dags/example_task_group.py
[2024-02-29T19:06:58.864+0530] {processor.py:830} INFO - Processing file /home/arun/.local/lib/python3.10/site-packages/airflow/example_dags/example_task_group.py for tasks to queue
[2024-02-29T19:06:58.865+0530] {logging_mixin.py:188} INFO - [2024-02-29T19:06:58.864+0530] {dagbag.py:538} INFO - Filling up the DagBag from /home/arun/.local/lib/python3.10/site-packages/airflow/example_dags/example_task_group.py
[2024-02-29T19:06:58.873+0530] {processor.py:840} INFO - DAG(s) 'example_task_group' retrieved from /home/arun/.local/lib/python3.10/site-packages/airflow/example_dags/example_task_group.py
[2024-02-29T19:06:58.890+0530] {logging_mixin.py:188} INFO - [2024-02-29T19:06:58.890+0530] {dag.py:3036} INFO - Sync 1 DAGs
[2024-02-29T19:06:58.916+0530] {logging_mixin.py:188} INFO - [2024-02-29T19:06:58.915+0530] {dag.py:3823} INFO - Setting next_dagrun for example_task_group to 2024-02-28 00:00:00+00:00, run_after=2024-02-29 00:00:00+00:00
[2024-02-29T19:06:58.949+0530] {processor.py:183} INFO - Processing /home/arun/.local/lib/python3.10/site-packages/airflow/example_dags/example_task_group.py took 0.167 seconds
