[2024-02-29T18:16:13.826+0530] {processor.py:161} INFO - Started process (PID=5208) to work on /home/arun/.local/lib/python3.10/site-packages/airflow/example_dags/example_branch_operator_decorator.py
[2024-02-29T18:16:13.828+0530] {processor.py:830} INFO - Processing file /home/arun/.local/lib/python3.10/site-packages/airflow/example_dags/example_branch_operator_decorator.py for tasks to queue
[2024-02-29T18:16:13.829+0530] {logging_mixin.py:188} INFO - [2024-02-29T18:16:13.829+0530] {dagbag.py:538} INFO - Filling up the DagBag from /home/arun/.local/lib/python3.10/site-packages/airflow/example_dags/example_branch_operator_decorator.py
[2024-02-29T18:16:13.895+0530] {processor.py:840} INFO - DAG(s) 'example_branch_python_operator_decorator' retrieved from /home/arun/.local/lib/python3.10/site-packages/airflow/example_dags/example_branch_operator_decorator.py
[2024-02-29T18:16:14.482+0530] {logging_mixin.py:188} INFO - [2024-02-29T18:16:14.482+0530] {dag.py:3036} INFO - Sync 1 DAGs
[2024-02-29T18:16:14.516+0530] {logging_mixin.py:188} INFO - [2024-02-29T18:16:14.513+0530] {dag.py:3823} INFO - Setting next_dagrun for example_branch_python_operator_decorator to 2024-02-28 00:00:00+00:00, run_after=2024-02-29 00:00:00+00:00
[2024-02-29T18:16:14.609+0530] {processor.py:183} INFO - Processing /home/arun/.local/lib/python3.10/site-packages/airflow/example_dags/example_branch_operator_decorator.py took 0.788 seconds
[2024-02-29T18:17:59.538+0530] {processor.py:161} INFO - Started process (PID=5342) to work on /home/arun/.local/lib/python3.10/site-packages/airflow/example_dags/example_branch_operator_decorator.py
[2024-02-29T18:17:59.570+0530] {processor.py:830} INFO - Processing file /home/arun/.local/lib/python3.10/site-packages/airflow/example_dags/example_branch_operator_decorator.py for tasks to queue
[2024-02-29T18:17:59.572+0530] {logging_mixin.py:188} INFO - [2024-02-29T18:17:59.571+0530] {dagbag.py:538} INFO - Filling up the DagBag from /home/arun/.local/lib/python3.10/site-packages/airflow/example_dags/example_branch_operator_decorator.py
[2024-02-29T18:17:59.936+0530] {processor.py:840} INFO - DAG(s) 'example_branch_python_operator_decorator' retrieved from /home/arun/.local/lib/python3.10/site-packages/airflow/example_dags/example_branch_operator_decorator.py
[2024-02-29T18:18:00.003+0530] {logging_mixin.py:188} INFO - [2024-02-29T18:18:00.002+0530] {dag.py:3036} INFO - Sync 1 DAGs
[2024-02-29T18:18:00.048+0530] {logging_mixin.py:188} INFO - [2024-02-29T18:18:00.047+0530] {dag.py:3823} INFO - Setting next_dagrun for example_branch_python_operator_decorator to 2024-02-28 00:00:00+00:00, run_after=2024-02-29 00:00:00+00:00
[2024-02-29T18:18:00.189+0530] {processor.py:183} INFO - Processing /home/arun/.local/lib/python3.10/site-packages/airflow/example_dags/example_branch_operator_decorator.py took 0.668 seconds
[2024-02-29T18:20:11.386+0530] {processor.py:161} INFO - Started process (PID=5464) to work on /home/arun/.local/lib/python3.10/site-packages/airflow/example_dags/example_branch_operator_decorator.py
[2024-02-29T18:20:11.428+0530] {processor.py:830} INFO - Processing file /home/arun/.local/lib/python3.10/site-packages/airflow/example_dags/example_branch_operator_decorator.py for tasks to queue
[2024-02-29T18:20:11.430+0530] {logging_mixin.py:188} INFO - [2024-02-29T18:20:11.429+0530] {dagbag.py:538} INFO - Filling up the DagBag from /home/arun/.local/lib/python3.10/site-packages/airflow/example_dags/example_branch_operator_decorator.py
[2024-02-29T18:20:11.500+0530] {processor.py:840} INFO - DAG(s) 'example_branch_python_operator_decorator' retrieved from /home/arun/.local/lib/python3.10/site-packages/airflow/example_dags/example_branch_operator_decorator.py
[2024-02-29T18:20:11.571+0530] {logging_mixin.py:188} INFO - [2024-02-29T18:20:11.571+0530] {dag.py:3036} INFO - Sync 1 DAGs
[2024-02-29T18:20:11.605+0530] {logging_mixin.py:188} INFO - [2024-02-29T18:20:11.605+0530] {dag.py:3823} INFO - Setting next_dagrun for example_branch_python_operator_decorator to 2024-02-28 00:00:00+00:00, run_after=2024-02-29 00:00:00+00:00
[2024-02-29T18:20:11.636+0530] {processor.py:183} INFO - Processing /home/arun/.local/lib/python3.10/site-packages/airflow/example_dags/example_branch_operator_decorator.py took 0.254 seconds
[2024-02-29T18:21:25.704+0530] {processor.py:161} INFO - Started process (PID=5587) to work on /home/arun/.local/lib/python3.10/site-packages/airflow/example_dags/example_branch_operator_decorator.py
[2024-02-29T18:21:25.706+0530] {processor.py:830} INFO - Processing file /home/arun/.local/lib/python3.10/site-packages/airflow/example_dags/example_branch_operator_decorator.py for tasks to queue
[2024-02-29T18:21:25.708+0530] {logging_mixin.py:188} INFO - [2024-02-29T18:21:25.707+0530] {dagbag.py:538} INFO - Filling up the DagBag from /home/arun/.local/lib/python3.10/site-packages/airflow/example_dags/example_branch_operator_decorator.py
[2024-02-29T18:21:25.766+0530] {processor.py:840} INFO - DAG(s) 'example_branch_python_operator_decorator' retrieved from /home/arun/.local/lib/python3.10/site-packages/airflow/example_dags/example_branch_operator_decorator.py
[2024-02-29T18:21:25.795+0530] {logging_mixin.py:188} INFO - [2024-02-29T18:21:25.795+0530] {dag.py:3036} INFO - Sync 1 DAGs
[2024-02-29T18:21:25.818+0530] {logging_mixin.py:188} INFO - [2024-02-29T18:21:25.817+0530] {dag.py:3823} INFO - Setting next_dagrun for example_branch_python_operator_decorator to 2024-02-28 00:00:00+00:00, run_after=2024-02-29 00:00:00+00:00
[2024-02-29T18:21:25.846+0530] {processor.py:183} INFO - Processing /home/arun/.local/lib/python3.10/site-packages/airflow/example_dags/example_branch_operator_decorator.py took 0.153 seconds
[2024-02-29T18:22:22.854+0530] {processor.py:161} INFO - Started process (PID=5687) to work on /home/arun/.local/lib/python3.10/site-packages/airflow/example_dags/example_branch_operator_decorator.py
[2024-02-29T18:22:22.856+0530] {processor.py:830} INFO - Processing file /home/arun/.local/lib/python3.10/site-packages/airflow/example_dags/example_branch_operator_decorator.py for tasks to queue
[2024-02-29T18:22:22.858+0530] {logging_mixin.py:188} INFO - [2024-02-29T18:22:22.857+0530] {dagbag.py:538} INFO - Filling up the DagBag from /home/arun/.local/lib/python3.10/site-packages/airflow/example_dags/example_branch_operator_decorator.py
[2024-02-29T18:22:22.955+0530] {processor.py:840} INFO - DAG(s) 'example_branch_python_operator_decorator' retrieved from /home/arun/.local/lib/python3.10/site-packages/airflow/example_dags/example_branch_operator_decorator.py
[2024-02-29T18:22:23.047+0530] {logging_mixin.py:188} INFO - [2024-02-29T18:22:23.046+0530] {dag.py:3036} INFO - Sync 1 DAGs
[2024-02-29T18:22:23.094+0530] {logging_mixin.py:188} INFO - [2024-02-29T18:22:23.091+0530] {dag.py:3823} INFO - Setting next_dagrun for example_branch_python_operator_decorator to 2024-02-28 00:00:00+00:00, run_after=2024-02-29 00:00:00+00:00
[2024-02-29T18:22:23.210+0530] {processor.py:183} INFO - Processing /home/arun/.local/lib/python3.10/site-packages/airflow/example_dags/example_branch_operator_decorator.py took 0.363 seconds
[2024-02-29T18:23:19.725+0530] {processor.py:161} INFO - Started process (PID=5773) to work on /home/arun/.local/lib/python3.10/site-packages/airflow/example_dags/example_branch_operator_decorator.py
[2024-02-29T18:23:19.729+0530] {processor.py:830} INFO - Processing file /home/arun/.local/lib/python3.10/site-packages/airflow/example_dags/example_branch_operator_decorator.py for tasks to queue
[2024-02-29T18:23:19.730+0530] {logging_mixin.py:188} INFO - [2024-02-29T18:23:19.730+0530] {dagbag.py:538} INFO - Filling up the DagBag from /home/arun/.local/lib/python3.10/site-packages/airflow/example_dags/example_branch_operator_decorator.py
[2024-02-29T18:23:19.769+0530] {processor.py:840} INFO - DAG(s) 'example_branch_python_operator_decorator' retrieved from /home/arun/.local/lib/python3.10/site-packages/airflow/example_dags/example_branch_operator_decorator.py
[2024-02-29T18:23:19.812+0530] {logging_mixin.py:188} INFO - [2024-02-29T18:23:19.811+0530] {dag.py:3036} INFO - Sync 1 DAGs
[2024-02-29T18:23:19.838+0530] {logging_mixin.py:188} INFO - [2024-02-29T18:23:19.838+0530] {dag.py:3823} INFO - Setting next_dagrun for example_branch_python_operator_decorator to 2024-02-28 00:00:00+00:00, run_after=2024-02-29 00:00:00+00:00
[2024-02-29T18:23:19.867+0530] {processor.py:183} INFO - Processing /home/arun/.local/lib/python3.10/site-packages/airflow/example_dags/example_branch_operator_decorator.py took 0.147 seconds
[2024-02-29T18:24:10.782+0530] {processor.py:161} INFO - Started process (PID=5878) to work on /home/arun/.local/lib/python3.10/site-packages/airflow/example_dags/example_branch_operator_decorator.py
[2024-02-29T18:24:10.819+0530] {processor.py:830} INFO - Processing file /home/arun/.local/lib/python3.10/site-packages/airflow/example_dags/example_branch_operator_decorator.py for tasks to queue
[2024-02-29T18:24:10.823+0530] {logging_mixin.py:188} INFO - [2024-02-29T18:24:10.821+0530] {dagbag.py:538} INFO - Filling up the DagBag from /home/arun/.local/lib/python3.10/site-packages/airflow/example_dags/example_branch_operator_decorator.py
[2024-02-29T18:24:10.848+0530] {processor.py:840} INFO - DAG(s) 'example_branch_python_operator_decorator' retrieved from /home/arun/.local/lib/python3.10/site-packages/airflow/example_dags/example_branch_operator_decorator.py
[2024-02-29T18:24:10.871+0530] {logging_mixin.py:188} INFO - [2024-02-29T18:24:10.870+0530] {dag.py:3036} INFO - Sync 1 DAGs
[2024-02-29T18:24:10.897+0530] {logging_mixin.py:188} INFO - [2024-02-29T18:24:10.897+0530] {dag.py:3823} INFO - Setting next_dagrun for example_branch_python_operator_decorator to 2024-02-28 00:00:00+00:00, run_after=2024-02-29 00:00:00+00:00
[2024-02-29T18:24:10.944+0530] {processor.py:183} INFO - Processing /home/arun/.local/lib/python3.10/site-packages/airflow/example_dags/example_branch_operator_decorator.py took 0.165 seconds
[2024-02-29T18:25:25.700+0530] {processor.py:161} INFO - Started process (PID=5992) to work on /home/arun/.local/lib/python3.10/site-packages/airflow/example_dags/example_branch_operator_decorator.py
[2024-02-29T18:25:25.703+0530] {processor.py:830} INFO - Processing file /home/arun/.local/lib/python3.10/site-packages/airflow/example_dags/example_branch_operator_decorator.py for tasks to queue
[2024-02-29T18:25:25.704+0530] {logging_mixin.py:188} INFO - [2024-02-29T18:25:25.704+0530] {dagbag.py:538} INFO - Filling up the DagBag from /home/arun/.local/lib/python3.10/site-packages/airflow/example_dags/example_branch_operator_decorator.py
[2024-02-29T18:25:25.738+0530] {processor.py:840} INFO - DAG(s) 'example_branch_python_operator_decorator' retrieved from /home/arun/.local/lib/python3.10/site-packages/airflow/example_dags/example_branch_operator_decorator.py
[2024-02-29T18:25:25.768+0530] {logging_mixin.py:188} INFO - [2024-02-29T18:25:25.768+0530] {dag.py:3036} INFO - Sync 1 DAGs
[2024-02-29T18:25:25.796+0530] {logging_mixin.py:188} INFO - [2024-02-29T18:25:25.796+0530] {dag.py:3823} INFO - Setting next_dagrun for example_branch_python_operator_decorator to 2024-02-28 00:00:00+00:00, run_after=2024-02-29 00:00:00+00:00
[2024-02-29T18:25:25.829+0530] {processor.py:183} INFO - Processing /home/arun/.local/lib/python3.10/site-packages/airflow/example_dags/example_branch_operator_decorator.py took 0.134 seconds
[2024-02-29T18:26:35.738+0530] {processor.py:161} INFO - Started process (PID=6102) to work on /home/arun/.local/lib/python3.10/site-packages/airflow/example_dags/example_branch_operator_decorator.py
[2024-02-29T18:26:35.780+0530] {processor.py:830} INFO - Processing file /home/arun/.local/lib/python3.10/site-packages/airflow/example_dags/example_branch_operator_decorator.py for tasks to queue
[2024-02-29T18:26:35.783+0530] {logging_mixin.py:188} INFO - [2024-02-29T18:26:35.782+0530] {dagbag.py:538} INFO - Filling up the DagBag from /home/arun/.local/lib/python3.10/site-packages/airflow/example_dags/example_branch_operator_decorator.py
[2024-02-29T18:26:35.873+0530] {processor.py:840} INFO - DAG(s) 'example_branch_python_operator_decorator' retrieved from /home/arun/.local/lib/python3.10/site-packages/airflow/example_dags/example_branch_operator_decorator.py
[2024-02-29T18:26:35.950+0530] {logging_mixin.py:188} INFO - [2024-02-29T18:26:35.950+0530] {dag.py:3036} INFO - Sync 1 DAGs
[2024-02-29T18:26:35.984+0530] {logging_mixin.py:188} INFO - [2024-02-29T18:26:35.983+0530] {dag.py:3823} INFO - Setting next_dagrun for example_branch_python_operator_decorator to 2024-02-28 00:00:00+00:00, run_after=2024-02-29 00:00:00+00:00
[2024-02-29T18:26:36.016+0530] {processor.py:183} INFO - Processing /home/arun/.local/lib/python3.10/site-packages/airflow/example_dags/example_branch_operator_decorator.py took 0.285 seconds
[2024-02-29T18:27:40.891+0530] {processor.py:161} INFO - Started process (PID=6215) to work on /home/arun/.local/lib/python3.10/site-packages/airflow/example_dags/example_branch_operator_decorator.py
[2024-02-29T18:27:41.080+0530] {processor.py:830} INFO - Processing file /home/arun/.local/lib/python3.10/site-packages/airflow/example_dags/example_branch_operator_decorator.py for tasks to queue
[2024-02-29T18:27:41.081+0530] {logging_mixin.py:188} INFO - [2024-02-29T18:27:41.081+0530] {dagbag.py:538} INFO - Filling up the DagBag from /home/arun/.local/lib/python3.10/site-packages/airflow/example_dags/example_branch_operator_decorator.py
[2024-02-29T18:27:41.213+0530] {processor.py:840} INFO - DAG(s) 'example_branch_python_operator_decorator' retrieved from /home/arun/.local/lib/python3.10/site-packages/airflow/example_dags/example_branch_operator_decorator.py
[2024-02-29T18:27:41.335+0530] {logging_mixin.py:188} INFO - [2024-02-29T18:27:41.335+0530] {dag.py:3036} INFO - Sync 1 DAGs
[2024-02-29T18:27:41.410+0530] {logging_mixin.py:188} INFO - [2024-02-29T18:27:41.409+0530] {dag.py:3823} INFO - Setting next_dagrun for example_branch_python_operator_decorator to 2024-02-28 00:00:00+00:00, run_after=2024-02-29 00:00:00+00:00
[2024-02-29T18:27:41.498+0530] {processor.py:183} INFO - Processing /home/arun/.local/lib/python3.10/site-packages/airflow/example_dags/example_branch_operator_decorator.py took 0.647 seconds
[2024-02-29T18:28:59.084+0530] {processor.py:161} INFO - Started process (PID=6343) to work on /home/arun/.local/lib/python3.10/site-packages/airflow/example_dags/example_branch_operator_decorator.py
[2024-02-29T18:28:59.086+0530] {processor.py:830} INFO - Processing file /home/arun/.local/lib/python3.10/site-packages/airflow/example_dags/example_branch_operator_decorator.py for tasks to queue
[2024-02-29T18:28:59.088+0530] {logging_mixin.py:188} INFO - [2024-02-29T18:28:59.087+0530] {dagbag.py:538} INFO - Filling up the DagBag from /home/arun/.local/lib/python3.10/site-packages/airflow/example_dags/example_branch_operator_decorator.py
[2024-02-29T18:28:59.135+0530] {processor.py:840} INFO - DAG(s) 'example_branch_python_operator_decorator' retrieved from /home/arun/.local/lib/python3.10/site-packages/airflow/example_dags/example_branch_operator_decorator.py
[2024-02-29T18:28:59.207+0530] {logging_mixin.py:188} INFO - [2024-02-29T18:28:59.206+0530] {dag.py:3036} INFO - Sync 1 DAGs
[2024-02-29T18:28:59.245+0530] {logging_mixin.py:188} INFO - [2024-02-29T18:28:59.245+0530] {dag.py:3823} INFO - Setting next_dagrun for example_branch_python_operator_decorator to 2024-02-28 00:00:00+00:00, run_after=2024-02-29 00:00:00+00:00
[2024-02-29T18:28:59.284+0530] {processor.py:183} INFO - Processing /home/arun/.local/lib/python3.10/site-packages/airflow/example_dags/example_branch_operator_decorator.py took 0.206 seconds
[2024-02-29T18:29:59.757+0530] {processor.py:161} INFO - Started process (PID=6449) to work on /home/arun/.local/lib/python3.10/site-packages/airflow/example_dags/example_branch_operator_decorator.py
[2024-02-29T18:29:59.759+0530] {processor.py:830} INFO - Processing file /home/arun/.local/lib/python3.10/site-packages/airflow/example_dags/example_branch_operator_decorator.py for tasks to queue
[2024-02-29T18:29:59.761+0530] {logging_mixin.py:188} INFO - [2024-02-29T18:29:59.760+0530] {dagbag.py:538} INFO - Filling up the DagBag from /home/arun/.local/lib/python3.10/site-packages/airflow/example_dags/example_branch_operator_decorator.py
[2024-02-29T18:29:59.799+0530] {processor.py:840} INFO - DAG(s) 'example_branch_python_operator_decorator' retrieved from /home/arun/.local/lib/python3.10/site-packages/airflow/example_dags/example_branch_operator_decorator.py
[2024-02-29T18:29:59.845+0530] {logging_mixin.py:188} INFO - [2024-02-29T18:29:59.845+0530] {dag.py:3036} INFO - Sync 1 DAGs
[2024-02-29T18:29:59.884+0530] {logging_mixin.py:188} INFO - [2024-02-29T18:29:59.883+0530] {dag.py:3823} INFO - Setting next_dagrun for example_branch_python_operator_decorator to 2024-02-28 00:00:00+00:00, run_after=2024-02-29 00:00:00+00:00
[2024-02-29T18:30:00.073+0530] {processor.py:183} INFO - Processing /home/arun/.local/lib/python3.10/site-packages/airflow/example_dags/example_branch_operator_decorator.py took 0.321 seconds
[2024-02-29T18:31:00.314+0530] {processor.py:161} INFO - Started process (PID=6543) to work on /home/arun/.local/lib/python3.10/site-packages/airflow/example_dags/example_branch_operator_decorator.py
[2024-02-29T18:31:00.316+0530] {processor.py:830} INFO - Processing file /home/arun/.local/lib/python3.10/site-packages/airflow/example_dags/example_branch_operator_decorator.py for tasks to queue
[2024-02-29T18:31:00.317+0530] {logging_mixin.py:188} INFO - [2024-02-29T18:31:00.317+0530] {dagbag.py:538} INFO - Filling up the DagBag from /home/arun/.local/lib/python3.10/site-packages/airflow/example_dags/example_branch_operator_decorator.py
[2024-02-29T18:31:00.347+0530] {processor.py:840} INFO - DAG(s) 'example_branch_python_operator_decorator' retrieved from /home/arun/.local/lib/python3.10/site-packages/airflow/example_dags/example_branch_operator_decorator.py
[2024-02-29T18:31:00.389+0530] {logging_mixin.py:188} INFO - [2024-02-29T18:31:00.388+0530] {dag.py:3036} INFO - Sync 1 DAGs
[2024-02-29T18:31:00.434+0530] {logging_mixin.py:188} INFO - [2024-02-29T18:31:00.433+0530] {dag.py:3823} INFO - Setting next_dagrun for example_branch_python_operator_decorator to 2024-02-28 00:00:00+00:00, run_after=2024-02-29 00:00:00+00:00
[2024-02-29T18:31:00.483+0530] {processor.py:183} INFO - Processing /home/arun/.local/lib/python3.10/site-packages/airflow/example_dags/example_branch_operator_decorator.py took 0.172 seconds
[2024-02-29T18:32:14.143+0530] {processor.py:161} INFO - Started process (PID=6661) to work on /home/arun/.local/lib/python3.10/site-packages/airflow/example_dags/example_branch_operator_decorator.py
[2024-02-29T18:32:14.145+0530] {processor.py:830} INFO - Processing file /home/arun/.local/lib/python3.10/site-packages/airflow/example_dags/example_branch_operator_decorator.py for tasks to queue
[2024-02-29T18:32:14.146+0530] {logging_mixin.py:188} INFO - [2024-02-29T18:32:14.146+0530] {dagbag.py:538} INFO - Filling up the DagBag from /home/arun/.local/lib/python3.10/site-packages/airflow/example_dags/example_branch_operator_decorator.py
[2024-02-29T18:32:14.174+0530] {processor.py:840} INFO - DAG(s) 'example_branch_python_operator_decorator' retrieved from /home/arun/.local/lib/python3.10/site-packages/airflow/example_dags/example_branch_operator_decorator.py
[2024-02-29T18:32:14.201+0530] {logging_mixin.py:188} INFO - [2024-02-29T18:32:14.201+0530] {dag.py:3036} INFO - Sync 1 DAGs
[2024-02-29T18:32:14.233+0530] {logging_mixin.py:188} INFO - [2024-02-29T18:32:14.233+0530] {dag.py:3823} INFO - Setting next_dagrun for example_branch_python_operator_decorator to 2024-02-28 00:00:00+00:00, run_after=2024-02-29 00:00:00+00:00
[2024-02-29T18:32:14.268+0530] {processor.py:183} INFO - Processing /home/arun/.local/lib/python3.10/site-packages/airflow/example_dags/example_branch_operator_decorator.py took 0.129 seconds
[2024-02-29T18:33:32.506+0530] {processor.py:161} INFO - Started process (PID=6791) to work on /home/arun/.local/lib/python3.10/site-packages/airflow/example_dags/example_branch_operator_decorator.py
[2024-02-29T18:33:32.507+0530] {processor.py:830} INFO - Processing file /home/arun/.local/lib/python3.10/site-packages/airflow/example_dags/example_branch_operator_decorator.py for tasks to queue
[2024-02-29T18:33:32.508+0530] {logging_mixin.py:188} INFO - [2024-02-29T18:33:32.508+0530] {dagbag.py:538} INFO - Filling up the DagBag from /home/arun/.local/lib/python3.10/site-packages/airflow/example_dags/example_branch_operator_decorator.py
[2024-02-29T18:33:32.542+0530] {processor.py:840} INFO - DAG(s) 'example_branch_python_operator_decorator' retrieved from /home/arun/.local/lib/python3.10/site-packages/airflow/example_dags/example_branch_operator_decorator.py
[2024-02-29T18:33:32.625+0530] {logging_mixin.py:188} INFO - [2024-02-29T18:33:32.624+0530] {dag.py:3036} INFO - Sync 1 DAGs
[2024-02-29T18:33:32.665+0530] {logging_mixin.py:188} INFO - [2024-02-29T18:33:32.665+0530] {dag.py:3823} INFO - Setting next_dagrun for example_branch_python_operator_decorator to 2024-02-28 00:00:00+00:00, run_after=2024-02-29 00:00:00+00:00
[2024-02-29T18:33:32.725+0530] {processor.py:183} INFO - Processing /home/arun/.local/lib/python3.10/site-packages/airflow/example_dags/example_branch_operator_decorator.py took 0.223 seconds
[2024-02-29T18:34:29.014+0530] {processor.py:161} INFO - Started process (PID=6880) to work on /home/arun/.local/lib/python3.10/site-packages/airflow/example_dags/example_branch_operator_decorator.py
[2024-02-29T18:34:29.017+0530] {processor.py:830} INFO - Processing file /home/arun/.local/lib/python3.10/site-packages/airflow/example_dags/example_branch_operator_decorator.py for tasks to queue
[2024-02-29T18:34:29.019+0530] {logging_mixin.py:188} INFO - [2024-02-29T18:34:29.018+0530] {dagbag.py:538} INFO - Filling up the DagBag from /home/arun/.local/lib/python3.10/site-packages/airflow/example_dags/example_branch_operator_decorator.py
[2024-02-29T18:34:29.064+0530] {processor.py:840} INFO - DAG(s) 'example_branch_python_operator_decorator' retrieved from /home/arun/.local/lib/python3.10/site-packages/airflow/example_dags/example_branch_operator_decorator.py
[2024-02-29T18:34:29.162+0530] {logging_mixin.py:188} INFO - [2024-02-29T18:34:29.161+0530] {dag.py:3036} INFO - Sync 1 DAGs
[2024-02-29T18:34:29.194+0530] {logging_mixin.py:188} INFO - [2024-02-29T18:34:29.193+0530] {dag.py:3823} INFO - Setting next_dagrun for example_branch_python_operator_decorator to 2024-02-28 00:00:00+00:00, run_after=2024-02-29 00:00:00+00:00
[2024-02-29T18:34:29.233+0530] {processor.py:183} INFO - Processing /home/arun/.local/lib/python3.10/site-packages/airflow/example_dags/example_branch_operator_decorator.py took 0.246 seconds
[2024-02-29T18:35:50.086+0530] {processor.py:161} INFO - Started process (PID=7008) to work on /home/arun/.local/lib/python3.10/site-packages/airflow/example_dags/example_branch_operator_decorator.py
[2024-02-29T18:35:50.088+0530] {processor.py:830} INFO - Processing file /home/arun/.local/lib/python3.10/site-packages/airflow/example_dags/example_branch_operator_decorator.py for tasks to queue
[2024-02-29T18:35:50.089+0530] {logging_mixin.py:188} INFO - [2024-02-29T18:35:50.089+0530] {dagbag.py:538} INFO - Filling up the DagBag from /home/arun/.local/lib/python3.10/site-packages/airflow/example_dags/example_branch_operator_decorator.py
[2024-02-29T18:35:50.125+0530] {processor.py:840} INFO - DAG(s) 'example_branch_python_operator_decorator' retrieved from /home/arun/.local/lib/python3.10/site-packages/airflow/example_dags/example_branch_operator_decorator.py
[2024-02-29T18:35:50.156+0530] {logging_mixin.py:188} INFO - [2024-02-29T18:35:50.156+0530] {dag.py:3036} INFO - Sync 1 DAGs
[2024-02-29T18:35:50.183+0530] {logging_mixin.py:188} INFO - [2024-02-29T18:35:50.182+0530] {dag.py:3823} INFO - Setting next_dagrun for example_branch_python_operator_decorator to 2024-02-28 00:00:00+00:00, run_after=2024-02-29 00:00:00+00:00
[2024-02-29T18:35:50.226+0530] {processor.py:183} INFO - Processing /home/arun/.local/lib/python3.10/site-packages/airflow/example_dags/example_branch_operator_decorator.py took 0.144 seconds
[2024-02-29T18:36:49.665+0530] {processor.py:161} INFO - Started process (PID=7097) to work on /home/arun/.local/lib/python3.10/site-packages/airflow/example_dags/example_branch_operator_decorator.py
[2024-02-29T18:36:49.669+0530] {processor.py:830} INFO - Processing file /home/arun/.local/lib/python3.10/site-packages/airflow/example_dags/example_branch_operator_decorator.py for tasks to queue
[2024-02-29T18:36:49.671+0530] {logging_mixin.py:188} INFO - [2024-02-29T18:36:49.670+0530] {dagbag.py:538} INFO - Filling up the DagBag from /home/arun/.local/lib/python3.10/site-packages/airflow/example_dags/example_branch_operator_decorator.py
[2024-02-29T18:36:49.711+0530] {processor.py:840} INFO - DAG(s) 'example_branch_python_operator_decorator' retrieved from /home/arun/.local/lib/python3.10/site-packages/airflow/example_dags/example_branch_operator_decorator.py
[2024-02-29T18:36:49.781+0530] {logging_mixin.py:188} INFO - [2024-02-29T18:36:49.780+0530] {dag.py:3036} INFO - Sync 1 DAGs
[2024-02-29T18:36:49.858+0530] {logging_mixin.py:188} INFO - [2024-02-29T18:36:49.858+0530] {dag.py:3823} INFO - Setting next_dagrun for example_branch_python_operator_decorator to 2024-02-28 00:00:00+00:00, run_after=2024-02-29 00:00:00+00:00
[2024-02-29T18:36:50.003+0530] {processor.py:183} INFO - Processing /home/arun/.local/lib/python3.10/site-packages/airflow/example_dags/example_branch_operator_decorator.py took 0.344 seconds
[2024-02-29T18:37:53.158+0530] {processor.py:161} INFO - Started process (PID=7193) to work on /home/arun/.local/lib/python3.10/site-packages/airflow/example_dags/example_branch_operator_decorator.py
[2024-02-29T18:37:53.163+0530] {processor.py:830} INFO - Processing file /home/arun/.local/lib/python3.10/site-packages/airflow/example_dags/example_branch_operator_decorator.py for tasks to queue
[2024-02-29T18:37:53.165+0530] {logging_mixin.py:188} INFO - [2024-02-29T18:37:53.164+0530] {dagbag.py:538} INFO - Filling up the DagBag from /home/arun/.local/lib/python3.10/site-packages/airflow/example_dags/example_branch_operator_decorator.py
[2024-02-29T18:37:53.214+0530] {processor.py:840} INFO - DAG(s) 'example_branch_python_operator_decorator' retrieved from /home/arun/.local/lib/python3.10/site-packages/airflow/example_dags/example_branch_operator_decorator.py
[2024-02-29T18:37:53.246+0530] {logging_mixin.py:188} INFO - [2024-02-29T18:37:53.246+0530] {dag.py:3036} INFO - Sync 1 DAGs
[2024-02-29T18:37:53.275+0530] {logging_mixin.py:188} INFO - [2024-02-29T18:37:53.274+0530] {dag.py:3823} INFO - Setting next_dagrun for example_branch_python_operator_decorator to 2024-02-28 00:00:00+00:00, run_after=2024-02-29 00:00:00+00:00
[2024-02-29T18:37:53.310+0530] {processor.py:183} INFO - Processing /home/arun/.local/lib/python3.10/site-packages/airflow/example_dags/example_branch_operator_decorator.py took 0.160 seconds
[2024-02-29T18:38:51.345+0530] {processor.py:161} INFO - Started process (PID=7372) to work on /home/arun/.local/lib/python3.10/site-packages/airflow/example_dags/example_branch_operator_decorator.py
[2024-02-29T18:38:51.348+0530] {processor.py:830} INFO - Processing file /home/arun/.local/lib/python3.10/site-packages/airflow/example_dags/example_branch_operator_decorator.py for tasks to queue
[2024-02-29T18:38:51.349+0530] {logging_mixin.py:188} INFO - [2024-02-29T18:38:51.348+0530] {dagbag.py:538} INFO - Filling up the DagBag from /home/arun/.local/lib/python3.10/site-packages/airflow/example_dags/example_branch_operator_decorator.py
[2024-02-29T18:38:51.376+0530] {processor.py:840} INFO - DAG(s) 'example_branch_python_operator_decorator' retrieved from /home/arun/.local/lib/python3.10/site-packages/airflow/example_dags/example_branch_operator_decorator.py
[2024-02-29T18:38:51.402+0530] {logging_mixin.py:188} INFO - [2024-02-29T18:38:51.402+0530] {dag.py:3036} INFO - Sync 1 DAGs
[2024-02-29T18:38:51.428+0530] {logging_mixin.py:188} INFO - [2024-02-29T18:38:51.428+0530] {dag.py:3823} INFO - Setting next_dagrun for example_branch_python_operator_decorator to 2024-02-28 00:00:00+00:00, run_after=2024-02-29 00:00:00+00:00
[2024-02-29T18:38:51.474+0530] {processor.py:183} INFO - Processing /home/arun/.local/lib/python3.10/site-packages/airflow/example_dags/example_branch_operator_decorator.py took 0.132 seconds
[2024-02-29T18:39:48.092+0530] {processor.py:161} INFO - Started process (PID=7460) to work on /home/arun/.local/lib/python3.10/site-packages/airflow/example_dags/example_branch_operator_decorator.py
[2024-02-29T18:39:48.094+0530] {processor.py:830} INFO - Processing file /home/arun/.local/lib/python3.10/site-packages/airflow/example_dags/example_branch_operator_decorator.py for tasks to queue
[2024-02-29T18:39:48.095+0530] {logging_mixin.py:188} INFO - [2024-02-29T18:39:48.094+0530] {dagbag.py:538} INFO - Filling up the DagBag from /home/arun/.local/lib/python3.10/site-packages/airflow/example_dags/example_branch_operator_decorator.py
[2024-02-29T18:39:48.132+0530] {processor.py:840} INFO - DAG(s) 'example_branch_python_operator_decorator' retrieved from /home/arun/.local/lib/python3.10/site-packages/airflow/example_dags/example_branch_operator_decorator.py
[2024-02-29T18:39:48.210+0530] {logging_mixin.py:188} INFO - [2024-02-29T18:39:48.209+0530] {dag.py:3036} INFO - Sync 1 DAGs
[2024-02-29T18:39:48.239+0530] {logging_mixin.py:188} INFO - [2024-02-29T18:39:48.238+0530] {dag.py:3823} INFO - Setting next_dagrun for example_branch_python_operator_decorator to 2024-02-28 00:00:00+00:00, run_after=2024-02-29 00:00:00+00:00
[2024-02-29T18:39:48.283+0530] {processor.py:183} INFO - Processing /home/arun/.local/lib/python3.10/site-packages/airflow/example_dags/example_branch_operator_decorator.py took 0.197 seconds
[2024-02-29T18:40:45.325+0530] {processor.py:161} INFO - Started process (PID=7548) to work on /home/arun/.local/lib/python3.10/site-packages/airflow/example_dags/example_branch_operator_decorator.py
[2024-02-29T18:40:45.327+0530] {processor.py:830} INFO - Processing file /home/arun/.local/lib/python3.10/site-packages/airflow/example_dags/example_branch_operator_decorator.py for tasks to queue
[2024-02-29T18:40:45.328+0530] {logging_mixin.py:188} INFO - [2024-02-29T18:40:45.328+0530] {dagbag.py:538} INFO - Filling up the DagBag from /home/arun/.local/lib/python3.10/site-packages/airflow/example_dags/example_branch_operator_decorator.py
[2024-02-29T18:40:45.355+0530] {processor.py:840} INFO - DAG(s) 'example_branch_python_operator_decorator' retrieved from /home/arun/.local/lib/python3.10/site-packages/airflow/example_dags/example_branch_operator_decorator.py
[2024-02-29T18:40:45.393+0530] {logging_mixin.py:188} INFO - [2024-02-29T18:40:45.392+0530] {dag.py:3036} INFO - Sync 1 DAGs
[2024-02-29T18:40:45.426+0530] {logging_mixin.py:188} INFO - [2024-02-29T18:40:45.426+0530] {dag.py:3823} INFO - Setting next_dagrun for example_branch_python_operator_decorator to 2024-02-28 00:00:00+00:00, run_after=2024-02-29 00:00:00+00:00
[2024-02-29T18:40:45.502+0530] {processor.py:183} INFO - Processing /home/arun/.local/lib/python3.10/site-packages/airflow/example_dags/example_branch_operator_decorator.py took 0.181 seconds
[2024-02-29T18:41:41.652+0530] {processor.py:161} INFO - Started process (PID=7650) to work on /home/arun/.local/lib/python3.10/site-packages/airflow/example_dags/example_branch_operator_decorator.py
[2024-02-29T18:41:41.654+0530] {processor.py:830} INFO - Processing file /home/arun/.local/lib/python3.10/site-packages/airflow/example_dags/example_branch_operator_decorator.py for tasks to queue
[2024-02-29T18:41:41.655+0530] {logging_mixin.py:188} INFO - [2024-02-29T18:41:41.654+0530] {dagbag.py:538} INFO - Filling up the DagBag from /home/arun/.local/lib/python3.10/site-packages/airflow/example_dags/example_branch_operator_decorator.py
[2024-02-29T18:41:41.681+0530] {processor.py:840} INFO - DAG(s) 'example_branch_python_operator_decorator' retrieved from /home/arun/.local/lib/python3.10/site-packages/airflow/example_dags/example_branch_operator_decorator.py
[2024-02-29T18:41:41.713+0530] {logging_mixin.py:188} INFO - [2024-02-29T18:41:41.713+0530] {dag.py:3036} INFO - Sync 1 DAGs
[2024-02-29T18:41:41.749+0530] {logging_mixin.py:188} INFO - [2024-02-29T18:41:41.748+0530] {dag.py:3823} INFO - Setting next_dagrun for example_branch_python_operator_decorator to 2024-02-28 00:00:00+00:00, run_after=2024-02-29 00:00:00+00:00
[2024-02-29T18:41:41.782+0530] {processor.py:183} INFO - Processing /home/arun/.local/lib/python3.10/site-packages/airflow/example_dags/example_branch_operator_decorator.py took 0.134 seconds
[2024-02-29T18:42:40.397+0530] {processor.py:161} INFO - Started process (PID=7743) to work on /home/arun/.local/lib/python3.10/site-packages/airflow/example_dags/example_branch_operator_decorator.py
[2024-02-29T18:42:40.436+0530] {processor.py:830} INFO - Processing file /home/arun/.local/lib/python3.10/site-packages/airflow/example_dags/example_branch_operator_decorator.py for tasks to queue
[2024-02-29T18:42:40.437+0530] {logging_mixin.py:188} INFO - [2024-02-29T18:42:40.437+0530] {dagbag.py:538} INFO - Filling up the DagBag from /home/arun/.local/lib/python3.10/site-packages/airflow/example_dags/example_branch_operator_decorator.py
[2024-02-29T18:42:40.459+0530] {processor.py:840} INFO - DAG(s) 'example_branch_python_operator_decorator' retrieved from /home/arun/.local/lib/python3.10/site-packages/airflow/example_dags/example_branch_operator_decorator.py
[2024-02-29T18:42:40.482+0530] {logging_mixin.py:188} INFO - [2024-02-29T18:42:40.482+0530] {dag.py:3036} INFO - Sync 1 DAGs
[2024-02-29T18:42:40.507+0530] {logging_mixin.py:188} INFO - [2024-02-29T18:42:40.506+0530] {dag.py:3823} INFO - Setting next_dagrun for example_branch_python_operator_decorator to 2024-02-28 00:00:00+00:00, run_after=2024-02-29 00:00:00+00:00
[2024-02-29T18:42:40.536+0530] {processor.py:183} INFO - Processing /home/arun/.local/lib/python3.10/site-packages/airflow/example_dags/example_branch_operator_decorator.py took 0.142 seconds
[2024-02-29T18:43:44.256+0530] {processor.py:161} INFO - Started process (PID=7854) to work on /home/arun/.local/lib/python3.10/site-packages/airflow/example_dags/example_branch_operator_decorator.py
[2024-02-29T18:43:44.258+0530] {processor.py:830} INFO - Processing file /home/arun/.local/lib/python3.10/site-packages/airflow/example_dags/example_branch_operator_decorator.py for tasks to queue
[2024-02-29T18:43:44.259+0530] {logging_mixin.py:188} INFO - [2024-02-29T18:43:44.259+0530] {dagbag.py:538} INFO - Filling up the DagBag from /home/arun/.local/lib/python3.10/site-packages/airflow/example_dags/example_branch_operator_decorator.py
[2024-02-29T18:43:44.310+0530] {processor.py:840} INFO - DAG(s) 'example_branch_python_operator_decorator' retrieved from /home/arun/.local/lib/python3.10/site-packages/airflow/example_dags/example_branch_operator_decorator.py
[2024-02-29T18:43:44.374+0530] {logging_mixin.py:188} INFO - [2024-02-29T18:43:44.374+0530] {dag.py:3036} INFO - Sync 1 DAGs
[2024-02-29T18:43:44.420+0530] {logging_mixin.py:188} INFO - [2024-02-29T18:43:44.419+0530] {dag.py:3823} INFO - Setting next_dagrun for example_branch_python_operator_decorator to 2024-02-28 00:00:00+00:00, run_after=2024-02-29 00:00:00+00:00
[2024-02-29T18:43:44.458+0530] {processor.py:183} INFO - Processing /home/arun/.local/lib/python3.10/site-packages/airflow/example_dags/example_branch_operator_decorator.py took 0.206 seconds
[2024-02-29T18:44:45.076+0530] {processor.py:161} INFO - Started process (PID=7946) to work on /home/arun/.local/lib/python3.10/site-packages/airflow/example_dags/example_branch_operator_decorator.py
[2024-02-29T18:44:45.079+0530] {processor.py:830} INFO - Processing file /home/arun/.local/lib/python3.10/site-packages/airflow/example_dags/example_branch_operator_decorator.py for tasks to queue
[2024-02-29T18:44:45.080+0530] {logging_mixin.py:188} INFO - [2024-02-29T18:44:45.080+0530] {dagbag.py:538} INFO - Filling up the DagBag from /home/arun/.local/lib/python3.10/site-packages/airflow/example_dags/example_branch_operator_decorator.py
[2024-02-29T18:44:45.114+0530] {processor.py:840} INFO - DAG(s) 'example_branch_python_operator_decorator' retrieved from /home/arun/.local/lib/python3.10/site-packages/airflow/example_dags/example_branch_operator_decorator.py
[2024-02-29T18:44:45.142+0530] {logging_mixin.py:188} INFO - [2024-02-29T18:44:45.142+0530] {dag.py:3036} INFO - Sync 1 DAGs
[2024-02-29T18:44:45.168+0530] {logging_mixin.py:188} INFO - [2024-02-29T18:44:45.168+0530] {dag.py:3823} INFO - Setting next_dagrun for example_branch_python_operator_decorator to 2024-02-28 00:00:00+00:00, run_after=2024-02-29 00:00:00+00:00
[2024-02-29T18:44:45.212+0530] {processor.py:183} INFO - Processing /home/arun/.local/lib/python3.10/site-packages/airflow/example_dags/example_branch_operator_decorator.py took 0.142 seconds
[2024-02-29T18:46:01.496+0530] {processor.py:161} INFO - Started process (PID=8088) to work on /home/arun/.local/lib/python3.10/site-packages/airflow/example_dags/example_branch_operator_decorator.py
[2024-02-29T18:46:01.542+0530] {processor.py:830} INFO - Processing file /home/arun/.local/lib/python3.10/site-packages/airflow/example_dags/example_branch_operator_decorator.py for tasks to queue
[2024-02-29T18:46:01.543+0530] {logging_mixin.py:188} INFO - [2024-02-29T18:46:01.543+0530] {dagbag.py:538} INFO - Filling up the DagBag from /home/arun/.local/lib/python3.10/site-packages/airflow/example_dags/example_branch_operator_decorator.py
[2024-02-29T18:46:01.572+0530] {processor.py:840} INFO - DAG(s) 'example_branch_python_operator_decorator' retrieved from /home/arun/.local/lib/python3.10/site-packages/airflow/example_dags/example_branch_operator_decorator.py
[2024-02-29T18:46:01.599+0530] {logging_mixin.py:188} INFO - [2024-02-29T18:46:01.598+0530] {dag.py:3036} INFO - Sync 1 DAGs
[2024-02-29T18:46:01.622+0530] {logging_mixin.py:188} INFO - [2024-02-29T18:46:01.621+0530] {dag.py:3823} INFO - Setting next_dagrun for example_branch_python_operator_decorator to 2024-02-28 00:00:00+00:00, run_after=2024-02-29 00:00:00+00:00
[2024-02-29T18:46:01.650+0530] {processor.py:183} INFO - Processing /home/arun/.local/lib/python3.10/site-packages/airflow/example_dags/example_branch_operator_decorator.py took 0.157 seconds
[2024-02-29T18:46:56.302+0530] {processor.py:161} INFO - Started process (PID=8173) to work on /home/arun/.local/lib/python3.10/site-packages/airflow/example_dags/example_branch_operator_decorator.py
[2024-02-29T18:46:56.335+0530] {processor.py:830} INFO - Processing file /home/arun/.local/lib/python3.10/site-packages/airflow/example_dags/example_branch_operator_decorator.py for tasks to queue
[2024-02-29T18:46:56.336+0530] {logging_mixin.py:188} INFO - [2024-02-29T18:46:56.335+0530] {dagbag.py:538} INFO - Filling up the DagBag from /home/arun/.local/lib/python3.10/site-packages/airflow/example_dags/example_branch_operator_decorator.py
[2024-02-29T18:46:56.357+0530] {processor.py:840} INFO - DAG(s) 'example_branch_python_operator_decorator' retrieved from /home/arun/.local/lib/python3.10/site-packages/airflow/example_dags/example_branch_operator_decorator.py
[2024-02-29T18:46:56.388+0530] {logging_mixin.py:188} INFO - [2024-02-29T18:46:56.387+0530] {dag.py:3036} INFO - Sync 1 DAGs
[2024-02-29T18:46:56.425+0530] {logging_mixin.py:188} INFO - [2024-02-29T18:46:56.425+0530] {dag.py:3823} INFO - Setting next_dagrun for example_branch_python_operator_decorator to 2024-02-28 00:00:00+00:00, run_after=2024-02-29 00:00:00+00:00
[2024-02-29T18:46:56.461+0530] {processor.py:183} INFO - Processing /home/arun/.local/lib/python3.10/site-packages/airflow/example_dags/example_branch_operator_decorator.py took 0.162 seconds
[2024-02-29T18:48:12.627+0530] {processor.py:161} INFO - Started process (PID=8295) to work on /home/arun/.local/lib/python3.10/site-packages/airflow/example_dags/example_branch_operator_decorator.py
[2024-02-29T18:48:12.628+0530] {processor.py:830} INFO - Processing file /home/arun/.local/lib/python3.10/site-packages/airflow/example_dags/example_branch_operator_decorator.py for tasks to queue
[2024-02-29T18:48:12.629+0530] {logging_mixin.py:188} INFO - [2024-02-29T18:48:12.629+0530] {dagbag.py:538} INFO - Filling up the DagBag from /home/arun/.local/lib/python3.10/site-packages/airflow/example_dags/example_branch_operator_decorator.py
[2024-02-29T18:48:12.652+0530] {processor.py:840} INFO - DAG(s) 'example_branch_python_operator_decorator' retrieved from /home/arun/.local/lib/python3.10/site-packages/airflow/example_dags/example_branch_operator_decorator.py
[2024-02-29T18:48:12.676+0530] {logging_mixin.py:188} INFO - [2024-02-29T18:48:12.676+0530] {dag.py:3036} INFO - Sync 1 DAGs
[2024-02-29T18:48:12.700+0530] {logging_mixin.py:188} INFO - [2024-02-29T18:48:12.700+0530] {dag.py:3823} INFO - Setting next_dagrun for example_branch_python_operator_decorator to 2024-02-28 00:00:00+00:00, run_after=2024-02-29 00:00:00+00:00
[2024-02-29T18:48:12.729+0530] {processor.py:183} INFO - Processing /home/arun/.local/lib/python3.10/site-packages/airflow/example_dags/example_branch_operator_decorator.py took 0.106 seconds
[2024-02-29T18:49:20.461+0530] {processor.py:161} INFO - Started process (PID=8409) to work on /home/arun/.local/lib/python3.10/site-packages/airflow/example_dags/example_branch_operator_decorator.py
[2024-02-29T18:49:20.515+0530] {processor.py:830} INFO - Processing file /home/arun/.local/lib/python3.10/site-packages/airflow/example_dags/example_branch_operator_decorator.py for tasks to queue
[2024-02-29T18:49:20.526+0530] {logging_mixin.py:188} INFO - [2024-02-29T18:49:20.525+0530] {dagbag.py:538} INFO - Filling up the DagBag from /home/arun/.local/lib/python3.10/site-packages/airflow/example_dags/example_branch_operator_decorator.py
[2024-02-29T18:49:20.562+0530] {processor.py:840} INFO - DAG(s) 'example_branch_python_operator_decorator' retrieved from /home/arun/.local/lib/python3.10/site-packages/airflow/example_dags/example_branch_operator_decorator.py
[2024-02-29T18:49:20.590+0530] {logging_mixin.py:188} INFO - [2024-02-29T18:49:20.590+0530] {dag.py:3036} INFO - Sync 1 DAGs
[2024-02-29T18:49:20.616+0530] {logging_mixin.py:188} INFO - [2024-02-29T18:49:20.616+0530] {dag.py:3823} INFO - Setting next_dagrun for example_branch_python_operator_decorator to 2024-02-28 00:00:00+00:00, run_after=2024-02-29 00:00:00+00:00
[2024-02-29T18:49:20.646+0530] {processor.py:183} INFO - Processing /home/arun/.local/lib/python3.10/site-packages/airflow/example_dags/example_branch_operator_decorator.py took 0.191 seconds
[2024-02-29T18:50:31.802+0530] {processor.py:161} INFO - Started process (PID=8528) to work on /home/arun/.local/lib/python3.10/site-packages/airflow/example_dags/example_branch_operator_decorator.py
[2024-02-29T18:50:31.840+0530] {processor.py:830} INFO - Processing file /home/arun/.local/lib/python3.10/site-packages/airflow/example_dags/example_branch_operator_decorator.py for tasks to queue
[2024-02-29T18:50:31.841+0530] {logging_mixin.py:188} INFO - [2024-02-29T18:50:31.841+0530] {dagbag.py:538} INFO - Filling up the DagBag from /home/arun/.local/lib/python3.10/site-packages/airflow/example_dags/example_branch_operator_decorator.py
[2024-02-29T18:50:31.870+0530] {processor.py:840} INFO - DAG(s) 'example_branch_python_operator_decorator' retrieved from /home/arun/.local/lib/python3.10/site-packages/airflow/example_dags/example_branch_operator_decorator.py
[2024-02-29T18:50:31.898+0530] {logging_mixin.py:188} INFO - [2024-02-29T18:50:31.898+0530] {dag.py:3036} INFO - Sync 1 DAGs
[2024-02-29T18:50:31.927+0530] {logging_mixin.py:188} INFO - [2024-02-29T18:50:31.926+0530] {dag.py:3823} INFO - Setting next_dagrun for example_branch_python_operator_decorator to 2024-02-28 00:00:00+00:00, run_after=2024-02-29 00:00:00+00:00
[2024-02-29T18:50:31.958+0530] {processor.py:183} INFO - Processing /home/arun/.local/lib/python3.10/site-packages/airflow/example_dags/example_branch_operator_decorator.py took 0.162 seconds
[2024-02-29T18:51:25.872+0530] {processor.py:161} INFO - Started process (PID=8612) to work on /home/arun/.local/lib/python3.10/site-packages/airflow/example_dags/example_branch_operator_decorator.py
[2024-02-29T18:51:25.906+0530] {processor.py:830} INFO - Processing file /home/arun/.local/lib/python3.10/site-packages/airflow/example_dags/example_branch_operator_decorator.py for tasks to queue
[2024-02-29T18:51:25.907+0530] {logging_mixin.py:188} INFO - [2024-02-29T18:51:25.907+0530] {dagbag.py:538} INFO - Filling up the DagBag from /home/arun/.local/lib/python3.10/site-packages/airflow/example_dags/example_branch_operator_decorator.py
[2024-02-29T18:51:25.939+0530] {processor.py:840} INFO - DAG(s) 'example_branch_python_operator_decorator' retrieved from /home/arun/.local/lib/python3.10/site-packages/airflow/example_dags/example_branch_operator_decorator.py
[2024-02-29T18:51:25.972+0530] {logging_mixin.py:188} INFO - [2024-02-29T18:51:25.972+0530] {dag.py:3036} INFO - Sync 1 DAGs
[2024-02-29T18:51:26.009+0530] {logging_mixin.py:188} INFO - [2024-02-29T18:51:26.009+0530] {dag.py:3823} INFO - Setting next_dagrun for example_branch_python_operator_decorator to 2024-02-28 00:00:00+00:00, run_after=2024-02-29 00:00:00+00:00
[2024-02-29T18:51:26.050+0530] {processor.py:183} INFO - Processing /home/arun/.local/lib/python3.10/site-packages/airflow/example_dags/example_branch_operator_decorator.py took 0.181 seconds
[2024-02-29T18:52:44.634+0530] {processor.py:161} INFO - Started process (PID=8829) to work on /home/arun/.local/lib/python3.10/site-packages/airflow/example_dags/example_branch_operator_decorator.py
[2024-02-29T18:52:44.635+0530] {processor.py:830} INFO - Processing file /home/arun/.local/lib/python3.10/site-packages/airflow/example_dags/example_branch_operator_decorator.py for tasks to queue
[2024-02-29T18:52:44.636+0530] {logging_mixin.py:188} INFO - [2024-02-29T18:52:44.636+0530] {dagbag.py:538} INFO - Filling up the DagBag from /home/arun/.local/lib/python3.10/site-packages/airflow/example_dags/example_branch_operator_decorator.py
[2024-02-29T18:52:44.661+0530] {processor.py:840} INFO - DAG(s) 'example_branch_python_operator_decorator' retrieved from /home/arun/.local/lib/python3.10/site-packages/airflow/example_dags/example_branch_operator_decorator.py
[2024-02-29T18:52:44.686+0530] {logging_mixin.py:188} INFO - [2024-02-29T18:52:44.686+0530] {dag.py:3036} INFO - Sync 1 DAGs
[2024-02-29T18:52:44.707+0530] {logging_mixin.py:188} INFO - [2024-02-29T18:52:44.706+0530] {dag.py:3823} INFO - Setting next_dagrun for example_branch_python_operator_decorator to 2024-02-28 00:00:00+00:00, run_after=2024-02-29 00:00:00+00:00
[2024-02-29T18:52:44.738+0530] {processor.py:183} INFO - Processing /home/arun/.local/lib/python3.10/site-packages/airflow/example_dags/example_branch_operator_decorator.py took 0.109 seconds
[2024-02-29T18:53:39.479+0530] {processor.py:161} INFO - Started process (PID=8914) to work on /home/arun/.local/lib/python3.10/site-packages/airflow/example_dags/example_branch_operator_decorator.py
[2024-02-29T18:53:39.480+0530] {processor.py:830} INFO - Processing file /home/arun/.local/lib/python3.10/site-packages/airflow/example_dags/example_branch_operator_decorator.py for tasks to queue
[2024-02-29T18:53:39.481+0530] {logging_mixin.py:188} INFO - [2024-02-29T18:53:39.481+0530] {dagbag.py:538} INFO - Filling up the DagBag from /home/arun/.local/lib/python3.10/site-packages/airflow/example_dags/example_branch_operator_decorator.py
[2024-02-29T18:53:39.509+0530] {processor.py:840} INFO - DAG(s) 'example_branch_python_operator_decorator' retrieved from /home/arun/.local/lib/python3.10/site-packages/airflow/example_dags/example_branch_operator_decorator.py
[2024-02-29T18:53:39.539+0530] {logging_mixin.py:188} INFO - [2024-02-29T18:53:39.539+0530] {dag.py:3036} INFO - Sync 1 DAGs
[2024-02-29T18:53:39.568+0530] {logging_mixin.py:188} INFO - [2024-02-29T18:53:39.567+0530] {dag.py:3823} INFO - Setting next_dagrun for example_branch_python_operator_decorator to 2024-02-28 00:00:00+00:00, run_after=2024-02-29 00:00:00+00:00
[2024-02-29T18:53:39.598+0530] {processor.py:183} INFO - Processing /home/arun/.local/lib/python3.10/site-packages/airflow/example_dags/example_branch_operator_decorator.py took 0.124 seconds
[2024-02-29T18:54:52.983+0530] {processor.py:161} INFO - Started process (PID=9221) to work on /home/arun/.local/lib/python3.10/site-packages/airflow/example_dags/example_branch_operator_decorator.py
[2024-02-29T18:54:52.986+0530] {processor.py:830} INFO - Processing file /home/arun/.local/lib/python3.10/site-packages/airflow/example_dags/example_branch_operator_decorator.py for tasks to queue
[2024-02-29T18:54:52.987+0530] {logging_mixin.py:188} INFO - [2024-02-29T18:54:52.986+0530] {dagbag.py:538} INFO - Filling up the DagBag from /home/arun/.local/lib/python3.10/site-packages/airflow/example_dags/example_branch_operator_decorator.py
[2024-02-29T18:54:53.021+0530] {processor.py:840} INFO - DAG(s) 'example_branch_python_operator_decorator' retrieved from /home/arun/.local/lib/python3.10/site-packages/airflow/example_dags/example_branch_operator_decorator.py
[2024-02-29T18:54:53.053+0530] {logging_mixin.py:188} INFO - [2024-02-29T18:54:53.053+0530] {dag.py:3036} INFO - Sync 1 DAGs
[2024-02-29T18:54:53.080+0530] {logging_mixin.py:188} INFO - [2024-02-29T18:54:53.079+0530] {dag.py:3823} INFO - Setting next_dagrun for example_branch_python_operator_decorator to 2024-02-28 00:00:00+00:00, run_after=2024-02-29 00:00:00+00:00
[2024-02-29T18:54:53.112+0530] {processor.py:183} INFO - Processing /home/arun/.local/lib/python3.10/site-packages/airflow/example_dags/example_branch_operator_decorator.py took 0.134 seconds
[2024-02-29T18:56:17.955+0530] {processor.py:161} INFO - Started process (PID=9421) to work on /home/arun/.local/lib/python3.10/site-packages/airflow/example_dags/example_branch_operator_decorator.py
[2024-02-29T18:56:17.993+0530] {processor.py:830} INFO - Processing file /home/arun/.local/lib/python3.10/site-packages/airflow/example_dags/example_branch_operator_decorator.py for tasks to queue
[2024-02-29T18:56:17.995+0530] {logging_mixin.py:188} INFO - [2024-02-29T18:56:17.994+0530] {dagbag.py:538} INFO - Filling up the DagBag from /home/arun/.local/lib/python3.10/site-packages/airflow/example_dags/example_branch_operator_decorator.py
[2024-02-29T18:56:18.034+0530] {processor.py:840} INFO - DAG(s) 'example_branch_python_operator_decorator' retrieved from /home/arun/.local/lib/python3.10/site-packages/airflow/example_dags/example_branch_operator_decorator.py
[2024-02-29T18:56:18.066+0530] {logging_mixin.py:188} INFO - [2024-02-29T18:56:18.066+0530] {dag.py:3036} INFO - Sync 1 DAGs
[2024-02-29T18:56:18.095+0530] {logging_mixin.py:188} INFO - [2024-02-29T18:56:18.095+0530] {dag.py:3823} INFO - Setting next_dagrun for example_branch_python_operator_decorator to 2024-02-28 00:00:00+00:00, run_after=2024-02-29 00:00:00+00:00
[2024-02-29T18:56:18.147+0530] {processor.py:183} INFO - Processing /home/arun/.local/lib/python3.10/site-packages/airflow/example_dags/example_branch_operator_decorator.py took 0.210 seconds
[2024-02-29T18:57:16.353+0530] {processor.py:161} INFO - Started process (PID=9535) to work on /home/arun/.local/lib/python3.10/site-packages/airflow/example_dags/example_branch_operator_decorator.py
[2024-02-29T18:57:16.390+0530] {processor.py:830} INFO - Processing file /home/arun/.local/lib/python3.10/site-packages/airflow/example_dags/example_branch_operator_decorator.py for tasks to queue
[2024-02-29T18:57:16.392+0530] {logging_mixin.py:188} INFO - [2024-02-29T18:57:16.391+0530] {dagbag.py:538} INFO - Filling up the DagBag from /home/arun/.local/lib/python3.10/site-packages/airflow/example_dags/example_branch_operator_decorator.py
[2024-02-29T18:57:16.437+0530] {processor.py:840} INFO - DAG(s) 'example_branch_python_operator_decorator' retrieved from /home/arun/.local/lib/python3.10/site-packages/airflow/example_dags/example_branch_operator_decorator.py
[2024-02-29T18:57:16.467+0530] {logging_mixin.py:188} INFO - [2024-02-29T18:57:16.466+0530] {dag.py:3036} INFO - Sync 1 DAGs
[2024-02-29T18:57:16.493+0530] {logging_mixin.py:188} INFO - [2024-02-29T18:57:16.493+0530] {dag.py:3823} INFO - Setting next_dagrun for example_branch_python_operator_decorator to 2024-02-28 00:00:00+00:00, run_after=2024-02-29 00:00:00+00:00
[2024-02-29T18:57:16.524+0530] {processor.py:183} INFO - Processing /home/arun/.local/lib/python3.10/site-packages/airflow/example_dags/example_branch_operator_decorator.py took 0.179 seconds
[2024-02-29T18:58:12.026+0530] {processor.py:161} INFO - Started process (PID=9624) to work on /home/arun/.local/lib/python3.10/site-packages/airflow/example_dags/example_branch_operator_decorator.py
[2024-02-29T18:58:12.028+0530] {processor.py:830} INFO - Processing file /home/arun/.local/lib/python3.10/site-packages/airflow/example_dags/example_branch_operator_decorator.py for tasks to queue
[2024-02-29T18:58:12.029+0530] {logging_mixin.py:188} INFO - [2024-02-29T18:58:12.028+0530] {dagbag.py:538} INFO - Filling up the DagBag from /home/arun/.local/lib/python3.10/site-packages/airflow/example_dags/example_branch_operator_decorator.py
[2024-02-29T18:58:12.055+0530] {processor.py:840} INFO - DAG(s) 'example_branch_python_operator_decorator' retrieved from /home/arun/.local/lib/python3.10/site-packages/airflow/example_dags/example_branch_operator_decorator.py
[2024-02-29T18:58:12.095+0530] {logging_mixin.py:188} INFO - [2024-02-29T18:58:12.094+0530] {dag.py:3036} INFO - Sync 1 DAGs
[2024-02-29T18:58:12.133+0530] {logging_mixin.py:188} INFO - [2024-02-29T18:58:12.132+0530] {dag.py:3823} INFO - Setting next_dagrun for example_branch_python_operator_decorator to 2024-02-28 00:00:00+00:00, run_after=2024-02-29 00:00:00+00:00
[2024-02-29T18:58:12.236+0530] {processor.py:183} INFO - Processing /home/arun/.local/lib/python3.10/site-packages/airflow/example_dags/example_branch_operator_decorator.py took 0.212 seconds
[2024-02-29T18:59:13.372+0530] {processor.py:161} INFO - Started process (PID=9731) to work on /home/arun/.local/lib/python3.10/site-packages/airflow/example_dags/example_branch_operator_decorator.py
[2024-02-29T18:59:13.410+0530] {processor.py:830} INFO - Processing file /home/arun/.local/lib/python3.10/site-packages/airflow/example_dags/example_branch_operator_decorator.py for tasks to queue
[2024-02-29T18:59:13.412+0530] {logging_mixin.py:188} INFO - [2024-02-29T18:59:13.411+0530] {dagbag.py:538} INFO - Filling up the DagBag from /home/arun/.local/lib/python3.10/site-packages/airflow/example_dags/example_branch_operator_decorator.py
[2024-02-29T18:59:13.443+0530] {processor.py:840} INFO - DAG(s) 'example_branch_python_operator_decorator' retrieved from /home/arun/.local/lib/python3.10/site-packages/airflow/example_dags/example_branch_operator_decorator.py
[2024-02-29T18:59:13.470+0530] {logging_mixin.py:188} INFO - [2024-02-29T18:59:13.469+0530] {dag.py:3036} INFO - Sync 1 DAGs
[2024-02-29T18:59:13.540+0530] {logging_mixin.py:188} INFO - [2024-02-29T18:59:13.539+0530] {dag.py:3823} INFO - Setting next_dagrun for example_branch_python_operator_decorator to 2024-02-28 00:00:00+00:00, run_after=2024-02-29 00:00:00+00:00
[2024-02-29T18:59:13.568+0530] {processor.py:183} INFO - Processing /home/arun/.local/lib/python3.10/site-packages/airflow/example_dags/example_branch_operator_decorator.py took 0.199 seconds
[2024-02-29T19:00:08.523+0530] {processor.py:161} INFO - Started process (PID=9833) to work on /home/arun/.local/lib/python3.10/site-packages/airflow/example_dags/example_branch_operator_decorator.py
[2024-02-29T19:00:08.562+0530] {processor.py:830} INFO - Processing file /home/arun/.local/lib/python3.10/site-packages/airflow/example_dags/example_branch_operator_decorator.py for tasks to queue
[2024-02-29T19:00:08.563+0530] {logging_mixin.py:188} INFO - [2024-02-29T19:00:08.562+0530] {dagbag.py:538} INFO - Filling up the DagBag from /home/arun/.local/lib/python3.10/site-packages/airflow/example_dags/example_branch_operator_decorator.py
[2024-02-29T19:00:08.607+0530] {processor.py:840} INFO - DAG(s) 'example_branch_python_operator_decorator' retrieved from /home/arun/.local/lib/python3.10/site-packages/airflow/example_dags/example_branch_operator_decorator.py
[2024-02-29T19:00:08.650+0530] {logging_mixin.py:188} INFO - [2024-02-29T19:00:08.649+0530] {dag.py:3036} INFO - Sync 1 DAGs
[2024-02-29T19:00:08.686+0530] {logging_mixin.py:188} INFO - [2024-02-29T19:00:08.685+0530] {dag.py:3823} INFO - Setting next_dagrun for example_branch_python_operator_decorator to 2024-02-28 00:00:00+00:00, run_after=2024-02-29 00:00:00+00:00
[2024-02-29T19:00:08.728+0530] {processor.py:183} INFO - Processing /home/arun/.local/lib/python3.10/site-packages/airflow/example_dags/example_branch_operator_decorator.py took 0.208 seconds
[2024-02-29T19:01:25.226+0530] {processor.py:161} INFO - Started process (PID=9958) to work on /home/arun/.local/lib/python3.10/site-packages/airflow/example_dags/example_branch_operator_decorator.py
[2024-02-29T19:01:25.228+0530] {processor.py:830} INFO - Processing file /home/arun/.local/lib/python3.10/site-packages/airflow/example_dags/example_branch_operator_decorator.py for tasks to queue
[2024-02-29T19:01:25.230+0530] {logging_mixin.py:188} INFO - [2024-02-29T19:01:25.229+0530] {dagbag.py:538} INFO - Filling up the DagBag from /home/arun/.local/lib/python3.10/site-packages/airflow/example_dags/example_branch_operator_decorator.py
[2024-02-29T19:01:25.268+0530] {processor.py:840} INFO - DAG(s) 'example_branch_python_operator_decorator' retrieved from /home/arun/.local/lib/python3.10/site-packages/airflow/example_dags/example_branch_operator_decorator.py
[2024-02-29T19:01:25.301+0530] {logging_mixin.py:188} INFO - [2024-02-29T19:01:25.301+0530] {dag.py:3036} INFO - Sync 1 DAGs
[2024-02-29T19:01:25.326+0530] {logging_mixin.py:188} INFO - [2024-02-29T19:01:25.326+0530] {dag.py:3823} INFO - Setting next_dagrun for example_branch_python_operator_decorator to 2024-02-28 00:00:00+00:00, run_after=2024-02-29 00:00:00+00:00
[2024-02-29T19:01:25.354+0530] {processor.py:183} INFO - Processing /home/arun/.local/lib/python3.10/site-packages/airflow/example_dags/example_branch_operator_decorator.py took 0.135 seconds
[2024-02-29T19:02:43.543+0530] {processor.py:161} INFO - Started process (PID=10085) to work on /home/arun/.local/lib/python3.10/site-packages/airflow/example_dags/example_branch_operator_decorator.py
[2024-02-29T19:02:43.580+0530] {processor.py:830} INFO - Processing file /home/arun/.local/lib/python3.10/site-packages/airflow/example_dags/example_branch_operator_decorator.py for tasks to queue
[2024-02-29T19:02:43.581+0530] {logging_mixin.py:188} INFO - [2024-02-29T19:02:43.581+0530] {dagbag.py:538} INFO - Filling up the DagBag from /home/arun/.local/lib/python3.10/site-packages/airflow/example_dags/example_branch_operator_decorator.py
[2024-02-29T19:02:43.603+0530] {processor.py:840} INFO - DAG(s) 'example_branch_python_operator_decorator' retrieved from /home/arun/.local/lib/python3.10/site-packages/airflow/example_dags/example_branch_operator_decorator.py
[2024-02-29T19:02:43.632+0530] {logging_mixin.py:188} INFO - [2024-02-29T19:02:43.631+0530] {dag.py:3036} INFO - Sync 1 DAGs
[2024-02-29T19:02:43.660+0530] {logging_mixin.py:188} INFO - [2024-02-29T19:02:43.660+0530] {dag.py:3823} INFO - Setting next_dagrun for example_branch_python_operator_decorator to 2024-02-28 00:00:00+00:00, run_after=2024-02-29 00:00:00+00:00
[2024-02-29T19:02:43.687+0530] {processor.py:183} INFO - Processing /home/arun/.local/lib/python3.10/site-packages/airflow/example_dags/example_branch_operator_decorator.py took 0.148 seconds
[2024-02-29T19:03:55.601+0530] {processor.py:161} INFO - Started process (PID=10200) to work on /home/arun/.local/lib/python3.10/site-packages/airflow/example_dags/example_branch_operator_decorator.py
[2024-02-29T19:03:55.605+0530] {processor.py:830} INFO - Processing file /home/arun/.local/lib/python3.10/site-packages/airflow/example_dags/example_branch_operator_decorator.py for tasks to queue
[2024-02-29T19:03:55.606+0530] {logging_mixin.py:188} INFO - [2024-02-29T19:03:55.606+0530] {dagbag.py:538} INFO - Filling up the DagBag from /home/arun/.local/lib/python3.10/site-packages/airflow/example_dags/example_branch_operator_decorator.py
[2024-02-29T19:03:55.641+0530] {processor.py:840} INFO - DAG(s) 'example_branch_python_operator_decorator' retrieved from /home/arun/.local/lib/python3.10/site-packages/airflow/example_dags/example_branch_operator_decorator.py
[2024-02-29T19:03:55.679+0530] {logging_mixin.py:188} INFO - [2024-02-29T19:03:55.679+0530] {dag.py:3036} INFO - Sync 1 DAGs
[2024-02-29T19:03:55.712+0530] {logging_mixin.py:188} INFO - [2024-02-29T19:03:55.712+0530] {dag.py:3823} INFO - Setting next_dagrun for example_branch_python_operator_decorator to 2024-02-28 00:00:00+00:00, run_after=2024-02-29 00:00:00+00:00
[2024-02-29T19:03:55.745+0530] {processor.py:183} INFO - Processing /home/arun/.local/lib/python3.10/site-packages/airflow/example_dags/example_branch_operator_decorator.py took 0.148 seconds
[2024-02-29T19:05:12.253+0530] {processor.py:161} INFO - Started process (PID=10349) to work on /home/arun/.local/lib/python3.10/site-packages/airflow/example_dags/example_branch_operator_decorator.py
[2024-02-29T19:05:12.255+0530] {processor.py:830} INFO - Processing file /home/arun/.local/lib/python3.10/site-packages/airflow/example_dags/example_branch_operator_decorator.py for tasks to queue
[2024-02-29T19:05:12.256+0530] {logging_mixin.py:188} INFO - [2024-02-29T19:05:12.256+0530] {dagbag.py:538} INFO - Filling up the DagBag from /home/arun/.local/lib/python3.10/site-packages/airflow/example_dags/example_branch_operator_decorator.py
[2024-02-29T19:05:12.285+0530] {processor.py:840} INFO - DAG(s) 'example_branch_python_operator_decorator' retrieved from /home/arun/.local/lib/python3.10/site-packages/airflow/example_dags/example_branch_operator_decorator.py
[2024-02-29T19:05:12.314+0530] {logging_mixin.py:188} INFO - [2024-02-29T19:05:12.314+0530] {dag.py:3036} INFO - Sync 1 DAGs
[2024-02-29T19:05:12.341+0530] {logging_mixin.py:188} INFO - [2024-02-29T19:05:12.341+0530] {dag.py:3823} INFO - Setting next_dagrun for example_branch_python_operator_decorator to 2024-02-28 00:00:00+00:00, run_after=2024-02-29 00:00:00+00:00
[2024-02-29T19:05:12.376+0530] {processor.py:183} INFO - Processing /home/arun/.local/lib/python3.10/site-packages/airflow/example_dags/example_branch_operator_decorator.py took 0.128 seconds
[2024-02-29T19:06:32.131+0530] {processor.py:161} INFO - Started process (PID=10639) to work on /home/arun/.local/lib/python3.10/site-packages/airflow/example_dags/example_branch_operator_decorator.py
[2024-02-29T19:06:32.135+0530] {processor.py:830} INFO - Processing file /home/arun/.local/lib/python3.10/site-packages/airflow/example_dags/example_branch_operator_decorator.py for tasks to queue
[2024-02-29T19:06:32.136+0530] {logging_mixin.py:188} INFO - [2024-02-29T19:06:32.135+0530] {dagbag.py:538} INFO - Filling up the DagBag from /home/arun/.local/lib/python3.10/site-packages/airflow/example_dags/example_branch_operator_decorator.py
[2024-02-29T19:06:32.186+0530] {processor.py:840} INFO - DAG(s) 'example_branch_python_operator_decorator' retrieved from /home/arun/.local/lib/python3.10/site-packages/airflow/example_dags/example_branch_operator_decorator.py
[2024-02-29T19:06:32.366+0530] {logging_mixin.py:188} INFO - [2024-02-29T19:06:32.365+0530] {dag.py:3036} INFO - Sync 1 DAGs
[2024-02-29T19:06:32.559+0530] {logging_mixin.py:188} INFO - [2024-02-29T19:06:32.559+0530] {dag.py:3823} INFO - Setting next_dagrun for example_branch_python_operator_decorator to 2024-02-28 00:00:00+00:00, run_after=2024-02-29 00:00:00+00:00
[2024-02-29T19:06:32.629+0530] {processor.py:183} INFO - Processing /home/arun/.local/lib/python3.10/site-packages/airflow/example_dags/example_branch_operator_decorator.py took 0.504 seconds
