[2024-02-29T18:15:07.649+0530] {processor.py:161} INFO - Started process (PID=5164) to work on /home/arun/.local/lib/python3.10/site-packages/airflow/example_dags/tutorial_taskflow_api.py
[2024-02-29T18:15:07.650+0530] {processor.py:830} INFO - Processing file /home/arun/.local/lib/python3.10/site-packages/airflow/example_dags/tutorial_taskflow_api.py for tasks to queue
[2024-02-29T18:15:07.656+0530] {logging_mixin.py:188} INFO - [2024-02-29T18:15:07.655+0530] {dagbag.py:538} INFO - Filling up the DagBag from /home/arun/.local/lib/python3.10/site-packages/airflow/example_dags/tutorial_taskflow_api.py
[2024-02-29T18:15:07.695+0530] {processor.py:840} INFO - DAG(s) 'tutorial_taskflow_api' retrieved from /home/arun/.local/lib/python3.10/site-packages/airflow/example_dags/tutorial_taskflow_api.py
[2024-02-29T18:15:08.084+0530] {logging_mixin.py:188} INFO - [2024-02-29T18:15:08.084+0530] {dag.py:3036} INFO - Sync 1 DAGs
[2024-02-29T18:15:08.145+0530] {logging_mixin.py:188} INFO - [2024-02-29T18:15:08.145+0530] {dag.py:3823} INFO - Setting next_dagrun for tutorial_taskflow_api to None, run_after=None
[2024-02-29T18:15:08.241+0530] {processor.py:183} INFO - Processing /home/arun/.local/lib/python3.10/site-packages/airflow/example_dags/tutorial_taskflow_api.py took 0.613 seconds
[2024-02-29T18:16:34.863+0530] {processor.py:161} INFO - Started process (PID=5223) to work on /home/arun/.local/lib/python3.10/site-packages/airflow/example_dags/tutorial_taskflow_api.py
[2024-02-29T18:16:34.866+0530] {processor.py:830} INFO - Processing file /home/arun/.local/lib/python3.10/site-packages/airflow/example_dags/tutorial_taskflow_api.py for tasks to queue
[2024-02-29T18:16:34.867+0530] {logging_mixin.py:188} INFO - [2024-02-29T18:16:34.866+0530] {dagbag.py:538} INFO - Filling up the DagBag from /home/arun/.local/lib/python3.10/site-packages/airflow/example_dags/tutorial_taskflow_api.py
[2024-02-29T18:16:34.896+0530] {processor.py:840} INFO - DAG(s) 'tutorial_taskflow_api' retrieved from /home/arun/.local/lib/python3.10/site-packages/airflow/example_dags/tutorial_taskflow_api.py
[2024-02-29T18:16:34.937+0530] {logging_mixin.py:188} INFO - [2024-02-29T18:16:34.937+0530] {dag.py:3036} INFO - Sync 1 DAGs
[2024-02-29T18:16:34.975+0530] {logging_mixin.py:188} INFO - [2024-02-29T18:16:34.975+0530] {dag.py:3823} INFO - Setting next_dagrun for tutorial_taskflow_api to None, run_after=None
[2024-02-29T18:16:35.081+0530] {processor.py:183} INFO - Processing /home/arun/.local/lib/python3.10/site-packages/airflow/example_dags/tutorial_taskflow_api.py took 0.235 seconds
[2024-02-29T18:17:27.240+0530] {processor.py:161} INFO - Started process (PID=5266) to work on /home/arun/.local/lib/python3.10/site-packages/airflow/example_dags/tutorial_taskflow_api.py
[2024-02-29T18:17:27.264+0530] {processor.py:830} INFO - Processing file /home/arun/.local/lib/python3.10/site-packages/airflow/example_dags/tutorial_taskflow_api.py for tasks to queue
[2024-02-29T18:17:27.266+0530] {logging_mixin.py:188} INFO - [2024-02-29T18:17:27.265+0530] {dagbag.py:538} INFO - Filling up the DagBag from /home/arun/.local/lib/python3.10/site-packages/airflow/example_dags/tutorial_taskflow_api.py
[2024-02-29T18:17:27.282+0530] {processor.py:840} INFO - DAG(s) 'tutorial_taskflow_api' retrieved from /home/arun/.local/lib/python3.10/site-packages/airflow/example_dags/tutorial_taskflow_api.py
[2024-02-29T18:17:27.367+0530] {logging_mixin.py:188} INFO - [2024-02-29T18:17:27.366+0530] {dag.py:3036} INFO - Sync 1 DAGs
[2024-02-29T18:17:27.421+0530] {logging_mixin.py:188} INFO - [2024-02-29T18:17:27.415+0530] {dag.py:3823} INFO - Setting next_dagrun for tutorial_taskflow_api to None, run_after=None
[2024-02-29T18:17:27.956+0530] {processor.py:183} INFO - Processing /home/arun/.local/lib/python3.10/site-packages/airflow/example_dags/tutorial_taskflow_api.py took 0.750 seconds
[2024-02-29T18:18:17.675+0530] {processor.py:161} INFO - Started process (PID=5356) to work on /home/arun/.local/lib/python3.10/site-packages/airflow/example_dags/tutorial_taskflow_api.py
[2024-02-29T18:18:17.688+0530] {processor.py:830} INFO - Processing file /home/arun/.local/lib/python3.10/site-packages/airflow/example_dags/tutorial_taskflow_api.py for tasks to queue
[2024-02-29T18:18:17.692+0530] {logging_mixin.py:188} INFO - [2024-02-29T18:18:17.692+0530] {dagbag.py:538} INFO - Filling up the DagBag from /home/arun/.local/lib/python3.10/site-packages/airflow/example_dags/tutorial_taskflow_api.py
[2024-02-29T18:18:17.709+0530] {processor.py:840} INFO - DAG(s) 'tutorial_taskflow_api' retrieved from /home/arun/.local/lib/python3.10/site-packages/airflow/example_dags/tutorial_taskflow_api.py
[2024-02-29T18:18:17.734+0530] {logging_mixin.py:188} INFO - [2024-02-29T18:18:17.734+0530] {dag.py:3036} INFO - Sync 1 DAGs
[2024-02-29T18:18:17.774+0530] {logging_mixin.py:188} INFO - [2024-02-29T18:18:17.774+0530] {dag.py:3823} INFO - Setting next_dagrun for tutorial_taskflow_api to None, run_after=None
[2024-02-29T18:18:17.883+0530] {processor.py:183} INFO - Processing /home/arun/.local/lib/python3.10/site-packages/airflow/example_dags/tutorial_taskflow_api.py took 0.232 seconds
[2024-02-29T18:19:53.168+0530] {processor.py:161} INFO - Started process (PID=5447) to work on /home/arun/.local/lib/python3.10/site-packages/airflow/example_dags/tutorial_taskflow_api.py
[2024-02-29T18:19:53.297+0530] {processor.py:830} INFO - Processing file /home/arun/.local/lib/python3.10/site-packages/airflow/example_dags/tutorial_taskflow_api.py for tasks to queue
[2024-02-29T18:19:53.299+0530] {logging_mixin.py:188} INFO - [2024-02-29T18:19:53.298+0530] {dagbag.py:538} INFO - Filling up the DagBag from /home/arun/.local/lib/python3.10/site-packages/airflow/example_dags/tutorial_taskflow_api.py
[2024-02-29T18:19:53.334+0530] {processor.py:840} INFO - DAG(s) 'tutorial_taskflow_api' retrieved from /home/arun/.local/lib/python3.10/site-packages/airflow/example_dags/tutorial_taskflow_api.py
[2024-02-29T18:19:53.378+0530] {logging_mixin.py:188} INFO - [2024-02-29T18:19:53.377+0530] {dag.py:3036} INFO - Sync 1 DAGs
[2024-02-29T18:19:53.397+0530] {logging_mixin.py:188} INFO - [2024-02-29T18:19:53.397+0530] {dag.py:3823} INFO - Setting next_dagrun for tutorial_taskflow_api to None, run_after=None
[2024-02-29T18:19:53.488+0530] {processor.py:183} INFO - Processing /home/arun/.local/lib/python3.10/site-packages/airflow/example_dags/tutorial_taskflow_api.py took 0.323 seconds
[2024-02-29T18:21:03.470+0530] {processor.py:161} INFO - Started process (PID=5546) to work on /home/arun/.local/lib/python3.10/site-packages/airflow/example_dags/tutorial_taskflow_api.py
[2024-02-29T18:21:03.549+0530] {processor.py:830} INFO - Processing file /home/arun/.local/lib/python3.10/site-packages/airflow/example_dags/tutorial_taskflow_api.py for tasks to queue
[2024-02-29T18:21:03.551+0530] {logging_mixin.py:188} INFO - [2024-02-29T18:21:03.550+0530] {dagbag.py:538} INFO - Filling up the DagBag from /home/arun/.local/lib/python3.10/site-packages/airflow/example_dags/tutorial_taskflow_api.py
[2024-02-29T18:21:03.581+0530] {processor.py:840} INFO - DAG(s) 'tutorial_taskflow_api' retrieved from /home/arun/.local/lib/python3.10/site-packages/airflow/example_dags/tutorial_taskflow_api.py
[2024-02-29T18:21:03.622+0530] {logging_mixin.py:188} INFO - [2024-02-29T18:21:03.621+0530] {dag.py:3036} INFO - Sync 1 DAGs
[2024-02-29T18:21:03.684+0530] {logging_mixin.py:188} INFO - [2024-02-29T18:21:03.684+0530] {dag.py:3823} INFO - Setting next_dagrun for tutorial_taskflow_api to None, run_after=None
[2024-02-29T18:21:03.801+0530] {processor.py:183} INFO - Processing /home/arun/.local/lib/python3.10/site-packages/airflow/example_dags/tutorial_taskflow_api.py took 0.343 seconds
[2024-02-29T18:22:01.769+0530] {processor.py:161} INFO - Started process (PID=5655) to work on /home/arun/.local/lib/python3.10/site-packages/airflow/example_dags/tutorial_taskflow_api.py
[2024-02-29T18:22:01.825+0530] {processor.py:830} INFO - Processing file /home/arun/.local/lib/python3.10/site-packages/airflow/example_dags/tutorial_taskflow_api.py for tasks to queue
[2024-02-29T18:22:01.828+0530] {logging_mixin.py:188} INFO - [2024-02-29T18:22:01.827+0530] {dagbag.py:538} INFO - Filling up the DagBag from /home/arun/.local/lib/python3.10/site-packages/airflow/example_dags/tutorial_taskflow_api.py
[2024-02-29T18:22:01.842+0530] {processor.py:840} INFO - DAG(s) 'tutorial_taskflow_api' retrieved from /home/arun/.local/lib/python3.10/site-packages/airflow/example_dags/tutorial_taskflow_api.py
[2024-02-29T18:22:01.873+0530] {logging_mixin.py:188} INFO - [2024-02-29T18:22:01.873+0530] {dag.py:3036} INFO - Sync 1 DAGs
[2024-02-29T18:22:01.897+0530] {logging_mixin.py:188} INFO - [2024-02-29T18:22:01.896+0530] {dag.py:3823} INFO - Setting next_dagrun for tutorial_taskflow_api to None, run_after=None
[2024-02-29T18:22:01.948+0530] {processor.py:183} INFO - Processing /home/arun/.local/lib/python3.10/site-packages/airflow/example_dags/tutorial_taskflow_api.py took 0.186 seconds
[2024-02-29T18:22:57.949+0530] {processor.py:161} INFO - Started process (PID=5741) to work on /home/arun/.local/lib/python3.10/site-packages/airflow/example_dags/tutorial_taskflow_api.py
[2024-02-29T18:22:57.980+0530] {processor.py:830} INFO - Processing file /home/arun/.local/lib/python3.10/site-packages/airflow/example_dags/tutorial_taskflow_api.py for tasks to queue
[2024-02-29T18:22:57.981+0530] {logging_mixin.py:188} INFO - [2024-02-29T18:22:57.981+0530] {dagbag.py:538} INFO - Filling up the DagBag from /home/arun/.local/lib/python3.10/site-packages/airflow/example_dags/tutorial_taskflow_api.py
[2024-02-29T18:22:57.988+0530] {processor.py:840} INFO - DAG(s) 'tutorial_taskflow_api' retrieved from /home/arun/.local/lib/python3.10/site-packages/airflow/example_dags/tutorial_taskflow_api.py
[2024-02-29T18:22:58.004+0530] {logging_mixin.py:188} INFO - [2024-02-29T18:22:58.004+0530] {dag.py:3036} INFO - Sync 1 DAGs
[2024-02-29T18:22:58.017+0530] {logging_mixin.py:188} INFO - [2024-02-29T18:22:58.017+0530] {dag.py:3823} INFO - Setting next_dagrun for tutorial_taskflow_api to None, run_after=None
[2024-02-29T18:22:58.046+0530] {processor.py:183} INFO - Processing /home/arun/.local/lib/python3.10/site-packages/airflow/example_dags/tutorial_taskflow_api.py took 0.100 seconds
[2024-02-29T18:23:50.936+0530] {processor.py:161} INFO - Started process (PID=5835) to work on /home/arun/.local/lib/python3.10/site-packages/airflow/example_dags/tutorial_taskflow_api.py
[2024-02-29T18:23:50.938+0530] {processor.py:830} INFO - Processing file /home/arun/.local/lib/python3.10/site-packages/airflow/example_dags/tutorial_taskflow_api.py for tasks to queue
[2024-02-29T18:23:50.939+0530] {logging_mixin.py:188} INFO - [2024-02-29T18:23:50.939+0530] {dagbag.py:538} INFO - Filling up the DagBag from /home/arun/.local/lib/python3.10/site-packages/airflow/example_dags/tutorial_taskflow_api.py
[2024-02-29T18:23:50.949+0530] {processor.py:840} INFO - DAG(s) 'tutorial_taskflow_api' retrieved from /home/arun/.local/lib/python3.10/site-packages/airflow/example_dags/tutorial_taskflow_api.py
[2024-02-29T18:23:50.969+0530] {logging_mixin.py:188} INFO - [2024-02-29T18:23:50.968+0530] {dag.py:3036} INFO - Sync 1 DAGs
[2024-02-29T18:23:50.982+0530] {logging_mixin.py:188} INFO - [2024-02-29T18:23:50.982+0530] {dag.py:3823} INFO - Setting next_dagrun for tutorial_taskflow_api to None, run_after=None
[2024-02-29T18:23:51.022+0530] {processor.py:183} INFO - Processing /home/arun/.local/lib/python3.10/site-packages/airflow/example_dags/tutorial_taskflow_api.py took 0.092 seconds
[2024-02-29T18:24:37.690+0530] {processor.py:161} INFO - Started process (PID=5918) to work on /home/arun/.local/lib/python3.10/site-packages/airflow/example_dags/tutorial_taskflow_api.py
[2024-02-29T18:24:37.694+0530] {processor.py:830} INFO - Processing file /home/arun/.local/lib/python3.10/site-packages/airflow/example_dags/tutorial_taskflow_api.py for tasks to queue
[2024-02-29T18:24:37.696+0530] {logging_mixin.py:188} INFO - [2024-02-29T18:24:37.695+0530] {dagbag.py:538} INFO - Filling up the DagBag from /home/arun/.local/lib/python3.10/site-packages/airflow/example_dags/tutorial_taskflow_api.py
[2024-02-29T18:24:37.714+0530] {processor.py:840} INFO - DAG(s) 'tutorial_taskflow_api' retrieved from /home/arun/.local/lib/python3.10/site-packages/airflow/example_dags/tutorial_taskflow_api.py
[2024-02-29T18:24:37.763+0530] {logging_mixin.py:188} INFO - [2024-02-29T18:24:37.763+0530] {dag.py:3036} INFO - Sync 1 DAGs
[2024-02-29T18:24:37.811+0530] {logging_mixin.py:188} INFO - [2024-02-29T18:24:37.811+0530] {dag.py:3823} INFO - Setting next_dagrun for tutorial_taskflow_api to None, run_after=None
[2024-02-29T18:24:37.851+0530] {processor.py:183} INFO - Processing /home/arun/.local/lib/python3.10/site-packages/airflow/example_dags/tutorial_taskflow_api.py took 0.170 seconds
[2024-02-29T18:25:28.728+0530] {processor.py:161} INFO - Started process (PID=5997) to work on /home/arun/.local/lib/python3.10/site-packages/airflow/example_dags/tutorial_taskflow_api.py
[2024-02-29T18:25:28.732+0530] {processor.py:830} INFO - Processing file /home/arun/.local/lib/python3.10/site-packages/airflow/example_dags/tutorial_taskflow_api.py for tasks to queue
[2024-02-29T18:25:28.733+0530] {logging_mixin.py:188} INFO - [2024-02-29T18:25:28.733+0530] {dagbag.py:538} INFO - Filling up the DagBag from /home/arun/.local/lib/python3.10/site-packages/airflow/example_dags/tutorial_taskflow_api.py
[2024-02-29T18:25:28.743+0530] {processor.py:840} INFO - DAG(s) 'tutorial_taskflow_api' retrieved from /home/arun/.local/lib/python3.10/site-packages/airflow/example_dags/tutorial_taskflow_api.py
[2024-02-29T18:25:28.763+0530] {logging_mixin.py:188} INFO - [2024-02-29T18:25:28.763+0530] {dag.py:3036} INFO - Sync 1 DAGs
[2024-02-29T18:25:28.777+0530] {logging_mixin.py:188} INFO - [2024-02-29T18:25:28.777+0530] {dag.py:3823} INFO - Setting next_dagrun for tutorial_taskflow_api to None, run_after=None
[2024-02-29T18:25:28.814+0530] {processor.py:183} INFO - Processing /home/arun/.local/lib/python3.10/site-packages/airflow/example_dags/tutorial_taskflow_api.py took 0.091 seconds
[2024-02-29T18:26:16.056+0530] {processor.py:161} INFO - Started process (PID=6071) to work on /home/arun/.local/lib/python3.10/site-packages/airflow/example_dags/tutorial_taskflow_api.py
[2024-02-29T18:26:16.058+0530] {processor.py:830} INFO - Processing file /home/arun/.local/lib/python3.10/site-packages/airflow/example_dags/tutorial_taskflow_api.py for tasks to queue
[2024-02-29T18:26:16.060+0530] {logging_mixin.py:188} INFO - [2024-02-29T18:26:16.059+0530] {dagbag.py:538} INFO - Filling up the DagBag from /home/arun/.local/lib/python3.10/site-packages/airflow/example_dags/tutorial_taskflow_api.py
[2024-02-29T18:26:16.074+0530] {processor.py:840} INFO - DAG(s) 'tutorial_taskflow_api' retrieved from /home/arun/.local/lib/python3.10/site-packages/airflow/example_dags/tutorial_taskflow_api.py
[2024-02-29T18:26:16.103+0530] {logging_mixin.py:188} INFO - [2024-02-29T18:26:16.102+0530] {dag.py:3036} INFO - Sync 1 DAGs
[2024-02-29T18:26:16.124+0530] {logging_mixin.py:188} INFO - [2024-02-29T18:26:16.123+0530] {dag.py:3823} INFO - Setting next_dagrun for tutorial_taskflow_api to None, run_after=None
[2024-02-29T18:26:16.162+0530] {processor.py:183} INFO - Processing /home/arun/.local/lib/python3.10/site-packages/airflow/example_dags/tutorial_taskflow_api.py took 0.110 seconds
[2024-02-29T18:27:08.331+0530] {processor.py:161} INFO - Started process (PID=6149) to work on /home/arun/.local/lib/python3.10/site-packages/airflow/example_dags/tutorial_taskflow_api.py
[2024-02-29T18:27:08.333+0530] {processor.py:830} INFO - Processing file /home/arun/.local/lib/python3.10/site-packages/airflow/example_dags/tutorial_taskflow_api.py for tasks to queue
[2024-02-29T18:27:08.334+0530] {logging_mixin.py:188} INFO - [2024-02-29T18:27:08.334+0530] {dagbag.py:538} INFO - Filling up the DagBag from /home/arun/.local/lib/python3.10/site-packages/airflow/example_dags/tutorial_taskflow_api.py
[2024-02-29T18:27:08.345+0530] {processor.py:840} INFO - DAG(s) 'tutorial_taskflow_api' retrieved from /home/arun/.local/lib/python3.10/site-packages/airflow/example_dags/tutorial_taskflow_api.py
[2024-02-29T18:27:08.372+0530] {logging_mixin.py:188} INFO - [2024-02-29T18:27:08.371+0530] {dag.py:3036} INFO - Sync 1 DAGs
[2024-02-29T18:27:08.391+0530] {logging_mixin.py:188} INFO - [2024-02-29T18:27:08.391+0530] {dag.py:3823} INFO - Setting next_dagrun for tutorial_taskflow_api to None, run_after=None
[2024-02-29T18:27:08.541+0530] {processor.py:183} INFO - Processing /home/arun/.local/lib/python3.10/site-packages/airflow/example_dags/tutorial_taskflow_api.py took 0.215 seconds
[2024-02-29T18:27:51.535+0530] {processor.py:161} INFO - Started process (PID=6230) to work on /home/arun/.local/lib/python3.10/site-packages/airflow/example_dags/tutorial_taskflow_api.py
[2024-02-29T18:27:51.567+0530] {processor.py:830} INFO - Processing file /home/arun/.local/lib/python3.10/site-packages/airflow/example_dags/tutorial_taskflow_api.py for tasks to queue
[2024-02-29T18:27:51.568+0530] {logging_mixin.py:188} INFO - [2024-02-29T18:27:51.568+0530] {dagbag.py:538} INFO - Filling up the DagBag from /home/arun/.local/lib/python3.10/site-packages/airflow/example_dags/tutorial_taskflow_api.py
[2024-02-29T18:27:51.588+0530] {processor.py:840} INFO - DAG(s) 'tutorial_taskflow_api' retrieved from /home/arun/.local/lib/python3.10/site-packages/airflow/example_dags/tutorial_taskflow_api.py
[2024-02-29T18:27:51.627+0530] {logging_mixin.py:188} INFO - [2024-02-29T18:27:51.627+0530] {dag.py:3036} INFO - Sync 1 DAGs
[2024-02-29T18:27:51.692+0530] {logging_mixin.py:188} INFO - [2024-02-29T18:27:51.691+0530] {dag.py:3823} INFO - Setting next_dagrun for tutorial_taskflow_api to None, run_after=None
[2024-02-29T18:27:51.778+0530] {processor.py:183} INFO - Processing /home/arun/.local/lib/python3.10/site-packages/airflow/example_dags/tutorial_taskflow_api.py took 0.258 seconds
[2024-02-29T18:28:32.773+0530] {processor.py:161} INFO - Started process (PID=6298) to work on /home/arun/.local/lib/python3.10/site-packages/airflow/example_dags/tutorial_taskflow_api.py
[2024-02-29T18:28:32.777+0530] {processor.py:830} INFO - Processing file /home/arun/.local/lib/python3.10/site-packages/airflow/example_dags/tutorial_taskflow_api.py for tasks to queue
[2024-02-29T18:28:32.778+0530] {logging_mixin.py:188} INFO - [2024-02-29T18:28:32.777+0530] {dagbag.py:538} INFO - Filling up the DagBag from /home/arun/.local/lib/python3.10/site-packages/airflow/example_dags/tutorial_taskflow_api.py
[2024-02-29T18:28:32.787+0530] {processor.py:840} INFO - DAG(s) 'tutorial_taskflow_api' retrieved from /home/arun/.local/lib/python3.10/site-packages/airflow/example_dags/tutorial_taskflow_api.py
[2024-02-29T18:28:32.807+0530] {logging_mixin.py:188} INFO - [2024-02-29T18:28:32.807+0530] {dag.py:3036} INFO - Sync 1 DAGs
[2024-02-29T18:28:32.820+0530] {logging_mixin.py:188} INFO - [2024-02-29T18:28:32.820+0530] {dag.py:3823} INFO - Setting next_dagrun for tutorial_taskflow_api to None, run_after=None
[2024-02-29T18:28:32.862+0530] {processor.py:183} INFO - Processing /home/arun/.local/lib/python3.10/site-packages/airflow/example_dags/tutorial_taskflow_api.py took 0.093 seconds
[2024-02-29T18:29:36.262+0530] {processor.py:161} INFO - Started process (PID=6408) to work on /home/arun/.local/lib/python3.10/site-packages/airflow/example_dags/tutorial_taskflow_api.py
[2024-02-29T18:29:36.292+0530] {processor.py:830} INFO - Processing file /home/arun/.local/lib/python3.10/site-packages/airflow/example_dags/tutorial_taskflow_api.py for tasks to queue
[2024-02-29T18:29:36.293+0530] {logging_mixin.py:188} INFO - [2024-02-29T18:29:36.292+0530] {dagbag.py:538} INFO - Filling up the DagBag from /home/arun/.local/lib/python3.10/site-packages/airflow/example_dags/tutorial_taskflow_api.py
[2024-02-29T18:29:36.301+0530] {processor.py:840} INFO - DAG(s) 'tutorial_taskflow_api' retrieved from /home/arun/.local/lib/python3.10/site-packages/airflow/example_dags/tutorial_taskflow_api.py
[2024-02-29T18:29:36.317+0530] {logging_mixin.py:188} INFO - [2024-02-29T18:29:36.317+0530] {dag.py:3036} INFO - Sync 1 DAGs
[2024-02-29T18:29:36.332+0530] {logging_mixin.py:188} INFO - [2024-02-29T18:29:36.332+0530] {dag.py:3823} INFO - Setting next_dagrun for tutorial_taskflow_api to None, run_after=None
[2024-02-29T18:29:36.381+0530] {processor.py:183} INFO - Processing /home/arun/.local/lib/python3.10/site-packages/airflow/example_dags/tutorial_taskflow_api.py took 0.123 seconds
[2024-02-29T18:30:37.137+0530] {processor.py:161} INFO - Started process (PID=6505) to work on /home/arun/.local/lib/python3.10/site-packages/airflow/example_dags/tutorial_taskflow_api.py
[2024-02-29T18:30:37.190+0530] {processor.py:830} INFO - Processing file /home/arun/.local/lib/python3.10/site-packages/airflow/example_dags/tutorial_taskflow_api.py for tasks to queue
[2024-02-29T18:30:37.195+0530] {logging_mixin.py:188} INFO - [2024-02-29T18:30:37.193+0530] {dagbag.py:538} INFO - Filling up the DagBag from /home/arun/.local/lib/python3.10/site-packages/airflow/example_dags/tutorial_taskflow_api.py
[2024-02-29T18:30:37.222+0530] {processor.py:840} INFO - DAG(s) 'tutorial_taskflow_api' retrieved from /home/arun/.local/lib/python3.10/site-packages/airflow/example_dags/tutorial_taskflow_api.py
[2024-02-29T18:30:37.258+0530] {logging_mixin.py:188} INFO - [2024-02-29T18:30:37.258+0530] {dag.py:3036} INFO - Sync 1 DAGs
[2024-02-29T18:30:37.281+0530] {logging_mixin.py:188} INFO - [2024-02-29T18:30:37.281+0530] {dag.py:3823} INFO - Setting next_dagrun for tutorial_taskflow_api to None, run_after=None
[2024-02-29T18:30:37.335+0530] {processor.py:183} INFO - Processing /home/arun/.local/lib/python3.10/site-packages/airflow/example_dags/tutorial_taskflow_api.py took 0.211 seconds
[2024-02-29T18:31:32.917+0530] {processor.py:161} INFO - Started process (PID=6593) to work on /home/arun/.local/lib/python3.10/site-packages/airflow/example_dags/tutorial_taskflow_api.py
[2024-02-29T18:31:32.918+0530] {processor.py:830} INFO - Processing file /home/arun/.local/lib/python3.10/site-packages/airflow/example_dags/tutorial_taskflow_api.py for tasks to queue
[2024-02-29T18:31:32.920+0530] {logging_mixin.py:188} INFO - [2024-02-29T18:31:32.919+0530] {dagbag.py:538} INFO - Filling up the DagBag from /home/arun/.local/lib/python3.10/site-packages/airflow/example_dags/tutorial_taskflow_api.py
[2024-02-29T18:31:32.935+0530] {processor.py:840} INFO - DAG(s) 'tutorial_taskflow_api' retrieved from /home/arun/.local/lib/python3.10/site-packages/airflow/example_dags/tutorial_taskflow_api.py
[2024-02-29T18:31:32.963+0530] {logging_mixin.py:188} INFO - [2024-02-29T18:31:32.962+0530] {dag.py:3036} INFO - Sync 1 DAGs
[2024-02-29T18:31:32.985+0530] {logging_mixin.py:188} INFO - [2024-02-29T18:31:32.985+0530] {dag.py:3823} INFO - Setting next_dagrun for tutorial_taskflow_api to None, run_after=None
[2024-02-29T18:31:33.079+0530] {processor.py:183} INFO - Processing /home/arun/.local/lib/python3.10/site-packages/airflow/example_dags/tutorial_taskflow_api.py took 0.167 seconds
[2024-02-29T18:32:20.914+0530] {processor.py:161} INFO - Started process (PID=6672) to work on /home/arun/.local/lib/python3.10/site-packages/airflow/example_dags/tutorial_taskflow_api.py
[2024-02-29T18:32:20.915+0530] {processor.py:830} INFO - Processing file /home/arun/.local/lib/python3.10/site-packages/airflow/example_dags/tutorial_taskflow_api.py for tasks to queue
[2024-02-29T18:32:20.915+0530] {logging_mixin.py:188} INFO - [2024-02-29T18:32:20.915+0530] {dagbag.py:538} INFO - Filling up the DagBag from /home/arun/.local/lib/python3.10/site-packages/airflow/example_dags/tutorial_taskflow_api.py
[2024-02-29T18:32:20.922+0530] {processor.py:840} INFO - DAG(s) 'tutorial_taskflow_api' retrieved from /home/arun/.local/lib/python3.10/site-packages/airflow/example_dags/tutorial_taskflow_api.py
[2024-02-29T18:32:20.935+0530] {logging_mixin.py:188} INFO - [2024-02-29T18:32:20.935+0530] {dag.py:3036} INFO - Sync 1 DAGs
[2024-02-29T18:32:20.946+0530] {logging_mixin.py:188} INFO - [2024-02-29T18:32:20.946+0530] {dag.py:3823} INFO - Setting next_dagrun for tutorial_taskflow_api to None, run_after=None
[2024-02-29T18:32:20.971+0530] {processor.py:183} INFO - Processing /home/arun/.local/lib/python3.10/site-packages/airflow/example_dags/tutorial_taskflow_api.py took 0.061 seconds
[2024-02-29T18:33:15.216+0530] {processor.py:161} INFO - Started process (PID=6762) to work on /home/arun/.local/lib/python3.10/site-packages/airflow/example_dags/tutorial_taskflow_api.py
[2024-02-29T18:33:15.219+0530] {processor.py:830} INFO - Processing file /home/arun/.local/lib/python3.10/site-packages/airflow/example_dags/tutorial_taskflow_api.py for tasks to queue
[2024-02-29T18:33:15.221+0530] {logging_mixin.py:188} INFO - [2024-02-29T18:33:15.221+0530] {dagbag.py:538} INFO - Filling up the DagBag from /home/arun/.local/lib/python3.10/site-packages/airflow/example_dags/tutorial_taskflow_api.py
[2024-02-29T18:33:15.235+0530] {processor.py:840} INFO - DAG(s) 'tutorial_taskflow_api' retrieved from /home/arun/.local/lib/python3.10/site-packages/airflow/example_dags/tutorial_taskflow_api.py
[2024-02-29T18:33:15.260+0530] {logging_mixin.py:188} INFO - [2024-02-29T18:33:15.260+0530] {dag.py:3036} INFO - Sync 1 DAGs
[2024-02-29T18:33:15.274+0530] {logging_mixin.py:188} INFO - [2024-02-29T18:33:15.274+0530] {dag.py:3823} INFO - Setting next_dagrun for tutorial_taskflow_api to None, run_after=None
[2024-02-29T18:33:15.395+0530] {processor.py:183} INFO - Processing /home/arun/.local/lib/python3.10/site-packages/airflow/example_dags/tutorial_taskflow_api.py took 0.185 seconds
[2024-02-29T18:34:09.341+0530] {processor.py:161} INFO - Started process (PID=6848) to work on /home/arun/.local/lib/python3.10/site-packages/airflow/example_dags/tutorial_taskflow_api.py
[2024-02-29T18:34:09.343+0530] {processor.py:830} INFO - Processing file /home/arun/.local/lib/python3.10/site-packages/airflow/example_dags/tutorial_taskflow_api.py for tasks to queue
[2024-02-29T18:34:09.344+0530] {logging_mixin.py:188} INFO - [2024-02-29T18:34:09.343+0530] {dagbag.py:538} INFO - Filling up the DagBag from /home/arun/.local/lib/python3.10/site-packages/airflow/example_dags/tutorial_taskflow_api.py
[2024-02-29T18:34:09.351+0530] {processor.py:840} INFO - DAG(s) 'tutorial_taskflow_api' retrieved from /home/arun/.local/lib/python3.10/site-packages/airflow/example_dags/tutorial_taskflow_api.py
[2024-02-29T18:34:09.372+0530] {logging_mixin.py:188} INFO - [2024-02-29T18:34:09.372+0530] {dag.py:3036} INFO - Sync 1 DAGs
[2024-02-29T18:34:09.387+0530] {logging_mixin.py:188} INFO - [2024-02-29T18:34:09.387+0530] {dag.py:3823} INFO - Setting next_dagrun for tutorial_taskflow_api to None, run_after=None
[2024-02-29T18:34:09.526+0530] {processor.py:183} INFO - Processing /home/arun/.local/lib/python3.10/site-packages/airflow/example_dags/tutorial_taskflow_api.py took 0.189 seconds
[2024-02-29T18:35:02.784+0530] {processor.py:161} INFO - Started process (PID=6934) to work on /home/arun/.local/lib/python3.10/site-packages/airflow/example_dags/tutorial_taskflow_api.py
[2024-02-29T18:35:02.786+0530] {processor.py:830} INFO - Processing file /home/arun/.local/lib/python3.10/site-packages/airflow/example_dags/tutorial_taskflow_api.py for tasks to queue
[2024-02-29T18:35:02.788+0530] {logging_mixin.py:188} INFO - [2024-02-29T18:35:02.787+0530] {dagbag.py:538} INFO - Filling up the DagBag from /home/arun/.local/lib/python3.10/site-packages/airflow/example_dags/tutorial_taskflow_api.py
[2024-02-29T18:35:02.795+0530] {processor.py:840} INFO - DAG(s) 'tutorial_taskflow_api' retrieved from /home/arun/.local/lib/python3.10/site-packages/airflow/example_dags/tutorial_taskflow_api.py
[2024-02-29T18:35:02.813+0530] {logging_mixin.py:188} INFO - [2024-02-29T18:35:02.813+0530] {dag.py:3036} INFO - Sync 1 DAGs
[2024-02-29T18:35:02.828+0530] {logging_mixin.py:188} INFO - [2024-02-29T18:35:02.827+0530] {dag.py:3823} INFO - Setting next_dagrun for tutorial_taskflow_api to None, run_after=None
[2024-02-29T18:35:02.866+0530] {processor.py:183} INFO - Processing /home/arun/.local/lib/python3.10/site-packages/airflow/example_dags/tutorial_taskflow_api.py took 0.085 seconds
[2024-02-29T18:35:56.544+0530] {processor.py:161} INFO - Started process (PID=7018) to work on /home/arun/.local/lib/python3.10/site-packages/airflow/example_dags/tutorial_taskflow_api.py
[2024-02-29T18:35:56.559+0530] {processor.py:830} INFO - Processing file /home/arun/.local/lib/python3.10/site-packages/airflow/example_dags/tutorial_taskflow_api.py for tasks to queue
[2024-02-29T18:35:56.566+0530] {logging_mixin.py:188} INFO - [2024-02-29T18:35:56.560+0530] {dagbag.py:538} INFO - Filling up the DagBag from /home/arun/.local/lib/python3.10/site-packages/airflow/example_dags/tutorial_taskflow_api.py
[2024-02-29T18:35:56.591+0530] {processor.py:840} INFO - DAG(s) 'tutorial_taskflow_api' retrieved from /home/arun/.local/lib/python3.10/site-packages/airflow/example_dags/tutorial_taskflow_api.py
[2024-02-29T18:35:56.685+0530] {logging_mixin.py:188} INFO - [2024-02-29T18:35:56.685+0530] {dag.py:3036} INFO - Sync 1 DAGs
[2024-02-29T18:35:56.700+0530] {logging_mixin.py:188} INFO - [2024-02-29T18:35:56.700+0530] {dag.py:3823} INFO - Setting next_dagrun for tutorial_taskflow_api to None, run_after=None
[2024-02-29T18:35:56.729+0530] {processor.py:183} INFO - Processing /home/arun/.local/lib/python3.10/site-packages/airflow/example_dags/tutorial_taskflow_api.py took 0.189 seconds
[2024-02-29T18:36:59.130+0530] {processor.py:161} INFO - Started process (PID=7110) to work on /home/arun/.local/lib/python3.10/site-packages/airflow/example_dags/tutorial_taskflow_api.py
[2024-02-29T18:36:59.133+0530] {processor.py:830} INFO - Processing file /home/arun/.local/lib/python3.10/site-packages/airflow/example_dags/tutorial_taskflow_api.py for tasks to queue
[2024-02-29T18:36:59.136+0530] {logging_mixin.py:188} INFO - [2024-02-29T18:36:59.134+0530] {dagbag.py:538} INFO - Filling up the DagBag from /home/arun/.local/lib/python3.10/site-packages/airflow/example_dags/tutorial_taskflow_api.py
[2024-02-29T18:36:59.151+0530] {processor.py:840} INFO - DAG(s) 'tutorial_taskflow_api' retrieved from /home/arun/.local/lib/python3.10/site-packages/airflow/example_dags/tutorial_taskflow_api.py
[2024-02-29T18:36:59.184+0530] {logging_mixin.py:188} INFO - [2024-02-29T18:36:59.184+0530] {dag.py:3036} INFO - Sync 1 DAGs
[2024-02-29T18:36:59.214+0530] {logging_mixin.py:188} INFO - [2024-02-29T18:36:59.213+0530] {dag.py:3823} INFO - Setting next_dagrun for tutorial_taskflow_api to None, run_after=None
[2024-02-29T18:36:59.272+0530] {processor.py:183} INFO - Processing /home/arun/.local/lib/python3.10/site-packages/airflow/example_dags/tutorial_taskflow_api.py took 0.153 seconds
[2024-02-29T18:37:58.609+0530] {processor.py:161} INFO - Started process (PID=7200) to work on /home/arun/.local/lib/python3.10/site-packages/airflow/example_dags/tutorial_taskflow_api.py
[2024-02-29T18:37:58.645+0530] {processor.py:830} INFO - Processing file /home/arun/.local/lib/python3.10/site-packages/airflow/example_dags/tutorial_taskflow_api.py for tasks to queue
[2024-02-29T18:37:58.648+0530] {logging_mixin.py:188} INFO - [2024-02-29T18:37:58.647+0530] {dagbag.py:538} INFO - Filling up the DagBag from /home/arun/.local/lib/python3.10/site-packages/airflow/example_dags/tutorial_taskflow_api.py
[2024-02-29T18:37:58.671+0530] {processor.py:840} INFO - DAG(s) 'tutorial_taskflow_api' retrieved from /home/arun/.local/lib/python3.10/site-packages/airflow/example_dags/tutorial_taskflow_api.py
[2024-02-29T18:37:58.716+0530] {logging_mixin.py:188} INFO - [2024-02-29T18:37:58.715+0530] {dag.py:3036} INFO - Sync 1 DAGs
[2024-02-29T18:37:58.752+0530] {logging_mixin.py:188} INFO - [2024-02-29T18:37:58.752+0530] {dag.py:3823} INFO - Setting next_dagrun for tutorial_taskflow_api to None, run_after=None
[2024-02-29T18:37:58.846+0530] {processor.py:183} INFO - Processing /home/arun/.local/lib/python3.10/site-packages/airflow/example_dags/tutorial_taskflow_api.py took 0.250 seconds
[2024-02-29T18:38:54.829+0530] {processor.py:161} INFO - Started process (PID=7378) to work on /home/arun/.local/lib/python3.10/site-packages/airflow/example_dags/tutorial_taskflow_api.py
[2024-02-29T18:38:54.832+0530] {processor.py:830} INFO - Processing file /home/arun/.local/lib/python3.10/site-packages/airflow/example_dags/tutorial_taskflow_api.py for tasks to queue
[2024-02-29T18:38:54.834+0530] {logging_mixin.py:188} INFO - [2024-02-29T18:38:54.833+0530] {dagbag.py:538} INFO - Filling up the DagBag from /home/arun/.local/lib/python3.10/site-packages/airflow/example_dags/tutorial_taskflow_api.py
[2024-02-29T18:38:54.846+0530] {processor.py:840} INFO - DAG(s) 'tutorial_taskflow_api' retrieved from /home/arun/.local/lib/python3.10/site-packages/airflow/example_dags/tutorial_taskflow_api.py
[2024-02-29T18:38:54.872+0530] {logging_mixin.py:188} INFO - [2024-02-29T18:38:54.872+0530] {dag.py:3036} INFO - Sync 1 DAGs
[2024-02-29T18:38:54.888+0530] {logging_mixin.py:188} INFO - [2024-02-29T18:38:54.888+0530] {dag.py:3823} INFO - Setting next_dagrun for tutorial_taskflow_api to None, run_after=None
[2024-02-29T18:38:54.920+0530] {processor.py:183} INFO - Processing /home/arun/.local/lib/python3.10/site-packages/airflow/example_dags/tutorial_taskflow_api.py took 0.098 seconds
[2024-02-29T18:39:51.928+0530] {processor.py:161} INFO - Started process (PID=7465) to work on /home/arun/.local/lib/python3.10/site-packages/airflow/example_dags/tutorial_taskflow_api.py
[2024-02-29T18:39:51.929+0530] {processor.py:830} INFO - Processing file /home/arun/.local/lib/python3.10/site-packages/airflow/example_dags/tutorial_taskflow_api.py for tasks to queue
[2024-02-29T18:39:51.931+0530] {logging_mixin.py:188} INFO - [2024-02-29T18:39:51.930+0530] {dagbag.py:538} INFO - Filling up the DagBag from /home/arun/.local/lib/python3.10/site-packages/airflow/example_dags/tutorial_taskflow_api.py
[2024-02-29T18:39:51.940+0530] {processor.py:840} INFO - DAG(s) 'tutorial_taskflow_api' retrieved from /home/arun/.local/lib/python3.10/site-packages/airflow/example_dags/tutorial_taskflow_api.py
[2024-02-29T18:39:51.961+0530] {logging_mixin.py:188} INFO - [2024-02-29T18:39:51.961+0530] {dag.py:3036} INFO - Sync 1 DAGs
[2024-02-29T18:39:51.978+0530] {logging_mixin.py:188} INFO - [2024-02-29T18:39:51.977+0530] {dag.py:3823} INFO - Setting next_dagrun for tutorial_taskflow_api to None, run_after=None
[2024-02-29T18:39:52.014+0530] {processor.py:183} INFO - Processing /home/arun/.local/lib/python3.10/site-packages/airflow/example_dags/tutorial_taskflow_api.py took 0.091 seconds
[2024-02-29T18:40:50.283+0530] {processor.py:161} INFO - Started process (PID=7555) to work on /home/arun/.local/lib/python3.10/site-packages/airflow/example_dags/tutorial_taskflow_api.py
[2024-02-29T18:40:50.297+0530] {processor.py:830} INFO - Processing file /home/arun/.local/lib/python3.10/site-packages/airflow/example_dags/tutorial_taskflow_api.py for tasks to queue
[2024-02-29T18:40:50.298+0530] {logging_mixin.py:188} INFO - [2024-02-29T18:40:50.297+0530] {dagbag.py:538} INFO - Filling up the DagBag from /home/arun/.local/lib/python3.10/site-packages/airflow/example_dags/tutorial_taskflow_api.py
[2024-02-29T18:40:50.307+0530] {processor.py:840} INFO - DAG(s) 'tutorial_taskflow_api' retrieved from /home/arun/.local/lib/python3.10/site-packages/airflow/example_dags/tutorial_taskflow_api.py
[2024-02-29T18:40:50.325+0530] {logging_mixin.py:188} INFO - [2024-02-29T18:40:50.325+0530] {dag.py:3036} INFO - Sync 1 DAGs
[2024-02-29T18:40:50.337+0530] {logging_mixin.py:188} INFO - [2024-02-29T18:40:50.337+0530] {dag.py:3823} INFO - Setting next_dagrun for tutorial_taskflow_api to None, run_after=None
[2024-02-29T18:40:50.362+0530] {processor.py:183} INFO - Processing /home/arun/.local/lib/python3.10/site-packages/airflow/example_dags/tutorial_taskflow_api.py took 0.084 seconds
[2024-02-29T18:41:46.575+0530] {processor.py:161} INFO - Started process (PID=7658) to work on /home/arun/.local/lib/python3.10/site-packages/airflow/example_dags/tutorial_taskflow_api.py
[2024-02-29T18:41:46.607+0530] {processor.py:830} INFO - Processing file /home/arun/.local/lib/python3.10/site-packages/airflow/example_dags/tutorial_taskflow_api.py for tasks to queue
[2024-02-29T18:41:46.609+0530] {logging_mixin.py:188} INFO - [2024-02-29T18:41:46.608+0530] {dagbag.py:538} INFO - Filling up the DagBag from /home/arun/.local/lib/python3.10/site-packages/airflow/example_dags/tutorial_taskflow_api.py
[2024-02-29T18:41:46.616+0530] {processor.py:840} INFO - DAG(s) 'tutorial_taskflow_api' retrieved from /home/arun/.local/lib/python3.10/site-packages/airflow/example_dags/tutorial_taskflow_api.py
[2024-02-29T18:41:46.634+0530] {logging_mixin.py:188} INFO - [2024-02-29T18:41:46.634+0530] {dag.py:3036} INFO - Sync 1 DAGs
[2024-02-29T18:41:46.649+0530] {logging_mixin.py:188} INFO - [2024-02-29T18:41:46.649+0530] {dag.py:3823} INFO - Setting next_dagrun for tutorial_taskflow_api to None, run_after=None
[2024-02-29T18:41:46.682+0530] {processor.py:183} INFO - Processing /home/arun/.local/lib/python3.10/site-packages/airflow/example_dags/tutorial_taskflow_api.py took 0.110 seconds
[2024-02-29T18:42:43.021+0530] {processor.py:161} INFO - Started process (PID=7746) to work on /home/arun/.local/lib/python3.10/site-packages/airflow/example_dags/tutorial_taskflow_api.py
[2024-02-29T18:42:43.057+0530] {processor.py:830} INFO - Processing file /home/arun/.local/lib/python3.10/site-packages/airflow/example_dags/tutorial_taskflow_api.py for tasks to queue
[2024-02-29T18:42:43.058+0530] {logging_mixin.py:188} INFO - [2024-02-29T18:42:43.057+0530] {dagbag.py:538} INFO - Filling up the DagBag from /home/arun/.local/lib/python3.10/site-packages/airflow/example_dags/tutorial_taskflow_api.py
[2024-02-29T18:42:43.067+0530] {processor.py:840} INFO - DAG(s) 'tutorial_taskflow_api' retrieved from /home/arun/.local/lib/python3.10/site-packages/airflow/example_dags/tutorial_taskflow_api.py
[2024-02-29T18:42:43.096+0530] {logging_mixin.py:188} INFO - [2024-02-29T18:42:43.095+0530] {dag.py:3036} INFO - Sync 1 DAGs
[2024-02-29T18:42:43.117+0530] {logging_mixin.py:188} INFO - [2024-02-29T18:42:43.116+0530] {dag.py:3823} INFO - Setting next_dagrun for tutorial_taskflow_api to None, run_after=None
[2024-02-29T18:42:43.151+0530] {processor.py:183} INFO - Processing /home/arun/.local/lib/python3.10/site-packages/airflow/example_dags/tutorial_taskflow_api.py took 0.134 seconds
[2024-02-29T18:43:19.828+0530] {processor.py:161} INFO - Started process (PID=7802) to work on /home/arun/.local/lib/python3.10/site-packages/airflow/example_dags/tutorial_taskflow_api.py
[2024-02-29T18:43:19.830+0530] {processor.py:830} INFO - Processing file /home/arun/.local/lib/python3.10/site-packages/airflow/example_dags/tutorial_taskflow_api.py for tasks to queue
[2024-02-29T18:43:19.831+0530] {logging_mixin.py:188} INFO - [2024-02-29T18:43:19.830+0530] {dagbag.py:538} INFO - Filling up the DagBag from /home/arun/.local/lib/python3.10/site-packages/airflow/example_dags/tutorial_taskflow_api.py
[2024-02-29T18:43:19.842+0530] {processor.py:840} INFO - DAG(s) 'tutorial_taskflow_api' retrieved from /home/arun/.local/lib/python3.10/site-packages/airflow/example_dags/tutorial_taskflow_api.py
[2024-02-29T18:43:19.908+0530] {logging_mixin.py:188} INFO - [2024-02-29T18:43:19.908+0530] {dag.py:3036} INFO - Sync 1 DAGs
[2024-02-29T18:43:19.931+0530] {logging_mixin.py:188} INFO - [2024-02-29T18:43:19.930+0530] {dag.py:3823} INFO - Setting next_dagrun for tutorial_taskflow_api to None, run_after=None
[2024-02-29T18:43:19.998+0530] {processor.py:183} INFO - Processing /home/arun/.local/lib/python3.10/site-packages/airflow/example_dags/tutorial_taskflow_api.py took 0.174 seconds
[2024-02-29T18:44:22.853+0530] {processor.py:161} INFO - Started process (PID=7913) to work on /home/arun/.local/lib/python3.10/site-packages/airflow/example_dags/tutorial_taskflow_api.py
[2024-02-29T18:44:22.855+0530] {processor.py:830} INFO - Processing file /home/arun/.local/lib/python3.10/site-packages/airflow/example_dags/tutorial_taskflow_api.py for tasks to queue
[2024-02-29T18:44:22.856+0530] {logging_mixin.py:188} INFO - [2024-02-29T18:44:22.856+0530] {dagbag.py:538} INFO - Filling up the DagBag from /home/arun/.local/lib/python3.10/site-packages/airflow/example_dags/tutorial_taskflow_api.py
[2024-02-29T18:44:22.867+0530] {processor.py:840} INFO - DAG(s) 'tutorial_taskflow_api' retrieved from /home/arun/.local/lib/python3.10/site-packages/airflow/example_dags/tutorial_taskflow_api.py
[2024-02-29T18:44:22.895+0530] {logging_mixin.py:188} INFO - [2024-02-29T18:44:22.895+0530] {dag.py:3036} INFO - Sync 1 DAGs
[2024-02-29T18:44:22.917+0530] {logging_mixin.py:188} INFO - [2024-02-29T18:44:22.916+0530] {dag.py:3823} INFO - Setting next_dagrun for tutorial_taskflow_api to None, run_after=None
[2024-02-29T18:44:22.956+0530] {processor.py:183} INFO - Processing /home/arun/.local/lib/python3.10/site-packages/airflow/example_dags/tutorial_taskflow_api.py took 0.109 seconds
[2024-02-29T18:45:16.657+0530] {processor.py:161} INFO - Started process (PID=8002) to work on /home/arun/.local/lib/python3.10/site-packages/airflow/example_dags/tutorial_taskflow_api.py
[2024-02-29T18:45:16.659+0530] {processor.py:830} INFO - Processing file /home/arun/.local/lib/python3.10/site-packages/airflow/example_dags/tutorial_taskflow_api.py for tasks to queue
[2024-02-29T18:45:16.659+0530] {logging_mixin.py:188} INFO - [2024-02-29T18:45:16.659+0530] {dagbag.py:538} INFO - Filling up the DagBag from /home/arun/.local/lib/python3.10/site-packages/airflow/example_dags/tutorial_taskflow_api.py
[2024-02-29T18:45:16.666+0530] {processor.py:840} INFO - DAG(s) 'tutorial_taskflow_api' retrieved from /home/arun/.local/lib/python3.10/site-packages/airflow/example_dags/tutorial_taskflow_api.py
[2024-02-29T18:45:16.682+0530] {logging_mixin.py:188} INFO - [2024-02-29T18:45:16.682+0530] {dag.py:3036} INFO - Sync 1 DAGs
[2024-02-29T18:45:16.696+0530] {logging_mixin.py:188} INFO - [2024-02-29T18:45:16.696+0530] {dag.py:3823} INFO - Setting next_dagrun for tutorial_taskflow_api to None, run_after=None
[2024-02-29T18:45:16.820+0530] {processor.py:183} INFO - Processing /home/arun/.local/lib/python3.10/site-packages/airflow/example_dags/tutorial_taskflow_api.py took 0.166 seconds
[2024-02-29T18:46:10.666+0530] {processor.py:161} INFO - Started process (PID=8101) to work on /home/arun/.local/lib/python3.10/site-packages/airflow/example_dags/tutorial_taskflow_api.py
[2024-02-29T18:46:10.668+0530] {processor.py:830} INFO - Processing file /home/arun/.local/lib/python3.10/site-packages/airflow/example_dags/tutorial_taskflow_api.py for tasks to queue
[2024-02-29T18:46:10.668+0530] {logging_mixin.py:188} INFO - [2024-02-29T18:46:10.668+0530] {dagbag.py:538} INFO - Filling up the DagBag from /home/arun/.local/lib/python3.10/site-packages/airflow/example_dags/tutorial_taskflow_api.py
[2024-02-29T18:46:10.676+0530] {processor.py:840} INFO - DAG(s) 'tutorial_taskflow_api' retrieved from /home/arun/.local/lib/python3.10/site-packages/airflow/example_dags/tutorial_taskflow_api.py
[2024-02-29T18:46:10.693+0530] {logging_mixin.py:188} INFO - [2024-02-29T18:46:10.693+0530] {dag.py:3036} INFO - Sync 1 DAGs
[2024-02-29T18:46:10.708+0530] {logging_mixin.py:188} INFO - [2024-02-29T18:46:10.708+0530] {dag.py:3823} INFO - Setting next_dagrun for tutorial_taskflow_api to None, run_after=None
[2024-02-29T18:46:10.740+0530] {processor.py:183} INFO - Processing /home/arun/.local/lib/python3.10/site-packages/airflow/example_dags/tutorial_taskflow_api.py took 0.077 seconds
[2024-02-29T18:47:04.127+0530] {processor.py:161} INFO - Started process (PID=8185) to work on /home/arun/.local/lib/python3.10/site-packages/airflow/example_dags/tutorial_taskflow_api.py
[2024-02-29T18:47:04.128+0530] {processor.py:830} INFO - Processing file /home/arun/.local/lib/python3.10/site-packages/airflow/example_dags/tutorial_taskflow_api.py for tasks to queue
[2024-02-29T18:47:04.129+0530] {logging_mixin.py:188} INFO - [2024-02-29T18:47:04.129+0530] {dagbag.py:538} INFO - Filling up the DagBag from /home/arun/.local/lib/python3.10/site-packages/airflow/example_dags/tutorial_taskflow_api.py
[2024-02-29T18:47:04.136+0530] {processor.py:840} INFO - DAG(s) 'tutorial_taskflow_api' retrieved from /home/arun/.local/lib/python3.10/site-packages/airflow/example_dags/tutorial_taskflow_api.py
[2024-02-29T18:47:04.152+0530] {logging_mixin.py:188} INFO - [2024-02-29T18:47:04.151+0530] {dag.py:3036} INFO - Sync 1 DAGs
[2024-02-29T18:47:04.165+0530] {logging_mixin.py:188} INFO - [2024-02-29T18:47:04.164+0530] {dag.py:3823} INFO - Setting next_dagrun for tutorial_taskflow_api to None, run_after=None
[2024-02-29T18:47:04.193+0530] {processor.py:183} INFO - Processing /home/arun/.local/lib/python3.10/site-packages/airflow/example_dags/tutorial_taskflow_api.py took 0.070 seconds
[2024-02-29T18:47:54.908+0530] {processor.py:161} INFO - Started process (PID=8267) to work on /home/arun/.local/lib/python3.10/site-packages/airflow/example_dags/tutorial_taskflow_api.py
[2024-02-29T18:47:54.946+0530] {processor.py:830} INFO - Processing file /home/arun/.local/lib/python3.10/site-packages/airflow/example_dags/tutorial_taskflow_api.py for tasks to queue
[2024-02-29T18:47:54.947+0530] {logging_mixin.py:188} INFO - [2024-02-29T18:47:54.946+0530] {dagbag.py:538} INFO - Filling up the DagBag from /home/arun/.local/lib/python3.10/site-packages/airflow/example_dags/tutorial_taskflow_api.py
[2024-02-29T18:47:54.954+0530] {processor.py:840} INFO - DAG(s) 'tutorial_taskflow_api' retrieved from /home/arun/.local/lib/python3.10/site-packages/airflow/example_dags/tutorial_taskflow_api.py
[2024-02-29T18:47:54.973+0530] {logging_mixin.py:188} INFO - [2024-02-29T18:47:54.972+0530] {dag.py:3036} INFO - Sync 1 DAGs
[2024-02-29T18:47:54.987+0530] {logging_mixin.py:188} INFO - [2024-02-29T18:47:54.987+0530] {dag.py:3823} INFO - Setting next_dagrun for tutorial_taskflow_api to None, run_after=None
[2024-02-29T18:47:55.022+0530] {processor.py:183} INFO - Processing /home/arun/.local/lib/python3.10/site-packages/airflow/example_dags/tutorial_taskflow_api.py took 0.119 seconds
[2024-02-29T18:48:42.194+0530] {processor.py:161} INFO - Started process (PID=8347) to work on /home/arun/.local/lib/python3.10/site-packages/airflow/example_dags/tutorial_taskflow_api.py
[2024-02-29T18:48:42.196+0530] {processor.py:830} INFO - Processing file /home/arun/.local/lib/python3.10/site-packages/airflow/example_dags/tutorial_taskflow_api.py for tasks to queue
[2024-02-29T18:48:42.197+0530] {logging_mixin.py:188} INFO - [2024-02-29T18:48:42.197+0530] {dagbag.py:538} INFO - Filling up the DagBag from /home/arun/.local/lib/python3.10/site-packages/airflow/example_dags/tutorial_taskflow_api.py
[2024-02-29T18:48:42.206+0530] {processor.py:840} INFO - DAG(s) 'tutorial_taskflow_api' retrieved from /home/arun/.local/lib/python3.10/site-packages/airflow/example_dags/tutorial_taskflow_api.py
[2024-02-29T18:48:42.230+0530] {logging_mixin.py:188} INFO - [2024-02-29T18:48:42.230+0530] {dag.py:3036} INFO - Sync 1 DAGs
[2024-02-29T18:48:42.254+0530] {logging_mixin.py:188} INFO - [2024-02-29T18:48:42.253+0530] {dag.py:3823} INFO - Setting next_dagrun for tutorial_taskflow_api to None, run_after=None
[2024-02-29T18:48:42.301+0530] {processor.py:183} INFO - Processing /home/arun/.local/lib/python3.10/site-packages/airflow/example_dags/tutorial_taskflow_api.py took 0.110 seconds
[2024-02-29T18:49:27.940+0530] {processor.py:161} INFO - Started process (PID=8420) to work on /home/arun/.local/lib/python3.10/site-packages/airflow/example_dags/tutorial_taskflow_api.py
[2024-02-29T18:49:27.945+0530] {processor.py:830} INFO - Processing file /home/arun/.local/lib/python3.10/site-packages/airflow/example_dags/tutorial_taskflow_api.py for tasks to queue
[2024-02-29T18:49:27.947+0530] {logging_mixin.py:188} INFO - [2024-02-29T18:49:27.946+0530] {dagbag.py:538} INFO - Filling up the DagBag from /home/arun/.local/lib/python3.10/site-packages/airflow/example_dags/tutorial_taskflow_api.py
[2024-02-29T18:49:27.967+0530] {processor.py:840} INFO - DAG(s) 'tutorial_taskflow_api' retrieved from /home/arun/.local/lib/python3.10/site-packages/airflow/example_dags/tutorial_taskflow_api.py
[2024-02-29T18:49:28.012+0530] {logging_mixin.py:188} INFO - [2024-02-29T18:49:28.011+0530] {dag.py:3036} INFO - Sync 1 DAGs
[2024-02-29T18:49:28.035+0530] {logging_mixin.py:188} INFO - [2024-02-29T18:49:28.035+0530] {dag.py:3823} INFO - Setting next_dagrun for tutorial_taskflow_api to None, run_after=None
[2024-02-29T18:49:28.095+0530] {processor.py:183} INFO - Processing /home/arun/.local/lib/python3.10/site-packages/airflow/example_dags/tutorial_taskflow_api.py took 0.162 seconds
[2024-02-29T18:50:16.148+0530] {processor.py:161} INFO - Started process (PID=8499) to work on /home/arun/.local/lib/python3.10/site-packages/airflow/example_dags/tutorial_taskflow_api.py
[2024-02-29T18:50:16.149+0530] {processor.py:830} INFO - Processing file /home/arun/.local/lib/python3.10/site-packages/airflow/example_dags/tutorial_taskflow_api.py for tasks to queue
[2024-02-29T18:50:16.150+0530] {logging_mixin.py:188} INFO - [2024-02-29T18:50:16.149+0530] {dagbag.py:538} INFO - Filling up the DagBag from /home/arun/.local/lib/python3.10/site-packages/airflow/example_dags/tutorial_taskflow_api.py
[2024-02-29T18:50:16.157+0530] {processor.py:840} INFO - DAG(s) 'tutorial_taskflow_api' retrieved from /home/arun/.local/lib/python3.10/site-packages/airflow/example_dags/tutorial_taskflow_api.py
[2024-02-29T18:50:16.173+0530] {logging_mixin.py:188} INFO - [2024-02-29T18:50:16.173+0530] {dag.py:3036} INFO - Sync 1 DAGs
[2024-02-29T18:50:16.186+0530] {logging_mixin.py:188} INFO - [2024-02-29T18:50:16.186+0530] {dag.py:3823} INFO - Setting next_dagrun for tutorial_taskflow_api to None, run_after=None
[2024-02-29T18:50:16.218+0530] {processor.py:183} INFO - Processing /home/arun/.local/lib/python3.10/site-packages/airflow/example_dags/tutorial_taskflow_api.py took 0.073 seconds
[2024-02-29T18:51:06.622+0530] {processor.py:161} INFO - Started process (PID=8583) to work on /home/arun/.local/lib/python3.10/site-packages/airflow/example_dags/tutorial_taskflow_api.py
[2024-02-29T18:51:06.661+0530] {processor.py:830} INFO - Processing file /home/arun/.local/lib/python3.10/site-packages/airflow/example_dags/tutorial_taskflow_api.py for tasks to queue
[2024-02-29T18:51:06.662+0530] {logging_mixin.py:188} INFO - [2024-02-29T18:51:06.662+0530] {dagbag.py:538} INFO - Filling up the DagBag from /home/arun/.local/lib/python3.10/site-packages/airflow/example_dags/tutorial_taskflow_api.py
[2024-02-29T18:51:06.669+0530] {processor.py:840} INFO - DAG(s) 'tutorial_taskflow_api' retrieved from /home/arun/.local/lib/python3.10/site-packages/airflow/example_dags/tutorial_taskflow_api.py
[2024-02-29T18:51:06.687+0530] {logging_mixin.py:188} INFO - [2024-02-29T18:51:06.686+0530] {dag.py:3036} INFO - Sync 1 DAGs
[2024-02-29T18:51:06.700+0530] {logging_mixin.py:188} INFO - [2024-02-29T18:51:06.700+0530] {dag.py:3823} INFO - Setting next_dagrun for tutorial_taskflow_api to None, run_after=None
[2024-02-29T18:51:06.733+0530] {processor.py:183} INFO - Processing /home/arun/.local/lib/python3.10/site-packages/airflow/example_dags/tutorial_taskflow_api.py took 0.116 seconds
[2024-02-29T18:51:58.990+0530] {processor.py:161} INFO - Started process (PID=8759) to work on /home/arun/.local/lib/python3.10/site-packages/airflow/example_dags/tutorial_taskflow_api.py
[2024-02-29T18:51:59.025+0530] {processor.py:830} INFO - Processing file /home/arun/.local/lib/python3.10/site-packages/airflow/example_dags/tutorial_taskflow_api.py for tasks to queue
[2024-02-29T18:51:59.026+0530] {logging_mixin.py:188} INFO - [2024-02-29T18:51:59.025+0530] {dagbag.py:538} INFO - Filling up the DagBag from /home/arun/.local/lib/python3.10/site-packages/airflow/example_dags/tutorial_taskflow_api.py
[2024-02-29T18:51:59.033+0530] {processor.py:840} INFO - DAG(s) 'tutorial_taskflow_api' retrieved from /home/arun/.local/lib/python3.10/site-packages/airflow/example_dags/tutorial_taskflow_api.py
[2024-02-29T18:51:59.048+0530] {logging_mixin.py:188} INFO - [2024-02-29T18:51:59.048+0530] {dag.py:3036} INFO - Sync 1 DAGs
[2024-02-29T18:51:59.060+0530] {logging_mixin.py:188} INFO - [2024-02-29T18:51:59.060+0530] {dag.py:3823} INFO - Setting next_dagrun for tutorial_taskflow_api to None, run_after=None
[2024-02-29T18:51:59.093+0530] {processor.py:183} INFO - Processing /home/arun/.local/lib/python3.10/site-packages/airflow/example_dags/tutorial_taskflow_api.py took 0.107 seconds
[2024-02-29T18:52:53.728+0530] {processor.py:161} INFO - Started process (PID=8843) to work on /home/arun/.local/lib/python3.10/site-packages/airflow/example_dags/tutorial_taskflow_api.py
[2024-02-29T18:52:53.765+0530] {processor.py:830} INFO - Processing file /home/arun/.local/lib/python3.10/site-packages/airflow/example_dags/tutorial_taskflow_api.py for tasks to queue
[2024-02-29T18:52:53.766+0530] {logging_mixin.py:188} INFO - [2024-02-29T18:52:53.766+0530] {dagbag.py:538} INFO - Filling up the DagBag from /home/arun/.local/lib/python3.10/site-packages/airflow/example_dags/tutorial_taskflow_api.py
[2024-02-29T18:52:53.773+0530] {processor.py:840} INFO - DAG(s) 'tutorial_taskflow_api' retrieved from /home/arun/.local/lib/python3.10/site-packages/airflow/example_dags/tutorial_taskflow_api.py
[2024-02-29T18:52:53.789+0530] {logging_mixin.py:188} INFO - [2024-02-29T18:52:53.789+0530] {dag.py:3036} INFO - Sync 1 DAGs
[2024-02-29T18:52:53.802+0530] {logging_mixin.py:188} INFO - [2024-02-29T18:52:53.802+0530] {dag.py:3823} INFO - Setting next_dagrun for tutorial_taskflow_api to None, run_after=None
[2024-02-29T18:52:53.831+0530] {processor.py:183} INFO - Processing /home/arun/.local/lib/python3.10/site-packages/airflow/example_dags/tutorial_taskflow_api.py took 0.107 seconds
[2024-02-29T18:53:45.537+0530] {processor.py:161} INFO - Started process (PID=8924) to work on /home/arun/.local/lib/python3.10/site-packages/airflow/example_dags/tutorial_taskflow_api.py
[2024-02-29T18:53:45.541+0530] {processor.py:830} INFO - Processing file /home/arun/.local/lib/python3.10/site-packages/airflow/example_dags/tutorial_taskflow_api.py for tasks to queue
[2024-02-29T18:53:45.542+0530] {logging_mixin.py:188} INFO - [2024-02-29T18:53:45.541+0530] {dagbag.py:538} INFO - Filling up the DagBag from /home/arun/.local/lib/python3.10/site-packages/airflow/example_dags/tutorial_taskflow_api.py
[2024-02-29T18:53:45.550+0530] {processor.py:840} INFO - DAG(s) 'tutorial_taskflow_api' retrieved from /home/arun/.local/lib/python3.10/site-packages/airflow/example_dags/tutorial_taskflow_api.py
[2024-02-29T18:53:45.567+0530] {logging_mixin.py:188} INFO - [2024-02-29T18:53:45.567+0530] {dag.py:3036} INFO - Sync 1 DAGs
[2024-02-29T18:53:45.580+0530] {logging_mixin.py:188} INFO - [2024-02-29T18:53:45.580+0530] {dag.py:3823} INFO - Setting next_dagrun for tutorial_taskflow_api to None, run_after=None
[2024-02-29T18:53:45.609+0530] {processor.py:183} INFO - Processing /home/arun/.local/lib/python3.10/site-packages/airflow/example_dags/tutorial_taskflow_api.py took 0.076 seconds
[2024-02-29T18:54:37.294+0530] {processor.py:161} INFO - Started process (PID=9196) to work on /home/arun/.local/lib/python3.10/site-packages/airflow/example_dags/tutorial_taskflow_api.py
[2024-02-29T18:54:37.296+0530] {processor.py:830} INFO - Processing file /home/arun/.local/lib/python3.10/site-packages/airflow/example_dags/tutorial_taskflow_api.py for tasks to queue
[2024-02-29T18:54:37.297+0530] {logging_mixin.py:188} INFO - [2024-02-29T18:54:37.296+0530] {dagbag.py:538} INFO - Filling up the DagBag from /home/arun/.local/lib/python3.10/site-packages/airflow/example_dags/tutorial_taskflow_api.py
[2024-02-29T18:54:37.305+0530] {processor.py:840} INFO - DAG(s) 'tutorial_taskflow_api' retrieved from /home/arun/.local/lib/python3.10/site-packages/airflow/example_dags/tutorial_taskflow_api.py
[2024-02-29T18:54:37.322+0530] {logging_mixin.py:188} INFO - [2024-02-29T18:54:37.322+0530] {dag.py:3036} INFO - Sync 1 DAGs
[2024-02-29T18:54:37.336+0530] {logging_mixin.py:188} INFO - [2024-02-29T18:54:37.336+0530] {dag.py:3823} INFO - Setting next_dagrun for tutorial_taskflow_api to None, run_after=None
[2024-02-29T18:54:37.365+0530] {processor.py:183} INFO - Processing /home/arun/.local/lib/python3.10/site-packages/airflow/example_dags/tutorial_taskflow_api.py took 0.075 seconds
[2024-02-29T18:55:26.562+0530] {processor.py:161} INFO - Started process (PID=9330) to work on /home/arun/.local/lib/python3.10/site-packages/airflow/example_dags/tutorial_taskflow_api.py
[2024-02-29T18:55:26.566+0530] {processor.py:830} INFO - Processing file /home/arun/.local/lib/python3.10/site-packages/airflow/example_dags/tutorial_taskflow_api.py for tasks to queue
[2024-02-29T18:55:26.569+0530] {logging_mixin.py:188} INFO - [2024-02-29T18:55:26.568+0530] {dagbag.py:538} INFO - Filling up the DagBag from /home/arun/.local/lib/python3.10/site-packages/airflow/example_dags/tutorial_taskflow_api.py
[2024-02-29T18:55:26.606+0530] {processor.py:840} INFO - DAG(s) 'tutorial_taskflow_api' retrieved from /home/arun/.local/lib/python3.10/site-packages/airflow/example_dags/tutorial_taskflow_api.py
[2024-02-29T18:55:26.684+0530] {logging_mixin.py:188} INFO - [2024-02-29T18:55:26.683+0530] {dag.py:3036} INFO - Sync 1 DAGs
[2024-02-29T18:55:26.719+0530] {logging_mixin.py:188} INFO - [2024-02-29T18:55:26.719+0530] {dag.py:3823} INFO - Setting next_dagrun for tutorial_taskflow_api to None, run_after=None
[2024-02-29T18:55:26.781+0530] {processor.py:183} INFO - Processing /home/arun/.local/lib/python3.10/site-packages/airflow/example_dags/tutorial_taskflow_api.py took 0.233 seconds
[2024-02-29T18:56:30.647+0530] {processor.py:161} INFO - Started process (PID=9449) to work on /home/arun/.local/lib/python3.10/site-packages/airflow/example_dags/tutorial_taskflow_api.py
[2024-02-29T18:56:30.676+0530] {processor.py:830} INFO - Processing file /home/arun/.local/lib/python3.10/site-packages/airflow/example_dags/tutorial_taskflow_api.py for tasks to queue
[2024-02-29T18:56:30.677+0530] {logging_mixin.py:188} INFO - [2024-02-29T18:56:30.677+0530] {dagbag.py:538} INFO - Filling up the DagBag from /home/arun/.local/lib/python3.10/site-packages/airflow/example_dags/tutorial_taskflow_api.py
[2024-02-29T18:56:30.687+0530] {processor.py:840} INFO - DAG(s) 'tutorial_taskflow_api' retrieved from /home/arun/.local/lib/python3.10/site-packages/airflow/example_dags/tutorial_taskflow_api.py
[2024-02-29T18:56:30.708+0530] {logging_mixin.py:188} INFO - [2024-02-29T18:56:30.708+0530] {dag.py:3036} INFO - Sync 1 DAGs
[2024-02-29T18:56:30.726+0530] {logging_mixin.py:188} INFO - [2024-02-29T18:56:30.726+0530] {dag.py:3823} INFO - Setting next_dagrun for tutorial_taskflow_api to None, run_after=None
[2024-02-29T18:56:30.769+0530] {processor.py:183} INFO - Processing /home/arun/.local/lib/python3.10/site-packages/airflow/example_dags/tutorial_taskflow_api.py took 0.126 seconds
[2024-02-29T18:57:26.604+0530] {processor.py:161} INFO - Started process (PID=9551) to work on /home/arun/.local/lib/python3.10/site-packages/airflow/example_dags/tutorial_taskflow_api.py
[2024-02-29T18:57:26.605+0530] {processor.py:830} INFO - Processing file /home/arun/.local/lib/python3.10/site-packages/airflow/example_dags/tutorial_taskflow_api.py for tasks to queue
[2024-02-29T18:57:26.606+0530] {logging_mixin.py:188} INFO - [2024-02-29T18:57:26.605+0530] {dagbag.py:538} INFO - Filling up the DagBag from /home/arun/.local/lib/python3.10/site-packages/airflow/example_dags/tutorial_taskflow_api.py
[2024-02-29T18:57:26.613+0530] {processor.py:840} INFO - DAG(s) 'tutorial_taskflow_api' retrieved from /home/arun/.local/lib/python3.10/site-packages/airflow/example_dags/tutorial_taskflow_api.py
[2024-02-29T18:57:26.631+0530] {logging_mixin.py:188} INFO - [2024-02-29T18:57:26.631+0530] {dag.py:3036} INFO - Sync 1 DAGs
[2024-02-29T18:57:26.646+0530] {logging_mixin.py:188} INFO - [2024-02-29T18:57:26.646+0530] {dag.py:3823} INFO - Setting next_dagrun for tutorial_taskflow_api to None, run_after=None
[2024-02-29T18:57:26.677+0530] {processor.py:183} INFO - Processing /home/arun/.local/lib/python3.10/site-packages/airflow/example_dags/tutorial_taskflow_api.py took 0.077 seconds
[2024-02-29T18:58:22.870+0530] {processor.py:161} INFO - Started process (PID=9640) to work on /home/arun/.local/lib/python3.10/site-packages/airflow/example_dags/tutorial_taskflow_api.py
[2024-02-29T18:58:22.874+0530] {processor.py:830} INFO - Processing file /home/arun/.local/lib/python3.10/site-packages/airflow/example_dags/tutorial_taskflow_api.py for tasks to queue
[2024-02-29T18:58:22.876+0530] {logging_mixin.py:188} INFO - [2024-02-29T18:58:22.875+0530] {dagbag.py:538} INFO - Filling up the DagBag from /home/arun/.local/lib/python3.10/site-packages/airflow/example_dags/tutorial_taskflow_api.py
[2024-02-29T18:58:22.906+0530] {processor.py:840} INFO - DAG(s) 'tutorial_taskflow_api' retrieved from /home/arun/.local/lib/python3.10/site-packages/airflow/example_dags/tutorial_taskflow_api.py
[2024-02-29T18:58:22.968+0530] {logging_mixin.py:188} INFO - [2024-02-29T18:58:22.968+0530] {dag.py:3036} INFO - Sync 1 DAGs
[2024-02-29T18:58:22.997+0530] {logging_mixin.py:188} INFO - [2024-02-29T18:58:22.997+0530] {dag.py:3823} INFO - Setting next_dagrun for tutorial_taskflow_api to None, run_after=None
[2024-02-29T18:58:23.111+0530] {processor.py:183} INFO - Processing /home/arun/.local/lib/python3.10/site-packages/airflow/example_dags/tutorial_taskflow_api.py took 0.248 seconds
[2024-02-29T18:59:21.467+0530] {processor.py:161} INFO - Started process (PID=9743) to work on /home/arun/.local/lib/python3.10/site-packages/airflow/example_dags/tutorial_taskflow_api.py
[2024-02-29T18:59:21.517+0530] {processor.py:830} INFO - Processing file /home/arun/.local/lib/python3.10/site-packages/airflow/example_dags/tutorial_taskflow_api.py for tasks to queue
[2024-02-29T18:59:21.518+0530] {logging_mixin.py:188} INFO - [2024-02-29T18:59:21.518+0530] {dagbag.py:538} INFO - Filling up the DagBag from /home/arun/.local/lib/python3.10/site-packages/airflow/example_dags/tutorial_taskflow_api.py
[2024-02-29T18:59:21.528+0530] {processor.py:840} INFO - DAG(s) 'tutorial_taskflow_api' retrieved from /home/arun/.local/lib/python3.10/site-packages/airflow/example_dags/tutorial_taskflow_api.py
[2024-02-29T18:59:21.575+0530] {logging_mixin.py:188} INFO - [2024-02-29T18:59:21.575+0530] {dag.py:3036} INFO - Sync 1 DAGs
[2024-02-29T18:59:21.592+0530] {logging_mixin.py:188} INFO - [2024-02-29T18:59:21.592+0530] {dag.py:3823} INFO - Setting next_dagrun for tutorial_taskflow_api to None, run_after=None
[2024-02-29T18:59:21.667+0530] {processor.py:183} INFO - Processing /home/arun/.local/lib/python3.10/site-packages/airflow/example_dags/tutorial_taskflow_api.py took 0.206 seconds
[2024-02-29T19:00:13.891+0530] {processor.py:161} INFO - Started process (PID=9840) to work on /home/arun/.local/lib/python3.10/site-packages/airflow/example_dags/tutorial_taskflow_api.py
[2024-02-29T19:00:13.892+0530] {processor.py:830} INFO - Processing file /home/arun/.local/lib/python3.10/site-packages/airflow/example_dags/tutorial_taskflow_api.py for tasks to queue
[2024-02-29T19:00:13.893+0530] {logging_mixin.py:188} INFO - [2024-02-29T19:00:13.893+0530] {dagbag.py:538} INFO - Filling up the DagBag from /home/arun/.local/lib/python3.10/site-packages/airflow/example_dags/tutorial_taskflow_api.py
[2024-02-29T19:00:13.901+0530] {processor.py:840} INFO - DAG(s) 'tutorial_taskflow_api' retrieved from /home/arun/.local/lib/python3.10/site-packages/airflow/example_dags/tutorial_taskflow_api.py
[2024-02-29T19:00:13.926+0530] {logging_mixin.py:188} INFO - [2024-02-29T19:00:13.925+0530] {dag.py:3036} INFO - Sync 1 DAGs
[2024-02-29T19:00:13.946+0530] {logging_mixin.py:188} INFO - [2024-02-29T19:00:13.945+0530] {dag.py:3823} INFO - Setting next_dagrun for tutorial_taskflow_api to None, run_after=None
[2024-02-29T19:00:13.985+0530] {processor.py:183} INFO - Processing /home/arun/.local/lib/python3.10/site-packages/airflow/example_dags/tutorial_taskflow_api.py took 0.098 seconds
[2024-02-29T19:01:04.834+0530] {processor.py:161} INFO - Started process (PID=9928) to work on /home/arun/.local/lib/python3.10/site-packages/airflow/example_dags/tutorial_taskflow_api.py
[2024-02-29T19:01:04.836+0530] {processor.py:830} INFO - Processing file /home/arun/.local/lib/python3.10/site-packages/airflow/example_dags/tutorial_taskflow_api.py for tasks to queue
[2024-02-29T19:01:04.837+0530] {logging_mixin.py:188} INFO - [2024-02-29T19:01:04.836+0530] {dagbag.py:538} INFO - Filling up the DagBag from /home/arun/.local/lib/python3.10/site-packages/airflow/example_dags/tutorial_taskflow_api.py
[2024-02-29T19:01:04.844+0530] {processor.py:840} INFO - DAG(s) 'tutorial_taskflow_api' retrieved from /home/arun/.local/lib/python3.10/site-packages/airflow/example_dags/tutorial_taskflow_api.py
[2024-02-29T19:01:04.865+0530] {logging_mixin.py:188} INFO - [2024-02-29T19:01:04.865+0530] {dag.py:3036} INFO - Sync 1 DAGs
[2024-02-29T19:01:04.884+0530] {logging_mixin.py:188} INFO - [2024-02-29T19:01:04.884+0530] {dag.py:3823} INFO - Setting next_dagrun for tutorial_taskflow_api to None, run_after=None
[2024-02-29T19:01:04.927+0530] {processor.py:183} INFO - Processing /home/arun/.local/lib/python3.10/site-packages/airflow/example_dags/tutorial_taskflow_api.py took 0.096 seconds
[2024-02-29T19:01:57.366+0530] {processor.py:161} INFO - Started process (PID=10012) to work on /home/arun/.local/lib/python3.10/site-packages/airflow/example_dags/tutorial_taskflow_api.py
[2024-02-29T19:01:57.368+0530] {processor.py:830} INFO - Processing file /home/arun/.local/lib/python3.10/site-packages/airflow/example_dags/tutorial_taskflow_api.py for tasks to queue
[2024-02-29T19:01:57.369+0530] {logging_mixin.py:188} INFO - [2024-02-29T19:01:57.368+0530] {dagbag.py:538} INFO - Filling up the DagBag from /home/arun/.local/lib/python3.10/site-packages/airflow/example_dags/tutorial_taskflow_api.py
[2024-02-29T19:01:57.376+0530] {processor.py:840} INFO - DAG(s) 'tutorial_taskflow_api' retrieved from /home/arun/.local/lib/python3.10/site-packages/airflow/example_dags/tutorial_taskflow_api.py
[2024-02-29T19:01:57.396+0530] {logging_mixin.py:188} INFO - [2024-02-29T19:01:57.395+0530] {dag.py:3036} INFO - Sync 1 DAGs
[2024-02-29T19:01:57.411+0530] {logging_mixin.py:188} INFO - [2024-02-29T19:01:57.411+0530] {dag.py:3823} INFO - Setting next_dagrun for tutorial_taskflow_api to None, run_after=None
[2024-02-29T19:01:57.445+0530] {processor.py:183} INFO - Processing /home/arun/.local/lib/python3.10/site-packages/airflow/example_dags/tutorial_taskflow_api.py took 0.082 seconds
[2024-02-29T19:02:48.808+0530] {processor.py:161} INFO - Started process (PID=10093) to work on /home/arun/.local/lib/python3.10/site-packages/airflow/example_dags/tutorial_taskflow_api.py
[2024-02-29T19:02:48.812+0530] {processor.py:830} INFO - Processing file /home/arun/.local/lib/python3.10/site-packages/airflow/example_dags/tutorial_taskflow_api.py for tasks to queue
[2024-02-29T19:02:48.813+0530] {logging_mixin.py:188} INFO - [2024-02-29T19:02:48.813+0530] {dagbag.py:538} INFO - Filling up the DagBag from /home/arun/.local/lib/python3.10/site-packages/airflow/example_dags/tutorial_taskflow_api.py
[2024-02-29T19:02:48.826+0530] {processor.py:840} INFO - DAG(s) 'tutorial_taskflow_api' retrieved from /home/arun/.local/lib/python3.10/site-packages/airflow/example_dags/tutorial_taskflow_api.py
[2024-02-29T19:02:48.856+0530] {logging_mixin.py:188} INFO - [2024-02-29T19:02:48.856+0530] {dag.py:3036} INFO - Sync 1 DAGs
[2024-02-29T19:02:48.876+0530] {logging_mixin.py:188} INFO - [2024-02-29T19:02:48.876+0530] {dag.py:3823} INFO - Setting next_dagrun for tutorial_taskflow_api to None, run_after=None
[2024-02-29T19:02:48.914+0530] {processor.py:183} INFO - Processing /home/arun/.local/lib/python3.10/site-packages/airflow/example_dags/tutorial_taskflow_api.py took 0.112 seconds
[2024-02-29T19:03:38.729+0530] {processor.py:161} INFO - Started process (PID=10173) to work on /home/arun/.local/lib/python3.10/site-packages/airflow/example_dags/tutorial_taskflow_api.py
[2024-02-29T19:03:38.731+0530] {processor.py:830} INFO - Processing file /home/arun/.local/lib/python3.10/site-packages/airflow/example_dags/tutorial_taskflow_api.py for tasks to queue
[2024-02-29T19:03:38.732+0530] {logging_mixin.py:188} INFO - [2024-02-29T19:03:38.731+0530] {dagbag.py:538} INFO - Filling up the DagBag from /home/arun/.local/lib/python3.10/site-packages/airflow/example_dags/tutorial_taskflow_api.py
[2024-02-29T19:03:38.739+0530] {processor.py:840} INFO - DAG(s) 'tutorial_taskflow_api' retrieved from /home/arun/.local/lib/python3.10/site-packages/airflow/example_dags/tutorial_taskflow_api.py
[2024-02-29T19:03:38.757+0530] {logging_mixin.py:188} INFO - [2024-02-29T19:03:38.757+0530] {dag.py:3036} INFO - Sync 1 DAGs
[2024-02-29T19:03:38.772+0530] {logging_mixin.py:188} INFO - [2024-02-29T19:03:38.772+0530] {dag.py:3823} INFO - Setting next_dagrun for tutorial_taskflow_api to None, run_after=None
[2024-02-29T19:03:38.808+0530] {processor.py:183} INFO - Processing /home/arun/.local/lib/python3.10/site-packages/airflow/example_dags/tutorial_taskflow_api.py took 0.082 seconds
[2024-02-29T19:04:25.250+0530] {processor.py:161} INFO - Started process (PID=10273) to work on /home/arun/.local/lib/python3.10/site-packages/airflow/example_dags/tutorial_taskflow_api.py
[2024-02-29T19:04:25.252+0530] {processor.py:830} INFO - Processing file /home/arun/.local/lib/python3.10/site-packages/airflow/example_dags/tutorial_taskflow_api.py for tasks to queue
[2024-02-29T19:04:25.253+0530] {logging_mixin.py:188} INFO - [2024-02-29T19:04:25.252+0530] {dagbag.py:538} INFO - Filling up the DagBag from /home/arun/.local/lib/python3.10/site-packages/airflow/example_dags/tutorial_taskflow_api.py
[2024-02-29T19:04:25.260+0530] {processor.py:840} INFO - DAG(s) 'tutorial_taskflow_api' retrieved from /home/arun/.local/lib/python3.10/site-packages/airflow/example_dags/tutorial_taskflow_api.py
[2024-02-29T19:04:25.278+0530] {logging_mixin.py:188} INFO - [2024-02-29T19:04:25.278+0530] {dag.py:3036} INFO - Sync 1 DAGs
[2024-02-29T19:04:25.295+0530] {logging_mixin.py:188} INFO - [2024-02-29T19:04:25.295+0530] {dag.py:3823} INFO - Setting next_dagrun for tutorial_taskflow_api to None, run_after=None
[2024-02-29T19:04:25.334+0530] {processor.py:183} INFO - Processing /home/arun/.local/lib/python3.10/site-packages/airflow/example_dags/tutorial_taskflow_api.py took 0.087 seconds
[2024-02-29T19:05:19.974+0530] {processor.py:161} INFO - Started process (PID=10367) to work on /home/arun/.local/lib/python3.10/site-packages/airflow/example_dags/tutorial_taskflow_api.py
[2024-02-29T19:05:19.984+0530] {processor.py:830} INFO - Processing file /home/arun/.local/lib/python3.10/site-packages/airflow/example_dags/tutorial_taskflow_api.py for tasks to queue
[2024-02-29T19:05:19.986+0530] {logging_mixin.py:188} INFO - [2024-02-29T19:05:19.985+0530] {dagbag.py:538} INFO - Filling up the DagBag from /home/arun/.local/lib/python3.10/site-packages/airflow/example_dags/tutorial_taskflow_api.py
[2024-02-29T19:05:20.023+0530] {processor.py:840} INFO - DAG(s) 'tutorial_taskflow_api' retrieved from /home/arun/.local/lib/python3.10/site-packages/airflow/example_dags/tutorial_taskflow_api.py
[2024-02-29T19:05:20.059+0530] {logging_mixin.py:188} INFO - [2024-02-29T19:05:20.059+0530] {dag.py:3036} INFO - Sync 1 DAGs
[2024-02-29T19:05:20.079+0530] {logging_mixin.py:188} INFO - [2024-02-29T19:05:20.079+0530] {dag.py:3823} INFO - Setting next_dagrun for tutorial_taskflow_api to None, run_after=None
[2024-02-29T19:05:20.114+0530] {processor.py:183} INFO - Processing /home/arun/.local/lib/python3.10/site-packages/airflow/example_dags/tutorial_taskflow_api.py took 0.146 seconds
[2024-02-29T19:06:44.170+0530] {processor.py:161} INFO - Started process (PID=10679) to work on /home/arun/.local/lib/python3.10/site-packages/airflow/example_dags/tutorial_taskflow_api.py
[2024-02-29T19:06:44.173+0530] {processor.py:830} INFO - Processing file /home/arun/.local/lib/python3.10/site-packages/airflow/example_dags/tutorial_taskflow_api.py for tasks to queue
[2024-02-29T19:06:44.180+0530] {logging_mixin.py:188} INFO - [2024-02-29T19:06:44.179+0530] {dagbag.py:538} INFO - Filling up the DagBag from /home/arun/.local/lib/python3.10/site-packages/airflow/example_dags/tutorial_taskflow_api.py
[2024-02-29T19:06:44.209+0530] {processor.py:840} INFO - DAG(s) 'tutorial_taskflow_api' retrieved from /home/arun/.local/lib/python3.10/site-packages/airflow/example_dags/tutorial_taskflow_api.py
[2024-02-29T19:06:44.329+0530] {logging_mixin.py:188} INFO - [2024-02-29T19:06:44.328+0530] {dag.py:3036} INFO - Sync 1 DAGs
[2024-02-29T19:06:44.356+0530] {logging_mixin.py:188} INFO - [2024-02-29T19:06:44.356+0530] {dag.py:3823} INFO - Setting next_dagrun for tutorial_taskflow_api to None, run_after=None
[2024-02-29T19:06:44.446+0530] {processor.py:183} INFO - Processing /home/arun/.local/lib/python3.10/site-packages/airflow/example_dags/tutorial_taskflow_api.py took 0.284 seconds
