[2024-02-29T18:14:46.905+0530] {processor.py:161} INFO - Started process (PID=5153) to work on /home/arun/.local/lib/python3.10/site-packages/airflow/example_dags/tutorial_taskflow_api_virtualenv.py
[2024-02-29T18:14:46.907+0530] {processor.py:830} INFO - Processing file /home/arun/.local/lib/python3.10/site-packages/airflow/example_dags/tutorial_taskflow_api_virtualenv.py for tasks to queue
[2024-02-29T18:14:46.912+0530] {logging_mixin.py:188} INFO - [2024-02-29T18:14:46.911+0530] {dagbag.py:538} INFO - Filling up the DagBag from /home/arun/.local/lib/python3.10/site-packages/airflow/example_dags/tutorial_taskflow_api_virtualenv.py
[2024-02-29T18:14:46.954+0530] {processor.py:840} INFO - DAG(s) 'tutorial_taskflow_api_virtualenv' retrieved from /home/arun/.local/lib/python3.10/site-packages/airflow/example_dags/tutorial_taskflow_api_virtualenv.py
[2024-02-29T18:14:47.222+0530] {logging_mixin.py:188} INFO - [2024-02-29T18:14:47.222+0530] {dag.py:3036} INFO - Sync 1 DAGs
[2024-02-29T18:14:47.251+0530] {logging_mixin.py:188} INFO - [2024-02-29T18:14:47.251+0530] {dag.py:3823} INFO - Setting next_dagrun for tutorial_taskflow_api_virtualenv to None, run_after=None
[2024-02-29T18:14:47.347+0530] {processor.py:183} INFO - Processing /home/arun/.local/lib/python3.10/site-packages/airflow/example_dags/tutorial_taskflow_api_virtualenv.py took 0.491 seconds
[2024-02-29T18:16:32.020+0530] {processor.py:161} INFO - Started process (PID=5221) to work on /home/arun/.local/lib/python3.10/site-packages/airflow/example_dags/tutorial_taskflow_api_virtualenv.py
[2024-02-29T18:16:32.080+0530] {processor.py:830} INFO - Processing file /home/arun/.local/lib/python3.10/site-packages/airflow/example_dags/tutorial_taskflow_api_virtualenv.py for tasks to queue
[2024-02-29T18:16:32.083+0530] {logging_mixin.py:188} INFO - [2024-02-29T18:16:32.082+0530] {dagbag.py:538} INFO - Filling up the DagBag from /home/arun/.local/lib/python3.10/site-packages/airflow/example_dags/tutorial_taskflow_api_virtualenv.py
[2024-02-29T18:16:32.105+0530] {processor.py:840} INFO - DAG(s) 'tutorial_taskflow_api_virtualenv' retrieved from /home/arun/.local/lib/python3.10/site-packages/airflow/example_dags/tutorial_taskflow_api_virtualenv.py
[2024-02-29T18:16:32.159+0530] {logging_mixin.py:188} INFO - [2024-02-29T18:16:32.159+0530] {dag.py:3036} INFO - Sync 1 DAGs
[2024-02-29T18:16:32.186+0530] {logging_mixin.py:188} INFO - [2024-02-29T18:16:32.185+0530] {dag.py:3823} INFO - Setting next_dagrun for tutorial_taskflow_api_virtualenv to None, run_after=None
[2024-02-29T18:16:32.300+0530] {processor.py:183} INFO - Processing /home/arun/.local/lib/python3.10/site-packages/airflow/example_dags/tutorial_taskflow_api_virtualenv.py took 0.288 seconds
[2024-02-29T18:17:23.471+0530] {processor.py:161} INFO - Started process (PID=5264) to work on /home/arun/.local/lib/python3.10/site-packages/airflow/example_dags/tutorial_taskflow_api_virtualenv.py
[2024-02-29T18:17:23.491+0530] {processor.py:830} INFO - Processing file /home/arun/.local/lib/python3.10/site-packages/airflow/example_dags/tutorial_taskflow_api_virtualenv.py for tasks to queue
[2024-02-29T18:17:23.494+0530] {logging_mixin.py:188} INFO - [2024-02-29T18:17:23.493+0530] {dagbag.py:538} INFO - Filling up the DagBag from /home/arun/.local/lib/python3.10/site-packages/airflow/example_dags/tutorial_taskflow_api_virtualenv.py
[2024-02-29T18:17:23.535+0530] {processor.py:840} INFO - DAG(s) 'tutorial_taskflow_api_virtualenv' retrieved from /home/arun/.local/lib/python3.10/site-packages/airflow/example_dags/tutorial_taskflow_api_virtualenv.py
[2024-02-29T18:17:23.591+0530] {logging_mixin.py:188} INFO - [2024-02-29T18:17:23.591+0530] {dag.py:3036} INFO - Sync 1 DAGs
[2024-02-29T18:17:23.627+0530] {logging_mixin.py:188} INFO - [2024-02-29T18:17:23.627+0530] {dag.py:3823} INFO - Setting next_dagrun for tutorial_taskflow_api_virtualenv to None, run_after=None
[2024-02-29T18:17:24.043+0530] {processor.py:183} INFO - Processing /home/arun/.local/lib/python3.10/site-packages/airflow/example_dags/tutorial_taskflow_api_virtualenv.py took 0.623 seconds
[2024-02-29T18:18:15.330+0530] {processor.py:161} INFO - Started process (PID=5354) to work on /home/arun/.local/lib/python3.10/site-packages/airflow/example_dags/tutorial_taskflow_api_virtualenv.py
[2024-02-29T18:18:15.434+0530] {processor.py:830} INFO - Processing file /home/arun/.local/lib/python3.10/site-packages/airflow/example_dags/tutorial_taskflow_api_virtualenv.py for tasks to queue
[2024-02-29T18:18:15.438+0530] {logging_mixin.py:188} INFO - [2024-02-29T18:18:15.435+0530] {dagbag.py:538} INFO - Filling up the DagBag from /home/arun/.local/lib/python3.10/site-packages/airflow/example_dags/tutorial_taskflow_api_virtualenv.py
[2024-02-29T18:18:15.465+0530] {processor.py:840} INFO - DAG(s) 'tutorial_taskflow_api_virtualenv' retrieved from /home/arun/.local/lib/python3.10/site-packages/airflow/example_dags/tutorial_taskflow_api_virtualenv.py
[2024-02-29T18:18:15.528+0530] {logging_mixin.py:188} INFO - [2024-02-29T18:18:15.527+0530] {dag.py:3036} INFO - Sync 1 DAGs
[2024-02-29T18:18:15.570+0530] {logging_mixin.py:188} INFO - [2024-02-29T18:18:15.570+0530] {dag.py:3823} INFO - Setting next_dagrun for tutorial_taskflow_api_virtualenv to None, run_after=None
[2024-02-29T18:18:15.709+0530] {processor.py:183} INFO - Processing /home/arun/.local/lib/python3.10/site-packages/airflow/example_dags/tutorial_taskflow_api_virtualenv.py took 0.390 seconds
[2024-02-29T18:19:50.673+0530] {processor.py:161} INFO - Started process (PID=5445) to work on /home/arun/.local/lib/python3.10/site-packages/airflow/example_dags/tutorial_taskflow_api_virtualenv.py
[2024-02-29T18:19:50.675+0530] {processor.py:830} INFO - Processing file /home/arun/.local/lib/python3.10/site-packages/airflow/example_dags/tutorial_taskflow_api_virtualenv.py for tasks to queue
[2024-02-29T18:19:50.676+0530] {logging_mixin.py:188} INFO - [2024-02-29T18:19:50.676+0530] {dagbag.py:538} INFO - Filling up the DagBag from /home/arun/.local/lib/python3.10/site-packages/airflow/example_dags/tutorial_taskflow_api_virtualenv.py
[2024-02-29T18:19:50.688+0530] {processor.py:840} INFO - DAG(s) 'tutorial_taskflow_api_virtualenv' retrieved from /home/arun/.local/lib/python3.10/site-packages/airflow/example_dags/tutorial_taskflow_api_virtualenv.py
[2024-02-29T18:19:50.706+0530] {logging_mixin.py:188} INFO - [2024-02-29T18:19:50.705+0530] {dag.py:3036} INFO - Sync 1 DAGs
[2024-02-29T18:19:50.719+0530] {logging_mixin.py:188} INFO - [2024-02-29T18:19:50.719+0530] {dag.py:3823} INFO - Setting next_dagrun for tutorial_taskflow_api_virtualenv to None, run_after=None
[2024-02-29T18:19:50.780+0530] {processor.py:183} INFO - Processing /home/arun/.local/lib/python3.10/site-packages/airflow/example_dags/tutorial_taskflow_api_virtualenv.py took 0.110 seconds
[2024-02-29T18:20:23.372+0530] {processor.py:161} INFO - Started process (PID=5474) to work on /home/arun/.local/lib/python3.10/site-packages/airflow/example_dags/tutorial_taskflow_api_virtualenv.py
[2024-02-29T18:20:23.374+0530] {processor.py:830} INFO - Processing file /home/arun/.local/lib/python3.10/site-packages/airflow/example_dags/tutorial_taskflow_api_virtualenv.py for tasks to queue
[2024-02-29T18:20:23.375+0530] {logging_mixin.py:188} INFO - [2024-02-29T18:20:23.375+0530] {dagbag.py:538} INFO - Filling up the DagBag from /home/arun/.local/lib/python3.10/site-packages/airflow/example_dags/tutorial_taskflow_api_virtualenv.py
[2024-02-29T18:20:23.390+0530] {processor.py:840} INFO - DAG(s) 'tutorial_taskflow_api_virtualenv' retrieved from /home/arun/.local/lib/python3.10/site-packages/airflow/example_dags/tutorial_taskflow_api_virtualenv.py
[2024-02-29T18:20:23.411+0530] {logging_mixin.py:188} INFO - [2024-02-29T18:20:23.411+0530] {dag.py:3036} INFO - Sync 1 DAGs
[2024-02-29T18:20:23.428+0530] {logging_mixin.py:188} INFO - [2024-02-29T18:20:23.427+0530] {dag.py:3823} INFO - Setting next_dagrun for tutorial_taskflow_api_virtualenv to None, run_after=None
[2024-02-29T18:20:23.524+0530] {processor.py:183} INFO - Processing /home/arun/.local/lib/python3.10/site-packages/airflow/example_dags/tutorial_taskflow_api_virtualenv.py took 0.156 seconds
[2024-02-29T18:21:00.604+0530] {processor.py:161} INFO - Started process (PID=5512) to work on /home/arun/.local/lib/python3.10/site-packages/airflow/example_dags/tutorial_taskflow_api_virtualenv.py
[2024-02-29T18:21:00.751+0530] {processor.py:830} INFO - Processing file /home/arun/.local/lib/python3.10/site-packages/airflow/example_dags/tutorial_taskflow_api_virtualenv.py for tasks to queue
[2024-02-29T18:21:00.752+0530] {logging_mixin.py:188} INFO - [2024-02-29T18:21:00.751+0530] {dagbag.py:538} INFO - Filling up the DagBag from /home/arun/.local/lib/python3.10/site-packages/airflow/example_dags/tutorial_taskflow_api_virtualenv.py
[2024-02-29T18:21:00.769+0530] {processor.py:840} INFO - DAG(s) 'tutorial_taskflow_api_virtualenv' retrieved from /home/arun/.local/lib/python3.10/site-packages/airflow/example_dags/tutorial_taskflow_api_virtualenv.py
[2024-02-29T18:21:00.792+0530] {logging_mixin.py:188} INFO - [2024-02-29T18:21:00.791+0530] {dag.py:3036} INFO - Sync 1 DAGs
[2024-02-29T18:21:00.819+0530] {logging_mixin.py:188} INFO - [2024-02-29T18:21:00.819+0530] {dag.py:3823} INFO - Setting next_dagrun for tutorial_taskflow_api_virtualenv to None, run_after=None
[2024-02-29T18:21:00.969+0530] {processor.py:183} INFO - Processing /home/arun/.local/lib/python3.10/site-packages/airflow/example_dags/tutorial_taskflow_api_virtualenv.py took 0.370 seconds
[2024-02-29T18:21:37.271+0530] {processor.py:161} INFO - Started process (PID=5616) to work on /home/arun/.local/lib/python3.10/site-packages/airflow/example_dags/tutorial_taskflow_api_virtualenv.py
[2024-02-29T18:21:37.273+0530] {processor.py:830} INFO - Processing file /home/arun/.local/lib/python3.10/site-packages/airflow/example_dags/tutorial_taskflow_api_virtualenv.py for tasks to queue
[2024-02-29T18:21:37.274+0530] {logging_mixin.py:188} INFO - [2024-02-29T18:21:37.273+0530] {dagbag.py:538} INFO - Filling up the DagBag from /home/arun/.local/lib/python3.10/site-packages/airflow/example_dags/tutorial_taskflow_api_virtualenv.py
[2024-02-29T18:21:37.285+0530] {processor.py:840} INFO - DAG(s) 'tutorial_taskflow_api_virtualenv' retrieved from /home/arun/.local/lib/python3.10/site-packages/airflow/example_dags/tutorial_taskflow_api_virtualenv.py
[2024-02-29T18:21:37.304+0530] {logging_mixin.py:188} INFO - [2024-02-29T18:21:37.304+0530] {dag.py:3036} INFO - Sync 1 DAGs
[2024-02-29T18:21:37.322+0530] {logging_mixin.py:188} INFO - [2024-02-29T18:21:37.322+0530] {dag.py:3823} INFO - Setting next_dagrun for tutorial_taskflow_api_virtualenv to None, run_after=None
[2024-02-29T18:21:37.354+0530] {processor.py:183} INFO - Processing /home/arun/.local/lib/python3.10/site-packages/airflow/example_dags/tutorial_taskflow_api_virtualenv.py took 0.086 seconds
[2024-02-29T18:22:33.873+0530] {processor.py:161} INFO - Started process (PID=5702) to work on /home/arun/.local/lib/python3.10/site-packages/airflow/example_dags/tutorial_taskflow_api_virtualenv.py
[2024-02-29T18:22:33.912+0530] {processor.py:830} INFO - Processing file /home/arun/.local/lib/python3.10/site-packages/airflow/example_dags/tutorial_taskflow_api_virtualenv.py for tasks to queue
[2024-02-29T18:22:33.913+0530] {logging_mixin.py:188} INFO - [2024-02-29T18:22:33.913+0530] {dagbag.py:538} INFO - Filling up the DagBag from /home/arun/.local/lib/python3.10/site-packages/airflow/example_dags/tutorial_taskflow_api_virtualenv.py
[2024-02-29T18:22:33.927+0530] {processor.py:840} INFO - DAG(s) 'tutorial_taskflow_api_virtualenv' retrieved from /home/arun/.local/lib/python3.10/site-packages/airflow/example_dags/tutorial_taskflow_api_virtualenv.py
[2024-02-29T18:22:33.949+0530] {logging_mixin.py:188} INFO - [2024-02-29T18:22:33.948+0530] {dag.py:3036} INFO - Sync 1 DAGs
[2024-02-29T18:22:33.964+0530] {logging_mixin.py:188} INFO - [2024-02-29T18:22:33.963+0530] {dag.py:3823} INFO - Setting next_dagrun for tutorial_taskflow_api_virtualenv to None, run_after=None
[2024-02-29T18:22:34.002+0530] {processor.py:183} INFO - Processing /home/arun/.local/lib/python3.10/site-packages/airflow/example_dags/tutorial_taskflow_api_virtualenv.py took 0.131 seconds
[2024-02-29T18:23:28.683+0530] {processor.py:161} INFO - Started process (PID=5796) to work on /home/arun/.local/lib/python3.10/site-packages/airflow/example_dags/tutorial_taskflow_api_virtualenv.py
[2024-02-29T18:23:28.685+0530] {processor.py:830} INFO - Processing file /home/arun/.local/lib/python3.10/site-packages/airflow/example_dags/tutorial_taskflow_api_virtualenv.py for tasks to queue
[2024-02-29T18:23:28.687+0530] {logging_mixin.py:188} INFO - [2024-02-29T18:23:28.686+0530] {dagbag.py:538} INFO - Filling up the DagBag from /home/arun/.local/lib/python3.10/site-packages/airflow/example_dags/tutorial_taskflow_api_virtualenv.py
[2024-02-29T18:23:28.706+0530] {processor.py:840} INFO - DAG(s) 'tutorial_taskflow_api_virtualenv' retrieved from /home/arun/.local/lib/python3.10/site-packages/airflow/example_dags/tutorial_taskflow_api_virtualenv.py
[2024-02-29T18:23:28.732+0530] {logging_mixin.py:188} INFO - [2024-02-29T18:23:28.731+0530] {dag.py:3036} INFO - Sync 1 DAGs
[2024-02-29T18:23:28.750+0530] {logging_mixin.py:188} INFO - [2024-02-29T18:23:28.750+0530] {dag.py:3823} INFO - Setting next_dagrun for tutorial_taskflow_api_virtualenv to None, run_after=None
[2024-02-29T18:23:28.787+0530] {processor.py:183} INFO - Processing /home/arun/.local/lib/python3.10/site-packages/airflow/example_dags/tutorial_taskflow_api_virtualenv.py took 0.110 seconds
[2024-02-29T18:24:17.307+0530] {processor.py:161} INFO - Started process (PID=5888) to work on /home/arun/.local/lib/python3.10/site-packages/airflow/example_dags/tutorial_taskflow_api_virtualenv.py
[2024-02-29T18:24:17.309+0530] {processor.py:830} INFO - Processing file /home/arun/.local/lib/python3.10/site-packages/airflow/example_dags/tutorial_taskflow_api_virtualenv.py for tasks to queue
[2024-02-29T18:24:17.311+0530] {logging_mixin.py:188} INFO - [2024-02-29T18:24:17.310+0530] {dagbag.py:538} INFO - Filling up the DagBag from /home/arun/.local/lib/python3.10/site-packages/airflow/example_dags/tutorial_taskflow_api_virtualenv.py
[2024-02-29T18:24:17.330+0530] {processor.py:840} INFO - DAG(s) 'tutorial_taskflow_api_virtualenv' retrieved from /home/arun/.local/lib/python3.10/site-packages/airflow/example_dags/tutorial_taskflow_api_virtualenv.py
[2024-02-29T18:24:17.359+0530] {logging_mixin.py:188} INFO - [2024-02-29T18:24:17.358+0530] {dag.py:3036} INFO - Sync 1 DAGs
[2024-02-29T18:24:17.379+0530] {logging_mixin.py:188} INFO - [2024-02-29T18:24:17.379+0530] {dag.py:3823} INFO - Setting next_dagrun for tutorial_taskflow_api_virtualenv to None, run_after=None
[2024-02-29T18:24:17.418+0530] {processor.py:183} INFO - Processing /home/arun/.local/lib/python3.10/site-packages/airflow/example_dags/tutorial_taskflow_api_virtualenv.py took 0.116 seconds
[2024-02-29T18:25:08.007+0530] {processor.py:161} INFO - Started process (PID=5965) to work on /home/arun/.local/lib/python3.10/site-packages/airflow/example_dags/tutorial_taskflow_api_virtualenv.py
[2024-02-29T18:25:08.016+0530] {processor.py:830} INFO - Processing file /home/arun/.local/lib/python3.10/site-packages/airflow/example_dags/tutorial_taskflow_api_virtualenv.py for tasks to queue
[2024-02-29T18:25:08.018+0530] {logging_mixin.py:188} INFO - [2024-02-29T18:25:08.017+0530] {dagbag.py:538} INFO - Filling up the DagBag from /home/arun/.local/lib/python3.10/site-packages/airflow/example_dags/tutorial_taskflow_api_virtualenv.py
[2024-02-29T18:25:08.080+0530] {processor.py:840} INFO - DAG(s) 'tutorial_taskflow_api_virtualenv' retrieved from /home/arun/.local/lib/python3.10/site-packages/airflow/example_dags/tutorial_taskflow_api_virtualenv.py
[2024-02-29T18:25:08.123+0530] {logging_mixin.py:188} INFO - [2024-02-29T18:25:08.123+0530] {dag.py:3036} INFO - Sync 1 DAGs
[2024-02-29T18:25:08.143+0530] {logging_mixin.py:188} INFO - [2024-02-29T18:25:08.142+0530] {dag.py:3823} INFO - Setting next_dagrun for tutorial_taskflow_api_virtualenv to None, run_after=None
[2024-02-29T18:25:08.186+0530] {processor.py:183} INFO - Processing /home/arun/.local/lib/python3.10/site-packages/airflow/example_dags/tutorial_taskflow_api_virtualenv.py took 0.184 seconds
[2024-02-29T18:25:56.235+0530] {processor.py:161} INFO - Started process (PID=6040) to work on /home/arun/.local/lib/python3.10/site-packages/airflow/example_dags/tutorial_taskflow_api_virtualenv.py
[2024-02-29T18:25:56.270+0530] {processor.py:830} INFO - Processing file /home/arun/.local/lib/python3.10/site-packages/airflow/example_dags/tutorial_taskflow_api_virtualenv.py for tasks to queue
[2024-02-29T18:25:56.271+0530] {logging_mixin.py:188} INFO - [2024-02-29T18:25:56.270+0530] {dagbag.py:538} INFO - Filling up the DagBag from /home/arun/.local/lib/python3.10/site-packages/airflow/example_dags/tutorial_taskflow_api_virtualenv.py
[2024-02-29T18:25:56.284+0530] {processor.py:840} INFO - DAG(s) 'tutorial_taskflow_api_virtualenv' retrieved from /home/arun/.local/lib/python3.10/site-packages/airflow/example_dags/tutorial_taskflow_api_virtualenv.py
[2024-02-29T18:25:56.305+0530] {logging_mixin.py:188} INFO - [2024-02-29T18:25:56.305+0530] {dag.py:3036} INFO - Sync 1 DAGs
[2024-02-29T18:25:56.319+0530] {logging_mixin.py:188} INFO - [2024-02-29T18:25:56.318+0530] {dag.py:3823} INFO - Setting next_dagrun for tutorial_taskflow_api_virtualenv to None, run_after=None
[2024-02-29T18:25:56.352+0530] {processor.py:183} INFO - Processing /home/arun/.local/lib/python3.10/site-packages/airflow/example_dags/tutorial_taskflow_api_virtualenv.py took 0.122 seconds
[2024-02-29T18:26:41.994+0530] {processor.py:161} INFO - Started process (PID=6111) to work on /home/arun/.local/lib/python3.10/site-packages/airflow/example_dags/tutorial_taskflow_api_virtualenv.py
[2024-02-29T18:26:41.996+0530] {processor.py:830} INFO - Processing file /home/arun/.local/lib/python3.10/site-packages/airflow/example_dags/tutorial_taskflow_api_virtualenv.py for tasks to queue
[2024-02-29T18:26:41.997+0530] {logging_mixin.py:188} INFO - [2024-02-29T18:26:41.996+0530] {dagbag.py:538} INFO - Filling up the DagBag from /home/arun/.local/lib/python3.10/site-packages/airflow/example_dags/tutorial_taskflow_api_virtualenv.py
[2024-02-29T18:26:42.010+0530] {processor.py:840} INFO - DAG(s) 'tutorial_taskflow_api_virtualenv' retrieved from /home/arun/.local/lib/python3.10/site-packages/airflow/example_dags/tutorial_taskflow_api_virtualenv.py
[2024-02-29T18:26:42.030+0530] {logging_mixin.py:188} INFO - [2024-02-29T18:26:42.030+0530] {dag.py:3036} INFO - Sync 1 DAGs
[2024-02-29T18:26:42.046+0530] {logging_mixin.py:188} INFO - [2024-02-29T18:26:42.046+0530] {dag.py:3823} INFO - Setting next_dagrun for tutorial_taskflow_api_virtualenv to None, run_after=None
[2024-02-29T18:26:42.090+0530] {processor.py:183} INFO - Processing /home/arun/.local/lib/python3.10/site-packages/airflow/example_dags/tutorial_taskflow_api_virtualenv.py took 0.100 seconds
[2024-02-29T18:27:48.857+0530] {processor.py:161} INFO - Started process (PID=6227) to work on /home/arun/.local/lib/python3.10/site-packages/airflow/example_dags/tutorial_taskflow_api_virtualenv.py
[2024-02-29T18:27:48.880+0530] {processor.py:830} INFO - Processing file /home/arun/.local/lib/python3.10/site-packages/airflow/example_dags/tutorial_taskflow_api_virtualenv.py for tasks to queue
[2024-02-29T18:27:48.881+0530] {logging_mixin.py:188} INFO - [2024-02-29T18:27:48.880+0530] {dagbag.py:538} INFO - Filling up the DagBag from /home/arun/.local/lib/python3.10/site-packages/airflow/example_dags/tutorial_taskflow_api_virtualenv.py
[2024-02-29T18:27:48.894+0530] {processor.py:840} INFO - DAG(s) 'tutorial_taskflow_api_virtualenv' retrieved from /home/arun/.local/lib/python3.10/site-packages/airflow/example_dags/tutorial_taskflow_api_virtualenv.py
[2024-02-29T18:27:48.914+0530] {logging_mixin.py:188} INFO - [2024-02-29T18:27:48.913+0530] {dag.py:3036} INFO - Sync 1 DAGs
[2024-02-29T18:27:48.930+0530] {logging_mixin.py:188} INFO - [2024-02-29T18:27:48.930+0530] {dag.py:3823} INFO - Setting next_dagrun for tutorial_taskflow_api_virtualenv to None, run_after=None
[2024-02-29T18:27:49.020+0530] {processor.py:183} INFO - Processing /home/arun/.local/lib/python3.10/site-packages/airflow/example_dags/tutorial_taskflow_api_virtualenv.py took 0.166 seconds
[2024-02-29T18:28:30.971+0530] {processor.py:161} INFO - Started process (PID=6295) to work on /home/arun/.local/lib/python3.10/site-packages/airflow/example_dags/tutorial_taskflow_api_virtualenv.py
[2024-02-29T18:28:30.973+0530] {processor.py:830} INFO - Processing file /home/arun/.local/lib/python3.10/site-packages/airflow/example_dags/tutorial_taskflow_api_virtualenv.py for tasks to queue
[2024-02-29T18:28:30.974+0530] {logging_mixin.py:188} INFO - [2024-02-29T18:28:30.973+0530] {dagbag.py:538} INFO - Filling up the DagBag from /home/arun/.local/lib/python3.10/site-packages/airflow/example_dags/tutorial_taskflow_api_virtualenv.py
[2024-02-29T18:28:30.987+0530] {processor.py:840} INFO - DAG(s) 'tutorial_taskflow_api_virtualenv' retrieved from /home/arun/.local/lib/python3.10/site-packages/airflow/example_dags/tutorial_taskflow_api_virtualenv.py
[2024-02-29T18:28:31.010+0530] {logging_mixin.py:188} INFO - [2024-02-29T18:28:31.009+0530] {dag.py:3036} INFO - Sync 1 DAGs
[2024-02-29T18:28:31.027+0530] {logging_mixin.py:188} INFO - [2024-02-29T18:28:31.026+0530] {dag.py:3823} INFO - Setting next_dagrun for tutorial_taskflow_api_virtualenv to None, run_after=None
[2024-02-29T18:28:31.195+0530] {processor.py:183} INFO - Processing /home/arun/.local/lib/python3.10/site-packages/airflow/example_dags/tutorial_taskflow_api_virtualenv.py took 0.227 seconds
[2024-02-29T18:29:06.051+0530] {processor.py:161} INFO - Started process (PID=6353) to work on /home/arun/.local/lib/python3.10/site-packages/airflow/example_dags/tutorial_taskflow_api_virtualenv.py
[2024-02-29T18:29:06.090+0530] {processor.py:830} INFO - Processing file /home/arun/.local/lib/python3.10/site-packages/airflow/example_dags/tutorial_taskflow_api_virtualenv.py for tasks to queue
[2024-02-29T18:29:06.091+0530] {logging_mixin.py:188} INFO - [2024-02-29T18:29:06.090+0530] {dagbag.py:538} INFO - Filling up the DagBag from /home/arun/.local/lib/python3.10/site-packages/airflow/example_dags/tutorial_taskflow_api_virtualenv.py
[2024-02-29T18:29:06.101+0530] {processor.py:840} INFO - DAG(s) 'tutorial_taskflow_api_virtualenv' retrieved from /home/arun/.local/lib/python3.10/site-packages/airflow/example_dags/tutorial_taskflow_api_virtualenv.py
[2024-02-29T18:29:06.120+0530] {logging_mixin.py:188} INFO - [2024-02-29T18:29:06.120+0530] {dag.py:3036} INFO - Sync 1 DAGs
[2024-02-29T18:29:06.136+0530] {logging_mixin.py:188} INFO - [2024-02-29T18:29:06.136+0530] {dag.py:3823} INFO - Setting next_dagrun for tutorial_taskflow_api_virtualenv to None, run_after=None
[2024-02-29T18:29:06.172+0530] {processor.py:183} INFO - Processing /home/arun/.local/lib/python3.10/site-packages/airflow/example_dags/tutorial_taskflow_api_virtualenv.py took 0.124 seconds
[2024-02-29T18:30:04.901+0530] {processor.py:161} INFO - Started process (PID=6458) to work on /home/arun/.local/lib/python3.10/site-packages/airflow/example_dags/tutorial_taskflow_api_virtualenv.py
[2024-02-29T18:30:04.963+0530] {processor.py:830} INFO - Processing file /home/arun/.local/lib/python3.10/site-packages/airflow/example_dags/tutorial_taskflow_api_virtualenv.py for tasks to queue
[2024-02-29T18:30:04.965+0530] {logging_mixin.py:188} INFO - [2024-02-29T18:30:04.964+0530] {dagbag.py:538} INFO - Filling up the DagBag from /home/arun/.local/lib/python3.10/site-packages/airflow/example_dags/tutorial_taskflow_api_virtualenv.py
[2024-02-29T18:30:04.985+0530] {processor.py:840} INFO - DAG(s) 'tutorial_taskflow_api_virtualenv' retrieved from /home/arun/.local/lib/python3.10/site-packages/airflow/example_dags/tutorial_taskflow_api_virtualenv.py
[2024-02-29T18:30:05.037+0530] {logging_mixin.py:188} INFO - [2024-02-29T18:30:05.037+0530] {dag.py:3036} INFO - Sync 1 DAGs
[2024-02-29T18:30:05.054+0530] {logging_mixin.py:188} INFO - [2024-02-29T18:30:05.054+0530] {dag.py:3823} INFO - Setting next_dagrun for tutorial_taskflow_api_virtualenv to None, run_after=None
[2024-02-29T18:30:05.093+0530] {processor.py:183} INFO - Processing /home/arun/.local/lib/python3.10/site-packages/airflow/example_dags/tutorial_taskflow_api_virtualenv.py took 0.198 seconds
[2024-02-29T18:31:03.798+0530] {processor.py:161} INFO - Started process (PID=6548) to work on /home/arun/.local/lib/python3.10/site-packages/airflow/example_dags/tutorial_taskflow_api_virtualenv.py
[2024-02-29T18:31:03.800+0530] {processor.py:830} INFO - Processing file /home/arun/.local/lib/python3.10/site-packages/airflow/example_dags/tutorial_taskflow_api_virtualenv.py for tasks to queue
[2024-02-29T18:31:03.802+0530] {logging_mixin.py:188} INFO - [2024-02-29T18:31:03.801+0530] {dagbag.py:538} INFO - Filling up the DagBag from /home/arun/.local/lib/python3.10/site-packages/airflow/example_dags/tutorial_taskflow_api_virtualenv.py
[2024-02-29T18:31:03.823+0530] {processor.py:840} INFO - DAG(s) 'tutorial_taskflow_api_virtualenv' retrieved from /home/arun/.local/lib/python3.10/site-packages/airflow/example_dags/tutorial_taskflow_api_virtualenv.py
[2024-02-29T18:31:03.847+0530] {logging_mixin.py:188} INFO - [2024-02-29T18:31:03.847+0530] {dag.py:3036} INFO - Sync 1 DAGs
[2024-02-29T18:31:03.864+0530] {logging_mixin.py:188} INFO - [2024-02-29T18:31:03.863+0530] {dag.py:3823} INFO - Setting next_dagrun for tutorial_taskflow_api_virtualenv to None, run_after=None
[2024-02-29T18:31:03.893+0530] {processor.py:183} INFO - Processing /home/arun/.local/lib/python3.10/site-packages/airflow/example_dags/tutorial_taskflow_api_virtualenv.py took 0.102 seconds
[2024-02-29T18:31:54.469+0530] {processor.py:161} INFO - Started process (PID=6630) to work on /home/arun/.local/lib/python3.10/site-packages/airflow/example_dags/tutorial_taskflow_api_virtualenv.py
[2024-02-29T18:31:54.553+0530] {processor.py:830} INFO - Processing file /home/arun/.local/lib/python3.10/site-packages/airflow/example_dags/tutorial_taskflow_api_virtualenv.py for tasks to queue
[2024-02-29T18:31:54.554+0530] {logging_mixin.py:188} INFO - [2024-02-29T18:31:54.553+0530] {dagbag.py:538} INFO - Filling up the DagBag from /home/arun/.local/lib/python3.10/site-packages/airflow/example_dags/tutorial_taskflow_api_virtualenv.py
[2024-02-29T18:31:54.569+0530] {processor.py:840} INFO - DAG(s) 'tutorial_taskflow_api_virtualenv' retrieved from /home/arun/.local/lib/python3.10/site-packages/airflow/example_dags/tutorial_taskflow_api_virtualenv.py
[2024-02-29T18:31:54.591+0530] {logging_mixin.py:188} INFO - [2024-02-29T18:31:54.591+0530] {dag.py:3036} INFO - Sync 1 DAGs
[2024-02-29T18:31:54.608+0530] {logging_mixin.py:188} INFO - [2024-02-29T18:31:54.608+0530] {dag.py:3823} INFO - Setting next_dagrun for tutorial_taskflow_api_virtualenv to None, run_after=None
[2024-02-29T18:31:54.645+0530] {processor.py:183} INFO - Processing /home/arun/.local/lib/python3.10/site-packages/airflow/example_dags/tutorial_taskflow_api_virtualenv.py took 0.180 seconds
[2024-02-29T18:32:42.575+0530] {processor.py:161} INFO - Started process (PID=6713) to work on /home/arun/.local/lib/python3.10/site-packages/airflow/example_dags/tutorial_taskflow_api_virtualenv.py
[2024-02-29T18:32:42.661+0530] {processor.py:830} INFO - Processing file /home/arun/.local/lib/python3.10/site-packages/airflow/example_dags/tutorial_taskflow_api_virtualenv.py for tasks to queue
[2024-02-29T18:32:42.664+0530] {logging_mixin.py:188} INFO - [2024-02-29T18:32:42.663+0530] {dagbag.py:538} INFO - Filling up the DagBag from /home/arun/.local/lib/python3.10/site-packages/airflow/example_dags/tutorial_taskflow_api_virtualenv.py
[2024-02-29T18:32:42.685+0530] {processor.py:840} INFO - DAG(s) 'tutorial_taskflow_api_virtualenv' retrieved from /home/arun/.local/lib/python3.10/site-packages/airflow/example_dags/tutorial_taskflow_api_virtualenv.py
[2024-02-29T18:32:42.718+0530] {logging_mixin.py:188} INFO - [2024-02-29T18:32:42.718+0530] {dag.py:3036} INFO - Sync 1 DAGs
[2024-02-29T18:32:42.797+0530] {logging_mixin.py:188} INFO - [2024-02-29T18:32:42.797+0530] {dag.py:3823} INFO - Setting next_dagrun for tutorial_taskflow_api_virtualenv to None, run_after=None
[2024-02-29T18:32:42.841+0530] {processor.py:183} INFO - Processing /home/arun/.local/lib/python3.10/site-packages/airflow/example_dags/tutorial_taskflow_api_virtualenv.py took 0.271 seconds
[2024-02-29T18:33:40.311+0530] {processor.py:161} INFO - Started process (PID=6802) to work on /home/arun/.local/lib/python3.10/site-packages/airflow/example_dags/tutorial_taskflow_api_virtualenv.py
[2024-02-29T18:33:40.314+0530] {processor.py:830} INFO - Processing file /home/arun/.local/lib/python3.10/site-packages/airflow/example_dags/tutorial_taskflow_api_virtualenv.py for tasks to queue
[2024-02-29T18:33:40.315+0530] {logging_mixin.py:188} INFO - [2024-02-29T18:33:40.315+0530] {dagbag.py:538} INFO - Filling up the DagBag from /home/arun/.local/lib/python3.10/site-packages/airflow/example_dags/tutorial_taskflow_api_virtualenv.py
[2024-02-29T18:33:40.388+0530] {processor.py:840} INFO - DAG(s) 'tutorial_taskflow_api_virtualenv' retrieved from /home/arun/.local/lib/python3.10/site-packages/airflow/example_dags/tutorial_taskflow_api_virtualenv.py
[2024-02-29T18:33:40.442+0530] {logging_mixin.py:188} INFO - [2024-02-29T18:33:40.442+0530] {dag.py:3036} INFO - Sync 1 DAGs
[2024-02-29T18:33:40.465+0530] {logging_mixin.py:188} INFO - [2024-02-29T18:33:40.464+0530] {dag.py:3823} INFO - Setting next_dagrun for tutorial_taskflow_api_virtualenv to None, run_after=None
[2024-02-29T18:33:40.512+0530] {processor.py:183} INFO - Processing /home/arun/.local/lib/python3.10/site-packages/airflow/example_dags/tutorial_taskflow_api_virtualenv.py took 0.207 seconds
[2024-02-29T18:34:32.525+0530] {processor.py:161} INFO - Started process (PID=6886) to work on /home/arun/.local/lib/python3.10/site-packages/airflow/example_dags/tutorial_taskflow_api_virtualenv.py
[2024-02-29T18:34:32.526+0530] {processor.py:830} INFO - Processing file /home/arun/.local/lib/python3.10/site-packages/airflow/example_dags/tutorial_taskflow_api_virtualenv.py for tasks to queue
[2024-02-29T18:34:32.528+0530] {logging_mixin.py:188} INFO - [2024-02-29T18:34:32.527+0530] {dagbag.py:538} INFO - Filling up the DagBag from /home/arun/.local/lib/python3.10/site-packages/airflow/example_dags/tutorial_taskflow_api_virtualenv.py
[2024-02-29T18:34:32.548+0530] {processor.py:840} INFO - DAG(s) 'tutorial_taskflow_api_virtualenv' retrieved from /home/arun/.local/lib/python3.10/site-packages/airflow/example_dags/tutorial_taskflow_api_virtualenv.py
[2024-02-29T18:34:32.594+0530] {logging_mixin.py:188} INFO - [2024-02-29T18:34:32.594+0530] {dag.py:3036} INFO - Sync 1 DAGs
[2024-02-29T18:34:32.618+0530] {logging_mixin.py:188} INFO - [2024-02-29T18:34:32.617+0530] {dag.py:3823} INFO - Setting next_dagrun for tutorial_taskflow_api_virtualenv to None, run_after=None
[2024-02-29T18:34:32.659+0530] {processor.py:183} INFO - Processing /home/arun/.local/lib/python3.10/site-packages/airflow/example_dags/tutorial_taskflow_api_virtualenv.py took 0.137 seconds
[2024-02-29T18:35:25.081+0530] {processor.py:161} INFO - Started process (PID=6972) to work on /home/arun/.local/lib/python3.10/site-packages/airflow/example_dags/tutorial_taskflow_api_virtualenv.py
[2024-02-29T18:35:25.085+0530] {processor.py:830} INFO - Processing file /home/arun/.local/lib/python3.10/site-packages/airflow/example_dags/tutorial_taskflow_api_virtualenv.py for tasks to queue
[2024-02-29T18:35:25.088+0530] {logging_mixin.py:188} INFO - [2024-02-29T18:35:25.086+0530] {dagbag.py:538} INFO - Filling up the DagBag from /home/arun/.local/lib/python3.10/site-packages/airflow/example_dags/tutorial_taskflow_api_virtualenv.py
[2024-02-29T18:35:25.123+0530] {processor.py:840} INFO - DAG(s) 'tutorial_taskflow_api_virtualenv' retrieved from /home/arun/.local/lib/python3.10/site-packages/airflow/example_dags/tutorial_taskflow_api_virtualenv.py
[2024-02-29T18:35:25.190+0530] {logging_mixin.py:188} INFO - [2024-02-29T18:35:25.189+0530] {dag.py:3036} INFO - Sync 1 DAGs
[2024-02-29T18:35:25.234+0530] {logging_mixin.py:188} INFO - [2024-02-29T18:35:25.234+0530] {dag.py:3823} INFO - Setting next_dagrun for tutorial_taskflow_api_virtualenv to None, run_after=None
[2024-02-29T18:35:25.437+0530] {processor.py:183} INFO - Processing /home/arun/.local/lib/python3.10/site-packages/airflow/example_dags/tutorial_taskflow_api_virtualenv.py took 0.365 seconds
[2024-02-29T18:36:23.387+0530] {processor.py:161} INFO - Started process (PID=7061) to work on /home/arun/.local/lib/python3.10/site-packages/airflow/example_dags/tutorial_taskflow_api_virtualenv.py
[2024-02-29T18:36:23.390+0530] {processor.py:830} INFO - Processing file /home/arun/.local/lib/python3.10/site-packages/airflow/example_dags/tutorial_taskflow_api_virtualenv.py for tasks to queue
[2024-02-29T18:36:23.392+0530] {logging_mixin.py:188} INFO - [2024-02-29T18:36:23.391+0530] {dagbag.py:538} INFO - Filling up the DagBag from /home/arun/.local/lib/python3.10/site-packages/airflow/example_dags/tutorial_taskflow_api_virtualenv.py
[2024-02-29T18:36:23.433+0530] {processor.py:840} INFO - DAG(s) 'tutorial_taskflow_api_virtualenv' retrieved from /home/arun/.local/lib/python3.10/site-packages/airflow/example_dags/tutorial_taskflow_api_virtualenv.py
[2024-02-29T18:36:23.526+0530] {logging_mixin.py:188} INFO - [2024-02-29T18:36:23.525+0530] {dag.py:3036} INFO - Sync 1 DAGs
[2024-02-29T18:36:23.710+0530] {logging_mixin.py:188} INFO - [2024-02-29T18:36:23.709+0530] {dag.py:3823} INFO - Setting next_dagrun for tutorial_taskflow_api_virtualenv to None, run_after=None
[2024-02-29T18:36:23.832+0530] {processor.py:183} INFO - Processing /home/arun/.local/lib/python3.10/site-packages/airflow/example_dags/tutorial_taskflow_api_virtualenv.py took 0.454 seconds
[2024-02-29T18:36:58.429+0530] {processor.py:161} INFO - Started process (PID=7108) to work on /home/arun/.local/lib/python3.10/site-packages/airflow/example_dags/tutorial_taskflow_api_virtualenv.py
[2024-02-29T18:36:58.432+0530] {processor.py:830} INFO - Processing file /home/arun/.local/lib/python3.10/site-packages/airflow/example_dags/tutorial_taskflow_api_virtualenv.py for tasks to queue
[2024-02-29T18:36:58.434+0530] {logging_mixin.py:188} INFO - [2024-02-29T18:36:58.433+0530] {dagbag.py:538} INFO - Filling up the DagBag from /home/arun/.local/lib/python3.10/site-packages/airflow/example_dags/tutorial_taskflow_api_virtualenv.py
[2024-02-29T18:36:58.468+0530] {processor.py:840} INFO - DAG(s) 'tutorial_taskflow_api_virtualenv' retrieved from /home/arun/.local/lib/python3.10/site-packages/airflow/example_dags/tutorial_taskflow_api_virtualenv.py
[2024-02-29T18:36:58.520+0530] {logging_mixin.py:188} INFO - [2024-02-29T18:36:58.520+0530] {dag.py:3036} INFO - Sync 1 DAGs
[2024-02-29T18:36:58.554+0530] {logging_mixin.py:188} INFO - [2024-02-29T18:36:58.553+0530] {dag.py:3823} INFO - Setting next_dagrun for tutorial_taskflow_api_virtualenv to None, run_after=None
[2024-02-29T18:36:58.617+0530] {processor.py:183} INFO - Processing /home/arun/.local/lib/python3.10/site-packages/airflow/example_dags/tutorial_taskflow_api_virtualenv.py took 0.203 seconds
[2024-02-29T18:37:57.257+0530] {processor.py:161} INFO - Started process (PID=7198) to work on /home/arun/.local/lib/python3.10/site-packages/airflow/example_dags/tutorial_taskflow_api_virtualenv.py
[2024-02-29T18:37:57.260+0530] {processor.py:830} INFO - Processing file /home/arun/.local/lib/python3.10/site-packages/airflow/example_dags/tutorial_taskflow_api_virtualenv.py for tasks to queue
[2024-02-29T18:37:57.261+0530] {logging_mixin.py:188} INFO - [2024-02-29T18:37:57.261+0530] {dagbag.py:538} INFO - Filling up the DagBag from /home/arun/.local/lib/python3.10/site-packages/airflow/example_dags/tutorial_taskflow_api_virtualenv.py
[2024-02-29T18:37:57.290+0530] {processor.py:840} INFO - DAG(s) 'tutorial_taskflow_api_virtualenv' retrieved from /home/arun/.local/lib/python3.10/site-packages/airflow/example_dags/tutorial_taskflow_api_virtualenv.py
[2024-02-29T18:37:57.333+0530] {logging_mixin.py:188} INFO - [2024-02-29T18:37:57.332+0530] {dag.py:3036} INFO - Sync 1 DAGs
[2024-02-29T18:37:57.369+0530] {logging_mixin.py:188} INFO - [2024-02-29T18:37:57.369+0530] {dag.py:3823} INFO - Setting next_dagrun for tutorial_taskflow_api_virtualenv to None, run_after=None
[2024-02-29T18:37:57.428+0530] {processor.py:183} INFO - Processing /home/arun/.local/lib/python3.10/site-packages/airflow/example_dags/tutorial_taskflow_api_virtualenv.py took 0.179 seconds
[2024-02-29T18:38:53.882+0530] {processor.py:161} INFO - Started process (PID=7376) to work on /home/arun/.local/lib/python3.10/site-packages/airflow/example_dags/tutorial_taskflow_api_virtualenv.py
[2024-02-29T18:38:53.884+0530] {processor.py:830} INFO - Processing file /home/arun/.local/lib/python3.10/site-packages/airflow/example_dags/tutorial_taskflow_api_virtualenv.py for tasks to queue
[2024-02-29T18:38:53.886+0530] {logging_mixin.py:188} INFO - [2024-02-29T18:38:53.886+0530] {dagbag.py:538} INFO - Filling up the DagBag from /home/arun/.local/lib/python3.10/site-packages/airflow/example_dags/tutorial_taskflow_api_virtualenv.py
[2024-02-29T18:38:53.910+0530] {processor.py:840} INFO - DAG(s) 'tutorial_taskflow_api_virtualenv' retrieved from /home/arun/.local/lib/python3.10/site-packages/airflow/example_dags/tutorial_taskflow_api_virtualenv.py
[2024-02-29T18:38:53.976+0530] {logging_mixin.py:188} INFO - [2024-02-29T18:38:53.975+0530] {dag.py:3036} INFO - Sync 1 DAGs
[2024-02-29T18:38:54.025+0530] {logging_mixin.py:188} INFO - [2024-02-29T18:38:54.024+0530] {dag.py:3823} INFO - Setting next_dagrun for tutorial_taskflow_api_virtualenv to None, run_after=None
[2024-02-29T18:38:54.096+0530] {processor.py:183} INFO - Processing /home/arun/.local/lib/python3.10/site-packages/airflow/example_dags/tutorial_taskflow_api_virtualenv.py took 0.220 seconds
[2024-02-29T18:39:50.691+0530] {processor.py:161} INFO - Started process (PID=7463) to work on /home/arun/.local/lib/python3.10/site-packages/airflow/example_dags/tutorial_taskflow_api_virtualenv.py
[2024-02-29T18:39:50.694+0530] {processor.py:830} INFO - Processing file /home/arun/.local/lib/python3.10/site-packages/airflow/example_dags/tutorial_taskflow_api_virtualenv.py for tasks to queue
[2024-02-29T18:39:50.697+0530] {logging_mixin.py:188} INFO - [2024-02-29T18:39:50.695+0530] {dagbag.py:538} INFO - Filling up the DagBag from /home/arun/.local/lib/python3.10/site-packages/airflow/example_dags/tutorial_taskflow_api_virtualenv.py
[2024-02-29T18:39:50.719+0530] {processor.py:840} INFO - DAG(s) 'tutorial_taskflow_api_virtualenv' retrieved from /home/arun/.local/lib/python3.10/site-packages/airflow/example_dags/tutorial_taskflow_api_virtualenv.py
[2024-02-29T18:39:50.745+0530] {logging_mixin.py:188} INFO - [2024-02-29T18:39:50.745+0530] {dag.py:3036} INFO - Sync 1 DAGs
[2024-02-29T18:39:50.761+0530] {logging_mixin.py:188} INFO - [2024-02-29T18:39:50.761+0530] {dag.py:3823} INFO - Setting next_dagrun for tutorial_taskflow_api_virtualenv to None, run_after=None
[2024-02-29T18:39:50.792+0530] {processor.py:183} INFO - Processing /home/arun/.local/lib/python3.10/site-packages/airflow/example_dags/tutorial_taskflow_api_virtualenv.py took 0.108 seconds
[2024-02-29T18:40:49.136+0530] {processor.py:161} INFO - Started process (PID=7553) to work on /home/arun/.local/lib/python3.10/site-packages/airflow/example_dags/tutorial_taskflow_api_virtualenv.py
[2024-02-29T18:40:49.138+0530] {processor.py:830} INFO - Processing file /home/arun/.local/lib/python3.10/site-packages/airflow/example_dags/tutorial_taskflow_api_virtualenv.py for tasks to queue
[2024-02-29T18:40:49.140+0530] {logging_mixin.py:188} INFO - [2024-02-29T18:40:49.139+0530] {dagbag.py:538} INFO - Filling up the DagBag from /home/arun/.local/lib/python3.10/site-packages/airflow/example_dags/tutorial_taskflow_api_virtualenv.py
[2024-02-29T18:40:49.155+0530] {processor.py:840} INFO - DAG(s) 'tutorial_taskflow_api_virtualenv' retrieved from /home/arun/.local/lib/python3.10/site-packages/airflow/example_dags/tutorial_taskflow_api_virtualenv.py
[2024-02-29T18:40:49.176+0530] {logging_mixin.py:188} INFO - [2024-02-29T18:40:49.176+0530] {dag.py:3036} INFO - Sync 1 DAGs
[2024-02-29T18:40:49.193+0530] {logging_mixin.py:188} INFO - [2024-02-29T18:40:49.192+0530] {dag.py:3823} INFO - Setting next_dagrun for tutorial_taskflow_api_virtualenv to None, run_after=None
[2024-02-29T18:40:49.222+0530] {processor.py:183} INFO - Processing /home/arun/.local/lib/python3.10/site-packages/airflow/example_dags/tutorial_taskflow_api_virtualenv.py took 0.090 seconds
[2024-02-29T18:41:45.219+0530] {processor.py:161} INFO - Started process (PID=7656) to work on /home/arun/.local/lib/python3.10/site-packages/airflow/example_dags/tutorial_taskflow_api_virtualenv.py
[2024-02-29T18:41:45.251+0530] {processor.py:830} INFO - Processing file /home/arun/.local/lib/python3.10/site-packages/airflow/example_dags/tutorial_taskflow_api_virtualenv.py for tasks to queue
[2024-02-29T18:41:45.252+0530] {logging_mixin.py:188} INFO - [2024-02-29T18:41:45.252+0530] {dagbag.py:538} INFO - Filling up the DagBag from /home/arun/.local/lib/python3.10/site-packages/airflow/example_dags/tutorial_taskflow_api_virtualenv.py
[2024-02-29T18:41:45.264+0530] {processor.py:840} INFO - DAG(s) 'tutorial_taskflow_api_virtualenv' retrieved from /home/arun/.local/lib/python3.10/site-packages/airflow/example_dags/tutorial_taskflow_api_virtualenv.py
[2024-02-29T18:41:45.281+0530] {logging_mixin.py:188} INFO - [2024-02-29T18:41:45.281+0530] {dag.py:3036} INFO - Sync 1 DAGs
[2024-02-29T18:41:45.295+0530] {logging_mixin.py:188} INFO - [2024-02-29T18:41:45.295+0530] {dag.py:3823} INFO - Setting next_dagrun for tutorial_taskflow_api_virtualenv to None, run_after=None
[2024-02-29T18:41:45.329+0530] {processor.py:183} INFO - Processing /home/arun/.local/lib/python3.10/site-packages/airflow/example_dags/tutorial_taskflow_api_virtualenv.py took 0.114 seconds
[2024-02-29T18:42:41.800+0530] {processor.py:161} INFO - Started process (PID=7744) to work on /home/arun/.local/lib/python3.10/site-packages/airflow/example_dags/tutorial_taskflow_api_virtualenv.py
[2024-02-29T18:42:41.801+0530] {processor.py:830} INFO - Processing file /home/arun/.local/lib/python3.10/site-packages/airflow/example_dags/tutorial_taskflow_api_virtualenv.py for tasks to queue
[2024-02-29T18:42:41.802+0530] {logging_mixin.py:188} INFO - [2024-02-29T18:42:41.802+0530] {dagbag.py:538} INFO - Filling up the DagBag from /home/arun/.local/lib/python3.10/site-packages/airflow/example_dags/tutorial_taskflow_api_virtualenv.py
[2024-02-29T18:42:41.817+0530] {processor.py:840} INFO - DAG(s) 'tutorial_taskflow_api_virtualenv' retrieved from /home/arun/.local/lib/python3.10/site-packages/airflow/example_dags/tutorial_taskflow_api_virtualenv.py
[2024-02-29T18:42:41.842+0530] {logging_mixin.py:188} INFO - [2024-02-29T18:42:41.841+0530] {dag.py:3036} INFO - Sync 1 DAGs
[2024-02-29T18:42:41.858+0530] {logging_mixin.py:188} INFO - [2024-02-29T18:42:41.858+0530] {dag.py:3823} INFO - Setting next_dagrun for tutorial_taskflow_api_virtualenv to None, run_after=None
[2024-02-29T18:42:41.894+0530] {processor.py:183} INFO - Processing /home/arun/.local/lib/python3.10/site-packages/airflow/example_dags/tutorial_taskflow_api_virtualenv.py took 0.097 seconds
[2024-02-29T18:43:17.325+0530] {processor.py:161} INFO - Started process (PID=7799) to work on /home/arun/.local/lib/python3.10/site-packages/airflow/example_dags/tutorial_taskflow_api_virtualenv.py
[2024-02-29T18:43:17.336+0530] {processor.py:830} INFO - Processing file /home/arun/.local/lib/python3.10/site-packages/airflow/example_dags/tutorial_taskflow_api_virtualenv.py for tasks to queue
[2024-02-29T18:43:17.343+0530] {logging_mixin.py:188} INFO - [2024-02-29T18:43:17.339+0530] {dagbag.py:538} INFO - Filling up the DagBag from /home/arun/.local/lib/python3.10/site-packages/airflow/example_dags/tutorial_taskflow_api_virtualenv.py
[2024-02-29T18:43:17.378+0530] {processor.py:840} INFO - DAG(s) 'tutorial_taskflow_api_virtualenv' retrieved from /home/arun/.local/lib/python3.10/site-packages/airflow/example_dags/tutorial_taskflow_api_virtualenv.py
[2024-02-29T18:43:17.433+0530] {logging_mixin.py:188} INFO - [2024-02-29T18:43:17.433+0530] {dag.py:3036} INFO - Sync 1 DAGs
[2024-02-29T18:43:17.482+0530] {logging_mixin.py:188} INFO - [2024-02-29T18:43:17.481+0530] {dag.py:3823} INFO - Setting next_dagrun for tutorial_taskflow_api_virtualenv to None, run_after=None
[2024-02-29T18:43:17.582+0530] {processor.py:183} INFO - Processing /home/arun/.local/lib/python3.10/site-packages/airflow/example_dags/tutorial_taskflow_api_virtualenv.py took 0.272 seconds
[2024-02-29T18:44:20.110+0530] {processor.py:161} INFO - Started process (PID=7910) to work on /home/arun/.local/lib/python3.10/site-packages/airflow/example_dags/tutorial_taskflow_api_virtualenv.py
[2024-02-29T18:44:20.148+0530] {processor.py:830} INFO - Processing file /home/arun/.local/lib/python3.10/site-packages/airflow/example_dags/tutorial_taskflow_api_virtualenv.py for tasks to queue
[2024-02-29T18:44:20.149+0530] {logging_mixin.py:188} INFO - [2024-02-29T18:44:20.149+0530] {dagbag.py:538} INFO - Filling up the DagBag from /home/arun/.local/lib/python3.10/site-packages/airflow/example_dags/tutorial_taskflow_api_virtualenv.py
[2024-02-29T18:44:20.190+0530] {processor.py:840} INFO - DAG(s) 'tutorial_taskflow_api_virtualenv' retrieved from /home/arun/.local/lib/python3.10/site-packages/airflow/example_dags/tutorial_taskflow_api_virtualenv.py
[2024-02-29T18:44:20.216+0530] {logging_mixin.py:188} INFO - [2024-02-29T18:44:20.216+0530] {dag.py:3036} INFO - Sync 1 DAGs
[2024-02-29T18:44:20.236+0530] {logging_mixin.py:188} INFO - [2024-02-29T18:44:20.236+0530] {dag.py:3823} INFO - Setting next_dagrun for tutorial_taskflow_api_virtualenv to None, run_after=None
[2024-02-29T18:44:20.283+0530] {processor.py:183} INFO - Processing /home/arun/.local/lib/python3.10/site-packages/airflow/example_dags/tutorial_taskflow_api_virtualenv.py took 0.178 seconds
[2024-02-29T18:45:14.073+0530] {processor.py:161} INFO - Started process (PID=7998) to work on /home/arun/.local/lib/python3.10/site-packages/airflow/example_dags/tutorial_taskflow_api_virtualenv.py
[2024-02-29T18:45:14.077+0530] {processor.py:830} INFO - Processing file /home/arun/.local/lib/python3.10/site-packages/airflow/example_dags/tutorial_taskflow_api_virtualenv.py for tasks to queue
[2024-02-29T18:45:14.079+0530] {logging_mixin.py:188} INFO - [2024-02-29T18:45:14.078+0530] {dagbag.py:538} INFO - Filling up the DagBag from /home/arun/.local/lib/python3.10/site-packages/airflow/example_dags/tutorial_taskflow_api_virtualenv.py
[2024-02-29T18:45:14.103+0530] {processor.py:840} INFO - DAG(s) 'tutorial_taskflow_api_virtualenv' retrieved from /home/arun/.local/lib/python3.10/site-packages/airflow/example_dags/tutorial_taskflow_api_virtualenv.py
[2024-02-29T18:45:14.153+0530] {logging_mixin.py:188} INFO - [2024-02-29T18:45:14.152+0530] {dag.py:3036} INFO - Sync 1 DAGs
[2024-02-29T18:45:14.189+0530] {logging_mixin.py:188} INFO - [2024-02-29T18:45:14.189+0530] {dag.py:3823} INFO - Setting next_dagrun for tutorial_taskflow_api_virtualenv to None, run_after=None
[2024-02-29T18:45:14.316+0530] {processor.py:183} INFO - Processing /home/arun/.local/lib/python3.10/site-packages/airflow/example_dags/tutorial_taskflow_api_virtualenv.py took 0.251 seconds
[2024-02-29T18:46:08.016+0530] {processor.py:161} INFO - Started process (PID=8098) to work on /home/arun/.local/lib/python3.10/site-packages/airflow/example_dags/tutorial_taskflow_api_virtualenv.py
[2024-02-29T18:46:08.017+0530] {processor.py:830} INFO - Processing file /home/arun/.local/lib/python3.10/site-packages/airflow/example_dags/tutorial_taskflow_api_virtualenv.py for tasks to queue
[2024-02-29T18:46:08.018+0530] {logging_mixin.py:188} INFO - [2024-02-29T18:46:08.018+0530] {dagbag.py:538} INFO - Filling up the DagBag from /home/arun/.local/lib/python3.10/site-packages/airflow/example_dags/tutorial_taskflow_api_virtualenv.py
[2024-02-29T18:46:08.029+0530] {processor.py:840} INFO - DAG(s) 'tutorial_taskflow_api_virtualenv' retrieved from /home/arun/.local/lib/python3.10/site-packages/airflow/example_dags/tutorial_taskflow_api_virtualenv.py
[2024-02-29T18:46:08.051+0530] {logging_mixin.py:188} INFO - [2024-02-29T18:46:08.050+0530] {dag.py:3036} INFO - Sync 1 DAGs
[2024-02-29T18:46:08.066+0530] {logging_mixin.py:188} INFO - [2024-02-29T18:46:08.066+0530] {dag.py:3823} INFO - Setting next_dagrun for tutorial_taskflow_api_virtualenv to None, run_after=None
[2024-02-29T18:46:08.099+0530] {processor.py:183} INFO - Processing /home/arun/.local/lib/python3.10/site-packages/airflow/example_dags/tutorial_taskflow_api_virtualenv.py took 0.089 seconds
[2024-02-29T18:47:01.612+0530] {processor.py:161} INFO - Started process (PID=8182) to work on /home/arun/.local/lib/python3.10/site-packages/airflow/example_dags/tutorial_taskflow_api_virtualenv.py
[2024-02-29T18:47:01.644+0530] {processor.py:830} INFO - Processing file /home/arun/.local/lib/python3.10/site-packages/airflow/example_dags/tutorial_taskflow_api_virtualenv.py for tasks to queue
[2024-02-29T18:47:01.645+0530] {logging_mixin.py:188} INFO - [2024-02-29T18:47:01.644+0530] {dagbag.py:538} INFO - Filling up the DagBag from /home/arun/.local/lib/python3.10/site-packages/airflow/example_dags/tutorial_taskflow_api_virtualenv.py
[2024-02-29T18:47:01.655+0530] {processor.py:840} INFO - DAG(s) 'tutorial_taskflow_api_virtualenv' retrieved from /home/arun/.local/lib/python3.10/site-packages/airflow/example_dags/tutorial_taskflow_api_virtualenv.py
[2024-02-29T18:47:01.672+0530] {logging_mixin.py:188} INFO - [2024-02-29T18:47:01.672+0530] {dag.py:3036} INFO - Sync 1 DAGs
[2024-02-29T18:47:01.685+0530] {logging_mixin.py:188} INFO - [2024-02-29T18:47:01.685+0530] {dag.py:3823} INFO - Setting next_dagrun for tutorial_taskflow_api_virtualenv to None, run_after=None
[2024-02-29T18:47:01.713+0530] {processor.py:183} INFO - Processing /home/arun/.local/lib/python3.10/site-packages/airflow/example_dags/tutorial_taskflow_api_virtualenv.py took 0.105 seconds
[2024-02-29T18:47:52.976+0530] {processor.py:161} INFO - Started process (PID=8264) to work on /home/arun/.local/lib/python3.10/site-packages/airflow/example_dags/tutorial_taskflow_api_virtualenv.py
[2024-02-29T18:47:52.978+0530] {processor.py:830} INFO - Processing file /home/arun/.local/lib/python3.10/site-packages/airflow/example_dags/tutorial_taskflow_api_virtualenv.py for tasks to queue
[2024-02-29T18:47:52.979+0530] {logging_mixin.py:188} INFO - [2024-02-29T18:47:52.978+0530] {dagbag.py:538} INFO - Filling up the DagBag from /home/arun/.local/lib/python3.10/site-packages/airflow/example_dags/tutorial_taskflow_api_virtualenv.py
[2024-02-29T18:47:52.996+0530] {processor.py:840} INFO - DAG(s) 'tutorial_taskflow_api_virtualenv' retrieved from /home/arun/.local/lib/python3.10/site-packages/airflow/example_dags/tutorial_taskflow_api_virtualenv.py
[2024-02-29T18:47:53.019+0530] {logging_mixin.py:188} INFO - [2024-02-29T18:47:53.019+0530] {dag.py:3036} INFO - Sync 1 DAGs
[2024-02-29T18:47:53.034+0530] {logging_mixin.py:188} INFO - [2024-02-29T18:47:53.034+0530] {dag.py:3823} INFO - Setting next_dagrun for tutorial_taskflow_api_virtualenv to None, run_after=None
[2024-02-29T18:47:53.064+0530] {processor.py:183} INFO - Processing /home/arun/.local/lib/python3.10/site-packages/airflow/example_dags/tutorial_taskflow_api_virtualenv.py took 0.093 seconds
[2024-02-29T18:48:41.045+0530] {processor.py:161} INFO - Started process (PID=8344) to work on /home/arun/.local/lib/python3.10/site-packages/airflow/example_dags/tutorial_taskflow_api_virtualenv.py
[2024-02-29T18:48:41.047+0530] {processor.py:830} INFO - Processing file /home/arun/.local/lib/python3.10/site-packages/airflow/example_dags/tutorial_taskflow_api_virtualenv.py for tasks to queue
[2024-02-29T18:48:41.048+0530] {logging_mixin.py:188} INFO - [2024-02-29T18:48:41.048+0530] {dagbag.py:538} INFO - Filling up the DagBag from /home/arun/.local/lib/python3.10/site-packages/airflow/example_dags/tutorial_taskflow_api_virtualenv.py
[2024-02-29T18:48:41.061+0530] {processor.py:840} INFO - DAG(s) 'tutorial_taskflow_api_virtualenv' retrieved from /home/arun/.local/lib/python3.10/site-packages/airflow/example_dags/tutorial_taskflow_api_virtualenv.py
[2024-02-29T18:48:41.079+0530] {logging_mixin.py:188} INFO - [2024-02-29T18:48:41.078+0530] {dag.py:3036} INFO - Sync 1 DAGs
[2024-02-29T18:48:41.092+0530] {logging_mixin.py:188} INFO - [2024-02-29T18:48:41.091+0530] {dag.py:3823} INFO - Setting next_dagrun for tutorial_taskflow_api_virtualenv to None, run_after=None
[2024-02-29T18:48:41.119+0530] {processor.py:183} INFO - Processing /home/arun/.local/lib/python3.10/site-packages/airflow/example_dags/tutorial_taskflow_api_virtualenv.py took 0.078 seconds
[2024-02-29T18:49:25.237+0530] {processor.py:161} INFO - Started process (PID=8417) to work on /home/arun/.local/lib/python3.10/site-packages/airflow/example_dags/tutorial_taskflow_api_virtualenv.py
[2024-02-29T18:49:25.269+0530] {processor.py:830} INFO - Processing file /home/arun/.local/lib/python3.10/site-packages/airflow/example_dags/tutorial_taskflow_api_virtualenv.py for tasks to queue
[2024-02-29T18:49:25.271+0530] {logging_mixin.py:188} INFO - [2024-02-29T18:49:25.270+0530] {dagbag.py:538} INFO - Filling up the DagBag from /home/arun/.local/lib/python3.10/site-packages/airflow/example_dags/tutorial_taskflow_api_virtualenv.py
[2024-02-29T18:49:25.286+0530] {processor.py:840} INFO - DAG(s) 'tutorial_taskflow_api_virtualenv' retrieved from /home/arun/.local/lib/python3.10/site-packages/airflow/example_dags/tutorial_taskflow_api_virtualenv.py
[2024-02-29T18:49:25.306+0530] {logging_mixin.py:188} INFO - [2024-02-29T18:49:25.306+0530] {dag.py:3036} INFO - Sync 1 DAGs
[2024-02-29T18:49:25.320+0530] {logging_mixin.py:188} INFO - [2024-02-29T18:49:25.320+0530] {dag.py:3823} INFO - Setting next_dagrun for tutorial_taskflow_api_virtualenv to None, run_after=None
[2024-02-29T18:49:25.351+0530] {processor.py:183} INFO - Processing /home/arun/.local/lib/python3.10/site-packages/airflow/example_dags/tutorial_taskflow_api_virtualenv.py took 0.119 seconds
[2024-02-29T18:50:13.896+0530] {processor.py:161} INFO - Started process (PID=8496) to work on /home/arun/.local/lib/python3.10/site-packages/airflow/example_dags/tutorial_taskflow_api_virtualenv.py
[2024-02-29T18:50:13.898+0530] {processor.py:830} INFO - Processing file /home/arun/.local/lib/python3.10/site-packages/airflow/example_dags/tutorial_taskflow_api_virtualenv.py for tasks to queue
[2024-02-29T18:50:13.899+0530] {logging_mixin.py:188} INFO - [2024-02-29T18:50:13.899+0530] {dagbag.py:538} INFO - Filling up the DagBag from /home/arun/.local/lib/python3.10/site-packages/airflow/example_dags/tutorial_taskflow_api_virtualenv.py
[2024-02-29T18:50:13.911+0530] {processor.py:840} INFO - DAG(s) 'tutorial_taskflow_api_virtualenv' retrieved from /home/arun/.local/lib/python3.10/site-packages/airflow/example_dags/tutorial_taskflow_api_virtualenv.py
[2024-02-29T18:50:13.929+0530] {logging_mixin.py:188} INFO - [2024-02-29T18:50:13.929+0530] {dag.py:3036} INFO - Sync 1 DAGs
[2024-02-29T18:50:13.946+0530] {logging_mixin.py:188} INFO - [2024-02-29T18:50:13.946+0530] {dag.py:3823} INFO - Setting next_dagrun for tutorial_taskflow_api_virtualenv to None, run_after=None
[2024-02-29T18:50:13.989+0530] {processor.py:183} INFO - Processing /home/arun/.local/lib/python3.10/site-packages/airflow/example_dags/tutorial_taskflow_api_virtualenv.py took 0.096 seconds
[2024-02-29T18:51:05.086+0530] {processor.py:161} INFO - Started process (PID=8580) to work on /home/arun/.local/lib/python3.10/site-packages/airflow/example_dags/tutorial_taskflow_api_virtualenv.py
[2024-02-29T18:51:05.088+0530] {processor.py:830} INFO - Processing file /home/arun/.local/lib/python3.10/site-packages/airflow/example_dags/tutorial_taskflow_api_virtualenv.py for tasks to queue
[2024-02-29T18:51:05.089+0530] {logging_mixin.py:188} INFO - [2024-02-29T18:51:05.089+0530] {dagbag.py:538} INFO - Filling up the DagBag from /home/arun/.local/lib/python3.10/site-packages/airflow/example_dags/tutorial_taskflow_api_virtualenv.py
[2024-02-29T18:51:05.103+0530] {processor.py:840} INFO - DAG(s) 'tutorial_taskflow_api_virtualenv' retrieved from /home/arun/.local/lib/python3.10/site-packages/airflow/example_dags/tutorial_taskflow_api_virtualenv.py
[2024-02-29T18:51:05.127+0530] {logging_mixin.py:188} INFO - [2024-02-29T18:51:05.126+0530] {dag.py:3036} INFO - Sync 1 DAGs
[2024-02-29T18:51:05.143+0530] {logging_mixin.py:188} INFO - [2024-02-29T18:51:05.143+0530] {dag.py:3823} INFO - Setting next_dagrun for tutorial_taskflow_api_virtualenv to None, run_after=None
[2024-02-29T18:51:05.176+0530] {processor.py:183} INFO - Processing /home/arun/.local/lib/python3.10/site-packages/airflow/example_dags/tutorial_taskflow_api_virtualenv.py took 0.094 seconds
[2024-02-29T18:51:57.301+0530] {processor.py:161} INFO - Started process (PID=8756) to work on /home/arun/.local/lib/python3.10/site-packages/airflow/example_dags/tutorial_taskflow_api_virtualenv.py
[2024-02-29T18:51:57.303+0530] {processor.py:830} INFO - Processing file /home/arun/.local/lib/python3.10/site-packages/airflow/example_dags/tutorial_taskflow_api_virtualenv.py for tasks to queue
[2024-02-29T18:51:57.303+0530] {logging_mixin.py:188} INFO - [2024-02-29T18:51:57.303+0530] {dagbag.py:538} INFO - Filling up the DagBag from /home/arun/.local/lib/python3.10/site-packages/airflow/example_dags/tutorial_taskflow_api_virtualenv.py
[2024-02-29T18:51:57.314+0530] {processor.py:840} INFO - DAG(s) 'tutorial_taskflow_api_virtualenv' retrieved from /home/arun/.local/lib/python3.10/site-packages/airflow/example_dags/tutorial_taskflow_api_virtualenv.py
[2024-02-29T18:51:57.330+0530] {logging_mixin.py:188} INFO - [2024-02-29T18:51:57.330+0530] {dag.py:3036} INFO - Sync 1 DAGs
[2024-02-29T18:51:57.343+0530] {logging_mixin.py:188} INFO - [2024-02-29T18:51:57.343+0530] {dag.py:3823} INFO - Setting next_dagrun for tutorial_taskflow_api_virtualenv to None, run_after=None
[2024-02-29T18:51:57.377+0530] {processor.py:183} INFO - Processing /home/arun/.local/lib/python3.10/site-packages/airflow/example_dags/tutorial_taskflow_api_virtualenv.py took 0.079 seconds
[2024-02-29T18:52:51.251+0530] {processor.py:161} INFO - Started process (PID=8839) to work on /home/arun/.local/lib/python3.10/site-packages/airflow/example_dags/tutorial_taskflow_api_virtualenv.py
[2024-02-29T18:52:51.253+0530] {processor.py:830} INFO - Processing file /home/arun/.local/lib/python3.10/site-packages/airflow/example_dags/tutorial_taskflow_api_virtualenv.py for tasks to queue
[2024-02-29T18:52:51.254+0530] {logging_mixin.py:188} INFO - [2024-02-29T18:52:51.254+0530] {dagbag.py:538} INFO - Filling up the DagBag from /home/arun/.local/lib/python3.10/site-packages/airflow/example_dags/tutorial_taskflow_api_virtualenv.py
[2024-02-29T18:52:51.267+0530] {processor.py:840} INFO - DAG(s) 'tutorial_taskflow_api_virtualenv' retrieved from /home/arun/.local/lib/python3.10/site-packages/airflow/example_dags/tutorial_taskflow_api_virtualenv.py
[2024-02-29T18:52:51.284+0530] {logging_mixin.py:188} INFO - [2024-02-29T18:52:51.284+0530] {dag.py:3036} INFO - Sync 1 DAGs
[2024-02-29T18:52:51.297+0530] {logging_mixin.py:188} INFO - [2024-02-29T18:52:51.297+0530] {dag.py:3823} INFO - Setting next_dagrun for tutorial_taskflow_api_virtualenv to None, run_after=None
[2024-02-29T18:52:51.329+0530] {processor.py:183} INFO - Processing /home/arun/.local/lib/python3.10/site-packages/airflow/example_dags/tutorial_taskflow_api_virtualenv.py took 0.081 seconds
[2024-02-29T18:53:43.097+0530] {processor.py:161} INFO - Started process (PID=8921) to work on /home/arun/.local/lib/python3.10/site-packages/airflow/example_dags/tutorial_taskflow_api_virtualenv.py
[2024-02-29T18:53:43.099+0530] {processor.py:830} INFO - Processing file /home/arun/.local/lib/python3.10/site-packages/airflow/example_dags/tutorial_taskflow_api_virtualenv.py for tasks to queue
[2024-02-29T18:53:43.100+0530] {logging_mixin.py:188} INFO - [2024-02-29T18:53:43.100+0530] {dagbag.py:538} INFO - Filling up the DagBag from /home/arun/.local/lib/python3.10/site-packages/airflow/example_dags/tutorial_taskflow_api_virtualenv.py
[2024-02-29T18:53:43.112+0530] {processor.py:840} INFO - DAG(s) 'tutorial_taskflow_api_virtualenv' retrieved from /home/arun/.local/lib/python3.10/site-packages/airflow/example_dags/tutorial_taskflow_api_virtualenv.py
[2024-02-29T18:53:43.130+0530] {logging_mixin.py:188} INFO - [2024-02-29T18:53:43.130+0530] {dag.py:3036} INFO - Sync 1 DAGs
[2024-02-29T18:53:43.149+0530] {logging_mixin.py:188} INFO - [2024-02-29T18:53:43.149+0530] {dag.py:3823} INFO - Setting next_dagrun for tutorial_taskflow_api_virtualenv to None, run_after=None
[2024-02-29T18:53:43.176+0530] {processor.py:183} INFO - Processing /home/arun/.local/lib/python3.10/site-packages/airflow/example_dags/tutorial_taskflow_api_virtualenv.py took 0.082 seconds
[2024-02-29T18:54:34.828+0530] {processor.py:161} INFO - Started process (PID=9193) to work on /home/arun/.local/lib/python3.10/site-packages/airflow/example_dags/tutorial_taskflow_api_virtualenv.py
[2024-02-29T18:54:34.831+0530] {processor.py:830} INFO - Processing file /home/arun/.local/lib/python3.10/site-packages/airflow/example_dags/tutorial_taskflow_api_virtualenv.py for tasks to queue
[2024-02-29T18:54:34.832+0530] {logging_mixin.py:188} INFO - [2024-02-29T18:54:34.832+0530] {dagbag.py:538} INFO - Filling up the DagBag from /home/arun/.local/lib/python3.10/site-packages/airflow/example_dags/tutorial_taskflow_api_virtualenv.py
[2024-02-29T18:54:34.846+0530] {processor.py:840} INFO - DAG(s) 'tutorial_taskflow_api_virtualenv' retrieved from /home/arun/.local/lib/python3.10/site-packages/airflow/example_dags/tutorial_taskflow_api_virtualenv.py
[2024-02-29T18:54:34.865+0530] {logging_mixin.py:188} INFO - [2024-02-29T18:54:34.864+0530] {dag.py:3036} INFO - Sync 1 DAGs
[2024-02-29T18:54:34.878+0530] {logging_mixin.py:188} INFO - [2024-02-29T18:54:34.878+0530] {dag.py:3823} INFO - Setting next_dagrun for tutorial_taskflow_api_virtualenv to None, run_after=None
[2024-02-29T18:54:34.908+0530] {processor.py:183} INFO - Processing /home/arun/.local/lib/python3.10/site-packages/airflow/example_dags/tutorial_taskflow_api_virtualenv.py took 0.084 seconds
[2024-02-29T18:55:23.669+0530] {processor.py:161} INFO - Started process (PID=9312) to work on /home/arun/.local/lib/python3.10/site-packages/airflow/example_dags/tutorial_taskflow_api_virtualenv.py
[2024-02-29T18:55:23.672+0530] {processor.py:830} INFO - Processing file /home/arun/.local/lib/python3.10/site-packages/airflow/example_dags/tutorial_taskflow_api_virtualenv.py for tasks to queue
[2024-02-29T18:55:23.674+0530] {logging_mixin.py:188} INFO - [2024-02-29T18:55:23.673+0530] {dagbag.py:538} INFO - Filling up the DagBag from /home/arun/.local/lib/python3.10/site-packages/airflow/example_dags/tutorial_taskflow_api_virtualenv.py
[2024-02-29T18:55:23.756+0530] {processor.py:840} INFO - DAG(s) 'tutorial_taskflow_api_virtualenv' retrieved from /home/arun/.local/lib/python3.10/site-packages/airflow/example_dags/tutorial_taskflow_api_virtualenv.py
[2024-02-29T18:55:23.814+0530] {logging_mixin.py:188} INFO - [2024-02-29T18:55:23.814+0530] {dag.py:3036} INFO - Sync 1 DAGs
[2024-02-29T18:55:23.838+0530] {logging_mixin.py:188} INFO - [2024-02-29T18:55:23.837+0530] {dag.py:3823} INFO - Setting next_dagrun for tutorial_taskflow_api_virtualenv to None, run_after=None
[2024-02-29T18:55:23.880+0530] {processor.py:183} INFO - Processing /home/arun/.local/lib/python3.10/site-packages/airflow/example_dags/tutorial_taskflow_api_virtualenv.py took 0.218 seconds
[2024-02-29T18:56:28.018+0530] {processor.py:161} INFO - Started process (PID=9446) to work on /home/arun/.local/lib/python3.10/site-packages/airflow/example_dags/tutorial_taskflow_api_virtualenv.py
[2024-02-29T18:56:28.020+0530] {processor.py:830} INFO - Processing file /home/arun/.local/lib/python3.10/site-packages/airflow/example_dags/tutorial_taskflow_api_virtualenv.py for tasks to queue
[2024-02-29T18:56:28.022+0530] {logging_mixin.py:188} INFO - [2024-02-29T18:56:28.021+0530] {dagbag.py:538} INFO - Filling up the DagBag from /home/arun/.local/lib/python3.10/site-packages/airflow/example_dags/tutorial_taskflow_api_virtualenv.py
[2024-02-29T18:56:28.036+0530] {processor.py:840} INFO - DAG(s) 'tutorial_taskflow_api_virtualenv' retrieved from /home/arun/.local/lib/python3.10/site-packages/airflow/example_dags/tutorial_taskflow_api_virtualenv.py
[2024-02-29T18:56:28.062+0530] {logging_mixin.py:188} INFO - [2024-02-29T18:56:28.062+0530] {dag.py:3036} INFO - Sync 1 DAGs
[2024-02-29T18:56:28.082+0530] {logging_mixin.py:188} INFO - [2024-02-29T18:56:28.082+0530] {dag.py:3823} INFO - Setting next_dagrun for tutorial_taskflow_api_virtualenv to None, run_after=None
[2024-02-29T18:56:28.176+0530] {processor.py:183} INFO - Processing /home/arun/.local/lib/python3.10/site-packages/airflow/example_dags/tutorial_taskflow_api_virtualenv.py took 0.161 seconds
[2024-02-29T18:57:24.307+0530] {processor.py:161} INFO - Started process (PID=9547) to work on /home/arun/.local/lib/python3.10/site-packages/airflow/example_dags/tutorial_taskflow_api_virtualenv.py
[2024-02-29T18:57:24.339+0530] {processor.py:830} INFO - Processing file /home/arun/.local/lib/python3.10/site-packages/airflow/example_dags/tutorial_taskflow_api_virtualenv.py for tasks to queue
[2024-02-29T18:57:24.341+0530] {logging_mixin.py:188} INFO - [2024-02-29T18:57:24.340+0530] {dagbag.py:538} INFO - Filling up the DagBag from /home/arun/.local/lib/python3.10/site-packages/airflow/example_dags/tutorial_taskflow_api_virtualenv.py
[2024-02-29T18:57:24.353+0530] {processor.py:840} INFO - DAG(s) 'tutorial_taskflow_api_virtualenv' retrieved from /home/arun/.local/lib/python3.10/site-packages/airflow/example_dags/tutorial_taskflow_api_virtualenv.py
[2024-02-29T18:57:24.373+0530] {logging_mixin.py:188} INFO - [2024-02-29T18:57:24.372+0530] {dag.py:3036} INFO - Sync 1 DAGs
[2024-02-29T18:57:24.390+0530] {logging_mixin.py:188} INFO - [2024-02-29T18:57:24.389+0530] {dag.py:3823} INFO - Setting next_dagrun for tutorial_taskflow_api_virtualenv to None, run_after=None
[2024-02-29T18:57:24.543+0530] {processor.py:183} INFO - Processing /home/arun/.local/lib/python3.10/site-packages/airflow/example_dags/tutorial_taskflow_api_virtualenv.py took 0.240 seconds
[2024-02-29T18:58:20.265+0530] {processor.py:161} INFO - Started process (PID=9637) to work on /home/arun/.local/lib/python3.10/site-packages/airflow/example_dags/tutorial_taskflow_api_virtualenv.py
[2024-02-29T18:58:20.266+0530] {processor.py:830} INFO - Processing file /home/arun/.local/lib/python3.10/site-packages/airflow/example_dags/tutorial_taskflow_api_virtualenv.py for tasks to queue
[2024-02-29T18:58:20.267+0530] {logging_mixin.py:188} INFO - [2024-02-29T18:58:20.267+0530] {dagbag.py:538} INFO - Filling up the DagBag from /home/arun/.local/lib/python3.10/site-packages/airflow/example_dags/tutorial_taskflow_api_virtualenv.py
[2024-02-29T18:58:20.292+0530] {processor.py:840} INFO - DAG(s) 'tutorial_taskflow_api_virtualenv' retrieved from /home/arun/.local/lib/python3.10/site-packages/airflow/example_dags/tutorial_taskflow_api_virtualenv.py
[2024-02-29T18:58:20.342+0530] {logging_mixin.py:188} INFO - [2024-02-29T18:58:20.342+0530] {dag.py:3036} INFO - Sync 1 DAGs
[2024-02-29T18:58:20.368+0530] {logging_mixin.py:188} INFO - [2024-02-29T18:58:20.368+0530] {dag.py:3823} INFO - Setting next_dagrun for tutorial_taskflow_api_virtualenv to None, run_after=None
[2024-02-29T18:58:20.450+0530] {processor.py:183} INFO - Processing /home/arun/.local/lib/python3.10/site-packages/airflow/example_dags/tutorial_taskflow_api_virtualenv.py took 0.191 seconds
[2024-02-29T18:59:19.008+0530] {processor.py:161} INFO - Started process (PID=9740) to work on /home/arun/.local/lib/python3.10/site-packages/airflow/example_dags/tutorial_taskflow_api_virtualenv.py
[2024-02-29T18:59:19.044+0530] {processor.py:830} INFO - Processing file /home/arun/.local/lib/python3.10/site-packages/airflow/example_dags/tutorial_taskflow_api_virtualenv.py for tasks to queue
[2024-02-29T18:59:19.045+0530] {logging_mixin.py:188} INFO - [2024-02-29T18:59:19.044+0530] {dagbag.py:538} INFO - Filling up the DagBag from /home/arun/.local/lib/python3.10/site-packages/airflow/example_dags/tutorial_taskflow_api_virtualenv.py
[2024-02-29T18:59:19.058+0530] {processor.py:840} INFO - DAG(s) 'tutorial_taskflow_api_virtualenv' retrieved from /home/arun/.local/lib/python3.10/site-packages/airflow/example_dags/tutorial_taskflow_api_virtualenv.py
[2024-02-29T18:59:19.081+0530] {logging_mixin.py:188} INFO - [2024-02-29T18:59:19.081+0530] {dag.py:3036} INFO - Sync 1 DAGs
[2024-02-29T18:59:19.100+0530] {logging_mixin.py:188} INFO - [2024-02-29T18:59:19.100+0530] {dag.py:3823} INFO - Setting next_dagrun for tutorial_taskflow_api_virtualenv to None, run_after=None
[2024-02-29T18:59:19.139+0530] {processor.py:183} INFO - Processing /home/arun/.local/lib/python3.10/site-packages/airflow/example_dags/tutorial_taskflow_api_virtualenv.py took 0.135 seconds
[2024-02-29T19:00:11.610+0530] {processor.py:161} INFO - Started process (PID=9837) to work on /home/arun/.local/lib/python3.10/site-packages/airflow/example_dags/tutorial_taskflow_api_virtualenv.py
[2024-02-29T19:00:11.652+0530] {processor.py:830} INFO - Processing file /home/arun/.local/lib/python3.10/site-packages/airflow/example_dags/tutorial_taskflow_api_virtualenv.py for tasks to queue
[2024-02-29T19:00:11.653+0530] {logging_mixin.py:188} INFO - [2024-02-29T19:00:11.653+0530] {dagbag.py:538} INFO - Filling up the DagBag from /home/arun/.local/lib/python3.10/site-packages/airflow/example_dags/tutorial_taskflow_api_virtualenv.py
[2024-02-29T19:00:11.667+0530] {processor.py:840} INFO - DAG(s) 'tutorial_taskflow_api_virtualenv' retrieved from /home/arun/.local/lib/python3.10/site-packages/airflow/example_dags/tutorial_taskflow_api_virtualenv.py
[2024-02-29T19:00:11.686+0530] {logging_mixin.py:188} INFO - [2024-02-29T19:00:11.686+0530] {dag.py:3036} INFO - Sync 1 DAGs
[2024-02-29T19:00:11.699+0530] {logging_mixin.py:188} INFO - [2024-02-29T19:00:11.699+0530] {dag.py:3823} INFO - Setting next_dagrun for tutorial_taskflow_api_virtualenv to None, run_after=None
[2024-02-29T19:00:11.754+0530] {processor.py:183} INFO - Processing /home/arun/.local/lib/python3.10/site-packages/airflow/example_dags/tutorial_taskflow_api_virtualenv.py took 0.148 seconds
[2024-02-29T19:01:02.480+0530] {processor.py:161} INFO - Started process (PID=9923) to work on /home/arun/.local/lib/python3.10/site-packages/airflow/example_dags/tutorial_taskflow_api_virtualenv.py
[2024-02-29T19:01:02.481+0530] {processor.py:830} INFO - Processing file /home/arun/.local/lib/python3.10/site-packages/airflow/example_dags/tutorial_taskflow_api_virtualenv.py for tasks to queue
[2024-02-29T19:01:02.482+0530] {logging_mixin.py:188} INFO - [2024-02-29T19:01:02.482+0530] {dagbag.py:538} INFO - Filling up the DagBag from /home/arun/.local/lib/python3.10/site-packages/airflow/example_dags/tutorial_taskflow_api_virtualenv.py
[2024-02-29T19:01:02.494+0530] {processor.py:840} INFO - DAG(s) 'tutorial_taskflow_api_virtualenv' retrieved from /home/arun/.local/lib/python3.10/site-packages/airflow/example_dags/tutorial_taskflow_api_virtualenv.py
[2024-02-29T19:01:02.513+0530] {logging_mixin.py:188} INFO - [2024-02-29T19:01:02.513+0530] {dag.py:3036} INFO - Sync 1 DAGs
[2024-02-29T19:01:02.528+0530] {logging_mixin.py:188} INFO - [2024-02-29T19:01:02.528+0530] {dag.py:3823} INFO - Setting next_dagrun for tutorial_taskflow_api_virtualenv to None, run_after=None
[2024-02-29T19:01:02.559+0530] {processor.py:183} INFO - Processing /home/arun/.local/lib/python3.10/site-packages/airflow/example_dags/tutorial_taskflow_api_virtualenv.py took 0.082 seconds
[2024-02-29T19:01:55.786+0530] {processor.py:161} INFO - Started process (PID=10009) to work on /home/arun/.local/lib/python3.10/site-packages/airflow/example_dags/tutorial_taskflow_api_virtualenv.py
[2024-02-29T19:01:55.788+0530] {processor.py:830} INFO - Processing file /home/arun/.local/lib/python3.10/site-packages/airflow/example_dags/tutorial_taskflow_api_virtualenv.py for tasks to queue
[2024-02-29T19:01:55.789+0530] {logging_mixin.py:188} INFO - [2024-02-29T19:01:55.788+0530] {dagbag.py:538} INFO - Filling up the DagBag from /home/arun/.local/lib/python3.10/site-packages/airflow/example_dags/tutorial_taskflow_api_virtualenv.py
[2024-02-29T19:01:55.799+0530] {processor.py:840} INFO - DAG(s) 'tutorial_taskflow_api_virtualenv' retrieved from /home/arun/.local/lib/python3.10/site-packages/airflow/example_dags/tutorial_taskflow_api_virtualenv.py
[2024-02-29T19:01:55.815+0530] {logging_mixin.py:188} INFO - [2024-02-29T19:01:55.815+0530] {dag.py:3036} INFO - Sync 1 DAGs
[2024-02-29T19:01:55.832+0530] {logging_mixin.py:188} INFO - [2024-02-29T19:01:55.832+0530] {dag.py:3823} INFO - Setting next_dagrun for tutorial_taskflow_api_virtualenv to None, run_after=None
[2024-02-29T19:01:55.864+0530] {processor.py:183} INFO - Processing /home/arun/.local/lib/python3.10/site-packages/airflow/example_dags/tutorial_taskflow_api_virtualenv.py took 0.081 seconds
[2024-02-29T19:02:46.313+0530] {processor.py:161} INFO - Started process (PID=10090) to work on /home/arun/.local/lib/python3.10/site-packages/airflow/example_dags/tutorial_taskflow_api_virtualenv.py
[2024-02-29T19:02:46.316+0530] {processor.py:830} INFO - Processing file /home/arun/.local/lib/python3.10/site-packages/airflow/example_dags/tutorial_taskflow_api_virtualenv.py for tasks to queue
[2024-02-29T19:02:46.317+0530] {logging_mixin.py:188} INFO - [2024-02-29T19:02:46.317+0530] {dagbag.py:538} INFO - Filling up the DagBag from /home/arun/.local/lib/python3.10/site-packages/airflow/example_dags/tutorial_taskflow_api_virtualenv.py
[2024-02-29T19:02:46.333+0530] {processor.py:840} INFO - DAG(s) 'tutorial_taskflow_api_virtualenv' retrieved from /home/arun/.local/lib/python3.10/site-packages/airflow/example_dags/tutorial_taskflow_api_virtualenv.py
[2024-02-29T19:02:46.354+0530] {logging_mixin.py:188} INFO - [2024-02-29T19:02:46.354+0530] {dag.py:3036} INFO - Sync 1 DAGs
[2024-02-29T19:02:46.372+0530] {logging_mixin.py:188} INFO - [2024-02-29T19:02:46.372+0530] {dag.py:3823} INFO - Setting next_dagrun for tutorial_taskflow_api_virtualenv to None, run_after=None
[2024-02-29T19:02:46.456+0530] {processor.py:183} INFO - Processing /home/arun/.local/lib/python3.10/site-packages/airflow/example_dags/tutorial_taskflow_api_virtualenv.py took 0.146 seconds
[2024-02-29T19:03:36.435+0530] {processor.py:161} INFO - Started process (PID=10170) to work on /home/arun/.local/lib/python3.10/site-packages/airflow/example_dags/tutorial_taskflow_api_virtualenv.py
[2024-02-29T19:03:36.477+0530] {processor.py:830} INFO - Processing file /home/arun/.local/lib/python3.10/site-packages/airflow/example_dags/tutorial_taskflow_api_virtualenv.py for tasks to queue
[2024-02-29T19:03:36.478+0530] {logging_mixin.py:188} INFO - [2024-02-29T19:03:36.477+0530] {dagbag.py:538} INFO - Filling up the DagBag from /home/arun/.local/lib/python3.10/site-packages/airflow/example_dags/tutorial_taskflow_api_virtualenv.py
[2024-02-29T19:03:36.489+0530] {processor.py:840} INFO - DAG(s) 'tutorial_taskflow_api_virtualenv' retrieved from /home/arun/.local/lib/python3.10/site-packages/airflow/example_dags/tutorial_taskflow_api_virtualenv.py
[2024-02-29T19:03:36.504+0530] {logging_mixin.py:188} INFO - [2024-02-29T19:03:36.503+0530] {dag.py:3036} INFO - Sync 1 DAGs
[2024-02-29T19:03:36.515+0530] {logging_mixin.py:188} INFO - [2024-02-29T19:03:36.514+0530] {dag.py:3823} INFO - Setting next_dagrun for tutorial_taskflow_api_virtualenv to None, run_after=None
[2024-02-29T19:03:36.540+0530] {processor.py:183} INFO - Processing /home/arun/.local/lib/python3.10/site-packages/airflow/example_dags/tutorial_taskflow_api_virtualenv.py took 0.109 seconds
[2024-02-29T19:04:23.245+0530] {processor.py:161} INFO - Started process (PID=10267) to work on /home/arun/.local/lib/python3.10/site-packages/airflow/example_dags/tutorial_taskflow_api_virtualenv.py
[2024-02-29T19:04:23.247+0530] {processor.py:830} INFO - Processing file /home/arun/.local/lib/python3.10/site-packages/airflow/example_dags/tutorial_taskflow_api_virtualenv.py for tasks to queue
[2024-02-29T19:04:23.249+0530] {logging_mixin.py:188} INFO - [2024-02-29T19:04:23.248+0530] {dagbag.py:538} INFO - Filling up the DagBag from /home/arun/.local/lib/python3.10/site-packages/airflow/example_dags/tutorial_taskflow_api_virtualenv.py
[2024-02-29T19:04:23.266+0530] {processor.py:840} INFO - DAG(s) 'tutorial_taskflow_api_virtualenv' retrieved from /home/arun/.local/lib/python3.10/site-packages/airflow/example_dags/tutorial_taskflow_api_virtualenv.py
[2024-02-29T19:04:23.291+0530] {logging_mixin.py:188} INFO - [2024-02-29T19:04:23.291+0530] {dag.py:3036} INFO - Sync 1 DAGs
[2024-02-29T19:04:23.310+0530] {logging_mixin.py:188} INFO - [2024-02-29T19:04:23.309+0530] {dag.py:3823} INFO - Setting next_dagrun for tutorial_taskflow_api_virtualenv to None, run_after=None
[2024-02-29T19:04:23.346+0530] {processor.py:183} INFO - Processing /home/arun/.local/lib/python3.10/site-packages/airflow/example_dags/tutorial_taskflow_api_virtualenv.py took 0.106 seconds
[2024-02-29T19:05:17.538+0530] {processor.py:161} INFO - Started process (PID=10359) to work on /home/arun/.local/lib/python3.10/site-packages/airflow/example_dags/tutorial_taskflow_api_virtualenv.py
[2024-02-29T19:05:17.540+0530] {processor.py:830} INFO - Processing file /home/arun/.local/lib/python3.10/site-packages/airflow/example_dags/tutorial_taskflow_api_virtualenv.py for tasks to queue
[2024-02-29T19:05:17.541+0530] {logging_mixin.py:188} INFO - [2024-02-29T19:05:17.540+0530] {dagbag.py:538} INFO - Filling up the DagBag from /home/arun/.local/lib/python3.10/site-packages/airflow/example_dags/tutorial_taskflow_api_virtualenv.py
[2024-02-29T19:05:17.552+0530] {processor.py:840} INFO - DAG(s) 'tutorial_taskflow_api_virtualenv' retrieved from /home/arun/.local/lib/python3.10/site-packages/airflow/example_dags/tutorial_taskflow_api_virtualenv.py
[2024-02-29T19:05:17.571+0530] {logging_mixin.py:188} INFO - [2024-02-29T19:05:17.571+0530] {dag.py:3036} INFO - Sync 1 DAGs
[2024-02-29T19:05:17.585+0530] {logging_mixin.py:188} INFO - [2024-02-29T19:05:17.584+0530] {dag.py:3823} INFO - Setting next_dagrun for tutorial_taskflow_api_virtualenv to None, run_after=None
[2024-02-29T19:05:17.616+0530] {processor.py:183} INFO - Processing /home/arun/.local/lib/python3.10/site-packages/airflow/example_dags/tutorial_taskflow_api_virtualenv.py took 0.081 seconds
[2024-02-29T19:05:53.906+0530] {processor.py:161} INFO - Started process (PID=10539) to work on /home/arun/.local/lib/python3.10/site-packages/airflow/example_dags/tutorial_taskflow_api_virtualenv.py
[2024-02-29T19:05:53.950+0530] {processor.py:830} INFO - Processing file /home/arun/.local/lib/python3.10/site-packages/airflow/example_dags/tutorial_taskflow_api_virtualenv.py for tasks to queue
[2024-02-29T19:05:53.975+0530] {logging_mixin.py:188} INFO - [2024-02-29T19:05:53.963+0530] {dagbag.py:538} INFO - Filling up the DagBag from /home/arun/.local/lib/python3.10/site-packages/airflow/example_dags/tutorial_taskflow_api_virtualenv.py
[2024-02-29T19:05:54.106+0530] {processor.py:840} INFO - DAG(s) 'tutorial_taskflow_api_virtualenv' retrieved from /home/arun/.local/lib/python3.10/site-packages/airflow/example_dags/tutorial_taskflow_api_virtualenv.py
[2024-02-29T19:05:54.270+0530] {logging_mixin.py:188} INFO - [2024-02-29T19:05:54.270+0530] {dag.py:3036} INFO - Sync 1 DAGs
[2024-02-29T19:05:54.306+0530] {logging_mixin.py:188} INFO - [2024-02-29T19:05:54.306+0530] {dag.py:3823} INFO - Setting next_dagrun for tutorial_taskflow_api_virtualenv to None, run_after=None
[2024-02-29T19:05:54.414+0530] {processor.py:183} INFO - Processing /home/arun/.local/lib/python3.10/site-packages/airflow/example_dags/tutorial_taskflow_api_virtualenv.py took 0.532 seconds
[2024-02-29T19:06:41.965+0530] {processor.py:161} INFO - Started process (PID=10672) to work on /home/arun/.local/lib/python3.10/site-packages/airflow/example_dags/tutorial_taskflow_api_virtualenv.py
[2024-02-29T19:06:41.975+0530] {processor.py:830} INFO - Processing file /home/arun/.local/lib/python3.10/site-packages/airflow/example_dags/tutorial_taskflow_api_virtualenv.py for tasks to queue
[2024-02-29T19:06:41.978+0530] {logging_mixin.py:188} INFO - [2024-02-29T19:06:41.977+0530] {dagbag.py:538} INFO - Filling up the DagBag from /home/arun/.local/lib/python3.10/site-packages/airflow/example_dags/tutorial_taskflow_api_virtualenv.py
[2024-02-29T19:06:42.014+0530] {processor.py:840} INFO - DAG(s) 'tutorial_taskflow_api_virtualenv' retrieved from /home/arun/.local/lib/python3.10/site-packages/airflow/example_dags/tutorial_taskflow_api_virtualenv.py
[2024-02-29T19:06:42.064+0530] {logging_mixin.py:188} INFO - [2024-02-29T19:06:42.063+0530] {dag.py:3036} INFO - Sync 1 DAGs
[2024-02-29T19:06:42.093+0530] {logging_mixin.py:188} INFO - [2024-02-29T19:06:42.092+0530] {dag.py:3823} INFO - Setting next_dagrun for tutorial_taskflow_api_virtualenv to None, run_after=None
[2024-02-29T19:06:42.188+0530] {processor.py:183} INFO - Processing /home/arun/.local/lib/python3.10/site-packages/airflow/example_dags/tutorial_taskflow_api_virtualenv.py took 0.230 seconds
