[2024-02-29T18:15:05.735+0530] {processor.py:161} INFO - Started process (PID=5163) to work on /home/arun/.local/lib/python3.10/site-packages/airflow/example_dags/tutorial_objectstorage.py
[2024-02-29T18:15:05.736+0530] {processor.py:830} INFO - Processing file /home/arun/.local/lib/python3.10/site-packages/airflow/example_dags/tutorial_objectstorage.py for tasks to queue
[2024-02-29T18:15:05.737+0530] {logging_mixin.py:188} INFO - [2024-02-29T18:15:05.737+0530] {dagbag.py:538} INFO - Filling up the DagBag from /home/arun/.local/lib/python3.10/site-packages/airflow/example_dags/tutorial_objectstorage.py
[2024-02-29T18:15:05.757+0530] {processor.py:840} INFO - DAG(s) 'tutorial_objectstorage' retrieved from /home/arun/.local/lib/python3.10/site-packages/airflow/example_dags/tutorial_objectstorage.py
[2024-02-29T18:15:06.094+0530] {logging_mixin.py:188} INFO - [2024-02-29T18:15:06.094+0530] {dag.py:3036} INFO - Sync 1 DAGs
[2024-02-29T18:15:06.116+0530] {logging_mixin.py:188} INFO - [2024-02-29T18:15:06.116+0530] {dag.py:3823} INFO - Setting next_dagrun for tutorial_objectstorage to None, run_after=None
[2024-02-29T18:15:06.279+0530] {processor.py:183} INFO - Processing /home/arun/.local/lib/python3.10/site-packages/airflow/example_dags/tutorial_objectstorage.py took 0.564 seconds
[2024-02-29T18:16:33.466+0530] {processor.py:161} INFO - Started process (PID=5222) to work on /home/arun/.local/lib/python3.10/site-packages/airflow/example_dags/tutorial_objectstorage.py
[2024-02-29T18:16:33.470+0530] {processor.py:830} INFO - Processing file /home/arun/.local/lib/python3.10/site-packages/airflow/example_dags/tutorial_objectstorage.py for tasks to queue
[2024-02-29T18:16:33.471+0530] {logging_mixin.py:188} INFO - [2024-02-29T18:16:33.470+0530] {dagbag.py:538} INFO - Filling up the DagBag from /home/arun/.local/lib/python3.10/site-packages/airflow/example_dags/tutorial_objectstorage.py
[2024-02-29T18:16:33.484+0530] {processor.py:840} INFO - DAG(s) 'tutorial_objectstorage' retrieved from /home/arun/.local/lib/python3.10/site-packages/airflow/example_dags/tutorial_objectstorage.py
[2024-02-29T18:16:33.540+0530] {logging_mixin.py:188} INFO - [2024-02-29T18:16:33.539+0530] {dag.py:3036} INFO - Sync 1 DAGs
[2024-02-29T18:16:33.557+0530] {logging_mixin.py:188} INFO - [2024-02-29T18:16:33.557+0530] {dag.py:3823} INFO - Setting next_dagrun for tutorial_objectstorage to None, run_after=None
[2024-02-29T18:16:33.644+0530] {processor.py:183} INFO - Processing /home/arun/.local/lib/python3.10/site-packages/airflow/example_dags/tutorial_objectstorage.py took 0.201 seconds
[2024-02-29T18:17:25.277+0530] {processor.py:161} INFO - Started process (PID=5265) to work on /home/arun/.local/lib/python3.10/site-packages/airflow/example_dags/tutorial_objectstorage.py
[2024-02-29T18:17:25.300+0530] {processor.py:830} INFO - Processing file /home/arun/.local/lib/python3.10/site-packages/airflow/example_dags/tutorial_objectstorage.py for tasks to queue
[2024-02-29T18:17:25.315+0530] {logging_mixin.py:188} INFO - [2024-02-29T18:17:25.311+0530] {dagbag.py:538} INFO - Filling up the DagBag from /home/arun/.local/lib/python3.10/site-packages/airflow/example_dags/tutorial_objectstorage.py
[2024-02-29T18:17:25.341+0530] {processor.py:840} INFO - DAG(s) 'tutorial_objectstorage' retrieved from /home/arun/.local/lib/python3.10/site-packages/airflow/example_dags/tutorial_objectstorage.py
[2024-02-29T18:17:25.420+0530] {logging_mixin.py:188} INFO - [2024-02-29T18:17:25.420+0530] {dag.py:3036} INFO - Sync 1 DAGs
[2024-02-29T18:17:25.477+0530] {logging_mixin.py:188} INFO - [2024-02-29T18:17:25.472+0530] {dag.py:3823} INFO - Setting next_dagrun for tutorial_objectstorage to None, run_after=None
[2024-02-29T18:17:26.022+0530] {processor.py:183} INFO - Processing /home/arun/.local/lib/python3.10/site-packages/airflow/example_dags/tutorial_objectstorage.py took 0.755 seconds
[2024-02-29T18:18:16.855+0530] {processor.py:161} INFO - Started process (PID=5355) to work on /home/arun/.local/lib/python3.10/site-packages/airflow/example_dags/tutorial_objectstorage.py
[2024-02-29T18:18:16.859+0530] {processor.py:830} INFO - Processing file /home/arun/.local/lib/python3.10/site-packages/airflow/example_dags/tutorial_objectstorage.py for tasks to queue
[2024-02-29T18:18:16.860+0530] {logging_mixin.py:188} INFO - [2024-02-29T18:18:16.860+0530] {dagbag.py:538} INFO - Filling up the DagBag from /home/arun/.local/lib/python3.10/site-packages/airflow/example_dags/tutorial_objectstorage.py
[2024-02-29T18:18:16.873+0530] {processor.py:840} INFO - DAG(s) 'tutorial_objectstorage' retrieved from /home/arun/.local/lib/python3.10/site-packages/airflow/example_dags/tutorial_objectstorage.py
[2024-02-29T18:18:16.951+0530] {logging_mixin.py:188} INFO - [2024-02-29T18:18:16.950+0530] {dag.py:3036} INFO - Sync 1 DAGs
[2024-02-29T18:18:17.019+0530] {logging_mixin.py:188} INFO - [2024-02-29T18:18:17.016+0530] {dag.py:3823} INFO - Setting next_dagrun for tutorial_objectstorage to None, run_after=None
[2024-02-29T18:18:17.128+0530] {processor.py:183} INFO - Processing /home/arun/.local/lib/python3.10/site-packages/airflow/example_dags/tutorial_objectstorage.py took 0.305 seconds
[2024-02-29T18:19:51.919+0530] {processor.py:161} INFO - Started process (PID=5446) to work on /home/arun/.local/lib/python3.10/site-packages/airflow/example_dags/tutorial_objectstorage.py
[2024-02-29T18:19:51.921+0530] {processor.py:830} INFO - Processing file /home/arun/.local/lib/python3.10/site-packages/airflow/example_dags/tutorial_objectstorage.py for tasks to queue
[2024-02-29T18:19:51.922+0530] {logging_mixin.py:188} INFO - [2024-02-29T18:19:51.922+0530] {dagbag.py:538} INFO - Filling up the DagBag from /home/arun/.local/lib/python3.10/site-packages/airflow/example_dags/tutorial_objectstorage.py
[2024-02-29T18:19:51.933+0530] {processor.py:840} INFO - DAG(s) 'tutorial_objectstorage' retrieved from /home/arun/.local/lib/python3.10/site-packages/airflow/example_dags/tutorial_objectstorage.py
[2024-02-29T18:19:51.957+0530] {logging_mixin.py:188} INFO - [2024-02-29T18:19:51.956+0530] {dag.py:3036} INFO - Sync 1 DAGs
[2024-02-29T18:19:51.978+0530] {logging_mixin.py:188} INFO - [2024-02-29T18:19:51.977+0530] {dag.py:3823} INFO - Setting next_dagrun for tutorial_objectstorage to None, run_after=None
[2024-02-29T18:19:52.027+0530] {processor.py:183} INFO - Processing /home/arun/.local/lib/python3.10/site-packages/airflow/example_dags/tutorial_objectstorage.py took 0.112 seconds
[2024-02-29T18:21:02.118+0530] {processor.py:161} INFO - Started process (PID=5539) to work on /home/arun/.local/lib/python3.10/site-packages/airflow/example_dags/tutorial_objectstorage.py
[2024-02-29T18:21:02.135+0530] {processor.py:830} INFO - Processing file /home/arun/.local/lib/python3.10/site-packages/airflow/example_dags/tutorial_objectstorage.py for tasks to queue
[2024-02-29T18:21:02.137+0530] {logging_mixin.py:188} INFO - [2024-02-29T18:21:02.136+0530] {dagbag.py:538} INFO - Filling up the DagBag from /home/arun/.local/lib/python3.10/site-packages/airflow/example_dags/tutorial_objectstorage.py
[2024-02-29T18:21:02.148+0530] {processor.py:840} INFO - DAG(s) 'tutorial_objectstorage' retrieved from /home/arun/.local/lib/python3.10/site-packages/airflow/example_dags/tutorial_objectstorage.py
[2024-02-29T18:21:02.168+0530] {logging_mixin.py:188} INFO - [2024-02-29T18:21:02.167+0530] {dag.py:3036} INFO - Sync 1 DAGs
[2024-02-29T18:21:02.183+0530] {logging_mixin.py:188} INFO - [2024-02-29T18:21:02.182+0530] {dag.py:3823} INFO - Setting next_dagrun for tutorial_objectstorage to None, run_after=None
[2024-02-29T18:21:02.292+0530] {processor.py:183} INFO - Processing /home/arun/.local/lib/python3.10/site-packages/airflow/example_dags/tutorial_objectstorage.py took 0.179 seconds
[2024-02-29T18:21:38.433+0530] {processor.py:161} INFO - Started process (PID=5618) to work on /home/arun/.local/lib/python3.10/site-packages/airflow/example_dags/tutorial_objectstorage.py
[2024-02-29T18:21:38.519+0530] {processor.py:830} INFO - Processing file /home/arun/.local/lib/python3.10/site-packages/airflow/example_dags/tutorial_objectstorage.py for tasks to queue
[2024-02-29T18:21:38.522+0530] {logging_mixin.py:188} INFO - [2024-02-29T18:21:38.520+0530] {dagbag.py:538} INFO - Filling up the DagBag from /home/arun/.local/lib/python3.10/site-packages/airflow/example_dags/tutorial_objectstorage.py
[2024-02-29T18:21:38.536+0530] {processor.py:840} INFO - DAG(s) 'tutorial_objectstorage' retrieved from /home/arun/.local/lib/python3.10/site-packages/airflow/example_dags/tutorial_objectstorage.py
[2024-02-29T18:21:38.646+0530] {logging_mixin.py:188} INFO - [2024-02-29T18:21:38.645+0530] {dag.py:3036} INFO - Sync 1 DAGs
[2024-02-29T18:21:38.656+0530] {logging_mixin.py:188} INFO - [2024-02-29T18:21:38.656+0530] {dag.py:3823} INFO - Setting next_dagrun for tutorial_objectstorage to None, run_after=None
[2024-02-29T18:21:38.680+0530] {processor.py:183} INFO - Processing /home/arun/.local/lib/python3.10/site-packages/airflow/example_dags/tutorial_objectstorage.py took 0.251 seconds
[2024-02-29T18:22:34.718+0530] {processor.py:161} INFO - Started process (PID=5704) to work on /home/arun/.local/lib/python3.10/site-packages/airflow/example_dags/tutorial_objectstorage.py
[2024-02-29T18:22:34.751+0530] {processor.py:830} INFO - Processing file /home/arun/.local/lib/python3.10/site-packages/airflow/example_dags/tutorial_objectstorage.py for tasks to queue
[2024-02-29T18:22:34.752+0530] {logging_mixin.py:188} INFO - [2024-02-29T18:22:34.751+0530] {dagbag.py:538} INFO - Filling up the DagBag from /home/arun/.local/lib/python3.10/site-packages/airflow/example_dags/tutorial_objectstorage.py
[2024-02-29T18:22:34.761+0530] {processor.py:840} INFO - DAG(s) 'tutorial_objectstorage' retrieved from /home/arun/.local/lib/python3.10/site-packages/airflow/example_dags/tutorial_objectstorage.py
[2024-02-29T18:22:34.778+0530] {logging_mixin.py:188} INFO - [2024-02-29T18:22:34.778+0530] {dag.py:3036} INFO - Sync 1 DAGs
[2024-02-29T18:22:34.796+0530] {logging_mixin.py:188} INFO - [2024-02-29T18:22:34.795+0530] {dag.py:3823} INFO - Setting next_dagrun for tutorial_objectstorage to None, run_after=None
[2024-02-29T18:22:34.839+0530] {processor.py:183} INFO - Processing /home/arun/.local/lib/python3.10/site-packages/airflow/example_dags/tutorial_objectstorage.py took 0.124 seconds
[2024-02-29T18:23:29.919+0530] {processor.py:161} INFO - Started process (PID=5800) to work on /home/arun/.local/lib/python3.10/site-packages/airflow/example_dags/tutorial_objectstorage.py
[2024-02-29T18:23:29.921+0530] {processor.py:830} INFO - Processing file /home/arun/.local/lib/python3.10/site-packages/airflow/example_dags/tutorial_objectstorage.py for tasks to queue
[2024-02-29T18:23:29.923+0530] {logging_mixin.py:188} INFO - [2024-02-29T18:23:29.922+0530] {dagbag.py:538} INFO - Filling up the DagBag from /home/arun/.local/lib/python3.10/site-packages/airflow/example_dags/tutorial_objectstorage.py
[2024-02-29T18:23:29.934+0530] {processor.py:840} INFO - DAG(s) 'tutorial_objectstorage' retrieved from /home/arun/.local/lib/python3.10/site-packages/airflow/example_dags/tutorial_objectstorage.py
[2024-02-29T18:23:29.954+0530] {logging_mixin.py:188} INFO - [2024-02-29T18:23:29.953+0530] {dag.py:3036} INFO - Sync 1 DAGs
[2024-02-29T18:23:29.970+0530] {logging_mixin.py:188} INFO - [2024-02-29T18:23:29.970+0530] {dag.py:3823} INFO - Setting next_dagrun for tutorial_objectstorage to None, run_after=None
[2024-02-29T18:23:30.068+0530] {processor.py:183} INFO - Processing /home/arun/.local/lib/python3.10/site-packages/airflow/example_dags/tutorial_objectstorage.py took 0.153 seconds
[2024-02-29T18:24:18.560+0530] {processor.py:161} INFO - Started process (PID=5890) to work on /home/arun/.local/lib/python3.10/site-packages/airflow/example_dags/tutorial_objectstorage.py
[2024-02-29T18:24:18.561+0530] {processor.py:830} INFO - Processing file /home/arun/.local/lib/python3.10/site-packages/airflow/example_dags/tutorial_objectstorage.py for tasks to queue
[2024-02-29T18:24:18.563+0530] {logging_mixin.py:188} INFO - [2024-02-29T18:24:18.562+0530] {dagbag.py:538} INFO - Filling up the DagBag from /home/arun/.local/lib/python3.10/site-packages/airflow/example_dags/tutorial_objectstorage.py
[2024-02-29T18:24:18.573+0530] {processor.py:840} INFO - DAG(s) 'tutorial_objectstorage' retrieved from /home/arun/.local/lib/python3.10/site-packages/airflow/example_dags/tutorial_objectstorage.py
[2024-02-29T18:24:18.592+0530] {logging_mixin.py:188} INFO - [2024-02-29T18:24:18.592+0530] {dag.py:3036} INFO - Sync 1 DAGs
[2024-02-29T18:24:18.608+0530] {logging_mixin.py:188} INFO - [2024-02-29T18:24:18.607+0530] {dag.py:3823} INFO - Setting next_dagrun for tutorial_objectstorage to None, run_after=None
[2024-02-29T18:24:18.644+0530] {processor.py:183} INFO - Processing /home/arun/.local/lib/python3.10/site-packages/airflow/example_dags/tutorial_objectstorage.py took 0.088 seconds
[2024-02-29T18:25:08.519+0530] {processor.py:161} INFO - Started process (PID=5966) to work on /home/arun/.local/lib/python3.10/site-packages/airflow/example_dags/tutorial_objectstorage.py
[2024-02-29T18:25:08.521+0530] {processor.py:830} INFO - Processing file /home/arun/.local/lib/python3.10/site-packages/airflow/example_dags/tutorial_objectstorage.py for tasks to queue
[2024-02-29T18:25:08.521+0530] {logging_mixin.py:188} INFO - [2024-02-29T18:25:08.521+0530] {dagbag.py:538} INFO - Filling up the DagBag from /home/arun/.local/lib/python3.10/site-packages/airflow/example_dags/tutorial_objectstorage.py
[2024-02-29T18:25:08.531+0530] {processor.py:840} INFO - DAG(s) 'tutorial_objectstorage' retrieved from /home/arun/.local/lib/python3.10/site-packages/airflow/example_dags/tutorial_objectstorage.py
[2024-02-29T18:25:08.548+0530] {logging_mixin.py:188} INFO - [2024-02-29T18:25:08.548+0530] {dag.py:3036} INFO - Sync 1 DAGs
[2024-02-29T18:25:08.562+0530] {logging_mixin.py:188} INFO - [2024-02-29T18:25:08.562+0530] {dag.py:3823} INFO - Setting next_dagrun for tutorial_objectstorage to None, run_after=None
[2024-02-29T18:25:08.596+0530] {processor.py:183} INFO - Processing /home/arun/.local/lib/python3.10/site-packages/airflow/example_dags/tutorial_objectstorage.py took 0.080 seconds
[2024-02-29T18:25:56.565+0530] {processor.py:161} INFO - Started process (PID=6042) to work on /home/arun/.local/lib/python3.10/site-packages/airflow/example_dags/tutorial_objectstorage.py
[2024-02-29T18:25:56.568+0530] {processor.py:830} INFO - Processing file /home/arun/.local/lib/python3.10/site-packages/airflow/example_dags/tutorial_objectstorage.py for tasks to queue
[2024-02-29T18:25:56.569+0530] {logging_mixin.py:188} INFO - [2024-02-29T18:25:56.569+0530] {dagbag.py:538} INFO - Filling up the DagBag from /home/arun/.local/lib/python3.10/site-packages/airflow/example_dags/tutorial_objectstorage.py
[2024-02-29T18:25:56.581+0530] {processor.py:840} INFO - DAG(s) 'tutorial_objectstorage' retrieved from /home/arun/.local/lib/python3.10/site-packages/airflow/example_dags/tutorial_objectstorage.py
[2024-02-29T18:25:56.601+0530] {logging_mixin.py:188} INFO - [2024-02-29T18:25:56.601+0530] {dag.py:3036} INFO - Sync 1 DAGs
[2024-02-29T18:25:56.617+0530] {logging_mixin.py:188} INFO - [2024-02-29T18:25:56.617+0530] {dag.py:3823} INFO - Setting next_dagrun for tutorial_objectstorage to None, run_after=None
[2024-02-29T18:25:56.669+0530] {processor.py:183} INFO - Processing /home/arun/.local/lib/python3.10/site-packages/airflow/example_dags/tutorial_objectstorage.py took 0.110 seconds
[2024-02-29T18:26:43.197+0530] {processor.py:161} INFO - Started process (PID=6113) to work on /home/arun/.local/lib/python3.10/site-packages/airflow/example_dags/tutorial_objectstorage.py
[2024-02-29T18:26:43.199+0530] {processor.py:830} INFO - Processing file /home/arun/.local/lib/python3.10/site-packages/airflow/example_dags/tutorial_objectstorage.py for tasks to queue
[2024-02-29T18:26:43.200+0530] {logging_mixin.py:188} INFO - [2024-02-29T18:26:43.200+0530] {dagbag.py:538} INFO - Filling up the DagBag from /home/arun/.local/lib/python3.10/site-packages/airflow/example_dags/tutorial_objectstorage.py
[2024-02-29T18:26:43.213+0530] {processor.py:840} INFO - DAG(s) 'tutorial_objectstorage' retrieved from /home/arun/.local/lib/python3.10/site-packages/airflow/example_dags/tutorial_objectstorage.py
[2024-02-29T18:26:43.237+0530] {logging_mixin.py:188} INFO - [2024-02-29T18:26:43.236+0530] {dag.py:3036} INFO - Sync 1 DAGs
[2024-02-29T18:26:43.258+0530] {logging_mixin.py:188} INFO - [2024-02-29T18:26:43.258+0530] {dag.py:3823} INFO - Setting next_dagrun for tutorial_objectstorage to None, run_after=None
[2024-02-29T18:26:43.302+0530] {processor.py:183} INFO - Processing /home/arun/.local/lib/python3.10/site-packages/airflow/example_dags/tutorial_objectstorage.py took 0.110 seconds
[2024-02-29T18:27:50.252+0530] {processor.py:161} INFO - Started process (PID=6229) to work on /home/arun/.local/lib/python3.10/site-packages/airflow/example_dags/tutorial_objectstorage.py
[2024-02-29T18:27:50.265+0530] {processor.py:830} INFO - Processing file /home/arun/.local/lib/python3.10/site-packages/airflow/example_dags/tutorial_objectstorage.py for tasks to queue
[2024-02-29T18:27:50.266+0530] {logging_mixin.py:188} INFO - [2024-02-29T18:27:50.265+0530] {dagbag.py:538} INFO - Filling up the DagBag from /home/arun/.local/lib/python3.10/site-packages/airflow/example_dags/tutorial_objectstorage.py
[2024-02-29T18:27:50.276+0530] {processor.py:840} INFO - DAG(s) 'tutorial_objectstorage' retrieved from /home/arun/.local/lib/python3.10/site-packages/airflow/example_dags/tutorial_objectstorage.py
[2024-02-29T18:27:50.295+0530] {logging_mixin.py:188} INFO - [2024-02-29T18:27:50.294+0530] {dag.py:3036} INFO - Sync 1 DAGs
[2024-02-29T18:27:50.308+0530] {logging_mixin.py:188} INFO - [2024-02-29T18:27:50.308+0530] {dag.py:3823} INFO - Setting next_dagrun for tutorial_objectstorage to None, run_after=None
[2024-02-29T18:27:50.417+0530] {processor.py:183} INFO - Processing /home/arun/.local/lib/python3.10/site-packages/airflow/example_dags/tutorial_objectstorage.py took 0.170 seconds
[2024-02-29T18:28:32.330+0530] {processor.py:161} INFO - Started process (PID=6297) to work on /home/arun/.local/lib/python3.10/site-packages/airflow/example_dags/tutorial_objectstorage.py
[2024-02-29T18:28:32.333+0530] {processor.py:830} INFO - Processing file /home/arun/.local/lib/python3.10/site-packages/airflow/example_dags/tutorial_objectstorage.py for tasks to queue
[2024-02-29T18:28:32.334+0530] {logging_mixin.py:188} INFO - [2024-02-29T18:28:32.333+0530] {dagbag.py:538} INFO - Filling up the DagBag from /home/arun/.local/lib/python3.10/site-packages/airflow/example_dags/tutorial_objectstorage.py
[2024-02-29T18:28:32.343+0530] {processor.py:840} INFO - DAG(s) 'tutorial_objectstorage' retrieved from /home/arun/.local/lib/python3.10/site-packages/airflow/example_dags/tutorial_objectstorage.py
[2024-02-29T18:28:32.360+0530] {logging_mixin.py:188} INFO - [2024-02-29T18:28:32.360+0530] {dag.py:3036} INFO - Sync 1 DAGs
[2024-02-29T18:28:32.375+0530] {logging_mixin.py:188} INFO - [2024-02-29T18:28:32.374+0530] {dag.py:3823} INFO - Setting next_dagrun for tutorial_objectstorage to None, run_after=None
[2024-02-29T18:28:32.426+0530] {processor.py:183} INFO - Processing /home/arun/.local/lib/python3.10/site-packages/airflow/example_dags/tutorial_objectstorage.py took 0.099 seconds
[2024-02-29T18:29:07.327+0530] {processor.py:161} INFO - Started process (PID=6356) to work on /home/arun/.local/lib/python3.10/site-packages/airflow/example_dags/tutorial_objectstorage.py
[2024-02-29T18:29:07.401+0530] {processor.py:830} INFO - Processing file /home/arun/.local/lib/python3.10/site-packages/airflow/example_dags/tutorial_objectstorage.py for tasks to queue
[2024-02-29T18:29:07.402+0530] {logging_mixin.py:188} INFO - [2024-02-29T18:29:07.402+0530] {dagbag.py:538} INFO - Filling up the DagBag from /home/arun/.local/lib/python3.10/site-packages/airflow/example_dags/tutorial_objectstorage.py
[2024-02-29T18:29:07.410+0530] {processor.py:840} INFO - DAG(s) 'tutorial_objectstorage' retrieved from /home/arun/.local/lib/python3.10/site-packages/airflow/example_dags/tutorial_objectstorage.py
[2024-02-29T18:29:07.422+0530] {logging_mixin.py:188} INFO - [2024-02-29T18:29:07.422+0530] {dag.py:3036} INFO - Sync 1 DAGs
[2024-02-29T18:29:07.433+0530] {logging_mixin.py:188} INFO - [2024-02-29T18:29:07.432+0530] {dag.py:3823} INFO - Setting next_dagrun for tutorial_objectstorage to None, run_after=None
[2024-02-29T18:29:07.456+0530] {processor.py:183} INFO - Processing /home/arun/.local/lib/python3.10/site-packages/airflow/example_dags/tutorial_objectstorage.py took 0.134 seconds
[2024-02-29T18:30:06.187+0530] {processor.py:161} INFO - Started process (PID=6461) to work on /home/arun/.local/lib/python3.10/site-packages/airflow/example_dags/tutorial_objectstorage.py
[2024-02-29T18:30:06.190+0530] {processor.py:830} INFO - Processing file /home/arun/.local/lib/python3.10/site-packages/airflow/example_dags/tutorial_objectstorage.py for tasks to queue
[2024-02-29T18:30:06.192+0530] {logging_mixin.py:188} INFO - [2024-02-29T18:30:06.191+0530] {dagbag.py:538} INFO - Filling up the DagBag from /home/arun/.local/lib/python3.10/site-packages/airflow/example_dags/tutorial_objectstorage.py
[2024-02-29T18:30:06.210+0530] {processor.py:840} INFO - DAG(s) 'tutorial_objectstorage' retrieved from /home/arun/.local/lib/python3.10/site-packages/airflow/example_dags/tutorial_objectstorage.py
[2024-02-29T18:30:06.265+0530] {logging_mixin.py:188} INFO - [2024-02-29T18:30:06.264+0530] {dag.py:3036} INFO - Sync 1 DAGs
[2024-02-29T18:30:06.286+0530] {logging_mixin.py:188} INFO - [2024-02-29T18:30:06.286+0530] {dag.py:3823} INFO - Setting next_dagrun for tutorial_objectstorage to None, run_after=None
[2024-02-29T18:30:06.326+0530] {processor.py:183} INFO - Processing /home/arun/.local/lib/python3.10/site-packages/airflow/example_dags/tutorial_objectstorage.py took 0.146 seconds
[2024-02-29T18:31:04.312+0530] {processor.py:161} INFO - Started process (PID=6549) to work on /home/arun/.local/lib/python3.10/site-packages/airflow/example_dags/tutorial_objectstorage.py
[2024-02-29T18:31:04.313+0530] {processor.py:830} INFO - Processing file /home/arun/.local/lib/python3.10/site-packages/airflow/example_dags/tutorial_objectstorage.py for tasks to queue
[2024-02-29T18:31:04.314+0530] {logging_mixin.py:188} INFO - [2024-02-29T18:31:04.314+0530] {dagbag.py:538} INFO - Filling up the DagBag from /home/arun/.local/lib/python3.10/site-packages/airflow/example_dags/tutorial_objectstorage.py
[2024-02-29T18:31:04.324+0530] {processor.py:840} INFO - DAG(s) 'tutorial_objectstorage' retrieved from /home/arun/.local/lib/python3.10/site-packages/airflow/example_dags/tutorial_objectstorage.py
[2024-02-29T18:31:04.366+0530] {logging_mixin.py:188} INFO - [2024-02-29T18:31:04.365+0530] {dag.py:3036} INFO - Sync 1 DAGs
[2024-02-29T18:31:04.413+0530] {logging_mixin.py:188} INFO - [2024-02-29T18:31:04.413+0530] {dag.py:3823} INFO - Setting next_dagrun for tutorial_objectstorage to None, run_after=None
[2024-02-29T18:31:04.460+0530] {processor.py:183} INFO - Processing /home/arun/.local/lib/python3.10/site-packages/airflow/example_dags/tutorial_objectstorage.py took 0.152 seconds
[2024-02-29T18:31:55.727+0530] {processor.py:161} INFO - Started process (PID=6632) to work on /home/arun/.local/lib/python3.10/site-packages/airflow/example_dags/tutorial_objectstorage.py
[2024-02-29T18:31:55.728+0530] {processor.py:830} INFO - Processing file /home/arun/.local/lib/python3.10/site-packages/airflow/example_dags/tutorial_objectstorage.py for tasks to queue
[2024-02-29T18:31:55.729+0530] {logging_mixin.py:188} INFO - [2024-02-29T18:31:55.729+0530] {dagbag.py:538} INFO - Filling up the DagBag from /home/arun/.local/lib/python3.10/site-packages/airflow/example_dags/tutorial_objectstorage.py
[2024-02-29T18:31:55.738+0530] {processor.py:840} INFO - DAG(s) 'tutorial_objectstorage' retrieved from /home/arun/.local/lib/python3.10/site-packages/airflow/example_dags/tutorial_objectstorage.py
[2024-02-29T18:31:55.754+0530] {logging_mixin.py:188} INFO - [2024-02-29T18:31:55.754+0530] {dag.py:3036} INFO - Sync 1 DAGs
[2024-02-29T18:31:55.768+0530] {logging_mixin.py:188} INFO - [2024-02-29T18:31:55.768+0530] {dag.py:3823} INFO - Setting next_dagrun for tutorial_objectstorage to None, run_after=None
[2024-02-29T18:31:55.800+0530] {processor.py:183} INFO - Processing /home/arun/.local/lib/python3.10/site-packages/airflow/example_dags/tutorial_objectstorage.py took 0.077 seconds
[2024-02-29T18:32:43.924+0530] {processor.py:161} INFO - Started process (PID=6715) to work on /home/arun/.local/lib/python3.10/site-packages/airflow/example_dags/tutorial_objectstorage.py
[2024-02-29T18:32:43.978+0530] {processor.py:830} INFO - Processing file /home/arun/.local/lib/python3.10/site-packages/airflow/example_dags/tutorial_objectstorage.py for tasks to queue
[2024-02-29T18:32:43.979+0530] {logging_mixin.py:188} INFO - [2024-02-29T18:32:43.979+0530] {dagbag.py:538} INFO - Filling up the DagBag from /home/arun/.local/lib/python3.10/site-packages/airflow/example_dags/tutorial_objectstorage.py
[2024-02-29T18:32:43.990+0530] {processor.py:840} INFO - DAG(s) 'tutorial_objectstorage' retrieved from /home/arun/.local/lib/python3.10/site-packages/airflow/example_dags/tutorial_objectstorage.py
[2024-02-29T18:32:44.013+0530] {logging_mixin.py:188} INFO - [2024-02-29T18:32:44.013+0530] {dag.py:3036} INFO - Sync 1 DAGs
[2024-02-29T18:32:44.031+0530] {logging_mixin.py:188} INFO - [2024-02-29T18:32:44.031+0530] {dag.py:3823} INFO - Setting next_dagrun for tutorial_objectstorage to None, run_after=None
[2024-02-29T18:32:44.075+0530] {processor.py:183} INFO - Processing /home/arun/.local/lib/python3.10/site-packages/airflow/example_dags/tutorial_objectstorage.py took 0.154 seconds
[2024-02-29T18:33:41.491+0530] {processor.py:161} INFO - Started process (PID=6804) to work on /home/arun/.local/lib/python3.10/site-packages/airflow/example_dags/tutorial_objectstorage.py
[2024-02-29T18:33:41.495+0530] {processor.py:830} INFO - Processing file /home/arun/.local/lib/python3.10/site-packages/airflow/example_dags/tutorial_objectstorage.py for tasks to queue
[2024-02-29T18:33:41.497+0530] {logging_mixin.py:188} INFO - [2024-02-29T18:33:41.496+0530] {dagbag.py:538} INFO - Filling up the DagBag from /home/arun/.local/lib/python3.10/site-packages/airflow/example_dags/tutorial_objectstorage.py
[2024-02-29T18:33:41.517+0530] {processor.py:840} INFO - DAG(s) 'tutorial_objectstorage' retrieved from /home/arun/.local/lib/python3.10/site-packages/airflow/example_dags/tutorial_objectstorage.py
[2024-02-29T18:33:41.593+0530] {logging_mixin.py:188} INFO - [2024-02-29T18:33:41.592+0530] {dag.py:3036} INFO - Sync 1 DAGs
[2024-02-29T18:33:41.619+0530] {logging_mixin.py:188} INFO - [2024-02-29T18:33:41.619+0530] {dag.py:3823} INFO - Setting next_dagrun for tutorial_objectstorage to None, run_after=None
[2024-02-29T18:33:41.679+0530] {processor.py:183} INFO - Processing /home/arun/.local/lib/python3.10/site-packages/airflow/example_dags/tutorial_objectstorage.py took 0.195 seconds
[2024-02-29T18:34:33.775+0530] {processor.py:161} INFO - Started process (PID=6888) to work on /home/arun/.local/lib/python3.10/site-packages/airflow/example_dags/tutorial_objectstorage.py
[2024-02-29T18:34:33.776+0530] {processor.py:830} INFO - Processing file /home/arun/.local/lib/python3.10/site-packages/airflow/example_dags/tutorial_objectstorage.py for tasks to queue
[2024-02-29T18:34:33.777+0530] {logging_mixin.py:188} INFO - [2024-02-29T18:34:33.777+0530] {dagbag.py:538} INFO - Filling up the DagBag from /home/arun/.local/lib/python3.10/site-packages/airflow/example_dags/tutorial_objectstorage.py
[2024-02-29T18:34:33.789+0530] {processor.py:840} INFO - DAG(s) 'tutorial_objectstorage' retrieved from /home/arun/.local/lib/python3.10/site-packages/airflow/example_dags/tutorial_objectstorage.py
[2024-02-29T18:34:33.809+0530] {logging_mixin.py:188} INFO - [2024-02-29T18:34:33.809+0530] {dag.py:3036} INFO - Sync 1 DAGs
[2024-02-29T18:34:33.825+0530] {logging_mixin.py:188} INFO - [2024-02-29T18:34:33.825+0530] {dag.py:3823} INFO - Setting next_dagrun for tutorial_objectstorage to None, run_after=None
[2024-02-29T18:34:33.876+0530] {processor.py:183} INFO - Processing /home/arun/.local/lib/python3.10/site-packages/airflow/example_dags/tutorial_objectstorage.py took 0.105 seconds
[2024-02-29T18:35:26.698+0530] {processor.py:161} INFO - Started process (PID=6974) to work on /home/arun/.local/lib/python3.10/site-packages/airflow/example_dags/tutorial_objectstorage.py
[2024-02-29T18:35:26.705+0530] {processor.py:830} INFO - Processing file /home/arun/.local/lib/python3.10/site-packages/airflow/example_dags/tutorial_objectstorage.py for tasks to queue
[2024-02-29T18:35:26.708+0530] {logging_mixin.py:188} INFO - [2024-02-29T18:35:26.707+0530] {dagbag.py:538} INFO - Filling up the DagBag from /home/arun/.local/lib/python3.10/site-packages/airflow/example_dags/tutorial_objectstorage.py
[2024-02-29T18:35:26.756+0530] {processor.py:840} INFO - DAG(s) 'tutorial_objectstorage' retrieved from /home/arun/.local/lib/python3.10/site-packages/airflow/example_dags/tutorial_objectstorage.py
[2024-02-29T18:35:26.833+0530] {logging_mixin.py:188} INFO - [2024-02-29T18:35:26.833+0530] {dag.py:3036} INFO - Sync 1 DAGs
[2024-02-29T18:35:26.859+0530] {logging_mixin.py:188} INFO - [2024-02-29T18:35:26.858+0530] {dag.py:3823} INFO - Setting next_dagrun for tutorial_objectstorage to None, run_after=None
[2024-02-29T18:35:26.926+0530] {processor.py:183} INFO - Processing /home/arun/.local/lib/python3.10/site-packages/airflow/example_dags/tutorial_objectstorage.py took 0.241 seconds
[2024-02-29T18:36:24.999+0530] {processor.py:161} INFO - Started process (PID=7063) to work on /home/arun/.local/lib/python3.10/site-packages/airflow/example_dags/tutorial_objectstorage.py
[2024-02-29T18:36:25.036+0530] {processor.py:830} INFO - Processing file /home/arun/.local/lib/python3.10/site-packages/airflow/example_dags/tutorial_objectstorage.py for tasks to queue
[2024-02-29T18:36:25.039+0530] {logging_mixin.py:188} INFO - [2024-02-29T18:36:25.038+0530] {dagbag.py:538} INFO - Filling up the DagBag from /home/arun/.local/lib/python3.10/site-packages/airflow/example_dags/tutorial_objectstorage.py
[2024-02-29T18:36:25.054+0530] {processor.py:840} INFO - DAG(s) 'tutorial_objectstorage' retrieved from /home/arun/.local/lib/python3.10/site-packages/airflow/example_dags/tutorial_objectstorage.py
[2024-02-29T18:36:25.089+0530] {logging_mixin.py:188} INFO - [2024-02-29T18:36:25.089+0530] {dag.py:3036} INFO - Sync 1 DAGs
[2024-02-29T18:36:25.116+0530] {logging_mixin.py:188} INFO - [2024-02-29T18:36:25.115+0530] {dag.py:3823} INFO - Setting next_dagrun for tutorial_objectstorage to None, run_after=None
[2024-02-29T18:36:25.189+0530] {processor.py:183} INFO - Processing /home/arun/.local/lib/python3.10/site-packages/airflow/example_dags/tutorial_objectstorage.py took 0.197 seconds
[2024-02-29T18:37:30.591+0530] {processor.py:161} INFO - Started process (PID=7159) to work on /home/arun/.local/lib/python3.10/site-packages/airflow/example_dags/tutorial_objectstorage.py
[2024-02-29T18:37:30.593+0530] {processor.py:830} INFO - Processing file /home/arun/.local/lib/python3.10/site-packages/airflow/example_dags/tutorial_objectstorage.py for tasks to queue
[2024-02-29T18:37:30.594+0530] {logging_mixin.py:188} INFO - [2024-02-29T18:37:30.594+0530] {dagbag.py:538} INFO - Filling up the DagBag from /home/arun/.local/lib/python3.10/site-packages/airflow/example_dags/tutorial_objectstorage.py
[2024-02-29T18:37:30.606+0530] {processor.py:840} INFO - DAG(s) 'tutorial_objectstorage' retrieved from /home/arun/.local/lib/python3.10/site-packages/airflow/example_dags/tutorial_objectstorage.py
[2024-02-29T18:37:30.635+0530] {logging_mixin.py:188} INFO - [2024-02-29T18:37:30.635+0530] {dag.py:3036} INFO - Sync 1 DAGs
[2024-02-29T18:37:30.669+0530] {logging_mixin.py:188} INFO - [2024-02-29T18:37:30.668+0530] {dag.py:3823} INFO - Setting next_dagrun for tutorial_objectstorage to None, run_after=None
[2024-02-29T18:37:30.730+0530] {processor.py:183} INFO - Processing /home/arun/.local/lib/python3.10/site-packages/airflow/example_dags/tutorial_objectstorage.py took 0.142 seconds
[2024-02-29T18:38:27.892+0530] {processor.py:161} INFO - Started process (PID=7336) to work on /home/arun/.local/lib/python3.10/site-packages/airflow/example_dags/tutorial_objectstorage.py
[2024-02-29T18:38:27.894+0530] {processor.py:830} INFO - Processing file /home/arun/.local/lib/python3.10/site-packages/airflow/example_dags/tutorial_objectstorage.py for tasks to queue
[2024-02-29T18:38:27.895+0530] {logging_mixin.py:188} INFO - [2024-02-29T18:38:27.894+0530] {dagbag.py:538} INFO - Filling up the DagBag from /home/arun/.local/lib/python3.10/site-packages/airflow/example_dags/tutorial_objectstorage.py
[2024-02-29T18:38:27.903+0530] {processor.py:840} INFO - DAG(s) 'tutorial_objectstorage' retrieved from /home/arun/.local/lib/python3.10/site-packages/airflow/example_dags/tutorial_objectstorage.py
[2024-02-29T18:38:27.921+0530] {logging_mixin.py:188} INFO - [2024-02-29T18:38:27.921+0530] {dag.py:3036} INFO - Sync 1 DAGs
[2024-02-29T18:38:27.935+0530] {logging_mixin.py:188} INFO - [2024-02-29T18:38:27.935+0530] {dag.py:3823} INFO - Setting next_dagrun for tutorial_objectstorage to None, run_after=None
[2024-02-29T18:38:27.969+0530] {processor.py:183} INFO - Processing /home/arun/.local/lib/python3.10/site-packages/airflow/example_dags/tutorial_objectstorage.py took 0.079 seconds
[2024-02-29T18:39:26.606+0530] {processor.py:161} INFO - Started process (PID=7426) to work on /home/arun/.local/lib/python3.10/site-packages/airflow/example_dags/tutorial_objectstorage.py
[2024-02-29T18:39:26.610+0530] {processor.py:830} INFO - Processing file /home/arun/.local/lib/python3.10/site-packages/airflow/example_dags/tutorial_objectstorage.py for tasks to queue
[2024-02-29T18:39:26.614+0530] {logging_mixin.py:188} INFO - [2024-02-29T18:39:26.613+0530] {dagbag.py:538} INFO - Filling up the DagBag from /home/arun/.local/lib/python3.10/site-packages/airflow/example_dags/tutorial_objectstorage.py
[2024-02-29T18:39:26.643+0530] {processor.py:840} INFO - DAG(s) 'tutorial_objectstorage' retrieved from /home/arun/.local/lib/python3.10/site-packages/airflow/example_dags/tutorial_objectstorage.py
[2024-02-29T18:39:26.711+0530] {logging_mixin.py:188} INFO - [2024-02-29T18:39:26.711+0530] {dag.py:3036} INFO - Sync 1 DAGs
[2024-02-29T18:39:26.758+0530] {logging_mixin.py:188} INFO - [2024-02-29T18:39:26.757+0530] {dag.py:3823} INFO - Setting next_dagrun for tutorial_objectstorage to None, run_after=None
[2024-02-29T18:39:26.804+0530] {processor.py:183} INFO - Processing /home/arun/.local/lib/python3.10/site-packages/airflow/example_dags/tutorial_objectstorage.py took 0.207 seconds
[2024-02-29T18:40:24.317+0530] {processor.py:161} INFO - Started process (PID=7516) to work on /home/arun/.local/lib/python3.10/site-packages/airflow/example_dags/tutorial_objectstorage.py
[2024-02-29T18:40:24.320+0530] {processor.py:830} INFO - Processing file /home/arun/.local/lib/python3.10/site-packages/airflow/example_dags/tutorial_objectstorage.py for tasks to queue
[2024-02-29T18:40:24.321+0530] {logging_mixin.py:188} INFO - [2024-02-29T18:40:24.320+0530] {dagbag.py:538} INFO - Filling up the DagBag from /home/arun/.local/lib/python3.10/site-packages/airflow/example_dags/tutorial_objectstorage.py
[2024-02-29T18:40:24.330+0530] {processor.py:840} INFO - DAG(s) 'tutorial_objectstorage' retrieved from /home/arun/.local/lib/python3.10/site-packages/airflow/example_dags/tutorial_objectstorage.py
[2024-02-29T18:40:24.346+0530] {logging_mixin.py:188} INFO - [2024-02-29T18:40:24.346+0530] {dag.py:3036} INFO - Sync 1 DAGs
[2024-02-29T18:40:24.359+0530] {logging_mixin.py:188} INFO - [2024-02-29T18:40:24.359+0530] {dag.py:3823} INFO - Setting next_dagrun for tutorial_objectstorage to None, run_after=None
[2024-02-29T18:40:24.386+0530] {processor.py:183} INFO - Processing /home/arun/.local/lib/python3.10/site-packages/airflow/example_dags/tutorial_objectstorage.py took 0.073 seconds
[2024-02-29T18:41:19.000+0530] {processor.py:161} INFO - Started process (PID=7603) to work on /home/arun/.local/lib/python3.10/site-packages/airflow/example_dags/tutorial_objectstorage.py
[2024-02-29T18:41:19.002+0530] {processor.py:830} INFO - Processing file /home/arun/.local/lib/python3.10/site-packages/airflow/example_dags/tutorial_objectstorage.py for tasks to queue
[2024-02-29T18:41:19.002+0530] {logging_mixin.py:188} INFO - [2024-02-29T18:41:19.002+0530] {dagbag.py:538} INFO - Filling up the DagBag from /home/arun/.local/lib/python3.10/site-packages/airflow/example_dags/tutorial_objectstorage.py
[2024-02-29T18:41:19.010+0530] {processor.py:840} INFO - DAG(s) 'tutorial_objectstorage' retrieved from /home/arun/.local/lib/python3.10/site-packages/airflow/example_dags/tutorial_objectstorage.py
[2024-02-29T18:41:19.027+0530] {logging_mixin.py:188} INFO - [2024-02-29T18:41:19.027+0530] {dag.py:3036} INFO - Sync 1 DAGs
[2024-02-29T18:41:19.044+0530] {logging_mixin.py:188} INFO - [2024-02-29T18:41:19.044+0530] {dag.py:3823} INFO - Setting next_dagrun for tutorial_objectstorage to None, run_after=None
[2024-02-29T18:41:19.082+0530] {processor.py:183} INFO - Processing /home/arun/.local/lib/python3.10/site-packages/airflow/example_dags/tutorial_objectstorage.py took 0.085 seconds
[2024-02-29T18:42:15.818+0530] {processor.py:161} INFO - Started process (PID=7706) to work on /home/arun/.local/lib/python3.10/site-packages/airflow/example_dags/tutorial_objectstorage.py
[2024-02-29T18:42:15.820+0530] {processor.py:830} INFO - Processing file /home/arun/.local/lib/python3.10/site-packages/airflow/example_dags/tutorial_objectstorage.py for tasks to queue
[2024-02-29T18:42:15.821+0530] {logging_mixin.py:188} INFO - [2024-02-29T18:42:15.821+0530] {dagbag.py:538} INFO - Filling up the DagBag from /home/arun/.local/lib/python3.10/site-packages/airflow/example_dags/tutorial_objectstorage.py
[2024-02-29T18:42:15.831+0530] {processor.py:840} INFO - DAG(s) 'tutorial_objectstorage' retrieved from /home/arun/.local/lib/python3.10/site-packages/airflow/example_dags/tutorial_objectstorage.py
[2024-02-29T18:42:15.851+0530] {logging_mixin.py:188} INFO - [2024-02-29T18:42:15.850+0530] {dag.py:3036} INFO - Sync 1 DAGs
[2024-02-29T18:42:15.865+0530] {logging_mixin.py:188} INFO - [2024-02-29T18:42:15.865+0530] {dag.py:3823} INFO - Setting next_dagrun for tutorial_objectstorage to None, run_after=None
[2024-02-29T18:42:15.897+0530] {processor.py:183} INFO - Processing /home/arun/.local/lib/python3.10/site-packages/airflow/example_dags/tutorial_objectstorage.py took 0.082 seconds
[2024-02-29T18:43:18.685+0530] {processor.py:161} INFO - Started process (PID=7801) to work on /home/arun/.local/lib/python3.10/site-packages/airflow/example_dags/tutorial_objectstorage.py
[2024-02-29T18:43:18.686+0530] {processor.py:830} INFO - Processing file /home/arun/.local/lib/python3.10/site-packages/airflow/example_dags/tutorial_objectstorage.py for tasks to queue
[2024-02-29T18:43:18.688+0530] {logging_mixin.py:188} INFO - [2024-02-29T18:43:18.687+0530] {dagbag.py:538} INFO - Filling up the DagBag from /home/arun/.local/lib/python3.10/site-packages/airflow/example_dags/tutorial_objectstorage.py
[2024-02-29T18:43:18.699+0530] {processor.py:840} INFO - DAG(s) 'tutorial_objectstorage' retrieved from /home/arun/.local/lib/python3.10/site-packages/airflow/example_dags/tutorial_objectstorage.py
[2024-02-29T18:43:18.718+0530] {logging_mixin.py:188} INFO - [2024-02-29T18:43:18.718+0530] {dag.py:3036} INFO - Sync 1 DAGs
[2024-02-29T18:43:18.731+0530] {logging_mixin.py:188} INFO - [2024-02-29T18:43:18.731+0530] {dag.py:3823} INFO - Setting next_dagrun for tutorial_objectstorage to None, run_after=None
[2024-02-29T18:43:18.758+0530] {processor.py:183} INFO - Processing /home/arun/.local/lib/python3.10/site-packages/airflow/example_dags/tutorial_objectstorage.py took 0.077 seconds
[2024-02-29T18:44:21.478+0530] {processor.py:161} INFO - Started process (PID=7911) to work on /home/arun/.local/lib/python3.10/site-packages/airflow/example_dags/tutorial_objectstorage.py
[2024-02-29T18:44:21.482+0530] {processor.py:830} INFO - Processing file /home/arun/.local/lib/python3.10/site-packages/airflow/example_dags/tutorial_objectstorage.py for tasks to queue
[2024-02-29T18:44:21.485+0530] {logging_mixin.py:188} INFO - [2024-02-29T18:44:21.484+0530] {dagbag.py:538} INFO - Filling up the DagBag from /home/arun/.local/lib/python3.10/site-packages/airflow/example_dags/tutorial_objectstorage.py
[2024-02-29T18:44:21.508+0530] {processor.py:840} INFO - DAG(s) 'tutorial_objectstorage' retrieved from /home/arun/.local/lib/python3.10/site-packages/airflow/example_dags/tutorial_objectstorage.py
[2024-02-29T18:44:21.569+0530] {logging_mixin.py:188} INFO - [2024-02-29T18:44:21.568+0530] {dag.py:3036} INFO - Sync 1 DAGs
[2024-02-29T18:44:21.596+0530] {logging_mixin.py:188} INFO - [2024-02-29T18:44:21.595+0530] {dag.py:3823} INFO - Setting next_dagrun for tutorial_objectstorage to None, run_after=None
[2024-02-29T18:44:21.714+0530] {processor.py:183} INFO - Processing /home/arun/.local/lib/python3.10/site-packages/airflow/example_dags/tutorial_objectstorage.py took 0.247 seconds
[2024-02-29T18:45:15.505+0530] {processor.py:161} INFO - Started process (PID=8000) to work on /home/arun/.local/lib/python3.10/site-packages/airflow/example_dags/tutorial_objectstorage.py
[2024-02-29T18:45:15.507+0530] {processor.py:830} INFO - Processing file /home/arun/.local/lib/python3.10/site-packages/airflow/example_dags/tutorial_objectstorage.py for tasks to queue
[2024-02-29T18:45:15.508+0530] {logging_mixin.py:188} INFO - [2024-02-29T18:45:15.507+0530] {dagbag.py:538} INFO - Filling up the DagBag from /home/arun/.local/lib/python3.10/site-packages/airflow/example_dags/tutorial_objectstorage.py
[2024-02-29T18:45:15.517+0530] {processor.py:840} INFO - DAG(s) 'tutorial_objectstorage' retrieved from /home/arun/.local/lib/python3.10/site-packages/airflow/example_dags/tutorial_objectstorage.py
[2024-02-29T18:45:15.536+0530] {logging_mixin.py:188} INFO - [2024-02-29T18:45:15.535+0530] {dag.py:3036} INFO - Sync 1 DAGs
[2024-02-29T18:45:15.550+0530] {logging_mixin.py:188} INFO - [2024-02-29T18:45:15.550+0530] {dag.py:3823} INFO - Setting next_dagrun for tutorial_objectstorage to None, run_after=None
[2024-02-29T18:45:15.584+0530] {processor.py:183} INFO - Processing /home/arun/.local/lib/python3.10/site-packages/airflow/example_dags/tutorial_objectstorage.py took 0.082 seconds
[2024-02-29T18:46:09.471+0530] {processor.py:161} INFO - Started process (PID=8099) to work on /home/arun/.local/lib/python3.10/site-packages/airflow/example_dags/tutorial_objectstorage.py
[2024-02-29T18:46:09.473+0530] {processor.py:830} INFO - Processing file /home/arun/.local/lib/python3.10/site-packages/airflow/example_dags/tutorial_objectstorage.py for tasks to queue
[2024-02-29T18:46:09.474+0530] {logging_mixin.py:188} INFO - [2024-02-29T18:46:09.474+0530] {dagbag.py:538} INFO - Filling up the DagBag from /home/arun/.local/lib/python3.10/site-packages/airflow/example_dags/tutorial_objectstorage.py
[2024-02-29T18:46:09.486+0530] {processor.py:840} INFO - DAG(s) 'tutorial_objectstorage' retrieved from /home/arun/.local/lib/python3.10/site-packages/airflow/example_dags/tutorial_objectstorage.py
[2024-02-29T18:46:09.508+0530] {logging_mixin.py:188} INFO - [2024-02-29T18:46:09.508+0530] {dag.py:3036} INFO - Sync 1 DAGs
[2024-02-29T18:46:09.523+0530] {logging_mixin.py:188} INFO - [2024-02-29T18:46:09.523+0530] {dag.py:3823} INFO - Setting next_dagrun for tutorial_objectstorage to None, run_after=None
[2024-02-29T18:46:09.551+0530] {processor.py:183} INFO - Processing /home/arun/.local/lib/python3.10/site-packages/airflow/example_dags/tutorial_objectstorage.py took 0.085 seconds
[2024-02-29T18:47:02.889+0530] {processor.py:161} INFO - Started process (PID=8184) to work on /home/arun/.local/lib/python3.10/site-packages/airflow/example_dags/tutorial_objectstorage.py
[2024-02-29T18:47:02.891+0530] {processor.py:830} INFO - Processing file /home/arun/.local/lib/python3.10/site-packages/airflow/example_dags/tutorial_objectstorage.py for tasks to queue
[2024-02-29T18:47:02.892+0530] {logging_mixin.py:188} INFO - [2024-02-29T18:47:02.891+0530] {dagbag.py:538} INFO - Filling up the DagBag from /home/arun/.local/lib/python3.10/site-packages/airflow/example_dags/tutorial_objectstorage.py
[2024-02-29T18:47:02.901+0530] {processor.py:840} INFO - DAG(s) 'tutorial_objectstorage' retrieved from /home/arun/.local/lib/python3.10/site-packages/airflow/example_dags/tutorial_objectstorage.py
[2024-02-29T18:47:02.922+0530] {logging_mixin.py:188} INFO - [2024-02-29T18:47:02.922+0530] {dag.py:3036} INFO - Sync 1 DAGs
[2024-02-29T18:47:02.944+0530] {logging_mixin.py:188} INFO - [2024-02-29T18:47:02.944+0530] {dag.py:3823} INFO - Setting next_dagrun for tutorial_objectstorage to None, run_after=None
[2024-02-29T18:47:03.023+0530] {processor.py:183} INFO - Processing /home/arun/.local/lib/python3.10/site-packages/airflow/example_dags/tutorial_objectstorage.py took 0.137 seconds
[2024-02-29T18:47:54.122+0530] {processor.py:161} INFO - Started process (PID=8266) to work on /home/arun/.local/lib/python3.10/site-packages/airflow/example_dags/tutorial_objectstorage.py
[2024-02-29T18:47:54.124+0530] {processor.py:830} INFO - Processing file /home/arun/.local/lib/python3.10/site-packages/airflow/example_dags/tutorial_objectstorage.py for tasks to queue
[2024-02-29T18:47:54.125+0530] {logging_mixin.py:188} INFO - [2024-02-29T18:47:54.125+0530] {dagbag.py:538} INFO - Filling up the DagBag from /home/arun/.local/lib/python3.10/site-packages/airflow/example_dags/tutorial_objectstorage.py
[2024-02-29T18:47:54.136+0530] {processor.py:840} INFO - DAG(s) 'tutorial_objectstorage' retrieved from /home/arun/.local/lib/python3.10/site-packages/airflow/example_dags/tutorial_objectstorage.py
[2024-02-29T18:47:54.156+0530] {logging_mixin.py:188} INFO - [2024-02-29T18:47:54.156+0530] {dag.py:3036} INFO - Sync 1 DAGs
[2024-02-29T18:47:54.173+0530] {logging_mixin.py:188} INFO - [2024-02-29T18:47:54.173+0530] {dag.py:3823} INFO - Setting next_dagrun for tutorial_objectstorage to None, run_after=None
[2024-02-29T18:47:54.211+0530] {processor.py:183} INFO - Processing /home/arun/.local/lib/python3.10/site-packages/airflow/example_dags/tutorial_objectstorage.py took 0.093 seconds
[2024-02-29T18:48:41.814+0530] {processor.py:161} INFO - Started process (PID=8345) to work on /home/arun/.local/lib/python3.10/site-packages/airflow/example_dags/tutorial_objectstorage.py
[2024-02-29T18:48:41.817+0530] {processor.py:830} INFO - Processing file /home/arun/.local/lib/python3.10/site-packages/airflow/example_dags/tutorial_objectstorage.py for tasks to queue
[2024-02-29T18:48:41.819+0530] {logging_mixin.py:188} INFO - [2024-02-29T18:48:41.818+0530] {dagbag.py:538} INFO - Filling up the DagBag from /home/arun/.local/lib/python3.10/site-packages/airflow/example_dags/tutorial_objectstorage.py
[2024-02-29T18:48:41.832+0530] {processor.py:840} INFO - DAG(s) 'tutorial_objectstorage' retrieved from /home/arun/.local/lib/python3.10/site-packages/airflow/example_dags/tutorial_objectstorage.py
[2024-02-29T18:48:41.855+0530] {logging_mixin.py:188} INFO - [2024-02-29T18:48:41.855+0530] {dag.py:3036} INFO - Sync 1 DAGs
[2024-02-29T18:48:41.873+0530] {logging_mixin.py:188} INFO - [2024-02-29T18:48:41.872+0530] {dag.py:3823} INFO - Setting next_dagrun for tutorial_objectstorage to None, run_after=None
[2024-02-29T18:48:41.904+0530] {processor.py:183} INFO - Processing /home/arun/.local/lib/python3.10/site-packages/airflow/example_dags/tutorial_objectstorage.py took 0.094 seconds
[2024-02-29T18:49:26.512+0530] {processor.py:161} INFO - Started process (PID=8418) to work on /home/arun/.local/lib/python3.10/site-packages/airflow/example_dags/tutorial_objectstorage.py
[2024-02-29T18:49:26.513+0530] {processor.py:830} INFO - Processing file /home/arun/.local/lib/python3.10/site-packages/airflow/example_dags/tutorial_objectstorage.py for tasks to queue
[2024-02-29T18:49:26.514+0530] {logging_mixin.py:188} INFO - [2024-02-29T18:49:26.514+0530] {dagbag.py:538} INFO - Filling up the DagBag from /home/arun/.local/lib/python3.10/site-packages/airflow/example_dags/tutorial_objectstorage.py
[2024-02-29T18:49:26.523+0530] {processor.py:840} INFO - DAG(s) 'tutorial_objectstorage' retrieved from /home/arun/.local/lib/python3.10/site-packages/airflow/example_dags/tutorial_objectstorage.py
[2024-02-29T18:49:26.539+0530] {logging_mixin.py:188} INFO - [2024-02-29T18:49:26.539+0530] {dag.py:3036} INFO - Sync 1 DAGs
[2024-02-29T18:49:26.551+0530] {logging_mixin.py:188} INFO - [2024-02-29T18:49:26.551+0530] {dag.py:3823} INFO - Setting next_dagrun for tutorial_objectstorage to None, run_after=None
[2024-02-29T18:49:26.580+0530] {processor.py:183} INFO - Processing /home/arun/.local/lib/python3.10/site-packages/airflow/example_dags/tutorial_objectstorage.py took 0.072 seconds
[2024-02-29T18:50:15.150+0530] {processor.py:161} INFO - Started process (PID=8497) to work on /home/arun/.local/lib/python3.10/site-packages/airflow/example_dags/tutorial_objectstorage.py
[2024-02-29T18:50:15.151+0530] {processor.py:830} INFO - Processing file /home/arun/.local/lib/python3.10/site-packages/airflow/example_dags/tutorial_objectstorage.py for tasks to queue
[2024-02-29T18:50:15.152+0530] {logging_mixin.py:188} INFO - [2024-02-29T18:50:15.152+0530] {dagbag.py:538} INFO - Filling up the DagBag from /home/arun/.local/lib/python3.10/site-packages/airflow/example_dags/tutorial_objectstorage.py
[2024-02-29T18:50:15.159+0530] {processor.py:840} INFO - DAG(s) 'tutorial_objectstorage' retrieved from /home/arun/.local/lib/python3.10/site-packages/airflow/example_dags/tutorial_objectstorage.py
[2024-02-29T18:50:15.172+0530] {logging_mixin.py:188} INFO - [2024-02-29T18:50:15.172+0530] {dag.py:3036} INFO - Sync 1 DAGs
[2024-02-29T18:50:15.183+0530] {logging_mixin.py:188} INFO - [2024-02-29T18:50:15.183+0530] {dag.py:3823} INFO - Setting next_dagrun for tutorial_objectstorage to None, run_after=None
[2024-02-29T18:50:15.208+0530] {processor.py:183} INFO - Processing /home/arun/.local/lib/python3.10/site-packages/airflow/example_dags/tutorial_objectstorage.py took 0.061 seconds
[2024-02-29T18:51:05.475+0530] {processor.py:161} INFO - Started process (PID=8581) to work on /home/arun/.local/lib/python3.10/site-packages/airflow/example_dags/tutorial_objectstorage.py
[2024-02-29T18:51:05.477+0530] {processor.py:830} INFO - Processing file /home/arun/.local/lib/python3.10/site-packages/airflow/example_dags/tutorial_objectstorage.py for tasks to queue
[2024-02-29T18:51:05.479+0530] {logging_mixin.py:188} INFO - [2024-02-29T18:51:05.478+0530] {dagbag.py:538} INFO - Filling up the DagBag from /home/arun/.local/lib/python3.10/site-packages/airflow/example_dags/tutorial_objectstorage.py
[2024-02-29T18:51:05.491+0530] {processor.py:840} INFO - DAG(s) 'tutorial_objectstorage' retrieved from /home/arun/.local/lib/python3.10/site-packages/airflow/example_dags/tutorial_objectstorage.py
[2024-02-29T18:51:05.514+0530] {logging_mixin.py:188} INFO - [2024-02-29T18:51:05.514+0530] {dag.py:3036} INFO - Sync 1 DAGs
[2024-02-29T18:51:05.529+0530] {logging_mixin.py:188} INFO - [2024-02-29T18:51:05.529+0530] {dag.py:3823} INFO - Setting next_dagrun for tutorial_objectstorage to None, run_after=None
[2024-02-29T18:51:05.560+0530] {processor.py:183} INFO - Processing /home/arun/.local/lib/python3.10/site-packages/airflow/example_dags/tutorial_objectstorage.py took 0.090 seconds
[2024-02-29T18:51:58.492+0530] {processor.py:161} INFO - Started process (PID=8757) to work on /home/arun/.local/lib/python3.10/site-packages/airflow/example_dags/tutorial_objectstorage.py
[2024-02-29T18:51:58.494+0530] {processor.py:830} INFO - Processing file /home/arun/.local/lib/python3.10/site-packages/airflow/example_dags/tutorial_objectstorage.py for tasks to queue
[2024-02-29T18:51:58.495+0530] {logging_mixin.py:188} INFO - [2024-02-29T18:51:58.495+0530] {dagbag.py:538} INFO - Filling up the DagBag from /home/arun/.local/lib/python3.10/site-packages/airflow/example_dags/tutorial_objectstorage.py
[2024-02-29T18:51:58.504+0530] {processor.py:840} INFO - DAG(s) 'tutorial_objectstorage' retrieved from /home/arun/.local/lib/python3.10/site-packages/airflow/example_dags/tutorial_objectstorage.py
[2024-02-29T18:51:58.521+0530] {logging_mixin.py:188} INFO - [2024-02-29T18:51:58.520+0530] {dag.py:3036} INFO - Sync 1 DAGs
[2024-02-29T18:51:58.534+0530] {logging_mixin.py:188} INFO - [2024-02-29T18:51:58.534+0530] {dag.py:3823} INFO - Setting next_dagrun for tutorial_objectstorage to None, run_after=None
[2024-02-29T18:51:58.567+0530] {processor.py:183} INFO - Processing /home/arun/.local/lib/python3.10/site-packages/airflow/example_dags/tutorial_objectstorage.py took 0.079 seconds
[2024-02-29T18:52:52.458+0530] {processor.py:161} INFO - Started process (PID=8841) to work on /home/arun/.local/lib/python3.10/site-packages/airflow/example_dags/tutorial_objectstorage.py
[2024-02-29T18:52:52.500+0530] {processor.py:830} INFO - Processing file /home/arun/.local/lib/python3.10/site-packages/airflow/example_dags/tutorial_objectstorage.py for tasks to queue
[2024-02-29T18:52:52.501+0530] {logging_mixin.py:188} INFO - [2024-02-29T18:52:52.501+0530] {dagbag.py:538} INFO - Filling up the DagBag from /home/arun/.local/lib/python3.10/site-packages/airflow/example_dags/tutorial_objectstorage.py
[2024-02-29T18:52:52.509+0530] {processor.py:840} INFO - DAG(s) 'tutorial_objectstorage' retrieved from /home/arun/.local/lib/python3.10/site-packages/airflow/example_dags/tutorial_objectstorage.py
[2024-02-29T18:52:52.525+0530] {logging_mixin.py:188} INFO - [2024-02-29T18:52:52.524+0530] {dag.py:3036} INFO - Sync 1 DAGs
[2024-02-29T18:52:52.538+0530] {logging_mixin.py:188} INFO - [2024-02-29T18:52:52.538+0530] {dag.py:3823} INFO - Setting next_dagrun for tutorial_objectstorage to None, run_after=None
[2024-02-29T18:52:52.569+0530] {processor.py:183} INFO - Processing /home/arun/.local/lib/python3.10/site-packages/airflow/example_dags/tutorial_objectstorage.py took 0.115 seconds
[2024-02-29T18:53:44.246+0530] {processor.py:161} INFO - Started process (PID=8923) to work on /home/arun/.local/lib/python3.10/site-packages/airflow/example_dags/tutorial_objectstorage.py
[2024-02-29T18:53:44.285+0530] {processor.py:830} INFO - Processing file /home/arun/.local/lib/python3.10/site-packages/airflow/example_dags/tutorial_objectstorage.py for tasks to queue
[2024-02-29T18:53:44.286+0530] {logging_mixin.py:188} INFO - [2024-02-29T18:53:44.285+0530] {dagbag.py:538} INFO - Filling up the DagBag from /home/arun/.local/lib/python3.10/site-packages/airflow/example_dags/tutorial_objectstorage.py
[2024-02-29T18:53:44.295+0530] {processor.py:840} INFO - DAG(s) 'tutorial_objectstorage' retrieved from /home/arun/.local/lib/python3.10/site-packages/airflow/example_dags/tutorial_objectstorage.py
[2024-02-29T18:53:44.312+0530] {logging_mixin.py:188} INFO - [2024-02-29T18:53:44.312+0530] {dag.py:3036} INFO - Sync 1 DAGs
[2024-02-29T18:53:44.327+0530] {logging_mixin.py:188} INFO - [2024-02-29T18:53:44.327+0530] {dag.py:3823} INFO - Setting next_dagrun for tutorial_objectstorage to None, run_after=None
[2024-02-29T18:53:44.371+0530] {processor.py:183} INFO - Processing /home/arun/.local/lib/python3.10/site-packages/airflow/example_dags/tutorial_objectstorage.py took 0.127 seconds
[2024-02-29T18:54:36.004+0530] {processor.py:161} INFO - Started process (PID=9194) to work on /home/arun/.local/lib/python3.10/site-packages/airflow/example_dags/tutorial_objectstorage.py
[2024-02-29T18:54:36.006+0530] {processor.py:830} INFO - Processing file /home/arun/.local/lib/python3.10/site-packages/airflow/example_dags/tutorial_objectstorage.py for tasks to queue
[2024-02-29T18:54:36.008+0530] {logging_mixin.py:188} INFO - [2024-02-29T18:54:36.007+0530] {dagbag.py:538} INFO - Filling up the DagBag from /home/arun/.local/lib/python3.10/site-packages/airflow/example_dags/tutorial_objectstorage.py
[2024-02-29T18:54:36.020+0530] {processor.py:840} INFO - DAG(s) 'tutorial_objectstorage' retrieved from /home/arun/.local/lib/python3.10/site-packages/airflow/example_dags/tutorial_objectstorage.py
[2024-02-29T18:54:36.045+0530] {logging_mixin.py:188} INFO - [2024-02-29T18:54:36.045+0530] {dag.py:3036} INFO - Sync 1 DAGs
[2024-02-29T18:54:36.062+0530] {logging_mixin.py:188} INFO - [2024-02-29T18:54:36.062+0530] {dag.py:3823} INFO - Setting next_dagrun for tutorial_objectstorage to None, run_after=None
[2024-02-29T18:54:36.105+0530] {processor.py:183} INFO - Processing /home/arun/.local/lib/python3.10/site-packages/airflow/example_dags/tutorial_objectstorage.py took 0.107 seconds
[2024-02-29T18:55:25.057+0530] {processor.py:161} INFO - Started process (PID=9315) to work on /home/arun/.local/lib/python3.10/site-packages/airflow/example_dags/tutorial_objectstorage.py
[2024-02-29T18:55:25.059+0530] {processor.py:830} INFO - Processing file /home/arun/.local/lib/python3.10/site-packages/airflow/example_dags/tutorial_objectstorage.py for tasks to queue
[2024-02-29T18:55:25.060+0530] {logging_mixin.py:188} INFO - [2024-02-29T18:55:25.060+0530] {dagbag.py:538} INFO - Filling up the DagBag from /home/arun/.local/lib/python3.10/site-packages/airflow/example_dags/tutorial_objectstorage.py
[2024-02-29T18:55:25.077+0530] {processor.py:840} INFO - DAG(s) 'tutorial_objectstorage' retrieved from /home/arun/.local/lib/python3.10/site-packages/airflow/example_dags/tutorial_objectstorage.py
[2024-02-29T18:55:25.170+0530] {logging_mixin.py:188} INFO - [2024-02-29T18:55:25.169+0530] {dag.py:3036} INFO - Sync 1 DAGs
[2024-02-29T18:55:25.267+0530] {logging_mixin.py:188} INFO - [2024-02-29T18:55:25.267+0530] {dag.py:3823} INFO - Setting next_dagrun for tutorial_objectstorage to None, run_after=None
[2024-02-29T18:55:25.360+0530] {processor.py:183} INFO - Processing /home/arun/.local/lib/python3.10/site-packages/airflow/example_dags/tutorial_objectstorage.py took 0.309 seconds
[2024-02-29T18:56:29.303+0530] {processor.py:161} INFO - Started process (PID=9447) to work on /home/arun/.local/lib/python3.10/site-packages/airflow/example_dags/tutorial_objectstorage.py
[2024-02-29T18:56:29.355+0530] {processor.py:830} INFO - Processing file /home/arun/.local/lib/python3.10/site-packages/airflow/example_dags/tutorial_objectstorage.py for tasks to queue
[2024-02-29T18:56:29.358+0530] {logging_mixin.py:188} INFO - [2024-02-29T18:56:29.357+0530] {dagbag.py:538} INFO - Filling up the DagBag from /home/arun/.local/lib/python3.10/site-packages/airflow/example_dags/tutorial_objectstorage.py
[2024-02-29T18:56:29.378+0530] {processor.py:840} INFO - DAG(s) 'tutorial_objectstorage' retrieved from /home/arun/.local/lib/python3.10/site-packages/airflow/example_dags/tutorial_objectstorage.py
[2024-02-29T18:56:29.412+0530] {logging_mixin.py:188} INFO - [2024-02-29T18:56:29.411+0530] {dag.py:3036} INFO - Sync 1 DAGs
[2024-02-29T18:56:29.438+0530] {logging_mixin.py:188} INFO - [2024-02-29T18:56:29.438+0530] {dag.py:3823} INFO - Setting next_dagrun for tutorial_objectstorage to None, run_after=None
[2024-02-29T18:56:29.509+0530] {processor.py:183} INFO - Processing /home/arun/.local/lib/python3.10/site-packages/airflow/example_dags/tutorial_objectstorage.py took 0.219 seconds
[2024-02-29T18:57:25.359+0530] {processor.py:161} INFO - Started process (PID=9549) to work on /home/arun/.local/lib/python3.10/site-packages/airflow/example_dags/tutorial_objectstorage.py
[2024-02-29T18:57:25.393+0530] {processor.py:830} INFO - Processing file /home/arun/.local/lib/python3.10/site-packages/airflow/example_dags/tutorial_objectstorage.py for tasks to queue
[2024-02-29T18:57:25.394+0530] {logging_mixin.py:188} INFO - [2024-02-29T18:57:25.394+0530] {dagbag.py:538} INFO - Filling up the DagBag from /home/arun/.local/lib/python3.10/site-packages/airflow/example_dags/tutorial_objectstorage.py
[2024-02-29T18:57:25.403+0530] {processor.py:840} INFO - DAG(s) 'tutorial_objectstorage' retrieved from /home/arun/.local/lib/python3.10/site-packages/airflow/example_dags/tutorial_objectstorage.py
[2024-02-29T18:57:25.420+0530] {logging_mixin.py:188} INFO - [2024-02-29T18:57:25.420+0530] {dag.py:3036} INFO - Sync 1 DAGs
[2024-02-29T18:57:25.435+0530] {logging_mixin.py:188} INFO - [2024-02-29T18:57:25.434+0530] {dag.py:3823} INFO - Setting next_dagrun for tutorial_objectstorage to None, run_after=None
[2024-02-29T18:57:25.468+0530] {processor.py:183} INFO - Processing /home/arun/.local/lib/python3.10/site-packages/airflow/example_dags/tutorial_objectstorage.py took 0.112 seconds
[2024-02-29T18:58:21.571+0530] {processor.py:161} INFO - Started process (PID=9638) to work on /home/arun/.local/lib/python3.10/site-packages/airflow/example_dags/tutorial_objectstorage.py
[2024-02-29T18:58:21.573+0530] {processor.py:830} INFO - Processing file /home/arun/.local/lib/python3.10/site-packages/airflow/example_dags/tutorial_objectstorage.py for tasks to queue
[2024-02-29T18:58:21.574+0530] {logging_mixin.py:188} INFO - [2024-02-29T18:58:21.574+0530] {dagbag.py:538} INFO - Filling up the DagBag from /home/arun/.local/lib/python3.10/site-packages/airflow/example_dags/tutorial_objectstorage.py
[2024-02-29T18:58:21.586+0530] {processor.py:840} INFO - DAG(s) 'tutorial_objectstorage' retrieved from /home/arun/.local/lib/python3.10/site-packages/airflow/example_dags/tutorial_objectstorage.py
[2024-02-29T18:58:21.624+0530] {logging_mixin.py:188} INFO - [2024-02-29T18:58:21.624+0530] {dag.py:3036} INFO - Sync 1 DAGs
[2024-02-29T18:58:21.659+0530] {logging_mixin.py:188} INFO - [2024-02-29T18:58:21.659+0530] {dag.py:3823} INFO - Setting next_dagrun for tutorial_objectstorage to None, run_after=None
[2024-02-29T18:58:21.724+0530] {processor.py:183} INFO - Processing /home/arun/.local/lib/python3.10/site-packages/airflow/example_dags/tutorial_objectstorage.py took 0.175 seconds
[2024-02-29T18:59:20.254+0530] {processor.py:161} INFO - Started process (PID=9742) to work on /home/arun/.local/lib/python3.10/site-packages/airflow/example_dags/tutorial_objectstorage.py
[2024-02-29T18:59:20.295+0530] {processor.py:830} INFO - Processing file /home/arun/.local/lib/python3.10/site-packages/airflow/example_dags/tutorial_objectstorage.py for tasks to queue
[2024-02-29T18:59:20.297+0530] {logging_mixin.py:188} INFO - [2024-02-29T18:59:20.296+0530] {dagbag.py:538} INFO - Filling up the DagBag from /home/arun/.local/lib/python3.10/site-packages/airflow/example_dags/tutorial_objectstorage.py
[2024-02-29T18:59:20.321+0530] {processor.py:840} INFO - DAG(s) 'tutorial_objectstorage' retrieved from /home/arun/.local/lib/python3.10/site-packages/airflow/example_dags/tutorial_objectstorage.py
[2024-02-29T18:59:20.339+0530] {logging_mixin.py:188} INFO - [2024-02-29T18:59:20.339+0530] {dag.py:3036} INFO - Sync 1 DAGs
[2024-02-29T18:59:20.353+0530] {logging_mixin.py:188} INFO - [2024-02-29T18:59:20.353+0530] {dag.py:3823} INFO - Setting next_dagrun for tutorial_objectstorage to None, run_after=None
[2024-02-29T18:59:20.402+0530] {processor.py:183} INFO - Processing /home/arun/.local/lib/python3.10/site-packages/airflow/example_dags/tutorial_objectstorage.py took 0.153 seconds
[2024-02-29T19:00:12.858+0530] {processor.py:161} INFO - Started process (PID=9839) to work on /home/arun/.local/lib/python3.10/site-packages/airflow/example_dags/tutorial_objectstorage.py
[2024-02-29T19:00:12.897+0530] {processor.py:830} INFO - Processing file /home/arun/.local/lib/python3.10/site-packages/airflow/example_dags/tutorial_objectstorage.py for tasks to queue
[2024-02-29T19:00:12.899+0530] {logging_mixin.py:188} INFO - [2024-02-29T19:00:12.898+0530] {dagbag.py:538} INFO - Filling up the DagBag from /home/arun/.local/lib/python3.10/site-packages/airflow/example_dags/tutorial_objectstorage.py
[2024-02-29T19:00:12.909+0530] {processor.py:840} INFO - DAG(s) 'tutorial_objectstorage' retrieved from /home/arun/.local/lib/python3.10/site-packages/airflow/example_dags/tutorial_objectstorage.py
[2024-02-29T19:00:12.926+0530] {logging_mixin.py:188} INFO - [2024-02-29T19:00:12.926+0530] {dag.py:3036} INFO - Sync 1 DAGs
[2024-02-29T19:00:12.942+0530] {logging_mixin.py:188} INFO - [2024-02-29T19:00:12.942+0530] {dag.py:3823} INFO - Setting next_dagrun for tutorial_objectstorage to None, run_after=None
[2024-02-29T19:00:12.973+0530] {processor.py:183} INFO - Processing /home/arun/.local/lib/python3.10/site-packages/airflow/example_dags/tutorial_objectstorage.py took 0.120 seconds
[2024-02-29T19:01:03.661+0530] {processor.py:161} INFO - Started process (PID=9925) to work on /home/arun/.local/lib/python3.10/site-packages/airflow/example_dags/tutorial_objectstorage.py
[2024-02-29T19:01:03.662+0530] {processor.py:830} INFO - Processing file /home/arun/.local/lib/python3.10/site-packages/airflow/example_dags/tutorial_objectstorage.py for tasks to queue
[2024-02-29T19:01:03.663+0530] {logging_mixin.py:188} INFO - [2024-02-29T19:01:03.663+0530] {dagbag.py:538} INFO - Filling up the DagBag from /home/arun/.local/lib/python3.10/site-packages/airflow/example_dags/tutorial_objectstorage.py
[2024-02-29T19:01:03.671+0530] {processor.py:840} INFO - DAG(s) 'tutorial_objectstorage' retrieved from /home/arun/.local/lib/python3.10/site-packages/airflow/example_dags/tutorial_objectstorage.py
[2024-02-29T19:01:03.688+0530] {logging_mixin.py:188} INFO - [2024-02-29T19:01:03.688+0530] {dag.py:3036} INFO - Sync 1 DAGs
[2024-02-29T19:01:03.701+0530] {logging_mixin.py:188} INFO - [2024-02-29T19:01:03.701+0530] {dag.py:3823} INFO - Setting next_dagrun for tutorial_objectstorage to None, run_after=None
[2024-02-29T19:01:03.731+0530] {processor.py:183} INFO - Processing /home/arun/.local/lib/python3.10/site-packages/airflow/example_dags/tutorial_objectstorage.py took 0.074 seconds
[2024-02-29T19:01:56.428+0530] {processor.py:161} INFO - Started process (PID=10010) to work on /home/arun/.local/lib/python3.10/site-packages/airflow/example_dags/tutorial_objectstorage.py
[2024-02-29T19:01:56.429+0530] {processor.py:830} INFO - Processing file /home/arun/.local/lib/python3.10/site-packages/airflow/example_dags/tutorial_objectstorage.py for tasks to queue
[2024-02-29T19:01:56.430+0530] {logging_mixin.py:188} INFO - [2024-02-29T19:01:56.430+0530] {dagbag.py:538} INFO - Filling up the DagBag from /home/arun/.local/lib/python3.10/site-packages/airflow/example_dags/tutorial_objectstorage.py
[2024-02-29T19:01:56.440+0530] {processor.py:840} INFO - DAG(s) 'tutorial_objectstorage' retrieved from /home/arun/.local/lib/python3.10/site-packages/airflow/example_dags/tutorial_objectstorage.py
[2024-02-29T19:01:56.460+0530] {logging_mixin.py:188} INFO - [2024-02-29T19:01:56.460+0530] {dag.py:3036} INFO - Sync 1 DAGs
[2024-02-29T19:01:56.478+0530] {logging_mixin.py:188} INFO - [2024-02-29T19:01:56.478+0530] {dag.py:3823} INFO - Setting next_dagrun for tutorial_objectstorage to None, run_after=None
[2024-02-29T19:01:56.510+0530] {processor.py:183} INFO - Processing /home/arun/.local/lib/python3.10/site-packages/airflow/example_dags/tutorial_objectstorage.py took 0.085 seconds
[2024-02-29T19:02:47.563+0530] {processor.py:161} INFO - Started process (PID=10092) to work on /home/arun/.local/lib/python3.10/site-packages/airflow/example_dags/tutorial_objectstorage.py
[2024-02-29T19:02:47.565+0530] {processor.py:830} INFO - Processing file /home/arun/.local/lib/python3.10/site-packages/airflow/example_dags/tutorial_objectstorage.py for tasks to queue
[2024-02-29T19:02:47.566+0530] {logging_mixin.py:188} INFO - [2024-02-29T19:02:47.566+0530] {dagbag.py:538} INFO - Filling up the DagBag from /home/arun/.local/lib/python3.10/site-packages/airflow/example_dags/tutorial_objectstorage.py
[2024-02-29T19:02:47.577+0530] {processor.py:840} INFO - DAG(s) 'tutorial_objectstorage' retrieved from /home/arun/.local/lib/python3.10/site-packages/airflow/example_dags/tutorial_objectstorage.py
[2024-02-29T19:02:47.611+0530] {logging_mixin.py:188} INFO - [2024-02-29T19:02:47.611+0530] {dag.py:3036} INFO - Sync 1 DAGs
[2024-02-29T19:02:47.627+0530] {logging_mixin.py:188} INFO - [2024-02-29T19:02:47.627+0530] {dag.py:3823} INFO - Setting next_dagrun for tutorial_objectstorage to None, run_after=None
[2024-02-29T19:02:47.661+0530] {processor.py:183} INFO - Processing /home/arun/.local/lib/python3.10/site-packages/airflow/example_dags/tutorial_objectstorage.py took 0.102 seconds
[2024-02-29T19:03:37.464+0530] {processor.py:161} INFO - Started process (PID=10171) to work on /home/arun/.local/lib/python3.10/site-packages/airflow/example_dags/tutorial_objectstorage.py
[2024-02-29T19:03:37.466+0530] {processor.py:830} INFO - Processing file /home/arun/.local/lib/python3.10/site-packages/airflow/example_dags/tutorial_objectstorage.py for tasks to queue
[2024-02-29T19:03:37.469+0530] {logging_mixin.py:188} INFO - [2024-02-29T19:03:37.468+0530] {dagbag.py:538} INFO - Filling up the DagBag from /home/arun/.local/lib/python3.10/site-packages/airflow/example_dags/tutorial_objectstorage.py
[2024-02-29T19:03:37.484+0530] {processor.py:840} INFO - DAG(s) 'tutorial_objectstorage' retrieved from /home/arun/.local/lib/python3.10/site-packages/airflow/example_dags/tutorial_objectstorage.py
[2024-02-29T19:03:37.509+0530] {logging_mixin.py:188} INFO - [2024-02-29T19:03:37.508+0530] {dag.py:3036} INFO - Sync 1 DAGs
[2024-02-29T19:03:37.524+0530] {logging_mixin.py:188} INFO - [2024-02-29T19:03:37.524+0530] {dag.py:3823} INFO - Setting next_dagrun for tutorial_objectstorage to None, run_after=None
[2024-02-29T19:03:37.552+0530] {processor.py:183} INFO - Processing /home/arun/.local/lib/python3.10/site-packages/airflow/example_dags/tutorial_objectstorage.py took 0.096 seconds
[2024-02-29T19:04:24.422+0530] {processor.py:161} INFO - Started process (PID=10268) to work on /home/arun/.local/lib/python3.10/site-packages/airflow/example_dags/tutorial_objectstorage.py
[2024-02-29T19:04:24.425+0530] {processor.py:830} INFO - Processing file /home/arun/.local/lib/python3.10/site-packages/airflow/example_dags/tutorial_objectstorage.py for tasks to queue
[2024-02-29T19:04:24.427+0530] {logging_mixin.py:188} INFO - [2024-02-29T19:04:24.427+0530] {dagbag.py:538} INFO - Filling up the DagBag from /home/arun/.local/lib/python3.10/site-packages/airflow/example_dags/tutorial_objectstorage.py
[2024-02-29T19:04:24.487+0530] {processor.py:840} INFO - DAG(s) 'tutorial_objectstorage' retrieved from /home/arun/.local/lib/python3.10/site-packages/airflow/example_dags/tutorial_objectstorage.py
[2024-02-29T19:04:24.543+0530] {logging_mixin.py:188} INFO - [2024-02-29T19:04:24.543+0530] {dag.py:3036} INFO - Sync 1 DAGs
[2024-02-29T19:04:24.570+0530] {logging_mixin.py:188} INFO - [2024-02-29T19:04:24.569+0530] {dag.py:3823} INFO - Setting next_dagrun for tutorial_objectstorage to None, run_after=None
[2024-02-29T19:04:24.692+0530] {processor.py:183} INFO - Processing /home/arun/.local/lib/python3.10/site-packages/airflow/example_dags/tutorial_objectstorage.py took 0.278 seconds
[2024-02-29T19:05:18.705+0530] {processor.py:161} INFO - Started process (PID=10365) to work on /home/arun/.local/lib/python3.10/site-packages/airflow/example_dags/tutorial_objectstorage.py
[2024-02-29T19:05:18.714+0530] {processor.py:830} INFO - Processing file /home/arun/.local/lib/python3.10/site-packages/airflow/example_dags/tutorial_objectstorage.py for tasks to queue
[2024-02-29T19:05:18.717+0530] {logging_mixin.py:188} INFO - [2024-02-29T19:05:18.716+0530] {dagbag.py:538} INFO - Filling up the DagBag from /home/arun/.local/lib/python3.10/site-packages/airflow/example_dags/tutorial_objectstorage.py
[2024-02-29T19:05:18.773+0530] {processor.py:840} INFO - DAG(s) 'tutorial_objectstorage' retrieved from /home/arun/.local/lib/python3.10/site-packages/airflow/example_dags/tutorial_objectstorage.py
[2024-02-29T19:05:18.805+0530] {logging_mixin.py:188} INFO - [2024-02-29T19:05:18.805+0530] {dag.py:3036} INFO - Sync 1 DAGs
[2024-02-29T19:05:18.825+0530] {logging_mixin.py:188} INFO - [2024-02-29T19:05:18.824+0530] {dag.py:3823} INFO - Setting next_dagrun for tutorial_objectstorage to None, run_after=None
[2024-02-29T19:05:18.864+0530] {processor.py:183} INFO - Processing /home/arun/.local/lib/python3.10/site-packages/airflow/example_dags/tutorial_objectstorage.py took 0.166 seconds
[2024-02-29T19:05:55.652+0530] {processor.py:161} INFO - Started process (PID=10540) to work on /home/arun/.local/lib/python3.10/site-packages/airflow/example_dags/tutorial_objectstorage.py
[2024-02-29T19:05:55.695+0530] {processor.py:830} INFO - Processing file /home/arun/.local/lib/python3.10/site-packages/airflow/example_dags/tutorial_objectstorage.py for tasks to queue
[2024-02-29T19:05:55.714+0530] {logging_mixin.py:188} INFO - [2024-02-29T19:05:55.707+0530] {dagbag.py:538} INFO - Filling up the DagBag from /home/arun/.local/lib/python3.10/site-packages/airflow/example_dags/tutorial_objectstorage.py
[2024-02-29T19:05:55.861+0530] {processor.py:840} INFO - DAG(s) 'tutorial_objectstorage' retrieved from /home/arun/.local/lib/python3.10/site-packages/airflow/example_dags/tutorial_objectstorage.py
[2024-02-29T19:05:56.112+0530] {logging_mixin.py:188} INFO - [2024-02-29T19:05:56.111+0530] {dag.py:3036} INFO - Sync 1 DAGs
[2024-02-29T19:05:56.374+0530] {logging_mixin.py:188} INFO - [2024-02-29T19:05:56.373+0530] {dag.py:3823} INFO - Setting next_dagrun for tutorial_objectstorage to None, run_after=None
[2024-02-29T19:05:56.683+0530] {processor.py:183} INFO - Processing /home/arun/.local/lib/python3.10/site-packages/airflow/example_dags/tutorial_objectstorage.py took 1.036 seconds
[2024-02-29T19:06:43.127+0530] {processor.py:161} INFO - Started process (PID=10673) to work on /home/arun/.local/lib/python3.10/site-packages/airflow/example_dags/tutorial_objectstorage.py
[2024-02-29T19:06:43.233+0530] {processor.py:830} INFO - Processing file /home/arun/.local/lib/python3.10/site-packages/airflow/example_dags/tutorial_objectstorage.py for tasks to queue
[2024-02-29T19:06:43.235+0530] {logging_mixin.py:188} INFO - [2024-02-29T19:06:43.234+0530] {dagbag.py:538} INFO - Filling up the DagBag from /home/arun/.local/lib/python3.10/site-packages/airflow/example_dags/tutorial_objectstorage.py
[2024-02-29T19:06:43.410+0530] {processor.py:840} INFO - DAG(s) 'tutorial_objectstorage' retrieved from /home/arun/.local/lib/python3.10/site-packages/airflow/example_dags/tutorial_objectstorage.py
[2024-02-29T19:06:43.451+0530] {logging_mixin.py:188} INFO - [2024-02-29T19:06:43.450+0530] {dag.py:3036} INFO - Sync 1 DAGs
[2024-02-29T19:06:43.533+0530] {logging_mixin.py:188} INFO - [2024-02-29T19:06:43.533+0530] {dag.py:3823} INFO - Setting next_dagrun for tutorial_objectstorage to None, run_after=None
[2024-02-29T19:06:43.584+0530] {processor.py:183} INFO - Processing /home/arun/.local/lib/python3.10/site-packages/airflow/example_dags/tutorial_objectstorage.py took 0.541 seconds
