[2024-03-05T18:02:46.237+0530] {taskinstance.py:1956} INFO - Dependencies all met for dep_context=non-requeueable deps ti=<TaskInstance: Visualization_DAG.plot_temp_wind scheduled__2024-03-05T12:09:00+00:00 [queued]>
[2024-03-05T18:02:46.257+0530] {taskinstance.py:1956} INFO - Dependencies all met for dep_context=requeueable deps ti=<TaskInstance: Visualization_DAG.plot_temp_wind scheduled__2024-03-05T12:09:00+00:00 [queued]>
[2024-03-05T18:02:46.257+0530] {taskinstance.py:2170} INFO - Starting attempt 1 of 2
[2024-03-05T18:02:46.411+0530] {taskinstance.py:2191} INFO - Executing <Task(PythonOperator): plot_temp_wind> on 2024-03-05 12:09:00+00:00
[2024-03-05T18:02:46.465+0530] {standard_task_runner.py:60} INFO - Started process 13447 to run task
[2024-03-05T18:02:46.483+0530] {standard_task_runner.py:87} INFO - Running: ['airflow', 'tasks', 'run', 'Visualization_DAG', 'plot_temp_wind', 'scheduled__2024-03-05T12:09:00+00:00', '--job-id', '315', '--raw', '--subdir', 'DAGS_FOLDER/Analytics_data.py', '--cfg-path', '/tmp/tmp84beft9z']
[2024-03-05T18:02:46.486+0530] {standard_task_runner.py:88} INFO - Job 315: Subtask plot_temp_wind
[2024-03-05T18:02:46.838+0530] {task_command.py:423} INFO - Running <TaskInstance: Visualization_DAG.plot_temp_wind scheduled__2024-03-05T12:09:00+00:00 [running]> on host arun-VM
[2024-03-05T18:02:47.384+0530] {taskinstance.py:2480} INFO - Exporting env vars: AIRFLOW_CTX_DAG_OWNER='admin' AIRFLOW_CTX_DAG_ID='Visualization_DAG' AIRFLOW_CTX_TASK_ID='plot_temp_wind' AIRFLOW_CTX_EXECUTION_DATE='2024-03-05T12:09:00+00:00' AIRFLOW_CTX_TRY_NUMBER='1' AIRFLOW_CTX_DAG_RUN_ID='scheduled__2024-03-05T12:09:00+00:00'
[2024-03-05T18:02:49.819+0530] {logging_mixin.py:188} WARNING - /home/arun/airflow/dags/Analytics_data.py:105 UserWarning: Starting a Matplotlib GUI outside of the main thread will likely fail.
[2024-03-05T18:02:50.311+0530] {logging_mixin.py:188} WARNING - /home/arun/airflow/dags/Analytics_data.py:106 FutureWarning: The geopandas.dataset module is deprecated and will be removed in GeoPandas 1.0. You can get the original 'naturalearth_lowres' data from https://www.naturalearthdata.com/downloads/110m-cultural-vectors/.
[2024-03-05T18:02:51.932+0530] {logging_mixin.py:188} WARNING - /home/arun/.local/lib/python3.10/site-packages/geopandas/plotting.py:684 UserWarning: Starting a Matplotlib GUI outside of the main thread will likely fail.
[2024-03-05T18:02:53.480+0530] {logging_mixin.py:188} WARNING - /home/arun/airflow/dags/Analytics_data.py:120 UserWarning: Starting a Matplotlib GUI outside of the main thread will likely fail.
[2024-03-05T18:02:53.487+0530] {logging_mixin.py:188} WARNING - /home/arun/.local/lib/python3.10/site-packages/geopandas/plotting.py:684 UserWarning: Starting a Matplotlib GUI outside of the main thread will likely fail.
[2024-03-05T18:02:54.618+0530] {logging_mixin.py:188} WARNING - /home/arun/airflow/dags/Analytics_data.py:105 UserWarning: Starting a Matplotlib GUI outside of the main thread will likely fail.
[2024-03-05T18:02:54.634+0530] {logging_mixin.py:188} WARNING - /home/arun/airflow/dags/Analytics_data.py:106 FutureWarning: The geopandas.dataset module is deprecated and will be removed in GeoPandas 1.0. You can get the original 'naturalearth_lowres' data from https://www.naturalearthdata.com/downloads/110m-cultural-vectors/.
[2024-03-05T18:02:54.818+0530] {logging_mixin.py:188} WARNING - /home/arun/.local/lib/python3.10/site-packages/geopandas/plotting.py:684 UserWarning: Starting a Matplotlib GUI outside of the main thread will likely fail.
[2024-03-05T18:02:56.703+0530] {logging_mixin.py:188} WARNING - /home/arun/airflow/dags/Analytics_data.py:120 UserWarning: Starting a Matplotlib GUI outside of the main thread will likely fail.
[2024-03-05T18:02:56.717+0530] {logging_mixin.py:188} WARNING - /home/arun/.local/lib/python3.10/site-packages/geopandas/plotting.py:684 UserWarning: Starting a Matplotlib GUI outside of the main thread will likely fail.
[2024-03-05T18:02:58.019+0530] {logging_mixin.py:188} WARNING - /home/arun/airflow/dags/Analytics_data.py:105 UserWarning: Starting a Matplotlib GUI outside of the main thread will likely fail.
[2024-03-05T18:02:58.033+0530] {logging_mixin.py:188} WARNING - /home/arun/airflow/dags/Analytics_data.py:106 FutureWarning: The geopandas.dataset module is deprecated and will be removed in GeoPandas 1.0. You can get the original 'naturalearth_lowres' data from https://www.naturalearthdata.com/downloads/110m-cultural-vectors/.
[2024-03-05T18:02:58.223+0530] {logging_mixin.py:188} WARNING - /home/arun/.local/lib/python3.10/site-packages/geopandas/plotting.py:684 UserWarning: Starting a Matplotlib GUI outside of the main thread will likely fail.
[2024-03-05T18:02:59.427+0530] {logging_mixin.py:188} WARNING - /home/arun/airflow/dags/Analytics_data.py:120 UserWarning: Starting a Matplotlib GUI outside of the main thread will likely fail.
[2024-03-05T18:02:59.435+0530] {logging_mixin.py:188} WARNING - /home/arun/.local/lib/python3.10/site-packages/geopandas/plotting.py:684 UserWarning: Starting a Matplotlib GUI outside of the main thread will likely fail.
[2024-03-05T18:03:00.317+0530] {logging_mixin.py:188} WARNING - /home/arun/airflow/dags/Analytics_data.py:105 UserWarning: Starting a Matplotlib GUI outside of the main thread will likely fail.
[2024-03-05T18:03:00.330+0530] {logging_mixin.py:188} WARNING - /home/arun/airflow/dags/Analytics_data.py:106 FutureWarning: The geopandas.dataset module is deprecated and will be removed in GeoPandas 1.0. You can get the original 'naturalearth_lowres' data from https://www.naturalearthdata.com/downloads/110m-cultural-vectors/.
[2024-03-05T18:03:00.391+0530] {logging_mixin.py:188} WARNING - /home/arun/.local/lib/python3.10/site-packages/geopandas/plotting.py:684 UserWarning: Starting a Matplotlib GUI outside of the main thread will likely fail.
[2024-03-05T18:03:01.053+0530] {logging_mixin.py:188} WARNING - /home/arun/airflow/dags/Analytics_data.py:120 UserWarning: Starting a Matplotlib GUI outside of the main thread will likely fail.
[2024-03-05T18:03:01.061+0530] {logging_mixin.py:188} WARNING - /home/arun/.local/lib/python3.10/site-packages/geopandas/plotting.py:684 UserWarning: Starting a Matplotlib GUI outside of the main thread will likely fail.
[2024-03-05T18:03:01.937+0530] {logging_mixin.py:188} WARNING - /home/arun/airflow/dags/Analytics_data.py:105 UserWarning: Starting a Matplotlib GUI outside of the main thread will likely fail.
[2024-03-05T18:03:01.942+0530] {logging_mixin.py:188} WARNING - /home/arun/airflow/dags/Analytics_data.py:106 FutureWarning: The geopandas.dataset module is deprecated and will be removed in GeoPandas 1.0. You can get the original 'naturalearth_lowres' data from https://www.naturalearthdata.com/downloads/110m-cultural-vectors/.
[2024-03-05T18:03:02.023+0530] {logging_mixin.py:188} WARNING - /home/arun/.local/lib/python3.10/site-packages/geopandas/plotting.py:684 UserWarning: Starting a Matplotlib GUI outside of the main thread will likely fail.
[2024-03-05T18:03:02.697+0530] {logging_mixin.py:188} WARNING - /home/arun/airflow/dags/Analytics_data.py:120 UserWarning: Starting a Matplotlib GUI outside of the main thread will likely fail.
[2024-03-05T18:03:02.702+0530] {logging_mixin.py:188} WARNING - /home/arun/.local/lib/python3.10/site-packages/geopandas/plotting.py:684 UserWarning: Starting a Matplotlib GUI outside of the main thread will likely fail.
[2024-03-05T18:03:03.436+0530] {logging_mixin.py:188} WARNING - /home/arun/airflow/dags/Analytics_data.py:105 RuntimeWarning: More than 20 figures have been opened. Figures created through the pyplot interface (`matplotlib.pyplot.figure`) are retained until explicitly closed and may consume too much memory. (To control this warning, see the rcParam `figure.max_open_warning`). Consider using `matplotlib.pyplot.close()`.
[2024-03-05T18:03:03.437+0530] {logging_mixin.py:188} WARNING - /home/arun/airflow/dags/Analytics_data.py:105 UserWarning: Starting a Matplotlib GUI outside of the main thread will likely fail.
[2024-03-05T18:03:03.443+0530] {logging_mixin.py:188} WARNING - /home/arun/airflow/dags/Analytics_data.py:106 FutureWarning: The geopandas.dataset module is deprecated and will be removed in GeoPandas 1.0. You can get the original 'naturalearth_lowres' data from https://www.naturalearthdata.com/downloads/110m-cultural-vectors/.
[2024-03-05T18:03:03.552+0530] {logging_mixin.py:188} WARNING - /home/arun/.local/lib/python3.10/site-packages/geopandas/plotting.py:684 UserWarning: Starting a Matplotlib GUI outside of the main thread will likely fail.
[2024-03-05T18:03:04.216+0530] {logging_mixin.py:188} WARNING - /home/arun/airflow/dags/Analytics_data.py:120 UserWarning: Starting a Matplotlib GUI outside of the main thread will likely fail.
[2024-03-05T18:03:04.221+0530] {logging_mixin.py:188} WARNING - /home/arun/.local/lib/python3.10/site-packages/geopandas/plotting.py:684 UserWarning: Starting a Matplotlib GUI outside of the main thread will likely fail.
[2024-03-05T18:03:04.980+0530] {logging_mixin.py:188} WARNING - /home/arun/airflow/dags/Analytics_data.py:105 UserWarning: Starting a Matplotlib GUI outside of the main thread will likely fail.
[2024-03-05T18:03:04.986+0530] {logging_mixin.py:188} WARNING - /home/arun/airflow/dags/Analytics_data.py:106 FutureWarning: The geopandas.dataset module is deprecated and will be removed in GeoPandas 1.0. You can get the original 'naturalearth_lowres' data from https://www.naturalearthdata.com/downloads/110m-cultural-vectors/.
[2024-03-05T18:03:05.082+0530] {logging_mixin.py:188} WARNING - /home/arun/.local/lib/python3.10/site-packages/geopandas/plotting.py:684 UserWarning: Starting a Matplotlib GUI outside of the main thread will likely fail.
[2024-03-05T18:03:05.819+0530] {logging_mixin.py:188} WARNING - /home/arun/airflow/dags/Analytics_data.py:120 UserWarning: Starting a Matplotlib GUI outside of the main thread will likely fail.
[2024-03-05T18:03:05.826+0530] {logging_mixin.py:188} WARNING - /home/arun/.local/lib/python3.10/site-packages/geopandas/plotting.py:684 UserWarning: Starting a Matplotlib GUI outside of the main thread will likely fail.
[2024-03-05T18:03:07.057+0530] {logging_mixin.py:188} WARNING - /home/arun/airflow/dags/Analytics_data.py:105 UserWarning: Starting a Matplotlib GUI outside of the main thread will likely fail.
[2024-03-05T18:03:07.075+0530] {logging_mixin.py:188} WARNING - /home/arun/airflow/dags/Analytics_data.py:106 FutureWarning: The geopandas.dataset module is deprecated and will be removed in GeoPandas 1.0. You can get the original 'naturalearth_lowres' data from https://www.naturalearthdata.com/downloads/110m-cultural-vectors/.
[2024-03-05T18:03:07.282+0530] {logging_mixin.py:188} WARNING - /home/arun/.local/lib/python3.10/site-packages/geopandas/plotting.py:684 UserWarning: Starting a Matplotlib GUI outside of the main thread will likely fail.
[2024-03-05T18:03:08.411+0530] {logging_mixin.py:188} WARNING - /home/arun/airflow/dags/Analytics_data.py:120 UserWarning: Starting a Matplotlib GUI outside of the main thread will likely fail.
[2024-03-05T18:03:08.429+0530] {logging_mixin.py:188} WARNING - /home/arun/.local/lib/python3.10/site-packages/geopandas/plotting.py:684 UserWarning: Starting a Matplotlib GUI outside of the main thread will likely fail.
[2024-03-05T18:03:09.931+0530] {logging_mixin.py:188} WARNING - /home/arun/airflow/dags/Analytics_data.py:105 UserWarning: Starting a Matplotlib GUI outside of the main thread will likely fail.
[2024-03-05T18:03:09.937+0530] {logging_mixin.py:188} WARNING - /home/arun/airflow/dags/Analytics_data.py:106 FutureWarning: The geopandas.dataset module is deprecated and will be removed in GeoPandas 1.0. You can get the original 'naturalearth_lowres' data from https://www.naturalearthdata.com/downloads/110m-cultural-vectors/.
[2024-03-05T18:03:10.095+0530] {logging_mixin.py:188} WARNING - /home/arun/.local/lib/python3.10/site-packages/geopandas/plotting.py:684 UserWarning: Starting a Matplotlib GUI outside of the main thread will likely fail.
[2024-03-05T18:03:11.148+0530] {logging_mixin.py:188} WARNING - /home/arun/airflow/dags/Analytics_data.py:120 UserWarning: Starting a Matplotlib GUI outside of the main thread will likely fail.
[2024-03-05T18:03:11.157+0530] {logging_mixin.py:188} WARNING - /home/arun/.local/lib/python3.10/site-packages/geopandas/plotting.py:684 UserWarning: Starting a Matplotlib GUI outside of the main thread will likely fail.
[2024-03-05T18:03:12.243+0530] {logging_mixin.py:188} WARNING - /home/arun/airflow/dags/Analytics_data.py:105 UserWarning: Starting a Matplotlib GUI outside of the main thread will likely fail.
[2024-03-05T18:03:12.267+0530] {logging_mixin.py:188} WARNING - /home/arun/airflow/dags/Analytics_data.py:106 FutureWarning: The geopandas.dataset module is deprecated and will be removed in GeoPandas 1.0. You can get the original 'naturalearth_lowres' data from https://www.naturalearthdata.com/downloads/110m-cultural-vectors/.
[2024-03-05T18:03:12.472+0530] {logging_mixin.py:188} WARNING - /home/arun/.local/lib/python3.10/site-packages/geopandas/plotting.py:684 UserWarning: Starting a Matplotlib GUI outside of the main thread will likely fail.
[2024-03-05T18:03:13.391+0530] {logging_mixin.py:188} WARNING - /home/arun/airflow/dags/Analytics_data.py:120 UserWarning: Starting a Matplotlib GUI outside of the main thread will likely fail.
[2024-03-05T18:03:13.413+0530] {logging_mixin.py:188} WARNING - /home/arun/.local/lib/python3.10/site-packages/geopandas/plotting.py:684 UserWarning: Starting a Matplotlib GUI outside of the main thread will likely fail.
[2024-03-05T18:03:14.343+0530] {logging_mixin.py:188} WARNING - /home/arun/airflow/dags/Analytics_data.py:105 UserWarning: Starting a Matplotlib GUI outside of the main thread will likely fail.
[2024-03-05T18:03:14.349+0530] {logging_mixin.py:188} WARNING - /home/arun/airflow/dags/Analytics_data.py:106 FutureWarning: The geopandas.dataset module is deprecated and will be removed in GeoPandas 1.0. You can get the original 'naturalearth_lowres' data from https://www.naturalearthdata.com/downloads/110m-cultural-vectors/.
[2024-03-05T18:03:14.428+0530] {logging_mixin.py:188} WARNING - /home/arun/.local/lib/python3.10/site-packages/geopandas/plotting.py:684 UserWarning: Starting a Matplotlib GUI outside of the main thread will likely fail.
[2024-03-05T18:03:15.046+0530] {logging_mixin.py:188} WARNING - /home/arun/airflow/dags/Analytics_data.py:120 UserWarning: Starting a Matplotlib GUI outside of the main thread will likely fail.
[2024-03-05T18:03:15.054+0530] {logging_mixin.py:188} WARNING - /home/arun/.local/lib/python3.10/site-packages/geopandas/plotting.py:684 UserWarning: Starting a Matplotlib GUI outside of the main thread will likely fail.
[2024-03-05T18:03:15.698+0530] {logging_mixin.py:188} WARNING - /home/arun/airflow/dags/Analytics_data.py:105 UserWarning: Starting a Matplotlib GUI outside of the main thread will likely fail.
[2024-03-05T18:03:15.707+0530] {logging_mixin.py:188} WARNING - /home/arun/airflow/dags/Analytics_data.py:106 FutureWarning: The geopandas.dataset module is deprecated and will be removed in GeoPandas 1.0. You can get the original 'naturalearth_lowres' data from https://www.naturalearthdata.com/downloads/110m-cultural-vectors/.
[2024-03-05T18:03:15.805+0530] {logging_mixin.py:188} WARNING - /home/arun/.local/lib/python3.10/site-packages/geopandas/plotting.py:684 UserWarning: Starting a Matplotlib GUI outside of the main thread will likely fail.
[2024-03-05T18:03:16.310+0530] {logging_mixin.py:188} WARNING - /home/arun/airflow/dags/Analytics_data.py:120 UserWarning: Starting a Matplotlib GUI outside of the main thread will likely fail.
[2024-03-05T18:03:16.316+0530] {logging_mixin.py:188} WARNING - /home/arun/.local/lib/python3.10/site-packages/geopandas/plotting.py:684 UserWarning: Starting a Matplotlib GUI outside of the main thread will likely fail.
[2024-03-05T18:03:17.259+0530] {python.py:201} INFO - Done. Returned value was: None
[2024-03-05T18:03:17.287+0530] {taskinstance.py:1138} INFO - Marking task as SUCCESS. dag_id=Visualization_DAG, task_id=plot_temp_wind, execution_date=20240305T120900, start_date=20240305T123246, end_date=20240305T123317
[2024-03-05T18:03:17.632+0530] {local_task_job_runner.py:234} INFO - Task exited with return code 0
[2024-03-05T18:03:17.718+0530] {taskinstance.py:3280} INFO - 1 downstream tasks scheduled from follow-on schedule check
