[2024-03-05T16:33:05.475+0530] {processor.py:161} INFO - Started process (PID=12045) to work on /home/arun/.local/lib/python3.10/site-packages/airflow/example_dags/plugins/listener_plugin.py
[2024-03-05T16:33:05.478+0530] {processor.py:830} INFO - Processing file /home/arun/.local/lib/python3.10/site-packages/airflow/example_dags/plugins/listener_plugin.py for tasks to queue
[2024-03-05T16:33:05.481+0530] {logging_mixin.py:188} INFO - [2024-03-05T16:33:05.480+0530] {dagbag.py:538} INFO - Filling up the DagBag from /home/arun/.local/lib/python3.10/site-packages/airflow/example_dags/plugins/listener_plugin.py
[2024-03-05T16:33:05.485+0530] {processor.py:842} WARNING - No viable dags retrieved from /home/arun/.local/lib/python3.10/site-packages/airflow/example_dags/plugins/listener_plugin.py
[2024-03-05T16:33:05.587+0530] {processor.py:183} INFO - Processing /home/arun/.local/lib/python3.10/site-packages/airflow/example_dags/plugins/listener_plugin.py took 0.117 seconds
[2024-03-05T16:39:53.816+0530] {processor.py:161} INFO - Started process (PID=12444) to work on /home/arun/.local/lib/python3.10/site-packages/airflow/example_dags/plugins/listener_plugin.py
[2024-03-05T16:39:53.916+0530] {processor.py:830} INFO - Processing file /home/arun/.local/lib/python3.10/site-packages/airflow/example_dags/plugins/listener_plugin.py for tasks to queue
[2024-03-05T16:39:53.918+0530] {logging_mixin.py:188} INFO - [2024-03-05T16:39:53.917+0530] {dagbag.py:538} INFO - Filling up the DagBag from /home/arun/.local/lib/python3.10/site-packages/airflow/example_dags/plugins/listener_plugin.py
[2024-03-05T16:39:53.925+0530] {processor.py:842} WARNING - No viable dags retrieved from /home/arun/.local/lib/python3.10/site-packages/airflow/example_dags/plugins/listener_plugin.py
[2024-03-05T16:39:53.945+0530] {processor.py:183} INFO - Processing /home/arun/.local/lib/python3.10/site-packages/airflow/example_dags/plugins/listener_plugin.py took 0.137 seconds
[2024-03-05T16:41:37.233+0530] {processor.py:161} INFO - Started process (PID=12688) to work on /home/arun/.local/lib/python3.10/site-packages/airflow/example_dags/plugins/listener_plugin.py
[2024-03-05T16:41:37.282+0530] {processor.py:830} INFO - Processing file /home/arun/.local/lib/python3.10/site-packages/airflow/example_dags/plugins/listener_plugin.py for tasks to queue
[2024-03-05T16:41:37.283+0530] {logging_mixin.py:188} INFO - [2024-03-05T16:41:37.283+0530] {dagbag.py:538} INFO - Filling up the DagBag from /home/arun/.local/lib/python3.10/site-packages/airflow/example_dags/plugins/listener_plugin.py
[2024-03-05T16:41:37.296+0530] {processor.py:842} WARNING - No viable dags retrieved from /home/arun/.local/lib/python3.10/site-packages/airflow/example_dags/plugins/listener_plugin.py
[2024-03-05T16:41:37.341+0530] {processor.py:183} INFO - Processing /home/arun/.local/lib/python3.10/site-packages/airflow/example_dags/plugins/listener_plugin.py took 0.118 seconds
[2024-03-05T16:42:52.468+0530] {processor.py:161} INFO - Started process (PID=12783) to work on /home/arun/.local/lib/python3.10/site-packages/airflow/example_dags/plugins/listener_plugin.py
[2024-03-05T16:42:52.510+0530] {processor.py:830} INFO - Processing file /home/arun/.local/lib/python3.10/site-packages/airflow/example_dags/plugins/listener_plugin.py for tasks to queue
[2024-03-05T16:42:52.518+0530] {logging_mixin.py:188} INFO - [2024-03-05T16:42:52.512+0530] {dagbag.py:538} INFO - Filling up the DagBag from /home/arun/.local/lib/python3.10/site-packages/airflow/example_dags/plugins/listener_plugin.py
[2024-03-05T16:42:52.540+0530] {processor.py:842} WARNING - No viable dags retrieved from /home/arun/.local/lib/python3.10/site-packages/airflow/example_dags/plugins/listener_plugin.py
[2024-03-05T16:42:52.565+0530] {processor.py:183} INFO - Processing /home/arun/.local/lib/python3.10/site-packages/airflow/example_dags/plugins/listener_plugin.py took 0.119 seconds
[2024-03-05T16:43:56.808+0530] {processor.py:161} INFO - Started process (PID=12896) to work on /home/arun/.local/lib/python3.10/site-packages/airflow/example_dags/plugins/listener_plugin.py
[2024-03-05T16:43:56.835+0530] {processor.py:830} INFO - Processing file /home/arun/.local/lib/python3.10/site-packages/airflow/example_dags/plugins/listener_plugin.py for tasks to queue
[2024-03-05T16:43:56.836+0530] {logging_mixin.py:188} INFO - [2024-03-05T16:43:56.836+0530] {dagbag.py:538} INFO - Filling up the DagBag from /home/arun/.local/lib/python3.10/site-packages/airflow/example_dags/plugins/listener_plugin.py
[2024-03-05T16:43:56.849+0530] {processor.py:842} WARNING - No viable dags retrieved from /home/arun/.local/lib/python3.10/site-packages/airflow/example_dags/plugins/listener_plugin.py
[2024-03-05T16:43:56.882+0530] {processor.py:183} INFO - Processing /home/arun/.local/lib/python3.10/site-packages/airflow/example_dags/plugins/listener_plugin.py took 0.079 seconds
[2024-03-05T16:45:02.867+0530] {processor.py:161} INFO - Started process (PID=13018) to work on /home/arun/.local/lib/python3.10/site-packages/airflow/example_dags/plugins/listener_plugin.py
[2024-03-05T16:45:02.877+0530] {processor.py:830} INFO - Processing file /home/arun/.local/lib/python3.10/site-packages/airflow/example_dags/plugins/listener_plugin.py for tasks to queue
[2024-03-05T16:45:02.879+0530] {logging_mixin.py:188} INFO - [2024-03-05T16:45:02.878+0530] {dagbag.py:538} INFO - Filling up the DagBag from /home/arun/.local/lib/python3.10/site-packages/airflow/example_dags/plugins/listener_plugin.py
[2024-03-05T16:45:02.887+0530] {processor.py:842} WARNING - No viable dags retrieved from /home/arun/.local/lib/python3.10/site-packages/airflow/example_dags/plugins/listener_plugin.py
[2024-03-05T16:45:02.912+0530] {processor.py:183} INFO - Processing /home/arun/.local/lib/python3.10/site-packages/airflow/example_dags/plugins/listener_plugin.py took 0.051 seconds
[2024-03-05T16:52:36.977+0530] {processor.py:161} INFO - Started process (PID=13869) to work on /home/arun/.local/lib/python3.10/site-packages/airflow/example_dags/plugins/listener_plugin.py
[2024-03-05T16:52:36.979+0530] {processor.py:830} INFO - Processing file /home/arun/.local/lib/python3.10/site-packages/airflow/example_dags/plugins/listener_plugin.py for tasks to queue
[2024-03-05T16:52:36.980+0530] {logging_mixin.py:188} INFO - [2024-03-05T16:52:36.980+0530] {dagbag.py:538} INFO - Filling up the DagBag from /home/arun/.local/lib/python3.10/site-packages/airflow/example_dags/plugins/listener_plugin.py
[2024-03-05T16:52:36.983+0530] {processor.py:842} WARNING - No viable dags retrieved from /home/arun/.local/lib/python3.10/site-packages/airflow/example_dags/plugins/listener_plugin.py
[2024-03-05T16:52:36.994+0530] {processor.py:183} INFO - Processing /home/arun/.local/lib/python3.10/site-packages/airflow/example_dags/plugins/listener_plugin.py took 0.019 seconds
[2024-03-05T17:02:42.579+0530] {processor.py:161} INFO - Started process (PID=6243) to work on /home/arun/.local/lib/python3.10/site-packages/airflow/example_dags/plugins/listener_plugin.py
[2024-03-05T17:02:42.582+0530] {processor.py:830} INFO - Processing file /home/arun/.local/lib/python3.10/site-packages/airflow/example_dags/plugins/listener_plugin.py for tasks to queue
[2024-03-05T17:02:42.584+0530] {logging_mixin.py:188} INFO - [2024-03-05T17:02:42.584+0530] {dagbag.py:538} INFO - Filling up the DagBag from /home/arun/.local/lib/python3.10/site-packages/airflow/example_dags/plugins/listener_plugin.py
[2024-03-05T17:02:42.589+0530] {processor.py:842} WARNING - No viable dags retrieved from /home/arun/.local/lib/python3.10/site-packages/airflow/example_dags/plugins/listener_plugin.py
[2024-03-05T17:02:42.607+0530] {processor.py:183} INFO - Processing /home/arun/.local/lib/python3.10/site-packages/airflow/example_dags/plugins/listener_plugin.py took 0.033 seconds
[2024-03-05T17:05:26.057+0530] {processor.py:161} INFO - Started process (PID=6623) to work on /home/arun/.local/lib/python3.10/site-packages/airflow/example_dags/plugins/listener_plugin.py
[2024-03-05T17:05:26.060+0530] {processor.py:830} INFO - Processing file /home/arun/.local/lib/python3.10/site-packages/airflow/example_dags/plugins/listener_plugin.py for tasks to queue
[2024-03-05T17:05:26.062+0530] {logging_mixin.py:188} INFO - [2024-03-05T17:05:26.061+0530] {dagbag.py:538} INFO - Filling up the DagBag from /home/arun/.local/lib/python3.10/site-packages/airflow/example_dags/plugins/listener_plugin.py
[2024-03-05T17:05:26.065+0530] {processor.py:842} WARNING - No viable dags retrieved from /home/arun/.local/lib/python3.10/site-packages/airflow/example_dags/plugins/listener_plugin.py
[2024-03-05T17:05:26.079+0530] {processor.py:183} INFO - Processing /home/arun/.local/lib/python3.10/site-packages/airflow/example_dags/plugins/listener_plugin.py took 0.027 seconds
[2024-03-05T17:07:47.665+0530] {processor.py:161} INFO - Started process (PID=6886) to work on /home/arun/.local/lib/python3.10/site-packages/airflow/example_dags/plugins/listener_plugin.py
[2024-03-05T17:07:47.709+0530] {processor.py:830} INFO - Processing file /home/arun/.local/lib/python3.10/site-packages/airflow/example_dags/plugins/listener_plugin.py for tasks to queue
[2024-03-05T17:07:47.712+0530] {logging_mixin.py:188} INFO - [2024-03-05T17:07:47.710+0530] {dagbag.py:538} INFO - Filling up the DagBag from /home/arun/.local/lib/python3.10/site-packages/airflow/example_dags/plugins/listener_plugin.py
[2024-03-05T17:07:47.719+0530] {processor.py:842} WARNING - No viable dags retrieved from /home/arun/.local/lib/python3.10/site-packages/airflow/example_dags/plugins/listener_plugin.py
[2024-03-05T17:07:47.738+0530] {processor.py:183} INFO - Processing /home/arun/.local/lib/python3.10/site-packages/airflow/example_dags/plugins/listener_plugin.py took 0.079 seconds
[2024-03-05T17:09:09.945+0530] {processor.py:161} INFO - Started process (PID=7047) to work on /home/arun/.local/lib/python3.10/site-packages/airflow/example_dags/plugins/listener_plugin.py
[2024-03-05T17:09:09.947+0530] {processor.py:830} INFO - Processing file /home/arun/.local/lib/python3.10/site-packages/airflow/example_dags/plugins/listener_plugin.py for tasks to queue
[2024-03-05T17:09:09.948+0530] {logging_mixin.py:188} INFO - [2024-03-05T17:09:09.947+0530] {dagbag.py:538} INFO - Filling up the DagBag from /home/arun/.local/lib/python3.10/site-packages/airflow/example_dags/plugins/listener_plugin.py
[2024-03-05T17:09:09.951+0530] {processor.py:842} WARNING - No viable dags retrieved from /home/arun/.local/lib/python3.10/site-packages/airflow/example_dags/plugins/listener_plugin.py
[2024-03-05T17:09:09.963+0530] {processor.py:183} INFO - Processing /home/arun/.local/lib/python3.10/site-packages/airflow/example_dags/plugins/listener_plugin.py took 0.020 seconds
[2024-03-05T17:10:35.234+0530] {processor.py:161} INFO - Started process (PID=7207) to work on /home/arun/.local/lib/python3.10/site-packages/airflow/example_dags/plugins/listener_plugin.py
[2024-03-05T17:10:35.236+0530] {processor.py:830} INFO - Processing file /home/arun/.local/lib/python3.10/site-packages/airflow/example_dags/plugins/listener_plugin.py for tasks to queue
[2024-03-05T17:10:35.237+0530] {logging_mixin.py:188} INFO - [2024-03-05T17:10:35.236+0530] {dagbag.py:538} INFO - Filling up the DagBag from /home/arun/.local/lib/python3.10/site-packages/airflow/example_dags/plugins/listener_plugin.py
[2024-03-05T17:10:35.241+0530] {processor.py:842} WARNING - No viable dags retrieved from /home/arun/.local/lib/python3.10/site-packages/airflow/example_dags/plugins/listener_plugin.py
[2024-03-05T17:10:35.256+0530] {processor.py:183} INFO - Processing /home/arun/.local/lib/python3.10/site-packages/airflow/example_dags/plugins/listener_plugin.py took 0.026 seconds
[2024-03-05T17:11:59.334+0530] {processor.py:161} INFO - Started process (PID=7378) to work on /home/arun/.local/lib/python3.10/site-packages/airflow/example_dags/plugins/listener_plugin.py
[2024-03-05T17:11:59.336+0530] {processor.py:830} INFO - Processing file /home/arun/.local/lib/python3.10/site-packages/airflow/example_dags/plugins/listener_plugin.py for tasks to queue
[2024-03-05T17:11:59.337+0530] {logging_mixin.py:188} INFO - [2024-03-05T17:11:59.337+0530] {dagbag.py:538} INFO - Filling up the DagBag from /home/arun/.local/lib/python3.10/site-packages/airflow/example_dags/plugins/listener_plugin.py
[2024-03-05T17:11:59.341+0530] {processor.py:842} WARNING - No viable dags retrieved from /home/arun/.local/lib/python3.10/site-packages/airflow/example_dags/plugins/listener_plugin.py
[2024-03-05T17:11:59.359+0530] {processor.py:183} INFO - Processing /home/arun/.local/lib/python3.10/site-packages/airflow/example_dags/plugins/listener_plugin.py took 0.028 seconds
[2024-03-05T17:13:23.354+0530] {processor.py:161} INFO - Started process (PID=7605) to work on /home/arun/.local/lib/python3.10/site-packages/airflow/example_dags/plugins/listener_plugin.py
[2024-03-05T17:13:23.414+0530] {processor.py:830} INFO - Processing file /home/arun/.local/lib/python3.10/site-packages/airflow/example_dags/plugins/listener_plugin.py for tasks to queue
[2024-03-05T17:13:23.425+0530] {logging_mixin.py:188} INFO - [2024-03-05T17:13:23.421+0530] {dagbag.py:538} INFO - Filling up the DagBag from /home/arun/.local/lib/python3.10/site-packages/airflow/example_dags/plugins/listener_plugin.py
[2024-03-05T17:13:23.439+0530] {processor.py:842} WARNING - No viable dags retrieved from /home/arun/.local/lib/python3.10/site-packages/airflow/example_dags/plugins/listener_plugin.py
[2024-03-05T17:13:23.491+0530] {processor.py:183} INFO - Processing /home/arun/.local/lib/python3.10/site-packages/airflow/example_dags/plugins/listener_plugin.py took 0.146 seconds
[2024-03-05T17:14:51.400+0530] {processor.py:161} INFO - Started process (PID=7791) to work on /home/arun/.local/lib/python3.10/site-packages/airflow/example_dags/plugins/listener_plugin.py
[2024-03-05T17:14:51.429+0530] {processor.py:830} INFO - Processing file /home/arun/.local/lib/python3.10/site-packages/airflow/example_dags/plugins/listener_plugin.py for tasks to queue
[2024-03-05T17:14:51.430+0530] {logging_mixin.py:188} INFO - [2024-03-05T17:14:51.430+0530] {dagbag.py:538} INFO - Filling up the DagBag from /home/arun/.local/lib/python3.10/site-packages/airflow/example_dags/plugins/listener_plugin.py
[2024-03-05T17:14:51.433+0530] {processor.py:842} WARNING - No viable dags retrieved from /home/arun/.local/lib/python3.10/site-packages/airflow/example_dags/plugins/listener_plugin.py
[2024-03-05T17:14:51.445+0530] {processor.py:183} INFO - Processing /home/arun/.local/lib/python3.10/site-packages/airflow/example_dags/plugins/listener_plugin.py took 0.048 seconds
[2024-03-05T17:16:30.937+0530] {processor.py:161} INFO - Started process (PID=7972) to work on /home/arun/.local/lib/python3.10/site-packages/airflow/example_dags/plugins/listener_plugin.py
[2024-03-05T17:16:30.948+0530] {processor.py:830} INFO - Processing file /home/arun/.local/lib/python3.10/site-packages/airflow/example_dags/plugins/listener_plugin.py for tasks to queue
[2024-03-05T17:16:30.949+0530] {logging_mixin.py:188} INFO - [2024-03-05T17:16:30.949+0530] {dagbag.py:538} INFO - Filling up the DagBag from /home/arun/.local/lib/python3.10/site-packages/airflow/example_dags/plugins/listener_plugin.py
[2024-03-05T17:16:30.953+0530] {processor.py:842} WARNING - No viable dags retrieved from /home/arun/.local/lib/python3.10/site-packages/airflow/example_dags/plugins/listener_plugin.py
[2024-03-05T17:16:30.966+0530] {processor.py:183} INFO - Processing /home/arun/.local/lib/python3.10/site-packages/airflow/example_dags/plugins/listener_plugin.py took 0.033 seconds
[2024-03-05T17:18:05.268+0530] {processor.py:161} INFO - Started process (PID=8163) to work on /home/arun/.local/lib/python3.10/site-packages/airflow/example_dags/plugins/listener_plugin.py
[2024-03-05T17:18:05.304+0530] {processor.py:830} INFO - Processing file /home/arun/.local/lib/python3.10/site-packages/airflow/example_dags/plugins/listener_plugin.py for tasks to queue
[2024-03-05T17:18:05.308+0530] {logging_mixin.py:188} INFO - [2024-03-05T17:18:05.306+0530] {dagbag.py:538} INFO - Filling up the DagBag from /home/arun/.local/lib/python3.10/site-packages/airflow/example_dags/plugins/listener_plugin.py
[2024-03-05T17:18:05.323+0530] {processor.py:842} WARNING - No viable dags retrieved from /home/arun/.local/lib/python3.10/site-packages/airflow/example_dags/plugins/listener_plugin.py
[2024-03-05T17:18:05.363+0530] {processor.py:183} INFO - Processing /home/arun/.local/lib/python3.10/site-packages/airflow/example_dags/plugins/listener_plugin.py took 0.104 seconds
[2024-03-05T17:19:45.164+0530] {processor.py:161} INFO - Started process (PID=8377) to work on /home/arun/.local/lib/python3.10/site-packages/airflow/example_dags/plugins/listener_plugin.py
[2024-03-05T17:19:45.165+0530] {processor.py:830} INFO - Processing file /home/arun/.local/lib/python3.10/site-packages/airflow/example_dags/plugins/listener_plugin.py for tasks to queue
[2024-03-05T17:19:45.166+0530] {logging_mixin.py:188} INFO - [2024-03-05T17:19:45.166+0530] {dagbag.py:538} INFO - Filling up the DagBag from /home/arun/.local/lib/python3.10/site-packages/airflow/example_dags/plugins/listener_plugin.py
[2024-03-05T17:19:45.169+0530] {processor.py:842} WARNING - No viable dags retrieved from /home/arun/.local/lib/python3.10/site-packages/airflow/example_dags/plugins/listener_plugin.py
[2024-03-05T17:19:45.184+0530] {processor.py:183} INFO - Processing /home/arun/.local/lib/python3.10/site-packages/airflow/example_dags/plugins/listener_plugin.py took 0.024 seconds
[2024-03-05T17:21:07.584+0530] {processor.py:161} INFO - Started process (PID=8569) to work on /home/arun/.local/lib/python3.10/site-packages/airflow/example_dags/plugins/listener_plugin.py
[2024-03-05T17:21:07.617+0530] {processor.py:830} INFO - Processing file /home/arun/.local/lib/python3.10/site-packages/airflow/example_dags/plugins/listener_plugin.py for tasks to queue
[2024-03-05T17:21:07.619+0530] {logging_mixin.py:188} INFO - [2024-03-05T17:21:07.618+0530] {dagbag.py:538} INFO - Filling up the DagBag from /home/arun/.local/lib/python3.10/site-packages/airflow/example_dags/plugins/listener_plugin.py
[2024-03-05T17:21:07.631+0530] {processor.py:842} WARNING - No viable dags retrieved from /home/arun/.local/lib/python3.10/site-packages/airflow/example_dags/plugins/listener_plugin.py
[2024-03-05T17:21:07.700+0530] {processor.py:183} INFO - Processing /home/arun/.local/lib/python3.10/site-packages/airflow/example_dags/plugins/listener_plugin.py took 0.121 seconds
[2024-03-05T17:22:46.666+0530] {processor.py:161} INFO - Started process (PID=8745) to work on /home/arun/.local/lib/python3.10/site-packages/airflow/example_dags/plugins/listener_plugin.py
[2024-03-05T17:22:46.685+0530] {processor.py:830} INFO - Processing file /home/arun/.local/lib/python3.10/site-packages/airflow/example_dags/plugins/listener_plugin.py for tasks to queue
[2024-03-05T17:22:46.687+0530] {logging_mixin.py:188} INFO - [2024-03-05T17:22:46.686+0530] {dagbag.py:538} INFO - Filling up the DagBag from /home/arun/.local/lib/python3.10/site-packages/airflow/example_dags/plugins/listener_plugin.py
[2024-03-05T17:22:46.692+0530] {processor.py:842} WARNING - No viable dags retrieved from /home/arun/.local/lib/python3.10/site-packages/airflow/example_dags/plugins/listener_plugin.py
[2024-03-05T17:22:46.712+0530] {processor.py:183} INFO - Processing /home/arun/.local/lib/python3.10/site-packages/airflow/example_dags/plugins/listener_plugin.py took 0.053 seconds
[2024-03-05T17:24:15.232+0530] {processor.py:161} INFO - Started process (PID=8917) to work on /home/arun/.local/lib/python3.10/site-packages/airflow/example_dags/plugins/listener_plugin.py
[2024-03-05T17:24:15.258+0530] {processor.py:830} INFO - Processing file /home/arun/.local/lib/python3.10/site-packages/airflow/example_dags/plugins/listener_plugin.py for tasks to queue
[2024-03-05T17:24:15.259+0530] {logging_mixin.py:188} INFO - [2024-03-05T17:24:15.259+0530] {dagbag.py:538} INFO - Filling up the DagBag from /home/arun/.local/lib/python3.10/site-packages/airflow/example_dags/plugins/listener_plugin.py
[2024-03-05T17:24:15.263+0530] {processor.py:842} WARNING - No viable dags retrieved from /home/arun/.local/lib/python3.10/site-packages/airflow/example_dags/plugins/listener_plugin.py
[2024-03-05T17:24:15.277+0530] {processor.py:183} INFO - Processing /home/arun/.local/lib/python3.10/site-packages/airflow/example_dags/plugins/listener_plugin.py took 0.048 seconds
[2024-03-05T17:25:38.272+0530] {processor.py:161} INFO - Started process (PID=9072) to work on /home/arun/.local/lib/python3.10/site-packages/airflow/example_dags/plugins/listener_plugin.py
[2024-03-05T17:25:38.312+0530] {processor.py:830} INFO - Processing file /home/arun/.local/lib/python3.10/site-packages/airflow/example_dags/plugins/listener_plugin.py for tasks to queue
[2024-03-05T17:25:38.313+0530] {logging_mixin.py:188} INFO - [2024-03-05T17:25:38.312+0530] {dagbag.py:538} INFO - Filling up the DagBag from /home/arun/.local/lib/python3.10/site-packages/airflow/example_dags/plugins/listener_plugin.py
[2024-03-05T17:25:38.317+0530] {processor.py:842} WARNING - No viable dags retrieved from /home/arun/.local/lib/python3.10/site-packages/airflow/example_dags/plugins/listener_plugin.py
[2024-03-05T17:25:38.332+0530] {processor.py:183} INFO - Processing /home/arun/.local/lib/python3.10/site-packages/airflow/example_dags/plugins/listener_plugin.py took 0.063 seconds
[2024-03-05T17:27:00.316+0530] {processor.py:161} INFO - Started process (PID=9233) to work on /home/arun/.local/lib/python3.10/site-packages/airflow/example_dags/plugins/listener_plugin.py
[2024-03-05T17:27:00.341+0530] {processor.py:830} INFO - Processing file /home/arun/.local/lib/python3.10/site-packages/airflow/example_dags/plugins/listener_plugin.py for tasks to queue
[2024-03-05T17:27:00.346+0530] {logging_mixin.py:188} INFO - [2024-03-05T17:27:00.342+0530] {dagbag.py:538} INFO - Filling up the DagBag from /home/arun/.local/lib/python3.10/site-packages/airflow/example_dags/plugins/listener_plugin.py
[2024-03-05T17:27:00.361+0530] {processor.py:842} WARNING - No viable dags retrieved from /home/arun/.local/lib/python3.10/site-packages/airflow/example_dags/plugins/listener_plugin.py
[2024-03-05T17:27:00.411+0530] {processor.py:183} INFO - Processing /home/arun/.local/lib/python3.10/site-packages/airflow/example_dags/plugins/listener_plugin.py took 0.101 seconds
[2024-03-05T17:28:21.284+0530] {processor.py:161} INFO - Started process (PID=9406) to work on /home/arun/.local/lib/python3.10/site-packages/airflow/example_dags/plugins/listener_plugin.py
[2024-03-05T17:28:21.286+0530] {processor.py:830} INFO - Processing file /home/arun/.local/lib/python3.10/site-packages/airflow/example_dags/plugins/listener_plugin.py for tasks to queue
[2024-03-05T17:28:21.287+0530] {logging_mixin.py:188} INFO - [2024-03-05T17:28:21.287+0530] {dagbag.py:538} INFO - Filling up the DagBag from /home/arun/.local/lib/python3.10/site-packages/airflow/example_dags/plugins/listener_plugin.py
[2024-03-05T17:28:21.291+0530] {processor.py:842} WARNING - No viable dags retrieved from /home/arun/.local/lib/python3.10/site-packages/airflow/example_dags/plugins/listener_plugin.py
[2024-03-05T17:28:21.304+0530] {processor.py:183} INFO - Processing /home/arun/.local/lib/python3.10/site-packages/airflow/example_dags/plugins/listener_plugin.py took 0.024 seconds
[2024-03-05T17:30:00.942+0530] {processor.py:161} INFO - Started process (PID=9597) to work on /home/arun/.local/lib/python3.10/site-packages/airflow/example_dags/plugins/listener_plugin.py
[2024-03-05T17:30:01.015+0530] {processor.py:830} INFO - Processing file /home/arun/.local/lib/python3.10/site-packages/airflow/example_dags/plugins/listener_plugin.py for tasks to queue
[2024-03-05T17:30:01.020+0530] {logging_mixin.py:188} INFO - [2024-03-05T17:30:01.019+0530] {dagbag.py:538} INFO - Filling up the DagBag from /home/arun/.local/lib/python3.10/site-packages/airflow/example_dags/plugins/listener_plugin.py
[2024-03-05T17:30:01.029+0530] {processor.py:842} WARNING - No viable dags retrieved from /home/arun/.local/lib/python3.10/site-packages/airflow/example_dags/plugins/listener_plugin.py
[2024-03-05T17:30:01.063+0530] {processor.py:183} INFO - Processing /home/arun/.local/lib/python3.10/site-packages/airflow/example_dags/plugins/listener_plugin.py took 0.191 seconds
[2024-03-05T17:31:42.245+0530] {processor.py:161} INFO - Started process (PID=9820) to work on /home/arun/.local/lib/python3.10/site-packages/airflow/example_dags/plugins/listener_plugin.py
[2024-03-05T17:31:42.278+0530] {processor.py:830} INFO - Processing file /home/arun/.local/lib/python3.10/site-packages/airflow/example_dags/plugins/listener_plugin.py for tasks to queue
[2024-03-05T17:31:42.279+0530] {logging_mixin.py:188} INFO - [2024-03-05T17:31:42.279+0530] {dagbag.py:538} INFO - Filling up the DagBag from /home/arun/.local/lib/python3.10/site-packages/airflow/example_dags/plugins/listener_plugin.py
[2024-03-05T17:31:42.282+0530] {processor.py:842} WARNING - No viable dags retrieved from /home/arun/.local/lib/python3.10/site-packages/airflow/example_dags/plugins/listener_plugin.py
[2024-03-05T17:31:42.294+0530] {processor.py:183} INFO - Processing /home/arun/.local/lib/python3.10/site-packages/airflow/example_dags/plugins/listener_plugin.py took 0.053 seconds
[2024-03-05T17:33:23.215+0530] {processor.py:161} INFO - Started process (PID=10030) to work on /home/arun/.local/lib/python3.10/site-packages/airflow/example_dags/plugins/listener_plugin.py
[2024-03-05T17:33:23.255+0530] {processor.py:830} INFO - Processing file /home/arun/.local/lib/python3.10/site-packages/airflow/example_dags/plugins/listener_plugin.py for tasks to queue
[2024-03-05T17:33:23.256+0530] {logging_mixin.py:188} INFO - [2024-03-05T17:33:23.256+0530] {dagbag.py:538} INFO - Filling up the DagBag from /home/arun/.local/lib/python3.10/site-packages/airflow/example_dags/plugins/listener_plugin.py
[2024-03-05T17:33:23.259+0530] {processor.py:842} WARNING - No viable dags retrieved from /home/arun/.local/lib/python3.10/site-packages/airflow/example_dags/plugins/listener_plugin.py
[2024-03-05T17:33:23.269+0530] {processor.py:183} INFO - Processing /home/arun/.local/lib/python3.10/site-packages/airflow/example_dags/plugins/listener_plugin.py took 0.058 seconds
[2024-03-05T17:34:56.011+0530] {processor.py:161} INFO - Started process (PID=10220) to work on /home/arun/.local/lib/python3.10/site-packages/airflow/example_dags/plugins/listener_plugin.py
[2024-03-05T17:34:56.027+0530] {processor.py:830} INFO - Processing file /home/arun/.local/lib/python3.10/site-packages/airflow/example_dags/plugins/listener_plugin.py for tasks to queue
[2024-03-05T17:34:56.029+0530] {logging_mixin.py:188} INFO - [2024-03-05T17:34:56.028+0530] {dagbag.py:538} INFO - Filling up the DagBag from /home/arun/.local/lib/python3.10/site-packages/airflow/example_dags/plugins/listener_plugin.py
[2024-03-05T17:34:56.035+0530] {processor.py:842} WARNING - No viable dags retrieved from /home/arun/.local/lib/python3.10/site-packages/airflow/example_dags/plugins/listener_plugin.py
[2024-03-05T17:34:56.060+0530] {processor.py:183} INFO - Processing /home/arun/.local/lib/python3.10/site-packages/airflow/example_dags/plugins/listener_plugin.py took 0.056 seconds
[2024-03-05T17:36:33.646+0530] {processor.py:161} INFO - Started process (PID=10408) to work on /home/arun/.local/lib/python3.10/site-packages/airflow/example_dags/plugins/listener_plugin.py
[2024-03-05T17:36:33.693+0530] {processor.py:830} INFO - Processing file /home/arun/.local/lib/python3.10/site-packages/airflow/example_dags/plugins/listener_plugin.py for tasks to queue
[2024-03-05T17:36:33.697+0530] {logging_mixin.py:188} INFO - [2024-03-05T17:36:33.694+0530] {dagbag.py:538} INFO - Filling up the DagBag from /home/arun/.local/lib/python3.10/site-packages/airflow/example_dags/plugins/listener_plugin.py
[2024-03-05T17:36:33.702+0530] {processor.py:842} WARNING - No viable dags retrieved from /home/arun/.local/lib/python3.10/site-packages/airflow/example_dags/plugins/listener_plugin.py
[2024-03-05T17:36:33.718+0530] {processor.py:183} INFO - Processing /home/arun/.local/lib/python3.10/site-packages/airflow/example_dags/plugins/listener_plugin.py took 0.077 seconds
[2024-03-05T17:38:03.734+0530] {processor.py:161} INFO - Started process (PID=10576) to work on /home/arun/.local/lib/python3.10/site-packages/airflow/example_dags/plugins/listener_plugin.py
[2024-03-05T17:38:03.764+0530] {processor.py:830} INFO - Processing file /home/arun/.local/lib/python3.10/site-packages/airflow/example_dags/plugins/listener_plugin.py for tasks to queue
[2024-03-05T17:38:03.764+0530] {logging_mixin.py:188} INFO - [2024-03-05T17:38:03.764+0530] {dagbag.py:538} INFO - Filling up the DagBag from /home/arun/.local/lib/python3.10/site-packages/airflow/example_dags/plugins/listener_plugin.py
[2024-03-05T17:38:03.767+0530] {processor.py:842} WARNING - No viable dags retrieved from /home/arun/.local/lib/python3.10/site-packages/airflow/example_dags/plugins/listener_plugin.py
[2024-03-05T17:38:03.777+0530] {processor.py:183} INFO - Processing /home/arun/.local/lib/python3.10/site-packages/airflow/example_dags/plugins/listener_plugin.py took 0.046 seconds
[2024-03-05T17:39:28.892+0530] {processor.py:161} INFO - Started process (PID=10794) to work on /home/arun/.local/lib/python3.10/site-packages/airflow/example_dags/plugins/listener_plugin.py
[2024-03-05T17:39:28.898+0530] {processor.py:830} INFO - Processing file /home/arun/.local/lib/python3.10/site-packages/airflow/example_dags/plugins/listener_plugin.py for tasks to queue
[2024-03-05T17:39:28.899+0530] {logging_mixin.py:188} INFO - [2024-03-05T17:39:28.899+0530] {dagbag.py:538} INFO - Filling up the DagBag from /home/arun/.local/lib/python3.10/site-packages/airflow/example_dags/plugins/listener_plugin.py
[2024-03-05T17:39:28.904+0530] {processor.py:842} WARNING - No viable dags retrieved from /home/arun/.local/lib/python3.10/site-packages/airflow/example_dags/plugins/listener_plugin.py
[2024-03-05T17:39:28.924+0530] {processor.py:183} INFO - Processing /home/arun/.local/lib/python3.10/site-packages/airflow/example_dags/plugins/listener_plugin.py took 0.040 seconds
[2024-03-05T17:45:46.579+0530] {processor.py:161} INFO - Started process (PID=11320) to work on /home/arun/.local/lib/python3.10/site-packages/airflow/example_dags/plugins/listener_plugin.py
[2024-03-05T17:45:46.615+0530] {processor.py:830} INFO - Processing file /home/arun/.local/lib/python3.10/site-packages/airflow/example_dags/plugins/listener_plugin.py for tasks to queue
[2024-03-05T17:45:46.616+0530] {logging_mixin.py:188} INFO - [2024-03-05T17:45:46.616+0530] {dagbag.py:538} INFO - Filling up the DagBag from /home/arun/.local/lib/python3.10/site-packages/airflow/example_dags/plugins/listener_plugin.py
[2024-03-05T17:45:46.620+0530] {processor.py:842} WARNING - No viable dags retrieved from /home/arun/.local/lib/python3.10/site-packages/airflow/example_dags/plugins/listener_plugin.py
[2024-03-05T17:45:46.632+0530] {processor.py:183} INFO - Processing /home/arun/.local/lib/python3.10/site-packages/airflow/example_dags/plugins/listener_plugin.py took 0.057 seconds
[2024-03-05T17:47:07.064+0530] {processor.py:161} INFO - Started process (PID=11479) to work on /home/arun/.local/lib/python3.10/site-packages/airflow/example_dags/plugins/listener_plugin.py
[2024-03-05T17:47:07.067+0530] {processor.py:830} INFO - Processing file /home/arun/.local/lib/python3.10/site-packages/airflow/example_dags/plugins/listener_plugin.py for tasks to queue
[2024-03-05T17:47:07.069+0530] {logging_mixin.py:188} INFO - [2024-03-05T17:47:07.068+0530] {dagbag.py:538} INFO - Filling up the DagBag from /home/arun/.local/lib/python3.10/site-packages/airflow/example_dags/plugins/listener_plugin.py
[2024-03-05T17:47:07.073+0530] {processor.py:842} WARNING - No viable dags retrieved from /home/arun/.local/lib/python3.10/site-packages/airflow/example_dags/plugins/listener_plugin.py
[2024-03-05T17:47:07.092+0530] {processor.py:183} INFO - Processing /home/arun/.local/lib/python3.10/site-packages/airflow/example_dags/plugins/listener_plugin.py took 0.034 seconds
[2024-03-05T17:48:46.229+0530] {processor.py:161} INFO - Started process (PID=11754) to work on /home/arun/.local/lib/python3.10/site-packages/airflow/example_dags/plugins/listener_plugin.py
[2024-03-05T17:48:46.307+0530] {processor.py:830} INFO - Processing file /home/arun/.local/lib/python3.10/site-packages/airflow/example_dags/plugins/listener_plugin.py for tasks to queue
[2024-03-05T17:48:46.308+0530] {logging_mixin.py:188} INFO - [2024-03-05T17:48:46.307+0530] {dagbag.py:538} INFO - Filling up the DagBag from /home/arun/.local/lib/python3.10/site-packages/airflow/example_dags/plugins/listener_plugin.py
[2024-03-05T17:48:46.311+0530] {processor.py:842} WARNING - No viable dags retrieved from /home/arun/.local/lib/python3.10/site-packages/airflow/example_dags/plugins/listener_plugin.py
[2024-03-05T17:48:46.324+0530] {processor.py:183} INFO - Processing /home/arun/.local/lib/python3.10/site-packages/airflow/example_dags/plugins/listener_plugin.py took 0.110 seconds
[2024-03-05T17:50:24.043+0530] {processor.py:161} INFO - Started process (PID=11944) to work on /home/arun/.local/lib/python3.10/site-packages/airflow/example_dags/plugins/listener_plugin.py
[2024-03-05T17:50:24.082+0530] {processor.py:830} INFO - Processing file /home/arun/.local/lib/python3.10/site-packages/airflow/example_dags/plugins/listener_plugin.py for tasks to queue
[2024-03-05T17:50:24.084+0530] {logging_mixin.py:188} INFO - [2024-03-05T17:50:24.083+0530] {dagbag.py:538} INFO - Filling up the DagBag from /home/arun/.local/lib/python3.10/site-packages/airflow/example_dags/plugins/listener_plugin.py
[2024-03-05T17:50:24.088+0530] {processor.py:842} WARNING - No viable dags retrieved from /home/arun/.local/lib/python3.10/site-packages/airflow/example_dags/plugins/listener_plugin.py
[2024-03-05T17:50:24.103+0530] {processor.py:183} INFO - Processing /home/arun/.local/lib/python3.10/site-packages/airflow/example_dags/plugins/listener_plugin.py took 0.064 seconds
[2024-03-05T17:52:02.789+0530] {processor.py:161} INFO - Started process (PID=12133) to work on /home/arun/.local/lib/python3.10/site-packages/airflow/example_dags/plugins/listener_plugin.py
[2024-03-05T17:52:02.849+0530] {processor.py:830} INFO - Processing file /home/arun/.local/lib/python3.10/site-packages/airflow/example_dags/plugins/listener_plugin.py for tasks to queue
[2024-03-05T17:52:02.877+0530] {logging_mixin.py:188} INFO - [2024-03-05T17:52:02.876+0530] {dagbag.py:538} INFO - Filling up the DagBag from /home/arun/.local/lib/python3.10/site-packages/airflow/example_dags/plugins/listener_plugin.py
[2024-03-05T17:52:02.892+0530] {processor.py:842} WARNING - No viable dags retrieved from /home/arun/.local/lib/python3.10/site-packages/airflow/example_dags/plugins/listener_plugin.py
[2024-03-05T17:52:02.912+0530] {processor.py:183} INFO - Processing /home/arun/.local/lib/python3.10/site-packages/airflow/example_dags/plugins/listener_plugin.py took 0.128 seconds
[2024-03-05T17:53:40.559+0530] {processor.py:161} INFO - Started process (PID=12358) to work on /home/arun/.local/lib/python3.10/site-packages/airflow/example_dags/plugins/listener_plugin.py
[2024-03-05T17:53:40.562+0530] {processor.py:830} INFO - Processing file /home/arun/.local/lib/python3.10/site-packages/airflow/example_dags/plugins/listener_plugin.py for tasks to queue
[2024-03-05T17:53:40.563+0530] {logging_mixin.py:188} INFO - [2024-03-05T17:53:40.562+0530] {dagbag.py:538} INFO - Filling up the DagBag from /home/arun/.local/lib/python3.10/site-packages/airflow/example_dags/plugins/listener_plugin.py
[2024-03-05T17:53:40.566+0530] {processor.py:842} WARNING - No viable dags retrieved from /home/arun/.local/lib/python3.10/site-packages/airflow/example_dags/plugins/listener_plugin.py
[2024-03-05T17:53:40.579+0530] {processor.py:183} INFO - Processing /home/arun/.local/lib/python3.10/site-packages/airflow/example_dags/plugins/listener_plugin.py took 0.023 seconds
[2024-03-05T17:55:21.042+0530] {processor.py:161} INFO - Started process (PID=12560) to work on /home/arun/.local/lib/python3.10/site-packages/airflow/example_dags/plugins/listener_plugin.py
[2024-03-05T17:55:21.080+0530] {processor.py:830} INFO - Processing file /home/arun/.local/lib/python3.10/site-packages/airflow/example_dags/plugins/listener_plugin.py for tasks to queue
[2024-03-05T17:55:21.082+0530] {logging_mixin.py:188} INFO - [2024-03-05T17:55:21.082+0530] {dagbag.py:538} INFO - Filling up the DagBag from /home/arun/.local/lib/python3.10/site-packages/airflow/example_dags/plugins/listener_plugin.py
[2024-03-05T17:55:21.086+0530] {processor.py:842} WARNING - No viable dags retrieved from /home/arun/.local/lib/python3.10/site-packages/airflow/example_dags/plugins/listener_plugin.py
[2024-03-05T17:55:21.100+0530] {processor.py:183} INFO - Processing /home/arun/.local/lib/python3.10/site-packages/airflow/example_dags/plugins/listener_plugin.py took 0.063 seconds
[2024-03-05T17:57:02.867+0530] {processor.py:161} INFO - Started process (PID=12928) to work on /home/arun/.local/lib/python3.10/site-packages/airflow/example_dags/plugins/listener_plugin.py
[2024-03-05T17:57:02.906+0530] {processor.py:830} INFO - Processing file /home/arun/.local/lib/python3.10/site-packages/airflow/example_dags/plugins/listener_plugin.py for tasks to queue
[2024-03-05T17:57:02.907+0530] {logging_mixin.py:188} INFO - [2024-03-05T17:57:02.907+0530] {dagbag.py:538} INFO - Filling up the DagBag from /home/arun/.local/lib/python3.10/site-packages/airflow/example_dags/plugins/listener_plugin.py
[2024-03-05T17:57:02.910+0530] {processor.py:842} WARNING - No viable dags retrieved from /home/arun/.local/lib/python3.10/site-packages/airflow/example_dags/plugins/listener_plugin.py
[2024-03-05T17:57:02.925+0530] {processor.py:183} INFO - Processing /home/arun/.local/lib/python3.10/site-packages/airflow/example_dags/plugins/listener_plugin.py took 0.062 seconds
[2024-03-05T17:58:44.886+0530] {processor.py:161} INFO - Started process (PID=13124) to work on /home/arun/.local/lib/python3.10/site-packages/airflow/example_dags/plugins/listener_plugin.py
[2024-03-05T17:58:44.925+0530] {processor.py:830} INFO - Processing file /home/arun/.local/lib/python3.10/site-packages/airflow/example_dags/plugins/listener_plugin.py for tasks to queue
[2024-03-05T17:58:44.927+0530] {logging_mixin.py:188} INFO - [2024-03-05T17:58:44.926+0530] {dagbag.py:538} INFO - Filling up the DagBag from /home/arun/.local/lib/python3.10/site-packages/airflow/example_dags/plugins/listener_plugin.py
[2024-03-05T17:58:44.932+0530] {processor.py:842} WARNING - No viable dags retrieved from /home/arun/.local/lib/python3.10/site-packages/airflow/example_dags/plugins/listener_plugin.py
[2024-03-05T17:58:44.951+0530] {processor.py:183} INFO - Processing /home/arun/.local/lib/python3.10/site-packages/airflow/example_dags/plugins/listener_plugin.py took 0.069 seconds
[2024-03-05T18:53:13.346+0530] {processor.py:161} INFO - Started process (PID=14778) to work on /home/arun/.local/lib/python3.10/site-packages/airflow/example_dags/plugins/listener_plugin.py
[2024-03-05T18:53:13.370+0530] {processor.py:830} INFO - Processing file /home/arun/.local/lib/python3.10/site-packages/airflow/example_dags/plugins/listener_plugin.py for tasks to queue
[2024-03-05T18:53:13.372+0530] {logging_mixin.py:188} INFO - [2024-03-05T18:53:13.371+0530] {dagbag.py:538} INFO - Filling up the DagBag from /home/arun/.local/lib/python3.10/site-packages/airflow/example_dags/plugins/listener_plugin.py
[2024-03-05T18:53:13.376+0530] {processor.py:842} WARNING - No viable dags retrieved from /home/arun/.local/lib/python3.10/site-packages/airflow/example_dags/plugins/listener_plugin.py
[2024-03-05T18:53:13.429+0530] {processor.py:183} INFO - Processing /home/arun/.local/lib/python3.10/site-packages/airflow/example_dags/plugins/listener_plugin.py took 0.107 seconds
[2024-03-05T18:54:57.490+0530] {processor.py:161} INFO - Started process (PID=14953) to work on /home/arun/.local/lib/python3.10/site-packages/airflow/example_dags/plugins/listener_plugin.py
[2024-03-05T18:54:57.517+0530] {processor.py:830} INFO - Processing file /home/arun/.local/lib/python3.10/site-packages/airflow/example_dags/plugins/listener_plugin.py for tasks to queue
[2024-03-05T18:54:57.526+0530] {logging_mixin.py:188} INFO - [2024-03-05T18:54:57.525+0530] {dagbag.py:538} INFO - Filling up the DagBag from /home/arun/.local/lib/python3.10/site-packages/airflow/example_dags/plugins/listener_plugin.py
[2024-03-05T18:54:57.531+0530] {processor.py:842} WARNING - No viable dags retrieved from /home/arun/.local/lib/python3.10/site-packages/airflow/example_dags/plugins/listener_plugin.py
[2024-03-05T18:54:57.553+0530] {processor.py:183} INFO - Processing /home/arun/.local/lib/python3.10/site-packages/airflow/example_dags/plugins/listener_plugin.py took 0.093 seconds
[2024-03-05T18:56:10.094+0530] {processor.py:161} INFO - Started process (PID=15073) to work on /home/arun/.local/lib/python3.10/site-packages/airflow/example_dags/plugins/listener_plugin.py
[2024-03-05T18:56:10.145+0530] {processor.py:830} INFO - Processing file /home/arun/.local/lib/python3.10/site-packages/airflow/example_dags/plugins/listener_plugin.py for tasks to queue
[2024-03-05T18:56:10.149+0530] {logging_mixin.py:188} INFO - [2024-03-05T18:56:10.146+0530] {dagbag.py:538} INFO - Filling up the DagBag from /home/arun/.local/lib/python3.10/site-packages/airflow/example_dags/plugins/listener_plugin.py
[2024-03-05T18:56:10.160+0530] {processor.py:842} WARNING - No viable dags retrieved from /home/arun/.local/lib/python3.10/site-packages/airflow/example_dags/plugins/listener_plugin.py
[2024-03-05T18:56:10.186+0530] {processor.py:183} INFO - Processing /home/arun/.local/lib/python3.10/site-packages/airflow/example_dags/plugins/listener_plugin.py took 0.098 seconds
[2024-03-05T18:57:15.084+0530] {processor.py:161} INFO - Started process (PID=15212) to work on /home/arun/.local/lib/python3.10/site-packages/airflow/example_dags/plugins/listener_plugin.py
[2024-03-05T18:57:15.140+0530] {processor.py:830} INFO - Processing file /home/arun/.local/lib/python3.10/site-packages/airflow/example_dags/plugins/listener_plugin.py for tasks to queue
[2024-03-05T18:57:15.141+0530] {logging_mixin.py:188} INFO - [2024-03-05T18:57:15.141+0530] {dagbag.py:538} INFO - Filling up the DagBag from /home/arun/.local/lib/python3.10/site-packages/airflow/example_dags/plugins/listener_plugin.py
[2024-03-05T18:57:15.164+0530] {processor.py:842} WARNING - No viable dags retrieved from /home/arun/.local/lib/python3.10/site-packages/airflow/example_dags/plugins/listener_plugin.py
[2024-03-05T18:57:15.181+0530] {processor.py:183} INFO - Processing /home/arun/.local/lib/python3.10/site-packages/airflow/example_dags/plugins/listener_plugin.py took 0.103 seconds
[2024-03-05T18:58:23.442+0530] {processor.py:161} INFO - Started process (PID=15398) to work on /home/arun/.local/lib/python3.10/site-packages/airflow/example_dags/plugins/listener_plugin.py
[2024-03-05T18:58:23.455+0530] {processor.py:830} INFO - Processing file /home/arun/.local/lib/python3.10/site-packages/airflow/example_dags/plugins/listener_plugin.py for tasks to queue
[2024-03-05T18:58:23.468+0530] {logging_mixin.py:188} INFO - [2024-03-05T18:58:23.457+0530] {dagbag.py:538} INFO - Filling up the DagBag from /home/arun/.local/lib/python3.10/site-packages/airflow/example_dags/plugins/listener_plugin.py
[2024-03-05T18:58:23.481+0530] {processor.py:842} WARNING - No viable dags retrieved from /home/arun/.local/lib/python3.10/site-packages/airflow/example_dags/plugins/listener_plugin.py
[2024-03-05T18:58:23.514+0530] {processor.py:183} INFO - Processing /home/arun/.local/lib/python3.10/site-packages/airflow/example_dags/plugins/listener_plugin.py took 0.077 seconds
[2024-03-05T19:00:38.163+0530] {processor.py:161} INFO - Started process (PID=15601) to work on /home/arun/.local/lib/python3.10/site-packages/airflow/example_dags/plugins/listener_plugin.py
[2024-03-05T19:00:38.233+0530] {processor.py:830} INFO - Processing file /home/arun/.local/lib/python3.10/site-packages/airflow/example_dags/plugins/listener_plugin.py for tasks to queue
[2024-03-05T19:00:38.234+0530] {logging_mixin.py:188} INFO - [2024-03-05T19:00:38.234+0530] {dagbag.py:538} INFO - Filling up the DagBag from /home/arun/.local/lib/python3.10/site-packages/airflow/example_dags/plugins/listener_plugin.py
[2024-03-05T19:00:38.267+0530] {processor.py:842} WARNING - No viable dags retrieved from /home/arun/.local/lib/python3.10/site-packages/airflow/example_dags/plugins/listener_plugin.py
[2024-03-05T19:00:38.298+0530] {processor.py:183} INFO - Processing /home/arun/.local/lib/python3.10/site-packages/airflow/example_dags/plugins/listener_plugin.py took 0.141 seconds
[2024-03-05T19:02:42.310+0530] {processor.py:161} INFO - Started process (PID=15773) to work on /home/arun/.local/lib/python3.10/site-packages/airflow/example_dags/plugins/listener_plugin.py
[2024-03-05T19:02:42.362+0530] {processor.py:830} INFO - Processing file /home/arun/.local/lib/python3.10/site-packages/airflow/example_dags/plugins/listener_plugin.py for tasks to queue
[2024-03-05T19:02:42.378+0530] {logging_mixin.py:188} INFO - [2024-03-05T19:02:42.374+0530] {dagbag.py:538} INFO - Filling up the DagBag from /home/arun/.local/lib/python3.10/site-packages/airflow/example_dags/plugins/listener_plugin.py
[2024-03-05T19:02:42.391+0530] {processor.py:842} WARNING - No viable dags retrieved from /home/arun/.local/lib/python3.10/site-packages/airflow/example_dags/plugins/listener_plugin.py
[2024-03-05T19:02:42.418+0530] {processor.py:183} INFO - Processing /home/arun/.local/lib/python3.10/site-packages/airflow/example_dags/plugins/listener_plugin.py took 0.118 seconds
[2024-03-05T19:03:48.406+0530] {processor.py:161} INFO - Started process (PID=15871) to work on /home/arun/.local/lib/python3.10/site-packages/airflow/example_dags/plugins/listener_plugin.py
[2024-03-05T19:03:48.435+0530] {processor.py:830} INFO - Processing file /home/arun/.local/lib/python3.10/site-packages/airflow/example_dags/plugins/listener_plugin.py for tasks to queue
[2024-03-05T19:03:48.436+0530] {logging_mixin.py:188} INFO - [2024-03-05T19:03:48.436+0530] {dagbag.py:538} INFO - Filling up the DagBag from /home/arun/.local/lib/python3.10/site-packages/airflow/example_dags/plugins/listener_plugin.py
[2024-03-05T19:03:48.443+0530] {processor.py:842} WARNING - No viable dags retrieved from /home/arun/.local/lib/python3.10/site-packages/airflow/example_dags/plugins/listener_plugin.py
[2024-03-05T19:03:48.462+0530] {processor.py:183} INFO - Processing /home/arun/.local/lib/python3.10/site-packages/airflow/example_dags/plugins/listener_plugin.py took 0.064 seconds
[2024-03-05T19:04:58.270+0530] {processor.py:161} INFO - Started process (PID=15980) to work on /home/arun/.local/lib/python3.10/site-packages/airflow/example_dags/plugins/listener_plugin.py
[2024-03-05T19:04:58.272+0530] {processor.py:830} INFO - Processing file /home/arun/.local/lib/python3.10/site-packages/airflow/example_dags/plugins/listener_plugin.py for tasks to queue
[2024-03-05T19:04:58.274+0530] {logging_mixin.py:188} INFO - [2024-03-05T19:04:58.273+0530] {dagbag.py:538} INFO - Filling up the DagBag from /home/arun/.local/lib/python3.10/site-packages/airflow/example_dags/plugins/listener_plugin.py
[2024-03-05T19:04:58.279+0530] {processor.py:842} WARNING - No viable dags retrieved from /home/arun/.local/lib/python3.10/site-packages/airflow/example_dags/plugins/listener_plugin.py
[2024-03-05T19:04:58.368+0530] {processor.py:183} INFO - Processing /home/arun/.local/lib/python3.10/site-packages/airflow/example_dags/plugins/listener_plugin.py took 0.104 seconds
[2024-03-05T19:06:11.827+0530] {processor.py:161} INFO - Started process (PID=16512) to work on /home/arun/.local/lib/python3.10/site-packages/airflow/example_dags/plugins/listener_plugin.py
[2024-03-05T19:06:11.829+0530] {processor.py:830} INFO - Processing file /home/arun/.local/lib/python3.10/site-packages/airflow/example_dags/plugins/listener_plugin.py for tasks to queue
[2024-03-05T19:06:11.830+0530] {logging_mixin.py:188} INFO - [2024-03-05T19:06:11.830+0530] {dagbag.py:538} INFO - Filling up the DagBag from /home/arun/.local/lib/python3.10/site-packages/airflow/example_dags/plugins/listener_plugin.py
[2024-03-05T19:06:11.835+0530] {processor.py:842} WARNING - No viable dags retrieved from /home/arun/.local/lib/python3.10/site-packages/airflow/example_dags/plugins/listener_plugin.py
[2024-03-05T19:06:11.868+0530] {processor.py:183} INFO - Processing /home/arun/.local/lib/python3.10/site-packages/airflow/example_dags/plugins/listener_plugin.py took 0.046 seconds
[2024-03-05T19:07:26.736+0530] {processor.py:161} INFO - Started process (PID=16821) to work on /home/arun/.local/lib/python3.10/site-packages/airflow/example_dags/plugins/listener_plugin.py
[2024-03-05T19:07:26.806+0530] {processor.py:830} INFO - Processing file /home/arun/.local/lib/python3.10/site-packages/airflow/example_dags/plugins/listener_plugin.py for tasks to queue
[2024-03-05T19:07:26.808+0530] {logging_mixin.py:188} INFO - [2024-03-05T19:07:26.807+0530] {dagbag.py:538} INFO - Filling up the DagBag from /home/arun/.local/lib/python3.10/site-packages/airflow/example_dags/plugins/listener_plugin.py
[2024-03-05T19:07:26.813+0530] {processor.py:842} WARNING - No viable dags retrieved from /home/arun/.local/lib/python3.10/site-packages/airflow/example_dags/plugins/listener_plugin.py
[2024-03-05T19:07:26.837+0530] {processor.py:183} INFO - Processing /home/arun/.local/lib/python3.10/site-packages/airflow/example_dags/plugins/listener_plugin.py took 0.109 seconds
[2024-03-05T19:08:39.930+0530] {processor.py:161} INFO - Started process (PID=16906) to work on /home/arun/.local/lib/python3.10/site-packages/airflow/example_dags/plugins/listener_plugin.py
[2024-03-05T19:08:39.978+0530] {processor.py:830} INFO - Processing file /home/arun/.local/lib/python3.10/site-packages/airflow/example_dags/plugins/listener_plugin.py for tasks to queue
[2024-03-05T19:08:39.979+0530] {logging_mixin.py:188} INFO - [2024-03-05T19:08:39.979+0530] {dagbag.py:538} INFO - Filling up the DagBag from /home/arun/.local/lib/python3.10/site-packages/airflow/example_dags/plugins/listener_plugin.py
[2024-03-05T19:08:39.991+0530] {processor.py:842} WARNING - No viable dags retrieved from /home/arun/.local/lib/python3.10/site-packages/airflow/example_dags/plugins/listener_plugin.py
[2024-03-05T19:08:40.038+0530] {processor.py:183} INFO - Processing /home/arun/.local/lib/python3.10/site-packages/airflow/example_dags/plugins/listener_plugin.py took 0.117 seconds
[2024-03-05T19:09:52.633+0530] {processor.py:161} INFO - Started process (PID=16991) to work on /home/arun/.local/lib/python3.10/site-packages/airflow/example_dags/plugins/listener_plugin.py
[2024-03-05T19:09:52.700+0530] {processor.py:830} INFO - Processing file /home/arun/.local/lib/python3.10/site-packages/airflow/example_dags/plugins/listener_plugin.py for tasks to queue
[2024-03-05T19:09:52.701+0530] {logging_mixin.py:188} INFO - [2024-03-05T19:09:52.701+0530] {dagbag.py:538} INFO - Filling up the DagBag from /home/arun/.local/lib/python3.10/site-packages/airflow/example_dags/plugins/listener_plugin.py
[2024-03-05T19:09:52.722+0530] {processor.py:842} WARNING - No viable dags retrieved from /home/arun/.local/lib/python3.10/site-packages/airflow/example_dags/plugins/listener_plugin.py
[2024-03-05T19:09:52.747+0530] {processor.py:183} INFO - Processing /home/arun/.local/lib/python3.10/site-packages/airflow/example_dags/plugins/listener_plugin.py took 0.119 seconds
[2024-03-05T19:12:11.104+0530] {processor.py:161} INFO - Started process (PID=17130) to work on /home/arun/.local/lib/python3.10/site-packages/airflow/example_dags/plugins/listener_plugin.py
[2024-03-05T19:12:11.147+0530] {processor.py:830} INFO - Processing file /home/arun/.local/lib/python3.10/site-packages/airflow/example_dags/plugins/listener_plugin.py for tasks to queue
[2024-03-05T19:12:11.150+0530] {logging_mixin.py:188} INFO - [2024-03-05T19:12:11.148+0530] {dagbag.py:538} INFO - Filling up the DagBag from /home/arun/.local/lib/python3.10/site-packages/airflow/example_dags/plugins/listener_plugin.py
[2024-03-05T19:12:11.155+0530] {processor.py:842} WARNING - No viable dags retrieved from /home/arun/.local/lib/python3.10/site-packages/airflow/example_dags/plugins/listener_plugin.py
[2024-03-05T19:12:11.178+0530] {processor.py:183} INFO - Processing /home/arun/.local/lib/python3.10/site-packages/airflow/example_dags/plugins/listener_plugin.py took 0.089 seconds
[2024-03-05T19:13:23.997+0530] {processor.py:161} INFO - Started process (PID=17203) to work on /home/arun/.local/lib/python3.10/site-packages/airflow/example_dags/plugins/listener_plugin.py
[2024-03-05T19:13:24.062+0530] {processor.py:830} INFO - Processing file /home/arun/.local/lib/python3.10/site-packages/airflow/example_dags/plugins/listener_plugin.py for tasks to queue
[2024-03-05T19:13:24.065+0530] {logging_mixin.py:188} INFO - [2024-03-05T19:13:24.064+0530] {dagbag.py:538} INFO - Filling up the DagBag from /home/arun/.local/lib/python3.10/site-packages/airflow/example_dags/plugins/listener_plugin.py
[2024-03-05T19:13:24.113+0530] {processor.py:842} WARNING - No viable dags retrieved from /home/arun/.local/lib/python3.10/site-packages/airflow/example_dags/plugins/listener_plugin.py
[2024-03-05T19:13:24.184+0530] {processor.py:183} INFO - Processing /home/arun/.local/lib/python3.10/site-packages/airflow/example_dags/plugins/listener_plugin.py took 0.218 seconds
[2024-03-05T19:15:28.796+0530] {processor.py:161} INFO - Started process (PID=17382) to work on /home/arun/.local/lib/python3.10/site-packages/airflow/example_dags/plugins/listener_plugin.py
[2024-03-05T19:15:28.799+0530] {processor.py:830} INFO - Processing file /home/arun/.local/lib/python3.10/site-packages/airflow/example_dags/plugins/listener_plugin.py for tasks to queue
[2024-03-05T19:15:28.800+0530] {logging_mixin.py:188} INFO - [2024-03-05T19:15:28.799+0530] {dagbag.py:538} INFO - Filling up the DagBag from /home/arun/.local/lib/python3.10/site-packages/airflow/example_dags/plugins/listener_plugin.py
[2024-03-05T19:15:28.805+0530] {processor.py:842} WARNING - No viable dags retrieved from /home/arun/.local/lib/python3.10/site-packages/airflow/example_dags/plugins/listener_plugin.py
[2024-03-05T19:15:28.833+0530] {processor.py:183} INFO - Processing /home/arun/.local/lib/python3.10/site-packages/airflow/example_dags/plugins/listener_plugin.py took 0.043 seconds
[2024-03-05T22:24:36.012+0530] {processor.py:161} INFO - Started process (PID=5435) to work on /home/arun/.local/lib/python3.10/site-packages/airflow/example_dags/plugins/listener_plugin.py
[2024-03-05T22:24:36.068+0530] {processor.py:830} INFO - Processing file /home/arun/.local/lib/python3.10/site-packages/airflow/example_dags/plugins/listener_plugin.py for tasks to queue
[2024-03-05T22:24:36.071+0530] {logging_mixin.py:188} INFO - [2024-03-05T22:24:36.071+0530] {dagbag.py:538} INFO - Filling up the DagBag from /home/arun/.local/lib/python3.10/site-packages/airflow/example_dags/plugins/listener_plugin.py
[2024-03-05T22:24:36.077+0530] {processor.py:842} WARNING - No viable dags retrieved from /home/arun/.local/lib/python3.10/site-packages/airflow/example_dags/plugins/listener_plugin.py
[2024-03-05T22:24:36.098+0530] {processor.py:183} INFO - Processing /home/arun/.local/lib/python3.10/site-packages/airflow/example_dags/plugins/listener_plugin.py took 0.095 seconds
[2024-03-05T22:26:44.632+0530] {processor.py:161} INFO - Started process (PID=6132) to work on /home/arun/.local/lib/python3.10/site-packages/airflow/example_dags/plugins/listener_plugin.py
[2024-03-05T22:26:44.691+0530] {processor.py:830} INFO - Processing file /home/arun/.local/lib/python3.10/site-packages/airflow/example_dags/plugins/listener_plugin.py for tasks to queue
[2024-03-05T22:26:44.700+0530] {logging_mixin.py:188} INFO - [2024-03-05T22:26:44.692+0530] {dagbag.py:538} INFO - Filling up the DagBag from /home/arun/.local/lib/python3.10/site-packages/airflow/example_dags/plugins/listener_plugin.py
[2024-03-05T22:26:44.708+0530] {processor.py:842} WARNING - No viable dags retrieved from /home/arun/.local/lib/python3.10/site-packages/airflow/example_dags/plugins/listener_plugin.py
[2024-03-05T22:26:44.729+0530] {processor.py:183} INFO - Processing /home/arun/.local/lib/python3.10/site-packages/airflow/example_dags/plugins/listener_plugin.py took 0.106 seconds
[2024-03-05T22:27:59.123+0530] {processor.py:161} INFO - Started process (PID=6286) to work on /home/arun/.local/lib/python3.10/site-packages/airflow/example_dags/plugins/listener_plugin.py
[2024-03-05T22:27:59.170+0530] {processor.py:830} INFO - Processing file /home/arun/.local/lib/python3.10/site-packages/airflow/example_dags/plugins/listener_plugin.py for tasks to queue
[2024-03-05T22:27:59.171+0530] {logging_mixin.py:188} INFO - [2024-03-05T22:27:59.170+0530] {dagbag.py:538} INFO - Filling up the DagBag from /home/arun/.local/lib/python3.10/site-packages/airflow/example_dags/plugins/listener_plugin.py
[2024-03-05T22:27:59.173+0530] {processor.py:842} WARNING - No viable dags retrieved from /home/arun/.local/lib/python3.10/site-packages/airflow/example_dags/plugins/listener_plugin.py
[2024-03-05T22:27:59.183+0530] {processor.py:183} INFO - Processing /home/arun/.local/lib/python3.10/site-packages/airflow/example_dags/plugins/listener_plugin.py took 0.063 seconds
[2024-03-05T22:29:33.843+0530] {processor.py:161} INFO - Started process (PID=6404) to work on /home/arun/.local/lib/python3.10/site-packages/airflow/example_dags/plugins/listener_plugin.py
[2024-03-05T22:29:33.880+0530] {processor.py:830} INFO - Processing file /home/arun/.local/lib/python3.10/site-packages/airflow/example_dags/plugins/listener_plugin.py for tasks to queue
[2024-03-05T22:29:33.881+0530] {logging_mixin.py:188} INFO - [2024-03-05T22:29:33.881+0530] {dagbag.py:538} INFO - Filling up the DagBag from /home/arun/.local/lib/python3.10/site-packages/airflow/example_dags/plugins/listener_plugin.py
[2024-03-05T22:29:33.886+0530] {processor.py:842} WARNING - No viable dags retrieved from /home/arun/.local/lib/python3.10/site-packages/airflow/example_dags/plugins/listener_plugin.py
[2024-03-05T22:29:33.900+0530] {processor.py:183} INFO - Processing /home/arun/.local/lib/python3.10/site-packages/airflow/example_dags/plugins/listener_plugin.py took 0.062 seconds
[2024-03-05T22:30:54.890+0530] {processor.py:161} INFO - Started process (PID=6517) to work on /home/arun/.local/lib/python3.10/site-packages/airflow/example_dags/plugins/listener_plugin.py
[2024-03-05T22:30:54.924+0530] {processor.py:830} INFO - Processing file /home/arun/.local/lib/python3.10/site-packages/airflow/example_dags/plugins/listener_plugin.py for tasks to queue
[2024-03-05T22:30:54.925+0530] {logging_mixin.py:188} INFO - [2024-03-05T22:30:54.924+0530] {dagbag.py:538} INFO - Filling up the DagBag from /home/arun/.local/lib/python3.10/site-packages/airflow/example_dags/plugins/listener_plugin.py
[2024-03-05T22:30:54.928+0530] {processor.py:842} WARNING - No viable dags retrieved from /home/arun/.local/lib/python3.10/site-packages/airflow/example_dags/plugins/listener_plugin.py
[2024-03-05T22:30:54.940+0530] {processor.py:183} INFO - Processing /home/arun/.local/lib/python3.10/site-packages/airflow/example_dags/plugins/listener_plugin.py took 0.054 seconds
[2024-03-05T22:32:17.835+0530] {processor.py:161} INFO - Started process (PID=6638) to work on /home/arun/.local/lib/python3.10/site-packages/airflow/example_dags/plugins/listener_plugin.py
[2024-03-05T22:32:17.875+0530] {processor.py:830} INFO - Processing file /home/arun/.local/lib/python3.10/site-packages/airflow/example_dags/plugins/listener_plugin.py for tasks to queue
[2024-03-05T22:32:17.876+0530] {logging_mixin.py:188} INFO - [2024-03-05T22:32:17.876+0530] {dagbag.py:538} INFO - Filling up the DagBag from /home/arun/.local/lib/python3.10/site-packages/airflow/example_dags/plugins/listener_plugin.py
[2024-03-05T22:32:17.880+0530] {processor.py:842} WARNING - No viable dags retrieved from /home/arun/.local/lib/python3.10/site-packages/airflow/example_dags/plugins/listener_plugin.py
[2024-03-05T22:32:17.892+0530] {processor.py:183} INFO - Processing /home/arun/.local/lib/python3.10/site-packages/airflow/example_dags/plugins/listener_plugin.py took 0.062 seconds
[2024-03-05T22:33:34.809+0530] {processor.py:161} INFO - Started process (PID=6734) to work on /home/arun/.local/lib/python3.10/site-packages/airflow/example_dags/plugins/listener_plugin.py
[2024-03-05T22:33:34.842+0530] {processor.py:830} INFO - Processing file /home/arun/.local/lib/python3.10/site-packages/airflow/example_dags/plugins/listener_plugin.py for tasks to queue
[2024-03-05T22:33:34.844+0530] {logging_mixin.py:188} INFO - [2024-03-05T22:33:34.843+0530] {dagbag.py:538} INFO - Filling up the DagBag from /home/arun/.local/lib/python3.10/site-packages/airflow/example_dags/plugins/listener_plugin.py
[2024-03-05T22:33:34.848+0530] {processor.py:842} WARNING - No viable dags retrieved from /home/arun/.local/lib/python3.10/site-packages/airflow/example_dags/plugins/listener_plugin.py
[2024-03-05T22:33:34.862+0530] {processor.py:183} INFO - Processing /home/arun/.local/lib/python3.10/site-packages/airflow/example_dags/plugins/listener_plugin.py took 0.058 seconds
[2024-03-05T22:35:03.311+0530] {processor.py:161} INFO - Started process (PID=6851) to work on /home/arun/.local/lib/python3.10/site-packages/airflow/example_dags/plugins/listener_plugin.py
[2024-03-05T22:35:03.342+0530] {processor.py:830} INFO - Processing file /home/arun/.local/lib/python3.10/site-packages/airflow/example_dags/plugins/listener_plugin.py for tasks to queue
[2024-03-05T22:35:03.344+0530] {logging_mixin.py:188} INFO - [2024-03-05T22:35:03.343+0530] {dagbag.py:538} INFO - Filling up the DagBag from /home/arun/.local/lib/python3.10/site-packages/airflow/example_dags/plugins/listener_plugin.py
[2024-03-05T22:35:03.347+0530] {processor.py:842} WARNING - No viable dags retrieved from /home/arun/.local/lib/python3.10/site-packages/airflow/example_dags/plugins/listener_plugin.py
[2024-03-05T22:35:03.358+0530] {processor.py:183} INFO - Processing /home/arun/.local/lib/python3.10/site-packages/airflow/example_dags/plugins/listener_plugin.py took 0.051 seconds
[2024-03-05T22:36:30.796+0530] {processor.py:161} INFO - Started process (PID=6965) to work on /home/arun/.local/lib/python3.10/site-packages/airflow/example_dags/plugins/listener_plugin.py
[2024-03-05T22:36:30.811+0530] {processor.py:830} INFO - Processing file /home/arun/.local/lib/python3.10/site-packages/airflow/example_dags/plugins/listener_plugin.py for tasks to queue
[2024-03-05T22:36:30.813+0530] {logging_mixin.py:188} INFO - [2024-03-05T22:36:30.812+0530] {dagbag.py:538} INFO - Filling up the DagBag from /home/arun/.local/lib/python3.10/site-packages/airflow/example_dags/plugins/listener_plugin.py
[2024-03-05T22:36:30.816+0530] {processor.py:842} WARNING - No viable dags retrieved from /home/arun/.local/lib/python3.10/site-packages/airflow/example_dags/plugins/listener_plugin.py
[2024-03-05T22:36:30.829+0530] {processor.py:183} INFO - Processing /home/arun/.local/lib/python3.10/site-packages/airflow/example_dags/plugins/listener_plugin.py took 0.036 seconds
[2024-03-05T22:37:56.707+0530] {processor.py:161} INFO - Started process (PID=7081) to work on /home/arun/.local/lib/python3.10/site-packages/airflow/example_dags/plugins/listener_plugin.py
[2024-03-05T22:37:56.748+0530] {processor.py:830} INFO - Processing file /home/arun/.local/lib/python3.10/site-packages/airflow/example_dags/plugins/listener_plugin.py for tasks to queue
[2024-03-05T22:37:56.749+0530] {logging_mixin.py:188} INFO - [2024-03-05T22:37:56.749+0530] {dagbag.py:538} INFO - Filling up the DagBag from /home/arun/.local/lib/python3.10/site-packages/airflow/example_dags/plugins/listener_plugin.py
[2024-03-05T22:37:56.753+0530] {processor.py:842} WARNING - No viable dags retrieved from /home/arun/.local/lib/python3.10/site-packages/airflow/example_dags/plugins/listener_plugin.py
[2024-03-05T22:37:56.764+0530] {processor.py:183} INFO - Processing /home/arun/.local/lib/python3.10/site-packages/airflow/example_dags/plugins/listener_plugin.py took 0.061 seconds
[2024-03-05T22:39:20.077+0530] {processor.py:161} INFO - Started process (PID=7191) to work on /home/arun/.local/lib/python3.10/site-packages/airflow/example_dags/plugins/listener_plugin.py
[2024-03-05T22:39:20.112+0530] {processor.py:830} INFO - Processing file /home/arun/.local/lib/python3.10/site-packages/airflow/example_dags/plugins/listener_plugin.py for tasks to queue
[2024-03-05T22:39:20.113+0530] {logging_mixin.py:188} INFO - [2024-03-05T22:39:20.113+0530] {dagbag.py:538} INFO - Filling up the DagBag from /home/arun/.local/lib/python3.10/site-packages/airflow/example_dags/plugins/listener_plugin.py
[2024-03-05T22:39:20.118+0530] {processor.py:842} WARNING - No viable dags retrieved from /home/arun/.local/lib/python3.10/site-packages/airflow/example_dags/plugins/listener_plugin.py
[2024-03-05T22:39:20.131+0530] {processor.py:183} INFO - Processing /home/arun/.local/lib/python3.10/site-packages/airflow/example_dags/plugins/listener_plugin.py took 0.058 seconds
[2024-03-05T22:40:41.464+0530] {processor.py:161} INFO - Started process (PID=7303) to work on /home/arun/.local/lib/python3.10/site-packages/airflow/example_dags/plugins/listener_plugin.py
[2024-03-05T22:40:41.509+0530] {processor.py:830} INFO - Processing file /home/arun/.local/lib/python3.10/site-packages/airflow/example_dags/plugins/listener_plugin.py for tasks to queue
[2024-03-05T22:40:41.510+0530] {logging_mixin.py:188} INFO - [2024-03-05T22:40:41.509+0530] {dagbag.py:538} INFO - Filling up the DagBag from /home/arun/.local/lib/python3.10/site-packages/airflow/example_dags/plugins/listener_plugin.py
[2024-03-05T22:40:41.512+0530] {processor.py:842} WARNING - No viable dags retrieved from /home/arun/.local/lib/python3.10/site-packages/airflow/example_dags/plugins/listener_plugin.py
[2024-03-05T22:40:41.521+0530] {processor.py:183} INFO - Processing /home/arun/.local/lib/python3.10/site-packages/airflow/example_dags/plugins/listener_plugin.py took 0.061 seconds
[2024-03-05T22:42:02.374+0530] {processor.py:161} INFO - Started process (PID=7416) to work on /home/arun/.local/lib/python3.10/site-packages/airflow/example_dags/plugins/listener_plugin.py
[2024-03-05T22:42:02.376+0530] {processor.py:830} INFO - Processing file /home/arun/.local/lib/python3.10/site-packages/airflow/example_dags/plugins/listener_plugin.py for tasks to queue
[2024-03-05T22:42:02.377+0530] {logging_mixin.py:188} INFO - [2024-03-05T22:42:02.377+0530] {dagbag.py:538} INFO - Filling up the DagBag from /home/arun/.local/lib/python3.10/site-packages/airflow/example_dags/plugins/listener_plugin.py
[2024-03-05T22:42:02.380+0530] {processor.py:842} WARNING - No viable dags retrieved from /home/arun/.local/lib/python3.10/site-packages/airflow/example_dags/plugins/listener_plugin.py
[2024-03-05T22:42:02.391+0530] {processor.py:183} INFO - Processing /home/arun/.local/lib/python3.10/site-packages/airflow/example_dags/plugins/listener_plugin.py took 0.020 seconds
[2024-03-05T22:43:29.352+0530] {processor.py:161} INFO - Started process (PID=7527) to work on /home/arun/.local/lib/python3.10/site-packages/airflow/example_dags/plugins/listener_plugin.py
[2024-03-05T22:43:29.355+0530] {processor.py:830} INFO - Processing file /home/arun/.local/lib/python3.10/site-packages/airflow/example_dags/plugins/listener_plugin.py for tasks to queue
[2024-03-05T22:43:29.357+0530] {logging_mixin.py:188} INFO - [2024-03-05T22:43:29.356+0530] {dagbag.py:538} INFO - Filling up the DagBag from /home/arun/.local/lib/python3.10/site-packages/airflow/example_dags/plugins/listener_plugin.py
[2024-03-05T22:43:29.361+0530] {processor.py:842} WARNING - No viable dags retrieved from /home/arun/.local/lib/python3.10/site-packages/airflow/example_dags/plugins/listener_plugin.py
[2024-03-05T22:43:29.378+0530] {processor.py:183} INFO - Processing /home/arun/.local/lib/python3.10/site-packages/airflow/example_dags/plugins/listener_plugin.py took 0.031 seconds
[2024-03-05T22:44:54.675+0530] {processor.py:161} INFO - Started process (PID=7640) to work on /home/arun/.local/lib/python3.10/site-packages/airflow/example_dags/plugins/listener_plugin.py
[2024-03-05T22:44:54.677+0530] {processor.py:830} INFO - Processing file /home/arun/.local/lib/python3.10/site-packages/airflow/example_dags/plugins/listener_plugin.py for tasks to queue
[2024-03-05T22:44:54.678+0530] {logging_mixin.py:188} INFO - [2024-03-05T22:44:54.678+0530] {dagbag.py:538} INFO - Filling up the DagBag from /home/arun/.local/lib/python3.10/site-packages/airflow/example_dags/plugins/listener_plugin.py
[2024-03-05T22:44:54.683+0530] {processor.py:842} WARNING - No viable dags retrieved from /home/arun/.local/lib/python3.10/site-packages/airflow/example_dags/plugins/listener_plugin.py
[2024-03-05T22:44:54.700+0530] {processor.py:183} INFO - Processing /home/arun/.local/lib/python3.10/site-packages/airflow/example_dags/plugins/listener_plugin.py took 0.029 seconds
[2024-03-05T22:46:20.272+0530] {processor.py:161} INFO - Started process (PID=7752) to work on /home/arun/.local/lib/python3.10/site-packages/airflow/example_dags/plugins/listener_plugin.py
[2024-03-05T22:46:20.295+0530] {processor.py:830} INFO - Processing file /home/arun/.local/lib/python3.10/site-packages/airflow/example_dags/plugins/listener_plugin.py for tasks to queue
[2024-03-05T22:46:20.297+0530] {logging_mixin.py:188} INFO - [2024-03-05T22:46:20.297+0530] {dagbag.py:538} INFO - Filling up the DagBag from /home/arun/.local/lib/python3.10/site-packages/airflow/example_dags/plugins/listener_plugin.py
[2024-03-05T22:46:20.302+0530] {processor.py:842} WARNING - No viable dags retrieved from /home/arun/.local/lib/python3.10/site-packages/airflow/example_dags/plugins/listener_plugin.py
[2024-03-05T22:46:20.322+0530] {processor.py:183} INFO - Processing /home/arun/.local/lib/python3.10/site-packages/airflow/example_dags/plugins/listener_plugin.py took 0.055 seconds
[2024-03-05T22:47:41.196+0530] {processor.py:161} INFO - Started process (PID=7861) to work on /home/arun/.local/lib/python3.10/site-packages/airflow/example_dags/plugins/listener_plugin.py
[2024-03-05T22:47:41.233+0530] {processor.py:830} INFO - Processing file /home/arun/.local/lib/python3.10/site-packages/airflow/example_dags/plugins/listener_plugin.py for tasks to queue
[2024-03-05T22:47:41.234+0530] {logging_mixin.py:188} INFO - [2024-03-05T22:47:41.234+0530] {dagbag.py:538} INFO - Filling up the DagBag from /home/arun/.local/lib/python3.10/site-packages/airflow/example_dags/plugins/listener_plugin.py
[2024-03-05T22:47:41.237+0530] {processor.py:842} WARNING - No viable dags retrieved from /home/arun/.local/lib/python3.10/site-packages/airflow/example_dags/plugins/listener_plugin.py
[2024-03-05T22:47:41.251+0530] {processor.py:183} INFO - Processing /home/arun/.local/lib/python3.10/site-packages/airflow/example_dags/plugins/listener_plugin.py took 0.058 seconds
[2024-03-05T22:48:59.595+0530] {processor.py:161} INFO - Started process (PID=7971) to work on /home/arun/.local/lib/python3.10/site-packages/airflow/example_dags/plugins/listener_plugin.py
[2024-03-05T22:48:59.629+0530] {processor.py:830} INFO - Processing file /home/arun/.local/lib/python3.10/site-packages/airflow/example_dags/plugins/listener_plugin.py for tasks to queue
[2024-03-05T22:48:59.630+0530] {logging_mixin.py:188} INFO - [2024-03-05T22:48:59.630+0530] {dagbag.py:538} INFO - Filling up the DagBag from /home/arun/.local/lib/python3.10/site-packages/airflow/example_dags/plugins/listener_plugin.py
[2024-03-05T22:48:59.634+0530] {processor.py:842} WARNING - No viable dags retrieved from /home/arun/.local/lib/python3.10/site-packages/airflow/example_dags/plugins/listener_plugin.py
[2024-03-05T22:48:59.648+0530] {processor.py:183} INFO - Processing /home/arun/.local/lib/python3.10/site-packages/airflow/example_dags/plugins/listener_plugin.py took 0.057 seconds
[2024-03-05T22:50:19.181+0530] {processor.py:161} INFO - Started process (PID=8085) to work on /home/arun/.local/lib/python3.10/site-packages/airflow/example_dags/plugins/listener_plugin.py
[2024-03-05T22:50:19.204+0530] {processor.py:830} INFO - Processing file /home/arun/.local/lib/python3.10/site-packages/airflow/example_dags/plugins/listener_plugin.py for tasks to queue
[2024-03-05T22:50:19.205+0530] {logging_mixin.py:188} INFO - [2024-03-05T22:50:19.205+0530] {dagbag.py:538} INFO - Filling up the DagBag from /home/arun/.local/lib/python3.10/site-packages/airflow/example_dags/plugins/listener_plugin.py
[2024-03-05T22:50:19.209+0530] {processor.py:842} WARNING - No viable dags retrieved from /home/arun/.local/lib/python3.10/site-packages/airflow/example_dags/plugins/listener_plugin.py
[2024-03-05T22:50:19.225+0530] {processor.py:183} INFO - Processing /home/arun/.local/lib/python3.10/site-packages/airflow/example_dags/plugins/listener_plugin.py took 0.049 seconds
[2024-03-05T22:51:52.305+0530] {processor.py:161} INFO - Started process (PID=8201) to work on /home/arun/.local/lib/python3.10/site-packages/airflow/example_dags/plugins/listener_plugin.py
[2024-03-05T22:51:52.340+0530] {processor.py:830} INFO - Processing file /home/arun/.local/lib/python3.10/site-packages/airflow/example_dags/plugins/listener_plugin.py for tasks to queue
[2024-03-05T22:51:52.342+0530] {logging_mixin.py:188} INFO - [2024-03-05T22:51:52.341+0530] {dagbag.py:538} INFO - Filling up the DagBag from /home/arun/.local/lib/python3.10/site-packages/airflow/example_dags/plugins/listener_plugin.py
[2024-03-05T22:51:52.345+0530] {processor.py:842} WARNING - No viable dags retrieved from /home/arun/.local/lib/python3.10/site-packages/airflow/example_dags/plugins/listener_plugin.py
[2024-03-05T22:51:52.356+0530] {processor.py:183} INFO - Processing /home/arun/.local/lib/python3.10/site-packages/airflow/example_dags/plugins/listener_plugin.py took 0.055 seconds
[2024-03-05T22:53:40.936+0530] {processor.py:161} INFO - Started process (PID=8622) to work on /home/arun/.local/lib/python3.10/site-packages/airflow/example_dags/plugins/listener_plugin.py
[2024-03-05T22:53:40.975+0530] {processor.py:830} INFO - Processing file /home/arun/.local/lib/python3.10/site-packages/airflow/example_dags/plugins/listener_plugin.py for tasks to queue
[2024-03-05T22:53:40.978+0530] {logging_mixin.py:188} INFO - [2024-03-05T22:53:40.977+0530] {dagbag.py:538} INFO - Filling up the DagBag from /home/arun/.local/lib/python3.10/site-packages/airflow/example_dags/plugins/listener_plugin.py
[2024-03-05T22:53:40.983+0530] {processor.py:842} WARNING - No viable dags retrieved from /home/arun/.local/lib/python3.10/site-packages/airflow/example_dags/plugins/listener_plugin.py
[2024-03-05T22:53:41.008+0530] {processor.py:183} INFO - Processing /home/arun/.local/lib/python3.10/site-packages/airflow/example_dags/plugins/listener_plugin.py took 0.079 seconds
[2024-03-05T22:55:23.796+0530] {processor.py:161} INFO - Started process (PID=8841) to work on /home/arun/.local/lib/python3.10/site-packages/airflow/example_dags/plugins/listener_plugin.py
[2024-03-05T22:55:23.842+0530] {processor.py:830} INFO - Processing file /home/arun/.local/lib/python3.10/site-packages/airflow/example_dags/plugins/listener_plugin.py for tasks to queue
[2024-03-05T22:55:23.843+0530] {logging_mixin.py:188} INFO - [2024-03-05T22:55:23.843+0530] {dagbag.py:538} INFO - Filling up the DagBag from /home/arun/.local/lib/python3.10/site-packages/airflow/example_dags/plugins/listener_plugin.py
[2024-03-05T22:55:23.849+0530] {processor.py:842} WARNING - No viable dags retrieved from /home/arun/.local/lib/python3.10/site-packages/airflow/example_dags/plugins/listener_plugin.py
[2024-03-05T22:55:23.875+0530] {processor.py:183} INFO - Processing /home/arun/.local/lib/python3.10/site-packages/airflow/example_dags/plugins/listener_plugin.py took 0.088 seconds
[2024-03-05T22:56:51.614+0530] {processor.py:161} INFO - Started process (PID=8955) to work on /home/arun/.local/lib/python3.10/site-packages/airflow/example_dags/plugins/listener_plugin.py
[2024-03-05T22:56:51.620+0530] {processor.py:830} INFO - Processing file /home/arun/.local/lib/python3.10/site-packages/airflow/example_dags/plugins/listener_plugin.py for tasks to queue
[2024-03-05T22:56:51.621+0530] {logging_mixin.py:188} INFO - [2024-03-05T22:56:51.621+0530] {dagbag.py:538} INFO - Filling up the DagBag from /home/arun/.local/lib/python3.10/site-packages/airflow/example_dags/plugins/listener_plugin.py
[2024-03-05T22:56:51.624+0530] {processor.py:842} WARNING - No viable dags retrieved from /home/arun/.local/lib/python3.10/site-packages/airflow/example_dags/plugins/listener_plugin.py
[2024-03-05T22:56:51.698+0530] {processor.py:183} INFO - Processing /home/arun/.local/lib/python3.10/site-packages/airflow/example_dags/plugins/listener_plugin.py took 0.087 seconds
[2024-03-05T22:58:17.908+0530] {processor.py:161} INFO - Started process (PID=9073) to work on /home/arun/.local/lib/python3.10/site-packages/airflow/example_dags/plugins/listener_plugin.py
[2024-03-05T22:58:17.965+0530] {processor.py:830} INFO - Processing file /home/arun/.local/lib/python3.10/site-packages/airflow/example_dags/plugins/listener_plugin.py for tasks to queue
[2024-03-05T22:58:17.967+0530] {logging_mixin.py:188} INFO - [2024-03-05T22:58:17.966+0530] {dagbag.py:538} INFO - Filling up the DagBag from /home/arun/.local/lib/python3.10/site-packages/airflow/example_dags/plugins/listener_plugin.py
[2024-03-05T22:58:17.971+0530] {processor.py:842} WARNING - No viable dags retrieved from /home/arun/.local/lib/python3.10/site-packages/airflow/example_dags/plugins/listener_plugin.py
[2024-03-05T22:58:17.987+0530] {processor.py:183} INFO - Processing /home/arun/.local/lib/python3.10/site-packages/airflow/example_dags/plugins/listener_plugin.py took 0.083 seconds
[2024-03-05T22:59:48.822+0530] {processor.py:161} INFO - Started process (PID=9189) to work on /home/arun/.local/lib/python3.10/site-packages/airflow/example_dags/plugins/listener_plugin.py
[2024-03-05T22:59:48.854+0530] {processor.py:830} INFO - Processing file /home/arun/.local/lib/python3.10/site-packages/airflow/example_dags/plugins/listener_plugin.py for tasks to queue
[2024-03-05T22:59:48.855+0530] {logging_mixin.py:188} INFO - [2024-03-05T22:59:48.854+0530] {dagbag.py:538} INFO - Filling up the DagBag from /home/arun/.local/lib/python3.10/site-packages/airflow/example_dags/plugins/listener_plugin.py
[2024-03-05T22:59:48.859+0530] {processor.py:842} WARNING - No viable dags retrieved from /home/arun/.local/lib/python3.10/site-packages/airflow/example_dags/plugins/listener_plugin.py
[2024-03-05T22:59:48.873+0530] {processor.py:183} INFO - Processing /home/arun/.local/lib/python3.10/site-packages/airflow/example_dags/plugins/listener_plugin.py took 0.054 seconds
[2024-03-05T23:01:15.127+0530] {processor.py:161} INFO - Started process (PID=9308) to work on /home/arun/.local/lib/python3.10/site-packages/airflow/example_dags/plugins/listener_plugin.py
[2024-03-05T23:01:15.138+0530] {processor.py:830} INFO - Processing file /home/arun/.local/lib/python3.10/site-packages/airflow/example_dags/plugins/listener_plugin.py for tasks to queue
[2024-03-05T23:01:15.139+0530] {logging_mixin.py:188} INFO - [2024-03-05T23:01:15.139+0530] {dagbag.py:538} INFO - Filling up the DagBag from /home/arun/.local/lib/python3.10/site-packages/airflow/example_dags/plugins/listener_plugin.py
[2024-03-05T23:01:15.144+0530] {processor.py:842} WARNING - No viable dags retrieved from /home/arun/.local/lib/python3.10/site-packages/airflow/example_dags/plugins/listener_plugin.py
[2024-03-05T23:01:15.158+0530] {processor.py:183} INFO - Processing /home/arun/.local/lib/python3.10/site-packages/airflow/example_dags/plugins/listener_plugin.py took 0.037 seconds
[2024-03-05T23:02:41.884+0530] {processor.py:161} INFO - Started process (PID=9421) to work on /home/arun/.local/lib/python3.10/site-packages/airflow/example_dags/plugins/listener_plugin.py
[2024-03-05T23:02:41.896+0530] {processor.py:830} INFO - Processing file /home/arun/.local/lib/python3.10/site-packages/airflow/example_dags/plugins/listener_plugin.py for tasks to queue
[2024-03-05T23:02:41.898+0530] {logging_mixin.py:188} INFO - [2024-03-05T23:02:41.897+0530] {dagbag.py:538} INFO - Filling up the DagBag from /home/arun/.local/lib/python3.10/site-packages/airflow/example_dags/plugins/listener_plugin.py
[2024-03-05T23:02:41.901+0530] {processor.py:842} WARNING - No viable dags retrieved from /home/arun/.local/lib/python3.10/site-packages/airflow/example_dags/plugins/listener_plugin.py
[2024-03-05T23:02:41.914+0530] {processor.py:183} INFO - Processing /home/arun/.local/lib/python3.10/site-packages/airflow/example_dags/plugins/listener_plugin.py took 0.035 seconds
[2024-03-05T23:04:10.906+0530] {processor.py:161} INFO - Started process (PID=9531) to work on /home/arun/.local/lib/python3.10/site-packages/airflow/example_dags/plugins/listener_plugin.py
[2024-03-05T23:04:10.942+0530] {processor.py:830} INFO - Processing file /home/arun/.local/lib/python3.10/site-packages/airflow/example_dags/plugins/listener_plugin.py for tasks to queue
[2024-03-05T23:04:10.943+0530] {logging_mixin.py:188} INFO - [2024-03-05T23:04:10.942+0530] {dagbag.py:538} INFO - Filling up the DagBag from /home/arun/.local/lib/python3.10/site-packages/airflow/example_dags/plugins/listener_plugin.py
[2024-03-05T23:04:10.946+0530] {processor.py:842} WARNING - No viable dags retrieved from /home/arun/.local/lib/python3.10/site-packages/airflow/example_dags/plugins/listener_plugin.py
[2024-03-05T23:04:10.958+0530] {processor.py:183} INFO - Processing /home/arun/.local/lib/python3.10/site-packages/airflow/example_dags/plugins/listener_plugin.py took 0.055 seconds
[2024-03-05T23:05:33.542+0530] {processor.py:161} INFO - Started process (PID=9642) to work on /home/arun/.local/lib/python3.10/site-packages/airflow/example_dags/plugins/listener_plugin.py
[2024-03-05T23:05:33.576+0530] {processor.py:830} INFO - Processing file /home/arun/.local/lib/python3.10/site-packages/airflow/example_dags/plugins/listener_plugin.py for tasks to queue
[2024-03-05T23:05:33.578+0530] {logging_mixin.py:188} INFO - [2024-03-05T23:05:33.577+0530] {dagbag.py:538} INFO - Filling up the DagBag from /home/arun/.local/lib/python3.10/site-packages/airflow/example_dags/plugins/listener_plugin.py
[2024-03-05T23:05:33.583+0530] {processor.py:842} WARNING - No viable dags retrieved from /home/arun/.local/lib/python3.10/site-packages/airflow/example_dags/plugins/listener_plugin.py
[2024-03-05T23:05:33.598+0530] {processor.py:183} INFO - Processing /home/arun/.local/lib/python3.10/site-packages/airflow/example_dags/plugins/listener_plugin.py took 0.061 seconds
[2024-03-05T23:07:01.240+0530] {processor.py:161} INFO - Started process (PID=9756) to work on /home/arun/.local/lib/python3.10/site-packages/airflow/example_dags/plugins/listener_plugin.py
[2024-03-05T23:07:01.242+0530] {processor.py:830} INFO - Processing file /home/arun/.local/lib/python3.10/site-packages/airflow/example_dags/plugins/listener_plugin.py for tasks to queue
[2024-03-05T23:07:01.244+0530] {logging_mixin.py:188} INFO - [2024-03-05T23:07:01.243+0530] {dagbag.py:538} INFO - Filling up the DagBag from /home/arun/.local/lib/python3.10/site-packages/airflow/example_dags/plugins/listener_plugin.py
[2024-03-05T23:07:01.247+0530] {processor.py:842} WARNING - No viable dags retrieved from /home/arun/.local/lib/python3.10/site-packages/airflow/example_dags/plugins/listener_plugin.py
[2024-03-05T23:07:01.259+0530] {processor.py:183} INFO - Processing /home/arun/.local/lib/python3.10/site-packages/airflow/example_dags/plugins/listener_plugin.py took 0.024 seconds
[2024-03-05T23:08:25.339+0530] {processor.py:161} INFO - Started process (PID=9868) to work on /home/arun/.local/lib/python3.10/site-packages/airflow/example_dags/plugins/listener_plugin.py
[2024-03-05T23:08:25.341+0530] {processor.py:830} INFO - Processing file /home/arun/.local/lib/python3.10/site-packages/airflow/example_dags/plugins/listener_plugin.py for tasks to queue
[2024-03-05T23:08:25.342+0530] {logging_mixin.py:188} INFO - [2024-03-05T23:08:25.342+0530] {dagbag.py:538} INFO - Filling up the DagBag from /home/arun/.local/lib/python3.10/site-packages/airflow/example_dags/plugins/listener_plugin.py
[2024-03-05T23:08:25.346+0530] {processor.py:842} WARNING - No viable dags retrieved from /home/arun/.local/lib/python3.10/site-packages/airflow/example_dags/plugins/listener_plugin.py
[2024-03-05T23:08:25.362+0530] {processor.py:183} INFO - Processing /home/arun/.local/lib/python3.10/site-packages/airflow/example_dags/plugins/listener_plugin.py took 0.027 seconds
[2024-03-05T23:09:47.503+0530] {processor.py:161} INFO - Started process (PID=9978) to work on /home/arun/.local/lib/python3.10/site-packages/airflow/example_dags/plugins/listener_plugin.py
[2024-03-05T23:09:47.506+0530] {processor.py:830} INFO - Processing file /home/arun/.local/lib/python3.10/site-packages/airflow/example_dags/plugins/listener_plugin.py for tasks to queue
[2024-03-05T23:09:47.509+0530] {logging_mixin.py:188} INFO - [2024-03-05T23:09:47.508+0530] {dagbag.py:538} INFO - Filling up the DagBag from /home/arun/.local/lib/python3.10/site-packages/airflow/example_dags/plugins/listener_plugin.py
[2024-03-05T23:09:47.513+0530] {processor.py:842} WARNING - No viable dags retrieved from /home/arun/.local/lib/python3.10/site-packages/airflow/example_dags/plugins/listener_plugin.py
[2024-03-05T23:09:47.529+0530] {processor.py:183} INFO - Processing /home/arun/.local/lib/python3.10/site-packages/airflow/example_dags/plugins/listener_plugin.py took 0.030 seconds
[2024-03-05T23:11:11.232+0530] {processor.py:161} INFO - Started process (PID=10089) to work on /home/arun/.local/lib/python3.10/site-packages/airflow/example_dags/plugins/listener_plugin.py
[2024-03-05T23:11:11.271+0530] {processor.py:830} INFO - Processing file /home/arun/.local/lib/python3.10/site-packages/airflow/example_dags/plugins/listener_plugin.py for tasks to queue
[2024-03-05T23:11:11.272+0530] {logging_mixin.py:188} INFO - [2024-03-05T23:11:11.272+0530] {dagbag.py:538} INFO - Filling up the DagBag from /home/arun/.local/lib/python3.10/site-packages/airflow/example_dags/plugins/listener_plugin.py
[2024-03-05T23:11:11.275+0530] {processor.py:842} WARNING - No viable dags retrieved from /home/arun/.local/lib/python3.10/site-packages/airflow/example_dags/plugins/listener_plugin.py
[2024-03-05T23:11:11.284+0530] {processor.py:183} INFO - Processing /home/arun/.local/lib/python3.10/site-packages/airflow/example_dags/plugins/listener_plugin.py took 0.056 seconds
[2024-03-05T23:12:30.767+0530] {processor.py:161} INFO - Started process (PID=10191) to work on /home/arun/.local/lib/python3.10/site-packages/airflow/example_dags/plugins/listener_plugin.py
[2024-03-05T23:12:30.811+0530] {processor.py:830} INFO - Processing file /home/arun/.local/lib/python3.10/site-packages/airflow/example_dags/plugins/listener_plugin.py for tasks to queue
[2024-03-05T23:12:30.813+0530] {logging_mixin.py:188} INFO - [2024-03-05T23:12:30.812+0530] {dagbag.py:538} INFO - Filling up the DagBag from /home/arun/.local/lib/python3.10/site-packages/airflow/example_dags/plugins/listener_plugin.py
[2024-03-05T23:12:30.820+0530] {processor.py:842} WARNING - No viable dags retrieved from /home/arun/.local/lib/python3.10/site-packages/airflow/example_dags/plugins/listener_plugin.py
[2024-03-05T23:12:30.855+0530] {processor.py:183} INFO - Processing /home/arun/.local/lib/python3.10/site-packages/airflow/example_dags/plugins/listener_plugin.py took 0.094 seconds
[2024-03-05T23:13:59.064+0530] {processor.py:161} INFO - Started process (PID=10304) to work on /home/arun/.local/lib/python3.10/site-packages/airflow/example_dags/plugins/listener_plugin.py
[2024-03-05T23:13:59.098+0530] {processor.py:830} INFO - Processing file /home/arun/.local/lib/python3.10/site-packages/airflow/example_dags/plugins/listener_plugin.py for tasks to queue
[2024-03-05T23:13:59.099+0530] {logging_mixin.py:188} INFO - [2024-03-05T23:13:59.098+0530] {dagbag.py:538} INFO - Filling up the DagBag from /home/arun/.local/lib/python3.10/site-packages/airflow/example_dags/plugins/listener_plugin.py
[2024-03-05T23:13:59.103+0530] {processor.py:842} WARNING - No viable dags retrieved from /home/arun/.local/lib/python3.10/site-packages/airflow/example_dags/plugins/listener_plugin.py
[2024-03-05T23:13:59.118+0530] {processor.py:183} INFO - Processing /home/arun/.local/lib/python3.10/site-packages/airflow/example_dags/plugins/listener_plugin.py took 0.059 seconds
[2024-03-05T23:15:25.483+0530] {processor.py:161} INFO - Started process (PID=10415) to work on /home/arun/.local/lib/python3.10/site-packages/airflow/example_dags/plugins/listener_plugin.py
[2024-03-05T23:15:25.518+0530] {processor.py:830} INFO - Processing file /home/arun/.local/lib/python3.10/site-packages/airflow/example_dags/plugins/listener_plugin.py for tasks to queue
[2024-03-05T23:15:25.519+0530] {logging_mixin.py:188} INFO - [2024-03-05T23:15:25.519+0530] {dagbag.py:538} INFO - Filling up the DagBag from /home/arun/.local/lib/python3.10/site-packages/airflow/example_dags/plugins/listener_plugin.py
[2024-03-05T23:15:25.522+0530] {processor.py:842} WARNING - No viable dags retrieved from /home/arun/.local/lib/python3.10/site-packages/airflow/example_dags/plugins/listener_plugin.py
[2024-03-05T23:15:25.537+0530] {processor.py:183} INFO - Processing /home/arun/.local/lib/python3.10/site-packages/airflow/example_dags/plugins/listener_plugin.py took 0.057 seconds
[2024-03-05T23:16:51.113+0530] {processor.py:161} INFO - Started process (PID=10529) to work on /home/arun/.local/lib/python3.10/site-packages/airflow/example_dags/plugins/listener_plugin.py
[2024-03-05T23:16:51.154+0530] {processor.py:830} INFO - Processing file /home/arun/.local/lib/python3.10/site-packages/airflow/example_dags/plugins/listener_plugin.py for tasks to queue
[2024-03-05T23:16:51.156+0530] {logging_mixin.py:188} INFO - [2024-03-05T23:16:51.155+0530] {dagbag.py:538} INFO - Filling up the DagBag from /home/arun/.local/lib/python3.10/site-packages/airflow/example_dags/plugins/listener_plugin.py
[2024-03-05T23:16:51.162+0530] {processor.py:842} WARNING - No viable dags retrieved from /home/arun/.local/lib/python3.10/site-packages/airflow/example_dags/plugins/listener_plugin.py
[2024-03-05T23:16:51.179+0530] {processor.py:183} INFO - Processing /home/arun/.local/lib/python3.10/site-packages/airflow/example_dags/plugins/listener_plugin.py took 0.073 seconds
[2024-03-05T23:18:20.025+0530] {processor.py:161} INFO - Started process (PID=10648) to work on /home/arun/.local/lib/python3.10/site-packages/airflow/example_dags/plugins/listener_plugin.py
[2024-03-05T23:18:20.060+0530] {processor.py:830} INFO - Processing file /home/arun/.local/lib/python3.10/site-packages/airflow/example_dags/plugins/listener_plugin.py for tasks to queue
[2024-03-05T23:18:20.062+0530] {logging_mixin.py:188} INFO - [2024-03-05T23:18:20.061+0530] {dagbag.py:538} INFO - Filling up the DagBag from /home/arun/.local/lib/python3.10/site-packages/airflow/example_dags/plugins/listener_plugin.py
[2024-03-05T23:18:20.065+0530] {processor.py:842} WARNING - No viable dags retrieved from /home/arun/.local/lib/python3.10/site-packages/airflow/example_dags/plugins/listener_plugin.py
[2024-03-05T23:18:20.077+0530] {processor.py:183} INFO - Processing /home/arun/.local/lib/python3.10/site-packages/airflow/example_dags/plugins/listener_plugin.py took 0.055 seconds
[2024-03-05T23:20:05.528+0530] {processor.py:161} INFO - Started process (PID=10786) to work on /home/arun/.local/lib/python3.10/site-packages/airflow/example_dags/plugins/listener_plugin.py
[2024-03-05T23:20:05.571+0530] {processor.py:830} INFO - Processing file /home/arun/.local/lib/python3.10/site-packages/airflow/example_dags/plugins/listener_plugin.py for tasks to queue
[2024-03-05T23:20:05.573+0530] {logging_mixin.py:188} INFO - [2024-03-05T23:20:05.572+0530] {dagbag.py:538} INFO - Filling up the DagBag from /home/arun/.local/lib/python3.10/site-packages/airflow/example_dags/plugins/listener_plugin.py
[2024-03-05T23:20:05.576+0530] {processor.py:842} WARNING - No viable dags retrieved from /home/arun/.local/lib/python3.10/site-packages/airflow/example_dags/plugins/listener_plugin.py
[2024-03-05T23:20:05.590+0530] {processor.py:183} INFO - Processing /home/arun/.local/lib/python3.10/site-packages/airflow/example_dags/plugins/listener_plugin.py took 0.066 seconds
[2024-03-05T23:21:35.345+0530] {processor.py:161} INFO - Started process (PID=10918) to work on /home/arun/.local/lib/python3.10/site-packages/airflow/example_dags/plugins/listener_plugin.py
[2024-03-05T23:21:35.379+0530] {processor.py:830} INFO - Processing file /home/arun/.local/lib/python3.10/site-packages/airflow/example_dags/plugins/listener_plugin.py for tasks to queue
[2024-03-05T23:21:35.380+0530] {logging_mixin.py:188} INFO - [2024-03-05T23:21:35.379+0530] {dagbag.py:538} INFO - Filling up the DagBag from /home/arun/.local/lib/python3.10/site-packages/airflow/example_dags/plugins/listener_plugin.py
[2024-03-05T23:21:35.383+0530] {processor.py:842} WARNING - No viable dags retrieved from /home/arun/.local/lib/python3.10/site-packages/airflow/example_dags/plugins/listener_plugin.py
[2024-03-05T23:21:35.395+0530] {processor.py:183} INFO - Processing /home/arun/.local/lib/python3.10/site-packages/airflow/example_dags/plugins/listener_plugin.py took 0.054 seconds
[2024-03-05T23:22:58.238+0530] {processor.py:161} INFO - Started process (PID=11036) to work on /home/arun/.local/lib/python3.10/site-packages/airflow/example_dags/plugins/listener_plugin.py
[2024-03-05T23:22:58.320+0530] {processor.py:830} INFO - Processing file /home/arun/.local/lib/python3.10/site-packages/airflow/example_dags/plugins/listener_plugin.py for tasks to queue
[2024-03-05T23:22:58.322+0530] {logging_mixin.py:188} INFO - [2024-03-05T23:22:58.321+0530] {dagbag.py:538} INFO - Filling up the DagBag from /home/arun/.local/lib/python3.10/site-packages/airflow/example_dags/plugins/listener_plugin.py
[2024-03-05T23:22:58.327+0530] {processor.py:842} WARNING - No viable dags retrieved from /home/arun/.local/lib/python3.10/site-packages/airflow/example_dags/plugins/listener_plugin.py
[2024-03-05T23:22:58.342+0530] {processor.py:183} INFO - Processing /home/arun/.local/lib/python3.10/site-packages/airflow/example_dags/plugins/listener_plugin.py took 0.109 seconds
