[2024-03-05T17:01:52.331+0530] {taskinstance.py:1956} INFO - Dependencies all met for dep_context=non-requeueable deps ti=<TaskInstance: Visualization_DAG.plot_temp_wind scheduled__2024-03-05T11:27:00+00:00 [queued]>
[2024-03-05T17:01:52.337+0530] {taskinstance.py:1956} INFO - Dependencies all met for dep_context=requeueable deps ti=<TaskInstance: Visualization_DAG.plot_temp_wind scheduled__2024-03-05T11:27:00+00:00 [queued]>
[2024-03-05T17:01:52.337+0530] {taskinstance.py:2170} INFO - Starting attempt 1 of 2
[2024-03-05T17:01:52.362+0530] {taskinstance.py:2191} INFO - Executing <Task(PythonOperator): plot_temp_wind> on 2024-03-05 11:27:00+00:00
[2024-03-05T17:01:52.370+0530] {standard_task_runner.py:60} INFO - Started process 6077 to run task
[2024-03-05T17:01:52.374+0530] {standard_task_runner.py:87} INFO - Running: ['airflow', 'tasks', 'run', 'Visualization_DAG', 'plot_temp_wind', 'scheduled__2024-03-05T11:27:00+00:00', '--job-id', '295', '--raw', '--subdir', 'DAGS_FOLDER/.ipynb_checkpoints/Analytics_data-checkpoint.py', '--cfg-path', '/tmp/tmplgwepja9']
[2024-03-05T17:01:52.374+0530] {standard_task_runner.py:88} INFO - Job 295: Subtask plot_temp_wind
[2024-03-05T17:01:52.435+0530] {task_command.py:423} INFO - Running <TaskInstance: Visualization_DAG.plot_temp_wind scheduled__2024-03-05T11:27:00+00:00 [running]> on host arun-VM
[2024-03-05T17:01:52.568+0530] {taskinstance.py:2480} INFO - Exporting env vars: AIRFLOW_CTX_DAG_OWNER='admin' AIRFLOW_CTX_DAG_ID='Visualization_DAG' AIRFLOW_CTX_TASK_ID='plot_temp_wind' AIRFLOW_CTX_EXECUTION_DATE='2024-03-05T11:27:00+00:00' AIRFLOW_CTX_TRY_NUMBER='1' AIRFLOW_CTX_DAG_RUN_ID='scheduled__2024-03-05T11:27:00+00:00'
[2024-03-05T17:01:52.901+0530] {logging_mixin.py:188} WARNING - /home/arun/airflow/dags/.ipynb_checkpoints/Analytics_data-checkpoint.py:105 UserWarning: Starting a Matplotlib GUI outside of the main thread will likely fail.
[2024-03-05T17:01:53.046+0530] {logging_mixin.py:188} WARNING - /home/arun/airflow/dags/.ipynb_checkpoints/Analytics_data-checkpoint.py:106 FutureWarning: The geopandas.dataset module is deprecated and will be removed in GeoPandas 1.0. You can get the original 'naturalearth_lowres' data from https://www.naturalearthdata.com/downloads/110m-cultural-vectors/.
[2024-03-05T17:01:54.924+0530] {logging_mixin.py:188} WARNING - /home/arun/.local/lib/python3.10/site-packages/geopandas/plotting.py:684 UserWarning: Starting a Matplotlib GUI outside of the main thread will likely fail.
[2024-03-05T17:01:55.898+0530] {logging_mixin.py:188} WARNING - /home/arun/airflow/dags/.ipynb_checkpoints/Analytics_data-checkpoint.py:111 UserWarning: Starting a Matplotlib GUI outside of the main thread will likely fail.
[2024-03-05T17:01:55.902+0530] {logging_mixin.py:188} WARNING - /home/arun/airflow/dags/.ipynb_checkpoints/Analytics_data-checkpoint.py:112 FutureWarning: The geopandas.dataset module is deprecated and will be removed in GeoPandas 1.0. You can get the original 'naturalearth_lowres' data from https://www.naturalearthdata.com/downloads/110m-cultural-vectors/.
[2024-03-05T17:01:55.960+0530] {logging_mixin.py:188} WARNING - /home/arun/.local/lib/python3.10/site-packages/geopandas/plotting.py:684 UserWarning: Starting a Matplotlib GUI outside of the main thread will likely fail.
[2024-03-05T17:01:56.578+0530] {logging_mixin.py:188} WARNING - /home/arun/airflow/dags/.ipynb_checkpoints/Analytics_data-checkpoint.py:105 UserWarning: Starting a Matplotlib GUI outside of the main thread will likely fail.
[2024-03-05T17:01:56.585+0530] {logging_mixin.py:188} WARNING - /home/arun/airflow/dags/.ipynb_checkpoints/Analytics_data-checkpoint.py:106 FutureWarning: The geopandas.dataset module is deprecated and will be removed in GeoPandas 1.0. You can get the original 'naturalearth_lowres' data from https://www.naturalearthdata.com/downloads/110m-cultural-vectors/.
[2024-03-05T17:01:56.647+0530] {logging_mixin.py:188} WARNING - /home/arun/.local/lib/python3.10/site-packages/geopandas/plotting.py:684 UserWarning: Starting a Matplotlib GUI outside of the main thread will likely fail.
[2024-03-05T17:01:58.500+0530] {logging_mixin.py:188} WARNING - /home/arun/airflow/dags/.ipynb_checkpoints/Analytics_data-checkpoint.py:111 UserWarning: Starting a Matplotlib GUI outside of the main thread will likely fail.
[2024-03-05T17:01:58.506+0530] {logging_mixin.py:188} WARNING - /home/arun/airflow/dags/.ipynb_checkpoints/Analytics_data-checkpoint.py:112 FutureWarning: The geopandas.dataset module is deprecated and will be removed in GeoPandas 1.0. You can get the original 'naturalearth_lowres' data from https://www.naturalearthdata.com/downloads/110m-cultural-vectors/.
[2024-03-05T17:01:58.657+0530] {logging_mixin.py:188} WARNING - /home/arun/.local/lib/python3.10/site-packages/geopandas/plotting.py:684 UserWarning: Starting a Matplotlib GUI outside of the main thread will likely fail.
[2024-03-05T17:02:00.777+0530] {logging_mixin.py:188} WARNING - /home/arun/airflow/dags/.ipynb_checkpoints/Analytics_data-checkpoint.py:105 UserWarning: Starting a Matplotlib GUI outside of the main thread will likely fail.
[2024-03-05T17:02:00.787+0530] {logging_mixin.py:188} WARNING - /home/arun/airflow/dags/.ipynb_checkpoints/Analytics_data-checkpoint.py:106 FutureWarning: The geopandas.dataset module is deprecated and will be removed in GeoPandas 1.0. You can get the original 'naturalearth_lowres' data from https://www.naturalearthdata.com/downloads/110m-cultural-vectors/.
[2024-03-05T17:02:00.899+0530] {logging_mixin.py:188} WARNING - /home/arun/.local/lib/python3.10/site-packages/geopandas/plotting.py:684 UserWarning: Starting a Matplotlib GUI outside of the main thread will likely fail.
[2024-03-05T17:02:01.493+0530] {logging_mixin.py:188} WARNING - /home/arun/airflow/dags/.ipynb_checkpoints/Analytics_data-checkpoint.py:111 UserWarning: Starting a Matplotlib GUI outside of the main thread will likely fail.
[2024-03-05T17:02:01.499+0530] {logging_mixin.py:188} WARNING - /home/arun/airflow/dags/.ipynb_checkpoints/Analytics_data-checkpoint.py:112 FutureWarning: The geopandas.dataset module is deprecated and will be removed in GeoPandas 1.0. You can get the original 'naturalearth_lowres' data from https://www.naturalearthdata.com/downloads/110m-cultural-vectors/.
[2024-03-05T17:02:01.584+0530] {logging_mixin.py:188} WARNING - /home/arun/.local/lib/python3.10/site-packages/geopandas/plotting.py:684 UserWarning: Starting a Matplotlib GUI outside of the main thread will likely fail.
[2024-03-05T17:02:02.202+0530] {logging_mixin.py:188} WARNING - /home/arun/airflow/dags/.ipynb_checkpoints/Analytics_data-checkpoint.py:105 UserWarning: Starting a Matplotlib GUI outside of the main thread will likely fail.
[2024-03-05T17:02:02.211+0530] {logging_mixin.py:188} WARNING - /home/arun/airflow/dags/.ipynb_checkpoints/Analytics_data-checkpoint.py:106 FutureWarning: The geopandas.dataset module is deprecated and will be removed in GeoPandas 1.0. You can get the original 'naturalearth_lowres' data from https://www.naturalearthdata.com/downloads/110m-cultural-vectors/.
[2024-03-05T17:02:02.310+0530] {logging_mixin.py:188} WARNING - /home/arun/.local/lib/python3.10/site-packages/geopandas/plotting.py:684 UserWarning: Starting a Matplotlib GUI outside of the main thread will likely fail.
[2024-03-05T17:02:02.936+0530] {logging_mixin.py:188} WARNING - /home/arun/airflow/dags/.ipynb_checkpoints/Analytics_data-checkpoint.py:111 UserWarning: Starting a Matplotlib GUI outside of the main thread will likely fail.
[2024-03-05T17:02:02.942+0530] {logging_mixin.py:188} WARNING - /home/arun/airflow/dags/.ipynb_checkpoints/Analytics_data-checkpoint.py:112 FutureWarning: The geopandas.dataset module is deprecated and will be removed in GeoPandas 1.0. You can get the original 'naturalearth_lowres' data from https://www.naturalearthdata.com/downloads/110m-cultural-vectors/.
[2024-03-05T17:02:03.005+0530] {logging_mixin.py:188} WARNING - /home/arun/.local/lib/python3.10/site-packages/geopandas/plotting.py:684 UserWarning: Starting a Matplotlib GUI outside of the main thread will likely fail.
[2024-03-05T17:02:03.572+0530] {logging_mixin.py:188} WARNING - /home/arun/airflow/dags/.ipynb_checkpoints/Analytics_data-checkpoint.py:105 UserWarning: Starting a Matplotlib GUI outside of the main thread will likely fail.
[2024-03-05T17:02:03.576+0530] {logging_mixin.py:188} WARNING - /home/arun/airflow/dags/.ipynb_checkpoints/Analytics_data-checkpoint.py:106 FutureWarning: The geopandas.dataset module is deprecated and will be removed in GeoPandas 1.0. You can get the original 'naturalearth_lowres' data from https://www.naturalearthdata.com/downloads/110m-cultural-vectors/.
[2024-03-05T17:02:03.639+0530] {logging_mixin.py:188} WARNING - /home/arun/.local/lib/python3.10/site-packages/geopandas/plotting.py:684 UserWarning: Starting a Matplotlib GUI outside of the main thread will likely fail.
[2024-03-05T17:02:04.559+0530] {logging_mixin.py:188} WARNING - /home/arun/airflow/dags/.ipynb_checkpoints/Analytics_data-checkpoint.py:111 UserWarning: Starting a Matplotlib GUI outside of the main thread will likely fail.
[2024-03-05T17:02:04.566+0530] {logging_mixin.py:188} WARNING - /home/arun/airflow/dags/.ipynb_checkpoints/Analytics_data-checkpoint.py:112 FutureWarning: The geopandas.dataset module is deprecated and will be removed in GeoPandas 1.0. You can get the original 'naturalearth_lowres' data from https://www.naturalearthdata.com/downloads/110m-cultural-vectors/.
[2024-03-05T17:02:04.666+0530] {logging_mixin.py:188} WARNING - /home/arun/.local/lib/python3.10/site-packages/geopandas/plotting.py:684 UserWarning: Starting a Matplotlib GUI outside of the main thread will likely fail.
[2024-03-05T17:02:05.429+0530] {logging_mixin.py:188} WARNING - /home/arun/airflow/dags/.ipynb_checkpoints/Analytics_data-checkpoint.py:105 RuntimeWarning: More than 20 figures have been opened. Figures created through the pyplot interface (`matplotlib.pyplot.figure`) are retained until explicitly closed and may consume too much memory. (To control this warning, see the rcParam `figure.max_open_warning`). Consider using `matplotlib.pyplot.close()`.
[2024-03-05T17:02:05.430+0530] {logging_mixin.py:188} WARNING - /home/arun/airflow/dags/.ipynb_checkpoints/Analytics_data-checkpoint.py:105 UserWarning: Starting a Matplotlib GUI outside of the main thread will likely fail.
[2024-03-05T17:02:05.436+0530] {logging_mixin.py:188} WARNING - /home/arun/airflow/dags/.ipynb_checkpoints/Analytics_data-checkpoint.py:106 FutureWarning: The geopandas.dataset module is deprecated and will be removed in GeoPandas 1.0. You can get the original 'naturalearth_lowres' data from https://www.naturalearthdata.com/downloads/110m-cultural-vectors/.
[2024-03-05T17:02:05.518+0530] {logging_mixin.py:188} WARNING - /home/arun/.local/lib/python3.10/site-packages/geopandas/plotting.py:684 UserWarning: Starting a Matplotlib GUI outside of the main thread will likely fail.
[2024-03-05T17:02:06.459+0530] {logging_mixin.py:188} WARNING - /home/arun/airflow/dags/.ipynb_checkpoints/Analytics_data-checkpoint.py:111 UserWarning: Starting a Matplotlib GUI outside of the main thread will likely fail.
[2024-03-05T17:02:06.467+0530] {logging_mixin.py:188} WARNING - /home/arun/airflow/dags/.ipynb_checkpoints/Analytics_data-checkpoint.py:112 FutureWarning: The geopandas.dataset module is deprecated and will be removed in GeoPandas 1.0. You can get the original 'naturalearth_lowres' data from https://www.naturalearthdata.com/downloads/110m-cultural-vectors/.
[2024-03-05T17:02:06.713+0530] {logging_mixin.py:188} WARNING - /home/arun/.local/lib/python3.10/site-packages/geopandas/plotting.py:684 UserWarning: Starting a Matplotlib GUI outside of the main thread will likely fail.
[2024-03-05T17:02:08.070+0530] {logging_mixin.py:188} WARNING - /home/arun/airflow/dags/.ipynb_checkpoints/Analytics_data-checkpoint.py:105 UserWarning: Starting a Matplotlib GUI outside of the main thread will likely fail.
[2024-03-05T17:02:08.076+0530] {logging_mixin.py:188} WARNING - /home/arun/airflow/dags/.ipynb_checkpoints/Analytics_data-checkpoint.py:106 FutureWarning: The geopandas.dataset module is deprecated and will be removed in GeoPandas 1.0. You can get the original 'naturalearth_lowres' data from https://www.naturalearthdata.com/downloads/110m-cultural-vectors/.
[2024-03-05T17:02:08.223+0530] {logging_mixin.py:188} WARNING - /home/arun/.local/lib/python3.10/site-packages/geopandas/plotting.py:684 UserWarning: Starting a Matplotlib GUI outside of the main thread will likely fail.
[2024-03-05T17:02:09.599+0530] {logging_mixin.py:188} WARNING - /home/arun/airflow/dags/.ipynb_checkpoints/Analytics_data-checkpoint.py:111 UserWarning: Starting a Matplotlib GUI outside of the main thread will likely fail.
[2024-03-05T17:02:09.608+0530] {logging_mixin.py:188} WARNING - /home/arun/airflow/dags/.ipynb_checkpoints/Analytics_data-checkpoint.py:112 FutureWarning: The geopandas.dataset module is deprecated and will be removed in GeoPandas 1.0. You can get the original 'naturalearth_lowres' data from https://www.naturalearthdata.com/downloads/110m-cultural-vectors/.
[2024-03-05T17:02:09.782+0530] {logging_mixin.py:188} WARNING - /home/arun/.local/lib/python3.10/site-packages/geopandas/plotting.py:684 UserWarning: Starting a Matplotlib GUI outside of the main thread will likely fail.
[2024-03-05T17:02:10.990+0530] {logging_mixin.py:188} WARNING - /home/arun/airflow/dags/.ipynb_checkpoints/Analytics_data-checkpoint.py:105 UserWarning: Starting a Matplotlib GUI outside of the main thread will likely fail.
[2024-03-05T17:02:10.995+0530] {logging_mixin.py:188} WARNING - /home/arun/airflow/dags/.ipynb_checkpoints/Analytics_data-checkpoint.py:106 FutureWarning: The geopandas.dataset module is deprecated and will be removed in GeoPandas 1.0. You can get the original 'naturalearth_lowres' data from https://www.naturalearthdata.com/downloads/110m-cultural-vectors/.
[2024-03-05T17:02:11.118+0530] {logging_mixin.py:188} WARNING - /home/arun/.local/lib/python3.10/site-packages/geopandas/plotting.py:684 UserWarning: Starting a Matplotlib GUI outside of the main thread will likely fail.
[2024-03-05T17:02:12.248+0530] {logging_mixin.py:188} WARNING - /home/arun/airflow/dags/.ipynb_checkpoints/Analytics_data-checkpoint.py:111 UserWarning: Starting a Matplotlib GUI outside of the main thread will likely fail.
[2024-03-05T17:02:12.256+0530] {logging_mixin.py:188} WARNING - /home/arun/airflow/dags/.ipynb_checkpoints/Analytics_data-checkpoint.py:112 FutureWarning: The geopandas.dataset module is deprecated and will be removed in GeoPandas 1.0. You can get the original 'naturalearth_lowres' data from https://www.naturalearthdata.com/downloads/110m-cultural-vectors/.
[2024-03-05T17:02:12.453+0530] {logging_mixin.py:188} WARNING - /home/arun/.local/lib/python3.10/site-packages/geopandas/plotting.py:684 UserWarning: Starting a Matplotlib GUI outside of the main thread will likely fail.
[2024-03-05T17:02:13.647+0530] {logging_mixin.py:188} WARNING - /home/arun/airflow/dags/.ipynb_checkpoints/Analytics_data-checkpoint.py:105 UserWarning: Starting a Matplotlib GUI outside of the main thread will likely fail.
[2024-03-05T17:02:13.655+0530] {logging_mixin.py:188} WARNING - /home/arun/airflow/dags/.ipynb_checkpoints/Analytics_data-checkpoint.py:106 FutureWarning: The geopandas.dataset module is deprecated and will be removed in GeoPandas 1.0. You can get the original 'naturalearth_lowres' data from https://www.naturalearthdata.com/downloads/110m-cultural-vectors/.
[2024-03-05T17:02:13.840+0530] {logging_mixin.py:188} WARNING - /home/arun/.local/lib/python3.10/site-packages/geopandas/plotting.py:684 UserWarning: Starting a Matplotlib GUI outside of the main thread will likely fail.
[2024-03-05T17:02:14.913+0530] {logging_mixin.py:188} WARNING - /home/arun/airflow/dags/.ipynb_checkpoints/Analytics_data-checkpoint.py:111 UserWarning: Starting a Matplotlib GUI outside of the main thread will likely fail.
[2024-03-05T17:02:14.922+0530] {logging_mixin.py:188} WARNING - /home/arun/airflow/dags/.ipynb_checkpoints/Analytics_data-checkpoint.py:112 FutureWarning: The geopandas.dataset module is deprecated and will be removed in GeoPandas 1.0. You can get the original 'naturalearth_lowres' data from https://www.naturalearthdata.com/downloads/110m-cultural-vectors/.
[2024-03-05T17:02:15.095+0530] {logging_mixin.py:188} WARNING - /home/arun/.local/lib/python3.10/site-packages/geopandas/plotting.py:684 UserWarning: Starting a Matplotlib GUI outside of the main thread will likely fail.
[2024-03-05T17:02:16.016+0530] {logging_mixin.py:188} WARNING - /home/arun/airflow/dags/.ipynb_checkpoints/Analytics_data-checkpoint.py:105 UserWarning: Starting a Matplotlib GUI outside of the main thread will likely fail.
[2024-03-05T17:02:16.021+0530] {logging_mixin.py:188} WARNING - /home/arun/airflow/dags/.ipynb_checkpoints/Analytics_data-checkpoint.py:106 FutureWarning: The geopandas.dataset module is deprecated and will be removed in GeoPandas 1.0. You can get the original 'naturalearth_lowres' data from https://www.naturalearthdata.com/downloads/110m-cultural-vectors/.
[2024-03-05T17:02:16.114+0530] {logging_mixin.py:188} WARNING - /home/arun/.local/lib/python3.10/site-packages/geopandas/plotting.py:684 UserWarning: Starting a Matplotlib GUI outside of the main thread will likely fail.
[2024-03-05T17:02:16.929+0530] {logging_mixin.py:188} WARNING - /home/arun/airflow/dags/.ipynb_checkpoints/Analytics_data-checkpoint.py:111 UserWarning: Starting a Matplotlib GUI outside of the main thread will likely fail.
[2024-03-05T17:02:16.935+0530] {logging_mixin.py:188} WARNING - /home/arun/airflow/dags/.ipynb_checkpoints/Analytics_data-checkpoint.py:112 FutureWarning: The geopandas.dataset module is deprecated and will be removed in GeoPandas 1.0. You can get the original 'naturalearth_lowres' data from https://www.naturalearthdata.com/downloads/110m-cultural-vectors/.
[2024-03-05T17:02:17.086+0530] {logging_mixin.py:188} WARNING - /home/arun/.local/lib/python3.10/site-packages/geopandas/plotting.py:684 UserWarning: Starting a Matplotlib GUI outside of the main thread will likely fail.
[2024-03-05T17:02:18.264+0530] {logging_mixin.py:188} WARNING - /home/arun/airflow/dags/.ipynb_checkpoints/Analytics_data-checkpoint.py:105 UserWarning: Starting a Matplotlib GUI outside of the main thread will likely fail.
[2024-03-05T17:02:18.269+0530] {logging_mixin.py:188} WARNING - /home/arun/airflow/dags/.ipynb_checkpoints/Analytics_data-checkpoint.py:106 FutureWarning: The geopandas.dataset module is deprecated and will be removed in GeoPandas 1.0. You can get the original 'naturalearth_lowres' data from https://www.naturalearthdata.com/downloads/110m-cultural-vectors/.
[2024-03-05T17:02:18.397+0530] {logging_mixin.py:188} WARNING - /home/arun/.local/lib/python3.10/site-packages/geopandas/plotting.py:684 UserWarning: Starting a Matplotlib GUI outside of the main thread will likely fail.
[2024-03-05T17:02:19.308+0530] {logging_mixin.py:188} WARNING - /home/arun/airflow/dags/.ipynb_checkpoints/Analytics_data-checkpoint.py:111 UserWarning: Starting a Matplotlib GUI outside of the main thread will likely fail.
[2024-03-05T17:02:19.317+0530] {logging_mixin.py:188} WARNING - /home/arun/airflow/dags/.ipynb_checkpoints/Analytics_data-checkpoint.py:112 FutureWarning: The geopandas.dataset module is deprecated and will be removed in GeoPandas 1.0. You can get the original 'naturalearth_lowres' data from https://www.naturalearthdata.com/downloads/110m-cultural-vectors/.
[2024-03-05T17:02:19.537+0530] {logging_mixin.py:188} WARNING - /home/arun/.local/lib/python3.10/site-packages/geopandas/plotting.py:684 UserWarning: Starting a Matplotlib GUI outside of the main thread will likely fail.
[2024-03-05T17:02:20.712+0530] {logging_mixin.py:188} WARNING - /home/arun/airflow/dags/.ipynb_checkpoints/Analytics_data-checkpoint.py:105 UserWarning: Starting a Matplotlib GUI outside of the main thread will likely fail.
[2024-03-05T17:02:20.720+0530] {logging_mixin.py:188} WARNING - /home/arun/airflow/dags/.ipynb_checkpoints/Analytics_data-checkpoint.py:106 FutureWarning: The geopandas.dataset module is deprecated and will be removed in GeoPandas 1.0. You can get the original 'naturalearth_lowres' data from https://www.naturalearthdata.com/downloads/110m-cultural-vectors/.
[2024-03-05T17:02:20.841+0530] {logging_mixin.py:188} WARNING - /home/arun/.local/lib/python3.10/site-packages/geopandas/plotting.py:684 UserWarning: Starting a Matplotlib GUI outside of the main thread will likely fail.
[2024-03-05T17:02:21.811+0530] {logging_mixin.py:188} WARNING - /home/arun/airflow/dags/.ipynb_checkpoints/Analytics_data-checkpoint.py:111 UserWarning: Starting a Matplotlib GUI outside of the main thread will likely fail.
[2024-03-05T17:02:21.818+0530] {logging_mixin.py:188} WARNING - /home/arun/airflow/dags/.ipynb_checkpoints/Analytics_data-checkpoint.py:112 FutureWarning: The geopandas.dataset module is deprecated and will be removed in GeoPandas 1.0. You can get the original 'naturalearth_lowres' data from https://www.naturalearthdata.com/downloads/110m-cultural-vectors/.
[2024-03-05T17:02:21.916+0530] {logging_mixin.py:188} WARNING - /home/arun/.local/lib/python3.10/site-packages/geopandas/plotting.py:684 UserWarning: Starting a Matplotlib GUI outside of the main thread will likely fail.
[2024-03-05T17:02:22.539+0530] {python.py:201} INFO - Done. Returned value was: None
[2024-03-05T17:02:22.545+0530] {taskinstance.py:1138} INFO - Marking task as SUCCESS. dag_id=Visualization_DAG, task_id=plot_temp_wind, execution_date=20240305T112700, start_date=20240305T113152, end_date=20240305T113222
[2024-03-05T17:02:22.768+0530] {local_task_job_runner.py:234} INFO - Task exited with return code 0
[2024-03-05T17:02:22.783+0530] {taskinstance.py:3280} INFO - 0 downstream tasks scheduled from follow-on schedule check
