[2024-03-05T16:46:53.004+0530] {taskinstance.py:1956} INFO - Dependencies all met for dep_context=non-requeueable deps ti=<TaskInstance: Visualization_DAG.plot_temp_wind scheduled__2024-03-04T17:18:00+00:00 [queued]>
[2024-03-05T16:46:53.030+0530] {taskinstance.py:1956} INFO - Dependencies all met for dep_context=requeueable deps ti=<TaskInstance: Visualization_DAG.plot_temp_wind scheduled__2024-03-04T17:18:00+00:00 [queued]>
[2024-03-05T16:46:53.033+0530] {taskinstance.py:2170} INFO - Starting attempt 1 of 2
[2024-03-05T16:46:53.165+0530] {taskinstance.py:2191} INFO - Executing <Task(PythonOperator): plot_temp_wind> on 2024-03-04 17:18:00+00:00
[2024-03-05T16:46:53.188+0530] {standard_task_runner.py:60} INFO - Started process 13185 to run task
[2024-03-05T16:46:53.194+0530] {standard_task_runner.py:87} INFO - Running: ['airflow', 'tasks', 'run', 'Visualization_DAG', 'plot_temp_wind', 'scheduled__2024-03-04T17:18:00+00:00', '--job-id', '278', '--raw', '--subdir', 'DAGS_FOLDER/.ipynb_checkpoints/Analytics_data-checkpoint.py', '--cfg-path', '/tmp/tmp2rufru6q']
[2024-03-05T16:46:53.195+0530] {standard_task_runner.py:88} INFO - Job 278: Subtask plot_temp_wind
[2024-03-05T16:46:53.449+0530] {task_command.py:423} INFO - Running <TaskInstance: Visualization_DAG.plot_temp_wind scheduled__2024-03-04T17:18:00+00:00 [running]> on host arun-VM
[2024-03-05T16:46:53.950+0530] {taskinstance.py:2480} INFO - Exporting env vars: AIRFLOW_CTX_DAG_OWNER='admin' AIRFLOW_CTX_DAG_ID='Visualization_DAG' AIRFLOW_CTX_TASK_ID='plot_temp_wind' AIRFLOW_CTX_EXECUTION_DATE='2024-03-04T17:18:00+00:00' AIRFLOW_CTX_TRY_NUMBER='1' AIRFLOW_CTX_DAG_RUN_ID='scheduled__2024-03-04T17:18:00+00:00'
[2024-03-05T16:46:55.038+0530] {logging_mixin.py:188} WARNING - /home/arun/airflow/dags/.ipynb_checkpoints/Analytics_data-checkpoint.py:105 UserWarning: Starting a Matplotlib GUI outside of the main thread will likely fail.
[2024-03-05T16:46:55.555+0530] {logging_mixin.py:188} WARNING - /home/arun/airflow/dags/.ipynb_checkpoints/Analytics_data-checkpoint.py:106 FutureWarning: The geopandas.dataset module is deprecated and will be removed in GeoPandas 1.0. You can get the original 'naturalearth_lowres' data from https://www.naturalearthdata.com/downloads/110m-cultural-vectors/.
[2024-03-05T16:46:56.834+0530] {logging_mixin.py:188} WARNING - /home/arun/.local/lib/python3.10/site-packages/geopandas/plotting.py:684 UserWarning: Starting a Matplotlib GUI outside of the main thread will likely fail.
[2024-03-05T16:46:59.322+0530] {logging_mixin.py:188} WARNING - /home/arun/airflow/dags/.ipynb_checkpoints/Analytics_data-checkpoint.py:111 UserWarning: Starting a Matplotlib GUI outside of the main thread will likely fail.
[2024-03-05T16:46:59.339+0530] {logging_mixin.py:188} WARNING - /home/arun/airflow/dags/.ipynb_checkpoints/Analytics_data-checkpoint.py:112 FutureWarning: The geopandas.dataset module is deprecated and will be removed in GeoPandas 1.0. You can get the original 'naturalearth_lowres' data from https://www.naturalearthdata.com/downloads/110m-cultural-vectors/.
[2024-03-05T16:46:59.522+0530] {logging_mixin.py:188} WARNING - /home/arun/.local/lib/python3.10/site-packages/geopandas/plotting.py:684 UserWarning: Starting a Matplotlib GUI outside of the main thread will likely fail.
[2024-03-05T16:47:01.217+0530] {logging_mixin.py:188} WARNING - /home/arun/airflow/dags/.ipynb_checkpoints/Analytics_data-checkpoint.py:105 UserWarning: Starting a Matplotlib GUI outside of the main thread will likely fail.
[2024-03-05T16:47:01.231+0530] {logging_mixin.py:188} WARNING - /home/arun/airflow/dags/.ipynb_checkpoints/Analytics_data-checkpoint.py:106 FutureWarning: The geopandas.dataset module is deprecated and will be removed in GeoPandas 1.0. You can get the original 'naturalearth_lowres' data from https://www.naturalearthdata.com/downloads/110m-cultural-vectors/.
[2024-03-05T16:47:01.512+0530] {logging_mixin.py:188} WARNING - /home/arun/.local/lib/python3.10/site-packages/geopandas/plotting.py:684 UserWarning: Starting a Matplotlib GUI outside of the main thread will likely fail.
[2024-03-05T16:47:04.326+0530] {logging_mixin.py:188} WARNING - /home/arun/airflow/dags/.ipynb_checkpoints/Analytics_data-checkpoint.py:111 UserWarning: Starting a Matplotlib GUI outside of the main thread will likely fail.
[2024-03-05T16:47:04.333+0530] {logging_mixin.py:188} WARNING - /home/arun/airflow/dags/.ipynb_checkpoints/Analytics_data-checkpoint.py:112 FutureWarning: The geopandas.dataset module is deprecated and will be removed in GeoPandas 1.0. You can get the original 'naturalearth_lowres' data from https://www.naturalearthdata.com/downloads/110m-cultural-vectors/.
[2024-03-05T16:47:04.545+0530] {logging_mixin.py:188} WARNING - /home/arun/.local/lib/python3.10/site-packages/geopandas/plotting.py:684 UserWarning: Starting a Matplotlib GUI outside of the main thread will likely fail.
[2024-03-05T16:47:05.261+0530] {logging_mixin.py:188} WARNING - /home/arun/airflow/dags/.ipynb_checkpoints/Analytics_data-checkpoint.py:105 UserWarning: Starting a Matplotlib GUI outside of the main thread will likely fail.
[2024-03-05T16:47:05.279+0530] {logging_mixin.py:188} WARNING - /home/arun/airflow/dags/.ipynb_checkpoints/Analytics_data-checkpoint.py:106 FutureWarning: The geopandas.dataset module is deprecated and will be removed in GeoPandas 1.0. You can get the original 'naturalearth_lowres' data from https://www.naturalearthdata.com/downloads/110m-cultural-vectors/.
[2024-03-05T16:47:05.437+0530] {logging_mixin.py:188} WARNING - /home/arun/.local/lib/python3.10/site-packages/geopandas/plotting.py:684 UserWarning: Starting a Matplotlib GUI outside of the main thread will likely fail.
[2024-03-05T16:47:06.425+0530] {logging_mixin.py:188} WARNING - /home/arun/airflow/dags/.ipynb_checkpoints/Analytics_data-checkpoint.py:111 UserWarning: Starting a Matplotlib GUI outside of the main thread will likely fail.
[2024-03-05T16:47:06.431+0530] {logging_mixin.py:188} WARNING - /home/arun/airflow/dags/.ipynb_checkpoints/Analytics_data-checkpoint.py:112 FutureWarning: The geopandas.dataset module is deprecated and will be removed in GeoPandas 1.0. You can get the original 'naturalearth_lowres' data from https://www.naturalearthdata.com/downloads/110m-cultural-vectors/.
[2024-03-05T16:47:06.550+0530] {logging_mixin.py:188} WARNING - /home/arun/.local/lib/python3.10/site-packages/geopandas/plotting.py:684 UserWarning: Starting a Matplotlib GUI outside of the main thread will likely fail.
[2024-03-05T16:47:07.268+0530] {logging_mixin.py:188} WARNING - /home/arun/airflow/dags/.ipynb_checkpoints/Analytics_data-checkpoint.py:105 UserWarning: Starting a Matplotlib GUI outside of the main thread will likely fail.
[2024-03-05T16:47:07.273+0530] {logging_mixin.py:188} WARNING - /home/arun/airflow/dags/.ipynb_checkpoints/Analytics_data-checkpoint.py:106 FutureWarning: The geopandas.dataset module is deprecated and will be removed in GeoPandas 1.0. You can get the original 'naturalearth_lowres' data from https://www.naturalearthdata.com/downloads/110m-cultural-vectors/.
[2024-03-05T16:47:07.353+0530] {logging_mixin.py:188} WARNING - /home/arun/.local/lib/python3.10/site-packages/geopandas/plotting.py:684 UserWarning: Starting a Matplotlib GUI outside of the main thread will likely fail.
[2024-03-05T16:47:08.342+0530] {logging_mixin.py:188} WARNING - /home/arun/airflow/dags/.ipynb_checkpoints/Analytics_data-checkpoint.py:111 UserWarning: Starting a Matplotlib GUI outside of the main thread will likely fail.
[2024-03-05T16:47:08.350+0530] {logging_mixin.py:188} WARNING - /home/arun/airflow/dags/.ipynb_checkpoints/Analytics_data-checkpoint.py:112 FutureWarning: The geopandas.dataset module is deprecated and will be removed in GeoPandas 1.0. You can get the original 'naturalearth_lowres' data from https://www.naturalearthdata.com/downloads/110m-cultural-vectors/.
[2024-03-05T16:47:08.456+0530] {logging_mixin.py:188} WARNING - /home/arun/.local/lib/python3.10/site-packages/geopandas/plotting.py:684 UserWarning: Starting a Matplotlib GUI outside of the main thread will likely fail.
[2024-03-05T16:47:09.253+0530] {logging_mixin.py:188} WARNING - /home/arun/airflow/dags/.ipynb_checkpoints/Analytics_data-checkpoint.py:105 UserWarning: Starting a Matplotlib GUI outside of the main thread will likely fail.
[2024-03-05T16:47:09.266+0530] {logging_mixin.py:188} WARNING - /home/arun/airflow/dags/.ipynb_checkpoints/Analytics_data-checkpoint.py:106 FutureWarning: The geopandas.dataset module is deprecated and will be removed in GeoPandas 1.0. You can get the original 'naturalearth_lowres' data from https://www.naturalearthdata.com/downloads/110m-cultural-vectors/.
[2024-03-05T16:47:09.404+0530] {logging_mixin.py:188} WARNING - /home/arun/.local/lib/python3.10/site-packages/geopandas/plotting.py:684 UserWarning: Starting a Matplotlib GUI outside of the main thread will likely fail.
[2024-03-05T16:47:10.422+0530] {logging_mixin.py:188} WARNING - /home/arun/airflow/dags/.ipynb_checkpoints/Analytics_data-checkpoint.py:111 UserWarning: Starting a Matplotlib GUI outside of the main thread will likely fail.
[2024-03-05T16:47:10.430+0530] {logging_mixin.py:188} WARNING - /home/arun/airflow/dags/.ipynb_checkpoints/Analytics_data-checkpoint.py:112 FutureWarning: The geopandas.dataset module is deprecated and will be removed in GeoPandas 1.0. You can get the original 'naturalearth_lowres' data from https://www.naturalearthdata.com/downloads/110m-cultural-vectors/.
[2024-03-05T16:47:10.500+0530] {logging_mixin.py:188} WARNING - /home/arun/.local/lib/python3.10/site-packages/geopandas/plotting.py:684 UserWarning: Starting a Matplotlib GUI outside of the main thread will likely fail.
[2024-03-05T16:47:11.250+0530] {logging_mixin.py:188} WARNING - /home/arun/airflow/dags/.ipynb_checkpoints/Analytics_data-checkpoint.py:105 RuntimeWarning: More than 20 figures have been opened. Figures created through the pyplot interface (`matplotlib.pyplot.figure`) are retained until explicitly closed and may consume too much memory. (To control this warning, see the rcParam `figure.max_open_warning`). Consider using `matplotlib.pyplot.close()`.
[2024-03-05T16:47:11.259+0530] {logging_mixin.py:188} WARNING - /home/arun/airflow/dags/.ipynb_checkpoints/Analytics_data-checkpoint.py:105 UserWarning: Starting a Matplotlib GUI outside of the main thread will likely fail.
[2024-03-05T16:47:11.281+0530] {logging_mixin.py:188} WARNING - /home/arun/airflow/dags/.ipynb_checkpoints/Analytics_data-checkpoint.py:106 FutureWarning: The geopandas.dataset module is deprecated and will be removed in GeoPandas 1.0. You can get the original 'naturalearth_lowres' data from https://www.naturalearthdata.com/downloads/110m-cultural-vectors/.
[2024-03-05T16:47:11.427+0530] {logging_mixin.py:188} WARNING - /home/arun/.local/lib/python3.10/site-packages/geopandas/plotting.py:684 UserWarning: Starting a Matplotlib GUI outside of the main thread will likely fail.
[2024-03-05T16:47:12.064+0530] {logging_mixin.py:188} WARNING - /home/arun/airflow/dags/.ipynb_checkpoints/Analytics_data-checkpoint.py:111 UserWarning: Starting a Matplotlib GUI outside of the main thread will likely fail.
[2024-03-05T16:47:12.069+0530] {logging_mixin.py:188} WARNING - /home/arun/airflow/dags/.ipynb_checkpoints/Analytics_data-checkpoint.py:112 FutureWarning: The geopandas.dataset module is deprecated and will be removed in GeoPandas 1.0. You can get the original 'naturalearth_lowres' data from https://www.naturalearthdata.com/downloads/110m-cultural-vectors/.
[2024-03-05T16:47:12.138+0530] {logging_mixin.py:188} WARNING - /home/arun/.local/lib/python3.10/site-packages/geopandas/plotting.py:684 UserWarning: Starting a Matplotlib GUI outside of the main thread will likely fail.
[2024-03-05T16:47:12.779+0530] {logging_mixin.py:188} WARNING - /home/arun/airflow/dags/.ipynb_checkpoints/Analytics_data-checkpoint.py:105 UserWarning: Starting a Matplotlib GUI outside of the main thread will likely fail.
[2024-03-05T16:47:12.795+0530] {logging_mixin.py:188} WARNING - /home/arun/airflow/dags/.ipynb_checkpoints/Analytics_data-checkpoint.py:106 FutureWarning: The geopandas.dataset module is deprecated and will be removed in GeoPandas 1.0. You can get the original 'naturalearth_lowres' data from https://www.naturalearthdata.com/downloads/110m-cultural-vectors/.
[2024-03-05T16:47:12.874+0530] {logging_mixin.py:188} WARNING - /home/arun/.local/lib/python3.10/site-packages/geopandas/plotting.py:684 UserWarning: Starting a Matplotlib GUI outside of the main thread will likely fail.
[2024-03-05T16:47:13.975+0530] {logging_mixin.py:188} WARNING - /home/arun/airflow/dags/.ipynb_checkpoints/Analytics_data-checkpoint.py:111 UserWarning: Starting a Matplotlib GUI outside of the main thread will likely fail.
[2024-03-05T16:47:13.983+0530] {logging_mixin.py:188} WARNING - /home/arun/airflow/dags/.ipynb_checkpoints/Analytics_data-checkpoint.py:112 FutureWarning: The geopandas.dataset module is deprecated and will be removed in GeoPandas 1.0. You can get the original 'naturalearth_lowres' data from https://www.naturalearthdata.com/downloads/110m-cultural-vectors/.
[2024-03-05T16:47:14.106+0530] {logging_mixin.py:188} WARNING - /home/arun/.local/lib/python3.10/site-packages/geopandas/plotting.py:684 UserWarning: Starting a Matplotlib GUI outside of the main thread will likely fail.
[2024-03-05T16:47:15.208+0530] {logging_mixin.py:188} WARNING - /home/arun/airflow/dags/.ipynb_checkpoints/Analytics_data-checkpoint.py:105 UserWarning: Starting a Matplotlib GUI outside of the main thread will likely fail.
[2024-03-05T16:47:15.216+0530] {logging_mixin.py:188} WARNING - /home/arun/airflow/dags/.ipynb_checkpoints/Analytics_data-checkpoint.py:106 FutureWarning: The geopandas.dataset module is deprecated and will be removed in GeoPandas 1.0. You can get the original 'naturalearth_lowres' data from https://www.naturalearthdata.com/downloads/110m-cultural-vectors/.
[2024-03-05T16:47:15.343+0530] {logging_mixin.py:188} WARNING - /home/arun/.local/lib/python3.10/site-packages/geopandas/plotting.py:684 UserWarning: Starting a Matplotlib GUI outside of the main thread will likely fail.
[2024-03-05T16:47:16.580+0530] {logging_mixin.py:188} WARNING - /home/arun/airflow/dags/.ipynb_checkpoints/Analytics_data-checkpoint.py:111 UserWarning: Starting a Matplotlib GUI outside of the main thread will likely fail.
[2024-03-05T16:47:16.586+0530] {logging_mixin.py:188} WARNING - /home/arun/airflow/dags/.ipynb_checkpoints/Analytics_data-checkpoint.py:112 FutureWarning: The geopandas.dataset module is deprecated and will be removed in GeoPandas 1.0. You can get the original 'naturalearth_lowres' data from https://www.naturalearthdata.com/downloads/110m-cultural-vectors/.
[2024-03-05T16:47:16.932+0530] {logging_mixin.py:188} WARNING - /home/arun/.local/lib/python3.10/site-packages/geopandas/plotting.py:684 UserWarning: Starting a Matplotlib GUI outside of the main thread will likely fail.
[2024-03-05T16:47:19.133+0530] {logging_mixin.py:188} WARNING - /home/arun/airflow/dags/.ipynb_checkpoints/Analytics_data-checkpoint.py:105 UserWarning: Starting a Matplotlib GUI outside of the main thread will likely fail.
[2024-03-05T16:47:19.145+0530] {logging_mixin.py:188} WARNING - /home/arun/airflow/dags/.ipynb_checkpoints/Analytics_data-checkpoint.py:106 FutureWarning: The geopandas.dataset module is deprecated and will be removed in GeoPandas 1.0. You can get the original 'naturalearth_lowres' data from https://www.naturalearthdata.com/downloads/110m-cultural-vectors/.
[2024-03-05T16:47:19.351+0530] {logging_mixin.py:188} WARNING - /home/arun/.local/lib/python3.10/site-packages/geopandas/plotting.py:684 UserWarning: Starting a Matplotlib GUI outside of the main thread will likely fail.
[2024-03-05T16:47:20.710+0530] {logging_mixin.py:188} WARNING - /home/arun/airflow/dags/.ipynb_checkpoints/Analytics_data-checkpoint.py:111 UserWarning: Starting a Matplotlib GUI outside of the main thread will likely fail.
[2024-03-05T16:47:20.762+0530] {logging_mixin.py:188} WARNING - /home/arun/airflow/dags/.ipynb_checkpoints/Analytics_data-checkpoint.py:112 FutureWarning: The geopandas.dataset module is deprecated and will be removed in GeoPandas 1.0. You can get the original 'naturalearth_lowres' data from https://www.naturalearthdata.com/downloads/110m-cultural-vectors/.
[2024-03-05T16:47:21.248+0530] {logging_mixin.py:188} WARNING - /home/arun/.local/lib/python3.10/site-packages/geopandas/plotting.py:684 UserWarning: Starting a Matplotlib GUI outside of the main thread will likely fail.
[2024-03-05T16:47:22.575+0530] {logging_mixin.py:188} WARNING - /home/arun/airflow/dags/.ipynb_checkpoints/Analytics_data-checkpoint.py:105 UserWarning: Starting a Matplotlib GUI outside of the main thread will likely fail.
[2024-03-05T16:47:22.627+0530] {logging_mixin.py:188} WARNING - /home/arun/airflow/dags/.ipynb_checkpoints/Analytics_data-checkpoint.py:106 FutureWarning: The geopandas.dataset module is deprecated and will be removed in GeoPandas 1.0. You can get the original 'naturalearth_lowres' data from https://www.naturalearthdata.com/downloads/110m-cultural-vectors/.
[2024-03-05T16:47:22.945+0530] {logging_mixin.py:188} WARNING - /home/arun/.local/lib/python3.10/site-packages/geopandas/plotting.py:684 UserWarning: Starting a Matplotlib GUI outside of the main thread will likely fail.
[2024-03-05T16:47:24.118+0530] {logging_mixin.py:188} WARNING - /home/arun/airflow/dags/.ipynb_checkpoints/Analytics_data-checkpoint.py:111 UserWarning: Starting a Matplotlib GUI outside of the main thread will likely fail.
[2024-03-05T16:47:24.126+0530] {logging_mixin.py:188} WARNING - /home/arun/airflow/dags/.ipynb_checkpoints/Analytics_data-checkpoint.py:112 FutureWarning: The geopandas.dataset module is deprecated and will be removed in GeoPandas 1.0. You can get the original 'naturalearth_lowres' data from https://www.naturalearthdata.com/downloads/110m-cultural-vectors/.
[2024-03-05T16:47:24.297+0530] {logging_mixin.py:188} WARNING - /home/arun/.local/lib/python3.10/site-packages/geopandas/plotting.py:684 UserWarning: Starting a Matplotlib GUI outside of the main thread will likely fail.
[2024-03-05T16:47:25.478+0530] {logging_mixin.py:188} WARNING - /home/arun/airflow/dags/.ipynb_checkpoints/Analytics_data-checkpoint.py:105 UserWarning: Starting a Matplotlib GUI outside of the main thread will likely fail.
[2024-03-05T16:47:25.498+0530] {logging_mixin.py:188} WARNING - /home/arun/airflow/dags/.ipynb_checkpoints/Analytics_data-checkpoint.py:106 FutureWarning: The geopandas.dataset module is deprecated and will be removed in GeoPandas 1.0. You can get the original 'naturalearth_lowres' data from https://www.naturalearthdata.com/downloads/110m-cultural-vectors/.
[2024-03-05T16:47:25.717+0530] {logging_mixin.py:188} WARNING - /home/arun/.local/lib/python3.10/site-packages/geopandas/plotting.py:684 UserWarning: Starting a Matplotlib GUI outside of the main thread will likely fail.
[2024-03-05T16:47:26.976+0530] {logging_mixin.py:188} WARNING - /home/arun/airflow/dags/.ipynb_checkpoints/Analytics_data-checkpoint.py:111 UserWarning: Starting a Matplotlib GUI outside of the main thread will likely fail.
[2024-03-05T16:47:27.001+0530] {logging_mixin.py:188} WARNING - /home/arun/airflow/dags/.ipynb_checkpoints/Analytics_data-checkpoint.py:112 FutureWarning: The geopandas.dataset module is deprecated and will be removed in GeoPandas 1.0. You can get the original 'naturalearth_lowres' data from https://www.naturalearthdata.com/downloads/110m-cultural-vectors/.
[2024-03-05T16:47:27.287+0530] {logging_mixin.py:188} WARNING - /home/arun/.local/lib/python3.10/site-packages/geopandas/plotting.py:684 UserWarning: Starting a Matplotlib GUI outside of the main thread will likely fail.
[2024-03-05T16:47:29.248+0530] {logging_mixin.py:188} WARNING - /home/arun/airflow/dags/.ipynb_checkpoints/Analytics_data-checkpoint.py:105 UserWarning: Starting a Matplotlib GUI outside of the main thread will likely fail.
[2024-03-05T16:47:29.319+0530] {logging_mixin.py:188} WARNING - /home/arun/airflow/dags/.ipynb_checkpoints/Analytics_data-checkpoint.py:106 FutureWarning: The geopandas.dataset module is deprecated and will be removed in GeoPandas 1.0. You can get the original 'naturalearth_lowres' data from https://www.naturalearthdata.com/downloads/110m-cultural-vectors/.
[2024-03-05T16:47:29.528+0530] {logging_mixin.py:188} WARNING - /home/arun/.local/lib/python3.10/site-packages/geopandas/plotting.py:684 UserWarning: Starting a Matplotlib GUI outside of the main thread will likely fail.
[2024-03-05T16:47:30.378+0530] {logging_mixin.py:188} WARNING - /home/arun/airflow/dags/.ipynb_checkpoints/Analytics_data-checkpoint.py:111 UserWarning: Starting a Matplotlib GUI outside of the main thread will likely fail.
[2024-03-05T16:47:30.438+0530] {logging_mixin.py:188} WARNING - /home/arun/airflow/dags/.ipynb_checkpoints/Analytics_data-checkpoint.py:112 FutureWarning: The geopandas.dataset module is deprecated and will be removed in GeoPandas 1.0. You can get the original 'naturalearth_lowres' data from https://www.naturalearthdata.com/downloads/110m-cultural-vectors/.
[2024-03-05T16:47:30.603+0530] {logging_mixin.py:188} WARNING - /home/arun/.local/lib/python3.10/site-packages/geopandas/plotting.py:684 UserWarning: Starting a Matplotlib GUI outside of the main thread will likely fail.
[2024-03-05T16:47:31.588+0530] {python.py:201} INFO - Done. Returned value was: None
[2024-03-05T16:47:31.601+0530] {taskinstance.py:1138} INFO - Marking task as SUCCESS. dag_id=Visualization_DAG, task_id=plot_temp_wind, execution_date=20240304T171800, start_date=20240305T111653, end_date=20240305T111731
[2024-03-05T16:47:31.921+0530] {local_task_job_runner.py:234} INFO - Task exited with return code 0
[2024-03-05T16:47:31.936+0530] {taskinstance.py:3280} INFO - 0 downstream tasks scheduled from follow-on schedule check
