[2024-03-04T19:03:04.912+0530] {taskinstance.py:1956} INFO - Dependencies all met for dep_context=non-requeueable deps ti=<TaskInstance: Visualization_DAG.beam_pipeine scheduled__2024-03-04T13:21:00+00:00 [queued]>
[2024-03-04T19:03:04.928+0530] {taskinstance.py:1956} INFO - Dependencies all met for dep_context=requeueable deps ti=<TaskInstance: Visualization_DAG.beam_pipeine scheduled__2024-03-04T13:21:00+00:00 [queued]>
[2024-03-04T19:03:04.928+0530] {taskinstance.py:2170} INFO - Starting attempt 2 of 2
[2024-03-04T19:03:04.998+0530] {taskinstance.py:2191} INFO - Executing <Task(PythonOperator): beam_pipeine> on 2024-03-04 13:21:00+00:00
[2024-03-04T19:03:05.010+0530] {standard_task_runner.py:60} INFO - Started process 6722 to run task
[2024-03-04T19:03:05.050+0530] {standard_task_runner.py:87} INFO - Running: ['airflow', 'tasks', 'run', 'Visualization_DAG', 'beam_pipeine', 'scheduled__2024-03-04T13:21:00+00:00', '--job-id', '240', '--raw', '--subdir', 'DAGS_FOLDER/.ipynb_checkpoints/Analytics_data-checkpoint.py', '--cfg-path', '/tmp/tmp5eo85i7g']
[2024-03-04T19:03:05.054+0530] {standard_task_runner.py:88} INFO - Job 240: Subtask beam_pipeine
[2024-03-04T19:03:05.234+0530] {task_command.py:423} INFO - Running <TaskInstance: Visualization_DAG.beam_pipeine scheduled__2024-03-04T13:21:00+00:00 [running]> on host arun-VM
[2024-03-04T19:03:05.569+0530] {taskinstance.py:2480} INFO - Exporting env vars: AIRFLOW_CTX_DAG_OWNER='admin' AIRFLOW_CTX_DAG_ID='Visualization_DAG' AIRFLOW_CTX_TASK_ID='beam_pipeine' AIRFLOW_CTX_EXECUTION_DATE='2024-03-04T13:21:00+00:00' AIRFLOW_CTX_TRY_NUMBER='2' AIRFLOW_CTX_DAG_RUN_ID='scheduled__2024-03-04T13:21:00+00:00'
[2024-03-04T19:03:06.618+0530] {translations.py:712} INFO - ==================== <function annotate_downstream_side_inputs at 0x7f0b9026eef0> ====================
[2024-03-04T19:03:06.621+0530] {translations.py:712} INFO - ==================== <function fix_side_input_pcoll_coders at 0x7f0b9026f010> ====================
[2024-03-04T19:03:06.622+0530] {translations.py:712} INFO - ==================== <function pack_combiners at 0x7f0b9026f520> ====================
[2024-03-04T19:03:06.623+0530] {translations.py:712} INFO - ==================== <function lift_combiners at 0x7f0b9026f5b0> ====================
[2024-03-04T19:03:06.623+0530] {translations.py:712} INFO - ==================== <function expand_sdf at 0x7f0b9026f760> ====================
[2024-03-04T19:03:06.624+0530] {translations.py:712} INFO - ==================== <function expand_gbk at 0x7f0b9026f7f0> ====================
[2024-03-04T19:03:06.624+0530] {translations.py:712} INFO - ==================== <function sink_flattens at 0x7f0b9026f910> ====================
[2024-03-04T19:03:06.625+0530] {translations.py:712} INFO - ==================== <function greedily_fuse at 0x7f0b9026f9a0> ====================
[2024-03-04T19:03:06.626+0530] {translations.py:712} INFO - ==================== <function read_to_impulse at 0x7f0b9026fa30> ====================
[2024-03-04T19:03:06.627+0530] {translations.py:712} INFO - ==================== <function impulse_to_input at 0x7f0b9026fac0> ====================
[2024-03-04T19:03:06.627+0530] {translations.py:712} INFO - ==================== <function sort_stages at 0x7f0b9026fd00> ====================
[2024-03-04T19:03:06.628+0530] {translations.py:712} INFO - ==================== <function add_impulse_to_dangling_transforms at 0x7f0b9026fe20> ====================
[2024-03-04T19:03:06.628+0530] {translations.py:712} INFO - ==================== <function setup_timer_mapping at 0x7f0b9026fc70> ====================
[2024-03-04T19:03:06.628+0530] {translations.py:712} INFO - ==================== <function populate_data_channel_coders at 0x7f0b9026fd90> ====================
[2024-03-04T19:03:06.632+0530] {statecache.py:234} INFO - Creating state cache with size 104857600
[2024-03-04T19:03:06.634+0530] {worker_handlers.py:922} INFO - Created Worker handler <apache_beam.runners.portability.fn_api_runner.worker_handlers.EmbeddedWorkerHandler object at 0x7f0b8ffc3ee0> for environment ref_Environment_default_environment_1 (beam:env:embedded_python:v1, b'')
[2024-03-04T19:03:10.106+0530] {filebasedsink.py:230} WARNING - Deleting 1 existing files in target path matching: -*-of-%(num_shards)05d
[2024-03-04T19:03:10.184+0530] {filebasedsink.py:310} INFO - Starting finalize_write threads with num_shards: 1 (skipped: 0), batches: 1, num_threads: 1
[2024-03-04T19:03:10.356+0530] {filebasedsink.py:357} INFO - Renamed 1 shards in 0.17 seconds.
[2024-03-04T19:03:10.361+0530] {python.py:201} INFO - Done. Returned value was: None
[2024-03-04T19:03:10.367+0530] {taskinstance.py:1138} INFO - Marking task as SUCCESS. dag_id=Visualization_DAG, task_id=beam_pipeine, execution_date=20240304T132100, start_date=20240304T133304, end_date=20240304T133310
[2024-03-04T19:03:10.600+0530] {local_task_job_runner.py:234} INFO - Task exited with return code 0
[2024-03-04T19:03:10.713+0530] {taskinstance.py:3280} INFO - 0 downstream tasks scheduled from follow-on schedule check
