[2024-03-05T17:01:09.326+0530] {taskinstance.py:1956} INFO - Dependencies all met for dep_context=non-requeueable deps ti=<TaskInstance: Visualization_DAG.beam_pipeine scheduled__2024-03-05T11:27:00+00:00 [queued]>
[2024-03-05T17:01:09.333+0530] {taskinstance.py:1956} INFO - Dependencies all met for dep_context=requeueable deps ti=<TaskInstance: Visualization_DAG.beam_pipeine scheduled__2024-03-05T11:27:00+00:00 [queued]>
[2024-03-05T17:01:09.333+0530] {taskinstance.py:2170} INFO - Starting attempt 1 of 2
[2024-03-05T17:01:09.421+0530] {taskinstance.py:2191} INFO - Executing <Task(PythonOperator): beam_pipeine> on 2024-03-05 11:27:00+00:00
[2024-03-05T17:01:09.436+0530] {standard_task_runner.py:60} INFO - Started process 5984 to run task
[2024-03-05T17:01:09.450+0530] {standard_task_runner.py:87} INFO - Running: ['airflow', 'tasks', 'run', 'Visualization_DAG', 'beam_pipeine', 'scheduled__2024-03-05T11:27:00+00:00', '--job-id', '294', '--raw', '--subdir', 'DAGS_FOLDER/.ipynb_checkpoints/Analytics_data-checkpoint.py', '--cfg-path', '/tmp/tmpd2s566ai']
[2024-03-05T17:01:09.453+0530] {standard_task_runner.py:88} INFO - Job 294: Subtask beam_pipeine
[2024-03-05T17:01:09.762+0530] {task_command.py:423} INFO - Running <TaskInstance: Visualization_DAG.beam_pipeine scheduled__2024-03-05T11:27:00+00:00 [running]> on host arun-VM
[2024-03-05T17:01:10.014+0530] {taskinstance.py:2480} INFO - Exporting env vars: AIRFLOW_CTX_DAG_OWNER='admin' AIRFLOW_CTX_DAG_ID='Visualization_DAG' AIRFLOW_CTX_TASK_ID='beam_pipeine' AIRFLOW_CTX_EXECUTION_DATE='2024-03-05T11:27:00+00:00' AIRFLOW_CTX_TRY_NUMBER='1' AIRFLOW_CTX_DAG_RUN_ID='scheduled__2024-03-05T11:27:00+00:00'
[2024-03-05T17:01:11.512+0530] {translations.py:712} INFO - ==================== <function annotate_downstream_side_inputs at 0x7f78ef8cf0a0> ====================
[2024-03-05T17:01:11.513+0530] {translations.py:712} INFO - ==================== <function fix_side_input_pcoll_coders at 0x7f78ef8cf1c0> ====================
[2024-03-05T17:01:11.513+0530] {translations.py:712} INFO - ==================== <function pack_combiners at 0x7f78ef8cf6d0> ====================
[2024-03-05T17:01:11.515+0530] {translations.py:712} INFO - ==================== <function lift_combiners at 0x7f78ef8cf760> ====================
[2024-03-05T17:01:11.515+0530] {translations.py:712} INFO - ==================== <function expand_sdf at 0x7f78ef8cf910> ====================
[2024-03-05T17:01:11.515+0530] {translations.py:712} INFO - ==================== <function expand_gbk at 0x7f78ef8cf9a0> ====================
[2024-03-05T17:01:11.516+0530] {translations.py:712} INFO - ==================== <function sink_flattens at 0x7f78ef8cfac0> ====================
[2024-03-05T17:01:11.516+0530] {translations.py:712} INFO - ==================== <function greedily_fuse at 0x7f78ef8cfb50> ====================
[2024-03-05T17:01:11.540+0530] {translations.py:712} INFO - ==================== <function read_to_impulse at 0x7f78ef8cfbe0> ====================
[2024-03-05T17:01:11.541+0530] {translations.py:712} INFO - ==================== <function impulse_to_input at 0x7f78ef8cfc70> ====================
[2024-03-05T17:01:11.541+0530] {translations.py:712} INFO - ==================== <function sort_stages at 0x7f78ef8cfeb0> ====================
[2024-03-05T17:01:11.553+0530] {translations.py:712} INFO - ==================== <function add_impulse_to_dangling_transforms at 0x7f78ef8d8040> ====================
[2024-03-05T17:01:11.554+0530] {translations.py:712} INFO - ==================== <function setup_timer_mapping at 0x7f78ef8cfe20> ====================
[2024-03-05T17:01:11.554+0530] {translations.py:712} INFO - ==================== <function populate_data_channel_coders at 0x7f78ef8cff40> ====================
[2024-03-05T17:01:11.563+0530] {statecache.py:234} INFO - Creating state cache with size 104857600
[2024-03-05T17:01:11.566+0530] {worker_handlers.py:922} INFO - Created Worker handler <apache_beam.runners.portability.fn_api_runner.worker_handlers.EmbeddedWorkerHandler object at 0x7f78ef648700> for environment ref_Environment_default_environment_1 (beam:env:embedded_python:v1, b'')
[2024-03-05T17:01:13.077+0530] {logging_mixin.py:188} WARNING - /home/arun/airflow/dags/.ipynb_checkpoints/Analytics_data-checkpoint.py:44 DtypeWarning: Columns (9,10,18,23) have mixed types. Specify dtype option on import or set low_memory=False.
[2024-03-05T17:01:17.586+0530] {logging_mixin.py:188} WARNING - /home/arun/airflow/dags/.ipynb_checkpoints/Analytics_data-checkpoint.py:44 DtypeWarning: Columns (17,18,21) have mixed types. Specify dtype option on import or set low_memory=False.
[2024-03-05T17:01:23.243+0530] {logging_mixin.py:188} WARNING - /home/arun/airflow/dags/.ipynb_checkpoints/Analytics_data-checkpoint.py:44 DtypeWarning: Columns (8,9,10,12,13,17,18,19,21,23) have mixed types. Specify dtype option on import or set low_memory=False.
[2024-03-05T17:01:30.451+0530] {logging_mixin.py:188} WARNING - /home/arun/airflow/dags/.ipynb_checkpoints/Analytics_data-checkpoint.py:44 DtypeWarning: Columns (9,10,12) have mixed types. Specify dtype option on import or set low_memory=False.
[2024-03-05T17:01:37.775+0530] {filebasedsink.py:230} WARNING - Deleting 1 existing files in target path matching: -*-of-%(num_shards)05d
[2024-03-05T17:01:37.853+0530] {filebasedsink.py:310} INFO - Starting finalize_write threads with num_shards: 1 (skipped: 0), batches: 1, num_threads: 1
[2024-03-05T17:01:38.006+0530] {filebasedsink.py:357} INFO - Renamed 1 shards in 0.15 seconds.
[2024-03-05T17:01:38.048+0530] {python.py:201} INFO - Done. Returned value was: None
[2024-03-05T17:01:38.084+0530] {taskinstance.py:1138} INFO - Marking task as SUCCESS. dag_id=Visualization_DAG, task_id=beam_pipeine, execution_date=20240305T112700, start_date=20240305T113109, end_date=20240305T113138
[2024-03-05T17:01:38.357+0530] {local_task_job_runner.py:234} INFO - Task exited with return code 0
[2024-03-05T17:01:38.419+0530] {taskinstance.py:3280} INFO - 1 downstream tasks scheduled from follow-on schedule check
