[2024-03-05T17:44:06.587+0530] {taskinstance.py:1956} INFO - Dependencies all met for dep_context=non-requeueable deps ti=<TaskInstance: Visualization_DAG.unzip_archive scheduled__2024-03-05T12:09:00+00:00 [queued]>
[2024-03-05T17:44:06.628+0530] {taskinstance.py:1956} INFO - Dependencies all met for dep_context=requeueable deps ti=<TaskInstance: Visualization_DAG.unzip_archive scheduled__2024-03-05T12:09:00+00:00 [queued]>
[2024-03-05T17:44:06.629+0530] {taskinstance.py:2170} INFO - Starting attempt 1 of 2
[2024-03-05T17:44:06.776+0530] {taskinstance.py:2191} INFO - Executing <Task(BashOperator): unzip_archive> on 2024-03-05 12:09:00+00:00
[2024-03-05T17:44:06.858+0530] {standard_task_runner.py:60} INFO - Started process 11198 to run task
[2024-03-05T17:44:06.882+0530] {standard_task_runner.py:87} INFO - Running: ['airflow', 'tasks', 'run', 'Visualization_DAG', 'unzip_archive', 'scheduled__2024-03-05T12:09:00+00:00', '--job-id', '307', '--raw', '--subdir', 'DAGS_FOLDER/.ipynb_checkpoints/Analytics_data-checkpoint.py', '--cfg-path', '/tmp/tmp4dilfjgk']
[2024-03-05T17:44:06.885+0530] {standard_task_runner.py:88} INFO - Job 307: Subtask unzip_archive
[2024-03-05T17:44:07.139+0530] {task_command.py:423} INFO - Running <TaskInstance: Visualization_DAG.unzip_archive scheduled__2024-03-05T12:09:00+00:00 [running]> on host arun-VM
[2024-03-05T17:44:07.564+0530] {taskinstance.py:2480} INFO - Exporting env vars: AIRFLOW_CTX_DAG_OWNER='admin' AIRFLOW_CTX_DAG_ID='Visualization_DAG' AIRFLOW_CTX_TASK_ID='unzip_archive' AIRFLOW_CTX_EXECUTION_DATE='2024-03-05T12:09:00+00:00' AIRFLOW_CTX_TRY_NUMBER='1' AIRFLOW_CTX_DAG_RUN_ID='scheduled__2024-03-05T12:09:00+00:00'
[2024-03-05T17:44:07.566+0530] {subprocess.py:63} INFO - Tmp dir root location: /tmp
[2024-03-05T17:44:07.578+0530] {subprocess.py:75} INFO - Running command: ['/usr/bin/bash', '-c', 'unzip -o /home/arun/airflow/dags/zipped_files/2023/2023_files.zip -d /home/arun/airflow/dags/unzipped_files']
[2024-03-05T17:44:07.644+0530] {subprocess.py:86} INFO - Output:
[2024-03-05T17:44:07.708+0530] {subprocess.py:93} INFO - Archive:  /home/arun/airflow/dags/zipped_files/2023/2023_files.zip
[2024-03-05T17:44:07.780+0530] {subprocess.py:93} INFO -  extracting: /home/arun/airflow/dags/unzipped_files/91954099999.csv
[2024-03-05T17:44:07.863+0530] {subprocess.py:93} INFO -  extracting: /home/arun/airflow/dags/unzipped_files/03797035047.csv
[2024-03-05T17:44:07.894+0530] {subprocess.py:93} INFO -  extracting: /home/arun/airflow/dags/unzipped_files/36034099999.csv
[2024-03-05T17:44:08.074+0530] {subprocess.py:93} INFO -  extracting: /home/arun/airflow/dags/unzipped_files/87178099999.csv
[2024-03-05T17:44:08.140+0530] {subprocess.py:93} INFO -  extracting: /home/arun/airflow/dags/unzipped_files/94598099999.csv
[2024-03-05T17:44:08.141+0530] {subprocess.py:97} INFO - Command exited with return code 0
[2024-03-05T17:44:08.271+0530] {taskinstance.py:1138} INFO - Marking task as SUCCESS. dag_id=Visualization_DAG, task_id=unzip_archive, execution_date=20240305T120900, start_date=20240305T121406, end_date=20240305T121408
[2024-03-05T17:44:08.544+0530] {local_task_job_runner.py:234} INFO - Task exited with return code 0
[2024-03-05T17:44:08.619+0530] {taskinstance.py:3280} INFO - 1 downstream tasks scheduled from follow-on schedule check
