[2024-03-04T18:30:24.019+0530] {processor.py:161} INFO - Started process (PID=12007) to work on /home/arun/.local/lib/python3.10/site-packages/airflow/example_dags/example_dag_decorator.py
[2024-03-04T18:30:24.020+0530] {processor.py:830} INFO - Processing file /home/arun/.local/lib/python3.10/site-packages/airflow/example_dags/example_dag_decorator.py for tasks to queue
[2024-03-04T18:30:24.021+0530] {logging_mixin.py:188} INFO - [2024-03-04T18:30:24.021+0530] {dagbag.py:538} INFO - Filling up the DagBag from /home/arun/.local/lib/python3.10/site-packages/airflow/example_dags/example_dag_decorator.py
[2024-03-04T18:30:24.278+0530] {processor.py:840} INFO - DAG(s) 'example_dag_decorator' retrieved from /home/arun/.local/lib/python3.10/site-packages/airflow/example_dags/example_dag_decorator.py
[2024-03-04T18:30:24.442+0530] {logging_mixin.py:188} INFO - [2024-03-04T18:30:24.441+0530] {dag.py:3036} INFO - Sync 1 DAGs
[2024-03-04T18:30:24.455+0530] {logging_mixin.py:188} INFO - [2024-03-04T18:30:24.454+0530] {dag.py:3823} INFO - Setting next_dagrun for example_dag_decorator to None, run_after=None
[2024-03-04T18:30:24.524+0530] {processor.py:183} INFO - Processing /home/arun/.local/lib/python3.10/site-packages/airflow/example_dags/example_dag_decorator.py took 0.508 seconds
[2024-03-04T18:32:23.167+0530] {processor.py:161} INFO - Started process (PID=12138) to work on /home/arun/.local/lib/python3.10/site-packages/airflow/example_dags/example_dag_decorator.py
[2024-03-04T18:32:23.251+0530] {processor.py:830} INFO - Processing file /home/arun/.local/lib/python3.10/site-packages/airflow/example_dags/example_dag_decorator.py for tasks to queue
[2024-03-04T18:32:23.253+0530] {logging_mixin.py:188} INFO - [2024-03-04T18:32:23.252+0530] {dagbag.py:538} INFO - Filling up the DagBag from /home/arun/.local/lib/python3.10/site-packages/airflow/example_dags/example_dag_decorator.py
[2024-03-04T18:32:23.355+0530] {processor.py:840} INFO - DAG(s) 'example_dag_decorator' retrieved from /home/arun/.local/lib/python3.10/site-packages/airflow/example_dags/example_dag_decorator.py
[2024-03-04T18:32:23.467+0530] {logging_mixin.py:188} INFO - [2024-03-04T18:32:23.467+0530] {dag.py:3036} INFO - Sync 1 DAGs
[2024-03-04T18:32:23.476+0530] {logging_mixin.py:188} INFO - [2024-03-04T18:32:23.476+0530] {dag.py:3823} INFO - Setting next_dagrun for example_dag_decorator to None, run_after=None
[2024-03-04T18:32:23.499+0530] {processor.py:183} INFO - Processing /home/arun/.local/lib/python3.10/site-packages/airflow/example_dags/example_dag_decorator.py took 0.335 seconds
[2024-03-04T18:34:29.239+0530] {processor.py:161} INFO - Started process (PID=12282) to work on /home/arun/.local/lib/python3.10/site-packages/airflow/example_dags/example_dag_decorator.py
[2024-03-04T18:34:29.290+0530] {processor.py:830} INFO - Processing file /home/arun/.local/lib/python3.10/site-packages/airflow/example_dags/example_dag_decorator.py for tasks to queue
[2024-03-04T18:34:29.291+0530] {logging_mixin.py:188} INFO - [2024-03-04T18:34:29.291+0530] {dagbag.py:538} INFO - Filling up the DagBag from /home/arun/.local/lib/python3.10/site-packages/airflow/example_dags/example_dag_decorator.py
[2024-03-04T18:34:29.394+0530] {processor.py:840} INFO - DAG(s) 'example_dag_decorator' retrieved from /home/arun/.local/lib/python3.10/site-packages/airflow/example_dags/example_dag_decorator.py
[2024-03-04T18:34:29.506+0530] {logging_mixin.py:188} INFO - [2024-03-04T18:34:29.506+0530] {dag.py:3036} INFO - Sync 1 DAGs
[2024-03-04T18:34:29.518+0530] {logging_mixin.py:188} INFO - [2024-03-04T18:34:29.517+0530] {dag.py:3823} INFO - Setting next_dagrun for example_dag_decorator to None, run_after=None
[2024-03-04T18:34:29.633+0530] {processor.py:183} INFO - Processing /home/arun/.local/lib/python3.10/site-packages/airflow/example_dags/example_dag_decorator.py took 0.397 seconds
[2024-03-04T18:36:53.744+0530] {processor.py:161} INFO - Started process (PID=12447) to work on /home/arun/.local/lib/python3.10/site-packages/airflow/example_dags/example_dag_decorator.py
[2024-03-04T18:36:53.758+0530] {processor.py:830} INFO - Processing file /home/arun/.local/lib/python3.10/site-packages/airflow/example_dags/example_dag_decorator.py for tasks to queue
[2024-03-04T18:36:53.760+0530] {logging_mixin.py:188} INFO - [2024-03-04T18:36:53.759+0530] {dagbag.py:538} INFO - Filling up the DagBag from /home/arun/.local/lib/python3.10/site-packages/airflow/example_dags/example_dag_decorator.py
[2024-03-04T18:36:53.863+0530] {processor.py:840} INFO - DAG(s) 'example_dag_decorator' retrieved from /home/arun/.local/lib/python3.10/site-packages/airflow/example_dags/example_dag_decorator.py
[2024-03-04T18:36:53.989+0530] {logging_mixin.py:188} INFO - [2024-03-04T18:36:53.988+0530] {dag.py:3036} INFO - Sync 1 DAGs
[2024-03-04T18:36:54.008+0530] {logging_mixin.py:188} INFO - [2024-03-04T18:36:54.007+0530] {dag.py:3823} INFO - Setting next_dagrun for example_dag_decorator to None, run_after=None
[2024-03-04T18:36:54.044+0530] {processor.py:183} INFO - Processing /home/arun/.local/lib/python3.10/site-packages/airflow/example_dags/example_dag_decorator.py took 0.305 seconds
[2024-03-04T18:39:39.309+0530] {processor.py:161} INFO - Started process (PID=12618) to work on /home/arun/.local/lib/python3.10/site-packages/airflow/example_dags/example_dag_decorator.py
[2024-03-04T18:39:39.331+0530] {processor.py:830} INFO - Processing file /home/arun/.local/lib/python3.10/site-packages/airflow/example_dags/example_dag_decorator.py for tasks to queue
[2024-03-04T18:39:39.333+0530] {logging_mixin.py:188} INFO - [2024-03-04T18:39:39.332+0530] {dagbag.py:538} INFO - Filling up the DagBag from /home/arun/.local/lib/python3.10/site-packages/airflow/example_dags/example_dag_decorator.py
[2024-03-04T18:39:39.680+0530] {processor.py:840} INFO - DAG(s) 'example_dag_decorator' retrieved from /home/arun/.local/lib/python3.10/site-packages/airflow/example_dags/example_dag_decorator.py
[2024-03-04T18:39:39.719+0530] {logging_mixin.py:188} INFO - [2024-03-04T18:39:39.719+0530] {dag.py:3036} INFO - Sync 1 DAGs
[2024-03-04T18:39:39.744+0530] {logging_mixin.py:188} INFO - [2024-03-04T18:39:39.741+0530] {dag.py:3823} INFO - Setting next_dagrun for example_dag_decorator to None, run_after=None
[2024-03-04T18:39:39.849+0530] {processor.py:183} INFO - Processing /home/arun/.local/lib/python3.10/site-packages/airflow/example_dags/example_dag_decorator.py took 0.560 seconds
[2024-03-04T18:42:20.676+0530] {processor.py:161} INFO - Started process (PID=12879) to work on /home/arun/.local/lib/python3.10/site-packages/airflow/example_dags/example_dag_decorator.py
[2024-03-04T18:42:20.710+0530] {processor.py:830} INFO - Processing file /home/arun/.local/lib/python3.10/site-packages/airflow/example_dags/example_dag_decorator.py for tasks to queue
[2024-03-04T18:42:20.711+0530] {logging_mixin.py:188} INFO - [2024-03-04T18:42:20.711+0530] {dagbag.py:538} INFO - Filling up the DagBag from /home/arun/.local/lib/python3.10/site-packages/airflow/example_dags/example_dag_decorator.py
[2024-03-04T18:42:20.828+0530] {processor.py:840} INFO - DAG(s) 'example_dag_decorator' retrieved from /home/arun/.local/lib/python3.10/site-packages/airflow/example_dags/example_dag_decorator.py
[2024-03-04T18:42:21.117+0530] {logging_mixin.py:188} INFO - [2024-03-04T18:42:21.113+0530] {dag.py:3036} INFO - Sync 1 DAGs
[2024-03-04T18:42:21.136+0530] {logging_mixin.py:188} INFO - [2024-03-04T18:42:21.136+0530] {dag.py:3823} INFO - Setting next_dagrun for example_dag_decorator to None, run_after=None
[2024-03-04T18:42:21.222+0530] {processor.py:183} INFO - Processing /home/arun/.local/lib/python3.10/site-packages/airflow/example_dags/example_dag_decorator.py took 0.550 seconds
[2024-03-04T18:46:12.777+0530] {processor.py:161} INFO - Started process (PID=13936) to work on /home/arun/.local/lib/python3.10/site-packages/airflow/example_dags/example_dag_decorator.py
[2024-03-04T18:46:12.781+0530] {processor.py:830} INFO - Processing file /home/arun/.local/lib/python3.10/site-packages/airflow/example_dags/example_dag_decorator.py for tasks to queue
[2024-03-04T18:46:12.783+0530] {logging_mixin.py:188} INFO - [2024-03-04T18:46:12.782+0530] {dagbag.py:538} INFO - Filling up the DagBag from /home/arun/.local/lib/python3.10/site-packages/airflow/example_dags/example_dag_decorator.py
[2024-03-04T18:46:13.123+0530] {processor.py:840} INFO - DAG(s) 'example_dag_decorator' retrieved from /home/arun/.local/lib/python3.10/site-packages/airflow/example_dags/example_dag_decorator.py
[2024-03-04T18:46:13.618+0530] {logging_mixin.py:188} INFO - [2024-03-04T18:46:13.618+0530] {dag.py:3036} INFO - Sync 1 DAGs
[2024-03-04T18:46:13.723+0530] {logging_mixin.py:188} INFO - [2024-03-04T18:46:13.718+0530] {dag.py:3823} INFO - Setting next_dagrun for example_dag_decorator to None, run_after=None
[2024-03-04T18:46:13.972+0530] {processor.py:183} INFO - Processing /home/arun/.local/lib/python3.10/site-packages/airflow/example_dags/example_dag_decorator.py took 1.218 seconds
[2024-03-04T18:55:54.946+0530] {processor.py:161} INFO - Started process (PID=5825) to work on /home/arun/.local/lib/python3.10/site-packages/airflow/example_dags/example_dag_decorator.py
[2024-03-04T18:55:54.994+0530] {processor.py:830} INFO - Processing file /home/arun/.local/lib/python3.10/site-packages/airflow/example_dags/example_dag_decorator.py for tasks to queue
[2024-03-04T18:55:54.995+0530] {logging_mixin.py:188} INFO - [2024-03-04T18:55:54.994+0530] {dagbag.py:538} INFO - Filling up the DagBag from /home/arun/.local/lib/python3.10/site-packages/airflow/example_dags/example_dag_decorator.py
[2024-03-04T18:55:55.643+0530] {processor.py:840} INFO - DAG(s) 'example_dag_decorator' retrieved from /home/arun/.local/lib/python3.10/site-packages/airflow/example_dags/example_dag_decorator.py
[2024-03-04T18:55:55.845+0530] {logging_mixin.py:188} INFO - [2024-03-04T18:55:55.845+0530] {dag.py:3036} INFO - Sync 1 DAGs
[2024-03-04T18:55:55.857+0530] {logging_mixin.py:188} INFO - [2024-03-04T18:55:55.857+0530] {dag.py:3823} INFO - Setting next_dagrun for example_dag_decorator to None, run_after=None
[2024-03-04T18:55:55.992+0530] {processor.py:183} INFO - Processing /home/arun/.local/lib/python3.10/site-packages/airflow/example_dags/example_dag_decorator.py took 1.058 seconds
[2024-03-04T18:58:15.515+0530] {processor.py:161} INFO - Started process (PID=6030) to work on /home/arun/.local/lib/python3.10/site-packages/airflow/example_dags/example_dag_decorator.py
[2024-03-04T18:58:15.538+0530] {processor.py:830} INFO - Processing file /home/arun/.local/lib/python3.10/site-packages/airflow/example_dags/example_dag_decorator.py for tasks to queue
[2024-03-04T18:58:15.544+0530] {logging_mixin.py:188} INFO - [2024-03-04T18:58:15.543+0530] {dagbag.py:538} INFO - Filling up the DagBag from /home/arun/.local/lib/python3.10/site-packages/airflow/example_dags/example_dag_decorator.py
[2024-03-04T18:58:15.802+0530] {processor.py:840} INFO - DAG(s) 'example_dag_decorator' retrieved from /home/arun/.local/lib/python3.10/site-packages/airflow/example_dags/example_dag_decorator.py
[2024-03-04T18:58:16.058+0530] {logging_mixin.py:188} INFO - [2024-03-04T18:58:16.057+0530] {dag.py:3036} INFO - Sync 1 DAGs
[2024-03-04T18:58:16.079+0530] {logging_mixin.py:188} INFO - [2024-03-04T18:58:16.079+0530] {dag.py:3823} INFO - Setting next_dagrun for example_dag_decorator to None, run_after=None
[2024-03-04T18:58:16.129+0530] {processor.py:183} INFO - Processing /home/arun/.local/lib/python3.10/site-packages/airflow/example_dags/example_dag_decorator.py took 0.619 seconds
[2024-03-04T19:00:24.029+0530] {processor.py:161} INFO - Started process (PID=6444) to work on /home/arun/.local/lib/python3.10/site-packages/airflow/example_dags/example_dag_decorator.py
[2024-03-04T19:00:24.032+0530] {processor.py:830} INFO - Processing file /home/arun/.local/lib/python3.10/site-packages/airflow/example_dags/example_dag_decorator.py for tasks to queue
[2024-03-04T19:00:24.034+0530] {logging_mixin.py:188} INFO - [2024-03-04T19:00:24.033+0530] {dagbag.py:538} INFO - Filling up the DagBag from /home/arun/.local/lib/python3.10/site-packages/airflow/example_dags/example_dag_decorator.py
[2024-03-04T19:00:24.212+0530] {processor.py:840} INFO - DAG(s) 'example_dag_decorator' retrieved from /home/arun/.local/lib/python3.10/site-packages/airflow/example_dags/example_dag_decorator.py
[2024-03-04T19:00:24.990+0530] {logging_mixin.py:188} INFO - [2024-03-04T19:00:24.987+0530] {dag.py:3036} INFO - Sync 1 DAGs
[2024-03-04T19:00:25.009+0530] {logging_mixin.py:188} INFO - [2024-03-04T19:00:25.008+0530] {dag.py:3823} INFO - Setting next_dagrun for example_dag_decorator to None, run_after=None
[2024-03-04T19:00:25.187+0530] {processor.py:183} INFO - Processing /home/arun/.local/lib/python3.10/site-packages/airflow/example_dags/example_dag_decorator.py took 1.160 seconds
[2024-03-04T19:02:10.724+0530] {processor.py:161} INFO - Started process (PID=6655) to work on /home/arun/.local/lib/python3.10/site-packages/airflow/example_dags/example_dag_decorator.py
[2024-03-04T19:02:10.751+0530] {processor.py:830} INFO - Processing file /home/arun/.local/lib/python3.10/site-packages/airflow/example_dags/example_dag_decorator.py for tasks to queue
[2024-03-04T19:02:10.759+0530] {logging_mixin.py:188} INFO - [2024-03-04T19:02:10.758+0530] {dagbag.py:538} INFO - Filling up the DagBag from /home/arun/.local/lib/python3.10/site-packages/airflow/example_dags/example_dag_decorator.py
[2024-03-04T19:02:11.144+0530] {processor.py:840} INFO - DAG(s) 'example_dag_decorator' retrieved from /home/arun/.local/lib/python3.10/site-packages/airflow/example_dags/example_dag_decorator.py
[2024-03-04T19:02:11.416+0530] {logging_mixin.py:188} INFO - [2024-03-04T19:02:11.415+0530] {dag.py:3036} INFO - Sync 1 DAGs
[2024-03-04T19:02:11.459+0530] {logging_mixin.py:188} INFO - [2024-03-04T19:02:11.459+0530] {dag.py:3823} INFO - Setting next_dagrun for example_dag_decorator to None, run_after=None
[2024-03-04T19:02:11.559+0530] {processor.py:183} INFO - Processing /home/arun/.local/lib/python3.10/site-packages/airflow/example_dags/example_dag_decorator.py took 0.857 seconds
[2024-03-04T19:06:03.823+0530] {processor.py:161} INFO - Started process (PID=7017) to work on /home/arun/.local/lib/python3.10/site-packages/airflow/example_dags/example_dag_decorator.py
[2024-03-04T19:06:03.826+0530] {processor.py:830} INFO - Processing file /home/arun/.local/lib/python3.10/site-packages/airflow/example_dags/example_dag_decorator.py for tasks to queue
[2024-03-04T19:06:03.828+0530] {logging_mixin.py:188} INFO - [2024-03-04T19:06:03.827+0530] {dagbag.py:538} INFO - Filling up the DagBag from /home/arun/.local/lib/python3.10/site-packages/airflow/example_dags/example_dag_decorator.py
[2024-03-04T19:06:04.031+0530] {processor.py:840} INFO - DAG(s) 'example_dag_decorator' retrieved from /home/arun/.local/lib/python3.10/site-packages/airflow/example_dags/example_dag_decorator.py
[2024-03-04T19:06:04.077+0530] {logging_mixin.py:188} INFO - [2024-03-04T19:06:04.070+0530] {dag.py:3036} INFO - Sync 1 DAGs
[2024-03-04T19:06:04.100+0530] {logging_mixin.py:188} INFO - [2024-03-04T19:06:04.100+0530] {dag.py:3823} INFO - Setting next_dagrun for example_dag_decorator to None, run_after=None
[2024-03-04T19:06:04.146+0530] {processor.py:183} INFO - Processing /home/arun/.local/lib/python3.10/site-packages/airflow/example_dags/example_dag_decorator.py took 0.329 seconds
[2024-03-04T19:07:47.621+0530] {processor.py:161} INFO - Started process (PID=7198) to work on /home/arun/.local/lib/python3.10/site-packages/airflow/example_dags/example_dag_decorator.py
[2024-03-04T19:07:47.644+0530] {processor.py:830} INFO - Processing file /home/arun/.local/lib/python3.10/site-packages/airflow/example_dags/example_dag_decorator.py for tasks to queue
[2024-03-04T19:07:47.645+0530] {logging_mixin.py:188} INFO - [2024-03-04T19:07:47.645+0530] {dagbag.py:538} INFO - Filling up the DagBag from /home/arun/.local/lib/python3.10/site-packages/airflow/example_dags/example_dag_decorator.py
[2024-03-04T19:07:47.811+0530] {processor.py:840} INFO - DAG(s) 'example_dag_decorator' retrieved from /home/arun/.local/lib/python3.10/site-packages/airflow/example_dags/example_dag_decorator.py
[2024-03-04T19:07:48.050+0530] {logging_mixin.py:188} INFO - [2024-03-04T19:07:48.050+0530] {dag.py:3036} INFO - Sync 1 DAGs
[2024-03-04T19:07:48.066+0530] {logging_mixin.py:188} INFO - [2024-03-04T19:07:48.066+0530] {dag.py:3823} INFO - Setting next_dagrun for example_dag_decorator to None, run_after=None
[2024-03-04T19:07:48.146+0530] {processor.py:183} INFO - Processing /home/arun/.local/lib/python3.10/site-packages/airflow/example_dags/example_dag_decorator.py took 0.537 seconds
[2024-03-04T19:09:03.030+0530] {processor.py:161} INFO - Started process (PID=7352) to work on /home/arun/.local/lib/python3.10/site-packages/airflow/example_dags/example_dag_decorator.py
[2024-03-04T19:09:03.065+0530] {processor.py:830} INFO - Processing file /home/arun/.local/lib/python3.10/site-packages/airflow/example_dags/example_dag_decorator.py for tasks to queue
[2024-03-04T19:09:03.067+0530] {logging_mixin.py:188} INFO - [2024-03-04T19:09:03.066+0530] {dagbag.py:538} INFO - Filling up the DagBag from /home/arun/.local/lib/python3.10/site-packages/airflow/example_dags/example_dag_decorator.py
[2024-03-04T19:09:03.231+0530] {processor.py:840} INFO - DAG(s) 'example_dag_decorator' retrieved from /home/arun/.local/lib/python3.10/site-packages/airflow/example_dags/example_dag_decorator.py
[2024-03-04T19:09:03.433+0530] {logging_mixin.py:188} INFO - [2024-03-04T19:09:03.432+0530] {dag.py:3036} INFO - Sync 1 DAGs
[2024-03-04T19:09:03.451+0530] {logging_mixin.py:188} INFO - [2024-03-04T19:09:03.450+0530] {dag.py:3823} INFO - Setting next_dagrun for example_dag_decorator to None, run_after=None
[2024-03-04T19:09:03.497+0530] {processor.py:183} INFO - Processing /home/arun/.local/lib/python3.10/site-packages/airflow/example_dags/example_dag_decorator.py took 0.472 seconds
[2024-03-04T19:10:27.923+0530] {processor.py:161} INFO - Started process (PID=7522) to work on /home/arun/.local/lib/python3.10/site-packages/airflow/example_dags/example_dag_decorator.py
[2024-03-04T19:10:27.961+0530] {processor.py:830} INFO - Processing file /home/arun/.local/lib/python3.10/site-packages/airflow/example_dags/example_dag_decorator.py for tasks to queue
[2024-03-04T19:10:27.963+0530] {logging_mixin.py:188} INFO - [2024-03-04T19:10:27.962+0530] {dagbag.py:538} INFO - Filling up the DagBag from /home/arun/.local/lib/python3.10/site-packages/airflow/example_dags/example_dag_decorator.py
[2024-03-04T19:10:28.070+0530] {processor.py:840} INFO - DAG(s) 'example_dag_decorator' retrieved from /home/arun/.local/lib/python3.10/site-packages/airflow/example_dags/example_dag_decorator.py
[2024-03-04T19:10:28.190+0530] {logging_mixin.py:188} INFO - [2024-03-04T19:10:28.189+0530] {dag.py:3036} INFO - Sync 1 DAGs
[2024-03-04T19:10:28.202+0530] {logging_mixin.py:188} INFO - [2024-03-04T19:10:28.202+0530] {dag.py:3823} INFO - Setting next_dagrun for example_dag_decorator to None, run_after=None
[2024-03-04T19:10:28.270+0530] {processor.py:183} INFO - Processing /home/arun/.local/lib/python3.10/site-packages/airflow/example_dags/example_dag_decorator.py took 0.352 seconds
[2024-03-04T19:11:53.190+0530] {processor.py:161} INFO - Started process (PID=7670) to work on /home/arun/.local/lib/python3.10/site-packages/airflow/example_dags/example_dag_decorator.py
[2024-03-04T19:11:53.226+0530] {processor.py:830} INFO - Processing file /home/arun/.local/lib/python3.10/site-packages/airflow/example_dags/example_dag_decorator.py for tasks to queue
[2024-03-04T19:11:53.228+0530] {logging_mixin.py:188} INFO - [2024-03-04T19:11:53.227+0530] {dagbag.py:538} INFO - Filling up the DagBag from /home/arun/.local/lib/python3.10/site-packages/airflow/example_dags/example_dag_decorator.py
[2024-03-04T19:11:53.421+0530] {processor.py:840} INFO - DAG(s) 'example_dag_decorator' retrieved from /home/arun/.local/lib/python3.10/site-packages/airflow/example_dags/example_dag_decorator.py
[2024-03-04T19:11:53.485+0530] {logging_mixin.py:188} INFO - [2024-03-04T19:11:53.485+0530] {dag.py:3036} INFO - Sync 1 DAGs
[2024-03-04T19:11:53.503+0530] {logging_mixin.py:188} INFO - [2024-03-04T19:11:53.502+0530] {dag.py:3823} INFO - Setting next_dagrun for example_dag_decorator to None, run_after=None
[2024-03-04T19:11:53.601+0530] {processor.py:183} INFO - Processing /home/arun/.local/lib/python3.10/site-packages/airflow/example_dags/example_dag_decorator.py took 0.413 seconds
[2024-03-04T19:13:21.656+0530] {processor.py:161} INFO - Started process (PID=7833) to work on /home/arun/.local/lib/python3.10/site-packages/airflow/example_dags/example_dag_decorator.py
[2024-03-04T19:13:21.659+0530] {processor.py:830} INFO - Processing file /home/arun/.local/lib/python3.10/site-packages/airflow/example_dags/example_dag_decorator.py for tasks to queue
[2024-03-04T19:13:21.660+0530] {logging_mixin.py:188} INFO - [2024-03-04T19:13:21.660+0530] {dagbag.py:538} INFO - Filling up the DagBag from /home/arun/.local/lib/python3.10/site-packages/airflow/example_dags/example_dag_decorator.py
[2024-03-04T19:13:21.766+0530] {processor.py:840} INFO - DAG(s) 'example_dag_decorator' retrieved from /home/arun/.local/lib/python3.10/site-packages/airflow/example_dags/example_dag_decorator.py
[2024-03-04T19:13:21.793+0530] {logging_mixin.py:188} INFO - [2024-03-04T19:13:21.792+0530] {dag.py:3036} INFO - Sync 1 DAGs
[2024-03-04T19:13:21.820+0530] {logging_mixin.py:188} INFO - [2024-03-04T19:13:21.819+0530] {dag.py:3823} INFO - Setting next_dagrun for example_dag_decorator to None, run_after=None
[2024-03-04T19:13:21.865+0530] {processor.py:183} INFO - Processing /home/arun/.local/lib/python3.10/site-packages/airflow/example_dags/example_dag_decorator.py took 0.214 seconds
[2024-03-04T19:14:47.636+0530] {processor.py:161} INFO - Started process (PID=7991) to work on /home/arun/.local/lib/python3.10/site-packages/airflow/example_dags/example_dag_decorator.py
[2024-03-04T19:14:47.648+0530] {processor.py:830} INFO - Processing file /home/arun/.local/lib/python3.10/site-packages/airflow/example_dags/example_dag_decorator.py for tasks to queue
[2024-03-04T19:14:47.650+0530] {logging_mixin.py:188} INFO - [2024-03-04T19:14:47.650+0530] {dagbag.py:538} INFO - Filling up the DagBag from /home/arun/.local/lib/python3.10/site-packages/airflow/example_dags/example_dag_decorator.py
[2024-03-04T19:14:47.858+0530] {processor.py:840} INFO - DAG(s) 'example_dag_decorator' retrieved from /home/arun/.local/lib/python3.10/site-packages/airflow/example_dags/example_dag_decorator.py
[2024-03-04T19:14:47.927+0530] {logging_mixin.py:188} INFO - [2024-03-04T19:14:47.927+0530] {dag.py:3036} INFO - Sync 1 DAGs
[2024-03-04T19:14:47.944+0530] {logging_mixin.py:188} INFO - [2024-03-04T19:14:47.944+0530] {dag.py:3823} INFO - Setting next_dagrun for example_dag_decorator to None, run_after=None
[2024-03-04T19:14:48.092+0530] {processor.py:183} INFO - Processing /home/arun/.local/lib/python3.10/site-packages/airflow/example_dags/example_dag_decorator.py took 0.467 seconds
[2024-03-04T19:16:12.514+0530] {processor.py:161} INFO - Started process (PID=8223) to work on /home/arun/.local/lib/python3.10/site-packages/airflow/example_dags/example_dag_decorator.py
[2024-03-04T19:16:12.553+0530] {processor.py:830} INFO - Processing file /home/arun/.local/lib/python3.10/site-packages/airflow/example_dags/example_dag_decorator.py for tasks to queue
[2024-03-04T19:16:12.555+0530] {logging_mixin.py:188} INFO - [2024-03-04T19:16:12.554+0530] {dagbag.py:538} INFO - Filling up the DagBag from /home/arun/.local/lib/python3.10/site-packages/airflow/example_dags/example_dag_decorator.py
[2024-03-04T19:16:12.663+0530] {processor.py:840} INFO - DAG(s) 'example_dag_decorator' retrieved from /home/arun/.local/lib/python3.10/site-packages/airflow/example_dags/example_dag_decorator.py
[2024-03-04T19:16:12.782+0530] {logging_mixin.py:188} INFO - [2024-03-04T19:16:12.781+0530] {dag.py:3036} INFO - Sync 1 DAGs
[2024-03-04T19:16:12.794+0530] {logging_mixin.py:188} INFO - [2024-03-04T19:16:12.793+0530] {dag.py:3823} INFO - Setting next_dagrun for example_dag_decorator to None, run_after=None
[2024-03-04T19:16:12.825+0530] {processor.py:183} INFO - Processing /home/arun/.local/lib/python3.10/site-packages/airflow/example_dags/example_dag_decorator.py took 0.314 seconds
[2024-03-04T19:17:38.428+0530] {processor.py:161} INFO - Started process (PID=8385) to work on /home/arun/.local/lib/python3.10/site-packages/airflow/example_dags/example_dag_decorator.py
[2024-03-04T19:17:38.432+0530] {processor.py:830} INFO - Processing file /home/arun/.local/lib/python3.10/site-packages/airflow/example_dags/example_dag_decorator.py for tasks to queue
[2024-03-04T19:17:38.432+0530] {logging_mixin.py:188} INFO - [2024-03-04T19:17:38.432+0530] {dagbag.py:538} INFO - Filling up the DagBag from /home/arun/.local/lib/python3.10/site-packages/airflow/example_dags/example_dag_decorator.py
[2024-03-04T19:17:38.588+0530] {processor.py:840} INFO - DAG(s) 'example_dag_decorator' retrieved from /home/arun/.local/lib/python3.10/site-packages/airflow/example_dags/example_dag_decorator.py
[2024-03-04T19:17:38.784+0530] {logging_mixin.py:188} INFO - [2024-03-04T19:17:38.784+0530] {dag.py:3036} INFO - Sync 1 DAGs
[2024-03-04T19:17:38.800+0530] {logging_mixin.py:188} INFO - [2024-03-04T19:17:38.799+0530] {dag.py:3823} INFO - Setting next_dagrun for example_dag_decorator to None, run_after=None
[2024-03-04T19:17:38.835+0530] {processor.py:183} INFO - Processing /home/arun/.local/lib/python3.10/site-packages/airflow/example_dags/example_dag_decorator.py took 0.410 seconds
[2024-03-04T19:19:03.038+0530] {processor.py:161} INFO - Started process (PID=8562) to work on /home/arun/.local/lib/python3.10/site-packages/airflow/example_dags/example_dag_decorator.py
[2024-03-04T19:19:03.078+0530] {processor.py:830} INFO - Processing file /home/arun/.local/lib/python3.10/site-packages/airflow/example_dags/example_dag_decorator.py for tasks to queue
[2024-03-04T19:19:03.080+0530] {logging_mixin.py:188} INFO - [2024-03-04T19:19:03.079+0530] {dagbag.py:538} INFO - Filling up the DagBag from /home/arun/.local/lib/python3.10/site-packages/airflow/example_dags/example_dag_decorator.py
[2024-03-04T19:19:03.261+0530] {processor.py:840} INFO - DAG(s) 'example_dag_decorator' retrieved from /home/arun/.local/lib/python3.10/site-packages/airflow/example_dags/example_dag_decorator.py
[2024-03-04T19:19:03.359+0530] {logging_mixin.py:188} INFO - [2024-03-04T19:19:03.359+0530] {dag.py:3036} INFO - Sync 1 DAGs
[2024-03-04T19:19:03.371+0530] {logging_mixin.py:188} INFO - [2024-03-04T19:19:03.371+0530] {dag.py:3823} INFO - Setting next_dagrun for example_dag_decorator to None, run_after=None
[2024-03-04T19:19:03.471+0530] {processor.py:183} INFO - Processing /home/arun/.local/lib/python3.10/site-packages/airflow/example_dags/example_dag_decorator.py took 0.437 seconds
[2024-03-04T19:20:31.405+0530] {processor.py:161} INFO - Started process (PID=8731) to work on /home/arun/.local/lib/python3.10/site-packages/airflow/example_dags/example_dag_decorator.py
[2024-03-04T19:20:31.436+0530] {processor.py:830} INFO - Processing file /home/arun/.local/lib/python3.10/site-packages/airflow/example_dags/example_dag_decorator.py for tasks to queue
[2024-03-04T19:20:31.437+0530] {logging_mixin.py:188} INFO - [2024-03-04T19:20:31.437+0530] {dagbag.py:538} INFO - Filling up the DagBag from /home/arun/.local/lib/python3.10/site-packages/airflow/example_dags/example_dag_decorator.py
[2024-03-04T19:20:31.536+0530] {processor.py:840} INFO - DAG(s) 'example_dag_decorator' retrieved from /home/arun/.local/lib/python3.10/site-packages/airflow/example_dags/example_dag_decorator.py
[2024-03-04T19:20:31.683+0530] {logging_mixin.py:188} INFO - [2024-03-04T19:20:31.683+0530] {dag.py:3036} INFO - Sync 1 DAGs
[2024-03-04T19:20:31.694+0530] {logging_mixin.py:188} INFO - [2024-03-04T19:20:31.693+0530] {dag.py:3823} INFO - Setting next_dagrun for example_dag_decorator to None, run_after=None
[2024-03-04T19:20:31.726+0530] {processor.py:183} INFO - Processing /home/arun/.local/lib/python3.10/site-packages/airflow/example_dags/example_dag_decorator.py took 0.327 seconds
[2024-03-04T19:21:57.629+0530] {processor.py:161} INFO - Started process (PID=8920) to work on /home/arun/.local/lib/python3.10/site-packages/airflow/example_dags/example_dag_decorator.py
[2024-03-04T19:21:57.665+0530] {processor.py:830} INFO - Processing file /home/arun/.local/lib/python3.10/site-packages/airflow/example_dags/example_dag_decorator.py for tasks to queue
[2024-03-04T19:21:57.666+0530] {logging_mixin.py:188} INFO - [2024-03-04T19:21:57.665+0530] {dagbag.py:538} INFO - Filling up the DagBag from /home/arun/.local/lib/python3.10/site-packages/airflow/example_dags/example_dag_decorator.py
[2024-03-04T19:21:57.775+0530] {processor.py:840} INFO - DAG(s) 'example_dag_decorator' retrieved from /home/arun/.local/lib/python3.10/site-packages/airflow/example_dags/example_dag_decorator.py
[2024-03-04T19:21:57.896+0530] {logging_mixin.py:188} INFO - [2024-03-04T19:21:57.895+0530] {dag.py:3036} INFO - Sync 1 DAGs
[2024-03-04T19:21:57.907+0530] {logging_mixin.py:188} INFO - [2024-03-04T19:21:57.906+0530] {dag.py:3823} INFO - Setting next_dagrun for example_dag_decorator to None, run_after=None
[2024-03-04T19:21:57.936+0530] {processor.py:183} INFO - Processing /home/arun/.local/lib/python3.10/site-packages/airflow/example_dags/example_dag_decorator.py took 0.310 seconds
[2024-03-04T19:23:23.364+0530] {processor.py:161} INFO - Started process (PID=9079) to work on /home/arun/.local/lib/python3.10/site-packages/airflow/example_dags/example_dag_decorator.py
[2024-03-04T19:23:23.412+0530] {processor.py:830} INFO - Processing file /home/arun/.local/lib/python3.10/site-packages/airflow/example_dags/example_dag_decorator.py for tasks to queue
[2024-03-04T19:23:23.414+0530] {logging_mixin.py:188} INFO - [2024-03-04T19:23:23.413+0530] {dagbag.py:538} INFO - Filling up the DagBag from /home/arun/.local/lib/python3.10/site-packages/airflow/example_dags/example_dag_decorator.py
[2024-03-04T19:23:23.539+0530] {processor.py:840} INFO - DAG(s) 'example_dag_decorator' retrieved from /home/arun/.local/lib/python3.10/site-packages/airflow/example_dags/example_dag_decorator.py
[2024-03-04T19:23:23.627+0530] {logging_mixin.py:188} INFO - [2024-03-04T19:23:23.626+0530] {dag.py:3036} INFO - Sync 1 DAGs
[2024-03-04T19:23:23.635+0530] {logging_mixin.py:188} INFO - [2024-03-04T19:23:23.635+0530] {dag.py:3823} INFO - Setting next_dagrun for example_dag_decorator to None, run_after=None
[2024-03-04T19:23:23.663+0530] {processor.py:183} INFO - Processing /home/arun/.local/lib/python3.10/site-packages/airflow/example_dags/example_dag_decorator.py took 0.304 seconds
[2024-03-04T19:24:44.187+0530] {processor.py:161} INFO - Started process (PID=9249) to work on /home/arun/.local/lib/python3.10/site-packages/airflow/example_dags/example_dag_decorator.py
[2024-03-04T19:24:44.189+0530] {processor.py:830} INFO - Processing file /home/arun/.local/lib/python3.10/site-packages/airflow/example_dags/example_dag_decorator.py for tasks to queue
[2024-03-04T19:24:44.190+0530] {logging_mixin.py:188} INFO - [2024-03-04T19:24:44.189+0530] {dagbag.py:538} INFO - Filling up the DagBag from /home/arun/.local/lib/python3.10/site-packages/airflow/example_dags/example_dag_decorator.py
[2024-03-04T19:24:44.298+0530] {processor.py:840} INFO - DAG(s) 'example_dag_decorator' retrieved from /home/arun/.local/lib/python3.10/site-packages/airflow/example_dags/example_dag_decorator.py
[2024-03-04T19:24:44.408+0530] {logging_mixin.py:188} INFO - [2024-03-04T19:24:44.408+0530] {dag.py:3036} INFO - Sync 1 DAGs
[2024-03-04T19:24:44.419+0530] {logging_mixin.py:188} INFO - [2024-03-04T19:24:44.419+0530] {dag.py:3823} INFO - Setting next_dagrun for example_dag_decorator to None, run_after=None
[2024-03-04T19:24:44.466+0530] {processor.py:183} INFO - Processing /home/arun/.local/lib/python3.10/site-packages/airflow/example_dags/example_dag_decorator.py took 0.282 seconds
[2024-03-04T19:26:03.135+0530] {processor.py:161} INFO - Started process (PID=9393) to work on /home/arun/.local/lib/python3.10/site-packages/airflow/example_dags/example_dag_decorator.py
[2024-03-04T19:26:03.175+0530] {processor.py:830} INFO - Processing file /home/arun/.local/lib/python3.10/site-packages/airflow/example_dags/example_dag_decorator.py for tasks to queue
[2024-03-04T19:26:03.176+0530] {logging_mixin.py:188} INFO - [2024-03-04T19:26:03.176+0530] {dagbag.py:538} INFO - Filling up the DagBag from /home/arun/.local/lib/python3.10/site-packages/airflow/example_dags/example_dag_decorator.py
[2024-03-04T19:26:03.299+0530] {processor.py:840} INFO - DAG(s) 'example_dag_decorator' retrieved from /home/arun/.local/lib/python3.10/site-packages/airflow/example_dags/example_dag_decorator.py
[2024-03-04T19:26:03.415+0530] {logging_mixin.py:188} INFO - [2024-03-04T19:26:03.414+0530] {dag.py:3036} INFO - Sync 1 DAGs
[2024-03-04T19:26:03.426+0530] {logging_mixin.py:188} INFO - [2024-03-04T19:26:03.426+0530] {dag.py:3823} INFO - Setting next_dagrun for example_dag_decorator to None, run_after=None
[2024-03-04T19:26:03.496+0530] {processor.py:183} INFO - Processing /home/arun/.local/lib/python3.10/site-packages/airflow/example_dags/example_dag_decorator.py took 0.365 seconds
[2024-03-04T19:27:20.357+0530] {processor.py:161} INFO - Started process (PID=9559) to work on /home/arun/.local/lib/python3.10/site-packages/airflow/example_dags/example_dag_decorator.py
[2024-03-04T19:27:20.413+0530] {processor.py:830} INFO - Processing file /home/arun/.local/lib/python3.10/site-packages/airflow/example_dags/example_dag_decorator.py for tasks to queue
[2024-03-04T19:27:20.418+0530] {logging_mixin.py:188} INFO - [2024-03-04T19:27:20.418+0530] {dagbag.py:538} INFO - Filling up the DagBag from /home/arun/.local/lib/python3.10/site-packages/airflow/example_dags/example_dag_decorator.py
[2024-03-04T19:27:20.628+0530] {processor.py:840} INFO - DAG(s) 'example_dag_decorator' retrieved from /home/arun/.local/lib/python3.10/site-packages/airflow/example_dags/example_dag_decorator.py
[2024-03-04T19:27:20.944+0530] {logging_mixin.py:188} INFO - [2024-03-04T19:27:20.943+0530] {dag.py:3036} INFO - Sync 1 DAGs
[2024-03-04T19:27:20.960+0530] {logging_mixin.py:188} INFO - [2024-03-04T19:27:20.960+0530] {dag.py:3823} INFO - Setting next_dagrun for example_dag_decorator to None, run_after=None
[2024-03-04T19:27:21.041+0530] {processor.py:183} INFO - Processing /home/arun/.local/lib/python3.10/site-packages/airflow/example_dags/example_dag_decorator.py took 0.691 seconds
[2024-03-04T19:28:47.834+0530] {processor.py:161} INFO - Started process (PID=9770) to work on /home/arun/.local/lib/python3.10/site-packages/airflow/example_dags/example_dag_decorator.py
[2024-03-04T19:28:47.875+0530] {processor.py:830} INFO - Processing file /home/arun/.local/lib/python3.10/site-packages/airflow/example_dags/example_dag_decorator.py for tasks to queue
[2024-03-04T19:28:47.878+0530] {logging_mixin.py:188} INFO - [2024-03-04T19:28:47.877+0530] {dagbag.py:538} INFO - Filling up the DagBag from /home/arun/.local/lib/python3.10/site-packages/airflow/example_dags/example_dag_decorator.py
[2024-03-04T19:28:48.167+0530] {processor.py:840} INFO - DAG(s) 'example_dag_decorator' retrieved from /home/arun/.local/lib/python3.10/site-packages/airflow/example_dags/example_dag_decorator.py
[2024-03-04T19:28:48.313+0530] {logging_mixin.py:188} INFO - [2024-03-04T19:28:48.312+0530] {dag.py:3036} INFO - Sync 1 DAGs
[2024-03-04T19:28:48.329+0530] {logging_mixin.py:188} INFO - [2024-03-04T19:28:48.328+0530] {dag.py:3823} INFO - Setting next_dagrun for example_dag_decorator to None, run_after=None
[2024-03-04T19:28:48.380+0530] {processor.py:183} INFO - Processing /home/arun/.local/lib/python3.10/site-packages/airflow/example_dags/example_dag_decorator.py took 0.554 seconds
[2024-03-04T22:56:23.102+0530] {processor.py:161} INFO - Started process (PID=5674) to work on /home/arun/.local/lib/python3.10/site-packages/airflow/example_dags/example_dag_decorator.py
[2024-03-04T22:56:23.109+0530] {processor.py:830} INFO - Processing file /home/arun/.local/lib/python3.10/site-packages/airflow/example_dags/example_dag_decorator.py for tasks to queue
[2024-03-04T22:56:23.111+0530] {logging_mixin.py:188} INFO - [2024-03-04T22:56:23.110+0530] {dagbag.py:538} INFO - Filling up the DagBag from /home/arun/.local/lib/python3.10/site-packages/airflow/example_dags/example_dag_decorator.py
[2024-03-04T22:56:23.449+0530] {processor.py:840} INFO - DAG(s) 'example_dag_decorator' retrieved from /home/arun/.local/lib/python3.10/site-packages/airflow/example_dags/example_dag_decorator.py
[2024-03-04T22:56:23.712+0530] {logging_mixin.py:188} INFO - [2024-03-04T22:56:23.708+0530] {dag.py:3036} INFO - Sync 1 DAGs
[2024-03-04T22:56:23.737+0530] {logging_mixin.py:188} INFO - [2024-03-04T22:56:23.736+0530] {dag.py:3823} INFO - Setting next_dagrun for example_dag_decorator to None, run_after=None
[2024-03-04T22:56:23.817+0530] {processor.py:183} INFO - Processing /home/arun/.local/lib/python3.10/site-packages/airflow/example_dags/example_dag_decorator.py took 0.726 seconds
[2024-03-04T22:58:33.882+0530] {processor.py:161} INFO - Started process (PID=5812) to work on /home/arun/.local/lib/python3.10/site-packages/airflow/example_dags/example_dag_decorator.py
[2024-03-04T22:58:33.925+0530] {processor.py:830} INFO - Processing file /home/arun/.local/lib/python3.10/site-packages/airflow/example_dags/example_dag_decorator.py for tasks to queue
[2024-03-04T22:58:33.927+0530] {logging_mixin.py:188} INFO - [2024-03-04T22:58:33.926+0530] {dagbag.py:538} INFO - Filling up the DagBag from /home/arun/.local/lib/python3.10/site-packages/airflow/example_dags/example_dag_decorator.py
[2024-03-04T22:58:34.132+0530] {processor.py:840} INFO - DAG(s) 'example_dag_decorator' retrieved from /home/arun/.local/lib/python3.10/site-packages/airflow/example_dags/example_dag_decorator.py
[2024-03-04T22:58:34.359+0530] {logging_mixin.py:188} INFO - [2024-03-04T22:58:34.358+0530] {dag.py:3036} INFO - Sync 1 DAGs
[2024-03-04T22:58:34.386+0530] {logging_mixin.py:188} INFO - [2024-03-04T22:58:34.385+0530] {dag.py:3823} INFO - Setting next_dagrun for example_dag_decorator to None, run_after=None
[2024-03-04T22:58:34.495+0530] {processor.py:183} INFO - Processing /home/arun/.local/lib/python3.10/site-packages/airflow/example_dags/example_dag_decorator.py took 0.623 seconds
[2024-03-04T23:00:23.391+0530] {processor.py:161} INFO - Started process (PID=5970) to work on /home/arun/.local/lib/python3.10/site-packages/airflow/example_dags/example_dag_decorator.py
[2024-03-04T23:00:23.394+0530] {processor.py:830} INFO - Processing file /home/arun/.local/lib/python3.10/site-packages/airflow/example_dags/example_dag_decorator.py for tasks to queue
[2024-03-04T23:00:23.395+0530] {logging_mixin.py:188} INFO - [2024-03-04T23:00:23.395+0530] {dagbag.py:538} INFO - Filling up the DagBag from /home/arun/.local/lib/python3.10/site-packages/airflow/example_dags/example_dag_decorator.py
[2024-03-04T23:00:23.548+0530] {processor.py:840} INFO - DAG(s) 'example_dag_decorator' retrieved from /home/arun/.local/lib/python3.10/site-packages/airflow/example_dags/example_dag_decorator.py
[2024-03-04T23:00:23.684+0530] {logging_mixin.py:188} INFO - [2024-03-04T23:00:23.684+0530] {dag.py:3036} INFO - Sync 1 DAGs
[2024-03-04T23:00:23.696+0530] {logging_mixin.py:188} INFO - [2024-03-04T23:00:23.696+0530] {dag.py:3823} INFO - Setting next_dagrun for example_dag_decorator to None, run_after=None
[2024-03-04T23:00:23.761+0530] {processor.py:183} INFO - Processing /home/arun/.local/lib/python3.10/site-packages/airflow/example_dags/example_dag_decorator.py took 0.374 seconds
[2024-03-04T23:01:51.447+0530] {processor.py:161} INFO - Started process (PID=6089) to work on /home/arun/.local/lib/python3.10/site-packages/airflow/example_dags/example_dag_decorator.py
[2024-03-04T23:01:51.449+0530] {processor.py:830} INFO - Processing file /home/arun/.local/lib/python3.10/site-packages/airflow/example_dags/example_dag_decorator.py for tasks to queue
[2024-03-04T23:01:51.451+0530] {logging_mixin.py:188} INFO - [2024-03-04T23:01:51.450+0530] {dagbag.py:538} INFO - Filling up the DagBag from /home/arun/.local/lib/python3.10/site-packages/airflow/example_dags/example_dag_decorator.py
[2024-03-04T23:01:51.569+0530] {processor.py:840} INFO - DAG(s) 'example_dag_decorator' retrieved from /home/arun/.local/lib/python3.10/site-packages/airflow/example_dags/example_dag_decorator.py
[2024-03-04T23:01:51.688+0530] {logging_mixin.py:188} INFO - [2024-03-04T23:01:51.688+0530] {dag.py:3036} INFO - Sync 1 DAGs
[2024-03-04T23:01:51.703+0530] {logging_mixin.py:188} INFO - [2024-03-04T23:01:51.703+0530] {dag.py:3823} INFO - Setting next_dagrun for example_dag_decorator to None, run_after=None
[2024-03-04T23:01:51.739+0530] {processor.py:183} INFO - Processing /home/arun/.local/lib/python3.10/site-packages/airflow/example_dags/example_dag_decorator.py took 0.299 seconds
[2024-03-04T23:03:21.382+0530] {processor.py:161} INFO - Started process (PID=6614) to work on /home/arun/.local/lib/python3.10/site-packages/airflow/example_dags/example_dag_decorator.py
[2024-03-04T23:03:21.422+0530] {processor.py:830} INFO - Processing file /home/arun/.local/lib/python3.10/site-packages/airflow/example_dags/example_dag_decorator.py for tasks to queue
[2024-03-04T23:03:21.424+0530] {logging_mixin.py:188} INFO - [2024-03-04T23:03:21.423+0530] {dagbag.py:538} INFO - Filling up the DagBag from /home/arun/.local/lib/python3.10/site-packages/airflow/example_dags/example_dag_decorator.py
[2024-03-04T23:03:21.609+0530] {processor.py:840} INFO - DAG(s) 'example_dag_decorator' retrieved from /home/arun/.local/lib/python3.10/site-packages/airflow/example_dags/example_dag_decorator.py
[2024-03-04T23:03:21.808+0530] {logging_mixin.py:188} INFO - [2024-03-04T23:03:21.807+0530] {dag.py:3036} INFO - Sync 1 DAGs
[2024-03-04T23:03:21.871+0530] {logging_mixin.py:188} INFO - [2024-03-04T23:03:21.864+0530] {dag.py:3823} INFO - Setting next_dagrun for example_dag_decorator to None, run_after=None
[2024-03-04T23:03:21.940+0530] {processor.py:183} INFO - Processing /home/arun/.local/lib/python3.10/site-packages/airflow/example_dags/example_dag_decorator.py took 0.576 seconds
[2024-03-04T23:05:16.587+0530] {processor.py:161} INFO - Started process (PID=6810) to work on /home/arun/.local/lib/python3.10/site-packages/airflow/example_dags/example_dag_decorator.py
[2024-03-04T23:05:16.644+0530] {processor.py:830} INFO - Processing file /home/arun/.local/lib/python3.10/site-packages/airflow/example_dags/example_dag_decorator.py for tasks to queue
[2024-03-04T23:05:16.649+0530] {logging_mixin.py:188} INFO - [2024-03-04T23:05:16.648+0530] {dagbag.py:538} INFO - Filling up the DagBag from /home/arun/.local/lib/python3.10/site-packages/airflow/example_dags/example_dag_decorator.py
[2024-03-04T23:05:16.900+0530] {processor.py:840} INFO - DAG(s) 'example_dag_decorator' retrieved from /home/arun/.local/lib/python3.10/site-packages/airflow/example_dags/example_dag_decorator.py
[2024-03-04T23:05:17.121+0530] {logging_mixin.py:188} INFO - [2024-03-04T23:05:17.121+0530] {dag.py:3036} INFO - Sync 1 DAGs
[2024-03-04T23:05:17.150+0530] {logging_mixin.py:188} INFO - [2024-03-04T23:05:17.149+0530] {dag.py:3823} INFO - Setting next_dagrun for example_dag_decorator to None, run_after=None
[2024-03-04T23:05:17.242+0530] {processor.py:183} INFO - Processing /home/arun/.local/lib/python3.10/site-packages/airflow/example_dags/example_dag_decorator.py took 0.661 seconds
[2024-03-04T23:06:59.279+0530] {processor.py:161} INFO - Started process (PID=7023) to work on /home/arun/.local/lib/python3.10/site-packages/airflow/example_dags/example_dag_decorator.py
[2024-03-04T23:06:59.282+0530] {processor.py:830} INFO - Processing file /home/arun/.local/lib/python3.10/site-packages/airflow/example_dags/example_dag_decorator.py for tasks to queue
[2024-03-04T23:06:59.283+0530] {logging_mixin.py:188} INFO - [2024-03-04T23:06:59.282+0530] {dagbag.py:538} INFO - Filling up the DagBag from /home/arun/.local/lib/python3.10/site-packages/airflow/example_dags/example_dag_decorator.py
[2024-03-04T23:06:59.406+0530] {processor.py:840} INFO - DAG(s) 'example_dag_decorator' retrieved from /home/arun/.local/lib/python3.10/site-packages/airflow/example_dags/example_dag_decorator.py
[2024-03-04T23:06:59.502+0530] {logging_mixin.py:188} INFO - [2024-03-04T23:06:59.502+0530] {dag.py:3036} INFO - Sync 1 DAGs
[2024-03-04T23:06:59.511+0530] {logging_mixin.py:188} INFO - [2024-03-04T23:06:59.511+0530] {dag.py:3823} INFO - Setting next_dagrun for example_dag_decorator to None, run_after=None
[2024-03-04T23:06:59.545+0530] {processor.py:183} INFO - Processing /home/arun/.local/lib/python3.10/site-packages/airflow/example_dags/example_dag_decorator.py took 0.269 seconds
[2024-03-04T23:08:27.938+0530] {processor.py:161} INFO - Started process (PID=7211) to work on /home/arun/.local/lib/python3.10/site-packages/airflow/example_dags/example_dag_decorator.py
[2024-03-04T23:08:27.970+0530] {processor.py:830} INFO - Processing file /home/arun/.local/lib/python3.10/site-packages/airflow/example_dags/example_dag_decorator.py for tasks to queue
[2024-03-04T23:08:27.971+0530] {logging_mixin.py:188} INFO - [2024-03-04T23:08:27.970+0530] {dagbag.py:538} INFO - Filling up the DagBag from /home/arun/.local/lib/python3.10/site-packages/airflow/example_dags/example_dag_decorator.py
[2024-03-04T23:08:28.049+0530] {processor.py:840} INFO - DAG(s) 'example_dag_decorator' retrieved from /home/arun/.local/lib/python3.10/site-packages/airflow/example_dags/example_dag_decorator.py
[2024-03-04T23:08:28.157+0530] {logging_mixin.py:188} INFO - [2024-03-04T23:08:28.156+0530] {dag.py:3036} INFO - Sync 1 DAGs
[2024-03-04T23:08:28.169+0530] {logging_mixin.py:188} INFO - [2024-03-04T23:08:28.169+0530] {dag.py:3823} INFO - Setting next_dagrun for example_dag_decorator to None, run_after=None
[2024-03-04T23:08:28.287+0530] {processor.py:183} INFO - Processing /home/arun/.local/lib/python3.10/site-packages/airflow/example_dags/example_dag_decorator.py took 0.353 seconds
[2024-03-04T23:09:57.580+0530] {processor.py:161} INFO - Started process (PID=7388) to work on /home/arun/.local/lib/python3.10/site-packages/airflow/example_dags/example_dag_decorator.py
[2024-03-04T23:09:57.622+0530] {processor.py:830} INFO - Processing file /home/arun/.local/lib/python3.10/site-packages/airflow/example_dags/example_dag_decorator.py for tasks to queue
[2024-03-04T23:09:57.623+0530] {logging_mixin.py:188} INFO - [2024-03-04T23:09:57.622+0530] {dagbag.py:538} INFO - Filling up the DagBag from /home/arun/.local/lib/python3.10/site-packages/airflow/example_dags/example_dag_decorator.py
[2024-03-04T23:09:57.722+0530] {processor.py:840} INFO - DAG(s) 'example_dag_decorator' retrieved from /home/arun/.local/lib/python3.10/site-packages/airflow/example_dags/example_dag_decorator.py
[2024-03-04T23:09:57.861+0530] {logging_mixin.py:188} INFO - [2024-03-04T23:09:57.861+0530] {dag.py:3036} INFO - Sync 1 DAGs
[2024-03-04T23:09:57.871+0530] {logging_mixin.py:188} INFO - [2024-03-04T23:09:57.871+0530] {dag.py:3823} INFO - Setting next_dagrun for example_dag_decorator to None, run_after=None
[2024-03-04T23:09:57.909+0530] {processor.py:183} INFO - Processing /home/arun/.local/lib/python3.10/site-packages/airflow/example_dags/example_dag_decorator.py took 0.333 seconds
[2024-03-04T23:11:25.221+0530] {processor.py:161} INFO - Started process (PID=7554) to work on /home/arun/.local/lib/python3.10/site-packages/airflow/example_dags/example_dag_decorator.py
[2024-03-04T23:11:25.262+0530] {processor.py:830} INFO - Processing file /home/arun/.local/lib/python3.10/site-packages/airflow/example_dags/example_dag_decorator.py for tasks to queue
[2024-03-04T23:11:25.265+0530] {logging_mixin.py:188} INFO - [2024-03-04T23:11:25.264+0530] {dagbag.py:538} INFO - Filling up the DagBag from /home/arun/.local/lib/python3.10/site-packages/airflow/example_dags/example_dag_decorator.py
[2024-03-04T23:11:25.432+0530] {processor.py:840} INFO - DAG(s) 'example_dag_decorator' retrieved from /home/arun/.local/lib/python3.10/site-packages/airflow/example_dags/example_dag_decorator.py
[2024-03-04T23:11:25.620+0530] {logging_mixin.py:188} INFO - [2024-03-04T23:11:25.619+0530] {dag.py:3036} INFO - Sync 1 DAGs
[2024-03-04T23:11:25.632+0530] {logging_mixin.py:188} INFO - [2024-03-04T23:11:25.632+0530] {dag.py:3823} INFO - Setting next_dagrun for example_dag_decorator to None, run_after=None
[2024-03-04T23:11:25.670+0530] {processor.py:183} INFO - Processing /home/arun/.local/lib/python3.10/site-packages/airflow/example_dags/example_dag_decorator.py took 0.459 seconds
[2024-03-04T23:13:10.196+0530] {processor.py:161} INFO - Started process (PID=7801) to work on /home/arun/.local/lib/python3.10/site-packages/airflow/example_dags/example_dag_decorator.py
[2024-03-04T23:13:10.234+0530] {processor.py:830} INFO - Processing file /home/arun/.local/lib/python3.10/site-packages/airflow/example_dags/example_dag_decorator.py for tasks to queue
[2024-03-04T23:13:10.247+0530] {logging_mixin.py:188} INFO - [2024-03-04T23:13:10.243+0530] {dagbag.py:538} INFO - Filling up the DagBag from /home/arun/.local/lib/python3.10/site-packages/airflow/example_dags/example_dag_decorator.py
[2024-03-04T23:13:10.475+0530] {processor.py:840} INFO - DAG(s) 'example_dag_decorator' retrieved from /home/arun/.local/lib/python3.10/site-packages/airflow/example_dags/example_dag_decorator.py
[2024-03-04T23:13:10.584+0530] {logging_mixin.py:188} INFO - [2024-03-04T23:13:10.584+0530] {dag.py:3036} INFO - Sync 1 DAGs
[2024-03-04T23:13:10.593+0530] {logging_mixin.py:188} INFO - [2024-03-04T23:13:10.593+0530] {dag.py:3823} INFO - Setting next_dagrun for example_dag_decorator to None, run_after=None
[2024-03-04T23:13:10.690+0530] {processor.py:183} INFO - Processing /home/arun/.local/lib/python3.10/site-packages/airflow/example_dags/example_dag_decorator.py took 0.511 seconds
[2024-03-04T23:14:44.803+0530] {processor.py:161} INFO - Started process (PID=8017) to work on /home/arun/.local/lib/python3.10/site-packages/airflow/example_dags/example_dag_decorator.py
[2024-03-04T23:14:44.851+0530] {processor.py:830} INFO - Processing file /home/arun/.local/lib/python3.10/site-packages/airflow/example_dags/example_dag_decorator.py for tasks to queue
[2024-03-04T23:14:44.856+0530] {logging_mixin.py:188} INFO - [2024-03-04T23:14:44.852+0530] {dagbag.py:538} INFO - Filling up the DagBag from /home/arun/.local/lib/python3.10/site-packages/airflow/example_dags/example_dag_decorator.py
[2024-03-04T23:14:45.011+0530] {processor.py:840} INFO - DAG(s) 'example_dag_decorator' retrieved from /home/arun/.local/lib/python3.10/site-packages/airflow/example_dags/example_dag_decorator.py
[2024-03-04T23:14:45.171+0530] {logging_mixin.py:188} INFO - [2024-03-04T23:14:45.171+0530] {dag.py:3036} INFO - Sync 1 DAGs
[2024-03-04T23:14:45.181+0530] {logging_mixin.py:188} INFO - [2024-03-04T23:14:45.180+0530] {dag.py:3823} INFO - Setting next_dagrun for example_dag_decorator to None, run_after=None
[2024-03-04T23:14:45.210+0530] {processor.py:183} INFO - Processing /home/arun/.local/lib/python3.10/site-packages/airflow/example_dags/example_dag_decorator.py took 0.419 seconds
[2024-03-04T23:16:22.356+0530] {processor.py:161} INFO - Started process (PID=8232) to work on /home/arun/.local/lib/python3.10/site-packages/airflow/example_dags/example_dag_decorator.py
[2024-03-04T23:16:22.397+0530] {processor.py:830} INFO - Processing file /home/arun/.local/lib/python3.10/site-packages/airflow/example_dags/example_dag_decorator.py for tasks to queue
[2024-03-04T23:16:22.414+0530] {logging_mixin.py:188} INFO - [2024-03-04T23:16:22.413+0530] {dagbag.py:538} INFO - Filling up the DagBag from /home/arun/.local/lib/python3.10/site-packages/airflow/example_dags/example_dag_decorator.py
[2024-03-04T23:16:22.576+0530] {processor.py:840} INFO - DAG(s) 'example_dag_decorator' retrieved from /home/arun/.local/lib/python3.10/site-packages/airflow/example_dags/example_dag_decorator.py
[2024-03-04T23:16:22.810+0530] {logging_mixin.py:188} INFO - [2024-03-04T23:16:22.809+0530] {dag.py:3036} INFO - Sync 1 DAGs
[2024-03-04T23:16:22.832+0530] {logging_mixin.py:188} INFO - [2024-03-04T23:16:22.832+0530] {dag.py:3823} INFO - Setting next_dagrun for example_dag_decorator to None, run_after=None
[2024-03-04T23:16:23.031+0530] {processor.py:183} INFO - Processing /home/arun/.local/lib/python3.10/site-packages/airflow/example_dags/example_dag_decorator.py took 0.680 seconds
[2024-03-04T23:18:22.153+0530] {processor.py:161} INFO - Started process (PID=8457) to work on /home/arun/.local/lib/python3.10/site-packages/airflow/example_dags/example_dag_decorator.py
[2024-03-04T23:18:22.178+0530] {processor.py:830} INFO - Processing file /home/arun/.local/lib/python3.10/site-packages/airflow/example_dags/example_dag_decorator.py for tasks to queue
[2024-03-04T23:18:22.179+0530] {logging_mixin.py:188} INFO - [2024-03-04T23:18:22.179+0530] {dagbag.py:538} INFO - Filling up the DagBag from /home/arun/.local/lib/python3.10/site-packages/airflow/example_dags/example_dag_decorator.py
[2024-03-04T23:18:22.282+0530] {processor.py:840} INFO - DAG(s) 'example_dag_decorator' retrieved from /home/arun/.local/lib/python3.10/site-packages/airflow/example_dags/example_dag_decorator.py
[2024-03-04T23:18:22.402+0530] {logging_mixin.py:188} INFO - [2024-03-04T23:18:22.401+0530] {dag.py:3036} INFO - Sync 1 DAGs
[2024-03-04T23:18:22.414+0530] {logging_mixin.py:188} INFO - [2024-03-04T23:18:22.414+0530] {dag.py:3823} INFO - Setting next_dagrun for example_dag_decorator to None, run_after=None
[2024-03-04T23:18:22.499+0530] {processor.py:183} INFO - Processing /home/arun/.local/lib/python3.10/site-packages/airflow/example_dags/example_dag_decorator.py took 0.354 seconds
[2024-03-04T23:19:54.893+0530] {processor.py:161} INFO - Started process (PID=8654) to work on /home/arun/.local/lib/python3.10/site-packages/airflow/example_dags/example_dag_decorator.py
[2024-03-04T23:19:54.933+0530] {processor.py:830} INFO - Processing file /home/arun/.local/lib/python3.10/site-packages/airflow/example_dags/example_dag_decorator.py for tasks to queue
[2024-03-04T23:19:54.934+0530] {logging_mixin.py:188} INFO - [2024-03-04T23:19:54.933+0530] {dagbag.py:538} INFO - Filling up the DagBag from /home/arun/.local/lib/python3.10/site-packages/airflow/example_dags/example_dag_decorator.py
[2024-03-04T23:19:55.050+0530] {processor.py:840} INFO - DAG(s) 'example_dag_decorator' retrieved from /home/arun/.local/lib/python3.10/site-packages/airflow/example_dags/example_dag_decorator.py
[2024-03-04T23:19:55.174+0530] {logging_mixin.py:188} INFO - [2024-03-04T23:19:55.174+0530] {dag.py:3036} INFO - Sync 1 DAGs
[2024-03-04T23:19:55.185+0530] {logging_mixin.py:188} INFO - [2024-03-04T23:19:55.185+0530] {dag.py:3823} INFO - Setting next_dagrun for example_dag_decorator to None, run_after=None
[2024-03-04T23:19:55.216+0530] {processor.py:183} INFO - Processing /home/arun/.local/lib/python3.10/site-packages/airflow/example_dags/example_dag_decorator.py took 0.327 seconds
[2024-03-04T23:21:28.217+0530] {processor.py:161} INFO - Started process (PID=8831) to work on /home/arun/.local/lib/python3.10/site-packages/airflow/example_dags/example_dag_decorator.py
[2024-03-04T23:21:28.278+0530] {processor.py:830} INFO - Processing file /home/arun/.local/lib/python3.10/site-packages/airflow/example_dags/example_dag_decorator.py for tasks to queue
[2024-03-04T23:21:28.280+0530] {logging_mixin.py:188} INFO - [2024-03-04T23:21:28.279+0530] {dagbag.py:538} INFO - Filling up the DagBag from /home/arun/.local/lib/python3.10/site-packages/airflow/example_dags/example_dag_decorator.py
[2024-03-04T23:21:28.483+0530] {processor.py:840} INFO - DAG(s) 'example_dag_decorator' retrieved from /home/arun/.local/lib/python3.10/site-packages/airflow/example_dags/example_dag_decorator.py
[2024-03-04T23:21:28.688+0530] {logging_mixin.py:188} INFO - [2024-03-04T23:21:28.687+0530] {dag.py:3036} INFO - Sync 1 DAGs
[2024-03-04T23:21:28.701+0530] {logging_mixin.py:188} INFO - [2024-03-04T23:21:28.700+0530] {dag.py:3823} INFO - Setting next_dagrun for example_dag_decorator to None, run_after=None
[2024-03-04T23:21:28.740+0530] {processor.py:183} INFO - Processing /home/arun/.local/lib/python3.10/site-packages/airflow/example_dags/example_dag_decorator.py took 0.530 seconds
[2024-03-04T23:23:23.586+0530] {processor.py:161} INFO - Started process (PID=9171) to work on /home/arun/.local/lib/python3.10/site-packages/airflow/example_dags/example_dag_decorator.py
[2024-03-04T23:23:23.627+0530] {processor.py:830} INFO - Processing file /home/arun/.local/lib/python3.10/site-packages/airflow/example_dags/example_dag_decorator.py for tasks to queue
[2024-03-04T23:23:23.631+0530] {logging_mixin.py:188} INFO - [2024-03-04T23:23:23.628+0530] {dagbag.py:538} INFO - Filling up the DagBag from /home/arun/.local/lib/python3.10/site-packages/airflow/example_dags/example_dag_decorator.py
[2024-03-04T23:23:23.823+0530] {processor.py:840} INFO - DAG(s) 'example_dag_decorator' retrieved from /home/arun/.local/lib/python3.10/site-packages/airflow/example_dags/example_dag_decorator.py
[2024-03-04T23:23:24.073+0530] {logging_mixin.py:188} INFO - [2024-03-04T23:23:24.072+0530] {dag.py:3036} INFO - Sync 1 DAGs
[2024-03-04T23:23:24.086+0530] {logging_mixin.py:188} INFO - [2024-03-04T23:23:24.086+0530] {dag.py:3823} INFO - Setting next_dagrun for example_dag_decorator to None, run_after=None
[2024-03-04T23:23:24.299+0530] {processor.py:183} INFO - Processing /home/arun/.local/lib/python3.10/site-packages/airflow/example_dags/example_dag_decorator.py took 0.719 seconds
[2024-03-04T23:25:51.886+0530] {processor.py:161} INFO - Started process (PID=9687) to work on /home/arun/.local/lib/python3.10/site-packages/airflow/example_dags/example_dag_decorator.py
[2024-03-04T23:25:51.911+0530] {processor.py:830} INFO - Processing file /home/arun/.local/lib/python3.10/site-packages/airflow/example_dags/example_dag_decorator.py for tasks to queue
[2024-03-04T23:25:51.914+0530] {logging_mixin.py:188} INFO - [2024-03-04T23:25:51.913+0530] {dagbag.py:538} INFO - Filling up the DagBag from /home/arun/.local/lib/python3.10/site-packages/airflow/example_dags/example_dag_decorator.py
[2024-03-04T23:25:52.229+0530] {processor.py:840} INFO - DAG(s) 'example_dag_decorator' retrieved from /home/arun/.local/lib/python3.10/site-packages/airflow/example_dags/example_dag_decorator.py
[2024-03-04T23:25:52.543+0530] {logging_mixin.py:188} INFO - [2024-03-04T23:25:52.539+0530] {dag.py:3036} INFO - Sync 1 DAGs
[2024-03-04T23:25:52.572+0530] {logging_mixin.py:188} INFO - [2024-03-04T23:25:52.571+0530] {dag.py:3823} INFO - Setting next_dagrun for example_dag_decorator to None, run_after=None
[2024-03-04T23:25:53.102+0530] {processor.py:183} INFO - Processing /home/arun/.local/lib/python3.10/site-packages/airflow/example_dags/example_dag_decorator.py took 1.234 seconds
[2024-03-04T23:28:04.456+0530] {processor.py:161} INFO - Started process (PID=10311) to work on /home/arun/.local/lib/python3.10/site-packages/airflow/example_dags/example_dag_decorator.py
[2024-03-04T23:28:04.593+0530] {processor.py:830} INFO - Processing file /home/arun/.local/lib/python3.10/site-packages/airflow/example_dags/example_dag_decorator.py for tasks to queue
[2024-03-04T23:28:04.595+0530] {logging_mixin.py:188} INFO - [2024-03-04T23:28:04.594+0530] {dagbag.py:538} INFO - Filling up the DagBag from /home/arun/.local/lib/python3.10/site-packages/airflow/example_dags/example_dag_decorator.py
[2024-03-04T23:28:04.864+0530] {processor.py:840} INFO - DAG(s) 'example_dag_decorator' retrieved from /home/arun/.local/lib/python3.10/site-packages/airflow/example_dags/example_dag_decorator.py
[2024-03-04T23:28:05.112+0530] {logging_mixin.py:188} INFO - [2024-03-04T23:28:05.112+0530] {dag.py:3036} INFO - Sync 1 DAGs
[2024-03-04T23:28:05.140+0530] {logging_mixin.py:188} INFO - [2024-03-04T23:28:05.140+0530] {dag.py:3823} INFO - Setting next_dagrun for example_dag_decorator to None, run_after=None
[2024-03-04T23:28:05.255+0530] {processor.py:183} INFO - Processing /home/arun/.local/lib/python3.10/site-packages/airflow/example_dags/example_dag_decorator.py took 0.867 seconds
[2024-03-04T23:29:35.188+0530] {processor.py:161} INFO - Started process (PID=10483) to work on /home/arun/.local/lib/python3.10/site-packages/airflow/example_dags/example_dag_decorator.py
[2024-03-04T23:29:35.269+0530] {processor.py:830} INFO - Processing file /home/arun/.local/lib/python3.10/site-packages/airflow/example_dags/example_dag_decorator.py for tasks to queue
[2024-03-04T23:29:35.270+0530] {logging_mixin.py:188} INFO - [2024-03-04T23:29:35.269+0530] {dagbag.py:538} INFO - Filling up the DagBag from /home/arun/.local/lib/python3.10/site-packages/airflow/example_dags/example_dag_decorator.py
[2024-03-04T23:29:35.411+0530] {processor.py:840} INFO - DAG(s) 'example_dag_decorator' retrieved from /home/arun/.local/lib/python3.10/site-packages/airflow/example_dags/example_dag_decorator.py
[2024-03-04T23:29:35.553+0530] {logging_mixin.py:188} INFO - [2024-03-04T23:29:35.552+0530] {dag.py:3036} INFO - Sync 1 DAGs
[2024-03-04T23:29:35.567+0530] {logging_mixin.py:188} INFO - [2024-03-04T23:29:35.567+0530] {dag.py:3823} INFO - Setting next_dagrun for example_dag_decorator to None, run_after=None
[2024-03-04T23:29:35.603+0530] {processor.py:183} INFO - Processing /home/arun/.local/lib/python3.10/site-packages/airflow/example_dags/example_dag_decorator.py took 0.418 seconds
[2024-03-04T23:31:32.938+0530] {processor.py:161} INFO - Started process (PID=10802) to work on /home/arun/.local/lib/python3.10/site-packages/airflow/example_dags/example_dag_decorator.py
[2024-03-04T23:31:32.981+0530] {processor.py:830} INFO - Processing file /home/arun/.local/lib/python3.10/site-packages/airflow/example_dags/example_dag_decorator.py for tasks to queue
[2024-03-04T23:31:32.983+0530] {logging_mixin.py:188} INFO - [2024-03-04T23:31:32.982+0530] {dagbag.py:538} INFO - Filling up the DagBag from /home/arun/.local/lib/python3.10/site-packages/airflow/example_dags/example_dag_decorator.py
[2024-03-04T23:31:33.154+0530] {processor.py:840} INFO - DAG(s) 'example_dag_decorator' retrieved from /home/arun/.local/lib/python3.10/site-packages/airflow/example_dags/example_dag_decorator.py
[2024-03-04T23:31:33.323+0530] {logging_mixin.py:188} INFO - [2024-03-04T23:31:33.323+0530] {dag.py:3036} INFO - Sync 1 DAGs
[2024-03-04T23:31:33.338+0530] {logging_mixin.py:188} INFO - [2024-03-04T23:31:33.337+0530] {dag.py:3823} INFO - Setting next_dagrun for example_dag_decorator to None, run_after=None
[2024-03-04T23:31:33.448+0530] {processor.py:183} INFO - Processing /home/arun/.local/lib/python3.10/site-packages/airflow/example_dags/example_dag_decorator.py took 0.515 seconds
[2024-03-04T23:33:21.067+0530] {processor.py:161} INFO - Started process (PID=11014) to work on /home/arun/.local/lib/python3.10/site-packages/airflow/example_dags/example_dag_decorator.py
[2024-03-04T23:33:21.093+0530] {processor.py:830} INFO - Processing file /home/arun/.local/lib/python3.10/site-packages/airflow/example_dags/example_dag_decorator.py for tasks to queue
[2024-03-04T23:33:21.094+0530] {logging_mixin.py:188} INFO - [2024-03-04T23:33:21.093+0530] {dagbag.py:538} INFO - Filling up the DagBag from /home/arun/.local/lib/python3.10/site-packages/airflow/example_dags/example_dag_decorator.py
[2024-03-04T23:33:21.219+0530] {processor.py:840} INFO - DAG(s) 'example_dag_decorator' retrieved from /home/arun/.local/lib/python3.10/site-packages/airflow/example_dags/example_dag_decorator.py
[2024-03-04T23:33:21.391+0530] {logging_mixin.py:188} INFO - [2024-03-04T23:33:21.391+0530] {dag.py:3036} INFO - Sync 1 DAGs
[2024-03-04T23:33:21.404+0530] {logging_mixin.py:188} INFO - [2024-03-04T23:33:21.404+0530] {dag.py:3823} INFO - Setting next_dagrun for example_dag_decorator to None, run_after=None
[2024-03-04T23:33:21.437+0530] {processor.py:183} INFO - Processing /home/arun/.local/lib/python3.10/site-packages/airflow/example_dags/example_dag_decorator.py took 0.374 seconds
[2024-03-04T23:34:58.185+0530] {processor.py:161} INFO - Started process (PID=11194) to work on /home/arun/.local/lib/python3.10/site-packages/airflow/example_dags/example_dag_decorator.py
[2024-03-04T23:34:58.225+0530] {processor.py:830} INFO - Processing file /home/arun/.local/lib/python3.10/site-packages/airflow/example_dags/example_dag_decorator.py for tasks to queue
[2024-03-04T23:34:58.227+0530] {logging_mixin.py:188} INFO - [2024-03-04T23:34:58.226+0530] {dagbag.py:538} INFO - Filling up the DagBag from /home/arun/.local/lib/python3.10/site-packages/airflow/example_dags/example_dag_decorator.py
[2024-03-04T23:34:58.367+0530] {processor.py:840} INFO - DAG(s) 'example_dag_decorator' retrieved from /home/arun/.local/lib/python3.10/site-packages/airflow/example_dags/example_dag_decorator.py
[2024-03-04T23:34:58.498+0530] {logging_mixin.py:188} INFO - [2024-03-04T23:34:58.497+0530] {dag.py:3036} INFO - Sync 1 DAGs
[2024-03-04T23:34:58.510+0530] {logging_mixin.py:188} INFO - [2024-03-04T23:34:58.510+0530] {dag.py:3823} INFO - Setting next_dagrun for example_dag_decorator to None, run_after=None
[2024-03-04T23:34:58.544+0530] {processor.py:183} INFO - Processing /home/arun/.local/lib/python3.10/site-packages/airflow/example_dags/example_dag_decorator.py took 0.364 seconds
