[2024-03-04T18:28:40.778+0530] {processor.py:161} INFO - Started process (PID=11889) to work on /home/arun/.local/lib/python3.10/site-packages/airflow/example_dags/example_xcom.py
[2024-03-04T18:28:40.779+0530] {processor.py:830} INFO - Processing file /home/arun/.local/lib/python3.10/site-packages/airflow/example_dags/example_xcom.py for tasks to queue
[2024-03-04T18:28:40.779+0530] {logging_mixin.py:188} INFO - [2024-03-04T18:28:40.779+0530] {dagbag.py:538} INFO - Filling up the DagBag from /home/arun/.local/lib/python3.10/site-packages/airflow/example_dags/example_xcom.py
[2024-03-04T18:28:40.789+0530] {processor.py:840} INFO - DAG(s) 'example_xcom' retrieved from /home/arun/.local/lib/python3.10/site-packages/airflow/example_dags/example_xcom.py
[2024-03-04T18:28:41.017+0530] {logging_mixin.py:188} INFO - [2024-03-04T18:28:41.017+0530] {dag.py:3036} INFO - Sync 1 DAGs
[2024-03-04T18:28:41.034+0530] {logging_mixin.py:188} INFO - [2024-03-04T18:28:41.033+0530] {dag.py:3823} INFO - Setting next_dagrun for example_xcom to 2021-01-01 00:00:00+00:00, run_after=2021-01-01 00:00:00+00:00
[2024-03-04T18:28:41.111+0530] {processor.py:183} INFO - Processing /home/arun/.local/lib/python3.10/site-packages/airflow/example_dags/example_xcom.py took 0.336 seconds
[2024-03-04T18:30:59.375+0530] {processor.py:161} INFO - Started process (PID=12044) to work on /home/arun/.local/lib/python3.10/site-packages/airflow/example_dags/example_xcom.py
[2024-03-04T18:30:59.377+0530] {processor.py:830} INFO - Processing file /home/arun/.local/lib/python3.10/site-packages/airflow/example_dags/example_xcom.py for tasks to queue
[2024-03-04T18:30:59.378+0530] {logging_mixin.py:188} INFO - [2024-03-04T18:30:59.378+0530] {dagbag.py:538} INFO - Filling up the DagBag from /home/arun/.local/lib/python3.10/site-packages/airflow/example_dags/example_xcom.py
[2024-03-04T18:30:59.388+0530] {processor.py:840} INFO - DAG(s) 'example_xcom' retrieved from /home/arun/.local/lib/python3.10/site-packages/airflow/example_dags/example_xcom.py
[2024-03-04T18:30:59.406+0530] {logging_mixin.py:188} INFO - [2024-03-04T18:30:59.406+0530] {dag.py:3036} INFO - Sync 1 DAGs
[2024-03-04T18:30:59.428+0530] {logging_mixin.py:188} INFO - [2024-03-04T18:30:59.428+0530] {dag.py:3823} INFO - Setting next_dagrun for example_xcom to 2021-01-01 00:00:00+00:00, run_after=2021-01-01 00:00:00+00:00
[2024-03-04T18:30:59.470+0530] {processor.py:183} INFO - Processing /home/arun/.local/lib/python3.10/site-packages/airflow/example_dags/example_xcom.py took 0.100 seconds
[2024-03-04T18:32:07.018+0530] {processor.py:161} INFO - Started process (PID=12126) to work on /home/arun/.local/lib/python3.10/site-packages/airflow/example_dags/example_xcom.py
[2024-03-04T18:32:07.068+0530] {processor.py:830} INFO - Processing file /home/arun/.local/lib/python3.10/site-packages/airflow/example_dags/example_xcom.py for tasks to queue
[2024-03-04T18:32:07.070+0530] {logging_mixin.py:188} INFO - [2024-03-04T18:32:07.070+0530] {dagbag.py:538} INFO - Filling up the DagBag from /home/arun/.local/lib/python3.10/site-packages/airflow/example_dags/example_xcom.py
[2024-03-04T18:32:07.081+0530] {processor.py:840} INFO - DAG(s) 'example_xcom' retrieved from /home/arun/.local/lib/python3.10/site-packages/airflow/example_dags/example_xcom.py
[2024-03-04T18:32:07.215+0530] {logging_mixin.py:188} INFO - [2024-03-04T18:32:07.214+0530] {dag.py:3036} INFO - Sync 1 DAGs
[2024-03-04T18:32:07.435+0530] {logging_mixin.py:188} INFO - [2024-03-04T18:32:07.434+0530] {dag.py:3823} INFO - Setting next_dagrun for example_xcom to 2021-01-01 00:00:00+00:00, run_after=2021-01-01 00:00:00+00:00
[2024-03-04T18:32:07.526+0530] {processor.py:183} INFO - Processing /home/arun/.local/lib/python3.10/site-packages/airflow/example_dags/example_xcom.py took 0.512 seconds
[2024-03-04T18:34:02.065+0530] {processor.py:161} INFO - Started process (PID=12247) to work on /home/arun/.local/lib/python3.10/site-packages/airflow/example_dags/example_xcom.py
[2024-03-04T18:34:02.125+0530] {processor.py:830} INFO - Processing file /home/arun/.local/lib/python3.10/site-packages/airflow/example_dags/example_xcom.py for tasks to queue
[2024-03-04T18:34:02.127+0530] {logging_mixin.py:188} INFO - [2024-03-04T18:34:02.126+0530] {dagbag.py:538} INFO - Filling up the DagBag from /home/arun/.local/lib/python3.10/site-packages/airflow/example_dags/example_xcom.py
[2024-03-04T18:34:02.151+0530] {processor.py:840} INFO - DAG(s) 'example_xcom' retrieved from /home/arun/.local/lib/python3.10/site-packages/airflow/example_dags/example_xcom.py
[2024-03-04T18:34:02.273+0530] {logging_mixin.py:188} INFO - [2024-03-04T18:34:02.273+0530] {dag.py:3036} INFO - Sync 1 DAGs
[2024-03-04T18:34:02.302+0530] {logging_mixin.py:188} INFO - [2024-03-04T18:34:02.302+0530] {dag.py:3823} INFO - Setting next_dagrun for example_xcom to 2021-01-01 00:00:00+00:00, run_after=2021-01-01 00:00:00+00:00
[2024-03-04T18:34:02.413+0530] {processor.py:183} INFO - Processing /home/arun/.local/lib/python3.10/site-packages/airflow/example_dags/example_xcom.py took 0.360 seconds
[2024-03-04T18:35:09.506+0530] {processor.py:161} INFO - Started process (PID=12335) to work on /home/arun/.local/lib/python3.10/site-packages/airflow/example_dags/example_xcom.py
[2024-03-04T18:35:09.579+0530] {processor.py:830} INFO - Processing file /home/arun/.local/lib/python3.10/site-packages/airflow/example_dags/example_xcom.py for tasks to queue
[2024-03-04T18:35:09.583+0530] {logging_mixin.py:188} INFO - [2024-03-04T18:35:09.580+0530] {dagbag.py:538} INFO - Filling up the DagBag from /home/arun/.local/lib/python3.10/site-packages/airflow/example_dags/example_xcom.py
[2024-03-04T18:35:09.605+0530] {processor.py:840} INFO - DAG(s) 'example_xcom' retrieved from /home/arun/.local/lib/python3.10/site-packages/airflow/example_dags/example_xcom.py
[2024-03-04T18:35:09.632+0530] {logging_mixin.py:188} INFO - [2024-03-04T18:35:09.631+0530] {dag.py:3036} INFO - Sync 1 DAGs
[2024-03-04T18:35:09.661+0530] {logging_mixin.py:188} INFO - [2024-03-04T18:35:09.660+0530] {dag.py:3823} INFO - Setting next_dagrun for example_xcom to 2021-01-01 00:00:00+00:00, run_after=2021-01-01 00:00:00+00:00
[2024-03-04T18:35:09.730+0530] {processor.py:183} INFO - Processing /home/arun/.local/lib/python3.10/site-packages/airflow/example_dags/example_xcom.py took 0.234 seconds
[2024-03-04T18:36:29.423+0530] {processor.py:161} INFO - Started process (PID=12426) to work on /home/arun/.local/lib/python3.10/site-packages/airflow/example_dags/example_xcom.py
[2024-03-04T18:36:29.425+0530] {processor.py:830} INFO - Processing file /home/arun/.local/lib/python3.10/site-packages/airflow/example_dags/example_xcom.py for tasks to queue
[2024-03-04T18:36:29.426+0530] {logging_mixin.py:188} INFO - [2024-03-04T18:36:29.426+0530] {dagbag.py:538} INFO - Filling up the DagBag from /home/arun/.local/lib/python3.10/site-packages/airflow/example_dags/example_xcom.py
[2024-03-04T18:36:29.438+0530] {processor.py:840} INFO - DAG(s) 'example_xcom' retrieved from /home/arun/.local/lib/python3.10/site-packages/airflow/example_dags/example_xcom.py
[2024-03-04T18:36:29.460+0530] {logging_mixin.py:188} INFO - [2024-03-04T18:36:29.459+0530] {dag.py:3036} INFO - Sync 1 DAGs
[2024-03-04T18:36:29.485+0530] {logging_mixin.py:188} INFO - [2024-03-04T18:36:29.485+0530] {dag.py:3823} INFO - Setting next_dagrun for example_xcom to 2021-01-01 00:00:00+00:00, run_after=2021-01-01 00:00:00+00:00
[2024-03-04T18:36:29.517+0530] {processor.py:183} INFO - Processing /home/arun/.local/lib/python3.10/site-packages/airflow/example_dags/example_xcom.py took 0.098 seconds
[2024-03-04T18:37:30.854+0530] {processor.py:161} INFO - Started process (PID=12491) to work on /home/arun/.local/lib/python3.10/site-packages/airflow/example_dags/example_xcom.py
[2024-03-04T18:37:30.858+0530] {processor.py:830} INFO - Processing file /home/arun/.local/lib/python3.10/site-packages/airflow/example_dags/example_xcom.py for tasks to queue
[2024-03-04T18:37:30.939+0530] {logging_mixin.py:188} INFO - [2024-03-04T18:37:30.859+0530] {dagbag.py:538} INFO - Filling up the DagBag from /home/arun/.local/lib/python3.10/site-packages/airflow/example_dags/example_xcom.py
[2024-03-04T18:37:30.996+0530] {processor.py:840} INFO - DAG(s) 'example_xcom' retrieved from /home/arun/.local/lib/python3.10/site-packages/airflow/example_dags/example_xcom.py
[2024-03-04T18:37:31.179+0530] {logging_mixin.py:188} INFO - [2024-03-04T18:37:31.179+0530] {dag.py:3036} INFO - Sync 1 DAGs
[2024-03-04T18:37:31.280+0530] {logging_mixin.py:188} INFO - [2024-03-04T18:37:31.279+0530] {dag.py:3823} INFO - Setting next_dagrun for example_xcom to 2021-01-01 00:00:00+00:00, run_after=2021-01-01 00:00:00+00:00
[2024-03-04T18:37:31.525+0530] {processor.py:183} INFO - Processing /home/arun/.local/lib/python3.10/site-packages/airflow/example_dags/example_xcom.py took 0.700 seconds
[2024-03-04T18:40:19.714+0530] {processor.py:161} INFO - Started process (PID=12690) to work on /home/arun/.local/lib/python3.10/site-packages/airflow/example_dags/example_xcom.py
[2024-03-04T18:40:19.754+0530] {processor.py:830} INFO - Processing file /home/arun/.local/lib/python3.10/site-packages/airflow/example_dags/example_xcom.py for tasks to queue
[2024-03-04T18:40:19.756+0530] {logging_mixin.py:188} INFO - [2024-03-04T18:40:19.755+0530] {dagbag.py:538} INFO - Filling up the DagBag from /home/arun/.local/lib/python3.10/site-packages/airflow/example_dags/example_xcom.py
[2024-03-04T18:40:19.795+0530] {processor.py:840} INFO - DAG(s) 'example_xcom' retrieved from /home/arun/.local/lib/python3.10/site-packages/airflow/example_dags/example_xcom.py
[2024-03-04T18:40:19.856+0530] {logging_mixin.py:188} INFO - [2024-03-04T18:40:19.856+0530] {dag.py:3036} INFO - Sync 1 DAGs
[2024-03-04T18:40:19.925+0530] {logging_mixin.py:188} INFO - [2024-03-04T18:40:19.924+0530] {dag.py:3823} INFO - Setting next_dagrun for example_xcom to 2021-01-01 00:00:00+00:00, run_after=2021-01-01 00:00:00+00:00
[2024-03-04T18:40:20.143+0530] {processor.py:183} INFO - Processing /home/arun/.local/lib/python3.10/site-packages/airflow/example_dags/example_xcom.py took 0.435 seconds
[2024-03-04T18:41:46.763+0530] {processor.py:161} INFO - Started process (PID=12816) to work on /home/arun/.local/lib/python3.10/site-packages/airflow/example_dags/example_xcom.py
[2024-03-04T18:41:46.806+0530] {processor.py:830} INFO - Processing file /home/arun/.local/lib/python3.10/site-packages/airflow/example_dags/example_xcom.py for tasks to queue
[2024-03-04T18:41:46.810+0530] {logging_mixin.py:188} INFO - [2024-03-04T18:41:46.809+0530] {dagbag.py:538} INFO - Filling up the DagBag from /home/arun/.local/lib/python3.10/site-packages/airflow/example_dags/example_xcom.py
[2024-03-04T18:41:46.825+0530] {processor.py:840} INFO - DAG(s) 'example_xcom' retrieved from /home/arun/.local/lib/python3.10/site-packages/airflow/example_dags/example_xcom.py
[2024-03-04T18:41:46.842+0530] {logging_mixin.py:188} INFO - [2024-03-04T18:41:46.842+0530] {dag.py:3036} INFO - Sync 1 DAGs
[2024-03-04T18:41:46.862+0530] {logging_mixin.py:188} INFO - [2024-03-04T18:41:46.862+0530] {dag.py:3823} INFO - Setting next_dagrun for example_xcom to 2021-01-01 00:00:00+00:00, run_after=2021-01-01 00:00:00+00:00
[2024-03-04T18:41:46.887+0530] {processor.py:183} INFO - Processing /home/arun/.local/lib/python3.10/site-packages/airflow/example_dags/example_xcom.py took 0.129 seconds
[2024-03-04T18:42:59.056+0530] {processor.py:161} INFO - Started process (PID=13354) to work on /home/arun/.local/lib/python3.10/site-packages/airflow/example_dags/example_xcom.py
[2024-03-04T18:42:59.091+0530] {processor.py:830} INFO - Processing file /home/arun/.local/lib/python3.10/site-packages/airflow/example_dags/example_xcom.py for tasks to queue
[2024-03-04T18:42:59.096+0530] {logging_mixin.py:188} INFO - [2024-03-04T18:42:59.092+0530] {dagbag.py:538} INFO - Filling up the DagBag from /home/arun/.local/lib/python3.10/site-packages/airflow/example_dags/example_xcom.py
[2024-03-04T18:42:59.123+0530] {processor.py:840} INFO - DAG(s) 'example_xcom' retrieved from /home/arun/.local/lib/python3.10/site-packages/airflow/example_dags/example_xcom.py
[2024-03-04T18:42:59.179+0530] {logging_mixin.py:188} INFO - [2024-03-04T18:42:59.179+0530] {dag.py:3036} INFO - Sync 1 DAGs
[2024-03-04T18:42:59.207+0530] {logging_mixin.py:188} INFO - [2024-03-04T18:42:59.207+0530] {dag.py:3823} INFO - Setting next_dagrun for example_xcom to 2021-01-01 00:00:00+00:00, run_after=2021-01-01 00:00:00+00:00
[2024-03-04T18:42:59.389+0530] {processor.py:183} INFO - Processing /home/arun/.local/lib/python3.10/site-packages/airflow/example_dags/example_xcom.py took 0.338 seconds
[2024-03-04T18:44:29.442+0530] {processor.py:161} INFO - Started process (PID=13548) to work on /home/arun/.local/lib/python3.10/site-packages/airflow/example_dags/example_xcom.py
[2024-03-04T18:44:29.459+0530] {processor.py:830} INFO - Processing file /home/arun/.local/lib/python3.10/site-packages/airflow/example_dags/example_xcom.py for tasks to queue
[2024-03-04T18:44:29.461+0530] {logging_mixin.py:188} INFO - [2024-03-04T18:44:29.460+0530] {dagbag.py:538} INFO - Filling up the DagBag from /home/arun/.local/lib/python3.10/site-packages/airflow/example_dags/example_xcom.py
[2024-03-04T18:44:29.483+0530] {processor.py:840} INFO - DAG(s) 'example_xcom' retrieved from /home/arun/.local/lib/python3.10/site-packages/airflow/example_dags/example_xcom.py
[2024-03-04T18:44:29.549+0530] {logging_mixin.py:188} INFO - [2024-03-04T18:44:29.548+0530] {dag.py:3036} INFO - Sync 1 DAGs
[2024-03-04T18:44:29.675+0530] {logging_mixin.py:188} INFO - [2024-03-04T18:44:29.675+0530] {dag.py:3823} INFO - Setting next_dagrun for example_xcom to 2021-01-01 00:00:00+00:00, run_after=2021-01-01 00:00:00+00:00
[2024-03-04T18:44:29.929+0530] {processor.py:183} INFO - Processing /home/arun/.local/lib/python3.10/site-packages/airflow/example_dags/example_xcom.py took 0.506 seconds
[2024-03-04T18:46:53.939+0530] {processor.py:161} INFO - Started process (PID=13983) to work on /home/arun/.local/lib/python3.10/site-packages/airflow/example_dags/example_xcom.py
[2024-03-04T18:46:53.990+0530] {processor.py:830} INFO - Processing file /home/arun/.local/lib/python3.10/site-packages/airflow/example_dags/example_xcom.py for tasks to queue
[2024-03-04T18:46:53.991+0530] {logging_mixin.py:188} INFO - [2024-03-04T18:46:53.991+0530] {dagbag.py:538} INFO - Filling up the DagBag from /home/arun/.local/lib/python3.10/site-packages/airflow/example_dags/example_xcom.py
[2024-03-04T18:46:54.000+0530] {processor.py:840} INFO - DAG(s) 'example_xcom' retrieved from /home/arun/.local/lib/python3.10/site-packages/airflow/example_dags/example_xcom.py
[2024-03-04T18:46:54.018+0530] {logging_mixin.py:188} INFO - [2024-03-04T18:46:54.018+0530] {dag.py:3036} INFO - Sync 1 DAGs
[2024-03-04T18:46:54.042+0530] {logging_mixin.py:188} INFO - [2024-03-04T18:46:54.042+0530] {dag.py:3823} INFO - Setting next_dagrun for example_xcom to 2021-01-01 00:00:00+00:00, run_after=2021-01-01 00:00:00+00:00
[2024-03-04T18:46:54.071+0530] {processor.py:183} INFO - Processing /home/arun/.local/lib/python3.10/site-packages/airflow/example_dags/example_xcom.py took 0.135 seconds
[2024-03-04T18:54:44.462+0530] {processor.py:161} INFO - Started process (PID=5773) to work on /home/arun/.local/lib/python3.10/site-packages/airflow/example_dags/example_xcom.py
[2024-03-04T18:54:44.525+0530] {processor.py:830} INFO - Processing file /home/arun/.local/lib/python3.10/site-packages/airflow/example_dags/example_xcom.py for tasks to queue
[2024-03-04T18:54:44.527+0530] {logging_mixin.py:188} INFO - [2024-03-04T18:54:44.526+0530] {dagbag.py:538} INFO - Filling up the DagBag from /home/arun/.local/lib/python3.10/site-packages/airflow/example_dags/example_xcom.py
[2024-03-04T18:54:44.603+0530] {processor.py:840} INFO - DAG(s) 'example_xcom' retrieved from /home/arun/.local/lib/python3.10/site-packages/airflow/example_dags/example_xcom.py
[2024-03-04T18:54:45.423+0530] {logging_mixin.py:188} INFO - [2024-03-04T18:54:45.423+0530] {dag.py:3036} INFO - Sync 1 DAGs
[2024-03-04T18:54:45.446+0530] {logging_mixin.py:188} INFO - [2024-03-04T18:54:45.446+0530] {dag.py:3823} INFO - Setting next_dagrun for example_xcom to 2021-01-01 00:00:00+00:00, run_after=2021-01-01 00:00:00+00:00
[2024-03-04T18:54:45.539+0530] {processor.py:183} INFO - Processing /home/arun/.local/lib/python3.10/site-packages/airflow/example_dags/example_xcom.py took 1.083 seconds
[2024-03-04T18:56:39.421+0530] {processor.py:161} INFO - Started process (PID=5948) to work on /home/arun/.local/lib/python3.10/site-packages/airflow/example_dags/example_xcom.py
[2024-03-04T18:56:39.484+0530] {processor.py:830} INFO - Processing file /home/arun/.local/lib/python3.10/site-packages/airflow/example_dags/example_xcom.py for tasks to queue
[2024-03-04T18:56:39.496+0530] {logging_mixin.py:188} INFO - [2024-03-04T18:56:39.490+0530] {dagbag.py:538} INFO - Filling up the DagBag from /home/arun/.local/lib/python3.10/site-packages/airflow/example_dags/example_xcom.py
[2024-03-04T18:56:39.546+0530] {processor.py:840} INFO - DAG(s) 'example_xcom' retrieved from /home/arun/.local/lib/python3.10/site-packages/airflow/example_dags/example_xcom.py
[2024-03-04T18:56:39.600+0530] {logging_mixin.py:188} INFO - [2024-03-04T18:56:39.600+0530] {dag.py:3036} INFO - Sync 1 DAGs
[2024-03-04T18:56:39.691+0530] {logging_mixin.py:188} INFO - [2024-03-04T18:56:39.691+0530] {dag.py:3823} INFO - Setting next_dagrun for example_xcom to 2021-01-01 00:00:00+00:00, run_after=2021-01-01 00:00:00+00:00
[2024-03-04T18:56:39.818+0530] {processor.py:183} INFO - Processing /home/arun/.local/lib/python3.10/site-packages/airflow/example_dags/example_xcom.py took 0.405 seconds
[2024-03-04T18:57:50.721+0530] {processor.py:161} INFO - Started process (PID=6011) to work on /home/arun/.local/lib/python3.10/site-packages/airflow/example_dags/example_xcom.py
[2024-03-04T18:57:50.770+0530] {processor.py:830} INFO - Processing file /home/arun/.local/lib/python3.10/site-packages/airflow/example_dags/example_xcom.py for tasks to queue
[2024-03-04T18:57:50.772+0530] {logging_mixin.py:188} INFO - [2024-03-04T18:57:50.771+0530] {dagbag.py:538} INFO - Filling up the DagBag from /home/arun/.local/lib/python3.10/site-packages/airflow/example_dags/example_xcom.py
[2024-03-04T18:57:50.791+0530] {processor.py:840} INFO - DAG(s) 'example_xcom' retrieved from /home/arun/.local/lib/python3.10/site-packages/airflow/example_dags/example_xcom.py
[2024-03-04T18:57:50.852+0530] {logging_mixin.py:188} INFO - [2024-03-04T18:57:50.851+0530] {dag.py:3036} INFO - Sync 1 DAGs
[2024-03-04T18:57:50.883+0530] {logging_mixin.py:188} INFO - [2024-03-04T18:57:50.882+0530] {dag.py:3823} INFO - Setting next_dagrun for example_xcom to 2021-01-01 00:00:00+00:00, run_after=2021-01-01 00:00:00+00:00
[2024-03-04T18:57:50.985+0530] {processor.py:183} INFO - Processing /home/arun/.local/lib/python3.10/site-packages/airflow/example_dags/example_xcom.py took 0.271 seconds
[2024-03-04T18:58:53.150+0530] {processor.py:161} INFO - Started process (PID=6327) to work on /home/arun/.local/lib/python3.10/site-packages/airflow/example_dags/example_xcom.py
[2024-03-04T18:58:53.198+0530] {processor.py:830} INFO - Processing file /home/arun/.local/lib/python3.10/site-packages/airflow/example_dags/example_xcom.py for tasks to queue
[2024-03-04T18:58:53.200+0530] {logging_mixin.py:188} INFO - [2024-03-04T18:58:53.199+0530] {dagbag.py:538} INFO - Filling up the DagBag from /home/arun/.local/lib/python3.10/site-packages/airflow/example_dags/example_xcom.py
[2024-03-04T18:58:53.213+0530] {processor.py:840} INFO - DAG(s) 'example_xcom' retrieved from /home/arun/.local/lib/python3.10/site-packages/airflow/example_dags/example_xcom.py
[2024-03-04T18:58:53.243+0530] {logging_mixin.py:188} INFO - [2024-03-04T18:58:53.243+0530] {dag.py:3036} INFO - Sync 1 DAGs
[2024-03-04T18:58:53.315+0530] {logging_mixin.py:188} INFO - [2024-03-04T18:58:53.315+0530] {dag.py:3823} INFO - Setting next_dagrun for example_xcom to 2021-01-01 00:00:00+00:00, run_after=2021-01-01 00:00:00+00:00
[2024-03-04T18:58:53.404+0530] {processor.py:183} INFO - Processing /home/arun/.local/lib/python3.10/site-packages/airflow/example_dags/example_xcom.py took 0.258 seconds
[2024-03-04T19:00:01.325+0530] {processor.py:161} INFO - Started process (PID=6394) to work on /home/arun/.local/lib/python3.10/site-packages/airflow/example_dags/example_xcom.py
[2024-03-04T19:00:01.374+0530] {processor.py:830} INFO - Processing file /home/arun/.local/lib/python3.10/site-packages/airflow/example_dags/example_xcom.py for tasks to queue
[2024-03-04T19:00:01.376+0530] {logging_mixin.py:188} INFO - [2024-03-04T19:00:01.375+0530] {dagbag.py:538} INFO - Filling up the DagBag from /home/arun/.local/lib/python3.10/site-packages/airflow/example_dags/example_xcom.py
[2024-03-04T19:00:01.390+0530] {processor.py:840} INFO - DAG(s) 'example_xcom' retrieved from /home/arun/.local/lib/python3.10/site-packages/airflow/example_dags/example_xcom.py
[2024-03-04T19:00:01.435+0530] {logging_mixin.py:188} INFO - [2024-03-04T19:00:01.434+0530] {dag.py:3036} INFO - Sync 1 DAGs
[2024-03-04T19:00:01.510+0530] {logging_mixin.py:188} INFO - [2024-03-04T19:00:01.510+0530] {dag.py:3823} INFO - Setting next_dagrun for example_xcom to 2021-01-01 00:00:00+00:00, run_after=2021-01-01 00:00:00+00:00
[2024-03-04T19:00:01.594+0530] {processor.py:183} INFO - Processing /home/arun/.local/lib/python3.10/site-packages/airflow/example_dags/example_xcom.py took 0.280 seconds
[2024-03-04T19:01:48.588+0530] {processor.py:161} INFO - Started process (PID=6634) to work on /home/arun/.local/lib/python3.10/site-packages/airflow/example_dags/example_xcom.py
[2024-03-04T19:01:48.641+0530] {processor.py:830} INFO - Processing file /home/arun/.local/lib/python3.10/site-packages/airflow/example_dags/example_xcom.py for tasks to queue
[2024-03-04T19:01:48.642+0530] {logging_mixin.py:188} INFO - [2024-03-04T19:01:48.641+0530] {dagbag.py:538} INFO - Filling up the DagBag from /home/arun/.local/lib/python3.10/site-packages/airflow/example_dags/example_xcom.py
[2024-03-04T19:01:48.655+0530] {processor.py:840} INFO - DAG(s) 'example_xcom' retrieved from /home/arun/.local/lib/python3.10/site-packages/airflow/example_dags/example_xcom.py
[2024-03-04T19:01:48.705+0530] {logging_mixin.py:188} INFO - [2024-03-04T19:01:48.705+0530] {dag.py:3036} INFO - Sync 1 DAGs
[2024-03-04T19:01:48.778+0530] {logging_mixin.py:188} INFO - [2024-03-04T19:01:48.778+0530] {dag.py:3823} INFO - Setting next_dagrun for example_xcom to 2021-01-01 00:00:00+00:00, run_after=2021-01-01 00:00:00+00:00
[2024-03-04T19:01:48.877+0530] {processor.py:183} INFO - Processing /home/arun/.local/lib/python3.10/site-packages/airflow/example_dags/example_xcom.py took 0.321 seconds
[2024-03-04T19:05:40.870+0530] {processor.py:161} INFO - Started process (PID=6926) to work on /home/arun/.local/lib/python3.10/site-packages/airflow/example_dags/example_xcom.py
[2024-03-04T19:05:40.911+0530] {processor.py:830} INFO - Processing file /home/arun/.local/lib/python3.10/site-packages/airflow/example_dags/example_xcom.py for tasks to queue
[2024-03-04T19:05:40.912+0530] {logging_mixin.py:188} INFO - [2024-03-04T19:05:40.912+0530] {dagbag.py:538} INFO - Filling up the DagBag from /home/arun/.local/lib/python3.10/site-packages/airflow/example_dags/example_xcom.py
[2024-03-04T19:05:40.921+0530] {processor.py:840} INFO - DAG(s) 'example_xcom' retrieved from /home/arun/.local/lib/python3.10/site-packages/airflow/example_dags/example_xcom.py
[2024-03-04T19:05:40.943+0530] {logging_mixin.py:188} INFO - [2024-03-04T19:05:40.943+0530] {dag.py:3036} INFO - Sync 1 DAGs
[2024-03-04T19:05:40.977+0530] {logging_mixin.py:188} INFO - [2024-03-04T19:05:40.976+0530] {dag.py:3823} INFO - Setting next_dagrun for example_xcom to 2021-01-01 00:00:00+00:00, run_after=2021-01-01 00:00:00+00:00
[2024-03-04T19:05:41.021+0530] {processor.py:183} INFO - Processing /home/arun/.local/lib/python3.10/site-packages/airflow/example_dags/example_xcom.py took 0.154 seconds
[2024-03-04T19:06:42.631+0530] {processor.py:161} INFO - Started process (PID=7079) to work on /home/arun/.local/lib/python3.10/site-packages/airflow/example_dags/example_xcom.py
[2024-03-04T19:06:42.673+0530] {processor.py:830} INFO - Processing file /home/arun/.local/lib/python3.10/site-packages/airflow/example_dags/example_xcom.py for tasks to queue
[2024-03-04T19:06:42.674+0530] {logging_mixin.py:188} INFO - [2024-03-04T19:06:42.673+0530] {dagbag.py:538} INFO - Filling up the DagBag from /home/arun/.local/lib/python3.10/site-packages/airflow/example_dags/example_xcom.py
[2024-03-04T19:06:42.692+0530] {processor.py:840} INFO - DAG(s) 'example_xcom' retrieved from /home/arun/.local/lib/python3.10/site-packages/airflow/example_dags/example_xcom.py
[2024-03-04T19:06:42.715+0530] {logging_mixin.py:188} INFO - [2024-03-04T19:06:42.715+0530] {dag.py:3036} INFO - Sync 1 DAGs
[2024-03-04T19:06:42.746+0530] {logging_mixin.py:188} INFO - [2024-03-04T19:06:42.746+0530] {dag.py:3823} INFO - Setting next_dagrun for example_xcom to 2021-01-01 00:00:00+00:00, run_after=2021-01-01 00:00:00+00:00
[2024-03-04T19:06:42.849+0530] {processor.py:183} INFO - Processing /home/arun/.local/lib/python3.10/site-packages/airflow/example_dags/example_xcom.py took 0.222 seconds
[2024-03-04T19:08:10.816+0530] {processor.py:161} INFO - Started process (PID=7259) to work on /home/arun/.local/lib/python3.10/site-packages/airflow/example_dags/example_xcom.py
[2024-03-04T19:08:10.854+0530] {processor.py:830} INFO - Processing file /home/arun/.local/lib/python3.10/site-packages/airflow/example_dags/example_xcom.py for tasks to queue
[2024-03-04T19:08:10.855+0530] {logging_mixin.py:188} INFO - [2024-03-04T19:08:10.854+0530] {dagbag.py:538} INFO - Filling up the DagBag from /home/arun/.local/lib/python3.10/site-packages/airflow/example_dags/example_xcom.py
[2024-03-04T19:08:10.862+0530] {processor.py:840} INFO - DAG(s) 'example_xcom' retrieved from /home/arun/.local/lib/python3.10/site-packages/airflow/example_dags/example_xcom.py
[2024-03-04T19:08:10.876+0530] {logging_mixin.py:188} INFO - [2024-03-04T19:08:10.876+0530] {dag.py:3036} INFO - Sync 1 DAGs
[2024-03-04T19:08:10.895+0530] {logging_mixin.py:188} INFO - [2024-03-04T19:08:10.895+0530] {dag.py:3823} INFO - Setting next_dagrun for example_xcom to 2021-01-01 00:00:00+00:00, run_after=2021-01-01 00:00:00+00:00
[2024-03-04T19:08:10.927+0530] {processor.py:183} INFO - Processing /home/arun/.local/lib/python3.10/site-packages/airflow/example_dags/example_xcom.py took 0.114 seconds
[2024-03-04T19:09:25.682+0530] {processor.py:161} INFO - Started process (PID=7400) to work on /home/arun/.local/lib/python3.10/site-packages/airflow/example_dags/example_xcom.py
[2024-03-04T19:09:25.720+0530] {processor.py:830} INFO - Processing file /home/arun/.local/lib/python3.10/site-packages/airflow/example_dags/example_xcom.py for tasks to queue
[2024-03-04T19:09:25.721+0530] {logging_mixin.py:188} INFO - [2024-03-04T19:09:25.721+0530] {dagbag.py:538} INFO - Filling up the DagBag from /home/arun/.local/lib/python3.10/site-packages/airflow/example_dags/example_xcom.py
[2024-03-04T19:09:25.731+0530] {processor.py:840} INFO - DAG(s) 'example_xcom' retrieved from /home/arun/.local/lib/python3.10/site-packages/airflow/example_dags/example_xcom.py
[2024-03-04T19:09:25.749+0530] {logging_mixin.py:188} INFO - [2024-03-04T19:09:25.749+0530] {dag.py:3036} INFO - Sync 1 DAGs
[2024-03-04T19:09:25.772+0530] {logging_mixin.py:188} INFO - [2024-03-04T19:09:25.771+0530] {dag.py:3823} INFO - Setting next_dagrun for example_xcom to 2021-01-01 00:00:00+00:00, run_after=2021-01-01 00:00:00+00:00
[2024-03-04T19:09:25.840+0530] {processor.py:183} INFO - Processing /home/arun/.local/lib/python3.10/site-packages/airflow/example_dags/example_xcom.py took 0.163 seconds
[2024-03-04T19:10:51.224+0530] {processor.py:161} INFO - Started process (PID=7569) to work on /home/arun/.local/lib/python3.10/site-packages/airflow/example_dags/example_xcom.py
[2024-03-04T19:10:51.259+0530] {processor.py:830} INFO - Processing file /home/arun/.local/lib/python3.10/site-packages/airflow/example_dags/example_xcom.py for tasks to queue
[2024-03-04T19:10:51.260+0530] {logging_mixin.py:188} INFO - [2024-03-04T19:10:51.260+0530] {dagbag.py:538} INFO - Filling up the DagBag from /home/arun/.local/lib/python3.10/site-packages/airflow/example_dags/example_xcom.py
[2024-03-04T19:10:51.270+0530] {processor.py:840} INFO - DAG(s) 'example_xcom' retrieved from /home/arun/.local/lib/python3.10/site-packages/airflow/example_dags/example_xcom.py
[2024-03-04T19:10:51.290+0530] {logging_mixin.py:188} INFO - [2024-03-04T19:10:51.290+0530] {dag.py:3036} INFO - Sync 1 DAGs
[2024-03-04T19:10:51.366+0530] {logging_mixin.py:188} INFO - [2024-03-04T19:10:51.366+0530] {dag.py:3823} INFO - Setting next_dagrun for example_xcom to 2021-01-01 00:00:00+00:00, run_after=2021-01-01 00:00:00+00:00
[2024-03-04T19:10:51.447+0530] {processor.py:183} INFO - Processing /home/arun/.local/lib/python3.10/site-packages/airflow/example_dags/example_xcom.py took 0.226 seconds
[2024-03-04T19:12:20.168+0530] {processor.py:161} INFO - Started process (PID=7735) to work on /home/arun/.local/lib/python3.10/site-packages/airflow/example_dags/example_xcom.py
[2024-03-04T19:12:20.198+0530] {processor.py:830} INFO - Processing file /home/arun/.local/lib/python3.10/site-packages/airflow/example_dags/example_xcom.py for tasks to queue
[2024-03-04T19:12:20.199+0530] {logging_mixin.py:188} INFO - [2024-03-04T19:12:20.199+0530] {dagbag.py:538} INFO - Filling up the DagBag from /home/arun/.local/lib/python3.10/site-packages/airflow/example_dags/example_xcom.py
[2024-03-04T19:12:20.211+0530] {processor.py:840} INFO - DAG(s) 'example_xcom' retrieved from /home/arun/.local/lib/python3.10/site-packages/airflow/example_dags/example_xcom.py
[2024-03-04T19:12:20.234+0530] {logging_mixin.py:188} INFO - [2024-03-04T19:12:20.234+0530] {dag.py:3036} INFO - Sync 1 DAGs
[2024-03-04T19:12:20.263+0530] {logging_mixin.py:188} INFO - [2024-03-04T19:12:20.263+0530] {dag.py:3823} INFO - Setting next_dagrun for example_xcom to 2021-01-01 00:00:00+00:00, run_after=2021-01-01 00:00:00+00:00
[2024-03-04T19:12:20.299+0530] {processor.py:183} INFO - Processing /home/arun/.local/lib/python3.10/site-packages/airflow/example_dags/example_xcom.py took 0.134 seconds
[2024-03-04T19:13:44.827+0530] {processor.py:161} INFO - Started process (PID=7880) to work on /home/arun/.local/lib/python3.10/site-packages/airflow/example_dags/example_xcom.py
[2024-03-04T19:13:44.922+0530] {processor.py:830} INFO - Processing file /home/arun/.local/lib/python3.10/site-packages/airflow/example_dags/example_xcom.py for tasks to queue
[2024-03-04T19:13:44.926+0530] {logging_mixin.py:188} INFO - [2024-03-04T19:13:44.923+0530] {dagbag.py:538} INFO - Filling up the DagBag from /home/arun/.local/lib/python3.10/site-packages/airflow/example_dags/example_xcom.py
[2024-03-04T19:13:44.941+0530] {processor.py:840} INFO - DAG(s) 'example_xcom' retrieved from /home/arun/.local/lib/python3.10/site-packages/airflow/example_dags/example_xcom.py
[2024-03-04T19:13:44.974+0530] {logging_mixin.py:188} INFO - [2024-03-04T19:13:44.973+0530] {dag.py:3036} INFO - Sync 1 DAGs
[2024-03-04T19:13:45.028+0530] {logging_mixin.py:188} INFO - [2024-03-04T19:13:45.028+0530] {dag.py:3823} INFO - Setting next_dagrun for example_xcom to 2021-01-01 00:00:00+00:00, run_after=2021-01-01 00:00:00+00:00
[2024-03-04T19:13:45.065+0530] {processor.py:183} INFO - Processing /home/arun/.local/lib/python3.10/site-packages/airflow/example_dags/example_xcom.py took 0.242 seconds
[2024-03-04T19:15:14.341+0530] {processor.py:161} INFO - Started process (PID=8063) to work on /home/arun/.local/lib/python3.10/site-packages/airflow/example_dags/example_xcom.py
[2024-03-04T19:15:14.343+0530] {processor.py:830} INFO - Processing file /home/arun/.local/lib/python3.10/site-packages/airflow/example_dags/example_xcom.py for tasks to queue
[2024-03-04T19:15:14.345+0530] {logging_mixin.py:188} INFO - [2024-03-04T19:15:14.344+0530] {dagbag.py:538} INFO - Filling up the DagBag from /home/arun/.local/lib/python3.10/site-packages/airflow/example_dags/example_xcom.py
[2024-03-04T19:15:14.359+0530] {processor.py:840} INFO - DAG(s) 'example_xcom' retrieved from /home/arun/.local/lib/python3.10/site-packages/airflow/example_dags/example_xcom.py
[2024-03-04T19:15:14.422+0530] {logging_mixin.py:188} INFO - [2024-03-04T19:15:14.418+0530] {dag.py:3036} INFO - Sync 1 DAGs
[2024-03-04T19:15:14.488+0530] {logging_mixin.py:188} INFO - [2024-03-04T19:15:14.488+0530] {dag.py:3823} INFO - Setting next_dagrun for example_xcom to 2021-01-01 00:00:00+00:00, run_after=2021-01-01 00:00:00+00:00
[2024-03-04T19:15:14.579+0530] {processor.py:183} INFO - Processing /home/arun/.local/lib/python3.10/site-packages/airflow/example_dags/example_xcom.py took 0.253 seconds
[2024-03-04T19:16:34.774+0530] {processor.py:161} INFO - Started process (PID=8272) to work on /home/arun/.local/lib/python3.10/site-packages/airflow/example_dags/example_xcom.py
[2024-03-04T19:16:34.779+0530] {processor.py:830} INFO - Processing file /home/arun/.local/lib/python3.10/site-packages/airflow/example_dags/example_xcom.py for tasks to queue
[2024-03-04T19:16:34.781+0530] {logging_mixin.py:188} INFO - [2024-03-04T19:16:34.780+0530] {dagbag.py:538} INFO - Filling up the DagBag from /home/arun/.local/lib/python3.10/site-packages/airflow/example_dags/example_xcom.py
[2024-03-04T19:16:34.794+0530] {processor.py:840} INFO - DAG(s) 'example_xcom' retrieved from /home/arun/.local/lib/python3.10/site-packages/airflow/example_dags/example_xcom.py
[2024-03-04T19:16:34.819+0530] {logging_mixin.py:188} INFO - [2024-03-04T19:16:34.818+0530] {dag.py:3036} INFO - Sync 1 DAGs
[2024-03-04T19:16:34.843+0530] {logging_mixin.py:188} INFO - [2024-03-04T19:16:34.843+0530] {dag.py:3823} INFO - Setting next_dagrun for example_xcom to 2021-01-01 00:00:00+00:00, run_after=2021-01-01 00:00:00+00:00
[2024-03-04T19:16:34.878+0530] {processor.py:183} INFO - Processing /home/arun/.local/lib/python3.10/site-packages/airflow/example_dags/example_xcom.py took 0.109 seconds
[2024-03-04T19:18:02.090+0530] {processor.py:161} INFO - Started process (PID=8447) to work on /home/arun/.local/lib/python3.10/site-packages/airflow/example_dags/example_xcom.py
[2024-03-04T19:18:02.114+0530] {processor.py:830} INFO - Processing file /home/arun/.local/lib/python3.10/site-packages/airflow/example_dags/example_xcom.py for tasks to queue
[2024-03-04T19:18:02.118+0530] {logging_mixin.py:188} INFO - [2024-03-04T19:18:02.117+0530] {dagbag.py:538} INFO - Filling up the DagBag from /home/arun/.local/lib/python3.10/site-packages/airflow/example_dags/example_xcom.py
[2024-03-04T19:18:02.146+0530] {processor.py:840} INFO - DAG(s) 'example_xcom' retrieved from /home/arun/.local/lib/python3.10/site-packages/airflow/example_dags/example_xcom.py
[2024-03-04T19:18:02.310+0530] {logging_mixin.py:188} INFO - [2024-03-04T19:18:02.310+0530] {dag.py:3036} INFO - Sync 1 DAGs
[2024-03-04T19:18:02.396+0530] {logging_mixin.py:188} INFO - [2024-03-04T19:18:02.396+0530] {dag.py:3823} INFO - Setting next_dagrun for example_xcom to 2021-01-01 00:00:00+00:00, run_after=2021-01-01 00:00:00+00:00
[2024-03-04T19:18:02.531+0530] {processor.py:183} INFO - Processing /home/arun/.local/lib/python3.10/site-packages/airflow/example_dags/example_xcom.py took 0.449 seconds
[2024-03-04T19:19:28.804+0530] {processor.py:161} INFO - Started process (PID=8613) to work on /home/arun/.local/lib/python3.10/site-packages/airflow/example_dags/example_xcom.py
[2024-03-04T19:19:28.805+0530] {processor.py:830} INFO - Processing file /home/arun/.local/lib/python3.10/site-packages/airflow/example_dags/example_xcom.py for tasks to queue
[2024-03-04T19:19:28.806+0530] {logging_mixin.py:188} INFO - [2024-03-04T19:19:28.805+0530] {dagbag.py:538} INFO - Filling up the DagBag from /home/arun/.local/lib/python3.10/site-packages/airflow/example_dags/example_xcom.py
[2024-03-04T19:19:28.814+0530] {processor.py:840} INFO - DAG(s) 'example_xcom' retrieved from /home/arun/.local/lib/python3.10/site-packages/airflow/example_dags/example_xcom.py
[2024-03-04T19:19:28.836+0530] {logging_mixin.py:188} INFO - [2024-03-04T19:19:28.836+0530] {dag.py:3036} INFO - Sync 1 DAGs
[2024-03-04T19:19:28.862+0530] {logging_mixin.py:188} INFO - [2024-03-04T19:19:28.862+0530] {dag.py:3823} INFO - Setting next_dagrun for example_xcom to 2021-01-01 00:00:00+00:00, run_after=2021-01-01 00:00:00+00:00
[2024-03-04T19:19:28.939+0530] {processor.py:183} INFO - Processing /home/arun/.local/lib/python3.10/site-packages/airflow/example_dags/example_xcom.py took 0.139 seconds
[2024-03-04T19:20:51.613+0530] {processor.py:161} INFO - Started process (PID=8774) to work on /home/arun/.local/lib/python3.10/site-packages/airflow/example_dags/example_xcom.py
[2024-03-04T19:20:51.991+0530] {processor.py:830} INFO - Processing file /home/arun/.local/lib/python3.10/site-packages/airflow/example_dags/example_xcom.py for tasks to queue
[2024-03-04T19:20:51.994+0530] {logging_mixin.py:188} INFO - [2024-03-04T19:20:51.993+0530] {dagbag.py:538} INFO - Filling up the DagBag from /home/arun/.local/lib/python3.10/site-packages/airflow/example_dags/example_xcom.py
[2024-03-04T19:20:52.018+0530] {processor.py:840} INFO - DAG(s) 'example_xcom' retrieved from /home/arun/.local/lib/python3.10/site-packages/airflow/example_dags/example_xcom.py
[2024-03-04T19:20:52.165+0530] {logging_mixin.py:188} INFO - [2024-03-04T19:20:52.165+0530] {dag.py:3036} INFO - Sync 1 DAGs
[2024-03-04T19:20:52.261+0530] {logging_mixin.py:188} INFO - [2024-03-04T19:20:52.260+0530] {dag.py:3823} INFO - Setting next_dagrun for example_xcom to 2021-01-01 00:00:00+00:00, run_after=2021-01-01 00:00:00+00:00
[2024-03-04T19:20:52.349+0530] {processor.py:183} INFO - Processing /home/arun/.local/lib/python3.10/site-packages/airflow/example_dags/example_xcom.py took 0.744 seconds
[2024-03-04T19:22:24.331+0530] {processor.py:161} INFO - Started process (PID=8983) to work on /home/arun/.local/lib/python3.10/site-packages/airflow/example_dags/example_xcom.py
[2024-03-04T19:22:24.370+0530] {processor.py:830} INFO - Processing file /home/arun/.local/lib/python3.10/site-packages/airflow/example_dags/example_xcom.py for tasks to queue
[2024-03-04T19:22:24.371+0530] {logging_mixin.py:188} INFO - [2024-03-04T19:22:24.371+0530] {dagbag.py:538} INFO - Filling up the DagBag from /home/arun/.local/lib/python3.10/site-packages/airflow/example_dags/example_xcom.py
[2024-03-04T19:22:24.379+0530] {processor.py:840} INFO - DAG(s) 'example_xcom' retrieved from /home/arun/.local/lib/python3.10/site-packages/airflow/example_dags/example_xcom.py
[2024-03-04T19:22:24.405+0530] {logging_mixin.py:188} INFO - [2024-03-04T19:22:24.403+0530] {dag.py:3036} INFO - Sync 1 DAGs
[2024-03-04T19:22:24.448+0530] {logging_mixin.py:188} INFO - [2024-03-04T19:22:24.447+0530] {dag.py:3823} INFO - Setting next_dagrun for example_xcom to 2021-01-01 00:00:00+00:00, run_after=2021-01-01 00:00:00+00:00
[2024-03-04T19:22:24.480+0530] {processor.py:183} INFO - Processing /home/arun/.local/lib/python3.10/site-packages/airflow/example_dags/example_xcom.py took 0.151 seconds
[2024-03-04T19:23:47.680+0530] {processor.py:161} INFO - Started process (PID=9125) to work on /home/arun/.local/lib/python3.10/site-packages/airflow/example_dags/example_xcom.py
[2024-03-04T19:23:47.719+0530] {processor.py:830} INFO - Processing file /home/arun/.local/lib/python3.10/site-packages/airflow/example_dags/example_xcom.py for tasks to queue
[2024-03-04T19:23:47.721+0530] {logging_mixin.py:188} INFO - [2024-03-04T19:23:47.720+0530] {dagbag.py:538} INFO - Filling up the DagBag from /home/arun/.local/lib/python3.10/site-packages/airflow/example_dags/example_xcom.py
[2024-03-04T19:23:47.730+0530] {processor.py:840} INFO - DAG(s) 'example_xcom' retrieved from /home/arun/.local/lib/python3.10/site-packages/airflow/example_dags/example_xcom.py
[2024-03-04T19:23:47.754+0530] {logging_mixin.py:188} INFO - [2024-03-04T19:23:47.754+0530] {dag.py:3036} INFO - Sync 1 DAGs
[2024-03-04T19:23:47.787+0530] {logging_mixin.py:188} INFO - [2024-03-04T19:23:47.787+0530] {dag.py:3823} INFO - Setting next_dagrun for example_xcom to 2021-01-01 00:00:00+00:00, run_after=2021-01-01 00:00:00+00:00
[2024-03-04T19:23:47.826+0530] {processor.py:183} INFO - Processing /home/arun/.local/lib/python3.10/site-packages/airflow/example_dags/example_xcom.py took 0.152 seconds
[2024-03-04T19:25:04.755+0530] {processor.py:161} INFO - Started process (PID=9292) to work on /home/arun/.local/lib/python3.10/site-packages/airflow/example_dags/example_xcom.py
[2024-03-04T19:25:04.794+0530] {processor.py:830} INFO - Processing file /home/arun/.local/lib/python3.10/site-packages/airflow/example_dags/example_xcom.py for tasks to queue
[2024-03-04T19:25:04.796+0530] {logging_mixin.py:188} INFO - [2024-03-04T19:25:04.795+0530] {dagbag.py:538} INFO - Filling up the DagBag from /home/arun/.local/lib/python3.10/site-packages/airflow/example_dags/example_xcom.py
[2024-03-04T19:25:04.811+0530] {processor.py:840} INFO - DAG(s) 'example_xcom' retrieved from /home/arun/.local/lib/python3.10/site-packages/airflow/example_dags/example_xcom.py
[2024-03-04T19:25:04.847+0530] {logging_mixin.py:188} INFO - [2024-03-04T19:25:04.847+0530] {dag.py:3036} INFO - Sync 1 DAGs
[2024-03-04T19:25:04.883+0530] {logging_mixin.py:188} INFO - [2024-03-04T19:25:04.882+0530] {dag.py:3823} INFO - Setting next_dagrun for example_xcom to 2021-01-01 00:00:00+00:00, run_after=2021-01-01 00:00:00+00:00
[2024-03-04T19:25:04.915+0530] {processor.py:183} INFO - Processing /home/arun/.local/lib/python3.10/site-packages/airflow/example_dags/example_xcom.py took 0.163 seconds
[2024-03-04T19:26:22.903+0530] {processor.py:161} INFO - Started process (PID=9464) to work on /home/arun/.local/lib/python3.10/site-packages/airflow/example_dags/example_xcom.py
[2024-03-04T19:26:22.943+0530] {processor.py:830} INFO - Processing file /home/arun/.local/lib/python3.10/site-packages/airflow/example_dags/example_xcom.py for tasks to queue
[2024-03-04T19:26:22.944+0530] {logging_mixin.py:188} INFO - [2024-03-04T19:26:22.944+0530] {dagbag.py:538} INFO - Filling up the DagBag from /home/arun/.local/lib/python3.10/site-packages/airflow/example_dags/example_xcom.py
[2024-03-04T19:26:22.954+0530] {processor.py:840} INFO - DAG(s) 'example_xcom' retrieved from /home/arun/.local/lib/python3.10/site-packages/airflow/example_dags/example_xcom.py
[2024-03-04T19:26:22.979+0530] {logging_mixin.py:188} INFO - [2024-03-04T19:26:22.978+0530] {dag.py:3036} INFO - Sync 1 DAGs
[2024-03-04T19:26:23.014+0530] {logging_mixin.py:188} INFO - [2024-03-04T19:26:23.013+0530] {dag.py:3823} INFO - Setting next_dagrun for example_xcom to 2021-01-01 00:00:00+00:00, run_after=2021-01-01 00:00:00+00:00
[2024-03-04T19:26:23.057+0530] {processor.py:183} INFO - Processing /home/arun/.local/lib/python3.10/site-packages/airflow/example_dags/example_xcom.py took 0.157 seconds
[2024-03-04T19:27:42.327+0530] {processor.py:161} INFO - Started process (PID=9603) to work on /home/arun/.local/lib/python3.10/site-packages/airflow/example_dags/example_xcom.py
[2024-03-04T19:27:42.369+0530] {processor.py:830} INFO - Processing file /home/arun/.local/lib/python3.10/site-packages/airflow/example_dags/example_xcom.py for tasks to queue
[2024-03-04T19:27:42.370+0530] {logging_mixin.py:188} INFO - [2024-03-04T19:27:42.370+0530] {dagbag.py:538} INFO - Filling up the DagBag from /home/arun/.local/lib/python3.10/site-packages/airflow/example_dags/example_xcom.py
[2024-03-04T19:27:42.383+0530] {processor.py:840} INFO - DAG(s) 'example_xcom' retrieved from /home/arun/.local/lib/python3.10/site-packages/airflow/example_dags/example_xcom.py
[2024-03-04T19:27:42.408+0530] {logging_mixin.py:188} INFO - [2024-03-04T19:27:42.407+0530] {dag.py:3036} INFO - Sync 1 DAGs
[2024-03-04T19:27:42.437+0530] {logging_mixin.py:188} INFO - [2024-03-04T19:27:42.436+0530] {dag.py:3823} INFO - Setting next_dagrun for example_xcom to 2021-01-01 00:00:00+00:00, run_after=2021-01-01 00:00:00+00:00
[2024-03-04T19:27:42.480+0530] {processor.py:183} INFO - Processing /home/arun/.local/lib/python3.10/site-packages/airflow/example_dags/example_xcom.py took 0.158 seconds
[2024-03-04T22:41:46.379+0530] {processor.py:161} INFO - Started process (PID=17425) to work on /home/arun/.local/lib/python3.10/site-packages/airflow/example_dags/example_xcom.py
[2024-03-04T22:41:46.437+0530] {processor.py:830} INFO - Processing file /home/arun/.local/lib/python3.10/site-packages/airflow/example_dags/example_xcom.py for tasks to queue
[2024-03-04T22:41:46.438+0530] {logging_mixin.py:188} INFO - [2024-03-04T22:41:46.438+0530] {dagbag.py:538} INFO - Filling up the DagBag from /home/arun/.local/lib/python3.10/site-packages/airflow/example_dags/example_xcom.py
[2024-03-04T22:41:46.485+0530] {processor.py:840} INFO - DAG(s) 'example_xcom' retrieved from /home/arun/.local/lib/python3.10/site-packages/airflow/example_dags/example_xcom.py
[2024-03-04T22:41:49.035+0530] {logging_mixin.py:188} INFO - [2024-03-04T22:41:49.035+0530] {dag.py:3036} INFO - Sync 1 DAGs
[2024-03-04T22:41:49.078+0530] {logging_mixin.py:188} INFO - [2024-03-04T22:41:49.077+0530] {dag.py:3823} INFO - Setting next_dagrun for example_xcom to 2021-01-01 00:00:00+00:00, run_after=2021-01-01 00:00:00+00:00
[2024-03-04T22:41:49.208+0530] {processor.py:183} INFO - Processing /home/arun/.local/lib/python3.10/site-packages/airflow/example_dags/example_xcom.py took 2.842 seconds
[2024-03-04T22:55:27.207+0530] {processor.py:161} INFO - Started process (PID=5634) to work on /home/arun/.local/lib/python3.10/site-packages/airflow/example_dags/example_xcom.py
[2024-03-04T22:55:27.211+0530] {processor.py:830} INFO - Processing file /home/arun/.local/lib/python3.10/site-packages/airflow/example_dags/example_xcom.py for tasks to queue
[2024-03-04T22:55:27.213+0530] {logging_mixin.py:188} INFO - [2024-03-04T22:55:27.212+0530] {dagbag.py:538} INFO - Filling up the DagBag from /home/arun/.local/lib/python3.10/site-packages/airflow/example_dags/example_xcom.py
[2024-03-04T22:55:27.253+0530] {processor.py:840} INFO - DAG(s) 'example_xcom' retrieved from /home/arun/.local/lib/python3.10/site-packages/airflow/example_dags/example_xcom.py
[2024-03-04T22:55:27.571+0530] {logging_mixin.py:188} INFO - [2024-03-04T22:55:27.570+0530] {dag.py:3036} INFO - Sync 1 DAGs
[2024-03-04T22:55:27.617+0530] {logging_mixin.py:188} INFO - [2024-03-04T22:55:27.616+0530] {dag.py:3823} INFO - Setting next_dagrun for example_xcom to 2021-01-01 00:00:00+00:00, run_after=2021-01-01 00:00:00+00:00
[2024-03-04T22:55:27.732+0530] {processor.py:183} INFO - Processing /home/arun/.local/lib/python3.10/site-packages/airflow/example_dags/example_xcom.py took 0.558 seconds
[2024-03-04T22:57:07.938+0530] {processor.py:161} INFO - Started process (PID=5723) to work on /home/arun/.local/lib/python3.10/site-packages/airflow/example_dags/example_xcom.py
[2024-03-04T22:57:08.023+0530] {processor.py:830} INFO - Processing file /home/arun/.local/lib/python3.10/site-packages/airflow/example_dags/example_xcom.py for tasks to queue
[2024-03-04T22:57:08.026+0530] {logging_mixin.py:188} INFO - [2024-03-04T22:57:08.025+0530] {dagbag.py:538} INFO - Filling up the DagBag from /home/arun/.local/lib/python3.10/site-packages/airflow/example_dags/example_xcom.py
[2024-03-04T22:57:08.129+0530] {processor.py:840} INFO - DAG(s) 'example_xcom' retrieved from /home/arun/.local/lib/python3.10/site-packages/airflow/example_dags/example_xcom.py
[2024-03-04T22:57:08.188+0530] {logging_mixin.py:188} INFO - [2024-03-04T22:57:08.187+0530] {dag.py:3036} INFO - Sync 1 DAGs
[2024-03-04T22:57:08.236+0530] {logging_mixin.py:188} INFO - [2024-03-04T22:57:08.236+0530] {dag.py:3823} INFO - Setting next_dagrun for example_xcom to 2021-01-01 00:00:00+00:00, run_after=2021-01-01 00:00:00+00:00
[2024-03-04T22:57:08.376+0530] {processor.py:183} INFO - Processing /home/arun/.local/lib/python3.10/site-packages/airflow/example_dags/example_xcom.py took 0.447 seconds
[2024-03-04T22:59:12.825+0530] {processor.py:161} INFO - Started process (PID=5854) to work on /home/arun/.local/lib/python3.10/site-packages/airflow/example_dags/example_xcom.py
[2024-03-04T22:59:12.869+0530] {processor.py:830} INFO - Processing file /home/arun/.local/lib/python3.10/site-packages/airflow/example_dags/example_xcom.py for tasks to queue
[2024-03-04T22:59:12.870+0530] {logging_mixin.py:188} INFO - [2024-03-04T22:59:12.869+0530] {dagbag.py:538} INFO - Filling up the DagBag from /home/arun/.local/lib/python3.10/site-packages/airflow/example_dags/example_xcom.py
[2024-03-04T22:59:12.897+0530] {processor.py:840} INFO - DAG(s) 'example_xcom' retrieved from /home/arun/.local/lib/python3.10/site-packages/airflow/example_dags/example_xcom.py
[2024-03-04T22:59:12.943+0530] {logging_mixin.py:188} INFO - [2024-03-04T22:59:12.942+0530] {dag.py:3036} INFO - Sync 1 DAGs
[2024-03-04T22:59:12.990+0530] {logging_mixin.py:188} INFO - [2024-03-04T22:59:12.989+0530] {dag.py:3823} INFO - Setting next_dagrun for example_xcom to 2021-01-01 00:00:00+00:00, run_after=2021-01-01 00:00:00+00:00
[2024-03-04T22:59:13.099+0530] {processor.py:183} INFO - Processing /home/arun/.local/lib/python3.10/site-packages/airflow/example_dags/example_xcom.py took 0.280 seconds
[2024-03-04T23:00:50.183+0530] {processor.py:161} INFO - Started process (PID=6008) to work on /home/arun/.local/lib/python3.10/site-packages/airflow/example_dags/example_xcom.py
[2024-03-04T23:00:50.224+0530] {processor.py:830} INFO - Processing file /home/arun/.local/lib/python3.10/site-packages/airflow/example_dags/example_xcom.py for tasks to queue
[2024-03-04T23:00:50.225+0530] {logging_mixin.py:188} INFO - [2024-03-04T23:00:50.224+0530] {dagbag.py:538} INFO - Filling up the DagBag from /home/arun/.local/lib/python3.10/site-packages/airflow/example_dags/example_xcom.py
[2024-03-04T23:00:50.233+0530] {processor.py:840} INFO - DAG(s) 'example_xcom' retrieved from /home/arun/.local/lib/python3.10/site-packages/airflow/example_dags/example_xcom.py
[2024-03-04T23:00:50.247+0530] {logging_mixin.py:188} INFO - [2024-03-04T23:00:50.246+0530] {dag.py:3036} INFO - Sync 1 DAGs
[2024-03-04T23:00:50.261+0530] {logging_mixin.py:188} INFO - [2024-03-04T23:00:50.261+0530] {dag.py:3823} INFO - Setting next_dagrun for example_xcom to 2021-01-01 00:00:00+00:00, run_after=2021-01-01 00:00:00+00:00
[2024-03-04T23:00:50.299+0530] {processor.py:183} INFO - Processing /home/arun/.local/lib/python3.10/site-packages/airflow/example_dags/example_xcom.py took 0.120 seconds
[2024-03-04T23:02:13.363+0530] {processor.py:161} INFO - Started process (PID=6152) to work on /home/arun/.local/lib/python3.10/site-packages/airflow/example_dags/example_xcom.py
[2024-03-04T23:02:13.402+0530] {processor.py:830} INFO - Processing file /home/arun/.local/lib/python3.10/site-packages/airflow/example_dags/example_xcom.py for tasks to queue
[2024-03-04T23:02:13.404+0530] {logging_mixin.py:188} INFO - [2024-03-04T23:02:13.403+0530] {dagbag.py:538} INFO - Filling up the DagBag from /home/arun/.local/lib/python3.10/site-packages/airflow/example_dags/example_xcom.py
[2024-03-04T23:02:13.420+0530] {processor.py:840} INFO - DAG(s) 'example_xcom' retrieved from /home/arun/.local/lib/python3.10/site-packages/airflow/example_dags/example_xcom.py
[2024-03-04T23:02:13.453+0530] {logging_mixin.py:188} INFO - [2024-03-04T23:02:13.453+0530] {dag.py:3036} INFO - Sync 1 DAGs
[2024-03-04T23:02:13.486+0530] {logging_mixin.py:188} INFO - [2024-03-04T23:02:13.486+0530] {dag.py:3823} INFO - Setting next_dagrun for example_xcom to 2021-01-01 00:00:00+00:00, run_after=2021-01-01 00:00:00+00:00
[2024-03-04T23:02:13.552+0530] {processor.py:183} INFO - Processing /home/arun/.local/lib/python3.10/site-packages/airflow/example_dags/example_xcom.py took 0.192 seconds
[2024-03-04T23:04:00.313+0530] {processor.py:161} INFO - Started process (PID=6698) to work on /home/arun/.local/lib/python3.10/site-packages/airflow/example_dags/example_xcom.py
[2024-03-04T23:04:00.351+0530] {processor.py:830} INFO - Processing file /home/arun/.local/lib/python3.10/site-packages/airflow/example_dags/example_xcom.py for tasks to queue
[2024-03-04T23:04:00.356+0530] {logging_mixin.py:188} INFO - [2024-03-04T23:04:00.352+0530] {dagbag.py:538} INFO - Filling up the DagBag from /home/arun/.local/lib/python3.10/site-packages/airflow/example_dags/example_xcom.py
[2024-03-04T23:04:00.407+0530] {processor.py:840} INFO - DAG(s) 'example_xcom' retrieved from /home/arun/.local/lib/python3.10/site-packages/airflow/example_dags/example_xcom.py
[2024-03-04T23:04:00.475+0530] {logging_mixin.py:188} INFO - [2024-03-04T23:04:00.474+0530] {dag.py:3036} INFO - Sync 1 DAGs
[2024-03-04T23:04:00.544+0530] {logging_mixin.py:188} INFO - [2024-03-04T23:04:00.543+0530] {dag.py:3823} INFO - Setting next_dagrun for example_xcom to 2021-01-01 00:00:00+00:00, run_after=2021-01-01 00:00:00+00:00
[2024-03-04T23:04:00.839+0530] {processor.py:183} INFO - Processing /home/arun/.local/lib/python3.10/site-packages/airflow/example_dags/example_xcom.py took 0.533 seconds
[2024-03-04T23:05:51.924+0530] {processor.py:161} INFO - Started process (PID=6894) to work on /home/arun/.local/lib/python3.10/site-packages/airflow/example_dags/example_xcom.py
[2024-03-04T23:05:51.934+0530] {processor.py:830} INFO - Processing file /home/arun/.local/lib/python3.10/site-packages/airflow/example_dags/example_xcom.py for tasks to queue
[2024-03-04T23:05:51.936+0530] {logging_mixin.py:188} INFO - [2024-03-04T23:05:51.935+0530] {dagbag.py:538} INFO - Filling up the DagBag from /home/arun/.local/lib/python3.10/site-packages/airflow/example_dags/example_xcom.py
[2024-03-04T23:05:51.957+0530] {processor.py:840} INFO - DAG(s) 'example_xcom' retrieved from /home/arun/.local/lib/python3.10/site-packages/airflow/example_dags/example_xcom.py
[2024-03-04T23:05:51.994+0530] {logging_mixin.py:188} INFO - [2024-03-04T23:05:51.992+0530] {dag.py:3036} INFO - Sync 1 DAGs
[2024-03-04T23:05:52.030+0530] {logging_mixin.py:188} INFO - [2024-03-04T23:05:52.029+0530] {dag.py:3823} INFO - Setting next_dagrun for example_xcom to 2021-01-01 00:00:00+00:00, run_after=2021-01-01 00:00:00+00:00
[2024-03-04T23:05:52.076+0530] {processor.py:183} INFO - Processing /home/arun/.local/lib/python3.10/site-packages/airflow/example_dags/example_xcom.py took 0.159 seconds
[2024-03-04T23:07:24.694+0530] {processor.py:161} INFO - Started process (PID=7090) to work on /home/arun/.local/lib/python3.10/site-packages/airflow/example_dags/example_xcom.py
[2024-03-04T23:07:24.727+0530] {processor.py:830} INFO - Processing file /home/arun/.local/lib/python3.10/site-packages/airflow/example_dags/example_xcom.py for tasks to queue
[2024-03-04T23:07:24.728+0530] {logging_mixin.py:188} INFO - [2024-03-04T23:07:24.727+0530] {dagbag.py:538} INFO - Filling up the DagBag from /home/arun/.local/lib/python3.10/site-packages/airflow/example_dags/example_xcom.py
[2024-03-04T23:07:24.741+0530] {processor.py:840} INFO - DAG(s) 'example_xcom' retrieved from /home/arun/.local/lib/python3.10/site-packages/airflow/example_dags/example_xcom.py
[2024-03-04T23:07:24.770+0530] {logging_mixin.py:188} INFO - [2024-03-04T23:07:24.770+0530] {dag.py:3036} INFO - Sync 1 DAGs
[2024-03-04T23:07:24.803+0530] {logging_mixin.py:188} INFO - [2024-03-04T23:07:24.803+0530] {dag.py:3823} INFO - Setting next_dagrun for example_xcom to 2021-01-01 00:00:00+00:00, run_after=2021-01-01 00:00:00+00:00
[2024-03-04T23:07:24.842+0530] {processor.py:183} INFO - Processing /home/arun/.local/lib/python3.10/site-packages/airflow/example_dags/example_xcom.py took 0.153 seconds
[2024-03-04T23:08:54.226+0530] {processor.py:161} INFO - Started process (PID=7262) to work on /home/arun/.local/lib/python3.10/site-packages/airflow/example_dags/example_xcom.py
[2024-03-04T23:08:54.267+0530] {processor.py:830} INFO - Processing file /home/arun/.local/lib/python3.10/site-packages/airflow/example_dags/example_xcom.py for tasks to queue
[2024-03-04T23:08:54.268+0530] {logging_mixin.py:188} INFO - [2024-03-04T23:08:54.268+0530] {dagbag.py:538} INFO - Filling up the DagBag from /home/arun/.local/lib/python3.10/site-packages/airflow/example_dags/example_xcom.py
[2024-03-04T23:08:54.280+0530] {processor.py:840} INFO - DAG(s) 'example_xcom' retrieved from /home/arun/.local/lib/python3.10/site-packages/airflow/example_dags/example_xcom.py
[2024-03-04T23:08:54.302+0530] {logging_mixin.py:188} INFO - [2024-03-04T23:08:54.301+0530] {dag.py:3036} INFO - Sync 1 DAGs
[2024-03-04T23:08:54.325+0530] {logging_mixin.py:188} INFO - [2024-03-04T23:08:54.324+0530] {dag.py:3823} INFO - Setting next_dagrun for example_xcom to 2021-01-01 00:00:00+00:00, run_after=2021-01-01 00:00:00+00:00
[2024-03-04T23:08:54.373+0530] {processor.py:183} INFO - Processing /home/arun/.local/lib/python3.10/site-packages/airflow/example_dags/example_xcom.py took 0.152 seconds
[2024-03-04T23:10:24.675+0530] {processor.py:161} INFO - Started process (PID=7441) to work on /home/arun/.local/lib/python3.10/site-packages/airflow/example_dags/example_xcom.py
[2024-03-04T23:10:24.713+0530] {processor.py:830} INFO - Processing file /home/arun/.local/lib/python3.10/site-packages/airflow/example_dags/example_xcom.py for tasks to queue
[2024-03-04T23:10:24.715+0530] {logging_mixin.py:188} INFO - [2024-03-04T23:10:24.714+0530] {dagbag.py:538} INFO - Filling up the DagBag from /home/arun/.local/lib/python3.10/site-packages/airflow/example_dags/example_xcom.py
[2024-03-04T23:10:24.732+0530] {processor.py:840} INFO - DAG(s) 'example_xcom' retrieved from /home/arun/.local/lib/python3.10/site-packages/airflow/example_dags/example_xcom.py
[2024-03-04T23:10:24.764+0530] {logging_mixin.py:188} INFO - [2024-03-04T23:10:24.763+0530] {dag.py:3036} INFO - Sync 1 DAGs
[2024-03-04T23:10:24.793+0530] {logging_mixin.py:188} INFO - [2024-03-04T23:10:24.793+0530] {dag.py:3823} INFO - Setting next_dagrun for example_xcom to 2021-01-01 00:00:00+00:00, run_after=2021-01-01 00:00:00+00:00
[2024-03-04T23:10:24.839+0530] {processor.py:183} INFO - Processing /home/arun/.local/lib/python3.10/site-packages/airflow/example_dags/example_xcom.py took 0.171 seconds
[2024-03-04T23:11:54.666+0530] {processor.py:161} INFO - Started process (PID=7656) to work on /home/arun/.local/lib/python3.10/site-packages/airflow/example_dags/example_xcom.py
[2024-03-04T23:11:54.739+0530] {processor.py:830} INFO - Processing file /home/arun/.local/lib/python3.10/site-packages/airflow/example_dags/example_xcom.py for tasks to queue
[2024-03-04T23:11:54.742+0530] {logging_mixin.py:188} INFO - [2024-03-04T23:11:54.741+0530] {dagbag.py:538} INFO - Filling up the DagBag from /home/arun/.local/lib/python3.10/site-packages/airflow/example_dags/example_xcom.py
[2024-03-04T23:11:54.760+0530] {processor.py:840} INFO - DAG(s) 'example_xcom' retrieved from /home/arun/.local/lib/python3.10/site-packages/airflow/example_dags/example_xcom.py
[2024-03-04T23:11:54.849+0530] {logging_mixin.py:188} INFO - [2024-03-04T23:11:54.848+0530] {dag.py:3036} INFO - Sync 1 DAGs
[2024-03-04T23:11:54.922+0530] {logging_mixin.py:188} INFO - [2024-03-04T23:11:54.922+0530] {dag.py:3823} INFO - Setting next_dagrun for example_xcom to 2021-01-01 00:00:00+00:00, run_after=2021-01-01 00:00:00+00:00
[2024-03-04T23:11:55.140+0530] {processor.py:183} INFO - Processing /home/arun/.local/lib/python3.10/site-packages/airflow/example_dags/example_xcom.py took 0.481 seconds
[2024-03-04T23:13:39.591+0530] {processor.py:161} INFO - Started process (PID=7899) to work on /home/arun/.local/lib/python3.10/site-packages/airflow/example_dags/example_xcom.py
[2024-03-04T23:13:39.628+0530] {processor.py:830} INFO - Processing file /home/arun/.local/lib/python3.10/site-packages/airflow/example_dags/example_xcom.py for tasks to queue
[2024-03-04T23:13:39.630+0530] {logging_mixin.py:188} INFO - [2024-03-04T23:13:39.629+0530] {dagbag.py:538} INFO - Filling up the DagBag from /home/arun/.local/lib/python3.10/site-packages/airflow/example_dags/example_xcom.py
[2024-03-04T23:13:39.639+0530] {processor.py:840} INFO - DAG(s) 'example_xcom' retrieved from /home/arun/.local/lib/python3.10/site-packages/airflow/example_dags/example_xcom.py
[2024-03-04T23:13:39.659+0530] {logging_mixin.py:188} INFO - [2024-03-04T23:13:39.658+0530] {dag.py:3036} INFO - Sync 1 DAGs
[2024-03-04T23:13:39.682+0530] {logging_mixin.py:188} INFO - [2024-03-04T23:13:39.681+0530] {dag.py:3823} INFO - Setting next_dagrun for example_xcom to 2021-01-01 00:00:00+00:00, run_after=2021-01-01 00:00:00+00:00
[2024-03-04T23:13:39.717+0530] {processor.py:183} INFO - Processing /home/arun/.local/lib/python3.10/site-packages/airflow/example_dags/example_xcom.py took 0.130 seconds
[2024-03-04T23:15:13.623+0530] {processor.py:161} INFO - Started process (PID=8076) to work on /home/arun/.local/lib/python3.10/site-packages/airflow/example_dags/example_xcom.py
[2024-03-04T23:15:13.661+0530] {processor.py:830} INFO - Processing file /home/arun/.local/lib/python3.10/site-packages/airflow/example_dags/example_xcom.py for tasks to queue
[2024-03-04T23:15:13.662+0530] {logging_mixin.py:188} INFO - [2024-03-04T23:15:13.662+0530] {dagbag.py:538} INFO - Filling up the DagBag from /home/arun/.local/lib/python3.10/site-packages/airflow/example_dags/example_xcom.py
[2024-03-04T23:15:13.671+0530] {processor.py:840} INFO - DAG(s) 'example_xcom' retrieved from /home/arun/.local/lib/python3.10/site-packages/airflow/example_dags/example_xcom.py
[2024-03-04T23:15:13.688+0530] {logging_mixin.py:188} INFO - [2024-03-04T23:15:13.688+0530] {dag.py:3036} INFO - Sync 1 DAGs
[2024-03-04T23:15:13.707+0530] {logging_mixin.py:188} INFO - [2024-03-04T23:15:13.707+0530] {dag.py:3823} INFO - Setting next_dagrun for example_xcom to 2021-01-01 00:00:00+00:00, run_after=2021-01-01 00:00:00+00:00
[2024-03-04T23:15:13.762+0530] {processor.py:183} INFO - Processing /home/arun/.local/lib/python3.10/site-packages/airflow/example_dags/example_xcom.py took 0.143 seconds
[2024-03-04T23:17:09.931+0530] {processor.py:161} INFO - Started process (PID=8305) to work on /home/arun/.local/lib/python3.10/site-packages/airflow/example_dags/example_xcom.py
[2024-03-04T23:17:10.009+0530] {processor.py:830} INFO - Processing file /home/arun/.local/lib/python3.10/site-packages/airflow/example_dags/example_xcom.py for tasks to queue
[2024-03-04T23:17:10.025+0530] {logging_mixin.py:188} INFO - [2024-03-04T23:17:10.024+0530] {dagbag.py:538} INFO - Filling up the DagBag from /home/arun/.local/lib/python3.10/site-packages/airflow/example_dags/example_xcom.py
[2024-03-04T23:17:10.075+0530] {processor.py:840} INFO - DAG(s) 'example_xcom' retrieved from /home/arun/.local/lib/python3.10/site-packages/airflow/example_dags/example_xcom.py
[2024-03-04T23:17:10.135+0530] {logging_mixin.py:188} INFO - [2024-03-04T23:17:10.135+0530] {dag.py:3036} INFO - Sync 1 DAGs
[2024-03-04T23:17:10.190+0530] {logging_mixin.py:188} INFO - [2024-03-04T23:17:10.189+0530] {dag.py:3823} INFO - Setting next_dagrun for example_xcom to 2021-01-01 00:00:00+00:00, run_after=2021-01-01 00:00:00+00:00
[2024-03-04T23:17:10.285+0530] {processor.py:183} INFO - Processing /home/arun/.local/lib/python3.10/site-packages/airflow/example_dags/example_xcom.py took 0.367 seconds
[2024-03-04T23:18:48.533+0530] {processor.py:161} INFO - Started process (PID=8513) to work on /home/arun/.local/lib/python3.10/site-packages/airflow/example_dags/example_xcom.py
[2024-03-04T23:18:48.553+0530] {processor.py:830} INFO - Processing file /home/arun/.local/lib/python3.10/site-packages/airflow/example_dags/example_xcom.py for tasks to queue
[2024-03-04T23:18:48.554+0530] {logging_mixin.py:188} INFO - [2024-03-04T23:18:48.554+0530] {dagbag.py:538} INFO - Filling up the DagBag from /home/arun/.local/lib/python3.10/site-packages/airflow/example_dags/example_xcom.py
[2024-03-04T23:18:48.562+0530] {processor.py:840} INFO - DAG(s) 'example_xcom' retrieved from /home/arun/.local/lib/python3.10/site-packages/airflow/example_dags/example_xcom.py
[2024-03-04T23:18:48.586+0530] {logging_mixin.py:188} INFO - [2024-03-04T23:18:48.586+0530] {dag.py:3036} INFO - Sync 1 DAGs
[2024-03-04T23:18:48.659+0530] {logging_mixin.py:188} INFO - [2024-03-04T23:18:48.658+0530] {dag.py:3823} INFO - Setting next_dagrun for example_xcom to 2021-01-01 00:00:00+00:00, run_after=2021-01-01 00:00:00+00:00
[2024-03-04T23:18:48.729+0530] {processor.py:183} INFO - Processing /home/arun/.local/lib/python3.10/site-packages/airflow/example_dags/example_xcom.py took 0.199 seconds
[2024-03-04T23:20:22.817+0530] {processor.py:161} INFO - Started process (PID=8710) to work on /home/arun/.local/lib/python3.10/site-packages/airflow/example_dags/example_xcom.py
[2024-03-04T23:20:22.856+0530] {processor.py:830} INFO - Processing file /home/arun/.local/lib/python3.10/site-packages/airflow/example_dags/example_xcom.py for tasks to queue
[2024-03-04T23:20:22.858+0530] {logging_mixin.py:188} INFO - [2024-03-04T23:20:22.858+0530] {dagbag.py:538} INFO - Filling up the DagBag from /home/arun/.local/lib/python3.10/site-packages/airflow/example_dags/example_xcom.py
[2024-03-04T23:20:22.873+0530] {processor.py:840} INFO - DAG(s) 'example_xcom' retrieved from /home/arun/.local/lib/python3.10/site-packages/airflow/example_dags/example_xcom.py
[2024-03-04T23:20:22.897+0530] {logging_mixin.py:188} INFO - [2024-03-04T23:20:22.897+0530] {dag.py:3036} INFO - Sync 1 DAGs
[2024-03-04T23:20:22.917+0530] {logging_mixin.py:188} INFO - [2024-03-04T23:20:22.917+0530] {dag.py:3823} INFO - Setting next_dagrun for example_xcom to 2021-01-01 00:00:00+00:00, run_after=2021-01-01 00:00:00+00:00
[2024-03-04T23:20:22.952+0530] {processor.py:183} INFO - Processing /home/arun/.local/lib/python3.10/site-packages/airflow/example_dags/example_xcom.py took 0.152 seconds
[2024-03-04T23:22:00.975+0530] {processor.py:161} INFO - Started process (PID=8897) to work on /home/arun/.local/lib/python3.10/site-packages/airflow/example_dags/example_xcom.py
[2024-03-04T23:22:01.035+0530] {processor.py:830} INFO - Processing file /home/arun/.local/lib/python3.10/site-packages/airflow/example_dags/example_xcom.py for tasks to queue
[2024-03-04T23:22:01.037+0530] {logging_mixin.py:188} INFO - [2024-03-04T23:22:01.036+0530] {dagbag.py:538} INFO - Filling up the DagBag from /home/arun/.local/lib/python3.10/site-packages/airflow/example_dags/example_xcom.py
[2024-03-04T23:22:01.045+0530] {processor.py:840} INFO - DAG(s) 'example_xcom' retrieved from /home/arun/.local/lib/python3.10/site-packages/airflow/example_dags/example_xcom.py
[2024-03-04T23:22:01.062+0530] {logging_mixin.py:188} INFO - [2024-03-04T23:22:01.061+0530] {dag.py:3036} INFO - Sync 1 DAGs
[2024-03-04T23:22:01.080+0530] {logging_mixin.py:188} INFO - [2024-03-04T23:22:01.080+0530] {dag.py:3823} INFO - Setting next_dagrun for example_xcom to 2021-01-01 00:00:00+00:00, run_after=2021-01-01 00:00:00+00:00
[2024-03-04T23:22:01.107+0530] {processor.py:183} INFO - Processing /home/arun/.local/lib/python3.10/site-packages/airflow/example_dags/example_xcom.py took 0.136 seconds
[2024-03-04T23:24:05.258+0530] {processor.py:161} INFO - Started process (PID=9274) to work on /home/arun/.local/lib/python3.10/site-packages/airflow/example_dags/example_xcom.py
[2024-03-04T23:24:05.313+0530] {processor.py:830} INFO - Processing file /home/arun/.local/lib/python3.10/site-packages/airflow/example_dags/example_xcom.py for tasks to queue
[2024-03-04T23:24:05.314+0530] {logging_mixin.py:188} INFO - [2024-03-04T23:24:05.314+0530] {dagbag.py:538} INFO - Filling up the DagBag from /home/arun/.local/lib/python3.10/site-packages/airflow/example_dags/example_xcom.py
[2024-03-04T23:24:05.322+0530] {processor.py:840} INFO - DAG(s) 'example_xcom' retrieved from /home/arun/.local/lib/python3.10/site-packages/airflow/example_dags/example_xcom.py
[2024-03-04T23:24:05.341+0530] {logging_mixin.py:188} INFO - [2024-03-04T23:24:05.340+0530] {dag.py:3036} INFO - Sync 1 DAGs
[2024-03-04T23:24:05.361+0530] {logging_mixin.py:188} INFO - [2024-03-04T23:24:05.360+0530] {dag.py:3823} INFO - Setting next_dagrun for example_xcom to 2021-01-01 00:00:00+00:00, run_after=2021-01-01 00:00:00+00:00
[2024-03-04T23:24:05.422+0530] {processor.py:183} INFO - Processing /home/arun/.local/lib/python3.10/site-packages/airflow/example_dags/example_xcom.py took 0.169 seconds
[2024-03-04T23:25:24.083+0530] {processor.py:161} INFO - Started process (PID=9420) to work on /home/arun/.local/lib/python3.10/site-packages/airflow/example_dags/example_xcom.py
[2024-03-04T23:25:24.098+0530] {processor.py:830} INFO - Processing file /home/arun/.local/lib/python3.10/site-packages/airflow/example_dags/example_xcom.py for tasks to queue
[2024-03-04T23:25:24.100+0530] {logging_mixin.py:188} INFO - [2024-03-04T23:25:24.099+0530] {dagbag.py:538} INFO - Filling up the DagBag from /home/arun/.local/lib/python3.10/site-packages/airflow/example_dags/example_xcom.py
[2024-03-04T23:25:24.127+0530] {processor.py:840} INFO - DAG(s) 'example_xcom' retrieved from /home/arun/.local/lib/python3.10/site-packages/airflow/example_dags/example_xcom.py
[2024-03-04T23:25:24.179+0530] {logging_mixin.py:188} INFO - [2024-03-04T23:25:24.178+0530] {dag.py:3036} INFO - Sync 1 DAGs
[2024-03-04T23:25:24.249+0530] {logging_mixin.py:188} INFO - [2024-03-04T23:25:24.249+0530] {dag.py:3823} INFO - Setting next_dagrun for example_xcom to 2021-01-01 00:00:00+00:00, run_after=2021-01-01 00:00:00+00:00
[2024-03-04T23:25:24.481+0530] {processor.py:183} INFO - Processing /home/arun/.local/lib/python3.10/site-packages/airflow/example_dags/example_xcom.py took 0.414 seconds
[2024-03-04T23:26:45.626+0530] {processor.py:161} INFO - Started process (PID=10091) to work on /home/arun/.local/lib/python3.10/site-packages/airflow/example_dags/example_xcom.py
[2024-03-04T23:26:45.672+0530] {processor.py:830} INFO - Processing file /home/arun/.local/lib/python3.10/site-packages/airflow/example_dags/example_xcom.py for tasks to queue
[2024-03-04T23:26:45.681+0530] {logging_mixin.py:188} INFO - [2024-03-04T23:26:45.673+0530] {dagbag.py:538} INFO - Filling up the DagBag from /home/arun/.local/lib/python3.10/site-packages/airflow/example_dags/example_xcom.py
[2024-03-04T23:26:45.714+0530] {processor.py:840} INFO - DAG(s) 'example_xcom' retrieved from /home/arun/.local/lib/python3.10/site-packages/airflow/example_dags/example_xcom.py
[2024-03-04T23:26:45.764+0530] {logging_mixin.py:188} INFO - [2024-03-04T23:26:45.764+0530] {dag.py:3036} INFO - Sync 1 DAGs
[2024-03-04T23:26:45.790+0530] {logging_mixin.py:188} INFO - [2024-03-04T23:26:45.790+0530] {dag.py:3823} INFO - Setting next_dagrun for example_xcom to 2021-01-01 00:00:00+00:00, run_after=2021-01-01 00:00:00+00:00
[2024-03-04T23:26:46.023+0530] {processor.py:183} INFO - Processing /home/arun/.local/lib/python3.10/site-packages/airflow/example_dags/example_xcom.py took 0.402 seconds
[2024-03-04T23:27:47.260+0530] {processor.py:161} INFO - Started process (PID=10295) to work on /home/arun/.local/lib/python3.10/site-packages/airflow/example_dags/example_xcom.py
[2024-03-04T23:27:47.284+0530] {processor.py:830} INFO - Processing file /home/arun/.local/lib/python3.10/site-packages/airflow/example_dags/example_xcom.py for tasks to queue
[2024-03-04T23:27:47.289+0530] {logging_mixin.py:188} INFO - [2024-03-04T23:27:47.285+0530] {dagbag.py:538} INFO - Filling up the DagBag from /home/arun/.local/lib/python3.10/site-packages/airflow/example_dags/example_xcom.py
[2024-03-04T23:27:47.307+0530] {processor.py:840} INFO - DAG(s) 'example_xcom' retrieved from /home/arun/.local/lib/python3.10/site-packages/airflow/example_dags/example_xcom.py
[2024-03-04T23:27:47.429+0530] {logging_mixin.py:188} INFO - [2024-03-04T23:27:47.428+0530] {dag.py:3036} INFO - Sync 1 DAGs
[2024-03-04T23:27:47.505+0530] {logging_mixin.py:188} INFO - [2024-03-04T23:27:47.502+0530] {dag.py:3823} INFO - Setting next_dagrun for example_xcom to 2021-01-01 00:00:00+00:00, run_after=2021-01-01 00:00:00+00:00
[2024-03-04T23:27:47.694+0530] {processor.py:183} INFO - Processing /home/arun/.local/lib/python3.10/site-packages/airflow/example_dags/example_xcom.py took 0.450 seconds
[2024-03-04T23:29:19.209+0530] {processor.py:161} INFO - Started process (PID=10460) to work on /home/arun/.local/lib/python3.10/site-packages/airflow/example_dags/example_xcom.py
[2024-03-04T23:29:19.230+0530] {processor.py:830} INFO - Processing file /home/arun/.local/lib/python3.10/site-packages/airflow/example_dags/example_xcom.py for tasks to queue
[2024-03-04T23:29:19.231+0530] {logging_mixin.py:188} INFO - [2024-03-04T23:29:19.231+0530] {dagbag.py:538} INFO - Filling up the DagBag from /home/arun/.local/lib/python3.10/site-packages/airflow/example_dags/example_xcom.py
[2024-03-04T23:29:19.243+0530] {processor.py:840} INFO - DAG(s) 'example_xcom' retrieved from /home/arun/.local/lib/python3.10/site-packages/airflow/example_dags/example_xcom.py
[2024-03-04T23:29:19.267+0530] {logging_mixin.py:188} INFO - [2024-03-04T23:29:19.267+0530] {dag.py:3036} INFO - Sync 1 DAGs
[2024-03-04T23:29:19.294+0530] {logging_mixin.py:188} INFO - [2024-03-04T23:29:19.293+0530] {dag.py:3823} INFO - Setting next_dagrun for example_xcom to 2021-01-01 00:00:00+00:00, run_after=2021-01-01 00:00:00+00:00
[2024-03-04T23:29:19.334+0530] {processor.py:183} INFO - Processing /home/arun/.local/lib/python3.10/site-packages/airflow/example_dags/example_xcom.py took 0.128 seconds
[2024-03-04T23:31:15.473+0530] {processor.py:161} INFO - Started process (PID=10776) to work on /home/arun/.local/lib/python3.10/site-packages/airflow/example_dags/example_xcom.py
[2024-03-04T23:31:15.504+0530] {processor.py:830} INFO - Processing file /home/arun/.local/lib/python3.10/site-packages/airflow/example_dags/example_xcom.py for tasks to queue
[2024-03-04T23:31:15.505+0530] {logging_mixin.py:188} INFO - [2024-03-04T23:31:15.504+0530] {dagbag.py:538} INFO - Filling up the DagBag from /home/arun/.local/lib/python3.10/site-packages/airflow/example_dags/example_xcom.py
[2024-03-04T23:31:15.515+0530] {processor.py:840} INFO - DAG(s) 'example_xcom' retrieved from /home/arun/.local/lib/python3.10/site-packages/airflow/example_dags/example_xcom.py
[2024-03-04T23:31:15.541+0530] {logging_mixin.py:188} INFO - [2024-03-04T23:31:15.540+0530] {dag.py:3036} INFO - Sync 1 DAGs
[2024-03-04T23:31:15.572+0530] {logging_mixin.py:188} INFO - [2024-03-04T23:31:15.571+0530] {dag.py:3823} INFO - Setting next_dagrun for example_xcom to 2021-01-01 00:00:00+00:00, run_after=2021-01-01 00:00:00+00:00
[2024-03-04T23:31:15.612+0530] {processor.py:183} INFO - Processing /home/arun/.local/lib/python3.10/site-packages/airflow/example_dags/example_xcom.py took 0.145 seconds
[2024-03-04T23:33:03.895+0530] {processor.py:161} INFO - Started process (PID=10989) to work on /home/arun/.local/lib/python3.10/site-packages/airflow/example_dags/example_xcom.py
[2024-03-04T23:33:03.930+0530] {processor.py:830} INFO - Processing file /home/arun/.local/lib/python3.10/site-packages/airflow/example_dags/example_xcom.py for tasks to queue
[2024-03-04T23:33:03.934+0530] {logging_mixin.py:188} INFO - [2024-03-04T23:33:03.932+0530] {dagbag.py:538} INFO - Filling up the DagBag from /home/arun/.local/lib/python3.10/site-packages/airflow/example_dags/example_xcom.py
[2024-03-04T23:33:03.941+0530] {processor.py:840} INFO - DAG(s) 'example_xcom' retrieved from /home/arun/.local/lib/python3.10/site-packages/airflow/example_dags/example_xcom.py
[2024-03-04T23:33:03.955+0530] {logging_mixin.py:188} INFO - [2024-03-04T23:33:03.955+0530] {dag.py:3036} INFO - Sync 1 DAGs
[2024-03-04T23:33:03.972+0530] {logging_mixin.py:188} INFO - [2024-03-04T23:33:03.971+0530] {dag.py:3823} INFO - Setting next_dagrun for example_xcom to 2021-01-01 00:00:00+00:00, run_after=2021-01-01 00:00:00+00:00
[2024-03-04T23:33:03.999+0530] {processor.py:183} INFO - Processing /home/arun/.local/lib/python3.10/site-packages/airflow/example_dags/example_xcom.py took 0.107 seconds
[2024-03-04T23:34:39.769+0530] {processor.py:161} INFO - Started process (PID=11169) to work on /home/arun/.local/lib/python3.10/site-packages/airflow/example_dags/example_xcom.py
[2024-03-04T23:34:39.802+0530] {processor.py:830} INFO - Processing file /home/arun/.local/lib/python3.10/site-packages/airflow/example_dags/example_xcom.py for tasks to queue
[2024-03-04T23:34:39.803+0530] {logging_mixin.py:188} INFO - [2024-03-04T23:34:39.802+0530] {dagbag.py:538} INFO - Filling up the DagBag from /home/arun/.local/lib/python3.10/site-packages/airflow/example_dags/example_xcom.py
[2024-03-04T23:34:39.811+0530] {processor.py:840} INFO - DAG(s) 'example_xcom' retrieved from /home/arun/.local/lib/python3.10/site-packages/airflow/example_dags/example_xcom.py
[2024-03-04T23:34:39.828+0530] {logging_mixin.py:188} INFO - [2024-03-04T23:34:39.828+0530] {dag.py:3036} INFO - Sync 1 DAGs
[2024-03-04T23:34:39.848+0530] {logging_mixin.py:188} INFO - [2024-03-04T23:34:39.848+0530] {dag.py:3823} INFO - Setting next_dagrun for example_xcom to 2021-01-01 00:00:00+00:00, run_after=2021-01-01 00:00:00+00:00
[2024-03-04T23:34:39.877+0530] {processor.py:183} INFO - Processing /home/arun/.local/lib/python3.10/site-packages/airflow/example_dags/example_xcom.py took 0.114 seconds
