[2024-03-04T18:29:14.685+0530] {processor.py:161} INFO - Started process (PID=11932) to work on /home/arun/.local/lib/python3.10/site-packages/airflow/example_dags/example_external_task_marker_dag.py
[2024-03-04T18:29:14.688+0530] {processor.py:830} INFO - Processing file /home/arun/.local/lib/python3.10/site-packages/airflow/example_dags/example_external_task_marker_dag.py for tasks to queue
[2024-03-04T18:29:14.696+0530] {logging_mixin.py:188} INFO - [2024-03-04T18:29:14.692+0530] {dagbag.py:538} INFO - Filling up the DagBag from /home/arun/.local/lib/python3.10/site-packages/airflow/example_dags/example_external_task_marker_dag.py
[2024-03-04T18:29:14.717+0530] {processor.py:840} INFO - DAG(s) 'example_external_task_marker_parent', 'example_external_task_marker_child' retrieved from /home/arun/.local/lib/python3.10/site-packages/airflow/example_dags/example_external_task_marker_dag.py
[2024-03-04T18:29:15.240+0530] {logging_mixin.py:188} INFO - [2024-03-04T18:29:15.240+0530] {dag.py:3036} INFO - Sync 2 DAGs
[2024-03-04T18:29:15.265+0530] {logging_mixin.py:188} INFO - [2024-03-04T18:29:15.264+0530] {dag.py:3823} INFO - Setting next_dagrun for example_external_task_marker_child to None, run_after=None
[2024-03-04T18:29:15.289+0530] {logging_mixin.py:188} INFO - [2024-03-04T18:29:15.288+0530] {dag.py:3823} INFO - Setting next_dagrun for example_external_task_marker_parent to None, run_after=None
[2024-03-04T18:29:15.389+0530] {processor.py:183} INFO - Processing /home/arun/.local/lib/python3.10/site-packages/airflow/example_dags/example_external_task_marker_dag.py took 0.715 seconds
[2024-03-04T18:31:22.083+0530] {processor.py:161} INFO - Started process (PID=12062) to work on /home/arun/.local/lib/python3.10/site-packages/airflow/example_dags/example_external_task_marker_dag.py
[2024-03-04T18:31:22.086+0530] {processor.py:830} INFO - Processing file /home/arun/.local/lib/python3.10/site-packages/airflow/example_dags/example_external_task_marker_dag.py for tasks to queue
[2024-03-04T18:31:22.087+0530] {logging_mixin.py:188} INFO - [2024-03-04T18:31:22.086+0530] {dagbag.py:538} INFO - Filling up the DagBag from /home/arun/.local/lib/python3.10/site-packages/airflow/example_dags/example_external_task_marker_dag.py
[2024-03-04T18:31:22.094+0530] {processor.py:840} INFO - DAG(s) 'example_external_task_marker_child', 'example_external_task_marker_parent' retrieved from /home/arun/.local/lib/python3.10/site-packages/airflow/example_dags/example_external_task_marker_dag.py
[2024-03-04T18:31:22.112+0530] {logging_mixin.py:188} INFO - [2024-03-04T18:31:22.112+0530] {dag.py:3036} INFO - Sync 2 DAGs
[2024-03-04T18:31:22.123+0530] {logging_mixin.py:188} INFO - [2024-03-04T18:31:22.122+0530] {dag.py:3823} INFO - Setting next_dagrun for example_external_task_marker_child to None, run_after=None
[2024-03-04T18:31:22.126+0530] {logging_mixin.py:188} INFO - [2024-03-04T18:31:22.125+0530] {dag.py:3823} INFO - Setting next_dagrun for example_external_task_marker_parent to None, run_after=None
[2024-03-04T18:31:22.148+0530] {processor.py:183} INFO - Processing /home/arun/.local/lib/python3.10/site-packages/airflow/example_dags/example_external_task_marker_dag.py took 0.068 seconds
[2024-03-04T18:32:58.993+0530] {processor.py:161} INFO - Started process (PID=12175) to work on /home/arun/.local/lib/python3.10/site-packages/airflow/example_dags/example_external_task_marker_dag.py
[2024-03-04T18:32:58.995+0530] {processor.py:830} INFO - Processing file /home/arun/.local/lib/python3.10/site-packages/airflow/example_dags/example_external_task_marker_dag.py for tasks to queue
[2024-03-04T18:32:58.996+0530] {logging_mixin.py:188} INFO - [2024-03-04T18:32:58.996+0530] {dagbag.py:538} INFO - Filling up the DagBag from /home/arun/.local/lib/python3.10/site-packages/airflow/example_dags/example_external_task_marker_dag.py
[2024-03-04T18:32:59.004+0530] {processor.py:840} INFO - DAG(s) 'example_external_task_marker_parent', 'example_external_task_marker_child' retrieved from /home/arun/.local/lib/python3.10/site-packages/airflow/example_dags/example_external_task_marker_dag.py
[2024-03-04T18:32:59.026+0530] {logging_mixin.py:188} INFO - [2024-03-04T18:32:59.026+0530] {dag.py:3036} INFO - Sync 2 DAGs
[2024-03-04T18:32:59.042+0530] {logging_mixin.py:188} INFO - [2024-03-04T18:32:59.042+0530] {dag.py:3823} INFO - Setting next_dagrun for example_external_task_marker_child to None, run_after=None
[2024-03-04T18:32:59.047+0530] {logging_mixin.py:188} INFO - [2024-03-04T18:32:59.046+0530] {dag.py:3823} INFO - Setting next_dagrun for example_external_task_marker_parent to None, run_after=None
[2024-03-04T18:32:59.080+0530] {processor.py:183} INFO - Processing /home/arun/.local/lib/python3.10/site-packages/airflow/example_dags/example_external_task_marker_dag.py took 0.090 seconds
[2024-03-04T18:34:22.615+0530] {processor.py:161} INFO - Started process (PID=12276) to work on /home/arun/.local/lib/python3.10/site-packages/airflow/example_dags/example_external_task_marker_dag.py
[2024-03-04T18:34:22.708+0530] {processor.py:830} INFO - Processing file /home/arun/.local/lib/python3.10/site-packages/airflow/example_dags/example_external_task_marker_dag.py for tasks to queue
[2024-03-04T18:34:22.709+0530] {logging_mixin.py:188} INFO - [2024-03-04T18:34:22.708+0530] {dagbag.py:538} INFO - Filling up the DagBag from /home/arun/.local/lib/python3.10/site-packages/airflow/example_dags/example_external_task_marker_dag.py
[2024-03-04T18:34:22.720+0530] {processor.py:840} INFO - DAG(s) 'example_external_task_marker_parent', 'example_external_task_marker_child' retrieved from /home/arun/.local/lib/python3.10/site-packages/airflow/example_dags/example_external_task_marker_dag.py
[2024-03-04T18:34:22.745+0530] {logging_mixin.py:188} INFO - [2024-03-04T18:34:22.744+0530] {dag.py:3036} INFO - Sync 2 DAGs
[2024-03-04T18:34:22.758+0530] {logging_mixin.py:188} INFO - [2024-03-04T18:34:22.758+0530] {dag.py:3823} INFO - Setting next_dagrun for example_external_task_marker_child to None, run_after=None
[2024-03-04T18:34:22.762+0530] {logging_mixin.py:188} INFO - [2024-03-04T18:34:22.762+0530] {dag.py:3823} INFO - Setting next_dagrun for example_external_task_marker_parent to None, run_after=None
[2024-03-04T18:34:22.786+0530] {processor.py:183} INFO - Processing /home/arun/.local/lib/python3.10/site-packages/airflow/example_dags/example_external_task_marker_dag.py took 0.174 seconds
[2024-03-04T18:36:45.974+0530] {processor.py:161} INFO - Started process (PID=12441) to work on /home/arun/.local/lib/python3.10/site-packages/airflow/example_dags/example_external_task_marker_dag.py
[2024-03-04T18:36:46.009+0530] {processor.py:830} INFO - Processing file /home/arun/.local/lib/python3.10/site-packages/airflow/example_dags/example_external_task_marker_dag.py for tasks to queue
[2024-03-04T18:36:46.010+0530] {logging_mixin.py:188} INFO - [2024-03-04T18:36:46.010+0530] {dagbag.py:538} INFO - Filling up the DagBag from /home/arun/.local/lib/python3.10/site-packages/airflow/example_dags/example_external_task_marker_dag.py
[2024-03-04T18:36:46.023+0530] {processor.py:840} INFO - DAG(s) 'example_external_task_marker_parent', 'example_external_task_marker_child' retrieved from /home/arun/.local/lib/python3.10/site-packages/airflow/example_dags/example_external_task_marker_dag.py
[2024-03-04T18:36:46.053+0530] {logging_mixin.py:188} INFO - [2024-03-04T18:36:46.053+0530] {dag.py:3036} INFO - Sync 2 DAGs
[2024-03-04T18:36:46.070+0530] {logging_mixin.py:188} INFO - [2024-03-04T18:36:46.069+0530] {dag.py:3823} INFO - Setting next_dagrun for example_external_task_marker_child to None, run_after=None
[2024-03-04T18:36:46.073+0530] {logging_mixin.py:188} INFO - [2024-03-04T18:36:46.073+0530] {dag.py:3823} INFO - Setting next_dagrun for example_external_task_marker_parent to None, run_after=None
[2024-03-04T18:36:46.106+0530] {processor.py:183} INFO - Processing /home/arun/.local/lib/python3.10/site-packages/airflow/example_dags/example_external_task_marker_dag.py took 0.141 seconds
[2024-03-04T18:38:59.829+0530] {processor.py:161} INFO - Started process (PID=12585) to work on /home/arun/.local/lib/python3.10/site-packages/airflow/example_dags/example_external_task_marker_dag.py
[2024-03-04T18:38:59.862+0530] {processor.py:830} INFO - Processing file /home/arun/.local/lib/python3.10/site-packages/airflow/example_dags/example_external_task_marker_dag.py for tasks to queue
[2024-03-04T18:38:59.864+0530] {logging_mixin.py:188} INFO - [2024-03-04T18:38:59.863+0530] {dagbag.py:538} INFO - Filling up the DagBag from /home/arun/.local/lib/python3.10/site-packages/airflow/example_dags/example_external_task_marker_dag.py
[2024-03-04T18:38:59.904+0530] {processor.py:840} INFO - DAG(s) 'example_external_task_marker_child', 'example_external_task_marker_parent' retrieved from /home/arun/.local/lib/python3.10/site-packages/airflow/example_dags/example_external_task_marker_dag.py
[2024-03-04T18:38:59.970+0530] {logging_mixin.py:188} INFO - [2024-03-04T18:38:59.969+0530] {dag.py:3036} INFO - Sync 2 DAGs
[2024-03-04T18:39:00.013+0530] {logging_mixin.py:188} INFO - [2024-03-04T18:39:00.013+0530] {dag.py:3823} INFO - Setting next_dagrun for example_external_task_marker_child to None, run_after=None
[2024-03-04T18:39:00.023+0530] {logging_mixin.py:188} INFO - [2024-03-04T18:39:00.022+0530] {dag.py:3823} INFO - Setting next_dagrun for example_external_task_marker_parent to None, run_after=None
[2024-03-04T18:39:00.089+0530] {processor.py:183} INFO - Processing /home/arun/.local/lib/python3.10/site-packages/airflow/example_dags/example_external_task_marker_dag.py took 0.279 seconds
[2024-03-04T18:40:51.379+0530] {processor.py:161} INFO - Started process (PID=12720) to work on /home/arun/.local/lib/python3.10/site-packages/airflow/example_dags/example_external_task_marker_dag.py
[2024-03-04T18:40:51.437+0530] {processor.py:830} INFO - Processing file /home/arun/.local/lib/python3.10/site-packages/airflow/example_dags/example_external_task_marker_dag.py for tasks to queue
[2024-03-04T18:40:51.441+0530] {logging_mixin.py:188} INFO - [2024-03-04T18:40:51.440+0530] {dagbag.py:538} INFO - Filling up the DagBag from /home/arun/.local/lib/python3.10/site-packages/airflow/example_dags/example_external_task_marker_dag.py
[2024-03-04T18:40:51.476+0530] {processor.py:840} INFO - DAG(s) 'example_external_task_marker_child', 'example_external_task_marker_parent' retrieved from /home/arun/.local/lib/python3.10/site-packages/airflow/example_dags/example_external_task_marker_dag.py
[2024-03-04T18:40:51.546+0530] {logging_mixin.py:188} INFO - [2024-03-04T18:40:51.545+0530] {dag.py:3036} INFO - Sync 2 DAGs
[2024-03-04T18:40:51.571+0530] {logging_mixin.py:188} INFO - [2024-03-04T18:40:51.570+0530] {dag.py:3823} INFO - Setting next_dagrun for example_external_task_marker_child to None, run_after=None
[2024-03-04T18:40:51.579+0530] {logging_mixin.py:188} INFO - [2024-03-04T18:40:51.578+0530] {dag.py:3823} INFO - Setting next_dagrun for example_external_task_marker_parent to None, run_after=None
[2024-03-04T18:40:51.919+0530] {processor.py:183} INFO - Processing /home/arun/.local/lib/python3.10/site-packages/airflow/example_dags/example_external_task_marker_dag.py took 0.575 seconds
[2024-03-04T18:43:27.223+0530] {processor.py:161} INFO - Started process (PID=13486) to work on /home/arun/.local/lib/python3.10/site-packages/airflow/example_dags/example_external_task_marker_dag.py
[2024-03-04T18:43:27.265+0530] {processor.py:830} INFO - Processing file /home/arun/.local/lib/python3.10/site-packages/airflow/example_dags/example_external_task_marker_dag.py for tasks to queue
[2024-03-04T18:43:27.277+0530] {logging_mixin.py:188} INFO - [2024-03-04T18:43:27.266+0530] {dagbag.py:538} INFO - Filling up the DagBag from /home/arun/.local/lib/python3.10/site-packages/airflow/example_dags/example_external_task_marker_dag.py
[2024-03-04T18:43:27.289+0530] {processor.py:840} INFO - DAG(s) 'example_external_task_marker_child', 'example_external_task_marker_parent' retrieved from /home/arun/.local/lib/python3.10/site-packages/airflow/example_dags/example_external_task_marker_dag.py
[2024-03-04T18:43:27.329+0530] {logging_mixin.py:188} INFO - [2024-03-04T18:43:27.329+0530] {dag.py:3036} INFO - Sync 2 DAGs
[2024-03-04T18:43:27.375+0530] {logging_mixin.py:188} INFO - [2024-03-04T18:43:27.374+0530] {dag.py:3823} INFO - Setting next_dagrun for example_external_task_marker_child to None, run_after=None
[2024-03-04T18:43:27.380+0530] {logging_mixin.py:188} INFO - [2024-03-04T18:43:27.379+0530] {dag.py:3823} INFO - Setting next_dagrun for example_external_task_marker_parent to None, run_after=None
[2024-03-04T18:43:27.467+0530] {processor.py:183} INFO - Processing /home/arun/.local/lib/python3.10/site-packages/airflow/example_dags/example_external_task_marker_dag.py took 0.274 seconds
[2024-03-04T18:47:05.926+0530] {processor.py:161} INFO - Started process (PID=13993) to work on /home/arun/.local/lib/python3.10/site-packages/airflow/example_dags/example_external_task_marker_dag.py
[2024-03-04T18:47:05.954+0530] {processor.py:830} INFO - Processing file /home/arun/.local/lib/python3.10/site-packages/airflow/example_dags/example_external_task_marker_dag.py for tasks to queue
[2024-03-04T18:47:05.955+0530] {logging_mixin.py:188} INFO - [2024-03-04T18:47:05.954+0530] {dagbag.py:538} INFO - Filling up the DagBag from /home/arun/.local/lib/python3.10/site-packages/airflow/example_dags/example_external_task_marker_dag.py
[2024-03-04T18:47:05.961+0530] {processor.py:840} INFO - DAG(s) 'example_external_task_marker_parent', 'example_external_task_marker_child' retrieved from /home/arun/.local/lib/python3.10/site-packages/airflow/example_dags/example_external_task_marker_dag.py
[2024-03-04T18:47:05.978+0530] {logging_mixin.py:188} INFO - [2024-03-04T18:47:05.978+0530] {dag.py:3036} INFO - Sync 2 DAGs
[2024-03-04T18:47:05.989+0530] {logging_mixin.py:188} INFO - [2024-03-04T18:47:05.989+0530] {dag.py:3823} INFO - Setting next_dagrun for example_external_task_marker_child to None, run_after=None
[2024-03-04T18:47:05.992+0530] {logging_mixin.py:188} INFO - [2024-03-04T18:47:05.992+0530] {dag.py:3823} INFO - Setting next_dagrun for example_external_task_marker_parent to None, run_after=None
[2024-03-04T18:47:06.020+0530] {processor.py:183} INFO - Processing /home/arun/.local/lib/python3.10/site-packages/airflow/example_dags/example_external_task_marker_dag.py took 0.097 seconds
[2024-03-04T18:55:20.348+0530] {processor.py:161} INFO - Started process (PID=5792) to work on /home/arun/.local/lib/python3.10/site-packages/airflow/example_dags/example_external_task_marker_dag.py
[2024-03-04T18:55:20.410+0530] {processor.py:830} INFO - Processing file /home/arun/.local/lib/python3.10/site-packages/airflow/example_dags/example_external_task_marker_dag.py for tasks to queue
[2024-03-04T18:55:20.416+0530] {logging_mixin.py:188} INFO - [2024-03-04T18:55:20.415+0530] {dagbag.py:538} INFO - Filling up the DagBag from /home/arun/.local/lib/python3.10/site-packages/airflow/example_dags/example_external_task_marker_dag.py
[2024-03-04T18:55:20.485+0530] {processor.py:840} INFO - DAG(s) 'example_external_task_marker_parent', 'example_external_task_marker_child' retrieved from /home/arun/.local/lib/python3.10/site-packages/airflow/example_dags/example_external_task_marker_dag.py
[2024-03-04T18:55:21.230+0530] {logging_mixin.py:188} INFO - [2024-03-04T18:55:21.230+0530] {dag.py:3036} INFO - Sync 2 DAGs
[2024-03-04T18:55:21.264+0530] {logging_mixin.py:188} INFO - [2024-03-04T18:55:21.264+0530] {dag.py:3823} INFO - Setting next_dagrun for example_external_task_marker_child to None, run_after=None
[2024-03-04T18:55:21.269+0530] {logging_mixin.py:188} INFO - [2024-03-04T18:55:21.268+0530] {dag.py:3823} INFO - Setting next_dagrun for example_external_task_marker_parent to None, run_after=None
[2024-03-04T18:55:21.365+0530] {processor.py:183} INFO - Processing /home/arun/.local/lib/python3.10/site-packages/airflow/example_dags/example_external_task_marker_dag.py took 1.042 seconds
[2024-03-04T18:57:05.148+0530] {processor.py:161} INFO - Started process (PID=5968) to work on /home/arun/.local/lib/python3.10/site-packages/airflow/example_dags/example_external_task_marker_dag.py
[2024-03-04T18:57:05.234+0530] {processor.py:830} INFO - Processing file /home/arun/.local/lib/python3.10/site-packages/airflow/example_dags/example_external_task_marker_dag.py for tasks to queue
[2024-03-04T18:57:05.239+0530] {logging_mixin.py:188} INFO - [2024-03-04T18:57:05.238+0530] {dagbag.py:538} INFO - Filling up the DagBag from /home/arun/.local/lib/python3.10/site-packages/airflow/example_dags/example_external_task_marker_dag.py
[2024-03-04T18:57:05.252+0530] {processor.py:840} INFO - DAG(s) 'example_external_task_marker_child', 'example_external_task_marker_parent' retrieved from /home/arun/.local/lib/python3.10/site-packages/airflow/example_dags/example_external_task_marker_dag.py
[2024-03-04T18:57:05.313+0530] {logging_mixin.py:188} INFO - [2024-03-04T18:57:05.313+0530] {dag.py:3036} INFO - Sync 2 DAGs
[2024-03-04T18:57:05.355+0530] {logging_mixin.py:188} INFO - [2024-03-04T18:57:05.355+0530] {dag.py:3823} INFO - Setting next_dagrun for example_external_task_marker_child to None, run_after=None
[2024-03-04T18:57:05.368+0530] {logging_mixin.py:188} INFO - [2024-03-04T18:57:05.366+0530] {dag.py:3823} INFO - Setting next_dagrun for example_external_task_marker_parent to None, run_after=None
[2024-03-04T18:57:05.543+0530] {processor.py:183} INFO - Processing /home/arun/.local/lib/python3.10/site-packages/airflow/example_dags/example_external_task_marker_dag.py took 0.403 seconds
[2024-03-04T18:59:15.679+0530] {processor.py:161} INFO - Started process (PID=6345) to work on /home/arun/.local/lib/python3.10/site-packages/airflow/example_dags/example_external_task_marker_dag.py
[2024-03-04T18:59:15.737+0530] {processor.py:830} INFO - Processing file /home/arun/.local/lib/python3.10/site-packages/airflow/example_dags/example_external_task_marker_dag.py for tasks to queue
[2024-03-04T18:59:15.745+0530] {logging_mixin.py:188} INFO - [2024-03-04T18:59:15.738+0530] {dagbag.py:538} INFO - Filling up the DagBag from /home/arun/.local/lib/python3.10/site-packages/airflow/example_dags/example_external_task_marker_dag.py
[2024-03-04T18:59:15.775+0530] {processor.py:840} INFO - DAG(s) 'example_external_task_marker_parent', 'example_external_task_marker_child' retrieved from /home/arun/.local/lib/python3.10/site-packages/airflow/example_dags/example_external_task_marker_dag.py
[2024-03-04T18:59:15.876+0530] {logging_mixin.py:188} INFO - [2024-03-04T18:59:15.876+0530] {dag.py:3036} INFO - Sync 2 DAGs
[2024-03-04T18:59:15.913+0530] {logging_mixin.py:188} INFO - [2024-03-04T18:59:15.913+0530] {dag.py:3823} INFO - Setting next_dagrun for example_external_task_marker_child to None, run_after=None
[2024-03-04T18:59:15.927+0530] {logging_mixin.py:188} INFO - [2024-03-04T18:59:15.926+0530] {dag.py:3823} INFO - Setting next_dagrun for example_external_task_marker_parent to None, run_after=None
[2024-03-04T18:59:16.027+0530] {processor.py:183} INFO - Processing /home/arun/.local/lib/python3.10/site-packages/airflow/example_dags/example_external_task_marker_dag.py took 0.361 seconds
[2024-03-04T19:01:09.890+0530] {processor.py:161} INFO - Started process (PID=6549) to work on /home/arun/.local/lib/python3.10/site-packages/airflow/example_dags/example_external_task_marker_dag.py
[2024-03-04T19:01:09.930+0530] {processor.py:830} INFO - Processing file /home/arun/.local/lib/python3.10/site-packages/airflow/example_dags/example_external_task_marker_dag.py for tasks to queue
[2024-03-04T19:01:09.931+0530] {logging_mixin.py:188} INFO - [2024-03-04T19:01:09.931+0530] {dagbag.py:538} INFO - Filling up the DagBag from /home/arun/.local/lib/python3.10/site-packages/airflow/example_dags/example_external_task_marker_dag.py
[2024-03-04T19:01:09.949+0530] {processor.py:840} INFO - DAG(s) 'example_external_task_marker_child', 'example_external_task_marker_parent' retrieved from /home/arun/.local/lib/python3.10/site-packages/airflow/example_dags/example_external_task_marker_dag.py
[2024-03-04T19:01:09.988+0530] {logging_mixin.py:188} INFO - [2024-03-04T19:01:09.987+0530] {dag.py:3036} INFO - Sync 2 DAGs
[2024-03-04T19:01:10.005+0530] {logging_mixin.py:188} INFO - [2024-03-04T19:01:10.005+0530] {dag.py:3823} INFO - Setting next_dagrun for example_external_task_marker_child to None, run_after=None
[2024-03-04T19:01:10.010+0530] {logging_mixin.py:188} INFO - [2024-03-04T19:01:10.009+0530] {dag.py:3823} INFO - Setting next_dagrun for example_external_task_marker_parent to None, run_after=None
[2024-03-04T19:01:10.041+0530] {processor.py:183} INFO - Processing /home/arun/.local/lib/python3.10/site-packages/airflow/example_dags/example_external_task_marker_dag.py took 0.155 seconds
[2024-03-04T19:05:06.750+0530] {processor.py:161} INFO - Started process (PID=6863) to work on /home/arun/.local/lib/python3.10/site-packages/airflow/example_dags/example_external_task_marker_dag.py
[2024-03-04T19:05:06.754+0530] {processor.py:830} INFO - Processing file /home/arun/.local/lib/python3.10/site-packages/airflow/example_dags/example_external_task_marker_dag.py for tasks to queue
[2024-03-04T19:05:06.759+0530] {logging_mixin.py:188} INFO - [2024-03-04T19:05:06.756+0530] {dagbag.py:538} INFO - Filling up the DagBag from /home/arun/.local/lib/python3.10/site-packages/airflow/example_dags/example_external_task_marker_dag.py
[2024-03-04T19:05:06.790+0530] {processor.py:840} INFO - DAG(s) 'example_external_task_marker_parent', 'example_external_task_marker_child' retrieved from /home/arun/.local/lib/python3.10/site-packages/airflow/example_dags/example_external_task_marker_dag.py
[2024-03-04T19:05:06.830+0530] {logging_mixin.py:188} INFO - [2024-03-04T19:05:06.830+0530] {dag.py:3036} INFO - Sync 2 DAGs
[2024-03-04T19:05:06.876+0530] {logging_mixin.py:188} INFO - [2024-03-04T19:05:06.876+0530] {dag.py:3823} INFO - Setting next_dagrun for example_external_task_marker_child to None, run_after=None
[2024-03-04T19:05:06.890+0530] {logging_mixin.py:188} INFO - [2024-03-04T19:05:06.890+0530] {dag.py:3823} INFO - Setting next_dagrun for example_external_task_marker_parent to None, run_after=None
[2024-03-04T19:05:06.959+0530] {processor.py:183} INFO - Processing /home/arun/.local/lib/python3.10/site-packages/airflow/example_dags/example_external_task_marker_dag.py took 0.225 seconds
[2024-03-04T19:06:59.041+0530] {processor.py:161} INFO - Started process (PID=7118) to work on /home/arun/.local/lib/python3.10/site-packages/airflow/example_dags/example_external_task_marker_dag.py
[2024-03-04T19:06:59.079+0530] {processor.py:830} INFO - Processing file /home/arun/.local/lib/python3.10/site-packages/airflow/example_dags/example_external_task_marker_dag.py for tasks to queue
[2024-03-04T19:06:59.080+0530] {logging_mixin.py:188} INFO - [2024-03-04T19:06:59.080+0530] {dagbag.py:538} INFO - Filling up the DagBag from /home/arun/.local/lib/python3.10/site-packages/airflow/example_dags/example_external_task_marker_dag.py
[2024-03-04T19:06:59.091+0530] {processor.py:840} INFO - DAG(s) 'example_external_task_marker_parent', 'example_external_task_marker_child' retrieved from /home/arun/.local/lib/python3.10/site-packages/airflow/example_dags/example_external_task_marker_dag.py
[2024-03-04T19:06:59.121+0530] {logging_mixin.py:188} INFO - [2024-03-04T19:06:59.121+0530] {dag.py:3036} INFO - Sync 2 DAGs
[2024-03-04T19:06:59.144+0530] {logging_mixin.py:188} INFO - [2024-03-04T19:06:59.144+0530] {dag.py:3823} INFO - Setting next_dagrun for example_external_task_marker_child to None, run_after=None
[2024-03-04T19:06:59.152+0530] {logging_mixin.py:188} INFO - [2024-03-04T19:06:59.152+0530] {dag.py:3823} INFO - Setting next_dagrun for example_external_task_marker_parent to None, run_after=None
[2024-03-04T19:06:59.210+0530] {processor.py:183} INFO - Processing /home/arun/.local/lib/python3.10/site-packages/airflow/example_dags/example_external_task_marker_dag.py took 0.174 seconds
[2024-03-04T19:08:24.904+0530] {processor.py:161} INFO - Started process (PID=7281) to work on /home/arun/.local/lib/python3.10/site-packages/airflow/example_dags/example_external_task_marker_dag.py
[2024-03-04T19:08:24.936+0530] {processor.py:830} INFO - Processing file /home/arun/.local/lib/python3.10/site-packages/airflow/example_dags/example_external_task_marker_dag.py for tasks to queue
[2024-03-04T19:08:24.938+0530] {logging_mixin.py:188} INFO - [2024-03-04T19:08:24.937+0530] {dagbag.py:538} INFO - Filling up the DagBag from /home/arun/.local/lib/python3.10/site-packages/airflow/example_dags/example_external_task_marker_dag.py
[2024-03-04T19:08:24.954+0530] {processor.py:840} INFO - DAG(s) 'example_external_task_marker_child', 'example_external_task_marker_parent' retrieved from /home/arun/.local/lib/python3.10/site-packages/airflow/example_dags/example_external_task_marker_dag.py
[2024-03-04T19:08:24.993+0530] {logging_mixin.py:188} INFO - [2024-03-04T19:08:24.993+0530] {dag.py:3036} INFO - Sync 2 DAGs
[2024-03-04T19:08:25.013+0530] {logging_mixin.py:188} INFO - [2024-03-04T19:08:25.013+0530] {dag.py:3823} INFO - Setting next_dagrun for example_external_task_marker_child to None, run_after=None
[2024-03-04T19:08:25.018+0530] {logging_mixin.py:188} INFO - [2024-03-04T19:08:25.018+0530] {dag.py:3823} INFO - Setting next_dagrun for example_external_task_marker_parent to None, run_after=None
[2024-03-04T19:08:25.050+0530] {processor.py:183} INFO - Processing /home/arun/.local/lib/python3.10/site-packages/airflow/example_dags/example_external_task_marker_dag.py took 0.152 seconds
[2024-03-04T19:09:42.226+0530] {processor.py:161} INFO - Started process (PID=7426) to work on /home/arun/.local/lib/python3.10/site-packages/airflow/example_dags/example_external_task_marker_dag.py
[2024-03-04T19:09:42.266+0530] {processor.py:830} INFO - Processing file /home/arun/.local/lib/python3.10/site-packages/airflow/example_dags/example_external_task_marker_dag.py for tasks to queue
[2024-03-04T19:09:42.267+0530] {logging_mixin.py:188} INFO - [2024-03-04T19:09:42.267+0530] {dagbag.py:538} INFO - Filling up the DagBag from /home/arun/.local/lib/python3.10/site-packages/airflow/example_dags/example_external_task_marker_dag.py
[2024-03-04T19:09:42.275+0530] {processor.py:840} INFO - DAG(s) 'example_external_task_marker_child', 'example_external_task_marker_parent' retrieved from /home/arun/.local/lib/python3.10/site-packages/airflow/example_dags/example_external_task_marker_dag.py
[2024-03-04T19:09:42.295+0530] {logging_mixin.py:188} INFO - [2024-03-04T19:09:42.294+0530] {dag.py:3036} INFO - Sync 2 DAGs
[2024-03-04T19:09:42.308+0530] {logging_mixin.py:188} INFO - [2024-03-04T19:09:42.308+0530] {dag.py:3823} INFO - Setting next_dagrun for example_external_task_marker_child to None, run_after=None
[2024-03-04T19:09:42.312+0530] {logging_mixin.py:188} INFO - [2024-03-04T19:09:42.312+0530] {dag.py:3823} INFO - Setting next_dagrun for example_external_task_marker_parent to None, run_after=None
[2024-03-04T19:09:42.340+0530] {processor.py:183} INFO - Processing /home/arun/.local/lib/python3.10/site-packages/airflow/example_dags/example_external_task_marker_dag.py took 0.120 seconds
[2024-03-04T19:11:08.211+0530] {processor.py:161} INFO - Started process (PID=7597) to work on /home/arun/.local/lib/python3.10/site-packages/airflow/example_dags/example_external_task_marker_dag.py
[2024-03-04T19:11:08.213+0530] {processor.py:830} INFO - Processing file /home/arun/.local/lib/python3.10/site-packages/airflow/example_dags/example_external_task_marker_dag.py for tasks to queue
[2024-03-04T19:11:08.214+0530] {logging_mixin.py:188} INFO - [2024-03-04T19:11:08.214+0530] {dagbag.py:538} INFO - Filling up the DagBag from /home/arun/.local/lib/python3.10/site-packages/airflow/example_dags/example_external_task_marker_dag.py
[2024-03-04T19:11:08.222+0530] {processor.py:840} INFO - DAG(s) 'example_external_task_marker_parent', 'example_external_task_marker_child' retrieved from /home/arun/.local/lib/python3.10/site-packages/airflow/example_dags/example_external_task_marker_dag.py
[2024-03-04T19:11:08.242+0530] {logging_mixin.py:188} INFO - [2024-03-04T19:11:08.242+0530] {dag.py:3036} INFO - Sync 2 DAGs
[2024-03-04T19:11:08.256+0530] {logging_mixin.py:188} INFO - [2024-03-04T19:11:08.255+0530] {dag.py:3823} INFO - Setting next_dagrun for example_external_task_marker_child to None, run_after=None
[2024-03-04T19:11:08.259+0530] {logging_mixin.py:188} INFO - [2024-03-04T19:11:08.259+0530] {dag.py:3823} INFO - Setting next_dagrun for example_external_task_marker_parent to None, run_after=None
[2024-03-04T19:11:08.290+0530] {processor.py:183} INFO - Processing /home/arun/.local/lib/python3.10/site-packages/airflow/example_dags/example_external_task_marker_dag.py took 0.081 seconds
[2024-03-04T19:12:36.945+0530] {processor.py:161} INFO - Started process (PID=7759) to work on /home/arun/.local/lib/python3.10/site-packages/airflow/example_dags/example_external_task_marker_dag.py
[2024-03-04T19:12:36.997+0530] {processor.py:830} INFO - Processing file /home/arun/.local/lib/python3.10/site-packages/airflow/example_dags/example_external_task_marker_dag.py for tasks to queue
[2024-03-04T19:12:37.002+0530] {logging_mixin.py:188} INFO - [2024-03-04T19:12:36.998+0530] {dagbag.py:538} INFO - Filling up the DagBag from /home/arun/.local/lib/python3.10/site-packages/airflow/example_dags/example_external_task_marker_dag.py
[2024-03-04T19:12:37.023+0530] {processor.py:840} INFO - DAG(s) 'example_external_task_marker_parent', 'example_external_task_marker_child' retrieved from /home/arun/.local/lib/python3.10/site-packages/airflow/example_dags/example_external_task_marker_dag.py
[2024-03-04T19:12:37.079+0530] {logging_mixin.py:188} INFO - [2024-03-04T19:12:37.078+0530] {dag.py:3036} INFO - Sync 2 DAGs
[2024-03-04T19:12:37.132+0530] {logging_mixin.py:188} INFO - [2024-03-04T19:12:37.132+0530] {dag.py:3823} INFO - Setting next_dagrun for example_external_task_marker_child to None, run_after=None
[2024-03-04T19:12:37.138+0530] {logging_mixin.py:188} INFO - [2024-03-04T19:12:37.137+0530] {dag.py:3823} INFO - Setting next_dagrun for example_external_task_marker_parent to None, run_after=None
[2024-03-04T19:12:37.174+0530] {processor.py:183} INFO - Processing /home/arun/.local/lib/python3.10/site-packages/airflow/example_dags/example_external_task_marker_dag.py took 0.234 seconds
[2024-03-04T19:13:59.405+0530] {processor.py:161} INFO - Started process (PID=7911) to work on /home/arun/.local/lib/python3.10/site-packages/airflow/example_dags/example_external_task_marker_dag.py
[2024-03-04T19:13:59.440+0530] {processor.py:830} INFO - Processing file /home/arun/.local/lib/python3.10/site-packages/airflow/example_dags/example_external_task_marker_dag.py for tasks to queue
[2024-03-04T19:13:59.441+0530] {logging_mixin.py:188} INFO - [2024-03-04T19:13:59.440+0530] {dagbag.py:538} INFO - Filling up the DagBag from /home/arun/.local/lib/python3.10/site-packages/airflow/example_dags/example_external_task_marker_dag.py
[2024-03-04T19:13:59.449+0530] {processor.py:840} INFO - DAG(s) 'example_external_task_marker_parent', 'example_external_task_marker_child' retrieved from /home/arun/.local/lib/python3.10/site-packages/airflow/example_dags/example_external_task_marker_dag.py
[2024-03-04T19:13:59.470+0530] {logging_mixin.py:188} INFO - [2024-03-04T19:13:59.469+0530] {dag.py:3036} INFO - Sync 2 DAGs
[2024-03-04T19:13:59.483+0530] {logging_mixin.py:188} INFO - [2024-03-04T19:13:59.483+0530] {dag.py:3823} INFO - Setting next_dagrun for example_external_task_marker_child to None, run_after=None
[2024-03-04T19:13:59.486+0530] {logging_mixin.py:188} INFO - [2024-03-04T19:13:59.486+0530] {dag.py:3823} INFO - Setting next_dagrun for example_external_task_marker_parent to None, run_after=None
[2024-03-04T19:13:59.524+0530] {processor.py:183} INFO - Processing /home/arun/.local/lib/python3.10/site-packages/airflow/example_dags/example_external_task_marker_dag.py took 0.122 seconds
[2024-03-04T19:15:29.433+0530] {processor.py:161} INFO - Started process (PID=8136) to work on /home/arun/.local/lib/python3.10/site-packages/airflow/example_dags/example_external_task_marker_dag.py
[2024-03-04T19:15:29.437+0530] {processor.py:830} INFO - Processing file /home/arun/.local/lib/python3.10/site-packages/airflow/example_dags/example_external_task_marker_dag.py for tasks to queue
[2024-03-04T19:15:29.439+0530] {logging_mixin.py:188} INFO - [2024-03-04T19:15:29.438+0530] {dagbag.py:538} INFO - Filling up the DagBag from /home/arun/.local/lib/python3.10/site-packages/airflow/example_dags/example_external_task_marker_dag.py
[2024-03-04T19:15:29.448+0530] {processor.py:840} INFO - DAG(s) 'example_external_task_marker_parent', 'example_external_task_marker_child' retrieved from /home/arun/.local/lib/python3.10/site-packages/airflow/example_dags/example_external_task_marker_dag.py
[2024-03-04T19:15:29.474+0530] {logging_mixin.py:188} INFO - [2024-03-04T19:15:29.473+0530] {dag.py:3036} INFO - Sync 2 DAGs
[2024-03-04T19:15:29.490+0530] {logging_mixin.py:188} INFO - [2024-03-04T19:15:29.490+0530] {dag.py:3823} INFO - Setting next_dagrun for example_external_task_marker_child to None, run_after=None
[2024-03-04T19:15:29.495+0530] {logging_mixin.py:188} INFO - [2024-03-04T19:15:29.494+0530] {dag.py:3823} INFO - Setting next_dagrun for example_external_task_marker_parent to None, run_after=None
[2024-03-04T19:15:29.526+0530] {processor.py:183} INFO - Processing /home/arun/.local/lib/python3.10/site-packages/airflow/example_dags/example_external_task_marker_dag.py took 0.098 seconds
[2024-03-04T19:16:51.426+0530] {processor.py:161} INFO - Started process (PID=8300) to work on /home/arun/.local/lib/python3.10/site-packages/airflow/example_dags/example_external_task_marker_dag.py
[2024-03-04T19:16:51.469+0530] {processor.py:830} INFO - Processing file /home/arun/.local/lib/python3.10/site-packages/airflow/example_dags/example_external_task_marker_dag.py for tasks to queue
[2024-03-04T19:16:51.471+0530] {logging_mixin.py:188} INFO - [2024-03-04T19:16:51.470+0530] {dagbag.py:538} INFO - Filling up the DagBag from /home/arun/.local/lib/python3.10/site-packages/airflow/example_dags/example_external_task_marker_dag.py
[2024-03-04T19:16:51.480+0530] {processor.py:840} INFO - DAG(s) 'example_external_task_marker_child', 'example_external_task_marker_parent' retrieved from /home/arun/.local/lib/python3.10/site-packages/airflow/example_dags/example_external_task_marker_dag.py
[2024-03-04T19:16:51.509+0530] {logging_mixin.py:188} INFO - [2024-03-04T19:16:51.509+0530] {dag.py:3036} INFO - Sync 2 DAGs
[2024-03-04T19:16:51.529+0530] {logging_mixin.py:188} INFO - [2024-03-04T19:16:51.529+0530] {dag.py:3823} INFO - Setting next_dagrun for example_external_task_marker_child to None, run_after=None
[2024-03-04T19:16:51.535+0530] {logging_mixin.py:188} INFO - [2024-03-04T19:16:51.535+0530] {dag.py:3823} INFO - Setting next_dagrun for example_external_task_marker_parent to None, run_after=None
[2024-03-04T19:16:51.570+0530] {processor.py:183} INFO - Processing /home/arun/.local/lib/python3.10/site-packages/airflow/example_dags/example_external_task_marker_dag.py took 0.148 seconds
[2024-03-04T19:18:18.327+0530] {processor.py:161} INFO - Started process (PID=8478) to work on /home/arun/.local/lib/python3.10/site-packages/airflow/example_dags/example_external_task_marker_dag.py
[2024-03-04T19:18:18.368+0530] {processor.py:830} INFO - Processing file /home/arun/.local/lib/python3.10/site-packages/airflow/example_dags/example_external_task_marker_dag.py for tasks to queue
[2024-03-04T19:18:18.373+0530] {logging_mixin.py:188} INFO - [2024-03-04T19:18:18.370+0530] {dagbag.py:538} INFO - Filling up the DagBag from /home/arun/.local/lib/python3.10/site-packages/airflow/example_dags/example_external_task_marker_dag.py
[2024-03-04T19:18:18.387+0530] {processor.py:840} INFO - DAG(s) 'example_external_task_marker_parent', 'example_external_task_marker_child' retrieved from /home/arun/.local/lib/python3.10/site-packages/airflow/example_dags/example_external_task_marker_dag.py
[2024-03-04T19:18:18.431+0530] {logging_mixin.py:188} INFO - [2024-03-04T19:18:18.430+0530] {dag.py:3036} INFO - Sync 2 DAGs
[2024-03-04T19:18:18.455+0530] {logging_mixin.py:188} INFO - [2024-03-04T19:18:18.454+0530] {dag.py:3823} INFO - Setting next_dagrun for example_external_task_marker_child to None, run_after=None
[2024-03-04T19:18:18.460+0530] {logging_mixin.py:188} INFO - [2024-03-04T19:18:18.459+0530] {dag.py:3823} INFO - Setting next_dagrun for example_external_task_marker_parent to None, run_after=None
[2024-03-04T19:18:18.500+0530] {processor.py:183} INFO - Processing /home/arun/.local/lib/python3.10/site-packages/airflow/example_dags/example_external_task_marker_dag.py took 0.179 seconds
[2024-03-04T19:19:46.948+0530] {processor.py:161} INFO - Started process (PID=8639) to work on /home/arun/.local/lib/python3.10/site-packages/airflow/example_dags/example_external_task_marker_dag.py
[2024-03-04T19:19:46.987+0530] {processor.py:830} INFO - Processing file /home/arun/.local/lib/python3.10/site-packages/airflow/example_dags/example_external_task_marker_dag.py for tasks to queue
[2024-03-04T19:19:46.989+0530] {logging_mixin.py:188} INFO - [2024-03-04T19:19:46.988+0530] {dagbag.py:538} INFO - Filling up the DagBag from /home/arun/.local/lib/python3.10/site-packages/airflow/example_dags/example_external_task_marker_dag.py
[2024-03-04T19:19:46.999+0530] {processor.py:840} INFO - DAG(s) 'example_external_task_marker_parent', 'example_external_task_marker_child' retrieved from /home/arun/.local/lib/python3.10/site-packages/airflow/example_dags/example_external_task_marker_dag.py
[2024-03-04T19:19:47.030+0530] {logging_mixin.py:188} INFO - [2024-03-04T19:19:47.030+0530] {dag.py:3036} INFO - Sync 2 DAGs
[2024-03-04T19:19:47.082+0530] {logging_mixin.py:188} INFO - [2024-03-04T19:19:47.082+0530] {dag.py:3823} INFO - Setting next_dagrun for example_external_task_marker_child to None, run_after=None
[2024-03-04T19:19:47.088+0530] {logging_mixin.py:188} INFO - [2024-03-04T19:19:47.087+0530] {dag.py:3823} INFO - Setting next_dagrun for example_external_task_marker_parent to None, run_after=None
[2024-03-04T19:19:47.209+0530] {processor.py:183} INFO - Processing /home/arun/.local/lib/python3.10/site-packages/airflow/example_dags/example_external_task_marker_dag.py took 0.268 seconds
[2024-03-04T19:21:08.769+0530] {processor.py:161} INFO - Started process (PID=8830) to work on /home/arun/.local/lib/python3.10/site-packages/airflow/example_dags/example_external_task_marker_dag.py
[2024-03-04T19:21:08.859+0530] {processor.py:830} INFO - Processing file /home/arun/.local/lib/python3.10/site-packages/airflow/example_dags/example_external_task_marker_dag.py for tasks to queue
[2024-03-04T19:21:08.860+0530] {logging_mixin.py:188} INFO - [2024-03-04T19:21:08.860+0530] {dagbag.py:538} INFO - Filling up the DagBag from /home/arun/.local/lib/python3.10/site-packages/airflow/example_dags/example_external_task_marker_dag.py
[2024-03-04T19:21:08.867+0530] {processor.py:840} INFO - DAG(s) 'example_external_task_marker_child', 'example_external_task_marker_parent' retrieved from /home/arun/.local/lib/python3.10/site-packages/airflow/example_dags/example_external_task_marker_dag.py
[2024-03-04T19:21:08.922+0530] {logging_mixin.py:188} INFO - [2024-03-04T19:21:08.922+0530] {dag.py:3036} INFO - Sync 2 DAGs
[2024-03-04T19:21:09.026+0530] {logging_mixin.py:188} INFO - [2024-03-04T19:21:09.026+0530] {dag.py:3823} INFO - Setting next_dagrun for example_external_task_marker_child to None, run_after=None
[2024-03-04T19:21:09.032+0530] {logging_mixin.py:188} INFO - [2024-03-04T19:21:09.031+0530] {dag.py:3823} INFO - Setting next_dagrun for example_external_task_marker_parent to None, run_after=None
[2024-03-04T19:21:09.136+0530] {processor.py:183} INFO - Processing /home/arun/.local/lib/python3.10/site-packages/airflow/example_dags/example_external_task_marker_dag.py took 0.370 seconds
[2024-03-04T19:22:40.133+0530] {processor.py:161} INFO - Started process (PID=9006) to work on /home/arun/.local/lib/python3.10/site-packages/airflow/example_dags/example_external_task_marker_dag.py
[2024-03-04T19:22:40.167+0530] {processor.py:830} INFO - Processing file /home/arun/.local/lib/python3.10/site-packages/airflow/example_dags/example_external_task_marker_dag.py for tasks to queue
[2024-03-04T19:22:40.168+0530] {logging_mixin.py:188} INFO - [2024-03-04T19:22:40.168+0530] {dagbag.py:538} INFO - Filling up the DagBag from /home/arun/.local/lib/python3.10/site-packages/airflow/example_dags/example_external_task_marker_dag.py
[2024-03-04T19:22:40.177+0530] {processor.py:840} INFO - DAG(s) 'example_external_task_marker_child', 'example_external_task_marker_parent' retrieved from /home/arun/.local/lib/python3.10/site-packages/airflow/example_dags/example_external_task_marker_dag.py
[2024-03-04T19:22:40.200+0530] {logging_mixin.py:188} INFO - [2024-03-04T19:22:40.200+0530] {dag.py:3036} INFO - Sync 2 DAGs
[2024-03-04T19:22:40.214+0530] {logging_mixin.py:188} INFO - [2024-03-04T19:22:40.214+0530] {dag.py:3823} INFO - Setting next_dagrun for example_external_task_marker_child to None, run_after=None
[2024-03-04T19:22:40.218+0530] {logging_mixin.py:188} INFO - [2024-03-04T19:22:40.217+0530] {dag.py:3823} INFO - Setting next_dagrun for example_external_task_marker_parent to None, run_after=None
[2024-03-04T19:22:40.245+0530] {processor.py:183} INFO - Processing /home/arun/.local/lib/python3.10/site-packages/airflow/example_dags/example_external_task_marker_dag.py took 0.117 seconds
[2024-03-04T19:24:03.638+0530] {processor.py:161} INFO - Started process (PID=9176) to work on /home/arun/.local/lib/python3.10/site-packages/airflow/example_dags/example_external_task_marker_dag.py
[2024-03-04T19:24:03.679+0530] {processor.py:830} INFO - Processing file /home/arun/.local/lib/python3.10/site-packages/airflow/example_dags/example_external_task_marker_dag.py for tasks to queue
[2024-03-04T19:24:03.681+0530] {logging_mixin.py:188} INFO - [2024-03-04T19:24:03.681+0530] {dagbag.py:538} INFO - Filling up the DagBag from /home/arun/.local/lib/python3.10/site-packages/airflow/example_dags/example_external_task_marker_dag.py
[2024-03-04T19:24:03.696+0530] {processor.py:840} INFO - DAG(s) 'example_external_task_marker_child', 'example_external_task_marker_parent' retrieved from /home/arun/.local/lib/python3.10/site-packages/airflow/example_dags/example_external_task_marker_dag.py
[2024-03-04T19:24:03.726+0530] {logging_mixin.py:188} INFO - [2024-03-04T19:24:03.726+0530] {dag.py:3036} INFO - Sync 2 DAGs
[2024-03-04T19:24:03.742+0530] {logging_mixin.py:188} INFO - [2024-03-04T19:24:03.741+0530] {dag.py:3823} INFO - Setting next_dagrun for example_external_task_marker_child to None, run_after=None
[2024-03-04T19:24:03.745+0530] {logging_mixin.py:188} INFO - [2024-03-04T19:24:03.745+0530] {dag.py:3823} INFO - Setting next_dagrun for example_external_task_marker_parent to None, run_after=None
[2024-03-04T19:24:03.770+0530] {processor.py:183} INFO - Processing /home/arun/.local/lib/python3.10/site-packages/airflow/example_dags/example_external_task_marker_dag.py took 0.137 seconds
[2024-03-04T19:25:21.086+0530] {processor.py:161} INFO - Started process (PID=9317) to work on /home/arun/.local/lib/python3.10/site-packages/airflow/example_dags/example_external_task_marker_dag.py
[2024-03-04T19:25:21.116+0530] {processor.py:830} INFO - Processing file /home/arun/.local/lib/python3.10/site-packages/airflow/example_dags/example_external_task_marker_dag.py for tasks to queue
[2024-03-04T19:25:21.118+0530] {logging_mixin.py:188} INFO - [2024-03-04T19:25:21.117+0530] {dagbag.py:538} INFO - Filling up the DagBag from /home/arun/.local/lib/python3.10/site-packages/airflow/example_dags/example_external_task_marker_dag.py
[2024-03-04T19:25:21.127+0530] {processor.py:840} INFO - DAG(s) 'example_external_task_marker_parent', 'example_external_task_marker_child' retrieved from /home/arun/.local/lib/python3.10/site-packages/airflow/example_dags/example_external_task_marker_dag.py
[2024-03-04T19:25:21.163+0530] {logging_mixin.py:188} INFO - [2024-03-04T19:25:21.163+0530] {dag.py:3036} INFO - Sync 2 DAGs
[2024-03-04T19:25:21.187+0530] {logging_mixin.py:188} INFO - [2024-03-04T19:25:21.186+0530] {dag.py:3823} INFO - Setting next_dagrun for example_external_task_marker_child to None, run_after=None
[2024-03-04T19:25:21.193+0530] {logging_mixin.py:188} INFO - [2024-03-04T19:25:21.193+0530] {dag.py:3823} INFO - Setting next_dagrun for example_external_task_marker_parent to None, run_after=None
[2024-03-04T19:25:21.233+0530] {processor.py:183} INFO - Processing /home/arun/.local/lib/python3.10/site-packages/airflow/example_dags/example_external_task_marker_dag.py took 0.150 seconds
[2024-03-04T19:26:38.565+0530] {processor.py:161} INFO - Started process (PID=9489) to work on /home/arun/.local/lib/python3.10/site-packages/airflow/example_dags/example_external_task_marker_dag.py
[2024-03-04T19:26:38.581+0530] {processor.py:830} INFO - Processing file /home/arun/.local/lib/python3.10/site-packages/airflow/example_dags/example_external_task_marker_dag.py for tasks to queue
[2024-03-04T19:26:38.582+0530] {logging_mixin.py:188} INFO - [2024-03-04T19:26:38.582+0530] {dagbag.py:538} INFO - Filling up the DagBag from /home/arun/.local/lib/python3.10/site-packages/airflow/example_dags/example_external_task_marker_dag.py
[2024-03-04T19:26:38.589+0530] {processor.py:840} INFO - DAG(s) 'example_external_task_marker_parent', 'example_external_task_marker_child' retrieved from /home/arun/.local/lib/python3.10/site-packages/airflow/example_dags/example_external_task_marker_dag.py
[2024-03-04T19:26:38.607+0530] {logging_mixin.py:188} INFO - [2024-03-04T19:26:38.607+0530] {dag.py:3036} INFO - Sync 2 DAGs
[2024-03-04T19:26:38.618+0530] {logging_mixin.py:188} INFO - [2024-03-04T19:26:38.618+0530] {dag.py:3823} INFO - Setting next_dagrun for example_external_task_marker_child to None, run_after=None
[2024-03-04T19:26:38.621+0530] {logging_mixin.py:188} INFO - [2024-03-04T19:26:38.621+0530] {dag.py:3823} INFO - Setting next_dagrun for example_external_task_marker_parent to None, run_after=None
[2024-03-04T19:26:38.681+0530] {processor.py:183} INFO - Processing /home/arun/.local/lib/python3.10/site-packages/airflow/example_dags/example_external_task_marker_dag.py took 0.119 seconds
[2024-03-04T19:27:59.574+0530] {processor.py:161} INFO - Started process (PID=9663) to work on /home/arun/.local/lib/python3.10/site-packages/airflow/example_dags/example_external_task_marker_dag.py
[2024-03-04T19:27:59.631+0530] {processor.py:830} INFO - Processing file /home/arun/.local/lib/python3.10/site-packages/airflow/example_dags/example_external_task_marker_dag.py for tasks to queue
[2024-03-04T19:27:59.635+0530] {logging_mixin.py:188} INFO - [2024-03-04T19:27:59.635+0530] {dagbag.py:538} INFO - Filling up the DagBag from /home/arun/.local/lib/python3.10/site-packages/airflow/example_dags/example_external_task_marker_dag.py
[2024-03-04T19:27:59.665+0530] {processor.py:840} INFO - DAG(s) 'example_external_task_marker_parent', 'example_external_task_marker_child' retrieved from /home/arun/.local/lib/python3.10/site-packages/airflow/example_dags/example_external_task_marker_dag.py
[2024-03-04T19:27:59.710+0530] {logging_mixin.py:188} INFO - [2024-03-04T19:27:59.710+0530] {dag.py:3036} INFO - Sync 2 DAGs
[2024-03-04T19:27:59.729+0530] {logging_mixin.py:188} INFO - [2024-03-04T19:27:59.729+0530] {dag.py:3823} INFO - Setting next_dagrun for example_external_task_marker_child to None, run_after=None
[2024-03-04T19:27:59.735+0530] {logging_mixin.py:188} INFO - [2024-03-04T19:27:59.735+0530] {dag.py:3823} INFO - Setting next_dagrun for example_external_task_marker_parent to None, run_after=None
[2024-03-04T19:27:59.839+0530] {processor.py:183} INFO - Processing /home/arun/.local/lib/python3.10/site-packages/airflow/example_dags/example_external_task_marker_dag.py took 0.276 seconds
[2024-03-04T22:55:55.531+0530] {processor.py:161} INFO - Started process (PID=5655) to work on /home/arun/.local/lib/python3.10/site-packages/airflow/example_dags/example_external_task_marker_dag.py
[2024-03-04T22:55:55.575+0530] {processor.py:830} INFO - Processing file /home/arun/.local/lib/python3.10/site-packages/airflow/example_dags/example_external_task_marker_dag.py for tasks to queue
[2024-03-04T22:55:55.589+0530] {logging_mixin.py:188} INFO - [2024-03-04T22:55:55.576+0530] {dagbag.py:538} INFO - Filling up the DagBag from /home/arun/.local/lib/python3.10/site-packages/airflow/example_dags/example_external_task_marker_dag.py
[2024-03-04T22:55:55.600+0530] {processor.py:840} INFO - DAG(s) 'example_external_task_marker_child', 'example_external_task_marker_parent' retrieved from /home/arun/.local/lib/python3.10/site-packages/airflow/example_dags/example_external_task_marker_dag.py
[2024-03-04T22:55:55.930+0530] {logging_mixin.py:188} INFO - [2024-03-04T22:55:55.929+0530] {dag.py:3036} INFO - Sync 2 DAGs
[2024-03-04T22:55:55.953+0530] {logging_mixin.py:188} INFO - [2024-03-04T22:55:55.953+0530] {dag.py:3823} INFO - Setting next_dagrun for example_external_task_marker_child to None, run_after=None
[2024-03-04T22:55:55.957+0530] {logging_mixin.py:188} INFO - [2024-03-04T22:55:55.957+0530] {dag.py:3823} INFO - Setting next_dagrun for example_external_task_marker_parent to None, run_after=None
[2024-03-04T22:55:56.076+0530] {processor.py:183} INFO - Processing /home/arun/.local/lib/python3.10/site-packages/airflow/example_dags/example_external_task_marker_dag.py took 0.552 seconds
[2024-03-04T22:57:31.776+0530] {processor.py:161} INFO - Started process (PID=5747) to work on /home/arun/.local/lib/python3.10/site-packages/airflow/example_dags/example_external_task_marker_dag.py
[2024-03-04T22:57:31.824+0530] {processor.py:830} INFO - Processing file /home/arun/.local/lib/python3.10/site-packages/airflow/example_dags/example_external_task_marker_dag.py for tasks to queue
[2024-03-04T22:57:31.835+0530] {logging_mixin.py:188} INFO - [2024-03-04T22:57:31.825+0530] {dagbag.py:538} INFO - Filling up the DagBag from /home/arun/.local/lib/python3.10/site-packages/airflow/example_dags/example_external_task_marker_dag.py
[2024-03-04T22:57:31.848+0530] {processor.py:840} INFO - DAG(s) 'example_external_task_marker_child', 'example_external_task_marker_parent' retrieved from /home/arun/.local/lib/python3.10/site-packages/airflow/example_dags/example_external_task_marker_dag.py
[2024-03-04T22:57:31.951+0530] {logging_mixin.py:188} INFO - [2024-03-04T22:57:31.951+0530] {dag.py:3036} INFO - Sync 2 DAGs
[2024-03-04T22:57:32.016+0530] {logging_mixin.py:188} INFO - [2024-03-04T22:57:32.015+0530] {dag.py:3823} INFO - Setting next_dagrun for example_external_task_marker_child to None, run_after=None
[2024-03-04T22:57:32.023+0530] {logging_mixin.py:188} INFO - [2024-03-04T22:57:32.023+0530] {dag.py:3823} INFO - Setting next_dagrun for example_external_task_marker_parent to None, run_after=None
[2024-03-04T22:57:32.161+0530] {processor.py:183} INFO - Processing /home/arun/.local/lib/python3.10/site-packages/airflow/example_dags/example_external_task_marker_dag.py took 0.395 seconds
[2024-03-04T22:59:36.134+0530] {processor.py:161} INFO - Started process (PID=5875) to work on /home/arun/.local/lib/python3.10/site-packages/airflow/example_dags/example_external_task_marker_dag.py
[2024-03-04T22:59:36.183+0530] {processor.py:830} INFO - Processing file /home/arun/.local/lib/python3.10/site-packages/airflow/example_dags/example_external_task_marker_dag.py for tasks to queue
[2024-03-04T22:59:36.188+0530] {logging_mixin.py:188} INFO - [2024-03-04T22:59:36.184+0530] {dagbag.py:538} INFO - Filling up the DagBag from /home/arun/.local/lib/python3.10/site-packages/airflow/example_dags/example_external_task_marker_dag.py
[2024-03-04T22:59:36.202+0530] {processor.py:840} INFO - DAG(s) 'example_external_task_marker_child', 'example_external_task_marker_parent' retrieved from /home/arun/.local/lib/python3.10/site-packages/airflow/example_dags/example_external_task_marker_dag.py
[2024-03-04T22:59:36.299+0530] {logging_mixin.py:188} INFO - [2024-03-04T22:59:36.299+0530] {dag.py:3036} INFO - Sync 2 DAGs
[2024-03-04T22:59:36.339+0530] {logging_mixin.py:188} INFO - [2024-03-04T22:59:36.339+0530] {dag.py:3823} INFO - Setting next_dagrun for example_external_task_marker_child to None, run_after=None
[2024-03-04T22:59:36.362+0530] {logging_mixin.py:188} INFO - [2024-03-04T22:59:36.361+0530] {dag.py:3823} INFO - Setting next_dagrun for example_external_task_marker_parent to None, run_after=None
[2024-03-04T22:59:36.480+0530] {processor.py:183} INFO - Processing /home/arun/.local/lib/python3.10/site-packages/airflow/example_dags/example_external_task_marker_dag.py took 0.352 seconds
[2024-03-04T23:01:10.702+0530] {processor.py:161} INFO - Started process (PID=6032) to work on /home/arun/.local/lib/python3.10/site-packages/airflow/example_dags/example_external_task_marker_dag.py
[2024-03-04T23:01:10.737+0530] {processor.py:830} INFO - Processing file /home/arun/.local/lib/python3.10/site-packages/airflow/example_dags/example_external_task_marker_dag.py for tasks to queue
[2024-03-04T23:01:10.739+0530] {logging_mixin.py:188} INFO - [2024-03-04T23:01:10.738+0530] {dagbag.py:538} INFO - Filling up the DagBag from /home/arun/.local/lib/python3.10/site-packages/airflow/example_dags/example_external_task_marker_dag.py
[2024-03-04T23:01:10.744+0530] {processor.py:840} INFO - DAG(s) 'example_external_task_marker_parent', 'example_external_task_marker_child' retrieved from /home/arun/.local/lib/python3.10/site-packages/airflow/example_dags/example_external_task_marker_dag.py
[2024-03-04T23:01:10.765+0530] {logging_mixin.py:188} INFO - [2024-03-04T23:01:10.765+0530] {dag.py:3036} INFO - Sync 2 DAGs
[2024-03-04T23:01:10.779+0530] {logging_mixin.py:188} INFO - [2024-03-04T23:01:10.779+0530] {dag.py:3823} INFO - Setting next_dagrun for example_external_task_marker_child to None, run_after=None
[2024-03-04T23:01:10.782+0530] {logging_mixin.py:188} INFO - [2024-03-04T23:01:10.782+0530] {dag.py:3823} INFO - Setting next_dagrun for example_external_task_marker_parent to None, run_after=None
[2024-03-04T23:01:10.809+0530] {processor.py:183} INFO - Processing /home/arun/.local/lib/python3.10/site-packages/airflow/example_dags/example_external_task_marker_dag.py took 0.110 seconds
[2024-03-04T23:02:35.116+0530] {processor.py:161} INFO - Started process (PID=6170) to work on /home/arun/.local/lib/python3.10/site-packages/airflow/example_dags/example_external_task_marker_dag.py
[2024-03-04T23:02:35.153+0530] {processor.py:830} INFO - Processing file /home/arun/.local/lib/python3.10/site-packages/airflow/example_dags/example_external_task_marker_dag.py for tasks to queue
[2024-03-04T23:02:35.154+0530] {logging_mixin.py:188} INFO - [2024-03-04T23:02:35.154+0530] {dagbag.py:538} INFO - Filling up the DagBag from /home/arun/.local/lib/python3.10/site-packages/airflow/example_dags/example_external_task_marker_dag.py
[2024-03-04T23:02:35.162+0530] {processor.py:840} INFO - DAG(s) 'example_external_task_marker_parent', 'example_external_task_marker_child' retrieved from /home/arun/.local/lib/python3.10/site-packages/airflow/example_dags/example_external_task_marker_dag.py
[2024-03-04T23:02:35.189+0530] {logging_mixin.py:188} INFO - [2024-03-04T23:02:35.189+0530] {dag.py:3036} INFO - Sync 2 DAGs
[2024-03-04T23:02:35.206+0530] {logging_mixin.py:188} INFO - [2024-03-04T23:02:35.206+0530] {dag.py:3823} INFO - Setting next_dagrun for example_external_task_marker_child to None, run_after=None
[2024-03-04T23:02:35.211+0530] {logging_mixin.py:188} INFO - [2024-03-04T23:02:35.211+0530] {dag.py:3823} INFO - Setting next_dagrun for example_external_task_marker_parent to None, run_after=None
[2024-03-04T23:02:35.248+0530] {processor.py:183} INFO - Processing /home/arun/.local/lib/python3.10/site-packages/airflow/example_dags/example_external_task_marker_dag.py took 0.137 seconds
[2024-03-04T23:04:22.958+0530] {processor.py:161} INFO - Started process (PID=6722) to work on /home/arun/.local/lib/python3.10/site-packages/airflow/example_dags/example_external_task_marker_dag.py
[2024-03-04T23:04:23.044+0530] {processor.py:830} INFO - Processing file /home/arun/.local/lib/python3.10/site-packages/airflow/example_dags/example_external_task_marker_dag.py for tasks to queue
[2024-03-04T23:04:23.046+0530] {logging_mixin.py:188} INFO - [2024-03-04T23:04:23.045+0530] {dagbag.py:538} INFO - Filling up the DagBag from /home/arun/.local/lib/python3.10/site-packages/airflow/example_dags/example_external_task_marker_dag.py
[2024-03-04T23:04:23.058+0530] {processor.py:840} INFO - DAG(s) 'example_external_task_marker_child', 'example_external_task_marker_parent' retrieved from /home/arun/.local/lib/python3.10/site-packages/airflow/example_dags/example_external_task_marker_dag.py
[2024-03-04T23:04:23.099+0530] {logging_mixin.py:188} INFO - [2024-03-04T23:04:23.099+0530] {dag.py:3036} INFO - Sync 2 DAGs
[2024-03-04T23:04:23.174+0530] {logging_mixin.py:188} INFO - [2024-03-04T23:04:23.174+0530] {dag.py:3823} INFO - Setting next_dagrun for example_external_task_marker_child to None, run_after=None
[2024-03-04T23:04:23.186+0530] {logging_mixin.py:188} INFO - [2024-03-04T23:04:23.186+0530] {dag.py:3823} INFO - Setting next_dagrun for example_external_task_marker_parent to None, run_after=None
[2024-03-04T23:04:23.253+0530] {processor.py:183} INFO - Processing /home/arun/.local/lib/python3.10/site-packages/airflow/example_dags/example_external_task_marker_dag.py took 0.300 seconds
[2024-03-04T23:06:13.623+0530] {processor.py:161} INFO - Started process (PID=6923) to work on /home/arun/.local/lib/python3.10/site-packages/airflow/example_dags/example_external_task_marker_dag.py
[2024-03-04T23:06:13.750+0530] {processor.py:830} INFO - Processing file /home/arun/.local/lib/python3.10/site-packages/airflow/example_dags/example_external_task_marker_dag.py for tasks to queue
[2024-03-04T23:06:13.751+0530] {logging_mixin.py:188} INFO - [2024-03-04T23:06:13.751+0530] {dagbag.py:538} INFO - Filling up the DagBag from /home/arun/.local/lib/python3.10/site-packages/airflow/example_dags/example_external_task_marker_dag.py
[2024-03-04T23:06:13.766+0530] {processor.py:840} INFO - DAG(s) 'example_external_task_marker_parent', 'example_external_task_marker_child' retrieved from /home/arun/.local/lib/python3.10/site-packages/airflow/example_dags/example_external_task_marker_dag.py
[2024-03-04T23:06:13.813+0530] {logging_mixin.py:188} INFO - [2024-03-04T23:06:13.813+0530] {dag.py:3036} INFO - Sync 2 DAGs
[2024-03-04T23:06:13.861+0530] {logging_mixin.py:188} INFO - [2024-03-04T23:06:13.858+0530] {dag.py:3823} INFO - Setting next_dagrun for example_external_task_marker_child to None, run_after=None
[2024-03-04T23:06:13.876+0530] {logging_mixin.py:188} INFO - [2024-03-04T23:06:13.875+0530] {dag.py:3823} INFO - Setting next_dagrun for example_external_task_marker_parent to None, run_after=None
[2024-03-04T23:06:13.919+0530] {processor.py:183} INFO - Processing /home/arun/.local/lib/python3.10/site-packages/airflow/example_dags/example_external_task_marker_dag.py took 0.300 seconds
[2024-03-04T23:07:44.154+0530] {processor.py:161} INFO - Started process (PID=7127) to work on /home/arun/.local/lib/python3.10/site-packages/airflow/example_dags/example_external_task_marker_dag.py
[2024-03-04T23:07:44.187+0530] {processor.py:830} INFO - Processing file /home/arun/.local/lib/python3.10/site-packages/airflow/example_dags/example_external_task_marker_dag.py for tasks to queue
[2024-03-04T23:07:44.188+0530] {logging_mixin.py:188} INFO - [2024-03-04T23:07:44.188+0530] {dagbag.py:538} INFO - Filling up the DagBag from /home/arun/.local/lib/python3.10/site-packages/airflow/example_dags/example_external_task_marker_dag.py
[2024-03-04T23:07:44.195+0530] {processor.py:840} INFO - DAG(s) 'example_external_task_marker_child', 'example_external_task_marker_parent' retrieved from /home/arun/.local/lib/python3.10/site-packages/airflow/example_dags/example_external_task_marker_dag.py
[2024-03-04T23:07:44.219+0530] {logging_mixin.py:188} INFO - [2024-03-04T23:07:44.219+0530] {dag.py:3036} INFO - Sync 2 DAGs
[2024-03-04T23:07:44.236+0530] {logging_mixin.py:188} INFO - [2024-03-04T23:07:44.236+0530] {dag.py:3823} INFO - Setting next_dagrun for example_external_task_marker_child to None, run_after=None
[2024-03-04T23:07:44.240+0530] {logging_mixin.py:188} INFO - [2024-03-04T23:07:44.240+0530] {dag.py:3823} INFO - Setting next_dagrun for example_external_task_marker_parent to None, run_after=None
[2024-03-04T23:07:44.284+0530] {processor.py:183} INFO - Processing /home/arun/.local/lib/python3.10/site-packages/airflow/example_dags/example_external_task_marker_dag.py took 0.134 seconds
[2024-03-04T23:09:15.103+0530] {processor.py:161} INFO - Started process (PID=7294) to work on /home/arun/.local/lib/python3.10/site-packages/airflow/example_dags/example_external_task_marker_dag.py
[2024-03-04T23:09:15.138+0530] {processor.py:830} INFO - Processing file /home/arun/.local/lib/python3.10/site-packages/airflow/example_dags/example_external_task_marker_dag.py for tasks to queue
[2024-03-04T23:09:15.140+0530] {logging_mixin.py:188} INFO - [2024-03-04T23:09:15.139+0530] {dagbag.py:538} INFO - Filling up the DagBag from /home/arun/.local/lib/python3.10/site-packages/airflow/example_dags/example_external_task_marker_dag.py
[2024-03-04T23:09:15.149+0530] {processor.py:840} INFO - DAG(s) 'example_external_task_marker_parent', 'example_external_task_marker_child' retrieved from /home/arun/.local/lib/python3.10/site-packages/airflow/example_dags/example_external_task_marker_dag.py
[2024-03-04T23:09:15.180+0530] {logging_mixin.py:188} INFO - [2024-03-04T23:09:15.180+0530] {dag.py:3036} INFO - Sync 2 DAGs
[2024-03-04T23:09:15.201+0530] {logging_mixin.py:188} INFO - [2024-03-04T23:09:15.201+0530] {dag.py:3823} INFO - Setting next_dagrun for example_external_task_marker_child to None, run_after=None
[2024-03-04T23:09:15.206+0530] {logging_mixin.py:188} INFO - [2024-03-04T23:09:15.206+0530] {dag.py:3823} INFO - Setting next_dagrun for example_external_task_marker_parent to None, run_after=None
[2024-03-04T23:09:15.263+0530] {processor.py:183} INFO - Processing /home/arun/.local/lib/python3.10/site-packages/airflow/example_dags/example_external_task_marker_dag.py took 0.164 seconds
[2024-03-04T23:10:44.395+0530] {processor.py:161} INFO - Started process (PID=7470) to work on /home/arun/.local/lib/python3.10/site-packages/airflow/example_dags/example_external_task_marker_dag.py
[2024-03-04T23:10:44.440+0530] {processor.py:830} INFO - Processing file /home/arun/.local/lib/python3.10/site-packages/airflow/example_dags/example_external_task_marker_dag.py for tasks to queue
[2024-03-04T23:10:44.443+0530] {logging_mixin.py:188} INFO - [2024-03-04T23:10:44.443+0530] {dagbag.py:538} INFO - Filling up the DagBag from /home/arun/.local/lib/python3.10/site-packages/airflow/example_dags/example_external_task_marker_dag.py
[2024-03-04T23:10:44.456+0530] {processor.py:840} INFO - DAG(s) 'example_external_task_marker_child', 'example_external_task_marker_parent' retrieved from /home/arun/.local/lib/python3.10/site-packages/airflow/example_dags/example_external_task_marker_dag.py
[2024-03-04T23:10:44.480+0530] {logging_mixin.py:188} INFO - [2024-03-04T23:10:44.479+0530] {dag.py:3036} INFO - Sync 2 DAGs
[2024-03-04T23:10:44.494+0530] {logging_mixin.py:188} INFO - [2024-03-04T23:10:44.494+0530] {dag.py:3823} INFO - Setting next_dagrun for example_external_task_marker_child to None, run_after=None
[2024-03-04T23:10:44.497+0530] {logging_mixin.py:188} INFO - [2024-03-04T23:10:44.497+0530] {dag.py:3823} INFO - Setting next_dagrun for example_external_task_marker_parent to None, run_after=None
[2024-03-04T23:10:44.526+0530] {processor.py:183} INFO - Processing /home/arun/.local/lib/python3.10/site-packages/airflow/example_dags/example_external_task_marker_dag.py took 0.135 seconds
[2024-03-04T23:12:17.297+0530] {processor.py:161} INFO - Started process (PID=7691) to work on /home/arun/.local/lib/python3.10/site-packages/airflow/example_dags/example_external_task_marker_dag.py
[2024-03-04T23:12:17.301+0530] {processor.py:830} INFO - Processing file /home/arun/.local/lib/python3.10/site-packages/airflow/example_dags/example_external_task_marker_dag.py for tasks to queue
[2024-03-04T23:12:17.302+0530] {logging_mixin.py:188} INFO - [2024-03-04T23:12:17.302+0530] {dagbag.py:538} INFO - Filling up the DagBag from /home/arun/.local/lib/python3.10/site-packages/airflow/example_dags/example_external_task_marker_dag.py
[2024-03-04T23:12:17.315+0530] {processor.py:840} INFO - DAG(s) 'example_external_task_marker_parent', 'example_external_task_marker_child' retrieved from /home/arun/.local/lib/python3.10/site-packages/airflow/example_dags/example_external_task_marker_dag.py
[2024-03-04T23:12:17.357+0530] {logging_mixin.py:188} INFO - [2024-03-04T23:12:17.357+0530] {dag.py:3036} INFO - Sync 2 DAGs
[2024-03-04T23:12:17.380+0530] {logging_mixin.py:188} INFO - [2024-03-04T23:12:17.380+0530] {dag.py:3823} INFO - Setting next_dagrun for example_external_task_marker_child to None, run_after=None
[2024-03-04T23:12:17.385+0530] {logging_mixin.py:188} INFO - [2024-03-04T23:12:17.385+0530] {dag.py:3823} INFO - Setting next_dagrun for example_external_task_marker_parent to None, run_after=None
[2024-03-04T23:12:17.429+0530] {processor.py:183} INFO - Processing /home/arun/.local/lib/python3.10/site-packages/airflow/example_dags/example_external_task_marker_dag.py took 0.138 seconds
[2024-03-04T23:13:58.961+0530] {processor.py:161} INFO - Started process (PID=7930) to work on /home/arun/.local/lib/python3.10/site-packages/airflow/example_dags/example_external_task_marker_dag.py
[2024-03-04T23:13:58.999+0530] {processor.py:830} INFO - Processing file /home/arun/.local/lib/python3.10/site-packages/airflow/example_dags/example_external_task_marker_dag.py for tasks to queue
[2024-03-04T23:13:59.001+0530] {logging_mixin.py:188} INFO - [2024-03-04T23:13:59.000+0530] {dagbag.py:538} INFO - Filling up the DagBag from /home/arun/.local/lib/python3.10/site-packages/airflow/example_dags/example_external_task_marker_dag.py
[2024-03-04T23:13:59.015+0530] {processor.py:840} INFO - DAG(s) 'example_external_task_marker_child', 'example_external_task_marker_parent' retrieved from /home/arun/.local/lib/python3.10/site-packages/airflow/example_dags/example_external_task_marker_dag.py
[2024-03-04T23:13:59.051+0530] {logging_mixin.py:188} INFO - [2024-03-04T23:13:59.050+0530] {dag.py:3036} INFO - Sync 2 DAGs
[2024-03-04T23:13:59.073+0530] {logging_mixin.py:188} INFO - [2024-03-04T23:13:59.072+0530] {dag.py:3823} INFO - Setting next_dagrun for example_external_task_marker_child to None, run_after=None
[2024-03-04T23:13:59.079+0530] {logging_mixin.py:188} INFO - [2024-03-04T23:13:59.078+0530] {dag.py:3823} INFO - Setting next_dagrun for example_external_task_marker_parent to None, run_after=None
[2024-03-04T23:13:59.123+0530] {processor.py:183} INFO - Processing /home/arun/.local/lib/python3.10/site-packages/airflow/example_dags/example_external_task_marker_dag.py took 0.168 seconds
[2024-03-04T23:15:36.564+0530] {processor.py:161} INFO - Started process (PID=8118) to work on /home/arun/.local/lib/python3.10/site-packages/airflow/example_dags/example_external_task_marker_dag.py
[2024-03-04T23:15:36.584+0530] {processor.py:830} INFO - Processing file /home/arun/.local/lib/python3.10/site-packages/airflow/example_dags/example_external_task_marker_dag.py for tasks to queue
[2024-03-04T23:15:36.586+0530] {logging_mixin.py:188} INFO - [2024-03-04T23:15:36.585+0530] {dagbag.py:538} INFO - Filling up the DagBag from /home/arun/.local/lib/python3.10/site-packages/airflow/example_dags/example_external_task_marker_dag.py
[2024-03-04T23:15:36.606+0530] {processor.py:840} INFO - DAG(s) 'example_external_task_marker_child', 'example_external_task_marker_parent' retrieved from /home/arun/.local/lib/python3.10/site-packages/airflow/example_dags/example_external_task_marker_dag.py
[2024-03-04T23:15:36.634+0530] {logging_mixin.py:188} INFO - [2024-03-04T23:15:36.634+0530] {dag.py:3036} INFO - Sync 2 DAGs
[2024-03-04T23:15:36.654+0530] {logging_mixin.py:188} INFO - [2024-03-04T23:15:36.653+0530] {dag.py:3823} INFO - Setting next_dagrun for example_external_task_marker_child to None, run_after=None
[2024-03-04T23:15:36.658+0530] {logging_mixin.py:188} INFO - [2024-03-04T23:15:36.658+0530] {dag.py:3823} INFO - Setting next_dagrun for example_external_task_marker_parent to None, run_after=None
[2024-03-04T23:15:36.698+0530] {processor.py:183} INFO - Processing /home/arun/.local/lib/python3.10/site-packages/airflow/example_dags/example_external_task_marker_dag.py took 0.139 seconds
[2024-03-04T23:17:34.519+0530] {processor.py:161} INFO - Started process (PID=8360) to work on /home/arun/.local/lib/python3.10/site-packages/airflow/example_dags/example_external_task_marker_dag.py
[2024-03-04T23:17:34.566+0530] {processor.py:830} INFO - Processing file /home/arun/.local/lib/python3.10/site-packages/airflow/example_dags/example_external_task_marker_dag.py for tasks to queue
[2024-03-04T23:17:34.568+0530] {logging_mixin.py:188} INFO - [2024-03-04T23:17:34.567+0530] {dagbag.py:538} INFO - Filling up the DagBag from /home/arun/.local/lib/python3.10/site-packages/airflow/example_dags/example_external_task_marker_dag.py
[2024-03-04T23:17:34.579+0530] {processor.py:840} INFO - DAG(s) 'example_external_task_marker_child', 'example_external_task_marker_parent' retrieved from /home/arun/.local/lib/python3.10/site-packages/airflow/example_dags/example_external_task_marker_dag.py
[2024-03-04T23:17:34.615+0530] {logging_mixin.py:188} INFO - [2024-03-04T23:17:34.615+0530] {dag.py:3036} INFO - Sync 2 DAGs
[2024-03-04T23:17:34.640+0530] {logging_mixin.py:188} INFO - [2024-03-04T23:17:34.639+0530] {dag.py:3823} INFO - Setting next_dagrun for example_external_task_marker_child to None, run_after=None
[2024-03-04T23:17:34.645+0530] {logging_mixin.py:188} INFO - [2024-03-04T23:17:34.644+0530] {dag.py:3823} INFO - Setting next_dagrun for example_external_task_marker_parent to None, run_after=None
[2024-03-04T23:17:34.697+0530] {processor.py:183} INFO - Processing /home/arun/.local/lib/python3.10/site-packages/airflow/example_dags/example_external_task_marker_dag.py took 0.182 seconds
[2024-03-04T23:19:09.507+0530] {processor.py:161} INFO - Started process (PID=8545) to work on /home/arun/.local/lib/python3.10/site-packages/airflow/example_dags/example_external_task_marker_dag.py
[2024-03-04T23:19:09.564+0530] {processor.py:830} INFO - Processing file /home/arun/.local/lib/python3.10/site-packages/airflow/example_dags/example_external_task_marker_dag.py for tasks to queue
[2024-03-04T23:19:09.567+0530] {logging_mixin.py:188} INFO - [2024-03-04T23:19:09.566+0530] {dagbag.py:538} INFO - Filling up the DagBag from /home/arun/.local/lib/python3.10/site-packages/airflow/example_dags/example_external_task_marker_dag.py
[2024-03-04T23:19:09.587+0530] {processor.py:840} INFO - DAG(s) 'example_external_task_marker_child', 'example_external_task_marker_parent' retrieved from /home/arun/.local/lib/python3.10/site-packages/airflow/example_dags/example_external_task_marker_dag.py
[2024-03-04T23:19:09.613+0530] {logging_mixin.py:188} INFO - [2024-03-04T23:19:09.613+0530] {dag.py:3036} INFO - Sync 2 DAGs
[2024-03-04T23:19:09.627+0530] {logging_mixin.py:188} INFO - [2024-03-04T23:19:09.627+0530] {dag.py:3823} INFO - Setting next_dagrun for example_external_task_marker_child to None, run_after=None
[2024-03-04T23:19:09.630+0530] {logging_mixin.py:188} INFO - [2024-03-04T23:19:09.630+0530] {dag.py:3823} INFO - Setting next_dagrun for example_external_task_marker_parent to None, run_after=None
[2024-03-04T23:19:09.661+0530] {processor.py:183} INFO - Processing /home/arun/.local/lib/python3.10/site-packages/airflow/example_dags/example_external_task_marker_dag.py took 0.161 seconds
[2024-03-04T23:20:43.478+0530] {processor.py:161} INFO - Started process (PID=8739) to work on /home/arun/.local/lib/python3.10/site-packages/airflow/example_dags/example_external_task_marker_dag.py
[2024-03-04T23:20:43.515+0530] {processor.py:830} INFO - Processing file /home/arun/.local/lib/python3.10/site-packages/airflow/example_dags/example_external_task_marker_dag.py for tasks to queue
[2024-03-04T23:20:43.518+0530] {logging_mixin.py:188} INFO - [2024-03-04T23:20:43.517+0530] {dagbag.py:538} INFO - Filling up the DagBag from /home/arun/.local/lib/python3.10/site-packages/airflow/example_dags/example_external_task_marker_dag.py
[2024-03-04T23:20:43.531+0530] {processor.py:840} INFO - DAG(s) 'example_external_task_marker_child', 'example_external_task_marker_parent' retrieved from /home/arun/.local/lib/python3.10/site-packages/airflow/example_dags/example_external_task_marker_dag.py
[2024-03-04T23:20:43.562+0530] {logging_mixin.py:188} INFO - [2024-03-04T23:20:43.561+0530] {dag.py:3036} INFO - Sync 2 DAGs
[2024-03-04T23:20:43.584+0530] {logging_mixin.py:188} INFO - [2024-03-04T23:20:43.583+0530] {dag.py:3823} INFO - Setting next_dagrun for example_external_task_marker_child to None, run_after=None
[2024-03-04T23:20:43.588+0530] {logging_mixin.py:188} INFO - [2024-03-04T23:20:43.587+0530] {dag.py:3823} INFO - Setting next_dagrun for example_external_task_marker_parent to None, run_after=None
[2024-03-04T23:20:43.625+0530] {processor.py:183} INFO - Processing /home/arun/.local/lib/python3.10/site-packages/airflow/example_dags/example_external_task_marker_dag.py took 0.150 seconds
[2024-03-04T23:22:22.783+0530] {processor.py:161} INFO - Started process (PID=8956) to work on /home/arun/.local/lib/python3.10/site-packages/airflow/example_dags/example_external_task_marker_dag.py
[2024-03-04T23:22:22.838+0530] {processor.py:830} INFO - Processing file /home/arun/.local/lib/python3.10/site-packages/airflow/example_dags/example_external_task_marker_dag.py for tasks to queue
[2024-03-04T23:22:22.852+0530] {logging_mixin.py:188} INFO - [2024-03-04T23:22:22.852+0530] {dagbag.py:538} INFO - Filling up the DagBag from /home/arun/.local/lib/python3.10/site-packages/airflow/example_dags/example_external_task_marker_dag.py
[2024-03-04T23:22:22.861+0530] {processor.py:840} INFO - DAG(s) 'example_external_task_marker_child', 'example_external_task_marker_parent' retrieved from /home/arun/.local/lib/python3.10/site-packages/airflow/example_dags/example_external_task_marker_dag.py
[2024-03-04T23:22:22.949+0530] {logging_mixin.py:188} INFO - [2024-03-04T23:22:22.949+0530] {dag.py:3036} INFO - Sync 2 DAGs
[2024-03-04T23:22:22.975+0530] {logging_mixin.py:188} INFO - [2024-03-04T23:22:22.974+0530] {dag.py:3823} INFO - Setting next_dagrun for example_external_task_marker_child to None, run_after=None
[2024-03-04T23:22:22.996+0530] {logging_mixin.py:188} INFO - [2024-03-04T23:22:22.989+0530] {dag.py:3823} INFO - Setting next_dagrun for example_external_task_marker_parent to None, run_after=None
[2024-03-04T23:22:23.191+0530] {processor.py:183} INFO - Processing /home/arun/.local/lib/python3.10/site-packages/airflow/example_dags/example_external_task_marker_dag.py took 0.414 seconds
[2024-03-04T23:24:31.502+0530] {processor.py:161} INFO - Started process (PID=9296) to work on /home/arun/.local/lib/python3.10/site-packages/airflow/example_dags/example_external_task_marker_dag.py
[2024-03-04T23:24:31.524+0530] {processor.py:830} INFO - Processing file /home/arun/.local/lib/python3.10/site-packages/airflow/example_dags/example_external_task_marker_dag.py for tasks to queue
[2024-03-04T23:24:31.528+0530] {logging_mixin.py:188} INFO - [2024-03-04T23:24:31.527+0530] {dagbag.py:538} INFO - Filling up the DagBag from /home/arun/.local/lib/python3.10/site-packages/airflow/example_dags/example_external_task_marker_dag.py
[2024-03-04T23:24:31.539+0530] {processor.py:840} INFO - DAG(s) 'example_external_task_marker_parent', 'example_external_task_marker_child' retrieved from /home/arun/.local/lib/python3.10/site-packages/airflow/example_dags/example_external_task_marker_dag.py
[2024-03-04T23:24:31.587+0530] {logging_mixin.py:188} INFO - [2024-03-04T23:24:31.586+0530] {dag.py:3036} INFO - Sync 2 DAGs
[2024-03-04T23:24:31.614+0530] {logging_mixin.py:188} INFO - [2024-03-04T23:24:31.608+0530] {dag.py:3823} INFO - Setting next_dagrun for example_external_task_marker_child to None, run_after=None
[2024-03-04T23:24:31.621+0530] {logging_mixin.py:188} INFO - [2024-03-04T23:24:31.620+0530] {dag.py:3823} INFO - Setting next_dagrun for example_external_task_marker_parent to None, run_after=None
[2024-03-04T23:24:31.666+0530] {processor.py:183} INFO - Processing /home/arun/.local/lib/python3.10/site-packages/airflow/example_dags/example_external_task_marker_dag.py took 0.171 seconds
[2024-03-04T23:27:09.954+0530] {processor.py:161} INFO - Started process (PID=10245) to work on /home/arun/.local/lib/python3.10/site-packages/airflow/example_dags/example_external_task_marker_dag.py
[2024-03-04T23:27:10.018+0530] {processor.py:830} INFO - Processing file /home/arun/.local/lib/python3.10/site-packages/airflow/example_dags/example_external_task_marker_dag.py for tasks to queue
[2024-03-04T23:27:10.019+0530] {logging_mixin.py:188} INFO - [2024-03-04T23:27:10.018+0530] {dagbag.py:538} INFO - Filling up the DagBag from /home/arun/.local/lib/python3.10/site-packages/airflow/example_dags/example_external_task_marker_dag.py
[2024-03-04T23:27:10.027+0530] {processor.py:840} INFO - DAG(s) 'example_external_task_marker_child', 'example_external_task_marker_parent' retrieved from /home/arun/.local/lib/python3.10/site-packages/airflow/example_dags/example_external_task_marker_dag.py
[2024-03-04T23:27:10.052+0530] {logging_mixin.py:188} INFO - [2024-03-04T23:27:10.052+0530] {dag.py:3036} INFO - Sync 2 DAGs
[2024-03-04T23:27:10.070+0530] {logging_mixin.py:188} INFO - [2024-03-04T23:27:10.069+0530] {dag.py:3823} INFO - Setting next_dagrun for example_external_task_marker_child to None, run_after=None
[2024-03-04T23:27:10.074+0530] {logging_mixin.py:188} INFO - [2024-03-04T23:27:10.074+0530] {dag.py:3823} INFO - Setting next_dagrun for example_external_task_marker_parent to None, run_after=None
[2024-03-04T23:27:10.153+0530] {processor.py:183} INFO - Processing /home/arun/.local/lib/python3.10/site-packages/airflow/example_dags/example_external_task_marker_dag.py took 0.203 seconds
[2024-03-04T23:28:50.692+0530] {processor.py:161} INFO - Started process (PID=10400) to work on /home/arun/.local/lib/python3.10/site-packages/airflow/example_dags/example_external_task_marker_dag.py
[2024-03-04T23:28:50.705+0530] {processor.py:830} INFO - Processing file /home/arun/.local/lib/python3.10/site-packages/airflow/example_dags/example_external_task_marker_dag.py for tasks to queue
[2024-03-04T23:28:50.706+0530] {logging_mixin.py:188} INFO - [2024-03-04T23:28:50.705+0530] {dagbag.py:538} INFO - Filling up the DagBag from /home/arun/.local/lib/python3.10/site-packages/airflow/example_dags/example_external_task_marker_dag.py
[2024-03-04T23:28:50.714+0530] {processor.py:840} INFO - DAG(s) 'example_external_task_marker_parent', 'example_external_task_marker_child' retrieved from /home/arun/.local/lib/python3.10/site-packages/airflow/example_dags/example_external_task_marker_dag.py
[2024-03-04T23:28:50.738+0530] {logging_mixin.py:188} INFO - [2024-03-04T23:28:50.738+0530] {dag.py:3036} INFO - Sync 2 DAGs
[2024-03-04T23:28:50.753+0530] {logging_mixin.py:188} INFO - [2024-03-04T23:28:50.753+0530] {dag.py:3823} INFO - Setting next_dagrun for example_external_task_marker_child to None, run_after=None
[2024-03-04T23:28:50.757+0530] {logging_mixin.py:188} INFO - [2024-03-04T23:28:50.757+0530] {dag.py:3823} INFO - Setting next_dagrun for example_external_task_marker_parent to None, run_after=None
[2024-03-04T23:28:50.792+0530] {processor.py:183} INFO - Processing /home/arun/.local/lib/python3.10/site-packages/airflow/example_dags/example_external_task_marker_dag.py took 0.106 seconds
[2024-03-04T23:30:30.570+0530] {processor.py:161} INFO - Started process (PID=10681) to work on /home/arun/.local/lib/python3.10/site-packages/airflow/example_dags/example_external_task_marker_dag.py
[2024-03-04T23:30:30.603+0530] {processor.py:830} INFO - Processing file /home/arun/.local/lib/python3.10/site-packages/airflow/example_dags/example_external_task_marker_dag.py for tasks to queue
[2024-03-04T23:30:30.607+0530] {logging_mixin.py:188} INFO - [2024-03-04T23:30:30.605+0530] {dagbag.py:538} INFO - Filling up the DagBag from /home/arun/.local/lib/python3.10/site-packages/airflow/example_dags/example_external_task_marker_dag.py
[2024-03-04T23:30:30.630+0530] {processor.py:840} INFO - DAG(s) 'example_external_task_marker_child', 'example_external_task_marker_parent' retrieved from /home/arun/.local/lib/python3.10/site-packages/airflow/example_dags/example_external_task_marker_dag.py
[2024-03-04T23:30:30.713+0530] {logging_mixin.py:188} INFO - [2024-03-04T23:30:30.711+0530] {dag.py:3036} INFO - Sync 2 DAGs
[2024-03-04T23:30:30.765+0530] {logging_mixin.py:188} INFO - [2024-03-04T23:30:30.763+0530] {dag.py:3823} INFO - Setting next_dagrun for example_external_task_marker_child to None, run_after=None
[2024-03-04T23:30:30.889+0530] {logging_mixin.py:188} INFO - [2024-03-04T23:30:30.888+0530] {dag.py:3823} INFO - Setting next_dagrun for example_external_task_marker_parent to None, run_after=None
[2024-03-04T23:30:30.927+0530] {processor.py:183} INFO - Processing /home/arun/.local/lib/python3.10/site-packages/airflow/example_dags/example_external_task_marker_dag.py took 0.371 seconds
[2024-03-04T23:32:26.319+0530] {processor.py:161} INFO - Started process (PID=10913) to work on /home/arun/.local/lib/python3.10/site-packages/airflow/example_dags/example_external_task_marker_dag.py
[2024-03-04T23:32:26.356+0530] {processor.py:830} INFO - Processing file /home/arun/.local/lib/python3.10/site-packages/airflow/example_dags/example_external_task_marker_dag.py for tasks to queue
[2024-03-04T23:32:26.358+0530] {logging_mixin.py:188} INFO - [2024-03-04T23:32:26.357+0530] {dagbag.py:538} INFO - Filling up the DagBag from /home/arun/.local/lib/python3.10/site-packages/airflow/example_dags/example_external_task_marker_dag.py
[2024-03-04T23:32:26.365+0530] {processor.py:840} INFO - DAG(s) 'example_external_task_marker_child', 'example_external_task_marker_parent' retrieved from /home/arun/.local/lib/python3.10/site-packages/airflow/example_dags/example_external_task_marker_dag.py
[2024-03-04T23:32:26.385+0530] {logging_mixin.py:188} INFO - [2024-03-04T23:32:26.384+0530] {dag.py:3036} INFO - Sync 2 DAGs
[2024-03-04T23:32:26.398+0530] {logging_mixin.py:188} INFO - [2024-03-04T23:32:26.398+0530] {dag.py:3823} INFO - Setting next_dagrun for example_external_task_marker_child to None, run_after=None
[2024-03-04T23:32:26.402+0530] {logging_mixin.py:188} INFO - [2024-03-04T23:32:26.401+0530] {dag.py:3823} INFO - Setting next_dagrun for example_external_task_marker_parent to None, run_after=None
[2024-03-04T23:32:26.432+0530] {processor.py:183} INFO - Processing /home/arun/.local/lib/python3.10/site-packages/airflow/example_dags/example_external_task_marker_dag.py took 0.119 seconds
[2024-03-04T23:34:07.938+0530] {processor.py:161} INFO - Started process (PID=11106) to work on /home/arun/.local/lib/python3.10/site-packages/airflow/example_dags/example_external_task_marker_dag.py
[2024-03-04T23:34:07.976+0530] {processor.py:830} INFO - Processing file /home/arun/.local/lib/python3.10/site-packages/airflow/example_dags/example_external_task_marker_dag.py for tasks to queue
[2024-03-04T23:34:07.978+0530] {logging_mixin.py:188} INFO - [2024-03-04T23:34:07.977+0530] {dagbag.py:538} INFO - Filling up the DagBag from /home/arun/.local/lib/python3.10/site-packages/airflow/example_dags/example_external_task_marker_dag.py
[2024-03-04T23:34:07.987+0530] {processor.py:840} INFO - DAG(s) 'example_external_task_marker_child', 'example_external_task_marker_parent' retrieved from /home/arun/.local/lib/python3.10/site-packages/airflow/example_dags/example_external_task_marker_dag.py
[2024-03-04T23:34:08.015+0530] {logging_mixin.py:188} INFO - [2024-03-04T23:34:08.014+0530] {dag.py:3036} INFO - Sync 2 DAGs
[2024-03-04T23:34:08.032+0530] {logging_mixin.py:188} INFO - [2024-03-04T23:34:08.031+0530] {dag.py:3823} INFO - Setting next_dagrun for example_external_task_marker_child to None, run_after=None
[2024-03-04T23:34:08.035+0530] {logging_mixin.py:188} INFO - [2024-03-04T23:34:08.035+0530] {dag.py:3823} INFO - Setting next_dagrun for example_external_task_marker_parent to None, run_after=None
[2024-03-04T23:34:08.109+0530] {processor.py:183} INFO - Processing /home/arun/.local/lib/python3.10/site-packages/airflow/example_dags/example_external_task_marker_dag.py took 0.179 seconds
[2024-03-04T23:35:47.129+0530] {processor.py:161} INFO - Started process (PID=11279) to work on /home/arun/.local/lib/python3.10/site-packages/airflow/example_dags/example_external_task_marker_dag.py
[2024-03-04T23:35:47.163+0530] {processor.py:830} INFO - Processing file /home/arun/.local/lib/python3.10/site-packages/airflow/example_dags/example_external_task_marker_dag.py for tasks to queue
[2024-03-04T23:35:47.165+0530] {logging_mixin.py:188} INFO - [2024-03-04T23:35:47.164+0530] {dagbag.py:538} INFO - Filling up the DagBag from /home/arun/.local/lib/python3.10/site-packages/airflow/example_dags/example_external_task_marker_dag.py
[2024-03-04T23:35:47.175+0530] {processor.py:840} INFO - DAG(s) 'example_external_task_marker_child', 'example_external_task_marker_parent' retrieved from /home/arun/.local/lib/python3.10/site-packages/airflow/example_dags/example_external_task_marker_dag.py
[2024-03-04T23:35:47.203+0530] {logging_mixin.py:188} INFO - [2024-03-04T23:35:47.203+0530] {dag.py:3036} INFO - Sync 2 DAGs
[2024-03-04T23:35:47.222+0530] {logging_mixin.py:188} INFO - [2024-03-04T23:35:47.221+0530] {dag.py:3823} INFO - Setting next_dagrun for example_external_task_marker_child to None, run_after=None
[2024-03-04T23:35:47.226+0530] {logging_mixin.py:188} INFO - [2024-03-04T23:35:47.226+0530] {dag.py:3823} INFO - Setting next_dagrun for example_external_task_marker_parent to None, run_after=None
[2024-03-04T23:35:47.265+0530] {processor.py:183} INFO - Processing /home/arun/.local/lib/python3.10/site-packages/airflow/example_dags/example_external_task_marker_dag.py took 0.142 seconds
