[2024-03-04T18:28:55.390+0530] {processor.py:161} INFO - Started process (PID=11903) to work on /home/arun/.local/lib/python3.10/site-packages/airflow/example_dags/example_time_delta_sensor_async.py
[2024-03-04T18:28:55.392+0530] {processor.py:830} INFO - Processing file /home/arun/.local/lib/python3.10/site-packages/airflow/example_dags/example_time_delta_sensor_async.py for tasks to queue
[2024-03-04T18:28:55.394+0530] {logging_mixin.py:188} INFO - [2024-03-04T18:28:55.394+0530] {dagbag.py:538} INFO - Filling up the DagBag from /home/arun/.local/lib/python3.10/site-packages/airflow/example_dags/example_time_delta_sensor_async.py
[2024-03-04T18:28:55.409+0530] {processor.py:840} INFO - DAG(s) 'example_time_delta_sensor_async' retrieved from /home/arun/.local/lib/python3.10/site-packages/airflow/example_dags/example_time_delta_sensor_async.py
[2024-03-04T18:28:55.852+0530] {logging_mixin.py:188} INFO - [2024-03-04T18:28:55.852+0530] {dag.py:3036} INFO - Sync 1 DAGs
[2024-03-04T18:28:55.864+0530] {logging_mixin.py:188} INFO - [2024-03-04T18:28:55.863+0530] {dag.py:3823} INFO - Setting next_dagrun for example_time_delta_sensor_async to None, run_after=None
[2024-03-04T18:28:55.910+0530] {processor.py:183} INFO - Processing /home/arun/.local/lib/python3.10/site-packages/airflow/example_dags/example_time_delta_sensor_async.py took 0.528 seconds
[2024-03-04T18:31:08.757+0530] {processor.py:161} INFO - Started process (PID=12051) to work on /home/arun/.local/lib/python3.10/site-packages/airflow/example_dags/example_time_delta_sensor_async.py
[2024-03-04T18:31:08.779+0530] {processor.py:830} INFO - Processing file /home/arun/.local/lib/python3.10/site-packages/airflow/example_dags/example_time_delta_sensor_async.py for tasks to queue
[2024-03-04T18:31:08.785+0530] {logging_mixin.py:188} INFO - [2024-03-04T18:31:08.783+0530] {dagbag.py:538} INFO - Filling up the DagBag from /home/arun/.local/lib/python3.10/site-packages/airflow/example_dags/example_time_delta_sensor_async.py
[2024-03-04T18:31:08.793+0530] {processor.py:840} INFO - DAG(s) 'example_time_delta_sensor_async' retrieved from /home/arun/.local/lib/python3.10/site-packages/airflow/example_dags/example_time_delta_sensor_async.py
[2024-03-04T18:31:08.837+0530] {logging_mixin.py:188} INFO - [2024-03-04T18:31:08.836+0530] {dag.py:3036} INFO - Sync 1 DAGs
[2024-03-04T18:31:08.873+0530] {logging_mixin.py:188} INFO - [2024-03-04T18:31:08.873+0530] {dag.py:3823} INFO - Setting next_dagrun for example_time_delta_sensor_async to None, run_after=None
[2024-03-04T18:31:08.947+0530] {processor.py:183} INFO - Processing /home/arun/.local/lib/python3.10/site-packages/airflow/example_dags/example_time_delta_sensor_async.py took 0.197 seconds
[2024-03-04T18:32:16.830+0530] {processor.py:161} INFO - Started process (PID=12133) to work on /home/arun/.local/lib/python3.10/site-packages/airflow/example_dags/example_time_delta_sensor_async.py
[2024-03-04T18:32:16.850+0530] {processor.py:830} INFO - Processing file /home/arun/.local/lib/python3.10/site-packages/airflow/example_dags/example_time_delta_sensor_async.py for tasks to queue
[2024-03-04T18:32:16.854+0530] {logging_mixin.py:188} INFO - [2024-03-04T18:32:16.852+0530] {dagbag.py:538} INFO - Filling up the DagBag from /home/arun/.local/lib/python3.10/site-packages/airflow/example_dags/example_time_delta_sensor_async.py
[2024-03-04T18:32:16.866+0530] {processor.py:840} INFO - DAG(s) 'example_time_delta_sensor_async' retrieved from /home/arun/.local/lib/python3.10/site-packages/airflow/example_dags/example_time_delta_sensor_async.py
[2024-03-04T18:32:16.885+0530] {logging_mixin.py:188} INFO - [2024-03-04T18:32:16.885+0530] {dag.py:3036} INFO - Sync 1 DAGs
[2024-03-04T18:32:16.896+0530] {logging_mixin.py:188} INFO - [2024-03-04T18:32:16.896+0530] {dag.py:3823} INFO - Setting next_dagrun for example_time_delta_sensor_async to None, run_after=None
[2024-03-04T18:32:16.921+0530] {processor.py:183} INFO - Processing /home/arun/.local/lib/python3.10/site-packages/airflow/example_dags/example_time_delta_sensor_async.py took 0.096 seconds
[2024-03-04T18:34:11.075+0530] {processor.py:161} INFO - Started process (PID=12254) to work on /home/arun/.local/lib/python3.10/site-packages/airflow/example_dags/example_time_delta_sensor_async.py
[2024-03-04T18:34:11.078+0530] {processor.py:830} INFO - Processing file /home/arun/.local/lib/python3.10/site-packages/airflow/example_dags/example_time_delta_sensor_async.py for tasks to queue
[2024-03-04T18:34:11.079+0530] {logging_mixin.py:188} INFO - [2024-03-04T18:34:11.079+0530] {dagbag.py:538} INFO - Filling up the DagBag from /home/arun/.local/lib/python3.10/site-packages/airflow/example_dags/example_time_delta_sensor_async.py
[2024-03-04T18:34:11.086+0530] {processor.py:840} INFO - DAG(s) 'example_time_delta_sensor_async' retrieved from /home/arun/.local/lib/python3.10/site-packages/airflow/example_dags/example_time_delta_sensor_async.py
[2024-03-04T18:34:11.102+0530] {logging_mixin.py:188} INFO - [2024-03-04T18:34:11.102+0530] {dag.py:3036} INFO - Sync 1 DAGs
[2024-03-04T18:34:11.114+0530] {logging_mixin.py:188} INFO - [2024-03-04T18:34:11.114+0530] {dag.py:3823} INFO - Setting next_dagrun for example_time_delta_sensor_async to None, run_after=None
[2024-03-04T18:34:11.141+0530] {processor.py:183} INFO - Processing /home/arun/.local/lib/python3.10/site-packages/airflow/example_dags/example_time_delta_sensor_async.py took 0.070 seconds
[2024-03-04T18:36:33.695+0530] {processor.py:161} INFO - Started process (PID=12430) to work on /home/arun/.local/lib/python3.10/site-packages/airflow/example_dags/example_time_delta_sensor_async.py
[2024-03-04T18:36:33.761+0530] {processor.py:830} INFO - Processing file /home/arun/.local/lib/python3.10/site-packages/airflow/example_dags/example_time_delta_sensor_async.py for tasks to queue
[2024-03-04T18:36:33.768+0530] {logging_mixin.py:188} INFO - [2024-03-04T18:36:33.768+0530] {dagbag.py:538} INFO - Filling up the DagBag from /home/arun/.local/lib/python3.10/site-packages/airflow/example_dags/example_time_delta_sensor_async.py
[2024-03-04T18:36:33.779+0530] {processor.py:840} INFO - DAG(s) 'example_time_delta_sensor_async' retrieved from /home/arun/.local/lib/python3.10/site-packages/airflow/example_dags/example_time_delta_sensor_async.py
[2024-03-04T18:36:33.809+0530] {logging_mixin.py:188} INFO - [2024-03-04T18:36:33.808+0530] {dag.py:3036} INFO - Sync 1 DAGs
[2024-03-04T18:36:33.836+0530] {logging_mixin.py:188} INFO - [2024-03-04T18:36:33.836+0530] {dag.py:3823} INFO - Setting next_dagrun for example_time_delta_sensor_async to None, run_after=None
[2024-03-04T18:36:33.879+0530] {processor.py:183} INFO - Processing /home/arun/.local/lib/python3.10/site-packages/airflow/example_dags/example_time_delta_sensor_async.py took 0.188 seconds
[2024-03-04T18:38:20.110+0530] {processor.py:161} INFO - Started process (PID=12549) to work on /home/arun/.local/lib/python3.10/site-packages/airflow/example_dags/example_time_delta_sensor_async.py
[2024-03-04T18:38:20.115+0530] {processor.py:830} INFO - Processing file /home/arun/.local/lib/python3.10/site-packages/airflow/example_dags/example_time_delta_sensor_async.py for tasks to queue
[2024-03-04T18:38:20.125+0530] {logging_mixin.py:188} INFO - [2024-03-04T18:38:20.125+0530] {dagbag.py:538} INFO - Filling up the DagBag from /home/arun/.local/lib/python3.10/site-packages/airflow/example_dags/example_time_delta_sensor_async.py
[2024-03-04T18:38:20.154+0530] {processor.py:840} INFO - DAG(s) 'example_time_delta_sensor_async' retrieved from /home/arun/.local/lib/python3.10/site-packages/airflow/example_dags/example_time_delta_sensor_async.py
[2024-03-04T18:38:20.204+0530] {logging_mixin.py:188} INFO - [2024-03-04T18:38:20.196+0530] {dag.py:3036} INFO - Sync 1 DAGs
[2024-03-04T18:38:20.237+0530] {logging_mixin.py:188} INFO - [2024-03-04T18:38:20.237+0530] {dag.py:3823} INFO - Setting next_dagrun for example_time_delta_sensor_async to None, run_after=None
[2024-03-04T18:38:20.331+0530] {processor.py:183} INFO - Processing /home/arun/.local/lib/python3.10/site-packages/airflow/example_dags/example_time_delta_sensor_async.py took 0.228 seconds
[2024-03-04T18:40:32.227+0530] {processor.py:161} INFO - Started process (PID=12702) to work on /home/arun/.local/lib/python3.10/site-packages/airflow/example_dags/example_time_delta_sensor_async.py
[2024-03-04T18:40:32.276+0530] {processor.py:830} INFO - Processing file /home/arun/.local/lib/python3.10/site-packages/airflow/example_dags/example_time_delta_sensor_async.py for tasks to queue
[2024-03-04T18:40:32.279+0530] {logging_mixin.py:188} INFO - [2024-03-04T18:40:32.277+0530] {dagbag.py:538} INFO - Filling up the DagBag from /home/arun/.local/lib/python3.10/site-packages/airflow/example_dags/example_time_delta_sensor_async.py
[2024-03-04T18:40:32.290+0530] {processor.py:840} INFO - DAG(s) 'example_time_delta_sensor_async' retrieved from /home/arun/.local/lib/python3.10/site-packages/airflow/example_dags/example_time_delta_sensor_async.py
[2024-03-04T18:40:32.343+0530] {logging_mixin.py:188} INFO - [2024-03-04T18:40:32.343+0530] {dag.py:3036} INFO - Sync 1 DAGs
[2024-03-04T18:40:32.393+0530] {logging_mixin.py:188} INFO - [2024-03-04T18:40:32.393+0530] {dag.py:3823} INFO - Setting next_dagrun for example_time_delta_sensor_async to None, run_after=None
[2024-03-04T18:40:32.491+0530] {processor.py:183} INFO - Processing /home/arun/.local/lib/python3.10/site-packages/airflow/example_dags/example_time_delta_sensor_async.py took 0.275 seconds
[2024-03-04T18:41:55.906+0530] {processor.py:161} INFO - Started process (PID=12831) to work on /home/arun/.local/lib/python3.10/site-packages/airflow/example_dags/example_time_delta_sensor_async.py
[2024-03-04T18:41:55.909+0530] {processor.py:830} INFO - Processing file /home/arun/.local/lib/python3.10/site-packages/airflow/example_dags/example_time_delta_sensor_async.py for tasks to queue
[2024-03-04T18:41:55.911+0530] {logging_mixin.py:188} INFO - [2024-03-04T18:41:55.911+0530] {dagbag.py:538} INFO - Filling up the DagBag from /home/arun/.local/lib/python3.10/site-packages/airflow/example_dags/example_time_delta_sensor_async.py
[2024-03-04T18:41:55.921+0530] {processor.py:840} INFO - DAG(s) 'example_time_delta_sensor_async' retrieved from /home/arun/.local/lib/python3.10/site-packages/airflow/example_dags/example_time_delta_sensor_async.py
[2024-03-04T18:41:55.989+0530] {logging_mixin.py:188} INFO - [2024-03-04T18:41:55.988+0530] {dag.py:3036} INFO - Sync 1 DAGs
[2024-03-04T18:41:56.011+0530] {logging_mixin.py:188} INFO - [2024-03-04T18:41:56.011+0530] {dag.py:3823} INFO - Setting next_dagrun for example_time_delta_sensor_async to None, run_after=None
[2024-03-04T18:41:56.056+0530] {processor.py:183} INFO - Processing /home/arun/.local/lib/python3.10/site-packages/airflow/example_dags/example_time_delta_sensor_async.py took 0.156 seconds
[2024-03-04T18:43:13.682+0530] {processor.py:161} INFO - Started process (PID=13436) to work on /home/arun/.local/lib/python3.10/site-packages/airflow/example_dags/example_time_delta_sensor_async.py
[2024-03-04T18:43:13.720+0530] {processor.py:830} INFO - Processing file /home/arun/.local/lib/python3.10/site-packages/airflow/example_dags/example_time_delta_sensor_async.py for tasks to queue
[2024-03-04T18:43:13.740+0530] {logging_mixin.py:188} INFO - [2024-03-04T18:43:13.736+0530] {dagbag.py:538} INFO - Filling up the DagBag from /home/arun/.local/lib/python3.10/site-packages/airflow/example_dags/example_time_delta_sensor_async.py
[2024-03-04T18:43:13.757+0530] {processor.py:840} INFO - DAG(s) 'example_time_delta_sensor_async' retrieved from /home/arun/.local/lib/python3.10/site-packages/airflow/example_dags/example_time_delta_sensor_async.py
[2024-03-04T18:43:13.796+0530] {logging_mixin.py:188} INFO - [2024-03-04T18:43:13.796+0530] {dag.py:3036} INFO - Sync 1 DAGs
[2024-03-04T18:43:13.818+0530] {logging_mixin.py:188} INFO - [2024-03-04T18:43:13.818+0530] {dag.py:3823} INFO - Setting next_dagrun for example_time_delta_sensor_async to None, run_after=None
[2024-03-04T18:43:14.035+0530] {processor.py:183} INFO - Processing /home/arun/.local/lib/python3.10/site-packages/airflow/example_dags/example_time_delta_sensor_async.py took 0.359 seconds
[2024-03-04T18:45:30.623+0530] {processor.py:161} INFO - Started process (PID=13795) to work on /home/arun/.local/lib/python3.10/site-packages/airflow/example_dags/example_time_delta_sensor_async.py
[2024-03-04T18:45:30.640+0530] {processor.py:830} INFO - Processing file /home/arun/.local/lib/python3.10/site-packages/airflow/example_dags/example_time_delta_sensor_async.py for tasks to queue
[2024-03-04T18:45:30.644+0530] {logging_mixin.py:188} INFO - [2024-03-04T18:45:30.644+0530] {dagbag.py:538} INFO - Filling up the DagBag from /home/arun/.local/lib/python3.10/site-packages/airflow/example_dags/example_time_delta_sensor_async.py
[2024-03-04T18:45:30.653+0530] {processor.py:840} INFO - DAG(s) 'example_time_delta_sensor_async' retrieved from /home/arun/.local/lib/python3.10/site-packages/airflow/example_dags/example_time_delta_sensor_async.py
[2024-03-04T18:45:30.710+0530] {logging_mixin.py:188} INFO - [2024-03-04T18:45:30.705+0530] {dag.py:3036} INFO - Sync 1 DAGs
[2024-03-04T18:45:30.736+0530] {logging_mixin.py:188} INFO - [2024-03-04T18:45:30.736+0530] {dag.py:3823} INFO - Setting next_dagrun for example_time_delta_sensor_async to None, run_after=None
[2024-03-04T18:45:30.799+0530] {processor.py:183} INFO - Processing /home/arun/.local/lib/python3.10/site-packages/airflow/example_dags/example_time_delta_sensor_async.py took 0.188 seconds
[2024-03-04T18:47:01.778+0530] {processor.py:161} INFO - Started process (PID=13990) to work on /home/arun/.local/lib/python3.10/site-packages/airflow/example_dags/example_time_delta_sensor_async.py
[2024-03-04T18:47:01.858+0530] {processor.py:830} INFO - Processing file /home/arun/.local/lib/python3.10/site-packages/airflow/example_dags/example_time_delta_sensor_async.py for tasks to queue
[2024-03-04T18:47:01.859+0530] {logging_mixin.py:188} INFO - [2024-03-04T18:47:01.858+0530] {dagbag.py:538} INFO - Filling up the DagBag from /home/arun/.local/lib/python3.10/site-packages/airflow/example_dags/example_time_delta_sensor_async.py
[2024-03-04T18:47:01.865+0530] {processor.py:840} INFO - DAG(s) 'example_time_delta_sensor_async' retrieved from /home/arun/.local/lib/python3.10/site-packages/airflow/example_dags/example_time_delta_sensor_async.py
[2024-03-04T18:47:01.885+0530] {logging_mixin.py:188} INFO - [2024-03-04T18:47:01.885+0530] {dag.py:3036} INFO - Sync 1 DAGs
[2024-03-04T18:47:01.903+0530] {logging_mixin.py:188} INFO - [2024-03-04T18:47:01.903+0530] {dag.py:3823} INFO - Setting next_dagrun for example_time_delta_sensor_async to None, run_after=None
[2024-03-04T18:47:01.949+0530] {processor.py:183} INFO - Processing /home/arun/.local/lib/python3.10/site-packages/airflow/example_dags/example_time_delta_sensor_async.py took 0.174 seconds
[2024-03-04T18:54:59.028+0530] {processor.py:161} INFO - Started process (PID=5780) to work on /home/arun/.local/lib/python3.10/site-packages/airflow/example_dags/example_time_delta_sensor_async.py
[2024-03-04T18:54:59.072+0530] {processor.py:830} INFO - Processing file /home/arun/.local/lib/python3.10/site-packages/airflow/example_dags/example_time_delta_sensor_async.py for tasks to queue
[2024-03-04T18:54:59.073+0530] {logging_mixin.py:188} INFO - [2024-03-04T18:54:59.072+0530] {dagbag.py:538} INFO - Filling up the DagBag from /home/arun/.local/lib/python3.10/site-packages/airflow/example_dags/example_time_delta_sensor_async.py
[2024-03-04T18:54:59.084+0530] {processor.py:840} INFO - DAG(s) 'example_time_delta_sensor_async' retrieved from /home/arun/.local/lib/python3.10/site-packages/airflow/example_dags/example_time_delta_sensor_async.py
[2024-03-04T18:54:59.653+0530] {logging_mixin.py:188} INFO - [2024-03-04T18:54:59.652+0530] {dag.py:3036} INFO - Sync 1 DAGs
[2024-03-04T18:54:59.674+0530] {logging_mixin.py:188} INFO - [2024-03-04T18:54:59.673+0530] {dag.py:3823} INFO - Setting next_dagrun for example_time_delta_sensor_async to None, run_after=None
[2024-03-04T18:54:59.782+0530] {processor.py:183} INFO - Processing /home/arun/.local/lib/python3.10/site-packages/airflow/example_dags/example_time_delta_sensor_async.py took 0.759 seconds
[2024-03-04T18:56:49.921+0530] {processor.py:161} INFO - Started process (PID=5955) to work on /home/arun/.local/lib/python3.10/site-packages/airflow/example_dags/example_time_delta_sensor_async.py
[2024-03-04T18:56:49.964+0530] {processor.py:830} INFO - Processing file /home/arun/.local/lib/python3.10/site-packages/airflow/example_dags/example_time_delta_sensor_async.py for tasks to queue
[2024-03-04T18:56:49.965+0530] {logging_mixin.py:188} INFO - [2024-03-04T18:56:49.965+0530] {dagbag.py:538} INFO - Filling up the DagBag from /home/arun/.local/lib/python3.10/site-packages/airflow/example_dags/example_time_delta_sensor_async.py
[2024-03-04T18:56:49.976+0530] {processor.py:840} INFO - DAG(s) 'example_time_delta_sensor_async' retrieved from /home/arun/.local/lib/python3.10/site-packages/airflow/example_dags/example_time_delta_sensor_async.py
[2024-03-04T18:56:50.043+0530] {logging_mixin.py:188} INFO - [2024-03-04T18:56:50.042+0530] {dag.py:3036} INFO - Sync 1 DAGs
[2024-03-04T18:56:50.082+0530] {logging_mixin.py:188} INFO - [2024-03-04T18:56:50.082+0530] {dag.py:3823} INFO - Setting next_dagrun for example_time_delta_sensor_async to None, run_after=None
[2024-03-04T18:56:50.189+0530] {processor.py:183} INFO - Processing /home/arun/.local/lib/python3.10/site-packages/airflow/example_dags/example_time_delta_sensor_async.py took 0.273 seconds
[2024-03-04T18:58:59.459+0530] {processor.py:161} INFO - Started process (PID=6333) to work on /home/arun/.local/lib/python3.10/site-packages/airflow/example_dags/example_time_delta_sensor_async.py
[2024-03-04T18:58:59.473+0530] {processor.py:830} INFO - Processing file /home/arun/.local/lib/python3.10/site-packages/airflow/example_dags/example_time_delta_sensor_async.py for tasks to queue
[2024-03-04T18:58:59.477+0530] {logging_mixin.py:188} INFO - [2024-03-04T18:58:59.475+0530] {dagbag.py:538} INFO - Filling up the DagBag from /home/arun/.local/lib/python3.10/site-packages/airflow/example_dags/example_time_delta_sensor_async.py
[2024-03-04T18:58:59.547+0530] {processor.py:840} INFO - DAG(s) 'example_time_delta_sensor_async' retrieved from /home/arun/.local/lib/python3.10/site-packages/airflow/example_dags/example_time_delta_sensor_async.py
[2024-03-04T18:58:59.811+0530] {logging_mixin.py:188} INFO - [2024-03-04T18:58:59.809+0530] {dag.py:3036} INFO - Sync 1 DAGs
[2024-03-04T18:58:59.894+0530] {logging_mixin.py:188} INFO - [2024-03-04T18:58:59.893+0530] {dag.py:3823} INFO - Setting next_dagrun for example_time_delta_sensor_async to None, run_after=None
[2024-03-04T18:59:00.079+0530] {processor.py:183} INFO - Processing /home/arun/.local/lib/python3.10/site-packages/airflow/example_dags/example_time_delta_sensor_async.py took 0.644 seconds
[2024-03-04T19:00:57.035+0530] {processor.py:161} INFO - Started process (PID=6514) to work on /home/arun/.local/lib/python3.10/site-packages/airflow/example_dags/example_time_delta_sensor_async.py
[2024-03-04T19:00:57.128+0530] {processor.py:830} INFO - Processing file /home/arun/.local/lib/python3.10/site-packages/airflow/example_dags/example_time_delta_sensor_async.py for tasks to queue
[2024-03-04T19:00:57.130+0530] {logging_mixin.py:188} INFO - [2024-03-04T19:00:57.129+0530] {dagbag.py:538} INFO - Filling up the DagBag from /home/arun/.local/lib/python3.10/site-packages/airflow/example_dags/example_time_delta_sensor_async.py
[2024-03-04T19:00:57.159+0530] {processor.py:840} INFO - DAG(s) 'example_time_delta_sensor_async' retrieved from /home/arun/.local/lib/python3.10/site-packages/airflow/example_dags/example_time_delta_sensor_async.py
[2024-03-04T19:00:57.226+0530] {logging_mixin.py:188} INFO - [2024-03-04T19:00:57.226+0530] {dag.py:3036} INFO - Sync 1 DAGs
[2024-03-04T19:00:57.284+0530] {logging_mixin.py:188} INFO - [2024-03-04T19:00:57.283+0530] {dag.py:3823} INFO - Setting next_dagrun for example_time_delta_sensor_async to None, run_after=None
[2024-03-04T19:00:57.373+0530] {processor.py:183} INFO - Processing /home/arun/.local/lib/python3.10/site-packages/airflow/example_dags/example_time_delta_sensor_async.py took 0.343 seconds
[2024-03-04T19:04:50.541+0530] {processor.py:161} INFO - Started process (PID=6851) to work on /home/arun/.local/lib/python3.10/site-packages/airflow/example_dags/example_time_delta_sensor_async.py
[2024-03-04T19:04:50.586+0530] {processor.py:830} INFO - Processing file /home/arun/.local/lib/python3.10/site-packages/airflow/example_dags/example_time_delta_sensor_async.py for tasks to queue
[2024-03-04T19:04:50.615+0530] {logging_mixin.py:188} INFO - [2024-03-04T19:04:50.613+0530] {dagbag.py:538} INFO - Filling up the DagBag from /home/arun/.local/lib/python3.10/site-packages/airflow/example_dags/example_time_delta_sensor_async.py
[2024-03-04T19:04:50.623+0530] {processor.py:840} INFO - DAG(s) 'example_time_delta_sensor_async' retrieved from /home/arun/.local/lib/python3.10/site-packages/airflow/example_dags/example_time_delta_sensor_async.py
[2024-03-04T19:04:50.672+0530] {logging_mixin.py:188} INFO - [2024-03-04T19:04:50.672+0530] {dag.py:3036} INFO - Sync 1 DAGs
[2024-03-04T19:04:50.704+0530] {logging_mixin.py:188} INFO - [2024-03-04T19:04:50.704+0530] {dag.py:3823} INFO - Setting next_dagrun for example_time_delta_sensor_async to None, run_after=None
[2024-03-04T19:04:50.876+0530] {processor.py:183} INFO - Processing /home/arun/.local/lib/python3.10/site-packages/airflow/example_dags/example_time_delta_sensor_async.py took 0.342 seconds
[2024-03-04T19:06:46.747+0530] {processor.py:161} INFO - Started process (PID=7086) to work on /home/arun/.local/lib/python3.10/site-packages/airflow/example_dags/example_time_delta_sensor_async.py
[2024-03-04T19:06:46.750+0530] {processor.py:830} INFO - Processing file /home/arun/.local/lib/python3.10/site-packages/airflow/example_dags/example_time_delta_sensor_async.py for tasks to queue
[2024-03-04T19:06:46.752+0530] {logging_mixin.py:188} INFO - [2024-03-04T19:06:46.751+0530] {dagbag.py:538} INFO - Filling up the DagBag from /home/arun/.local/lib/python3.10/site-packages/airflow/example_dags/example_time_delta_sensor_async.py
[2024-03-04T19:06:46.757+0530] {processor.py:840} INFO - DAG(s) 'example_time_delta_sensor_async' retrieved from /home/arun/.local/lib/python3.10/site-packages/airflow/example_dags/example_time_delta_sensor_async.py
[2024-03-04T19:06:46.833+0530] {logging_mixin.py:188} INFO - [2024-03-04T19:06:46.833+0530] {dag.py:3036} INFO - Sync 1 DAGs
[2024-03-04T19:06:46.861+0530] {logging_mixin.py:188} INFO - [2024-03-04T19:06:46.861+0530] {dag.py:3823} INFO - Setting next_dagrun for example_time_delta_sensor_async to None, run_after=None
[2024-03-04T19:06:47.007+0530] {processor.py:183} INFO - Processing /home/arun/.local/lib/python3.10/site-packages/airflow/example_dags/example_time_delta_sensor_async.py took 0.263 seconds
[2024-03-04T19:08:13.383+0530] {processor.py:161} INFO - Started process (PID=7263) to work on /home/arun/.local/lib/python3.10/site-packages/airflow/example_dags/example_time_delta_sensor_async.py
[2024-03-04T19:08:13.387+0530] {processor.py:830} INFO - Processing file /home/arun/.local/lib/python3.10/site-packages/airflow/example_dags/example_time_delta_sensor_async.py for tasks to queue
[2024-03-04T19:08:13.388+0530] {logging_mixin.py:188} INFO - [2024-03-04T19:08:13.388+0530] {dagbag.py:538} INFO - Filling up the DagBag from /home/arun/.local/lib/python3.10/site-packages/airflow/example_dags/example_time_delta_sensor_async.py
[2024-03-04T19:08:13.394+0530] {processor.py:840} INFO - DAG(s) 'example_time_delta_sensor_async' retrieved from /home/arun/.local/lib/python3.10/site-packages/airflow/example_dags/example_time_delta_sensor_async.py
[2024-03-04T19:08:13.413+0530] {logging_mixin.py:188} INFO - [2024-03-04T19:08:13.413+0530] {dag.py:3036} INFO - Sync 1 DAGs
[2024-03-04T19:08:13.429+0530] {logging_mixin.py:188} INFO - [2024-03-04T19:08:13.428+0530] {dag.py:3823} INFO - Setting next_dagrun for example_time_delta_sensor_async to None, run_after=None
[2024-03-04T19:08:13.493+0530] {processor.py:183} INFO - Processing /home/arun/.local/lib/python3.10/site-packages/airflow/example_dags/example_time_delta_sensor_async.py took 0.114 seconds
[2024-03-04T19:09:29.661+0530] {processor.py:161} INFO - Started process (PID=7407) to work on /home/arun/.local/lib/python3.10/site-packages/airflow/example_dags/example_time_delta_sensor_async.py
[2024-03-04T19:09:29.699+0530] {processor.py:830} INFO - Processing file /home/arun/.local/lib/python3.10/site-packages/airflow/example_dags/example_time_delta_sensor_async.py for tasks to queue
[2024-03-04T19:09:29.700+0530] {logging_mixin.py:188} INFO - [2024-03-04T19:09:29.700+0530] {dagbag.py:538} INFO - Filling up the DagBag from /home/arun/.local/lib/python3.10/site-packages/airflow/example_dags/example_time_delta_sensor_async.py
[2024-03-04T19:09:29.708+0530] {processor.py:840} INFO - DAG(s) 'example_time_delta_sensor_async' retrieved from /home/arun/.local/lib/python3.10/site-packages/airflow/example_dags/example_time_delta_sensor_async.py
[2024-03-04T19:09:29.731+0530] {logging_mixin.py:188} INFO - [2024-03-04T19:09:29.731+0530] {dag.py:3036} INFO - Sync 1 DAGs
[2024-03-04T19:09:29.745+0530] {logging_mixin.py:188} INFO - [2024-03-04T19:09:29.744+0530] {dag.py:3823} INFO - Setting next_dagrun for example_time_delta_sensor_async to None, run_after=None
[2024-03-04T19:09:29.790+0530] {processor.py:183} INFO - Processing /home/arun/.local/lib/python3.10/site-packages/airflow/example_dags/example_time_delta_sensor_async.py took 0.134 seconds
[2024-03-04T19:10:54.931+0530] {processor.py:161} INFO - Started process (PID=7574) to work on /home/arun/.local/lib/python3.10/site-packages/airflow/example_dags/example_time_delta_sensor_async.py
[2024-03-04T19:10:54.934+0530] {processor.py:830} INFO - Processing file /home/arun/.local/lib/python3.10/site-packages/airflow/example_dags/example_time_delta_sensor_async.py for tasks to queue
[2024-03-04T19:10:54.935+0530] {logging_mixin.py:188} INFO - [2024-03-04T19:10:54.934+0530] {dagbag.py:538} INFO - Filling up the DagBag from /home/arun/.local/lib/python3.10/site-packages/airflow/example_dags/example_time_delta_sensor_async.py
[2024-03-04T19:10:54.953+0530] {processor.py:840} INFO - DAG(s) 'example_time_delta_sensor_async' retrieved from /home/arun/.local/lib/python3.10/site-packages/airflow/example_dags/example_time_delta_sensor_async.py
[2024-03-04T19:10:55.014+0530] {logging_mixin.py:188} INFO - [2024-03-04T19:10:55.014+0530] {dag.py:3036} INFO - Sync 1 DAGs
[2024-03-04T19:10:55.036+0530] {logging_mixin.py:188} INFO - [2024-03-04T19:10:55.035+0530] {dag.py:3823} INFO - Setting next_dagrun for example_time_delta_sensor_async to None, run_after=None
[2024-03-04T19:10:55.127+0530] {processor.py:183} INFO - Processing /home/arun/.local/lib/python3.10/site-packages/airflow/example_dags/example_time_delta_sensor_async.py took 0.200 seconds
[2024-03-04T19:12:23.087+0530] {processor.py:161} INFO - Started process (PID=7739) to work on /home/arun/.local/lib/python3.10/site-packages/airflow/example_dags/example_time_delta_sensor_async.py
[2024-03-04T19:12:23.127+0530] {processor.py:830} INFO - Processing file /home/arun/.local/lib/python3.10/site-packages/airflow/example_dags/example_time_delta_sensor_async.py for tasks to queue
[2024-03-04T19:12:23.128+0530] {logging_mixin.py:188} INFO - [2024-03-04T19:12:23.128+0530] {dagbag.py:538} INFO - Filling up the DagBag from /home/arun/.local/lib/python3.10/site-packages/airflow/example_dags/example_time_delta_sensor_async.py
[2024-03-04T19:12:23.133+0530] {processor.py:840} INFO - DAG(s) 'example_time_delta_sensor_async' retrieved from /home/arun/.local/lib/python3.10/site-packages/airflow/example_dags/example_time_delta_sensor_async.py
[2024-03-04T19:12:23.157+0530] {logging_mixin.py:188} INFO - [2024-03-04T19:12:23.157+0530] {dag.py:3036} INFO - Sync 1 DAGs
[2024-03-04T19:12:23.194+0530] {logging_mixin.py:188} INFO - [2024-03-04T19:12:23.193+0530] {dag.py:3823} INFO - Setting next_dagrun for example_time_delta_sensor_async to None, run_after=None
[2024-03-04T19:12:23.266+0530] {processor.py:183} INFO - Processing /home/arun/.local/lib/python3.10/site-packages/airflow/example_dags/example_time_delta_sensor_async.py took 0.183 seconds
[2024-03-04T19:13:48.108+0530] {processor.py:161} INFO - Started process (PID=7885) to work on /home/arun/.local/lib/python3.10/site-packages/airflow/example_dags/example_time_delta_sensor_async.py
[2024-03-04T19:13:48.111+0530] {processor.py:830} INFO - Processing file /home/arun/.local/lib/python3.10/site-packages/airflow/example_dags/example_time_delta_sensor_async.py for tasks to queue
[2024-03-04T19:13:48.113+0530] {logging_mixin.py:188} INFO - [2024-03-04T19:13:48.112+0530] {dagbag.py:538} INFO - Filling up the DagBag from /home/arun/.local/lib/python3.10/site-packages/airflow/example_dags/example_time_delta_sensor_async.py
[2024-03-04T19:13:48.121+0530] {processor.py:840} INFO - DAG(s) 'example_time_delta_sensor_async' retrieved from /home/arun/.local/lib/python3.10/site-packages/airflow/example_dags/example_time_delta_sensor_async.py
[2024-03-04T19:13:48.154+0530] {logging_mixin.py:188} INFO - [2024-03-04T19:13:48.154+0530] {dag.py:3036} INFO - Sync 1 DAGs
[2024-03-04T19:13:48.192+0530] {logging_mixin.py:188} INFO - [2024-03-04T19:13:48.192+0530] {dag.py:3823} INFO - Setting next_dagrun for example_time_delta_sensor_async to None, run_after=None
[2024-03-04T19:13:48.232+0530] {processor.py:183} INFO - Processing /home/arun/.local/lib/python3.10/site-packages/airflow/example_dags/example_time_delta_sensor_async.py took 0.129 seconds
[2024-03-04T19:15:17.404+0530] {processor.py:161} INFO - Started process (PID=8116) to work on /home/arun/.local/lib/python3.10/site-packages/airflow/example_dags/example_time_delta_sensor_async.py
[2024-03-04T19:15:17.407+0530] {processor.py:830} INFO - Processing file /home/arun/.local/lib/python3.10/site-packages/airflow/example_dags/example_time_delta_sensor_async.py for tasks to queue
[2024-03-04T19:15:17.408+0530] {logging_mixin.py:188} INFO - [2024-03-04T19:15:17.407+0530] {dagbag.py:538} INFO - Filling up the DagBag from /home/arun/.local/lib/python3.10/site-packages/airflow/example_dags/example_time_delta_sensor_async.py
[2024-03-04T19:15:17.413+0530] {processor.py:840} INFO - DAG(s) 'example_time_delta_sensor_async' retrieved from /home/arun/.local/lib/python3.10/site-packages/airflow/example_dags/example_time_delta_sensor_async.py
[2024-03-04T19:15:17.432+0530] {logging_mixin.py:188} INFO - [2024-03-04T19:15:17.432+0530] {dag.py:3036} INFO - Sync 1 DAGs
[2024-03-04T19:15:17.446+0530] {logging_mixin.py:188} INFO - [2024-03-04T19:15:17.446+0530] {dag.py:3823} INFO - Setting next_dagrun for example_time_delta_sensor_async to None, run_after=None
[2024-03-04T19:15:17.475+0530] {processor.py:183} INFO - Processing /home/arun/.local/lib/python3.10/site-packages/airflow/example_dags/example_time_delta_sensor_async.py took 0.075 seconds
[2024-03-04T19:16:37.876+0530] {processor.py:161} INFO - Started process (PID=8277) to work on /home/arun/.local/lib/python3.10/site-packages/airflow/example_dags/example_time_delta_sensor_async.py
[2024-03-04T19:16:37.912+0530] {processor.py:830} INFO - Processing file /home/arun/.local/lib/python3.10/site-packages/airflow/example_dags/example_time_delta_sensor_async.py for tasks to queue
[2024-03-04T19:16:37.914+0530] {logging_mixin.py:188} INFO - [2024-03-04T19:16:37.913+0530] {dagbag.py:538} INFO - Filling up the DagBag from /home/arun/.local/lib/python3.10/site-packages/airflow/example_dags/example_time_delta_sensor_async.py
[2024-03-04T19:16:37.923+0530] {processor.py:840} INFO - DAG(s) 'example_time_delta_sensor_async' retrieved from /home/arun/.local/lib/python3.10/site-packages/airflow/example_dags/example_time_delta_sensor_async.py
[2024-03-04T19:16:37.951+0530] {logging_mixin.py:188} INFO - [2024-03-04T19:16:37.951+0530] {dag.py:3036} INFO - Sync 1 DAGs
[2024-03-04T19:16:37.971+0530] {logging_mixin.py:188} INFO - [2024-03-04T19:16:37.970+0530] {dag.py:3823} INFO - Setting next_dagrun for example_time_delta_sensor_async to None, run_after=None
[2024-03-04T19:16:38.003+0530] {processor.py:183} INFO - Processing /home/arun/.local/lib/python3.10/site-packages/airflow/example_dags/example_time_delta_sensor_async.py took 0.158 seconds
[2024-03-04T19:18:05.215+0530] {processor.py:161} INFO - Started process (PID=8455) to work on /home/arun/.local/lib/python3.10/site-packages/airflow/example_dags/example_time_delta_sensor_async.py
[2024-03-04T19:18:05.256+0530] {processor.py:830} INFO - Processing file /home/arun/.local/lib/python3.10/site-packages/airflow/example_dags/example_time_delta_sensor_async.py for tasks to queue
[2024-03-04T19:18:05.258+0530] {logging_mixin.py:188} INFO - [2024-03-04T19:18:05.257+0530] {dagbag.py:538} INFO - Filling up the DagBag from /home/arun/.local/lib/python3.10/site-packages/airflow/example_dags/example_time_delta_sensor_async.py
[2024-03-04T19:18:05.267+0530] {processor.py:840} INFO - DAG(s) 'example_time_delta_sensor_async' retrieved from /home/arun/.local/lib/python3.10/site-packages/airflow/example_dags/example_time_delta_sensor_async.py
[2024-03-04T19:18:05.295+0530] {logging_mixin.py:188} INFO - [2024-03-04T19:18:05.295+0530] {dag.py:3036} INFO - Sync 1 DAGs
[2024-03-04T19:18:05.337+0530] {logging_mixin.py:188} INFO - [2024-03-04T19:18:05.337+0530] {dag.py:3823} INFO - Setting next_dagrun for example_time_delta_sensor_async to None, run_after=None
[2024-03-04T19:18:05.386+0530] {processor.py:183} INFO - Processing /home/arun/.local/lib/python3.10/site-packages/airflow/example_dags/example_time_delta_sensor_async.py took 0.178 seconds
[2024-03-04T19:19:32.806+0530] {processor.py:161} INFO - Started process (PID=8619) to work on /home/arun/.local/lib/python3.10/site-packages/airflow/example_dags/example_time_delta_sensor_async.py
[2024-03-04T19:19:32.840+0530] {processor.py:830} INFO - Processing file /home/arun/.local/lib/python3.10/site-packages/airflow/example_dags/example_time_delta_sensor_async.py for tasks to queue
[2024-03-04T19:19:32.841+0530] {logging_mixin.py:188} INFO - [2024-03-04T19:19:32.841+0530] {dagbag.py:538} INFO - Filling up the DagBag from /home/arun/.local/lib/python3.10/site-packages/airflow/example_dags/example_time_delta_sensor_async.py
[2024-03-04T19:19:32.847+0530] {processor.py:840} INFO - DAG(s) 'example_time_delta_sensor_async' retrieved from /home/arun/.local/lib/python3.10/site-packages/airflow/example_dags/example_time_delta_sensor_async.py
[2024-03-04T19:19:32.868+0530] {logging_mixin.py:188} INFO - [2024-03-04T19:19:32.868+0530] {dag.py:3036} INFO - Sync 1 DAGs
[2024-03-04T19:19:32.886+0530] {logging_mixin.py:188} INFO - [2024-03-04T19:19:32.885+0530] {dag.py:3823} INFO - Setting next_dagrun for example_time_delta_sensor_async to None, run_after=None
[2024-03-04T19:19:32.924+0530] {processor.py:183} INFO - Processing /home/arun/.local/lib/python3.10/site-packages/airflow/example_dags/example_time_delta_sensor_async.py took 0.122 seconds
[2024-03-04T19:20:56.431+0530] {processor.py:161} INFO - Started process (PID=8780) to work on /home/arun/.local/lib/python3.10/site-packages/airflow/example_dags/example_time_delta_sensor_async.py
[2024-03-04T19:20:56.463+0530] {processor.py:830} INFO - Processing file /home/arun/.local/lib/python3.10/site-packages/airflow/example_dags/example_time_delta_sensor_async.py for tasks to queue
[2024-03-04T19:20:56.464+0530] {logging_mixin.py:188} INFO - [2024-03-04T19:20:56.464+0530] {dagbag.py:538} INFO - Filling up the DagBag from /home/arun/.local/lib/python3.10/site-packages/airflow/example_dags/example_time_delta_sensor_async.py
[2024-03-04T19:20:56.472+0530] {processor.py:840} INFO - DAG(s) 'example_time_delta_sensor_async' retrieved from /home/arun/.local/lib/python3.10/site-packages/airflow/example_dags/example_time_delta_sensor_async.py
[2024-03-04T19:20:56.501+0530] {logging_mixin.py:188} INFO - [2024-03-04T19:20:56.500+0530] {dag.py:3036} INFO - Sync 1 DAGs
[2024-03-04T19:20:56.521+0530] {logging_mixin.py:188} INFO - [2024-03-04T19:20:56.520+0530] {dag.py:3823} INFO - Setting next_dagrun for example_time_delta_sensor_async to None, run_after=None
[2024-03-04T19:20:56.553+0530] {processor.py:183} INFO - Processing /home/arun/.local/lib/python3.10/site-packages/airflow/example_dags/example_time_delta_sensor_async.py took 0.126 seconds
[2024-03-04T19:22:27.542+0530] {processor.py:161} INFO - Started process (PID=8987) to work on /home/arun/.local/lib/python3.10/site-packages/airflow/example_dags/example_time_delta_sensor_async.py
[2024-03-04T19:22:27.580+0530] {processor.py:830} INFO - Processing file /home/arun/.local/lib/python3.10/site-packages/airflow/example_dags/example_time_delta_sensor_async.py for tasks to queue
[2024-03-04T19:22:27.581+0530] {logging_mixin.py:188} INFO - [2024-03-04T19:22:27.581+0530] {dagbag.py:538} INFO - Filling up the DagBag from /home/arun/.local/lib/python3.10/site-packages/airflow/example_dags/example_time_delta_sensor_async.py
[2024-03-04T19:22:27.588+0530] {processor.py:840} INFO - DAG(s) 'example_time_delta_sensor_async' retrieved from /home/arun/.local/lib/python3.10/site-packages/airflow/example_dags/example_time_delta_sensor_async.py
[2024-03-04T19:22:27.608+0530] {logging_mixin.py:188} INFO - [2024-03-04T19:22:27.608+0530] {dag.py:3036} INFO - Sync 1 DAGs
[2024-03-04T19:22:27.630+0530] {logging_mixin.py:188} INFO - [2024-03-04T19:22:27.630+0530] {dag.py:3823} INFO - Setting next_dagrun for example_time_delta_sensor_async to None, run_after=None
[2024-03-04T19:22:27.684+0530] {processor.py:183} INFO - Processing /home/arun/.local/lib/python3.10/site-packages/airflow/example_dags/example_time_delta_sensor_async.py took 0.148 seconds
[2024-03-04T19:23:51.320+0530] {processor.py:161} INFO - Started process (PID=9131) to work on /home/arun/.local/lib/python3.10/site-packages/airflow/example_dags/example_time_delta_sensor_async.py
[2024-03-04T19:23:51.323+0530] {processor.py:830} INFO - Processing file /home/arun/.local/lib/python3.10/site-packages/airflow/example_dags/example_time_delta_sensor_async.py for tasks to queue
[2024-03-04T19:23:51.324+0530] {logging_mixin.py:188} INFO - [2024-03-04T19:23:51.323+0530] {dagbag.py:538} INFO - Filling up the DagBag from /home/arun/.local/lib/python3.10/site-packages/airflow/example_dags/example_time_delta_sensor_async.py
[2024-03-04T19:23:51.328+0530] {processor.py:840} INFO - DAG(s) 'example_time_delta_sensor_async' retrieved from /home/arun/.local/lib/python3.10/site-packages/airflow/example_dags/example_time_delta_sensor_async.py
[2024-03-04T19:23:51.344+0530] {logging_mixin.py:188} INFO - [2024-03-04T19:23:51.344+0530] {dag.py:3036} INFO - Sync 1 DAGs
[2024-03-04T19:23:51.357+0530] {logging_mixin.py:188} INFO - [2024-03-04T19:23:51.356+0530] {dag.py:3823} INFO - Setting next_dagrun for example_time_delta_sensor_async to None, run_after=None
[2024-03-04T19:23:51.388+0530] {processor.py:183} INFO - Processing /home/arun/.local/lib/python3.10/site-packages/airflow/example_dags/example_time_delta_sensor_async.py took 0.071 seconds
[2024-03-04T19:25:08.517+0530] {processor.py:161} INFO - Started process (PID=9297) to work on /home/arun/.local/lib/python3.10/site-packages/airflow/example_dags/example_time_delta_sensor_async.py
[2024-03-04T19:25:08.548+0530] {processor.py:830} INFO - Processing file /home/arun/.local/lib/python3.10/site-packages/airflow/example_dags/example_time_delta_sensor_async.py for tasks to queue
[2024-03-04T19:25:08.550+0530] {logging_mixin.py:188} INFO - [2024-03-04T19:25:08.549+0530] {dagbag.py:538} INFO - Filling up the DagBag from /home/arun/.local/lib/python3.10/site-packages/airflow/example_dags/example_time_delta_sensor_async.py
[2024-03-04T19:25:08.557+0530] {processor.py:840} INFO - DAG(s) 'example_time_delta_sensor_async' retrieved from /home/arun/.local/lib/python3.10/site-packages/airflow/example_dags/example_time_delta_sensor_async.py
[2024-03-04T19:25:08.582+0530] {logging_mixin.py:188} INFO - [2024-03-04T19:25:08.582+0530] {dag.py:3036} INFO - Sync 1 DAGs
[2024-03-04T19:25:08.598+0530] {logging_mixin.py:188} INFO - [2024-03-04T19:25:08.598+0530] {dag.py:3823} INFO - Setting next_dagrun for example_time_delta_sensor_async to None, run_after=None
[2024-03-04T19:25:08.640+0530] {processor.py:183} INFO - Processing /home/arun/.local/lib/python3.10/site-packages/airflow/example_dags/example_time_delta_sensor_async.py took 0.127 seconds
[2024-03-04T19:26:26.698+0530] {processor.py:161} INFO - Started process (PID=9470) to work on /home/arun/.local/lib/python3.10/site-packages/airflow/example_dags/example_time_delta_sensor_async.py
[2024-03-04T19:26:26.734+0530] {processor.py:830} INFO - Processing file /home/arun/.local/lib/python3.10/site-packages/airflow/example_dags/example_time_delta_sensor_async.py for tasks to queue
[2024-03-04T19:26:26.736+0530] {logging_mixin.py:188} INFO - [2024-03-04T19:26:26.735+0530] {dagbag.py:538} INFO - Filling up the DagBag from /home/arun/.local/lib/python3.10/site-packages/airflow/example_dags/example_time_delta_sensor_async.py
[2024-03-04T19:26:26.749+0530] {processor.py:840} INFO - DAG(s) 'example_time_delta_sensor_async' retrieved from /home/arun/.local/lib/python3.10/site-packages/airflow/example_dags/example_time_delta_sensor_async.py
[2024-03-04T19:26:26.789+0530] {logging_mixin.py:188} INFO - [2024-03-04T19:26:26.789+0530] {dag.py:3036} INFO - Sync 1 DAGs
[2024-03-04T19:26:26.818+0530] {logging_mixin.py:188} INFO - [2024-03-04T19:26:26.817+0530] {dag.py:3823} INFO - Setting next_dagrun for example_time_delta_sensor_async to None, run_after=None
[2024-03-04T19:26:26.876+0530] {processor.py:183} INFO - Processing /home/arun/.local/lib/python3.10/site-packages/airflow/example_dags/example_time_delta_sensor_async.py took 0.185 seconds
[2024-03-04T19:27:45.381+0530] {processor.py:161} INFO - Started process (PID=9625) to work on /home/arun/.local/lib/python3.10/site-packages/airflow/example_dags/example_time_delta_sensor_async.py
[2024-03-04T19:27:45.415+0530] {processor.py:830} INFO - Processing file /home/arun/.local/lib/python3.10/site-packages/airflow/example_dags/example_time_delta_sensor_async.py for tasks to queue
[2024-03-04T19:27:45.418+0530] {logging_mixin.py:188} INFO - [2024-03-04T19:27:45.417+0530] {dagbag.py:538} INFO - Filling up the DagBag from /home/arun/.local/lib/python3.10/site-packages/airflow/example_dags/example_time_delta_sensor_async.py
[2024-03-04T19:27:45.425+0530] {processor.py:840} INFO - DAG(s) 'example_time_delta_sensor_async' retrieved from /home/arun/.local/lib/python3.10/site-packages/airflow/example_dags/example_time_delta_sensor_async.py
[2024-03-04T19:27:45.452+0530] {logging_mixin.py:188} INFO - [2024-03-04T19:27:45.452+0530] {dag.py:3036} INFO - Sync 1 DAGs
[2024-03-04T19:27:45.473+0530] {logging_mixin.py:188} INFO - [2024-03-04T19:27:45.473+0530] {dag.py:3823} INFO - Setting next_dagrun for example_time_delta_sensor_async to None, run_after=None
[2024-03-04T19:27:45.515+0530] {processor.py:183} INFO - Processing /home/arun/.local/lib/python3.10/site-packages/airflow/example_dags/example_time_delta_sensor_async.py took 0.138 seconds
[2024-03-04T22:42:02.429+0530] {processor.py:161} INFO - Started process (PID=17438) to work on /home/arun/.local/lib/python3.10/site-packages/airflow/example_dags/example_time_delta_sensor_async.py
[2024-03-04T22:42:02.469+0530] {processor.py:830} INFO - Processing file /home/arun/.local/lib/python3.10/site-packages/airflow/example_dags/example_time_delta_sensor_async.py for tasks to queue
[2024-03-04T22:42:02.471+0530] {logging_mixin.py:188} INFO - [2024-03-04T22:42:02.470+0530] {dagbag.py:538} INFO - Filling up the DagBag from /home/arun/.local/lib/python3.10/site-packages/airflow/example_dags/example_time_delta_sensor_async.py
[2024-03-04T22:42:02.488+0530] {processor.py:840} INFO - DAG(s) 'example_time_delta_sensor_async' retrieved from /home/arun/.local/lib/python3.10/site-packages/airflow/example_dags/example_time_delta_sensor_async.py
[2024-03-04T22:42:03.437+0530] {logging_mixin.py:188} INFO - [2024-03-04T22:42:03.431+0530] {dag.py:3036} INFO - Sync 1 DAGs
[2024-03-04T22:42:03.461+0530] {logging_mixin.py:188} INFO - [2024-03-04T22:42:03.460+0530] {dag.py:3823} INFO - Setting next_dagrun for example_time_delta_sensor_async to None, run_after=None
[2024-03-04T22:42:03.950+0530] {processor.py:183} INFO - Processing /home/arun/.local/lib/python3.10/site-packages/airflow/example_dags/example_time_delta_sensor_async.py took 1.528 seconds
[2024-03-04T22:55:37.616+0530] {processor.py:161} INFO - Started process (PID=5643) to work on /home/arun/.local/lib/python3.10/site-packages/airflow/example_dags/example_time_delta_sensor_async.py
[2024-03-04T22:55:37.672+0530] {processor.py:830} INFO - Processing file /home/arun/.local/lib/python3.10/site-packages/airflow/example_dags/example_time_delta_sensor_async.py for tasks to queue
[2024-03-04T22:55:37.675+0530] {logging_mixin.py:188} INFO - [2024-03-04T22:55:37.675+0530] {dagbag.py:538} INFO - Filling up the DagBag from /home/arun/.local/lib/python3.10/site-packages/airflow/example_dags/example_time_delta_sensor_async.py
[2024-03-04T22:55:37.689+0530] {processor.py:840} INFO - DAG(s) 'example_time_delta_sensor_async' retrieved from /home/arun/.local/lib/python3.10/site-packages/airflow/example_dags/example_time_delta_sensor_async.py
[2024-03-04T22:55:37.904+0530] {logging_mixin.py:188} INFO - [2024-03-04T22:55:37.904+0530] {dag.py:3036} INFO - Sync 1 DAGs
[2024-03-04T22:55:37.924+0530] {logging_mixin.py:188} INFO - [2024-03-04T22:55:37.924+0530] {dag.py:3823} INFO - Setting next_dagrun for example_time_delta_sensor_async to None, run_after=None
[2024-03-04T22:55:38.013+0530] {processor.py:183} INFO - Processing /home/arun/.local/lib/python3.10/site-packages/airflow/example_dags/example_time_delta_sensor_async.py took 0.406 seconds
[2024-03-04T22:57:16.614+0530] {processor.py:161} INFO - Started process (PID=5734) to work on /home/arun/.local/lib/python3.10/site-packages/airflow/example_dags/example_time_delta_sensor_async.py
[2024-03-04T22:57:16.652+0530] {processor.py:830} INFO - Processing file /home/arun/.local/lib/python3.10/site-packages/airflow/example_dags/example_time_delta_sensor_async.py for tasks to queue
[2024-03-04T22:57:16.659+0530] {logging_mixin.py:188} INFO - [2024-03-04T22:57:16.658+0530] {dagbag.py:538} INFO - Filling up the DagBag from /home/arun/.local/lib/python3.10/site-packages/airflow/example_dags/example_time_delta_sensor_async.py
[2024-03-04T22:57:16.667+0530] {processor.py:840} INFO - DAG(s) 'example_time_delta_sensor_async' retrieved from /home/arun/.local/lib/python3.10/site-packages/airflow/example_dags/example_time_delta_sensor_async.py
[2024-03-04T22:57:16.739+0530] {logging_mixin.py:188} INFO - [2024-03-04T22:57:16.739+0530] {dag.py:3036} INFO - Sync 1 DAGs
[2024-03-04T22:57:16.769+0530] {logging_mixin.py:188} INFO - [2024-03-04T22:57:16.769+0530] {dag.py:3823} INFO - Setting next_dagrun for example_time_delta_sensor_async to None, run_after=None
[2024-03-04T22:57:16.868+0530] {processor.py:183} INFO - Processing /home/arun/.local/lib/python3.10/site-packages/airflow/example_dags/example_time_delta_sensor_async.py took 0.260 seconds
[2024-03-04T22:59:22.374+0530] {processor.py:161} INFO - Started process (PID=5863) to work on /home/arun/.local/lib/python3.10/site-packages/airflow/example_dags/example_time_delta_sensor_async.py
[2024-03-04T22:59:22.414+0530] {processor.py:830} INFO - Processing file /home/arun/.local/lib/python3.10/site-packages/airflow/example_dags/example_time_delta_sensor_async.py for tasks to queue
[2024-03-04T22:59:22.416+0530] {logging_mixin.py:188} INFO - [2024-03-04T22:59:22.415+0530] {dagbag.py:538} INFO - Filling up the DagBag from /home/arun/.local/lib/python3.10/site-packages/airflow/example_dags/example_time_delta_sensor_async.py
[2024-03-04T22:59:22.432+0530] {processor.py:840} INFO - DAG(s) 'example_time_delta_sensor_async' retrieved from /home/arun/.local/lib/python3.10/site-packages/airflow/example_dags/example_time_delta_sensor_async.py
[2024-03-04T22:59:22.491+0530] {logging_mixin.py:188} INFO - [2024-03-04T22:59:22.490+0530] {dag.py:3036} INFO - Sync 1 DAGs
[2024-03-04T22:59:22.522+0530] {logging_mixin.py:188} INFO - [2024-03-04T22:59:22.522+0530] {dag.py:3823} INFO - Setting next_dagrun for example_time_delta_sensor_async to None, run_after=None
[2024-03-04T22:59:22.580+0530] {processor.py:183} INFO - Processing /home/arun/.local/lib/python3.10/site-packages/airflow/example_dags/example_time_delta_sensor_async.py took 0.211 seconds
[2024-03-04T23:00:57.172+0530] {processor.py:161} INFO - Started process (PID=6015) to work on /home/arun/.local/lib/python3.10/site-packages/airflow/example_dags/example_time_delta_sensor_async.py
[2024-03-04T23:00:57.203+0530] {processor.py:830} INFO - Processing file /home/arun/.local/lib/python3.10/site-packages/airflow/example_dags/example_time_delta_sensor_async.py for tasks to queue
[2024-03-04T23:00:57.205+0530] {logging_mixin.py:188} INFO - [2024-03-04T23:00:57.205+0530] {dagbag.py:538} INFO - Filling up the DagBag from /home/arun/.local/lib/python3.10/site-packages/airflow/example_dags/example_time_delta_sensor_async.py
[2024-03-04T23:00:57.212+0530] {processor.py:840} INFO - DAG(s) 'example_time_delta_sensor_async' retrieved from /home/arun/.local/lib/python3.10/site-packages/airflow/example_dags/example_time_delta_sensor_async.py
[2024-03-04T23:00:57.228+0530] {logging_mixin.py:188} INFO - [2024-03-04T23:00:57.228+0530] {dag.py:3036} INFO - Sync 1 DAGs
[2024-03-04T23:00:57.242+0530] {logging_mixin.py:188} INFO - [2024-03-04T23:00:57.242+0530] {dag.py:3823} INFO - Setting next_dagrun for example_time_delta_sensor_async to None, run_after=None
[2024-03-04T23:00:57.277+0530] {processor.py:183} INFO - Processing /home/arun/.local/lib/python3.10/site-packages/airflow/example_dags/example_time_delta_sensor_async.py took 0.110 seconds
[2024-03-04T23:02:21.894+0530] {processor.py:161} INFO - Started process (PID=6159) to work on /home/arun/.local/lib/python3.10/site-packages/airflow/example_dags/example_time_delta_sensor_async.py
[2024-03-04T23:02:21.897+0530] {processor.py:830} INFO - Processing file /home/arun/.local/lib/python3.10/site-packages/airflow/example_dags/example_time_delta_sensor_async.py for tasks to queue
[2024-03-04T23:02:21.901+0530] {logging_mixin.py:188} INFO - [2024-03-04T23:02:21.900+0530] {dagbag.py:538} INFO - Filling up the DagBag from /home/arun/.local/lib/python3.10/site-packages/airflow/example_dags/example_time_delta_sensor_async.py
[2024-03-04T23:02:21.915+0530] {processor.py:840} INFO - DAG(s) 'example_time_delta_sensor_async' retrieved from /home/arun/.local/lib/python3.10/site-packages/airflow/example_dags/example_time_delta_sensor_async.py
[2024-03-04T23:02:21.952+0530] {logging_mixin.py:188} INFO - [2024-03-04T23:02:21.951+0530] {dag.py:3036} INFO - Sync 1 DAGs
[2024-03-04T23:02:21.978+0530] {logging_mixin.py:188} INFO - [2024-03-04T23:02:21.978+0530] {dag.py:3823} INFO - Setting next_dagrun for example_time_delta_sensor_async to None, run_after=None
[2024-03-04T23:02:22.020+0530] {processor.py:183} INFO - Processing /home/arun/.local/lib/python3.10/site-packages/airflow/example_dags/example_time_delta_sensor_async.py took 0.134 seconds
[2024-03-04T23:04:08.050+0530] {processor.py:161} INFO - Started process (PID=6706) to work on /home/arun/.local/lib/python3.10/site-packages/airflow/example_dags/example_time_delta_sensor_async.py
[2024-03-04T23:04:08.051+0530] {processor.py:830} INFO - Processing file /home/arun/.local/lib/python3.10/site-packages/airflow/example_dags/example_time_delta_sensor_async.py for tasks to queue
[2024-03-04T23:04:08.052+0530] {logging_mixin.py:188} INFO - [2024-03-04T23:04:08.052+0530] {dagbag.py:538} INFO - Filling up the DagBag from /home/arun/.local/lib/python3.10/site-packages/airflow/example_dags/example_time_delta_sensor_async.py
[2024-03-04T23:04:08.058+0530] {processor.py:840} INFO - DAG(s) 'example_time_delta_sensor_async' retrieved from /home/arun/.local/lib/python3.10/site-packages/airflow/example_dags/example_time_delta_sensor_async.py
[2024-03-04T23:04:08.075+0530] {logging_mixin.py:188} INFO - [2024-03-04T23:04:08.075+0530] {dag.py:3036} INFO - Sync 1 DAGs
[2024-03-04T23:04:08.091+0530] {logging_mixin.py:188} INFO - [2024-03-04T23:04:08.091+0530] {dag.py:3823} INFO - Setting next_dagrun for example_time_delta_sensor_async to None, run_after=None
[2024-03-04T23:04:08.128+0530] {processor.py:183} INFO - Processing /home/arun/.local/lib/python3.10/site-packages/airflow/example_dags/example_time_delta_sensor_async.py took 0.082 seconds
[2024-03-04T23:05:59.571+0530] {processor.py:161} INFO - Started process (PID=6904) to work on /home/arun/.local/lib/python3.10/site-packages/airflow/example_dags/example_time_delta_sensor_async.py
[2024-03-04T23:05:59.666+0530] {processor.py:830} INFO - Processing file /home/arun/.local/lib/python3.10/site-packages/airflow/example_dags/example_time_delta_sensor_async.py for tasks to queue
[2024-03-04T23:05:59.669+0530] {logging_mixin.py:188} INFO - [2024-03-04T23:05:59.667+0530] {dagbag.py:538} INFO - Filling up the DagBag from /home/arun/.local/lib/python3.10/site-packages/airflow/example_dags/example_time_delta_sensor_async.py
[2024-03-04T23:05:59.681+0530] {processor.py:840} INFO - DAG(s) 'example_time_delta_sensor_async' retrieved from /home/arun/.local/lib/python3.10/site-packages/airflow/example_dags/example_time_delta_sensor_async.py
[2024-03-04T23:05:59.733+0530] {logging_mixin.py:188} INFO - [2024-03-04T23:05:59.733+0530] {dag.py:3036} INFO - Sync 1 DAGs
[2024-03-04T23:05:59.776+0530] {logging_mixin.py:188} INFO - [2024-03-04T23:05:59.775+0530] {dag.py:3823} INFO - Setting next_dagrun for example_time_delta_sensor_async to None, run_after=None
[2024-03-04T23:05:59.809+0530] {processor.py:183} INFO - Processing /home/arun/.local/lib/python3.10/site-packages/airflow/example_dags/example_time_delta_sensor_async.py took 0.245 seconds
[2024-03-04T23:07:31.981+0530] {processor.py:161} INFO - Started process (PID=7101) to work on /home/arun/.local/lib/python3.10/site-packages/airflow/example_dags/example_time_delta_sensor_async.py
[2024-03-04T23:07:32.013+0530] {processor.py:830} INFO - Processing file /home/arun/.local/lib/python3.10/site-packages/airflow/example_dags/example_time_delta_sensor_async.py for tasks to queue
[2024-03-04T23:07:32.014+0530] {logging_mixin.py:188} INFO - [2024-03-04T23:07:32.014+0530] {dagbag.py:538} INFO - Filling up the DagBag from /home/arun/.local/lib/python3.10/site-packages/airflow/example_dags/example_time_delta_sensor_async.py
[2024-03-04T23:07:32.021+0530] {processor.py:840} INFO - DAG(s) 'example_time_delta_sensor_async' retrieved from /home/arun/.local/lib/python3.10/site-packages/airflow/example_dags/example_time_delta_sensor_async.py
[2024-03-04T23:07:32.039+0530] {logging_mixin.py:188} INFO - [2024-03-04T23:07:32.039+0530] {dag.py:3036} INFO - Sync 1 DAGs
[2024-03-04T23:07:32.052+0530] {logging_mixin.py:188} INFO - [2024-03-04T23:07:32.052+0530] {dag.py:3823} INFO - Setting next_dagrun for example_time_delta_sensor_async to None, run_after=None
[2024-03-04T23:07:32.084+0530] {processor.py:183} INFO - Processing /home/arun/.local/lib/python3.10/site-packages/airflow/example_dags/example_time_delta_sensor_async.py took 0.108 seconds
[2024-03-04T23:09:02.212+0530] {processor.py:161} INFO - Started process (PID=7274) to work on /home/arun/.local/lib/python3.10/site-packages/airflow/example_dags/example_time_delta_sensor_async.py
[2024-03-04T23:09:02.248+0530] {processor.py:830} INFO - Processing file /home/arun/.local/lib/python3.10/site-packages/airflow/example_dags/example_time_delta_sensor_async.py for tasks to queue
[2024-03-04T23:09:02.250+0530] {logging_mixin.py:188} INFO - [2024-03-04T23:09:02.249+0530] {dagbag.py:538} INFO - Filling up the DagBag from /home/arun/.local/lib/python3.10/site-packages/airflow/example_dags/example_time_delta_sensor_async.py
[2024-03-04T23:09:02.257+0530] {processor.py:840} INFO - DAG(s) 'example_time_delta_sensor_async' retrieved from /home/arun/.local/lib/python3.10/site-packages/airflow/example_dags/example_time_delta_sensor_async.py
[2024-03-04T23:09:02.280+0530] {logging_mixin.py:188} INFO - [2024-03-04T23:09:02.280+0530] {dag.py:3036} INFO - Sync 1 DAGs
[2024-03-04T23:09:02.299+0530] {logging_mixin.py:188} INFO - [2024-03-04T23:09:02.299+0530] {dag.py:3823} INFO - Setting next_dagrun for example_time_delta_sensor_async to None, run_after=None
[2024-03-04T23:09:02.346+0530] {processor.py:183} INFO - Processing /home/arun/.local/lib/python3.10/site-packages/airflow/example_dags/example_time_delta_sensor_async.py took 0.139 seconds
[2024-03-04T23:10:32.583+0530] {processor.py:161} INFO - Started process (PID=7453) to work on /home/arun/.local/lib/python3.10/site-packages/airflow/example_dags/example_time_delta_sensor_async.py
[2024-03-04T23:10:32.621+0530] {processor.py:830} INFO - Processing file /home/arun/.local/lib/python3.10/site-packages/airflow/example_dags/example_time_delta_sensor_async.py for tasks to queue
[2024-03-04T23:10:32.622+0530] {logging_mixin.py:188} INFO - [2024-03-04T23:10:32.622+0530] {dagbag.py:538} INFO - Filling up the DagBag from /home/arun/.local/lib/python3.10/site-packages/airflow/example_dags/example_time_delta_sensor_async.py
[2024-03-04T23:10:32.628+0530] {processor.py:840} INFO - DAG(s) 'example_time_delta_sensor_async' retrieved from /home/arun/.local/lib/python3.10/site-packages/airflow/example_dags/example_time_delta_sensor_async.py
[2024-03-04T23:10:32.645+0530] {logging_mixin.py:188} INFO - [2024-03-04T23:10:32.644+0530] {dag.py:3036} INFO - Sync 1 DAGs
[2024-03-04T23:10:32.657+0530] {logging_mixin.py:188} INFO - [2024-03-04T23:10:32.657+0530] {dag.py:3823} INFO - Setting next_dagrun for example_time_delta_sensor_async to None, run_after=None
[2024-03-04T23:10:32.687+0530] {processor.py:183} INFO - Processing /home/arun/.local/lib/python3.10/site-packages/airflow/example_dags/example_time_delta_sensor_async.py took 0.108 seconds
[2024-03-04T23:12:02.759+0530] {processor.py:161} INFO - Started process (PID=7669) to work on /home/arun/.local/lib/python3.10/site-packages/airflow/example_dags/example_time_delta_sensor_async.py
[2024-03-04T23:12:02.767+0530] {processor.py:830} INFO - Processing file /home/arun/.local/lib/python3.10/site-packages/airflow/example_dags/example_time_delta_sensor_async.py for tasks to queue
[2024-03-04T23:12:02.768+0530] {logging_mixin.py:188} INFO - [2024-03-04T23:12:02.767+0530] {dagbag.py:538} INFO - Filling up the DagBag from /home/arun/.local/lib/python3.10/site-packages/airflow/example_dags/example_time_delta_sensor_async.py
[2024-03-04T23:12:02.777+0530] {processor.py:840} INFO - DAG(s) 'example_time_delta_sensor_async' retrieved from /home/arun/.local/lib/python3.10/site-packages/airflow/example_dags/example_time_delta_sensor_async.py
[2024-03-04T23:12:02.816+0530] {logging_mixin.py:188} INFO - [2024-03-04T23:12:02.813+0530] {dag.py:3036} INFO - Sync 1 DAGs
[2024-03-04T23:12:02.850+0530] {logging_mixin.py:188} INFO - [2024-03-04T23:12:02.850+0530] {dag.py:3823} INFO - Setting next_dagrun for example_time_delta_sensor_async to None, run_after=None
[2024-03-04T23:12:02.883+0530] {processor.py:183} INFO - Processing /home/arun/.local/lib/python3.10/site-packages/airflow/example_dags/example_time_delta_sensor_async.py took 0.131 seconds
[2024-03-04T23:13:47.705+0530] {processor.py:161} INFO - Started process (PID=7911) to work on /home/arun/.local/lib/python3.10/site-packages/airflow/example_dags/example_time_delta_sensor_async.py
[2024-03-04T23:13:47.743+0530] {processor.py:830} INFO - Processing file /home/arun/.local/lib/python3.10/site-packages/airflow/example_dags/example_time_delta_sensor_async.py for tasks to queue
[2024-03-04T23:13:47.744+0530] {logging_mixin.py:188} INFO - [2024-03-04T23:13:47.744+0530] {dagbag.py:538} INFO - Filling up the DagBag from /home/arun/.local/lib/python3.10/site-packages/airflow/example_dags/example_time_delta_sensor_async.py
[2024-03-04T23:13:47.750+0530] {processor.py:840} INFO - DAG(s) 'example_time_delta_sensor_async' retrieved from /home/arun/.local/lib/python3.10/site-packages/airflow/example_dags/example_time_delta_sensor_async.py
[2024-03-04T23:13:47.765+0530] {logging_mixin.py:188} INFO - [2024-03-04T23:13:47.765+0530] {dag.py:3036} INFO - Sync 1 DAGs
[2024-03-04T23:13:47.775+0530] {logging_mixin.py:188} INFO - [2024-03-04T23:13:47.775+0530] {dag.py:3823} INFO - Setting next_dagrun for example_time_delta_sensor_async to None, run_after=None
[2024-03-04T23:13:47.801+0530] {processor.py:183} INFO - Processing /home/arun/.local/lib/python3.10/site-packages/airflow/example_dags/example_time_delta_sensor_async.py took 0.101 seconds
[2024-03-04T23:15:21.717+0530] {processor.py:161} INFO - Started process (PID=8087) to work on /home/arun/.local/lib/python3.10/site-packages/airflow/example_dags/example_time_delta_sensor_async.py
[2024-03-04T23:15:21.748+0530] {processor.py:830} INFO - Processing file /home/arun/.local/lib/python3.10/site-packages/airflow/example_dags/example_time_delta_sensor_async.py for tasks to queue
[2024-03-04T23:15:21.749+0530] {logging_mixin.py:188} INFO - [2024-03-04T23:15:21.749+0530] {dagbag.py:538} INFO - Filling up the DagBag from /home/arun/.local/lib/python3.10/site-packages/airflow/example_dags/example_time_delta_sensor_async.py
[2024-03-04T23:15:21.755+0530] {processor.py:840} INFO - DAG(s) 'example_time_delta_sensor_async' retrieved from /home/arun/.local/lib/python3.10/site-packages/airflow/example_dags/example_time_delta_sensor_async.py
[2024-03-04T23:15:21.775+0530] {logging_mixin.py:188} INFO - [2024-03-04T23:15:21.775+0530] {dag.py:3036} INFO - Sync 1 DAGs
[2024-03-04T23:15:21.790+0530] {logging_mixin.py:188} INFO - [2024-03-04T23:15:21.789+0530] {dag.py:3823} INFO - Setting next_dagrun for example_time_delta_sensor_async to None, run_after=None
[2024-03-04T23:15:21.824+0530] {processor.py:183} INFO - Processing /home/arun/.local/lib/python3.10/site-packages/airflow/example_dags/example_time_delta_sensor_async.py took 0.111 seconds
[2024-03-04T23:17:19.100+0530] {processor.py:161} INFO - Started process (PID=8329) to work on /home/arun/.local/lib/python3.10/site-packages/airflow/example_dags/example_time_delta_sensor_async.py
[2024-03-04T23:17:19.613+0530] {processor.py:830} INFO - Processing file /home/arun/.local/lib/python3.10/site-packages/airflow/example_dags/example_time_delta_sensor_async.py for tasks to queue
[2024-03-04T23:17:19.615+0530] {logging_mixin.py:188} INFO - [2024-03-04T23:17:19.615+0530] {dagbag.py:538} INFO - Filling up the DagBag from /home/arun/.local/lib/python3.10/site-packages/airflow/example_dags/example_time_delta_sensor_async.py
[2024-03-04T23:17:19.625+0530] {processor.py:840} INFO - DAG(s) 'example_time_delta_sensor_async' retrieved from /home/arun/.local/lib/python3.10/site-packages/airflow/example_dags/example_time_delta_sensor_async.py
[2024-03-04T23:17:19.680+0530] {logging_mixin.py:188} INFO - [2024-03-04T23:17:19.679+0530] {dag.py:3036} INFO - Sync 1 DAGs
[2024-03-04T23:17:19.698+0530] {logging_mixin.py:188} INFO - [2024-03-04T23:17:19.698+0530] {dag.py:3823} INFO - Setting next_dagrun for example_time_delta_sensor_async to None, run_after=None
[2024-03-04T23:17:20.112+0530] {processor.py:183} INFO - Processing /home/arun/.local/lib/python3.10/site-packages/airflow/example_dags/example_time_delta_sensor_async.py took 1.018 seconds
[2024-03-04T23:18:57.623+0530] {processor.py:161} INFO - Started process (PID=8526) to work on /home/arun/.local/lib/python3.10/site-packages/airflow/example_dags/example_time_delta_sensor_async.py
[2024-03-04T23:18:57.656+0530] {processor.py:830} INFO - Processing file /home/arun/.local/lib/python3.10/site-packages/airflow/example_dags/example_time_delta_sensor_async.py for tasks to queue
[2024-03-04T23:18:57.657+0530] {logging_mixin.py:188} INFO - [2024-03-04T23:18:57.656+0530] {dagbag.py:538} INFO - Filling up the DagBag from /home/arun/.local/lib/python3.10/site-packages/airflow/example_dags/example_time_delta_sensor_async.py
[2024-03-04T23:18:57.670+0530] {processor.py:840} INFO - DAG(s) 'example_time_delta_sensor_async' retrieved from /home/arun/.local/lib/python3.10/site-packages/airflow/example_dags/example_time_delta_sensor_async.py
[2024-03-04T23:18:57.692+0530] {logging_mixin.py:188} INFO - [2024-03-04T23:18:57.692+0530] {dag.py:3036} INFO - Sync 1 DAGs
[2024-03-04T23:18:57.710+0530] {logging_mixin.py:188} INFO - [2024-03-04T23:18:57.709+0530] {dag.py:3823} INFO - Setting next_dagrun for example_time_delta_sensor_async to None, run_after=None
[2024-03-04T23:18:57.812+0530] {processor.py:183} INFO - Processing /home/arun/.local/lib/python3.10/site-packages/airflow/example_dags/example_time_delta_sensor_async.py took 0.196 seconds
[2024-03-04T23:20:30.455+0530] {processor.py:161} INFO - Started process (PID=8721) to work on /home/arun/.local/lib/python3.10/site-packages/airflow/example_dags/example_time_delta_sensor_async.py
[2024-03-04T23:20:30.483+0530] {processor.py:830} INFO - Processing file /home/arun/.local/lib/python3.10/site-packages/airflow/example_dags/example_time_delta_sensor_async.py for tasks to queue
[2024-03-04T23:20:30.484+0530] {logging_mixin.py:188} INFO - [2024-03-04T23:20:30.484+0530] {dagbag.py:538} INFO - Filling up the DagBag from /home/arun/.local/lib/python3.10/site-packages/airflow/example_dags/example_time_delta_sensor_async.py
[2024-03-04T23:20:30.506+0530] {processor.py:840} INFO - DAG(s) 'example_time_delta_sensor_async' retrieved from /home/arun/.local/lib/python3.10/site-packages/airflow/example_dags/example_time_delta_sensor_async.py
[2024-03-04T23:20:30.544+0530] {logging_mixin.py:188} INFO - [2024-03-04T23:20:30.544+0530] {dag.py:3036} INFO - Sync 1 DAGs
[2024-03-04T23:20:30.563+0530] {logging_mixin.py:188} INFO - [2024-03-04T23:20:30.563+0530] {dag.py:3823} INFO - Setting next_dagrun for example_time_delta_sensor_async to None, run_after=None
[2024-03-04T23:20:30.661+0530] {processor.py:183} INFO - Processing /home/arun/.local/lib/python3.10/site-packages/airflow/example_dags/example_time_delta_sensor_async.py took 0.212 seconds
[2024-03-04T23:22:09.410+0530] {processor.py:161} INFO - Started process (PID=8913) to work on /home/arun/.local/lib/python3.10/site-packages/airflow/example_dags/example_time_delta_sensor_async.py
[2024-03-04T23:22:09.450+0530] {processor.py:830} INFO - Processing file /home/arun/.local/lib/python3.10/site-packages/airflow/example_dags/example_time_delta_sensor_async.py for tasks to queue
[2024-03-04T23:22:09.452+0530] {logging_mixin.py:188} INFO - [2024-03-04T23:22:09.451+0530] {dagbag.py:538} INFO - Filling up the DagBag from /home/arun/.local/lib/python3.10/site-packages/airflow/example_dags/example_time_delta_sensor_async.py
[2024-03-04T23:22:09.463+0530] {processor.py:840} INFO - DAG(s) 'example_time_delta_sensor_async' retrieved from /home/arun/.local/lib/python3.10/site-packages/airflow/example_dags/example_time_delta_sensor_async.py
[2024-03-04T23:22:09.489+0530] {logging_mixin.py:188} INFO - [2024-03-04T23:22:09.489+0530] {dag.py:3036} INFO - Sync 1 DAGs
[2024-03-04T23:22:09.508+0530] {logging_mixin.py:188} INFO - [2024-03-04T23:22:09.508+0530] {dag.py:3823} INFO - Setting next_dagrun for example_time_delta_sensor_async to None, run_after=None
[2024-03-04T23:22:09.558+0530] {processor.py:183} INFO - Processing /home/arun/.local/lib/python3.10/site-packages/airflow/example_dags/example_time_delta_sensor_async.py took 0.153 seconds
[2024-03-04T23:24:15.033+0530] {processor.py:161} INFO - Started process (PID=9283) to work on /home/arun/.local/lib/python3.10/site-packages/airflow/example_dags/example_time_delta_sensor_async.py
[2024-03-04T23:24:15.035+0530] {processor.py:830} INFO - Processing file /home/arun/.local/lib/python3.10/site-packages/airflow/example_dags/example_time_delta_sensor_async.py for tasks to queue
[2024-03-04T23:24:15.037+0530] {logging_mixin.py:188} INFO - [2024-03-04T23:24:15.036+0530] {dagbag.py:538} INFO - Filling up the DagBag from /home/arun/.local/lib/python3.10/site-packages/airflow/example_dags/example_time_delta_sensor_async.py
[2024-03-04T23:24:15.044+0530] {processor.py:840} INFO - DAG(s) 'example_time_delta_sensor_async' retrieved from /home/arun/.local/lib/python3.10/site-packages/airflow/example_dags/example_time_delta_sensor_async.py
[2024-03-04T23:24:15.134+0530] {logging_mixin.py:188} INFO - [2024-03-04T23:24:15.134+0530] {dag.py:3036} INFO - Sync 1 DAGs
[2024-03-04T23:24:15.161+0530] {logging_mixin.py:188} INFO - [2024-03-04T23:24:15.160+0530] {dag.py:3823} INFO - Setting next_dagrun for example_time_delta_sensor_async to None, run_after=None
[2024-03-04T23:24:15.314+0530] {processor.py:183} INFO - Processing /home/arun/.local/lib/python3.10/site-packages/airflow/example_dags/example_time_delta_sensor_async.py took 0.287 seconds
[2024-03-04T23:26:55.591+0530] {processor.py:161} INFO - Started process (PID=10136) to work on /home/arun/.local/lib/python3.10/site-packages/airflow/example_dags/example_time_delta_sensor_async.py
[2024-03-04T23:26:55.610+0530] {processor.py:830} INFO - Processing file /home/arun/.local/lib/python3.10/site-packages/airflow/example_dags/example_time_delta_sensor_async.py for tasks to queue
[2024-03-04T23:26:55.614+0530] {logging_mixin.py:188} INFO - [2024-03-04T23:26:55.611+0530] {dagbag.py:538} INFO - Filling up the DagBag from /home/arun/.local/lib/python3.10/site-packages/airflow/example_dags/example_time_delta_sensor_async.py
[2024-03-04T23:26:55.639+0530] {processor.py:840} INFO - DAG(s) 'example_time_delta_sensor_async' retrieved from /home/arun/.local/lib/python3.10/site-packages/airflow/example_dags/example_time_delta_sensor_async.py
[2024-03-04T23:26:55.681+0530] {logging_mixin.py:188} INFO - [2024-03-04T23:26:55.681+0530] {dag.py:3036} INFO - Sync 1 DAGs
[2024-03-04T23:26:55.701+0530] {logging_mixin.py:188} INFO - [2024-03-04T23:26:55.701+0530] {dag.py:3823} INFO - Setting next_dagrun for example_time_delta_sensor_async to None, run_after=None
[2024-03-04T23:26:55.781+0530] {processor.py:183} INFO - Processing /home/arun/.local/lib/python3.10/site-packages/airflow/example_dags/example_time_delta_sensor_async.py took 0.194 seconds
[2024-03-04T23:28:39.684+0530] {processor.py:161} INFO - Started process (PID=10377) to work on /home/arun/.local/lib/python3.10/site-packages/airflow/example_dags/example_time_delta_sensor_async.py
[2024-03-04T23:28:39.696+0530] {processor.py:830} INFO - Processing file /home/arun/.local/lib/python3.10/site-packages/airflow/example_dags/example_time_delta_sensor_async.py for tasks to queue
[2024-03-04T23:28:39.698+0530] {logging_mixin.py:188} INFO - [2024-03-04T23:28:39.697+0530] {dagbag.py:538} INFO - Filling up the DagBag from /home/arun/.local/lib/python3.10/site-packages/airflow/example_dags/example_time_delta_sensor_async.py
[2024-03-04T23:28:39.713+0530] {processor.py:840} INFO - DAG(s) 'example_time_delta_sensor_async' retrieved from /home/arun/.local/lib/python3.10/site-packages/airflow/example_dags/example_time_delta_sensor_async.py
[2024-03-04T23:28:39.748+0530] {logging_mixin.py:188} INFO - [2024-03-04T23:28:39.748+0530] {dag.py:3036} INFO - Sync 1 DAGs
[2024-03-04T23:28:39.773+0530] {logging_mixin.py:188} INFO - [2024-03-04T23:28:39.773+0530] {dag.py:3823} INFO - Setting next_dagrun for example_time_delta_sensor_async to None, run_after=None
[2024-03-04T23:28:39.820+0530] {processor.py:183} INFO - Processing /home/arun/.local/lib/python3.10/site-packages/airflow/example_dags/example_time_delta_sensor_async.py took 0.143 seconds
[2024-03-04T23:30:15.402+0530] {processor.py:161} INFO - Started process (PID=10657) to work on /home/arun/.local/lib/python3.10/site-packages/airflow/example_dags/example_time_delta_sensor_async.py
[2024-03-04T23:30:15.405+0530] {processor.py:830} INFO - Processing file /home/arun/.local/lib/python3.10/site-packages/airflow/example_dags/example_time_delta_sensor_async.py for tasks to queue
[2024-03-04T23:30:15.407+0530] {logging_mixin.py:188} INFO - [2024-03-04T23:30:15.406+0530] {dagbag.py:538} INFO - Filling up the DagBag from /home/arun/.local/lib/python3.10/site-packages/airflow/example_dags/example_time_delta_sensor_async.py
[2024-03-04T23:30:15.418+0530] {processor.py:840} INFO - DAG(s) 'example_time_delta_sensor_async' retrieved from /home/arun/.local/lib/python3.10/site-packages/airflow/example_dags/example_time_delta_sensor_async.py
[2024-03-04T23:30:15.448+0530] {logging_mixin.py:188} INFO - [2024-03-04T23:30:15.447+0530] {dag.py:3036} INFO - Sync 1 DAGs
[2024-03-04T23:30:15.500+0530] {logging_mixin.py:188} INFO - [2024-03-04T23:30:15.500+0530] {dag.py:3823} INFO - Setting next_dagrun for example_time_delta_sensor_async to None, run_after=None
[2024-03-04T23:30:15.566+0530] {processor.py:183} INFO - Processing /home/arun/.local/lib/python3.10/site-packages/airflow/example_dags/example_time_delta_sensor_async.py took 0.221 seconds
[2024-03-04T23:32:12.411+0530] {processor.py:161} INFO - Started process (PID=10888) to work on /home/arun/.local/lib/python3.10/site-packages/airflow/example_dags/example_time_delta_sensor_async.py
[2024-03-04T23:32:12.445+0530] {processor.py:830} INFO - Processing file /home/arun/.local/lib/python3.10/site-packages/airflow/example_dags/example_time_delta_sensor_async.py for tasks to queue
[2024-03-04T23:32:12.446+0530] {logging_mixin.py:188} INFO - [2024-03-04T23:32:12.446+0530] {dagbag.py:538} INFO - Filling up the DagBag from /home/arun/.local/lib/python3.10/site-packages/airflow/example_dags/example_time_delta_sensor_async.py
[2024-03-04T23:32:12.453+0530] {processor.py:840} INFO - DAG(s) 'example_time_delta_sensor_async' retrieved from /home/arun/.local/lib/python3.10/site-packages/airflow/example_dags/example_time_delta_sensor_async.py
[2024-03-04T23:32:12.472+0530] {logging_mixin.py:188} INFO - [2024-03-04T23:32:12.471+0530] {dag.py:3036} INFO - Sync 1 DAGs
[2024-03-04T23:32:12.485+0530] {logging_mixin.py:188} INFO - [2024-03-04T23:32:12.485+0530] {dag.py:3823} INFO - Setting next_dagrun for example_time_delta_sensor_async to None, run_after=None
[2024-03-04T23:32:12.516+0530] {processor.py:183} INFO - Processing /home/arun/.local/lib/python3.10/site-packages/airflow/example_dags/example_time_delta_sensor_async.py took 0.109 seconds
[2024-03-04T23:33:53.589+0530] {processor.py:161} INFO - Started process (PID=11086) to work on /home/arun/.local/lib/python3.10/site-packages/airflow/example_dags/example_time_delta_sensor_async.py
[2024-03-04T23:33:53.631+0530] {processor.py:830} INFO - Processing file /home/arun/.local/lib/python3.10/site-packages/airflow/example_dags/example_time_delta_sensor_async.py for tasks to queue
[2024-03-04T23:33:53.633+0530] {logging_mixin.py:188} INFO - [2024-03-04T23:33:53.632+0530] {dagbag.py:538} INFO - Filling up the DagBag from /home/arun/.local/lib/python3.10/site-packages/airflow/example_dags/example_time_delta_sensor_async.py
[2024-03-04T23:33:53.641+0530] {processor.py:840} INFO - DAG(s) 'example_time_delta_sensor_async' retrieved from /home/arun/.local/lib/python3.10/site-packages/airflow/example_dags/example_time_delta_sensor_async.py
[2024-03-04T23:33:53.666+0530] {logging_mixin.py:188} INFO - [2024-03-04T23:33:53.666+0530] {dag.py:3036} INFO - Sync 1 DAGs
[2024-03-04T23:33:53.686+0530] {logging_mixin.py:188} INFO - [2024-03-04T23:33:53.685+0530] {dag.py:3823} INFO - Setting next_dagrun for example_time_delta_sensor_async to None, run_after=None
[2024-03-04T23:33:53.741+0530] {processor.py:183} INFO - Processing /home/arun/.local/lib/python3.10/site-packages/airflow/example_dags/example_time_delta_sensor_async.py took 0.156 seconds
[2024-03-04T23:35:33.974+0530] {processor.py:161} INFO - Started process (PID=11260) to work on /home/arun/.local/lib/python3.10/site-packages/airflow/example_dags/example_time_delta_sensor_async.py
[2024-03-04T23:35:34.007+0530] {processor.py:830} INFO - Processing file /home/arun/.local/lib/python3.10/site-packages/airflow/example_dags/example_time_delta_sensor_async.py for tasks to queue
[2024-03-04T23:35:34.008+0530] {logging_mixin.py:188} INFO - [2024-03-04T23:35:34.007+0530] {dagbag.py:538} INFO - Filling up the DagBag from /home/arun/.local/lib/python3.10/site-packages/airflow/example_dags/example_time_delta_sensor_async.py
[2024-03-04T23:35:34.013+0530] {processor.py:840} INFO - DAG(s) 'example_time_delta_sensor_async' retrieved from /home/arun/.local/lib/python3.10/site-packages/airflow/example_dags/example_time_delta_sensor_async.py
[2024-03-04T23:35:34.027+0530] {logging_mixin.py:188} INFO - [2024-03-04T23:35:34.027+0530] {dag.py:3036} INFO - Sync 1 DAGs
[2024-03-04T23:35:34.036+0530] {logging_mixin.py:188} INFO - [2024-03-04T23:35:34.036+0530] {dag.py:3823} INFO - Setting next_dagrun for example_time_delta_sensor_async to None, run_after=None
[2024-03-04T23:35:34.061+0530] {processor.py:183} INFO - Processing /home/arun/.local/lib/python3.10/site-packages/airflow/example_dags/example_time_delta_sensor_async.py took 0.091 seconds
