[2024-03-04T18:30:20.933+0530] {processor.py:161} INFO - Started process (PID=12003) to work on /home/arun/.local/lib/python3.10/site-packages/airflow/example_dags/example_branch_operator_decorator.py
[2024-03-04T18:30:20.935+0530] {processor.py:830} INFO - Processing file /home/arun/.local/lib/python3.10/site-packages/airflow/example_dags/example_branch_operator_decorator.py for tasks to queue
[2024-03-04T18:30:20.937+0530] {logging_mixin.py:188} INFO - [2024-03-04T18:30:20.937+0530] {dagbag.py:538} INFO - Filling up the DagBag from /home/arun/.local/lib/python3.10/site-packages/airflow/example_dags/example_branch_operator_decorator.py
[2024-03-04T18:30:21.009+0530] {processor.py:840} INFO - DAG(s) 'example_branch_python_operator_decorator' retrieved from /home/arun/.local/lib/python3.10/site-packages/airflow/example_dags/example_branch_operator_decorator.py
[2024-03-04T18:30:21.405+0530] {logging_mixin.py:188} INFO - [2024-03-04T18:30:21.405+0530] {dag.py:3036} INFO - Sync 1 DAGs
[2024-03-04T18:30:21.427+0530] {logging_mixin.py:188} INFO - [2024-03-04T18:30:21.427+0530] {dag.py:3823} INFO - Setting next_dagrun for example_branch_python_operator_decorator to 2024-03-03 00:00:00+00:00, run_after=2024-03-04 00:00:00+00:00
[2024-03-04T18:30:21.501+0530] {processor.py:183} INFO - Processing /home/arun/.local/lib/python3.10/site-packages/airflow/example_dags/example_branch_operator_decorator.py took 0.593 seconds
[2024-03-04T18:32:20.836+0530] {processor.py:161} INFO - Started process (PID=12136) to work on /home/arun/.local/lib/python3.10/site-packages/airflow/example_dags/example_branch_operator_decorator.py
[2024-03-04T18:32:20.842+0530] {processor.py:830} INFO - Processing file /home/arun/.local/lib/python3.10/site-packages/airflow/example_dags/example_branch_operator_decorator.py for tasks to queue
[2024-03-04T18:32:20.845+0530] {logging_mixin.py:188} INFO - [2024-03-04T18:32:20.844+0530] {dagbag.py:538} INFO - Filling up the DagBag from /home/arun/.local/lib/python3.10/site-packages/airflow/example_dags/example_branch_operator_decorator.py
[2024-03-04T18:32:20.927+0530] {processor.py:840} INFO - DAG(s) 'example_branch_python_operator_decorator' retrieved from /home/arun/.local/lib/python3.10/site-packages/airflow/example_dags/example_branch_operator_decorator.py
[2024-03-04T18:32:20.987+0530] {logging_mixin.py:188} INFO - [2024-03-04T18:32:20.987+0530] {dag.py:3036} INFO - Sync 1 DAGs
[2024-03-04T18:32:21.048+0530] {logging_mixin.py:188} INFO - [2024-03-04T18:32:21.047+0530] {dag.py:3823} INFO - Setting next_dagrun for example_branch_python_operator_decorator to 2024-03-03 00:00:00+00:00, run_after=2024-03-04 00:00:00+00:00
[2024-03-04T18:32:21.166+0530] {processor.py:183} INFO - Processing /home/arun/.local/lib/python3.10/site-packages/airflow/example_dags/example_branch_operator_decorator.py took 0.345 seconds
[2024-03-04T18:34:27.077+0530] {processor.py:161} INFO - Started process (PID=12280) to work on /home/arun/.local/lib/python3.10/site-packages/airflow/example_dags/example_branch_operator_decorator.py
[2024-03-04T18:34:27.115+0530] {processor.py:830} INFO - Processing file /home/arun/.local/lib/python3.10/site-packages/airflow/example_dags/example_branch_operator_decorator.py for tasks to queue
[2024-03-04T18:34:27.116+0530] {logging_mixin.py:188} INFO - [2024-03-04T18:34:27.116+0530] {dagbag.py:538} INFO - Filling up the DagBag from /home/arun/.local/lib/python3.10/site-packages/airflow/example_dags/example_branch_operator_decorator.py
[2024-03-04T18:34:27.189+0530] {processor.py:840} INFO - DAG(s) 'example_branch_python_operator_decorator' retrieved from /home/arun/.local/lib/python3.10/site-packages/airflow/example_dags/example_branch_operator_decorator.py
[2024-03-04T18:34:27.279+0530] {logging_mixin.py:188} INFO - [2024-03-04T18:34:27.279+0530] {dag.py:3036} INFO - Sync 1 DAGs
[2024-03-04T18:34:27.331+0530] {logging_mixin.py:188} INFO - [2024-03-04T18:34:27.330+0530] {dag.py:3823} INFO - Setting next_dagrun for example_branch_python_operator_decorator to 2024-03-03 00:00:00+00:00, run_after=2024-03-04 00:00:00+00:00
[2024-03-04T18:34:27.457+0530] {processor.py:183} INFO - Processing /home/arun/.local/lib/python3.10/site-packages/airflow/example_dags/example_branch_operator_decorator.py took 0.385 seconds
[2024-03-04T18:36:51.296+0530] {processor.py:161} INFO - Started process (PID=12445) to work on /home/arun/.local/lib/python3.10/site-packages/airflow/example_dags/example_branch_operator_decorator.py
[2024-03-04T18:36:51.299+0530] {processor.py:830} INFO - Processing file /home/arun/.local/lib/python3.10/site-packages/airflow/example_dags/example_branch_operator_decorator.py for tasks to queue
[2024-03-04T18:36:51.301+0530] {logging_mixin.py:188} INFO - [2024-03-04T18:36:51.300+0530] {dagbag.py:538} INFO - Filling up the DagBag from /home/arun/.local/lib/python3.10/site-packages/airflow/example_dags/example_branch_operator_decorator.py
[2024-03-04T18:36:51.388+0530] {processor.py:840} INFO - DAG(s) 'example_branch_python_operator_decorator' retrieved from /home/arun/.local/lib/python3.10/site-packages/airflow/example_dags/example_branch_operator_decorator.py
[2024-03-04T18:36:51.485+0530] {logging_mixin.py:188} INFO - [2024-03-04T18:36:51.485+0530] {dag.py:3036} INFO - Sync 1 DAGs
[2024-03-04T18:36:51.535+0530] {logging_mixin.py:188} INFO - [2024-03-04T18:36:51.534+0530] {dag.py:3823} INFO - Setting next_dagrun for example_branch_python_operator_decorator to 2024-03-03 00:00:00+00:00, run_after=2024-03-04 00:00:00+00:00
[2024-03-04T18:36:51.647+0530] {processor.py:183} INFO - Processing /home/arun/.local/lib/python3.10/site-packages/airflow/example_dags/example_branch_operator_decorator.py took 0.356 seconds
[2024-03-04T18:39:35.398+0530] {processor.py:161} INFO - Started process (PID=12615) to work on /home/arun/.local/lib/python3.10/site-packages/airflow/example_dags/example_branch_operator_decorator.py
[2024-03-04T18:39:35.426+0530] {processor.py:830} INFO - Processing file /home/arun/.local/lib/python3.10/site-packages/airflow/example_dags/example_branch_operator_decorator.py for tasks to queue
[2024-03-04T18:39:35.431+0530] {logging_mixin.py:188} INFO - [2024-03-04T18:39:35.430+0530] {dagbag.py:538} INFO - Filling up the DagBag from /home/arun/.local/lib/python3.10/site-packages/airflow/example_dags/example_branch_operator_decorator.py
[2024-03-04T18:39:35.571+0530] {processor.py:840} INFO - DAG(s) 'example_branch_python_operator_decorator' retrieved from /home/arun/.local/lib/python3.10/site-packages/airflow/example_dags/example_branch_operator_decorator.py
[2024-03-04T18:39:35.801+0530] {logging_mixin.py:188} INFO - [2024-03-04T18:39:35.801+0530] {dag.py:3036} INFO - Sync 1 DAGs
[2024-03-04T18:39:35.998+0530] {logging_mixin.py:188} INFO - [2024-03-04T18:39:35.998+0530] {dag.py:3823} INFO - Setting next_dagrun for example_branch_python_operator_decorator to 2024-03-03 00:00:00+00:00, run_after=2024-03-04 00:00:00+00:00
[2024-03-04T18:39:36.886+0530] {processor.py:183} INFO - Processing /home/arun/.local/lib/python3.10/site-packages/airflow/example_dags/example_branch_operator_decorator.py took 1.509 seconds
[2024-03-04T18:42:01.254+0530] {processor.py:161} INFO - Started process (PID=12839) to work on /home/arun/.local/lib/python3.10/site-packages/airflow/example_dags/example_branch_operator_decorator.py
[2024-03-04T18:42:01.305+0530] {processor.py:830} INFO - Processing file /home/arun/.local/lib/python3.10/site-packages/airflow/example_dags/example_branch_operator_decorator.py for tasks to queue
[2024-03-04T18:42:01.307+0530] {logging_mixin.py:188} INFO - [2024-03-04T18:42:01.306+0530] {dagbag.py:538} INFO - Filling up the DagBag from /home/arun/.local/lib/python3.10/site-packages/airflow/example_dags/example_branch_operator_decorator.py
[2024-03-04T18:42:01.397+0530] {processor.py:840} INFO - DAG(s) 'example_branch_python_operator_decorator' retrieved from /home/arun/.local/lib/python3.10/site-packages/airflow/example_dags/example_branch_operator_decorator.py
[2024-03-04T18:42:01.468+0530] {logging_mixin.py:188} INFO - [2024-03-04T18:42:01.467+0530] {dag.py:3036} INFO - Sync 1 DAGs
[2024-03-04T18:42:01.546+0530] {logging_mixin.py:188} INFO - [2024-03-04T18:42:01.546+0530] {dag.py:3823} INFO - Setting next_dagrun for example_branch_python_operator_decorator to 2024-03-03 00:00:00+00:00, run_after=2024-03-04 00:00:00+00:00
[2024-03-04T18:42:01.590+0530] {processor.py:183} INFO - Processing /home/arun/.local/lib/python3.10/site-packages/airflow/example_dags/example_branch_operator_decorator.py took 0.354 seconds
[2024-03-04T18:46:08.893+0530] {processor.py:161} INFO - Started process (PID=13934) to work on /home/arun/.local/lib/python3.10/site-packages/airflow/example_dags/example_branch_operator_decorator.py
[2024-03-04T18:46:08.905+0530] {processor.py:830} INFO - Processing file /home/arun/.local/lib/python3.10/site-packages/airflow/example_dags/example_branch_operator_decorator.py for tasks to queue
[2024-03-04T18:46:08.907+0530] {logging_mixin.py:188} INFO - [2024-03-04T18:46:08.906+0530] {dagbag.py:538} INFO - Filling up the DagBag from /home/arun/.local/lib/python3.10/site-packages/airflow/example_dags/example_branch_operator_decorator.py
[2024-03-04T18:46:09.006+0530] {processor.py:840} INFO - DAG(s) 'example_branch_python_operator_decorator' retrieved from /home/arun/.local/lib/python3.10/site-packages/airflow/example_dags/example_branch_operator_decorator.py
[2024-03-04T18:46:09.106+0530] {logging_mixin.py:188} INFO - [2024-03-04T18:46:09.105+0530] {dag.py:3036} INFO - Sync 1 DAGs
[2024-03-04T18:46:09.178+0530] {logging_mixin.py:188} INFO - [2024-03-04T18:46:09.178+0530] {dag.py:3823} INFO - Setting next_dagrun for example_branch_python_operator_decorator to 2024-03-03 00:00:00+00:00, run_after=2024-03-04 00:00:00+00:00
[2024-03-04T18:46:09.385+0530] {processor.py:183} INFO - Processing /home/arun/.local/lib/python3.10/site-packages/airflow/example_dags/example_branch_operator_decorator.py took 0.508 seconds
[2024-03-04T18:55:50.956+0530] {processor.py:161} INFO - Started process (PID=5819) to work on /home/arun/.local/lib/python3.10/site-packages/airflow/example_dags/example_branch_operator_decorator.py
[2024-03-04T18:55:51.004+0530] {processor.py:830} INFO - Processing file /home/arun/.local/lib/python3.10/site-packages/airflow/example_dags/example_branch_operator_decorator.py for tasks to queue
[2024-03-04T18:55:51.006+0530] {logging_mixin.py:188} INFO - [2024-03-04T18:55:51.005+0530] {dagbag.py:538} INFO - Filling up the DagBag from /home/arun/.local/lib/python3.10/site-packages/airflow/example_dags/example_branch_operator_decorator.py
[2024-03-04T18:55:51.087+0530] {processor.py:840} INFO - DAG(s) 'example_branch_python_operator_decorator' retrieved from /home/arun/.local/lib/python3.10/site-packages/airflow/example_dags/example_branch_operator_decorator.py
[2024-03-04T18:55:51.687+0530] {logging_mixin.py:188} INFO - [2024-03-04T18:55:51.686+0530] {dag.py:3036} INFO - Sync 1 DAGs
[2024-03-04T18:55:51.735+0530] {logging_mixin.py:188} INFO - [2024-03-04T18:55:51.735+0530] {dag.py:3823} INFO - Setting next_dagrun for example_branch_python_operator_decorator to 2024-03-03 00:00:00+00:00, run_after=2024-03-04 00:00:00+00:00
[2024-03-04T18:55:51.892+0530] {processor.py:183} INFO - Processing /home/arun/.local/lib/python3.10/site-packages/airflow/example_dags/example_branch_operator_decorator.py took 0.954 seconds
[2024-03-04T18:58:12.916+0530] {processor.py:161} INFO - Started process (PID=6027) to work on /home/arun/.local/lib/python3.10/site-packages/airflow/example_dags/example_branch_operator_decorator.py
[2024-03-04T18:58:12.984+0530] {processor.py:830} INFO - Processing file /home/arun/.local/lib/python3.10/site-packages/airflow/example_dags/example_branch_operator_decorator.py for tasks to queue
[2024-03-04T18:58:13.015+0530] {logging_mixin.py:188} INFO - [2024-03-04T18:58:12.985+0530] {dagbag.py:538} INFO - Filling up the DagBag from /home/arun/.local/lib/python3.10/site-packages/airflow/example_dags/example_branch_operator_decorator.py
[2024-03-04T18:58:13.094+0530] {processor.py:840} INFO - DAG(s) 'example_branch_python_operator_decorator' retrieved from /home/arun/.local/lib/python3.10/site-packages/airflow/example_dags/example_branch_operator_decorator.py
[2024-03-04T18:58:13.170+0530] {logging_mixin.py:188} INFO - [2024-03-04T18:58:13.160+0530] {dag.py:3036} INFO - Sync 1 DAGs
[2024-03-04T18:58:13.269+0530] {logging_mixin.py:188} INFO - [2024-03-04T18:58:13.269+0530] {dag.py:3823} INFO - Setting next_dagrun for example_branch_python_operator_decorator to 2024-03-03 00:00:00+00:00, run_after=2024-03-04 00:00:00+00:00
[2024-03-04T18:58:13.798+0530] {processor.py:183} INFO - Processing /home/arun/.local/lib/python3.10/site-packages/airflow/example_dags/example_branch_operator_decorator.py took 0.907 seconds
[2024-03-04T19:00:21.362+0530] {processor.py:161} INFO - Started process (PID=6440) to work on /home/arun/.local/lib/python3.10/site-packages/airflow/example_dags/example_branch_operator_decorator.py
[2024-03-04T19:00:21.412+0530] {processor.py:830} INFO - Processing file /home/arun/.local/lib/python3.10/site-packages/airflow/example_dags/example_branch_operator_decorator.py for tasks to queue
[2024-03-04T19:00:21.426+0530] {logging_mixin.py:188} INFO - [2024-03-04T19:00:21.422+0530] {dagbag.py:538} INFO - Filling up the DagBag from /home/arun/.local/lib/python3.10/site-packages/airflow/example_dags/example_branch_operator_decorator.py
[2024-03-04T19:00:21.591+0530] {processor.py:840} INFO - DAG(s) 'example_branch_python_operator_decorator' retrieved from /home/arun/.local/lib/python3.10/site-packages/airflow/example_dags/example_branch_operator_decorator.py
[2024-03-04T19:00:21.711+0530] {logging_mixin.py:188} INFO - [2024-03-04T19:00:21.711+0530] {dag.py:3036} INFO - Sync 1 DAGs
[2024-03-04T19:00:21.834+0530] {logging_mixin.py:188} INFO - [2024-03-04T19:00:21.833+0530] {dag.py:3823} INFO - Setting next_dagrun for example_branch_python_operator_decorator to 2024-03-03 00:00:00+00:00, run_after=2024-03-04 00:00:00+00:00
[2024-03-04T19:00:21.905+0530] {processor.py:183} INFO - Processing /home/arun/.local/lib/python3.10/site-packages/airflow/example_dags/example_branch_operator_decorator.py took 0.550 seconds
[2024-03-04T19:02:07.629+0530] {processor.py:161} INFO - Started process (PID=6653) to work on /home/arun/.local/lib/python3.10/site-packages/airflow/example_dags/example_branch_operator_decorator.py
[2024-03-04T19:02:07.632+0530] {processor.py:830} INFO - Processing file /home/arun/.local/lib/python3.10/site-packages/airflow/example_dags/example_branch_operator_decorator.py for tasks to queue
[2024-03-04T19:02:07.635+0530] {logging_mixin.py:188} INFO - [2024-03-04T19:02:07.633+0530] {dagbag.py:538} INFO - Filling up the DagBag from /home/arun/.local/lib/python3.10/site-packages/airflow/example_dags/example_branch_operator_decorator.py
[2024-03-04T19:02:07.716+0530] {processor.py:840} INFO - DAG(s) 'example_branch_python_operator_decorator' retrieved from /home/arun/.local/lib/python3.10/site-packages/airflow/example_dags/example_branch_operator_decorator.py
[2024-03-04T19:02:07.794+0530] {logging_mixin.py:188} INFO - [2024-03-04T19:02:07.793+0530] {dag.py:3036} INFO - Sync 1 DAGs
[2024-03-04T19:02:07.871+0530] {logging_mixin.py:188} INFO - [2024-03-04T19:02:07.871+0530] {dag.py:3823} INFO - Setting next_dagrun for example_branch_python_operator_decorator to 2024-03-03 00:00:00+00:00, run_after=2024-03-04 00:00:00+00:00
[2024-03-04T19:02:07.971+0530] {processor.py:183} INFO - Processing /home/arun/.local/lib/python3.10/site-packages/airflow/example_dags/example_branch_operator_decorator.py took 0.347 seconds
[2024-03-04T19:06:01.537+0530] {processor.py:161} INFO - Started process (PID=7001) to work on /home/arun/.local/lib/python3.10/site-packages/airflow/example_dags/example_branch_operator_decorator.py
[2024-03-04T19:06:01.596+0530] {processor.py:830} INFO - Processing file /home/arun/.local/lib/python3.10/site-packages/airflow/example_dags/example_branch_operator_decorator.py for tasks to queue
[2024-03-04T19:06:01.597+0530] {logging_mixin.py:188} INFO - [2024-03-04T19:06:01.597+0530] {dagbag.py:538} INFO - Filling up the DagBag from /home/arun/.local/lib/python3.10/site-packages/airflow/example_dags/example_branch_operator_decorator.py
[2024-03-04T19:06:01.664+0530] {processor.py:840} INFO - DAG(s) 'example_branch_python_operator_decorator' retrieved from /home/arun/.local/lib/python3.10/site-packages/airflow/example_dags/example_branch_operator_decorator.py
[2024-03-04T19:06:01.710+0530] {logging_mixin.py:188} INFO - [2024-03-04T19:06:01.709+0530] {dag.py:3036} INFO - Sync 1 DAGs
[2024-03-04T19:06:01.772+0530] {logging_mixin.py:188} INFO - [2024-03-04T19:06:01.771+0530] {dag.py:3823} INFO - Setting next_dagrun for example_branch_python_operator_decorator to 2024-03-03 00:00:00+00:00, run_after=2024-03-04 00:00:00+00:00
[2024-03-04T19:06:01.855+0530] {processor.py:183} INFO - Processing /home/arun/.local/lib/python3.10/site-packages/airflow/example_dags/example_branch_operator_decorator.py took 0.326 seconds
[2024-03-04T19:07:45.129+0530] {processor.py:161} INFO - Started process (PID=7195) to work on /home/arun/.local/lib/python3.10/site-packages/airflow/example_dags/example_branch_operator_decorator.py
[2024-03-04T19:07:45.169+0530] {processor.py:830} INFO - Processing file /home/arun/.local/lib/python3.10/site-packages/airflow/example_dags/example_branch_operator_decorator.py for tasks to queue
[2024-03-04T19:07:45.171+0530] {logging_mixin.py:188} INFO - [2024-03-04T19:07:45.171+0530] {dagbag.py:538} INFO - Filling up the DagBag from /home/arun/.local/lib/python3.10/site-packages/airflow/example_dags/example_branch_operator_decorator.py
[2024-03-04T19:07:45.202+0530] {processor.py:840} INFO - DAG(s) 'example_branch_python_operator_decorator' retrieved from /home/arun/.local/lib/python3.10/site-packages/airflow/example_dags/example_branch_operator_decorator.py
[2024-03-04T19:07:45.242+0530] {logging_mixin.py:188} INFO - [2024-03-04T19:07:45.241+0530] {dag.py:3036} INFO - Sync 1 DAGs
[2024-03-04T19:07:45.281+0530] {logging_mixin.py:188} INFO - [2024-03-04T19:07:45.281+0530] {dag.py:3823} INFO - Setting next_dagrun for example_branch_python_operator_decorator to 2024-03-03 00:00:00+00:00, run_after=2024-03-04 00:00:00+00:00
[2024-03-04T19:07:45.313+0530] {processor.py:183} INFO - Processing /home/arun/.local/lib/python3.10/site-packages/airflow/example_dags/example_branch_operator_decorator.py took 0.187 seconds
[2024-03-04T19:09:00.533+0530] {processor.py:161} INFO - Started process (PID=7348) to work on /home/arun/.local/lib/python3.10/site-packages/airflow/example_dags/example_branch_operator_decorator.py
[2024-03-04T19:09:00.537+0530] {processor.py:830} INFO - Processing file /home/arun/.local/lib/python3.10/site-packages/airflow/example_dags/example_branch_operator_decorator.py for tasks to queue
[2024-03-04T19:09:00.539+0530] {logging_mixin.py:188} INFO - [2024-03-04T19:09:00.538+0530] {dagbag.py:538} INFO - Filling up the DagBag from /home/arun/.local/lib/python3.10/site-packages/airflow/example_dags/example_branch_operator_decorator.py
[2024-03-04T19:09:00.575+0530] {processor.py:840} INFO - DAG(s) 'example_branch_python_operator_decorator' retrieved from /home/arun/.local/lib/python3.10/site-packages/airflow/example_dags/example_branch_operator_decorator.py
[2024-03-04T19:09:00.607+0530] {logging_mixin.py:188} INFO - [2024-03-04T19:09:00.606+0530] {dag.py:3036} INFO - Sync 1 DAGs
[2024-03-04T19:09:00.637+0530] {logging_mixin.py:188} INFO - [2024-03-04T19:09:00.637+0530] {dag.py:3823} INFO - Setting next_dagrun for example_branch_python_operator_decorator to 2024-03-03 00:00:00+00:00, run_after=2024-03-04 00:00:00+00:00
[2024-03-04T19:09:00.680+0530] {processor.py:183} INFO - Processing /home/arun/.local/lib/python3.10/site-packages/airflow/example_dags/example_branch_operator_decorator.py took 0.152 seconds
[2024-03-04T19:10:25.183+0530] {processor.py:161} INFO - Started process (PID=7517) to work on /home/arun/.local/lib/python3.10/site-packages/airflow/example_dags/example_branch_operator_decorator.py
[2024-03-04T19:10:25.229+0530] {processor.py:830} INFO - Processing file /home/arun/.local/lib/python3.10/site-packages/airflow/example_dags/example_branch_operator_decorator.py for tasks to queue
[2024-03-04T19:10:25.231+0530] {logging_mixin.py:188} INFO - [2024-03-04T19:10:25.230+0530] {dagbag.py:538} INFO - Filling up the DagBag from /home/arun/.local/lib/python3.10/site-packages/airflow/example_dags/example_branch_operator_decorator.py
[2024-03-04T19:10:25.293+0530] {processor.py:840} INFO - DAG(s) 'example_branch_python_operator_decorator' retrieved from /home/arun/.local/lib/python3.10/site-packages/airflow/example_dags/example_branch_operator_decorator.py
[2024-03-04T19:10:25.325+0530] {logging_mixin.py:188} INFO - [2024-03-04T19:10:25.325+0530] {dag.py:3036} INFO - Sync 1 DAGs
[2024-03-04T19:10:25.355+0530] {logging_mixin.py:188} INFO - [2024-03-04T19:10:25.354+0530] {dag.py:3823} INFO - Setting next_dagrun for example_branch_python_operator_decorator to 2024-03-03 00:00:00+00:00, run_after=2024-03-04 00:00:00+00:00
[2024-03-04T19:10:25.405+0530] {processor.py:183} INFO - Processing /home/arun/.local/lib/python3.10/site-packages/airflow/example_dags/example_branch_operator_decorator.py took 0.226 seconds
[2024-03-04T19:11:50.787+0530] {processor.py:161} INFO - Started process (PID=7667) to work on /home/arun/.local/lib/python3.10/site-packages/airflow/example_dags/example_branch_operator_decorator.py
[2024-03-04T19:11:50.827+0530] {processor.py:830} INFO - Processing file /home/arun/.local/lib/python3.10/site-packages/airflow/example_dags/example_branch_operator_decorator.py for tasks to queue
[2024-03-04T19:11:50.828+0530] {logging_mixin.py:188} INFO - [2024-03-04T19:11:50.828+0530] {dagbag.py:538} INFO - Filling up the DagBag from /home/arun/.local/lib/python3.10/site-packages/airflow/example_dags/example_branch_operator_decorator.py
[2024-03-04T19:11:50.850+0530] {processor.py:840} INFO - DAG(s) 'example_branch_python_operator_decorator' retrieved from /home/arun/.local/lib/python3.10/site-packages/airflow/example_dags/example_branch_operator_decorator.py
[2024-03-04T19:11:50.874+0530] {logging_mixin.py:188} INFO - [2024-03-04T19:11:50.873+0530] {dag.py:3036} INFO - Sync 1 DAGs
[2024-03-04T19:11:50.899+0530] {logging_mixin.py:188} INFO - [2024-03-04T19:11:50.899+0530] {dag.py:3823} INFO - Setting next_dagrun for example_branch_python_operator_decorator to 2024-03-03 00:00:00+00:00, run_after=2024-03-04 00:00:00+00:00
[2024-03-04T19:11:50.941+0530] {processor.py:183} INFO - Processing /home/arun/.local/lib/python3.10/site-packages/airflow/example_dags/example_branch_operator_decorator.py took 0.158 seconds
[2024-03-04T19:13:20.460+0530] {processor.py:161} INFO - Started process (PID=7831) to work on /home/arun/.local/lib/python3.10/site-packages/airflow/example_dags/example_branch_operator_decorator.py
[2024-03-04T19:13:20.467+0530] {processor.py:830} INFO - Processing file /home/arun/.local/lib/python3.10/site-packages/airflow/example_dags/example_branch_operator_decorator.py for tasks to queue
[2024-03-04T19:13:20.468+0530] {logging_mixin.py:188} INFO - [2024-03-04T19:13:20.468+0530] {dagbag.py:538} INFO - Filling up the DagBag from /home/arun/.local/lib/python3.10/site-packages/airflow/example_dags/example_branch_operator_decorator.py
[2024-03-04T19:13:20.493+0530] {processor.py:840} INFO - DAG(s) 'example_branch_python_operator_decorator' retrieved from /home/arun/.local/lib/python3.10/site-packages/airflow/example_dags/example_branch_operator_decorator.py
[2024-03-04T19:13:20.523+0530] {logging_mixin.py:188} INFO - [2024-03-04T19:13:20.523+0530] {dag.py:3036} INFO - Sync 1 DAGs
[2024-03-04T19:13:20.551+0530] {logging_mixin.py:188} INFO - [2024-03-04T19:13:20.551+0530] {dag.py:3823} INFO - Setting next_dagrun for example_branch_python_operator_decorator to 2024-03-03 00:00:00+00:00, run_after=2024-03-04 00:00:00+00:00
[2024-03-04T19:13:20.585+0530] {processor.py:183} INFO - Processing /home/arun/.local/lib/python3.10/site-packages/airflow/example_dags/example_branch_operator_decorator.py took 0.127 seconds
[2024-03-04T19:14:45.384+0530] {processor.py:161} INFO - Started process (PID=7988) to work on /home/arun/.local/lib/python3.10/site-packages/airflow/example_dags/example_branch_operator_decorator.py
[2024-03-04T19:14:45.496+0530] {processor.py:830} INFO - Processing file /home/arun/.local/lib/python3.10/site-packages/airflow/example_dags/example_branch_operator_decorator.py for tasks to queue
[2024-03-04T19:14:45.497+0530] {logging_mixin.py:188} INFO - [2024-03-04T19:14:45.497+0530] {dagbag.py:538} INFO - Filling up the DagBag from /home/arun/.local/lib/python3.10/site-packages/airflow/example_dags/example_branch_operator_decorator.py
[2024-03-04T19:14:45.547+0530] {processor.py:840} INFO - DAG(s) 'example_branch_python_operator_decorator' retrieved from /home/arun/.local/lib/python3.10/site-packages/airflow/example_dags/example_branch_operator_decorator.py
[2024-03-04T19:14:45.640+0530] {logging_mixin.py:188} INFO - [2024-03-04T19:14:45.640+0530] {dag.py:3036} INFO - Sync 1 DAGs
[2024-03-04T19:14:45.676+0530] {logging_mixin.py:188} INFO - [2024-03-04T19:14:45.675+0530] {dag.py:3823} INFO - Setting next_dagrun for example_branch_python_operator_decorator to 2024-03-03 00:00:00+00:00, run_after=2024-03-04 00:00:00+00:00
[2024-03-04T19:14:45.791+0530] {processor.py:183} INFO - Processing /home/arun/.local/lib/python3.10/site-packages/airflow/example_dags/example_branch_operator_decorator.py took 0.416 seconds
[2024-03-04T19:16:09.725+0530] {processor.py:161} INFO - Started process (PID=8219) to work on /home/arun/.local/lib/python3.10/site-packages/airflow/example_dags/example_branch_operator_decorator.py
[2024-03-04T19:16:09.766+0530] {processor.py:830} INFO - Processing file /home/arun/.local/lib/python3.10/site-packages/airflow/example_dags/example_branch_operator_decorator.py for tasks to queue
[2024-03-04T19:16:09.767+0530] {logging_mixin.py:188} INFO - [2024-03-04T19:16:09.767+0530] {dagbag.py:538} INFO - Filling up the DagBag from /home/arun/.local/lib/python3.10/site-packages/airflow/example_dags/example_branch_operator_decorator.py
[2024-03-04T19:16:09.801+0530] {processor.py:840} INFO - DAG(s) 'example_branch_python_operator_decorator' retrieved from /home/arun/.local/lib/python3.10/site-packages/airflow/example_dags/example_branch_operator_decorator.py
[2024-03-04T19:16:09.861+0530] {logging_mixin.py:188} INFO - [2024-03-04T19:16:09.861+0530] {dag.py:3036} INFO - Sync 1 DAGs
[2024-03-04T19:16:09.908+0530] {logging_mixin.py:188} INFO - [2024-03-04T19:16:09.908+0530] {dag.py:3823} INFO - Setting next_dagrun for example_branch_python_operator_decorator to 2024-03-03 00:00:00+00:00, run_after=2024-03-04 00:00:00+00:00
[2024-03-04T19:16:10.001+0530] {processor.py:183} INFO - Processing /home/arun/.local/lib/python3.10/site-packages/airflow/example_dags/example_branch_operator_decorator.py took 0.280 seconds
[2024-03-04T19:17:36.439+0530] {processor.py:161} INFO - Started process (PID=8382) to work on /home/arun/.local/lib/python3.10/site-packages/airflow/example_dags/example_branch_operator_decorator.py
[2024-03-04T19:17:36.518+0530] {processor.py:830} INFO - Processing file /home/arun/.local/lib/python3.10/site-packages/airflow/example_dags/example_branch_operator_decorator.py for tasks to queue
[2024-03-04T19:17:36.520+0530] {logging_mixin.py:188} INFO - [2024-03-04T19:17:36.519+0530] {dagbag.py:538} INFO - Filling up the DagBag from /home/arun/.local/lib/python3.10/site-packages/airflow/example_dags/example_branch_operator_decorator.py
[2024-03-04T19:17:36.547+0530] {processor.py:840} INFO - DAG(s) 'example_branch_python_operator_decorator' retrieved from /home/arun/.local/lib/python3.10/site-packages/airflow/example_dags/example_branch_operator_decorator.py
[2024-03-04T19:17:36.579+0530] {logging_mixin.py:188} INFO - [2024-03-04T19:17:36.578+0530] {dag.py:3036} INFO - Sync 1 DAGs
[2024-03-04T19:17:36.611+0530] {logging_mixin.py:188} INFO - [2024-03-04T19:17:36.607+0530] {dag.py:3823} INFO - Setting next_dagrun for example_branch_python_operator_decorator to 2024-03-03 00:00:00+00:00, run_after=2024-03-04 00:00:00+00:00
[2024-03-04T19:17:36.649+0530] {processor.py:183} INFO - Processing /home/arun/.local/lib/python3.10/site-packages/airflow/example_dags/example_branch_operator_decorator.py took 0.214 seconds
[2024-03-04T19:19:00.303+0530] {processor.py:161} INFO - Started process (PID=8557) to work on /home/arun/.local/lib/python3.10/site-packages/airflow/example_dags/example_branch_operator_decorator.py
[2024-03-04T19:19:00.342+0530] {processor.py:830} INFO - Processing file /home/arun/.local/lib/python3.10/site-packages/airflow/example_dags/example_branch_operator_decorator.py for tasks to queue
[2024-03-04T19:19:00.344+0530] {logging_mixin.py:188} INFO - [2024-03-04T19:19:00.343+0530] {dagbag.py:538} INFO - Filling up the DagBag from /home/arun/.local/lib/python3.10/site-packages/airflow/example_dags/example_branch_operator_decorator.py
[2024-03-04T19:19:00.416+0530] {processor.py:840} INFO - DAG(s) 'example_branch_python_operator_decorator' retrieved from /home/arun/.local/lib/python3.10/site-packages/airflow/example_dags/example_branch_operator_decorator.py
[2024-03-04T19:19:00.467+0530] {logging_mixin.py:188} INFO - [2024-03-04T19:19:00.467+0530] {dag.py:3036} INFO - Sync 1 DAGs
[2024-03-04T19:19:00.526+0530] {logging_mixin.py:188} INFO - [2024-03-04T19:19:00.523+0530] {dag.py:3823} INFO - Setting next_dagrun for example_branch_python_operator_decorator to 2024-03-03 00:00:00+00:00, run_after=2024-03-04 00:00:00+00:00
[2024-03-04T19:19:00.592+0530] {processor.py:183} INFO - Processing /home/arun/.local/lib/python3.10/site-packages/airflow/example_dags/example_branch_operator_decorator.py took 0.294 seconds
[2024-03-04T19:20:29.960+0530] {processor.py:161} INFO - Started process (PID=8728) to work on /home/arun/.local/lib/python3.10/site-packages/airflow/example_dags/example_branch_operator_decorator.py
[2024-03-04T19:20:29.963+0530] {processor.py:830} INFO - Processing file /home/arun/.local/lib/python3.10/site-packages/airflow/example_dags/example_branch_operator_decorator.py for tasks to queue
[2024-03-04T19:20:29.966+0530] {logging_mixin.py:188} INFO - [2024-03-04T19:20:29.965+0530] {dagbag.py:538} INFO - Filling up the DagBag from /home/arun/.local/lib/python3.10/site-packages/airflow/example_dags/example_branch_operator_decorator.py
[2024-03-04T19:20:30.013+0530] {processor.py:840} INFO - DAG(s) 'example_branch_python_operator_decorator' retrieved from /home/arun/.local/lib/python3.10/site-packages/airflow/example_dags/example_branch_operator_decorator.py
[2024-03-04T19:20:30.093+0530] {logging_mixin.py:188} INFO - [2024-03-04T19:20:30.092+0530] {dag.py:3036} INFO - Sync 1 DAGs
[2024-03-04T19:20:30.128+0530] {logging_mixin.py:188} INFO - [2024-03-04T19:20:30.127+0530] {dag.py:3823} INFO - Setting next_dagrun for example_branch_python_operator_decorator to 2024-03-03 00:00:00+00:00, run_after=2024-03-04 00:00:00+00:00
[2024-03-04T19:20:30.229+0530] {processor.py:183} INFO - Processing /home/arun/.local/lib/python3.10/site-packages/airflow/example_dags/example_branch_operator_decorator.py took 0.276 seconds
[2024-03-04T19:21:55.639+0530] {processor.py:161} INFO - Started process (PID=8909) to work on /home/arun/.local/lib/python3.10/site-packages/airflow/example_dags/example_branch_operator_decorator.py
[2024-03-04T19:21:55.676+0530] {processor.py:830} INFO - Processing file /home/arun/.local/lib/python3.10/site-packages/airflow/example_dags/example_branch_operator_decorator.py for tasks to queue
[2024-03-04T19:21:55.677+0530] {logging_mixin.py:188} INFO - [2024-03-04T19:21:55.677+0530] {dagbag.py:538} INFO - Filling up the DagBag from /home/arun/.local/lib/python3.10/site-packages/airflow/example_dags/example_branch_operator_decorator.py
[2024-03-04T19:21:55.703+0530] {processor.py:840} INFO - DAG(s) 'example_branch_python_operator_decorator' retrieved from /home/arun/.local/lib/python3.10/site-packages/airflow/example_dags/example_branch_operator_decorator.py
[2024-03-04T19:21:55.739+0530] {logging_mixin.py:188} INFO - [2024-03-04T19:21:55.738+0530] {dag.py:3036} INFO - Sync 1 DAGs
[2024-03-04T19:21:55.778+0530] {logging_mixin.py:188} INFO - [2024-03-04T19:21:55.777+0530] {dag.py:3823} INFO - Setting next_dagrun for example_branch_python_operator_decorator to 2024-03-03 00:00:00+00:00, run_after=2024-03-04 00:00:00+00:00
[2024-03-04T19:21:55.814+0530] {processor.py:183} INFO - Processing /home/arun/.local/lib/python3.10/site-packages/airflow/example_dags/example_branch_operator_decorator.py took 0.179 seconds
[2024-03-04T19:23:20.583+0530] {processor.py:161} INFO - Started process (PID=9075) to work on /home/arun/.local/lib/python3.10/site-packages/airflow/example_dags/example_branch_operator_decorator.py
[2024-03-04T19:23:20.619+0530] {processor.py:830} INFO - Processing file /home/arun/.local/lib/python3.10/site-packages/airflow/example_dags/example_branch_operator_decorator.py for tasks to queue
[2024-03-04T19:23:20.623+0530] {logging_mixin.py:188} INFO - [2024-03-04T19:23:20.622+0530] {dagbag.py:538} INFO - Filling up the DagBag from /home/arun/.local/lib/python3.10/site-packages/airflow/example_dags/example_branch_operator_decorator.py
[2024-03-04T19:23:20.699+0530] {processor.py:840} INFO - DAG(s) 'example_branch_python_operator_decorator' retrieved from /home/arun/.local/lib/python3.10/site-packages/airflow/example_dags/example_branch_operator_decorator.py
[2024-03-04T19:23:20.810+0530] {logging_mixin.py:188} INFO - [2024-03-04T19:23:20.803+0530] {dag.py:3036} INFO - Sync 1 DAGs
[2024-03-04T19:23:20.885+0530] {logging_mixin.py:188} INFO - [2024-03-04T19:23:20.885+0530] {dag.py:3823} INFO - Setting next_dagrun for example_branch_python_operator_decorator to 2024-03-03 00:00:00+00:00, run_after=2024-03-04 00:00:00+00:00
[2024-03-04T19:23:20.947+0530] {processor.py:183} INFO - Processing /home/arun/.local/lib/python3.10/site-packages/airflow/example_dags/example_branch_operator_decorator.py took 0.368 seconds
[2024-03-04T19:24:42.252+0530] {processor.py:161} INFO - Started process (PID=9246) to work on /home/arun/.local/lib/python3.10/site-packages/airflow/example_dags/example_branch_operator_decorator.py
[2024-03-04T19:24:42.290+0530] {processor.py:830} INFO - Processing file /home/arun/.local/lib/python3.10/site-packages/airflow/example_dags/example_branch_operator_decorator.py for tasks to queue
[2024-03-04T19:24:42.292+0530] {logging_mixin.py:188} INFO - [2024-03-04T19:24:42.291+0530] {dagbag.py:538} INFO - Filling up the DagBag from /home/arun/.local/lib/python3.10/site-packages/airflow/example_dags/example_branch_operator_decorator.py
[2024-03-04T19:24:42.327+0530] {processor.py:840} INFO - DAG(s) 'example_branch_python_operator_decorator' retrieved from /home/arun/.local/lib/python3.10/site-packages/airflow/example_dags/example_branch_operator_decorator.py
[2024-03-04T19:24:42.367+0530] {logging_mixin.py:188} INFO - [2024-03-04T19:24:42.367+0530] {dag.py:3036} INFO - Sync 1 DAGs
[2024-03-04T19:24:42.402+0530] {logging_mixin.py:188} INFO - [2024-03-04T19:24:42.402+0530] {dag.py:3823} INFO - Setting next_dagrun for example_branch_python_operator_decorator to 2024-03-03 00:00:00+00:00, run_after=2024-03-04 00:00:00+00:00
[2024-03-04T19:24:42.454+0530] {processor.py:183} INFO - Processing /home/arun/.local/lib/python3.10/site-packages/airflow/example_dags/example_branch_operator_decorator.py took 0.205 seconds
[2024-03-04T19:26:01.005+0530] {processor.py:161} INFO - Started process (PID=9386) to work on /home/arun/.local/lib/python3.10/site-packages/airflow/example_dags/example_branch_operator_decorator.py
[2024-03-04T19:26:01.041+0530] {processor.py:830} INFO - Processing file /home/arun/.local/lib/python3.10/site-packages/airflow/example_dags/example_branch_operator_decorator.py for tasks to queue
[2024-03-04T19:26:01.042+0530] {logging_mixin.py:188} INFO - [2024-03-04T19:26:01.041+0530] {dagbag.py:538} INFO - Filling up the DagBag from /home/arun/.local/lib/python3.10/site-packages/airflow/example_dags/example_branch_operator_decorator.py
[2024-03-04T19:26:01.068+0530] {processor.py:840} INFO - DAG(s) 'example_branch_python_operator_decorator' retrieved from /home/arun/.local/lib/python3.10/site-packages/airflow/example_dags/example_branch_operator_decorator.py
[2024-03-04T19:26:01.108+0530] {logging_mixin.py:188} INFO - [2024-03-04T19:26:01.107+0530] {dag.py:3036} INFO - Sync 1 DAGs
[2024-03-04T19:26:01.143+0530] {logging_mixin.py:188} INFO - [2024-03-04T19:26:01.143+0530] {dag.py:3823} INFO - Setting next_dagrun for example_branch_python_operator_decorator to 2024-03-03 00:00:00+00:00, run_after=2024-03-04 00:00:00+00:00
[2024-03-04T19:26:01.182+0530] {processor.py:183} INFO - Processing /home/arun/.local/lib/python3.10/site-packages/airflow/example_dags/example_branch_operator_decorator.py took 0.180 seconds
[2024-03-04T19:27:18.419+0530] {processor.py:161} INFO - Started process (PID=9555) to work on /home/arun/.local/lib/python3.10/site-packages/airflow/example_dags/example_branch_operator_decorator.py
[2024-03-04T19:27:18.436+0530] {processor.py:830} INFO - Processing file /home/arun/.local/lib/python3.10/site-packages/airflow/example_dags/example_branch_operator_decorator.py for tasks to queue
[2024-03-04T19:27:18.438+0530] {logging_mixin.py:188} INFO - [2024-03-04T19:27:18.437+0530] {dagbag.py:538} INFO - Filling up the DagBag from /home/arun/.local/lib/python3.10/site-packages/airflow/example_dags/example_branch_operator_decorator.py
[2024-03-04T19:27:18.530+0530] {processor.py:840} INFO - DAG(s) 'example_branch_python_operator_decorator' retrieved from /home/arun/.local/lib/python3.10/site-packages/airflow/example_dags/example_branch_operator_decorator.py
[2024-03-04T19:27:18.566+0530] {logging_mixin.py:188} INFO - [2024-03-04T19:27:18.565+0530] {dag.py:3036} INFO - Sync 1 DAGs
[2024-03-04T19:27:18.597+0530] {logging_mixin.py:188} INFO - [2024-03-04T19:27:18.596+0530] {dag.py:3823} INFO - Setting next_dagrun for example_branch_python_operator_decorator to 2024-03-03 00:00:00+00:00, run_after=2024-03-04 00:00:00+00:00
[2024-03-04T19:27:18.680+0530] {processor.py:183} INFO - Processing /home/arun/.local/lib/python3.10/site-packages/airflow/example_dags/example_branch_operator_decorator.py took 0.282 seconds
[2024-03-04T19:28:45.119+0530] {processor.py:161} INFO - Started process (PID=9764) to work on /home/arun/.local/lib/python3.10/site-packages/airflow/example_dags/example_branch_operator_decorator.py
[2024-03-04T19:28:45.121+0530] {processor.py:830} INFO - Processing file /home/arun/.local/lib/python3.10/site-packages/airflow/example_dags/example_branch_operator_decorator.py for tasks to queue
[2024-03-04T19:28:45.123+0530] {logging_mixin.py:188} INFO - [2024-03-04T19:28:45.122+0530] {dagbag.py:538} INFO - Filling up the DagBag from /home/arun/.local/lib/python3.10/site-packages/airflow/example_dags/example_branch_operator_decorator.py
[2024-03-04T19:28:45.152+0530] {processor.py:840} INFO - DAG(s) 'example_branch_python_operator_decorator' retrieved from /home/arun/.local/lib/python3.10/site-packages/airflow/example_dags/example_branch_operator_decorator.py
[2024-03-04T19:28:45.179+0530] {logging_mixin.py:188} INFO - [2024-03-04T19:28:45.179+0530] {dag.py:3036} INFO - Sync 1 DAGs
[2024-03-04T19:28:45.204+0530] {logging_mixin.py:188} INFO - [2024-03-04T19:28:45.203+0530] {dag.py:3823} INFO - Setting next_dagrun for example_branch_python_operator_decorator to 2024-03-03 00:00:00+00:00, run_after=2024-03-04 00:00:00+00:00
[2024-03-04T19:28:45.242+0530] {processor.py:183} INFO - Processing /home/arun/.local/lib/python3.10/site-packages/airflow/example_dags/example_branch_operator_decorator.py took 0.128 seconds
[2024-03-04T22:56:19.796+0530] {processor.py:161} INFO - Started process (PID=5672) to work on /home/arun/.local/lib/python3.10/site-packages/airflow/example_dags/example_branch_operator_decorator.py
[2024-03-04T22:56:19.815+0530] {processor.py:830} INFO - Processing file /home/arun/.local/lib/python3.10/site-packages/airflow/example_dags/example_branch_operator_decorator.py for tasks to queue
[2024-03-04T22:56:19.818+0530] {logging_mixin.py:188} INFO - [2024-03-04T22:56:19.817+0530] {dagbag.py:538} INFO - Filling up the DagBag from /home/arun/.local/lib/python3.10/site-packages/airflow/example_dags/example_branch_operator_decorator.py
[2024-03-04T22:56:19.907+0530] {processor.py:840} INFO - DAG(s) 'example_branch_python_operator_decorator' retrieved from /home/arun/.local/lib/python3.10/site-packages/airflow/example_dags/example_branch_operator_decorator.py
[2024-03-04T22:56:20.173+0530] {logging_mixin.py:188} INFO - [2024-03-04T22:56:20.173+0530] {dag.py:3036} INFO - Sync 1 DAGs
[2024-03-04T22:56:20.239+0530] {logging_mixin.py:188} INFO - [2024-03-04T22:56:20.236+0530] {dag.py:3823} INFO - Setting next_dagrun for example_branch_python_operator_decorator to 2024-03-03 00:00:00+00:00, run_after=2024-03-04 00:00:00+00:00
[2024-03-04T22:56:20.338+0530] {processor.py:183} INFO - Processing /home/arun/.local/lib/python3.10/site-packages/airflow/example_dags/example_branch_operator_decorator.py took 0.554 seconds
[2024-03-04T22:58:31.791+0530] {processor.py:161} INFO - Started process (PID=5810) to work on /home/arun/.local/lib/python3.10/site-packages/airflow/example_dags/example_branch_operator_decorator.py
[2024-03-04T22:58:31.838+0530] {processor.py:830} INFO - Processing file /home/arun/.local/lib/python3.10/site-packages/airflow/example_dags/example_branch_operator_decorator.py for tasks to queue
[2024-03-04T22:58:31.840+0530] {logging_mixin.py:188} INFO - [2024-03-04T22:58:31.839+0530] {dagbag.py:538} INFO - Filling up the DagBag from /home/arun/.local/lib/python3.10/site-packages/airflow/example_dags/example_branch_operator_decorator.py
[2024-03-04T22:58:31.888+0530] {processor.py:840} INFO - DAG(s) 'example_branch_python_operator_decorator' retrieved from /home/arun/.local/lib/python3.10/site-packages/airflow/example_dags/example_branch_operator_decorator.py
[2024-03-04T22:58:31.943+0530] {logging_mixin.py:188} INFO - [2024-03-04T22:58:31.943+0530] {dag.py:3036} INFO - Sync 1 DAGs
[2024-03-04T22:58:31.988+0530] {logging_mixin.py:188} INFO - [2024-03-04T22:58:31.985+0530] {dag.py:3823} INFO - Setting next_dagrun for example_branch_python_operator_decorator to 2024-03-03 00:00:00+00:00, run_after=2024-03-04 00:00:00+00:00
[2024-03-04T22:58:32.051+0530] {processor.py:183} INFO - Processing /home/arun/.local/lib/python3.10/site-packages/airflow/example_dags/example_branch_operator_decorator.py took 0.277 seconds
[2024-03-04T23:00:20.866+0530] {processor.py:161} INFO - Started process (PID=5968) to work on /home/arun/.local/lib/python3.10/site-packages/airflow/example_dags/example_branch_operator_decorator.py
[2024-03-04T23:00:20.904+0530] {processor.py:830} INFO - Processing file /home/arun/.local/lib/python3.10/site-packages/airflow/example_dags/example_branch_operator_decorator.py for tasks to queue
[2024-03-04T23:00:20.905+0530] {logging_mixin.py:188} INFO - [2024-03-04T23:00:20.905+0530] {dagbag.py:538} INFO - Filling up the DagBag from /home/arun/.local/lib/python3.10/site-packages/airflow/example_dags/example_branch_operator_decorator.py
[2024-03-04T23:00:20.928+0530] {processor.py:840} INFO - DAG(s) 'example_branch_python_operator_decorator' retrieved from /home/arun/.local/lib/python3.10/site-packages/airflow/example_dags/example_branch_operator_decorator.py
[2024-03-04T23:00:20.949+0530] {logging_mixin.py:188} INFO - [2024-03-04T23:00:20.948+0530] {dag.py:3036} INFO - Sync 1 DAGs
[2024-03-04T23:00:20.966+0530] {logging_mixin.py:188} INFO - [2024-03-04T23:00:20.966+0530] {dag.py:3823} INFO - Setting next_dagrun for example_branch_python_operator_decorator to 2024-03-03 00:00:00+00:00, run_after=2024-03-04 00:00:00+00:00
[2024-03-04T23:00:20.991+0530] {processor.py:183} INFO - Processing /home/arun/.local/lib/python3.10/site-packages/airflow/example_dags/example_branch_operator_decorator.py took 0.128 seconds
[2024-03-04T23:01:48.907+0530] {processor.py:161} INFO - Started process (PID=6085) to work on /home/arun/.local/lib/python3.10/site-packages/airflow/example_dags/example_branch_operator_decorator.py
[2024-03-04T23:01:48.941+0530] {processor.py:830} INFO - Processing file /home/arun/.local/lib/python3.10/site-packages/airflow/example_dags/example_branch_operator_decorator.py for tasks to queue
[2024-03-04T23:01:48.942+0530] {logging_mixin.py:188} INFO - [2024-03-04T23:01:48.942+0530] {dagbag.py:538} INFO - Filling up the DagBag from /home/arun/.local/lib/python3.10/site-packages/airflow/example_dags/example_branch_operator_decorator.py
[2024-03-04T23:01:48.966+0530] {processor.py:840} INFO - DAG(s) 'example_branch_python_operator_decorator' retrieved from /home/arun/.local/lib/python3.10/site-packages/airflow/example_dags/example_branch_operator_decorator.py
[2024-03-04T23:01:48.999+0530] {logging_mixin.py:188} INFO - [2024-03-04T23:01:48.999+0530] {dag.py:3036} INFO - Sync 1 DAGs
[2024-03-04T23:01:49.035+0530] {logging_mixin.py:188} INFO - [2024-03-04T23:01:49.035+0530] {dag.py:3823} INFO - Setting next_dagrun for example_branch_python_operator_decorator to 2024-03-03 00:00:00+00:00, run_after=2024-03-04 00:00:00+00:00
[2024-03-04T23:01:49.070+0530] {processor.py:183} INFO - Processing /home/arun/.local/lib/python3.10/site-packages/airflow/example_dags/example_branch_operator_decorator.py took 0.166 seconds
[2024-03-04T23:03:17.660+0530] {processor.py:161} INFO - Started process (PID=6596) to work on /home/arun/.local/lib/python3.10/site-packages/airflow/example_dags/example_branch_operator_decorator.py
[2024-03-04T23:03:17.683+0530] {processor.py:830} INFO - Processing file /home/arun/.local/lib/python3.10/site-packages/airflow/example_dags/example_branch_operator_decorator.py for tasks to queue
[2024-03-04T23:03:17.688+0530] {logging_mixin.py:188} INFO - [2024-03-04T23:03:17.684+0530] {dagbag.py:538} INFO - Filling up the DagBag from /home/arun/.local/lib/python3.10/site-packages/airflow/example_dags/example_branch_operator_decorator.py
[2024-03-04T23:03:17.787+0530] {processor.py:840} INFO - DAG(s) 'example_branch_python_operator_decorator' retrieved from /home/arun/.local/lib/python3.10/site-packages/airflow/example_dags/example_branch_operator_decorator.py
[2024-03-04T23:03:18.043+0530] {logging_mixin.py:188} INFO - [2024-03-04T23:03:18.042+0530] {dag.py:3036} INFO - Sync 1 DAGs
[2024-03-04T23:03:18.182+0530] {logging_mixin.py:188} INFO - [2024-03-04T23:03:18.182+0530] {dag.py:3823} INFO - Setting next_dagrun for example_branch_python_operator_decorator to 2024-03-03 00:00:00+00:00, run_after=2024-03-04 00:00:00+00:00
[2024-03-04T23:03:18.470+0530] {processor.py:183} INFO - Processing /home/arun/.local/lib/python3.10/site-packages/airflow/example_dags/example_branch_operator_decorator.py took 0.817 seconds
[2024-03-04T23:05:13.601+0530] {processor.py:161} INFO - Started process (PID=6796) to work on /home/arun/.local/lib/python3.10/site-packages/airflow/example_dags/example_branch_operator_decorator.py
[2024-03-04T23:05:13.639+0530] {processor.py:830} INFO - Processing file /home/arun/.local/lib/python3.10/site-packages/airflow/example_dags/example_branch_operator_decorator.py for tasks to queue
[2024-03-04T23:05:13.641+0530] {logging_mixin.py:188} INFO - [2024-03-04T23:05:13.640+0530] {dagbag.py:538} INFO - Filling up the DagBag from /home/arun/.local/lib/python3.10/site-packages/airflow/example_dags/example_branch_operator_decorator.py
[2024-03-04T23:05:13.684+0530] {processor.py:840} INFO - DAG(s) 'example_branch_python_operator_decorator' retrieved from /home/arun/.local/lib/python3.10/site-packages/airflow/example_dags/example_branch_operator_decorator.py
[2024-03-04T23:05:13.752+0530] {logging_mixin.py:188} INFO - [2024-03-04T23:05:13.752+0530] {dag.py:3036} INFO - Sync 1 DAGs
[2024-03-04T23:05:13.833+0530] {logging_mixin.py:188} INFO - [2024-03-04T23:05:13.832+0530] {dag.py:3823} INFO - Setting next_dagrun for example_branch_python_operator_decorator to 2024-03-03 00:00:00+00:00, run_after=2024-03-04 00:00:00+00:00
[2024-03-04T23:05:13.941+0530] {processor.py:183} INFO - Processing /home/arun/.local/lib/python3.10/site-packages/airflow/example_dags/example_branch_operator_decorator.py took 0.346 seconds
[2024-03-04T23:06:56.724+0530] {processor.py:161} INFO - Started process (PID=7007) to work on /home/arun/.local/lib/python3.10/site-packages/airflow/example_dags/example_branch_operator_decorator.py
[2024-03-04T23:06:56.728+0530] {processor.py:830} INFO - Processing file /home/arun/.local/lib/python3.10/site-packages/airflow/example_dags/example_branch_operator_decorator.py for tasks to queue
[2024-03-04T23:06:56.730+0530] {logging_mixin.py:188} INFO - [2024-03-04T23:06:56.729+0530] {dagbag.py:538} INFO - Filling up the DagBag from /home/arun/.local/lib/python3.10/site-packages/airflow/example_dags/example_branch_operator_decorator.py
[2024-03-04T23:06:56.766+0530] {processor.py:840} INFO - DAG(s) 'example_branch_python_operator_decorator' retrieved from /home/arun/.local/lib/python3.10/site-packages/airflow/example_dags/example_branch_operator_decorator.py
[2024-03-04T23:06:56.797+0530] {logging_mixin.py:188} INFO - [2024-03-04T23:06:56.797+0530] {dag.py:3036} INFO - Sync 1 DAGs
[2024-03-04T23:06:56.822+0530] {logging_mixin.py:188} INFO - [2024-03-04T23:06:56.821+0530] {dag.py:3823} INFO - Setting next_dagrun for example_branch_python_operator_decorator to 2024-03-03 00:00:00+00:00, run_after=2024-03-04 00:00:00+00:00
[2024-03-04T23:06:56.849+0530] {processor.py:183} INFO - Processing /home/arun/.local/lib/python3.10/site-packages/airflow/example_dags/example_branch_operator_decorator.py took 0.129 seconds
[2024-03-04T23:08:25.904+0530] {processor.py:161} INFO - Started process (PID=7207) to work on /home/arun/.local/lib/python3.10/site-packages/airflow/example_dags/example_branch_operator_decorator.py
[2024-03-04T23:08:25.953+0530] {processor.py:830} INFO - Processing file /home/arun/.local/lib/python3.10/site-packages/airflow/example_dags/example_branch_operator_decorator.py for tasks to queue
[2024-03-04T23:08:25.955+0530] {logging_mixin.py:188} INFO - [2024-03-04T23:08:25.954+0530] {dagbag.py:538} INFO - Filling up the DagBag from /home/arun/.local/lib/python3.10/site-packages/airflow/example_dags/example_branch_operator_decorator.py
[2024-03-04T23:08:25.977+0530] {processor.py:840} INFO - DAG(s) 'example_branch_python_operator_decorator' retrieved from /home/arun/.local/lib/python3.10/site-packages/airflow/example_dags/example_branch_operator_decorator.py
[2024-03-04T23:08:26.007+0530] {logging_mixin.py:188} INFO - [2024-03-04T23:08:26.006+0530] {dag.py:3036} INFO - Sync 1 DAGs
[2024-03-04T23:08:26.031+0530] {logging_mixin.py:188} INFO - [2024-03-04T23:08:26.031+0530] {dag.py:3823} INFO - Setting next_dagrun for example_branch_python_operator_decorator to 2024-03-03 00:00:00+00:00, run_after=2024-03-04 00:00:00+00:00
[2024-03-04T23:08:26.103+0530] {processor.py:183} INFO - Processing /home/arun/.local/lib/python3.10/site-packages/airflow/example_dags/example_branch_operator_decorator.py took 0.203 seconds
[2024-03-04T23:09:55.018+0530] {processor.py:161} INFO - Started process (PID=7385) to work on /home/arun/.local/lib/python3.10/site-packages/airflow/example_dags/example_branch_operator_decorator.py
[2024-03-04T23:09:55.057+0530] {processor.py:830} INFO - Processing file /home/arun/.local/lib/python3.10/site-packages/airflow/example_dags/example_branch_operator_decorator.py for tasks to queue
[2024-03-04T23:09:55.058+0530] {logging_mixin.py:188} INFO - [2024-03-04T23:09:55.058+0530] {dagbag.py:538} INFO - Filling up the DagBag from /home/arun/.local/lib/python3.10/site-packages/airflow/example_dags/example_branch_operator_decorator.py
[2024-03-04T23:09:55.084+0530] {processor.py:840} INFO - DAG(s) 'example_branch_python_operator_decorator' retrieved from /home/arun/.local/lib/python3.10/site-packages/airflow/example_dags/example_branch_operator_decorator.py
[2024-03-04T23:09:55.111+0530] {logging_mixin.py:188} INFO - [2024-03-04T23:09:55.111+0530] {dag.py:3036} INFO - Sync 1 DAGs
[2024-03-04T23:09:55.136+0530] {logging_mixin.py:188} INFO - [2024-03-04T23:09:55.136+0530] {dag.py:3823} INFO - Setting next_dagrun for example_branch_python_operator_decorator to 2024-03-03 00:00:00+00:00, run_after=2024-03-04 00:00:00+00:00
[2024-03-04T23:09:55.178+0530] {processor.py:183} INFO - Processing /home/arun/.local/lib/python3.10/site-packages/airflow/example_dags/example_branch_operator_decorator.py took 0.164 seconds
[2024-03-04T23:11:22.911+0530] {processor.py:161} INFO - Started process (PID=7550) to work on /home/arun/.local/lib/python3.10/site-packages/airflow/example_dags/example_branch_operator_decorator.py
[2024-03-04T23:11:22.945+0530] {processor.py:830} INFO - Processing file /home/arun/.local/lib/python3.10/site-packages/airflow/example_dags/example_branch_operator_decorator.py for tasks to queue
[2024-03-04T23:11:22.946+0530] {logging_mixin.py:188} INFO - [2024-03-04T23:11:22.946+0530] {dagbag.py:538} INFO - Filling up the DagBag from /home/arun/.local/lib/python3.10/site-packages/airflow/example_dags/example_branch_operator_decorator.py
[2024-03-04T23:11:22.994+0530] {processor.py:840} INFO - DAG(s) 'example_branch_python_operator_decorator' retrieved from /home/arun/.local/lib/python3.10/site-packages/airflow/example_dags/example_branch_operator_decorator.py
[2024-03-04T23:11:23.022+0530] {logging_mixin.py:188} INFO - [2024-03-04T23:11:23.022+0530] {dag.py:3036} INFO - Sync 1 DAGs
[2024-03-04T23:11:23.048+0530] {logging_mixin.py:188} INFO - [2024-03-04T23:11:23.048+0530] {dag.py:3823} INFO - Setting next_dagrun for example_branch_python_operator_decorator to 2024-03-03 00:00:00+00:00, run_after=2024-03-04 00:00:00+00:00
[2024-03-04T23:11:23.079+0530] {processor.py:183} INFO - Processing /home/arun/.local/lib/python3.10/site-packages/airflow/example_dags/example_branch_operator_decorator.py took 0.172 seconds
[2024-03-04T23:13:07.540+0530] {processor.py:161} INFO - Started process (PID=7792) to work on /home/arun/.local/lib/python3.10/site-packages/airflow/example_dags/example_branch_operator_decorator.py
[2024-03-04T23:13:07.567+0530] {processor.py:830} INFO - Processing file /home/arun/.local/lib/python3.10/site-packages/airflow/example_dags/example_branch_operator_decorator.py for tasks to queue
[2024-03-04T23:13:07.571+0530] {logging_mixin.py:188} INFO - [2024-03-04T23:13:07.568+0530] {dagbag.py:538} INFO - Filling up the DagBag from /home/arun/.local/lib/python3.10/site-packages/airflow/example_dags/example_branch_operator_decorator.py
[2024-03-04T23:13:07.618+0530] {processor.py:840} INFO - DAG(s) 'example_branch_python_operator_decorator' retrieved from /home/arun/.local/lib/python3.10/site-packages/airflow/example_dags/example_branch_operator_decorator.py
[2024-03-04T23:13:07.662+0530] {logging_mixin.py:188} INFO - [2024-03-04T23:13:07.661+0530] {dag.py:3036} INFO - Sync 1 DAGs
[2024-03-04T23:13:07.694+0530] {logging_mixin.py:188} INFO - [2024-03-04T23:13:07.694+0530] {dag.py:3823} INFO - Setting next_dagrun for example_branch_python_operator_decorator to 2024-03-03 00:00:00+00:00, run_after=2024-03-04 00:00:00+00:00
[2024-03-04T23:13:07.761+0530] {processor.py:183} INFO - Processing /home/arun/.local/lib/python3.10/site-packages/airflow/example_dags/example_branch_operator_decorator.py took 0.226 seconds
[2024-03-04T23:14:43.038+0530] {processor.py:161} INFO - Started process (PID=8014) to work on /home/arun/.local/lib/python3.10/site-packages/airflow/example_dags/example_branch_operator_decorator.py
[2024-03-04T23:14:43.077+0530] {processor.py:830} INFO - Processing file /home/arun/.local/lib/python3.10/site-packages/airflow/example_dags/example_branch_operator_decorator.py for tasks to queue
[2024-03-04T23:14:43.079+0530] {logging_mixin.py:188} INFO - [2024-03-04T23:14:43.078+0530] {dagbag.py:538} INFO - Filling up the DagBag from /home/arun/.local/lib/python3.10/site-packages/airflow/example_dags/example_branch_operator_decorator.py
[2024-03-04T23:14:43.134+0530] {processor.py:840} INFO - DAG(s) 'example_branch_python_operator_decorator' retrieved from /home/arun/.local/lib/python3.10/site-packages/airflow/example_dags/example_branch_operator_decorator.py
[2024-03-04T23:14:43.171+0530] {logging_mixin.py:188} INFO - [2024-03-04T23:14:43.170+0530] {dag.py:3036} INFO - Sync 1 DAGs
[2024-03-04T23:14:43.192+0530] {logging_mixin.py:188} INFO - [2024-03-04T23:14:43.192+0530] {dag.py:3823} INFO - Setting next_dagrun for example_branch_python_operator_decorator to 2024-03-03 00:00:00+00:00, run_after=2024-03-04 00:00:00+00:00
[2024-03-04T23:14:43.221+0530] {processor.py:183} INFO - Processing /home/arun/.local/lib/python3.10/site-packages/airflow/example_dags/example_branch_operator_decorator.py took 0.187 seconds
[2024-03-04T23:16:19.614+0530] {processor.py:161} INFO - Started process (PID=8226) to work on /home/arun/.local/lib/python3.10/site-packages/airflow/example_dags/example_branch_operator_decorator.py
[2024-03-04T23:16:19.633+0530] {processor.py:830} INFO - Processing file /home/arun/.local/lib/python3.10/site-packages/airflow/example_dags/example_branch_operator_decorator.py for tasks to queue
[2024-03-04T23:16:19.634+0530] {logging_mixin.py:188} INFO - [2024-03-04T23:16:19.633+0530] {dagbag.py:538} INFO - Filling up the DagBag from /home/arun/.local/lib/python3.10/site-packages/airflow/example_dags/example_branch_operator_decorator.py
[2024-03-04T23:16:19.668+0530] {processor.py:840} INFO - DAG(s) 'example_branch_python_operator_decorator' retrieved from /home/arun/.local/lib/python3.10/site-packages/airflow/example_dags/example_branch_operator_decorator.py
[2024-03-04T23:16:19.703+0530] {logging_mixin.py:188} INFO - [2024-03-04T23:16:19.702+0530] {dag.py:3036} INFO - Sync 1 DAGs
[2024-03-04T23:16:19.726+0530] {logging_mixin.py:188} INFO - [2024-03-04T23:16:19.726+0530] {dag.py:3823} INFO - Setting next_dagrun for example_branch_python_operator_decorator to 2024-03-03 00:00:00+00:00, run_after=2024-03-04 00:00:00+00:00
[2024-03-04T23:16:19.861+0530] {processor.py:183} INFO - Processing /home/arun/.local/lib/python3.10/site-packages/airflow/example_dags/example_branch_operator_decorator.py took 0.250 seconds
[2024-03-04T23:18:19.538+0530] {processor.py:161} INFO - Started process (PID=8453) to work on /home/arun/.local/lib/python3.10/site-packages/airflow/example_dags/example_branch_operator_decorator.py
[2024-03-04T23:18:19.540+0530] {processor.py:830} INFO - Processing file /home/arun/.local/lib/python3.10/site-packages/airflow/example_dags/example_branch_operator_decorator.py for tasks to queue
[2024-03-04T23:18:19.541+0530] {logging_mixin.py:188} INFO - [2024-03-04T23:18:19.541+0530] {dagbag.py:538} INFO - Filling up the DagBag from /home/arun/.local/lib/python3.10/site-packages/airflow/example_dags/example_branch_operator_decorator.py
[2024-03-04T23:18:19.567+0530] {processor.py:840} INFO - DAG(s) 'example_branch_python_operator_decorator' retrieved from /home/arun/.local/lib/python3.10/site-packages/airflow/example_dags/example_branch_operator_decorator.py
[2024-03-04T23:18:19.591+0530] {logging_mixin.py:188} INFO - [2024-03-04T23:18:19.591+0530] {dag.py:3036} INFO - Sync 1 DAGs
[2024-03-04T23:18:19.612+0530] {logging_mixin.py:188} INFO - [2024-03-04T23:18:19.612+0530] {dag.py:3823} INFO - Setting next_dagrun for example_branch_python_operator_decorator to 2024-03-03 00:00:00+00:00, run_after=2024-03-04 00:00:00+00:00
[2024-03-04T23:18:19.748+0530] {processor.py:183} INFO - Processing /home/arun/.local/lib/python3.10/site-packages/airflow/example_dags/example_branch_operator_decorator.py took 0.214 seconds
[2024-03-04T23:19:52.194+0530] {processor.py:161} INFO - Started process (PID=8650) to work on /home/arun/.local/lib/python3.10/site-packages/airflow/example_dags/example_branch_operator_decorator.py
[2024-03-04T23:19:52.264+0530] {processor.py:830} INFO - Processing file /home/arun/.local/lib/python3.10/site-packages/airflow/example_dags/example_branch_operator_decorator.py for tasks to queue
[2024-03-04T23:19:52.265+0530] {logging_mixin.py:188} INFO - [2024-03-04T23:19:52.265+0530] {dagbag.py:538} INFO - Filling up the DagBag from /home/arun/.local/lib/python3.10/site-packages/airflow/example_dags/example_branch_operator_decorator.py
[2024-03-04T23:19:52.288+0530] {processor.py:840} INFO - DAG(s) 'example_branch_python_operator_decorator' retrieved from /home/arun/.local/lib/python3.10/site-packages/airflow/example_dags/example_branch_operator_decorator.py
[2024-03-04T23:19:52.319+0530] {logging_mixin.py:188} INFO - [2024-03-04T23:19:52.318+0530] {dag.py:3036} INFO - Sync 1 DAGs
[2024-03-04T23:19:52.351+0530] {logging_mixin.py:188} INFO - [2024-03-04T23:19:52.350+0530] {dag.py:3823} INFO - Setting next_dagrun for example_branch_python_operator_decorator to 2024-03-03 00:00:00+00:00, run_after=2024-03-04 00:00:00+00:00
[2024-03-04T23:19:52.395+0530] {processor.py:183} INFO - Processing /home/arun/.local/lib/python3.10/site-packages/airflow/example_dags/example_branch_operator_decorator.py took 0.207 seconds
[2024-03-04T23:21:26.628+0530] {processor.py:161} INFO - Started process (PID=8827) to work on /home/arun/.local/lib/python3.10/site-packages/airflow/example_dags/example_branch_operator_decorator.py
[2024-03-04T23:21:26.663+0530] {processor.py:830} INFO - Processing file /home/arun/.local/lib/python3.10/site-packages/airflow/example_dags/example_branch_operator_decorator.py for tasks to queue
[2024-03-04T23:21:26.665+0530] {logging_mixin.py:188} INFO - [2024-03-04T23:21:26.664+0530] {dagbag.py:538} INFO - Filling up the DagBag from /home/arun/.local/lib/python3.10/site-packages/airflow/example_dags/example_branch_operator_decorator.py
[2024-03-04T23:21:26.709+0530] {processor.py:840} INFO - DAG(s) 'example_branch_python_operator_decorator' retrieved from /home/arun/.local/lib/python3.10/site-packages/airflow/example_dags/example_branch_operator_decorator.py
[2024-03-04T23:21:26.749+0530] {logging_mixin.py:188} INFO - [2024-03-04T23:21:26.749+0530] {dag.py:3036} INFO - Sync 1 DAGs
[2024-03-04T23:21:26.793+0530] {logging_mixin.py:188} INFO - [2024-03-04T23:21:26.792+0530] {dag.py:3823} INFO - Setting next_dagrun for example_branch_python_operator_decorator to 2024-03-03 00:00:00+00:00, run_after=2024-03-04 00:00:00+00:00
[2024-03-04T23:21:26.871+0530] {processor.py:183} INFO - Processing /home/arun/.local/lib/python3.10/site-packages/airflow/example_dags/example_branch_operator_decorator.py took 0.250 seconds
[2024-03-04T23:23:21.255+0530] {processor.py:161} INFO - Started process (PID=9169) to work on /home/arun/.local/lib/python3.10/site-packages/airflow/example_dags/example_branch_operator_decorator.py
[2024-03-04T23:23:21.279+0530] {processor.py:830} INFO - Processing file /home/arun/.local/lib/python3.10/site-packages/airflow/example_dags/example_branch_operator_decorator.py for tasks to queue
[2024-03-04T23:23:21.281+0530] {logging_mixin.py:188} INFO - [2024-03-04T23:23:21.280+0530] {dagbag.py:538} INFO - Filling up the DagBag from /home/arun/.local/lib/python3.10/site-packages/airflow/example_dags/example_branch_operator_decorator.py
[2024-03-04T23:23:21.394+0530] {processor.py:840} INFO - DAG(s) 'example_branch_python_operator_decorator' retrieved from /home/arun/.local/lib/python3.10/site-packages/airflow/example_dags/example_branch_operator_decorator.py
[2024-03-04T23:23:21.478+0530] {logging_mixin.py:188} INFO - [2024-03-04T23:23:21.477+0530] {dag.py:3036} INFO - Sync 1 DAGs
[2024-03-04T23:23:21.534+0530] {logging_mixin.py:188} INFO - [2024-03-04T23:23:21.534+0530] {dag.py:3823} INFO - Setting next_dagrun for example_branch_python_operator_decorator to 2024-03-03 00:00:00+00:00, run_after=2024-03-04 00:00:00+00:00
[2024-03-04T23:23:21.758+0530] {processor.py:183} INFO - Processing /home/arun/.local/lib/python3.10/site-packages/airflow/example_dags/example_branch_operator_decorator.py took 0.522 seconds
[2024-03-04T23:25:48.533+0530] {processor.py:161} INFO - Started process (PID=9657) to work on /home/arun/.local/lib/python3.10/site-packages/airflow/example_dags/example_branch_operator_decorator.py
[2024-03-04T23:25:48.537+0530] {processor.py:830} INFO - Processing file /home/arun/.local/lib/python3.10/site-packages/airflow/example_dags/example_branch_operator_decorator.py for tasks to queue
[2024-03-04T23:25:48.543+0530] {logging_mixin.py:188} INFO - [2024-03-04T23:25:48.542+0530] {dagbag.py:538} INFO - Filling up the DagBag from /home/arun/.local/lib/python3.10/site-packages/airflow/example_dags/example_branch_operator_decorator.py
[2024-03-04T23:25:48.629+0530] {processor.py:840} INFO - DAG(s) 'example_branch_python_operator_decorator' retrieved from /home/arun/.local/lib/python3.10/site-packages/airflow/example_dags/example_branch_operator_decorator.py
[2024-03-04T23:25:48.700+0530] {logging_mixin.py:188} INFO - [2024-03-04T23:25:48.699+0530] {dag.py:3036} INFO - Sync 1 DAGs
[2024-03-04T23:25:48.829+0530] {logging_mixin.py:188} INFO - [2024-03-04T23:25:48.829+0530] {dag.py:3823} INFO - Setting next_dagrun for example_branch_python_operator_decorator to 2024-03-03 00:00:00+00:00, run_after=2024-03-04 00:00:00+00:00
[2024-03-04T23:25:48.932+0530] {processor.py:183} INFO - Processing /home/arun/.local/lib/python3.10/site-packages/airflow/example_dags/example_branch_operator_decorator.py took 0.431 seconds
[2024-03-04T23:28:01.755+0530] {processor.py:161} INFO - Started process (PID=10309) to work on /home/arun/.local/lib/python3.10/site-packages/airflow/example_dags/example_branch_operator_decorator.py
[2024-03-04T23:28:01.801+0530] {processor.py:830} INFO - Processing file /home/arun/.local/lib/python3.10/site-packages/airflow/example_dags/example_branch_operator_decorator.py for tasks to queue
[2024-03-04T23:28:01.804+0530] {logging_mixin.py:188} INFO - [2024-03-04T23:28:01.801+0530] {dagbag.py:538} INFO - Filling up the DagBag from /home/arun/.local/lib/python3.10/site-packages/airflow/example_dags/example_branch_operator_decorator.py
[2024-03-04T23:28:01.874+0530] {processor.py:840} INFO - DAG(s) 'example_branch_python_operator_decorator' retrieved from /home/arun/.local/lib/python3.10/site-packages/airflow/example_dags/example_branch_operator_decorator.py
[2024-03-04T23:28:01.923+0530] {logging_mixin.py:188} INFO - [2024-03-04T23:28:01.923+0530] {dag.py:3036} INFO - Sync 1 DAGs
[2024-03-04T23:28:01.958+0530] {logging_mixin.py:188} INFO - [2024-03-04T23:28:01.957+0530] {dag.py:3823} INFO - Setting next_dagrun for example_branch_python_operator_decorator to 2024-03-03 00:00:00+00:00, run_after=2024-03-04 00:00:00+00:00
[2024-03-04T23:28:01.994+0530] {processor.py:183} INFO - Processing /home/arun/.local/lib/python3.10/site-packages/airflow/example_dags/example_branch_operator_decorator.py took 0.246 seconds
[2024-03-04T23:29:32.615+0530] {processor.py:161} INFO - Started process (PID=10479) to work on /home/arun/.local/lib/python3.10/site-packages/airflow/example_dags/example_branch_operator_decorator.py
[2024-03-04T23:29:32.687+0530] {processor.py:830} INFO - Processing file /home/arun/.local/lib/python3.10/site-packages/airflow/example_dags/example_branch_operator_decorator.py for tasks to queue
[2024-03-04T23:29:32.688+0530] {logging_mixin.py:188} INFO - [2024-03-04T23:29:32.688+0530] {dagbag.py:538} INFO - Filling up the DagBag from /home/arun/.local/lib/python3.10/site-packages/airflow/example_dags/example_branch_operator_decorator.py
[2024-03-04T23:29:32.713+0530] {processor.py:840} INFO - DAG(s) 'example_branch_python_operator_decorator' retrieved from /home/arun/.local/lib/python3.10/site-packages/airflow/example_dags/example_branch_operator_decorator.py
[2024-03-04T23:29:32.738+0530] {logging_mixin.py:188} INFO - [2024-03-04T23:29:32.738+0530] {dag.py:3036} INFO - Sync 1 DAGs
[2024-03-04T23:29:32.760+0530] {logging_mixin.py:188} INFO - [2024-03-04T23:29:32.759+0530] {dag.py:3823} INFO - Setting next_dagrun for example_branch_python_operator_decorator to 2024-03-03 00:00:00+00:00, run_after=2024-03-04 00:00:00+00:00
[2024-03-04T23:29:32.794+0530] {processor.py:183} INFO - Processing /home/arun/.local/lib/python3.10/site-packages/airflow/example_dags/example_branch_operator_decorator.py took 0.183 seconds
[2024-03-04T23:31:30.545+0530] {processor.py:161} INFO - Started process (PID=10797) to work on /home/arun/.local/lib/python3.10/site-packages/airflow/example_dags/example_branch_operator_decorator.py
[2024-03-04T23:31:30.583+0530] {processor.py:830} INFO - Processing file /home/arun/.local/lib/python3.10/site-packages/airflow/example_dags/example_branch_operator_decorator.py for tasks to queue
[2024-03-04T23:31:30.584+0530] {logging_mixin.py:188} INFO - [2024-03-04T23:31:30.583+0530] {dagbag.py:538} INFO - Filling up the DagBag from /home/arun/.local/lib/python3.10/site-packages/airflow/example_dags/example_branch_operator_decorator.py
[2024-03-04T23:31:30.607+0530] {processor.py:840} INFO - DAG(s) 'example_branch_python_operator_decorator' retrieved from /home/arun/.local/lib/python3.10/site-packages/airflow/example_dags/example_branch_operator_decorator.py
[2024-03-04T23:31:30.636+0530] {logging_mixin.py:188} INFO - [2024-03-04T23:31:30.635+0530] {dag.py:3036} INFO - Sync 1 DAGs
[2024-03-04T23:31:30.662+0530] {logging_mixin.py:188} INFO - [2024-03-04T23:31:30.661+0530] {dag.py:3823} INFO - Setting next_dagrun for example_branch_python_operator_decorator to 2024-03-03 00:00:00+00:00, run_after=2024-03-04 00:00:00+00:00
[2024-03-04T23:31:30.692+0530] {processor.py:183} INFO - Processing /home/arun/.local/lib/python3.10/site-packages/airflow/example_dags/example_branch_operator_decorator.py took 0.151 seconds
[2024-03-04T23:33:18.445+0530] {processor.py:161} INFO - Started process (PID=11011) to work on /home/arun/.local/lib/python3.10/site-packages/airflow/example_dags/example_branch_operator_decorator.py
[2024-03-04T23:33:18.482+0530] {processor.py:830} INFO - Processing file /home/arun/.local/lib/python3.10/site-packages/airflow/example_dags/example_branch_operator_decorator.py for tasks to queue
[2024-03-04T23:33:18.483+0530] {logging_mixin.py:188} INFO - [2024-03-04T23:33:18.483+0530] {dagbag.py:538} INFO - Filling up the DagBag from /home/arun/.local/lib/python3.10/site-packages/airflow/example_dags/example_branch_operator_decorator.py
[2024-03-04T23:33:18.510+0530] {processor.py:840} INFO - DAG(s) 'example_branch_python_operator_decorator' retrieved from /home/arun/.local/lib/python3.10/site-packages/airflow/example_dags/example_branch_operator_decorator.py
[2024-03-04T23:33:18.538+0530] {logging_mixin.py:188} INFO - [2024-03-04T23:33:18.538+0530] {dag.py:3036} INFO - Sync 1 DAGs
[2024-03-04T23:33:18.563+0530] {logging_mixin.py:188} INFO - [2024-03-04T23:33:18.563+0530] {dag.py:3823} INFO - Setting next_dagrun for example_branch_python_operator_decorator to 2024-03-03 00:00:00+00:00, run_after=2024-03-04 00:00:00+00:00
[2024-03-04T23:33:18.598+0530] {processor.py:183} INFO - Processing /home/arun/.local/lib/python3.10/site-packages/airflow/example_dags/example_branch_operator_decorator.py took 0.157 seconds
[2024-03-04T23:34:55.538+0530] {processor.py:161} INFO - Started process (PID=11191) to work on /home/arun/.local/lib/python3.10/site-packages/airflow/example_dags/example_branch_operator_decorator.py
[2024-03-04T23:34:55.580+0530] {processor.py:830} INFO - Processing file /home/arun/.local/lib/python3.10/site-packages/airflow/example_dags/example_branch_operator_decorator.py for tasks to queue
[2024-03-04T23:34:55.581+0530] {logging_mixin.py:188} INFO - [2024-03-04T23:34:55.580+0530] {dagbag.py:538} INFO - Filling up the DagBag from /home/arun/.local/lib/python3.10/site-packages/airflow/example_dags/example_branch_operator_decorator.py
[2024-03-04T23:34:55.604+0530] {processor.py:840} INFO - DAG(s) 'example_branch_python_operator_decorator' retrieved from /home/arun/.local/lib/python3.10/site-packages/airflow/example_dags/example_branch_operator_decorator.py
[2024-03-04T23:34:55.631+0530] {logging_mixin.py:188} INFO - [2024-03-04T23:34:55.630+0530] {dag.py:3036} INFO - Sync 1 DAGs
[2024-03-04T23:34:55.655+0530] {logging_mixin.py:188} INFO - [2024-03-04T23:34:55.655+0530] {dag.py:3823} INFO - Setting next_dagrun for example_branch_python_operator_decorator to 2024-03-03 00:00:00+00:00, run_after=2024-03-04 00:00:00+00:00
[2024-03-04T23:34:55.690+0530] {processor.py:183} INFO - Processing /home/arun/.local/lib/python3.10/site-packages/airflow/example_dags/example_branch_operator_decorator.py took 0.156 seconds
