[2024-03-04T18:29:59.731+0530] {processor.py:161} INFO - Started process (PID=11976) to work on /home/arun/.local/lib/python3.10/site-packages/airflow/example_dags/example_branch_python_dop_operator_3.py
[2024-03-04T18:29:59.732+0530] {processor.py:830} INFO - Processing file /home/arun/.local/lib/python3.10/site-packages/airflow/example_dags/example_branch_python_dop_operator_3.py for tasks to queue
[2024-03-04T18:29:59.734+0530] {logging_mixin.py:188} INFO - [2024-03-04T18:29:59.733+0530] {dagbag.py:538} INFO - Filling up the DagBag from /home/arun/.local/lib/python3.10/site-packages/airflow/example_dags/example_branch_python_dop_operator_3.py
[2024-03-04T18:29:59.744+0530] {processor.py:840} INFO - DAG(s) 'example_branch_dop_operator_v3' retrieved from /home/arun/.local/lib/python3.10/site-packages/airflow/example_dags/example_branch_python_dop_operator_3.py
[2024-03-04T18:30:00.008+0530] {logging_mixin.py:188} INFO - [2024-03-04T18:30:00.008+0530] {dag.py:3036} INFO - Sync 1 DAGs
[2024-03-04T18:30:00.053+0530] {logging_mixin.py:188} INFO - [2024-03-04T18:30:00.053+0530] {dag.py:3823} INFO - Setting next_dagrun for example_branch_dop_operator_v3 to 2024-03-04 12:59:00+00:00, run_after=2024-03-04 13:00:00+00:00
[2024-03-04T18:30:00.089+0530] {processor.py:183} INFO - Processing /home/arun/.local/lib/python3.10/site-packages/airflow/example_dags/example_branch_python_dop_operator_3.py took 0.363 seconds
[2024-03-04T18:31:39.146+0530] {processor.py:161} INFO - Started process (PID=12092) to work on /home/arun/.local/lib/python3.10/site-packages/airflow/example_dags/example_branch_python_dop_operator_3.py
[2024-03-04T18:31:39.188+0530] {processor.py:830} INFO - Processing file /home/arun/.local/lib/python3.10/site-packages/airflow/example_dags/example_branch_python_dop_operator_3.py for tasks to queue
[2024-03-04T18:31:39.193+0530] {logging_mixin.py:188} INFO - [2024-03-04T18:31:39.189+0530] {dagbag.py:538} INFO - Filling up the DagBag from /home/arun/.local/lib/python3.10/site-packages/airflow/example_dags/example_branch_python_dop_operator_3.py
[2024-03-04T18:31:39.211+0530] {processor.py:840} INFO - DAG(s) 'example_branch_dop_operator_v3' retrieved from /home/arun/.local/lib/python3.10/site-packages/airflow/example_dags/example_branch_python_dop_operator_3.py
[2024-03-04T18:31:39.244+0530] {logging_mixin.py:188} INFO - [2024-03-04T18:31:39.243+0530] {dag.py:3036} INFO - Sync 1 DAGs
[2024-03-04T18:31:39.273+0530] {logging_mixin.py:188} INFO - [2024-03-04T18:31:39.273+0530] {dag.py:3823} INFO - Setting next_dagrun for example_branch_dop_operator_v3 to 2024-03-04 13:00:00+00:00, run_after=2024-03-04 13:01:00+00:00
[2024-03-04T18:31:39.300+0530] {processor.py:183} INFO - Processing /home/arun/.local/lib/python3.10/site-packages/airflow/example_dags/example_branch_python_dop_operator_3.py took 0.160 seconds
[2024-03-04T18:33:35.956+0530] {processor.py:161} INFO - Started process (PID=12212) to work on /home/arun/.local/lib/python3.10/site-packages/airflow/example_dags/example_branch_python_dop_operator_3.py
[2024-03-04T18:33:35.960+0530] {processor.py:830} INFO - Processing file /home/arun/.local/lib/python3.10/site-packages/airflow/example_dags/example_branch_python_dop_operator_3.py for tasks to queue
[2024-03-04T18:33:35.961+0530] {logging_mixin.py:188} INFO - [2024-03-04T18:33:35.960+0530] {dagbag.py:538} INFO - Filling up the DagBag from /home/arun/.local/lib/python3.10/site-packages/airflow/example_dags/example_branch_python_dop_operator_3.py
[2024-03-04T18:33:35.973+0530] {processor.py:840} INFO - DAG(s) 'example_branch_dop_operator_v3' retrieved from /home/arun/.local/lib/python3.10/site-packages/airflow/example_dags/example_branch_python_dop_operator_3.py
[2024-03-04T18:33:35.991+0530] {logging_mixin.py:188} INFO - [2024-03-04T18:33:35.991+0530] {dag.py:3036} INFO - Sync 1 DAGs
[2024-03-04T18:33:36.019+0530] {logging_mixin.py:188} INFO - [2024-03-04T18:33:36.018+0530] {dag.py:3823} INFO - Setting next_dagrun for example_branch_dop_operator_v3 to 2024-03-04 13:02:00+00:00, run_after=2024-03-04 13:03:00+00:00
[2024-03-04T18:33:36.056+0530] {processor.py:183} INFO - Processing /home/arun/.local/lib/python3.10/site-packages/airflow/example_dags/example_branch_python_dop_operator_3.py took 0.105 seconds
[2024-03-04T18:35:42.193+0530] {processor.py:161} INFO - Started process (PID=12371) to work on /home/arun/.local/lib/python3.10/site-packages/airflow/example_dags/example_branch_python_dop_operator_3.py
[2024-03-04T18:35:42.195+0530] {processor.py:830} INFO - Processing file /home/arun/.local/lib/python3.10/site-packages/airflow/example_dags/example_branch_python_dop_operator_3.py for tasks to queue
[2024-03-04T18:35:42.196+0530] {logging_mixin.py:188} INFO - [2024-03-04T18:35:42.196+0530] {dagbag.py:538} INFO - Filling up the DagBag from /home/arun/.local/lib/python3.10/site-packages/airflow/example_dags/example_branch_python_dop_operator_3.py
[2024-03-04T18:35:42.209+0530] {processor.py:840} INFO - DAG(s) 'example_branch_dop_operator_v3' retrieved from /home/arun/.local/lib/python3.10/site-packages/airflow/example_dags/example_branch_python_dop_operator_3.py
[2024-03-04T18:35:42.238+0530] {logging_mixin.py:188} INFO - [2024-03-04T18:35:42.238+0530] {dag.py:3036} INFO - Sync 1 DAGs
[2024-03-04T18:35:42.278+0530] {logging_mixin.py:188} INFO - [2024-03-04T18:35:42.278+0530] {dag.py:3823} INFO - Setting next_dagrun for example_branch_dop_operator_v3 to 2024-03-04 13:04:00+00:00, run_after=2024-03-04 13:05:00+00:00
[2024-03-04T18:35:42.314+0530] {processor.py:183} INFO - Processing /home/arun/.local/lib/python3.10/site-packages/airflow/example_dags/example_branch_python_dop_operator_3.py took 0.125 seconds
[2024-03-04T18:37:54.644+0530] {processor.py:161} INFO - Started process (PID=12511) to work on /home/arun/.local/lib/python3.10/site-packages/airflow/example_dags/example_branch_python_dop_operator_3.py
[2024-03-04T18:37:54.684+0530] {processor.py:830} INFO - Processing file /home/arun/.local/lib/python3.10/site-packages/airflow/example_dags/example_branch_python_dop_operator_3.py for tasks to queue
[2024-03-04T18:37:54.689+0530] {logging_mixin.py:188} INFO - [2024-03-04T18:37:54.689+0530] {dagbag.py:538} INFO - Filling up the DagBag from /home/arun/.local/lib/python3.10/site-packages/airflow/example_dags/example_branch_python_dop_operator_3.py
[2024-03-04T18:37:54.718+0530] {processor.py:840} INFO - DAG(s) 'example_branch_dop_operator_v3' retrieved from /home/arun/.local/lib/python3.10/site-packages/airflow/example_dags/example_branch_python_dop_operator_3.py
[2024-03-04T18:37:54.789+0530] {logging_mixin.py:188} INFO - [2024-03-04T18:37:54.788+0530] {dag.py:3036} INFO - Sync 1 DAGs
[2024-03-04T18:37:54.869+0530] {logging_mixin.py:188} INFO - [2024-03-04T18:37:54.869+0530] {dag.py:3823} INFO - Setting next_dagrun for example_branch_dop_operator_v3 to 2024-03-04 13:06:00+00:00, run_after=2024-03-04 13:07:00+00:00
[2024-03-04T18:37:54.952+0530] {processor.py:183} INFO - Processing /home/arun/.local/lib/python3.10/site-packages/airflow/example_dags/example_branch_python_dop_operator_3.py took 0.317 seconds
[2024-03-04T18:41:07.853+0530] {processor.py:161} INFO - Started process (PID=12742) to work on /home/arun/.local/lib/python3.10/site-packages/airflow/example_dags/example_branch_python_dop_operator_3.py
[2024-03-04T18:41:07.889+0530] {processor.py:830} INFO - Processing file /home/arun/.local/lib/python3.10/site-packages/airflow/example_dags/example_branch_python_dop_operator_3.py for tasks to queue
[2024-03-04T18:41:07.891+0530] {logging_mixin.py:188} INFO - [2024-03-04T18:41:07.891+0530] {dagbag.py:538} INFO - Filling up the DagBag from /home/arun/.local/lib/python3.10/site-packages/airflow/example_dags/example_branch_python_dop_operator_3.py
[2024-03-04T18:41:07.899+0530] {processor.py:840} INFO - DAG(s) 'example_branch_dop_operator_v3' retrieved from /home/arun/.local/lib/python3.10/site-packages/airflow/example_dags/example_branch_python_dop_operator_3.py
[2024-03-04T18:41:07.914+0530] {logging_mixin.py:188} INFO - [2024-03-04T18:41:07.914+0530] {dag.py:3036} INFO - Sync 1 DAGs
[2024-03-04T18:41:07.937+0530] {logging_mixin.py:188} INFO - [2024-03-04T18:41:07.937+0530] {dag.py:3823} INFO - Setting next_dagrun for example_branch_dop_operator_v3 to 2024-03-04 13:10:00+00:00, run_after=2024-03-04 13:11:00+00:00
[2024-03-04T18:41:07.963+0530] {processor.py:183} INFO - Processing /home/arun/.local/lib/python3.10/site-packages/airflow/example_dags/example_branch_python_dop_operator_3.py took 0.114 seconds
[2024-03-04T18:43:49.504+0530] {processor.py:161} INFO - Started process (PID=13511) to work on /home/arun/.local/lib/python3.10/site-packages/airflow/example_dags/example_branch_python_dop_operator_3.py
[2024-03-04T18:43:50.001+0530] {processor.py:830} INFO - Processing file /home/arun/.local/lib/python3.10/site-packages/airflow/example_dags/example_branch_python_dop_operator_3.py for tasks to queue
[2024-03-04T18:43:50.011+0530] {logging_mixin.py:188} INFO - [2024-03-04T18:43:50.011+0530] {dagbag.py:538} INFO - Filling up the DagBag from /home/arun/.local/lib/python3.10/site-packages/airflow/example_dags/example_branch_python_dop_operator_3.py
[2024-03-04T18:43:50.136+0530] {processor.py:840} INFO - DAG(s) 'example_branch_dop_operator_v3' retrieved from /home/arun/.local/lib/python3.10/site-packages/airflow/example_dags/example_branch_python_dop_operator_3.py
[2024-03-04T18:43:51.450+0530] {logging_mixin.py:188} INFO - [2024-03-04T18:43:51.450+0530] {dag.py:3036} INFO - Sync 1 DAGs
[2024-03-04T18:43:51.545+0530] {logging_mixin.py:188} INFO - [2024-03-04T18:43:51.545+0530] {dag.py:3823} INFO - Setting next_dagrun for example_branch_dop_operator_v3 to 2024-03-04 13:12:00+00:00, run_after=2024-03-04 13:13:00+00:00
[2024-03-04T18:43:51.690+0530] {processor.py:183} INFO - Processing /home/arun/.local/lib/python3.10/site-packages/airflow/example_dags/example_branch_python_dop_operator_3.py took 2.191 seconds
[2024-03-04T18:55:47.447+0530] {processor.py:161} INFO - Started process (PID=5817) to work on /home/arun/.local/lib/python3.10/site-packages/airflow/example_dags/example_branch_python_dop_operator_3.py
[2024-03-04T18:55:47.489+0530] {processor.py:830} INFO - Processing file /home/arun/.local/lib/python3.10/site-packages/airflow/example_dags/example_branch_python_dop_operator_3.py for tasks to queue
[2024-03-04T18:55:47.491+0530] {logging_mixin.py:188} INFO - [2024-03-04T18:55:47.490+0530] {dagbag.py:538} INFO - Filling up the DagBag from /home/arun/.local/lib/python3.10/site-packages/airflow/example_dags/example_branch_python_dop_operator_3.py
[2024-03-04T18:55:47.518+0530] {processor.py:840} INFO - DAG(s) 'example_branch_dop_operator_v3' retrieved from /home/arun/.local/lib/python3.10/site-packages/airflow/example_dags/example_branch_python_dop_operator_3.py
[2024-03-04T18:55:47.806+0530] {logging_mixin.py:188} INFO - [2024-03-04T18:55:47.806+0530] {dag.py:3036} INFO - Sync 1 DAGs
[2024-03-04T18:55:47.837+0530] {logging_mixin.py:188} INFO - [2024-03-04T18:55:47.837+0530] {dag.py:3823} INFO - Setting next_dagrun for example_branch_dop_operator_v3 to 2024-03-04 13:24:00+00:00, run_after=2024-03-04 13:25:00+00:00
[2024-03-04T18:55:47.992+0530] {processor.py:183} INFO - Processing /home/arun/.local/lib/python3.10/site-packages/airflow/example_dags/example_branch_python_dop_operator_3.py took 0.552 seconds
[2024-03-04T18:58:09.660+0530] {processor.py:161} INFO - Started process (PID=6025) to work on /home/arun/.local/lib/python3.10/site-packages/airflow/example_dags/example_branch_python_dop_operator_3.py
[2024-03-04T18:58:09.731+0530] {processor.py:830} INFO - Processing file /home/arun/.local/lib/python3.10/site-packages/airflow/example_dags/example_branch_python_dop_operator_3.py for tasks to queue
[2024-03-04T18:58:09.739+0530] {logging_mixin.py:188} INFO - [2024-03-04T18:58:09.738+0530] {dagbag.py:538} INFO - Filling up the DagBag from /home/arun/.local/lib/python3.10/site-packages/airflow/example_dags/example_branch_python_dop_operator_3.py
[2024-03-04T18:58:09.813+0530] {processor.py:840} INFO - DAG(s) 'example_branch_dop_operator_v3' retrieved from /home/arun/.local/lib/python3.10/site-packages/airflow/example_dags/example_branch_python_dop_operator_3.py
[2024-03-04T18:58:09.897+0530] {logging_mixin.py:188} INFO - [2024-03-04T18:58:09.897+0530] {dag.py:3036} INFO - Sync 1 DAGs
[2024-03-04T18:58:09.996+0530] {logging_mixin.py:188} INFO - [2024-03-04T18:58:09.995+0530] {dag.py:3823} INFO - Setting next_dagrun for example_branch_dop_operator_v3 to 2024-03-04 13:27:00+00:00, run_after=2024-03-04 13:28:00+00:00
[2024-03-04T18:58:10.172+0530] {processor.py:183} INFO - Processing /home/arun/.local/lib/python3.10/site-packages/airflow/example_dags/example_branch_python_dop_operator_3.py took 0.530 seconds
[2024-03-04T19:00:18.576+0530] {processor.py:161} INFO - Started process (PID=6428) to work on /home/arun/.local/lib/python3.10/site-packages/airflow/example_dags/example_branch_python_dop_operator_3.py
[2024-03-04T19:00:18.632+0530] {processor.py:830} INFO - Processing file /home/arun/.local/lib/python3.10/site-packages/airflow/example_dags/example_branch_python_dop_operator_3.py for tasks to queue
[2024-03-04T19:00:18.633+0530] {logging_mixin.py:188} INFO - [2024-03-04T19:00:18.633+0530] {dagbag.py:538} INFO - Filling up the DagBag from /home/arun/.local/lib/python3.10/site-packages/airflow/example_dags/example_branch_python_dop_operator_3.py
[2024-03-04T19:00:18.673+0530] {processor.py:840} INFO - DAG(s) 'example_branch_dop_operator_v3' retrieved from /home/arun/.local/lib/python3.10/site-packages/airflow/example_dags/example_branch_python_dop_operator_3.py
[2024-03-04T19:00:18.718+0530] {logging_mixin.py:188} INFO - [2024-03-04T19:00:18.718+0530] {dag.py:3036} INFO - Sync 1 DAGs
[2024-03-04T19:00:18.769+0530] {logging_mixin.py:188} INFO - [2024-03-04T19:00:18.769+0530] {dag.py:3823} INFO - Setting next_dagrun for example_branch_dop_operator_v3 to 2024-03-04 13:29:00+00:00, run_after=2024-03-04 13:30:00+00:00
[2024-03-04T19:00:18.900+0530] {processor.py:183} INFO - Processing /home/arun/.local/lib/python3.10/site-packages/airflow/example_dags/example_branch_python_dop_operator_3.py took 0.329 seconds
[2024-03-04T19:02:05.232+0530] {processor.py:161} INFO - Started process (PID=6648) to work on /home/arun/.local/lib/python3.10/site-packages/airflow/example_dags/example_branch_python_dop_operator_3.py
[2024-03-04T19:02:05.239+0530] {processor.py:830} INFO - Processing file /home/arun/.local/lib/python3.10/site-packages/airflow/example_dags/example_branch_python_dop_operator_3.py for tasks to queue
[2024-03-04T19:02:05.241+0530] {logging_mixin.py:188} INFO - [2024-03-04T19:02:05.240+0530] {dagbag.py:538} INFO - Filling up the DagBag from /home/arun/.local/lib/python3.10/site-packages/airflow/example_dags/example_branch_python_dop_operator_3.py
[2024-03-04T19:02:05.281+0530] {processor.py:840} INFO - DAG(s) 'example_branch_dop_operator_v3' retrieved from /home/arun/.local/lib/python3.10/site-packages/airflow/example_dags/example_branch_python_dop_operator_3.py
[2024-03-04T19:02:05.339+0530] {logging_mixin.py:188} INFO - [2024-03-04T19:02:05.338+0530] {dag.py:3036} INFO - Sync 1 DAGs
[2024-03-04T19:02:05.437+0530] {logging_mixin.py:188} INFO - [2024-03-04T19:02:05.437+0530] {dag.py:3823} INFO - Setting next_dagrun for example_branch_dop_operator_v3 to 2024-03-04 13:31:00+00:00, run_after=2024-03-04 13:32:00+00:00
[2024-03-04T19:02:05.709+0530] {processor.py:183} INFO - Processing /home/arun/.local/lib/python3.10/site-packages/airflow/example_dags/example_branch_python_dop_operator_3.py took 0.485 seconds
[2024-03-04T19:05:57.939+0530] {processor.py:161} INFO - Started process (PID=6979) to work on /home/arun/.local/lib/python3.10/site-packages/airflow/example_dags/example_branch_python_dop_operator_3.py
[2024-03-04T19:05:57.957+0530] {processor.py:830} INFO - Processing file /home/arun/.local/lib/python3.10/site-packages/airflow/example_dags/example_branch_python_dop_operator_3.py for tasks to queue
[2024-03-04T19:05:57.962+0530] {logging_mixin.py:188} INFO - [2024-03-04T19:05:57.960+0530] {dagbag.py:538} INFO - Filling up the DagBag from /home/arun/.local/lib/python3.10/site-packages/airflow/example_dags/example_branch_python_dop_operator_3.py
[2024-03-04T19:05:58.036+0530] {processor.py:840} INFO - DAG(s) 'example_branch_dop_operator_v3' retrieved from /home/arun/.local/lib/python3.10/site-packages/airflow/example_dags/example_branch_python_dop_operator_3.py
[2024-03-04T19:05:58.119+0530] {logging_mixin.py:188} INFO - [2024-03-04T19:05:58.119+0530] {dag.py:3036} INFO - Sync 1 DAGs
[2024-03-04T19:05:58.452+0530] {logging_mixin.py:188} INFO - [2024-03-04T19:05:58.452+0530] {dag.py:3823} INFO - Setting next_dagrun for example_branch_dop_operator_v3 to 2024-03-04 13:34:00+00:00, run_after=2024-03-04 13:35:00+00:00
[2024-03-04T19:05:58.773+0530] {processor.py:183} INFO - Processing /home/arun/.local/lib/python3.10/site-packages/airflow/example_dags/example_branch_python_dop_operator_3.py took 0.848 seconds
[2024-03-04T19:07:42.429+0530] {processor.py:161} INFO - Started process (PID=7192) to work on /home/arun/.local/lib/python3.10/site-packages/airflow/example_dags/example_branch_python_dop_operator_3.py
[2024-03-04T19:07:42.472+0530] {processor.py:830} INFO - Processing file /home/arun/.local/lib/python3.10/site-packages/airflow/example_dags/example_branch_python_dop_operator_3.py for tasks to queue
[2024-03-04T19:07:42.474+0530] {logging_mixin.py:188} INFO - [2024-03-04T19:07:42.473+0530] {dagbag.py:538} INFO - Filling up the DagBag from /home/arun/.local/lib/python3.10/site-packages/airflow/example_dags/example_branch_python_dop_operator_3.py
[2024-03-04T19:07:42.510+0530] {processor.py:840} INFO - DAG(s) 'example_branch_dop_operator_v3' retrieved from /home/arun/.local/lib/python3.10/site-packages/airflow/example_dags/example_branch_python_dop_operator_3.py
[2024-03-04T19:07:42.580+0530] {logging_mixin.py:188} INFO - [2024-03-04T19:07:42.579+0530] {dag.py:3036} INFO - Sync 1 DAGs
[2024-03-04T19:07:42.643+0530] {logging_mixin.py:188} INFO - [2024-03-04T19:07:42.643+0530] {dag.py:3823} INFO - Setting next_dagrun for example_branch_dop_operator_v3 to 2024-03-04 13:36:00+00:00, run_after=2024-03-04 13:37:00+00:00
[2024-03-04T19:07:42.718+0530] {processor.py:183} INFO - Processing /home/arun/.local/lib/python3.10/site-packages/airflow/example_dags/example_branch_python_dop_operator_3.py took 0.296 seconds
[2024-03-04T19:08:59.125+0530] {processor.py:161} INFO - Started process (PID=7345) to work on /home/arun/.local/lib/python3.10/site-packages/airflow/example_dags/example_branch_python_dop_operator_3.py
[2024-03-04T19:08:59.156+0530] {processor.py:830} INFO - Processing file /home/arun/.local/lib/python3.10/site-packages/airflow/example_dags/example_branch_python_dop_operator_3.py for tasks to queue
[2024-03-04T19:08:59.157+0530] {logging_mixin.py:188} INFO - [2024-03-04T19:08:59.157+0530] {dagbag.py:538} INFO - Filling up the DagBag from /home/arun/.local/lib/python3.10/site-packages/airflow/example_dags/example_branch_python_dop_operator_3.py
[2024-03-04T19:08:59.168+0530] {processor.py:840} INFO - DAG(s) 'example_branch_dop_operator_v3' retrieved from /home/arun/.local/lib/python3.10/site-packages/airflow/example_dags/example_branch_python_dop_operator_3.py
[2024-03-04T19:08:59.192+0530] {logging_mixin.py:188} INFO - [2024-03-04T19:08:59.192+0530] {dag.py:3036} INFO - Sync 1 DAGs
[2024-03-04T19:08:59.235+0530] {logging_mixin.py:188} INFO - [2024-03-04T19:08:59.234+0530] {dag.py:3823} INFO - Setting next_dagrun for example_branch_dop_operator_v3 to 2024-03-04 13:37:00+00:00, run_after=2024-03-04 13:38:00+00:00
[2024-03-04T19:08:59.264+0530] {processor.py:183} INFO - Processing /home/arun/.local/lib/python3.10/site-packages/airflow/example_dags/example_branch_python_dop_operator_3.py took 0.142 seconds
[2024-03-04T19:10:23.671+0530] {processor.py:161} INFO - Started process (PID=7514) to work on /home/arun/.local/lib/python3.10/site-packages/airflow/example_dags/example_branch_python_dop_operator_3.py
[2024-03-04T19:10:23.707+0530] {processor.py:830} INFO - Processing file /home/arun/.local/lib/python3.10/site-packages/airflow/example_dags/example_branch_python_dop_operator_3.py for tasks to queue
[2024-03-04T19:10:23.708+0530] {logging_mixin.py:188} INFO - [2024-03-04T19:10:23.707+0530] {dagbag.py:538} INFO - Filling up the DagBag from /home/arun/.local/lib/python3.10/site-packages/airflow/example_dags/example_branch_python_dop_operator_3.py
[2024-03-04T19:10:23.717+0530] {processor.py:840} INFO - DAG(s) 'example_branch_dop_operator_v3' retrieved from /home/arun/.local/lib/python3.10/site-packages/airflow/example_dags/example_branch_python_dop_operator_3.py
[2024-03-04T19:10:23.738+0530] {logging_mixin.py:188} INFO - [2024-03-04T19:10:23.737+0530] {dag.py:3036} INFO - Sync 1 DAGs
[2024-03-04T19:10:23.776+0530] {logging_mixin.py:188} INFO - [2024-03-04T19:10:23.775+0530] {dag.py:3823} INFO - Setting next_dagrun for example_branch_dop_operator_v3 to 2024-03-04 13:39:00+00:00, run_after=2024-03-04 13:40:00+00:00
[2024-03-04T19:10:23.862+0530] {processor.py:183} INFO - Processing /home/arun/.local/lib/python3.10/site-packages/airflow/example_dags/example_branch_python_dop_operator_3.py took 0.194 seconds
[2024-03-04T19:11:48.018+0530] {processor.py:161} INFO - Started process (PID=7663) to work on /home/arun/.local/lib/python3.10/site-packages/airflow/example_dags/example_branch_python_dop_operator_3.py
[2024-03-04T19:11:48.111+0530] {processor.py:830} INFO - Processing file /home/arun/.local/lib/python3.10/site-packages/airflow/example_dags/example_branch_python_dop_operator_3.py for tasks to queue
[2024-03-04T19:11:48.113+0530] {logging_mixin.py:188} INFO - [2024-03-04T19:11:48.112+0530] {dagbag.py:538} INFO - Filling up the DagBag from /home/arun/.local/lib/python3.10/site-packages/airflow/example_dags/example_branch_python_dop_operator_3.py
[2024-03-04T19:11:48.122+0530] {processor.py:840} INFO - DAG(s) 'example_branch_dop_operator_v3' retrieved from /home/arun/.local/lib/python3.10/site-packages/airflow/example_dags/example_branch_python_dop_operator_3.py
[2024-03-04T19:11:48.139+0530] {logging_mixin.py:188} INFO - [2024-03-04T19:11:48.139+0530] {dag.py:3036} INFO - Sync 1 DAGs
[2024-03-04T19:11:48.179+0530] {logging_mixin.py:188} INFO - [2024-03-04T19:11:48.179+0530] {dag.py:3823} INFO - Setting next_dagrun for example_branch_dop_operator_v3 to 2024-03-04 13:40:00+00:00, run_after=2024-03-04 13:41:00+00:00
[2024-03-04T19:11:48.224+0530] {processor.py:183} INFO - Processing /home/arun/.local/lib/python3.10/site-packages/airflow/example_dags/example_branch_python_dop_operator_3.py took 0.209 seconds
[2024-03-04T19:13:17.951+0530] {processor.py:161} INFO - Started process (PID=7825) to work on /home/arun/.local/lib/python3.10/site-packages/airflow/example_dags/example_branch_python_dop_operator_3.py
[2024-03-04T19:13:17.990+0530] {processor.py:830} INFO - Processing file /home/arun/.local/lib/python3.10/site-packages/airflow/example_dags/example_branch_python_dop_operator_3.py for tasks to queue
[2024-03-04T19:13:17.991+0530] {logging_mixin.py:188} INFO - [2024-03-04T19:13:17.991+0530] {dagbag.py:538} INFO - Filling up the DagBag from /home/arun/.local/lib/python3.10/site-packages/airflow/example_dags/example_branch_python_dop_operator_3.py
[2024-03-04T19:13:17.999+0530] {processor.py:840} INFO - DAG(s) 'example_branch_dop_operator_v3' retrieved from /home/arun/.local/lib/python3.10/site-packages/airflow/example_dags/example_branch_python_dop_operator_3.py
[2024-03-04T19:13:18.014+0530] {logging_mixin.py:188} INFO - [2024-03-04T19:13:18.014+0530] {dag.py:3036} INFO - Sync 1 DAGs
[2024-03-04T19:13:18.036+0530] {logging_mixin.py:188} INFO - [2024-03-04T19:13:18.036+0530] {dag.py:3823} INFO - Setting next_dagrun for example_branch_dop_operator_v3 to 2024-03-04 13:42:00+00:00, run_after=2024-03-04 13:43:00+00:00
[2024-03-04T19:13:18.062+0530] {processor.py:183} INFO - Processing /home/arun/.local/lib/python3.10/site-packages/airflow/example_dags/example_branch_python_dop_operator_3.py took 0.115 seconds
[2024-03-04T19:14:42.571+0530] {processor.py:161} INFO - Started process (PID=7984) to work on /home/arun/.local/lib/python3.10/site-packages/airflow/example_dags/example_branch_python_dop_operator_3.py
[2024-03-04T19:14:42.648+0530] {processor.py:830} INFO - Processing file /home/arun/.local/lib/python3.10/site-packages/airflow/example_dags/example_branch_python_dop_operator_3.py for tasks to queue
[2024-03-04T19:14:42.650+0530] {logging_mixin.py:188} INFO - [2024-03-04T19:14:42.649+0530] {dagbag.py:538} INFO - Filling up the DagBag from /home/arun/.local/lib/python3.10/site-packages/airflow/example_dags/example_branch_python_dop_operator_3.py
[2024-03-04T19:14:42.666+0530] {processor.py:840} INFO - DAG(s) 'example_branch_dop_operator_v3' retrieved from /home/arun/.local/lib/python3.10/site-packages/airflow/example_dags/example_branch_python_dop_operator_3.py
[2024-03-04T19:14:42.692+0530] {logging_mixin.py:188} INFO - [2024-03-04T19:14:42.691+0530] {dag.py:3036} INFO - Sync 1 DAGs
[2024-03-04T19:14:42.722+0530] {logging_mixin.py:188} INFO - [2024-03-04T19:14:42.722+0530] {dag.py:3823} INFO - Setting next_dagrun for example_branch_dop_operator_v3 to 2024-03-04 13:43:00+00:00, run_after=2024-03-04 13:44:00+00:00
[2024-03-04T19:14:42.752+0530] {processor.py:183} INFO - Processing /home/arun/.local/lib/python3.10/site-packages/airflow/example_dags/example_branch_python_dop_operator_3.py took 0.185 seconds
[2024-03-04T19:16:07.252+0530] {processor.py:161} INFO - Started process (PID=8212) to work on /home/arun/.local/lib/python3.10/site-packages/airflow/example_dags/example_branch_python_dop_operator_3.py
[2024-03-04T19:16:07.300+0530] {processor.py:830} INFO - Processing file /home/arun/.local/lib/python3.10/site-packages/airflow/example_dags/example_branch_python_dop_operator_3.py for tasks to queue
[2024-03-04T19:16:07.301+0530] {logging_mixin.py:188} INFO - [2024-03-04T19:16:07.301+0530] {dagbag.py:538} INFO - Filling up the DagBag from /home/arun/.local/lib/python3.10/site-packages/airflow/example_dags/example_branch_python_dop_operator_3.py
[2024-03-04T19:16:07.322+0530] {processor.py:840} INFO - DAG(s) 'example_branch_dop_operator_v3' retrieved from /home/arun/.local/lib/python3.10/site-packages/airflow/example_dags/example_branch_python_dop_operator_3.py
[2024-03-04T19:16:07.353+0530] {logging_mixin.py:188} INFO - [2024-03-04T19:16:07.353+0530] {dag.py:3036} INFO - Sync 1 DAGs
[2024-03-04T19:16:07.396+0530] {logging_mixin.py:188} INFO - [2024-03-04T19:16:07.396+0530] {dag.py:3823} INFO - Setting next_dagrun for example_branch_dop_operator_v3 to 2024-03-04 13:45:00+00:00, run_after=2024-03-04 13:46:00+00:00
[2024-03-04T19:16:07.437+0530] {processor.py:183} INFO - Processing /home/arun/.local/lib/python3.10/site-packages/airflow/example_dags/example_branch_python_dop_operator_3.py took 0.191 seconds
[2024-03-04T19:17:34.221+0530] {processor.py:161} INFO - Started process (PID=8379) to work on /home/arun/.local/lib/python3.10/site-packages/airflow/example_dags/example_branch_python_dop_operator_3.py
[2024-03-04T19:17:34.223+0530] {processor.py:830} INFO - Processing file /home/arun/.local/lib/python3.10/site-packages/airflow/example_dags/example_branch_python_dop_operator_3.py for tasks to queue
[2024-03-04T19:17:34.224+0530] {logging_mixin.py:188} INFO - [2024-03-04T19:17:34.224+0530] {dagbag.py:538} INFO - Filling up the DagBag from /home/arun/.local/lib/python3.10/site-packages/airflow/example_dags/example_branch_python_dop_operator_3.py
[2024-03-04T19:17:34.234+0530] {processor.py:840} INFO - DAG(s) 'example_branch_dop_operator_v3' retrieved from /home/arun/.local/lib/python3.10/site-packages/airflow/example_dags/example_branch_python_dop_operator_3.py
[2024-03-04T19:17:34.253+0530] {logging_mixin.py:188} INFO - [2024-03-04T19:17:34.252+0530] {dag.py:3036} INFO - Sync 1 DAGs
[2024-03-04T19:17:34.287+0530] {logging_mixin.py:188} INFO - [2024-03-04T19:17:34.286+0530] {dag.py:3823} INFO - Setting next_dagrun for example_branch_dop_operator_v3 to 2024-03-04 13:46:00+00:00, run_after=2024-03-04 13:47:00+00:00
[2024-03-04T19:17:34.325+0530] {processor.py:183} INFO - Processing /home/arun/.local/lib/python3.10/site-packages/airflow/example_dags/example_branch_python_dop_operator_3.py took 0.107 seconds
[2024-03-04T19:18:57.566+0530] {processor.py:161} INFO - Started process (PID=8554) to work on /home/arun/.local/lib/python3.10/site-packages/airflow/example_dags/example_branch_python_dop_operator_3.py
[2024-03-04T19:18:57.620+0530] {processor.py:830} INFO - Processing file /home/arun/.local/lib/python3.10/site-packages/airflow/example_dags/example_branch_python_dop_operator_3.py for tasks to queue
[2024-03-04T19:18:57.622+0530] {logging_mixin.py:188} INFO - [2024-03-04T19:18:57.621+0530] {dagbag.py:538} INFO - Filling up the DagBag from /home/arun/.local/lib/python3.10/site-packages/airflow/example_dags/example_branch_python_dop_operator_3.py
[2024-03-04T19:18:57.665+0530] {processor.py:840} INFO - DAG(s) 'example_branch_dop_operator_v3' retrieved from /home/arun/.local/lib/python3.10/site-packages/airflow/example_dags/example_branch_python_dop_operator_3.py
[2024-03-04T19:18:57.734+0530] {logging_mixin.py:188} INFO - [2024-03-04T19:18:57.733+0530] {dag.py:3036} INFO - Sync 1 DAGs
[2024-03-04T19:18:57.812+0530] {logging_mixin.py:188} INFO - [2024-03-04T19:18:57.812+0530] {dag.py:3823} INFO - Setting next_dagrun for example_branch_dop_operator_v3 to 2024-03-04 13:47:00+00:00, run_after=2024-03-04 13:48:00+00:00
[2024-03-04T19:18:57.914+0530] {processor.py:183} INFO - Processing /home/arun/.local/lib/python3.10/site-packages/airflow/example_dags/example_branch_python_dop_operator_3.py took 0.355 seconds
[2024-03-04T19:20:27.460+0530] {processor.py:161} INFO - Started process (PID=8724) to work on /home/arun/.local/lib/python3.10/site-packages/airflow/example_dags/example_branch_python_dop_operator_3.py
[2024-03-04T19:20:27.464+0530] {processor.py:830} INFO - Processing file /home/arun/.local/lib/python3.10/site-packages/airflow/example_dags/example_branch_python_dop_operator_3.py for tasks to queue
[2024-03-04T19:20:27.466+0530] {logging_mixin.py:188} INFO - [2024-03-04T19:20:27.465+0530] {dagbag.py:538} INFO - Filling up the DagBag from /home/arun/.local/lib/python3.10/site-packages/airflow/example_dags/example_branch_python_dop_operator_3.py
[2024-03-04T19:20:27.494+0530] {processor.py:840} INFO - DAG(s) 'example_branch_dop_operator_v3' retrieved from /home/arun/.local/lib/python3.10/site-packages/airflow/example_dags/example_branch_python_dop_operator_3.py
[2024-03-04T19:20:27.547+0530] {logging_mixin.py:188} INFO - [2024-03-04T19:20:27.546+0530] {dag.py:3036} INFO - Sync 1 DAGs
[2024-03-04T19:20:27.577+0530] {logging_mixin.py:188} INFO - [2024-03-04T19:20:27.576+0530] {dag.py:3823} INFO - Setting next_dagrun for example_branch_dop_operator_v3 to 2024-03-04 13:49:00+00:00, run_after=2024-03-04 13:50:00+00:00
[2024-03-04T19:20:27.610+0530] {processor.py:183} INFO - Processing /home/arun/.local/lib/python3.10/site-packages/airflow/example_dags/example_branch_python_dop_operator_3.py took 0.158 seconds
[2024-03-04T19:21:53.725+0530] {processor.py:161} INFO - Started process (PID=8906) to work on /home/arun/.local/lib/python3.10/site-packages/airflow/example_dags/example_branch_python_dop_operator_3.py
[2024-03-04T19:21:53.768+0530] {processor.py:830} INFO - Processing file /home/arun/.local/lib/python3.10/site-packages/airflow/example_dags/example_branch_python_dop_operator_3.py for tasks to queue
[2024-03-04T19:21:53.770+0530] {logging_mixin.py:188} INFO - [2024-03-04T19:21:53.769+0530] {dagbag.py:538} INFO - Filling up the DagBag from /home/arun/.local/lib/python3.10/site-packages/airflow/example_dags/example_branch_python_dop_operator_3.py
[2024-03-04T19:21:53.789+0530] {processor.py:840} INFO - DAG(s) 'example_branch_dop_operator_v3' retrieved from /home/arun/.local/lib/python3.10/site-packages/airflow/example_dags/example_branch_python_dop_operator_3.py
[2024-03-04T19:21:53.848+0530] {logging_mixin.py:188} INFO - [2024-03-04T19:21:53.847+0530] {dag.py:3036} INFO - Sync 1 DAGs
[2024-03-04T19:21:53.921+0530] {logging_mixin.py:188} INFO - [2024-03-04T19:21:53.921+0530] {dag.py:3823} INFO - Setting next_dagrun for example_branch_dop_operator_v3 to 2024-03-04 13:50:00+00:00, run_after=2024-03-04 13:51:00+00:00
[2024-03-04T19:21:54.005+0530] {processor.py:183} INFO - Processing /home/arun/.local/lib/python3.10/site-packages/airflow/example_dags/example_branch_python_dop_operator_3.py took 0.288 seconds
[2024-03-04T19:23:19.510+0530] {processor.py:161} INFO - Started process (PID=9070) to work on /home/arun/.local/lib/python3.10/site-packages/airflow/example_dags/example_branch_python_dop_operator_3.py
[2024-03-04T19:23:19.553+0530] {processor.py:830} INFO - Processing file /home/arun/.local/lib/python3.10/site-packages/airflow/example_dags/example_branch_python_dop_operator_3.py for tasks to queue
[2024-03-04T19:23:19.555+0530] {logging_mixin.py:188} INFO - [2024-03-04T19:23:19.554+0530] {dagbag.py:538} INFO - Filling up the DagBag from /home/arun/.local/lib/python3.10/site-packages/airflow/example_dags/example_branch_python_dop_operator_3.py
[2024-03-04T19:23:19.573+0530] {processor.py:840} INFO - DAG(s) 'example_branch_dop_operator_v3' retrieved from /home/arun/.local/lib/python3.10/site-packages/airflow/example_dags/example_branch_python_dop_operator_3.py
[2024-03-04T19:23:19.594+0530] {logging_mixin.py:188} INFO - [2024-03-04T19:23:19.593+0530] {dag.py:3036} INFO - Sync 1 DAGs
[2024-03-04T19:23:19.627+0530] {logging_mixin.py:188} INFO - [2024-03-04T19:23:19.627+0530] {dag.py:3823} INFO - Setting next_dagrun for example_branch_dop_operator_v3 to 2024-03-04 13:52:00+00:00, run_after=2024-03-04 13:53:00+00:00
[2024-03-04T19:23:19.708+0530] {processor.py:183} INFO - Processing /home/arun/.local/lib/python3.10/site-packages/airflow/example_dags/example_branch_python_dop_operator_3.py took 0.216 seconds
[2024-03-04T19:24:39.763+0530] {processor.py:161} INFO - Started process (PID=9243) to work on /home/arun/.local/lib/python3.10/site-packages/airflow/example_dags/example_branch_python_dop_operator_3.py
[2024-03-04T19:24:39.803+0530] {processor.py:830} INFO - Processing file /home/arun/.local/lib/python3.10/site-packages/airflow/example_dags/example_branch_python_dop_operator_3.py for tasks to queue
[2024-03-04T19:24:39.804+0530] {logging_mixin.py:188} INFO - [2024-03-04T19:24:39.804+0530] {dagbag.py:538} INFO - Filling up the DagBag from /home/arun/.local/lib/python3.10/site-packages/airflow/example_dags/example_branch_python_dop_operator_3.py
[2024-03-04T19:24:39.815+0530] {processor.py:840} INFO - DAG(s) 'example_branch_dop_operator_v3' retrieved from /home/arun/.local/lib/python3.10/site-packages/airflow/example_dags/example_branch_python_dop_operator_3.py
[2024-03-04T19:24:39.836+0530] {logging_mixin.py:188} INFO - [2024-03-04T19:24:39.836+0530] {dag.py:3036} INFO - Sync 1 DAGs
[2024-03-04T19:24:39.873+0530] {logging_mixin.py:188} INFO - [2024-03-04T19:24:39.873+0530] {dag.py:3823} INFO - Setting next_dagrun for example_branch_dop_operator_v3 to 2024-03-04 13:53:00+00:00, run_after=2024-03-04 13:54:00+00:00
[2024-03-04T19:24:39.913+0530] {processor.py:183} INFO - Processing /home/arun/.local/lib/python3.10/site-packages/airflow/example_dags/example_branch_python_dop_operator_3.py took 0.154 seconds
[2024-03-04T19:25:59.114+0530] {processor.py:161} INFO - Started process (PID=9383) to work on /home/arun/.local/lib/python3.10/site-packages/airflow/example_dags/example_branch_python_dop_operator_3.py
[2024-03-04T19:25:59.148+0530] {processor.py:830} INFO - Processing file /home/arun/.local/lib/python3.10/site-packages/airflow/example_dags/example_branch_python_dop_operator_3.py for tasks to queue
[2024-03-04T19:25:59.151+0530] {logging_mixin.py:188} INFO - [2024-03-04T19:25:59.150+0530] {dagbag.py:538} INFO - Filling up the DagBag from /home/arun/.local/lib/python3.10/site-packages/airflow/example_dags/example_branch_python_dop_operator_3.py
[2024-03-04T19:25:59.175+0530] {processor.py:840} INFO - DAG(s) 'example_branch_dop_operator_v3' retrieved from /home/arun/.local/lib/python3.10/site-packages/airflow/example_dags/example_branch_python_dop_operator_3.py
[2024-03-04T19:25:59.215+0530] {logging_mixin.py:188} INFO - [2024-03-04T19:25:59.214+0530] {dag.py:3036} INFO - Sync 1 DAGs
[2024-03-04T19:25:59.258+0530] {logging_mixin.py:188} INFO - [2024-03-04T19:25:59.257+0530] {dag.py:3823} INFO - Setting next_dagrun for example_branch_dop_operator_v3 to 2024-03-04 13:54:00+00:00, run_after=2024-03-04 13:55:00+00:00
[2024-03-04T19:25:59.309+0530] {processor.py:183} INFO - Processing /home/arun/.local/lib/python3.10/site-packages/airflow/example_dags/example_branch_python_dop_operator_3.py took 0.199 seconds
[2024-03-04T19:27:15.796+0530] {processor.py:161} INFO - Started process (PID=9552) to work on /home/arun/.local/lib/python3.10/site-packages/airflow/example_dags/example_branch_python_dop_operator_3.py
[2024-03-04T19:27:15.799+0530] {processor.py:830} INFO - Processing file /home/arun/.local/lib/python3.10/site-packages/airflow/example_dags/example_branch_python_dop_operator_3.py for tasks to queue
[2024-03-04T19:27:15.800+0530] {logging_mixin.py:188} INFO - [2024-03-04T19:27:15.799+0530] {dagbag.py:538} INFO - Filling up the DagBag from /home/arun/.local/lib/python3.10/site-packages/airflow/example_dags/example_branch_python_dop_operator_3.py
[2024-03-04T19:27:15.811+0530] {processor.py:840} INFO - DAG(s) 'example_branch_dop_operator_v3' retrieved from /home/arun/.local/lib/python3.10/site-packages/airflow/example_dags/example_branch_python_dop_operator_3.py
[2024-03-04T19:27:15.836+0530] {logging_mixin.py:188} INFO - [2024-03-04T19:27:15.835+0530] {dag.py:3036} INFO - Sync 1 DAGs
[2024-03-04T19:27:15.883+0530] {logging_mixin.py:188} INFO - [2024-03-04T19:27:15.883+0530] {dag.py:3823} INFO - Setting next_dagrun for example_branch_dop_operator_v3 to 2024-03-04 13:56:00+00:00, run_after=2024-03-04 13:57:00+00:00
[2024-03-04T19:27:15.962+0530] {processor.py:183} INFO - Processing /home/arun/.local/lib/python3.10/site-packages/airflow/example_dags/example_branch_python_dop_operator_3.py took 0.170 seconds
[2024-03-04T19:28:43.746+0530] {processor.py:161} INFO - Started process (PID=9762) to work on /home/arun/.local/lib/python3.10/site-packages/airflow/example_dags/example_branch_python_dop_operator_3.py
[2024-03-04T19:28:43.749+0530] {processor.py:830} INFO - Processing file /home/arun/.local/lib/python3.10/site-packages/airflow/example_dags/example_branch_python_dop_operator_3.py for tasks to queue
[2024-03-04T19:28:43.751+0530] {logging_mixin.py:188} INFO - [2024-03-04T19:28:43.750+0530] {dagbag.py:538} INFO - Filling up the DagBag from /home/arun/.local/lib/python3.10/site-packages/airflow/example_dags/example_branch_python_dop_operator_3.py
[2024-03-04T19:28:43.762+0530] {processor.py:840} INFO - DAG(s) 'example_branch_dop_operator_v3' retrieved from /home/arun/.local/lib/python3.10/site-packages/airflow/example_dags/example_branch_python_dop_operator_3.py
[2024-03-04T19:28:43.782+0530] {logging_mixin.py:188} INFO - [2024-03-04T19:28:43.781+0530] {dag.py:3036} INFO - Sync 1 DAGs
[2024-03-04T19:28:43.810+0530] {logging_mixin.py:188} INFO - [2024-03-04T19:28:43.810+0530] {dag.py:3823} INFO - Setting next_dagrun for example_branch_dop_operator_v3 to 2024-03-04 13:57:00+00:00, run_after=2024-03-04 13:58:00+00:00
[2024-03-04T19:28:43.850+0530] {processor.py:183} INFO - Processing /home/arun/.local/lib/python3.10/site-packages/airflow/example_dags/example_branch_python_dop_operator_3.py took 0.108 seconds
[2024-03-04T22:56:16.748+0530] {processor.py:161} INFO - Started process (PID=5670) to work on /home/arun/.local/lib/python3.10/site-packages/airflow/example_dags/example_branch_python_dop_operator_3.py
[2024-03-04T22:56:16.756+0530] {processor.py:830} INFO - Processing file /home/arun/.local/lib/python3.10/site-packages/airflow/example_dags/example_branch_python_dop_operator_3.py for tasks to queue
[2024-03-04T22:56:16.759+0530] {logging_mixin.py:188} INFO - [2024-03-04T22:56:16.758+0530] {dagbag.py:538} INFO - Filling up the DagBag from /home/arun/.local/lib/python3.10/site-packages/airflow/example_dags/example_branch_python_dop_operator_3.py
[2024-03-04T22:56:16.783+0530] {processor.py:840} INFO - DAG(s) 'example_branch_dop_operator_v3' retrieved from /home/arun/.local/lib/python3.10/site-packages/airflow/example_dags/example_branch_python_dop_operator_3.py
[2024-03-04T22:56:17.047+0530] {logging_mixin.py:188} INFO - [2024-03-04T22:56:17.046+0530] {dag.py:3036} INFO - Sync 1 DAGs
[2024-03-04T22:56:17.089+0530] {logging_mixin.py:188} INFO - [2024-03-04T22:56:17.089+0530] {dag.py:3823} INFO - Setting next_dagrun for example_branch_dop_operator_v3 to 2024-03-04 17:25:00+00:00, run_after=2024-03-04 17:26:00+00:00
[2024-03-04T22:56:17.176+0530] {processor.py:183} INFO - Processing /home/arun/.local/lib/python3.10/site-packages/airflow/example_dags/example_branch_python_dop_operator_3.py took 0.439 seconds
[2024-03-04T22:58:29.230+0530] {processor.py:161} INFO - Started process (PID=5808) to work on /home/arun/.local/lib/python3.10/site-packages/airflow/example_dags/example_branch_python_dop_operator_3.py
[2024-03-04T22:58:29.245+0530] {processor.py:830} INFO - Processing file /home/arun/.local/lib/python3.10/site-packages/airflow/example_dags/example_branch_python_dop_operator_3.py for tasks to queue
[2024-03-04T22:58:29.246+0530] {logging_mixin.py:188} INFO - [2024-03-04T22:58:29.246+0530] {dagbag.py:538} INFO - Filling up the DagBag from /home/arun/.local/lib/python3.10/site-packages/airflow/example_dags/example_branch_python_dop_operator_3.py
[2024-03-04T22:58:29.278+0530] {processor.py:840} INFO - DAG(s) 'example_branch_dop_operator_v3' retrieved from /home/arun/.local/lib/python3.10/site-packages/airflow/example_dags/example_branch_python_dop_operator_3.py
[2024-03-04T22:58:29.312+0530] {logging_mixin.py:188} INFO - [2024-03-04T22:58:29.312+0530] {dag.py:3036} INFO - Sync 1 DAGs
[2024-03-04T22:58:29.370+0530] {logging_mixin.py:188} INFO - [2024-03-04T22:58:29.368+0530] {dag.py:3823} INFO - Setting next_dagrun for example_branch_dop_operator_v3 to 2024-03-04 17:27:00+00:00, run_after=2024-03-04 17:28:00+00:00
[2024-03-04T22:58:29.478+0530] {processor.py:183} INFO - Processing /home/arun/.local/lib/python3.10/site-packages/airflow/example_dags/example_branch_python_dop_operator_3.py took 0.255 seconds
[2024-03-04T23:00:18.267+0530] {processor.py:161} INFO - Started process (PID=5966) to work on /home/arun/.local/lib/python3.10/site-packages/airflow/example_dags/example_branch_python_dop_operator_3.py
[2024-03-04T23:00:18.304+0530] {processor.py:830} INFO - Processing file /home/arun/.local/lib/python3.10/site-packages/airflow/example_dags/example_branch_python_dop_operator_3.py for tasks to queue
[2024-03-04T23:00:18.305+0530] {logging_mixin.py:188} INFO - [2024-03-04T23:00:18.305+0530] {dagbag.py:538} INFO - Filling up the DagBag from /home/arun/.local/lib/python3.10/site-packages/airflow/example_dags/example_branch_python_dop_operator_3.py
[2024-03-04T23:00:18.318+0530] {processor.py:840} INFO - DAG(s) 'example_branch_dop_operator_v3' retrieved from /home/arun/.local/lib/python3.10/site-packages/airflow/example_dags/example_branch_python_dop_operator_3.py
[2024-03-04T23:00:18.341+0530] {logging_mixin.py:188} INFO - [2024-03-04T23:00:18.340+0530] {dag.py:3036} INFO - Sync 1 DAGs
[2024-03-04T23:00:18.375+0530] {logging_mixin.py:188} INFO - [2024-03-04T23:00:18.375+0530] {dag.py:3823} INFO - Setting next_dagrun for example_branch_dop_operator_v3 to 2024-03-04 17:29:00+00:00, run_after=2024-03-04 17:30:00+00:00
[2024-03-04T23:00:18.488+0530] {processor.py:183} INFO - Processing /home/arun/.local/lib/python3.10/site-packages/airflow/example_dags/example_branch_python_dop_operator_3.py took 0.228 seconds
[2024-03-04T23:01:46.401+0530] {processor.py:161} INFO - Started process (PID=6083) to work on /home/arun/.local/lib/python3.10/site-packages/airflow/example_dags/example_branch_python_dop_operator_3.py
[2024-03-04T23:01:46.402+0530] {processor.py:830} INFO - Processing file /home/arun/.local/lib/python3.10/site-packages/airflow/example_dags/example_branch_python_dop_operator_3.py for tasks to queue
[2024-03-04T23:01:46.403+0530] {logging_mixin.py:188} INFO - [2024-03-04T23:01:46.403+0530] {dagbag.py:538} INFO - Filling up the DagBag from /home/arun/.local/lib/python3.10/site-packages/airflow/example_dags/example_branch_python_dop_operator_3.py
[2024-03-04T23:01:46.412+0530] {processor.py:840} INFO - DAG(s) 'example_branch_dop_operator_v3' retrieved from /home/arun/.local/lib/python3.10/site-packages/airflow/example_dags/example_branch_python_dop_operator_3.py
[2024-03-04T23:01:46.437+0530] {logging_mixin.py:188} INFO - [2024-03-04T23:01:46.436+0530] {dag.py:3036} INFO - Sync 1 DAGs
[2024-03-04T23:01:46.469+0530] {logging_mixin.py:188} INFO - [2024-03-04T23:01:46.469+0530] {dag.py:3823} INFO - Setting next_dagrun for example_branch_dop_operator_v3 to 2024-03-04 17:30:00+00:00, run_after=2024-03-04 17:31:00+00:00
[2024-03-04T23:01:46.509+0530] {processor.py:183} INFO - Processing /home/arun/.local/lib/python3.10/site-packages/airflow/example_dags/example_branch_python_dop_operator_3.py took 0.111 seconds
[2024-03-04T23:03:15.779+0530] {processor.py:161} INFO - Started process (PID=6594) to work on /home/arun/.local/lib/python3.10/site-packages/airflow/example_dags/example_branch_python_dop_operator_3.py
[2024-03-04T23:03:15.815+0530] {processor.py:830} INFO - Processing file /home/arun/.local/lib/python3.10/site-packages/airflow/example_dags/example_branch_python_dop_operator_3.py for tasks to queue
[2024-03-04T23:03:15.816+0530] {logging_mixin.py:188} INFO - [2024-03-04T23:03:15.815+0530] {dagbag.py:538} INFO - Filling up the DagBag from /home/arun/.local/lib/python3.10/site-packages/airflow/example_dags/example_branch_python_dop_operator_3.py
[2024-03-04T23:03:15.826+0530] {processor.py:840} INFO - DAG(s) 'example_branch_dop_operator_v3' retrieved from /home/arun/.local/lib/python3.10/site-packages/airflow/example_dags/example_branch_python_dop_operator_3.py
[2024-03-04T23:03:15.845+0530] {logging_mixin.py:188} INFO - [2024-03-04T23:03:15.845+0530] {dag.py:3036} INFO - Sync 1 DAGs
[2024-03-04T23:03:15.874+0530] {logging_mixin.py:188} INFO - [2024-03-04T23:03:15.874+0530] {dag.py:3823} INFO - Setting next_dagrun for example_branch_dop_operator_v3 to 2024-03-04 17:32:00+00:00, run_after=2024-03-04 17:33:00+00:00
[2024-03-04T23:03:15.935+0530] {processor.py:183} INFO - Processing /home/arun/.local/lib/python3.10/site-packages/airflow/example_dags/example_branch_python_dop_operator_3.py took 0.160 seconds
[2024-03-04T23:05:10.737+0530] {processor.py:161} INFO - Started process (PID=6793) to work on /home/arun/.local/lib/python3.10/site-packages/airflow/example_dags/example_branch_python_dop_operator_3.py
[2024-03-04T23:05:10.754+0530] {processor.py:830} INFO - Processing file /home/arun/.local/lib/python3.10/site-packages/airflow/example_dags/example_branch_python_dop_operator_3.py for tasks to queue
[2024-03-04T23:05:10.757+0530] {logging_mixin.py:188} INFO - [2024-03-04T23:05:10.755+0530] {dagbag.py:538} INFO - Filling up the DagBag from /home/arun/.local/lib/python3.10/site-packages/airflow/example_dags/example_branch_python_dop_operator_3.py
[2024-03-04T23:05:10.779+0530] {processor.py:840} INFO - DAG(s) 'example_branch_dop_operator_v3' retrieved from /home/arun/.local/lib/python3.10/site-packages/airflow/example_dags/example_branch_python_dop_operator_3.py
[2024-03-04T23:05:10.876+0530] {logging_mixin.py:188} INFO - [2024-03-04T23:05:10.876+0530] {dag.py:3036} INFO - Sync 1 DAGs
[2024-03-04T23:05:10.969+0530] {logging_mixin.py:188} INFO - [2024-03-04T23:05:10.969+0530] {dag.py:3823} INFO - Setting next_dagrun for example_branch_dop_operator_v3 to 2024-03-04 17:34:00+00:00, run_after=2024-03-04 17:35:00+00:00
[2024-03-04T23:05:11.036+0530] {processor.py:183} INFO - Processing /home/arun/.local/lib/python3.10/site-packages/airflow/example_dags/example_branch_python_dop_operator_3.py took 0.333 seconds
[2024-03-04T23:06:54.168+0530] {processor.py:161} INFO - Started process (PID=7004) to work on /home/arun/.local/lib/python3.10/site-packages/airflow/example_dags/example_branch_python_dop_operator_3.py
[2024-03-04T23:06:54.210+0530] {processor.py:830} INFO - Processing file /home/arun/.local/lib/python3.10/site-packages/airflow/example_dags/example_branch_python_dop_operator_3.py for tasks to queue
[2024-03-04T23:06:54.212+0530] {logging_mixin.py:188} INFO - [2024-03-04T23:06:54.211+0530] {dagbag.py:538} INFO - Filling up the DagBag from /home/arun/.local/lib/python3.10/site-packages/airflow/example_dags/example_branch_python_dop_operator_3.py
[2024-03-04T23:06:54.223+0530] {processor.py:840} INFO - DAG(s) 'example_branch_dop_operator_v3' retrieved from /home/arun/.local/lib/python3.10/site-packages/airflow/example_dags/example_branch_python_dop_operator_3.py
[2024-03-04T23:06:54.244+0530] {logging_mixin.py:188} INFO - [2024-03-04T23:06:54.243+0530] {dag.py:3036} INFO - Sync 1 DAGs
[2024-03-04T23:06:54.279+0530] {logging_mixin.py:188} INFO - [2024-03-04T23:06:54.279+0530] {dag.py:3823} INFO - Setting next_dagrun for example_branch_dop_operator_v3 to 2024-03-04 17:35:00+00:00, run_after=2024-03-04 17:36:00+00:00
[2024-03-04T23:06:54.323+0530] {processor.py:183} INFO - Processing /home/arun/.local/lib/python3.10/site-packages/airflow/example_dags/example_branch_python_dop_operator_3.py took 0.159 seconds
[2024-03-04T23:08:23.324+0530] {processor.py:161} INFO - Started process (PID=7204) to work on /home/arun/.local/lib/python3.10/site-packages/airflow/example_dags/example_branch_python_dop_operator_3.py
[2024-03-04T23:08:23.365+0530] {processor.py:830} INFO - Processing file /home/arun/.local/lib/python3.10/site-packages/airflow/example_dags/example_branch_python_dop_operator_3.py for tasks to queue
[2024-03-04T23:08:23.366+0530] {logging_mixin.py:188} INFO - [2024-03-04T23:08:23.366+0530] {dagbag.py:538} INFO - Filling up the DagBag from /home/arun/.local/lib/python3.10/site-packages/airflow/example_dags/example_branch_python_dop_operator_3.py
[2024-03-04T23:08:23.390+0530] {processor.py:840} INFO - DAG(s) 'example_branch_dop_operator_v3' retrieved from /home/arun/.local/lib/python3.10/site-packages/airflow/example_dags/example_branch_python_dop_operator_3.py
[2024-03-04T23:08:23.411+0530] {logging_mixin.py:188} INFO - [2024-03-04T23:08:23.411+0530] {dag.py:3036} INFO - Sync 1 DAGs
[2024-03-04T23:08:23.554+0530] {logging_mixin.py:188} INFO - [2024-03-04T23:08:23.553+0530] {dag.py:3823} INFO - Setting next_dagrun for example_branch_dop_operator_v3 to 2024-03-04 17:37:00+00:00, run_after=2024-03-04 17:38:00+00:00
[2024-03-04T23:08:23.581+0530] {processor.py:183} INFO - Processing /home/arun/.local/lib/python3.10/site-packages/airflow/example_dags/example_branch_python_dop_operator_3.py took 0.261 seconds
[2024-03-04T23:09:52.373+0530] {processor.py:161} INFO - Started process (PID=7382) to work on /home/arun/.local/lib/python3.10/site-packages/airflow/example_dags/example_branch_python_dop_operator_3.py
[2024-03-04T23:09:52.412+0530] {processor.py:830} INFO - Processing file /home/arun/.local/lib/python3.10/site-packages/airflow/example_dags/example_branch_python_dop_operator_3.py for tasks to queue
[2024-03-04T23:09:52.414+0530] {logging_mixin.py:188} INFO - [2024-03-04T23:09:52.413+0530] {dagbag.py:538} INFO - Filling up the DagBag from /home/arun/.local/lib/python3.10/site-packages/airflow/example_dags/example_branch_python_dop_operator_3.py
[2024-03-04T23:09:52.426+0530] {processor.py:840} INFO - DAG(s) 'example_branch_dop_operator_v3' retrieved from /home/arun/.local/lib/python3.10/site-packages/airflow/example_dags/example_branch_python_dop_operator_3.py
[2024-03-04T23:09:52.459+0530] {logging_mixin.py:188} INFO - [2024-03-04T23:09:52.459+0530] {dag.py:3036} INFO - Sync 1 DAGs
[2024-03-04T23:09:52.506+0530] {logging_mixin.py:188} INFO - [2024-03-04T23:09:52.506+0530] {dag.py:3823} INFO - Setting next_dagrun for example_branch_dop_operator_v3 to 2024-03-04 17:38:00+00:00, run_after=2024-03-04 17:39:00+00:00
[2024-03-04T23:09:52.551+0530] {processor.py:183} INFO - Processing /home/arun/.local/lib/python3.10/site-packages/airflow/example_dags/example_branch_python_dop_operator_3.py took 0.182 seconds
[2024-03-04T23:11:20.347+0530] {processor.py:161} INFO - Started process (PID=7545) to work on /home/arun/.local/lib/python3.10/site-packages/airflow/example_dags/example_branch_python_dop_operator_3.py
[2024-03-04T23:11:20.378+0530] {processor.py:830} INFO - Processing file /home/arun/.local/lib/python3.10/site-packages/airflow/example_dags/example_branch_python_dop_operator_3.py for tasks to queue
[2024-03-04T23:11:20.379+0530] {logging_mixin.py:188} INFO - [2024-03-04T23:11:20.379+0530] {dagbag.py:538} INFO - Filling up the DagBag from /home/arun/.local/lib/python3.10/site-packages/airflow/example_dags/example_branch_python_dop_operator_3.py
[2024-03-04T23:11:20.389+0530] {processor.py:840} INFO - DAG(s) 'example_branch_dop_operator_v3' retrieved from /home/arun/.local/lib/python3.10/site-packages/airflow/example_dags/example_branch_python_dop_operator_3.py
[2024-03-04T23:11:20.408+0530] {logging_mixin.py:188} INFO - [2024-03-04T23:11:20.408+0530] {dag.py:3036} INFO - Sync 1 DAGs
[2024-03-04T23:11:20.438+0530] {logging_mixin.py:188} INFO - [2024-03-04T23:11:20.437+0530] {dag.py:3823} INFO - Setting next_dagrun for example_branch_dop_operator_v3 to 2024-03-04 17:40:00+00:00, run_after=2024-03-04 17:41:00+00:00
[2024-03-04T23:11:20.484+0530] {processor.py:183} INFO - Processing /home/arun/.local/lib/python3.10/site-packages/airflow/example_dags/example_branch_python_dop_operator_3.py took 0.141 seconds
[2024-03-04T23:13:04.440+0530] {processor.py:161} INFO - Started process (PID=7787) to work on /home/arun/.local/lib/python3.10/site-packages/airflow/example_dags/example_branch_python_dop_operator_3.py
[2024-03-04T23:13:04.479+0530] {processor.py:830} INFO - Processing file /home/arun/.local/lib/python3.10/site-packages/airflow/example_dags/example_branch_python_dop_operator_3.py for tasks to queue
[2024-03-04T23:13:04.480+0530] {logging_mixin.py:188} INFO - [2024-03-04T23:13:04.480+0530] {dagbag.py:538} INFO - Filling up the DagBag from /home/arun/.local/lib/python3.10/site-packages/airflow/example_dags/example_branch_python_dop_operator_3.py
[2024-03-04T23:13:04.493+0530] {processor.py:840} INFO - DAG(s) 'example_branch_dop_operator_v3' retrieved from /home/arun/.local/lib/python3.10/site-packages/airflow/example_dags/example_branch_python_dop_operator_3.py
[2024-03-04T23:13:04.579+0530] {logging_mixin.py:188} INFO - [2024-03-04T23:13:04.579+0530] {dag.py:3036} INFO - Sync 1 DAGs
[2024-03-04T23:13:04.724+0530] {logging_mixin.py:188} INFO - [2024-03-04T23:13:04.724+0530] {dag.py:3823} INFO - Setting next_dagrun for example_branch_dop_operator_v3 to 2024-03-04 17:42:00+00:00, run_after=2024-03-04 17:43:00+00:00
[2024-03-04T23:13:04.831+0530] {processor.py:183} INFO - Processing /home/arun/.local/lib/python3.10/site-packages/airflow/example_dags/example_branch_python_dop_operator_3.py took 0.395 seconds
[2024-03-04T23:14:40.249+0530] {processor.py:161} INFO - Started process (PID=8010) to work on /home/arun/.local/lib/python3.10/site-packages/airflow/example_dags/example_branch_python_dop_operator_3.py
[2024-03-04T23:14:40.287+0530] {processor.py:830} INFO - Processing file /home/arun/.local/lib/python3.10/site-packages/airflow/example_dags/example_branch_python_dop_operator_3.py for tasks to queue
[2024-03-04T23:14:40.289+0530] {logging_mixin.py:188} INFO - [2024-03-04T23:14:40.288+0530] {dagbag.py:538} INFO - Filling up the DagBag from /home/arun/.local/lib/python3.10/site-packages/airflow/example_dags/example_branch_python_dop_operator_3.py
[2024-03-04T23:14:40.300+0530] {processor.py:840} INFO - DAG(s) 'example_branch_dop_operator_v3' retrieved from /home/arun/.local/lib/python3.10/site-packages/airflow/example_dags/example_branch_python_dop_operator_3.py
[2024-03-04T23:14:40.321+0530] {logging_mixin.py:188} INFO - [2024-03-04T23:14:40.321+0530] {dag.py:3036} INFO - Sync 1 DAGs
[2024-03-04T23:14:40.346+0530] {logging_mixin.py:188} INFO - [2024-03-04T23:14:40.346+0530] {dag.py:3823} INFO - Setting next_dagrun for example_branch_dop_operator_v3 to 2024-03-04 17:43:00+00:00, run_after=2024-03-04 17:44:00+00:00
[2024-03-04T23:14:40.376+0530] {processor.py:183} INFO - Processing /home/arun/.local/lib/python3.10/site-packages/airflow/example_dags/example_branch_python_dop_operator_3.py took 0.135 seconds
[2024-03-04T23:16:17.087+0530] {processor.py:161} INFO - Started process (PID=8216) to work on /home/arun/.local/lib/python3.10/site-packages/airflow/example_dags/example_branch_python_dop_operator_3.py
[2024-03-04T23:16:17.121+0530] {processor.py:830} INFO - Processing file /home/arun/.local/lib/python3.10/site-packages/airflow/example_dags/example_branch_python_dop_operator_3.py for tasks to queue
[2024-03-04T23:16:17.122+0530] {logging_mixin.py:188} INFO - [2024-03-04T23:16:17.121+0530] {dagbag.py:538} INFO - Filling up the DagBag from /home/arun/.local/lib/python3.10/site-packages/airflow/example_dags/example_branch_python_dop_operator_3.py
[2024-03-04T23:16:17.131+0530] {processor.py:840} INFO - DAG(s) 'example_branch_dop_operator_v3' retrieved from /home/arun/.local/lib/python3.10/site-packages/airflow/example_dags/example_branch_python_dop_operator_3.py
[2024-03-04T23:16:17.155+0530] {logging_mixin.py:188} INFO - [2024-03-04T23:16:17.154+0530] {dag.py:3036} INFO - Sync 1 DAGs
[2024-03-04T23:16:17.200+0530] {logging_mixin.py:188} INFO - [2024-03-04T23:16:17.199+0530] {dag.py:3823} INFO - Setting next_dagrun for example_branch_dop_operator_v3 to 2024-03-04 17:45:00+00:00, run_after=2024-03-04 17:46:00+00:00
[2024-03-04T23:16:17.237+0530] {processor.py:183} INFO - Processing /home/arun/.local/lib/python3.10/site-packages/airflow/example_dags/example_branch_python_dop_operator_3.py took 0.153 seconds
[2024-03-04T23:18:17.307+0530] {processor.py:161} INFO - Started process (PID=8450) to work on /home/arun/.local/lib/python3.10/site-packages/airflow/example_dags/example_branch_python_dop_operator_3.py
[2024-03-04T23:18:17.310+0530] {processor.py:830} INFO - Processing file /home/arun/.local/lib/python3.10/site-packages/airflow/example_dags/example_branch_python_dop_operator_3.py for tasks to queue
[2024-03-04T23:18:17.316+0530] {logging_mixin.py:188} INFO - [2024-03-04T23:18:17.311+0530] {dagbag.py:538} INFO - Filling up the DagBag from /home/arun/.local/lib/python3.10/site-packages/airflow/example_dags/example_branch_python_dop_operator_3.py
[2024-03-04T23:18:17.335+0530] {processor.py:840} INFO - DAG(s) 'example_branch_dop_operator_v3' retrieved from /home/arun/.local/lib/python3.10/site-packages/airflow/example_dags/example_branch_python_dop_operator_3.py
[2024-03-04T23:18:17.409+0530] {logging_mixin.py:188} INFO - [2024-03-04T23:18:17.408+0530] {dag.py:3036} INFO - Sync 1 DAGs
[2024-03-04T23:18:17.448+0530] {logging_mixin.py:188} INFO - [2024-03-04T23:18:17.448+0530] {dag.py:3823} INFO - Setting next_dagrun for example_branch_dop_operator_v3 to 2024-03-04 17:47:00+00:00, run_after=2024-03-04 17:48:00+00:00
[2024-03-04T23:18:17.561+0530] {processor.py:183} INFO - Processing /home/arun/.local/lib/python3.10/site-packages/airflow/example_dags/example_branch_python_dop_operator_3.py took 0.271 seconds
[2024-03-04T23:19:49.641+0530] {processor.py:161} INFO - Started process (PID=8646) to work on /home/arun/.local/lib/python3.10/site-packages/airflow/example_dags/example_branch_python_dop_operator_3.py
[2024-03-04T23:19:49.689+0530] {processor.py:830} INFO - Processing file /home/arun/.local/lib/python3.10/site-packages/airflow/example_dags/example_branch_python_dop_operator_3.py for tasks to queue
[2024-03-04T23:19:49.690+0530] {logging_mixin.py:188} INFO - [2024-03-04T23:19:49.690+0530] {dagbag.py:538} INFO - Filling up the DagBag from /home/arun/.local/lib/python3.10/site-packages/airflow/example_dags/example_branch_python_dop_operator_3.py
[2024-03-04T23:19:49.697+0530] {processor.py:840} INFO - DAG(s) 'example_branch_dop_operator_v3' retrieved from /home/arun/.local/lib/python3.10/site-packages/airflow/example_dags/example_branch_python_dop_operator_3.py
[2024-03-04T23:19:49.714+0530] {logging_mixin.py:188} INFO - [2024-03-04T23:19:49.714+0530] {dag.py:3036} INFO - Sync 1 DAGs
[2024-03-04T23:19:49.740+0530] {logging_mixin.py:188} INFO - [2024-03-04T23:19:49.740+0530] {dag.py:3823} INFO - Setting next_dagrun for example_branch_dop_operator_v3 to 2024-03-04 17:48:00+00:00, run_after=2024-03-04 17:49:00+00:00
[2024-03-04T23:19:49.778+0530] {processor.py:183} INFO - Processing /home/arun/.local/lib/python3.10/site-packages/airflow/example_dags/example_branch_python_dop_operator_3.py took 0.140 seconds
[2024-03-04T23:21:24.352+0530] {processor.py:161} INFO - Started process (PID=8823) to work on /home/arun/.local/lib/python3.10/site-packages/airflow/example_dags/example_branch_python_dop_operator_3.py
[2024-03-04T23:21:24.386+0530] {processor.py:830} INFO - Processing file /home/arun/.local/lib/python3.10/site-packages/airflow/example_dags/example_branch_python_dop_operator_3.py for tasks to queue
[2024-03-04T23:21:24.387+0530] {logging_mixin.py:188} INFO - [2024-03-04T23:21:24.387+0530] {dagbag.py:538} INFO - Filling up the DagBag from /home/arun/.local/lib/python3.10/site-packages/airflow/example_dags/example_branch_python_dop_operator_3.py
[2024-03-04T23:21:24.398+0530] {processor.py:840} INFO - DAG(s) 'example_branch_dop_operator_v3' retrieved from /home/arun/.local/lib/python3.10/site-packages/airflow/example_dags/example_branch_python_dop_operator_3.py
[2024-03-04T23:21:24.420+0530] {logging_mixin.py:188} INFO - [2024-03-04T23:21:24.419+0530] {dag.py:3036} INFO - Sync 1 DAGs
[2024-03-04T23:21:24.451+0530] {logging_mixin.py:188} INFO - [2024-03-04T23:21:24.451+0530] {dag.py:3823} INFO - Setting next_dagrun for example_branch_dop_operator_v3 to 2024-03-04 17:50:00+00:00, run_after=2024-03-04 17:51:00+00:00
[2024-03-04T23:21:24.493+0530] {processor.py:183} INFO - Processing /home/arun/.local/lib/python3.10/site-packages/airflow/example_dags/example_branch_python_dop_operator_3.py took 0.147 seconds
[2024-03-04T23:23:18.444+0530] {processor.py:161} INFO - Started process (PID=9167) to work on /home/arun/.local/lib/python3.10/site-packages/airflow/example_dags/example_branch_python_dop_operator_3.py
[2024-03-04T23:23:18.461+0530] {processor.py:830} INFO - Processing file /home/arun/.local/lib/python3.10/site-packages/airflow/example_dags/example_branch_python_dop_operator_3.py for tasks to queue
[2024-03-04T23:23:18.463+0530] {logging_mixin.py:188} INFO - [2024-03-04T23:23:18.462+0530] {dagbag.py:538} INFO - Filling up the DagBag from /home/arun/.local/lib/python3.10/site-packages/airflow/example_dags/example_branch_python_dop_operator_3.py
[2024-03-04T23:23:18.491+0530] {processor.py:840} INFO - DAG(s) 'example_branch_dop_operator_v3' retrieved from /home/arun/.local/lib/python3.10/site-packages/airflow/example_dags/example_branch_python_dop_operator_3.py
[2024-03-04T23:23:18.561+0530] {logging_mixin.py:188} INFO - [2024-03-04T23:23:18.560+0530] {dag.py:3036} INFO - Sync 1 DAGs
[2024-03-04T23:23:18.602+0530] {logging_mixin.py:188} INFO - [2024-03-04T23:23:18.602+0530] {dag.py:3823} INFO - Setting next_dagrun for example_branch_dop_operator_v3 to 2024-03-04 17:52:00+00:00, run_after=2024-03-04 17:53:00+00:00
[2024-03-04T23:23:18.643+0530] {processor.py:183} INFO - Processing /home/arun/.local/lib/python3.10/site-packages/airflow/example_dags/example_branch_python_dop_operator_3.py took 0.215 seconds
[2024-03-04T23:25:45.891+0530] {processor.py:161} INFO - Started process (PID=9625) to work on /home/arun/.local/lib/python3.10/site-packages/airflow/example_dags/example_branch_python_dop_operator_3.py
[2024-03-04T23:25:45.924+0530] {processor.py:830} INFO - Processing file /home/arun/.local/lib/python3.10/site-packages/airflow/example_dags/example_branch_python_dop_operator_3.py for tasks to queue
[2024-03-04T23:25:45.936+0530] {logging_mixin.py:188} INFO - [2024-03-04T23:25:45.936+0530] {dagbag.py:538} INFO - Filling up the DagBag from /home/arun/.local/lib/python3.10/site-packages/airflow/example_dags/example_branch_python_dop_operator_3.py
[2024-03-04T23:25:45.958+0530] {processor.py:840} INFO - DAG(s) 'example_branch_dop_operator_v3' retrieved from /home/arun/.local/lib/python3.10/site-packages/airflow/example_dags/example_branch_python_dop_operator_3.py
[2024-03-04T23:25:46.042+0530] {logging_mixin.py:188} INFO - [2024-03-04T23:25:46.042+0530] {dag.py:3036} INFO - Sync 1 DAGs
[2024-03-04T23:25:46.125+0530] {logging_mixin.py:188} INFO - [2024-03-04T23:25:46.125+0530] {dag.py:3823} INFO - Setting next_dagrun for example_branch_dop_operator_v3 to 2024-03-04 17:54:00+00:00, run_after=2024-03-04 17:55:00+00:00
[2024-03-04T23:25:46.376+0530] {processor.py:183} INFO - Processing /home/arun/.local/lib/python3.10/site-packages/airflow/example_dags/example_branch_python_dop_operator_3.py took 0.509 seconds
[2024-03-04T23:27:58.986+0530] {processor.py:161} INFO - Started process (PID=10305) to work on /home/arun/.local/lib/python3.10/site-packages/airflow/example_dags/example_branch_python_dop_operator_3.py
[2024-03-04T23:27:59.059+0530] {processor.py:830} INFO - Processing file /home/arun/.local/lib/python3.10/site-packages/airflow/example_dags/example_branch_python_dop_operator_3.py for tasks to queue
[2024-03-04T23:27:59.063+0530] {logging_mixin.py:188} INFO - [2024-03-04T23:27:59.060+0530] {dagbag.py:538} INFO - Filling up the DagBag from /home/arun/.local/lib/python3.10/site-packages/airflow/example_dags/example_branch_python_dop_operator_3.py
[2024-03-04T23:27:59.077+0530] {processor.py:840} INFO - DAG(s) 'example_branch_dop_operator_v3' retrieved from /home/arun/.local/lib/python3.10/site-packages/airflow/example_dags/example_branch_python_dop_operator_3.py
[2024-03-04T23:27:59.105+0530] {logging_mixin.py:188} INFO - [2024-03-04T23:27:59.105+0530] {dag.py:3036} INFO - Sync 1 DAGs
[2024-03-04T23:27:59.157+0530] {logging_mixin.py:188} INFO - [2024-03-04T23:27:59.154+0530] {dag.py:3823} INFO - Setting next_dagrun for example_branch_dop_operator_v3 to 2024-03-04 17:56:00+00:00, run_after=2024-03-04 17:57:00+00:00
[2024-03-04T23:27:59.214+0530] {processor.py:183} INFO - Processing /home/arun/.local/lib/python3.10/site-packages/airflow/example_dags/example_branch_python_dop_operator_3.py took 0.257 seconds
[2024-03-04T23:29:30.059+0530] {processor.py:161} INFO - Started process (PID=10476) to work on /home/arun/.local/lib/python3.10/site-packages/airflow/example_dags/example_branch_python_dop_operator_3.py
[2024-03-04T23:29:30.097+0530] {processor.py:830} INFO - Processing file /home/arun/.local/lib/python3.10/site-packages/airflow/example_dags/example_branch_python_dop_operator_3.py for tasks to queue
[2024-03-04T23:29:30.098+0530] {logging_mixin.py:188} INFO - [2024-03-04T23:29:30.097+0530] {dagbag.py:538} INFO - Filling up the DagBag from /home/arun/.local/lib/python3.10/site-packages/airflow/example_dags/example_branch_python_dop_operator_3.py
[2024-03-04T23:29:30.106+0530] {processor.py:840} INFO - DAG(s) 'example_branch_dop_operator_v3' retrieved from /home/arun/.local/lib/python3.10/site-packages/airflow/example_dags/example_branch_python_dop_operator_3.py
[2024-03-04T23:29:30.123+0530] {logging_mixin.py:188} INFO - [2024-03-04T23:29:30.123+0530] {dag.py:3036} INFO - Sync 1 DAGs
[2024-03-04T23:29:30.148+0530] {logging_mixin.py:188} INFO - [2024-03-04T23:29:30.147+0530] {dag.py:3823} INFO - Setting next_dagrun for example_branch_dop_operator_v3 to 2024-03-04 17:58:00+00:00, run_after=2024-03-04 17:59:00+00:00
[2024-03-04T23:29:30.181+0530] {processor.py:183} INFO - Processing /home/arun/.local/lib/python3.10/site-packages/airflow/example_dags/example_branch_python_dop_operator_3.py took 0.126 seconds
[2024-03-04T23:31:28.034+0530] {processor.py:161} INFO - Started process (PID=10794) to work on /home/arun/.local/lib/python3.10/site-packages/airflow/example_dags/example_branch_python_dop_operator_3.py
[2024-03-04T23:31:28.058+0530] {processor.py:830} INFO - Processing file /home/arun/.local/lib/python3.10/site-packages/airflow/example_dags/example_branch_python_dop_operator_3.py for tasks to queue
[2024-03-04T23:31:28.059+0530] {logging_mixin.py:188} INFO - [2024-03-04T23:31:28.059+0530] {dagbag.py:538} INFO - Filling up the DagBag from /home/arun/.local/lib/python3.10/site-packages/airflow/example_dags/example_branch_python_dop_operator_3.py
[2024-03-04T23:31:28.071+0530] {processor.py:840} INFO - DAG(s) 'example_branch_dop_operator_v3' retrieved from /home/arun/.local/lib/python3.10/site-packages/airflow/example_dags/example_branch_python_dop_operator_3.py
[2024-03-04T23:31:28.095+0530] {logging_mixin.py:188} INFO - [2024-03-04T23:31:28.094+0530] {dag.py:3036} INFO - Sync 1 DAGs
[2024-03-04T23:31:28.127+0530] {logging_mixin.py:188} INFO - [2024-03-04T23:31:28.126+0530] {dag.py:3823} INFO - Setting next_dagrun for example_branch_dop_operator_v3 to 2024-03-04 18:00:00+00:00, run_after=2024-03-04 18:01:00+00:00
[2024-03-04T23:31:28.168+0530] {processor.py:183} INFO - Processing /home/arun/.local/lib/python3.10/site-packages/airflow/example_dags/example_branch_python_dop_operator_3.py took 0.138 seconds
[2024-03-04T23:33:16.062+0530] {processor.py:161} INFO - Started process (PID=11008) to work on /home/arun/.local/lib/python3.10/site-packages/airflow/example_dags/example_branch_python_dop_operator_3.py
[2024-03-04T23:33:16.105+0530] {processor.py:830} INFO - Processing file /home/arun/.local/lib/python3.10/site-packages/airflow/example_dags/example_branch_python_dop_operator_3.py for tasks to queue
[2024-03-04T23:33:16.107+0530] {logging_mixin.py:188} INFO - [2024-03-04T23:33:16.106+0530] {dagbag.py:538} INFO - Filling up the DagBag from /home/arun/.local/lib/python3.10/site-packages/airflow/example_dags/example_branch_python_dop_operator_3.py
[2024-03-04T23:33:16.122+0530] {processor.py:840} INFO - DAG(s) 'example_branch_dop_operator_v3' retrieved from /home/arun/.local/lib/python3.10/site-packages/airflow/example_dags/example_branch_python_dop_operator_3.py
[2024-03-04T23:33:16.148+0530] {logging_mixin.py:188} INFO - [2024-03-04T23:33:16.148+0530] {dag.py:3036} INFO - Sync 1 DAGs
[2024-03-04T23:33:16.179+0530] {logging_mixin.py:188} INFO - [2024-03-04T23:33:16.179+0530] {dag.py:3823} INFO - Setting next_dagrun for example_branch_dop_operator_v3 to 2024-03-04 18:02:00+00:00, run_after=2024-03-04 18:03:00+00:00
[2024-03-04T23:33:16.225+0530] {processor.py:183} INFO - Processing /home/arun/.local/lib/python3.10/site-packages/airflow/example_dags/example_branch_python_dop_operator_3.py took 0.171 seconds
[2024-03-04T23:34:53.197+0530] {processor.py:161} INFO - Started process (PID=11188) to work on /home/arun/.local/lib/python3.10/site-packages/airflow/example_dags/example_branch_python_dop_operator_3.py
[2024-03-04T23:34:53.235+0530] {processor.py:830} INFO - Processing file /home/arun/.local/lib/python3.10/site-packages/airflow/example_dags/example_branch_python_dop_operator_3.py for tasks to queue
[2024-03-04T23:34:53.237+0530] {logging_mixin.py:188} INFO - [2024-03-04T23:34:53.236+0530] {dagbag.py:538} INFO - Filling up the DagBag from /home/arun/.local/lib/python3.10/site-packages/airflow/example_dags/example_branch_python_dop_operator_3.py
[2024-03-04T23:34:53.248+0530] {processor.py:840} INFO - DAG(s) 'example_branch_dop_operator_v3' retrieved from /home/arun/.local/lib/python3.10/site-packages/airflow/example_dags/example_branch_python_dop_operator_3.py
[2024-03-04T23:34:53.270+0530] {logging_mixin.py:188} INFO - [2024-03-04T23:34:53.270+0530] {dag.py:3036} INFO - Sync 1 DAGs
[2024-03-04T23:34:53.296+0530] {logging_mixin.py:188} INFO - [2024-03-04T23:34:53.296+0530] {dag.py:3823} INFO - Setting next_dagrun for example_branch_dop_operator_v3 to 2024-03-04 18:03:00+00:00, run_after=2024-03-04 18:04:00+00:00
[2024-03-04T23:34:53.324+0530] {processor.py:183} INFO - Processing /home/arun/.local/lib/python3.10/site-packages/airflow/example_dags/example_branch_python_dop_operator_3.py took 0.130 seconds
