[2024-03-04T18:29:01.331+0530] {processor.py:161} INFO - Started process (PID=11907) to work on /home/arun/.local/lib/python3.10/site-packages/airflow/example_dags/example_short_circuit_decorator.py
[2024-03-04T18:29:01.335+0530] {processor.py:830} INFO - Processing file /home/arun/.local/lib/python3.10/site-packages/airflow/example_dags/example_short_circuit_decorator.py for tasks to queue
[2024-03-04T18:29:01.336+0530] {logging_mixin.py:188} INFO - [2024-03-04T18:29:01.336+0530] {dagbag.py:538} INFO - Filling up the DagBag from /home/arun/.local/lib/python3.10/site-packages/airflow/example_dags/example_short_circuit_decorator.py
[2024-03-04T18:29:01.384+0530] {processor.py:840} INFO - DAG(s) 'example_short_circuit_decorator' retrieved from /home/arun/.local/lib/python3.10/site-packages/airflow/example_dags/example_short_circuit_decorator.py
[2024-03-04T18:29:01.755+0530] {logging_mixin.py:188} INFO - [2024-03-04T18:29:01.755+0530] {dag.py:3036} INFO - Sync 1 DAGs
[2024-03-04T18:29:01.777+0530] {logging_mixin.py:188} INFO - [2024-03-04T18:29:01.777+0530] {dag.py:3823} INFO - Setting next_dagrun for example_short_circuit_decorator to 2024-03-03 00:00:00+00:00, run_after=2024-03-04 00:00:00+00:00
[2024-03-04T18:29:01.884+0530] {processor.py:183} INFO - Processing /home/arun/.local/lib/python3.10/site-packages/airflow/example_dags/example_short_circuit_decorator.py took 0.570 seconds
[2024-03-04T18:31:12.711+0530] {processor.py:161} INFO - Started process (PID=12055) to work on /home/arun/.local/lib/python3.10/site-packages/airflow/example_dags/example_short_circuit_decorator.py
[2024-03-04T18:31:12.713+0530] {processor.py:830} INFO - Processing file /home/arun/.local/lib/python3.10/site-packages/airflow/example_dags/example_short_circuit_decorator.py for tasks to queue
[2024-03-04T18:31:12.714+0530] {logging_mixin.py:188} INFO - [2024-03-04T18:31:12.713+0530] {dagbag.py:538} INFO - Filling up the DagBag from /home/arun/.local/lib/python3.10/site-packages/airflow/example_dags/example_short_circuit_decorator.py
[2024-03-04T18:31:12.724+0530] {processor.py:840} INFO - DAG(s) 'example_short_circuit_decorator' retrieved from /home/arun/.local/lib/python3.10/site-packages/airflow/example_dags/example_short_circuit_decorator.py
[2024-03-04T18:31:12.750+0530] {logging_mixin.py:188} INFO - [2024-03-04T18:31:12.750+0530] {dag.py:3036} INFO - Sync 1 DAGs
[2024-03-04T18:31:12.787+0530] {logging_mixin.py:188} INFO - [2024-03-04T18:31:12.786+0530] {dag.py:3823} INFO - Setting next_dagrun for example_short_circuit_decorator to 2024-03-03 00:00:00+00:00, run_after=2024-03-04 00:00:00+00:00
[2024-03-04T18:31:12.854+0530] {processor.py:183} INFO - Processing /home/arun/.local/lib/python3.10/site-packages/airflow/example_dags/example_short_circuit_decorator.py took 0.147 seconds
[2024-03-04T18:32:50.025+0530] {processor.py:161} INFO - Started process (PID=12168) to work on /home/arun/.local/lib/python3.10/site-packages/airflow/example_dags/example_short_circuit_decorator.py
[2024-03-04T18:32:50.054+0530] {processor.py:830} INFO - Processing file /home/arun/.local/lib/python3.10/site-packages/airflow/example_dags/example_short_circuit_decorator.py for tasks to queue
[2024-03-04T18:32:50.076+0530] {logging_mixin.py:188} INFO - [2024-03-04T18:32:50.075+0530] {dagbag.py:538} INFO - Filling up the DagBag from /home/arun/.local/lib/python3.10/site-packages/airflow/example_dags/example_short_circuit_decorator.py
[2024-03-04T18:32:50.163+0530] {processor.py:840} INFO - DAG(s) 'example_short_circuit_decorator' retrieved from /home/arun/.local/lib/python3.10/site-packages/airflow/example_dags/example_short_circuit_decorator.py
[2024-03-04T18:32:50.201+0530] {logging_mixin.py:188} INFO - [2024-03-04T18:32:50.200+0530] {dag.py:3036} INFO - Sync 1 DAGs
[2024-03-04T18:32:50.263+0530] {logging_mixin.py:188} INFO - [2024-03-04T18:32:50.263+0530] {dag.py:3823} INFO - Setting next_dagrun for example_short_circuit_decorator to 2024-03-03 00:00:00+00:00, run_after=2024-03-04 00:00:00+00:00
[2024-03-04T18:32:50.403+0530] {processor.py:183} INFO - Processing /home/arun/.local/lib/python3.10/site-packages/airflow/example_dags/example_short_circuit_decorator.py took 0.391 seconds
[2024-03-04T18:34:15.467+0530] {processor.py:161} INFO - Started process (PID=12258) to work on /home/arun/.local/lib/python3.10/site-packages/airflow/example_dags/example_short_circuit_decorator.py
[2024-03-04T18:34:15.581+0530] {processor.py:830} INFO - Processing file /home/arun/.local/lib/python3.10/site-packages/airflow/example_dags/example_short_circuit_decorator.py for tasks to queue
[2024-03-04T18:34:15.583+0530] {logging_mixin.py:188} INFO - [2024-03-04T18:34:15.582+0530] {dagbag.py:538} INFO - Filling up the DagBag from /home/arun/.local/lib/python3.10/site-packages/airflow/example_dags/example_short_circuit_decorator.py
[2024-03-04T18:34:15.599+0530] {processor.py:840} INFO - DAG(s) 'example_short_circuit_decorator' retrieved from /home/arun/.local/lib/python3.10/site-packages/airflow/example_dags/example_short_circuit_decorator.py
[2024-03-04T18:34:15.629+0530] {logging_mixin.py:188} INFO - [2024-03-04T18:34:15.629+0530] {dag.py:3036} INFO - Sync 1 DAGs
[2024-03-04T18:34:15.660+0530] {logging_mixin.py:188} INFO - [2024-03-04T18:34:15.659+0530] {dag.py:3823} INFO - Setting next_dagrun for example_short_circuit_decorator to 2024-03-03 00:00:00+00:00, run_after=2024-03-04 00:00:00+00:00
[2024-03-04T18:34:15.693+0530] {processor.py:183} INFO - Processing /home/arun/.local/lib/python3.10/site-packages/airflow/example_dags/example_short_circuit_decorator.py took 0.233 seconds
[2024-03-04T18:36:37.740+0530] {processor.py:161} INFO - Started process (PID=12434) to work on /home/arun/.local/lib/python3.10/site-packages/airflow/example_dags/example_short_circuit_decorator.py
[2024-03-04T18:36:37.775+0530] {processor.py:830} INFO - Processing file /home/arun/.local/lib/python3.10/site-packages/airflow/example_dags/example_short_circuit_decorator.py for tasks to queue
[2024-03-04T18:36:37.777+0530] {logging_mixin.py:188} INFO - [2024-03-04T18:36:37.776+0530] {dagbag.py:538} INFO - Filling up the DagBag from /home/arun/.local/lib/python3.10/site-packages/airflow/example_dags/example_short_circuit_decorator.py
[2024-03-04T18:36:37.805+0530] {processor.py:840} INFO - DAG(s) 'example_short_circuit_decorator' retrieved from /home/arun/.local/lib/python3.10/site-packages/airflow/example_dags/example_short_circuit_decorator.py
[2024-03-04T18:36:37.846+0530] {logging_mixin.py:188} INFO - [2024-03-04T18:36:37.846+0530] {dag.py:3036} INFO - Sync 1 DAGs
[2024-03-04T18:36:37.919+0530] {logging_mixin.py:188} INFO - [2024-03-04T18:36:37.919+0530] {dag.py:3823} INFO - Setting next_dagrun for example_short_circuit_decorator to 2024-03-03 00:00:00+00:00, run_after=2024-03-04 00:00:00+00:00
[2024-03-04T18:36:38.023+0530] {processor.py:183} INFO - Processing /home/arun/.local/lib/python3.10/site-packages/airflow/example_dags/example_short_circuit_decorator.py took 0.299 seconds
[2024-03-04T18:38:49.267+0530] {processor.py:161} INFO - Started process (PID=12578) to work on /home/arun/.local/lib/python3.10/site-packages/airflow/example_dags/example_short_circuit_decorator.py
[2024-03-04T18:38:49.313+0530] {processor.py:830} INFO - Processing file /home/arun/.local/lib/python3.10/site-packages/airflow/example_dags/example_short_circuit_decorator.py for tasks to queue
[2024-03-04T18:38:49.315+0530] {logging_mixin.py:188} INFO - [2024-03-04T18:38:49.314+0530] {dagbag.py:538} INFO - Filling up the DagBag from /home/arun/.local/lib/python3.10/site-packages/airflow/example_dags/example_short_circuit_decorator.py
[2024-03-04T18:38:49.330+0530] {processor.py:840} INFO - DAG(s) 'example_short_circuit_decorator' retrieved from /home/arun/.local/lib/python3.10/site-packages/airflow/example_dags/example_short_circuit_decorator.py
[2024-03-04T18:38:49.383+0530] {logging_mixin.py:188} INFO - [2024-03-04T18:38:49.383+0530] {dag.py:3036} INFO - Sync 1 DAGs
[2024-03-04T18:38:49.423+0530] {logging_mixin.py:188} INFO - [2024-03-04T18:38:49.423+0530] {dag.py:3823} INFO - Setting next_dagrun for example_short_circuit_decorator to 2024-03-03 00:00:00+00:00, run_after=2024-03-04 00:00:00+00:00
[2024-03-04T18:38:49.647+0530] {processor.py:183} INFO - Processing /home/arun/.local/lib/python3.10/site-packages/airflow/example_dags/example_short_circuit_decorator.py took 0.386 seconds
[2024-03-04T18:40:41.442+0530] {processor.py:161} INFO - Started process (PID=12709) to work on /home/arun/.local/lib/python3.10/site-packages/airflow/example_dags/example_short_circuit_decorator.py
[2024-03-04T18:40:41.480+0530] {processor.py:830} INFO - Processing file /home/arun/.local/lib/python3.10/site-packages/airflow/example_dags/example_short_circuit_decorator.py for tasks to queue
[2024-03-04T18:40:41.486+0530] {logging_mixin.py:188} INFO - [2024-03-04T18:40:41.486+0530] {dagbag.py:538} INFO - Filling up the DagBag from /home/arun/.local/lib/python3.10/site-packages/airflow/example_dags/example_short_circuit_decorator.py
[2024-03-04T18:40:41.525+0530] {processor.py:840} INFO - DAG(s) 'example_short_circuit_decorator' retrieved from /home/arun/.local/lib/python3.10/site-packages/airflow/example_dags/example_short_circuit_decorator.py
[2024-03-04T18:40:41.669+0530] {logging_mixin.py:188} INFO - [2024-03-04T18:40:41.669+0530] {dag.py:3036} INFO - Sync 1 DAGs
[2024-03-04T18:40:41.754+0530] {logging_mixin.py:188} INFO - [2024-03-04T18:40:41.753+0530] {dag.py:3823} INFO - Setting next_dagrun for example_short_circuit_decorator to 2024-03-03 00:00:00+00:00, run_after=2024-03-04 00:00:00+00:00
[2024-03-04T18:40:41.876+0530] {processor.py:183} INFO - Processing /home/arun/.local/lib/python3.10/site-packages/airflow/example_dags/example_short_circuit_decorator.py took 0.443 seconds
[2024-03-04T18:43:16.696+0530] {processor.py:161} INFO - Started process (PID=13455) to work on /home/arun/.local/lib/python3.10/site-packages/airflow/example_dags/example_short_circuit_decorator.py
[2024-03-04T18:43:16.723+0530] {processor.py:830} INFO - Processing file /home/arun/.local/lib/python3.10/site-packages/airflow/example_dags/example_short_circuit_decorator.py for tasks to queue
[2024-03-04T18:43:16.726+0530] {logging_mixin.py:188} INFO - [2024-03-04T18:43:16.724+0530] {dagbag.py:538} INFO - Filling up the DagBag from /home/arun/.local/lib/python3.10/site-packages/airflow/example_dags/example_short_circuit_decorator.py
[2024-03-04T18:43:16.747+0530] {processor.py:840} INFO - DAG(s) 'example_short_circuit_decorator' retrieved from /home/arun/.local/lib/python3.10/site-packages/airflow/example_dags/example_short_circuit_decorator.py
[2024-03-04T18:43:16.834+0530] {logging_mixin.py:188} INFO - [2024-03-04T18:43:16.833+0530] {dag.py:3036} INFO - Sync 1 DAGs
[2024-03-04T18:43:16.895+0530] {logging_mixin.py:188} INFO - [2024-03-04T18:43:16.895+0530] {dag.py:3823} INFO - Setting next_dagrun for example_short_circuit_decorator to 2024-03-03 00:00:00+00:00, run_after=2024-03-04 00:00:00+00:00
[2024-03-04T18:43:16.978+0530] {processor.py:183} INFO - Processing /home/arun/.local/lib/python3.10/site-packages/airflow/example_dags/example_short_circuit_decorator.py took 0.303 seconds
[2024-03-04T18:45:57.448+0530] {processor.py:161} INFO - Started process (PID=13927) to work on /home/arun/.local/lib/python3.10/site-packages/airflow/example_dags/example_short_circuit_decorator.py
[2024-03-04T18:45:57.508+0530] {processor.py:830} INFO - Processing file /home/arun/.local/lib/python3.10/site-packages/airflow/example_dags/example_short_circuit_decorator.py for tasks to queue
[2024-03-04T18:45:57.514+0530] {logging_mixin.py:188} INFO - [2024-03-04T18:45:57.514+0530] {dagbag.py:538} INFO - Filling up the DagBag from /home/arun/.local/lib/python3.10/site-packages/airflow/example_dags/example_short_circuit_decorator.py
[2024-03-04T18:45:57.560+0530] {processor.py:840} INFO - DAG(s) 'example_short_circuit_decorator' retrieved from /home/arun/.local/lib/python3.10/site-packages/airflow/example_dags/example_short_circuit_decorator.py
[2024-03-04T18:45:57.637+0530] {logging_mixin.py:188} INFO - [2024-03-04T18:45:57.634+0530] {dag.py:3036} INFO - Sync 1 DAGs
[2024-03-04T18:45:57.705+0530] {logging_mixin.py:188} INFO - [2024-03-04T18:45:57.705+0530] {dag.py:3823} INFO - Setting next_dagrun for example_short_circuit_decorator to 2024-03-03 00:00:00+00:00, run_after=2024-03-04 00:00:00+00:00
[2024-03-04T18:45:57.782+0530] {processor.py:183} INFO - Processing /home/arun/.local/lib/python3.10/site-packages/airflow/example_dags/example_short_circuit_decorator.py took 0.350 seconds
[2024-03-04T18:55:06.286+0530] {processor.py:161} INFO - Started process (PID=5784) to work on /home/arun/.local/lib/python3.10/site-packages/airflow/example_dags/example_short_circuit_decorator.py
[2024-03-04T18:55:06.298+0530] {processor.py:830} INFO - Processing file /home/arun/.local/lib/python3.10/site-packages/airflow/example_dags/example_short_circuit_decorator.py for tasks to queue
[2024-03-04T18:55:06.307+0530] {logging_mixin.py:188} INFO - [2024-03-04T18:55:06.302+0530] {dagbag.py:538} INFO - Filling up the DagBag from /home/arun/.local/lib/python3.10/site-packages/airflow/example_dags/example_short_circuit_decorator.py
[2024-03-04T18:55:06.348+0530] {processor.py:840} INFO - DAG(s) 'example_short_circuit_decorator' retrieved from /home/arun/.local/lib/python3.10/site-packages/airflow/example_dags/example_short_circuit_decorator.py
[2024-03-04T18:55:06.926+0530] {logging_mixin.py:188} INFO - [2024-03-04T18:55:06.926+0530] {dag.py:3036} INFO - Sync 1 DAGs
[2024-03-04T18:55:06.973+0530] {logging_mixin.py:188} INFO - [2024-03-04T18:55:06.972+0530] {dag.py:3823} INFO - Setting next_dagrun for example_short_circuit_decorator to 2024-03-03 00:00:00+00:00, run_after=2024-03-04 00:00:00+00:00
[2024-03-04T18:55:07.146+0530] {processor.py:183} INFO - Processing /home/arun/.local/lib/python3.10/site-packages/airflow/example_dags/example_short_circuit_decorator.py took 0.865 seconds
[2024-03-04T18:56:55.579+0530] {processor.py:161} INFO - Started process (PID=5961) to work on /home/arun/.local/lib/python3.10/site-packages/airflow/example_dags/example_short_circuit_decorator.py
[2024-03-04T18:56:55.630+0530] {processor.py:830} INFO - Processing file /home/arun/.local/lib/python3.10/site-packages/airflow/example_dags/example_short_circuit_decorator.py for tasks to queue
[2024-03-04T18:56:55.631+0530] {logging_mixin.py:188} INFO - [2024-03-04T18:56:55.631+0530] {dagbag.py:538} INFO - Filling up the DagBag from /home/arun/.local/lib/python3.10/site-packages/airflow/example_dags/example_short_circuit_decorator.py
[2024-03-04T18:56:55.655+0530] {processor.py:840} INFO - DAG(s) 'example_short_circuit_decorator' retrieved from /home/arun/.local/lib/python3.10/site-packages/airflow/example_dags/example_short_circuit_decorator.py
[2024-03-04T18:56:55.693+0530] {logging_mixin.py:188} INFO - [2024-03-04T18:56:55.693+0530] {dag.py:3036} INFO - Sync 1 DAGs
[2024-03-04T18:56:55.767+0530] {logging_mixin.py:188} INFO - [2024-03-04T18:56:55.766+0530] {dag.py:3823} INFO - Setting next_dagrun for example_short_circuit_decorator to 2024-03-03 00:00:00+00:00, run_after=2024-03-04 00:00:00+00:00
[2024-03-04T18:56:55.867+0530] {processor.py:183} INFO - Processing /home/arun/.local/lib/python3.10/site-packages/airflow/example_dags/example_short_circuit_decorator.py took 0.293 seconds
[2024-03-04T18:59:05.278+0530] {processor.py:161} INFO - Started process (PID=6338) to work on /home/arun/.local/lib/python3.10/site-packages/airflow/example_dags/example_short_circuit_decorator.py
[2024-03-04T18:59:05.295+0530] {processor.py:830} INFO - Processing file /home/arun/.local/lib/python3.10/site-packages/airflow/example_dags/example_short_circuit_decorator.py for tasks to queue
[2024-03-04T18:59:05.301+0530] {logging_mixin.py:188} INFO - [2024-03-04T18:59:05.300+0530] {dagbag.py:538} INFO - Filling up the DagBag from /home/arun/.local/lib/python3.10/site-packages/airflow/example_dags/example_short_circuit_decorator.py
[2024-03-04T18:59:05.369+0530] {processor.py:840} INFO - DAG(s) 'example_short_circuit_decorator' retrieved from /home/arun/.local/lib/python3.10/site-packages/airflow/example_dags/example_short_circuit_decorator.py
[2024-03-04T18:59:05.409+0530] {logging_mixin.py:188} INFO - [2024-03-04T18:59:05.408+0530] {dag.py:3036} INFO - Sync 1 DAGs
[2024-03-04T18:59:05.442+0530] {logging_mixin.py:188} INFO - [2024-03-04T18:59:05.442+0530] {dag.py:3823} INFO - Setting next_dagrun for example_short_circuit_decorator to 2024-03-03 00:00:00+00:00, run_after=2024-03-04 00:00:00+00:00
[2024-03-04T18:59:05.588+0530] {processor.py:183} INFO - Processing /home/arun/.local/lib/python3.10/site-packages/airflow/example_dags/example_short_circuit_decorator.py took 0.339 seconds
[2024-03-04T19:01:01.708+0530] {processor.py:161} INFO - Started process (PID=6534) to work on /home/arun/.local/lib/python3.10/site-packages/airflow/example_dags/example_short_circuit_decorator.py
[2024-03-04T19:01:01.750+0530] {processor.py:830} INFO - Processing file /home/arun/.local/lib/python3.10/site-packages/airflow/example_dags/example_short_circuit_decorator.py for tasks to queue
[2024-03-04T19:01:01.751+0530] {logging_mixin.py:188} INFO - [2024-03-04T19:01:01.750+0530] {dagbag.py:538} INFO - Filling up the DagBag from /home/arun/.local/lib/python3.10/site-packages/airflow/example_dags/example_short_circuit_decorator.py
[2024-03-04T19:01:01.765+0530] {processor.py:840} INFO - DAG(s) 'example_short_circuit_decorator' retrieved from /home/arun/.local/lib/python3.10/site-packages/airflow/example_dags/example_short_circuit_decorator.py
[2024-03-04T19:01:01.789+0530] {logging_mixin.py:188} INFO - [2024-03-04T19:01:01.789+0530] {dag.py:3036} INFO - Sync 1 DAGs
[2024-03-04T19:01:01.812+0530] {logging_mixin.py:188} INFO - [2024-03-04T19:01:01.812+0530] {dag.py:3823} INFO - Setting next_dagrun for example_short_circuit_decorator to 2024-03-03 00:00:00+00:00, run_after=2024-03-04 00:00:00+00:00
[2024-03-04T19:01:01.866+0530] {processor.py:183} INFO - Processing /home/arun/.local/lib/python3.10/site-packages/airflow/example_dags/example_short_circuit_decorator.py took 0.165 seconds
[2024-03-04T19:04:55.914+0530] {processor.py:161} INFO - Started process (PID=6856) to work on /home/arun/.local/lib/python3.10/site-packages/airflow/example_dags/example_short_circuit_decorator.py
[2024-03-04T19:04:55.962+0530] {processor.py:830} INFO - Processing file /home/arun/.local/lib/python3.10/site-packages/airflow/example_dags/example_short_circuit_decorator.py for tasks to queue
[2024-03-04T19:04:55.967+0530] {logging_mixin.py:188} INFO - [2024-03-04T19:04:55.966+0530] {dagbag.py:538} INFO - Filling up the DagBag from /home/arun/.local/lib/python3.10/site-packages/airflow/example_dags/example_short_circuit_decorator.py
[2024-03-04T19:04:56.002+0530] {processor.py:840} INFO - DAG(s) 'example_short_circuit_decorator' retrieved from /home/arun/.local/lib/python3.10/site-packages/airflow/example_dags/example_short_circuit_decorator.py
[2024-03-04T19:04:56.078+0530] {logging_mixin.py:188} INFO - [2024-03-04T19:04:56.074+0530] {dag.py:3036} INFO - Sync 1 DAGs
[2024-03-04T19:04:56.163+0530] {logging_mixin.py:188} INFO - [2024-03-04T19:04:56.162+0530] {dag.py:3823} INFO - Setting next_dagrun for example_short_circuit_decorator to 2024-03-03 00:00:00+00:00, run_after=2024-03-04 00:00:00+00:00
[2024-03-04T19:04:56.282+0530] {processor.py:183} INFO - Processing /home/arun/.local/lib/python3.10/site-packages/airflow/example_dags/example_short_circuit_decorator.py took 0.377 seconds
[2024-03-04T19:06:50.779+0530] {processor.py:161} INFO - Started process (PID=7099) to work on /home/arun/.local/lib/python3.10/site-packages/airflow/example_dags/example_short_circuit_decorator.py
[2024-03-04T19:06:50.817+0530] {processor.py:830} INFO - Processing file /home/arun/.local/lib/python3.10/site-packages/airflow/example_dags/example_short_circuit_decorator.py for tasks to queue
[2024-03-04T19:06:50.821+0530] {logging_mixin.py:188} INFO - [2024-03-04T19:06:50.818+0530] {dagbag.py:538} INFO - Filling up the DagBag from /home/arun/.local/lib/python3.10/site-packages/airflow/example_dags/example_short_circuit_decorator.py
[2024-03-04T19:06:50.847+0530] {processor.py:840} INFO - DAG(s) 'example_short_circuit_decorator' retrieved from /home/arun/.local/lib/python3.10/site-packages/airflow/example_dags/example_short_circuit_decorator.py
[2024-03-04T19:06:50.877+0530] {logging_mixin.py:188} INFO - [2024-03-04T19:06:50.877+0530] {dag.py:3036} INFO - Sync 1 DAGs
[2024-03-04T19:06:50.924+0530] {logging_mixin.py:188} INFO - [2024-03-04T19:06:50.924+0530] {dag.py:3823} INFO - Setting next_dagrun for example_short_circuit_decorator to 2024-03-03 00:00:00+00:00, run_after=2024-03-04 00:00:00+00:00
[2024-03-04T19:06:50.992+0530] {processor.py:183} INFO - Processing /home/arun/.local/lib/python3.10/site-packages/airflow/example_dags/example_short_circuit_decorator.py took 0.216 seconds
[2024-03-04T19:08:17.121+0530] {processor.py:161} INFO - Started process (PID=7269) to work on /home/arun/.local/lib/python3.10/site-packages/airflow/example_dags/example_short_circuit_decorator.py
[2024-03-04T19:08:17.156+0530] {processor.py:830} INFO - Processing file /home/arun/.local/lib/python3.10/site-packages/airflow/example_dags/example_short_circuit_decorator.py for tasks to queue
[2024-03-04T19:08:17.158+0530] {logging_mixin.py:188} INFO - [2024-03-04T19:08:17.158+0530] {dagbag.py:538} INFO - Filling up the DagBag from /home/arun/.local/lib/python3.10/site-packages/airflow/example_dags/example_short_circuit_decorator.py
[2024-03-04T19:08:17.181+0530] {processor.py:840} INFO - DAG(s) 'example_short_circuit_decorator' retrieved from /home/arun/.local/lib/python3.10/site-packages/airflow/example_dags/example_short_circuit_decorator.py
[2024-03-04T19:08:17.213+0530] {logging_mixin.py:188} INFO - [2024-03-04T19:08:17.213+0530] {dag.py:3036} INFO - Sync 1 DAGs
[2024-03-04T19:08:17.241+0530] {logging_mixin.py:188} INFO - [2024-03-04T19:08:17.241+0530] {dag.py:3823} INFO - Setting next_dagrun for example_short_circuit_decorator to 2024-03-03 00:00:00+00:00, run_after=2024-03-04 00:00:00+00:00
[2024-03-04T19:08:17.275+0530] {processor.py:183} INFO - Processing /home/arun/.local/lib/python3.10/site-packages/airflow/example_dags/example_short_circuit_decorator.py took 0.159 seconds
[2024-03-04T19:09:33.518+0530] {processor.py:161} INFO - Started process (PID=7414) to work on /home/arun/.local/lib/python3.10/site-packages/airflow/example_dags/example_short_circuit_decorator.py
[2024-03-04T19:09:33.555+0530] {processor.py:830} INFO - Processing file /home/arun/.local/lib/python3.10/site-packages/airflow/example_dags/example_short_circuit_decorator.py for tasks to queue
[2024-03-04T19:09:33.556+0530] {logging_mixin.py:188} INFO - [2024-03-04T19:09:33.555+0530] {dagbag.py:538} INFO - Filling up the DagBag from /home/arun/.local/lib/python3.10/site-packages/airflow/example_dags/example_short_circuit_decorator.py
[2024-03-04T19:09:33.566+0530] {processor.py:840} INFO - DAG(s) 'example_short_circuit_decorator' retrieved from /home/arun/.local/lib/python3.10/site-packages/airflow/example_dags/example_short_circuit_decorator.py
[2024-03-04T19:09:33.582+0530] {logging_mixin.py:188} INFO - [2024-03-04T19:09:33.582+0530] {dag.py:3036} INFO - Sync 1 DAGs
[2024-03-04T19:09:33.602+0530] {logging_mixin.py:188} INFO - [2024-03-04T19:09:33.602+0530] {dag.py:3823} INFO - Setting next_dagrun for example_short_circuit_decorator to 2024-03-03 00:00:00+00:00, run_after=2024-03-04 00:00:00+00:00
[2024-03-04T19:09:33.646+0530] {processor.py:183} INFO - Processing /home/arun/.local/lib/python3.10/site-packages/airflow/example_dags/example_short_circuit_decorator.py took 0.131 seconds
[2024-03-04T19:11:00.016+0530] {processor.py:161} INFO - Started process (PID=7582) to work on /home/arun/.local/lib/python3.10/site-packages/airflow/example_dags/example_short_circuit_decorator.py
[2024-03-04T19:11:00.057+0530] {processor.py:830} INFO - Processing file /home/arun/.local/lib/python3.10/site-packages/airflow/example_dags/example_short_circuit_decorator.py for tasks to queue
[2024-03-04T19:11:00.059+0530] {logging_mixin.py:188} INFO - [2024-03-04T19:11:00.058+0530] {dagbag.py:538} INFO - Filling up the DagBag from /home/arun/.local/lib/python3.10/site-packages/airflow/example_dags/example_short_circuit_decorator.py
[2024-03-04T19:11:00.090+0530] {processor.py:840} INFO - DAG(s) 'example_short_circuit_decorator' retrieved from /home/arun/.local/lib/python3.10/site-packages/airflow/example_dags/example_short_circuit_decorator.py
[2024-03-04T19:11:00.113+0530] {logging_mixin.py:188} INFO - [2024-03-04T19:11:00.113+0530] {dag.py:3036} INFO - Sync 1 DAGs
[2024-03-04T19:11:00.134+0530] {logging_mixin.py:188} INFO - [2024-03-04T19:11:00.134+0530] {dag.py:3823} INFO - Setting next_dagrun for example_short_circuit_decorator to 2024-03-03 00:00:00+00:00, run_after=2024-03-04 00:00:00+00:00
[2024-03-04T19:11:00.161+0530] {processor.py:183} INFO - Processing /home/arun/.local/lib/python3.10/site-packages/airflow/example_dags/example_short_circuit_decorator.py took 0.149 seconds
[2024-03-04T19:12:27.494+0530] {processor.py:161} INFO - Started process (PID=7746) to work on /home/arun/.local/lib/python3.10/site-packages/airflow/example_dags/example_short_circuit_decorator.py
[2024-03-04T19:12:27.532+0530] {processor.py:830} INFO - Processing file /home/arun/.local/lib/python3.10/site-packages/airflow/example_dags/example_short_circuit_decorator.py for tasks to queue
[2024-03-04T19:12:27.534+0530] {logging_mixin.py:188} INFO - [2024-03-04T19:12:27.534+0530] {dagbag.py:538} INFO - Filling up the DagBag from /home/arun/.local/lib/python3.10/site-packages/airflow/example_dags/example_short_circuit_decorator.py
[2024-03-04T19:12:27.554+0530] {processor.py:840} INFO - DAG(s) 'example_short_circuit_decorator' retrieved from /home/arun/.local/lib/python3.10/site-packages/airflow/example_dags/example_short_circuit_decorator.py
[2024-03-04T19:12:27.586+0530] {logging_mixin.py:188} INFO - [2024-03-04T19:12:27.586+0530] {dag.py:3036} INFO - Sync 1 DAGs
[2024-03-04T19:12:27.682+0530] {logging_mixin.py:188} INFO - [2024-03-04T19:12:27.678+0530] {dag.py:3823} INFO - Setting next_dagrun for example_short_circuit_decorator to 2024-03-03 00:00:00+00:00, run_after=2024-03-04 00:00:00+00:00
[2024-03-04T19:12:27.737+0530] {processor.py:183} INFO - Processing /home/arun/.local/lib/python3.10/site-packages/airflow/example_dags/example_short_circuit_decorator.py took 0.248 seconds
[2024-03-04T19:13:52.465+0530] {processor.py:161} INFO - Started process (PID=7891) to work on /home/arun/.local/lib/python3.10/site-packages/airflow/example_dags/example_short_circuit_decorator.py
[2024-03-04T19:13:52.506+0530] {processor.py:830} INFO - Processing file /home/arun/.local/lib/python3.10/site-packages/airflow/example_dags/example_short_circuit_decorator.py for tasks to queue
[2024-03-04T19:13:52.508+0530] {logging_mixin.py:188} INFO - [2024-03-04T19:13:52.507+0530] {dagbag.py:538} INFO - Filling up the DagBag from /home/arun/.local/lib/python3.10/site-packages/airflow/example_dags/example_short_circuit_decorator.py
[2024-03-04T19:13:52.523+0530] {processor.py:840} INFO - DAG(s) 'example_short_circuit_decorator' retrieved from /home/arun/.local/lib/python3.10/site-packages/airflow/example_dags/example_short_circuit_decorator.py
[2024-03-04T19:13:52.548+0530] {logging_mixin.py:188} INFO - [2024-03-04T19:13:52.547+0530] {dag.py:3036} INFO - Sync 1 DAGs
[2024-03-04T19:13:52.573+0530] {logging_mixin.py:188} INFO - [2024-03-04T19:13:52.573+0530] {dag.py:3823} INFO - Setting next_dagrun for example_short_circuit_decorator to 2024-03-03 00:00:00+00:00, run_after=2024-03-04 00:00:00+00:00
[2024-03-04T19:13:52.606+0530] {processor.py:183} INFO - Processing /home/arun/.local/lib/python3.10/site-packages/airflow/example_dags/example_short_circuit_decorator.py took 0.147 seconds
[2024-03-04T19:15:21.758+0530] {processor.py:161} INFO - Started process (PID=8125) to work on /home/arun/.local/lib/python3.10/site-packages/airflow/example_dags/example_short_circuit_decorator.py
[2024-03-04T19:15:21.848+0530] {processor.py:830} INFO - Processing file /home/arun/.local/lib/python3.10/site-packages/airflow/example_dags/example_short_circuit_decorator.py for tasks to queue
[2024-03-04T19:15:21.849+0530] {logging_mixin.py:188} INFO - [2024-03-04T19:15:21.849+0530] {dagbag.py:538} INFO - Filling up the DagBag from /home/arun/.local/lib/python3.10/site-packages/airflow/example_dags/example_short_circuit_decorator.py
[2024-03-04T19:15:21.860+0530] {processor.py:840} INFO - DAG(s) 'example_short_circuit_decorator' retrieved from /home/arun/.local/lib/python3.10/site-packages/airflow/example_dags/example_short_circuit_decorator.py
[2024-03-04T19:15:21.882+0530] {logging_mixin.py:188} INFO - [2024-03-04T19:15:21.882+0530] {dag.py:3036} INFO - Sync 1 DAGs
[2024-03-04T19:15:21.917+0530] {logging_mixin.py:188} INFO - [2024-03-04T19:15:21.917+0530] {dag.py:3823} INFO - Setting next_dagrun for example_short_circuit_decorator to 2024-03-03 00:00:00+00:00, run_after=2024-03-04 00:00:00+00:00
[2024-03-04T19:15:21.958+0530] {processor.py:183} INFO - Processing /home/arun/.local/lib/python3.10/site-packages/airflow/example_dags/example_short_circuit_decorator.py took 0.205 seconds
[2024-03-04T19:16:42.315+0530] {processor.py:161} INFO - Started process (PID=8285) to work on /home/arun/.local/lib/python3.10/site-packages/airflow/example_dags/example_short_circuit_decorator.py
[2024-03-04T19:16:42.318+0530] {processor.py:830} INFO - Processing file /home/arun/.local/lib/python3.10/site-packages/airflow/example_dags/example_short_circuit_decorator.py for tasks to queue
[2024-03-04T19:16:42.320+0530] {logging_mixin.py:188} INFO - [2024-03-04T19:16:42.319+0530] {dagbag.py:538} INFO - Filling up the DagBag from /home/arun/.local/lib/python3.10/site-packages/airflow/example_dags/example_short_circuit_decorator.py
[2024-03-04T19:16:42.341+0530] {processor.py:840} INFO - DAG(s) 'example_short_circuit_decorator' retrieved from /home/arun/.local/lib/python3.10/site-packages/airflow/example_dags/example_short_circuit_decorator.py
[2024-03-04T19:16:42.376+0530] {logging_mixin.py:188} INFO - [2024-03-04T19:16:42.375+0530] {dag.py:3036} INFO - Sync 1 DAGs
[2024-03-04T19:16:42.416+0530] {logging_mixin.py:188} INFO - [2024-03-04T19:16:42.416+0530] {dag.py:3823} INFO - Setting next_dagrun for example_short_circuit_decorator to 2024-03-03 00:00:00+00:00, run_after=2024-03-04 00:00:00+00:00
[2024-03-04T19:16:42.459+0530] {processor.py:183} INFO - Processing /home/arun/.local/lib/python3.10/site-packages/airflow/example_dags/example_short_circuit_decorator.py took 0.151 seconds
[2024-03-04T19:18:10.518+0530] {processor.py:161} INFO - Started process (PID=8465) to work on /home/arun/.local/lib/python3.10/site-packages/airflow/example_dags/example_short_circuit_decorator.py
[2024-03-04T19:18:10.558+0530] {processor.py:830} INFO - Processing file /home/arun/.local/lib/python3.10/site-packages/airflow/example_dags/example_short_circuit_decorator.py for tasks to queue
[2024-03-04T19:18:10.559+0530] {logging_mixin.py:188} INFO - [2024-03-04T19:18:10.559+0530] {dagbag.py:538} INFO - Filling up the DagBag from /home/arun/.local/lib/python3.10/site-packages/airflow/example_dags/example_short_circuit_decorator.py
[2024-03-04T19:18:10.569+0530] {processor.py:840} INFO - DAG(s) 'example_short_circuit_decorator' retrieved from /home/arun/.local/lib/python3.10/site-packages/airflow/example_dags/example_short_circuit_decorator.py
[2024-03-04T19:18:10.590+0530] {logging_mixin.py:188} INFO - [2024-03-04T19:18:10.590+0530] {dag.py:3036} INFO - Sync 1 DAGs
[2024-03-04T19:18:10.633+0530] {logging_mixin.py:188} INFO - [2024-03-04T19:18:10.633+0530] {dag.py:3823} INFO - Setting next_dagrun for example_short_circuit_decorator to 2024-03-03 00:00:00+00:00, run_after=2024-03-04 00:00:00+00:00
[2024-03-04T19:18:10.745+0530] {processor.py:183} INFO - Processing /home/arun/.local/lib/python3.10/site-packages/airflow/example_dags/example_short_circuit_decorator.py took 0.231 seconds
[2024-03-04T19:19:37.870+0530] {processor.py:161} INFO - Started process (PID=8626) to work on /home/arun/.local/lib/python3.10/site-packages/airflow/example_dags/example_short_circuit_decorator.py
[2024-03-04T19:19:37.909+0530] {processor.py:830} INFO - Processing file /home/arun/.local/lib/python3.10/site-packages/airflow/example_dags/example_short_circuit_decorator.py for tasks to queue
[2024-03-04T19:19:37.911+0530] {logging_mixin.py:188} INFO - [2024-03-04T19:19:37.910+0530] {dagbag.py:538} INFO - Filling up the DagBag from /home/arun/.local/lib/python3.10/site-packages/airflow/example_dags/example_short_circuit_decorator.py
[2024-03-04T19:19:37.926+0530] {processor.py:840} INFO - DAG(s) 'example_short_circuit_decorator' retrieved from /home/arun/.local/lib/python3.10/site-packages/airflow/example_dags/example_short_circuit_decorator.py
[2024-03-04T19:19:37.990+0530] {logging_mixin.py:188} INFO - [2024-03-04T19:19:37.990+0530] {dag.py:3036} INFO - Sync 1 DAGs
[2024-03-04T19:19:38.022+0530] {logging_mixin.py:188} INFO - [2024-03-04T19:19:38.022+0530] {dag.py:3823} INFO - Setting next_dagrun for example_short_circuit_decorator to 2024-03-03 00:00:00+00:00, run_after=2024-03-04 00:00:00+00:00
[2024-03-04T19:19:38.056+0530] {processor.py:183} INFO - Processing /home/arun/.local/lib/python3.10/site-packages/airflow/example_dags/example_short_circuit_decorator.py took 0.192 seconds
[2024-03-04T19:21:01.689+0530] {processor.py:161} INFO - Started process (PID=8817) to work on /home/arun/.local/lib/python3.10/site-packages/airflow/example_dags/example_short_circuit_decorator.py
[2024-03-04T19:21:01.692+0530] {processor.py:830} INFO - Processing file /home/arun/.local/lib/python3.10/site-packages/airflow/example_dags/example_short_circuit_decorator.py for tasks to queue
[2024-03-04T19:21:01.693+0530] {logging_mixin.py:188} INFO - [2024-03-04T19:21:01.693+0530] {dagbag.py:538} INFO - Filling up the DagBag from /home/arun/.local/lib/python3.10/site-packages/airflow/example_dags/example_short_circuit_decorator.py
[2024-03-04T19:21:01.706+0530] {processor.py:840} INFO - DAG(s) 'example_short_circuit_decorator' retrieved from /home/arun/.local/lib/python3.10/site-packages/airflow/example_dags/example_short_circuit_decorator.py
[2024-03-04T19:21:01.732+0530] {logging_mixin.py:188} INFO - [2024-03-04T19:21:01.732+0530] {dag.py:3036} INFO - Sync 1 DAGs
[2024-03-04T19:21:01.758+0530] {logging_mixin.py:188} INFO - [2024-03-04T19:21:01.758+0530] {dag.py:3823} INFO - Setting next_dagrun for example_short_circuit_decorator to 2024-03-03 00:00:00+00:00, run_after=2024-03-04 00:00:00+00:00
[2024-03-04T19:21:01.807+0530] {processor.py:183} INFO - Processing /home/arun/.local/lib/python3.10/site-packages/airflow/example_dags/example_short_circuit_decorator.py took 0.123 seconds
[2024-03-04T19:22:32.217+0530] {processor.py:161} INFO - Started process (PID=8995) to work on /home/arun/.local/lib/python3.10/site-packages/airflow/example_dags/example_short_circuit_decorator.py
[2024-03-04T19:22:32.258+0530] {processor.py:830} INFO - Processing file /home/arun/.local/lib/python3.10/site-packages/airflow/example_dags/example_short_circuit_decorator.py for tasks to queue
[2024-03-04T19:22:32.265+0530] {logging_mixin.py:188} INFO - [2024-03-04T19:22:32.264+0530] {dagbag.py:538} INFO - Filling up the DagBag from /home/arun/.local/lib/python3.10/site-packages/airflow/example_dags/example_short_circuit_decorator.py
[2024-03-04T19:22:32.342+0530] {processor.py:840} INFO - DAG(s) 'example_short_circuit_decorator' retrieved from /home/arun/.local/lib/python3.10/site-packages/airflow/example_dags/example_short_circuit_decorator.py
[2024-03-04T19:22:32.384+0530] {logging_mixin.py:188} INFO - [2024-03-04T19:22:32.383+0530] {dag.py:3036} INFO - Sync 1 DAGs
[2024-03-04T19:22:32.429+0530] {logging_mixin.py:188} INFO - [2024-03-04T19:22:32.428+0530] {dag.py:3823} INFO - Setting next_dagrun for example_short_circuit_decorator to 2024-03-03 00:00:00+00:00, run_after=2024-03-04 00:00:00+00:00
[2024-03-04T19:22:32.468+0530] {processor.py:183} INFO - Processing /home/arun/.local/lib/python3.10/site-packages/airflow/example_dags/example_short_circuit_decorator.py took 0.256 seconds
[2024-03-04T19:23:55.386+0530] {processor.py:161} INFO - Started process (PID=9137) to work on /home/arun/.local/lib/python3.10/site-packages/airflow/example_dags/example_short_circuit_decorator.py
[2024-03-04T19:23:55.421+0530] {processor.py:830} INFO - Processing file /home/arun/.local/lib/python3.10/site-packages/airflow/example_dags/example_short_circuit_decorator.py for tasks to queue
[2024-03-04T19:23:55.422+0530] {logging_mixin.py:188} INFO - [2024-03-04T19:23:55.422+0530] {dagbag.py:538} INFO - Filling up the DagBag from /home/arun/.local/lib/python3.10/site-packages/airflow/example_dags/example_short_circuit_decorator.py
[2024-03-04T19:23:55.433+0530] {processor.py:840} INFO - DAG(s) 'example_short_circuit_decorator' retrieved from /home/arun/.local/lib/python3.10/site-packages/airflow/example_dags/example_short_circuit_decorator.py
[2024-03-04T19:23:55.454+0530] {logging_mixin.py:188} INFO - [2024-03-04T19:23:55.454+0530] {dag.py:3036} INFO - Sync 1 DAGs
[2024-03-04T19:23:55.480+0530] {logging_mixin.py:188} INFO - [2024-03-04T19:23:55.479+0530] {dag.py:3823} INFO - Setting next_dagrun for example_short_circuit_decorator to 2024-03-03 00:00:00+00:00, run_after=2024-03-04 00:00:00+00:00
[2024-03-04T19:23:55.510+0530] {processor.py:183} INFO - Processing /home/arun/.local/lib/python3.10/site-packages/airflow/example_dags/example_short_circuit_decorator.py took 0.128 seconds
[2024-03-04T19:25:13.348+0530] {processor.py:161} INFO - Started process (PID=9303) to work on /home/arun/.local/lib/python3.10/site-packages/airflow/example_dags/example_short_circuit_decorator.py
[2024-03-04T19:25:13.379+0530] {processor.py:830} INFO - Processing file /home/arun/.local/lib/python3.10/site-packages/airflow/example_dags/example_short_circuit_decorator.py for tasks to queue
[2024-03-04T19:25:13.380+0530] {logging_mixin.py:188} INFO - [2024-03-04T19:25:13.380+0530] {dagbag.py:538} INFO - Filling up the DagBag from /home/arun/.local/lib/python3.10/site-packages/airflow/example_dags/example_short_circuit_decorator.py
[2024-03-04T19:25:13.391+0530] {processor.py:840} INFO - DAG(s) 'example_short_circuit_decorator' retrieved from /home/arun/.local/lib/python3.10/site-packages/airflow/example_dags/example_short_circuit_decorator.py
[2024-03-04T19:25:13.412+0530] {logging_mixin.py:188} INFO - [2024-03-04T19:25:13.412+0530] {dag.py:3036} INFO - Sync 1 DAGs
[2024-03-04T19:25:13.438+0530] {logging_mixin.py:188} INFO - [2024-03-04T19:25:13.437+0530] {dag.py:3823} INFO - Setting next_dagrun for example_short_circuit_decorator to 2024-03-03 00:00:00+00:00, run_after=2024-03-04 00:00:00+00:00
[2024-03-04T19:25:13.473+0530] {processor.py:183} INFO - Processing /home/arun/.local/lib/python3.10/site-packages/airflow/example_dags/example_short_circuit_decorator.py took 0.128 seconds
[2024-03-04T19:26:31.399+0530] {processor.py:161} INFO - Started process (PID=9478) to work on /home/arun/.local/lib/python3.10/site-packages/airflow/example_dags/example_short_circuit_decorator.py
[2024-03-04T19:26:31.434+0530] {processor.py:830} INFO - Processing file /home/arun/.local/lib/python3.10/site-packages/airflow/example_dags/example_short_circuit_decorator.py for tasks to queue
[2024-03-04T19:26:31.435+0530] {logging_mixin.py:188} INFO - [2024-03-04T19:26:31.435+0530] {dagbag.py:538} INFO - Filling up the DagBag from /home/arun/.local/lib/python3.10/site-packages/airflow/example_dags/example_short_circuit_decorator.py
[2024-03-04T19:26:31.446+0530] {processor.py:840} INFO - DAG(s) 'example_short_circuit_decorator' retrieved from /home/arun/.local/lib/python3.10/site-packages/airflow/example_dags/example_short_circuit_decorator.py
[2024-03-04T19:26:31.463+0530] {logging_mixin.py:188} INFO - [2024-03-04T19:26:31.463+0530] {dag.py:3036} INFO - Sync 1 DAGs
[2024-03-04T19:26:31.481+0530] {logging_mixin.py:188} INFO - [2024-03-04T19:26:31.481+0530] {dag.py:3823} INFO - Setting next_dagrun for example_short_circuit_decorator to 2024-03-03 00:00:00+00:00, run_after=2024-03-04 00:00:00+00:00
[2024-03-04T19:26:31.507+0530] {processor.py:183} INFO - Processing /home/arun/.local/lib/python3.10/site-packages/airflow/example_dags/example_short_circuit_decorator.py took 0.114 seconds
[2024-03-04T19:27:49.401+0530] {processor.py:161} INFO - Started process (PID=9637) to work on /home/arun/.local/lib/python3.10/site-packages/airflow/example_dags/example_short_circuit_decorator.py
[2024-03-04T19:27:49.467+0530] {processor.py:830} INFO - Processing file /home/arun/.local/lib/python3.10/site-packages/airflow/example_dags/example_short_circuit_decorator.py for tasks to queue
[2024-03-04T19:27:49.473+0530] {logging_mixin.py:188} INFO - [2024-03-04T19:27:49.468+0530] {dagbag.py:538} INFO - Filling up the DagBag from /home/arun/.local/lib/python3.10/site-packages/airflow/example_dags/example_short_circuit_decorator.py
[2024-03-04T19:27:49.513+0530] {processor.py:840} INFO - DAG(s) 'example_short_circuit_decorator' retrieved from /home/arun/.local/lib/python3.10/site-packages/airflow/example_dags/example_short_circuit_decorator.py
[2024-03-04T19:27:49.602+0530] {logging_mixin.py:188} INFO - [2024-03-04T19:27:49.602+0530] {dag.py:3036} INFO - Sync 1 DAGs
[2024-03-04T19:27:49.632+0530] {logging_mixin.py:188} INFO - [2024-03-04T19:27:49.632+0530] {dag.py:3823} INFO - Setting next_dagrun for example_short_circuit_decorator to 2024-03-03 00:00:00+00:00, run_after=2024-03-04 00:00:00+00:00
[2024-03-04T19:27:49.686+0530] {processor.py:183} INFO - Processing /home/arun/.local/lib/python3.10/site-packages/airflow/example_dags/example_short_circuit_decorator.py took 0.299 seconds
[2024-03-04T22:42:11.375+0530] {processor.py:161} INFO - Started process (PID=17445) to work on /home/arun/.local/lib/python3.10/site-packages/airflow/example_dags/example_short_circuit_decorator.py
[2024-03-04T22:42:11.406+0530] {processor.py:830} INFO - Processing file /home/arun/.local/lib/python3.10/site-packages/airflow/example_dags/example_short_circuit_decorator.py for tasks to queue
[2024-03-04T22:42:11.408+0530] {logging_mixin.py:188} INFO - [2024-03-04T22:42:11.407+0530] {dagbag.py:538} INFO - Filling up the DagBag from /home/arun/.local/lib/python3.10/site-packages/airflow/example_dags/example_short_circuit_decorator.py
[2024-03-04T22:42:11.432+0530] {processor.py:840} INFO - DAG(s) 'example_short_circuit_decorator' retrieved from /home/arun/.local/lib/python3.10/site-packages/airflow/example_dags/example_short_circuit_decorator.py
[2024-03-04T22:42:11.769+0530] {logging_mixin.py:188} INFO - [2024-03-04T22:42:11.769+0530] {dag.py:3036} INFO - Sync 1 DAGs
[2024-03-04T22:42:11.790+0530] {logging_mixin.py:188} INFO - [2024-03-04T22:42:11.790+0530] {dag.py:3823} INFO - Setting next_dagrun for example_short_circuit_decorator to 2024-03-03 00:00:00+00:00, run_after=2024-03-04 00:00:00+00:00
[2024-03-04T22:42:12.070+0530] {processor.py:183} INFO - Processing /home/arun/.local/lib/python3.10/site-packages/airflow/example_dags/example_short_circuit_decorator.py took 0.708 seconds
[2024-03-04T22:55:44.349+0530] {processor.py:161} INFO - Started process (PID=5647) to work on /home/arun/.local/lib/python3.10/site-packages/airflow/example_dags/example_short_circuit_decorator.py
[2024-03-04T22:55:44.355+0530] {processor.py:830} INFO - Processing file /home/arun/.local/lib/python3.10/site-packages/airflow/example_dags/example_short_circuit_decorator.py for tasks to queue
[2024-03-04T22:55:44.357+0530] {logging_mixin.py:188} INFO - [2024-03-04T22:55:44.356+0530] {dagbag.py:538} INFO - Filling up the DagBag from /home/arun/.local/lib/python3.10/site-packages/airflow/example_dags/example_short_circuit_decorator.py
[2024-03-04T22:55:44.377+0530] {processor.py:840} INFO - DAG(s) 'example_short_circuit_decorator' retrieved from /home/arun/.local/lib/python3.10/site-packages/airflow/example_dags/example_short_circuit_decorator.py
[2024-03-04T22:55:44.573+0530] {logging_mixin.py:188} INFO - [2024-03-04T22:55:44.572+0530] {dag.py:3036} INFO - Sync 1 DAGs
[2024-03-04T22:55:44.598+0530] {logging_mixin.py:188} INFO - [2024-03-04T22:55:44.597+0530] {dag.py:3823} INFO - Setting next_dagrun for example_short_circuit_decorator to 2024-03-03 00:00:00+00:00, run_after=2024-03-04 00:00:00+00:00
[2024-03-04T22:55:44.689+0530] {processor.py:183} INFO - Processing /home/arun/.local/lib/python3.10/site-packages/airflow/example_dags/example_short_circuit_decorator.py took 0.350 seconds
[2024-03-04T22:57:21.757+0530] {processor.py:161} INFO - Started process (PID=5740) to work on /home/arun/.local/lib/python3.10/site-packages/airflow/example_dags/example_short_circuit_decorator.py
[2024-03-04T22:57:21.790+0530] {processor.py:830} INFO - Processing file /home/arun/.local/lib/python3.10/site-packages/airflow/example_dags/example_short_circuit_decorator.py for tasks to queue
[2024-03-04T22:57:21.792+0530] {logging_mixin.py:188} INFO - [2024-03-04T22:57:21.792+0530] {dagbag.py:538} INFO - Filling up the DagBag from /home/arun/.local/lib/python3.10/site-packages/airflow/example_dags/example_short_circuit_decorator.py
[2024-03-04T22:57:21.830+0530] {processor.py:840} INFO - DAG(s) 'example_short_circuit_decorator' retrieved from /home/arun/.local/lib/python3.10/site-packages/airflow/example_dags/example_short_circuit_decorator.py
[2024-03-04T22:57:21.903+0530] {logging_mixin.py:188} INFO - [2024-03-04T22:57:21.903+0530] {dag.py:3036} INFO - Sync 1 DAGs
[2024-03-04T22:57:21.955+0530] {logging_mixin.py:188} INFO - [2024-03-04T22:57:21.955+0530] {dag.py:3823} INFO - Setting next_dagrun for example_short_circuit_decorator to 2024-03-03 00:00:00+00:00, run_after=2024-03-04 00:00:00+00:00
[2024-03-04T22:57:22.029+0530] {processor.py:183} INFO - Processing /home/arun/.local/lib/python3.10/site-packages/airflow/example_dags/example_short_circuit_decorator.py took 0.287 seconds
[2024-03-04T22:59:26.407+0530] {processor.py:161} INFO - Started process (PID=5867) to work on /home/arun/.local/lib/python3.10/site-packages/airflow/example_dags/example_short_circuit_decorator.py
[2024-03-04T22:59:26.440+0530] {processor.py:830} INFO - Processing file /home/arun/.local/lib/python3.10/site-packages/airflow/example_dags/example_short_circuit_decorator.py for tasks to queue
[2024-03-04T22:59:26.442+0530] {logging_mixin.py:188} INFO - [2024-03-04T22:59:26.441+0530] {dagbag.py:538} INFO - Filling up the DagBag from /home/arun/.local/lib/python3.10/site-packages/airflow/example_dags/example_short_circuit_decorator.py
[2024-03-04T22:59:26.467+0530] {processor.py:840} INFO - DAG(s) 'example_short_circuit_decorator' retrieved from /home/arun/.local/lib/python3.10/site-packages/airflow/example_dags/example_short_circuit_decorator.py
[2024-03-04T22:59:26.505+0530] {logging_mixin.py:188} INFO - [2024-03-04T22:59:26.505+0530] {dag.py:3036} INFO - Sync 1 DAGs
[2024-03-04T22:59:26.566+0530] {logging_mixin.py:188} INFO - [2024-03-04T22:59:26.565+0530] {dag.py:3823} INFO - Setting next_dagrun for example_short_circuit_decorator to 2024-03-03 00:00:00+00:00, run_after=2024-03-04 00:00:00+00:00
[2024-03-04T22:59:26.659+0530] {processor.py:183} INFO - Processing /home/arun/.local/lib/python3.10/site-packages/airflow/example_dags/example_short_circuit_decorator.py took 0.264 seconds
[2024-03-04T23:01:01.779+0530] {processor.py:161} INFO - Started process (PID=6023) to work on /home/arun/.local/lib/python3.10/site-packages/airflow/example_dags/example_short_circuit_decorator.py
[2024-03-04T23:01:01.829+0530] {processor.py:830} INFO - Processing file /home/arun/.local/lib/python3.10/site-packages/airflow/example_dags/example_short_circuit_decorator.py for tasks to queue
[2024-03-04T23:01:01.837+0530] {logging_mixin.py:188} INFO - [2024-03-04T23:01:01.834+0530] {dagbag.py:538} INFO - Filling up the DagBag from /home/arun/.local/lib/python3.10/site-packages/airflow/example_dags/example_short_circuit_decorator.py
[2024-03-04T23:01:01.877+0530] {processor.py:840} INFO - DAG(s) 'example_short_circuit_decorator' retrieved from /home/arun/.local/lib/python3.10/site-packages/airflow/example_dags/example_short_circuit_decorator.py
[2024-03-04T23:01:01.924+0530] {logging_mixin.py:188} INFO - [2024-03-04T23:01:01.924+0530] {dag.py:3036} INFO - Sync 1 DAGs
[2024-03-04T23:01:01.965+0530] {logging_mixin.py:188} INFO - [2024-03-04T23:01:01.965+0530] {dag.py:3823} INFO - Setting next_dagrun for example_short_circuit_decorator to 2024-03-03 00:00:00+00:00, run_after=2024-03-04 00:00:00+00:00
[2024-03-04T23:01:02.028+0530] {processor.py:183} INFO - Processing /home/arun/.local/lib/python3.10/site-packages/airflow/example_dags/example_short_circuit_decorator.py took 0.255 seconds
[2024-03-04T23:02:26.183+0530] {processor.py:161} INFO - Started process (PID=6163) to work on /home/arun/.local/lib/python3.10/site-packages/airflow/example_dags/example_short_circuit_decorator.py
[2024-03-04T23:02:26.225+0530] {processor.py:830} INFO - Processing file /home/arun/.local/lib/python3.10/site-packages/airflow/example_dags/example_short_circuit_decorator.py for tasks to queue
[2024-03-04T23:02:26.226+0530] {logging_mixin.py:188} INFO - [2024-03-04T23:02:26.225+0530] {dagbag.py:538} INFO - Filling up the DagBag from /home/arun/.local/lib/python3.10/site-packages/airflow/example_dags/example_short_circuit_decorator.py
[2024-03-04T23:02:26.236+0530] {processor.py:840} INFO - DAG(s) 'example_short_circuit_decorator' retrieved from /home/arun/.local/lib/python3.10/site-packages/airflow/example_dags/example_short_circuit_decorator.py
[2024-03-04T23:02:26.251+0530] {logging_mixin.py:188} INFO - [2024-03-04T23:02:26.250+0530] {dag.py:3036} INFO - Sync 1 DAGs
[2024-03-04T23:02:26.265+0530] {logging_mixin.py:188} INFO - [2024-03-04T23:02:26.265+0530] {dag.py:3823} INFO - Setting next_dagrun for example_short_circuit_decorator to 2024-03-03 00:00:00+00:00, run_after=2024-03-04 00:00:00+00:00
[2024-03-04T23:02:26.291+0530] {processor.py:183} INFO - Processing /home/arun/.local/lib/python3.10/site-packages/airflow/example_dags/example_short_circuit_decorator.py took 0.113 seconds
[2024-03-04T23:04:13.285+0530] {processor.py:161} INFO - Started process (PID=6713) to work on /home/arun/.local/lib/python3.10/site-packages/airflow/example_dags/example_short_circuit_decorator.py
[2024-03-04T23:04:13.313+0530] {processor.py:830} INFO - Processing file /home/arun/.local/lib/python3.10/site-packages/airflow/example_dags/example_short_circuit_decorator.py for tasks to queue
[2024-03-04T23:04:13.318+0530] {logging_mixin.py:188} INFO - [2024-03-04T23:04:13.318+0530] {dagbag.py:538} INFO - Filling up the DagBag from /home/arun/.local/lib/python3.10/site-packages/airflow/example_dags/example_short_circuit_decorator.py
[2024-03-04T23:04:13.379+0530] {processor.py:840} INFO - DAG(s) 'example_short_circuit_decorator' retrieved from /home/arun/.local/lib/python3.10/site-packages/airflow/example_dags/example_short_circuit_decorator.py
[2024-03-04T23:04:13.418+0530] {logging_mixin.py:188} INFO - [2024-03-04T23:04:13.418+0530] {dag.py:3036} INFO - Sync 1 DAGs
[2024-03-04T23:04:13.490+0530] {logging_mixin.py:188} INFO - [2024-03-04T23:04:13.490+0530] {dag.py:3823} INFO - Setting next_dagrun for example_short_circuit_decorator to 2024-03-03 00:00:00+00:00, run_after=2024-03-04 00:00:00+00:00
[2024-03-04T23:04:13.588+0530] {processor.py:183} INFO - Processing /home/arun/.local/lib/python3.10/site-packages/airflow/example_dags/example_short_circuit_decorator.py took 0.309 seconds
[2024-03-04T23:06:04.708+0530] {processor.py:161} INFO - Started process (PID=6912) to work on /home/arun/.local/lib/python3.10/site-packages/airflow/example_dags/example_short_circuit_decorator.py
[2024-03-04T23:06:04.710+0530] {processor.py:830} INFO - Processing file /home/arun/.local/lib/python3.10/site-packages/airflow/example_dags/example_short_circuit_decorator.py for tasks to queue
[2024-03-04T23:06:04.711+0530] {logging_mixin.py:188} INFO - [2024-03-04T23:06:04.710+0530] {dagbag.py:538} INFO - Filling up the DagBag from /home/arun/.local/lib/python3.10/site-packages/airflow/example_dags/example_short_circuit_decorator.py
[2024-03-04T23:06:04.721+0530] {processor.py:840} INFO - DAG(s) 'example_short_circuit_decorator' retrieved from /home/arun/.local/lib/python3.10/site-packages/airflow/example_dags/example_short_circuit_decorator.py
[2024-03-04T23:06:04.741+0530] {logging_mixin.py:188} INFO - [2024-03-04T23:06:04.741+0530] {dag.py:3036} INFO - Sync 1 DAGs
[2024-03-04T23:06:04.763+0530] {logging_mixin.py:188} INFO - [2024-03-04T23:06:04.763+0530] {dag.py:3823} INFO - Setting next_dagrun for example_short_circuit_decorator to 2024-03-03 00:00:00+00:00, run_after=2024-03-04 00:00:00+00:00
[2024-03-04T23:06:04.834+0530] {processor.py:183} INFO - Processing /home/arun/.local/lib/python3.10/site-packages/airflow/example_dags/example_short_circuit_decorator.py took 0.129 seconds
[2024-03-04T23:07:35.204+0530] {processor.py:161} INFO - Started process (PID=7107) to work on /home/arun/.local/lib/python3.10/site-packages/airflow/example_dags/example_short_circuit_decorator.py
[2024-03-04T23:07:35.248+0530] {processor.py:830} INFO - Processing file /home/arun/.local/lib/python3.10/site-packages/airflow/example_dags/example_short_circuit_decorator.py for tasks to queue
[2024-03-04T23:07:35.249+0530] {logging_mixin.py:188} INFO - [2024-03-04T23:07:35.249+0530] {dagbag.py:538} INFO - Filling up the DagBag from /home/arun/.local/lib/python3.10/site-packages/airflow/example_dags/example_short_circuit_decorator.py
[2024-03-04T23:07:35.262+0530] {processor.py:840} INFO - DAG(s) 'example_short_circuit_decorator' retrieved from /home/arun/.local/lib/python3.10/site-packages/airflow/example_dags/example_short_circuit_decorator.py
[2024-03-04T23:07:35.287+0530] {logging_mixin.py:188} INFO - [2024-03-04T23:07:35.287+0530] {dag.py:3036} INFO - Sync 1 DAGs
[2024-03-04T23:07:35.317+0530] {logging_mixin.py:188} INFO - [2024-03-04T23:07:35.317+0530] {dag.py:3823} INFO - Setting next_dagrun for example_short_circuit_decorator to 2024-03-03 00:00:00+00:00, run_after=2024-03-04 00:00:00+00:00
[2024-03-04T23:07:35.366+0530] {processor.py:183} INFO - Processing /home/arun/.local/lib/python3.10/site-packages/airflow/example_dags/example_short_circuit_decorator.py took 0.167 seconds
[2024-03-04T23:09:07.567+0530] {processor.py:161} INFO - Started process (PID=7283) to work on /home/arun/.local/lib/python3.10/site-packages/airflow/example_dags/example_short_circuit_decorator.py
[2024-03-04T23:09:07.605+0530] {processor.py:830} INFO - Processing file /home/arun/.local/lib/python3.10/site-packages/airflow/example_dags/example_short_circuit_decorator.py for tasks to queue
[2024-03-04T23:09:07.607+0530] {logging_mixin.py:188} INFO - [2024-03-04T23:09:07.606+0530] {dagbag.py:538} INFO - Filling up the DagBag from /home/arun/.local/lib/python3.10/site-packages/airflow/example_dags/example_short_circuit_decorator.py
[2024-03-04T23:09:07.623+0530] {processor.py:840} INFO - DAG(s) 'example_short_circuit_decorator' retrieved from /home/arun/.local/lib/python3.10/site-packages/airflow/example_dags/example_short_circuit_decorator.py
[2024-03-04T23:09:07.647+0530] {logging_mixin.py:188} INFO - [2024-03-04T23:09:07.647+0530] {dag.py:3036} INFO - Sync 1 DAGs
[2024-03-04T23:09:07.669+0530] {logging_mixin.py:188} INFO - [2024-03-04T23:09:07.669+0530] {dag.py:3823} INFO - Setting next_dagrun for example_short_circuit_decorator to 2024-03-03 00:00:00+00:00, run_after=2024-03-04 00:00:00+00:00
[2024-03-04T23:09:07.758+0530] {processor.py:183} INFO - Processing /home/arun/.local/lib/python3.10/site-packages/airflow/example_dags/example_short_circuit_decorator.py took 0.196 seconds
[2024-03-04T23:10:37.561+0530] {processor.py:161} INFO - Started process (PID=7459) to work on /home/arun/.local/lib/python3.10/site-packages/airflow/example_dags/example_short_circuit_decorator.py
[2024-03-04T23:10:37.600+0530] {processor.py:830} INFO - Processing file /home/arun/.local/lib/python3.10/site-packages/airflow/example_dags/example_short_circuit_decorator.py for tasks to queue
[2024-03-04T23:10:37.601+0530] {logging_mixin.py:188} INFO - [2024-03-04T23:10:37.601+0530] {dagbag.py:538} INFO - Filling up the DagBag from /home/arun/.local/lib/python3.10/site-packages/airflow/example_dags/example_short_circuit_decorator.py
[2024-03-04T23:10:37.610+0530] {processor.py:840} INFO - DAG(s) 'example_short_circuit_decorator' retrieved from /home/arun/.local/lib/python3.10/site-packages/airflow/example_dags/example_short_circuit_decorator.py
[2024-03-04T23:10:37.635+0530] {logging_mixin.py:188} INFO - [2024-03-04T23:10:37.634+0530] {dag.py:3036} INFO - Sync 1 DAGs
[2024-03-04T23:10:37.663+0530] {logging_mixin.py:188} INFO - [2024-03-04T23:10:37.662+0530] {dag.py:3823} INFO - Setting next_dagrun for example_short_circuit_decorator to 2024-03-03 00:00:00+00:00, run_after=2024-03-04 00:00:00+00:00
[2024-03-04T23:10:37.706+0530] {processor.py:183} INFO - Processing /home/arun/.local/lib/python3.10/site-packages/airflow/example_dags/example_short_circuit_decorator.py took 0.148 seconds
[2024-03-04T23:12:08.006+0530] {processor.py:161} INFO - Started process (PID=7677) to work on /home/arun/.local/lib/python3.10/site-packages/airflow/example_dags/example_short_circuit_decorator.py
[2024-03-04T23:12:08.021+0530] {processor.py:830} INFO - Processing file /home/arun/.local/lib/python3.10/site-packages/airflow/example_dags/example_short_circuit_decorator.py for tasks to queue
[2024-03-04T23:12:08.023+0530] {logging_mixin.py:188} INFO - [2024-03-04T23:12:08.022+0530] {dagbag.py:538} INFO - Filling up the DagBag from /home/arun/.local/lib/python3.10/site-packages/airflow/example_dags/example_short_circuit_decorator.py
[2024-03-04T23:12:08.056+0530] {processor.py:840} INFO - DAG(s) 'example_short_circuit_decorator' retrieved from /home/arun/.local/lib/python3.10/site-packages/airflow/example_dags/example_short_circuit_decorator.py
[2024-03-04T23:12:08.118+0530] {logging_mixin.py:188} INFO - [2024-03-04T23:12:08.117+0530] {dag.py:3036} INFO - Sync 1 DAGs
[2024-03-04T23:12:08.166+0530] {logging_mixin.py:188} INFO - [2024-03-04T23:12:08.166+0530] {dag.py:3823} INFO - Setting next_dagrun for example_short_circuit_decorator to 2024-03-03 00:00:00+00:00, run_after=2024-03-04 00:00:00+00:00
[2024-03-04T23:12:08.266+0530] {processor.py:183} INFO - Processing /home/arun/.local/lib/python3.10/site-packages/airflow/example_dags/example_short_circuit_decorator.py took 0.270 seconds
[2024-03-04T23:13:52.153+0530] {processor.py:161} INFO - Started process (PID=7917) to work on /home/arun/.local/lib/python3.10/site-packages/airflow/example_dags/example_short_circuit_decorator.py
[2024-03-04T23:13:52.188+0530] {processor.py:830} INFO - Processing file /home/arun/.local/lib/python3.10/site-packages/airflow/example_dags/example_short_circuit_decorator.py for tasks to queue
[2024-03-04T23:13:52.190+0530] {logging_mixin.py:188} INFO - [2024-03-04T23:13:52.190+0530] {dagbag.py:538} INFO - Filling up the DagBag from /home/arun/.local/lib/python3.10/site-packages/airflow/example_dags/example_short_circuit_decorator.py
[2024-03-04T23:13:52.203+0530] {processor.py:840} INFO - DAG(s) 'example_short_circuit_decorator' retrieved from /home/arun/.local/lib/python3.10/site-packages/airflow/example_dags/example_short_circuit_decorator.py
[2024-03-04T23:13:52.234+0530] {logging_mixin.py:188} INFO - [2024-03-04T23:13:52.233+0530] {dag.py:3036} INFO - Sync 1 DAGs
[2024-03-04T23:13:52.259+0530] {logging_mixin.py:188} INFO - [2024-03-04T23:13:52.258+0530] {dag.py:3823} INFO - Setting next_dagrun for example_short_circuit_decorator to 2024-03-03 00:00:00+00:00, run_after=2024-03-04 00:00:00+00:00
[2024-03-04T23:13:52.284+0530] {processor.py:183} INFO - Processing /home/arun/.local/lib/python3.10/site-packages/airflow/example_dags/example_short_circuit_decorator.py took 0.138 seconds
[2024-03-04T23:15:26.810+0530] {processor.py:161} INFO - Started process (PID=8095) to work on /home/arun/.local/lib/python3.10/site-packages/airflow/example_dags/example_short_circuit_decorator.py
[2024-03-04T23:15:26.867+0530] {processor.py:830} INFO - Processing file /home/arun/.local/lib/python3.10/site-packages/airflow/example_dags/example_short_circuit_decorator.py for tasks to queue
[2024-03-04T23:15:26.868+0530] {logging_mixin.py:188} INFO - [2024-03-04T23:15:26.868+0530] {dagbag.py:538} INFO - Filling up the DagBag from /home/arun/.local/lib/python3.10/site-packages/airflow/example_dags/example_short_circuit_decorator.py
[2024-03-04T23:15:26.910+0530] {processor.py:840} INFO - DAG(s) 'example_short_circuit_decorator' retrieved from /home/arun/.local/lib/python3.10/site-packages/airflow/example_dags/example_short_circuit_decorator.py
[2024-03-04T23:15:26.959+0530] {logging_mixin.py:188} INFO - [2024-03-04T23:15:26.956+0530] {dag.py:3036} INFO - Sync 1 DAGs
[2024-03-04T23:15:27.006+0530] {logging_mixin.py:188} INFO - [2024-03-04T23:15:27.005+0530] {dag.py:3823} INFO - Setting next_dagrun for example_short_circuit_decorator to 2024-03-03 00:00:00+00:00, run_after=2024-03-04 00:00:00+00:00
[2024-03-04T23:15:27.113+0530] {processor.py:183} INFO - Processing /home/arun/.local/lib/python3.10/site-packages/airflow/example_dags/example_short_circuit_decorator.py took 0.308 seconds
[2024-03-04T23:17:24.267+0530] {processor.py:161} INFO - Started process (PID=8335) to work on /home/arun/.local/lib/python3.10/site-packages/airflow/example_dags/example_short_circuit_decorator.py
[2024-03-04T23:17:24.280+0530] {processor.py:830} INFO - Processing file /home/arun/.local/lib/python3.10/site-packages/airflow/example_dags/example_short_circuit_decorator.py for tasks to queue
[2024-03-04T23:17:24.281+0530] {logging_mixin.py:188} INFO - [2024-03-04T23:17:24.281+0530] {dagbag.py:538} INFO - Filling up the DagBag from /home/arun/.local/lib/python3.10/site-packages/airflow/example_dags/example_short_circuit_decorator.py
[2024-03-04T23:17:24.298+0530] {processor.py:840} INFO - DAG(s) 'example_short_circuit_decorator' retrieved from /home/arun/.local/lib/python3.10/site-packages/airflow/example_dags/example_short_circuit_decorator.py
[2024-03-04T23:17:24.326+0530] {logging_mixin.py:188} INFO - [2024-03-04T23:17:24.326+0530] {dag.py:3036} INFO - Sync 1 DAGs
[2024-03-04T23:17:24.349+0530] {logging_mixin.py:188} INFO - [2024-03-04T23:17:24.348+0530] {dag.py:3823} INFO - Setting next_dagrun for example_short_circuit_decorator to 2024-03-03 00:00:00+00:00, run_after=2024-03-04 00:00:00+00:00
[2024-03-04T23:17:24.392+0530] {processor.py:183} INFO - Processing /home/arun/.local/lib/python3.10/site-packages/airflow/example_dags/example_short_circuit_decorator.py took 0.130 seconds
[2024-03-04T23:19:02.706+0530] {processor.py:161} INFO - Started process (PID=8533) to work on /home/arun/.local/lib/python3.10/site-packages/airflow/example_dags/example_short_circuit_decorator.py
[2024-03-04T23:19:02.743+0530] {processor.py:830} INFO - Processing file /home/arun/.local/lib/python3.10/site-packages/airflow/example_dags/example_short_circuit_decorator.py for tasks to queue
[2024-03-04T23:19:02.745+0530] {logging_mixin.py:188} INFO - [2024-03-04T23:19:02.744+0530] {dagbag.py:538} INFO - Filling up the DagBag from /home/arun/.local/lib/python3.10/site-packages/airflow/example_dags/example_short_circuit_decorator.py
[2024-03-04T23:19:02.764+0530] {processor.py:840} INFO - DAG(s) 'example_short_circuit_decorator' retrieved from /home/arun/.local/lib/python3.10/site-packages/airflow/example_dags/example_short_circuit_decorator.py
[2024-03-04T23:19:02.814+0530] {logging_mixin.py:188} INFO - [2024-03-04T23:19:02.813+0530] {dag.py:3036} INFO - Sync 1 DAGs
[2024-03-04T23:19:02.842+0530] {logging_mixin.py:188} INFO - [2024-03-04T23:19:02.841+0530] {dag.py:3823} INFO - Setting next_dagrun for example_short_circuit_decorator to 2024-03-03 00:00:00+00:00, run_after=2024-03-04 00:00:00+00:00
[2024-03-04T23:19:02.877+0530] {processor.py:183} INFO - Processing /home/arun/.local/lib/python3.10/site-packages/airflow/example_dags/example_short_circuit_decorator.py took 0.175 seconds
[2024-03-04T23:20:35.497+0530] {processor.py:161} INFO - Started process (PID=8728) to work on /home/arun/.local/lib/python3.10/site-packages/airflow/example_dags/example_short_circuit_decorator.py
[2024-03-04T23:20:35.553+0530] {processor.py:830} INFO - Processing file /home/arun/.local/lib/python3.10/site-packages/airflow/example_dags/example_short_circuit_decorator.py for tasks to queue
[2024-03-04T23:20:35.567+0530] {logging_mixin.py:188} INFO - [2024-03-04T23:20:35.566+0530] {dagbag.py:538} INFO - Filling up the DagBag from /home/arun/.local/lib/python3.10/site-packages/airflow/example_dags/example_short_circuit_decorator.py
[2024-03-04T23:20:35.636+0530] {processor.py:840} INFO - DAG(s) 'example_short_circuit_decorator' retrieved from /home/arun/.local/lib/python3.10/site-packages/airflow/example_dags/example_short_circuit_decorator.py
[2024-03-04T23:20:35.707+0530] {logging_mixin.py:188} INFO - [2024-03-04T23:20:35.706+0530] {dag.py:3036} INFO - Sync 1 DAGs
[2024-03-04T23:20:35.780+0530] {logging_mixin.py:188} INFO - [2024-03-04T23:20:35.780+0530] {dag.py:3823} INFO - Setting next_dagrun for example_short_circuit_decorator to 2024-03-03 00:00:00+00:00, run_after=2024-03-04 00:00:00+00:00
[2024-03-04T23:20:35.871+0530] {processor.py:183} INFO - Processing /home/arun/.local/lib/python3.10/site-packages/airflow/example_dags/example_short_circuit_decorator.py took 0.381 seconds
[2024-03-04T23:22:13.799+0530] {processor.py:161} INFO - Started process (PID=8920) to work on /home/arun/.local/lib/python3.10/site-packages/airflow/example_dags/example_short_circuit_decorator.py
[2024-03-04T23:22:13.801+0530] {processor.py:830} INFO - Processing file /home/arun/.local/lib/python3.10/site-packages/airflow/example_dags/example_short_circuit_decorator.py for tasks to queue
[2024-03-04T23:22:13.802+0530] {logging_mixin.py:188} INFO - [2024-03-04T23:22:13.802+0530] {dagbag.py:538} INFO - Filling up the DagBag from /home/arun/.local/lib/python3.10/site-packages/airflow/example_dags/example_short_circuit_decorator.py
[2024-03-04T23:22:13.811+0530] {processor.py:840} INFO - DAG(s) 'example_short_circuit_decorator' retrieved from /home/arun/.local/lib/python3.10/site-packages/airflow/example_dags/example_short_circuit_decorator.py
[2024-03-04T23:22:13.828+0530] {logging_mixin.py:188} INFO - [2024-03-04T23:22:13.828+0530] {dag.py:3036} INFO - Sync 1 DAGs
[2024-03-04T23:22:13.845+0530] {logging_mixin.py:188} INFO - [2024-03-04T23:22:13.845+0530] {dag.py:3823} INFO - Setting next_dagrun for example_short_circuit_decorator to 2024-03-03 00:00:00+00:00, run_after=2024-03-04 00:00:00+00:00
[2024-03-04T23:22:13.874+0530] {processor.py:183} INFO - Processing /home/arun/.local/lib/python3.10/site-packages/airflow/example_dags/example_short_circuit_decorator.py took 0.078 seconds
[2024-03-04T23:24:20.898+0530] {processor.py:161} INFO - Started process (PID=9288) to work on /home/arun/.local/lib/python3.10/site-packages/airflow/example_dags/example_short_circuit_decorator.py
[2024-03-04T23:24:20.900+0530] {processor.py:830} INFO - Processing file /home/arun/.local/lib/python3.10/site-packages/airflow/example_dags/example_short_circuit_decorator.py for tasks to queue
[2024-03-04T23:24:20.902+0530] {logging_mixin.py:188} INFO - [2024-03-04T23:24:20.901+0530] {dagbag.py:538} INFO - Filling up the DagBag from /home/arun/.local/lib/python3.10/site-packages/airflow/example_dags/example_short_circuit_decorator.py
[2024-03-04T23:24:20.914+0530] {processor.py:840} INFO - DAG(s) 'example_short_circuit_decorator' retrieved from /home/arun/.local/lib/python3.10/site-packages/airflow/example_dags/example_short_circuit_decorator.py
[2024-03-04T23:24:20.938+0530] {logging_mixin.py:188} INFO - [2024-03-04T23:24:20.938+0530] {dag.py:3036} INFO - Sync 1 DAGs
[2024-03-04T23:24:20.960+0530] {logging_mixin.py:188} INFO - [2024-03-04T23:24:20.959+0530] {dag.py:3823} INFO - Setting next_dagrun for example_short_circuit_decorator to 2024-03-03 00:00:00+00:00, run_after=2024-03-04 00:00:00+00:00
[2024-03-04T23:24:21.283+0530] {processor.py:183} INFO - Processing /home/arun/.local/lib/python3.10/site-packages/airflow/example_dags/example_short_circuit_decorator.py took 0.390 seconds
[2024-03-04T23:27:00.409+0530] {processor.py:161} INFO - Started process (PID=10200) to work on /home/arun/.local/lib/python3.10/site-packages/airflow/example_dags/example_short_circuit_decorator.py
[2024-03-04T23:27:00.500+0530] {processor.py:830} INFO - Processing file /home/arun/.local/lib/python3.10/site-packages/airflow/example_dags/example_short_circuit_decorator.py for tasks to queue
[2024-03-04T23:27:00.508+0530] {logging_mixin.py:188} INFO - [2024-03-04T23:27:00.507+0530] {dagbag.py:538} INFO - Filling up the DagBag from /home/arun/.local/lib/python3.10/site-packages/airflow/example_dags/example_short_circuit_decorator.py
[2024-03-04T23:27:00.527+0530] {processor.py:840} INFO - DAG(s) 'example_short_circuit_decorator' retrieved from /home/arun/.local/lib/python3.10/site-packages/airflow/example_dags/example_short_circuit_decorator.py
[2024-03-04T23:27:00.554+0530] {logging_mixin.py:188} INFO - [2024-03-04T23:27:00.553+0530] {dag.py:3036} INFO - Sync 1 DAGs
[2024-03-04T23:27:00.597+0530] {logging_mixin.py:188} INFO - [2024-03-04T23:27:00.596+0530] {dag.py:3823} INFO - Setting next_dagrun for example_short_circuit_decorator to 2024-03-03 00:00:00+00:00, run_after=2024-03-04 00:00:00+00:00
[2024-03-04T23:27:00.727+0530] {processor.py:183} INFO - Processing /home/arun/.local/lib/python3.10/site-packages/airflow/example_dags/example_short_circuit_decorator.py took 0.329 seconds
[2024-03-04T23:28:44.388+0530] {processor.py:161} INFO - Started process (PID=10388) to work on /home/arun/.local/lib/python3.10/site-packages/airflow/example_dags/example_short_circuit_decorator.py
[2024-03-04T23:28:44.432+0530] {processor.py:830} INFO - Processing file /home/arun/.local/lib/python3.10/site-packages/airflow/example_dags/example_short_circuit_decorator.py for tasks to queue
[2024-03-04T23:28:44.433+0530] {logging_mixin.py:188} INFO - [2024-03-04T23:28:44.432+0530] {dagbag.py:538} INFO - Filling up the DagBag from /home/arun/.local/lib/python3.10/site-packages/airflow/example_dags/example_short_circuit_decorator.py
[2024-03-04T23:28:44.444+0530] {processor.py:840} INFO - DAG(s) 'example_short_circuit_decorator' retrieved from /home/arun/.local/lib/python3.10/site-packages/airflow/example_dags/example_short_circuit_decorator.py
[2024-03-04T23:28:44.468+0530] {logging_mixin.py:188} INFO - [2024-03-04T23:28:44.468+0530] {dag.py:3036} INFO - Sync 1 DAGs
[2024-03-04T23:28:44.493+0530] {logging_mixin.py:188} INFO - [2024-03-04T23:28:44.492+0530] {dag.py:3823} INFO - Setting next_dagrun for example_short_circuit_decorator to 2024-03-03 00:00:00+00:00, run_after=2024-03-04 00:00:00+00:00
[2024-03-04T23:28:44.527+0530] {processor.py:183} INFO - Processing /home/arun/.local/lib/python3.10/site-packages/airflow/example_dags/example_short_circuit_decorator.py took 0.144 seconds
[2024-03-04T23:30:20.357+0530] {processor.py:161} INFO - Started process (PID=10665) to work on /home/arun/.local/lib/python3.10/site-packages/airflow/example_dags/example_short_circuit_decorator.py
[2024-03-04T23:30:20.384+0530] {processor.py:830} INFO - Processing file /home/arun/.local/lib/python3.10/site-packages/airflow/example_dags/example_short_circuit_decorator.py for tasks to queue
[2024-03-04T23:30:20.388+0530] {logging_mixin.py:188} INFO - [2024-03-04T23:30:20.388+0530] {dagbag.py:538} INFO - Filling up the DagBag from /home/arun/.local/lib/python3.10/site-packages/airflow/example_dags/example_short_circuit_decorator.py
[2024-03-04T23:30:20.413+0530] {processor.py:840} INFO - DAG(s) 'example_short_circuit_decorator' retrieved from /home/arun/.local/lib/python3.10/site-packages/airflow/example_dags/example_short_circuit_decorator.py
[2024-03-04T23:30:20.472+0530] {logging_mixin.py:188} INFO - [2024-03-04T23:30:20.471+0530] {dag.py:3036} INFO - Sync 1 DAGs
[2024-03-04T23:30:20.520+0530] {logging_mixin.py:188} INFO - [2024-03-04T23:30:20.520+0530] {dag.py:3823} INFO - Setting next_dagrun for example_short_circuit_decorator to 2024-03-03 00:00:00+00:00, run_after=2024-03-04 00:00:00+00:00
[2024-03-04T23:30:20.601+0530] {processor.py:183} INFO - Processing /home/arun/.local/lib/python3.10/site-packages/airflow/example_dags/example_short_circuit_decorator.py took 0.250 seconds
[2024-03-04T23:32:17.046+0530] {processor.py:161} INFO - Started process (PID=10898) to work on /home/arun/.local/lib/python3.10/site-packages/airflow/example_dags/example_short_circuit_decorator.py
[2024-03-04T23:32:17.078+0530] {processor.py:830} INFO - Processing file /home/arun/.local/lib/python3.10/site-packages/airflow/example_dags/example_short_circuit_decorator.py for tasks to queue
[2024-03-04T23:32:17.079+0530] {logging_mixin.py:188} INFO - [2024-03-04T23:32:17.079+0530] {dagbag.py:538} INFO - Filling up the DagBag from /home/arun/.local/lib/python3.10/site-packages/airflow/example_dags/example_short_circuit_decorator.py
[2024-03-04T23:32:17.093+0530] {processor.py:840} INFO - DAG(s) 'example_short_circuit_decorator' retrieved from /home/arun/.local/lib/python3.10/site-packages/airflow/example_dags/example_short_circuit_decorator.py
[2024-03-04T23:32:17.123+0530] {logging_mixin.py:188} INFO - [2024-03-04T23:32:17.123+0530] {dag.py:3036} INFO - Sync 1 DAGs
[2024-03-04T23:32:17.155+0530] {logging_mixin.py:188} INFO - [2024-03-04T23:32:17.154+0530] {dag.py:3823} INFO - Setting next_dagrun for example_short_circuit_decorator to 2024-03-03 00:00:00+00:00, run_after=2024-03-04 00:00:00+00:00
[2024-03-04T23:32:17.218+0530] {processor.py:183} INFO - Processing /home/arun/.local/lib/python3.10/site-packages/airflow/example_dags/example_short_circuit_decorator.py took 0.178 seconds
[2024-03-04T23:33:58.909+0530] {processor.py:161} INFO - Started process (PID=11093) to work on /home/arun/.local/lib/python3.10/site-packages/airflow/example_dags/example_short_circuit_decorator.py
[2024-03-04T23:33:58.952+0530] {processor.py:830} INFO - Processing file /home/arun/.local/lib/python3.10/site-packages/airflow/example_dags/example_short_circuit_decorator.py for tasks to queue
[2024-03-04T23:33:58.954+0530] {logging_mixin.py:188} INFO - [2024-03-04T23:33:58.953+0530] {dagbag.py:538} INFO - Filling up the DagBag from /home/arun/.local/lib/python3.10/site-packages/airflow/example_dags/example_short_circuit_decorator.py
[2024-03-04T23:33:58.970+0530] {processor.py:840} INFO - DAG(s) 'example_short_circuit_decorator' retrieved from /home/arun/.local/lib/python3.10/site-packages/airflow/example_dags/example_short_circuit_decorator.py
[2024-03-04T23:33:58.996+0530] {logging_mixin.py:188} INFO - [2024-03-04T23:33:58.996+0530] {dag.py:3036} INFO - Sync 1 DAGs
[2024-03-04T23:33:59.018+0530] {logging_mixin.py:188} INFO - [2024-03-04T23:33:59.018+0530] {dag.py:3823} INFO - Setting next_dagrun for example_short_circuit_decorator to 2024-03-03 00:00:00+00:00, run_after=2024-03-04 00:00:00+00:00
[2024-03-04T23:33:59.047+0530] {processor.py:183} INFO - Processing /home/arun/.local/lib/python3.10/site-packages/airflow/example_dags/example_short_circuit_decorator.py took 0.144 seconds
[2024-03-04T23:35:37.985+0530] {processor.py:161} INFO - Started process (PID=11267) to work on /home/arun/.local/lib/python3.10/site-packages/airflow/example_dags/example_short_circuit_decorator.py
[2024-03-04T23:35:38.018+0530] {processor.py:830} INFO - Processing file /home/arun/.local/lib/python3.10/site-packages/airflow/example_dags/example_short_circuit_decorator.py for tasks to queue
[2024-03-04T23:35:38.019+0530] {logging_mixin.py:188} INFO - [2024-03-04T23:35:38.018+0530] {dagbag.py:538} INFO - Filling up the DagBag from /home/arun/.local/lib/python3.10/site-packages/airflow/example_dags/example_short_circuit_decorator.py
[2024-03-04T23:35:38.027+0530] {processor.py:840} INFO - DAG(s) 'example_short_circuit_decorator' retrieved from /home/arun/.local/lib/python3.10/site-packages/airflow/example_dags/example_short_circuit_decorator.py
[2024-03-04T23:35:38.046+0530] {logging_mixin.py:188} INFO - [2024-03-04T23:35:38.045+0530] {dag.py:3036} INFO - Sync 1 DAGs
[2024-03-04T23:35:38.067+0530] {logging_mixin.py:188} INFO - [2024-03-04T23:35:38.067+0530] {dag.py:3823} INFO - Setting next_dagrun for example_short_circuit_decorator to 2024-03-03 00:00:00+00:00, run_after=2024-03-04 00:00:00+00:00
[2024-03-04T23:35:38.106+0530] {processor.py:183} INFO - Processing /home/arun/.local/lib/python3.10/site-packages/airflow/example_dags/example_short_circuit_decorator.py took 0.125 seconds
