[2024-03-04T18:30:01.258+0530] {processor.py:161} INFO - Started process (PID=11977) to work on /home/arun/.local/lib/python3.10/site-packages/airflow/example_dags/example_branch_labels.py
[2024-03-04T18:30:01.260+0530] {processor.py:830} INFO - Processing file /home/arun/.local/lib/python3.10/site-packages/airflow/example_dags/example_branch_labels.py for tasks to queue
[2024-03-04T18:30:01.291+0530] {logging_mixin.py:188} INFO - [2024-03-04T18:30:01.260+0530] {dagbag.py:538} INFO - Filling up the DagBag from /home/arun/.local/lib/python3.10/site-packages/airflow/example_dags/example_branch_labels.py
[2024-03-04T18:30:01.326+0530] {processor.py:840} INFO - DAG(s) 'example_branch_labels' retrieved from /home/arun/.local/lib/python3.10/site-packages/airflow/example_dags/example_branch_labels.py
[2024-03-04T18:30:02.008+0530] {logging_mixin.py:188} INFO - [2024-03-04T18:30:02.008+0530] {dag.py:3036} INFO - Sync 1 DAGs
[2024-03-04T18:30:02.045+0530] {logging_mixin.py:188} INFO - [2024-03-04T18:30:02.045+0530] {dag.py:3823} INFO - Setting next_dagrun for example_branch_labels to 2024-03-03 00:00:00+00:00, run_after=2024-03-04 00:00:00+00:00
[2024-03-04T18:30:02.153+0530] {processor.py:183} INFO - Processing /home/arun/.local/lib/python3.10/site-packages/airflow/example_dags/example_branch_labels.py took 0.903 seconds
[2024-03-04T18:32:19.216+0530] {processor.py:161} INFO - Started process (PID=12135) to work on /home/arun/.local/lib/python3.10/site-packages/airflow/example_dags/example_branch_labels.py
[2024-03-04T18:32:19.245+0530] {processor.py:830} INFO - Processing file /home/arun/.local/lib/python3.10/site-packages/airflow/example_dags/example_branch_labels.py for tasks to queue
[2024-03-04T18:32:19.250+0530] {logging_mixin.py:188} INFO - [2024-03-04T18:32:19.248+0530] {dagbag.py:538} INFO - Filling up the DagBag from /home/arun/.local/lib/python3.10/site-packages/airflow/example_dags/example_branch_labels.py
[2024-03-04T18:32:19.269+0530] {processor.py:840} INFO - DAG(s) 'example_branch_labels' retrieved from /home/arun/.local/lib/python3.10/site-packages/airflow/example_dags/example_branch_labels.py
[2024-03-04T18:32:19.402+0530] {logging_mixin.py:188} INFO - [2024-03-04T18:32:19.401+0530] {dag.py:3036} INFO - Sync 1 DAGs
[2024-03-04T18:32:19.435+0530] {logging_mixin.py:188} INFO - [2024-03-04T18:32:19.434+0530] {dag.py:3823} INFO - Setting next_dagrun for example_branch_labels to 2024-03-03 00:00:00+00:00, run_after=2024-03-04 00:00:00+00:00
[2024-03-04T18:32:19.528+0530] {processor.py:183} INFO - Processing /home/arun/.local/lib/python3.10/site-packages/airflow/example_dags/example_branch_labels.py took 0.331 seconds
[2024-03-04T18:34:25.628+0530] {processor.py:161} INFO - Started process (PID=12279) to work on /home/arun/.local/lib/python3.10/site-packages/airflow/example_dags/example_branch_labels.py
[2024-03-04T18:34:25.656+0530] {processor.py:830} INFO - Processing file /home/arun/.local/lib/python3.10/site-packages/airflow/example_dags/example_branch_labels.py for tasks to queue
[2024-03-04T18:34:25.660+0530] {logging_mixin.py:188} INFO - [2024-03-04T18:34:25.657+0530] {dagbag.py:538} INFO - Filling up the DagBag from /home/arun/.local/lib/python3.10/site-packages/airflow/example_dags/example_branch_labels.py
[2024-03-04T18:34:25.690+0530] {processor.py:840} INFO - DAG(s) 'example_branch_labels' retrieved from /home/arun/.local/lib/python3.10/site-packages/airflow/example_dags/example_branch_labels.py
[2024-03-04T18:34:25.739+0530] {logging_mixin.py:188} INFO - [2024-03-04T18:34:25.732+0530] {dag.py:3036} INFO - Sync 1 DAGs
[2024-03-04T18:34:25.800+0530] {logging_mixin.py:188} INFO - [2024-03-04T18:34:25.797+0530] {dag.py:3823} INFO - Setting next_dagrun for example_branch_labels to 2024-03-03 00:00:00+00:00, run_after=2024-03-04 00:00:00+00:00
[2024-03-04T18:34:25.868+0530] {processor.py:183} INFO - Processing /home/arun/.local/lib/python3.10/site-packages/airflow/example_dags/example_branch_labels.py took 0.246 seconds
[2024-03-04T18:36:49.812+0530] {processor.py:161} INFO - Started process (PID=12444) to work on /home/arun/.local/lib/python3.10/site-packages/airflow/example_dags/example_branch_labels.py
[2024-03-04T18:36:49.825+0530] {processor.py:830} INFO - Processing file /home/arun/.local/lib/python3.10/site-packages/airflow/example_dags/example_branch_labels.py for tasks to queue
[2024-03-04T18:36:49.827+0530] {logging_mixin.py:188} INFO - [2024-03-04T18:36:49.826+0530] {dagbag.py:538} INFO - Filling up the DagBag from /home/arun/.local/lib/python3.10/site-packages/airflow/example_dags/example_branch_labels.py
[2024-03-04T18:36:49.840+0530] {processor.py:840} INFO - DAG(s) 'example_branch_labels' retrieved from /home/arun/.local/lib/python3.10/site-packages/airflow/example_dags/example_branch_labels.py
[2024-03-04T18:36:49.950+0530] {logging_mixin.py:188} INFO - [2024-03-04T18:36:49.949+0530] {dag.py:3036} INFO - Sync 1 DAGs
[2024-03-04T18:36:50.028+0530] {logging_mixin.py:188} INFO - [2024-03-04T18:36:50.027+0530] {dag.py:3823} INFO - Setting next_dagrun for example_branch_labels to 2024-03-03 00:00:00+00:00, run_after=2024-03-04 00:00:00+00:00
[2024-03-04T18:36:50.133+0530] {processor.py:183} INFO - Processing /home/arun/.local/lib/python3.10/site-packages/airflow/example_dags/example_branch_labels.py took 0.342 seconds
[2024-03-04T18:39:33.884+0530] {processor.py:161} INFO - Started process (PID=12610) to work on /home/arun/.local/lib/python3.10/site-packages/airflow/example_dags/example_branch_labels.py
[2024-03-04T18:39:33.951+0530] {processor.py:830} INFO - Processing file /home/arun/.local/lib/python3.10/site-packages/airflow/example_dags/example_branch_labels.py for tasks to queue
[2024-03-04T18:39:33.953+0530] {logging_mixin.py:188} INFO - [2024-03-04T18:39:33.951+0530] {dagbag.py:538} INFO - Filling up the DagBag from /home/arun/.local/lib/python3.10/site-packages/airflow/example_dags/example_branch_labels.py
[2024-03-04T18:39:33.970+0530] {processor.py:840} INFO - DAG(s) 'example_branch_labels' retrieved from /home/arun/.local/lib/python3.10/site-packages/airflow/example_dags/example_branch_labels.py
[2024-03-04T18:39:34.092+0530] {logging_mixin.py:188} INFO - [2024-03-04T18:39:34.092+0530] {dag.py:3036} INFO - Sync 1 DAGs
[2024-03-04T18:39:34.132+0530] {logging_mixin.py:188} INFO - [2024-03-04T18:39:34.132+0530] {dag.py:3823} INFO - Setting next_dagrun for example_branch_labels to 2024-03-03 00:00:00+00:00, run_after=2024-03-04 00:00:00+00:00
[2024-03-04T18:39:34.203+0530] {processor.py:183} INFO - Processing /home/arun/.local/lib/python3.10/site-packages/airflow/example_dags/example_branch_labels.py took 0.329 seconds
[2024-03-04T18:41:59.863+0530] {processor.py:161} INFO - Started process (PID=12836) to work on /home/arun/.local/lib/python3.10/site-packages/airflow/example_dags/example_branch_labels.py
[2024-03-04T18:41:59.882+0530] {processor.py:830} INFO - Processing file /home/arun/.local/lib/python3.10/site-packages/airflow/example_dags/example_branch_labels.py for tasks to queue
[2024-03-04T18:41:59.883+0530] {logging_mixin.py:188} INFO - [2024-03-04T18:41:59.883+0530] {dagbag.py:538} INFO - Filling up the DagBag from /home/arun/.local/lib/python3.10/site-packages/airflow/example_dags/example_branch_labels.py
[2024-03-04T18:41:59.894+0530] {processor.py:840} INFO - DAG(s) 'example_branch_labels' retrieved from /home/arun/.local/lib/python3.10/site-packages/airflow/example_dags/example_branch_labels.py
[2024-03-04T18:41:59.918+0530] {logging_mixin.py:188} INFO - [2024-03-04T18:41:59.918+0530] {dag.py:3036} INFO - Sync 1 DAGs
[2024-03-04T18:41:59.951+0530] {logging_mixin.py:188} INFO - [2024-03-04T18:41:59.951+0530] {dag.py:3823} INFO - Setting next_dagrun for example_branch_labels to 2024-03-03 00:00:00+00:00, run_after=2024-03-04 00:00:00+00:00
[2024-03-04T18:42:00.033+0530] {processor.py:183} INFO - Processing /home/arun/.local/lib/python3.10/site-packages/airflow/example_dags/example_branch_labels.py took 0.174 seconds
[2024-03-04T18:46:07.224+0530] {processor.py:161} INFO - Started process (PID=13933) to work on /home/arun/.local/lib/python3.10/site-packages/airflow/example_dags/example_branch_labels.py
[2024-03-04T18:46:07.291+0530] {processor.py:830} INFO - Processing file /home/arun/.local/lib/python3.10/site-packages/airflow/example_dags/example_branch_labels.py for tasks to queue
[2024-03-04T18:46:07.293+0530] {logging_mixin.py:188} INFO - [2024-03-04T18:46:07.292+0530] {dagbag.py:538} INFO - Filling up the DagBag from /home/arun/.local/lib/python3.10/site-packages/airflow/example_dags/example_branch_labels.py
[2024-03-04T18:46:07.341+0530] {processor.py:840} INFO - DAG(s) 'example_branch_labels' retrieved from /home/arun/.local/lib/python3.10/site-packages/airflow/example_dags/example_branch_labels.py
[2024-03-04T18:46:07.413+0530] {logging_mixin.py:188} INFO - [2024-03-04T18:46:07.413+0530] {dag.py:3036} INFO - Sync 1 DAGs
[2024-03-04T18:46:07.468+0530] {logging_mixin.py:188} INFO - [2024-03-04T18:46:07.467+0530] {dag.py:3823} INFO - Setting next_dagrun for example_branch_labels to 2024-03-03 00:00:00+00:00, run_after=2024-03-04 00:00:00+00:00
[2024-03-04T18:46:07.523+0530] {processor.py:183} INFO - Processing /home/arun/.local/lib/python3.10/site-packages/airflow/example_dags/example_branch_labels.py took 0.321 seconds
[2024-03-04T18:55:48.966+0530] {processor.py:161} INFO - Started process (PID=5818) to work on /home/arun/.local/lib/python3.10/site-packages/airflow/example_dags/example_branch_labels.py
[2024-03-04T18:55:49.005+0530] {processor.py:830} INFO - Processing file /home/arun/.local/lib/python3.10/site-packages/airflow/example_dags/example_branch_labels.py for tasks to queue
[2024-03-04T18:55:49.007+0530] {logging_mixin.py:188} INFO - [2024-03-04T18:55:49.006+0530] {dagbag.py:538} INFO - Filling up the DagBag from /home/arun/.local/lib/python3.10/site-packages/airflow/example_dags/example_branch_labels.py
[2024-03-04T18:55:49.018+0530] {processor.py:840} INFO - DAG(s) 'example_branch_labels' retrieved from /home/arun/.local/lib/python3.10/site-packages/airflow/example_dags/example_branch_labels.py
[2024-03-04T18:55:49.553+0530] {logging_mixin.py:188} INFO - [2024-03-04T18:55:49.552+0530] {dag.py:3036} INFO - Sync 1 DAGs
[2024-03-04T18:55:49.622+0530] {logging_mixin.py:188} INFO - [2024-03-04T18:55:49.621+0530] {dag.py:3823} INFO - Setting next_dagrun for example_branch_labels to 2024-03-03 00:00:00+00:00, run_after=2024-03-04 00:00:00+00:00
[2024-03-04T18:55:49.689+0530] {processor.py:183} INFO - Processing /home/arun/.local/lib/python3.10/site-packages/airflow/example_dags/example_branch_labels.py took 0.723 seconds
[2024-03-04T18:58:11.519+0530] {processor.py:161} INFO - Started process (PID=6026) to work on /home/arun/.local/lib/python3.10/site-packages/airflow/example_dags/example_branch_labels.py
[2024-03-04T18:58:11.569+0530] {processor.py:830} INFO - Processing file /home/arun/.local/lib/python3.10/site-packages/airflow/example_dags/example_branch_labels.py for tasks to queue
[2024-03-04T18:58:11.571+0530] {logging_mixin.py:188} INFO - [2024-03-04T18:58:11.571+0530] {dagbag.py:538} INFO - Filling up the DagBag from /home/arun/.local/lib/python3.10/site-packages/airflow/example_dags/example_branch_labels.py
[2024-03-04T18:58:11.585+0530] {processor.py:840} INFO - DAG(s) 'example_branch_labels' retrieved from /home/arun/.local/lib/python3.10/site-packages/airflow/example_dags/example_branch_labels.py
[2024-03-04T18:58:11.632+0530] {logging_mixin.py:188} INFO - [2024-03-04T18:58:11.631+0530] {dag.py:3036} INFO - Sync 1 DAGs
[2024-03-04T18:58:11.687+0530] {logging_mixin.py:188} INFO - [2024-03-04T18:58:11.687+0530] {dag.py:3823} INFO - Setting next_dagrun for example_branch_labels to 2024-03-03 00:00:00+00:00, run_after=2024-03-04 00:00:00+00:00
[2024-03-04T18:58:11.790+0530] {processor.py:183} INFO - Processing /home/arun/.local/lib/python3.10/site-packages/airflow/example_dags/example_branch_labels.py took 0.281 seconds
[2024-03-04T19:00:19.726+0530] {processor.py:161} INFO - Started process (PID=6430) to work on /home/arun/.local/lib/python3.10/site-packages/airflow/example_dags/example_branch_labels.py
[2024-03-04T19:00:19.778+0530] {processor.py:830} INFO - Processing file /home/arun/.local/lib/python3.10/site-packages/airflow/example_dags/example_branch_labels.py for tasks to queue
[2024-03-04T19:00:19.779+0530] {logging_mixin.py:188} INFO - [2024-03-04T19:00:19.779+0530] {dagbag.py:538} INFO - Filling up the DagBag from /home/arun/.local/lib/python3.10/site-packages/airflow/example_dags/example_branch_labels.py
[2024-03-04T19:00:19.803+0530] {processor.py:840} INFO - DAG(s) 'example_branch_labels' retrieved from /home/arun/.local/lib/python3.10/site-packages/airflow/example_dags/example_branch_labels.py
[2024-03-04T19:00:19.855+0530] {logging_mixin.py:188} INFO - [2024-03-04T19:00:19.855+0530] {dag.py:3036} INFO - Sync 1 DAGs
[2024-03-04T19:00:19.926+0530] {logging_mixin.py:188} INFO - [2024-03-04T19:00:19.925+0530] {dag.py:3823} INFO - Setting next_dagrun for example_branch_labels to 2024-03-03 00:00:00+00:00, run_after=2024-03-04 00:00:00+00:00
[2024-03-04T19:00:20.118+0530] {processor.py:183} INFO - Processing /home/arun/.local/lib/python3.10/site-packages/airflow/example_dags/example_branch_labels.py took 0.400 seconds
[2024-03-04T19:02:06.077+0530] {processor.py:161} INFO - Started process (PID=6649) to work on /home/arun/.local/lib/python3.10/site-packages/airflow/example_dags/example_branch_labels.py
[2024-03-04T19:02:06.146+0530] {processor.py:830} INFO - Processing file /home/arun/.local/lib/python3.10/site-packages/airflow/example_dags/example_branch_labels.py for tasks to queue
[2024-03-04T19:02:06.151+0530] {logging_mixin.py:188} INFO - [2024-03-04T19:02:06.147+0530] {dagbag.py:538} INFO - Filling up the DagBag from /home/arun/.local/lib/python3.10/site-packages/airflow/example_dags/example_branch_labels.py
[2024-03-04T19:02:06.174+0530] {processor.py:840} INFO - DAG(s) 'example_branch_labels' retrieved from /home/arun/.local/lib/python3.10/site-packages/airflow/example_dags/example_branch_labels.py
[2024-03-04T19:02:06.205+0530] {logging_mixin.py:188} INFO - [2024-03-04T19:02:06.205+0530] {dag.py:3036} INFO - Sync 1 DAGs
[2024-03-04T19:02:06.295+0530] {logging_mixin.py:188} INFO - [2024-03-04T19:02:06.295+0530] {dag.py:3823} INFO - Setting next_dagrun for example_branch_labels to 2024-03-03 00:00:00+00:00, run_after=2024-03-04 00:00:00+00:00
[2024-03-04T19:02:06.399+0530] {processor.py:183} INFO - Processing /home/arun/.local/lib/python3.10/site-packages/airflow/example_dags/example_branch_labels.py took 0.329 seconds
[2024-03-04T19:05:59.995+0530] {processor.py:161} INFO - Started process (PID=6984) to work on /home/arun/.local/lib/python3.10/site-packages/airflow/example_dags/example_branch_labels.py
[2024-03-04T19:06:00.037+0530] {processor.py:830} INFO - Processing file /home/arun/.local/lib/python3.10/site-packages/airflow/example_dags/example_branch_labels.py for tasks to queue
[2024-03-04T19:06:00.039+0530] {logging_mixin.py:188} INFO - [2024-03-04T19:06:00.039+0530] {dagbag.py:538} INFO - Filling up the DagBag from /home/arun/.local/lib/python3.10/site-packages/airflow/example_dags/example_branch_labels.py
[2024-03-04T19:06:00.053+0530] {processor.py:840} INFO - DAG(s) 'example_branch_labels' retrieved from /home/arun/.local/lib/python3.10/site-packages/airflow/example_dags/example_branch_labels.py
[2024-03-04T19:06:00.135+0530] {logging_mixin.py:188} INFO - [2024-03-04T19:06:00.135+0530] {dag.py:3036} INFO - Sync 1 DAGs
[2024-03-04T19:06:00.180+0530] {logging_mixin.py:188} INFO - [2024-03-04T19:06:00.179+0530] {dag.py:3823} INFO - Setting next_dagrun for example_branch_labels to 2024-03-03 00:00:00+00:00, run_after=2024-03-04 00:00:00+00:00
[2024-03-04T19:06:00.379+0530] {processor.py:183} INFO - Processing /home/arun/.local/lib/python3.10/site-packages/airflow/example_dags/example_branch_labels.py took 0.411 seconds
[2024-03-04T19:07:43.877+0530] {processor.py:161} INFO - Started process (PID=7194) to work on /home/arun/.local/lib/python3.10/site-packages/airflow/example_dags/example_branch_labels.py
[2024-03-04T19:07:43.916+0530] {processor.py:830} INFO - Processing file /home/arun/.local/lib/python3.10/site-packages/airflow/example_dags/example_branch_labels.py for tasks to queue
[2024-03-04T19:07:43.918+0530] {logging_mixin.py:188} INFO - [2024-03-04T19:07:43.917+0530] {dagbag.py:538} INFO - Filling up the DagBag from /home/arun/.local/lib/python3.10/site-packages/airflow/example_dags/example_branch_labels.py
[2024-03-04T19:07:43.931+0530] {processor.py:840} INFO - DAG(s) 'example_branch_labels' retrieved from /home/arun/.local/lib/python3.10/site-packages/airflow/example_dags/example_branch_labels.py
[2024-03-04T19:07:43.949+0530] {logging_mixin.py:188} INFO - [2024-03-04T19:07:43.949+0530] {dag.py:3036} INFO - Sync 1 DAGs
[2024-03-04T19:07:43.973+0530] {logging_mixin.py:188} INFO - [2024-03-04T19:07:43.973+0530] {dag.py:3823} INFO - Setting next_dagrun for example_branch_labels to 2024-03-03 00:00:00+00:00, run_after=2024-03-04 00:00:00+00:00
[2024-03-04T19:07:44.004+0530] {processor.py:183} INFO - Processing /home/arun/.local/lib/python3.10/site-packages/airflow/example_dags/example_branch_labels.py took 0.140 seconds
[2024-03-04T19:08:59.402+0530] {processor.py:161} INFO - Started process (PID=7347) to work on /home/arun/.local/lib/python3.10/site-packages/airflow/example_dags/example_branch_labels.py
[2024-03-04T19:08:59.450+0530] {processor.py:830} INFO - Processing file /home/arun/.local/lib/python3.10/site-packages/airflow/example_dags/example_branch_labels.py for tasks to queue
[2024-03-04T19:08:59.451+0530] {logging_mixin.py:188} INFO - [2024-03-04T19:08:59.451+0530] {dagbag.py:538} INFO - Filling up the DagBag from /home/arun/.local/lib/python3.10/site-packages/airflow/example_dags/example_branch_labels.py
[2024-03-04T19:08:59.465+0530] {processor.py:840} INFO - DAG(s) 'example_branch_labels' retrieved from /home/arun/.local/lib/python3.10/site-packages/airflow/example_dags/example_branch_labels.py
[2024-03-04T19:08:59.488+0530] {logging_mixin.py:188} INFO - [2024-03-04T19:08:59.488+0530] {dag.py:3036} INFO - Sync 1 DAGs
[2024-03-04T19:08:59.513+0530] {logging_mixin.py:188} INFO - [2024-03-04T19:08:59.512+0530] {dag.py:3823} INFO - Setting next_dagrun for example_branch_labels to 2024-03-03 00:00:00+00:00, run_after=2024-03-04 00:00:00+00:00
[2024-03-04T19:08:59.547+0530] {processor.py:183} INFO - Processing /home/arun/.local/lib/python3.10/site-packages/airflow/example_dags/example_branch_labels.py took 0.148 seconds
[2024-03-04T19:10:24.917+0530] {processor.py:161} INFO - Started process (PID=7516) to work on /home/arun/.local/lib/python3.10/site-packages/airflow/example_dags/example_branch_labels.py
[2024-03-04T19:10:24.950+0530] {processor.py:830} INFO - Processing file /home/arun/.local/lib/python3.10/site-packages/airflow/example_dags/example_branch_labels.py for tasks to queue
[2024-03-04T19:10:24.952+0530] {logging_mixin.py:188} INFO - [2024-03-04T19:10:24.951+0530] {dagbag.py:538} INFO - Filling up the DagBag from /home/arun/.local/lib/python3.10/site-packages/airflow/example_dags/example_branch_labels.py
[2024-03-04T19:10:24.960+0530] {processor.py:840} INFO - DAG(s) 'example_branch_labels' retrieved from /home/arun/.local/lib/python3.10/site-packages/airflow/example_dags/example_branch_labels.py
[2024-03-04T19:10:24.980+0530] {logging_mixin.py:188} INFO - [2024-03-04T19:10:24.980+0530] {dag.py:3036} INFO - Sync 1 DAGs
[2024-03-04T19:10:25.006+0530] {logging_mixin.py:188} INFO - [2024-03-04T19:10:25.006+0530] {dag.py:3823} INFO - Setting next_dagrun for example_branch_labels to 2024-03-03 00:00:00+00:00, run_after=2024-03-04 00:00:00+00:00
[2024-03-04T19:10:25.038+0530] {processor.py:183} INFO - Processing /home/arun/.local/lib/python3.10/site-packages/airflow/example_dags/example_branch_labels.py took 0.124 seconds
[2024-03-04T19:11:49.455+0530] {processor.py:161} INFO - Started process (PID=7665) to work on /home/arun/.local/lib/python3.10/site-packages/airflow/example_dags/example_branch_labels.py
[2024-03-04T19:11:49.496+0530] {processor.py:830} INFO - Processing file /home/arun/.local/lib/python3.10/site-packages/airflow/example_dags/example_branch_labels.py for tasks to queue
[2024-03-04T19:11:49.501+0530] {logging_mixin.py:188} INFO - [2024-03-04T19:11:49.500+0530] {dagbag.py:538} INFO - Filling up the DagBag from /home/arun/.local/lib/python3.10/site-packages/airflow/example_dags/example_branch_labels.py
[2024-03-04T19:11:49.534+0530] {processor.py:840} INFO - DAG(s) 'example_branch_labels' retrieved from /home/arun/.local/lib/python3.10/site-packages/airflow/example_dags/example_branch_labels.py
[2024-03-04T19:11:49.585+0530] {logging_mixin.py:188} INFO - [2024-03-04T19:11:49.584+0530] {dag.py:3036} INFO - Sync 1 DAGs
[2024-03-04T19:11:49.650+0530] {logging_mixin.py:188} INFO - [2024-03-04T19:11:49.650+0530] {dag.py:3823} INFO - Setting next_dagrun for example_branch_labels to 2024-03-03 00:00:00+00:00, run_after=2024-03-04 00:00:00+00:00
[2024-03-04T19:11:49.700+0530] {processor.py:183} INFO - Processing /home/arun/.local/lib/python3.10/site-packages/airflow/example_dags/example_branch_labels.py took 0.257 seconds
[2024-03-04T19:13:19.194+0530] {processor.py:161} INFO - Started process (PID=7829) to work on /home/arun/.local/lib/python3.10/site-packages/airflow/example_dags/example_branch_labels.py
[2024-03-04T19:13:19.197+0530] {processor.py:830} INFO - Processing file /home/arun/.local/lib/python3.10/site-packages/airflow/example_dags/example_branch_labels.py for tasks to queue
[2024-03-04T19:13:19.198+0530] {logging_mixin.py:188} INFO - [2024-03-04T19:13:19.198+0530] {dagbag.py:538} INFO - Filling up the DagBag from /home/arun/.local/lib/python3.10/site-packages/airflow/example_dags/example_branch_labels.py
[2024-03-04T19:13:19.206+0530] {processor.py:840} INFO - DAG(s) 'example_branch_labels' retrieved from /home/arun/.local/lib/python3.10/site-packages/airflow/example_dags/example_branch_labels.py
[2024-03-04T19:13:19.225+0530] {logging_mixin.py:188} INFO - [2024-03-04T19:13:19.225+0530] {dag.py:3036} INFO - Sync 1 DAGs
[2024-03-04T19:13:19.254+0530] {logging_mixin.py:188} INFO - [2024-03-04T19:13:19.253+0530] {dag.py:3823} INFO - Setting next_dagrun for example_branch_labels to 2024-03-03 00:00:00+00:00, run_after=2024-03-04 00:00:00+00:00
[2024-03-04T19:13:19.302+0530] {processor.py:183} INFO - Processing /home/arun/.local/lib/python3.10/site-packages/airflow/example_dags/example_branch_labels.py took 0.110 seconds
[2024-03-04T19:14:43.869+0530] {processor.py:161} INFO - Started process (PID=7985) to work on /home/arun/.local/lib/python3.10/site-packages/airflow/example_dags/example_branch_labels.py
[2024-03-04T19:14:43.871+0530] {processor.py:830} INFO - Processing file /home/arun/.local/lib/python3.10/site-packages/airflow/example_dags/example_branch_labels.py for tasks to queue
[2024-03-04T19:14:43.872+0530] {logging_mixin.py:188} INFO - [2024-03-04T19:14:43.872+0530] {dagbag.py:538} INFO - Filling up the DagBag from /home/arun/.local/lib/python3.10/site-packages/airflow/example_dags/example_branch_labels.py
[2024-03-04T19:14:43.886+0530] {processor.py:840} INFO - DAG(s) 'example_branch_labels' retrieved from /home/arun/.local/lib/python3.10/site-packages/airflow/example_dags/example_branch_labels.py
[2024-03-04T19:14:43.964+0530] {logging_mixin.py:188} INFO - [2024-03-04T19:14:43.963+0530] {dag.py:3036} INFO - Sync 1 DAGs
[2024-03-04T19:14:44.044+0530] {logging_mixin.py:188} INFO - [2024-03-04T19:14:44.044+0530] {dag.py:3823} INFO - Setting next_dagrun for example_branch_labels to 2024-03-03 00:00:00+00:00, run_after=2024-03-04 00:00:00+00:00
[2024-03-04T19:14:44.184+0530] {processor.py:183} INFO - Processing /home/arun/.local/lib/python3.10/site-packages/airflow/example_dags/example_branch_labels.py took 0.321 seconds
[2024-03-04T19:16:08.434+0530] {processor.py:161} INFO - Started process (PID=8218) to work on /home/arun/.local/lib/python3.10/site-packages/airflow/example_dags/example_branch_labels.py
[2024-03-04T19:16:08.468+0530] {processor.py:830} INFO - Processing file /home/arun/.local/lib/python3.10/site-packages/airflow/example_dags/example_branch_labels.py for tasks to queue
[2024-03-04T19:16:08.470+0530] {logging_mixin.py:188} INFO - [2024-03-04T19:16:08.469+0530] {dagbag.py:538} INFO - Filling up the DagBag from /home/arun/.local/lib/python3.10/site-packages/airflow/example_dags/example_branch_labels.py
[2024-03-04T19:16:08.483+0530] {processor.py:840} INFO - DAG(s) 'example_branch_labels' retrieved from /home/arun/.local/lib/python3.10/site-packages/airflow/example_dags/example_branch_labels.py
[2024-03-04T19:16:08.510+0530] {logging_mixin.py:188} INFO - [2024-03-04T19:16:08.509+0530] {dag.py:3036} INFO - Sync 1 DAGs
[2024-03-04T19:16:08.539+0530] {logging_mixin.py:188} INFO - [2024-03-04T19:16:08.538+0530] {dag.py:3823} INFO - Setting next_dagrun for example_branch_labels to 2024-03-03 00:00:00+00:00, run_after=2024-03-04 00:00:00+00:00
[2024-03-04T19:16:08.577+0530] {processor.py:183} INFO - Processing /home/arun/.local/lib/python3.10/site-packages/airflow/example_dags/example_branch_labels.py took 0.149 seconds
[2024-03-04T19:17:35.066+0530] {processor.py:161} INFO - Started process (PID=8380) to work on /home/arun/.local/lib/python3.10/site-packages/airflow/example_dags/example_branch_labels.py
[2024-03-04T19:17:35.071+0530] {processor.py:830} INFO - Processing file /home/arun/.local/lib/python3.10/site-packages/airflow/example_dags/example_branch_labels.py for tasks to queue
[2024-03-04T19:17:35.072+0530] {logging_mixin.py:188} INFO - [2024-03-04T19:17:35.071+0530] {dagbag.py:538} INFO - Filling up the DagBag from /home/arun/.local/lib/python3.10/site-packages/airflow/example_dags/example_branch_labels.py
[2024-03-04T19:17:35.084+0530] {processor.py:840} INFO - DAG(s) 'example_branch_labels' retrieved from /home/arun/.local/lib/python3.10/site-packages/airflow/example_dags/example_branch_labels.py
[2024-03-04T19:17:35.170+0530] {logging_mixin.py:188} INFO - [2024-03-04T19:17:35.170+0530] {dag.py:3036} INFO - Sync 1 DAGs
[2024-03-04T19:17:35.218+0530] {logging_mixin.py:188} INFO - [2024-03-04T19:17:35.217+0530] {dag.py:3823} INFO - Setting next_dagrun for example_branch_labels to 2024-03-03 00:00:00+00:00, run_after=2024-03-04 00:00:00+00:00
[2024-03-04T19:17:35.289+0530] {processor.py:183} INFO - Processing /home/arun/.local/lib/python3.10/site-packages/airflow/example_dags/example_branch_labels.py took 0.228 seconds
[2024-03-04T19:18:59.040+0530] {processor.py:161} INFO - Started process (PID=8555) to work on /home/arun/.local/lib/python3.10/site-packages/airflow/example_dags/example_branch_labels.py
[2024-03-04T19:18:59.075+0530] {processor.py:830} INFO - Processing file /home/arun/.local/lib/python3.10/site-packages/airflow/example_dags/example_branch_labels.py for tasks to queue
[2024-03-04T19:18:59.077+0530] {logging_mixin.py:188} INFO - [2024-03-04T19:18:59.076+0530] {dagbag.py:538} INFO - Filling up the DagBag from /home/arun/.local/lib/python3.10/site-packages/airflow/example_dags/example_branch_labels.py
[2024-03-04T19:18:59.093+0530] {processor.py:840} INFO - DAG(s) 'example_branch_labels' retrieved from /home/arun/.local/lib/python3.10/site-packages/airflow/example_dags/example_branch_labels.py
[2024-03-04T19:18:59.118+0530] {logging_mixin.py:188} INFO - [2024-03-04T19:18:59.118+0530] {dag.py:3036} INFO - Sync 1 DAGs
[2024-03-04T19:18:59.149+0530] {logging_mixin.py:188} INFO - [2024-03-04T19:18:59.148+0530] {dag.py:3823} INFO - Setting next_dagrun for example_branch_labels to 2024-03-03 00:00:00+00:00, run_after=2024-03-04 00:00:00+00:00
[2024-03-04T19:18:59.183+0530] {processor.py:183} INFO - Processing /home/arun/.local/lib/python3.10/site-packages/airflow/example_dags/example_branch_labels.py took 0.150 seconds
[2024-03-04T19:20:28.702+0530] {processor.py:161} INFO - Started process (PID=8726) to work on /home/arun/.local/lib/python3.10/site-packages/airflow/example_dags/example_branch_labels.py
[2024-03-04T19:20:28.707+0530] {processor.py:830} INFO - Processing file /home/arun/.local/lib/python3.10/site-packages/airflow/example_dags/example_branch_labels.py for tasks to queue
[2024-03-04T19:20:28.708+0530] {logging_mixin.py:188} INFO - [2024-03-04T19:20:28.708+0530] {dagbag.py:538} INFO - Filling up the DagBag from /home/arun/.local/lib/python3.10/site-packages/airflow/example_dags/example_branch_labels.py
[2024-03-04T19:20:28.718+0530] {processor.py:840} INFO - DAG(s) 'example_branch_labels' retrieved from /home/arun/.local/lib/python3.10/site-packages/airflow/example_dags/example_branch_labels.py
[2024-03-04T19:20:28.738+0530] {logging_mixin.py:188} INFO - [2024-03-04T19:20:28.737+0530] {dag.py:3036} INFO - Sync 1 DAGs
[2024-03-04T19:20:28.764+0530] {logging_mixin.py:188} INFO - [2024-03-04T19:20:28.764+0530] {dag.py:3823} INFO - Setting next_dagrun for example_branch_labels to 2024-03-03 00:00:00+00:00, run_after=2024-03-04 00:00:00+00:00
[2024-03-04T19:20:28.802+0530] {processor.py:183} INFO - Processing /home/arun/.local/lib/python3.10/site-packages/airflow/example_dags/example_branch_labels.py took 0.104 seconds
[2024-03-04T19:21:54.368+0530] {processor.py:161} INFO - Started process (PID=8907) to work on /home/arun/.local/lib/python3.10/site-packages/airflow/example_dags/example_branch_labels.py
[2024-03-04T19:21:54.410+0530] {processor.py:830} INFO - Processing file /home/arun/.local/lib/python3.10/site-packages/airflow/example_dags/example_branch_labels.py for tasks to queue
[2024-03-04T19:21:54.411+0530] {logging_mixin.py:188} INFO - [2024-03-04T19:21:54.411+0530] {dagbag.py:538} INFO - Filling up the DagBag from /home/arun/.local/lib/python3.10/site-packages/airflow/example_dags/example_branch_labels.py
[2024-03-04T19:21:54.425+0530] {processor.py:840} INFO - DAG(s) 'example_branch_labels' retrieved from /home/arun/.local/lib/python3.10/site-packages/airflow/example_dags/example_branch_labels.py
[2024-03-04T19:21:54.447+0530] {logging_mixin.py:188} INFO - [2024-03-04T19:21:54.447+0530] {dag.py:3036} INFO - Sync 1 DAGs
[2024-03-04T19:21:54.473+0530] {logging_mixin.py:188} INFO - [2024-03-04T19:21:54.472+0530] {dag.py:3823} INFO - Setting next_dagrun for example_branch_labels to 2024-03-03 00:00:00+00:00, run_after=2024-03-04 00:00:00+00:00
[2024-03-04T19:21:54.517+0530] {processor.py:183} INFO - Processing /home/arun/.local/lib/python3.10/site-packages/airflow/example_dags/example_branch_labels.py took 0.153 seconds
[2024-03-04T19:23:20.268+0530] {processor.py:161} INFO - Started process (PID=9071) to work on /home/arun/.local/lib/python3.10/site-packages/airflow/example_dags/example_branch_labels.py
[2024-03-04T19:23:20.311+0530] {processor.py:830} INFO - Processing file /home/arun/.local/lib/python3.10/site-packages/airflow/example_dags/example_branch_labels.py for tasks to queue
[2024-03-04T19:23:20.312+0530] {logging_mixin.py:188} INFO - [2024-03-04T19:23:20.312+0530] {dagbag.py:538} INFO - Filling up the DagBag from /home/arun/.local/lib/python3.10/site-packages/airflow/example_dags/example_branch_labels.py
[2024-03-04T19:23:20.323+0530] {processor.py:840} INFO - DAG(s) 'example_branch_labels' retrieved from /home/arun/.local/lib/python3.10/site-packages/airflow/example_dags/example_branch_labels.py
[2024-03-04T19:23:20.353+0530] {logging_mixin.py:188} INFO - [2024-03-04T19:23:20.353+0530] {dag.py:3036} INFO - Sync 1 DAGs
[2024-03-04T19:23:20.386+0530] {logging_mixin.py:188} INFO - [2024-03-04T19:23:20.386+0530] {dag.py:3823} INFO - Setting next_dagrun for example_branch_labels to 2024-03-03 00:00:00+00:00, run_after=2024-03-04 00:00:00+00:00
[2024-03-04T19:23:20.423+0530] {processor.py:183} INFO - Processing /home/arun/.local/lib/python3.10/site-packages/airflow/example_dags/example_branch_labels.py took 0.174 seconds
[2024-03-04T19:24:41.008+0530] {processor.py:161} INFO - Started process (PID=9244) to work on /home/arun/.local/lib/python3.10/site-packages/airflow/example_dags/example_branch_labels.py
[2024-03-04T19:24:41.047+0530] {processor.py:830} INFO - Processing file /home/arun/.local/lib/python3.10/site-packages/airflow/example_dags/example_branch_labels.py for tasks to queue
[2024-03-04T19:24:41.048+0530] {logging_mixin.py:188} INFO - [2024-03-04T19:24:41.047+0530] {dagbag.py:538} INFO - Filling up the DagBag from /home/arun/.local/lib/python3.10/site-packages/airflow/example_dags/example_branch_labels.py
[2024-03-04T19:24:41.056+0530] {processor.py:840} INFO - DAG(s) 'example_branch_labels' retrieved from /home/arun/.local/lib/python3.10/site-packages/airflow/example_dags/example_branch_labels.py
[2024-03-04T19:24:41.078+0530] {logging_mixin.py:188} INFO - [2024-03-04T19:24:41.077+0530] {dag.py:3036} INFO - Sync 1 DAGs
[2024-03-04T19:24:41.118+0530] {logging_mixin.py:188} INFO - [2024-03-04T19:24:41.117+0530] {dag.py:3823} INFO - Setting next_dagrun for example_branch_labels to 2024-03-03 00:00:00+00:00, run_after=2024-03-04 00:00:00+00:00
[2024-03-04T19:24:41.159+0530] {processor.py:183} INFO - Processing /home/arun/.local/lib/python3.10/site-packages/airflow/example_dags/example_branch_labels.py took 0.155 seconds
[2024-03-04T19:26:00.361+0530] {processor.py:161} INFO - Started process (PID=9384) to work on /home/arun/.local/lib/python3.10/site-packages/airflow/example_dags/example_branch_labels.py
[2024-03-04T19:26:00.397+0530] {processor.py:830} INFO - Processing file /home/arun/.local/lib/python3.10/site-packages/airflow/example_dags/example_branch_labels.py for tasks to queue
[2024-03-04T19:26:00.398+0530] {logging_mixin.py:188} INFO - [2024-03-04T19:26:00.397+0530] {dagbag.py:538} INFO - Filling up the DagBag from /home/arun/.local/lib/python3.10/site-packages/airflow/example_dags/example_branch_labels.py
[2024-03-04T19:26:00.406+0530] {processor.py:840} INFO - DAG(s) 'example_branch_labels' retrieved from /home/arun/.local/lib/python3.10/site-packages/airflow/example_dags/example_branch_labels.py
[2024-03-04T19:26:00.423+0530] {logging_mixin.py:188} INFO - [2024-03-04T19:26:00.422+0530] {dag.py:3036} INFO - Sync 1 DAGs
[2024-03-04T19:26:00.448+0530] {logging_mixin.py:188} INFO - [2024-03-04T19:26:00.447+0530] {dag.py:3823} INFO - Setting next_dagrun for example_branch_labels to 2024-03-03 00:00:00+00:00, run_after=2024-03-04 00:00:00+00:00
[2024-03-04T19:26:00.476+0530] {processor.py:183} INFO - Processing /home/arun/.local/lib/python3.10/site-packages/airflow/example_dags/example_branch_labels.py took 0.119 seconds
[2024-03-04T19:27:17.084+0530] {processor.py:161} INFO - Started process (PID=9553) to work on /home/arun/.local/lib/python3.10/site-packages/airflow/example_dags/example_branch_labels.py
[2024-03-04T19:27:17.119+0530] {processor.py:830} INFO - Processing file /home/arun/.local/lib/python3.10/site-packages/airflow/example_dags/example_branch_labels.py for tasks to queue
[2024-03-04T19:27:17.121+0530] {logging_mixin.py:188} INFO - [2024-03-04T19:27:17.120+0530] {dagbag.py:538} INFO - Filling up the DagBag from /home/arun/.local/lib/python3.10/site-packages/airflow/example_dags/example_branch_labels.py
[2024-03-04T19:27:17.142+0530] {processor.py:840} INFO - DAG(s) 'example_branch_labels' retrieved from /home/arun/.local/lib/python3.10/site-packages/airflow/example_dags/example_branch_labels.py
[2024-03-04T19:27:17.172+0530] {logging_mixin.py:188} INFO - [2024-03-04T19:27:17.172+0530] {dag.py:3036} INFO - Sync 1 DAGs
[2024-03-04T19:27:17.207+0530] {logging_mixin.py:188} INFO - [2024-03-04T19:27:17.207+0530] {dag.py:3823} INFO - Setting next_dagrun for example_branch_labels to 2024-03-03 00:00:00+00:00, run_after=2024-03-04 00:00:00+00:00
[2024-03-04T19:27:17.245+0530] {processor.py:183} INFO - Processing /home/arun/.local/lib/python3.10/site-packages/airflow/example_dags/example_branch_labels.py took 0.166 seconds
[2024-03-04T19:28:44.855+0530] {processor.py:161} INFO - Started process (PID=9763) to work on /home/arun/.local/lib/python3.10/site-packages/airflow/example_dags/example_branch_labels.py
[2024-03-04T19:28:44.896+0530] {processor.py:830} INFO - Processing file /home/arun/.local/lib/python3.10/site-packages/airflow/example_dags/example_branch_labels.py for tasks to queue
[2024-03-04T19:28:44.897+0530] {logging_mixin.py:188} INFO - [2024-03-04T19:28:44.897+0530] {dagbag.py:538} INFO - Filling up the DagBag from /home/arun/.local/lib/python3.10/site-packages/airflow/example_dags/example_branch_labels.py
[2024-03-04T19:28:44.909+0530] {processor.py:840} INFO - DAG(s) 'example_branch_labels' retrieved from /home/arun/.local/lib/python3.10/site-packages/airflow/example_dags/example_branch_labels.py
[2024-03-04T19:28:44.935+0530] {logging_mixin.py:188} INFO - [2024-03-04T19:28:44.934+0530] {dag.py:3036} INFO - Sync 1 DAGs
[2024-03-04T19:28:44.967+0530] {logging_mixin.py:188} INFO - [2024-03-04T19:28:44.966+0530] {dag.py:3823} INFO - Setting next_dagrun for example_branch_labels to 2024-03-03 00:00:00+00:00, run_after=2024-03-04 00:00:00+00:00
[2024-03-04T19:28:45.002+0530] {processor.py:183} INFO - Processing /home/arun/.local/lib/python3.10/site-packages/airflow/example_dags/example_branch_labels.py took 0.153 seconds
[2024-03-04T22:56:18.382+0530] {processor.py:161} INFO - Started process (PID=5671) to work on /home/arun/.local/lib/python3.10/site-packages/airflow/example_dags/example_branch_labels.py
[2024-03-04T22:56:18.447+0530] {processor.py:830} INFO - Processing file /home/arun/.local/lib/python3.10/site-packages/airflow/example_dags/example_branch_labels.py for tasks to queue
[2024-03-04T22:56:18.451+0530] {logging_mixin.py:188} INFO - [2024-03-04T22:56:18.448+0530] {dagbag.py:538} INFO - Filling up the DagBag from /home/arun/.local/lib/python3.10/site-packages/airflow/example_dags/example_branch_labels.py
[2024-03-04T22:56:18.477+0530] {processor.py:840} INFO - DAG(s) 'example_branch_labels' retrieved from /home/arun/.local/lib/python3.10/site-packages/airflow/example_dags/example_branch_labels.py
[2024-03-04T22:56:18.795+0530] {logging_mixin.py:188} INFO - [2024-03-04T22:56:18.795+0530] {dag.py:3036} INFO - Sync 1 DAGs
[2024-03-04T22:56:18.857+0530] {logging_mixin.py:188} INFO - [2024-03-04T22:56:18.856+0530] {dag.py:3823} INFO - Setting next_dagrun for example_branch_labels to 2024-03-03 00:00:00+00:00, run_after=2024-03-04 00:00:00+00:00
[2024-03-04T22:56:18.996+0530] {processor.py:183} INFO - Processing /home/arun/.local/lib/python3.10/site-packages/airflow/example_dags/example_branch_labels.py took 0.632 seconds
[2024-03-04T22:58:30.666+0530] {processor.py:161} INFO - Started process (PID=5809) to work on /home/arun/.local/lib/python3.10/site-packages/airflow/example_dags/example_branch_labels.py
[2024-03-04T22:58:30.721+0530] {processor.py:830} INFO - Processing file /home/arun/.local/lib/python3.10/site-packages/airflow/example_dags/example_branch_labels.py for tasks to queue
[2024-03-04T22:58:30.726+0530] {logging_mixin.py:188} INFO - [2024-03-04T22:58:30.722+0530] {dagbag.py:538} INFO - Filling up the DagBag from /home/arun/.local/lib/python3.10/site-packages/airflow/example_dags/example_branch_labels.py
[2024-03-04T22:58:30.766+0530] {processor.py:840} INFO - DAG(s) 'example_branch_labels' retrieved from /home/arun/.local/lib/python3.10/site-packages/airflow/example_dags/example_branch_labels.py
[2024-03-04T22:58:30.824+0530] {logging_mixin.py:188} INFO - [2024-03-04T22:58:30.823+0530] {dag.py:3036} INFO - Sync 1 DAGs
[2024-03-04T22:58:30.852+0530] {logging_mixin.py:188} INFO - [2024-03-04T22:58:30.851+0530] {dag.py:3823} INFO - Setting next_dagrun for example_branch_labels to 2024-03-03 00:00:00+00:00, run_after=2024-03-04 00:00:00+00:00
[2024-03-04T22:58:30.908+0530] {processor.py:183} INFO - Processing /home/arun/.local/lib/python3.10/site-packages/airflow/example_dags/example_branch_labels.py took 0.268 seconds
[2024-03-04T23:00:19.627+0530] {processor.py:161} INFO - Started process (PID=5967) to work on /home/arun/.local/lib/python3.10/site-packages/airflow/example_dags/example_branch_labels.py
[2024-03-04T23:00:19.632+0530] {processor.py:830} INFO - Processing file /home/arun/.local/lib/python3.10/site-packages/airflow/example_dags/example_branch_labels.py for tasks to queue
[2024-03-04T23:00:19.633+0530] {logging_mixin.py:188} INFO - [2024-03-04T23:00:19.632+0530] {dagbag.py:538} INFO - Filling up the DagBag from /home/arun/.local/lib/python3.10/site-packages/airflow/example_dags/example_branch_labels.py
[2024-03-04T23:00:19.641+0530] {processor.py:840} INFO - DAG(s) 'example_branch_labels' retrieved from /home/arun/.local/lib/python3.10/site-packages/airflow/example_dags/example_branch_labels.py
[2024-03-04T23:00:19.660+0530] {logging_mixin.py:188} INFO - [2024-03-04T23:00:19.660+0530] {dag.py:3036} INFO - Sync 1 DAGs
[2024-03-04T23:00:19.681+0530] {logging_mixin.py:188} INFO - [2024-03-04T23:00:19.680+0530] {dag.py:3823} INFO - Setting next_dagrun for example_branch_labels to 2024-03-03 00:00:00+00:00, run_after=2024-03-04 00:00:00+00:00
[2024-03-04T23:00:19.736+0530] {processor.py:183} INFO - Processing /home/arun/.local/lib/python3.10/site-packages/airflow/example_dags/example_branch_labels.py took 0.113 seconds
[2024-03-04T23:01:47.665+0530] {processor.py:161} INFO - Started process (PID=6084) to work on /home/arun/.local/lib/python3.10/site-packages/airflow/example_dags/example_branch_labels.py
[2024-03-04T23:01:47.709+0530] {processor.py:830} INFO - Processing file /home/arun/.local/lib/python3.10/site-packages/airflow/example_dags/example_branch_labels.py for tasks to queue
[2024-03-04T23:01:47.710+0530] {logging_mixin.py:188} INFO - [2024-03-04T23:01:47.709+0530] {dagbag.py:538} INFO - Filling up the DagBag from /home/arun/.local/lib/python3.10/site-packages/airflow/example_dags/example_branch_labels.py
[2024-03-04T23:01:47.718+0530] {processor.py:840} INFO - DAG(s) 'example_branch_labels' retrieved from /home/arun/.local/lib/python3.10/site-packages/airflow/example_dags/example_branch_labels.py
[2024-03-04T23:01:47.735+0530] {logging_mixin.py:188} INFO - [2024-03-04T23:01:47.735+0530] {dag.py:3036} INFO - Sync 1 DAGs
[2024-03-04T23:01:47.756+0530] {logging_mixin.py:188} INFO - [2024-03-04T23:01:47.755+0530] {dag.py:3823} INFO - Setting next_dagrun for example_branch_labels to 2024-03-03 00:00:00+00:00, run_after=2024-03-04 00:00:00+00:00
[2024-03-04T23:01:47.782+0530] {processor.py:183} INFO - Processing /home/arun/.local/lib/python3.10/site-packages/airflow/example_dags/example_branch_labels.py took 0.121 seconds
[2024-03-04T23:03:17.076+0530] {processor.py:161} INFO - Started process (PID=6595) to work on /home/arun/.local/lib/python3.10/site-packages/airflow/example_dags/example_branch_labels.py
[2024-03-04T23:03:17.079+0530] {processor.py:830} INFO - Processing file /home/arun/.local/lib/python3.10/site-packages/airflow/example_dags/example_branch_labels.py for tasks to queue
[2024-03-04T23:03:17.081+0530] {logging_mixin.py:188} INFO - [2024-03-04T23:03:17.080+0530] {dagbag.py:538} INFO - Filling up the DagBag from /home/arun/.local/lib/python3.10/site-packages/airflow/example_dags/example_branch_labels.py
[2024-03-04T23:03:17.102+0530] {processor.py:840} INFO - DAG(s) 'example_branch_labels' retrieved from /home/arun/.local/lib/python3.10/site-packages/airflow/example_dags/example_branch_labels.py
[2024-03-04T23:03:17.165+0530] {logging_mixin.py:188} INFO - [2024-03-04T23:03:17.163+0530] {dag.py:3036} INFO - Sync 1 DAGs
[2024-03-04T23:03:17.195+0530] {logging_mixin.py:188} INFO - [2024-03-04T23:03:17.194+0530] {dag.py:3823} INFO - Setting next_dagrun for example_branch_labels to 2024-03-03 00:00:00+00:00, run_after=2024-03-04 00:00:00+00:00
[2024-03-04T23:03:17.308+0530] {processor.py:183} INFO - Processing /home/arun/.local/lib/python3.10/site-packages/airflow/example_dags/example_branch_labels.py took 0.236 seconds
[2024-03-04T23:05:12.135+0530] {processor.py:161} INFO - Started process (PID=6795) to work on /home/arun/.local/lib/python3.10/site-packages/airflow/example_dags/example_branch_labels.py
[2024-03-04T23:05:12.138+0530] {processor.py:830} INFO - Processing file /home/arun/.local/lib/python3.10/site-packages/airflow/example_dags/example_branch_labels.py for tasks to queue
[2024-03-04T23:05:12.139+0530] {logging_mixin.py:188} INFO - [2024-03-04T23:05:12.138+0530] {dagbag.py:538} INFO - Filling up the DagBag from /home/arun/.local/lib/python3.10/site-packages/airflow/example_dags/example_branch_labels.py
[2024-03-04T23:05:12.164+0530] {processor.py:840} INFO - DAG(s) 'example_branch_labels' retrieved from /home/arun/.local/lib/python3.10/site-packages/airflow/example_dags/example_branch_labels.py
[2024-03-04T23:05:12.236+0530] {logging_mixin.py:188} INFO - [2024-03-04T23:05:12.233+0530] {dag.py:3036} INFO - Sync 1 DAGs
[2024-03-04T23:05:12.294+0530] {logging_mixin.py:188} INFO - [2024-03-04T23:05:12.294+0530] {dag.py:3823} INFO - Setting next_dagrun for example_branch_labels to 2024-03-03 00:00:00+00:00, run_after=2024-03-04 00:00:00+00:00
[2024-03-04T23:05:12.364+0530] {processor.py:183} INFO - Processing /home/arun/.local/lib/python3.10/site-packages/airflow/example_dags/example_branch_labels.py took 0.240 seconds
[2024-03-04T23:06:55.462+0530] {processor.py:161} INFO - Started process (PID=7005) to work on /home/arun/.local/lib/python3.10/site-packages/airflow/example_dags/example_branch_labels.py
[2024-03-04T23:06:55.467+0530] {processor.py:830} INFO - Processing file /home/arun/.local/lib/python3.10/site-packages/airflow/example_dags/example_branch_labels.py for tasks to queue
[2024-03-04T23:06:55.469+0530] {logging_mixin.py:188} INFO - [2024-03-04T23:06:55.468+0530] {dagbag.py:538} INFO - Filling up the DagBag from /home/arun/.local/lib/python3.10/site-packages/airflow/example_dags/example_branch_labels.py
[2024-03-04T23:06:55.483+0530] {processor.py:840} INFO - DAG(s) 'example_branch_labels' retrieved from /home/arun/.local/lib/python3.10/site-packages/airflow/example_dags/example_branch_labels.py
[2024-03-04T23:06:55.509+0530] {logging_mixin.py:188} INFO - [2024-03-04T23:06:55.508+0530] {dag.py:3036} INFO - Sync 1 DAGs
[2024-03-04T23:06:55.531+0530] {logging_mixin.py:188} INFO - [2024-03-04T23:06:55.531+0530] {dag.py:3823} INFO - Setting next_dagrun for example_branch_labels to 2024-03-03 00:00:00+00:00, run_after=2024-03-04 00:00:00+00:00
[2024-03-04T23:06:55.561+0530] {processor.py:183} INFO - Processing /home/arun/.local/lib/python3.10/site-packages/airflow/example_dags/example_branch_labels.py took 0.106 seconds
[2024-03-04T23:08:24.677+0530] {processor.py:161} INFO - Started process (PID=7206) to work on /home/arun/.local/lib/python3.10/site-packages/airflow/example_dags/example_branch_labels.py
[2024-03-04T23:08:24.711+0530] {processor.py:830} INFO - Processing file /home/arun/.local/lib/python3.10/site-packages/airflow/example_dags/example_branch_labels.py for tasks to queue
[2024-03-04T23:08:24.712+0530] {logging_mixin.py:188} INFO - [2024-03-04T23:08:24.711+0530] {dagbag.py:538} INFO - Filling up the DagBag from /home/arun/.local/lib/python3.10/site-packages/airflow/example_dags/example_branch_labels.py
[2024-03-04T23:08:24.722+0530] {processor.py:840} INFO - DAG(s) 'example_branch_labels' retrieved from /home/arun/.local/lib/python3.10/site-packages/airflow/example_dags/example_branch_labels.py
[2024-03-04T23:08:24.747+0530] {logging_mixin.py:188} INFO - [2024-03-04T23:08:24.746+0530] {dag.py:3036} INFO - Sync 1 DAGs
[2024-03-04T23:08:24.775+0530] {logging_mixin.py:188} INFO - [2024-03-04T23:08:24.775+0530] {dag.py:3823} INFO - Setting next_dagrun for example_branch_labels to 2024-03-03 00:00:00+00:00, run_after=2024-03-04 00:00:00+00:00
[2024-03-04T23:08:24.805+0530] {processor.py:183} INFO - Processing /home/arun/.local/lib/python3.10/site-packages/airflow/example_dags/example_branch_labels.py took 0.133 seconds
[2024-03-04T23:09:53.685+0530] {processor.py:161} INFO - Started process (PID=7383) to work on /home/arun/.local/lib/python3.10/site-packages/airflow/example_dags/example_branch_labels.py
[2024-03-04T23:09:53.724+0530] {processor.py:830} INFO - Processing file /home/arun/.local/lib/python3.10/site-packages/airflow/example_dags/example_branch_labels.py for tasks to queue
[2024-03-04T23:09:53.726+0530] {logging_mixin.py:188} INFO - [2024-03-04T23:09:53.725+0530] {dagbag.py:538} INFO - Filling up the DagBag from /home/arun/.local/lib/python3.10/site-packages/airflow/example_dags/example_branch_labels.py
[2024-03-04T23:09:53.738+0530] {processor.py:840} INFO - DAG(s) 'example_branch_labels' retrieved from /home/arun/.local/lib/python3.10/site-packages/airflow/example_dags/example_branch_labels.py
[2024-03-04T23:09:53.765+0530] {logging_mixin.py:188} INFO - [2024-03-04T23:09:53.765+0530] {dag.py:3036} INFO - Sync 1 DAGs
[2024-03-04T23:09:53.790+0530] {logging_mixin.py:188} INFO - [2024-03-04T23:09:53.789+0530] {dag.py:3823} INFO - Setting next_dagrun for example_branch_labels to 2024-03-03 00:00:00+00:00, run_after=2024-03-04 00:00:00+00:00
[2024-03-04T23:09:53.824+0530] {processor.py:183} INFO - Processing /home/arun/.local/lib/python3.10/site-packages/airflow/example_dags/example_branch_labels.py took 0.144 seconds
[2024-03-04T23:11:21.699+0530] {processor.py:161} INFO - Started process (PID=7547) to work on /home/arun/.local/lib/python3.10/site-packages/airflow/example_dags/example_branch_labels.py
[2024-03-04T23:11:21.718+0530] {processor.py:830} INFO - Processing file /home/arun/.local/lib/python3.10/site-packages/airflow/example_dags/example_branch_labels.py for tasks to queue
[2024-03-04T23:11:21.720+0530] {logging_mixin.py:188} INFO - [2024-03-04T23:11:21.719+0530] {dagbag.py:538} INFO - Filling up the DagBag from /home/arun/.local/lib/python3.10/site-packages/airflow/example_dags/example_branch_labels.py
[2024-03-04T23:11:21.732+0530] {processor.py:840} INFO - DAG(s) 'example_branch_labels' retrieved from /home/arun/.local/lib/python3.10/site-packages/airflow/example_dags/example_branch_labels.py
[2024-03-04T23:11:21.754+0530] {logging_mixin.py:188} INFO - [2024-03-04T23:11:21.754+0530] {dag.py:3036} INFO - Sync 1 DAGs
[2024-03-04T23:11:21.784+0530] {logging_mixin.py:188} INFO - [2024-03-04T23:11:21.784+0530] {dag.py:3823} INFO - Setting next_dagrun for example_branch_labels to 2024-03-03 00:00:00+00:00, run_after=2024-03-04 00:00:00+00:00
[2024-03-04T23:11:21.814+0530] {processor.py:183} INFO - Processing /home/arun/.local/lib/python3.10/site-packages/airflow/example_dags/example_branch_labels.py took 0.149 seconds
[2024-03-04T23:13:06.012+0530] {processor.py:161} INFO - Started process (PID=7790) to work on /home/arun/.local/lib/python3.10/site-packages/airflow/example_dags/example_branch_labels.py
[2024-03-04T23:13:06.017+0530] {processor.py:830} INFO - Processing file /home/arun/.local/lib/python3.10/site-packages/airflow/example_dags/example_branch_labels.py for tasks to queue
[2024-03-04T23:13:06.019+0530] {logging_mixin.py:188} INFO - [2024-03-04T23:13:06.018+0530] {dagbag.py:538} INFO - Filling up the DagBag from /home/arun/.local/lib/python3.10/site-packages/airflow/example_dags/example_branch_labels.py
[2024-03-04T23:13:06.035+0530] {processor.py:840} INFO - DAG(s) 'example_branch_labels' retrieved from /home/arun/.local/lib/python3.10/site-packages/airflow/example_dags/example_branch_labels.py
[2024-03-04T23:13:06.076+0530] {logging_mixin.py:188} INFO - [2024-03-04T23:13:06.075+0530] {dag.py:3036} INFO - Sync 1 DAGs
[2024-03-04T23:13:06.198+0530] {logging_mixin.py:188} INFO - [2024-03-04T23:13:06.198+0530] {dag.py:3823} INFO - Setting next_dagrun for example_branch_labels to 2024-03-03 00:00:00+00:00, run_after=2024-03-04 00:00:00+00:00
[2024-03-04T23:13:06.248+0530] {processor.py:183} INFO - Processing /home/arun/.local/lib/python3.10/site-packages/airflow/example_dags/example_branch_labels.py took 0.242 seconds
[2024-03-04T23:14:41.564+0530] {processor.py:161} INFO - Started process (PID=8012) to work on /home/arun/.local/lib/python3.10/site-packages/airflow/example_dags/example_branch_labels.py
[2024-03-04T23:14:41.598+0530] {processor.py:830} INFO - Processing file /home/arun/.local/lib/python3.10/site-packages/airflow/example_dags/example_branch_labels.py for tasks to queue
[2024-03-04T23:14:41.599+0530] {logging_mixin.py:188} INFO - [2024-03-04T23:14:41.599+0530] {dagbag.py:538} INFO - Filling up the DagBag from /home/arun/.local/lib/python3.10/site-packages/airflow/example_dags/example_branch_labels.py
[2024-03-04T23:14:41.615+0530] {processor.py:840} INFO - DAG(s) 'example_branch_labels' retrieved from /home/arun/.local/lib/python3.10/site-packages/airflow/example_dags/example_branch_labels.py
[2024-03-04T23:14:41.696+0530] {logging_mixin.py:188} INFO - [2024-03-04T23:14:41.695+0530] {dag.py:3036} INFO - Sync 1 DAGs
[2024-03-04T23:14:41.746+0530] {logging_mixin.py:188} INFO - [2024-03-04T23:14:41.745+0530] {dag.py:3823} INFO - Setting next_dagrun for example_branch_labels to 2024-03-03 00:00:00+00:00, run_after=2024-03-04 00:00:00+00:00
[2024-03-04T23:14:41.839+0530] {processor.py:183} INFO - Processing /home/arun/.local/lib/python3.10/site-packages/airflow/example_dags/example_branch_labels.py took 0.299 seconds
[2024-03-04T23:16:18.366+0530] {processor.py:161} INFO - Started process (PID=8220) to work on /home/arun/.local/lib/python3.10/site-packages/airflow/example_dags/example_branch_labels.py
[2024-03-04T23:16:18.373+0530] {processor.py:830} INFO - Processing file /home/arun/.local/lib/python3.10/site-packages/airflow/example_dags/example_branch_labels.py for tasks to queue
[2024-03-04T23:16:18.375+0530] {logging_mixin.py:188} INFO - [2024-03-04T23:16:18.374+0530] {dagbag.py:538} INFO - Filling up the DagBag from /home/arun/.local/lib/python3.10/site-packages/airflow/example_dags/example_branch_labels.py
[2024-03-04T23:16:18.412+0530] {processor.py:840} INFO - DAG(s) 'example_branch_labels' retrieved from /home/arun/.local/lib/python3.10/site-packages/airflow/example_dags/example_branch_labels.py
[2024-03-04T23:16:18.438+0530] {logging_mixin.py:188} INFO - [2024-03-04T23:16:18.438+0530] {dag.py:3036} INFO - Sync 1 DAGs
[2024-03-04T23:16:18.474+0530] {logging_mixin.py:188} INFO - [2024-03-04T23:16:18.474+0530] {dag.py:3823} INFO - Setting next_dagrun for example_branch_labels to 2024-03-03 00:00:00+00:00, run_after=2024-03-04 00:00:00+00:00
[2024-03-04T23:16:18.524+0530] {processor.py:183} INFO - Processing /home/arun/.local/lib/python3.10/site-packages/airflow/example_dags/example_branch_labels.py took 0.164 seconds
[2024-03-04T23:18:18.270+0530] {processor.py:161} INFO - Started process (PID=8452) to work on /home/arun/.local/lib/python3.10/site-packages/airflow/example_dags/example_branch_labels.py
[2024-03-04T23:18:18.274+0530] {processor.py:830} INFO - Processing file /home/arun/.local/lib/python3.10/site-packages/airflow/example_dags/example_branch_labels.py for tasks to queue
[2024-03-04T23:18:18.276+0530] {logging_mixin.py:188} INFO - [2024-03-04T23:18:18.275+0530] {dagbag.py:538} INFO - Filling up the DagBag from /home/arun/.local/lib/python3.10/site-packages/airflow/example_dags/example_branch_labels.py
[2024-03-04T23:18:18.295+0530] {processor.py:840} INFO - DAG(s) 'example_branch_labels' retrieved from /home/arun/.local/lib/python3.10/site-packages/airflow/example_dags/example_branch_labels.py
[2024-03-04T23:18:18.326+0530] {logging_mixin.py:188} INFO - [2024-03-04T23:18:18.326+0530] {dag.py:3036} INFO - Sync 1 DAGs
[2024-03-04T23:18:18.355+0530] {logging_mixin.py:188} INFO - [2024-03-04T23:18:18.354+0530] {dag.py:3823} INFO - Setting next_dagrun for example_branch_labels to 2024-03-03 00:00:00+00:00, run_after=2024-03-04 00:00:00+00:00
[2024-03-04T23:18:18.397+0530] {processor.py:183} INFO - Processing /home/arun/.local/lib/python3.10/site-packages/airflow/example_dags/example_branch_labels.py took 0.133 seconds
[2024-03-04T23:19:50.939+0530] {processor.py:161} INFO - Started process (PID=8648) to work on /home/arun/.local/lib/python3.10/site-packages/airflow/example_dags/example_branch_labels.py
[2024-03-04T23:19:50.977+0530] {processor.py:830} INFO - Processing file /home/arun/.local/lib/python3.10/site-packages/airflow/example_dags/example_branch_labels.py for tasks to queue
[2024-03-04T23:19:50.979+0530] {logging_mixin.py:188} INFO - [2024-03-04T23:19:50.978+0530] {dagbag.py:538} INFO - Filling up the DagBag from /home/arun/.local/lib/python3.10/site-packages/airflow/example_dags/example_branch_labels.py
[2024-03-04T23:19:50.993+0530] {processor.py:840} INFO - DAG(s) 'example_branch_labels' retrieved from /home/arun/.local/lib/python3.10/site-packages/airflow/example_dags/example_branch_labels.py
[2024-03-04T23:19:51.035+0530] {logging_mixin.py:188} INFO - [2024-03-04T23:19:51.034+0530] {dag.py:3036} INFO - Sync 1 DAGs
[2024-03-04T23:19:51.073+0530] {logging_mixin.py:188} INFO - [2024-03-04T23:19:51.072+0530] {dag.py:3823} INFO - Setting next_dagrun for example_branch_labels to 2024-03-03 00:00:00+00:00, run_after=2024-03-04 00:00:00+00:00
[2024-03-04T23:19:51.110+0530] {processor.py:183} INFO - Processing /home/arun/.local/lib/python3.10/site-packages/airflow/example_dags/example_branch_labels.py took 0.176 seconds
[2024-03-04T23:21:25.294+0530] {processor.py:161} INFO - Started process (PID=8824) to work on /home/arun/.local/lib/python3.10/site-packages/airflow/example_dags/example_branch_labels.py
[2024-03-04T23:21:25.340+0530] {processor.py:830} INFO - Processing file /home/arun/.local/lib/python3.10/site-packages/airflow/example_dags/example_branch_labels.py for tasks to queue
[2024-03-04T23:21:25.342+0530] {logging_mixin.py:188} INFO - [2024-03-04T23:21:25.341+0530] {dagbag.py:538} INFO - Filling up the DagBag from /home/arun/.local/lib/python3.10/site-packages/airflow/example_dags/example_branch_labels.py
[2024-03-04T23:21:25.378+0530] {processor.py:840} INFO - DAG(s) 'example_branch_labels' retrieved from /home/arun/.local/lib/python3.10/site-packages/airflow/example_dags/example_branch_labels.py
[2024-03-04T23:21:25.426+0530] {logging_mixin.py:188} INFO - [2024-03-04T23:21:25.426+0530] {dag.py:3036} INFO - Sync 1 DAGs
[2024-03-04T23:21:25.464+0530] {logging_mixin.py:188} INFO - [2024-03-04T23:21:25.464+0530] {dag.py:3823} INFO - Setting next_dagrun for example_branch_labels to 2024-03-03 00:00:00+00:00, run_after=2024-03-04 00:00:00+00:00
[2024-03-04T23:21:25.520+0530] {processor.py:183} INFO - Processing /home/arun/.local/lib/python3.10/site-packages/airflow/example_dags/example_branch_labels.py took 0.272 seconds
[2024-03-04T23:23:19.924+0530] {processor.py:161} INFO - Started process (PID=9168) to work on /home/arun/.local/lib/python3.10/site-packages/airflow/example_dags/example_branch_labels.py
[2024-03-04T23:23:19.940+0530] {processor.py:830} INFO - Processing file /home/arun/.local/lib/python3.10/site-packages/airflow/example_dags/example_branch_labels.py for tasks to queue
[2024-03-04T23:23:19.947+0530] {logging_mixin.py:188} INFO - [2024-03-04T23:23:19.941+0530] {dagbag.py:538} INFO - Filling up the DagBag from /home/arun/.local/lib/python3.10/site-packages/airflow/example_dags/example_branch_labels.py
[2024-03-04T23:23:19.962+0530] {processor.py:840} INFO - DAG(s) 'example_branch_labels' retrieved from /home/arun/.local/lib/python3.10/site-packages/airflow/example_dags/example_branch_labels.py
[2024-03-04T23:23:20.012+0530] {logging_mixin.py:188} INFO - [2024-03-04T23:23:20.011+0530] {dag.py:3036} INFO - Sync 1 DAGs
[2024-03-04T23:23:20.039+0530] {logging_mixin.py:188} INFO - [2024-03-04T23:23:20.039+0530] {dag.py:3823} INFO - Setting next_dagrun for example_branch_labels to 2024-03-03 00:00:00+00:00, run_after=2024-03-04 00:00:00+00:00
[2024-03-04T23:23:20.085+0530] {processor.py:183} INFO - Processing /home/arun/.local/lib/python3.10/site-packages/airflow/example_dags/example_branch_labels.py took 0.167 seconds
[2024-03-04T23:25:47.631+0530] {processor.py:161} INFO - Started process (PID=9644) to work on /home/arun/.local/lib/python3.10/site-packages/airflow/example_dags/example_branch_labels.py
[2024-03-04T23:25:47.661+0530] {processor.py:830} INFO - Processing file /home/arun/.local/lib/python3.10/site-packages/airflow/example_dags/example_branch_labels.py for tasks to queue
[2024-03-04T23:25:47.667+0530] {logging_mixin.py:188} INFO - [2024-03-04T23:25:47.666+0530] {dagbag.py:538} INFO - Filling up the DagBag from /home/arun/.local/lib/python3.10/site-packages/airflow/example_dags/example_branch_labels.py
[2024-03-04T23:25:47.697+0530] {processor.py:840} INFO - DAG(s) 'example_branch_labels' retrieved from /home/arun/.local/lib/python3.10/site-packages/airflow/example_dags/example_branch_labels.py
[2024-03-04T23:25:47.739+0530] {logging_mixin.py:188} INFO - [2024-03-04T23:25:47.739+0530] {dag.py:3036} INFO - Sync 1 DAGs
[2024-03-04T23:25:47.813+0530] {logging_mixin.py:188} INFO - [2024-03-04T23:25:47.813+0530] {dag.py:3823} INFO - Setting next_dagrun for example_branch_labels to 2024-03-03 00:00:00+00:00, run_after=2024-03-04 00:00:00+00:00
[2024-03-04T23:25:47.972+0530] {processor.py:183} INFO - Processing /home/arun/.local/lib/python3.10/site-packages/airflow/example_dags/example_branch_labels.py took 0.347 seconds
[2024-03-04T23:28:00.392+0530] {processor.py:161} INFO - Started process (PID=10306) to work on /home/arun/.local/lib/python3.10/site-packages/airflow/example_dags/example_branch_labels.py
[2024-03-04T23:28:00.427+0530] {processor.py:830} INFO - Processing file /home/arun/.local/lib/python3.10/site-packages/airflow/example_dags/example_branch_labels.py for tasks to queue
[2024-03-04T23:28:00.429+0530] {logging_mixin.py:188} INFO - [2024-03-04T23:28:00.428+0530] {dagbag.py:538} INFO - Filling up the DagBag from /home/arun/.local/lib/python3.10/site-packages/airflow/example_dags/example_branch_labels.py
[2024-03-04T23:28:00.464+0530] {processor.py:840} INFO - DAG(s) 'example_branch_labels' retrieved from /home/arun/.local/lib/python3.10/site-packages/airflow/example_dags/example_branch_labels.py
[2024-03-04T23:28:00.496+0530] {logging_mixin.py:188} INFO - [2024-03-04T23:28:00.495+0530] {dag.py:3036} INFO - Sync 1 DAGs
[2024-03-04T23:28:00.528+0530] {logging_mixin.py:188} INFO - [2024-03-04T23:28:00.528+0530] {dag.py:3823} INFO - Setting next_dagrun for example_branch_labels to 2024-03-03 00:00:00+00:00, run_after=2024-03-04 00:00:00+00:00
[2024-03-04T23:28:00.632+0530] {processor.py:183} INFO - Processing /home/arun/.local/lib/python3.10/site-packages/airflow/example_dags/example_branch_labels.py took 0.245 seconds
[2024-03-04T23:29:31.320+0530] {processor.py:161} INFO - Started process (PID=10478) to work on /home/arun/.local/lib/python3.10/site-packages/airflow/example_dags/example_branch_labels.py
[2024-03-04T23:29:31.344+0530] {processor.py:830} INFO - Processing file /home/arun/.local/lib/python3.10/site-packages/airflow/example_dags/example_branch_labels.py for tasks to queue
[2024-03-04T23:29:31.345+0530] {logging_mixin.py:188} INFO - [2024-03-04T23:29:31.345+0530] {dagbag.py:538} INFO - Filling up the DagBag from /home/arun/.local/lib/python3.10/site-packages/airflow/example_dags/example_branch_labels.py
[2024-03-04T23:29:31.355+0530] {processor.py:840} INFO - DAG(s) 'example_branch_labels' retrieved from /home/arun/.local/lib/python3.10/site-packages/airflow/example_dags/example_branch_labels.py
[2024-03-04T23:29:31.381+0530] {logging_mixin.py:188} INFO - [2024-03-04T23:29:31.381+0530] {dag.py:3036} INFO - Sync 1 DAGs
[2024-03-04T23:29:31.411+0530] {logging_mixin.py:188} INFO - [2024-03-04T23:29:31.410+0530] {dag.py:3823} INFO - Setting next_dagrun for example_branch_labels to 2024-03-03 00:00:00+00:00, run_after=2024-03-04 00:00:00+00:00
[2024-03-04T23:29:31.446+0530] {processor.py:183} INFO - Processing /home/arun/.local/lib/python3.10/site-packages/airflow/example_dags/example_branch_labels.py took 0.132 seconds
[2024-03-04T23:31:29.407+0530] {processor.py:161} INFO - Started process (PID=10795) to work on /home/arun/.local/lib/python3.10/site-packages/airflow/example_dags/example_branch_labels.py
[2024-03-04T23:31:29.410+0530] {processor.py:830} INFO - Processing file /home/arun/.local/lib/python3.10/site-packages/airflow/example_dags/example_branch_labels.py for tasks to queue
[2024-03-04T23:31:29.412+0530] {logging_mixin.py:188} INFO - [2024-03-04T23:31:29.411+0530] {dagbag.py:538} INFO - Filling up the DagBag from /home/arun/.local/lib/python3.10/site-packages/airflow/example_dags/example_branch_labels.py
[2024-03-04T23:31:29.421+0530] {processor.py:840} INFO - DAG(s) 'example_branch_labels' retrieved from /home/arun/.local/lib/python3.10/site-packages/airflow/example_dags/example_branch_labels.py
[2024-03-04T23:31:29.440+0530] {logging_mixin.py:188} INFO - [2024-03-04T23:31:29.440+0530] {dag.py:3036} INFO - Sync 1 DAGs
[2024-03-04T23:31:29.462+0530] {logging_mixin.py:188} INFO - [2024-03-04T23:31:29.461+0530] {dag.py:3823} INFO - Setting next_dagrun for example_branch_labels to 2024-03-03 00:00:00+00:00, run_after=2024-03-04 00:00:00+00:00
[2024-03-04T23:31:29.490+0530] {processor.py:183} INFO - Processing /home/arun/.local/lib/python3.10/site-packages/airflow/example_dags/example_branch_labels.py took 0.087 seconds
[2024-03-04T23:33:17.691+0530] {processor.py:161} INFO - Started process (PID=11010) to work on /home/arun/.local/lib/python3.10/site-packages/airflow/example_dags/example_branch_labels.py
[2024-03-04T23:33:17.728+0530] {processor.py:830} INFO - Processing file /home/arun/.local/lib/python3.10/site-packages/airflow/example_dags/example_branch_labels.py for tasks to queue
[2024-03-04T23:33:17.729+0530] {logging_mixin.py:188} INFO - [2024-03-04T23:33:17.729+0530] {dagbag.py:538} INFO - Filling up the DagBag from /home/arun/.local/lib/python3.10/site-packages/airflow/example_dags/example_branch_labels.py
[2024-03-04T23:33:17.742+0530] {processor.py:840} INFO - DAG(s) 'example_branch_labels' retrieved from /home/arun/.local/lib/python3.10/site-packages/airflow/example_dags/example_branch_labels.py
[2024-03-04T23:33:17.767+0530] {logging_mixin.py:188} INFO - [2024-03-04T23:33:17.767+0530] {dag.py:3036} INFO - Sync 1 DAGs
[2024-03-04T23:33:17.792+0530] {logging_mixin.py:188} INFO - [2024-03-04T23:33:17.792+0530] {dag.py:3823} INFO - Setting next_dagrun for example_branch_labels to 2024-03-03 00:00:00+00:00, run_after=2024-03-04 00:00:00+00:00
[2024-03-04T23:33:17.822+0530] {processor.py:183} INFO - Processing /home/arun/.local/lib/python3.10/site-packages/airflow/example_dags/example_branch_labels.py took 0.138 seconds
[2024-03-04T23:34:54.262+0530] {processor.py:161} INFO - Started process (PID=11189) to work on /home/arun/.local/lib/python3.10/site-packages/airflow/example_dags/example_branch_labels.py
[2024-03-04T23:34:54.281+0530] {processor.py:830} INFO - Processing file /home/arun/.local/lib/python3.10/site-packages/airflow/example_dags/example_branch_labels.py for tasks to queue
[2024-03-04T23:34:54.283+0530] {logging_mixin.py:188} INFO - [2024-03-04T23:34:54.282+0530] {dagbag.py:538} INFO - Filling up the DagBag from /home/arun/.local/lib/python3.10/site-packages/airflow/example_dags/example_branch_labels.py
[2024-03-04T23:34:54.296+0530] {processor.py:840} INFO - DAG(s) 'example_branch_labels' retrieved from /home/arun/.local/lib/python3.10/site-packages/airflow/example_dags/example_branch_labels.py
[2024-03-04T23:34:54.320+0530] {logging_mixin.py:188} INFO - [2024-03-04T23:34:54.320+0530] {dag.py:3036} INFO - Sync 1 DAGs
[2024-03-04T23:34:54.342+0530] {logging_mixin.py:188} INFO - [2024-03-04T23:34:54.342+0530] {dag.py:3823} INFO - Setting next_dagrun for example_branch_labels to 2024-03-03 00:00:00+00:00, run_after=2024-03-04 00:00:00+00:00
[2024-03-04T23:34:54.373+0530] {processor.py:183} INFO - Processing /home/arun/.local/lib/python3.10/site-packages/airflow/example_dags/example_branch_labels.py took 0.119 seconds
