[2024-03-04T18:30:22.582+0530] {processor.py:161} INFO - Started process (PID=12006) to work on /home/arun/.local/lib/python3.10/site-packages/airflow/example_dags/example_branch_day_of_week_operator.py
[2024-03-04T18:30:22.582+0530] {processor.py:830} INFO - Processing file /home/arun/.local/lib/python3.10/site-packages/airflow/example_dags/example_branch_day_of_week_operator.py for tasks to queue
[2024-03-04T18:30:22.583+0530] {logging_mixin.py:188} INFO - [2024-03-04T18:30:22.583+0530] {dagbag.py:538} INFO - Filling up the DagBag from /home/arun/.local/lib/python3.10/site-packages/airflow/example_dags/example_branch_day_of_week_operator.py
[2024-03-04T18:30:22.591+0530] {processor.py:840} INFO - DAG(s) 'example_weekday_branch_operator' retrieved from /home/arun/.local/lib/python3.10/site-packages/airflow/example_dags/example_branch_day_of_week_operator.py
[2024-03-04T18:30:22.810+0530] {logging_mixin.py:188} INFO - [2024-03-04T18:30:22.810+0530] {dag.py:3036} INFO - Sync 1 DAGs
[2024-03-04T18:30:22.832+0530] {logging_mixin.py:188} INFO - [2024-03-04T18:30:22.832+0530] {dag.py:3823} INFO - Setting next_dagrun for example_weekday_branch_operator to 2024-03-03 00:00:00+00:00, run_after=2024-03-04 00:00:00+00:00
[2024-03-04T18:30:22.878+0530] {processor.py:183} INFO - Processing /home/arun/.local/lib/python3.10/site-packages/airflow/example_dags/example_branch_day_of_week_operator.py took 0.300 seconds
[2024-03-04T18:32:22.276+0530] {processor.py:161} INFO - Started process (PID=12137) to work on /home/arun/.local/lib/python3.10/site-packages/airflow/example_dags/example_branch_day_of_week_operator.py
[2024-03-04T18:32:22.308+0530] {processor.py:830} INFO - Processing file /home/arun/.local/lib/python3.10/site-packages/airflow/example_dags/example_branch_day_of_week_operator.py for tasks to queue
[2024-03-04T18:32:22.309+0530] {logging_mixin.py:188} INFO - [2024-03-04T18:32:22.309+0530] {dagbag.py:538} INFO - Filling up the DagBag from /home/arun/.local/lib/python3.10/site-packages/airflow/example_dags/example_branch_day_of_week_operator.py
[2024-03-04T18:32:22.317+0530] {processor.py:840} INFO - DAG(s) 'example_weekday_branch_operator' retrieved from /home/arun/.local/lib/python3.10/site-packages/airflow/example_dags/example_branch_day_of_week_operator.py
[2024-03-04T18:32:22.333+0530] {logging_mixin.py:188} INFO - [2024-03-04T18:32:22.333+0530] {dag.py:3036} INFO - Sync 1 DAGs
[2024-03-04T18:32:22.355+0530] {logging_mixin.py:188} INFO - [2024-03-04T18:32:22.355+0530] {dag.py:3823} INFO - Setting next_dagrun for example_weekday_branch_operator to 2024-03-03 00:00:00+00:00, run_after=2024-03-04 00:00:00+00:00
[2024-03-04T18:32:22.384+0530] {processor.py:183} INFO - Processing /home/arun/.local/lib/python3.10/site-packages/airflow/example_dags/example_branch_day_of_week_operator.py took 0.112 seconds
[2024-03-04T18:34:27.951+0530] {processor.py:161} INFO - Started process (PID=12281) to work on /home/arun/.local/lib/python3.10/site-packages/airflow/example_dags/example_branch_day_of_week_operator.py
[2024-03-04T18:34:28.023+0530] {processor.py:830} INFO - Processing file /home/arun/.local/lib/python3.10/site-packages/airflow/example_dags/example_branch_day_of_week_operator.py for tasks to queue
[2024-03-04T18:34:28.024+0530] {logging_mixin.py:188} INFO - [2024-03-04T18:34:28.024+0530] {dagbag.py:538} INFO - Filling up the DagBag from /home/arun/.local/lib/python3.10/site-packages/airflow/example_dags/example_branch_day_of_week_operator.py
[2024-03-04T18:34:28.034+0530] {processor.py:840} INFO - DAG(s) 'example_weekday_branch_operator' retrieved from /home/arun/.local/lib/python3.10/site-packages/airflow/example_dags/example_branch_day_of_week_operator.py
[2024-03-04T18:34:28.059+0530] {logging_mixin.py:188} INFO - [2024-03-04T18:34:28.059+0530] {dag.py:3036} INFO - Sync 1 DAGs
[2024-03-04T18:34:28.094+0530] {logging_mixin.py:188} INFO - [2024-03-04T18:34:28.094+0530] {dag.py:3823} INFO - Setting next_dagrun for example_weekday_branch_operator to 2024-03-03 00:00:00+00:00, run_after=2024-03-04 00:00:00+00:00
[2024-03-04T18:34:28.132+0530] {processor.py:183} INFO - Processing /home/arun/.local/lib/python3.10/site-packages/airflow/example_dags/example_branch_day_of_week_operator.py took 0.186 seconds
[2024-03-04T18:36:52.800+0530] {processor.py:161} INFO - Started process (PID=12446) to work on /home/arun/.local/lib/python3.10/site-packages/airflow/example_dags/example_branch_day_of_week_operator.py
[2024-03-04T18:36:52.802+0530] {processor.py:830} INFO - Processing file /home/arun/.local/lib/python3.10/site-packages/airflow/example_dags/example_branch_day_of_week_operator.py for tasks to queue
[2024-03-04T18:36:52.804+0530] {logging_mixin.py:188} INFO - [2024-03-04T18:36:52.803+0530] {dagbag.py:538} INFO - Filling up the DagBag from /home/arun/.local/lib/python3.10/site-packages/airflow/example_dags/example_branch_day_of_week_operator.py
[2024-03-04T18:36:52.811+0530] {processor.py:840} INFO - DAG(s) 'example_weekday_branch_operator' retrieved from /home/arun/.local/lib/python3.10/site-packages/airflow/example_dags/example_branch_day_of_week_operator.py
[2024-03-04T18:36:52.829+0530] {logging_mixin.py:188} INFO - [2024-03-04T18:36:52.828+0530] {dag.py:3036} INFO - Sync 1 DAGs
[2024-03-04T18:36:52.855+0530] {logging_mixin.py:188} INFO - [2024-03-04T18:36:52.855+0530] {dag.py:3823} INFO - Setting next_dagrun for example_weekday_branch_operator to 2024-03-03 00:00:00+00:00, run_after=2024-03-04 00:00:00+00:00
[2024-03-04T18:36:52.923+0530] {processor.py:183} INFO - Processing /home/arun/.local/lib/python3.10/site-packages/airflow/example_dags/example_branch_day_of_week_operator.py took 0.126 seconds
[2024-03-04T18:39:37.351+0530] {processor.py:161} INFO - Started process (PID=12616) to work on /home/arun/.local/lib/python3.10/site-packages/airflow/example_dags/example_branch_day_of_week_operator.py
[2024-03-04T18:39:37.392+0530] {processor.py:830} INFO - Processing file /home/arun/.local/lib/python3.10/site-packages/airflow/example_dags/example_branch_day_of_week_operator.py for tasks to queue
[2024-03-04T18:39:37.393+0530] {logging_mixin.py:188} INFO - [2024-03-04T18:39:37.393+0530] {dagbag.py:538} INFO - Filling up the DagBag from /home/arun/.local/lib/python3.10/site-packages/airflow/example_dags/example_branch_day_of_week_operator.py
[2024-03-04T18:39:37.428+0530] {processor.py:840} INFO - DAG(s) 'example_weekday_branch_operator' retrieved from /home/arun/.local/lib/python3.10/site-packages/airflow/example_dags/example_branch_day_of_week_operator.py
[2024-03-04T18:39:37.483+0530] {logging_mixin.py:188} INFO - [2024-03-04T18:39:37.483+0530] {dag.py:3036} INFO - Sync 1 DAGs
[2024-03-04T18:39:37.560+0530] {logging_mixin.py:188} INFO - [2024-03-04T18:39:37.560+0530] {dag.py:3823} INFO - Setting next_dagrun for example_weekday_branch_operator to 2024-03-03 00:00:00+00:00, run_after=2024-03-04 00:00:00+00:00
[2024-03-04T18:39:37.653+0530] {processor.py:183} INFO - Processing /home/arun/.local/lib/python3.10/site-packages/airflow/example_dags/example_branch_day_of_week_operator.py took 0.317 seconds
[2024-03-04T18:42:19.399+0530] {processor.py:161} INFO - Started process (PID=12877) to work on /home/arun/.local/lib/python3.10/site-packages/airflow/example_dags/example_branch_day_of_week_operator.py
[2024-03-04T18:42:19.425+0530] {processor.py:830} INFO - Processing file /home/arun/.local/lib/python3.10/site-packages/airflow/example_dags/example_branch_day_of_week_operator.py for tasks to queue
[2024-03-04T18:42:19.426+0530] {logging_mixin.py:188} INFO - [2024-03-04T18:42:19.426+0530] {dagbag.py:538} INFO - Filling up the DagBag from /home/arun/.local/lib/python3.10/site-packages/airflow/example_dags/example_branch_day_of_week_operator.py
[2024-03-04T18:42:19.435+0530] {processor.py:840} INFO - DAG(s) 'example_weekday_branch_operator' retrieved from /home/arun/.local/lib/python3.10/site-packages/airflow/example_dags/example_branch_day_of_week_operator.py
[2024-03-04T18:42:19.457+0530] {logging_mixin.py:188} INFO - [2024-03-04T18:42:19.456+0530] {dag.py:3036} INFO - Sync 1 DAGs
[2024-03-04T18:42:19.490+0530] {logging_mixin.py:188} INFO - [2024-03-04T18:42:19.490+0530] {dag.py:3823} INFO - Setting next_dagrun for example_weekday_branch_operator to 2024-03-03 00:00:00+00:00, run_after=2024-03-04 00:00:00+00:00
[2024-03-04T18:42:19.535+0530] {processor.py:183} INFO - Processing /home/arun/.local/lib/python3.10/site-packages/airflow/example_dags/example_branch_day_of_week_operator.py took 0.140 seconds
[2024-03-04T18:46:10.979+0530] {processor.py:161} INFO - Started process (PID=13935) to work on /home/arun/.local/lib/python3.10/site-packages/airflow/example_dags/example_branch_day_of_week_operator.py
[2024-03-04T18:46:11.035+0530] {processor.py:830} INFO - Processing file /home/arun/.local/lib/python3.10/site-packages/airflow/example_dags/example_branch_day_of_week_operator.py for tasks to queue
[2024-03-04T18:46:11.037+0530] {logging_mixin.py:188} INFO - [2024-03-04T18:46:11.036+0530] {dagbag.py:538} INFO - Filling up the DagBag from /home/arun/.local/lib/python3.10/site-packages/airflow/example_dags/example_branch_day_of_week_operator.py
[2024-03-04T18:46:11.076+0530] {processor.py:840} INFO - DAG(s) 'example_weekday_branch_operator' retrieved from /home/arun/.local/lib/python3.10/site-packages/airflow/example_dags/example_branch_day_of_week_operator.py
[2024-03-04T18:46:11.148+0530] {logging_mixin.py:188} INFO - [2024-03-04T18:46:11.148+0530] {dag.py:3036} INFO - Sync 1 DAGs
[2024-03-04T18:46:11.232+0530] {logging_mixin.py:188} INFO - [2024-03-04T18:46:11.232+0530] {dag.py:3823} INFO - Setting next_dagrun for example_weekday_branch_operator to 2024-03-03 00:00:00+00:00, run_after=2024-03-04 00:00:00+00:00
[2024-03-04T18:46:11.534+0530] {processor.py:183} INFO - Processing /home/arun/.local/lib/python3.10/site-packages/airflow/example_dags/example_branch_day_of_week_operator.py took 0.668 seconds
[2024-03-04T18:55:53.072+0530] {processor.py:161} INFO - Started process (PID=5820) to work on /home/arun/.local/lib/python3.10/site-packages/airflow/example_dags/example_branch_day_of_week_operator.py
[2024-03-04T18:55:53.118+0530] {processor.py:830} INFO - Processing file /home/arun/.local/lib/python3.10/site-packages/airflow/example_dags/example_branch_day_of_week_operator.py for tasks to queue
[2024-03-04T18:55:53.123+0530] {logging_mixin.py:188} INFO - [2024-03-04T18:55:53.122+0530] {dagbag.py:538} INFO - Filling up the DagBag from /home/arun/.local/lib/python3.10/site-packages/airflow/example_dags/example_branch_day_of_week_operator.py
[2024-03-04T18:55:53.139+0530] {processor.py:840} INFO - DAG(s) 'example_weekday_branch_operator' retrieved from /home/arun/.local/lib/python3.10/site-packages/airflow/example_dags/example_branch_day_of_week_operator.py
[2024-03-04T18:55:53.746+0530] {logging_mixin.py:188} INFO - [2024-03-04T18:55:53.746+0530] {dag.py:3036} INFO - Sync 1 DAGs
[2024-03-04T18:55:53.819+0530] {logging_mixin.py:188} INFO - [2024-03-04T18:55:53.818+0530] {dag.py:3823} INFO - Setting next_dagrun for example_weekday_branch_operator to 2024-03-03 00:00:00+00:00, run_after=2024-03-04 00:00:00+00:00
[2024-03-04T18:55:53.895+0530] {processor.py:183} INFO - Processing /home/arun/.local/lib/python3.10/site-packages/airflow/example_dags/example_branch_day_of_week_operator.py took 0.832 seconds
[2024-03-04T18:58:14.952+0530] {processor.py:161} INFO - Started process (PID=6029) to work on /home/arun/.local/lib/python3.10/site-packages/airflow/example_dags/example_branch_day_of_week_operator.py
[2024-03-04T18:58:14.991+0530] {processor.py:830} INFO - Processing file /home/arun/.local/lib/python3.10/site-packages/airflow/example_dags/example_branch_day_of_week_operator.py for tasks to queue
[2024-03-04T18:58:14.993+0530] {logging_mixin.py:188} INFO - [2024-03-04T18:58:14.992+0530] {dagbag.py:538} INFO - Filling up the DagBag from /home/arun/.local/lib/python3.10/site-packages/airflow/example_dags/example_branch_day_of_week_operator.py
[2024-03-04T18:58:15.007+0530] {processor.py:840} INFO - DAG(s) 'example_weekday_branch_operator' retrieved from /home/arun/.local/lib/python3.10/site-packages/airflow/example_dags/example_branch_day_of_week_operator.py
[2024-03-04T18:58:15.048+0530] {logging_mixin.py:188} INFO - [2024-03-04T18:58:15.048+0530] {dag.py:3036} INFO - Sync 1 DAGs
[2024-03-04T18:58:15.111+0530] {logging_mixin.py:188} INFO - [2024-03-04T18:58:15.111+0530] {dag.py:3823} INFO - Setting next_dagrun for example_weekday_branch_operator to 2024-03-03 00:00:00+00:00, run_after=2024-03-04 00:00:00+00:00
[2024-03-04T18:58:15.225+0530] {processor.py:183} INFO - Processing /home/arun/.local/lib/python3.10/site-packages/airflow/example_dags/example_branch_day_of_week_operator.py took 0.279 seconds
[2024-03-04T19:00:22.571+0530] {processor.py:161} INFO - Started process (PID=6442) to work on /home/arun/.local/lib/python3.10/site-packages/airflow/example_dags/example_branch_day_of_week_operator.py
[2024-03-04T19:00:22.622+0530] {processor.py:830} INFO - Processing file /home/arun/.local/lib/python3.10/site-packages/airflow/example_dags/example_branch_day_of_week_operator.py for tasks to queue
[2024-03-04T19:00:22.633+0530] {logging_mixin.py:188} INFO - [2024-03-04T19:00:22.623+0530] {dagbag.py:538} INFO - Filling up the DagBag from /home/arun/.local/lib/python3.10/site-packages/airflow/example_dags/example_branch_day_of_week_operator.py
[2024-03-04T19:00:22.662+0530] {processor.py:840} INFO - DAG(s) 'example_weekday_branch_operator' retrieved from /home/arun/.local/lib/python3.10/site-packages/airflow/example_dags/example_branch_day_of_week_operator.py
[2024-03-04T19:00:22.702+0530] {logging_mixin.py:188} INFO - [2024-03-04T19:00:22.701+0530] {dag.py:3036} INFO - Sync 1 DAGs
[2024-03-04T19:00:22.773+0530] {logging_mixin.py:188} INFO - [2024-03-04T19:00:22.773+0530] {dag.py:3823} INFO - Setting next_dagrun for example_weekday_branch_operator to 2024-03-03 00:00:00+00:00, run_after=2024-03-04 00:00:00+00:00
[2024-03-04T19:00:22.850+0530] {processor.py:183} INFO - Processing /home/arun/.local/lib/python3.10/site-packages/airflow/example_dags/example_branch_day_of_week_operator.py took 0.301 seconds
[2024-03-04T19:02:09.136+0530] {processor.py:161} INFO - Started process (PID=6654) to work on /home/arun/.local/lib/python3.10/site-packages/airflow/example_dags/example_branch_day_of_week_operator.py
[2024-03-04T19:02:09.151+0530] {processor.py:830} INFO - Processing file /home/arun/.local/lib/python3.10/site-packages/airflow/example_dags/example_branch_day_of_week_operator.py for tasks to queue
[2024-03-04T19:02:09.154+0530] {logging_mixin.py:188} INFO - [2024-03-04T19:02:09.153+0530] {dagbag.py:538} INFO - Filling up the DagBag from /home/arun/.local/lib/python3.10/site-packages/airflow/example_dags/example_branch_day_of_week_operator.py
[2024-03-04T19:02:09.170+0530] {processor.py:840} INFO - DAG(s) 'example_weekday_branch_operator' retrieved from /home/arun/.local/lib/python3.10/site-packages/airflow/example_dags/example_branch_day_of_week_operator.py
[2024-03-04T19:02:09.212+0530] {logging_mixin.py:188} INFO - [2024-03-04T19:02:09.212+0530] {dag.py:3036} INFO - Sync 1 DAGs
[2024-03-04T19:02:09.246+0530] {logging_mixin.py:188} INFO - [2024-03-04T19:02:09.246+0530] {dag.py:3823} INFO - Setting next_dagrun for example_weekday_branch_operator to 2024-03-03 00:00:00+00:00, run_after=2024-03-04 00:00:00+00:00
[2024-03-04T19:02:09.351+0530] {processor.py:183} INFO - Processing /home/arun/.local/lib/python3.10/site-packages/airflow/example_dags/example_branch_day_of_week_operator.py took 0.241 seconds
[2024-03-04T19:06:03.000+0530] {processor.py:161} INFO - Started process (PID=7016) to work on /home/arun/.local/lib/python3.10/site-packages/airflow/example_dags/example_branch_day_of_week_operator.py
[2024-03-04T19:06:03.003+0530] {processor.py:830} INFO - Processing file /home/arun/.local/lib/python3.10/site-packages/airflow/example_dags/example_branch_day_of_week_operator.py for tasks to queue
[2024-03-04T19:06:03.006+0530] {logging_mixin.py:188} INFO - [2024-03-04T19:06:03.004+0530] {dagbag.py:538} INFO - Filling up the DagBag from /home/arun/.local/lib/python3.10/site-packages/airflow/example_dags/example_branch_day_of_week_operator.py
[2024-03-04T19:06:03.034+0530] {processor.py:840} INFO - DAG(s) 'example_weekday_branch_operator' retrieved from /home/arun/.local/lib/python3.10/site-packages/airflow/example_dags/example_branch_day_of_week_operator.py
[2024-03-04T19:06:03.065+0530] {logging_mixin.py:188} INFO - [2024-03-04T19:06:03.064+0530] {dag.py:3036} INFO - Sync 1 DAGs
[2024-03-04T19:06:03.094+0530] {logging_mixin.py:188} INFO - [2024-03-04T19:06:03.093+0530] {dag.py:3823} INFO - Setting next_dagrun for example_weekday_branch_operator to 2024-03-03 00:00:00+00:00, run_after=2024-03-04 00:00:00+00:00
[2024-03-04T19:06:03.217+0530] {processor.py:183} INFO - Processing /home/arun/.local/lib/python3.10/site-packages/airflow/example_dags/example_branch_day_of_week_operator.py took 0.227 seconds
[2024-03-04T19:07:46.370+0530] {processor.py:161} INFO - Started process (PID=7197) to work on /home/arun/.local/lib/python3.10/site-packages/airflow/example_dags/example_branch_day_of_week_operator.py
[2024-03-04T19:07:46.403+0530] {processor.py:830} INFO - Processing file /home/arun/.local/lib/python3.10/site-packages/airflow/example_dags/example_branch_day_of_week_operator.py for tasks to queue
[2024-03-04T19:07:46.405+0530] {logging_mixin.py:188} INFO - [2024-03-04T19:07:46.405+0530] {dagbag.py:538} INFO - Filling up the DagBag from /home/arun/.local/lib/python3.10/site-packages/airflow/example_dags/example_branch_day_of_week_operator.py
[2024-03-04T19:07:46.420+0530] {processor.py:840} INFO - DAG(s) 'example_weekday_branch_operator' retrieved from /home/arun/.local/lib/python3.10/site-packages/airflow/example_dags/example_branch_day_of_week_operator.py
[2024-03-04T19:07:46.446+0530] {logging_mixin.py:188} INFO - [2024-03-04T19:07:46.445+0530] {dag.py:3036} INFO - Sync 1 DAGs
[2024-03-04T19:07:46.474+0530] {logging_mixin.py:188} INFO - [2024-03-04T19:07:46.474+0530] {dag.py:3823} INFO - Setting next_dagrun for example_weekday_branch_operator to 2024-03-03 00:00:00+00:00, run_after=2024-03-04 00:00:00+00:00
[2024-03-04T19:07:46.506+0530] {processor.py:183} INFO - Processing /home/arun/.local/lib/python3.10/site-packages/airflow/example_dags/example_branch_day_of_week_operator.py took 0.140 seconds
[2024-03-04T19:09:01.787+0530] {processor.py:161} INFO - Started process (PID=7351) to work on /home/arun/.local/lib/python3.10/site-packages/airflow/example_dags/example_branch_day_of_week_operator.py
[2024-03-04T19:09:01.827+0530] {processor.py:830} INFO - Processing file /home/arun/.local/lib/python3.10/site-packages/airflow/example_dags/example_branch_day_of_week_operator.py for tasks to queue
[2024-03-04T19:09:01.828+0530] {logging_mixin.py:188} INFO - [2024-03-04T19:09:01.827+0530] {dagbag.py:538} INFO - Filling up the DagBag from /home/arun/.local/lib/python3.10/site-packages/airflow/example_dags/example_branch_day_of_week_operator.py
[2024-03-04T19:09:01.835+0530] {processor.py:840} INFO - DAG(s) 'example_weekday_branch_operator' retrieved from /home/arun/.local/lib/python3.10/site-packages/airflow/example_dags/example_branch_day_of_week_operator.py
[2024-03-04T19:09:01.851+0530] {logging_mixin.py:188} INFO - [2024-03-04T19:09:01.851+0530] {dag.py:3036} INFO - Sync 1 DAGs
[2024-03-04T19:09:01.871+0530] {logging_mixin.py:188} INFO - [2024-03-04T19:09:01.871+0530] {dag.py:3823} INFO - Setting next_dagrun for example_weekday_branch_operator to 2024-03-03 00:00:00+00:00, run_after=2024-03-04 00:00:00+00:00
[2024-03-04T19:09:01.903+0530] {processor.py:183} INFO - Processing /home/arun/.local/lib/python3.10/site-packages/airflow/example_dags/example_branch_day_of_week_operator.py took 0.120 seconds
[2024-03-04T19:10:26.558+0530] {processor.py:161} INFO - Started process (PID=7520) to work on /home/arun/.local/lib/python3.10/site-packages/airflow/example_dags/example_branch_day_of_week_operator.py
[2024-03-04T19:10:26.595+0530] {processor.py:830} INFO - Processing file /home/arun/.local/lib/python3.10/site-packages/airflow/example_dags/example_branch_day_of_week_operator.py for tasks to queue
[2024-03-04T19:10:26.596+0530] {logging_mixin.py:188} INFO - [2024-03-04T19:10:26.596+0530] {dagbag.py:538} INFO - Filling up the DagBag from /home/arun/.local/lib/python3.10/site-packages/airflow/example_dags/example_branch_day_of_week_operator.py
[2024-03-04T19:10:26.614+0530] {processor.py:840} INFO - DAG(s) 'example_weekday_branch_operator' retrieved from /home/arun/.local/lib/python3.10/site-packages/airflow/example_dags/example_branch_day_of_week_operator.py
[2024-03-04T19:10:26.647+0530] {logging_mixin.py:188} INFO - [2024-03-04T19:10:26.647+0530] {dag.py:3036} INFO - Sync 1 DAGs
[2024-03-04T19:10:26.736+0530] {logging_mixin.py:188} INFO - [2024-03-04T19:10:26.735+0530] {dag.py:3823} INFO - Setting next_dagrun for example_weekday_branch_operator to 2024-03-03 00:00:00+00:00, run_after=2024-03-04 00:00:00+00:00
[2024-03-04T19:10:26.801+0530] {processor.py:183} INFO - Processing /home/arun/.local/lib/python3.10/site-packages/airflow/example_dags/example_branch_day_of_week_operator.py took 0.249 seconds
[2024-03-04T19:11:51.940+0530] {processor.py:161} INFO - Started process (PID=7669) to work on /home/arun/.local/lib/python3.10/site-packages/airflow/example_dags/example_branch_day_of_week_operator.py
[2024-03-04T19:11:51.983+0530] {processor.py:830} INFO - Processing file /home/arun/.local/lib/python3.10/site-packages/airflow/example_dags/example_branch_day_of_week_operator.py for tasks to queue
[2024-03-04T19:11:51.984+0530] {logging_mixin.py:188} INFO - [2024-03-04T19:11:51.984+0530] {dagbag.py:538} INFO - Filling up the DagBag from /home/arun/.local/lib/python3.10/site-packages/airflow/example_dags/example_branch_day_of_week_operator.py
[2024-03-04T19:11:51.995+0530] {processor.py:840} INFO - DAG(s) 'example_weekday_branch_operator' retrieved from /home/arun/.local/lib/python3.10/site-packages/airflow/example_dags/example_branch_day_of_week_operator.py
[2024-03-04T19:11:52.017+0530] {logging_mixin.py:188} INFO - [2024-03-04T19:11:52.017+0530] {dag.py:3036} INFO - Sync 1 DAGs
[2024-03-04T19:11:52.042+0530] {logging_mixin.py:188} INFO - [2024-03-04T19:11:52.042+0530] {dag.py:3823} INFO - Setting next_dagrun for example_weekday_branch_operator to 2024-03-03 00:00:00+00:00, run_after=2024-03-04 00:00:00+00:00
[2024-03-04T19:11:52.107+0530] {processor.py:183} INFO - Processing /home/arun/.local/lib/python3.10/site-packages/airflow/example_dags/example_branch_day_of_week_operator.py took 0.171 seconds
[2024-03-04T19:13:20.797+0530] {processor.py:161} INFO - Started process (PID=7832) to work on /home/arun/.local/lib/python3.10/site-packages/airflow/example_dags/example_branch_day_of_week_operator.py
[2024-03-04T19:13:20.823+0530] {processor.py:830} INFO - Processing file /home/arun/.local/lib/python3.10/site-packages/airflow/example_dags/example_branch_day_of_week_operator.py for tasks to queue
[2024-03-04T19:13:20.824+0530] {logging_mixin.py:188} INFO - [2024-03-04T19:13:20.824+0530] {dagbag.py:538} INFO - Filling up the DagBag from /home/arun/.local/lib/python3.10/site-packages/airflow/example_dags/example_branch_day_of_week_operator.py
[2024-03-04T19:13:20.834+0530] {processor.py:840} INFO - DAG(s) 'example_weekday_branch_operator' retrieved from /home/arun/.local/lib/python3.10/site-packages/airflow/example_dags/example_branch_day_of_week_operator.py
[2024-03-04T19:13:20.858+0530] {logging_mixin.py:188} INFO - [2024-03-04T19:13:20.857+0530] {dag.py:3036} INFO - Sync 1 DAGs
[2024-03-04T19:13:20.898+0530] {logging_mixin.py:188} INFO - [2024-03-04T19:13:20.898+0530] {dag.py:3823} INFO - Setting next_dagrun for example_weekday_branch_operator to 2024-03-03 00:00:00+00:00, run_after=2024-03-04 00:00:00+00:00
[2024-03-04T19:13:20.944+0530] {processor.py:183} INFO - Processing /home/arun/.local/lib/python3.10/site-packages/airflow/example_dags/example_branch_day_of_week_operator.py took 0.150 seconds
[2024-03-04T19:14:46.968+0530] {processor.py:161} INFO - Started process (PID=7990) to work on /home/arun/.local/lib/python3.10/site-packages/airflow/example_dags/example_branch_day_of_week_operator.py
[2024-03-04T19:14:47.023+0530] {processor.py:830} INFO - Processing file /home/arun/.local/lib/python3.10/site-packages/airflow/example_dags/example_branch_day_of_week_operator.py for tasks to queue
[2024-03-04T19:14:47.025+0530] {logging_mixin.py:188} INFO - [2024-03-04T19:14:47.024+0530] {dagbag.py:538} INFO - Filling up the DagBag from /home/arun/.local/lib/python3.10/site-packages/airflow/example_dags/example_branch_day_of_week_operator.py
[2024-03-04T19:14:47.054+0530] {processor.py:840} INFO - DAG(s) 'example_weekday_branch_operator' retrieved from /home/arun/.local/lib/python3.10/site-packages/airflow/example_dags/example_branch_day_of_week_operator.py
[2024-03-04T19:14:47.104+0530] {logging_mixin.py:188} INFO - [2024-03-04T19:14:47.104+0530] {dag.py:3036} INFO - Sync 1 DAGs
[2024-03-04T19:14:47.162+0530] {logging_mixin.py:188} INFO - [2024-03-04T19:14:47.162+0530] {dag.py:3823} INFO - Setting next_dagrun for example_weekday_branch_operator to 2024-03-03 00:00:00+00:00, run_after=2024-03-04 00:00:00+00:00
[2024-03-04T19:14:47.264+0530] {processor.py:183} INFO - Processing /home/arun/.local/lib/python3.10/site-packages/airflow/example_dags/example_branch_day_of_week_operator.py took 0.302 seconds
[2024-03-04T19:16:11.172+0530] {processor.py:161} INFO - Started process (PID=8221) to work on /home/arun/.local/lib/python3.10/site-packages/airflow/example_dags/example_branch_day_of_week_operator.py
[2024-03-04T19:16:11.176+0530] {processor.py:830} INFO - Processing file /home/arun/.local/lib/python3.10/site-packages/airflow/example_dags/example_branch_day_of_week_operator.py for tasks to queue
[2024-03-04T19:16:11.178+0530] {logging_mixin.py:188} INFO - [2024-03-04T19:16:11.177+0530] {dagbag.py:538} INFO - Filling up the DagBag from /home/arun/.local/lib/python3.10/site-packages/airflow/example_dags/example_branch_day_of_week_operator.py
[2024-03-04T19:16:11.198+0530] {processor.py:840} INFO - DAG(s) 'example_weekday_branch_operator' retrieved from /home/arun/.local/lib/python3.10/site-packages/airflow/example_dags/example_branch_day_of_week_operator.py
[2024-03-04T19:16:11.244+0530] {logging_mixin.py:188} INFO - [2024-03-04T19:16:11.244+0530] {dag.py:3036} INFO - Sync 1 DAGs
[2024-03-04T19:16:11.311+0530] {logging_mixin.py:188} INFO - [2024-03-04T19:16:11.310+0530] {dag.py:3823} INFO - Setting next_dagrun for example_weekday_branch_operator to 2024-03-03 00:00:00+00:00, run_after=2024-03-04 00:00:00+00:00
[2024-03-04T19:16:11.376+0530] {processor.py:183} INFO - Processing /home/arun/.local/lib/python3.10/site-packages/airflow/example_dags/example_branch_day_of_week_operator.py took 0.211 seconds
[2024-03-04T19:17:37.789+0530] {processor.py:161} INFO - Started process (PID=8383) to work on /home/arun/.local/lib/python3.10/site-packages/airflow/example_dags/example_branch_day_of_week_operator.py
[2024-03-04T19:17:37.888+0530] {processor.py:830} INFO - Processing file /home/arun/.local/lib/python3.10/site-packages/airflow/example_dags/example_branch_day_of_week_operator.py for tasks to queue
[2024-03-04T19:17:37.889+0530] {logging_mixin.py:188} INFO - [2024-03-04T19:17:37.889+0530] {dagbag.py:538} INFO - Filling up the DagBag from /home/arun/.local/lib/python3.10/site-packages/airflow/example_dags/example_branch_day_of_week_operator.py
[2024-03-04T19:17:37.915+0530] {processor.py:840} INFO - DAG(s) 'example_weekday_branch_operator' retrieved from /home/arun/.local/lib/python3.10/site-packages/airflow/example_dags/example_branch_day_of_week_operator.py
[2024-03-04T19:17:37.944+0530] {logging_mixin.py:188} INFO - [2024-03-04T19:17:37.944+0530] {dag.py:3036} INFO - Sync 1 DAGs
[2024-03-04T19:17:37.977+0530] {logging_mixin.py:188} INFO - [2024-03-04T19:17:37.977+0530] {dag.py:3823} INFO - Setting next_dagrun for example_weekday_branch_operator to 2024-03-03 00:00:00+00:00, run_after=2024-03-04 00:00:00+00:00
[2024-03-04T19:17:38.011+0530] {processor.py:183} INFO - Processing /home/arun/.local/lib/python3.10/site-packages/airflow/example_dags/example_branch_day_of_week_operator.py took 0.228 seconds
[2024-03-04T19:19:01.682+0530] {processor.py:161} INFO - Started process (PID=8560) to work on /home/arun/.local/lib/python3.10/site-packages/airflow/example_dags/example_branch_day_of_week_operator.py
[2024-03-04T19:19:01.727+0530] {processor.py:830} INFO - Processing file /home/arun/.local/lib/python3.10/site-packages/airflow/example_dags/example_branch_day_of_week_operator.py for tasks to queue
[2024-03-04T19:19:01.742+0530] {logging_mixin.py:188} INFO - [2024-03-04T19:19:01.734+0530] {dagbag.py:538} INFO - Filling up the DagBag from /home/arun/.local/lib/python3.10/site-packages/airflow/example_dags/example_branch_day_of_week_operator.py
[2024-03-04T19:19:01.769+0530] {processor.py:840} INFO - DAG(s) 'example_weekday_branch_operator' retrieved from /home/arun/.local/lib/python3.10/site-packages/airflow/example_dags/example_branch_day_of_week_operator.py
[2024-03-04T19:19:01.842+0530] {logging_mixin.py:188} INFO - [2024-03-04T19:19:01.842+0530] {dag.py:3036} INFO - Sync 1 DAGs
[2024-03-04T19:19:01.885+0530] {logging_mixin.py:188} INFO - [2024-03-04T19:19:01.885+0530] {dag.py:3823} INFO - Setting next_dagrun for example_weekday_branch_operator to 2024-03-03 00:00:00+00:00, run_after=2024-03-04 00:00:00+00:00
[2024-03-04T19:19:01.964+0530] {processor.py:183} INFO - Processing /home/arun/.local/lib/python3.10/site-packages/airflow/example_dags/example_branch_day_of_week_operator.py took 0.287 seconds
[2024-03-04T19:20:30.768+0530] {processor.py:161} INFO - Started process (PID=8730) to work on /home/arun/.local/lib/python3.10/site-packages/airflow/example_dags/example_branch_day_of_week_operator.py
[2024-03-04T19:20:30.787+0530] {processor.py:830} INFO - Processing file /home/arun/.local/lib/python3.10/site-packages/airflow/example_dags/example_branch_day_of_week_operator.py for tasks to queue
[2024-03-04T19:20:30.790+0530] {logging_mixin.py:188} INFO - [2024-03-04T19:20:30.790+0530] {dagbag.py:538} INFO - Filling up the DagBag from /home/arun/.local/lib/python3.10/site-packages/airflow/example_dags/example_branch_day_of_week_operator.py
[2024-03-04T19:20:30.805+0530] {processor.py:840} INFO - DAG(s) 'example_weekday_branch_operator' retrieved from /home/arun/.local/lib/python3.10/site-packages/airflow/example_dags/example_branch_day_of_week_operator.py
[2024-03-04T19:20:30.856+0530] {logging_mixin.py:188} INFO - [2024-03-04T19:20:30.855+0530] {dag.py:3036} INFO - Sync 1 DAGs
[2024-03-04T19:20:30.914+0530] {logging_mixin.py:188} INFO - [2024-03-04T19:20:30.910+0530] {dag.py:3823} INFO - Setting next_dagrun for example_weekday_branch_operator to 2024-03-03 00:00:00+00:00, run_after=2024-03-04 00:00:00+00:00
[2024-03-04T19:20:30.975+0530] {processor.py:183} INFO - Processing /home/arun/.local/lib/python3.10/site-packages/airflow/example_dags/example_branch_day_of_week_operator.py took 0.232 seconds
[2024-03-04T19:21:56.372+0530] {processor.py:161} INFO - Started process (PID=8910) to work on /home/arun/.local/lib/python3.10/site-packages/airflow/example_dags/example_branch_day_of_week_operator.py
[2024-03-04T19:21:56.375+0530] {processor.py:830} INFO - Processing file /home/arun/.local/lib/python3.10/site-packages/airflow/example_dags/example_branch_day_of_week_operator.py for tasks to queue
[2024-03-04T19:21:56.376+0530] {logging_mixin.py:188} INFO - [2024-03-04T19:21:56.376+0530] {dagbag.py:538} INFO - Filling up the DagBag from /home/arun/.local/lib/python3.10/site-packages/airflow/example_dags/example_branch_day_of_week_operator.py
[2024-03-04T19:21:56.387+0530] {processor.py:840} INFO - DAG(s) 'example_weekday_branch_operator' retrieved from /home/arun/.local/lib/python3.10/site-packages/airflow/example_dags/example_branch_day_of_week_operator.py
[2024-03-04T19:21:56.413+0530] {logging_mixin.py:188} INFO - [2024-03-04T19:21:56.413+0530] {dag.py:3036} INFO - Sync 1 DAGs
[2024-03-04T19:21:56.454+0530] {logging_mixin.py:188} INFO - [2024-03-04T19:21:56.454+0530] {dag.py:3823} INFO - Setting next_dagrun for example_weekday_branch_operator to 2024-03-03 00:00:00+00:00, run_after=2024-03-04 00:00:00+00:00
[2024-03-04T19:21:56.492+0530] {processor.py:183} INFO - Processing /home/arun/.local/lib/python3.10/site-packages/airflow/example_dags/example_branch_day_of_week_operator.py took 0.123 seconds
[2024-03-04T19:23:22.157+0530] {processor.py:161} INFO - Started process (PID=9076) to work on /home/arun/.local/lib/python3.10/site-packages/airflow/example_dags/example_branch_day_of_week_operator.py
[2024-03-04T19:23:22.200+0530] {processor.py:830} INFO - Processing file /home/arun/.local/lib/python3.10/site-packages/airflow/example_dags/example_branch_day_of_week_operator.py for tasks to queue
[2024-03-04T19:23:22.201+0530] {logging_mixin.py:188} INFO - [2024-03-04T19:23:22.200+0530] {dagbag.py:538} INFO - Filling up the DagBag from /home/arun/.local/lib/python3.10/site-packages/airflow/example_dags/example_branch_day_of_week_operator.py
[2024-03-04T19:23:22.212+0530] {processor.py:840} INFO - DAG(s) 'example_weekday_branch_operator' retrieved from /home/arun/.local/lib/python3.10/site-packages/airflow/example_dags/example_branch_day_of_week_operator.py
[2024-03-04T19:23:22.233+0530] {logging_mixin.py:188} INFO - [2024-03-04T19:23:22.233+0530] {dag.py:3036} INFO - Sync 1 DAGs
[2024-03-04T19:23:22.258+0530] {logging_mixin.py:188} INFO - [2024-03-04T19:23:22.258+0530] {dag.py:3823} INFO - Setting next_dagrun for example_weekday_branch_operator to 2024-03-03 00:00:00+00:00, run_after=2024-03-04 00:00:00+00:00
[2024-03-04T19:23:22.289+0530] {processor.py:183} INFO - Processing /home/arun/.local/lib/python3.10/site-packages/airflow/example_dags/example_branch_day_of_week_operator.py took 0.137 seconds
[2024-03-04T19:24:43.589+0530] {processor.py:161} INFO - Started process (PID=9247) to work on /home/arun/.local/lib/python3.10/site-packages/airflow/example_dags/example_branch_day_of_week_operator.py
[2024-03-04T19:24:43.591+0530] {processor.py:830} INFO - Processing file /home/arun/.local/lib/python3.10/site-packages/airflow/example_dags/example_branch_day_of_week_operator.py for tasks to queue
[2024-03-04T19:24:43.592+0530] {logging_mixin.py:188} INFO - [2024-03-04T19:24:43.591+0530] {dagbag.py:538} INFO - Filling up the DagBag from /home/arun/.local/lib/python3.10/site-packages/airflow/example_dags/example_branch_day_of_week_operator.py
[2024-03-04T19:24:43.601+0530] {processor.py:840} INFO - DAG(s) 'example_weekday_branch_operator' retrieved from /home/arun/.local/lib/python3.10/site-packages/airflow/example_dags/example_branch_day_of_week_operator.py
[2024-03-04T19:24:43.621+0530] {logging_mixin.py:188} INFO - [2024-03-04T19:24:43.621+0530] {dag.py:3036} INFO - Sync 1 DAGs
[2024-03-04T19:24:43.649+0530] {logging_mixin.py:188} INFO - [2024-03-04T19:24:43.649+0530] {dag.py:3823} INFO - Setting next_dagrun for example_weekday_branch_operator to 2024-03-03 00:00:00+00:00, run_after=2024-03-04 00:00:00+00:00
[2024-03-04T19:24:43.711+0530] {processor.py:183} INFO - Processing /home/arun/.local/lib/python3.10/site-packages/airflow/example_dags/example_branch_day_of_week_operator.py took 0.125 seconds
[2024-03-04T19:26:01.844+0530] {processor.py:161} INFO - Started process (PID=9389) to work on /home/arun/.local/lib/python3.10/site-packages/airflow/example_dags/example_branch_day_of_week_operator.py
[2024-03-04T19:26:01.887+0530] {processor.py:830} INFO - Processing file /home/arun/.local/lib/python3.10/site-packages/airflow/example_dags/example_branch_day_of_week_operator.py for tasks to queue
[2024-03-04T19:26:01.889+0530] {logging_mixin.py:188} INFO - [2024-03-04T19:26:01.888+0530] {dagbag.py:538} INFO - Filling up the DagBag from /home/arun/.local/lib/python3.10/site-packages/airflow/example_dags/example_branch_day_of_week_operator.py
[2024-03-04T19:26:01.902+0530] {processor.py:840} INFO - DAG(s) 'example_weekday_branch_operator' retrieved from /home/arun/.local/lib/python3.10/site-packages/airflow/example_dags/example_branch_day_of_week_operator.py
[2024-03-04T19:26:01.919+0530] {logging_mixin.py:188} INFO - [2024-03-04T19:26:01.919+0530] {dag.py:3036} INFO - Sync 1 DAGs
[2024-03-04T19:26:01.942+0530] {logging_mixin.py:188} INFO - [2024-03-04T19:26:01.942+0530] {dag.py:3823} INFO - Setting next_dagrun for example_weekday_branch_operator to 2024-03-03 00:00:00+00:00, run_after=2024-03-04 00:00:00+00:00
[2024-03-04T19:26:01.983+0530] {processor.py:183} INFO - Processing /home/arun/.local/lib/python3.10/site-packages/airflow/example_dags/example_branch_day_of_week_operator.py took 0.143 seconds
[2024-03-04T19:27:18.923+0530] {processor.py:161} INFO - Started process (PID=9556) to work on /home/arun/.local/lib/python3.10/site-packages/airflow/example_dags/example_branch_day_of_week_operator.py
[2024-03-04T19:27:18.959+0530] {processor.py:830} INFO - Processing file /home/arun/.local/lib/python3.10/site-packages/airflow/example_dags/example_branch_day_of_week_operator.py for tasks to queue
[2024-03-04T19:27:18.961+0530] {logging_mixin.py:188} INFO - [2024-03-04T19:27:18.960+0530] {dagbag.py:538} INFO - Filling up the DagBag from /home/arun/.local/lib/python3.10/site-packages/airflow/example_dags/example_branch_day_of_week_operator.py
[2024-03-04T19:27:18.973+0530] {processor.py:840} INFO - DAG(s) 'example_weekday_branch_operator' retrieved from /home/arun/.local/lib/python3.10/site-packages/airflow/example_dags/example_branch_day_of_week_operator.py
[2024-03-04T19:27:19.024+0530] {logging_mixin.py:188} INFO - [2024-03-04T19:27:19.024+0530] {dag.py:3036} INFO - Sync 1 DAGs
[2024-03-04T19:27:19.086+0530] {logging_mixin.py:188} INFO - [2024-03-04T19:27:19.086+0530] {dag.py:3823} INFO - Setting next_dagrun for example_weekday_branch_operator to 2024-03-03 00:00:00+00:00, run_after=2024-03-04 00:00:00+00:00
[2024-03-04T19:27:19.183+0530] {processor.py:183} INFO - Processing /home/arun/.local/lib/python3.10/site-packages/airflow/example_dags/example_branch_day_of_week_operator.py took 0.265 seconds
[2024-03-04T19:28:46.406+0530] {processor.py:161} INFO - Started process (PID=9765) to work on /home/arun/.local/lib/python3.10/site-packages/airflow/example_dags/example_branch_day_of_week_operator.py
[2024-03-04T19:28:46.459+0530] {processor.py:830} INFO - Processing file /home/arun/.local/lib/python3.10/site-packages/airflow/example_dags/example_branch_day_of_week_operator.py for tasks to queue
[2024-03-04T19:28:46.470+0530] {logging_mixin.py:188} INFO - [2024-03-04T19:28:46.467+0530] {dagbag.py:538} INFO - Filling up the DagBag from /home/arun/.local/lib/python3.10/site-packages/airflow/example_dags/example_branch_day_of_week_operator.py
[2024-03-04T19:28:46.496+0530] {processor.py:840} INFO - DAG(s) 'example_weekday_branch_operator' retrieved from /home/arun/.local/lib/python3.10/site-packages/airflow/example_dags/example_branch_day_of_week_operator.py
[2024-03-04T19:28:46.527+0530] {logging_mixin.py:188} INFO - [2024-03-04T19:28:46.527+0530] {dag.py:3036} INFO - Sync 1 DAGs
[2024-03-04T19:28:46.567+0530] {logging_mixin.py:188} INFO - [2024-03-04T19:28:46.566+0530] {dag.py:3823} INFO - Setting next_dagrun for example_weekday_branch_operator to 2024-03-03 00:00:00+00:00, run_after=2024-03-04 00:00:00+00:00
[2024-03-04T19:28:46.648+0530] {processor.py:183} INFO - Processing /home/arun/.local/lib/python3.10/site-packages/airflow/example_dags/example_branch_day_of_week_operator.py took 0.247 seconds
[2024-03-04T22:56:21.582+0530] {processor.py:161} INFO - Started process (PID=5673) to work on /home/arun/.local/lib/python3.10/site-packages/airflow/example_dags/example_branch_day_of_week_operator.py
[2024-03-04T22:56:21.618+0530] {processor.py:830} INFO - Processing file /home/arun/.local/lib/python3.10/site-packages/airflow/example_dags/example_branch_day_of_week_operator.py for tasks to queue
[2024-03-04T22:56:21.619+0530] {logging_mixin.py:188} INFO - [2024-03-04T22:56:21.618+0530] {dagbag.py:538} INFO - Filling up the DagBag from /home/arun/.local/lib/python3.10/site-packages/airflow/example_dags/example_branch_day_of_week_operator.py
[2024-03-04T22:56:21.636+0530] {processor.py:840} INFO - DAG(s) 'example_weekday_branch_operator' retrieved from /home/arun/.local/lib/python3.10/site-packages/airflow/example_dags/example_branch_day_of_week_operator.py
[2024-03-04T22:56:21.849+0530] {logging_mixin.py:188} INFO - [2024-03-04T22:56:21.849+0530] {dag.py:3036} INFO - Sync 1 DAGs
[2024-03-04T22:56:21.874+0530] {logging_mixin.py:188} INFO - [2024-03-04T22:56:21.874+0530] {dag.py:3823} INFO - Setting next_dagrun for example_weekday_branch_operator to 2024-03-03 00:00:00+00:00, run_after=2024-03-04 00:00:00+00:00
[2024-03-04T22:56:21.953+0530] {processor.py:183} INFO - Processing /home/arun/.local/lib/python3.10/site-packages/airflow/example_dags/example_branch_day_of_week_operator.py took 0.381 seconds
[2024-03-04T22:58:32.315+0530] {processor.py:161} INFO - Started process (PID=5811) to work on /home/arun/.local/lib/python3.10/site-packages/airflow/example_dags/example_branch_day_of_week_operator.py
[2024-03-04T22:58:32.365+0530] {processor.py:830} INFO - Processing file /home/arun/.local/lib/python3.10/site-packages/airflow/example_dags/example_branch_day_of_week_operator.py for tasks to queue
[2024-03-04T22:58:32.366+0530] {logging_mixin.py:188} INFO - [2024-03-04T22:58:32.366+0530] {dagbag.py:538} INFO - Filling up the DagBag from /home/arun/.local/lib/python3.10/site-packages/airflow/example_dags/example_branch_day_of_week_operator.py
[2024-03-04T22:58:32.379+0530] {processor.py:840} INFO - DAG(s) 'example_weekday_branch_operator' retrieved from /home/arun/.local/lib/python3.10/site-packages/airflow/example_dags/example_branch_day_of_week_operator.py
[2024-03-04T22:58:32.432+0530] {logging_mixin.py:188} INFO - [2024-03-04T22:58:32.432+0530] {dag.py:3036} INFO - Sync 1 DAGs
[2024-03-04T22:58:32.490+0530] {logging_mixin.py:188} INFO - [2024-03-04T22:58:32.489+0530] {dag.py:3823} INFO - Setting next_dagrun for example_weekday_branch_operator to 2024-03-03 00:00:00+00:00, run_after=2024-03-04 00:00:00+00:00
[2024-03-04T22:58:32.596+0530] {processor.py:183} INFO - Processing /home/arun/.local/lib/python3.10/site-packages/airflow/example_dags/example_branch_day_of_week_operator.py took 0.318 seconds
[2024-03-04T23:00:22.128+0530] {processor.py:161} INFO - Started process (PID=5969) to work on /home/arun/.local/lib/python3.10/site-packages/airflow/example_dags/example_branch_day_of_week_operator.py
[2024-03-04T23:00:22.131+0530] {processor.py:830} INFO - Processing file /home/arun/.local/lib/python3.10/site-packages/airflow/example_dags/example_branch_day_of_week_operator.py for tasks to queue
[2024-03-04T23:00:22.132+0530] {logging_mixin.py:188} INFO - [2024-03-04T23:00:22.131+0530] {dagbag.py:538} INFO - Filling up the DagBag from /home/arun/.local/lib/python3.10/site-packages/airflow/example_dags/example_branch_day_of_week_operator.py
[2024-03-04T23:00:22.139+0530] {processor.py:840} INFO - DAG(s) 'example_weekday_branch_operator' retrieved from /home/arun/.local/lib/python3.10/site-packages/airflow/example_dags/example_branch_day_of_week_operator.py
[2024-03-04T23:00:22.156+0530] {logging_mixin.py:188} INFO - [2024-03-04T23:00:22.156+0530] {dag.py:3036} INFO - Sync 1 DAGs
[2024-03-04T23:00:22.179+0530] {logging_mixin.py:188} INFO - [2024-03-04T23:00:22.179+0530] {dag.py:3823} INFO - Setting next_dagrun for example_weekday_branch_operator to 2024-03-03 00:00:00+00:00, run_after=2024-03-04 00:00:00+00:00
[2024-03-04T23:00:22.214+0530] {processor.py:183} INFO - Processing /home/arun/.local/lib/python3.10/site-packages/airflow/example_dags/example_branch_day_of_week_operator.py took 0.088 seconds
[2024-03-04T23:01:50.172+0530] {processor.py:161} INFO - Started process (PID=6086) to work on /home/arun/.local/lib/python3.10/site-packages/airflow/example_dags/example_branch_day_of_week_operator.py
[2024-03-04T23:01:50.174+0530] {processor.py:830} INFO - Processing file /home/arun/.local/lib/python3.10/site-packages/airflow/example_dags/example_branch_day_of_week_operator.py for tasks to queue
[2024-03-04T23:01:50.175+0530] {logging_mixin.py:188} INFO - [2024-03-04T23:01:50.175+0530] {dagbag.py:538} INFO - Filling up the DagBag from /home/arun/.local/lib/python3.10/site-packages/airflow/example_dags/example_branch_day_of_week_operator.py
[2024-03-04T23:01:50.185+0530] {processor.py:840} INFO - DAG(s) 'example_weekday_branch_operator' retrieved from /home/arun/.local/lib/python3.10/site-packages/airflow/example_dags/example_branch_day_of_week_operator.py
[2024-03-04T23:01:50.206+0530] {logging_mixin.py:188} INFO - [2024-03-04T23:01:50.206+0530] {dag.py:3036} INFO - Sync 1 DAGs
[2024-03-04T23:01:50.234+0530] {logging_mixin.py:188} INFO - [2024-03-04T23:01:50.234+0530] {dag.py:3823} INFO - Setting next_dagrun for example_weekday_branch_operator to 2024-03-03 00:00:00+00:00, run_after=2024-03-04 00:00:00+00:00
[2024-03-04T23:01:50.272+0530] {processor.py:183} INFO - Processing /home/arun/.local/lib/python3.10/site-packages/airflow/example_dags/example_branch_day_of_week_operator.py took 0.103 seconds
[2024-03-04T23:03:19.862+0530] {processor.py:161} INFO - Started process (PID=6605) to work on /home/arun/.local/lib/python3.10/site-packages/airflow/example_dags/example_branch_day_of_week_operator.py
[2024-03-04T23:03:19.865+0530] {processor.py:830} INFO - Processing file /home/arun/.local/lib/python3.10/site-packages/airflow/example_dags/example_branch_day_of_week_operator.py for tasks to queue
[2024-03-04T23:03:19.867+0530] {logging_mixin.py:188} INFO - [2024-03-04T23:03:19.866+0530] {dagbag.py:538} INFO - Filling up the DagBag from /home/arun/.local/lib/python3.10/site-packages/airflow/example_dags/example_branch_day_of_week_operator.py
[2024-03-04T23:03:19.884+0530] {processor.py:840} INFO - DAG(s) 'example_weekday_branch_operator' retrieved from /home/arun/.local/lib/python3.10/site-packages/airflow/example_dags/example_branch_day_of_week_operator.py
[2024-03-04T23:03:19.947+0530] {logging_mixin.py:188} INFO - [2024-03-04T23:03:19.944+0530] {dag.py:3036} INFO - Sync 1 DAGs
[2024-03-04T23:03:20.003+0530] {logging_mixin.py:188} INFO - [2024-03-04T23:03:20.003+0530] {dag.py:3823} INFO - Setting next_dagrun for example_weekday_branch_operator to 2024-03-03 00:00:00+00:00, run_after=2024-03-04 00:00:00+00:00
[2024-03-04T23:03:20.216+0530] {processor.py:183} INFO - Processing /home/arun/.local/lib/python3.10/site-packages/airflow/example_dags/example_branch_day_of_week_operator.py took 0.366 seconds
[2024-03-04T23:05:15.105+0530] {processor.py:161} INFO - Started process (PID=6804) to work on /home/arun/.local/lib/python3.10/site-packages/airflow/example_dags/example_branch_day_of_week_operator.py
[2024-03-04T23:05:15.139+0530] {processor.py:830} INFO - Processing file /home/arun/.local/lib/python3.10/site-packages/airflow/example_dags/example_branch_day_of_week_operator.py for tasks to queue
[2024-03-04T23:05:15.141+0530] {logging_mixin.py:188} INFO - [2024-03-04T23:05:15.141+0530] {dagbag.py:538} INFO - Filling up the DagBag from /home/arun/.local/lib/python3.10/site-packages/airflow/example_dags/example_branch_day_of_week_operator.py
[2024-03-04T23:05:15.158+0530] {processor.py:840} INFO - DAG(s) 'example_weekday_branch_operator' retrieved from /home/arun/.local/lib/python3.10/site-packages/airflow/example_dags/example_branch_day_of_week_operator.py
[2024-03-04T23:05:15.191+0530] {logging_mixin.py:188} INFO - [2024-03-04T23:05:15.191+0530] {dag.py:3036} INFO - Sync 1 DAGs
[2024-03-04T23:05:15.222+0530] {logging_mixin.py:188} INFO - [2024-03-04T23:05:15.222+0530] {dag.py:3823} INFO - Setting next_dagrun for example_weekday_branch_operator to 2024-03-03 00:00:00+00:00, run_after=2024-03-04 00:00:00+00:00
[2024-03-04T23:05:15.295+0530] {processor.py:183} INFO - Processing /home/arun/.local/lib/python3.10/site-packages/airflow/example_dags/example_branch_day_of_week_operator.py took 0.196 seconds
[2024-03-04T23:06:57.963+0530] {processor.py:161} INFO - Started process (PID=7008) to work on /home/arun/.local/lib/python3.10/site-packages/airflow/example_dags/example_branch_day_of_week_operator.py
[2024-03-04T23:06:57.965+0530] {processor.py:830} INFO - Processing file /home/arun/.local/lib/python3.10/site-packages/airflow/example_dags/example_branch_day_of_week_operator.py for tasks to queue
[2024-03-04T23:06:57.966+0530] {logging_mixin.py:188} INFO - [2024-03-04T23:06:57.966+0530] {dagbag.py:538} INFO - Filling up the DagBag from /home/arun/.local/lib/python3.10/site-packages/airflow/example_dags/example_branch_day_of_week_operator.py
[2024-03-04T23:06:57.974+0530] {processor.py:840} INFO - DAG(s) 'example_weekday_branch_operator' retrieved from /home/arun/.local/lib/python3.10/site-packages/airflow/example_dags/example_branch_day_of_week_operator.py
[2024-03-04T23:06:57.997+0530] {logging_mixin.py:188} INFO - [2024-03-04T23:06:57.996+0530] {dag.py:3036} INFO - Sync 1 DAGs
[2024-03-04T23:06:58.027+0530] {logging_mixin.py:188} INFO - [2024-03-04T23:06:58.026+0530] {dag.py:3823} INFO - Setting next_dagrun for example_weekday_branch_operator to 2024-03-03 00:00:00+00:00, run_after=2024-03-04 00:00:00+00:00
[2024-03-04T23:06:58.067+0530] {processor.py:183} INFO - Processing /home/arun/.local/lib/python3.10/site-packages/airflow/example_dags/example_branch_day_of_week_operator.py took 0.107 seconds
[2024-03-04T23:08:27.265+0530] {processor.py:161} INFO - Started process (PID=7209) to work on /home/arun/.local/lib/python3.10/site-packages/airflow/example_dags/example_branch_day_of_week_operator.py
[2024-03-04T23:08:27.298+0530] {processor.py:830} INFO - Processing file /home/arun/.local/lib/python3.10/site-packages/airflow/example_dags/example_branch_day_of_week_operator.py for tasks to queue
[2024-03-04T23:08:27.299+0530] {logging_mixin.py:188} INFO - [2024-03-04T23:08:27.298+0530] {dagbag.py:538} INFO - Filling up the DagBag from /home/arun/.local/lib/python3.10/site-packages/airflow/example_dags/example_branch_day_of_week_operator.py
[2024-03-04T23:08:27.307+0530] {processor.py:840} INFO - DAG(s) 'example_weekday_branch_operator' retrieved from /home/arun/.local/lib/python3.10/site-packages/airflow/example_dags/example_branch_day_of_week_operator.py
[2024-03-04T23:08:27.326+0530] {logging_mixin.py:188} INFO - [2024-03-04T23:08:27.326+0530] {dag.py:3036} INFO - Sync 1 DAGs
[2024-03-04T23:08:27.350+0530] {logging_mixin.py:188} INFO - [2024-03-04T23:08:27.349+0530] {dag.py:3823} INFO - Setting next_dagrun for example_weekday_branch_operator to 2024-03-03 00:00:00+00:00, run_after=2024-03-04 00:00:00+00:00
[2024-03-04T23:08:27.413+0530] {processor.py:183} INFO - Processing /home/arun/.local/lib/python3.10/site-packages/airflow/example_dags/example_branch_day_of_week_operator.py took 0.163 seconds
[2024-03-04T23:09:56.399+0530] {processor.py:161} INFO - Started process (PID=7387) to work on /home/arun/.local/lib/python3.10/site-packages/airflow/example_dags/example_branch_day_of_week_operator.py
[2024-03-04T23:09:56.443+0530] {processor.py:830} INFO - Processing file /home/arun/.local/lib/python3.10/site-packages/airflow/example_dags/example_branch_day_of_week_operator.py for tasks to queue
[2024-03-04T23:09:56.444+0530] {logging_mixin.py:188} INFO - [2024-03-04T23:09:56.443+0530] {dagbag.py:538} INFO - Filling up the DagBag from /home/arun/.local/lib/python3.10/site-packages/airflow/example_dags/example_branch_day_of_week_operator.py
[2024-03-04T23:09:56.453+0530] {processor.py:840} INFO - DAG(s) 'example_weekday_branch_operator' retrieved from /home/arun/.local/lib/python3.10/site-packages/airflow/example_dags/example_branch_day_of_week_operator.py
[2024-03-04T23:09:56.471+0530] {logging_mixin.py:188} INFO - [2024-03-04T23:09:56.471+0530] {dag.py:3036} INFO - Sync 1 DAGs
[2024-03-04T23:09:56.492+0530] {logging_mixin.py:188} INFO - [2024-03-04T23:09:56.492+0530] {dag.py:3823} INFO - Setting next_dagrun for example_weekday_branch_operator to 2024-03-03 00:00:00+00:00, run_after=2024-03-04 00:00:00+00:00
[2024-03-04T23:09:56.558+0530] {processor.py:183} INFO - Processing /home/arun/.local/lib/python3.10/site-packages/airflow/example_dags/example_branch_day_of_week_operator.py took 0.164 seconds
[2024-03-04T23:11:23.912+0530] {processor.py:161} INFO - Started process (PID=7553) to work on /home/arun/.local/lib/python3.10/site-packages/airflow/example_dags/example_branch_day_of_week_operator.py
[2024-03-04T23:11:23.950+0530] {processor.py:830} INFO - Processing file /home/arun/.local/lib/python3.10/site-packages/airflow/example_dags/example_branch_day_of_week_operator.py for tasks to queue
[2024-03-04T23:11:23.951+0530] {logging_mixin.py:188} INFO - [2024-03-04T23:11:23.951+0530] {dagbag.py:538} INFO - Filling up the DagBag from /home/arun/.local/lib/python3.10/site-packages/airflow/example_dags/example_branch_day_of_week_operator.py
[2024-03-04T23:11:23.963+0530] {processor.py:840} INFO - DAG(s) 'example_weekday_branch_operator' retrieved from /home/arun/.local/lib/python3.10/site-packages/airflow/example_dags/example_branch_day_of_week_operator.py
[2024-03-04T23:11:23.989+0530] {logging_mixin.py:188} INFO - [2024-03-04T23:11:23.988+0530] {dag.py:3036} INFO - Sync 1 DAGs
[2024-03-04T23:11:24.019+0530] {logging_mixin.py:188} INFO - [2024-03-04T23:11:24.018+0530] {dag.py:3823} INFO - Setting next_dagrun for example_weekday_branch_operator to 2024-03-03 00:00:00+00:00, run_after=2024-03-04 00:00:00+00:00
[2024-03-04T23:11:24.063+0530] {processor.py:183} INFO - Processing /home/arun/.local/lib/python3.10/site-packages/airflow/example_dags/example_branch_day_of_week_operator.py took 0.158 seconds
[2024-03-04T23:13:08.889+0530] {processor.py:161} INFO - Started process (PID=7799) to work on /home/arun/.local/lib/python3.10/site-packages/airflow/example_dags/example_branch_day_of_week_operator.py
[2024-03-04T23:13:08.922+0530] {processor.py:830} INFO - Processing file /home/arun/.local/lib/python3.10/site-packages/airflow/example_dags/example_branch_day_of_week_operator.py for tasks to queue
[2024-03-04T23:13:08.923+0530] {logging_mixin.py:188} INFO - [2024-03-04T23:13:08.923+0530] {dagbag.py:538} INFO - Filling up the DagBag from /home/arun/.local/lib/python3.10/site-packages/airflow/example_dags/example_branch_day_of_week_operator.py
[2024-03-04T23:13:08.933+0530] {processor.py:840} INFO - DAG(s) 'example_weekday_branch_operator' retrieved from /home/arun/.local/lib/python3.10/site-packages/airflow/example_dags/example_branch_day_of_week_operator.py
[2024-03-04T23:13:08.954+0530] {logging_mixin.py:188} INFO - [2024-03-04T23:13:08.954+0530] {dag.py:3036} INFO - Sync 1 DAGs
[2024-03-04T23:13:08.975+0530] {logging_mixin.py:188} INFO - [2024-03-04T23:13:08.975+0530] {dag.py:3823} INFO - Setting next_dagrun for example_weekday_branch_operator to 2024-03-03 00:00:00+00:00, run_after=2024-03-04 00:00:00+00:00
[2024-03-04T23:13:09.048+0530] {processor.py:183} INFO - Processing /home/arun/.local/lib/python3.10/site-packages/airflow/example_dags/example_branch_day_of_week_operator.py took 0.163 seconds
[2024-03-04T23:14:44.285+0530] {processor.py:161} INFO - Started process (PID=8016) to work on /home/arun/.local/lib/python3.10/site-packages/airflow/example_dags/example_branch_day_of_week_operator.py
[2024-03-04T23:14:44.321+0530] {processor.py:830} INFO - Processing file /home/arun/.local/lib/python3.10/site-packages/airflow/example_dags/example_branch_day_of_week_operator.py for tasks to queue
[2024-03-04T23:14:44.322+0530] {logging_mixin.py:188} INFO - [2024-03-04T23:14:44.322+0530] {dagbag.py:538} INFO - Filling up the DagBag from /home/arun/.local/lib/python3.10/site-packages/airflow/example_dags/example_branch_day_of_week_operator.py
[2024-03-04T23:14:44.330+0530] {processor.py:840} INFO - DAG(s) 'example_weekday_branch_operator' retrieved from /home/arun/.local/lib/python3.10/site-packages/airflow/example_dags/example_branch_day_of_week_operator.py
[2024-03-04T23:14:44.348+0530] {logging_mixin.py:188} INFO - [2024-03-04T23:14:44.348+0530] {dag.py:3036} INFO - Sync 1 DAGs
[2024-03-04T23:14:44.370+0530] {logging_mixin.py:188} INFO - [2024-03-04T23:14:44.370+0530] {dag.py:3823} INFO - Setting next_dagrun for example_weekday_branch_operator to 2024-03-03 00:00:00+00:00, run_after=2024-03-04 00:00:00+00:00
[2024-03-04T23:14:44.400+0530] {processor.py:183} INFO - Processing /home/arun/.local/lib/python3.10/site-packages/airflow/example_dags/example_branch_day_of_week_operator.py took 0.120 seconds
[2024-03-04T23:16:20.991+0530] {processor.py:161} INFO - Started process (PID=8229) to work on /home/arun/.local/lib/python3.10/site-packages/airflow/example_dags/example_branch_day_of_week_operator.py
[2024-03-04T23:16:21.010+0530] {processor.py:830} INFO - Processing file /home/arun/.local/lib/python3.10/site-packages/airflow/example_dags/example_branch_day_of_week_operator.py for tasks to queue
[2024-03-04T23:16:21.011+0530] {logging_mixin.py:188} INFO - [2024-03-04T23:16:21.011+0530] {dagbag.py:538} INFO - Filling up the DagBag from /home/arun/.local/lib/python3.10/site-packages/airflow/example_dags/example_branch_day_of_week_operator.py
[2024-03-04T23:16:21.022+0530] {processor.py:840} INFO - DAG(s) 'example_weekday_branch_operator' retrieved from /home/arun/.local/lib/python3.10/site-packages/airflow/example_dags/example_branch_day_of_week_operator.py
[2024-03-04T23:16:21.052+0530] {logging_mixin.py:188} INFO - [2024-03-04T23:16:21.051+0530] {dag.py:3036} INFO - Sync 1 DAGs
[2024-03-04T23:16:21.136+0530] {logging_mixin.py:188} INFO - [2024-03-04T23:16:21.136+0530] {dag.py:3823} INFO - Setting next_dagrun for example_weekday_branch_operator to 2024-03-03 00:00:00+00:00, run_after=2024-03-04 00:00:00+00:00
[2024-03-04T23:16:21.226+0530] {processor.py:183} INFO - Processing /home/arun/.local/lib/python3.10/site-packages/airflow/example_dags/example_branch_day_of_week_operator.py took 0.240 seconds
[2024-03-04T23:18:20.916+0530] {processor.py:161} INFO - Started process (PID=8455) to work on /home/arun/.local/lib/python3.10/site-packages/airflow/example_dags/example_branch_day_of_week_operator.py
[2024-03-04T23:18:20.919+0530] {processor.py:830} INFO - Processing file /home/arun/.local/lib/python3.10/site-packages/airflow/example_dags/example_branch_day_of_week_operator.py for tasks to queue
[2024-03-04T23:18:20.922+0530] {logging_mixin.py:188} INFO - [2024-03-04T23:18:20.922+0530] {dagbag.py:538} INFO - Filling up the DagBag from /home/arun/.local/lib/python3.10/site-packages/airflow/example_dags/example_branch_day_of_week_operator.py
[2024-03-04T23:18:20.935+0530] {processor.py:840} INFO - DAG(s) 'example_weekday_branch_operator' retrieved from /home/arun/.local/lib/python3.10/site-packages/airflow/example_dags/example_branch_day_of_week_operator.py
[2024-03-04T23:18:20.986+0530] {logging_mixin.py:188} INFO - [2024-03-04T23:18:20.985+0530] {dag.py:3036} INFO - Sync 1 DAGs
[2024-03-04T23:18:21.048+0530] {logging_mixin.py:188} INFO - [2024-03-04T23:18:21.048+0530] {dag.py:3823} INFO - Setting next_dagrun for example_weekday_branch_operator to 2024-03-03 00:00:00+00:00, run_after=2024-03-04 00:00:00+00:00
[2024-03-04T23:18:21.087+0530] {processor.py:183} INFO - Processing /home/arun/.local/lib/python3.10/site-packages/airflow/example_dags/example_branch_day_of_week_operator.py took 0.179 seconds
[2024-03-04T23:19:53.540+0530] {processor.py:161} INFO - Started process (PID=8652) to work on /home/arun/.local/lib/python3.10/site-packages/airflow/example_dags/example_branch_day_of_week_operator.py
[2024-03-04T23:19:53.554+0530] {processor.py:830} INFO - Processing file /home/arun/.local/lib/python3.10/site-packages/airflow/example_dags/example_branch_day_of_week_operator.py for tasks to queue
[2024-03-04T23:19:53.554+0530] {logging_mixin.py:188} INFO - [2024-03-04T23:19:53.554+0530] {dagbag.py:538} INFO - Filling up the DagBag from /home/arun/.local/lib/python3.10/site-packages/airflow/example_dags/example_branch_day_of_week_operator.py
[2024-03-04T23:19:53.561+0530] {processor.py:840} INFO - DAG(s) 'example_weekday_branch_operator' retrieved from /home/arun/.local/lib/python3.10/site-packages/airflow/example_dags/example_branch_day_of_week_operator.py
[2024-03-04T23:19:53.578+0530] {logging_mixin.py:188} INFO - [2024-03-04T23:19:53.578+0530] {dag.py:3036} INFO - Sync 1 DAGs
[2024-03-04T23:19:53.613+0530] {logging_mixin.py:188} INFO - [2024-03-04T23:19:53.613+0530] {dag.py:3823} INFO - Setting next_dagrun for example_weekday_branch_operator to 2024-03-03 00:00:00+00:00, run_after=2024-03-04 00:00:00+00:00
[2024-03-04T23:19:53.747+0530] {processor.py:183} INFO - Processing /home/arun/.local/lib/python3.10/site-packages/airflow/example_dags/example_branch_day_of_week_operator.py took 0.210 seconds
[2024-03-04T23:21:27.082+0530] {processor.py:161} INFO - Started process (PID=8828) to work on /home/arun/.local/lib/python3.10/site-packages/airflow/example_dags/example_branch_day_of_week_operator.py
[2024-03-04T23:21:27.119+0530] {processor.py:830} INFO - Processing file /home/arun/.local/lib/python3.10/site-packages/airflow/example_dags/example_branch_day_of_week_operator.py for tasks to queue
[2024-03-04T23:21:27.122+0530] {logging_mixin.py:188} INFO - [2024-03-04T23:21:27.121+0530] {dagbag.py:538} INFO - Filling up the DagBag from /home/arun/.local/lib/python3.10/site-packages/airflow/example_dags/example_branch_day_of_week_operator.py
[2024-03-04T23:21:27.134+0530] {processor.py:840} INFO - DAG(s) 'example_weekday_branch_operator' retrieved from /home/arun/.local/lib/python3.10/site-packages/airflow/example_dags/example_branch_day_of_week_operator.py
[2024-03-04T23:21:27.166+0530] {logging_mixin.py:188} INFO - [2024-03-04T23:21:27.166+0530] {dag.py:3036} INFO - Sync 1 DAGs
[2024-03-04T23:21:27.211+0530] {logging_mixin.py:188} INFO - [2024-03-04T23:21:27.211+0530] {dag.py:3823} INFO - Setting next_dagrun for example_weekday_branch_operator to 2024-03-03 00:00:00+00:00, run_after=2024-03-04 00:00:00+00:00
[2024-03-04T23:21:27.265+0530] {processor.py:183} INFO - Processing /home/arun/.local/lib/python3.10/site-packages/airflow/example_dags/example_branch_day_of_week_operator.py took 0.190 seconds
[2024-03-04T23:23:21.965+0530] {processor.py:161} INFO - Started process (PID=9170) to work on /home/arun/.local/lib/python3.10/site-packages/airflow/example_dags/example_branch_day_of_week_operator.py
[2024-03-04T23:23:21.977+0530] {processor.py:830} INFO - Processing file /home/arun/.local/lib/python3.10/site-packages/airflow/example_dags/example_branch_day_of_week_operator.py for tasks to queue
[2024-03-04T23:23:21.979+0530] {logging_mixin.py:188} INFO - [2024-03-04T23:23:21.978+0530] {dagbag.py:538} INFO - Filling up the DagBag from /home/arun/.local/lib/python3.10/site-packages/airflow/example_dags/example_branch_day_of_week_operator.py
[2024-03-04T23:23:22.000+0530] {processor.py:840} INFO - DAG(s) 'example_weekday_branch_operator' retrieved from /home/arun/.local/lib/python3.10/site-packages/airflow/example_dags/example_branch_day_of_week_operator.py
[2024-03-04T23:23:22.037+0530] {logging_mixin.py:188} INFO - [2024-03-04T23:23:22.037+0530] {dag.py:3036} INFO - Sync 1 DAGs
[2024-03-04T23:23:22.099+0530] {logging_mixin.py:188} INFO - [2024-03-04T23:23:22.099+0530] {dag.py:3823} INFO - Setting next_dagrun for example_weekday_branch_operator to 2024-03-03 00:00:00+00:00, run_after=2024-03-04 00:00:00+00:00
[2024-03-04T23:23:22.444+0530] {processor.py:183} INFO - Processing /home/arun/.local/lib/python3.10/site-packages/airflow/example_dags/example_branch_day_of_week_operator.py took 0.485 seconds
[2024-03-04T23:25:49.920+0530] {processor.py:161} INFO - Started process (PID=9667) to work on /home/arun/.local/lib/python3.10/site-packages/airflow/example_dags/example_branch_day_of_week_operator.py
[2024-03-04T23:25:49.924+0530] {processor.py:830} INFO - Processing file /home/arun/.local/lib/python3.10/site-packages/airflow/example_dags/example_branch_day_of_week_operator.py for tasks to queue
[2024-03-04T23:25:49.926+0530] {logging_mixin.py:188} INFO - [2024-03-04T23:25:49.925+0530] {dagbag.py:538} INFO - Filling up the DagBag from /home/arun/.local/lib/python3.10/site-packages/airflow/example_dags/example_branch_day_of_week_operator.py
[2024-03-04T23:25:49.960+0530] {processor.py:840} INFO - DAG(s) 'example_weekday_branch_operator' retrieved from /home/arun/.local/lib/python3.10/site-packages/airflow/example_dags/example_branch_day_of_week_operator.py
[2024-03-04T23:25:50.104+0530] {logging_mixin.py:188} INFO - [2024-03-04T23:25:50.104+0530] {dag.py:3036} INFO - Sync 1 DAGs
[2024-03-04T23:25:50.253+0530] {logging_mixin.py:188} INFO - [2024-03-04T23:25:50.253+0530] {dag.py:3823} INFO - Setting next_dagrun for example_weekday_branch_operator to 2024-03-03 00:00:00+00:00, run_after=2024-03-04 00:00:00+00:00
[2024-03-04T23:25:50.414+0530] {processor.py:183} INFO - Processing /home/arun/.local/lib/python3.10/site-packages/airflow/example_dags/example_branch_day_of_week_operator.py took 0.500 seconds
[2024-03-04T23:28:03.135+0530] {processor.py:161} INFO - Started process (PID=10310) to work on /home/arun/.local/lib/python3.10/site-packages/airflow/example_dags/example_branch_day_of_week_operator.py
[2024-03-04T23:28:03.224+0530] {processor.py:830} INFO - Processing file /home/arun/.local/lib/python3.10/site-packages/airflow/example_dags/example_branch_day_of_week_operator.py for tasks to queue
[2024-03-04T23:28:03.235+0530] {logging_mixin.py:188} INFO - [2024-03-04T23:28:03.235+0530] {dagbag.py:538} INFO - Filling up the DagBag from /home/arun/.local/lib/python3.10/site-packages/airflow/example_dags/example_branch_day_of_week_operator.py
[2024-03-04T23:28:03.248+0530] {processor.py:840} INFO - DAG(s) 'example_weekday_branch_operator' retrieved from /home/arun/.local/lib/python3.10/site-packages/airflow/example_dags/example_branch_day_of_week_operator.py
[2024-03-04T23:28:03.303+0530] {logging_mixin.py:188} INFO - [2024-03-04T23:28:03.303+0530] {dag.py:3036} INFO - Sync 1 DAGs
[2024-03-04T23:28:03.410+0530] {logging_mixin.py:188} INFO - [2024-03-04T23:28:03.410+0530] {dag.py:3823} INFO - Setting next_dagrun for example_weekday_branch_operator to 2024-03-03 00:00:00+00:00, run_after=2024-03-04 00:00:00+00:00
[2024-03-04T23:28:03.541+0530] {processor.py:183} INFO - Processing /home/arun/.local/lib/python3.10/site-packages/airflow/example_dags/example_branch_day_of_week_operator.py took 0.419 seconds
[2024-03-04T23:29:33.925+0530] {processor.py:161} INFO - Started process (PID=10481) to work on /home/arun/.local/lib/python3.10/site-packages/airflow/example_dags/example_branch_day_of_week_operator.py
[2024-03-04T23:29:33.970+0530] {processor.py:830} INFO - Processing file /home/arun/.local/lib/python3.10/site-packages/airflow/example_dags/example_branch_day_of_week_operator.py for tasks to queue
[2024-03-04T23:29:33.971+0530] {logging_mixin.py:188} INFO - [2024-03-04T23:29:33.970+0530] {dagbag.py:538} INFO - Filling up the DagBag from /home/arun/.local/lib/python3.10/site-packages/airflow/example_dags/example_branch_day_of_week_operator.py
[2024-03-04T23:29:33.979+0530] {processor.py:840} INFO - DAG(s) 'example_weekday_branch_operator' retrieved from /home/arun/.local/lib/python3.10/site-packages/airflow/example_dags/example_branch_day_of_week_operator.py
[2024-03-04T23:29:34.001+0530] {logging_mixin.py:188} INFO - [2024-03-04T23:29:34.000+0530] {dag.py:3036} INFO - Sync 1 DAGs
[2024-03-04T23:29:34.032+0530] {logging_mixin.py:188} INFO - [2024-03-04T23:29:34.031+0530] {dag.py:3823} INFO - Setting next_dagrun for example_weekday_branch_operator to 2024-03-03 00:00:00+00:00, run_after=2024-03-04 00:00:00+00:00
[2024-03-04T23:29:34.079+0530] {processor.py:183} INFO - Processing /home/arun/.local/lib/python3.10/site-packages/airflow/example_dags/example_branch_day_of_week_operator.py took 0.158 seconds
[2024-03-04T23:31:31.690+0530] {processor.py:161} INFO - Started process (PID=10800) to work on /home/arun/.local/lib/python3.10/site-packages/airflow/example_dags/example_branch_day_of_week_operator.py
[2024-03-04T23:31:31.727+0530] {processor.py:830} INFO - Processing file /home/arun/.local/lib/python3.10/site-packages/airflow/example_dags/example_branch_day_of_week_operator.py for tasks to queue
[2024-03-04T23:31:31.729+0530] {logging_mixin.py:188} INFO - [2024-03-04T23:31:31.729+0530] {dagbag.py:538} INFO - Filling up the DagBag from /home/arun/.local/lib/python3.10/site-packages/airflow/example_dags/example_branch_day_of_week_operator.py
[2024-03-04T23:31:31.738+0530] {processor.py:840} INFO - DAG(s) 'example_weekday_branch_operator' retrieved from /home/arun/.local/lib/python3.10/site-packages/airflow/example_dags/example_branch_day_of_week_operator.py
[2024-03-04T23:31:31.760+0530] {logging_mixin.py:188} INFO - [2024-03-04T23:31:31.760+0530] {dag.py:3036} INFO - Sync 1 DAGs
[2024-03-04T23:31:31.784+0530] {logging_mixin.py:188} INFO - [2024-03-04T23:31:31.783+0530] {dag.py:3823} INFO - Setting next_dagrun for example_weekday_branch_operator to 2024-03-03 00:00:00+00:00, run_after=2024-03-04 00:00:00+00:00
[2024-03-04T23:31:31.811+0530] {processor.py:183} INFO - Processing /home/arun/.local/lib/python3.10/site-packages/airflow/example_dags/example_branch_day_of_week_operator.py took 0.128 seconds
[2024-03-04T23:33:19.809+0530] {processor.py:161} INFO - Started process (PID=11013) to work on /home/arun/.local/lib/python3.10/site-packages/airflow/example_dags/example_branch_day_of_week_operator.py
[2024-03-04T23:33:19.850+0530] {processor.py:830} INFO - Processing file /home/arun/.local/lib/python3.10/site-packages/airflow/example_dags/example_branch_day_of_week_operator.py for tasks to queue
[2024-03-04T23:33:19.851+0530] {logging_mixin.py:188} INFO - [2024-03-04T23:33:19.850+0530] {dagbag.py:538} INFO - Filling up the DagBag from /home/arun/.local/lib/python3.10/site-packages/airflow/example_dags/example_branch_day_of_week_operator.py
[2024-03-04T23:33:19.863+0530] {processor.py:840} INFO - DAG(s) 'example_weekday_branch_operator' retrieved from /home/arun/.local/lib/python3.10/site-packages/airflow/example_dags/example_branch_day_of_week_operator.py
[2024-03-04T23:33:19.886+0530] {logging_mixin.py:188} INFO - [2024-03-04T23:33:19.886+0530] {dag.py:3036} INFO - Sync 1 DAGs
[2024-03-04T23:33:19.909+0530] {logging_mixin.py:188} INFO - [2024-03-04T23:33:19.909+0530] {dag.py:3823} INFO - Setting next_dagrun for example_weekday_branch_operator to 2024-03-03 00:00:00+00:00, run_after=2024-03-04 00:00:00+00:00
[2024-03-04T23:33:19.940+0530] {processor.py:183} INFO - Processing /home/arun/.local/lib/python3.10/site-packages/airflow/example_dags/example_branch_day_of_week_operator.py took 0.135 seconds
[2024-03-04T23:34:56.847+0530] {processor.py:161} INFO - Started process (PID=11192) to work on /home/arun/.local/lib/python3.10/site-packages/airflow/example_dags/example_branch_day_of_week_operator.py
[2024-03-04T23:34:56.890+0530] {processor.py:830} INFO - Processing file /home/arun/.local/lib/python3.10/site-packages/airflow/example_dags/example_branch_day_of_week_operator.py for tasks to queue
[2024-03-04T23:34:56.892+0530] {logging_mixin.py:188} INFO - [2024-03-04T23:34:56.891+0530] {dagbag.py:538} INFO - Filling up the DagBag from /home/arun/.local/lib/python3.10/site-packages/airflow/example_dags/example_branch_day_of_week_operator.py
[2024-03-04T23:34:56.908+0530] {processor.py:840} INFO - DAG(s) 'example_weekday_branch_operator' retrieved from /home/arun/.local/lib/python3.10/site-packages/airflow/example_dags/example_branch_day_of_week_operator.py
[2024-03-04T23:34:56.939+0530] {logging_mixin.py:188} INFO - [2024-03-04T23:34:56.938+0530] {dag.py:3036} INFO - Sync 1 DAGs
[2024-03-04T23:34:56.968+0530] {logging_mixin.py:188} INFO - [2024-03-04T23:34:56.968+0530] {dag.py:3823} INFO - Setting next_dagrun for example_weekday_branch_operator to 2024-03-03 00:00:00+00:00, run_after=2024-03-04 00:00:00+00:00
[2024-03-04T23:34:57.007+0530] {processor.py:183} INFO - Processing /home/arun/.local/lib/python3.10/site-packages/airflow/example_dags/example_branch_day_of_week_operator.py took 0.166 seconds
