[2024-03-04T18:28:59.370+0530] {processor.py:161} INFO - Started process (PID=11906) to work on /home/arun/.local/lib/python3.10/site-packages/airflow/example_dags/example_sensors.py
[2024-03-04T18:28:59.373+0530] {processor.py:830} INFO - Processing file /home/arun/.local/lib/python3.10/site-packages/airflow/example_dags/example_sensors.py for tasks to queue
[2024-03-04T18:28:59.374+0530] {logging_mixin.py:188} INFO - [2024-03-04T18:28:59.374+0530] {dagbag.py:538} INFO - Filling up the DagBag from /home/arun/.local/lib/python3.10/site-packages/airflow/example_dags/example_sensors.py
[2024-03-04T18:28:59.414+0530] {processor.py:840} INFO - DAG(s) 'example_sensors' retrieved from /home/arun/.local/lib/python3.10/site-packages/airflow/example_dags/example_sensors.py
[2024-03-04T18:28:59.918+0530] {logging_mixin.py:188} INFO - [2024-03-04T18:28:59.918+0530] {dag.py:3036} INFO - Sync 1 DAGs
[2024-03-04T18:28:59.956+0530] {logging_mixin.py:188} INFO - [2024-03-04T18:28:59.956+0530] {dag.py:3823} INFO - Setting next_dagrun for example_sensors to None, run_after=None
[2024-03-04T18:29:00.017+0530] {processor.py:183} INFO - Processing /home/arun/.local/lib/python3.10/site-packages/airflow/example_dags/example_sensors.py took 0.652 seconds
[2024-03-04T18:31:12.417+0530] {processor.py:161} INFO - Started process (PID=12054) to work on /home/arun/.local/lib/python3.10/site-packages/airflow/example_dags/example_sensors.py
[2024-03-04T18:31:12.458+0530] {processor.py:830} INFO - Processing file /home/arun/.local/lib/python3.10/site-packages/airflow/example_dags/example_sensors.py for tasks to queue
[2024-03-04T18:31:12.460+0530] {logging_mixin.py:188} INFO - [2024-03-04T18:31:12.459+0530] {dagbag.py:538} INFO - Filling up the DagBag from /home/arun/.local/lib/python3.10/site-packages/airflow/example_dags/example_sensors.py
[2024-03-04T18:31:12.477+0530] {processor.py:840} INFO - DAG(s) 'example_sensors' retrieved from /home/arun/.local/lib/python3.10/site-packages/airflow/example_dags/example_sensors.py
[2024-03-04T18:31:12.513+0530] {logging_mixin.py:188} INFO - [2024-03-04T18:31:12.513+0530] {dag.py:3036} INFO - Sync 1 DAGs
[2024-03-04T18:31:12.531+0530] {logging_mixin.py:188} INFO - [2024-03-04T18:31:12.531+0530] {dag.py:3823} INFO - Setting next_dagrun for example_sensors to None, run_after=None
[2024-03-04T18:31:12.567+0530] {processor.py:183} INFO - Processing /home/arun/.local/lib/python3.10/site-packages/airflow/example_dags/example_sensors.py took 0.156 seconds
[2024-03-04T18:32:48.719+0530] {processor.py:161} INFO - Started process (PID=12167) to work on /home/arun/.local/lib/python3.10/site-packages/airflow/example_dags/example_sensors.py
[2024-03-04T18:32:48.737+0530] {processor.py:830} INFO - Processing file /home/arun/.local/lib/python3.10/site-packages/airflow/example_dags/example_sensors.py for tasks to queue
[2024-03-04T18:32:48.739+0530] {logging_mixin.py:188} INFO - [2024-03-04T18:32:48.738+0530] {dagbag.py:538} INFO - Filling up the DagBag from /home/arun/.local/lib/python3.10/site-packages/airflow/example_dags/example_sensors.py
[2024-03-04T18:32:48.752+0530] {processor.py:840} INFO - DAG(s) 'example_sensors' retrieved from /home/arun/.local/lib/python3.10/site-packages/airflow/example_dags/example_sensors.py
[2024-03-04T18:32:48.778+0530] {logging_mixin.py:188} INFO - [2024-03-04T18:32:48.778+0530] {dag.py:3036} INFO - Sync 1 DAGs
[2024-03-04T18:32:48.796+0530] {logging_mixin.py:188} INFO - [2024-03-04T18:32:48.796+0530] {dag.py:3823} INFO - Setting next_dagrun for example_sensors to None, run_after=None
[2024-03-04T18:32:48.833+0530] {processor.py:183} INFO - Processing /home/arun/.local/lib/python3.10/site-packages/airflow/example_dags/example_sensors.py took 0.117 seconds
[2024-03-04T18:34:14.045+0530] {processor.py:161} INFO - Started process (PID=12257) to work on /home/arun/.local/lib/python3.10/site-packages/airflow/example_dags/example_sensors.py
[2024-03-04T18:34:14.050+0530] {processor.py:830} INFO - Processing file /home/arun/.local/lib/python3.10/site-packages/airflow/example_dags/example_sensors.py for tasks to queue
[2024-03-04T18:34:14.052+0530] {logging_mixin.py:188} INFO - [2024-03-04T18:34:14.051+0530] {dagbag.py:538} INFO - Filling up the DagBag from /home/arun/.local/lib/python3.10/site-packages/airflow/example_dags/example_sensors.py
[2024-03-04T18:34:14.070+0530] {processor.py:840} INFO - DAG(s) 'example_sensors' retrieved from /home/arun/.local/lib/python3.10/site-packages/airflow/example_dags/example_sensors.py
[2024-03-04T18:34:14.119+0530] {logging_mixin.py:188} INFO - [2024-03-04T18:34:14.119+0530] {dag.py:3036} INFO - Sync 1 DAGs
[2024-03-04T18:34:14.171+0530] {logging_mixin.py:188} INFO - [2024-03-04T18:34:14.171+0530] {dag.py:3823} INFO - Setting next_dagrun for example_sensors to None, run_after=None
[2024-03-04T18:34:14.209+0530] {processor.py:183} INFO - Processing /home/arun/.local/lib/python3.10/site-packages/airflow/example_dags/example_sensors.py took 0.174 seconds
[2024-03-04T18:36:37.252+0530] {processor.py:161} INFO - Started process (PID=12433) to work on /home/arun/.local/lib/python3.10/site-packages/airflow/example_dags/example_sensors.py
[2024-03-04T18:36:37.280+0530] {processor.py:830} INFO - Processing file /home/arun/.local/lib/python3.10/site-packages/airflow/example_dags/example_sensors.py for tasks to queue
[2024-03-04T18:36:37.281+0530] {logging_mixin.py:188} INFO - [2024-03-04T18:36:37.280+0530] {dagbag.py:538} INFO - Filling up the DagBag from /home/arun/.local/lib/python3.10/site-packages/airflow/example_dags/example_sensors.py
[2024-03-04T18:36:37.291+0530] {processor.py:840} INFO - DAG(s) 'example_sensors' retrieved from /home/arun/.local/lib/python3.10/site-packages/airflow/example_dags/example_sensors.py
[2024-03-04T18:36:37.311+0530] {logging_mixin.py:188} INFO - [2024-03-04T18:36:37.311+0530] {dag.py:3036} INFO - Sync 1 DAGs
[2024-03-04T18:36:37.324+0530] {logging_mixin.py:188} INFO - [2024-03-04T18:36:37.324+0530] {dag.py:3823} INFO - Setting next_dagrun for example_sensors to None, run_after=None
[2024-03-04T18:36:37.359+0530] {processor.py:183} INFO - Processing /home/arun/.local/lib/python3.10/site-packages/airflow/example_dags/example_sensors.py took 0.109 seconds
[2024-03-04T18:38:47.737+0530] {processor.py:161} INFO - Started process (PID=12577) to work on /home/arun/.local/lib/python3.10/site-packages/airflow/example_dags/example_sensors.py
[2024-03-04T18:38:47.789+0530] {processor.py:830} INFO - Processing file /home/arun/.local/lib/python3.10/site-packages/airflow/example_dags/example_sensors.py for tasks to queue
[2024-03-04T18:38:47.798+0530] {logging_mixin.py:188} INFO - [2024-03-04T18:38:47.797+0530] {dagbag.py:538} INFO - Filling up the DagBag from /home/arun/.local/lib/python3.10/site-packages/airflow/example_dags/example_sensors.py
[2024-03-04T18:38:47.836+0530] {processor.py:840} INFO - DAG(s) 'example_sensors' retrieved from /home/arun/.local/lib/python3.10/site-packages/airflow/example_dags/example_sensors.py
[2024-03-04T18:38:47.904+0530] {logging_mixin.py:188} INFO - [2024-03-04T18:38:47.904+0530] {dag.py:3036} INFO - Sync 1 DAGs
[2024-03-04T18:38:47.932+0530] {logging_mixin.py:188} INFO - [2024-03-04T18:38:47.932+0530] {dag.py:3823} INFO - Setting next_dagrun for example_sensors to None, run_after=None
[2024-03-04T18:38:48.002+0530] {processor.py:183} INFO - Processing /home/arun/.local/lib/python3.10/site-packages/airflow/example_dags/example_sensors.py took 0.270 seconds
[2024-03-04T18:40:39.738+0530] {processor.py:161} INFO - Started process (PID=12707) to work on /home/arun/.local/lib/python3.10/site-packages/airflow/example_dags/example_sensors.py
[2024-03-04T18:40:39.790+0530] {processor.py:830} INFO - Processing file /home/arun/.local/lib/python3.10/site-packages/airflow/example_dags/example_sensors.py for tasks to queue
[2024-03-04T18:40:39.792+0530] {logging_mixin.py:188} INFO - [2024-03-04T18:40:39.791+0530] {dagbag.py:538} INFO - Filling up the DagBag from /home/arun/.local/lib/python3.10/site-packages/airflow/example_dags/example_sensors.py
[2024-03-04T18:40:39.817+0530] {processor.py:840} INFO - DAG(s) 'example_sensors' retrieved from /home/arun/.local/lib/python3.10/site-packages/airflow/example_dags/example_sensors.py
[2024-03-04T18:40:39.880+0530] {logging_mixin.py:188} INFO - [2024-03-04T18:40:39.880+0530] {dag.py:3036} INFO - Sync 1 DAGs
[2024-03-04T18:40:39.900+0530] {logging_mixin.py:188} INFO - [2024-03-04T18:40:39.900+0530] {dag.py:3823} INFO - Setting next_dagrun for example_sensors to None, run_after=None
[2024-03-04T18:40:39.998+0530] {processor.py:183} INFO - Processing /home/arun/.local/lib/python3.10/site-packages/airflow/example_dags/example_sensors.py took 0.267 seconds
[2024-03-04T18:43:15.273+0530] {processor.py:161} INFO - Started process (PID=13454) to work on /home/arun/.local/lib/python3.10/site-packages/airflow/example_dags/example_sensors.py
[2024-03-04T18:43:15.324+0530] {processor.py:830} INFO - Processing file /home/arun/.local/lib/python3.10/site-packages/airflow/example_dags/example_sensors.py for tasks to queue
[2024-03-04T18:43:15.325+0530] {logging_mixin.py:188} INFO - [2024-03-04T18:43:15.325+0530] {dagbag.py:538} INFO - Filling up the DagBag from /home/arun/.local/lib/python3.10/site-packages/airflow/example_dags/example_sensors.py
[2024-03-04T18:43:15.343+0530] {processor.py:840} INFO - DAG(s) 'example_sensors' retrieved from /home/arun/.local/lib/python3.10/site-packages/airflow/example_dags/example_sensors.py
[2024-03-04T18:43:15.379+0530] {logging_mixin.py:188} INFO - [2024-03-04T18:43:15.378+0530] {dag.py:3036} INFO - Sync 1 DAGs
[2024-03-04T18:43:15.400+0530] {logging_mixin.py:188} INFO - [2024-03-04T18:43:15.400+0530] {dag.py:3823} INFO - Setting next_dagrun for example_sensors to None, run_after=None
[2024-03-04T18:43:15.464+0530] {processor.py:183} INFO - Processing /home/arun/.local/lib/python3.10/site-packages/airflow/example_dags/example_sensors.py took 0.197 seconds
[2024-03-04T18:45:55.965+0530] {processor.py:161} INFO - Started process (PID=13926) to work on /home/arun/.local/lib/python3.10/site-packages/airflow/example_dags/example_sensors.py
[2024-03-04T18:45:56.050+0530] {processor.py:830} INFO - Processing file /home/arun/.local/lib/python3.10/site-packages/airflow/example_dags/example_sensors.py for tasks to queue
[2024-03-04T18:45:56.052+0530] {logging_mixin.py:188} INFO - [2024-03-04T18:45:56.052+0530] {dagbag.py:538} INFO - Filling up the DagBag from /home/arun/.local/lib/python3.10/site-packages/airflow/example_dags/example_sensors.py
[2024-03-04T18:45:56.073+0530] {processor.py:840} INFO - DAG(s) 'example_sensors' retrieved from /home/arun/.local/lib/python3.10/site-packages/airflow/example_dags/example_sensors.py
[2024-03-04T18:45:56.148+0530] {logging_mixin.py:188} INFO - [2024-03-04T18:45:56.148+0530] {dag.py:3036} INFO - Sync 1 DAGs
[2024-03-04T18:45:56.189+0530] {logging_mixin.py:188} INFO - [2024-03-04T18:45:56.189+0530] {dag.py:3823} INFO - Setting next_dagrun for example_sensors to None, run_after=None
[2024-03-04T18:45:56.290+0530] {processor.py:183} INFO - Processing /home/arun/.local/lib/python3.10/site-packages/airflow/example_dags/example_sensors.py took 0.373 seconds
[2024-03-04T18:55:04.245+0530] {processor.py:161} INFO - Started process (PID=5783) to work on /home/arun/.local/lib/python3.10/site-packages/airflow/example_dags/example_sensors.py
[2024-03-04T18:55:04.248+0530] {processor.py:830} INFO - Processing file /home/arun/.local/lib/python3.10/site-packages/airflow/example_dags/example_sensors.py for tasks to queue
[2024-03-04T18:55:04.251+0530] {logging_mixin.py:188} INFO - [2024-03-04T18:55:04.250+0530] {dagbag.py:538} INFO - Filling up the DagBag from /home/arun/.local/lib/python3.10/site-packages/airflow/example_dags/example_sensors.py
[2024-03-04T18:55:04.325+0530] {processor.py:840} INFO - DAG(s) 'example_sensors' retrieved from /home/arun/.local/lib/python3.10/site-packages/airflow/example_dags/example_sensors.py
[2024-03-04T18:55:04.865+0530] {logging_mixin.py:188} INFO - [2024-03-04T18:55:04.864+0530] {dag.py:3036} INFO - Sync 1 DAGs
[2024-03-04T18:55:04.885+0530] {logging_mixin.py:188} INFO - [2024-03-04T18:55:04.885+0530] {dag.py:3823} INFO - Setting next_dagrun for example_sensors to None, run_after=None
[2024-03-04T18:55:04.999+0530] {processor.py:183} INFO - Processing /home/arun/.local/lib/python3.10/site-packages/airflow/example_dags/example_sensors.py took 0.762 seconds
[2024-03-04T18:56:53.934+0530] {processor.py:161} INFO - Started process (PID=5960) to work on /home/arun/.local/lib/python3.10/site-packages/airflow/example_dags/example_sensors.py
[2024-03-04T18:56:53.974+0530] {processor.py:830} INFO - Processing file /home/arun/.local/lib/python3.10/site-packages/airflow/example_dags/example_sensors.py for tasks to queue
[2024-03-04T18:56:53.976+0530] {logging_mixin.py:188} INFO - [2024-03-04T18:56:53.975+0530] {dagbag.py:538} INFO - Filling up the DagBag from /home/arun/.local/lib/python3.10/site-packages/airflow/example_dags/example_sensors.py
[2024-03-04T18:56:54.019+0530] {processor.py:840} INFO - DAG(s) 'example_sensors' retrieved from /home/arun/.local/lib/python3.10/site-packages/airflow/example_dags/example_sensors.py
[2024-03-04T18:56:54.075+0530] {logging_mixin.py:188} INFO - [2024-03-04T18:56:54.074+0530] {dag.py:3036} INFO - Sync 1 DAGs
[2024-03-04T18:56:54.123+0530] {logging_mixin.py:188} INFO - [2024-03-04T18:56:54.122+0530] {dag.py:3823} INFO - Setting next_dagrun for example_sensors to None, run_after=None
[2024-03-04T18:56:54.359+0530] {processor.py:183} INFO - Processing /home/arun/.local/lib/python3.10/site-packages/airflow/example_dags/example_sensors.py took 0.430 seconds
[2024-03-04T18:59:03.621+0530] {processor.py:161} INFO - Started process (PID=6337) to work on /home/arun/.local/lib/python3.10/site-packages/airflow/example_dags/example_sensors.py
[2024-03-04T18:59:03.678+0530] {processor.py:830} INFO - Processing file /home/arun/.local/lib/python3.10/site-packages/airflow/example_dags/example_sensors.py for tasks to queue
[2024-03-04T18:59:03.696+0530] {logging_mixin.py:188} INFO - [2024-03-04T18:59:03.687+0530] {dagbag.py:538} INFO - Filling up the DagBag from /home/arun/.local/lib/python3.10/site-packages/airflow/example_dags/example_sensors.py
[2024-03-04T18:59:03.799+0530] {processor.py:840} INFO - DAG(s) 'example_sensors' retrieved from /home/arun/.local/lib/python3.10/site-packages/airflow/example_dags/example_sensors.py
[2024-03-04T18:59:03.848+0530] {logging_mixin.py:188} INFO - [2024-03-04T18:59:03.847+0530] {dag.py:3036} INFO - Sync 1 DAGs
[2024-03-04T18:59:03.870+0530] {logging_mixin.py:188} INFO - [2024-03-04T18:59:03.870+0530] {dag.py:3823} INFO - Setting next_dagrun for example_sensors to None, run_after=None
[2024-03-04T18:59:03.993+0530] {processor.py:183} INFO - Processing /home/arun/.local/lib/python3.10/site-packages/airflow/example_dags/example_sensors.py took 0.402 seconds
[2024-03-04T19:01:00.444+0530] {processor.py:161} INFO - Started process (PID=6521) to work on /home/arun/.local/lib/python3.10/site-packages/airflow/example_dags/example_sensors.py
[2024-03-04T19:01:00.473+0530] {processor.py:830} INFO - Processing file /home/arun/.local/lib/python3.10/site-packages/airflow/example_dags/example_sensors.py for tasks to queue
[2024-03-04T19:01:00.475+0530] {logging_mixin.py:188} INFO - [2024-03-04T19:01:00.474+0530] {dagbag.py:538} INFO - Filling up the DagBag from /home/arun/.local/lib/python3.10/site-packages/airflow/example_dags/example_sensors.py
[2024-03-04T19:01:00.498+0530] {processor.py:840} INFO - DAG(s) 'example_sensors' retrieved from /home/arun/.local/lib/python3.10/site-packages/airflow/example_dags/example_sensors.py
[2024-03-04T19:01:00.531+0530] {logging_mixin.py:188} INFO - [2024-03-04T19:01:00.531+0530] {dag.py:3036} INFO - Sync 1 DAGs
[2024-03-04T19:01:00.550+0530] {logging_mixin.py:188} INFO - [2024-03-04T19:01:00.549+0530] {dag.py:3823} INFO - Setting next_dagrun for example_sensors to None, run_after=None
[2024-03-04T19:01:00.582+0530] {processor.py:183} INFO - Processing /home/arun/.local/lib/python3.10/site-packages/airflow/example_dags/example_sensors.py took 0.147 seconds
[2024-03-04T19:04:54.386+0530] {processor.py:161} INFO - Started process (PID=6854) to work on /home/arun/.local/lib/python3.10/site-packages/airflow/example_dags/example_sensors.py
[2024-03-04T19:04:54.391+0530] {processor.py:830} INFO - Processing file /home/arun/.local/lib/python3.10/site-packages/airflow/example_dags/example_sensors.py for tasks to queue
[2024-03-04T19:04:54.393+0530] {logging_mixin.py:188} INFO - [2024-03-04T19:04:54.393+0530] {dagbag.py:538} INFO - Filling up the DagBag from /home/arun/.local/lib/python3.10/site-packages/airflow/example_dags/example_sensors.py
[2024-03-04T19:04:54.458+0530] {processor.py:840} INFO - DAG(s) 'example_sensors' retrieved from /home/arun/.local/lib/python3.10/site-packages/airflow/example_dags/example_sensors.py
[2024-03-04T19:04:54.510+0530] {logging_mixin.py:188} INFO - [2024-03-04T19:04:54.510+0530] {dag.py:3036} INFO - Sync 1 DAGs
[2024-03-04T19:04:54.580+0530] {logging_mixin.py:188} INFO - [2024-03-04T19:04:54.580+0530] {dag.py:3823} INFO - Setting next_dagrun for example_sensors to None, run_after=None
[2024-03-04T19:04:54.746+0530] {processor.py:183} INFO - Processing /home/arun/.local/lib/python3.10/site-packages/airflow/example_dags/example_sensors.py took 0.380 seconds
[2024-03-04T19:06:49.477+0530] {processor.py:161} INFO - Started process (PID=7094) to work on /home/arun/.local/lib/python3.10/site-packages/airflow/example_dags/example_sensors.py
[2024-03-04T19:06:49.489+0530] {processor.py:830} INFO - Processing file /home/arun/.local/lib/python3.10/site-packages/airflow/example_dags/example_sensors.py for tasks to queue
[2024-03-04T19:06:49.492+0530] {logging_mixin.py:188} INFO - [2024-03-04T19:06:49.491+0530] {dagbag.py:538} INFO - Filling up the DagBag from /home/arun/.local/lib/python3.10/site-packages/airflow/example_dags/example_sensors.py
[2024-03-04T19:06:49.538+0530] {processor.py:840} INFO - DAG(s) 'example_sensors' retrieved from /home/arun/.local/lib/python3.10/site-packages/airflow/example_dags/example_sensors.py
[2024-03-04T19:06:49.572+0530] {logging_mixin.py:188} INFO - [2024-03-04T19:06:49.572+0530] {dag.py:3036} INFO - Sync 1 DAGs
[2024-03-04T19:06:49.590+0530] {logging_mixin.py:188} INFO - [2024-03-04T19:06:49.589+0530] {dag.py:3823} INFO - Setting next_dagrun for example_sensors to None, run_after=None
[2024-03-04T19:06:49.663+0530] {processor.py:183} INFO - Processing /home/arun/.local/lib/python3.10/site-packages/airflow/example_dags/example_sensors.py took 0.192 seconds
[2024-03-04T19:08:16.158+0530] {processor.py:161} INFO - Started process (PID=7267) to work on /home/arun/.local/lib/python3.10/site-packages/airflow/example_dags/example_sensors.py
[2024-03-04T19:08:16.161+0530] {processor.py:830} INFO - Processing file /home/arun/.local/lib/python3.10/site-packages/airflow/example_dags/example_sensors.py for tasks to queue
[2024-03-04T19:08:16.162+0530] {logging_mixin.py:188} INFO - [2024-03-04T19:08:16.162+0530] {dagbag.py:538} INFO - Filling up the DagBag from /home/arun/.local/lib/python3.10/site-packages/airflow/example_dags/example_sensors.py
[2024-03-04T19:08:16.178+0530] {processor.py:840} INFO - DAG(s) 'example_sensors' retrieved from /home/arun/.local/lib/python3.10/site-packages/airflow/example_dags/example_sensors.py
[2024-03-04T19:08:16.208+0530] {logging_mixin.py:188} INFO - [2024-03-04T19:08:16.208+0530] {dag.py:3036} INFO - Sync 1 DAGs
[2024-03-04T19:08:16.227+0530] {logging_mixin.py:188} INFO - [2024-03-04T19:08:16.226+0530] {dag.py:3823} INFO - Setting next_dagrun for example_sensors to None, run_after=None
[2024-03-04T19:08:16.272+0530] {processor.py:183} INFO - Processing /home/arun/.local/lib/python3.10/site-packages/airflow/example_dags/example_sensors.py took 0.117 seconds
[2024-03-04T19:09:32.259+0530] {processor.py:161} INFO - Started process (PID=7412) to work on /home/arun/.local/lib/python3.10/site-packages/airflow/example_dags/example_sensors.py
[2024-03-04T19:09:32.299+0530] {processor.py:830} INFO - Processing file /home/arun/.local/lib/python3.10/site-packages/airflow/example_dags/example_sensors.py for tasks to queue
[2024-03-04T19:09:32.301+0530] {logging_mixin.py:188} INFO - [2024-03-04T19:09:32.300+0530] {dagbag.py:538} INFO - Filling up the DagBag from /home/arun/.local/lib/python3.10/site-packages/airflow/example_dags/example_sensors.py
[2024-03-04T19:09:32.316+0530] {processor.py:840} INFO - DAG(s) 'example_sensors' retrieved from /home/arun/.local/lib/python3.10/site-packages/airflow/example_dags/example_sensors.py
[2024-03-04T19:09:32.342+0530] {logging_mixin.py:188} INFO - [2024-03-04T19:09:32.342+0530] {dag.py:3036} INFO - Sync 1 DAGs
[2024-03-04T19:09:32.359+0530] {logging_mixin.py:188} INFO - [2024-03-04T19:09:32.358+0530] {dag.py:3823} INFO - Setting next_dagrun for example_sensors to None, run_after=None
[2024-03-04T19:09:32.392+0530] {processor.py:183} INFO - Processing /home/arun/.local/lib/python3.10/site-packages/airflow/example_dags/example_sensors.py took 0.138 seconds
[2024-03-04T19:10:58.879+0530] {processor.py:161} INFO - Started process (PID=7581) to work on /home/arun/.local/lib/python3.10/site-packages/airflow/example_dags/example_sensors.py
[2024-03-04T19:10:58.881+0530] {processor.py:830} INFO - Processing file /home/arun/.local/lib/python3.10/site-packages/airflow/example_dags/example_sensors.py for tasks to queue
[2024-03-04T19:10:58.883+0530] {logging_mixin.py:188} INFO - [2024-03-04T19:10:58.883+0530] {dagbag.py:538} INFO - Filling up the DagBag from /home/arun/.local/lib/python3.10/site-packages/airflow/example_dags/example_sensors.py
[2024-03-04T19:10:58.897+0530] {processor.py:840} INFO - DAG(s) 'example_sensors' retrieved from /home/arun/.local/lib/python3.10/site-packages/airflow/example_dags/example_sensors.py
[2024-03-04T19:10:58.922+0530] {logging_mixin.py:188} INFO - [2024-03-04T19:10:58.922+0530] {dag.py:3036} INFO - Sync 1 DAGs
[2024-03-04T19:10:58.936+0530] {logging_mixin.py:188} INFO - [2024-03-04T19:10:58.935+0530] {dag.py:3823} INFO - Setting next_dagrun for example_sensors to None, run_after=None
[2024-03-04T19:10:58.964+0530] {processor.py:183} INFO - Processing /home/arun/.local/lib/python3.10/site-packages/airflow/example_dags/example_sensors.py took 0.090 seconds
[2024-03-04T19:12:26.137+0530] {processor.py:161} INFO - Started process (PID=7744) to work on /home/arun/.local/lib/python3.10/site-packages/airflow/example_dags/example_sensors.py
[2024-03-04T19:12:26.143+0530] {processor.py:830} INFO - Processing file /home/arun/.local/lib/python3.10/site-packages/airflow/example_dags/example_sensors.py for tasks to queue
[2024-03-04T19:12:26.144+0530] {logging_mixin.py:188} INFO - [2024-03-04T19:12:26.144+0530] {dagbag.py:538} INFO - Filling up the DagBag from /home/arun/.local/lib/python3.10/site-packages/airflow/example_dags/example_sensors.py
[2024-03-04T19:12:26.161+0530] {processor.py:840} INFO - DAG(s) 'example_sensors' retrieved from /home/arun/.local/lib/python3.10/site-packages/airflow/example_dags/example_sensors.py
[2024-03-04T19:12:26.218+0530] {logging_mixin.py:188} INFO - [2024-03-04T19:12:26.218+0530] {dag.py:3036} INFO - Sync 1 DAGs
[2024-03-04T19:12:26.254+0530] {logging_mixin.py:188} INFO - [2024-03-04T19:12:26.254+0530] {dag.py:3823} INFO - Setting next_dagrun for example_sensors to None, run_after=None
[2024-03-04T19:12:26.370+0530] {processor.py:183} INFO - Processing /home/arun/.local/lib/python3.10/site-packages/airflow/example_dags/example_sensors.py took 0.249 seconds
[2024-03-04T19:13:51.523+0530] {processor.py:161} INFO - Started process (PID=7890) to work on /home/arun/.local/lib/python3.10/site-packages/airflow/example_dags/example_sensors.py
[2024-03-04T19:13:51.526+0530] {processor.py:830} INFO - Processing file /home/arun/.local/lib/python3.10/site-packages/airflow/example_dags/example_sensors.py for tasks to queue
[2024-03-04T19:13:51.528+0530] {logging_mixin.py:188} INFO - [2024-03-04T19:13:51.527+0530] {dagbag.py:538} INFO - Filling up the DagBag from /home/arun/.local/lib/python3.10/site-packages/airflow/example_dags/example_sensors.py
[2024-03-04T19:13:51.541+0530] {processor.py:840} INFO - DAG(s) 'example_sensors' retrieved from /home/arun/.local/lib/python3.10/site-packages/airflow/example_dags/example_sensors.py
[2024-03-04T19:13:51.609+0530] {logging_mixin.py:188} INFO - [2024-03-04T19:13:51.608+0530] {dag.py:3036} INFO - Sync 1 DAGs
[2024-03-04T19:13:51.624+0530] {logging_mixin.py:188} INFO - [2024-03-04T19:13:51.624+0530] {dag.py:3823} INFO - Setting next_dagrun for example_sensors to None, run_after=None
[2024-03-04T19:13:51.664+0530] {processor.py:183} INFO - Processing /home/arun/.local/lib/python3.10/site-packages/airflow/example_dags/example_sensors.py took 0.145 seconds
[2024-03-04T19:15:20.157+0530] {processor.py:161} INFO - Started process (PID=8123) to work on /home/arun/.local/lib/python3.10/site-packages/airflow/example_dags/example_sensors.py
[2024-03-04T19:15:20.174+0530] {processor.py:830} INFO - Processing file /home/arun/.local/lib/python3.10/site-packages/airflow/example_dags/example_sensors.py for tasks to queue
[2024-03-04T19:15:20.175+0530] {logging_mixin.py:188} INFO - [2024-03-04T19:15:20.174+0530] {dagbag.py:538} INFO - Filling up the DagBag from /home/arun/.local/lib/python3.10/site-packages/airflow/example_dags/example_sensors.py
[2024-03-04T19:15:20.190+0530] {processor.py:840} INFO - DAG(s) 'example_sensors' retrieved from /home/arun/.local/lib/python3.10/site-packages/airflow/example_dags/example_sensors.py
[2024-03-04T19:15:20.229+0530] {logging_mixin.py:188} INFO - [2024-03-04T19:15:20.229+0530] {dag.py:3036} INFO - Sync 1 DAGs
[2024-03-04T19:15:20.319+0530] {logging_mixin.py:188} INFO - [2024-03-04T19:15:20.319+0530] {dag.py:3823} INFO - Setting next_dagrun for example_sensors to None, run_after=None
[2024-03-04T19:15:20.542+0530] {processor.py:183} INFO - Processing /home/arun/.local/lib/python3.10/site-packages/airflow/example_dags/example_sensors.py took 0.389 seconds
[2024-03-04T19:16:41.880+0530] {processor.py:161} INFO - Started process (PID=8284) to work on /home/arun/.local/lib/python3.10/site-packages/airflow/example_dags/example_sensors.py
[2024-03-04T19:16:41.923+0530] {processor.py:830} INFO - Processing file /home/arun/.local/lib/python3.10/site-packages/airflow/example_dags/example_sensors.py for tasks to queue
[2024-03-04T19:16:41.925+0530] {logging_mixin.py:188} INFO - [2024-03-04T19:16:41.924+0530] {dagbag.py:538} INFO - Filling up the DagBag from /home/arun/.local/lib/python3.10/site-packages/airflow/example_dags/example_sensors.py
[2024-03-04T19:16:41.941+0530] {processor.py:840} INFO - DAG(s) 'example_sensors' retrieved from /home/arun/.local/lib/python3.10/site-packages/airflow/example_dags/example_sensors.py
[2024-03-04T19:16:41.970+0530] {logging_mixin.py:188} INFO - [2024-03-04T19:16:41.970+0530] {dag.py:3036} INFO - Sync 1 DAGs
[2024-03-04T19:16:41.986+0530] {logging_mixin.py:188} INFO - [2024-03-04T19:16:41.986+0530] {dag.py:3823} INFO - Setting next_dagrun for example_sensors to None, run_after=None
[2024-03-04T19:16:42.044+0530] {processor.py:183} INFO - Processing /home/arun/.local/lib/python3.10/site-packages/airflow/example_dags/example_sensors.py took 0.182 seconds
[2024-03-04T19:18:09.257+0530] {processor.py:161} INFO - Started process (PID=8463) to work on /home/arun/.local/lib/python3.10/site-packages/airflow/example_dags/example_sensors.py
[2024-03-04T19:18:09.297+0530] {processor.py:830} INFO - Processing file /home/arun/.local/lib/python3.10/site-packages/airflow/example_dags/example_sensors.py for tasks to queue
[2024-03-04T19:18:09.298+0530] {logging_mixin.py:188} INFO - [2024-03-04T19:18:09.297+0530] {dagbag.py:538} INFO - Filling up the DagBag from /home/arun/.local/lib/python3.10/site-packages/airflow/example_dags/example_sensors.py
[2024-03-04T19:18:09.310+0530] {processor.py:840} INFO - DAG(s) 'example_sensors' retrieved from /home/arun/.local/lib/python3.10/site-packages/airflow/example_dags/example_sensors.py
[2024-03-04T19:18:09.335+0530] {logging_mixin.py:188} INFO - [2024-03-04T19:18:09.335+0530] {dag.py:3036} INFO - Sync 1 DAGs
[2024-03-04T19:18:09.349+0530] {logging_mixin.py:188} INFO - [2024-03-04T19:18:09.348+0530] {dag.py:3823} INFO - Setting next_dagrun for example_sensors to None, run_after=None
[2024-03-04T19:18:09.383+0530] {processor.py:183} INFO - Processing /home/arun/.local/lib/python3.10/site-packages/airflow/example_dags/example_sensors.py took 0.131 seconds
[2024-03-04T19:19:36.562+0530] {processor.py:161} INFO - Started process (PID=8624) to work on /home/arun/.local/lib/python3.10/site-packages/airflow/example_dags/example_sensors.py
[2024-03-04T19:19:36.598+0530] {processor.py:830} INFO - Processing file /home/arun/.local/lib/python3.10/site-packages/airflow/example_dags/example_sensors.py for tasks to queue
[2024-03-04T19:19:36.600+0530] {logging_mixin.py:188} INFO - [2024-03-04T19:19:36.600+0530] {dagbag.py:538} INFO - Filling up the DagBag from /home/arun/.local/lib/python3.10/site-packages/airflow/example_dags/example_sensors.py
[2024-03-04T19:19:36.614+0530] {processor.py:840} INFO - DAG(s) 'example_sensors' retrieved from /home/arun/.local/lib/python3.10/site-packages/airflow/example_dags/example_sensors.py
[2024-03-04T19:19:36.643+0530] {logging_mixin.py:188} INFO - [2024-03-04T19:19:36.643+0530] {dag.py:3036} INFO - Sync 1 DAGs
[2024-03-04T19:19:36.662+0530] {logging_mixin.py:188} INFO - [2024-03-04T19:19:36.661+0530] {dag.py:3823} INFO - Setting next_dagrun for example_sensors to None, run_after=None
[2024-03-04T19:19:36.705+0530] {processor.py:183} INFO - Processing /home/arun/.local/lib/python3.10/site-packages/airflow/example_dags/example_sensors.py took 0.148 seconds
[2024-03-04T19:21:00.240+0530] {processor.py:161} INFO - Started process (PID=8813) to work on /home/arun/.local/lib/python3.10/site-packages/airflow/example_dags/example_sensors.py
[2024-03-04T19:21:00.291+0530] {processor.py:830} INFO - Processing file /home/arun/.local/lib/python3.10/site-packages/airflow/example_dags/example_sensors.py for tasks to queue
[2024-03-04T19:21:00.292+0530] {logging_mixin.py:188} INFO - [2024-03-04T19:21:00.292+0530] {dagbag.py:538} INFO - Filling up the DagBag from /home/arun/.local/lib/python3.10/site-packages/airflow/example_dags/example_sensors.py
[2024-03-04T19:21:00.333+0530] {processor.py:840} INFO - DAG(s) 'example_sensors' retrieved from /home/arun/.local/lib/python3.10/site-packages/airflow/example_dags/example_sensors.py
[2024-03-04T19:21:00.379+0530] {logging_mixin.py:188} INFO - [2024-03-04T19:21:00.379+0530] {dag.py:3036} INFO - Sync 1 DAGs
[2024-03-04T19:21:00.424+0530] {logging_mixin.py:188} INFO - [2024-03-04T19:21:00.423+0530] {dag.py:3823} INFO - Setting next_dagrun for example_sensors to None, run_after=None
[2024-03-04T19:21:00.557+0530] {processor.py:183} INFO - Processing /home/arun/.local/lib/python3.10/site-packages/airflow/example_dags/example_sensors.py took 0.328 seconds
[2024-03-04T19:22:30.975+0530] {processor.py:161} INFO - Started process (PID=8993) to work on /home/arun/.local/lib/python3.10/site-packages/airflow/example_dags/example_sensors.py
[2024-03-04T19:22:31.018+0530] {processor.py:830} INFO - Processing file /home/arun/.local/lib/python3.10/site-packages/airflow/example_dags/example_sensors.py for tasks to queue
[2024-03-04T19:22:31.021+0530] {logging_mixin.py:188} INFO - [2024-03-04T19:22:31.020+0530] {dagbag.py:538} INFO - Filling up the DagBag from /home/arun/.local/lib/python3.10/site-packages/airflow/example_dags/example_sensors.py
[2024-03-04T19:22:31.034+0530] {processor.py:840} INFO - DAG(s) 'example_sensors' retrieved from /home/arun/.local/lib/python3.10/site-packages/airflow/example_dags/example_sensors.py
[2024-03-04T19:22:31.090+0530] {logging_mixin.py:188} INFO - [2024-03-04T19:22:31.090+0530] {dag.py:3036} INFO - Sync 1 DAGs
[2024-03-04T19:22:31.107+0530] {logging_mixin.py:188} INFO - [2024-03-04T19:22:31.107+0530] {dag.py:3823} INFO - Setting next_dagrun for example_sensors to None, run_after=None
[2024-03-04T19:22:31.141+0530] {processor.py:183} INFO - Processing /home/arun/.local/lib/python3.10/site-packages/airflow/example_dags/example_sensors.py took 0.169 seconds
[2024-03-04T19:23:54.113+0530] {processor.py:161} INFO - Started process (PID=9135) to work on /home/arun/.local/lib/python3.10/site-packages/airflow/example_dags/example_sensors.py
[2024-03-04T19:23:54.145+0530] {processor.py:830} INFO - Processing file /home/arun/.local/lib/python3.10/site-packages/airflow/example_dags/example_sensors.py for tasks to queue
[2024-03-04T19:23:54.146+0530] {logging_mixin.py:188} INFO - [2024-03-04T19:23:54.146+0530] {dagbag.py:538} INFO - Filling up the DagBag from /home/arun/.local/lib/python3.10/site-packages/airflow/example_dags/example_sensors.py
[2024-03-04T19:23:54.157+0530] {processor.py:840} INFO - DAG(s) 'example_sensors' retrieved from /home/arun/.local/lib/python3.10/site-packages/airflow/example_dags/example_sensors.py
[2024-03-04T19:23:54.177+0530] {logging_mixin.py:188} INFO - [2024-03-04T19:23:54.176+0530] {dag.py:3036} INFO - Sync 1 DAGs
[2024-03-04T19:23:54.187+0530] {logging_mixin.py:188} INFO - [2024-03-04T19:23:54.187+0530] {dag.py:3823} INFO - Setting next_dagrun for example_sensors to None, run_after=None
[2024-03-04T19:23:54.218+0530] {processor.py:183} INFO - Processing /home/arun/.local/lib/python3.10/site-packages/airflow/example_dags/example_sensors.py took 0.110 seconds
[2024-03-04T19:25:12.199+0530] {processor.py:161} INFO - Started process (PID=9301) to work on /home/arun/.local/lib/python3.10/site-packages/airflow/example_dags/example_sensors.py
[2024-03-04T19:25:12.202+0530] {processor.py:830} INFO - Processing file /home/arun/.local/lib/python3.10/site-packages/airflow/example_dags/example_sensors.py for tasks to queue
[2024-03-04T19:25:12.203+0530] {logging_mixin.py:188} INFO - [2024-03-04T19:25:12.203+0530] {dagbag.py:538} INFO - Filling up the DagBag from /home/arun/.local/lib/python3.10/site-packages/airflow/example_dags/example_sensors.py
[2024-03-04T19:25:12.214+0530] {processor.py:840} INFO - DAG(s) 'example_sensors' retrieved from /home/arun/.local/lib/python3.10/site-packages/airflow/example_dags/example_sensors.py
[2024-03-04T19:25:12.237+0530] {logging_mixin.py:188} INFO - [2024-03-04T19:25:12.236+0530] {dag.py:3036} INFO - Sync 1 DAGs
[2024-03-04T19:25:12.252+0530] {logging_mixin.py:188} INFO - [2024-03-04T19:25:12.252+0530] {dag.py:3823} INFO - Setting next_dagrun for example_sensors to None, run_after=None
[2024-03-04T19:25:12.286+0530] {processor.py:183} INFO - Processing /home/arun/.local/lib/python3.10/site-packages/airflow/example_dags/example_sensors.py took 0.090 seconds
[2024-03-04T19:26:30.403+0530] {processor.py:161} INFO - Started process (PID=9476) to work on /home/arun/.local/lib/python3.10/site-packages/airflow/example_dags/example_sensors.py
[2024-03-04T19:26:30.406+0530] {processor.py:830} INFO - Processing file /home/arun/.local/lib/python3.10/site-packages/airflow/example_dags/example_sensors.py for tasks to queue
[2024-03-04T19:26:30.407+0530] {logging_mixin.py:188} INFO - [2024-03-04T19:26:30.407+0530] {dagbag.py:538} INFO - Filling up the DagBag from /home/arun/.local/lib/python3.10/site-packages/airflow/example_dags/example_sensors.py
[2024-03-04T19:26:30.417+0530] {processor.py:840} INFO - DAG(s) 'example_sensors' retrieved from /home/arun/.local/lib/python3.10/site-packages/airflow/example_dags/example_sensors.py
[2024-03-04T19:26:30.441+0530] {logging_mixin.py:188} INFO - [2024-03-04T19:26:30.440+0530] {dag.py:3036} INFO - Sync 1 DAGs
[2024-03-04T19:26:30.456+0530] {logging_mixin.py:188} INFO - [2024-03-04T19:26:30.456+0530] {dag.py:3823} INFO - Setting next_dagrun for example_sensors to None, run_after=None
[2024-03-04T19:26:30.495+0530] {processor.py:183} INFO - Processing /home/arun/.local/lib/python3.10/site-packages/airflow/example_dags/example_sensors.py took 0.094 seconds
[2024-03-04T19:27:48.882+0530] {processor.py:161} INFO - Started process (PID=9634) to work on /home/arun/.local/lib/python3.10/site-packages/airflow/example_dags/example_sensors.py
[2024-03-04T19:27:48.915+0530] {processor.py:830} INFO - Processing file /home/arun/.local/lib/python3.10/site-packages/airflow/example_dags/example_sensors.py for tasks to queue
[2024-03-04T19:27:48.917+0530] {logging_mixin.py:188} INFO - [2024-03-04T19:27:48.916+0530] {dagbag.py:538} INFO - Filling up the DagBag from /home/arun/.local/lib/python3.10/site-packages/airflow/example_dags/example_sensors.py
[2024-03-04T19:27:48.931+0530] {processor.py:840} INFO - DAG(s) 'example_sensors' retrieved from /home/arun/.local/lib/python3.10/site-packages/airflow/example_dags/example_sensors.py
[2024-03-04T19:27:48.968+0530] {logging_mixin.py:188} INFO - [2024-03-04T19:27:48.968+0530] {dag.py:3036} INFO - Sync 1 DAGs
[2024-03-04T19:27:49.000+0530] {logging_mixin.py:188} INFO - [2024-03-04T19:27:49.000+0530] {dag.py:3823} INFO - Setting next_dagrun for example_sensors to None, run_after=None
[2024-03-04T19:27:49.136+0530] {processor.py:183} INFO - Processing /home/arun/.local/lib/python3.10/site-packages/airflow/example_dags/example_sensors.py took 0.259 seconds
[2024-03-04T22:42:09.895+0530] {processor.py:161} INFO - Started process (PID=17444) to work on /home/arun/.local/lib/python3.10/site-packages/airflow/example_dags/example_sensors.py
[2024-03-04T22:42:09.899+0530] {processor.py:830} INFO - Processing file /home/arun/.local/lib/python3.10/site-packages/airflow/example_dags/example_sensors.py for tasks to queue
[2024-03-04T22:42:09.901+0530] {logging_mixin.py:188} INFO - [2024-03-04T22:42:09.900+0530] {dagbag.py:538} INFO - Filling up the DagBag from /home/arun/.local/lib/python3.10/site-packages/airflow/example_dags/example_sensors.py
[2024-03-04T22:42:09.994+0530] {processor.py:840} INFO - DAG(s) 'example_sensors' retrieved from /home/arun/.local/lib/python3.10/site-packages/airflow/example_dags/example_sensors.py
[2024-03-04T22:42:10.570+0530] {logging_mixin.py:188} INFO - [2024-03-04T22:42:10.570+0530] {dag.py:3036} INFO - Sync 1 DAGs
[2024-03-04T22:42:10.587+0530] {logging_mixin.py:188} INFO - [2024-03-04T22:42:10.587+0530] {dag.py:3823} INFO - Setting next_dagrun for example_sensors to None, run_after=None
[2024-03-04T22:42:10.642+0530] {processor.py:183} INFO - Processing /home/arun/.local/lib/python3.10/site-packages/airflow/example_dags/example_sensors.py took 0.772 seconds
[2024-03-04T22:55:42.691+0530] {processor.py:161} INFO - Started process (PID=5646) to work on /home/arun/.local/lib/python3.10/site-packages/airflow/example_dags/example_sensors.py
[2024-03-04T22:55:42.696+0530] {processor.py:830} INFO - Processing file /home/arun/.local/lib/python3.10/site-packages/airflow/example_dags/example_sensors.py for tasks to queue
[2024-03-04T22:55:42.698+0530] {logging_mixin.py:188} INFO - [2024-03-04T22:55:42.697+0530] {dagbag.py:538} INFO - Filling up the DagBag from /home/arun/.local/lib/python3.10/site-packages/airflow/example_dags/example_sensors.py
[2024-03-04T22:55:42.720+0530] {processor.py:840} INFO - DAG(s) 'example_sensors' retrieved from /home/arun/.local/lib/python3.10/site-packages/airflow/example_dags/example_sensors.py
[2024-03-04T22:55:42.968+0530] {logging_mixin.py:188} INFO - [2024-03-04T22:55:42.968+0530] {dag.py:3036} INFO - Sync 1 DAGs
[2024-03-04T22:55:43.016+0530] {logging_mixin.py:188} INFO - [2024-03-04T22:55:43.015+0530] {dag.py:3823} INFO - Setting next_dagrun for example_sensors to None, run_after=None
[2024-03-04T22:55:43.132+0530] {processor.py:183} INFO - Processing /home/arun/.local/lib/python3.10/site-packages/airflow/example_dags/example_sensors.py took 0.446 seconds
[2024-03-04T22:57:20.288+0530] {processor.py:161} INFO - Started process (PID=5739) to work on /home/arun/.local/lib/python3.10/site-packages/airflow/example_dags/example_sensors.py
[2024-03-04T22:57:20.294+0530] {processor.py:830} INFO - Processing file /home/arun/.local/lib/python3.10/site-packages/airflow/example_dags/example_sensors.py for tasks to queue
[2024-03-04T22:57:20.296+0530] {logging_mixin.py:188} INFO - [2024-03-04T22:57:20.295+0530] {dagbag.py:538} INFO - Filling up the DagBag from /home/arun/.local/lib/python3.10/site-packages/airflow/example_dags/example_sensors.py
[2024-03-04T22:57:20.324+0530] {processor.py:840} INFO - DAG(s) 'example_sensors' retrieved from /home/arun/.local/lib/python3.10/site-packages/airflow/example_dags/example_sensors.py
[2024-03-04T22:57:20.392+0530] {logging_mixin.py:188} INFO - [2024-03-04T22:57:20.392+0530] {dag.py:3036} INFO - Sync 1 DAGs
[2024-03-04T22:57:20.430+0530] {logging_mixin.py:188} INFO - [2024-03-04T22:57:20.430+0530] {dag.py:3823} INFO - Setting next_dagrun for example_sensors to None, run_after=None
[2024-03-04T22:57:20.517+0530] {processor.py:183} INFO - Processing /home/arun/.local/lib/python3.10/site-packages/airflow/example_dags/example_sensors.py took 0.257 seconds
[2024-03-04T22:59:25.716+0530] {processor.py:161} INFO - Started process (PID=5866) to work on /home/arun/.local/lib/python3.10/site-packages/airflow/example_dags/example_sensors.py
[2024-03-04T22:59:25.765+0530] {processor.py:830} INFO - Processing file /home/arun/.local/lib/python3.10/site-packages/airflow/example_dags/example_sensors.py for tasks to queue
[2024-03-04T22:59:25.771+0530] {logging_mixin.py:188} INFO - [2024-03-04T22:59:25.768+0530] {dagbag.py:538} INFO - Filling up the DagBag from /home/arun/.local/lib/python3.10/site-packages/airflow/example_dags/example_sensors.py
[2024-03-04T22:59:25.798+0530] {processor.py:840} INFO - DAG(s) 'example_sensors' retrieved from /home/arun/.local/lib/python3.10/site-packages/airflow/example_dags/example_sensors.py
[2024-03-04T22:59:25.864+0530] {logging_mixin.py:188} INFO - [2024-03-04T22:59:25.864+0530] {dag.py:3036} INFO - Sync 1 DAGs
[2024-03-04T22:59:25.896+0530] {logging_mixin.py:188} INFO - [2024-03-04T22:59:25.896+0530] {dag.py:3823} INFO - Setting next_dagrun for example_sensors to None, run_after=None
[2024-03-04T22:59:25.972+0530] {processor.py:183} INFO - Processing /home/arun/.local/lib/python3.10/site-packages/airflow/example_dags/example_sensors.py took 0.276 seconds
[2024-03-04T23:01:00.406+0530] {processor.py:161} INFO - Started process (PID=6022) to work on /home/arun/.local/lib/python3.10/site-packages/airflow/example_dags/example_sensors.py
[2024-03-04T23:01:00.410+0530] {processor.py:830} INFO - Processing file /home/arun/.local/lib/python3.10/site-packages/airflow/example_dags/example_sensors.py for tasks to queue
[2024-03-04T23:01:00.412+0530] {logging_mixin.py:188} INFO - [2024-03-04T23:01:00.411+0530] {dagbag.py:538} INFO - Filling up the DagBag from /home/arun/.local/lib/python3.10/site-packages/airflow/example_dags/example_sensors.py
[2024-03-04T23:01:00.438+0530] {processor.py:840} INFO - DAG(s) 'example_sensors' retrieved from /home/arun/.local/lib/python3.10/site-packages/airflow/example_dags/example_sensors.py
[2024-03-04T23:01:00.473+0530] {logging_mixin.py:188} INFO - [2024-03-04T23:01:00.473+0530] {dag.py:3036} INFO - Sync 1 DAGs
[2024-03-04T23:01:00.494+0530] {logging_mixin.py:188} INFO - [2024-03-04T23:01:00.494+0530] {dag.py:3823} INFO - Setting next_dagrun for example_sensors to None, run_after=None
[2024-03-04T23:01:00.551+0530] {processor.py:183} INFO - Processing /home/arun/.local/lib/python3.10/site-packages/airflow/example_dags/example_sensors.py took 0.153 seconds
[2024-03-04T23:02:24.881+0530] {processor.py:161} INFO - Started process (PID=6162) to work on /home/arun/.local/lib/python3.10/site-packages/airflow/example_dags/example_sensors.py
[2024-03-04T23:02:24.926+0530] {processor.py:830} INFO - Processing file /home/arun/.local/lib/python3.10/site-packages/airflow/example_dags/example_sensors.py for tasks to queue
[2024-03-04T23:02:24.929+0530] {logging_mixin.py:188} INFO - [2024-03-04T23:02:24.928+0530] {dagbag.py:538} INFO - Filling up the DagBag from /home/arun/.local/lib/python3.10/site-packages/airflow/example_dags/example_sensors.py
[2024-03-04T23:02:24.956+0530] {processor.py:840} INFO - DAG(s) 'example_sensors' retrieved from /home/arun/.local/lib/python3.10/site-packages/airflow/example_dags/example_sensors.py
[2024-03-04T23:02:24.991+0530] {logging_mixin.py:188} INFO - [2024-03-04T23:02:24.991+0530] {dag.py:3036} INFO - Sync 1 DAGs
[2024-03-04T23:02:25.008+0530] {logging_mixin.py:188} INFO - [2024-03-04T23:02:25.007+0530] {dag.py:3823} INFO - Setting next_dagrun for example_sensors to None, run_after=None
[2024-03-04T23:02:25.063+0530] {processor.py:183} INFO - Processing /home/arun/.local/lib/python3.10/site-packages/airflow/example_dags/example_sensors.py took 0.192 seconds
[2024-03-04T23:04:12.356+0530] {processor.py:161} INFO - Started process (PID=6712) to work on /home/arun/.local/lib/python3.10/site-packages/airflow/example_dags/example_sensors.py
[2024-03-04T23:04:12.393+0530] {processor.py:830} INFO - Processing file /home/arun/.local/lib/python3.10/site-packages/airflow/example_dags/example_sensors.py for tasks to queue
[2024-03-04T23:04:12.394+0530] {logging_mixin.py:188} INFO - [2024-03-04T23:04:12.394+0530] {dagbag.py:538} INFO - Filling up the DagBag from /home/arun/.local/lib/python3.10/site-packages/airflow/example_dags/example_sensors.py
[2024-03-04T23:04:12.411+0530] {processor.py:840} INFO - DAG(s) 'example_sensors' retrieved from /home/arun/.local/lib/python3.10/site-packages/airflow/example_dags/example_sensors.py
[2024-03-04T23:04:12.440+0530] {logging_mixin.py:188} INFO - [2024-03-04T23:04:12.440+0530] {dag.py:3036} INFO - Sync 1 DAGs
[2024-03-04T23:04:12.457+0530] {logging_mixin.py:188} INFO - [2024-03-04T23:04:12.457+0530] {dag.py:3823} INFO - Setting next_dagrun for example_sensors to None, run_after=None
[2024-03-04T23:04:12.491+0530] {processor.py:183} INFO - Processing /home/arun/.local/lib/python3.10/site-packages/airflow/example_dags/example_sensors.py took 0.142 seconds
[2024-03-04T23:06:03.330+0530] {processor.py:161} INFO - Started process (PID=6910) to work on /home/arun/.local/lib/python3.10/site-packages/airflow/example_dags/example_sensors.py
[2024-03-04T23:06:03.359+0530] {processor.py:830} INFO - Processing file /home/arun/.local/lib/python3.10/site-packages/airflow/example_dags/example_sensors.py for tasks to queue
[2024-03-04T23:06:03.361+0530] {logging_mixin.py:188} INFO - [2024-03-04T23:06:03.361+0530] {dagbag.py:538} INFO - Filling up the DagBag from /home/arun/.local/lib/python3.10/site-packages/airflow/example_dags/example_sensors.py
[2024-03-04T23:06:03.383+0530] {processor.py:840} INFO - DAG(s) 'example_sensors' retrieved from /home/arun/.local/lib/python3.10/site-packages/airflow/example_dags/example_sensors.py
[2024-03-04T23:06:03.430+0530] {logging_mixin.py:188} INFO - [2024-03-04T23:06:03.429+0530] {dag.py:3036} INFO - Sync 1 DAGs
[2024-03-04T23:06:03.451+0530] {logging_mixin.py:188} INFO - [2024-03-04T23:06:03.451+0530] {dag.py:3823} INFO - Setting next_dagrun for example_sensors to None, run_after=None
[2024-03-04T23:06:03.551+0530] {processor.py:183} INFO - Processing /home/arun/.local/lib/python3.10/site-packages/airflow/example_dags/example_sensors.py took 0.227 seconds
[2024-03-04T23:07:33.953+0530] {processor.py:161} INFO - Started process (PID=7105) to work on /home/arun/.local/lib/python3.10/site-packages/airflow/example_dags/example_sensors.py
[2024-03-04T23:07:33.997+0530] {processor.py:830} INFO - Processing file /home/arun/.local/lib/python3.10/site-packages/airflow/example_dags/example_sensors.py for tasks to queue
[2024-03-04T23:07:34.000+0530] {logging_mixin.py:188} INFO - [2024-03-04T23:07:33.999+0530] {dagbag.py:538} INFO - Filling up the DagBag from /home/arun/.local/lib/python3.10/site-packages/airflow/example_dags/example_sensors.py
[2024-03-04T23:07:34.011+0530] {processor.py:840} INFO - DAG(s) 'example_sensors' retrieved from /home/arun/.local/lib/python3.10/site-packages/airflow/example_dags/example_sensors.py
[2024-03-04T23:07:34.027+0530] {logging_mixin.py:188} INFO - [2024-03-04T23:07:34.026+0530] {dag.py:3036} INFO - Sync 1 DAGs
[2024-03-04T23:07:34.036+0530] {logging_mixin.py:188} INFO - [2024-03-04T23:07:34.036+0530] {dag.py:3823} INFO - Setting next_dagrun for example_sensors to None, run_after=None
[2024-03-04T23:07:34.069+0530] {processor.py:183} INFO - Processing /home/arun/.local/lib/python3.10/site-packages/airflow/example_dags/example_sensors.py took 0.119 seconds
[2024-03-04T23:09:06.321+0530] {processor.py:161} INFO - Started process (PID=7281) to work on /home/arun/.local/lib/python3.10/site-packages/airflow/example_dags/example_sensors.py
[2024-03-04T23:09:06.323+0530] {processor.py:830} INFO - Processing file /home/arun/.local/lib/python3.10/site-packages/airflow/example_dags/example_sensors.py for tasks to queue
[2024-03-04T23:09:06.325+0530] {logging_mixin.py:188} INFO - [2024-03-04T23:09:06.324+0530] {dagbag.py:538} INFO - Filling up the DagBag from /home/arun/.local/lib/python3.10/site-packages/airflow/example_dags/example_sensors.py
[2024-03-04T23:09:06.339+0530] {processor.py:840} INFO - DAG(s) 'example_sensors' retrieved from /home/arun/.local/lib/python3.10/site-packages/airflow/example_dags/example_sensors.py
[2024-03-04T23:09:06.365+0530] {logging_mixin.py:188} INFO - [2024-03-04T23:09:06.365+0530] {dag.py:3036} INFO - Sync 1 DAGs
[2024-03-04T23:09:06.380+0530] {logging_mixin.py:188} INFO - [2024-03-04T23:09:06.380+0530] {dag.py:3823} INFO - Setting next_dagrun for example_sensors to None, run_after=None
[2024-03-04T23:09:06.420+0530] {processor.py:183} INFO - Processing /home/arun/.local/lib/python3.10/site-packages/airflow/example_dags/example_sensors.py took 0.103 seconds
[2024-03-04T23:10:36.311+0530] {processor.py:161} INFO - Started process (PID=7457) to work on /home/arun/.local/lib/python3.10/site-packages/airflow/example_dags/example_sensors.py
[2024-03-04T23:10:36.314+0530] {processor.py:830} INFO - Processing file /home/arun/.local/lib/python3.10/site-packages/airflow/example_dags/example_sensors.py for tasks to queue
[2024-03-04T23:10:36.315+0530] {logging_mixin.py:188} INFO - [2024-03-04T23:10:36.314+0530] {dagbag.py:538} INFO - Filling up the DagBag from /home/arun/.local/lib/python3.10/site-packages/airflow/example_dags/example_sensors.py
[2024-03-04T23:10:36.324+0530] {processor.py:840} INFO - DAG(s) 'example_sensors' retrieved from /home/arun/.local/lib/python3.10/site-packages/airflow/example_dags/example_sensors.py
[2024-03-04T23:10:36.348+0530] {logging_mixin.py:188} INFO - [2024-03-04T23:10:36.348+0530] {dag.py:3036} INFO - Sync 1 DAGs
[2024-03-04T23:10:36.369+0530] {logging_mixin.py:188} INFO - [2024-03-04T23:10:36.369+0530] {dag.py:3823} INFO - Setting next_dagrun for example_sensors to None, run_after=None
[2024-03-04T23:10:36.440+0530] {processor.py:183} INFO - Processing /home/arun/.local/lib/python3.10/site-packages/airflow/example_dags/example_sensors.py took 0.132 seconds
[2024-03-04T23:12:06.602+0530] {processor.py:161} INFO - Started process (PID=7676) to work on /home/arun/.local/lib/python3.10/site-packages/airflow/example_dags/example_sensors.py
[2024-03-04T23:12:06.605+0530] {processor.py:830} INFO - Processing file /home/arun/.local/lib/python3.10/site-packages/airflow/example_dags/example_sensors.py for tasks to queue
[2024-03-04T23:12:06.606+0530] {logging_mixin.py:188} INFO - [2024-03-04T23:12:06.606+0530] {dagbag.py:538} INFO - Filling up the DagBag from /home/arun/.local/lib/python3.10/site-packages/airflow/example_dags/example_sensors.py
[2024-03-04T23:12:06.619+0530] {processor.py:840} INFO - DAG(s) 'example_sensors' retrieved from /home/arun/.local/lib/python3.10/site-packages/airflow/example_dags/example_sensors.py
[2024-03-04T23:12:06.683+0530] {logging_mixin.py:188} INFO - [2024-03-04T23:12:06.682+0530] {dag.py:3036} INFO - Sync 1 DAGs
[2024-03-04T23:12:06.699+0530] {logging_mixin.py:188} INFO - [2024-03-04T23:12:06.699+0530] {dag.py:3823} INFO - Setting next_dagrun for example_sensors to None, run_after=None
[2024-03-04T23:12:06.743+0530] {processor.py:183} INFO - Processing /home/arun/.local/lib/python3.10/site-packages/airflow/example_dags/example_sensors.py took 0.145 seconds
[2024-03-04T23:13:51.137+0530] {processor.py:161} INFO - Started process (PID=7916) to work on /home/arun/.local/lib/python3.10/site-packages/airflow/example_dags/example_sensors.py
[2024-03-04T23:13:51.139+0530] {processor.py:830} INFO - Processing file /home/arun/.local/lib/python3.10/site-packages/airflow/example_dags/example_sensors.py for tasks to queue
[2024-03-04T23:13:51.140+0530] {logging_mixin.py:188} INFO - [2024-03-04T23:13:51.140+0530] {dagbag.py:538} INFO - Filling up the DagBag from /home/arun/.local/lib/python3.10/site-packages/airflow/example_dags/example_sensors.py
[2024-03-04T23:13:51.150+0530] {processor.py:840} INFO - DAG(s) 'example_sensors' retrieved from /home/arun/.local/lib/python3.10/site-packages/airflow/example_dags/example_sensors.py
[2024-03-04T23:13:51.174+0530] {logging_mixin.py:188} INFO - [2024-03-04T23:13:51.174+0530] {dag.py:3036} INFO - Sync 1 DAGs
[2024-03-04T23:13:51.194+0530] {logging_mixin.py:188} INFO - [2024-03-04T23:13:51.194+0530] {dag.py:3823} INFO - Setting next_dagrun for example_sensors to None, run_after=None
[2024-03-04T23:13:51.270+0530] {processor.py:183} INFO - Processing /home/arun/.local/lib/python3.10/site-packages/airflow/example_dags/example_sensors.py took 0.136 seconds
[2024-03-04T23:15:25.519+0530] {processor.py:161} INFO - Started process (PID=8092) to work on /home/arun/.local/lib/python3.10/site-packages/airflow/example_dags/example_sensors.py
[2024-03-04T23:15:25.528+0530] {processor.py:830} INFO - Processing file /home/arun/.local/lib/python3.10/site-packages/airflow/example_dags/example_sensors.py for tasks to queue
[2024-03-04T23:15:25.530+0530] {logging_mixin.py:188} INFO - [2024-03-04T23:15:25.529+0530] {dagbag.py:538} INFO - Filling up the DagBag from /home/arun/.local/lib/python3.10/site-packages/airflow/example_dags/example_sensors.py
[2024-03-04T23:15:25.548+0530] {processor.py:840} INFO - DAG(s) 'example_sensors' retrieved from /home/arun/.local/lib/python3.10/site-packages/airflow/example_dags/example_sensors.py
[2024-03-04T23:15:25.576+0530] {logging_mixin.py:188} INFO - [2024-03-04T23:15:25.575+0530] {dag.py:3036} INFO - Sync 1 DAGs
[2024-03-04T23:15:25.589+0530] {logging_mixin.py:188} INFO - [2024-03-04T23:15:25.589+0530] {dag.py:3823} INFO - Setting next_dagrun for example_sensors to None, run_after=None
[2024-03-04T23:15:25.621+0530] {processor.py:183} INFO - Processing /home/arun/.local/lib/python3.10/site-packages/airflow/example_dags/example_sensors.py took 0.109 seconds
[2024-03-04T23:17:23.001+0530] {processor.py:161} INFO - Started process (PID=8334) to work on /home/arun/.local/lib/python3.10/site-packages/airflow/example_dags/example_sensors.py
[2024-03-04T23:17:23.047+0530] {processor.py:830} INFO - Processing file /home/arun/.local/lib/python3.10/site-packages/airflow/example_dags/example_sensors.py for tasks to queue
[2024-03-04T23:17:23.049+0530] {logging_mixin.py:188} INFO - [2024-03-04T23:17:23.048+0530] {dagbag.py:538} INFO - Filling up the DagBag from /home/arun/.local/lib/python3.10/site-packages/airflow/example_dags/example_sensors.py
[2024-03-04T23:17:23.062+0530] {processor.py:840} INFO - DAG(s) 'example_sensors' retrieved from /home/arun/.local/lib/python3.10/site-packages/airflow/example_dags/example_sensors.py
[2024-03-04T23:17:23.085+0530] {logging_mixin.py:188} INFO - [2024-03-04T23:17:23.085+0530] {dag.py:3036} INFO - Sync 1 DAGs
[2024-03-04T23:17:23.096+0530] {logging_mixin.py:188} INFO - [2024-03-04T23:17:23.096+0530] {dag.py:3823} INFO - Setting next_dagrun for example_sensors to None, run_after=None
[2024-03-04T23:17:23.121+0530] {processor.py:183} INFO - Processing /home/arun/.local/lib/python3.10/site-packages/airflow/example_dags/example_sensors.py took 0.126 seconds
[2024-03-04T23:19:01.430+0530] {processor.py:161} INFO - Started process (PID=8531) to work on /home/arun/.local/lib/python3.10/site-packages/airflow/example_dags/example_sensors.py
[2024-03-04T23:19:01.433+0530] {processor.py:830} INFO - Processing file /home/arun/.local/lib/python3.10/site-packages/airflow/example_dags/example_sensors.py for tasks to queue
[2024-03-04T23:19:01.434+0530] {logging_mixin.py:188} INFO - [2024-03-04T23:19:01.434+0530] {dagbag.py:538} INFO - Filling up the DagBag from /home/arun/.local/lib/python3.10/site-packages/airflow/example_dags/example_sensors.py
[2024-03-04T23:19:01.447+0530] {processor.py:840} INFO - DAG(s) 'example_sensors' retrieved from /home/arun/.local/lib/python3.10/site-packages/airflow/example_dags/example_sensors.py
[2024-03-04T23:19:01.474+0530] {logging_mixin.py:188} INFO - [2024-03-04T23:19:01.473+0530] {dag.py:3036} INFO - Sync 1 DAGs
[2024-03-04T23:19:01.489+0530] {logging_mixin.py:188} INFO - [2024-03-04T23:19:01.488+0530] {dag.py:3823} INFO - Setting next_dagrun for example_sensors to None, run_after=None
[2024-03-04T23:19:01.524+0530] {processor.py:183} INFO - Processing /home/arun/.local/lib/python3.10/site-packages/airflow/example_dags/example_sensors.py took 0.100 seconds
[2024-03-04T23:20:34.296+0530] {processor.py:161} INFO - Started process (PID=8726) to work on /home/arun/.local/lib/python3.10/site-packages/airflow/example_dags/example_sensors.py
[2024-03-04T23:20:34.299+0530] {processor.py:830} INFO - Processing file /home/arun/.local/lib/python3.10/site-packages/airflow/example_dags/example_sensors.py for tasks to queue
[2024-03-04T23:20:34.300+0530] {logging_mixin.py:188} INFO - [2024-03-04T23:20:34.300+0530] {dagbag.py:538} INFO - Filling up the DagBag from /home/arun/.local/lib/python3.10/site-packages/airflow/example_dags/example_sensors.py
[2024-03-04T23:20:34.314+0530] {processor.py:840} INFO - DAG(s) 'example_sensors' retrieved from /home/arun/.local/lib/python3.10/site-packages/airflow/example_dags/example_sensors.py
[2024-03-04T23:20:34.341+0530] {logging_mixin.py:188} INFO - [2024-03-04T23:20:34.340+0530] {dag.py:3036} INFO - Sync 1 DAGs
[2024-03-04T23:20:34.355+0530] {logging_mixin.py:188} INFO - [2024-03-04T23:20:34.355+0530] {dag.py:3823} INFO - Setting next_dagrun for example_sensors to None, run_after=None
[2024-03-04T23:20:34.389+0530] {processor.py:183} INFO - Processing /home/arun/.local/lib/python3.10/site-packages/airflow/example_dags/example_sensors.py took 0.098 seconds
[2024-03-04T23:22:13.427+0530] {processor.py:161} INFO - Started process (PID=8919) to work on /home/arun/.local/lib/python3.10/site-packages/airflow/example_dags/example_sensors.py
[2024-03-04T23:22:13.430+0530] {processor.py:830} INFO - Processing file /home/arun/.local/lib/python3.10/site-packages/airflow/example_dags/example_sensors.py for tasks to queue
[2024-03-04T23:22:13.431+0530] {logging_mixin.py:188} INFO - [2024-03-04T23:22:13.430+0530] {dagbag.py:538} INFO - Filling up the DagBag from /home/arun/.local/lib/python3.10/site-packages/airflow/example_dags/example_sensors.py
[2024-03-04T23:22:13.460+0530] {processor.py:840} INFO - DAG(s) 'example_sensors' retrieved from /home/arun/.local/lib/python3.10/site-packages/airflow/example_dags/example_sensors.py
[2024-03-04T23:22:13.487+0530] {logging_mixin.py:188} INFO - [2024-03-04T23:22:13.487+0530] {dag.py:3036} INFO - Sync 1 DAGs
[2024-03-04T23:22:13.503+0530] {logging_mixin.py:188} INFO - [2024-03-04T23:22:13.503+0530] {dag.py:3823} INFO - Setting next_dagrun for example_sensors to None, run_after=None
[2024-03-04T23:22:13.539+0530] {processor.py:183} INFO - Processing /home/arun/.local/lib/python3.10/site-packages/airflow/example_dags/example_sensors.py took 0.118 seconds
[2024-03-04T23:24:19.120+0530] {processor.py:161} INFO - Started process (PID=9287) to work on /home/arun/.local/lib/python3.10/site-packages/airflow/example_dags/example_sensors.py
[2024-03-04T23:24:19.190+0530] {processor.py:830} INFO - Processing file /home/arun/.local/lib/python3.10/site-packages/airflow/example_dags/example_sensors.py for tasks to queue
[2024-03-04T23:24:19.193+0530] {logging_mixin.py:188} INFO - [2024-03-04T23:24:19.193+0530] {dagbag.py:538} INFO - Filling up the DagBag from /home/arun/.local/lib/python3.10/site-packages/airflow/example_dags/example_sensors.py
[2024-03-04T23:24:19.252+0530] {processor.py:840} INFO - DAG(s) 'example_sensors' retrieved from /home/arun/.local/lib/python3.10/site-packages/airflow/example_dags/example_sensors.py
[2024-03-04T23:24:19.342+0530] {logging_mixin.py:188} INFO - [2024-03-04T23:24:19.342+0530] {dag.py:3036} INFO - Sync 1 DAGs
[2024-03-04T23:24:19.384+0530] {logging_mixin.py:188} INFO - [2024-03-04T23:24:19.384+0530] {dag.py:3823} INFO - Setting next_dagrun for example_sensors to None, run_after=None
[2024-03-04T23:24:19.476+0530] {processor.py:183} INFO - Processing /home/arun/.local/lib/python3.10/site-packages/airflow/example_dags/example_sensors.py took 0.415 seconds
[2024-03-04T23:26:59.138+0530] {processor.py:161} INFO - Started process (PID=10183) to work on /home/arun/.local/lib/python3.10/site-packages/airflow/example_dags/example_sensors.py
[2024-03-04T23:26:59.150+0530] {processor.py:830} INFO - Processing file /home/arun/.local/lib/python3.10/site-packages/airflow/example_dags/example_sensors.py for tasks to queue
[2024-03-04T23:26:59.151+0530] {logging_mixin.py:188} INFO - [2024-03-04T23:26:59.151+0530] {dagbag.py:538} INFO - Filling up the DagBag from /home/arun/.local/lib/python3.10/site-packages/airflow/example_dags/example_sensors.py
[2024-03-04T23:26:59.164+0530] {processor.py:840} INFO - DAG(s) 'example_sensors' retrieved from /home/arun/.local/lib/python3.10/site-packages/airflow/example_dags/example_sensors.py
[2024-03-04T23:26:59.190+0530] {logging_mixin.py:188} INFO - [2024-03-04T23:26:59.190+0530] {dag.py:3036} INFO - Sync 1 DAGs
[2024-03-04T23:26:59.205+0530] {logging_mixin.py:188} INFO - [2024-03-04T23:26:59.205+0530] {dag.py:3823} INFO - Setting next_dagrun for example_sensors to None, run_after=None
[2024-03-04T23:26:59.250+0530] {processor.py:183} INFO - Processing /home/arun/.local/lib/python3.10/site-packages/airflow/example_dags/example_sensors.py took 0.122 seconds
[2024-03-04T23:28:42.874+0530] {processor.py:161} INFO - Started process (PID=10385) to work on /home/arun/.local/lib/python3.10/site-packages/airflow/example_dags/example_sensors.py
[2024-03-04T23:28:42.896+0530] {processor.py:830} INFO - Processing file /home/arun/.local/lib/python3.10/site-packages/airflow/example_dags/example_sensors.py for tasks to queue
[2024-03-04T23:28:42.899+0530] {logging_mixin.py:188} INFO - [2024-03-04T23:28:42.898+0530] {dagbag.py:538} INFO - Filling up the DagBag from /home/arun/.local/lib/python3.10/site-packages/airflow/example_dags/example_sensors.py
[2024-03-04T23:28:42.938+0530] {processor.py:840} INFO - DAG(s) 'example_sensors' retrieved from /home/arun/.local/lib/python3.10/site-packages/airflow/example_dags/example_sensors.py
[2024-03-04T23:28:43.018+0530] {logging_mixin.py:188} INFO - [2024-03-04T23:28:43.018+0530] {dag.py:3036} INFO - Sync 1 DAGs
[2024-03-04T23:28:43.045+0530] {logging_mixin.py:188} INFO - [2024-03-04T23:28:43.045+0530] {dag.py:3823} INFO - Setting next_dagrun for example_sensors to None, run_after=None
[2024-03-04T23:28:43.203+0530] {processor.py:183} INFO - Processing /home/arun/.local/lib/python3.10/site-packages/airflow/example_dags/example_sensors.py took 0.356 seconds
[2024-03-04T23:30:18.847+0530] {processor.py:161} INFO - Started process (PID=10663) to work on /home/arun/.local/lib/python3.10/site-packages/airflow/example_dags/example_sensors.py
[2024-03-04T23:30:18.921+0530] {processor.py:830} INFO - Processing file /home/arun/.local/lib/python3.10/site-packages/airflow/example_dags/example_sensors.py for tasks to queue
[2024-03-04T23:30:18.923+0530] {logging_mixin.py:188} INFO - [2024-03-04T23:30:18.923+0530] {dagbag.py:538} INFO - Filling up the DagBag from /home/arun/.local/lib/python3.10/site-packages/airflow/example_dags/example_sensors.py
[2024-03-04T23:30:18.966+0530] {processor.py:840} INFO - DAG(s) 'example_sensors' retrieved from /home/arun/.local/lib/python3.10/site-packages/airflow/example_dags/example_sensors.py
[2024-03-04T23:30:19.056+0530] {logging_mixin.py:188} INFO - [2024-03-04T23:30:19.056+0530] {dag.py:3036} INFO - Sync 1 DAGs
[2024-03-04T23:30:19.094+0530] {logging_mixin.py:188} INFO - [2024-03-04T23:30:19.092+0530] {dag.py:3823} INFO - Setting next_dagrun for example_sensors to None, run_after=None
[2024-03-04T23:30:19.210+0530] {processor.py:183} INFO - Processing /home/arun/.local/lib/python3.10/site-packages/airflow/example_dags/example_sensors.py took 0.369 seconds
[2024-03-04T23:32:15.789+0530] {processor.py:161} INFO - Started process (PID=10896) to work on /home/arun/.local/lib/python3.10/site-packages/airflow/example_dags/example_sensors.py
[2024-03-04T23:32:15.822+0530] {processor.py:830} INFO - Processing file /home/arun/.local/lib/python3.10/site-packages/airflow/example_dags/example_sensors.py for tasks to queue
[2024-03-04T23:32:15.824+0530] {logging_mixin.py:188} INFO - [2024-03-04T23:32:15.823+0530] {dagbag.py:538} INFO - Filling up the DagBag from /home/arun/.local/lib/python3.10/site-packages/airflow/example_dags/example_sensors.py
[2024-03-04T23:32:15.839+0530] {processor.py:840} INFO - DAG(s) 'example_sensors' retrieved from /home/arun/.local/lib/python3.10/site-packages/airflow/example_dags/example_sensors.py
[2024-03-04T23:32:15.869+0530] {logging_mixin.py:188} INFO - [2024-03-04T23:32:15.868+0530] {dag.py:3036} INFO - Sync 1 DAGs
[2024-03-04T23:32:15.886+0530] {logging_mixin.py:188} INFO - [2024-03-04T23:32:15.886+0530] {dag.py:3823} INFO - Setting next_dagrun for example_sensors to None, run_after=None
[2024-03-04T23:32:15.919+0530] {processor.py:183} INFO - Processing /home/arun/.local/lib/python3.10/site-packages/airflow/example_dags/example_sensors.py took 0.134 seconds
[2024-03-04T23:33:57.653+0530] {processor.py:161} INFO - Started process (PID=11091) to work on /home/arun/.local/lib/python3.10/site-packages/airflow/example_dags/example_sensors.py
[2024-03-04T23:33:57.697+0530] {processor.py:830} INFO - Processing file /home/arun/.local/lib/python3.10/site-packages/airflow/example_dags/example_sensors.py for tasks to queue
[2024-03-04T23:33:57.698+0530] {logging_mixin.py:188} INFO - [2024-03-04T23:33:57.698+0530] {dagbag.py:538} INFO - Filling up the DagBag from /home/arun/.local/lib/python3.10/site-packages/airflow/example_dags/example_sensors.py
[2024-03-04T23:33:57.712+0530] {processor.py:840} INFO - DAG(s) 'example_sensors' retrieved from /home/arun/.local/lib/python3.10/site-packages/airflow/example_dags/example_sensors.py
[2024-03-04T23:33:57.741+0530] {logging_mixin.py:188} INFO - [2024-03-04T23:33:57.740+0530] {dag.py:3036} INFO - Sync 1 DAGs
[2024-03-04T23:33:57.760+0530] {logging_mixin.py:188} INFO - [2024-03-04T23:33:57.760+0530] {dag.py:3823} INFO - Setting next_dagrun for example_sensors to None, run_after=None
[2024-03-04T23:33:57.799+0530] {processor.py:183} INFO - Processing /home/arun/.local/lib/python3.10/site-packages/airflow/example_dags/example_sensors.py took 0.148 seconds
[2024-03-04T23:35:37.643+0530] {processor.py:161} INFO - Started process (PID=11266) to work on /home/arun/.local/lib/python3.10/site-packages/airflow/example_dags/example_sensors.py
[2024-03-04T23:35:37.685+0530] {processor.py:830} INFO - Processing file /home/arun/.local/lib/python3.10/site-packages/airflow/example_dags/example_sensors.py for tasks to queue
[2024-03-04T23:35:37.686+0530] {logging_mixin.py:188} INFO - [2024-03-04T23:35:37.685+0530] {dagbag.py:538} INFO - Filling up the DagBag from /home/arun/.local/lib/python3.10/site-packages/airflow/example_dags/example_sensors.py
[2024-03-04T23:35:37.700+0530] {processor.py:840} INFO - DAG(s) 'example_sensors' retrieved from /home/arun/.local/lib/python3.10/site-packages/airflow/example_dags/example_sensors.py
[2024-03-04T23:35:37.724+0530] {logging_mixin.py:188} INFO - [2024-03-04T23:35:37.724+0530] {dag.py:3036} INFO - Sync 1 DAGs
[2024-03-04T23:35:37.737+0530] {logging_mixin.py:188} INFO - [2024-03-04T23:35:37.736+0530] {dag.py:3823} INFO - Setting next_dagrun for example_sensors to None, run_after=None
[2024-03-04T23:35:37.764+0530] {processor.py:183} INFO - Processing /home/arun/.local/lib/python3.10/site-packages/airflow/example_dags/example_sensors.py took 0.125 seconds
