[2024-03-04T18:29:09.979+0530] {processor.py:161} INFO - Started process (PID=11923) to work on /home/arun/.local/lib/python3.10/site-packages/airflow/example_dags/example_sla_dag.py
[2024-03-04T18:29:09.980+0530] {processor.py:830} INFO - Processing file /home/arun/.local/lib/python3.10/site-packages/airflow/example_dags/example_sla_dag.py for tasks to queue
[2024-03-04T18:29:09.982+0530] {logging_mixin.py:188} INFO - [2024-03-04T18:29:09.981+0530] {dagbag.py:538} INFO - Filling up the DagBag from /home/arun/.local/lib/python3.10/site-packages/airflow/example_dags/example_sla_dag.py
[2024-03-04T18:29:09.998+0530] {processor.py:840} INFO - DAG(s) 'example_sla_dag' retrieved from /home/arun/.local/lib/python3.10/site-packages/airflow/example_dags/example_sla_dag.py
[2024-03-04T18:29:10.513+0530] {logging_mixin.py:188} INFO - [2024-03-04T18:29:10.513+0530] {dag.py:3036} INFO - Sync 1 DAGs
[2024-03-04T18:29:10.541+0530] {logging_mixin.py:188} INFO - [2024-03-04T18:29:10.541+0530] {dag.py:3823} INFO - Setting next_dagrun for example_sla_dag to 2024-03-04 12:56:00+00:00, run_after=2024-03-04 12:58:00+00:00
[2024-03-04T18:29:10.668+0530] {processor.py:183} INFO - Processing /home/arun/.local/lib/python3.10/site-packages/airflow/example_dags/example_sla_dag.py took 0.702 seconds
[2024-03-04T18:31:18.012+0530] {processor.py:161} INFO - Started process (PID=12059) to work on /home/arun/.local/lib/python3.10/site-packages/airflow/example_dags/example_sla_dag.py
[2024-03-04T18:31:18.015+0530] {processor.py:830} INFO - Processing file /home/arun/.local/lib/python3.10/site-packages/airflow/example_dags/example_sla_dag.py for tasks to queue
[2024-03-04T18:31:18.016+0530] {logging_mixin.py:188} INFO - [2024-03-04T18:31:18.015+0530] {dagbag.py:538} INFO - Filling up the DagBag from /home/arun/.local/lib/python3.10/site-packages/airflow/example_dags/example_sla_dag.py
[2024-03-04T18:31:18.024+0530] {processor.py:840} INFO - DAG(s) 'example_sla_dag' retrieved from /home/arun/.local/lib/python3.10/site-packages/airflow/example_dags/example_sla_dag.py
[2024-03-04T18:31:18.038+0530] {logging_mixin.py:188} INFO - [2024-03-04T18:31:18.038+0530] {dag.py:3036} INFO - Sync 1 DAGs
[2024-03-04T18:31:18.059+0530] {logging_mixin.py:188} INFO - [2024-03-04T18:31:18.058+0530] {dag.py:3823} INFO - Setting next_dagrun for example_sla_dag to 2024-03-04 12:58:00+00:00, run_after=2024-03-04 13:00:00+00:00
[2024-03-04T18:31:18.083+0530] {processor.py:183} INFO - Processing /home/arun/.local/lib/python3.10/site-packages/airflow/example_dags/example_sla_dag.py took 0.075 seconds
[2024-03-04T18:32:55.526+0530] {processor.py:161} INFO - Started process (PID=12172) to work on /home/arun/.local/lib/python3.10/site-packages/airflow/example_dags/example_sla_dag.py
[2024-03-04T18:32:55.532+0530] {processor.py:830} INFO - Processing file /home/arun/.local/lib/python3.10/site-packages/airflow/example_dags/example_sla_dag.py for tasks to queue
[2024-03-04T18:32:55.539+0530] {logging_mixin.py:188} INFO - [2024-03-04T18:32:55.539+0530] {dagbag.py:538} INFO - Filling up the DagBag from /home/arun/.local/lib/python3.10/site-packages/airflow/example_dags/example_sla_dag.py
[2024-03-04T18:32:55.577+0530] {processor.py:840} INFO - DAG(s) 'example_sla_dag' retrieved from /home/arun/.local/lib/python3.10/site-packages/airflow/example_dags/example_sla_dag.py
[2024-03-04T18:32:55.600+0530] {logging_mixin.py:188} INFO - [2024-03-04T18:32:55.600+0530] {dag.py:3036} INFO - Sync 1 DAGs
[2024-03-04T18:32:55.648+0530] {logging_mixin.py:188} INFO - [2024-03-04T18:32:55.647+0530] {dag.py:3823} INFO - Setting next_dagrun for example_sla_dag to 2024-03-04 13:00:00+00:00, run_after=2024-03-04 13:02:00+00:00
[2024-03-04T18:32:55.704+0530] {processor.py:183} INFO - Processing /home/arun/.local/lib/python3.10/site-packages/airflow/example_dags/example_sla_dag.py took 0.183 seconds
[2024-03-04T18:34:20.051+0530] {processor.py:161} INFO - Started process (PID=12273) to work on /home/arun/.local/lib/python3.10/site-packages/airflow/example_dags/example_sla_dag.py
[2024-03-04T18:34:20.136+0530] {processor.py:830} INFO - Processing file /home/arun/.local/lib/python3.10/site-packages/airflow/example_dags/example_sla_dag.py for tasks to queue
[2024-03-04T18:34:20.141+0530] {logging_mixin.py:188} INFO - [2024-03-04T18:34:20.137+0530] {dagbag.py:538} INFO - Filling up the DagBag from /home/arun/.local/lib/python3.10/site-packages/airflow/example_dags/example_sla_dag.py
[2024-03-04T18:34:20.170+0530] {processor.py:840} INFO - DAG(s) 'example_sla_dag' retrieved from /home/arun/.local/lib/python3.10/site-packages/airflow/example_dags/example_sla_dag.py
[2024-03-04T18:34:20.201+0530] {logging_mixin.py:188} INFO - [2024-03-04T18:34:20.199+0530] {dag.py:3036} INFO - Sync 1 DAGs
[2024-03-04T18:34:20.276+0530] {logging_mixin.py:188} INFO - [2024-03-04T18:34:20.276+0530] {dag.py:3823} INFO - Setting next_dagrun for example_sla_dag to 2024-03-04 13:02:00+00:00, run_after=2024-03-04 13:04:00+00:00
[2024-03-04T18:34:20.365+0530] {processor.py:183} INFO - Processing /home/arun/.local/lib/python3.10/site-packages/airflow/example_dags/example_sla_dag.py took 0.319 seconds
[2024-03-04T18:36:42.599+0530] {processor.py:161} INFO - Started process (PID=12438) to work on /home/arun/.local/lib/python3.10/site-packages/airflow/example_dags/example_sla_dag.py
[2024-03-04T18:36:42.601+0530] {processor.py:830} INFO - Processing file /home/arun/.local/lib/python3.10/site-packages/airflow/example_dags/example_sla_dag.py for tasks to queue
[2024-03-04T18:36:42.602+0530] {logging_mixin.py:188} INFO - [2024-03-04T18:36:42.602+0530] {dagbag.py:538} INFO - Filling up the DagBag from /home/arun/.local/lib/python3.10/site-packages/airflow/example_dags/example_sla_dag.py
[2024-03-04T18:36:42.612+0530] {processor.py:840} INFO - DAG(s) 'example_sla_dag' retrieved from /home/arun/.local/lib/python3.10/site-packages/airflow/example_dags/example_sla_dag.py
[2024-03-04T18:36:42.629+0530] {logging_mixin.py:188} INFO - [2024-03-04T18:36:42.629+0530] {dag.py:3036} INFO - Sync 1 DAGs
[2024-03-04T18:36:42.657+0530] {logging_mixin.py:188} INFO - [2024-03-04T18:36:42.657+0530] {dag.py:3823} INFO - Setting next_dagrun for example_sla_dag to 2024-03-04 13:04:00+00:00, run_after=2024-03-04 13:06:00+00:00
[2024-03-04T18:36:42.699+0530] {processor.py:183} INFO - Processing /home/arun/.local/lib/python3.10/site-packages/airflow/example_dags/example_sla_dag.py took 0.104 seconds
[2024-03-04T18:38:55.656+0530] {processor.py:161} INFO - Started process (PID=12582) to work on /home/arun/.local/lib/python3.10/site-packages/airflow/example_dags/example_sla_dag.py
[2024-03-04T18:38:55.674+0530] {processor.py:830} INFO - Processing file /home/arun/.local/lib/python3.10/site-packages/airflow/example_dags/example_sla_dag.py for tasks to queue
[2024-03-04T18:38:55.676+0530] {logging_mixin.py:188} INFO - [2024-03-04T18:38:55.675+0530] {dagbag.py:538} INFO - Filling up the DagBag from /home/arun/.local/lib/python3.10/site-packages/airflow/example_dags/example_sla_dag.py
[2024-03-04T18:38:55.698+0530] {processor.py:840} INFO - DAG(s) 'example_sla_dag' retrieved from /home/arun/.local/lib/python3.10/site-packages/airflow/example_dags/example_sla_dag.py
[2024-03-04T18:38:55.739+0530] {logging_mixin.py:188} INFO - [2024-03-04T18:38:55.738+0530] {dag.py:3036} INFO - Sync 1 DAGs
[2024-03-04T18:38:55.851+0530] {logging_mixin.py:188} INFO - [2024-03-04T18:38:55.851+0530] {dag.py:3823} INFO - Setting next_dagrun for example_sla_dag to 2024-03-04 13:06:00+00:00, run_after=2024-03-04 13:08:00+00:00
[2024-03-04T18:38:55.966+0530] {processor.py:183} INFO - Processing /home/arun/.local/lib/python3.10/site-packages/airflow/example_dags/example_sla_dag.py took 0.326 seconds
[2024-03-04T18:40:47.388+0530] {processor.py:161} INFO - Started process (PID=12717) to work on /home/arun/.local/lib/python3.10/site-packages/airflow/example_dags/example_sla_dag.py
[2024-03-04T18:40:47.441+0530] {processor.py:830} INFO - Processing file /home/arun/.local/lib/python3.10/site-packages/airflow/example_dags/example_sla_dag.py for tasks to queue
[2024-03-04T18:40:47.442+0530] {logging_mixin.py:188} INFO - [2024-03-04T18:40:47.442+0530] {dagbag.py:538} INFO - Filling up the DagBag from /home/arun/.local/lib/python3.10/site-packages/airflow/example_dags/example_sla_dag.py
[2024-03-04T18:40:47.487+0530] {processor.py:840} INFO - DAG(s) 'example_sla_dag' retrieved from /home/arun/.local/lib/python3.10/site-packages/airflow/example_dags/example_sla_dag.py
[2024-03-04T18:40:47.571+0530] {logging_mixin.py:188} INFO - [2024-03-04T18:40:47.563+0530] {dag.py:3036} INFO - Sync 1 DAGs
[2024-03-04T18:40:47.632+0530] {logging_mixin.py:188} INFO - [2024-03-04T18:40:47.632+0530] {dag.py:3823} INFO - Setting next_dagrun for example_sla_dag to 2024-03-04 13:08:00+00:00, run_after=2024-03-04 13:10:00+00:00
[2024-03-04T18:40:47.754+0530] {processor.py:183} INFO - Processing /home/arun/.local/lib/python3.10/site-packages/airflow/example_dags/example_sla_dag.py took 0.371 seconds
[2024-03-04T18:43:22.282+0530] {processor.py:161} INFO - Started process (PID=13481) to work on /home/arun/.local/lib/python3.10/site-packages/airflow/example_dags/example_sla_dag.py
[2024-03-04T18:43:22.285+0530] {processor.py:830} INFO - Processing file /home/arun/.local/lib/python3.10/site-packages/airflow/example_dags/example_sla_dag.py for tasks to queue
[2024-03-04T18:43:22.287+0530] {logging_mixin.py:188} INFO - [2024-03-04T18:43:22.286+0530] {dagbag.py:538} INFO - Filling up the DagBag from /home/arun/.local/lib/python3.10/site-packages/airflow/example_dags/example_sla_dag.py
[2024-03-04T18:43:22.329+0530] {processor.py:840} INFO - DAG(s) 'example_sla_dag' retrieved from /home/arun/.local/lib/python3.10/site-packages/airflow/example_dags/example_sla_dag.py
[2024-03-04T18:43:22.393+0530] {logging_mixin.py:188} INFO - [2024-03-04T18:43:22.393+0530] {dag.py:3036} INFO - Sync 1 DAGs
[2024-03-04T18:43:22.542+0530] {logging_mixin.py:188} INFO - [2024-03-04T18:43:22.542+0530] {dag.py:3823} INFO - Setting next_dagrun for example_sla_dag to 2024-03-04 13:10:00+00:00, run_after=2024-03-04 13:12:00+00:00
[2024-03-04T18:43:22.678+0530] {processor.py:183} INFO - Processing /home/arun/.local/lib/python3.10/site-packages/airflow/example_dags/example_sla_dag.py took 0.473 seconds
[2024-03-04T18:46:03.590+0530] {processor.py:161} INFO - Started process (PID=13931) to work on /home/arun/.local/lib/python3.10/site-packages/airflow/example_dags/example_sla_dag.py
[2024-03-04T18:46:03.638+0530] {processor.py:830} INFO - Processing file /home/arun/.local/lib/python3.10/site-packages/airflow/example_dags/example_sla_dag.py for tasks to queue
[2024-03-04T18:46:03.640+0530] {logging_mixin.py:188} INFO - [2024-03-04T18:46:03.639+0530] {dagbag.py:538} INFO - Filling up the DagBag from /home/arun/.local/lib/python3.10/site-packages/airflow/example_dags/example_sla_dag.py
[2024-03-04T18:46:03.667+0530] {processor.py:840} INFO - DAG(s) 'example_sla_dag' retrieved from /home/arun/.local/lib/python3.10/site-packages/airflow/example_dags/example_sla_dag.py
[2024-03-04T18:46:03.735+0530] {logging_mixin.py:188} INFO - [2024-03-04T18:46:03.734+0530] {dag.py:3036} INFO - Sync 1 DAGs
[2024-03-04T18:46:03.808+0530] {logging_mixin.py:188} INFO - [2024-03-04T18:46:03.808+0530] {dag.py:3823} INFO - Setting next_dagrun for example_sla_dag to 2024-03-04 13:14:00+00:00, run_after=2024-03-04 13:16:00+00:00
[2024-03-04T18:46:03.931+0530] {processor.py:183} INFO - Processing /home/arun/.local/lib/python3.10/site-packages/airflow/example_dags/example_sla_dag.py took 0.355 seconds
[2024-03-04T18:55:14.283+0530] {processor.py:161} INFO - Started process (PID=5789) to work on /home/arun/.local/lib/python3.10/site-packages/airflow/example_dags/example_sla_dag.py
[2024-03-04T18:55:14.326+0530] {processor.py:830} INFO - Processing file /home/arun/.local/lib/python3.10/site-packages/airflow/example_dags/example_sla_dag.py for tasks to queue
[2024-03-04T18:55:14.328+0530] {logging_mixin.py:188} INFO - [2024-03-04T18:55:14.327+0530] {dagbag.py:538} INFO - Filling up the DagBag from /home/arun/.local/lib/python3.10/site-packages/airflow/example_dags/example_sla_dag.py
[2024-03-04T18:55:14.341+0530] {processor.py:840} INFO - DAG(s) 'example_sla_dag' retrieved from /home/arun/.local/lib/python3.10/site-packages/airflow/example_dags/example_sla_dag.py
[2024-03-04T18:55:14.835+0530] {logging_mixin.py:188} INFO - [2024-03-04T18:55:14.834+0530] {dag.py:3036} INFO - Sync 1 DAGs
[2024-03-04T18:55:14.895+0530] {logging_mixin.py:188} INFO - [2024-03-04T18:55:14.894+0530] {dag.py:3823} INFO - Setting next_dagrun for example_sla_dag to 2024-03-04 13:22:00+00:00, run_after=2024-03-04 13:24:00+00:00
[2024-03-04T18:55:15.088+0530] {processor.py:183} INFO - Processing /home/arun/.local/lib/python3.10/site-packages/airflow/example_dags/example_sla_dag.py took 0.823 seconds
[2024-03-04T18:57:00.351+0530] {processor.py:161} INFO - Started process (PID=5965) to work on /home/arun/.local/lib/python3.10/site-packages/airflow/example_dags/example_sla_dag.py
[2024-03-04T18:57:00.398+0530] {processor.py:830} INFO - Processing file /home/arun/.local/lib/python3.10/site-packages/airflow/example_dags/example_sla_dag.py for tasks to queue
[2024-03-04T18:57:00.410+0530] {logging_mixin.py:188} INFO - [2024-03-04T18:57:00.408+0530] {dagbag.py:538} INFO - Filling up the DagBag from /home/arun/.local/lib/python3.10/site-packages/airflow/example_dags/example_sla_dag.py
[2024-03-04T18:57:00.428+0530] {processor.py:840} INFO - DAG(s) 'example_sla_dag' retrieved from /home/arun/.local/lib/python3.10/site-packages/airflow/example_dags/example_sla_dag.py
[2024-03-04T18:57:00.469+0530] {logging_mixin.py:188} INFO - [2024-03-04T18:57:00.469+0530] {dag.py:3036} INFO - Sync 1 DAGs
[2024-03-04T18:57:00.553+0530] {logging_mixin.py:188} INFO - [2024-03-04T18:57:00.553+0530] {dag.py:3823} INFO - Setting next_dagrun for example_sla_dag to 2024-03-04 13:24:00+00:00, run_after=2024-03-04 13:26:00+00:00
[2024-03-04T18:57:00.698+0530] {processor.py:183} INFO - Processing /home/arun/.local/lib/python3.10/site-packages/airflow/example_dags/example_sla_dag.py took 0.354 seconds
[2024-03-04T18:59:11.629+0530] {processor.py:161} INFO - Started process (PID=6342) to work on /home/arun/.local/lib/python3.10/site-packages/airflow/example_dags/example_sla_dag.py
[2024-03-04T18:59:11.666+0530] {processor.py:830} INFO - Processing file /home/arun/.local/lib/python3.10/site-packages/airflow/example_dags/example_sla_dag.py for tasks to queue
[2024-03-04T18:59:11.675+0530] {logging_mixin.py:188} INFO - [2024-03-04T18:59:11.667+0530] {dagbag.py:538} INFO - Filling up the DagBag from /home/arun/.local/lib/python3.10/site-packages/airflow/example_dags/example_sla_dag.py
[2024-03-04T18:59:11.746+0530] {processor.py:840} INFO - DAG(s) 'example_sla_dag' retrieved from /home/arun/.local/lib/python3.10/site-packages/airflow/example_dags/example_sla_dag.py
[2024-03-04T18:59:11.937+0530] {logging_mixin.py:188} INFO - [2024-03-04T18:59:11.936+0530] {dag.py:3036} INFO - Sync 1 DAGs
[2024-03-04T18:59:12.095+0530] {logging_mixin.py:188} INFO - [2024-03-04T18:59:12.094+0530] {dag.py:3823} INFO - Setting next_dagrun for example_sla_dag to 2024-03-04 13:26:00+00:00, run_after=2024-03-04 13:28:00+00:00
[2024-03-04T18:59:12.240+0530] {processor.py:183} INFO - Processing /home/arun/.local/lib/python3.10/site-packages/airflow/example_dags/example_sla_dag.py took 0.625 seconds
[2024-03-04T19:01:06.237+0530] {processor.py:161} INFO - Started process (PID=6544) to work on /home/arun/.local/lib/python3.10/site-packages/airflow/example_dags/example_sla_dag.py
[2024-03-04T19:01:06.239+0530] {processor.py:830} INFO - Processing file /home/arun/.local/lib/python3.10/site-packages/airflow/example_dags/example_sla_dag.py for tasks to queue
[2024-03-04T19:01:06.241+0530] {logging_mixin.py:188} INFO - [2024-03-04T19:01:06.240+0530] {dagbag.py:538} INFO - Filling up the DagBag from /home/arun/.local/lib/python3.10/site-packages/airflow/example_dags/example_sla_dag.py
[2024-03-04T19:01:06.255+0530] {processor.py:840} INFO - DAG(s) 'example_sla_dag' retrieved from /home/arun/.local/lib/python3.10/site-packages/airflow/example_dags/example_sla_dag.py
[2024-03-04T19:01:06.283+0530] {logging_mixin.py:188} INFO - [2024-03-04T19:01:06.282+0530] {dag.py:3036} INFO - Sync 1 DAGs
[2024-03-04T19:01:06.340+0530] {logging_mixin.py:188} INFO - [2024-03-04T19:01:06.339+0530] {dag.py:3823} INFO - Setting next_dagrun for example_sla_dag to 2024-03-04 13:28:00+00:00, run_after=2024-03-04 13:30:00+00:00
[2024-03-04T19:01:06.448+0530] {processor.py:183} INFO - Processing /home/arun/.local/lib/python3.10/site-packages/airflow/example_dags/example_sla_dag.py took 0.217 seconds
[2024-03-04T19:05:01.662+0530] {processor.py:161} INFO - Started process (PID=6860) to work on /home/arun/.local/lib/python3.10/site-packages/airflow/example_dags/example_sla_dag.py
[2024-03-04T19:05:01.748+0530] {processor.py:830} INFO - Processing file /home/arun/.local/lib/python3.10/site-packages/airflow/example_dags/example_sla_dag.py for tasks to queue
[2024-03-04T19:05:01.754+0530] {logging_mixin.py:188} INFO - [2024-03-04T19:05:01.753+0530] {dagbag.py:538} INFO - Filling up the DagBag from /home/arun/.local/lib/python3.10/site-packages/airflow/example_dags/example_sla_dag.py
[2024-03-04T19:05:01.794+0530] {processor.py:840} INFO - DAG(s) 'example_sla_dag' retrieved from /home/arun/.local/lib/python3.10/site-packages/airflow/example_dags/example_sla_dag.py
[2024-03-04T19:05:01.885+0530] {logging_mixin.py:188} INFO - [2024-03-04T19:05:01.884+0530] {dag.py:3036} INFO - Sync 1 DAGs
[2024-03-04T19:05:02.035+0530] {logging_mixin.py:188} INFO - [2024-03-04T19:05:02.034+0530] {dag.py:3823} INFO - Setting next_dagrun for example_sla_dag to 2024-03-04 13:32:00+00:00, run_after=2024-03-04 13:34:00+00:00
[2024-03-04T19:05:02.321+0530] {processor.py:183} INFO - Processing /home/arun/.local/lib/python3.10/site-packages/airflow/example_dags/example_sla_dag.py took 0.683 seconds
[2024-03-04T19:06:55.491+0530] {processor.py:161} INFO - Started process (PID=7110) to work on /home/arun/.local/lib/python3.10/site-packages/airflow/example_dags/example_sla_dag.py
[2024-03-04T19:06:55.539+0530] {processor.py:830} INFO - Processing file /home/arun/.local/lib/python3.10/site-packages/airflow/example_dags/example_sla_dag.py for tasks to queue
[2024-03-04T19:06:55.550+0530] {logging_mixin.py:188} INFO - [2024-03-04T19:06:55.549+0530] {dagbag.py:538} INFO - Filling up the DagBag from /home/arun/.local/lib/python3.10/site-packages/airflow/example_dags/example_sla_dag.py
[2024-03-04T19:06:55.596+0530] {processor.py:840} INFO - DAG(s) 'example_sla_dag' retrieved from /home/arun/.local/lib/python3.10/site-packages/airflow/example_dags/example_sla_dag.py
[2024-03-04T19:06:55.627+0530] {logging_mixin.py:188} INFO - [2024-03-04T19:06:55.627+0530] {dag.py:3036} INFO - Sync 1 DAGs
[2024-03-04T19:06:55.686+0530] {logging_mixin.py:188} INFO - [2024-03-04T19:06:55.686+0530] {dag.py:3823} INFO - Setting next_dagrun for example_sla_dag to 2024-03-04 13:34:00+00:00, run_after=2024-03-04 13:36:00+00:00
[2024-03-04T19:06:55.734+0530] {processor.py:183} INFO - Processing /home/arun/.local/lib/python3.10/site-packages/airflow/example_dags/example_sla_dag.py took 0.249 seconds
[2024-03-04T19:08:22.130+0530] {processor.py:161} INFO - Started process (PID=7276) to work on /home/arun/.local/lib/python3.10/site-packages/airflow/example_dags/example_sla_dag.py
[2024-03-04T19:08:22.168+0530] {processor.py:830} INFO - Processing file /home/arun/.local/lib/python3.10/site-packages/airflow/example_dags/example_sla_dag.py for tasks to queue
[2024-03-04T19:08:22.170+0530] {logging_mixin.py:188} INFO - [2024-03-04T19:08:22.169+0530] {dagbag.py:538} INFO - Filling up the DagBag from /home/arun/.local/lib/python3.10/site-packages/airflow/example_dags/example_sla_dag.py
[2024-03-04T19:08:22.184+0530] {processor.py:840} INFO - DAG(s) 'example_sla_dag' retrieved from /home/arun/.local/lib/python3.10/site-packages/airflow/example_dags/example_sla_dag.py
[2024-03-04T19:08:22.205+0530] {logging_mixin.py:188} INFO - [2024-03-04T19:08:22.204+0530] {dag.py:3036} INFO - Sync 1 DAGs
[2024-03-04T19:08:22.228+0530] {logging_mixin.py:188} INFO - [2024-03-04T19:08:22.228+0530] {dag.py:3823} INFO - Setting next_dagrun for example_sla_dag to 2024-03-04 13:36:00+00:00, run_after=2024-03-04 13:38:00+00:00
[2024-03-04T19:08:22.256+0530] {processor.py:183} INFO - Processing /home/arun/.local/lib/python3.10/site-packages/airflow/example_dags/example_sla_dag.py took 0.130 seconds
[2024-03-04T19:09:38.431+0530] {processor.py:161} INFO - Started process (PID=7420) to work on /home/arun/.local/lib/python3.10/site-packages/airflow/example_dags/example_sla_dag.py
[2024-03-04T19:09:38.435+0530] {processor.py:830} INFO - Processing file /home/arun/.local/lib/python3.10/site-packages/airflow/example_dags/example_sla_dag.py for tasks to queue
[2024-03-04T19:09:38.438+0530] {logging_mixin.py:188} INFO - [2024-03-04T19:09:38.437+0530] {dagbag.py:538} INFO - Filling up the DagBag from /home/arun/.local/lib/python3.10/site-packages/airflow/example_dags/example_sla_dag.py
[2024-03-04T19:09:38.455+0530] {processor.py:840} INFO - DAG(s) 'example_sla_dag' retrieved from /home/arun/.local/lib/python3.10/site-packages/airflow/example_dags/example_sla_dag.py
[2024-03-04T19:09:38.482+0530] {logging_mixin.py:188} INFO - [2024-03-04T19:09:38.482+0530] {dag.py:3036} INFO - Sync 1 DAGs
[2024-03-04T19:09:38.525+0530] {logging_mixin.py:188} INFO - [2024-03-04T19:09:38.525+0530] {dag.py:3823} INFO - Setting next_dagrun for example_sla_dag to 2024-03-04 13:36:00+00:00, run_after=2024-03-04 13:38:00+00:00
[2024-03-04T19:09:38.558+0530] {processor.py:183} INFO - Processing /home/arun/.local/lib/python3.10/site-packages/airflow/example_dags/example_sla_dag.py took 0.132 seconds
[2024-03-04T19:11:04.265+0530] {processor.py:161} INFO - Started process (PID=7592) to work on /home/arun/.local/lib/python3.10/site-packages/airflow/example_dags/example_sla_dag.py
[2024-03-04T19:11:04.268+0530] {processor.py:830} INFO - Processing file /home/arun/.local/lib/python3.10/site-packages/airflow/example_dags/example_sla_dag.py for tasks to queue
[2024-03-04T19:11:04.270+0530] {logging_mixin.py:188} INFO - [2024-03-04T19:11:04.269+0530] {dagbag.py:538} INFO - Filling up the DagBag from /home/arun/.local/lib/python3.10/site-packages/airflow/example_dags/example_sla_dag.py
[2024-03-04T19:11:04.284+0530] {processor.py:840} INFO - DAG(s) 'example_sla_dag' retrieved from /home/arun/.local/lib/python3.10/site-packages/airflow/example_dags/example_sla_dag.py
[2024-03-04T19:11:04.303+0530] {logging_mixin.py:188} INFO - [2024-03-04T19:11:04.303+0530] {dag.py:3036} INFO - Sync 1 DAGs
[2024-03-04T19:11:04.331+0530] {logging_mixin.py:188} INFO - [2024-03-04T19:11:04.331+0530] {dag.py:3823} INFO - Setting next_dagrun for example_sla_dag to 2024-03-04 13:38:00+00:00, run_after=2024-03-04 13:40:00+00:00
[2024-03-04T19:11:04.371+0530] {processor.py:183} INFO - Processing /home/arun/.local/lib/python3.10/site-packages/airflow/example_dags/example_sla_dag.py took 0.110 seconds
[2024-03-04T19:12:33.290+0530] {processor.py:161} INFO - Started process (PID=7753) to work on /home/arun/.local/lib/python3.10/site-packages/airflow/example_dags/example_sla_dag.py
[2024-03-04T19:12:33.327+0530] {processor.py:830} INFO - Processing file /home/arun/.local/lib/python3.10/site-packages/airflow/example_dags/example_sla_dag.py for tasks to queue
[2024-03-04T19:12:33.329+0530] {logging_mixin.py:188} INFO - [2024-03-04T19:12:33.328+0530] {dagbag.py:538} INFO - Filling up the DagBag from /home/arun/.local/lib/python3.10/site-packages/airflow/example_dags/example_sla_dag.py
[2024-03-04T19:12:33.340+0530] {processor.py:840} INFO - DAG(s) 'example_sla_dag' retrieved from /home/arun/.local/lib/python3.10/site-packages/airflow/example_dags/example_sla_dag.py
[2024-03-04T19:12:33.360+0530] {logging_mixin.py:188} INFO - [2024-03-04T19:12:33.359+0530] {dag.py:3036} INFO - Sync 1 DAGs
[2024-03-04T19:12:33.387+0530] {logging_mixin.py:188} INFO - [2024-03-04T19:12:33.387+0530] {dag.py:3823} INFO - Setting next_dagrun for example_sla_dag to 2024-03-04 13:40:00+00:00, run_after=2024-03-04 13:42:00+00:00
[2024-03-04T19:12:33.418+0530] {processor.py:183} INFO - Processing /home/arun/.local/lib/python3.10/site-packages/airflow/example_dags/example_sla_dag.py took 0.134 seconds
[2024-03-04T19:13:55.738+0530] {processor.py:161} INFO - Started process (PID=7897) to work on /home/arun/.local/lib/python3.10/site-packages/airflow/example_dags/example_sla_dag.py
[2024-03-04T19:13:55.786+0530] {processor.py:830} INFO - Processing file /home/arun/.local/lib/python3.10/site-packages/airflow/example_dags/example_sla_dag.py for tasks to queue
[2024-03-04T19:13:55.793+0530] {logging_mixin.py:188} INFO - [2024-03-04T19:13:55.793+0530] {dagbag.py:538} INFO - Filling up the DagBag from /home/arun/.local/lib/python3.10/site-packages/airflow/example_dags/example_sla_dag.py
[2024-03-04T19:13:55.840+0530] {processor.py:840} INFO - DAG(s) 'example_sla_dag' retrieved from /home/arun/.local/lib/python3.10/site-packages/airflow/example_dags/example_sla_dag.py
[2024-03-04T19:13:55.869+0530] {logging_mixin.py:188} INFO - [2024-03-04T19:13:55.868+0530] {dag.py:3036} INFO - Sync 1 DAGs
[2024-03-04T19:13:55.898+0530] {logging_mixin.py:188} INFO - [2024-03-04T19:13:55.898+0530] {dag.py:3823} INFO - Setting next_dagrun for example_sla_dag to 2024-03-04 13:40:00+00:00, run_after=2024-03-04 13:42:00+00:00
[2024-03-04T19:13:55.925+0530] {processor.py:183} INFO - Processing /home/arun/.local/lib/python3.10/site-packages/airflow/example_dags/example_sla_dag.py took 0.191 seconds
[2024-03-04T19:15:25.752+0530] {processor.py:161} INFO - Started process (PID=8131) to work on /home/arun/.local/lib/python3.10/site-packages/airflow/example_dags/example_sla_dag.py
[2024-03-04T19:15:25.757+0530] {processor.py:830} INFO - Processing file /home/arun/.local/lib/python3.10/site-packages/airflow/example_dags/example_sla_dag.py for tasks to queue
[2024-03-04T19:15:25.758+0530] {logging_mixin.py:188} INFO - [2024-03-04T19:15:25.758+0530] {dagbag.py:538} INFO - Filling up the DagBag from /home/arun/.local/lib/python3.10/site-packages/airflow/example_dags/example_sla_dag.py
[2024-03-04T19:15:25.768+0530] {processor.py:840} INFO - DAG(s) 'example_sla_dag' retrieved from /home/arun/.local/lib/python3.10/site-packages/airflow/example_dags/example_sla_dag.py
[2024-03-04T19:15:25.789+0530] {logging_mixin.py:188} INFO - [2024-03-04T19:15:25.789+0530] {dag.py:3036} INFO - Sync 1 DAGs
[2024-03-04T19:15:25.830+0530] {logging_mixin.py:188} INFO - [2024-03-04T19:15:25.829+0530] {dag.py:3823} INFO - Setting next_dagrun for example_sla_dag to 2024-03-04 13:42:00+00:00, run_after=2024-03-04 13:44:00+00:00
[2024-03-04T19:15:25.879+0530] {processor.py:183} INFO - Processing /home/arun/.local/lib/python3.10/site-packages/airflow/example_dags/example_sla_dag.py took 0.130 seconds
[2024-03-04T19:16:47.301+0530] {processor.py:161} INFO - Started process (PID=8292) to work on /home/arun/.local/lib/python3.10/site-packages/airflow/example_dags/example_sla_dag.py
[2024-03-04T19:16:47.347+0530] {processor.py:830} INFO - Processing file /home/arun/.local/lib/python3.10/site-packages/airflow/example_dags/example_sla_dag.py for tasks to queue
[2024-03-04T19:16:47.349+0530] {logging_mixin.py:188} INFO - [2024-03-04T19:16:47.348+0530] {dagbag.py:538} INFO - Filling up the DagBag from /home/arun/.local/lib/python3.10/site-packages/airflow/example_dags/example_sla_dag.py
[2024-03-04T19:16:47.364+0530] {processor.py:840} INFO - DAG(s) 'example_sla_dag' retrieved from /home/arun/.local/lib/python3.10/site-packages/airflow/example_dags/example_sla_dag.py
[2024-03-04T19:16:47.389+0530] {logging_mixin.py:188} INFO - [2024-03-04T19:16:47.389+0530] {dag.py:3036} INFO - Sync 1 DAGs
[2024-03-04T19:16:47.431+0530] {logging_mixin.py:188} INFO - [2024-03-04T19:16:47.430+0530] {dag.py:3823} INFO - Setting next_dagrun for example_sla_dag to 2024-03-04 13:44:00+00:00, run_after=2024-03-04 13:46:00+00:00
[2024-03-04T19:16:47.552+0530] {processor.py:183} INFO - Processing /home/arun/.local/lib/python3.10/site-packages/airflow/example_dags/example_sla_dag.py took 0.277 seconds
[2024-03-04T19:18:14.540+0530] {processor.py:161} INFO - Started process (PID=8471) to work on /home/arun/.local/lib/python3.10/site-packages/airflow/example_dags/example_sla_dag.py
[2024-03-04T19:18:14.578+0530] {processor.py:830} INFO - Processing file /home/arun/.local/lib/python3.10/site-packages/airflow/example_dags/example_sla_dag.py for tasks to queue
[2024-03-04T19:18:14.580+0530] {logging_mixin.py:188} INFO - [2024-03-04T19:18:14.579+0530] {dagbag.py:538} INFO - Filling up the DagBag from /home/arun/.local/lib/python3.10/site-packages/airflow/example_dags/example_sla_dag.py
[2024-03-04T19:18:14.597+0530] {processor.py:840} INFO - DAG(s) 'example_sla_dag' retrieved from /home/arun/.local/lib/python3.10/site-packages/airflow/example_dags/example_sla_dag.py
[2024-03-04T19:18:14.656+0530] {logging_mixin.py:188} INFO - [2024-03-04T19:18:14.656+0530] {dag.py:3036} INFO - Sync 1 DAGs
[2024-03-04T19:18:14.732+0530] {logging_mixin.py:188} INFO - [2024-03-04T19:18:14.732+0530] {dag.py:3823} INFO - Setting next_dagrun for example_sla_dag to 2024-03-04 13:46:00+00:00, run_after=2024-03-04 13:48:00+00:00
[2024-03-04T19:18:14.803+0530] {processor.py:183} INFO - Processing /home/arun/.local/lib/python3.10/site-packages/airflow/example_dags/example_sla_dag.py took 0.268 seconds
[2024-03-04T19:19:43.170+0530] {processor.py:161} INFO - Started process (PID=8633) to work on /home/arun/.local/lib/python3.10/site-packages/airflow/example_dags/example_sla_dag.py
[2024-03-04T19:19:43.211+0530] {processor.py:830} INFO - Processing file /home/arun/.local/lib/python3.10/site-packages/airflow/example_dags/example_sla_dag.py for tasks to queue
[2024-03-04T19:19:43.212+0530] {logging_mixin.py:188} INFO - [2024-03-04T19:19:43.212+0530] {dagbag.py:538} INFO - Filling up the DagBag from /home/arun/.local/lib/python3.10/site-packages/airflow/example_dags/example_sla_dag.py
[2024-03-04T19:19:43.224+0530] {processor.py:840} INFO - DAG(s) 'example_sla_dag' retrieved from /home/arun/.local/lib/python3.10/site-packages/airflow/example_dags/example_sla_dag.py
[2024-03-04T19:19:43.246+0530] {logging_mixin.py:188} INFO - [2024-03-04T19:19:43.246+0530] {dag.py:3036} INFO - Sync 1 DAGs
[2024-03-04T19:19:43.282+0530] {logging_mixin.py:188} INFO - [2024-03-04T19:19:43.282+0530] {dag.py:3823} INFO - Setting next_dagrun for example_sla_dag to 2024-03-04 13:46:00+00:00, run_after=2024-03-04 13:48:00+00:00
[2024-03-04T19:19:43.322+0530] {processor.py:183} INFO - Processing /home/arun/.local/lib/python3.10/site-packages/airflow/example_dags/example_sla_dag.py took 0.157 seconds
[2024-03-04T19:21:05.696+0530] {processor.py:161} INFO - Started process (PID=8824) to work on /home/arun/.local/lib/python3.10/site-packages/airflow/example_dags/example_sla_dag.py
[2024-03-04T19:21:05.737+0530] {processor.py:830} INFO - Processing file /home/arun/.local/lib/python3.10/site-packages/airflow/example_dags/example_sla_dag.py for tasks to queue
[2024-03-04T19:21:05.739+0530] {logging_mixin.py:188} INFO - [2024-03-04T19:21:05.739+0530] {dagbag.py:538} INFO - Filling up the DagBag from /home/arun/.local/lib/python3.10/site-packages/airflow/example_dags/example_sla_dag.py
[2024-03-04T19:21:05.801+0530] {processor.py:840} INFO - DAG(s) 'example_sla_dag' retrieved from /home/arun/.local/lib/python3.10/site-packages/airflow/example_dags/example_sla_dag.py
[2024-03-04T19:21:05.826+0530] {logging_mixin.py:188} INFO - [2024-03-04T19:21:05.826+0530] {dag.py:3036} INFO - Sync 1 DAGs
[2024-03-04T19:21:05.872+0530] {logging_mixin.py:188} INFO - [2024-03-04T19:21:05.872+0530] {dag.py:3823} INFO - Setting next_dagrun for example_sla_dag to 2024-03-04 13:48:00+00:00, run_after=2024-03-04 13:50:00+00:00
[2024-03-04T19:21:05.927+0530] {processor.py:183} INFO - Processing /home/arun/.local/lib/python3.10/site-packages/airflow/example_dags/example_sla_dag.py took 0.240 seconds
[2024-03-04T19:22:36.797+0530] {processor.py:161} INFO - Started process (PID=9001) to work on /home/arun/.local/lib/python3.10/site-packages/airflow/example_dags/example_sla_dag.py
[2024-03-04T19:22:36.832+0530] {processor.py:830} INFO - Processing file /home/arun/.local/lib/python3.10/site-packages/airflow/example_dags/example_sla_dag.py for tasks to queue
[2024-03-04T19:22:36.834+0530] {logging_mixin.py:188} INFO - [2024-03-04T19:22:36.833+0530] {dagbag.py:538} INFO - Filling up the DagBag from /home/arun/.local/lib/python3.10/site-packages/airflow/example_dags/example_sla_dag.py
[2024-03-04T19:22:36.846+0530] {processor.py:840} INFO - DAG(s) 'example_sla_dag' retrieved from /home/arun/.local/lib/python3.10/site-packages/airflow/example_dags/example_sla_dag.py
[2024-03-04T19:22:36.863+0530] {logging_mixin.py:188} INFO - [2024-03-04T19:22:36.863+0530] {dag.py:3036} INFO - Sync 1 DAGs
[2024-03-04T19:22:36.884+0530] {logging_mixin.py:188} INFO - [2024-03-04T19:22:36.883+0530] {dag.py:3823} INFO - Setting next_dagrun for example_sla_dag to 2024-03-04 13:50:00+00:00, run_after=2024-03-04 13:52:00+00:00
[2024-03-04T19:22:36.910+0530] {processor.py:183} INFO - Processing /home/arun/.local/lib/python3.10/site-packages/airflow/example_dags/example_sla_dag.py took 0.118 seconds
[2024-03-04T19:24:00.562+0530] {processor.py:161} INFO - Started process (PID=9163) to work on /home/arun/.local/lib/python3.10/site-packages/airflow/example_dags/example_sla_dag.py
[2024-03-04T19:24:00.594+0530] {processor.py:830} INFO - Processing file /home/arun/.local/lib/python3.10/site-packages/airflow/example_dags/example_sla_dag.py for tasks to queue
[2024-03-04T19:24:00.596+0530] {logging_mixin.py:188} INFO - [2024-03-04T19:24:00.595+0530] {dagbag.py:538} INFO - Filling up the DagBag from /home/arun/.local/lib/python3.10/site-packages/airflow/example_dags/example_sla_dag.py
[2024-03-04T19:24:00.606+0530] {processor.py:840} INFO - DAG(s) 'example_sla_dag' retrieved from /home/arun/.local/lib/python3.10/site-packages/airflow/example_dags/example_sla_dag.py
[2024-03-04T19:24:00.628+0530] {logging_mixin.py:188} INFO - [2024-03-04T19:24:00.628+0530] {dag.py:3036} INFO - Sync 1 DAGs
[2024-03-04T19:24:00.675+0530] {logging_mixin.py:188} INFO - [2024-03-04T19:24:00.674+0530] {dag.py:3823} INFO - Setting next_dagrun for example_sla_dag to 2024-03-04 13:52:00+00:00, run_after=2024-03-04 13:54:00+00:00
[2024-03-04T19:24:00.726+0530] {processor.py:183} INFO - Processing /home/arun/.local/lib/python3.10/site-packages/airflow/example_dags/example_sla_dag.py took 0.167 seconds
[2024-03-04T19:25:17.578+0530] {processor.py:161} INFO - Started process (PID=9309) to work on /home/arun/.local/lib/python3.10/site-packages/airflow/example_dags/example_sla_dag.py
[2024-03-04T19:25:17.618+0530] {processor.py:830} INFO - Processing file /home/arun/.local/lib/python3.10/site-packages/airflow/example_dags/example_sla_dag.py for tasks to queue
[2024-03-04T19:25:17.619+0530] {logging_mixin.py:188} INFO - [2024-03-04T19:25:17.619+0530] {dagbag.py:538} INFO - Filling up the DagBag from /home/arun/.local/lib/python3.10/site-packages/airflow/example_dags/example_sla_dag.py
[2024-03-04T19:25:17.629+0530] {processor.py:840} INFO - DAG(s) 'example_sla_dag' retrieved from /home/arun/.local/lib/python3.10/site-packages/airflow/example_dags/example_sla_dag.py
[2024-03-04T19:25:17.646+0530] {logging_mixin.py:188} INFO - [2024-03-04T19:25:17.646+0530] {dag.py:3036} INFO - Sync 1 DAGs
[2024-03-04T19:25:17.669+0530] {logging_mixin.py:188} INFO - [2024-03-04T19:25:17.669+0530] {dag.py:3823} INFO - Setting next_dagrun for example_sla_dag to 2024-03-04 13:52:00+00:00, run_after=2024-03-04 13:54:00+00:00
[2024-03-04T19:25:17.693+0530] {processor.py:183} INFO - Processing /home/arun/.local/lib/python3.10/site-packages/airflow/example_dags/example_sla_dag.py took 0.118 seconds
[2024-03-04T19:26:35.855+0530] {processor.py:161} INFO - Started process (PID=9484) to work on /home/arun/.local/lib/python3.10/site-packages/airflow/example_dags/example_sla_dag.py
[2024-03-04T19:26:35.890+0530] {processor.py:830} INFO - Processing file /home/arun/.local/lib/python3.10/site-packages/airflow/example_dags/example_sla_dag.py for tasks to queue
[2024-03-04T19:26:35.892+0530] {logging_mixin.py:188} INFO - [2024-03-04T19:26:35.891+0530] {dagbag.py:538} INFO - Filling up the DagBag from /home/arun/.local/lib/python3.10/site-packages/airflow/example_dags/example_sla_dag.py
[2024-03-04T19:26:35.900+0530] {processor.py:840} INFO - DAG(s) 'example_sla_dag' retrieved from /home/arun/.local/lib/python3.10/site-packages/airflow/example_dags/example_sla_dag.py
[2024-03-04T19:26:35.917+0530] {logging_mixin.py:188} INFO - [2024-03-04T19:26:35.917+0530] {dag.py:3036} INFO - Sync 1 DAGs
[2024-03-04T19:26:35.944+0530] {logging_mixin.py:188} INFO - [2024-03-04T19:26:35.944+0530] {dag.py:3823} INFO - Setting next_dagrun for example_sla_dag to 2024-03-04 13:54:00+00:00, run_after=2024-03-04 13:56:00+00:00
[2024-03-04T19:26:35.972+0530] {processor.py:183} INFO - Processing /home/arun/.local/lib/python3.10/site-packages/airflow/example_dags/example_sla_dag.py took 0.120 seconds
[2024-03-04T19:27:54.948+0530] {processor.py:161} INFO - Started process (PID=9655) to work on /home/arun/.local/lib/python3.10/site-packages/airflow/example_dags/example_sla_dag.py
[2024-03-04T19:27:54.975+0530] {processor.py:830} INFO - Processing file /home/arun/.local/lib/python3.10/site-packages/airflow/example_dags/example_sla_dag.py for tasks to queue
[2024-03-04T19:27:54.976+0530] {logging_mixin.py:188} INFO - [2024-03-04T19:27:54.976+0530] {dagbag.py:538} INFO - Filling up the DagBag from /home/arun/.local/lib/python3.10/site-packages/airflow/example_dags/example_sla_dag.py
[2024-03-04T19:27:54.988+0530] {processor.py:840} INFO - DAG(s) 'example_sla_dag' retrieved from /home/arun/.local/lib/python3.10/site-packages/airflow/example_dags/example_sla_dag.py
[2024-03-04T19:27:55.012+0530] {logging_mixin.py:188} INFO - [2024-03-04T19:27:55.012+0530] {dag.py:3036} INFO - Sync 1 DAGs
[2024-03-04T19:27:55.056+0530] {logging_mixin.py:188} INFO - [2024-03-04T19:27:55.056+0530] {dag.py:3823} INFO - Setting next_dagrun for example_sla_dag to 2024-03-04 13:54:00+00:00, run_after=2024-03-04 13:56:00+00:00
[2024-03-04T19:27:55.093+0530] {processor.py:183} INFO - Processing /home/arun/.local/lib/python3.10/site-packages/airflow/example_dags/example_sla_dag.py took 0.149 seconds
[2024-03-04T22:55:50.296+0530] {processor.py:161} INFO - Started process (PID=5652) to work on /home/arun/.local/lib/python3.10/site-packages/airflow/example_dags/example_sla_dag.py
[2024-03-04T22:55:50.348+0530] {processor.py:830} INFO - Processing file /home/arun/.local/lib/python3.10/site-packages/airflow/example_dags/example_sla_dag.py for tasks to queue
[2024-03-04T22:55:50.352+0530] {logging_mixin.py:188} INFO - [2024-03-04T22:55:50.349+0530] {dagbag.py:538} INFO - Filling up the DagBag from /home/arun/.local/lib/python3.10/site-packages/airflow/example_dags/example_sla_dag.py
[2024-03-04T22:55:50.365+0530] {processor.py:840} INFO - DAG(s) 'example_sla_dag' retrieved from /home/arun/.local/lib/python3.10/site-packages/airflow/example_dags/example_sla_dag.py
[2024-03-04T22:55:50.639+0530] {logging_mixin.py:188} INFO - [2024-03-04T22:55:50.638+0530] {dag.py:3036} INFO - Sync 1 DAGs
[2024-03-04T22:55:50.705+0530] {logging_mixin.py:188} INFO - [2024-03-04T22:55:50.704+0530] {dag.py:3823} INFO - Setting next_dagrun for example_sla_dag to 2024-03-04 17:22:00+00:00, run_after=2024-03-04 17:24:00+00:00
[2024-03-04T22:55:50.822+0530] {processor.py:183} INFO - Processing /home/arun/.local/lib/python3.10/site-packages/airflow/example_dags/example_sla_dag.py took 0.538 seconds
[2024-03-04T22:57:27.659+0530] {processor.py:161} INFO - Started process (PID=5744) to work on /home/arun/.local/lib/python3.10/site-packages/airflow/example_dags/example_sla_dag.py
[2024-03-04T22:57:27.703+0530] {processor.py:830} INFO - Processing file /home/arun/.local/lib/python3.10/site-packages/airflow/example_dags/example_sla_dag.py for tasks to queue
[2024-03-04T22:57:27.704+0530] {logging_mixin.py:188} INFO - [2024-03-04T22:57:27.703+0530] {dagbag.py:538} INFO - Filling up the DagBag from /home/arun/.local/lib/python3.10/site-packages/airflow/example_dags/example_sla_dag.py
[2024-03-04T22:57:27.726+0530] {processor.py:840} INFO - DAG(s) 'example_sla_dag' retrieved from /home/arun/.local/lib/python3.10/site-packages/airflow/example_dags/example_sla_dag.py
[2024-03-04T22:57:27.766+0530] {logging_mixin.py:188} INFO - [2024-03-04T22:57:27.765+0530] {dag.py:3036} INFO - Sync 1 DAGs
[2024-03-04T22:57:27.815+0530] {logging_mixin.py:188} INFO - [2024-03-04T22:57:27.814+0530] {dag.py:3823} INFO - Setting next_dagrun for example_sla_dag to 2024-03-04 17:24:00+00:00, run_after=2024-03-04 17:26:00+00:00
[2024-03-04T22:57:27.983+0530] {processor.py:183} INFO - Processing /home/arun/.local/lib/python3.10/site-packages/airflow/example_dags/example_sla_dag.py took 0.331 seconds
[2024-03-04T22:59:31.866+0530] {processor.py:161} INFO - Started process (PID=5871) to work on /home/arun/.local/lib/python3.10/site-packages/airflow/example_dags/example_sla_dag.py
[2024-03-04T22:59:31.922+0530] {processor.py:830} INFO - Processing file /home/arun/.local/lib/python3.10/site-packages/airflow/example_dags/example_sla_dag.py for tasks to queue
[2024-03-04T22:59:31.924+0530] {logging_mixin.py:188} INFO - [2024-03-04T22:59:31.923+0530] {dagbag.py:538} INFO - Filling up the DagBag from /home/arun/.local/lib/python3.10/site-packages/airflow/example_dags/example_sla_dag.py
[2024-03-04T22:59:31.955+0530] {processor.py:840} INFO - DAG(s) 'example_sla_dag' retrieved from /home/arun/.local/lib/python3.10/site-packages/airflow/example_dags/example_sla_dag.py
[2024-03-04T22:59:32.000+0530] {logging_mixin.py:188} INFO - [2024-03-04T22:59:31.999+0530] {dag.py:3036} INFO - Sync 1 DAGs
[2024-03-04T22:59:32.056+0530] {logging_mixin.py:188} INFO - [2024-03-04T22:59:32.055+0530] {dag.py:3823} INFO - Setting next_dagrun for example_sla_dag to 2024-03-04 17:26:00+00:00, run_after=2024-03-04 17:28:00+00:00
[2024-03-04T22:59:32.257+0530] {processor.py:183} INFO - Processing /home/arun/.local/lib/python3.10/site-packages/airflow/example_dags/example_sla_dag.py took 0.430 seconds
[2024-03-04T23:01:07.019+0530] {processor.py:161} INFO - Started process (PID=6028) to work on /home/arun/.local/lib/python3.10/site-packages/airflow/example_dags/example_sla_dag.py
[2024-03-04T23:01:07.061+0530] {processor.py:830} INFO - Processing file /home/arun/.local/lib/python3.10/site-packages/airflow/example_dags/example_sla_dag.py for tasks to queue
[2024-03-04T23:01:07.063+0530] {logging_mixin.py:188} INFO - [2024-03-04T23:01:07.062+0530] {dagbag.py:538} INFO - Filling up the DagBag from /home/arun/.local/lib/python3.10/site-packages/airflow/example_dags/example_sla_dag.py
[2024-03-04T23:01:07.075+0530] {processor.py:840} INFO - DAG(s) 'example_sla_dag' retrieved from /home/arun/.local/lib/python3.10/site-packages/airflow/example_dags/example_sla_dag.py
[2024-03-04T23:01:07.102+0530] {logging_mixin.py:188} INFO - [2024-03-04T23:01:07.102+0530] {dag.py:3036} INFO - Sync 1 DAGs
[2024-03-04T23:01:07.144+0530] {logging_mixin.py:188} INFO - [2024-03-04T23:01:07.143+0530] {dag.py:3823} INFO - Setting next_dagrun for example_sla_dag to 2024-03-04 17:28:00+00:00, run_after=2024-03-04 17:30:00+00:00
[2024-03-04T23:01:07.185+0530] {processor.py:183} INFO - Processing /home/arun/.local/lib/python3.10/site-packages/airflow/example_dags/example_sla_dag.py took 0.169 seconds
[2024-03-04T23:02:30.986+0530] {processor.py:161} INFO - Started process (PID=6167) to work on /home/arun/.local/lib/python3.10/site-packages/airflow/example_dags/example_sla_dag.py
[2024-03-04T23:02:31.024+0530] {processor.py:830} INFO - Processing file /home/arun/.local/lib/python3.10/site-packages/airflow/example_dags/example_sla_dag.py for tasks to queue
[2024-03-04T23:02:31.026+0530] {logging_mixin.py:188} INFO - [2024-03-04T23:02:31.025+0530] {dagbag.py:538} INFO - Filling up the DagBag from /home/arun/.local/lib/python3.10/site-packages/airflow/example_dags/example_sla_dag.py
[2024-03-04T23:02:31.038+0530] {processor.py:840} INFO - DAG(s) 'example_sla_dag' retrieved from /home/arun/.local/lib/python3.10/site-packages/airflow/example_dags/example_sla_dag.py
[2024-03-04T23:02:31.057+0530] {logging_mixin.py:188} INFO - [2024-03-04T23:02:31.057+0530] {dag.py:3036} INFO - Sync 1 DAGs
[2024-03-04T23:02:31.084+0530] {logging_mixin.py:188} INFO - [2024-03-04T23:02:31.084+0530] {dag.py:3823} INFO - Setting next_dagrun for example_sla_dag to 2024-03-04 17:30:00+00:00, run_after=2024-03-04 17:32:00+00:00
[2024-03-04T23:02:31.114+0530] {processor.py:183} INFO - Processing /home/arun/.local/lib/python3.10/site-packages/airflow/example_dags/example_sla_dag.py took 0.134 seconds
[2024-03-04T23:04:18.800+0530] {processor.py:161} INFO - Started process (PID=6719) to work on /home/arun/.local/lib/python3.10/site-packages/airflow/example_dags/example_sla_dag.py
[2024-03-04T23:04:18.850+0530] {processor.py:830} INFO - Processing file /home/arun/.local/lib/python3.10/site-packages/airflow/example_dags/example_sla_dag.py for tasks to queue
[2024-03-04T23:04:18.857+0530] {logging_mixin.py:188} INFO - [2024-03-04T23:04:18.852+0530] {dagbag.py:538} INFO - Filling up the DagBag from /home/arun/.local/lib/python3.10/site-packages/airflow/example_dags/example_sla_dag.py
[2024-03-04T23:04:18.910+0530] {processor.py:840} INFO - DAG(s) 'example_sla_dag' retrieved from /home/arun/.local/lib/python3.10/site-packages/airflow/example_dags/example_sla_dag.py
[2024-03-04T23:04:18.955+0530] {logging_mixin.py:188} INFO - [2024-03-04T23:04:18.955+0530] {dag.py:3036} INFO - Sync 1 DAGs
[2024-03-04T23:04:19.008+0530] {logging_mixin.py:188} INFO - [2024-03-04T23:04:19.007+0530] {dag.py:3823} INFO - Setting next_dagrun for example_sla_dag to 2024-03-04 17:32:00+00:00, run_after=2024-03-04 17:34:00+00:00
[2024-03-04T23:04:19.092+0530] {processor.py:183} INFO - Processing /home/arun/.local/lib/python3.10/site-packages/airflow/example_dags/example_sla_dag.py took 0.307 seconds
[2024-03-04T23:06:09.841+0530] {processor.py:161} INFO - Started process (PID=6919) to work on /home/arun/.local/lib/python3.10/site-packages/airflow/example_dags/example_sla_dag.py
[2024-03-04T23:06:09.903+0530] {processor.py:830} INFO - Processing file /home/arun/.local/lib/python3.10/site-packages/airflow/example_dags/example_sla_dag.py for tasks to queue
[2024-03-04T23:06:09.905+0530] {logging_mixin.py:188} INFO - [2024-03-04T23:06:09.904+0530] {dagbag.py:538} INFO - Filling up the DagBag from /home/arun/.local/lib/python3.10/site-packages/airflow/example_dags/example_sla_dag.py
[2024-03-04T23:06:09.913+0530] {processor.py:840} INFO - DAG(s) 'example_sla_dag' retrieved from /home/arun/.local/lib/python3.10/site-packages/airflow/example_dags/example_sla_dag.py
[2024-03-04T23:06:09.930+0530] {logging_mixin.py:188} INFO - [2024-03-04T23:06:09.930+0530] {dag.py:3036} INFO - Sync 1 DAGs
[2024-03-04T23:06:09.961+0530] {logging_mixin.py:188} INFO - [2024-03-04T23:06:09.960+0530] {dag.py:3823} INFO - Setting next_dagrun for example_sla_dag to 2024-03-04 17:34:00+00:00, run_after=2024-03-04 17:36:00+00:00
[2024-03-04T23:06:10.009+0530] {processor.py:183} INFO - Processing /home/arun/.local/lib/python3.10/site-packages/airflow/example_dags/example_sla_dag.py took 0.173 seconds
[2024-03-04T23:07:40.361+0530] {processor.py:161} INFO - Started process (PID=7122) to work on /home/arun/.local/lib/python3.10/site-packages/airflow/example_dags/example_sla_dag.py
[2024-03-04T23:07:40.400+0530] {processor.py:830} INFO - Processing file /home/arun/.local/lib/python3.10/site-packages/airflow/example_dags/example_sla_dag.py for tasks to queue
[2024-03-04T23:07:40.401+0530] {logging_mixin.py:188} INFO - [2024-03-04T23:07:40.400+0530] {dagbag.py:538} INFO - Filling up the DagBag from /home/arun/.local/lib/python3.10/site-packages/airflow/example_dags/example_sla_dag.py
[2024-03-04T23:07:40.409+0530] {processor.py:840} INFO - DAG(s) 'example_sla_dag' retrieved from /home/arun/.local/lib/python3.10/site-packages/airflow/example_dags/example_sla_dag.py
[2024-03-04T23:07:40.427+0530] {logging_mixin.py:188} INFO - [2024-03-04T23:07:40.427+0530] {dag.py:3036} INFO - Sync 1 DAGs
[2024-03-04T23:07:40.456+0530] {logging_mixin.py:188} INFO - [2024-03-04T23:07:40.456+0530] {dag.py:3823} INFO - Setting next_dagrun for example_sla_dag to 2024-03-04 17:34:00+00:00, run_after=2024-03-04 17:36:00+00:00
[2024-03-04T23:07:40.500+0530] {processor.py:183} INFO - Processing /home/arun/.local/lib/python3.10/site-packages/airflow/example_dags/example_sla_dag.py took 0.143 seconds
[2024-03-04T23:09:11.674+0530] {processor.py:161} INFO - Started process (PID=7290) to work on /home/arun/.local/lib/python3.10/site-packages/airflow/example_dags/example_sla_dag.py
[2024-03-04T23:09:11.714+0530] {processor.py:830} INFO - Processing file /home/arun/.local/lib/python3.10/site-packages/airflow/example_dags/example_sla_dag.py for tasks to queue
[2024-03-04T23:09:11.716+0530] {logging_mixin.py:188} INFO - [2024-03-04T23:09:11.715+0530] {dagbag.py:538} INFO - Filling up the DagBag from /home/arun/.local/lib/python3.10/site-packages/airflow/example_dags/example_sla_dag.py
[2024-03-04T23:09:11.729+0530] {processor.py:840} INFO - DAG(s) 'example_sla_dag' retrieved from /home/arun/.local/lib/python3.10/site-packages/airflow/example_dags/example_sla_dag.py
[2024-03-04T23:09:11.753+0530] {logging_mixin.py:188} INFO - [2024-03-04T23:09:11.753+0530] {dag.py:3036} INFO - Sync 1 DAGs
[2024-03-04T23:09:11.788+0530] {logging_mixin.py:188} INFO - [2024-03-04T23:09:11.787+0530] {dag.py:3823} INFO - Setting next_dagrun for example_sla_dag to 2024-03-04 17:36:00+00:00, run_after=2024-03-04 17:38:00+00:00
[2024-03-04T23:09:11.864+0530] {processor.py:183} INFO - Processing /home/arun/.local/lib/python3.10/site-packages/airflow/example_dags/example_sla_dag.py took 0.200 seconds
[2024-03-04T23:10:41.646+0530] {processor.py:161} INFO - Started process (PID=7466) to work on /home/arun/.local/lib/python3.10/site-packages/airflow/example_dags/example_sla_dag.py
[2024-03-04T23:10:41.649+0530] {processor.py:830} INFO - Processing file /home/arun/.local/lib/python3.10/site-packages/airflow/example_dags/example_sla_dag.py for tasks to queue
[2024-03-04T23:10:41.649+0530] {logging_mixin.py:188} INFO - [2024-03-04T23:10:41.649+0530] {dagbag.py:538} INFO - Filling up the DagBag from /home/arun/.local/lib/python3.10/site-packages/airflow/example_dags/example_sla_dag.py
[2024-03-04T23:10:41.657+0530] {processor.py:840} INFO - DAG(s) 'example_sla_dag' retrieved from /home/arun/.local/lib/python3.10/site-packages/airflow/example_dags/example_sla_dag.py
[2024-03-04T23:10:41.672+0530] {logging_mixin.py:188} INFO - [2024-03-04T23:10:41.672+0530] {dag.py:3036} INFO - Sync 1 DAGs
[2024-03-04T23:10:41.695+0530] {logging_mixin.py:188} INFO - [2024-03-04T23:10:41.694+0530] {dag.py:3823} INFO - Setting next_dagrun for example_sla_dag to 2024-03-04 17:38:00+00:00, run_after=2024-03-04 17:40:00+00:00
[2024-03-04T23:10:41.766+0530] {processor.py:183} INFO - Processing /home/arun/.local/lib/python3.10/site-packages/airflow/example_dags/example_sla_dag.py took 0.123 seconds
[2024-03-04T23:12:13.430+0530] {processor.py:161} INFO - Started process (PID=7685) to work on /home/arun/.local/lib/python3.10/site-packages/airflow/example_dags/example_sla_dag.py
[2024-03-04T23:12:13.432+0530] {processor.py:830} INFO - Processing file /home/arun/.local/lib/python3.10/site-packages/airflow/example_dags/example_sla_dag.py for tasks to queue
[2024-03-04T23:12:13.434+0530] {logging_mixin.py:188} INFO - [2024-03-04T23:12:13.433+0530] {dagbag.py:538} INFO - Filling up the DagBag from /home/arun/.local/lib/python3.10/site-packages/airflow/example_dags/example_sla_dag.py
[2024-03-04T23:12:13.442+0530] {processor.py:840} INFO - DAG(s) 'example_sla_dag' retrieved from /home/arun/.local/lib/python3.10/site-packages/airflow/example_dags/example_sla_dag.py
[2024-03-04T23:12:13.499+0530] {logging_mixin.py:188} INFO - [2024-03-04T23:12:13.498+0530] {dag.py:3036} INFO - Sync 1 DAGs
[2024-03-04T23:12:13.550+0530] {logging_mixin.py:188} INFO - [2024-03-04T23:12:13.550+0530] {dag.py:3823} INFO - Setting next_dagrun for example_sla_dag to 2024-03-04 17:40:00+00:00, run_after=2024-03-04 17:42:00+00:00
[2024-03-04T23:12:13.595+0530] {processor.py:183} INFO - Processing /home/arun/.local/lib/python3.10/site-packages/airflow/example_dags/example_sla_dag.py took 0.169 seconds
[2024-03-04T23:13:56.512+0530] {processor.py:161} INFO - Started process (PID=7924) to work on /home/arun/.local/lib/python3.10/site-packages/airflow/example_dags/example_sla_dag.py
[2024-03-04T23:13:56.514+0530] {processor.py:830} INFO - Processing file /home/arun/.local/lib/python3.10/site-packages/airflow/example_dags/example_sla_dag.py for tasks to queue
[2024-03-04T23:13:56.518+0530] {logging_mixin.py:188} INFO - [2024-03-04T23:13:56.518+0530] {dagbag.py:538} INFO - Filling up the DagBag from /home/arun/.local/lib/python3.10/site-packages/airflow/example_dags/example_sla_dag.py
[2024-03-04T23:13:56.531+0530] {processor.py:840} INFO - DAG(s) 'example_sla_dag' retrieved from /home/arun/.local/lib/python3.10/site-packages/airflow/example_dags/example_sla_dag.py
[2024-03-04T23:13:56.608+0530] {logging_mixin.py:188} INFO - [2024-03-04T23:13:56.607+0530] {dag.py:3036} INFO - Sync 1 DAGs
[2024-03-04T23:13:56.651+0530] {logging_mixin.py:188} INFO - [2024-03-04T23:13:56.651+0530] {dag.py:3823} INFO - Setting next_dagrun for example_sla_dag to 2024-03-04 17:40:00+00:00, run_after=2024-03-04 17:42:00+00:00
[2024-03-04T23:13:56.684+0530] {processor.py:183} INFO - Processing /home/arun/.local/lib/python3.10/site-packages/airflow/example_dags/example_sla_dag.py took 0.176 seconds
[2024-03-04T23:15:32.425+0530] {processor.py:161} INFO - Started process (PID=8112) to work on /home/arun/.local/lib/python3.10/site-packages/airflow/example_dags/example_sla_dag.py
[2024-03-04T23:15:32.489+0530] {processor.py:830} INFO - Processing file /home/arun/.local/lib/python3.10/site-packages/airflow/example_dags/example_sla_dag.py for tasks to queue
[2024-03-04T23:15:32.491+0530] {logging_mixin.py:188} INFO - [2024-03-04T23:15:32.490+0530] {dagbag.py:538} INFO - Filling up the DagBag from /home/arun/.local/lib/python3.10/site-packages/airflow/example_dags/example_sla_dag.py
[2024-03-04T23:15:32.509+0530] {processor.py:840} INFO - DAG(s) 'example_sla_dag' retrieved from /home/arun/.local/lib/python3.10/site-packages/airflow/example_dags/example_sla_dag.py
[2024-03-04T23:15:32.541+0530] {logging_mixin.py:188} INFO - [2024-03-04T23:15:32.541+0530] {dag.py:3036} INFO - Sync 1 DAGs
[2024-03-04T23:15:32.610+0530] {logging_mixin.py:188} INFO - [2024-03-04T23:15:32.609+0530] {dag.py:3823} INFO - Setting next_dagrun for example_sla_dag to 2024-03-04 17:42:00+00:00, run_after=2024-03-04 17:44:00+00:00
[2024-03-04T23:15:32.726+0530] {processor.py:183} INFO - Processing /home/arun/.local/lib/python3.10/site-packages/airflow/example_dags/example_sla_dag.py took 0.308 seconds
[2024-03-04T23:17:30.890+0530] {processor.py:161} INFO - Started process (PID=8353) to work on /home/arun/.local/lib/python3.10/site-packages/airflow/example_dags/example_sla_dag.py
[2024-03-04T23:17:30.969+0530] {processor.py:830} INFO - Processing file /home/arun/.local/lib/python3.10/site-packages/airflow/example_dags/example_sla_dag.py for tasks to queue
[2024-03-04T23:17:30.972+0530] {logging_mixin.py:188} INFO - [2024-03-04T23:17:30.971+0530] {dagbag.py:538} INFO - Filling up the DagBag from /home/arun/.local/lib/python3.10/site-packages/airflow/example_dags/example_sla_dag.py
[2024-03-04T23:17:30.988+0530] {processor.py:840} INFO - DAG(s) 'example_sla_dag' retrieved from /home/arun/.local/lib/python3.10/site-packages/airflow/example_dags/example_sla_dag.py
[2024-03-04T23:17:31.026+0530] {logging_mixin.py:188} INFO - [2024-03-04T23:17:31.026+0530] {dag.py:3036} INFO - Sync 1 DAGs
[2024-03-04T23:17:31.062+0530] {logging_mixin.py:188} INFO - [2024-03-04T23:17:31.062+0530] {dag.py:3823} INFO - Setting next_dagrun for example_sla_dag to 2024-03-04 17:44:00+00:00, run_after=2024-03-04 17:46:00+00:00
[2024-03-04T23:17:31.164+0530] {processor.py:183} INFO - Processing /home/arun/.local/lib/python3.10/site-packages/airflow/example_dags/example_sla_dag.py took 0.279 seconds
[2024-03-04T23:19:05.464+0530] {processor.py:161} INFO - Started process (PID=8539) to work on /home/arun/.local/lib/python3.10/site-packages/airflow/example_dags/example_sla_dag.py
[2024-03-04T23:19:05.504+0530] {processor.py:830} INFO - Processing file /home/arun/.local/lib/python3.10/site-packages/airflow/example_dags/example_sla_dag.py for tasks to queue
[2024-03-04T23:19:05.506+0530] {logging_mixin.py:188} INFO - [2024-03-04T23:19:05.505+0530] {dagbag.py:538} INFO - Filling up the DagBag from /home/arun/.local/lib/python3.10/site-packages/airflow/example_dags/example_sla_dag.py
[2024-03-04T23:19:05.521+0530] {processor.py:840} INFO - DAG(s) 'example_sla_dag' retrieved from /home/arun/.local/lib/python3.10/site-packages/airflow/example_dags/example_sla_dag.py
[2024-03-04T23:19:05.559+0530] {logging_mixin.py:188} INFO - [2024-03-04T23:19:05.558+0530] {dag.py:3036} INFO - Sync 1 DAGs
[2024-03-04T23:19:05.624+0530] {logging_mixin.py:188} INFO - [2024-03-04T23:19:05.624+0530] {dag.py:3823} INFO - Setting next_dagrun for example_sla_dag to 2024-03-04 17:46:00+00:00, run_after=2024-03-04 17:48:00+00:00
[2024-03-04T23:19:05.737+0530] {processor.py:183} INFO - Processing /home/arun/.local/lib/python3.10/site-packages/airflow/example_dags/example_sla_dag.py took 0.278 seconds
[2024-03-04T23:20:40.472+0530] {processor.py:161} INFO - Started process (PID=8735) to work on /home/arun/.local/lib/python3.10/site-packages/airflow/example_dags/example_sla_dag.py
[2024-03-04T23:20:40.507+0530] {processor.py:830} INFO - Processing file /home/arun/.local/lib/python3.10/site-packages/airflow/example_dags/example_sla_dag.py for tasks to queue
[2024-03-04T23:20:40.509+0530] {logging_mixin.py:188} INFO - [2024-03-04T23:20:40.508+0530] {dagbag.py:538} INFO - Filling up the DagBag from /home/arun/.local/lib/python3.10/site-packages/airflow/example_dags/example_sla_dag.py
[2024-03-04T23:20:40.539+0530] {processor.py:840} INFO - DAG(s) 'example_sla_dag' retrieved from /home/arun/.local/lib/python3.10/site-packages/airflow/example_dags/example_sla_dag.py
[2024-03-04T23:20:40.566+0530] {logging_mixin.py:188} INFO - [2024-03-04T23:20:40.566+0530] {dag.py:3036} INFO - Sync 1 DAGs
[2024-03-04T23:20:40.642+0530] {logging_mixin.py:188} INFO - [2024-03-04T23:20:40.642+0530] {dag.py:3823} INFO - Setting next_dagrun for example_sla_dag to 2024-03-04 17:48:00+00:00, run_after=2024-03-04 17:50:00+00:00
[2024-03-04T23:20:40.864+0530] {processor.py:183} INFO - Processing /home/arun/.local/lib/python3.10/site-packages/airflow/example_dags/example_sla_dag.py took 0.401 seconds
[2024-03-04T23:22:18.888+0530] {processor.py:161} INFO - Started process (PID=8926) to work on /home/arun/.local/lib/python3.10/site-packages/airflow/example_dags/example_sla_dag.py
[2024-03-04T23:22:18.922+0530] {processor.py:830} INFO - Processing file /home/arun/.local/lib/python3.10/site-packages/airflow/example_dags/example_sla_dag.py for tasks to queue
[2024-03-04T23:22:18.923+0530] {logging_mixin.py:188} INFO - [2024-03-04T23:22:18.923+0530] {dagbag.py:538} INFO - Filling up the DagBag from /home/arun/.local/lib/python3.10/site-packages/airflow/example_dags/example_sla_dag.py
[2024-03-04T23:22:18.934+0530] {processor.py:840} INFO - DAG(s) 'example_sla_dag' retrieved from /home/arun/.local/lib/python3.10/site-packages/airflow/example_dags/example_sla_dag.py
[2024-03-04T23:22:18.956+0530] {logging_mixin.py:188} INFO - [2024-03-04T23:22:18.956+0530] {dag.py:3036} INFO - Sync 1 DAGs
[2024-03-04T23:22:18.992+0530] {logging_mixin.py:188} INFO - [2024-03-04T23:22:18.991+0530] {dag.py:3823} INFO - Setting next_dagrun for example_sla_dag to 2024-03-04 17:50:00+00:00, run_after=2024-03-04 17:52:00+00:00
[2024-03-04T23:22:19.033+0530] {processor.py:183} INFO - Processing /home/arun/.local/lib/python3.10/site-packages/airflow/example_dags/example_sla_dag.py took 0.151 seconds
[2024-03-04T23:24:27.942+0530] {processor.py:161} INFO - Started process (PID=9293) to work on /home/arun/.local/lib/python3.10/site-packages/airflow/example_dags/example_sla_dag.py
[2024-03-04T23:24:28.031+0530] {processor.py:830} INFO - Processing file /home/arun/.local/lib/python3.10/site-packages/airflow/example_dags/example_sla_dag.py for tasks to queue
[2024-03-04T23:24:28.033+0530] {logging_mixin.py:188} INFO - [2024-03-04T23:24:28.033+0530] {dagbag.py:538} INFO - Filling up the DagBag from /home/arun/.local/lib/python3.10/site-packages/airflow/example_dags/example_sla_dag.py
[2024-03-04T23:24:28.092+0530] {processor.py:840} INFO - DAG(s) 'example_sla_dag' retrieved from /home/arun/.local/lib/python3.10/site-packages/airflow/example_dags/example_sla_dag.py
[2024-03-04T23:24:28.150+0530] {logging_mixin.py:188} INFO - [2024-03-04T23:24:28.150+0530] {dag.py:3036} INFO - Sync 1 DAGs
[2024-03-04T23:24:28.263+0530] {logging_mixin.py:188} INFO - [2024-03-04T23:24:28.262+0530] {dag.py:3823} INFO - Setting next_dagrun for example_sla_dag to 2024-03-04 17:52:00+00:00, run_after=2024-03-04 17:54:00+00:00
[2024-03-04T23:24:28.425+0530] {processor.py:183} INFO - Processing /home/arun/.local/lib/python3.10/site-packages/airflow/example_dags/example_sla_dag.py took 0.488 seconds
[2024-03-04T23:27:05.871+0530] {processor.py:161} INFO - Started process (PID=10242) to work on /home/arun/.local/lib/python3.10/site-packages/airflow/example_dags/example_sla_dag.py
[2024-03-04T23:27:05.896+0530] {processor.py:830} INFO - Processing file /home/arun/.local/lib/python3.10/site-packages/airflow/example_dags/example_sla_dag.py for tasks to queue
[2024-03-04T23:27:05.897+0530] {logging_mixin.py:188} INFO - [2024-03-04T23:27:05.896+0530] {dagbag.py:538} INFO - Filling up the DagBag from /home/arun/.local/lib/python3.10/site-packages/airflow/example_dags/example_sla_dag.py
[2024-03-04T23:27:05.905+0530] {processor.py:840} INFO - DAG(s) 'example_sla_dag' retrieved from /home/arun/.local/lib/python3.10/site-packages/airflow/example_dags/example_sla_dag.py
[2024-03-04T23:27:05.926+0530] {logging_mixin.py:188} INFO - [2024-03-04T23:27:05.926+0530] {dag.py:3036} INFO - Sync 1 DAGs
[2024-03-04T23:27:05.955+0530] {logging_mixin.py:188} INFO - [2024-03-04T23:27:05.955+0530] {dag.py:3823} INFO - Setting next_dagrun for example_sla_dag to 2024-03-04 17:54:00+00:00, run_after=2024-03-04 17:56:00+00:00
[2024-03-04T23:27:05.996+0530] {processor.py:183} INFO - Processing /home/arun/.local/lib/python3.10/site-packages/airflow/example_dags/example_sla_dag.py took 0.131 seconds
[2024-03-04T23:28:48.168+0530] {processor.py:161} INFO - Started process (PID=10394) to work on /home/arun/.local/lib/python3.10/site-packages/airflow/example_dags/example_sla_dag.py
[2024-03-04T23:28:48.234+0530] {processor.py:830} INFO - Processing file /home/arun/.local/lib/python3.10/site-packages/airflow/example_dags/example_sla_dag.py for tasks to queue
[2024-03-04T23:28:48.235+0530] {logging_mixin.py:188} INFO - [2024-03-04T23:28:48.235+0530] {dagbag.py:538} INFO - Filling up the DagBag from /home/arun/.local/lib/python3.10/site-packages/airflow/example_dags/example_sla_dag.py
[2024-03-04T23:28:48.247+0530] {processor.py:840} INFO - DAG(s) 'example_sla_dag' retrieved from /home/arun/.local/lib/python3.10/site-packages/airflow/example_dags/example_sla_dag.py
[2024-03-04T23:28:48.301+0530] {logging_mixin.py:188} INFO - [2024-03-04T23:28:48.300+0530] {dag.py:3036} INFO - Sync 1 DAGs
[2024-03-04T23:28:48.334+0530] {logging_mixin.py:188} INFO - [2024-03-04T23:28:48.333+0530] {dag.py:3823} INFO - Setting next_dagrun for example_sla_dag to 2024-03-04 17:56:00+00:00, run_after=2024-03-04 17:58:00+00:00
[2024-03-04T23:28:48.426+0530] {processor.py:183} INFO - Processing /home/arun/.local/lib/python3.10/site-packages/airflow/example_dags/example_sla_dag.py took 0.265 seconds
[2024-03-04T23:30:26.174+0530] {processor.py:161} INFO - Started process (PID=10673) to work on /home/arun/.local/lib/python3.10/site-packages/airflow/example_dags/example_sla_dag.py
[2024-03-04T23:30:26.245+0530] {processor.py:830} INFO - Processing file /home/arun/.local/lib/python3.10/site-packages/airflow/example_dags/example_sla_dag.py for tasks to queue
[2024-03-04T23:30:26.247+0530] {logging_mixin.py:188} INFO - [2024-03-04T23:30:26.246+0530] {dagbag.py:538} INFO - Filling up the DagBag from /home/arun/.local/lib/python3.10/site-packages/airflow/example_dags/example_sla_dag.py
[2024-03-04T23:30:26.280+0530] {processor.py:840} INFO - DAG(s) 'example_sla_dag' retrieved from /home/arun/.local/lib/python3.10/site-packages/airflow/example_dags/example_sla_dag.py
[2024-03-04T23:30:26.325+0530] {logging_mixin.py:188} INFO - [2024-03-04T23:30:26.324+0530] {dag.py:3036} INFO - Sync 1 DAGs
[2024-03-04T23:30:26.398+0530] {logging_mixin.py:188} INFO - [2024-03-04T23:30:26.398+0530] {dag.py:3823} INFO - Setting next_dagrun for example_sla_dag to 2024-03-04 17:58:00+00:00, run_after=2024-03-04 18:00:00+00:00
[2024-03-04T23:30:26.535+0530] {processor.py:183} INFO - Processing /home/arun/.local/lib/python3.10/site-packages/airflow/example_dags/example_sla_dag.py took 0.368 seconds
[2024-03-04T23:32:21.791+0530] {processor.py:161} INFO - Started process (PID=10908) to work on /home/arun/.local/lib/python3.10/site-packages/airflow/example_dags/example_sla_dag.py
[2024-03-04T23:32:21.810+0530] {processor.py:830} INFO - Processing file /home/arun/.local/lib/python3.10/site-packages/airflow/example_dags/example_sla_dag.py for tasks to queue
[2024-03-04T23:32:21.814+0530] {logging_mixin.py:188} INFO - [2024-03-04T23:32:21.813+0530] {dagbag.py:538} INFO - Filling up the DagBag from /home/arun/.local/lib/python3.10/site-packages/airflow/example_dags/example_sla_dag.py
[2024-03-04T23:32:21.901+0530] {processor.py:840} INFO - DAG(s) 'example_sla_dag' retrieved from /home/arun/.local/lib/python3.10/site-packages/airflow/example_dags/example_sla_dag.py
[2024-03-04T23:32:21.969+0530] {logging_mixin.py:188} INFO - [2024-03-04T23:32:21.969+0530] {dag.py:3036} INFO - Sync 1 DAGs
[2024-03-04T23:32:22.044+0530] {logging_mixin.py:188} INFO - [2024-03-04T23:32:22.043+0530] {dag.py:3823} INFO - Setting next_dagrun for example_sla_dag to 2024-03-04 18:00:00+00:00, run_after=2024-03-04 18:02:00+00:00
[2024-03-04T23:32:22.180+0530] {processor.py:183} INFO - Processing /home/arun/.local/lib/python3.10/site-packages/airflow/example_dags/example_sla_dag.py took 0.452 seconds
[2024-03-04T23:34:04.007+0530] {processor.py:161} INFO - Started process (PID=11101) to work on /home/arun/.local/lib/python3.10/site-packages/airflow/example_dags/example_sla_dag.py
[2024-03-04T23:34:04.046+0530] {processor.py:830} INFO - Processing file /home/arun/.local/lib/python3.10/site-packages/airflow/example_dags/example_sla_dag.py for tasks to queue
[2024-03-04T23:34:04.050+0530] {logging_mixin.py:188} INFO - [2024-03-04T23:34:04.048+0530] {dagbag.py:538} INFO - Filling up the DagBag from /home/arun/.local/lib/python3.10/site-packages/airflow/example_dags/example_sla_dag.py
[2024-03-04T23:34:04.068+0530] {processor.py:840} INFO - DAG(s) 'example_sla_dag' retrieved from /home/arun/.local/lib/python3.10/site-packages/airflow/example_dags/example_sla_dag.py
[2024-03-04T23:34:04.095+0530] {logging_mixin.py:188} INFO - [2024-03-04T23:34:04.095+0530] {dag.py:3036} INFO - Sync 1 DAGs
[2024-03-04T23:34:04.131+0530] {logging_mixin.py:188} INFO - [2024-03-04T23:34:04.131+0530] {dag.py:3823} INFO - Setting next_dagrun for example_sla_dag to 2024-03-04 18:02:00+00:00, run_after=2024-03-04 18:04:00+00:00
[2024-03-04T23:34:04.211+0530] {processor.py:183} INFO - Processing /home/arun/.local/lib/python3.10/site-packages/airflow/example_dags/example_sla_dag.py took 0.225 seconds
[2024-03-04T23:35:43.268+0530] {processor.py:161} INFO - Started process (PID=11273) to work on /home/arun/.local/lib/python3.10/site-packages/airflow/example_dags/example_sla_dag.py
[2024-03-04T23:35:43.308+0530] {processor.py:830} INFO - Processing file /home/arun/.local/lib/python3.10/site-packages/airflow/example_dags/example_sla_dag.py for tasks to queue
[2024-03-04T23:35:43.309+0530] {logging_mixin.py:188} INFO - [2024-03-04T23:35:43.309+0530] {dagbag.py:538} INFO - Filling up the DagBag from /home/arun/.local/lib/python3.10/site-packages/airflow/example_dags/example_sla_dag.py
[2024-03-04T23:35:43.317+0530] {processor.py:840} INFO - DAG(s) 'example_sla_dag' retrieved from /home/arun/.local/lib/python3.10/site-packages/airflow/example_dags/example_sla_dag.py
[2024-03-04T23:35:43.332+0530] {logging_mixin.py:188} INFO - [2024-03-04T23:35:43.331+0530] {dag.py:3036} INFO - Sync 1 DAGs
[2024-03-04T23:35:43.349+0530] {logging_mixin.py:188} INFO - [2024-03-04T23:35:43.348+0530] {dag.py:3823} INFO - Setting next_dagrun for example_sla_dag to 2024-03-04 18:02:00+00:00, run_after=2024-03-04 18:04:00+00:00
[2024-03-04T23:35:43.373+0530] {processor.py:183} INFO - Processing /home/arun/.local/lib/python3.10/site-packages/airflow/example_dags/example_sla_dag.py took 0.109 seconds
