[2024-03-04T18:30:27.848+0530] {processor.py:161} INFO - Started process (PID=12009) to work on /home/arun/.local/lib/python3.10/site-packages/airflow/example_dags/example_branch_operator.py
[2024-03-04T18:30:27.849+0530] {processor.py:830} INFO - Processing file /home/arun/.local/lib/python3.10/site-packages/airflow/example_dags/example_branch_operator.py for tasks to queue
[2024-03-04T18:30:27.850+0530] {logging_mixin.py:188} INFO - [2024-03-04T18:30:27.850+0530] {dagbag.py:538} INFO - Filling up the DagBag from /home/arun/.local/lib/python3.10/site-packages/airflow/example_dags/example_branch_operator.py
[2024-03-04T18:30:27.867+0530] {processor.py:840} INFO - DAG(s) 'example_branch_operator' retrieved from /home/arun/.local/lib/python3.10/site-packages/airflow/example_dags/example_branch_operator.py
[2024-03-04T18:30:28.055+0530] {logging_mixin.py:188} INFO - [2024-03-04T18:30:28.055+0530] {dag.py:3036} INFO - Sync 1 DAGs
[2024-03-04T18:30:28.072+0530] {logging_mixin.py:188} INFO - [2024-03-04T18:30:28.072+0530] {dag.py:3823} INFO - Setting next_dagrun for example_branch_operator to 2024-03-03 00:00:00+00:00, run_after=2024-03-04 00:00:00+00:00
[2024-03-04T18:30:28.104+0530] {processor.py:183} INFO - Processing /home/arun/.local/lib/python3.10/site-packages/airflow/example_dags/example_branch_operator.py took 0.259 seconds
[2024-03-04T18:32:25.473+0530] {processor.py:161} INFO - Started process (PID=12140) to work on /home/arun/.local/lib/python3.10/site-packages/airflow/example_dags/example_branch_operator.py
[2024-03-04T18:32:25.475+0530] {processor.py:830} INFO - Processing file /home/arun/.local/lib/python3.10/site-packages/airflow/example_dags/example_branch_operator.py for tasks to queue
[2024-03-04T18:32:25.477+0530] {logging_mixin.py:188} INFO - [2024-03-04T18:32:25.477+0530] {dagbag.py:538} INFO - Filling up the DagBag from /home/arun/.local/lib/python3.10/site-packages/airflow/example_dags/example_branch_operator.py
[2024-03-04T18:32:25.545+0530] {processor.py:840} INFO - DAG(s) 'example_branch_operator' retrieved from /home/arun/.local/lib/python3.10/site-packages/airflow/example_dags/example_branch_operator.py
[2024-03-04T18:32:25.618+0530] {logging_mixin.py:188} INFO - [2024-03-04T18:32:25.618+0530] {dag.py:3036} INFO - Sync 1 DAGs
[2024-03-04T18:32:25.677+0530] {logging_mixin.py:188} INFO - [2024-03-04T18:32:25.677+0530] {dag.py:3823} INFO - Setting next_dagrun for example_branch_operator to 2024-03-03 00:00:00+00:00, run_after=2024-03-04 00:00:00+00:00
[2024-03-04T18:32:25.752+0530] {processor.py:183} INFO - Processing /home/arun/.local/lib/python3.10/site-packages/airflow/example_dags/example_branch_operator.py took 0.283 seconds
[2024-03-04T18:34:32.109+0530] {processor.py:161} INFO - Started process (PID=12284) to work on /home/arun/.local/lib/python3.10/site-packages/airflow/example_dags/example_branch_operator.py
[2024-03-04T18:34:32.136+0530] {processor.py:830} INFO - Processing file /home/arun/.local/lib/python3.10/site-packages/airflow/example_dags/example_branch_operator.py for tasks to queue
[2024-03-04T18:34:32.139+0530] {logging_mixin.py:188} INFO - [2024-03-04T18:34:32.138+0530] {dagbag.py:538} INFO - Filling up the DagBag from /home/arun/.local/lib/python3.10/site-packages/airflow/example_dags/example_branch_operator.py
[2024-03-04T18:34:32.189+0530] {processor.py:840} INFO - DAG(s) 'example_branch_operator' retrieved from /home/arun/.local/lib/python3.10/site-packages/airflow/example_dags/example_branch_operator.py
[2024-03-04T18:34:32.245+0530] {logging_mixin.py:188} INFO - [2024-03-04T18:34:32.245+0530] {dag.py:3036} INFO - Sync 1 DAGs
[2024-03-04T18:34:32.329+0530] {logging_mixin.py:188} INFO - [2024-03-04T18:34:32.328+0530] {dag.py:3823} INFO - Setting next_dagrun for example_branch_operator to 2024-03-03 00:00:00+00:00, run_after=2024-03-04 00:00:00+00:00
[2024-03-04T18:34:32.424+0530] {processor.py:183} INFO - Processing /home/arun/.local/lib/python3.10/site-packages/airflow/example_dags/example_branch_operator.py took 0.322 seconds
[2024-03-04T18:36:56.591+0530] {processor.py:161} INFO - Started process (PID=12449) to work on /home/arun/.local/lib/python3.10/site-packages/airflow/example_dags/example_branch_operator.py
[2024-03-04T18:36:56.623+0530] {processor.py:830} INFO - Processing file /home/arun/.local/lib/python3.10/site-packages/airflow/example_dags/example_branch_operator.py for tasks to queue
[2024-03-04T18:36:56.626+0530] {logging_mixin.py:188} INFO - [2024-03-04T18:36:56.625+0530] {dagbag.py:538} INFO - Filling up the DagBag from /home/arun/.local/lib/python3.10/site-packages/airflow/example_dags/example_branch_operator.py
[2024-03-04T18:36:56.717+0530] {processor.py:840} INFO - DAG(s) 'example_branch_operator' retrieved from /home/arun/.local/lib/python3.10/site-packages/airflow/example_dags/example_branch_operator.py
[2024-03-04T18:36:56.811+0530] {logging_mixin.py:188} INFO - [2024-03-04T18:36:56.811+0530] {dag.py:3036} INFO - Sync 1 DAGs
[2024-03-04T18:36:56.872+0530] {logging_mixin.py:188} INFO - [2024-03-04T18:36:56.872+0530] {dag.py:3823} INFO - Setting next_dagrun for example_branch_operator to 2024-03-03 00:00:00+00:00, run_after=2024-03-04 00:00:00+00:00
[2024-03-04T18:36:57.060+0530] {processor.py:183} INFO - Processing /home/arun/.local/lib/python3.10/site-packages/airflow/example_dags/example_branch_operator.py took 0.476 seconds
[2024-03-04T18:39:42.385+0530] {processor.py:161} INFO - Started process (PID=12620) to work on /home/arun/.local/lib/python3.10/site-packages/airflow/example_dags/example_branch_operator.py
[2024-03-04T18:39:42.438+0530] {processor.py:830} INFO - Processing file /home/arun/.local/lib/python3.10/site-packages/airflow/example_dags/example_branch_operator.py for tasks to queue
[2024-03-04T18:39:42.439+0530] {logging_mixin.py:188} INFO - [2024-03-04T18:39:42.439+0530] {dagbag.py:538} INFO - Filling up the DagBag from /home/arun/.local/lib/python3.10/site-packages/airflow/example_dags/example_branch_operator.py
[2024-03-04T18:39:42.525+0530] {processor.py:840} INFO - DAG(s) 'example_branch_operator' retrieved from /home/arun/.local/lib/python3.10/site-packages/airflow/example_dags/example_branch_operator.py
[2024-03-04T18:39:42.602+0530] {logging_mixin.py:188} INFO - [2024-03-04T18:39:42.601+0530] {dag.py:3036} INFO - Sync 1 DAGs
[2024-03-04T18:39:42.667+0530] {logging_mixin.py:188} INFO - [2024-03-04T18:39:42.667+0530] {dag.py:3823} INFO - Setting next_dagrun for example_branch_operator to 2024-03-03 00:00:00+00:00, run_after=2024-03-04 00:00:00+00:00
[2024-03-04T18:39:42.797+0530] {processor.py:183} INFO - Processing /home/arun/.local/lib/python3.10/site-packages/airflow/example_dags/example_branch_operator.py took 0.418 seconds
[2024-03-04T18:42:23.992+0530] {processor.py:161} INFO - Started process (PID=12884) to work on /home/arun/.local/lib/python3.10/site-packages/airflow/example_dags/example_branch_operator.py
[2024-03-04T18:42:24.033+0530] {processor.py:830} INFO - Processing file /home/arun/.local/lib/python3.10/site-packages/airflow/example_dags/example_branch_operator.py for tasks to queue
[2024-03-04T18:42:24.035+0530] {logging_mixin.py:188} INFO - [2024-03-04T18:42:24.034+0530] {dagbag.py:538} INFO - Filling up the DagBag from /home/arun/.local/lib/python3.10/site-packages/airflow/example_dags/example_branch_operator.py
[2024-03-04T18:42:24.106+0530] {processor.py:840} INFO - DAG(s) 'example_branch_operator' retrieved from /home/arun/.local/lib/python3.10/site-packages/airflow/example_dags/example_branch_operator.py
[2024-03-04T18:42:24.171+0530] {logging_mixin.py:188} INFO - [2024-03-04T18:42:24.171+0530] {dag.py:3036} INFO - Sync 1 DAGs
[2024-03-04T18:42:24.211+0530] {logging_mixin.py:188} INFO - [2024-03-04T18:42:24.211+0530] {dag.py:3823} INFO - Setting next_dagrun for example_branch_operator to 2024-03-03 00:00:00+00:00, run_after=2024-03-04 00:00:00+00:00
[2024-03-04T18:42:24.248+0530] {processor.py:183} INFO - Processing /home/arun/.local/lib/python3.10/site-packages/airflow/example_dags/example_branch_operator.py took 0.265 seconds
[2024-03-04T18:46:16.719+0530] {processor.py:161} INFO - Started process (PID=13938) to work on /home/arun/.local/lib/python3.10/site-packages/airflow/example_dags/example_branch_operator.py
[2024-03-04T18:46:16.722+0530] {processor.py:830} INFO - Processing file /home/arun/.local/lib/python3.10/site-packages/airflow/example_dags/example_branch_operator.py for tasks to queue
[2024-03-04T18:46:16.723+0530] {logging_mixin.py:188} INFO - [2024-03-04T18:46:16.722+0530] {dagbag.py:538} INFO - Filling up the DagBag from /home/arun/.local/lib/python3.10/site-packages/airflow/example_dags/example_branch_operator.py
[2024-03-04T18:46:16.756+0530] {processor.py:840} INFO - DAG(s) 'example_branch_operator' retrieved from /home/arun/.local/lib/python3.10/site-packages/airflow/example_dags/example_branch_operator.py
[2024-03-04T18:46:16.822+0530] {logging_mixin.py:188} INFO - [2024-03-04T18:46:16.822+0530] {dag.py:3036} INFO - Sync 1 DAGs
[2024-03-04T18:46:16.882+0530] {logging_mixin.py:188} INFO - [2024-03-04T18:46:16.882+0530] {dag.py:3823} INFO - Setting next_dagrun for example_branch_operator to 2024-03-03 00:00:00+00:00, run_after=2024-03-04 00:00:00+00:00
[2024-03-04T18:46:16.995+0530] {processor.py:183} INFO - Processing /home/arun/.local/lib/python3.10/site-packages/airflow/example_dags/example_branch_operator.py took 0.281 seconds
[2024-03-04T18:55:58.970+0530] {processor.py:161} INFO - Started process (PID=5853) to work on /home/arun/.local/lib/python3.10/site-packages/airflow/example_dags/example_branch_operator.py
[2024-03-04T18:55:58.988+0530] {processor.py:830} INFO - Processing file /home/arun/.local/lib/python3.10/site-packages/airflow/example_dags/example_branch_operator.py for tasks to queue
[2024-03-04T18:55:58.992+0530] {logging_mixin.py:188} INFO - [2024-03-04T18:55:58.989+0530] {dagbag.py:538} INFO - Filling up the DagBag from /home/arun/.local/lib/python3.10/site-packages/airflow/example_dags/example_branch_operator.py
[2024-03-04T18:55:59.031+0530] {processor.py:840} INFO - DAG(s) 'example_branch_operator' retrieved from /home/arun/.local/lib/python3.10/site-packages/airflow/example_dags/example_branch_operator.py
[2024-03-04T18:55:59.505+0530] {logging_mixin.py:188} INFO - [2024-03-04T18:55:59.504+0530] {dag.py:3036} INFO - Sync 1 DAGs
[2024-03-04T18:55:59.530+0530] {logging_mixin.py:188} INFO - [2024-03-04T18:55:59.529+0530] {dag.py:3823} INFO - Setting next_dagrun for example_branch_operator to 2024-03-03 00:00:00+00:00, run_after=2024-03-04 00:00:00+00:00
[2024-03-04T18:55:59.648+0530] {processor.py:183} INFO - Processing /home/arun/.local/lib/python3.10/site-packages/airflow/example_dags/example_branch_operator.py took 0.688 seconds
[2024-03-04T18:58:18.848+0530] {processor.py:161} INFO - Started process (PID=6044) to work on /home/arun/.local/lib/python3.10/site-packages/airflow/example_dags/example_branch_operator.py
[2024-03-04T18:58:18.857+0530] {processor.py:830} INFO - Processing file /home/arun/.local/lib/python3.10/site-packages/airflow/example_dags/example_branch_operator.py for tasks to queue
[2024-03-04T18:58:18.859+0530] {logging_mixin.py:188} INFO - [2024-03-04T18:58:18.858+0530] {dagbag.py:538} INFO - Filling up the DagBag from /home/arun/.local/lib/python3.10/site-packages/airflow/example_dags/example_branch_operator.py
[2024-03-04T18:58:18.885+0530] {processor.py:840} INFO - DAG(s) 'example_branch_operator' retrieved from /home/arun/.local/lib/python3.10/site-packages/airflow/example_dags/example_branch_operator.py
[2024-03-04T18:58:18.935+0530] {logging_mixin.py:188} INFO - [2024-03-04T18:58:18.934+0530] {dag.py:3036} INFO - Sync 1 DAGs
[2024-03-04T18:58:18.980+0530] {logging_mixin.py:188} INFO - [2024-03-04T18:58:18.979+0530] {dag.py:3823} INFO - Setting next_dagrun for example_branch_operator to 2024-03-03 00:00:00+00:00, run_after=2024-03-04 00:00:00+00:00
[2024-03-04T18:58:19.049+0530] {processor.py:183} INFO - Processing /home/arun/.local/lib/python3.10/site-packages/airflow/example_dags/example_branch_operator.py took 0.206 seconds
[2024-03-04T19:00:27.540+0530] {processor.py:161} INFO - Started process (PID=6450) to work on /home/arun/.local/lib/python3.10/site-packages/airflow/example_dags/example_branch_operator.py
[2024-03-04T19:00:27.543+0530] {processor.py:830} INFO - Processing file /home/arun/.local/lib/python3.10/site-packages/airflow/example_dags/example_branch_operator.py for tasks to queue
[2024-03-04T19:00:27.545+0530] {logging_mixin.py:188} INFO - [2024-03-04T19:00:27.544+0530] {dagbag.py:538} INFO - Filling up the DagBag from /home/arun/.local/lib/python3.10/site-packages/airflow/example_dags/example_branch_operator.py
[2024-03-04T19:00:27.579+0530] {processor.py:840} INFO - DAG(s) 'example_branch_operator' retrieved from /home/arun/.local/lib/python3.10/site-packages/airflow/example_dags/example_branch_operator.py
[2024-03-04T19:00:27.621+0530] {logging_mixin.py:188} INFO - [2024-03-04T19:00:27.621+0530] {dag.py:3036} INFO - Sync 1 DAGs
[2024-03-04T19:00:27.657+0530] {logging_mixin.py:188} INFO - [2024-03-04T19:00:27.657+0530] {dag.py:3823} INFO - Setting next_dagrun for example_branch_operator to 2024-03-03 00:00:00+00:00, run_after=2024-03-04 00:00:00+00:00
[2024-03-04T19:00:27.782+0530] {processor.py:183} INFO - Processing /home/arun/.local/lib/python3.10/site-packages/airflow/example_dags/example_branch_operator.py took 0.248 seconds
[2024-03-04T19:02:14.583+0530] {processor.py:161} INFO - Started process (PID=6662) to work on /home/arun/.local/lib/python3.10/site-packages/airflow/example_dags/example_branch_operator.py
[2024-03-04T19:02:14.661+0530] {processor.py:830} INFO - Processing file /home/arun/.local/lib/python3.10/site-packages/airflow/example_dags/example_branch_operator.py for tasks to queue
[2024-03-04T19:02:14.663+0530] {logging_mixin.py:188} INFO - [2024-03-04T19:02:14.662+0530] {dagbag.py:538} INFO - Filling up the DagBag from /home/arun/.local/lib/python3.10/site-packages/airflow/example_dags/example_branch_operator.py
[2024-03-04T19:02:14.714+0530] {processor.py:840} INFO - DAG(s) 'example_branch_operator' retrieved from /home/arun/.local/lib/python3.10/site-packages/airflow/example_dags/example_branch_operator.py
[2024-03-04T19:02:14.793+0530] {logging_mixin.py:188} INFO - [2024-03-04T19:02:14.793+0530] {dag.py:3036} INFO - Sync 1 DAGs
[2024-03-04T19:02:14.847+0530] {logging_mixin.py:188} INFO - [2024-03-04T19:02:14.847+0530] {dag.py:3823} INFO - Setting next_dagrun for example_branch_operator to 2024-03-03 00:00:00+00:00, run_after=2024-03-04 00:00:00+00:00
[2024-03-04T19:02:14.957+0530] {processor.py:183} INFO - Processing /home/arun/.local/lib/python3.10/site-packages/airflow/example_dags/example_branch_operator.py took 0.387 seconds
[2024-03-04T19:06:06.942+0530] {processor.py:161} INFO - Started process (PID=7019) to work on /home/arun/.local/lib/python3.10/site-packages/airflow/example_dags/example_branch_operator.py
[2024-03-04T19:06:07.028+0530] {processor.py:830} INFO - Processing file /home/arun/.local/lib/python3.10/site-packages/airflow/example_dags/example_branch_operator.py for tasks to queue
[2024-03-04T19:06:07.030+0530] {logging_mixin.py:188} INFO - [2024-03-04T19:06:07.029+0530] {dagbag.py:538} INFO - Filling up the DagBag from /home/arun/.local/lib/python3.10/site-packages/airflow/example_dags/example_branch_operator.py
[2024-03-04T19:06:07.071+0530] {processor.py:840} INFO - DAG(s) 'example_branch_operator' retrieved from /home/arun/.local/lib/python3.10/site-packages/airflow/example_dags/example_branch_operator.py
[2024-03-04T19:06:07.131+0530] {logging_mixin.py:188} INFO - [2024-03-04T19:06:07.131+0530] {dag.py:3036} INFO - Sync 1 DAGs
[2024-03-04T19:06:07.214+0530] {logging_mixin.py:188} INFO - [2024-03-04T19:06:07.213+0530] {dag.py:3823} INFO - Setting next_dagrun for example_branch_operator to 2024-03-03 00:00:00+00:00, run_after=2024-03-04 00:00:00+00:00
[2024-03-04T19:06:07.356+0530] {processor.py:183} INFO - Processing /home/arun/.local/lib/python3.10/site-packages/airflow/example_dags/example_branch_operator.py took 0.420 seconds
[2024-03-04T19:07:51.018+0530] {processor.py:161} INFO - Started process (PID=7202) to work on /home/arun/.local/lib/python3.10/site-packages/airflow/example_dags/example_branch_operator.py
[2024-03-04T19:07:51.062+0530] {processor.py:830} INFO - Processing file /home/arun/.local/lib/python3.10/site-packages/airflow/example_dags/example_branch_operator.py for tasks to queue
[2024-03-04T19:07:51.066+0530] {logging_mixin.py:188} INFO - [2024-03-04T19:07:51.066+0530] {dagbag.py:538} INFO - Filling up the DagBag from /home/arun/.local/lib/python3.10/site-packages/airflow/example_dags/example_branch_operator.py
[2024-03-04T19:07:51.103+0530] {processor.py:840} INFO - DAG(s) 'example_branch_operator' retrieved from /home/arun/.local/lib/python3.10/site-packages/airflow/example_dags/example_branch_operator.py
[2024-03-04T19:07:51.184+0530] {logging_mixin.py:188} INFO - [2024-03-04T19:07:51.184+0530] {dag.py:3036} INFO - Sync 1 DAGs
[2024-03-04T19:07:51.216+0530] {logging_mixin.py:188} INFO - [2024-03-04T19:07:51.215+0530] {dag.py:3823} INFO - Setting next_dagrun for example_branch_operator to 2024-03-03 00:00:00+00:00, run_after=2024-03-04 00:00:00+00:00
[2024-03-04T19:07:51.249+0530] {processor.py:183} INFO - Processing /home/arun/.local/lib/python3.10/site-packages/airflow/example_dags/example_branch_operator.py took 0.236 seconds
[2024-03-04T19:09:05.790+0530] {processor.py:161} INFO - Started process (PID=7357) to work on /home/arun/.local/lib/python3.10/site-packages/airflow/example_dags/example_branch_operator.py
[2024-03-04T19:09:05.799+0530] {processor.py:830} INFO - Processing file /home/arun/.local/lib/python3.10/site-packages/airflow/example_dags/example_branch_operator.py for tasks to queue
[2024-03-04T19:09:05.800+0530] {logging_mixin.py:188} INFO - [2024-03-04T19:09:05.799+0530] {dagbag.py:538} INFO - Filling up the DagBag from /home/arun/.local/lib/python3.10/site-packages/airflow/example_dags/example_branch_operator.py
[2024-03-04T19:09:05.820+0530] {processor.py:840} INFO - DAG(s) 'example_branch_operator' retrieved from /home/arun/.local/lib/python3.10/site-packages/airflow/example_dags/example_branch_operator.py
[2024-03-04T19:09:05.846+0530] {logging_mixin.py:188} INFO - [2024-03-04T19:09:05.846+0530] {dag.py:3036} INFO - Sync 1 DAGs
[2024-03-04T19:09:05.874+0530] {logging_mixin.py:188} INFO - [2024-03-04T19:09:05.873+0530] {dag.py:3823} INFO - Setting next_dagrun for example_branch_operator to 2024-03-03 00:00:00+00:00, run_after=2024-03-04 00:00:00+00:00
[2024-03-04T19:09:05.910+0530] {processor.py:183} INFO - Processing /home/arun/.local/lib/python3.10/site-packages/airflow/example_dags/example_branch_operator.py took 0.124 seconds
[2024-03-04T19:10:30.549+0530] {processor.py:161} INFO - Started process (PID=7525) to work on /home/arun/.local/lib/python3.10/site-packages/airflow/example_dags/example_branch_operator.py
[2024-03-04T19:10:30.584+0530] {processor.py:830} INFO - Processing file /home/arun/.local/lib/python3.10/site-packages/airflow/example_dags/example_branch_operator.py for tasks to queue
[2024-03-04T19:10:30.585+0530] {logging_mixin.py:188} INFO - [2024-03-04T19:10:30.585+0530] {dagbag.py:538} INFO - Filling up the DagBag from /home/arun/.local/lib/python3.10/site-packages/airflow/example_dags/example_branch_operator.py
[2024-03-04T19:10:30.605+0530] {processor.py:840} INFO - DAG(s) 'example_branch_operator' retrieved from /home/arun/.local/lib/python3.10/site-packages/airflow/example_dags/example_branch_operator.py
[2024-03-04T19:10:30.633+0530] {logging_mixin.py:188} INFO - [2024-03-04T19:10:30.632+0530] {dag.py:3036} INFO - Sync 1 DAGs
[2024-03-04T19:10:30.658+0530] {logging_mixin.py:188} INFO - [2024-03-04T19:10:30.658+0530] {dag.py:3823} INFO - Setting next_dagrun for example_branch_operator to 2024-03-03 00:00:00+00:00, run_after=2024-03-04 00:00:00+00:00
[2024-03-04T19:10:30.687+0530] {processor.py:183} INFO - Processing /home/arun/.local/lib/python3.10/site-packages/airflow/example_dags/example_branch_operator.py took 0.143 seconds
[2024-03-04T19:11:56.019+0530] {processor.py:161} INFO - Started process (PID=7674) to work on /home/arun/.local/lib/python3.10/site-packages/airflow/example_dags/example_branch_operator.py
[2024-03-04T19:11:56.068+0530] {processor.py:830} INFO - Processing file /home/arun/.local/lib/python3.10/site-packages/airflow/example_dags/example_branch_operator.py for tasks to queue
[2024-03-04T19:11:56.074+0530] {logging_mixin.py:188} INFO - [2024-03-04T19:11:56.073+0530] {dagbag.py:538} INFO - Filling up the DagBag from /home/arun/.local/lib/python3.10/site-packages/airflow/example_dags/example_branch_operator.py
[2024-03-04T19:11:56.113+0530] {processor.py:840} INFO - DAG(s) 'example_branch_operator' retrieved from /home/arun/.local/lib/python3.10/site-packages/airflow/example_dags/example_branch_operator.py
[2024-03-04T19:11:56.150+0530] {logging_mixin.py:188} INFO - [2024-03-04T19:11:56.150+0530] {dag.py:3036} INFO - Sync 1 DAGs
[2024-03-04T19:11:56.172+0530] {logging_mixin.py:188} INFO - [2024-03-04T19:11:56.172+0530] {dag.py:3823} INFO - Setting next_dagrun for example_branch_operator to 2024-03-03 00:00:00+00:00, run_after=2024-03-04 00:00:00+00:00
[2024-03-04T19:11:56.201+0530] {processor.py:183} INFO - Processing /home/arun/.local/lib/python3.10/site-packages/airflow/example_dags/example_branch_operator.py took 0.188 seconds
[2024-03-04T19:13:24.350+0530] {processor.py:161} INFO - Started process (PID=7838) to work on /home/arun/.local/lib/python3.10/site-packages/airflow/example_dags/example_branch_operator.py
[2024-03-04T19:13:24.390+0530] {processor.py:830} INFO - Processing file /home/arun/.local/lib/python3.10/site-packages/airflow/example_dags/example_branch_operator.py for tasks to queue
[2024-03-04T19:13:24.392+0530] {logging_mixin.py:188} INFO - [2024-03-04T19:13:24.392+0530] {dagbag.py:538} INFO - Filling up the DagBag from /home/arun/.local/lib/python3.10/site-packages/airflow/example_dags/example_branch_operator.py
[2024-03-04T19:13:24.424+0530] {processor.py:840} INFO - DAG(s) 'example_branch_operator' retrieved from /home/arun/.local/lib/python3.10/site-packages/airflow/example_dags/example_branch_operator.py
[2024-03-04T19:13:24.502+0530] {logging_mixin.py:188} INFO - [2024-03-04T19:13:24.502+0530] {dag.py:3036} INFO - Sync 1 DAGs
[2024-03-04T19:13:24.551+0530] {logging_mixin.py:188} INFO - [2024-03-04T19:13:24.551+0530] {dag.py:3823} INFO - Setting next_dagrun for example_branch_operator to 2024-03-03 00:00:00+00:00, run_after=2024-03-04 00:00:00+00:00
[2024-03-04T19:13:24.593+0530] {processor.py:183} INFO - Processing /home/arun/.local/lib/python3.10/site-packages/airflow/example_dags/example_branch_operator.py took 0.267 seconds
[2024-03-04T19:14:50.676+0530] {processor.py:161} INFO - Started process (PID=7995) to work on /home/arun/.local/lib/python3.10/site-packages/airflow/example_dags/example_branch_operator.py
[2024-03-04T19:14:50.692+0530] {processor.py:830} INFO - Processing file /home/arun/.local/lib/python3.10/site-packages/airflow/example_dags/example_branch_operator.py for tasks to queue
[2024-03-04T19:14:50.694+0530] {logging_mixin.py:188} INFO - [2024-03-04T19:14:50.693+0530] {dagbag.py:538} INFO - Filling up the DagBag from /home/arun/.local/lib/python3.10/site-packages/airflow/example_dags/example_branch_operator.py
[2024-03-04T19:14:50.737+0530] {processor.py:840} INFO - DAG(s) 'example_branch_operator' retrieved from /home/arun/.local/lib/python3.10/site-packages/airflow/example_dags/example_branch_operator.py
[2024-03-04T19:14:50.831+0530] {logging_mixin.py:188} INFO - [2024-03-04T19:14:50.831+0530] {dag.py:3036} INFO - Sync 1 DAGs
[2024-03-04T19:14:50.897+0530] {logging_mixin.py:188} INFO - [2024-03-04T19:14:50.896+0530] {dag.py:3823} INFO - Setting next_dagrun for example_branch_operator to 2024-03-03 00:00:00+00:00, run_after=2024-03-04 00:00:00+00:00
[2024-03-04T19:14:50.946+0530] {processor.py:183} INFO - Processing /home/arun/.local/lib/python3.10/site-packages/airflow/example_dags/example_branch_operator.py took 0.276 seconds
[2024-03-04T19:16:14.962+0530] {processor.py:161} INFO - Started process (PID=8226) to work on /home/arun/.local/lib/python3.10/site-packages/airflow/example_dags/example_branch_operator.py
[2024-03-04T19:16:14.999+0530] {processor.py:830} INFO - Processing file /home/arun/.local/lib/python3.10/site-packages/airflow/example_dags/example_branch_operator.py for tasks to queue
[2024-03-04T19:16:15.000+0530] {logging_mixin.py:188} INFO - [2024-03-04T19:16:15.000+0530] {dagbag.py:538} INFO - Filling up the DagBag from /home/arun/.local/lib/python3.10/site-packages/airflow/example_dags/example_branch_operator.py
[2024-03-04T19:16:15.019+0530] {processor.py:840} INFO - DAG(s) 'example_branch_operator' retrieved from /home/arun/.local/lib/python3.10/site-packages/airflow/example_dags/example_branch_operator.py
[2024-03-04T19:16:15.044+0530] {logging_mixin.py:188} INFO - [2024-03-04T19:16:15.043+0530] {dag.py:3036} INFO - Sync 1 DAGs
[2024-03-04T19:16:15.066+0530] {logging_mixin.py:188} INFO - [2024-03-04T19:16:15.066+0530] {dag.py:3823} INFO - Setting next_dagrun for example_branch_operator to 2024-03-03 00:00:00+00:00, run_after=2024-03-04 00:00:00+00:00
[2024-03-04T19:16:15.094+0530] {processor.py:183} INFO - Processing /home/arun/.local/lib/python3.10/site-packages/airflow/example_dags/example_branch_operator.py took 0.136 seconds
[2024-03-04T19:17:41.561+0530] {processor.py:161} INFO - Started process (PID=8393) to work on /home/arun/.local/lib/python3.10/site-packages/airflow/example_dags/example_branch_operator.py
[2024-03-04T19:17:41.564+0530] {processor.py:830} INFO - Processing file /home/arun/.local/lib/python3.10/site-packages/airflow/example_dags/example_branch_operator.py for tasks to queue
[2024-03-04T19:17:41.565+0530] {logging_mixin.py:188} INFO - [2024-03-04T19:17:41.564+0530] {dagbag.py:538} INFO - Filling up the DagBag from /home/arun/.local/lib/python3.10/site-packages/airflow/example_dags/example_branch_operator.py
[2024-03-04T19:17:41.593+0530] {processor.py:840} INFO - DAG(s) 'example_branch_operator' retrieved from /home/arun/.local/lib/python3.10/site-packages/airflow/example_dags/example_branch_operator.py
[2024-03-04T19:17:41.620+0530] {logging_mixin.py:188} INFO - [2024-03-04T19:17:41.620+0530] {dag.py:3036} INFO - Sync 1 DAGs
[2024-03-04T19:17:41.648+0530] {logging_mixin.py:188} INFO - [2024-03-04T19:17:41.647+0530] {dag.py:3823} INFO - Setting next_dagrun for example_branch_operator to 2024-03-03 00:00:00+00:00, run_after=2024-03-04 00:00:00+00:00
[2024-03-04T19:17:41.685+0530] {processor.py:183} INFO - Processing /home/arun/.local/lib/python3.10/site-packages/airflow/example_dags/example_branch_operator.py took 0.129 seconds
[2024-03-04T19:19:04.545+0530] {processor.py:161} INFO - Started process (PID=8566) to work on /home/arun/.local/lib/python3.10/site-packages/airflow/example_dags/example_branch_operator.py
[2024-03-04T19:19:04.548+0530] {processor.py:830} INFO - Processing file /home/arun/.local/lib/python3.10/site-packages/airflow/example_dags/example_branch_operator.py for tasks to queue
[2024-03-04T19:19:04.550+0530] {logging_mixin.py:188} INFO - [2024-03-04T19:19:04.550+0530] {dagbag.py:538} INFO - Filling up the DagBag from /home/arun/.local/lib/python3.10/site-packages/airflow/example_dags/example_branch_operator.py
[2024-03-04T19:19:04.595+0530] {processor.py:840} INFO - DAG(s) 'example_branch_operator' retrieved from /home/arun/.local/lib/python3.10/site-packages/airflow/example_dags/example_branch_operator.py
[2024-03-04T19:19:04.681+0530] {logging_mixin.py:188} INFO - [2024-03-04T19:19:04.681+0530] {dag.py:3036} INFO - Sync 1 DAGs
[2024-03-04T19:19:04.749+0530] {logging_mixin.py:188} INFO - [2024-03-04T19:19:04.748+0530] {dag.py:3823} INFO - Setting next_dagrun for example_branch_operator to 2024-03-03 00:00:00+00:00, run_after=2024-03-04 00:00:00+00:00
[2024-03-04T19:19:04.931+0530] {processor.py:183} INFO - Processing /home/arun/.local/lib/python3.10/site-packages/airflow/example_dags/example_branch_operator.py took 0.401 seconds
[2024-03-04T19:20:34.090+0530] {processor.py:161} INFO - Started process (PID=8734) to work on /home/arun/.local/lib/python3.10/site-packages/airflow/example_dags/example_branch_operator.py
[2024-03-04T19:20:34.093+0530] {processor.py:830} INFO - Processing file /home/arun/.local/lib/python3.10/site-packages/airflow/example_dags/example_branch_operator.py for tasks to queue
[2024-03-04T19:20:34.096+0530] {logging_mixin.py:188} INFO - [2024-03-04T19:20:34.096+0530] {dagbag.py:538} INFO - Filling up the DagBag from /home/arun/.local/lib/python3.10/site-packages/airflow/example_dags/example_branch_operator.py
[2024-03-04T19:20:34.122+0530] {processor.py:840} INFO - DAG(s) 'example_branch_operator' retrieved from /home/arun/.local/lib/python3.10/site-packages/airflow/example_dags/example_branch_operator.py
[2024-03-04T19:20:34.148+0530] {logging_mixin.py:188} INFO - [2024-03-04T19:20:34.148+0530] {dag.py:3036} INFO - Sync 1 DAGs
[2024-03-04T19:20:34.170+0530] {logging_mixin.py:188} INFO - [2024-03-04T19:20:34.170+0530] {dag.py:3823} INFO - Setting next_dagrun for example_branch_operator to 2024-03-03 00:00:00+00:00, run_after=2024-03-04 00:00:00+00:00
[2024-03-04T19:20:34.202+0530] {processor.py:183} INFO - Processing /home/arun/.local/lib/python3.10/site-packages/airflow/example_dags/example_branch_operator.py took 0.116 seconds
[2024-03-04T19:22:00.294+0530] {processor.py:161} INFO - Started process (PID=8933) to work on /home/arun/.local/lib/python3.10/site-packages/airflow/example_dags/example_branch_operator.py
[2024-03-04T19:22:00.340+0530] {processor.py:830} INFO - Processing file /home/arun/.local/lib/python3.10/site-packages/airflow/example_dags/example_branch_operator.py for tasks to queue
[2024-03-04T19:22:00.341+0530] {logging_mixin.py:188} INFO - [2024-03-04T19:22:00.340+0530] {dagbag.py:538} INFO - Filling up the DagBag from /home/arun/.local/lib/python3.10/site-packages/airflow/example_dags/example_branch_operator.py
[2024-03-04T19:22:00.397+0530] {processor.py:840} INFO - DAG(s) 'example_branch_operator' retrieved from /home/arun/.local/lib/python3.10/site-packages/airflow/example_dags/example_branch_operator.py
[2024-03-04T19:22:00.449+0530] {logging_mixin.py:188} INFO - [2024-03-04T19:22:00.449+0530] {dag.py:3036} INFO - Sync 1 DAGs
[2024-03-04T19:22:00.516+0530] {logging_mixin.py:188} INFO - [2024-03-04T19:22:00.516+0530] {dag.py:3823} INFO - Setting next_dagrun for example_branch_operator to 2024-03-03 00:00:00+00:00, run_after=2024-03-04 00:00:00+00:00
[2024-03-04T19:22:00.555+0530] {processor.py:183} INFO - Processing /home/arun/.local/lib/python3.10/site-packages/airflow/example_dags/example_branch_operator.py took 0.269 seconds
[2024-03-04T19:23:26.111+0530] {processor.py:161} INFO - Started process (PID=9082) to work on /home/arun/.local/lib/python3.10/site-packages/airflow/example_dags/example_branch_operator.py
[2024-03-04T19:23:26.136+0530] {processor.py:830} INFO - Processing file /home/arun/.local/lib/python3.10/site-packages/airflow/example_dags/example_branch_operator.py for tasks to queue
[2024-03-04T19:23:26.137+0530] {logging_mixin.py:188} INFO - [2024-03-04T19:23:26.137+0530] {dagbag.py:538} INFO - Filling up the DagBag from /home/arun/.local/lib/python3.10/site-packages/airflow/example_dags/example_branch_operator.py
[2024-03-04T19:23:26.163+0530] {processor.py:840} INFO - DAG(s) 'example_branch_operator' retrieved from /home/arun/.local/lib/python3.10/site-packages/airflow/example_dags/example_branch_operator.py
[2024-03-04T19:23:26.196+0530] {logging_mixin.py:188} INFO - [2024-03-04T19:23:26.196+0530] {dag.py:3036} INFO - Sync 1 DAGs
[2024-03-04T19:23:26.238+0530] {logging_mixin.py:188} INFO - [2024-03-04T19:23:26.237+0530] {dag.py:3823} INFO - Setting next_dagrun for example_branch_operator to 2024-03-03 00:00:00+00:00, run_after=2024-03-04 00:00:00+00:00
[2024-03-04T19:23:26.269+0530] {processor.py:183} INFO - Processing /home/arun/.local/lib/python3.10/site-packages/airflow/example_dags/example_branch_operator.py took 0.185 seconds
[2024-03-04T19:24:46.748+0530] {processor.py:161} INFO - Started process (PID=9253) to work on /home/arun/.local/lib/python3.10/site-packages/airflow/example_dags/example_branch_operator.py
[2024-03-04T19:24:46.789+0530] {processor.py:830} INFO - Processing file /home/arun/.local/lib/python3.10/site-packages/airflow/example_dags/example_branch_operator.py for tasks to queue
[2024-03-04T19:24:46.790+0530] {logging_mixin.py:188} INFO - [2024-03-04T19:24:46.790+0530] {dagbag.py:538} INFO - Filling up the DagBag from /home/arun/.local/lib/python3.10/site-packages/airflow/example_dags/example_branch_operator.py
[2024-03-04T19:24:46.828+0530] {processor.py:840} INFO - DAG(s) 'example_branch_operator' retrieved from /home/arun/.local/lib/python3.10/site-packages/airflow/example_dags/example_branch_operator.py
[2024-03-04T19:24:46.881+0530] {logging_mixin.py:188} INFO - [2024-03-04T19:24:46.880+0530] {dag.py:3036} INFO - Sync 1 DAGs
[2024-03-04T19:24:46.924+0530] {logging_mixin.py:188} INFO - [2024-03-04T19:24:46.924+0530] {dag.py:3823} INFO - Setting next_dagrun for example_branch_operator to 2024-03-03 00:00:00+00:00, run_after=2024-03-04 00:00:00+00:00
[2024-03-04T19:24:46.980+0530] {processor.py:183} INFO - Processing /home/arun/.local/lib/python3.10/site-packages/airflow/example_dags/example_branch_operator.py took 0.236 seconds
[2024-03-04T19:26:05.933+0530] {processor.py:161} INFO - Started process (PID=9397) to work on /home/arun/.local/lib/python3.10/site-packages/airflow/example_dags/example_branch_operator.py
[2024-03-04T19:26:05.953+0530] {processor.py:830} INFO - Processing file /home/arun/.local/lib/python3.10/site-packages/airflow/example_dags/example_branch_operator.py for tasks to queue
[2024-03-04T19:26:05.954+0530] {logging_mixin.py:188} INFO - [2024-03-04T19:26:05.954+0530] {dagbag.py:538} INFO - Filling up the DagBag from /home/arun/.local/lib/python3.10/site-packages/airflow/example_dags/example_branch_operator.py
[2024-03-04T19:26:05.980+0530] {processor.py:840} INFO - DAG(s) 'example_branch_operator' retrieved from /home/arun/.local/lib/python3.10/site-packages/airflow/example_dags/example_branch_operator.py
[2024-03-04T19:26:06.019+0530] {logging_mixin.py:188} INFO - [2024-03-04T19:26:06.018+0530] {dag.py:3036} INFO - Sync 1 DAGs
[2024-03-04T19:26:06.047+0530] {logging_mixin.py:188} INFO - [2024-03-04T19:26:06.046+0530] {dag.py:3823} INFO - Setting next_dagrun for example_branch_operator to 2024-03-03 00:00:00+00:00, run_after=2024-03-04 00:00:00+00:00
[2024-03-04T19:26:06.077+0530] {processor.py:183} INFO - Processing /home/arun/.local/lib/python3.10/site-packages/airflow/example_dags/example_branch_operator.py took 0.148 seconds
[2024-03-04T19:27:22.393+0530] {processor.py:161} INFO - Started process (PID=9562) to work on /home/arun/.local/lib/python3.10/site-packages/airflow/example_dags/example_branch_operator.py
[2024-03-04T19:27:22.428+0530] {processor.py:830} INFO - Processing file /home/arun/.local/lib/python3.10/site-packages/airflow/example_dags/example_branch_operator.py for tasks to queue
[2024-03-04T19:27:22.430+0530] {logging_mixin.py:188} INFO - [2024-03-04T19:27:22.429+0530] {dagbag.py:538} INFO - Filling up the DagBag from /home/arun/.local/lib/python3.10/site-packages/airflow/example_dags/example_branch_operator.py
[2024-03-04T19:27:22.459+0530] {processor.py:840} INFO - DAG(s) 'example_branch_operator' retrieved from /home/arun/.local/lib/python3.10/site-packages/airflow/example_dags/example_branch_operator.py
[2024-03-04T19:27:22.508+0530] {logging_mixin.py:188} INFO - [2024-03-04T19:27:22.507+0530] {dag.py:3036} INFO - Sync 1 DAGs
[2024-03-04T19:27:22.547+0530] {logging_mixin.py:188} INFO - [2024-03-04T19:27:22.547+0530] {dag.py:3823} INFO - Setting next_dagrun for example_branch_operator to 2024-03-03 00:00:00+00:00, run_after=2024-03-04 00:00:00+00:00
[2024-03-04T19:27:22.601+0530] {processor.py:183} INFO - Processing /home/arun/.local/lib/python3.10/site-packages/airflow/example_dags/example_branch_operator.py took 0.212 seconds
[2024-03-04T19:28:50.427+0530] {processor.py:161} INFO - Started process (PID=9773) to work on /home/arun/.local/lib/python3.10/site-packages/airflow/example_dags/example_branch_operator.py
[2024-03-04T19:28:50.485+0530] {processor.py:830} INFO - Processing file /home/arun/.local/lib/python3.10/site-packages/airflow/example_dags/example_branch_operator.py for tasks to queue
[2024-03-04T19:28:50.512+0530] {logging_mixin.py:188} INFO - [2024-03-04T19:28:50.511+0530] {dagbag.py:538} INFO - Filling up the DagBag from /home/arun/.local/lib/python3.10/site-packages/airflow/example_dags/example_branch_operator.py
[2024-03-04T19:28:50.547+0530] {processor.py:840} INFO - DAG(s) 'example_branch_operator' retrieved from /home/arun/.local/lib/python3.10/site-packages/airflow/example_dags/example_branch_operator.py
[2024-03-04T19:28:50.627+0530] {logging_mixin.py:188} INFO - [2024-03-04T19:28:50.626+0530] {dag.py:3036} INFO - Sync 1 DAGs
[2024-03-04T19:28:50.671+0530] {logging_mixin.py:188} INFO - [2024-03-04T19:28:50.671+0530] {dag.py:3823} INFO - Setting next_dagrun for example_branch_operator to 2024-03-03 00:00:00+00:00, run_after=2024-03-04 00:00:00+00:00
[2024-03-04T19:28:50.718+0530] {processor.py:183} INFO - Processing /home/arun/.local/lib/python3.10/site-packages/airflow/example_dags/example_branch_operator.py took 0.297 seconds
[2024-03-04T22:56:27.020+0530] {processor.py:161} INFO - Started process (PID=5676) to work on /home/arun/.local/lib/python3.10/site-packages/airflow/example_dags/example_branch_operator.py
[2024-03-04T22:56:27.081+0530] {processor.py:830} INFO - Processing file /home/arun/.local/lib/python3.10/site-packages/airflow/example_dags/example_branch_operator.py for tasks to queue
[2024-03-04T22:56:27.083+0530] {logging_mixin.py:188} INFO - [2024-03-04T22:56:27.082+0530] {dagbag.py:538} INFO - Filling up the DagBag from /home/arun/.local/lib/python3.10/site-packages/airflow/example_dags/example_branch_operator.py
[2024-03-04T22:56:27.138+0530] {processor.py:840} INFO - DAG(s) 'example_branch_operator' retrieved from /home/arun/.local/lib/python3.10/site-packages/airflow/example_dags/example_branch_operator.py
[2024-03-04T22:56:27.401+0530] {logging_mixin.py:188} INFO - [2024-03-04T22:56:27.400+0530] {dag.py:3036} INFO - Sync 1 DAGs
[2024-03-04T22:56:27.445+0530] {logging_mixin.py:188} INFO - [2024-03-04T22:56:27.444+0530] {dag.py:3823} INFO - Setting next_dagrun for example_branch_operator to 2024-03-03 00:00:00+00:00, run_after=2024-03-04 00:00:00+00:00
[2024-03-04T22:56:27.575+0530] {processor.py:183} INFO - Processing /home/arun/.local/lib/python3.10/site-packages/airflow/example_dags/example_branch_operator.py took 0.569 seconds
[2024-03-04T22:58:37.232+0530] {processor.py:161} INFO - Started process (PID=5814) to work on /home/arun/.local/lib/python3.10/site-packages/airflow/example_dags/example_branch_operator.py
[2024-03-04T22:58:37.264+0530] {processor.py:830} INFO - Processing file /home/arun/.local/lib/python3.10/site-packages/airflow/example_dags/example_branch_operator.py for tasks to queue
[2024-03-04T22:58:37.266+0530] {logging_mixin.py:188} INFO - [2024-03-04T22:58:37.265+0530] {dagbag.py:538} INFO - Filling up the DagBag from /home/arun/.local/lib/python3.10/site-packages/airflow/example_dags/example_branch_operator.py
[2024-03-04T22:58:37.314+0530] {processor.py:840} INFO - DAG(s) 'example_branch_operator' retrieved from /home/arun/.local/lib/python3.10/site-packages/airflow/example_dags/example_branch_operator.py
[2024-03-04T22:58:37.360+0530] {logging_mixin.py:188} INFO - [2024-03-04T22:58:37.359+0530] {dag.py:3036} INFO - Sync 1 DAGs
[2024-03-04T22:58:37.396+0530] {logging_mixin.py:188} INFO - [2024-03-04T22:58:37.396+0530] {dag.py:3823} INFO - Setting next_dagrun for example_branch_operator to 2024-03-03 00:00:00+00:00, run_after=2024-03-04 00:00:00+00:00
[2024-03-04T22:58:37.509+0530] {processor.py:183} INFO - Processing /home/arun/.local/lib/python3.10/site-packages/airflow/example_dags/example_branch_operator.py took 0.288 seconds
[2024-03-04T23:00:26.480+0530] {processor.py:161} INFO - Started process (PID=5972) to work on /home/arun/.local/lib/python3.10/site-packages/airflow/example_dags/example_branch_operator.py
[2024-03-04T23:00:26.523+0530] {processor.py:830} INFO - Processing file /home/arun/.local/lib/python3.10/site-packages/airflow/example_dags/example_branch_operator.py for tasks to queue
[2024-03-04T23:00:26.526+0530] {logging_mixin.py:188} INFO - [2024-03-04T23:00:26.525+0530] {dagbag.py:538} INFO - Filling up the DagBag from /home/arun/.local/lib/python3.10/site-packages/airflow/example_dags/example_branch_operator.py
[2024-03-04T23:00:26.578+0530] {processor.py:840} INFO - DAG(s) 'example_branch_operator' retrieved from /home/arun/.local/lib/python3.10/site-packages/airflow/example_dags/example_branch_operator.py
[2024-03-04T23:00:26.648+0530] {logging_mixin.py:188} INFO - [2024-03-04T23:00:26.648+0530] {dag.py:3036} INFO - Sync 1 DAGs
[2024-03-04T23:00:26.710+0530] {logging_mixin.py:188} INFO - [2024-03-04T23:00:26.710+0530] {dag.py:3823} INFO - Setting next_dagrun for example_branch_operator to 2024-03-03 00:00:00+00:00, run_after=2024-03-04 00:00:00+00:00
[2024-03-04T23:00:26.794+0530] {processor.py:183} INFO - Processing /home/arun/.local/lib/python3.10/site-packages/airflow/example_dags/example_branch_operator.py took 0.323 seconds
[2024-03-04T23:01:53.928+0530] {processor.py:161} INFO - Started process (PID=6091) to work on /home/arun/.local/lib/python3.10/site-packages/airflow/example_dags/example_branch_operator.py
[2024-03-04T23:01:53.930+0530] {processor.py:830} INFO - Processing file /home/arun/.local/lib/python3.10/site-packages/airflow/example_dags/example_branch_operator.py for tasks to queue
[2024-03-04T23:01:53.931+0530] {logging_mixin.py:188} INFO - [2024-03-04T23:01:53.931+0530] {dagbag.py:538} INFO - Filling up the DagBag from /home/arun/.local/lib/python3.10/site-packages/airflow/example_dags/example_branch_operator.py
[2024-03-04T23:01:53.950+0530] {processor.py:840} INFO - DAG(s) 'example_branch_operator' retrieved from /home/arun/.local/lib/python3.10/site-packages/airflow/example_dags/example_branch_operator.py
[2024-03-04T23:01:53.972+0530] {logging_mixin.py:188} INFO - [2024-03-04T23:01:53.971+0530] {dag.py:3036} INFO - Sync 1 DAGs
[2024-03-04T23:01:53.993+0530] {logging_mixin.py:188} INFO - [2024-03-04T23:01:53.992+0530] {dag.py:3823} INFO - Setting next_dagrun for example_branch_operator to 2024-03-03 00:00:00+00:00, run_after=2024-03-04 00:00:00+00:00
[2024-03-04T23:01:54.020+0530] {processor.py:183} INFO - Processing /home/arun/.local/lib/python3.10/site-packages/airflow/example_dags/example_branch_operator.py took 0.095 seconds
[2024-03-04T23:03:23.827+0530] {processor.py:161} INFO - Started process (PID=6629) to work on /home/arun/.local/lib/python3.10/site-packages/airflow/example_dags/example_branch_operator.py
[2024-03-04T23:03:23.871+0530] {processor.py:830} INFO - Processing file /home/arun/.local/lib/python3.10/site-packages/airflow/example_dags/example_branch_operator.py for tasks to queue
[2024-03-04T23:03:23.872+0530] {logging_mixin.py:188} INFO - [2024-03-04T23:03:23.871+0530] {dagbag.py:538} INFO - Filling up the DagBag from /home/arun/.local/lib/python3.10/site-packages/airflow/example_dags/example_branch_operator.py
[2024-03-04T23:03:23.915+0530] {processor.py:840} INFO - DAG(s) 'example_branch_operator' retrieved from /home/arun/.local/lib/python3.10/site-packages/airflow/example_dags/example_branch_operator.py
[2024-03-04T23:03:24.016+0530] {logging_mixin.py:188} INFO - [2024-03-04T23:03:24.016+0530] {dag.py:3036} INFO - Sync 1 DAGs
[2024-03-04T23:03:24.057+0530] {logging_mixin.py:188} INFO - [2024-03-04T23:03:24.057+0530] {dag.py:3823} INFO - Setting next_dagrun for example_branch_operator to 2024-03-03 00:00:00+00:00, run_after=2024-03-04 00:00:00+00:00
[2024-03-04T23:03:24.173+0530] {processor.py:183} INFO - Processing /home/arun/.local/lib/python3.10/site-packages/airflow/example_dags/example_branch_operator.py took 0.354 seconds
[2024-03-04T23:05:19.191+0530] {processor.py:161} INFO - Started process (PID=6813) to work on /home/arun/.local/lib/python3.10/site-packages/airflow/example_dags/example_branch_operator.py
[2024-03-04T23:05:19.194+0530] {processor.py:830} INFO - Processing file /home/arun/.local/lib/python3.10/site-packages/airflow/example_dags/example_branch_operator.py for tasks to queue
[2024-03-04T23:05:19.196+0530] {logging_mixin.py:188} INFO - [2024-03-04T23:05:19.195+0530] {dagbag.py:538} INFO - Filling up the DagBag from /home/arun/.local/lib/python3.10/site-packages/airflow/example_dags/example_branch_operator.py
[2024-03-04T23:05:19.248+0530] {processor.py:840} INFO - DAG(s) 'example_branch_operator' retrieved from /home/arun/.local/lib/python3.10/site-packages/airflow/example_dags/example_branch_operator.py
[2024-03-04T23:05:19.310+0530] {logging_mixin.py:188} INFO - [2024-03-04T23:05:19.310+0530] {dag.py:3036} INFO - Sync 1 DAGs
[2024-03-04T23:05:19.360+0530] {logging_mixin.py:188} INFO - [2024-03-04T23:05:19.359+0530] {dag.py:3823} INFO - Setting next_dagrun for example_branch_operator to 2024-03-03 00:00:00+00:00, run_after=2024-03-04 00:00:00+00:00
[2024-03-04T23:05:19.425+0530] {processor.py:183} INFO - Processing /home/arun/.local/lib/python3.10/site-packages/airflow/example_dags/example_branch_operator.py took 0.240 seconds
[2024-03-04T23:07:01.885+0530] {processor.py:161} INFO - Started process (PID=7027) to work on /home/arun/.local/lib/python3.10/site-packages/airflow/example_dags/example_branch_operator.py
[2024-03-04T23:07:01.888+0530] {processor.py:830} INFO - Processing file /home/arun/.local/lib/python3.10/site-packages/airflow/example_dags/example_branch_operator.py for tasks to queue
[2024-03-04T23:07:01.889+0530] {logging_mixin.py:188} INFO - [2024-03-04T23:07:01.889+0530] {dagbag.py:538} INFO - Filling up the DagBag from /home/arun/.local/lib/python3.10/site-packages/airflow/example_dags/example_branch_operator.py
[2024-03-04T23:07:01.912+0530] {processor.py:840} INFO - DAG(s) 'example_branch_operator' retrieved from /home/arun/.local/lib/python3.10/site-packages/airflow/example_dags/example_branch_operator.py
[2024-03-04T23:07:01.939+0530] {logging_mixin.py:188} INFO - [2024-03-04T23:07:01.938+0530] {dag.py:3036} INFO - Sync 1 DAGs
[2024-03-04T23:07:01.963+0530] {logging_mixin.py:188} INFO - [2024-03-04T23:07:01.963+0530] {dag.py:3823} INFO - Setting next_dagrun for example_branch_operator to 2024-03-03 00:00:00+00:00, run_after=2024-03-04 00:00:00+00:00
[2024-03-04T23:07:01.993+0530] {processor.py:183} INFO - Processing /home/arun/.local/lib/python3.10/site-packages/airflow/example_dags/example_branch_operator.py took 0.113 seconds
[2024-03-04T23:08:30.805+0530] {processor.py:161} INFO - Started process (PID=7215) to work on /home/arun/.local/lib/python3.10/site-packages/airflow/example_dags/example_branch_operator.py
[2024-03-04T23:08:30.845+0530] {processor.py:830} INFO - Processing file /home/arun/.local/lib/python3.10/site-packages/airflow/example_dags/example_branch_operator.py for tasks to queue
[2024-03-04T23:08:30.846+0530] {logging_mixin.py:188} INFO - [2024-03-04T23:08:30.846+0530] {dagbag.py:538} INFO - Filling up the DagBag from /home/arun/.local/lib/python3.10/site-packages/airflow/example_dags/example_branch_operator.py
[2024-03-04T23:08:30.879+0530] {processor.py:840} INFO - DAG(s) 'example_branch_operator' retrieved from /home/arun/.local/lib/python3.10/site-packages/airflow/example_dags/example_branch_operator.py
[2024-03-04T23:08:30.953+0530] {logging_mixin.py:188} INFO - [2024-03-04T23:08:30.953+0530] {dag.py:3036} INFO - Sync 1 DAGs
[2024-03-04T23:08:30.983+0530] {logging_mixin.py:188} INFO - [2024-03-04T23:08:30.983+0530] {dag.py:3823} INFO - Setting next_dagrun for example_branch_operator to 2024-03-03 00:00:00+00:00, run_after=2024-03-04 00:00:00+00:00
[2024-03-04T23:08:31.038+0530] {processor.py:183} INFO - Processing /home/arun/.local/lib/python3.10/site-packages/airflow/example_dags/example_branch_operator.py took 0.237 seconds
[2024-03-04T23:10:00.300+0530] {processor.py:161} INFO - Started process (PID=7392) to work on /home/arun/.local/lib/python3.10/site-packages/airflow/example_dags/example_branch_operator.py
[2024-03-04T23:10:00.334+0530] {processor.py:830} INFO - Processing file /home/arun/.local/lib/python3.10/site-packages/airflow/example_dags/example_branch_operator.py for tasks to queue
[2024-03-04T23:10:00.335+0530] {logging_mixin.py:188} INFO - [2024-03-04T23:10:00.334+0530] {dagbag.py:538} INFO - Filling up the DagBag from /home/arun/.local/lib/python3.10/site-packages/airflow/example_dags/example_branch_operator.py
[2024-03-04T23:10:00.357+0530] {processor.py:840} INFO - DAG(s) 'example_branch_operator' retrieved from /home/arun/.local/lib/python3.10/site-packages/airflow/example_dags/example_branch_operator.py
[2024-03-04T23:10:00.382+0530] {logging_mixin.py:188} INFO - [2024-03-04T23:10:00.382+0530] {dag.py:3036} INFO - Sync 1 DAGs
[2024-03-04T23:10:00.404+0530] {logging_mixin.py:188} INFO - [2024-03-04T23:10:00.403+0530] {dag.py:3823} INFO - Setting next_dagrun for example_branch_operator to 2024-03-03 00:00:00+00:00, run_after=2024-03-04 00:00:00+00:00
[2024-03-04T23:10:00.438+0530] {processor.py:183} INFO - Processing /home/arun/.local/lib/python3.10/site-packages/airflow/example_dags/example_branch_operator.py took 0.143 seconds
[2024-03-04T23:11:27.412+0530] {processor.py:161} INFO - Started process (PID=7569) to work on /home/arun/.local/lib/python3.10/site-packages/airflow/example_dags/example_branch_operator.py
[2024-03-04T23:11:27.445+0530] {processor.py:830} INFO - Processing file /home/arun/.local/lib/python3.10/site-packages/airflow/example_dags/example_branch_operator.py for tasks to queue
[2024-03-04T23:11:27.447+0530] {logging_mixin.py:188} INFO - [2024-03-04T23:11:27.446+0530] {dagbag.py:538} INFO - Filling up the DagBag from /home/arun/.local/lib/python3.10/site-packages/airflow/example_dags/example_branch_operator.py
[2024-03-04T23:11:27.472+0530] {processor.py:840} INFO - DAG(s) 'example_branch_operator' retrieved from /home/arun/.local/lib/python3.10/site-packages/airflow/example_dags/example_branch_operator.py
[2024-03-04T23:11:27.503+0530] {logging_mixin.py:188} INFO - [2024-03-04T23:11:27.503+0530] {dag.py:3036} INFO - Sync 1 DAGs
[2024-03-04T23:11:27.532+0530] {logging_mixin.py:188} INFO - [2024-03-04T23:11:27.531+0530] {dag.py:3823} INFO - Setting next_dagrun for example_branch_operator to 2024-03-03 00:00:00+00:00, run_after=2024-03-04 00:00:00+00:00
[2024-03-04T23:11:27.567+0530] {processor.py:183} INFO - Processing /home/arun/.local/lib/python3.10/site-packages/airflow/example_dags/example_branch_operator.py took 0.162 seconds
[2024-03-04T23:13:12.885+0530] {processor.py:161} INFO - Started process (PID=7804) to work on /home/arun/.local/lib/python3.10/site-packages/airflow/example_dags/example_branch_operator.py
[2024-03-04T23:13:12.918+0530] {processor.py:830} INFO - Processing file /home/arun/.local/lib/python3.10/site-packages/airflow/example_dags/example_branch_operator.py for tasks to queue
[2024-03-04T23:13:12.920+0530] {logging_mixin.py:188} INFO - [2024-03-04T23:13:12.919+0530] {dagbag.py:538} INFO - Filling up the DagBag from /home/arun/.local/lib/python3.10/site-packages/airflow/example_dags/example_branch_operator.py
[2024-03-04T23:13:12.939+0530] {processor.py:840} INFO - DAG(s) 'example_branch_operator' retrieved from /home/arun/.local/lib/python3.10/site-packages/airflow/example_dags/example_branch_operator.py
[2024-03-04T23:13:12.963+0530] {logging_mixin.py:188} INFO - [2024-03-04T23:13:12.963+0530] {dag.py:3036} INFO - Sync 1 DAGs
[2024-03-04T23:13:12.985+0530] {logging_mixin.py:188} INFO - [2024-03-04T23:13:12.984+0530] {dag.py:3823} INFO - Setting next_dagrun for example_branch_operator to 2024-03-03 00:00:00+00:00, run_after=2024-03-04 00:00:00+00:00
[2024-03-04T23:13:13.013+0530] {processor.py:183} INFO - Processing /home/arun/.local/lib/python3.10/site-packages/airflow/example_dags/example_branch_operator.py took 0.133 seconds
[2024-03-04T23:14:46.802+0530] {processor.py:161} INFO - Started process (PID=8020) to work on /home/arun/.local/lib/python3.10/site-packages/airflow/example_dags/example_branch_operator.py
[2024-03-04T23:14:46.838+0530] {processor.py:830} INFO - Processing file /home/arun/.local/lib/python3.10/site-packages/airflow/example_dags/example_branch_operator.py for tasks to queue
[2024-03-04T23:14:46.841+0530] {logging_mixin.py:188} INFO - [2024-03-04T23:14:46.840+0530] {dagbag.py:538} INFO - Filling up the DagBag from /home/arun/.local/lib/python3.10/site-packages/airflow/example_dags/example_branch_operator.py
[2024-03-04T23:14:46.879+0530] {processor.py:840} INFO - DAG(s) 'example_branch_operator' retrieved from /home/arun/.local/lib/python3.10/site-packages/airflow/example_dags/example_branch_operator.py
[2024-03-04T23:14:46.945+0530] {logging_mixin.py:188} INFO - [2024-03-04T23:14:46.945+0530] {dag.py:3036} INFO - Sync 1 DAGs
[2024-03-04T23:14:46.974+0530] {logging_mixin.py:188} INFO - [2024-03-04T23:14:46.974+0530] {dag.py:3823} INFO - Setting next_dagrun for example_branch_operator to 2024-03-03 00:00:00+00:00, run_after=2024-03-04 00:00:00+00:00
[2024-03-04T23:14:47.071+0530] {processor.py:183} INFO - Processing /home/arun/.local/lib/python3.10/site-packages/airflow/example_dags/example_branch_operator.py took 0.274 seconds
[2024-03-04T23:16:25.676+0530] {processor.py:161} INFO - Started process (PID=8238) to work on /home/arun/.local/lib/python3.10/site-packages/airflow/example_dags/example_branch_operator.py
[2024-03-04T23:16:25.753+0530] {processor.py:830} INFO - Processing file /home/arun/.local/lib/python3.10/site-packages/airflow/example_dags/example_branch_operator.py for tasks to queue
[2024-03-04T23:16:25.755+0530] {logging_mixin.py:188} INFO - [2024-03-04T23:16:25.754+0530] {dagbag.py:538} INFO - Filling up the DagBag from /home/arun/.local/lib/python3.10/site-packages/airflow/example_dags/example_branch_operator.py
[2024-03-04T23:16:25.784+0530] {processor.py:840} INFO - DAG(s) 'example_branch_operator' retrieved from /home/arun/.local/lib/python3.10/site-packages/airflow/example_dags/example_branch_operator.py
[2024-03-04T23:16:25.846+0530] {logging_mixin.py:188} INFO - [2024-03-04T23:16:25.846+0530] {dag.py:3036} INFO - Sync 1 DAGs
[2024-03-04T23:16:25.921+0530] {logging_mixin.py:188} INFO - [2024-03-04T23:16:25.921+0530] {dag.py:3823} INFO - Setting next_dagrun for example_branch_operator to 2024-03-03 00:00:00+00:00, run_after=2024-03-04 00:00:00+00:00
[2024-03-04T23:16:26.018+0530] {processor.py:183} INFO - Processing /home/arun/.local/lib/python3.10/site-packages/airflow/example_dags/example_branch_operator.py took 0.350 seconds
[2024-03-04T23:18:24.810+0530] {processor.py:161} INFO - Started process (PID=8460) to work on /home/arun/.local/lib/python3.10/site-packages/airflow/example_dags/example_branch_operator.py
[2024-03-04T23:18:24.833+0530] {processor.py:830} INFO - Processing file /home/arun/.local/lib/python3.10/site-packages/airflow/example_dags/example_branch_operator.py for tasks to queue
[2024-03-04T23:18:24.835+0530] {logging_mixin.py:188} INFO - [2024-03-04T23:18:24.834+0530] {dagbag.py:538} INFO - Filling up the DagBag from /home/arun/.local/lib/python3.10/site-packages/airflow/example_dags/example_branch_operator.py
[2024-03-04T23:18:24.855+0530] {processor.py:840} INFO - DAG(s) 'example_branch_operator' retrieved from /home/arun/.local/lib/python3.10/site-packages/airflow/example_dags/example_branch_operator.py
[2024-03-04T23:18:24.877+0530] {logging_mixin.py:188} INFO - [2024-03-04T23:18:24.877+0530] {dag.py:3036} INFO - Sync 1 DAGs
[2024-03-04T23:18:24.894+0530] {logging_mixin.py:188} INFO - [2024-03-04T23:18:24.894+0530] {dag.py:3823} INFO - Setting next_dagrun for example_branch_operator to 2024-03-03 00:00:00+00:00, run_after=2024-03-04 00:00:00+00:00
[2024-03-04T23:18:24.918+0530] {processor.py:183} INFO - Processing /home/arun/.local/lib/python3.10/site-packages/airflow/example_dags/example_branch_operator.py took 0.114 seconds
[2024-03-04T23:19:57.760+0530] {processor.py:161} INFO - Started process (PID=8657) to work on /home/arun/.local/lib/python3.10/site-packages/airflow/example_dags/example_branch_operator.py
[2024-03-04T23:19:57.798+0530] {processor.py:830} INFO - Processing file /home/arun/.local/lib/python3.10/site-packages/airflow/example_dags/example_branch_operator.py for tasks to queue
[2024-03-04T23:19:57.800+0530] {logging_mixin.py:188} INFO - [2024-03-04T23:19:57.799+0530] {dagbag.py:538} INFO - Filling up the DagBag from /home/arun/.local/lib/python3.10/site-packages/airflow/example_dags/example_branch_operator.py
[2024-03-04T23:19:57.820+0530] {processor.py:840} INFO - DAG(s) 'example_branch_operator' retrieved from /home/arun/.local/lib/python3.10/site-packages/airflow/example_dags/example_branch_operator.py
[2024-03-04T23:19:57.845+0530] {logging_mixin.py:188} INFO - [2024-03-04T23:19:57.844+0530] {dag.py:3036} INFO - Sync 1 DAGs
[2024-03-04T23:19:57.866+0530] {logging_mixin.py:188} INFO - [2024-03-04T23:19:57.866+0530] {dag.py:3823} INFO - Setting next_dagrun for example_branch_operator to 2024-03-03 00:00:00+00:00, run_after=2024-03-04 00:00:00+00:00
[2024-03-04T23:19:57.899+0530] {processor.py:183} INFO - Processing /home/arun/.local/lib/python3.10/site-packages/airflow/example_dags/example_branch_operator.py took 0.144 seconds
[2024-03-04T23:21:30.627+0530] {processor.py:161} INFO - Started process (PID=8834) to work on /home/arun/.local/lib/python3.10/site-packages/airflow/example_dags/example_branch_operator.py
[2024-03-04T23:21:30.670+0530] {processor.py:830} INFO - Processing file /home/arun/.local/lib/python3.10/site-packages/airflow/example_dags/example_branch_operator.py for tasks to queue
[2024-03-04T23:21:30.671+0530] {logging_mixin.py:188} INFO - [2024-03-04T23:21:30.671+0530] {dagbag.py:538} INFO - Filling up the DagBag from /home/arun/.local/lib/python3.10/site-packages/airflow/example_dags/example_branch_operator.py
[2024-03-04T23:21:30.697+0530] {processor.py:840} INFO - DAG(s) 'example_branch_operator' retrieved from /home/arun/.local/lib/python3.10/site-packages/airflow/example_dags/example_branch_operator.py
[2024-03-04T23:21:30.731+0530] {logging_mixin.py:188} INFO - [2024-03-04T23:21:30.731+0530] {dag.py:3036} INFO - Sync 1 DAGs
[2024-03-04T23:21:30.759+0530] {logging_mixin.py:188} INFO - [2024-03-04T23:21:30.758+0530] {dag.py:3823} INFO - Setting next_dagrun for example_branch_operator to 2024-03-03 00:00:00+00:00, run_after=2024-03-04 00:00:00+00:00
[2024-03-04T23:21:30.801+0530] {processor.py:183} INFO - Processing /home/arun/.local/lib/python3.10/site-packages/airflow/example_dags/example_branch_operator.py took 0.178 seconds
[2024-03-04T23:23:27.192+0530] {processor.py:161} INFO - Started process (PID=9173) to work on /home/arun/.local/lib/python3.10/site-packages/airflow/example_dags/example_branch_operator.py
[2024-03-04T23:23:27.288+0530] {processor.py:830} INFO - Processing file /home/arun/.local/lib/python3.10/site-packages/airflow/example_dags/example_branch_operator.py for tasks to queue
[2024-03-04T23:23:27.291+0530] {logging_mixin.py:188} INFO - [2024-03-04T23:23:27.290+0530] {dagbag.py:538} INFO - Filling up the DagBag from /home/arun/.local/lib/python3.10/site-packages/airflow/example_dags/example_branch_operator.py
[2024-03-04T23:23:27.374+0530] {processor.py:840} INFO - DAG(s) 'example_branch_operator' retrieved from /home/arun/.local/lib/python3.10/site-packages/airflow/example_dags/example_branch_operator.py
[2024-03-04T23:23:27.421+0530] {logging_mixin.py:188} INFO - [2024-03-04T23:23:27.421+0530] {dag.py:3036} INFO - Sync 1 DAGs
[2024-03-04T23:23:27.446+0530] {logging_mixin.py:188} INFO - [2024-03-04T23:23:27.446+0530] {dag.py:3823} INFO - Setting next_dagrun for example_branch_operator to 2024-03-03 00:00:00+00:00, run_after=2024-03-04 00:00:00+00:00
[2024-03-04T23:23:27.569+0530] {processor.py:183} INFO - Processing /home/arun/.local/lib/python3.10/site-packages/airflow/example_dags/example_branch_operator.py took 0.382 seconds
[2024-03-04T23:25:55.905+0530] {processor.py:161} INFO - Started process (PID=9722) to work on /home/arun/.local/lib/python3.10/site-packages/airflow/example_dags/example_branch_operator.py
[2024-03-04T23:25:55.935+0530] {processor.py:830} INFO - Processing file /home/arun/.local/lib/python3.10/site-packages/airflow/example_dags/example_branch_operator.py for tasks to queue
[2024-03-04T23:25:55.937+0530] {logging_mixin.py:188} INFO - [2024-03-04T23:25:55.937+0530] {dagbag.py:538} INFO - Filling up the DagBag from /home/arun/.local/lib/python3.10/site-packages/airflow/example_dags/example_branch_operator.py
[2024-03-04T23:25:56.002+0530] {processor.py:840} INFO - DAG(s) 'example_branch_operator' retrieved from /home/arun/.local/lib/python3.10/site-packages/airflow/example_dags/example_branch_operator.py
[2024-03-04T23:25:56.120+0530] {logging_mixin.py:188} INFO - [2024-03-04T23:25:56.120+0530] {dag.py:3036} INFO - Sync 1 DAGs
[2024-03-04T23:25:56.222+0530] {logging_mixin.py:188} INFO - [2024-03-04T23:25:56.221+0530] {dag.py:3823} INFO - Setting next_dagrun for example_branch_operator to 2024-03-03 00:00:00+00:00, run_after=2024-03-04 00:00:00+00:00
[2024-03-04T23:25:56.387+0530] {processor.py:183} INFO - Processing /home/arun/.local/lib/python3.10/site-packages/airflow/example_dags/example_branch_operator.py took 0.526 seconds
[2024-03-04T23:28:08.061+0530] {processor.py:161} INFO - Started process (PID=10317) to work on /home/arun/.local/lib/python3.10/site-packages/airflow/example_dags/example_branch_operator.py
[2024-03-04T23:28:08.070+0530] {processor.py:830} INFO - Processing file /home/arun/.local/lib/python3.10/site-packages/airflow/example_dags/example_branch_operator.py for tasks to queue
[2024-03-04T23:28:08.072+0530] {logging_mixin.py:188} INFO - [2024-03-04T23:28:08.071+0530] {dagbag.py:538} INFO - Filling up the DagBag from /home/arun/.local/lib/python3.10/site-packages/airflow/example_dags/example_branch_operator.py
[2024-03-04T23:28:08.100+0530] {processor.py:840} INFO - DAG(s) 'example_branch_operator' retrieved from /home/arun/.local/lib/python3.10/site-packages/airflow/example_dags/example_branch_operator.py
[2024-03-04T23:28:08.134+0530] {logging_mixin.py:188} INFO - [2024-03-04T23:28:08.134+0530] {dag.py:3036} INFO - Sync 1 DAGs
[2024-03-04T23:28:08.164+0530] {logging_mixin.py:188} INFO - [2024-03-04T23:28:08.164+0530] {dag.py:3823} INFO - Setting next_dagrun for example_branch_operator to 2024-03-03 00:00:00+00:00, run_after=2024-03-04 00:00:00+00:00
[2024-03-04T23:28:08.246+0530] {processor.py:183} INFO - Processing /home/arun/.local/lib/python3.10/site-packages/airflow/example_dags/example_branch_operator.py took 0.192 seconds
[2024-03-04T23:29:38.146+0530] {processor.py:161} INFO - Started process (PID=10497) to work on /home/arun/.local/lib/python3.10/site-packages/airflow/example_dags/example_branch_operator.py
[2024-03-04T23:29:38.244+0530] {processor.py:830} INFO - Processing file /home/arun/.local/lib/python3.10/site-packages/airflow/example_dags/example_branch_operator.py for tasks to queue
[2024-03-04T23:29:38.246+0530] {logging_mixin.py:188} INFO - [2024-03-04T23:29:38.246+0530] {dagbag.py:538} INFO - Filling up the DagBag from /home/arun/.local/lib/python3.10/site-packages/airflow/example_dags/example_branch_operator.py
[2024-03-04T23:29:38.284+0530] {processor.py:840} INFO - DAG(s) 'example_branch_operator' retrieved from /home/arun/.local/lib/python3.10/site-packages/airflow/example_dags/example_branch_operator.py
[2024-03-04T23:29:38.323+0530] {logging_mixin.py:188} INFO - [2024-03-04T23:29:38.323+0530] {dag.py:3036} INFO - Sync 1 DAGs
[2024-03-04T23:29:38.352+0530] {logging_mixin.py:188} INFO - [2024-03-04T23:29:38.351+0530] {dag.py:3823} INFO - Setting next_dagrun for example_branch_operator to 2024-03-03 00:00:00+00:00, run_after=2024-03-04 00:00:00+00:00
[2024-03-04T23:29:38.389+0530] {processor.py:183} INFO - Processing /home/arun/.local/lib/python3.10/site-packages/airflow/example_dags/example_branch_operator.py took 0.246 seconds
[2024-03-04T23:31:35.879+0530] {processor.py:161} INFO - Started process (PID=10805) to work on /home/arun/.local/lib/python3.10/site-packages/airflow/example_dags/example_branch_operator.py
[2024-03-04T23:31:35.916+0530] {processor.py:830} INFO - Processing file /home/arun/.local/lib/python3.10/site-packages/airflow/example_dags/example_branch_operator.py for tasks to queue
[2024-03-04T23:31:35.917+0530] {logging_mixin.py:188} INFO - [2024-03-04T23:31:35.917+0530] {dagbag.py:538} INFO - Filling up the DagBag from /home/arun/.local/lib/python3.10/site-packages/airflow/example_dags/example_branch_operator.py
[2024-03-04T23:31:35.936+0530] {processor.py:840} INFO - DAG(s) 'example_branch_operator' retrieved from /home/arun/.local/lib/python3.10/site-packages/airflow/example_dags/example_branch_operator.py
[2024-03-04T23:31:35.960+0530] {logging_mixin.py:188} INFO - [2024-03-04T23:31:35.960+0530] {dag.py:3036} INFO - Sync 1 DAGs
[2024-03-04T23:31:35.982+0530] {logging_mixin.py:188} INFO - [2024-03-04T23:31:35.981+0530] {dag.py:3823} INFO - Setting next_dagrun for example_branch_operator to 2024-03-03 00:00:00+00:00, run_after=2024-03-04 00:00:00+00:00
[2024-03-04T23:31:36.015+0530] {processor.py:183} INFO - Processing /home/arun/.local/lib/python3.10/site-packages/airflow/example_dags/example_branch_operator.py took 0.140 seconds
[2024-03-04T23:33:22.966+0530] {processor.py:161} INFO - Started process (PID=11017) to work on /home/arun/.local/lib/python3.10/site-packages/airflow/example_dags/example_branch_operator.py
[2024-03-04T23:33:23.009+0530] {processor.py:830} INFO - Processing file /home/arun/.local/lib/python3.10/site-packages/airflow/example_dags/example_branch_operator.py for tasks to queue
[2024-03-04T23:33:23.010+0530] {logging_mixin.py:188} INFO - [2024-03-04T23:33:23.010+0530] {dagbag.py:538} INFO - Filling up the DagBag from /home/arun/.local/lib/python3.10/site-packages/airflow/example_dags/example_branch_operator.py
[2024-03-04T23:33:23.053+0530] {processor.py:840} INFO - DAG(s) 'example_branch_operator' retrieved from /home/arun/.local/lib/python3.10/site-packages/airflow/example_dags/example_branch_operator.py
[2024-03-04T23:33:23.103+0530] {logging_mixin.py:188} INFO - [2024-03-04T23:33:23.103+0530] {dag.py:3036} INFO - Sync 1 DAGs
[2024-03-04T23:33:23.146+0530] {logging_mixin.py:188} INFO - [2024-03-04T23:33:23.145+0530] {dag.py:3823} INFO - Setting next_dagrun for example_branch_operator to 2024-03-03 00:00:00+00:00, run_after=2024-03-04 00:00:00+00:00
[2024-03-04T23:33:23.207+0530] {processor.py:183} INFO - Processing /home/arun/.local/lib/python3.10/site-packages/airflow/example_dags/example_branch_operator.py took 0.249 seconds
[2024-03-04T23:35:00.807+0530] {processor.py:161} INFO - Started process (PID=11198) to work on /home/arun/.local/lib/python3.10/site-packages/airflow/example_dags/example_branch_operator.py
[2024-03-04T23:35:00.848+0530] {processor.py:830} INFO - Processing file /home/arun/.local/lib/python3.10/site-packages/airflow/example_dags/example_branch_operator.py for tasks to queue
[2024-03-04T23:35:00.851+0530] {logging_mixin.py:188} INFO - [2024-03-04T23:35:00.850+0530] {dagbag.py:538} INFO - Filling up the DagBag from /home/arun/.local/lib/python3.10/site-packages/airflow/example_dags/example_branch_operator.py
[2024-03-04T23:35:00.900+0530] {processor.py:840} INFO - DAG(s) 'example_branch_operator' retrieved from /home/arun/.local/lib/python3.10/site-packages/airflow/example_dags/example_branch_operator.py
[2024-03-04T23:35:00.937+0530] {logging_mixin.py:188} INFO - [2024-03-04T23:35:00.937+0530] {dag.py:3036} INFO - Sync 1 DAGs
[2024-03-04T23:35:00.966+0530] {logging_mixin.py:188} INFO - [2024-03-04T23:35:00.966+0530] {dag.py:3823} INFO - Setting next_dagrun for example_branch_operator to 2024-03-03 00:00:00+00:00, run_after=2024-03-04 00:00:00+00:00
[2024-03-04T23:35:01.021+0530] {processor.py:183} INFO - Processing /home/arun/.local/lib/python3.10/site-packages/airflow/example_dags/example_branch_operator.py took 0.220 seconds
