[2024-03-04T18:28:53.350+0530] {processor.py:161} INFO - Started process (PID=11902) to work on /home/arun/.local/lib/python3.10/site-packages/airflow/example_dags/example_task_group.py
[2024-03-04T18:28:53.355+0530] {processor.py:830} INFO - Processing file /home/arun/.local/lib/python3.10/site-packages/airflow/example_dags/example_task_group.py for tasks to queue
[2024-03-04T18:28:53.361+0530] {logging_mixin.py:188} INFO - [2024-03-04T18:28:53.360+0530] {dagbag.py:538} INFO - Filling up the DagBag from /home/arun/.local/lib/python3.10/site-packages/airflow/example_dags/example_task_group.py
[2024-03-04T18:28:53.400+0530] {processor.py:840} INFO - DAG(s) 'example_task_group' retrieved from /home/arun/.local/lib/python3.10/site-packages/airflow/example_dags/example_task_group.py
[2024-03-04T18:28:53.907+0530] {logging_mixin.py:188} INFO - [2024-03-04T18:28:53.907+0530] {dag.py:3036} INFO - Sync 1 DAGs
[2024-03-04T18:28:53.954+0530] {logging_mixin.py:188} INFO - [2024-03-04T18:28:53.954+0530] {dag.py:3823} INFO - Setting next_dagrun for example_task_group to 2024-03-03 00:00:00+00:00, run_after=2024-03-04 00:00:00+00:00
[2024-03-04T18:28:54.139+0530] {processor.py:183} INFO - Processing /home/arun/.local/lib/python3.10/site-packages/airflow/example_dags/example_task_group.py took 0.831 seconds
[2024-03-04T18:31:07.215+0530] {processor.py:161} INFO - Started process (PID=12050) to work on /home/arun/.local/lib/python3.10/site-packages/airflow/example_dags/example_task_group.py
[2024-03-04T18:31:07.231+0530] {processor.py:830} INFO - Processing file /home/arun/.local/lib/python3.10/site-packages/airflow/example_dags/example_task_group.py for tasks to queue
[2024-03-04T18:31:07.238+0530] {logging_mixin.py:188} INFO - [2024-03-04T18:31:07.232+0530] {dagbag.py:538} INFO - Filling up the DagBag from /home/arun/.local/lib/python3.10/site-packages/airflow/example_dags/example_task_group.py
[2024-03-04T18:31:07.251+0530] {processor.py:840} INFO - DAG(s) 'example_task_group' retrieved from /home/arun/.local/lib/python3.10/site-packages/airflow/example_dags/example_task_group.py
[2024-03-04T18:31:07.326+0530] {logging_mixin.py:188} INFO - [2024-03-04T18:31:07.326+0530] {dag.py:3036} INFO - Sync 1 DAGs
[2024-03-04T18:31:07.394+0530] {logging_mixin.py:188} INFO - [2024-03-04T18:31:07.394+0530] {dag.py:3823} INFO - Setting next_dagrun for example_task_group to 2024-03-03 00:00:00+00:00, run_after=2024-03-04 00:00:00+00:00
[2024-03-04T18:31:07.479+0530] {processor.py:183} INFO - Processing /home/arun/.local/lib/python3.10/site-packages/airflow/example_dags/example_task_group.py took 0.280 seconds
[2024-03-04T18:32:15.543+0530] {processor.py:161} INFO - Started process (PID=12132) to work on /home/arun/.local/lib/python3.10/site-packages/airflow/example_dags/example_task_group.py
[2024-03-04T18:32:15.570+0530] {processor.py:830} INFO - Processing file /home/arun/.local/lib/python3.10/site-packages/airflow/example_dags/example_task_group.py for tasks to queue
[2024-03-04T18:32:15.571+0530] {logging_mixin.py:188} INFO - [2024-03-04T18:32:15.571+0530] {dagbag.py:538} INFO - Filling up the DagBag from /home/arun/.local/lib/python3.10/site-packages/airflow/example_dags/example_task_group.py
[2024-03-04T18:32:15.581+0530] {processor.py:840} INFO - DAG(s) 'example_task_group' retrieved from /home/arun/.local/lib/python3.10/site-packages/airflow/example_dags/example_task_group.py
[2024-03-04T18:32:15.604+0530] {logging_mixin.py:188} INFO - [2024-03-04T18:32:15.604+0530] {dag.py:3036} INFO - Sync 1 DAGs
[2024-03-04T18:32:15.639+0530] {logging_mixin.py:188} INFO - [2024-03-04T18:32:15.638+0530] {dag.py:3823} INFO - Setting next_dagrun for example_task_group to 2024-03-03 00:00:00+00:00, run_after=2024-03-04 00:00:00+00:00
[2024-03-04T18:32:15.686+0530] {processor.py:183} INFO - Processing /home/arun/.local/lib/python3.10/site-packages/airflow/example_dags/example_task_group.py took 0.147 seconds
[2024-03-04T18:34:09.713+0530] {processor.py:161} INFO - Started process (PID=12253) to work on /home/arun/.local/lib/python3.10/site-packages/airflow/example_dags/example_task_group.py
[2024-03-04T18:34:09.716+0530] {processor.py:830} INFO - Processing file /home/arun/.local/lib/python3.10/site-packages/airflow/example_dags/example_task_group.py for tasks to queue
[2024-03-04T18:34:09.727+0530] {logging_mixin.py:188} INFO - [2024-03-04T18:34:09.726+0530] {dagbag.py:538} INFO - Filling up the DagBag from /home/arun/.local/lib/python3.10/site-packages/airflow/example_dags/example_task_group.py
[2024-03-04T18:34:09.780+0530] {processor.py:840} INFO - DAG(s) 'example_task_group' retrieved from /home/arun/.local/lib/python3.10/site-packages/airflow/example_dags/example_task_group.py
[2024-03-04T18:34:09.814+0530] {logging_mixin.py:188} INFO - [2024-03-04T18:34:09.813+0530] {dag.py:3036} INFO - Sync 1 DAGs
[2024-03-04T18:34:09.879+0530] {logging_mixin.py:188} INFO - [2024-03-04T18:34:09.878+0530] {dag.py:3823} INFO - Setting next_dagrun for example_task_group to 2024-03-03 00:00:00+00:00, run_after=2024-03-04 00:00:00+00:00
[2024-03-04T18:34:09.933+0530] {processor.py:183} INFO - Processing /home/arun/.local/lib/python3.10/site-packages/airflow/example_dags/example_task_group.py took 0.225 seconds
[2024-03-04T18:35:26.618+0530] {processor.py:161} INFO - Started process (PID=12359) to work on /home/arun/.local/lib/python3.10/site-packages/airflow/example_dags/example_task_group.py
[2024-03-04T18:35:26.644+0530] {processor.py:830} INFO - Processing file /home/arun/.local/lib/python3.10/site-packages/airflow/example_dags/example_task_group.py for tasks to queue
[2024-03-04T18:35:26.649+0530] {logging_mixin.py:188} INFO - [2024-03-04T18:35:26.647+0530] {dagbag.py:538} INFO - Filling up the DagBag from /home/arun/.local/lib/python3.10/site-packages/airflow/example_dags/example_task_group.py
[2024-03-04T18:35:26.679+0530] {processor.py:840} INFO - DAG(s) 'example_task_group' retrieved from /home/arun/.local/lib/python3.10/site-packages/airflow/example_dags/example_task_group.py
[2024-03-04T18:35:26.755+0530] {logging_mixin.py:188} INFO - [2024-03-04T18:35:26.754+0530] {dag.py:3036} INFO - Sync 1 DAGs
[2024-03-04T18:35:26.833+0530] {logging_mixin.py:188} INFO - [2024-03-04T18:35:26.832+0530] {dag.py:3823} INFO - Setting next_dagrun for example_task_group to 2024-03-03 00:00:00+00:00, run_after=2024-03-04 00:00:00+00:00
[2024-03-04T18:35:26.952+0530] {processor.py:183} INFO - Processing /home/arun/.local/lib/python3.10/site-packages/airflow/example_dags/example_task_group.py took 0.339 seconds
[2024-03-04T18:37:39.076+0530] {processor.py:161} INFO - Started process (PID=12498) to work on /home/arun/.local/lib/python3.10/site-packages/airflow/example_dags/example_task_group.py
[2024-03-04T18:37:39.126+0530] {processor.py:830} INFO - Processing file /home/arun/.local/lib/python3.10/site-packages/airflow/example_dags/example_task_group.py for tasks to queue
[2024-03-04T18:37:39.127+0530] {logging_mixin.py:188} INFO - [2024-03-04T18:37:39.126+0530] {dagbag.py:538} INFO - Filling up the DagBag from /home/arun/.local/lib/python3.10/site-packages/airflow/example_dags/example_task_group.py
[2024-03-04T18:37:39.143+0530] {processor.py:840} INFO - DAG(s) 'example_task_group' retrieved from /home/arun/.local/lib/python3.10/site-packages/airflow/example_dags/example_task_group.py
[2024-03-04T18:37:39.194+0530] {logging_mixin.py:188} INFO - [2024-03-04T18:37:39.193+0530] {dag.py:3036} INFO - Sync 1 DAGs
[2024-03-04T18:37:39.247+0530] {logging_mixin.py:188} INFO - [2024-03-04T18:37:39.247+0530] {dag.py:3823} INFO - Setting next_dagrun for example_task_group to 2024-03-03 00:00:00+00:00, run_after=2024-03-04 00:00:00+00:00
[2024-03-04T18:37:39.340+0530] {processor.py:183} INFO - Processing /home/arun/.local/lib/python3.10/site-packages/airflow/example_dags/example_task_group.py took 0.269 seconds
[2024-03-04T18:40:30.209+0530] {processor.py:161} INFO - Started process (PID=12701) to work on /home/arun/.local/lib/python3.10/site-packages/airflow/example_dags/example_task_group.py
[2024-03-04T18:40:30.272+0530] {processor.py:830} INFO - Processing file /home/arun/.local/lib/python3.10/site-packages/airflow/example_dags/example_task_group.py for tasks to queue
[2024-03-04T18:40:30.274+0530] {logging_mixin.py:188} INFO - [2024-03-04T18:40:30.273+0530] {dagbag.py:538} INFO - Filling up the DagBag from /home/arun/.local/lib/python3.10/site-packages/airflow/example_dags/example_task_group.py
[2024-03-04T18:40:30.291+0530] {processor.py:840} INFO - DAG(s) 'example_task_group' retrieved from /home/arun/.local/lib/python3.10/site-packages/airflow/example_dags/example_task_group.py
[2024-03-04T18:40:30.383+0530] {logging_mixin.py:188} INFO - [2024-03-04T18:40:30.382+0530] {dag.py:3036} INFO - Sync 1 DAGs
[2024-03-04T18:40:30.450+0530] {logging_mixin.py:188} INFO - [2024-03-04T18:40:30.449+0530] {dag.py:3823} INFO - Setting next_dagrun for example_task_group to 2024-03-03 00:00:00+00:00, run_after=2024-03-04 00:00:00+00:00
[2024-03-04T18:40:30.765+0530] {processor.py:183} INFO - Processing /home/arun/.local/lib/python3.10/site-packages/airflow/example_dags/example_task_group.py took 0.563 seconds
[2024-03-04T18:41:54.465+0530] {processor.py:161} INFO - Started process (PID=12828) to work on /home/arun/.local/lib/python3.10/site-packages/airflow/example_dags/example_task_group.py
[2024-03-04T18:41:54.506+0530] {processor.py:830} INFO - Processing file /home/arun/.local/lib/python3.10/site-packages/airflow/example_dags/example_task_group.py for tasks to queue
[2024-03-04T18:41:54.511+0530] {logging_mixin.py:188} INFO - [2024-03-04T18:41:54.510+0530] {dagbag.py:538} INFO - Filling up the DagBag from /home/arun/.local/lib/python3.10/site-packages/airflow/example_dags/example_task_group.py
[2024-03-04T18:41:54.542+0530] {processor.py:840} INFO - DAG(s) 'example_task_group' retrieved from /home/arun/.local/lib/python3.10/site-packages/airflow/example_dags/example_task_group.py
[2024-03-04T18:41:54.567+0530] {logging_mixin.py:188} INFO - [2024-03-04T18:41:54.567+0530] {dag.py:3036} INFO - Sync 1 DAGs
[2024-03-04T18:41:54.597+0530] {logging_mixin.py:188} INFO - [2024-03-04T18:41:54.596+0530] {dag.py:3823} INFO - Setting next_dagrun for example_task_group to 2024-03-03 00:00:00+00:00, run_after=2024-03-04 00:00:00+00:00
[2024-03-04T18:41:54.732+0530] {processor.py:183} INFO - Processing /home/arun/.local/lib/python3.10/site-packages/airflow/example_dags/example_task_group.py took 0.272 seconds
[2024-03-04T18:43:12.209+0530] {processor.py:161} INFO - Started process (PID=13420) to work on /home/arun/.local/lib/python3.10/site-packages/airflow/example_dags/example_task_group.py
[2024-03-04T18:43:12.278+0530] {processor.py:830} INFO - Processing file /home/arun/.local/lib/python3.10/site-packages/airflow/example_dags/example_task_group.py for tasks to queue
[2024-03-04T18:43:12.279+0530] {logging_mixin.py:188} INFO - [2024-03-04T18:43:12.279+0530] {dagbag.py:538} INFO - Filling up the DagBag from /home/arun/.local/lib/python3.10/site-packages/airflow/example_dags/example_task_group.py
[2024-03-04T18:43:12.294+0530] {processor.py:840} INFO - DAG(s) 'example_task_group' retrieved from /home/arun/.local/lib/python3.10/site-packages/airflow/example_dags/example_task_group.py
[2024-03-04T18:43:12.323+0530] {logging_mixin.py:188} INFO - [2024-03-04T18:43:12.322+0530] {dag.py:3036} INFO - Sync 1 DAGs
[2024-03-04T18:43:12.380+0530] {logging_mixin.py:188} INFO - [2024-03-04T18:43:12.380+0530] {dag.py:3823} INFO - Setting next_dagrun for example_task_group to 2024-03-03 00:00:00+00:00, run_after=2024-03-04 00:00:00+00:00
[2024-03-04T18:43:12.454+0530] {processor.py:183} INFO - Processing /home/arun/.local/lib/python3.10/site-packages/airflow/example_dags/example_task_group.py took 0.249 seconds
[2024-03-04T18:45:15.106+0530] {processor.py:161} INFO - Started process (PID=13783) to work on /home/arun/.local/lib/python3.10/site-packages/airflow/example_dags/example_task_group.py
[2024-03-04T18:45:15.132+0530] {processor.py:830} INFO - Processing file /home/arun/.local/lib/python3.10/site-packages/airflow/example_dags/example_task_group.py for tasks to queue
[2024-03-04T18:45:15.134+0530] {logging_mixin.py:188} INFO - [2024-03-04T18:45:15.133+0530] {dagbag.py:538} INFO - Filling up the DagBag from /home/arun/.local/lib/python3.10/site-packages/airflow/example_dags/example_task_group.py
[2024-03-04T18:45:15.162+0530] {processor.py:840} INFO - DAG(s) 'example_task_group' retrieved from /home/arun/.local/lib/python3.10/site-packages/airflow/example_dags/example_task_group.py
[2024-03-04T18:45:15.191+0530] {logging_mixin.py:188} INFO - [2024-03-04T18:45:15.190+0530] {dag.py:3036} INFO - Sync 1 DAGs
[2024-03-04T18:45:15.224+0530] {logging_mixin.py:188} INFO - [2024-03-04T18:45:15.224+0530] {dag.py:3823} INFO - Setting next_dagrun for example_task_group to 2024-03-03 00:00:00+00:00, run_after=2024-03-04 00:00:00+00:00
[2024-03-04T18:45:15.404+0530] {processor.py:183} INFO - Processing /home/arun/.local/lib/python3.10/site-packages/airflow/example_dags/example_task_group.py took 0.316 seconds
[2024-03-04T18:47:00.522+0530] {processor.py:161} INFO - Started process (PID=13989) to work on /home/arun/.local/lib/python3.10/site-packages/airflow/example_dags/example_task_group.py
[2024-03-04T18:47:00.540+0530] {processor.py:830} INFO - Processing file /home/arun/.local/lib/python3.10/site-packages/airflow/example_dags/example_task_group.py for tasks to queue
[2024-03-04T18:47:00.541+0530] {logging_mixin.py:188} INFO - [2024-03-04T18:47:00.541+0530] {dagbag.py:538} INFO - Filling up the DagBag from /home/arun/.local/lib/python3.10/site-packages/airflow/example_dags/example_task_group.py
[2024-03-04T18:47:00.550+0530] {processor.py:840} INFO - DAG(s) 'example_task_group' retrieved from /home/arun/.local/lib/python3.10/site-packages/airflow/example_dags/example_task_group.py
[2024-03-04T18:47:00.570+0530] {logging_mixin.py:188} INFO - [2024-03-04T18:47:00.569+0530] {dag.py:3036} INFO - Sync 1 DAGs
[2024-03-04T18:47:00.595+0530] {logging_mixin.py:188} INFO - [2024-03-04T18:47:00.595+0530] {dag.py:3823} INFO - Setting next_dagrun for example_task_group to 2024-03-03 00:00:00+00:00, run_after=2024-03-04 00:00:00+00:00
[2024-03-04T18:47:00.625+0530] {processor.py:183} INFO - Processing /home/arun/.local/lib/python3.10/site-packages/airflow/example_dags/example_task_group.py took 0.107 seconds
[2024-03-04T18:54:56.751+0530] {processor.py:161} INFO - Started process (PID=5779) to work on /home/arun/.local/lib/python3.10/site-packages/airflow/example_dags/example_task_group.py
[2024-03-04T18:54:56.793+0530] {processor.py:830} INFO - Processing file /home/arun/.local/lib/python3.10/site-packages/airflow/example_dags/example_task_group.py for tasks to queue
[2024-03-04T18:54:56.794+0530] {logging_mixin.py:188} INFO - [2024-03-04T18:54:56.794+0530] {dagbag.py:538} INFO - Filling up the DagBag from /home/arun/.local/lib/python3.10/site-packages/airflow/example_dags/example_task_group.py
[2024-03-04T18:54:56.821+0530] {processor.py:840} INFO - DAG(s) 'example_task_group' retrieved from /home/arun/.local/lib/python3.10/site-packages/airflow/example_dags/example_task_group.py
[2024-03-04T18:54:57.594+0530] {logging_mixin.py:188} INFO - [2024-03-04T18:54:57.594+0530] {dag.py:3036} INFO - Sync 1 DAGs
[2024-03-04T18:54:57.654+0530] {logging_mixin.py:188} INFO - [2024-03-04T18:54:57.654+0530] {dag.py:3823} INFO - Setting next_dagrun for example_task_group to 2024-03-03 00:00:00+00:00, run_after=2024-03-04 00:00:00+00:00
[2024-03-04T18:54:57.773+0530] {processor.py:183} INFO - Processing /home/arun/.local/lib/python3.10/site-packages/airflow/example_dags/example_task_group.py took 1.040 seconds
[2024-03-04T18:56:48.211+0530] {processor.py:161} INFO - Started process (PID=5954) to work on /home/arun/.local/lib/python3.10/site-packages/airflow/example_dags/example_task_group.py
[2024-03-04T18:56:48.252+0530] {processor.py:830} INFO - Processing file /home/arun/.local/lib/python3.10/site-packages/airflow/example_dags/example_task_group.py for tasks to queue
[2024-03-04T18:56:48.253+0530] {logging_mixin.py:188} INFO - [2024-03-04T18:56:48.253+0530] {dagbag.py:538} INFO - Filling up the DagBag from /home/arun/.local/lib/python3.10/site-packages/airflow/example_dags/example_task_group.py
[2024-03-04T18:56:48.281+0530] {processor.py:840} INFO - DAG(s) 'example_task_group' retrieved from /home/arun/.local/lib/python3.10/site-packages/airflow/example_dags/example_task_group.py
[2024-03-04T18:56:48.347+0530] {logging_mixin.py:188} INFO - [2024-03-04T18:56:48.347+0530] {dag.py:3036} INFO - Sync 1 DAGs
[2024-03-04T18:56:48.433+0530] {logging_mixin.py:188} INFO - [2024-03-04T18:56:48.433+0530] {dag.py:3823} INFO - Setting next_dagrun for example_task_group to 2024-03-03 00:00:00+00:00, run_after=2024-03-04 00:00:00+00:00
[2024-03-04T18:56:48.606+0530] {processor.py:183} INFO - Processing /home/arun/.local/lib/python3.10/site-packages/airflow/example_dags/example_task_group.py took 0.432 seconds
[2024-03-04T18:58:57.803+0530] {processor.py:161} INFO - Started process (PID=6331) to work on /home/arun/.local/lib/python3.10/site-packages/airflow/example_dags/example_task_group.py
[2024-03-04T18:58:57.851+0530] {processor.py:830} INFO - Processing file /home/arun/.local/lib/python3.10/site-packages/airflow/example_dags/example_task_group.py for tasks to queue
[2024-03-04T18:58:57.855+0530] {logging_mixin.py:188} INFO - [2024-03-04T18:58:57.854+0530] {dagbag.py:538} INFO - Filling up the DagBag from /home/arun/.local/lib/python3.10/site-packages/airflow/example_dags/example_task_group.py
[2024-03-04T18:58:57.888+0530] {processor.py:840} INFO - DAG(s) 'example_task_group' retrieved from /home/arun/.local/lib/python3.10/site-packages/airflow/example_dags/example_task_group.py
[2024-03-04T18:58:57.942+0530] {logging_mixin.py:188} INFO - [2024-03-04T18:58:57.942+0530] {dag.py:3036} INFO - Sync 1 DAGs
[2024-03-04T18:58:58.009+0530] {logging_mixin.py:188} INFO - [2024-03-04T18:58:58.008+0530] {dag.py:3823} INFO - Setting next_dagrun for example_task_group to 2024-03-03 00:00:00+00:00, run_after=2024-03-04 00:00:00+00:00
[2024-03-04T18:58:58.197+0530] {processor.py:183} INFO - Processing /home/arun/.local/lib/python3.10/site-packages/airflow/example_dags/example_task_group.py took 0.410 seconds
[2024-03-04T19:00:55.739+0530] {processor.py:161} INFO - Started process (PID=6513) to work on /home/arun/.local/lib/python3.10/site-packages/airflow/example_dags/example_task_group.py
[2024-03-04T19:00:55.816+0530] {processor.py:830} INFO - Processing file /home/arun/.local/lib/python3.10/site-packages/airflow/example_dags/example_task_group.py for tasks to queue
[2024-03-04T19:00:55.818+0530] {logging_mixin.py:188} INFO - [2024-03-04T19:00:55.817+0530] {dagbag.py:538} INFO - Filling up the DagBag from /home/arun/.local/lib/python3.10/site-packages/airflow/example_dags/example_task_group.py
[2024-03-04T19:00:55.830+0530] {processor.py:840} INFO - DAG(s) 'example_task_group' retrieved from /home/arun/.local/lib/python3.10/site-packages/airflow/example_dags/example_task_group.py
[2024-03-04T19:00:55.862+0530] {logging_mixin.py:188} INFO - [2024-03-04T19:00:55.862+0530] {dag.py:3036} INFO - Sync 1 DAGs
[2024-03-04T19:00:55.899+0530] {logging_mixin.py:188} INFO - [2024-03-04T19:00:55.899+0530] {dag.py:3823} INFO - Setting next_dagrun for example_task_group to 2024-03-03 00:00:00+00:00, run_after=2024-03-04 00:00:00+00:00
[2024-03-04T19:00:55.938+0530] {processor.py:183} INFO - Processing /home/arun/.local/lib/python3.10/site-packages/airflow/example_dags/example_task_group.py took 0.206 seconds
[2024-03-04T19:04:48.783+0530] {processor.py:161} INFO - Started process (PID=6847) to work on /home/arun/.local/lib/python3.10/site-packages/airflow/example_dags/example_task_group.py
[2024-03-04T19:04:48.836+0530] {processor.py:830} INFO - Processing file /home/arun/.local/lib/python3.10/site-packages/airflow/example_dags/example_task_group.py for tasks to queue
[2024-03-04T19:04:48.839+0530] {logging_mixin.py:188} INFO - [2024-03-04T19:04:48.837+0530] {dagbag.py:538} INFO - Filling up the DagBag from /home/arun/.local/lib/python3.10/site-packages/airflow/example_dags/example_task_group.py
[2024-03-04T19:04:48.872+0530] {processor.py:840} INFO - DAG(s) 'example_task_group' retrieved from /home/arun/.local/lib/python3.10/site-packages/airflow/example_dags/example_task_group.py
[2024-03-04T19:04:48.957+0530] {logging_mixin.py:188} INFO - [2024-03-04T19:04:48.956+0530] {dag.py:3036} INFO - Sync 1 DAGs
[2024-03-04T19:04:49.045+0530] {logging_mixin.py:188} INFO - [2024-03-04T19:04:49.044+0530] {dag.py:3823} INFO - Setting next_dagrun for example_task_group to 2024-03-03 00:00:00+00:00, run_after=2024-03-04 00:00:00+00:00
[2024-03-04T19:04:49.338+0530] {processor.py:183} INFO - Processing /home/arun/.local/lib/python3.10/site-packages/airflow/example_dags/example_task_group.py took 0.560 seconds
[2024-03-04T19:06:45.468+0530] {processor.py:161} INFO - Started process (PID=7085) to work on /home/arun/.local/lib/python3.10/site-packages/airflow/example_dags/example_task_group.py
[2024-03-04T19:06:45.501+0530] {processor.py:830} INFO - Processing file /home/arun/.local/lib/python3.10/site-packages/airflow/example_dags/example_task_group.py for tasks to queue
[2024-03-04T19:06:45.503+0530] {logging_mixin.py:188} INFO - [2024-03-04T19:06:45.502+0530] {dagbag.py:538} INFO - Filling up the DagBag from /home/arun/.local/lib/python3.10/site-packages/airflow/example_dags/example_task_group.py
[2024-03-04T19:06:45.513+0530] {processor.py:840} INFO - DAG(s) 'example_task_group' retrieved from /home/arun/.local/lib/python3.10/site-packages/airflow/example_dags/example_task_group.py
[2024-03-04T19:06:45.536+0530] {logging_mixin.py:188} INFO - [2024-03-04T19:06:45.536+0530] {dag.py:3036} INFO - Sync 1 DAGs
[2024-03-04T19:06:45.569+0530] {logging_mixin.py:188} INFO - [2024-03-04T19:06:45.569+0530] {dag.py:3823} INFO - Setting next_dagrun for example_task_group to 2024-03-03 00:00:00+00:00, run_after=2024-03-04 00:00:00+00:00
[2024-03-04T19:06:45.615+0530] {processor.py:183} INFO - Processing /home/arun/.local/lib/python3.10/site-packages/airflow/example_dags/example_task_group.py took 0.152 seconds
[2024-03-04T19:08:13.112+0530] {processor.py:161} INFO - Started process (PID=7262) to work on /home/arun/.local/lib/python3.10/site-packages/airflow/example_dags/example_task_group.py
[2024-03-04T19:08:13.153+0530] {processor.py:830} INFO - Processing file /home/arun/.local/lib/python3.10/site-packages/airflow/example_dags/example_task_group.py for tasks to queue
[2024-03-04T19:08:13.154+0530] {logging_mixin.py:188} INFO - [2024-03-04T19:08:13.154+0530] {dagbag.py:538} INFO - Filling up the DagBag from /home/arun/.local/lib/python3.10/site-packages/airflow/example_dags/example_task_group.py
[2024-03-04T19:08:13.166+0530] {processor.py:840} INFO - DAG(s) 'example_task_group' retrieved from /home/arun/.local/lib/python3.10/site-packages/airflow/example_dags/example_task_group.py
[2024-03-04T19:08:13.188+0530] {logging_mixin.py:188} INFO - [2024-03-04T19:08:13.187+0530] {dag.py:3036} INFO - Sync 1 DAGs
[2024-03-04T19:08:13.214+0530] {logging_mixin.py:188} INFO - [2024-03-04T19:08:13.214+0530] {dag.py:3823} INFO - Setting next_dagrun for example_task_group to 2024-03-03 00:00:00+00:00, run_after=2024-03-04 00:00:00+00:00
[2024-03-04T19:08:13.254+0530] {processor.py:183} INFO - Processing /home/arun/.local/lib/python3.10/site-packages/airflow/example_dags/example_task_group.py took 0.146 seconds
[2024-03-04T19:09:28.310+0530] {processor.py:161} INFO - Started process (PID=7405) to work on /home/arun/.local/lib/python3.10/site-packages/airflow/example_dags/example_task_group.py
[2024-03-04T19:09:28.343+0530] {processor.py:830} INFO - Processing file /home/arun/.local/lib/python3.10/site-packages/airflow/example_dags/example_task_group.py for tasks to queue
[2024-03-04T19:09:28.346+0530] {logging_mixin.py:188} INFO - [2024-03-04T19:09:28.345+0530] {dagbag.py:538} INFO - Filling up the DagBag from /home/arun/.local/lib/python3.10/site-packages/airflow/example_dags/example_task_group.py
[2024-03-04T19:09:28.361+0530] {processor.py:840} INFO - DAG(s) 'example_task_group' retrieved from /home/arun/.local/lib/python3.10/site-packages/airflow/example_dags/example_task_group.py
[2024-03-04T19:09:28.392+0530] {logging_mixin.py:188} INFO - [2024-03-04T19:09:28.391+0530] {dag.py:3036} INFO - Sync 1 DAGs
[2024-03-04T19:09:28.439+0530] {logging_mixin.py:188} INFO - [2024-03-04T19:09:28.438+0530] {dag.py:3823} INFO - Setting next_dagrun for example_task_group to 2024-03-03 00:00:00+00:00, run_after=2024-03-04 00:00:00+00:00
[2024-03-04T19:09:28.544+0530] {processor.py:183} INFO - Processing /home/arun/.local/lib/python3.10/site-packages/airflow/example_dags/example_task_group.py took 0.239 seconds
[2024-03-04T19:10:53.678+0530] {processor.py:161} INFO - Started process (PID=7572) to work on /home/arun/.local/lib/python3.10/site-packages/airflow/example_dags/example_task_group.py
[2024-03-04T19:10:53.681+0530] {processor.py:830} INFO - Processing file /home/arun/.local/lib/python3.10/site-packages/airflow/example_dags/example_task_group.py for tasks to queue
[2024-03-04T19:10:53.684+0530] {logging_mixin.py:188} INFO - [2024-03-04T19:10:53.683+0530] {dagbag.py:538} INFO - Filling up the DagBag from /home/arun/.local/lib/python3.10/site-packages/airflow/example_dags/example_task_group.py
[2024-03-04T19:10:53.706+0530] {processor.py:840} INFO - DAG(s) 'example_task_group' retrieved from /home/arun/.local/lib/python3.10/site-packages/airflow/example_dags/example_task_group.py
[2024-03-04T19:10:53.735+0530] {logging_mixin.py:188} INFO - [2024-03-04T19:10:53.734+0530] {dag.py:3036} INFO - Sync 1 DAGs
[2024-03-04T19:10:53.784+0530] {logging_mixin.py:188} INFO - [2024-03-04T19:10:53.784+0530] {dag.py:3823} INFO - Setting next_dagrun for example_task_group to 2024-03-03 00:00:00+00:00, run_after=2024-03-04 00:00:00+00:00
[2024-03-04T19:10:53.838+0530] {processor.py:183} INFO - Processing /home/arun/.local/lib/python3.10/site-packages/airflow/example_dags/example_task_group.py took 0.167 seconds
[2024-03-04T19:12:22.138+0530] {processor.py:161} INFO - Started process (PID=7738) to work on /home/arun/.local/lib/python3.10/site-packages/airflow/example_dags/example_task_group.py
[2024-03-04T19:12:22.184+0530] {processor.py:830} INFO - Processing file /home/arun/.local/lib/python3.10/site-packages/airflow/example_dags/example_task_group.py for tasks to queue
[2024-03-04T19:12:22.185+0530] {logging_mixin.py:188} INFO - [2024-03-04T19:12:22.185+0530] {dagbag.py:538} INFO - Filling up the DagBag from /home/arun/.local/lib/python3.10/site-packages/airflow/example_dags/example_task_group.py
[2024-03-04T19:12:22.206+0530] {processor.py:840} INFO - DAG(s) 'example_task_group' retrieved from /home/arun/.local/lib/python3.10/site-packages/airflow/example_dags/example_task_group.py
[2024-03-04T19:12:22.257+0530] {logging_mixin.py:188} INFO - [2024-03-04T19:12:22.257+0530] {dag.py:3036} INFO - Sync 1 DAGs
[2024-03-04T19:12:22.285+0530] {logging_mixin.py:188} INFO - [2024-03-04T19:12:22.284+0530] {dag.py:3823} INFO - Setting next_dagrun for example_task_group to 2024-03-03 00:00:00+00:00, run_after=2024-03-04 00:00:00+00:00
[2024-03-04T19:12:22.313+0530] {processor.py:183} INFO - Processing /home/arun/.local/lib/python3.10/site-packages/airflow/example_dags/example_task_group.py took 0.200 seconds
[2024-03-04T19:13:46.766+0530] {processor.py:161} INFO - Started process (PID=7883) to work on /home/arun/.local/lib/python3.10/site-packages/airflow/example_dags/example_task_group.py
[2024-03-04T19:13:46.828+0530] {processor.py:830} INFO - Processing file /home/arun/.local/lib/python3.10/site-packages/airflow/example_dags/example_task_group.py for tasks to queue
[2024-03-04T19:13:46.830+0530] {logging_mixin.py:188} INFO - [2024-03-04T19:13:46.829+0530] {dagbag.py:538} INFO - Filling up the DagBag from /home/arun/.local/lib/python3.10/site-packages/airflow/example_dags/example_task_group.py
[2024-03-04T19:13:46.846+0530] {processor.py:840} INFO - DAG(s) 'example_task_group' retrieved from /home/arun/.local/lib/python3.10/site-packages/airflow/example_dags/example_task_group.py
[2024-03-04T19:13:46.907+0530] {logging_mixin.py:188} INFO - [2024-03-04T19:13:46.906+0530] {dag.py:3036} INFO - Sync 1 DAGs
[2024-03-04T19:13:46.939+0530] {logging_mixin.py:188} INFO - [2024-03-04T19:13:46.938+0530] {dag.py:3823} INFO - Setting next_dagrun for example_task_group to 2024-03-03 00:00:00+00:00, run_after=2024-03-04 00:00:00+00:00
[2024-03-04T19:13:47.007+0530] {processor.py:183} INFO - Processing /home/arun/.local/lib/python3.10/site-packages/airflow/example_dags/example_task_group.py took 0.255 seconds
[2024-03-04T19:15:16.171+0530] {processor.py:161} INFO - Started process (PID=8114) to work on /home/arun/.local/lib/python3.10/site-packages/airflow/example_dags/example_task_group.py
[2024-03-04T19:15:16.263+0530] {processor.py:830} INFO - Processing file /home/arun/.local/lib/python3.10/site-packages/airflow/example_dags/example_task_group.py for tasks to queue
[2024-03-04T19:15:16.264+0530] {logging_mixin.py:188} INFO - [2024-03-04T19:15:16.264+0530] {dagbag.py:538} INFO - Filling up the DagBag from /home/arun/.local/lib/python3.10/site-packages/airflow/example_dags/example_task_group.py
[2024-03-04T19:15:16.275+0530] {processor.py:840} INFO - DAG(s) 'example_task_group' retrieved from /home/arun/.local/lib/python3.10/site-packages/airflow/example_dags/example_task_group.py
[2024-03-04T19:15:16.295+0530] {logging_mixin.py:188} INFO - [2024-03-04T19:15:16.295+0530] {dag.py:3036} INFO - Sync 1 DAGs
[2024-03-04T19:15:16.319+0530] {logging_mixin.py:188} INFO - [2024-03-04T19:15:16.319+0530] {dag.py:3823} INFO - Setting next_dagrun for example_task_group to 2024-03-03 00:00:00+00:00, run_after=2024-03-04 00:00:00+00:00
[2024-03-04T19:15:16.347+0530] {processor.py:183} INFO - Processing /home/arun/.local/lib/python3.10/site-packages/airflow/example_dags/example_task_group.py took 0.183 seconds
[2024-03-04T19:16:36.536+0530] {processor.py:161} INFO - Started process (PID=8275) to work on /home/arun/.local/lib/python3.10/site-packages/airflow/example_dags/example_task_group.py
[2024-03-04T19:16:36.578+0530] {processor.py:830} INFO - Processing file /home/arun/.local/lib/python3.10/site-packages/airflow/example_dags/example_task_group.py for tasks to queue
[2024-03-04T19:16:36.580+0530] {logging_mixin.py:188} INFO - [2024-03-04T19:16:36.579+0530] {dagbag.py:538} INFO - Filling up the DagBag from /home/arun/.local/lib/python3.10/site-packages/airflow/example_dags/example_task_group.py
[2024-03-04T19:16:36.594+0530] {processor.py:840} INFO - DAG(s) 'example_task_group' retrieved from /home/arun/.local/lib/python3.10/site-packages/airflow/example_dags/example_task_group.py
[2024-03-04T19:16:36.627+0530] {logging_mixin.py:188} INFO - [2024-03-04T19:16:36.627+0530] {dag.py:3036} INFO - Sync 1 DAGs
[2024-03-04T19:16:36.671+0530] {logging_mixin.py:188} INFO - [2024-03-04T19:16:36.670+0530] {dag.py:3823} INFO - Setting next_dagrun for example_task_group to 2024-03-03 00:00:00+00:00, run_after=2024-03-04 00:00:00+00:00
[2024-03-04T19:16:36.712+0530] {processor.py:183} INFO - Processing /home/arun/.local/lib/python3.10/site-packages/airflow/example_dags/example_task_group.py took 0.179 seconds
[2024-03-04T19:18:03.885+0530] {processor.py:161} INFO - Started process (PID=8451) to work on /home/arun/.local/lib/python3.10/site-packages/airflow/example_dags/example_task_group.py
[2024-03-04T19:18:03.917+0530] {processor.py:830} INFO - Processing file /home/arun/.local/lib/python3.10/site-packages/airflow/example_dags/example_task_group.py for tasks to queue
[2024-03-04T19:18:03.919+0530] {logging_mixin.py:188} INFO - [2024-03-04T19:18:03.918+0530] {dagbag.py:538} INFO - Filling up the DagBag from /home/arun/.local/lib/python3.10/site-packages/airflow/example_dags/example_task_group.py
[2024-03-04T19:18:03.934+0530] {processor.py:840} INFO - DAG(s) 'example_task_group' retrieved from /home/arun/.local/lib/python3.10/site-packages/airflow/example_dags/example_task_group.py
[2024-03-04T19:18:03.962+0530] {logging_mixin.py:188} INFO - [2024-03-04T19:18:03.961+0530] {dag.py:3036} INFO - Sync 1 DAGs
[2024-03-04T19:18:04.009+0530] {logging_mixin.py:188} INFO - [2024-03-04T19:18:04.009+0530] {dag.py:3823} INFO - Setting next_dagrun for example_task_group to 2024-03-03 00:00:00+00:00, run_after=2024-03-04 00:00:00+00:00
[2024-03-04T19:18:04.078+0530] {processor.py:183} INFO - Processing /home/arun/.local/lib/python3.10/site-packages/airflow/example_dags/example_task_group.py took 0.197 seconds
[2024-03-04T19:19:31.436+0530] {processor.py:161} INFO - Started process (PID=8617) to work on /home/arun/.local/lib/python3.10/site-packages/airflow/example_dags/example_task_group.py
[2024-03-04T19:19:31.482+0530] {processor.py:830} INFO - Processing file /home/arun/.local/lib/python3.10/site-packages/airflow/example_dags/example_task_group.py for tasks to queue
[2024-03-04T19:19:31.486+0530] {logging_mixin.py:188} INFO - [2024-03-04T19:19:31.486+0530] {dagbag.py:538} INFO - Filling up the DagBag from /home/arun/.local/lib/python3.10/site-packages/airflow/example_dags/example_task_group.py
[2024-03-04T19:19:31.509+0530] {processor.py:840} INFO - DAG(s) 'example_task_group' retrieved from /home/arun/.local/lib/python3.10/site-packages/airflow/example_dags/example_task_group.py
[2024-03-04T19:19:31.543+0530] {logging_mixin.py:188} INFO - [2024-03-04T19:19:31.543+0530] {dag.py:3036} INFO - Sync 1 DAGs
[2024-03-04T19:19:31.593+0530] {logging_mixin.py:188} INFO - [2024-03-04T19:19:31.592+0530] {dag.py:3823} INFO - Setting next_dagrun for example_task_group to 2024-03-03 00:00:00+00:00, run_after=2024-03-04 00:00:00+00:00
[2024-03-04T19:19:31.694+0530] {processor.py:183} INFO - Processing /home/arun/.local/lib/python3.10/site-packages/airflow/example_dags/example_task_group.py took 0.263 seconds
[2024-03-04T19:20:55.034+0530] {processor.py:161} INFO - Started process (PID=8779) to work on /home/arun/.local/lib/python3.10/site-packages/airflow/example_dags/example_task_group.py
[2024-03-04T19:20:55.086+0530] {processor.py:830} INFO - Processing file /home/arun/.local/lib/python3.10/site-packages/airflow/example_dags/example_task_group.py for tasks to queue
[2024-03-04T19:20:55.099+0530] {logging_mixin.py:188} INFO - [2024-03-04T19:20:55.099+0530] {dagbag.py:538} INFO - Filling up the DagBag from /home/arun/.local/lib/python3.10/site-packages/airflow/example_dags/example_task_group.py
[2024-03-04T19:20:55.127+0530] {processor.py:840} INFO - DAG(s) 'example_task_group' retrieved from /home/arun/.local/lib/python3.10/site-packages/airflow/example_dags/example_task_group.py
[2024-03-04T19:20:55.167+0530] {logging_mixin.py:188} INFO - [2024-03-04T19:20:55.167+0530] {dag.py:3036} INFO - Sync 1 DAGs
[2024-03-04T19:20:55.192+0530] {logging_mixin.py:188} INFO - [2024-03-04T19:20:55.192+0530] {dag.py:3823} INFO - Setting next_dagrun for example_task_group to 2024-03-03 00:00:00+00:00, run_after=2024-03-04 00:00:00+00:00
[2024-03-04T19:20:55.233+0530] {processor.py:183} INFO - Processing /home/arun/.local/lib/python3.10/site-packages/airflow/example_dags/example_task_group.py took 0.207 seconds
[2024-03-04T19:22:26.277+0530] {processor.py:161} INFO - Started process (PID=8986) to work on /home/arun/.local/lib/python3.10/site-packages/airflow/example_dags/example_task_group.py
[2024-03-04T19:22:26.313+0530] {processor.py:830} INFO - Processing file /home/arun/.local/lib/python3.10/site-packages/airflow/example_dags/example_task_group.py for tasks to queue
[2024-03-04T19:22:26.315+0530] {logging_mixin.py:188} INFO - [2024-03-04T19:22:26.314+0530] {dagbag.py:538} INFO - Filling up the DagBag from /home/arun/.local/lib/python3.10/site-packages/airflow/example_dags/example_task_group.py
[2024-03-04T19:22:26.330+0530] {processor.py:840} INFO - DAG(s) 'example_task_group' retrieved from /home/arun/.local/lib/python3.10/site-packages/airflow/example_dags/example_task_group.py
[2024-03-04T19:22:26.362+0530] {logging_mixin.py:188} INFO - [2024-03-04T19:22:26.361+0530] {dag.py:3036} INFO - Sync 1 DAGs
[2024-03-04T19:22:26.389+0530] {logging_mixin.py:188} INFO - [2024-03-04T19:22:26.389+0530] {dag.py:3823} INFO - Setting next_dagrun for example_task_group to 2024-03-03 00:00:00+00:00, run_after=2024-03-04 00:00:00+00:00
[2024-03-04T19:22:26.417+0530] {processor.py:183} INFO - Processing /home/arun/.local/lib/python3.10/site-packages/airflow/example_dags/example_task_group.py took 0.145 seconds
[2024-03-04T19:23:50.079+0530] {processor.py:161} INFO - Started process (PID=9129) to work on /home/arun/.local/lib/python3.10/site-packages/airflow/example_dags/example_task_group.py
[2024-03-04T19:23:50.111+0530] {processor.py:830} INFO - Processing file /home/arun/.local/lib/python3.10/site-packages/airflow/example_dags/example_task_group.py for tasks to queue
[2024-03-04T19:23:50.112+0530] {logging_mixin.py:188} INFO - [2024-03-04T19:23:50.112+0530] {dagbag.py:538} INFO - Filling up the DagBag from /home/arun/.local/lib/python3.10/site-packages/airflow/example_dags/example_task_group.py
[2024-03-04T19:23:50.126+0530] {processor.py:840} INFO - DAG(s) 'example_task_group' retrieved from /home/arun/.local/lib/python3.10/site-packages/airflow/example_dags/example_task_group.py
[2024-03-04T19:23:50.160+0530] {logging_mixin.py:188} INFO - [2024-03-04T19:23:50.160+0530] {dag.py:3036} INFO - Sync 1 DAGs
[2024-03-04T19:23:50.208+0530] {logging_mixin.py:188} INFO - [2024-03-04T19:23:50.207+0530] {dag.py:3823} INFO - Setting next_dagrun for example_task_group to 2024-03-03 00:00:00+00:00, run_after=2024-03-04 00:00:00+00:00
[2024-03-04T19:23:50.249+0530] {processor.py:183} INFO - Processing /home/arun/.local/lib/python3.10/site-packages/airflow/example_dags/example_task_group.py took 0.175 seconds
[2024-03-04T19:25:07.271+0530] {processor.py:161} INFO - Started process (PID=9295) to work on /home/arun/.local/lib/python3.10/site-packages/airflow/example_dags/example_task_group.py
[2024-03-04T19:25:07.305+0530] {processor.py:830} INFO - Processing file /home/arun/.local/lib/python3.10/site-packages/airflow/example_dags/example_task_group.py for tasks to queue
[2024-03-04T19:25:07.306+0530] {logging_mixin.py:188} INFO - [2024-03-04T19:25:07.306+0530] {dagbag.py:538} INFO - Filling up the DagBag from /home/arun/.local/lib/python3.10/site-packages/airflow/example_dags/example_task_group.py
[2024-03-04T19:25:07.314+0530] {processor.py:840} INFO - DAG(s) 'example_task_group' retrieved from /home/arun/.local/lib/python3.10/site-packages/airflow/example_dags/example_task_group.py
[2024-03-04T19:25:07.331+0530] {logging_mixin.py:188} INFO - [2024-03-04T19:25:07.331+0530] {dag.py:3036} INFO - Sync 1 DAGs
[2024-03-04T19:25:07.351+0530] {logging_mixin.py:188} INFO - [2024-03-04T19:25:07.351+0530] {dag.py:3823} INFO - Setting next_dagrun for example_task_group to 2024-03-03 00:00:00+00:00, run_after=2024-03-04 00:00:00+00:00
[2024-03-04T19:25:07.383+0530] {processor.py:183} INFO - Processing /home/arun/.local/lib/python3.10/site-packages/airflow/example_dags/example_task_group.py took 0.115 seconds
[2024-03-04T19:26:25.444+0530] {processor.py:161} INFO - Started process (PID=9468) to work on /home/arun/.local/lib/python3.10/site-packages/airflow/example_dags/example_task_group.py
[2024-03-04T19:26:25.476+0530] {processor.py:830} INFO - Processing file /home/arun/.local/lib/python3.10/site-packages/airflow/example_dags/example_task_group.py for tasks to queue
[2024-03-04T19:26:25.477+0530] {logging_mixin.py:188} INFO - [2024-03-04T19:26:25.476+0530] {dagbag.py:538} INFO - Filling up the DagBag from /home/arun/.local/lib/python3.10/site-packages/airflow/example_dags/example_task_group.py
[2024-03-04T19:26:25.485+0530] {processor.py:840} INFO - DAG(s) 'example_task_group' retrieved from /home/arun/.local/lib/python3.10/site-packages/airflow/example_dags/example_task_group.py
[2024-03-04T19:26:25.503+0530] {logging_mixin.py:188} INFO - [2024-03-04T19:26:25.503+0530] {dag.py:3036} INFO - Sync 1 DAGs
[2024-03-04T19:26:25.531+0530] {logging_mixin.py:188} INFO - [2024-03-04T19:26:25.531+0530] {dag.py:3823} INFO - Setting next_dagrun for example_task_group to 2024-03-03 00:00:00+00:00, run_after=2024-03-04 00:00:00+00:00
[2024-03-04T19:26:25.585+0530] {processor.py:183} INFO - Processing /home/arun/.local/lib/python3.10/site-packages/airflow/example_dags/example_task_group.py took 0.144 seconds
[2024-03-04T19:27:44.024+0530] {processor.py:161} INFO - Started process (PID=9606) to work on /home/arun/.local/lib/python3.10/site-packages/airflow/example_dags/example_task_group.py
[2024-03-04T19:27:44.059+0530] {processor.py:830} INFO - Processing file /home/arun/.local/lib/python3.10/site-packages/airflow/example_dags/example_task_group.py for tasks to queue
[2024-03-04T19:27:44.060+0530] {logging_mixin.py:188} INFO - [2024-03-04T19:27:44.060+0530] {dagbag.py:538} INFO - Filling up the DagBag from /home/arun/.local/lib/python3.10/site-packages/airflow/example_dags/example_task_group.py
[2024-03-04T19:27:44.083+0530] {processor.py:840} INFO - DAG(s) 'example_task_group' retrieved from /home/arun/.local/lib/python3.10/site-packages/airflow/example_dags/example_task_group.py
[2024-03-04T19:27:44.112+0530] {logging_mixin.py:188} INFO - [2024-03-04T19:27:44.112+0530] {dag.py:3036} INFO - Sync 1 DAGs
[2024-03-04T19:27:44.182+0530] {logging_mixin.py:188} INFO - [2024-03-04T19:27:44.182+0530] {dag.py:3823} INFO - Setting next_dagrun for example_task_group to 2024-03-03 00:00:00+00:00, run_after=2024-03-04 00:00:00+00:00
[2024-03-04T19:27:44.258+0530] {processor.py:183} INFO - Processing /home/arun/.local/lib/python3.10/site-packages/airflow/example_dags/example_task_group.py took 0.239 seconds
[2024-03-04T22:42:00.258+0530] {processor.py:161} INFO - Started process (PID=17436) to work on /home/arun/.local/lib/python3.10/site-packages/airflow/example_dags/example_task_group.py
[2024-03-04T22:42:00.337+0530] {processor.py:830} INFO - Processing file /home/arun/.local/lib/python3.10/site-packages/airflow/example_dags/example_task_group.py for tasks to queue
[2024-03-04T22:42:00.338+0530] {logging_mixin.py:188} INFO - [2024-03-04T22:42:00.338+0530] {dagbag.py:538} INFO - Filling up the DagBag from /home/arun/.local/lib/python3.10/site-packages/airflow/example_dags/example_task_group.py
[2024-03-04T22:42:00.355+0530] {processor.py:840} INFO - DAG(s) 'example_task_group' retrieved from /home/arun/.local/lib/python3.10/site-packages/airflow/example_dags/example_task_group.py
[2024-03-04T22:42:00.909+0530] {logging_mixin.py:188} INFO - [2024-03-04T22:42:00.908+0530] {dag.py:3036} INFO - Sync 1 DAGs
[2024-03-04T22:42:00.933+0530] {logging_mixin.py:188} INFO - [2024-03-04T22:42:00.932+0530] {dag.py:3823} INFO - Setting next_dagrun for example_task_group to 2024-03-03 00:00:00+00:00, run_after=2024-03-04 00:00:00+00:00
[2024-03-04T22:42:01.052+0530] {processor.py:183} INFO - Processing /home/arun/.local/lib/python3.10/site-packages/airflow/example_dags/example_task_group.py took 0.799 seconds
[2024-03-04T22:55:35.718+0530] {processor.py:161} INFO - Started process (PID=5642) to work on /home/arun/.local/lib/python3.10/site-packages/airflow/example_dags/example_task_group.py
[2024-03-04T22:55:35.771+0530] {processor.py:830} INFO - Processing file /home/arun/.local/lib/python3.10/site-packages/airflow/example_dags/example_task_group.py for tasks to queue
[2024-03-04T22:55:35.779+0530] {logging_mixin.py:188} INFO - [2024-03-04T22:55:35.772+0530] {dagbag.py:538} INFO - Filling up the DagBag from /home/arun/.local/lib/python3.10/site-packages/airflow/example_dags/example_task_group.py
[2024-03-04T22:55:35.792+0530] {processor.py:840} INFO - DAG(s) 'example_task_group' retrieved from /home/arun/.local/lib/python3.10/site-packages/airflow/example_dags/example_task_group.py
[2024-03-04T22:55:36.220+0530] {logging_mixin.py:188} INFO - [2024-03-04T22:55:36.219+0530] {dag.py:3036} INFO - Sync 1 DAGs
[2024-03-04T22:55:36.324+0530] {logging_mixin.py:188} INFO - [2024-03-04T22:55:36.310+0530] {dag.py:3823} INFO - Setting next_dagrun for example_task_group to 2024-03-03 00:00:00+00:00, run_after=2024-03-04 00:00:00+00:00
[2024-03-04T22:55:36.386+0530] {processor.py:183} INFO - Processing /home/arun/.local/lib/python3.10/site-packages/airflow/example_dags/example_task_group.py took 0.674 seconds
[2024-03-04T22:57:15.138+0530] {processor.py:161} INFO - Started process (PID=5733) to work on /home/arun/.local/lib/python3.10/site-packages/airflow/example_dags/example_task_group.py
[2024-03-04T22:57:15.197+0530] {processor.py:830} INFO - Processing file /home/arun/.local/lib/python3.10/site-packages/airflow/example_dags/example_task_group.py for tasks to queue
[2024-03-04T22:57:15.201+0530] {logging_mixin.py:188} INFO - [2024-03-04T22:57:15.201+0530] {dagbag.py:538} INFO - Filling up the DagBag from /home/arun/.local/lib/python3.10/site-packages/airflow/example_dags/example_task_group.py
[2024-03-04T22:57:15.220+0530] {processor.py:840} INFO - DAG(s) 'example_task_group' retrieved from /home/arun/.local/lib/python3.10/site-packages/airflow/example_dags/example_task_group.py
[2024-03-04T22:57:15.265+0530] {logging_mixin.py:188} INFO - [2024-03-04T22:57:15.264+0530] {dag.py:3036} INFO - Sync 1 DAGs
[2024-03-04T22:57:15.301+0530] {logging_mixin.py:188} INFO - [2024-03-04T22:57:15.301+0530] {dag.py:3823} INFO - Setting next_dagrun for example_task_group to 2024-03-03 00:00:00+00:00, run_after=2024-03-04 00:00:00+00:00
[2024-03-04T22:57:15.430+0530] {processor.py:183} INFO - Processing /home/arun/.local/lib/python3.10/site-packages/airflow/example_dags/example_task_group.py took 0.309 seconds
[2024-03-04T22:59:20.833+0530] {processor.py:161} INFO - Started process (PID=5862) to work on /home/arun/.local/lib/python3.10/site-packages/airflow/example_dags/example_task_group.py
[2024-03-04T22:59:20.878+0530] {processor.py:830} INFO - Processing file /home/arun/.local/lib/python3.10/site-packages/airflow/example_dags/example_task_group.py for tasks to queue
[2024-03-04T22:59:20.880+0530] {logging_mixin.py:188} INFO - [2024-03-04T22:59:20.879+0530] {dagbag.py:538} INFO - Filling up the DagBag from /home/arun/.local/lib/python3.10/site-packages/airflow/example_dags/example_task_group.py
[2024-03-04T22:59:20.925+0530] {processor.py:840} INFO - DAG(s) 'example_task_group' retrieved from /home/arun/.local/lib/python3.10/site-packages/airflow/example_dags/example_task_group.py
[2024-03-04T22:59:20.985+0530] {logging_mixin.py:188} INFO - [2024-03-04T22:59:20.984+0530] {dag.py:3036} INFO - Sync 1 DAGs
[2024-03-04T22:59:21.036+0530] {logging_mixin.py:188} INFO - [2024-03-04T22:59:21.035+0530] {dag.py:3823} INFO - Setting next_dagrun for example_task_group to 2024-03-03 00:00:00+00:00, run_after=2024-03-04 00:00:00+00:00
[2024-03-04T22:59:21.139+0530] {processor.py:183} INFO - Processing /home/arun/.local/lib/python3.10/site-packages/airflow/example_dags/example_task_group.py took 0.313 seconds
[2024-03-04T23:00:55.931+0530] {processor.py:161} INFO - Started process (PID=6014) to work on /home/arun/.local/lib/python3.10/site-packages/airflow/example_dags/example_task_group.py
[2024-03-04T23:00:55.935+0530] {processor.py:830} INFO - Processing file /home/arun/.local/lib/python3.10/site-packages/airflow/example_dags/example_task_group.py for tasks to queue
[2024-03-04T23:00:55.937+0530] {logging_mixin.py:188} INFO - [2024-03-04T23:00:55.937+0530] {dagbag.py:538} INFO - Filling up the DagBag from /home/arun/.local/lib/python3.10/site-packages/airflow/example_dags/example_task_group.py
[2024-03-04T23:00:55.955+0530] {processor.py:840} INFO - DAG(s) 'example_task_group' retrieved from /home/arun/.local/lib/python3.10/site-packages/airflow/example_dags/example_task_group.py
[2024-03-04T23:00:56.010+0530] {logging_mixin.py:188} INFO - [2024-03-04T23:00:56.009+0530] {dag.py:3036} INFO - Sync 1 DAGs
[2024-03-04T23:00:56.046+0530] {logging_mixin.py:188} INFO - [2024-03-04T23:00:56.046+0530] {dag.py:3823} INFO - Setting next_dagrun for example_task_group to 2024-03-03 00:00:00+00:00, run_after=2024-03-04 00:00:00+00:00
[2024-03-04T23:00:56.089+0530] {processor.py:183} INFO - Processing /home/arun/.local/lib/python3.10/site-packages/airflow/example_dags/example_task_group.py took 0.166 seconds
[2024-03-04T23:02:20.535+0530] {processor.py:161} INFO - Started process (PID=6158) to work on /home/arun/.local/lib/python3.10/site-packages/airflow/example_dags/example_task_group.py
[2024-03-04T23:02:20.569+0530] {processor.py:830} INFO - Processing file /home/arun/.local/lib/python3.10/site-packages/airflow/example_dags/example_task_group.py for tasks to queue
[2024-03-04T23:02:20.571+0530] {logging_mixin.py:188} INFO - [2024-03-04T23:02:20.570+0530] {dagbag.py:538} INFO - Filling up the DagBag from /home/arun/.local/lib/python3.10/site-packages/airflow/example_dags/example_task_group.py
[2024-03-04T23:02:20.583+0530] {processor.py:840} INFO - DAG(s) 'example_task_group' retrieved from /home/arun/.local/lib/python3.10/site-packages/airflow/example_dags/example_task_group.py
[2024-03-04T23:02:20.609+0530] {logging_mixin.py:188} INFO - [2024-03-04T23:02:20.609+0530] {dag.py:3036} INFO - Sync 1 DAGs
[2024-03-04T23:02:20.638+0530] {logging_mixin.py:188} INFO - [2024-03-04T23:02:20.637+0530] {dag.py:3823} INFO - Setting next_dagrun for example_task_group to 2024-03-03 00:00:00+00:00, run_after=2024-03-04 00:00:00+00:00
[2024-03-04T23:02:20.679+0530] {processor.py:183} INFO - Processing /home/arun/.local/lib/python3.10/site-packages/airflow/example_dags/example_task_group.py took 0.149 seconds
[2024-03-04T23:04:07.423+0530] {processor.py:161} INFO - Started process (PID=6705) to work on /home/arun/.local/lib/python3.10/site-packages/airflow/example_dags/example_task_group.py
[2024-03-04T23:04:07.456+0530] {processor.py:830} INFO - Processing file /home/arun/.local/lib/python3.10/site-packages/airflow/example_dags/example_task_group.py for tasks to queue
[2024-03-04T23:04:07.458+0530] {logging_mixin.py:188} INFO - [2024-03-04T23:04:07.457+0530] {dagbag.py:538} INFO - Filling up the DagBag from /home/arun/.local/lib/python3.10/site-packages/airflow/example_dags/example_task_group.py
[2024-03-04T23:04:07.469+0530] {processor.py:840} INFO - DAG(s) 'example_task_group' retrieved from /home/arun/.local/lib/python3.10/site-packages/airflow/example_dags/example_task_group.py
[2024-03-04T23:04:07.497+0530] {logging_mixin.py:188} INFO - [2024-03-04T23:04:07.497+0530] {dag.py:3036} INFO - Sync 1 DAGs
[2024-03-04T23:04:07.542+0530] {logging_mixin.py:188} INFO - [2024-03-04T23:04:07.541+0530] {dag.py:3823} INFO - Setting next_dagrun for example_task_group to 2024-03-03 00:00:00+00:00, run_after=2024-03-04 00:00:00+00:00
[2024-03-04T23:04:07.576+0530] {processor.py:183} INFO - Processing /home/arun/.local/lib/python3.10/site-packages/airflow/example_dags/example_task_group.py took 0.158 seconds
[2024-03-04T23:05:58.307+0530] {processor.py:161} INFO - Started process (PID=6903) to work on /home/arun/.local/lib/python3.10/site-packages/airflow/example_dags/example_task_group.py
[2024-03-04T23:05:58.309+0530] {processor.py:830} INFO - Processing file /home/arun/.local/lib/python3.10/site-packages/airflow/example_dags/example_task_group.py for tasks to queue
[2024-03-04T23:05:58.310+0530] {logging_mixin.py:188} INFO - [2024-03-04T23:05:58.310+0530] {dagbag.py:538} INFO - Filling up the DagBag from /home/arun/.local/lib/python3.10/site-packages/airflow/example_dags/example_task_group.py
[2024-03-04T23:05:58.321+0530] {processor.py:840} INFO - DAG(s) 'example_task_group' retrieved from /home/arun/.local/lib/python3.10/site-packages/airflow/example_dags/example_task_group.py
[2024-03-04T23:05:58.350+0530] {logging_mixin.py:188} INFO - [2024-03-04T23:05:58.349+0530] {dag.py:3036} INFO - Sync 1 DAGs
[2024-03-04T23:05:58.383+0530] {logging_mixin.py:188} INFO - [2024-03-04T23:05:58.382+0530] {dag.py:3823} INFO - Setting next_dagrun for example_task_group to 2024-03-03 00:00:00+00:00, run_after=2024-03-04 00:00:00+00:00
[2024-03-04T23:05:58.421+0530] {processor.py:183} INFO - Processing /home/arun/.local/lib/python3.10/site-packages/airflow/example_dags/example_task_group.py took 0.119 seconds
[2024-03-04T23:07:30.638+0530] {processor.py:161} INFO - Started process (PID=7099) to work on /home/arun/.local/lib/python3.10/site-packages/airflow/example_dags/example_task_group.py
[2024-03-04T23:07:30.681+0530] {processor.py:830} INFO - Processing file /home/arun/.local/lib/python3.10/site-packages/airflow/example_dags/example_task_group.py for tasks to queue
[2024-03-04T23:07:30.683+0530] {logging_mixin.py:188} INFO - [2024-03-04T23:07:30.682+0530] {dagbag.py:538} INFO - Filling up the DagBag from /home/arun/.local/lib/python3.10/site-packages/airflow/example_dags/example_task_group.py
[2024-03-04T23:07:30.694+0530] {processor.py:840} INFO - DAG(s) 'example_task_group' retrieved from /home/arun/.local/lib/python3.10/site-packages/airflow/example_dags/example_task_group.py
[2024-03-04T23:07:30.719+0530] {logging_mixin.py:188} INFO - [2024-03-04T23:07:30.718+0530] {dag.py:3036} INFO - Sync 1 DAGs
[2024-03-04T23:07:30.740+0530] {logging_mixin.py:188} INFO - [2024-03-04T23:07:30.740+0530] {dag.py:3823} INFO - Setting next_dagrun for example_task_group to 2024-03-03 00:00:00+00:00, run_after=2024-03-04 00:00:00+00:00
[2024-03-04T23:07:30.880+0530] {processor.py:183} INFO - Processing /home/arun/.local/lib/python3.10/site-packages/airflow/example_dags/example_task_group.py took 0.247 seconds
[2024-03-04T23:09:00.907+0530] {processor.py:161} INFO - Started process (PID=7272) to work on /home/arun/.local/lib/python3.10/site-packages/airflow/example_dags/example_task_group.py
[2024-03-04T23:09:00.938+0530] {processor.py:830} INFO - Processing file /home/arun/.local/lib/python3.10/site-packages/airflow/example_dags/example_task_group.py for tasks to queue
[2024-03-04T23:09:00.939+0530] {logging_mixin.py:188} INFO - [2024-03-04T23:09:00.939+0530] {dagbag.py:538} INFO - Filling up the DagBag from /home/arun/.local/lib/python3.10/site-packages/airflow/example_dags/example_task_group.py
[2024-03-04T23:09:00.948+0530] {processor.py:840} INFO - DAG(s) 'example_task_group' retrieved from /home/arun/.local/lib/python3.10/site-packages/airflow/example_dags/example_task_group.py
[2024-03-04T23:09:00.969+0530] {logging_mixin.py:188} INFO - [2024-03-04T23:09:00.969+0530] {dag.py:3036} INFO - Sync 1 DAGs
[2024-03-04T23:09:00.993+0530] {logging_mixin.py:188} INFO - [2024-03-04T23:09:00.992+0530] {dag.py:3823} INFO - Setting next_dagrun for example_task_group to 2024-03-03 00:00:00+00:00, run_after=2024-03-04 00:00:00+00:00
[2024-03-04T23:09:01.034+0530] {processor.py:183} INFO - Processing /home/arun/.local/lib/python3.10/site-packages/airflow/example_dags/example_task_group.py took 0.132 seconds
[2024-03-04T23:10:31.154+0530] {processor.py:161} INFO - Started process (PID=7451) to work on /home/arun/.local/lib/python3.10/site-packages/airflow/example_dags/example_task_group.py
[2024-03-04T23:10:31.199+0530] {processor.py:830} INFO - Processing file /home/arun/.local/lib/python3.10/site-packages/airflow/example_dags/example_task_group.py for tasks to queue
[2024-03-04T23:10:31.201+0530] {logging_mixin.py:188} INFO - [2024-03-04T23:10:31.200+0530] {dagbag.py:538} INFO - Filling up the DagBag from /home/arun/.local/lib/python3.10/site-packages/airflow/example_dags/example_task_group.py
[2024-03-04T23:10:31.209+0530] {processor.py:840} INFO - DAG(s) 'example_task_group' retrieved from /home/arun/.local/lib/python3.10/site-packages/airflow/example_dags/example_task_group.py
[2024-03-04T23:10:31.231+0530] {logging_mixin.py:188} INFO - [2024-03-04T23:10:31.230+0530] {dag.py:3036} INFO - Sync 1 DAGs
[2024-03-04T23:10:31.260+0530] {logging_mixin.py:188} INFO - [2024-03-04T23:10:31.259+0530] {dag.py:3823} INFO - Setting next_dagrun for example_task_group to 2024-03-03 00:00:00+00:00, run_after=2024-03-04 00:00:00+00:00
[2024-03-04T23:10:31.351+0530] {processor.py:183} INFO - Processing /home/arun/.local/lib/python3.10/site-packages/airflow/example_dags/example_task_group.py took 0.201 seconds
[2024-03-04T23:12:01.782+0530] {processor.py:161} INFO - Started process (PID=7668) to work on /home/arun/.local/lib/python3.10/site-packages/airflow/example_dags/example_task_group.py
[2024-03-04T23:12:01.844+0530] {processor.py:830} INFO - Processing file /home/arun/.local/lib/python3.10/site-packages/airflow/example_dags/example_task_group.py for tasks to queue
[2024-03-04T23:12:01.846+0530] {logging_mixin.py:188} INFO - [2024-03-04T23:12:01.846+0530] {dagbag.py:538} INFO - Filling up the DagBag from /home/arun/.local/lib/python3.10/site-packages/airflow/example_dags/example_task_group.py
[2024-03-04T23:12:01.861+0530] {processor.py:840} INFO - DAG(s) 'example_task_group' retrieved from /home/arun/.local/lib/python3.10/site-packages/airflow/example_dags/example_task_group.py
[2024-03-04T23:12:01.959+0530] {logging_mixin.py:188} INFO - [2024-03-04T23:12:01.958+0530] {dag.py:3036} INFO - Sync 1 DAGs
[2024-03-04T23:12:01.987+0530] {logging_mixin.py:188} INFO - [2024-03-04T23:12:01.987+0530] {dag.py:3823} INFO - Setting next_dagrun for example_task_group to 2024-03-03 00:00:00+00:00, run_after=2024-03-04 00:00:00+00:00
[2024-03-04T23:12:02.167+0530] {processor.py:183} INFO - Processing /home/arun/.local/lib/python3.10/site-packages/airflow/example_dags/example_task_group.py took 0.389 seconds
[2024-03-04T23:13:46.257+0530] {processor.py:161} INFO - Started process (PID=7909) to work on /home/arun/.local/lib/python3.10/site-packages/airflow/example_dags/example_task_group.py
[2024-03-04T23:13:46.287+0530] {processor.py:830} INFO - Processing file /home/arun/.local/lib/python3.10/site-packages/airflow/example_dags/example_task_group.py for tasks to queue
[2024-03-04T23:13:46.288+0530] {logging_mixin.py:188} INFO - [2024-03-04T23:13:46.288+0530] {dagbag.py:538} INFO - Filling up the DagBag from /home/arun/.local/lib/python3.10/site-packages/airflow/example_dags/example_task_group.py
[2024-03-04T23:13:46.296+0530] {processor.py:840} INFO - DAG(s) 'example_task_group' retrieved from /home/arun/.local/lib/python3.10/site-packages/airflow/example_dags/example_task_group.py
[2024-03-04T23:13:46.316+0530] {logging_mixin.py:188} INFO - [2024-03-04T23:13:46.315+0530] {dag.py:3036} INFO - Sync 1 DAGs
[2024-03-04T23:13:46.340+0530] {logging_mixin.py:188} INFO - [2024-03-04T23:13:46.339+0530] {dag.py:3823} INFO - Setting next_dagrun for example_task_group to 2024-03-03 00:00:00+00:00, run_after=2024-03-04 00:00:00+00:00
[2024-03-04T23:13:46.374+0530] {processor.py:183} INFO - Processing /home/arun/.local/lib/python3.10/site-packages/airflow/example_dags/example_task_group.py took 0.122 seconds
[2024-03-04T23:15:20.909+0530] {processor.py:161} INFO - Started process (PID=8086) to work on /home/arun/.local/lib/python3.10/site-packages/airflow/example_dags/example_task_group.py
[2024-03-04T23:15:20.915+0530] {processor.py:830} INFO - Processing file /home/arun/.local/lib/python3.10/site-packages/airflow/example_dags/example_task_group.py for tasks to queue
[2024-03-04T23:15:20.916+0530] {logging_mixin.py:188} INFO - [2024-03-04T23:15:20.916+0530] {dagbag.py:538} INFO - Filling up the DagBag from /home/arun/.local/lib/python3.10/site-packages/airflow/example_dags/example_task_group.py
[2024-03-04T23:15:20.926+0530] {processor.py:840} INFO - DAG(s) 'example_task_group' retrieved from /home/arun/.local/lib/python3.10/site-packages/airflow/example_dags/example_task_group.py
[2024-03-04T23:15:21.008+0530] {logging_mixin.py:188} INFO - [2024-03-04T23:15:21.007+0530] {dag.py:3036} INFO - Sync 1 DAGs
[2024-03-04T23:15:21.043+0530] {logging_mixin.py:188} INFO - [2024-03-04T23:15:21.043+0530] {dag.py:3823} INFO - Setting next_dagrun for example_task_group to 2024-03-03 00:00:00+00:00, run_after=2024-03-04 00:00:00+00:00
[2024-03-04T23:15:21.110+0530] {processor.py:183} INFO - Processing /home/arun/.local/lib/python3.10/site-packages/airflow/example_dags/example_task_group.py took 0.206 seconds
[2024-03-04T23:17:17.838+0530] {processor.py:161} INFO - Started process (PID=8326) to work on /home/arun/.local/lib/python3.10/site-packages/airflow/example_dags/example_task_group.py
[2024-03-04T23:17:17.935+0530] {processor.py:830} INFO - Processing file /home/arun/.local/lib/python3.10/site-packages/airflow/example_dags/example_task_group.py for tasks to queue
[2024-03-04T23:17:17.936+0530] {logging_mixin.py:188} INFO - [2024-03-04T23:17:17.936+0530] {dagbag.py:538} INFO - Filling up the DagBag from /home/arun/.local/lib/python3.10/site-packages/airflow/example_dags/example_task_group.py
[2024-03-04T23:17:17.944+0530] {processor.py:840} INFO - DAG(s) 'example_task_group' retrieved from /home/arun/.local/lib/python3.10/site-packages/airflow/example_dags/example_task_group.py
[2024-03-04T23:17:17.963+0530] {logging_mixin.py:188} INFO - [2024-03-04T23:17:17.963+0530] {dag.py:3036} INFO - Sync 1 DAGs
[2024-03-04T23:17:17.984+0530] {logging_mixin.py:188} INFO - [2024-03-04T23:17:17.984+0530] {dag.py:3823} INFO - Setting next_dagrun for example_task_group to 2024-03-03 00:00:00+00:00, run_after=2024-03-04 00:00:00+00:00
[2024-03-04T23:17:18.016+0530] {processor.py:183} INFO - Processing /home/arun/.local/lib/python3.10/site-packages/airflow/example_dags/example_task_group.py took 0.182 seconds
[2024-03-04T23:18:56.218+0530] {processor.py:161} INFO - Started process (PID=8524) to work on /home/arun/.local/lib/python3.10/site-packages/airflow/example_dags/example_task_group.py
[2024-03-04T23:18:56.273+0530] {processor.py:830} INFO - Processing file /home/arun/.local/lib/python3.10/site-packages/airflow/example_dags/example_task_group.py for tasks to queue
[2024-03-04T23:18:56.275+0530] {logging_mixin.py:188} INFO - [2024-03-04T23:18:56.274+0530] {dagbag.py:538} INFO - Filling up the DagBag from /home/arun/.local/lib/python3.10/site-packages/airflow/example_dags/example_task_group.py
[2024-03-04T23:18:56.297+0530] {processor.py:840} INFO - DAG(s) 'example_task_group' retrieved from /home/arun/.local/lib/python3.10/site-packages/airflow/example_dags/example_task_group.py
[2024-03-04T23:18:56.357+0530] {logging_mixin.py:188} INFO - [2024-03-04T23:18:56.356+0530] {dag.py:3036} INFO - Sync 1 DAGs
[2024-03-04T23:18:56.396+0530] {logging_mixin.py:188} INFO - [2024-03-04T23:18:56.395+0530] {dag.py:3823} INFO - Setting next_dagrun for example_task_group to 2024-03-03 00:00:00+00:00, run_after=2024-03-04 00:00:00+00:00
[2024-03-04T23:18:56.476+0530] {processor.py:183} INFO - Processing /home/arun/.local/lib/python3.10/site-packages/airflow/example_dags/example_task_group.py took 0.262 seconds
[2024-03-04T23:20:30.130+0530] {processor.py:161} INFO - Started process (PID=8720) to work on /home/arun/.local/lib/python3.10/site-packages/airflow/example_dags/example_task_group.py
[2024-03-04T23:20:30.170+0530] {processor.py:830} INFO - Processing file /home/arun/.local/lib/python3.10/site-packages/airflow/example_dags/example_task_group.py for tasks to queue
[2024-03-04T23:20:30.171+0530] {logging_mixin.py:188} INFO - [2024-03-04T23:20:30.171+0530] {dagbag.py:538} INFO - Filling up the DagBag from /home/arun/.local/lib/python3.10/site-packages/airflow/example_dags/example_task_group.py
[2024-03-04T23:20:30.179+0530] {processor.py:840} INFO - DAG(s) 'example_task_group' retrieved from /home/arun/.local/lib/python3.10/site-packages/airflow/example_dags/example_task_group.py
[2024-03-04T23:20:30.198+0530] {logging_mixin.py:188} INFO - [2024-03-04T23:20:30.198+0530] {dag.py:3036} INFO - Sync 1 DAGs
[2024-03-04T23:20:30.220+0530] {logging_mixin.py:188} INFO - [2024-03-04T23:20:30.219+0530] {dag.py:3823} INFO - Setting next_dagrun for example_task_group to 2024-03-03 00:00:00+00:00, run_after=2024-03-04 00:00:00+00:00
[2024-03-04T23:20:30.254+0530] {processor.py:183} INFO - Processing /home/arun/.local/lib/python3.10/site-packages/airflow/example_dags/example_task_group.py took 0.128 seconds
[2024-03-04T23:22:07.957+0530] {processor.py:161} INFO - Started process (PID=8911) to work on /home/arun/.local/lib/python3.10/site-packages/airflow/example_dags/example_task_group.py
[2024-03-04T23:22:08.078+0530] {processor.py:830} INFO - Processing file /home/arun/.local/lib/python3.10/site-packages/airflow/example_dags/example_task_group.py for tasks to queue
[2024-03-04T23:22:08.079+0530] {logging_mixin.py:188} INFO - [2024-03-04T23:22:08.078+0530] {dagbag.py:538} INFO - Filling up the DagBag from /home/arun/.local/lib/python3.10/site-packages/airflow/example_dags/example_task_group.py
[2024-03-04T23:22:08.102+0530] {processor.py:840} INFO - DAG(s) 'example_task_group' retrieved from /home/arun/.local/lib/python3.10/site-packages/airflow/example_dags/example_task_group.py
[2024-03-04T23:22:08.161+0530] {logging_mixin.py:188} INFO - [2024-03-04T23:22:08.159+0530] {dag.py:3036} INFO - Sync 1 DAGs
[2024-03-04T23:22:08.214+0530] {logging_mixin.py:188} INFO - [2024-03-04T23:22:08.213+0530] {dag.py:3823} INFO - Setting next_dagrun for example_task_group to 2024-03-03 00:00:00+00:00, run_after=2024-03-04 00:00:00+00:00
[2024-03-04T23:22:08.321+0530] {processor.py:183} INFO - Processing /home/arun/.local/lib/python3.10/site-packages/airflow/example_dags/example_task_group.py took 0.375 seconds
[2024-03-04T23:24:13.504+0530] {processor.py:161} INFO - Started process (PID=9282) to work on /home/arun/.local/lib/python3.10/site-packages/airflow/example_dags/example_task_group.py
[2024-03-04T23:24:13.514+0530] {processor.py:830} INFO - Processing file /home/arun/.local/lib/python3.10/site-packages/airflow/example_dags/example_task_group.py for tasks to queue
[2024-03-04T23:24:13.515+0530] {logging_mixin.py:188} INFO - [2024-03-04T23:24:13.515+0530] {dagbag.py:538} INFO - Filling up the DagBag from /home/arun/.local/lib/python3.10/site-packages/airflow/example_dags/example_task_group.py
[2024-03-04T23:24:13.532+0530] {processor.py:840} INFO - DAG(s) 'example_task_group' retrieved from /home/arun/.local/lib/python3.10/site-packages/airflow/example_dags/example_task_group.py
[2024-03-04T23:24:13.612+0530] {logging_mixin.py:188} INFO - [2024-03-04T23:24:13.609+0530] {dag.py:3036} INFO - Sync 1 DAGs
[2024-03-04T23:24:13.652+0530] {logging_mixin.py:188} INFO - [2024-03-04T23:24:13.652+0530] {dag.py:3823} INFO - Setting next_dagrun for example_task_group to 2024-03-03 00:00:00+00:00, run_after=2024-03-04 00:00:00+00:00
[2024-03-04T23:24:13.719+0530] {processor.py:183} INFO - Processing /home/arun/.local/lib/python3.10/site-packages/airflow/example_dags/example_task_group.py took 0.222 seconds
[2024-03-04T23:26:54.102+0530] {processor.py:161} INFO - Started process (PID=10133) to work on /home/arun/.local/lib/python3.10/site-packages/airflow/example_dags/example_task_group.py
[2024-03-04T23:26:54.109+0530] {processor.py:830} INFO - Processing file /home/arun/.local/lib/python3.10/site-packages/airflow/example_dags/example_task_group.py for tasks to queue
[2024-03-04T23:26:54.110+0530] {logging_mixin.py:188} INFO - [2024-03-04T23:26:54.110+0530] {dagbag.py:538} INFO - Filling up the DagBag from /home/arun/.local/lib/python3.10/site-packages/airflow/example_dags/example_task_group.py
[2024-03-04T23:26:54.123+0530] {processor.py:840} INFO - DAG(s) 'example_task_group' retrieved from /home/arun/.local/lib/python3.10/site-packages/airflow/example_dags/example_task_group.py
[2024-03-04T23:26:54.168+0530] {logging_mixin.py:188} INFO - [2024-03-04T23:26:54.168+0530] {dag.py:3036} INFO - Sync 1 DAGs
[2024-03-04T23:26:54.232+0530] {logging_mixin.py:188} INFO - [2024-03-04T23:26:54.231+0530] {dag.py:3823} INFO - Setting next_dagrun for example_task_group to 2024-03-03 00:00:00+00:00, run_after=2024-03-04 00:00:00+00:00
[2024-03-04T23:26:54.437+0530] {processor.py:183} INFO - Processing /home/arun/.local/lib/python3.10/site-packages/airflow/example_dags/example_task_group.py took 0.353 seconds
[2024-03-04T23:28:38.813+0530] {processor.py:161} INFO - Started process (PID=10376) to work on /home/arun/.local/lib/python3.10/site-packages/airflow/example_dags/example_task_group.py
[2024-03-04T23:28:38.862+0530] {processor.py:830} INFO - Processing file /home/arun/.local/lib/python3.10/site-packages/airflow/example_dags/example_task_group.py for tasks to queue
[2024-03-04T23:28:38.863+0530] {logging_mixin.py:188} INFO - [2024-03-04T23:28:38.862+0530] {dagbag.py:538} INFO - Filling up the DagBag from /home/arun/.local/lib/python3.10/site-packages/airflow/example_dags/example_task_group.py
[2024-03-04T23:28:38.870+0530] {processor.py:840} INFO - DAG(s) 'example_task_group' retrieved from /home/arun/.local/lib/python3.10/site-packages/airflow/example_dags/example_task_group.py
[2024-03-04T23:28:38.894+0530] {logging_mixin.py:188} INFO - [2024-03-04T23:28:38.893+0530] {dag.py:3036} INFO - Sync 1 DAGs
[2024-03-04T23:28:38.920+0530] {logging_mixin.py:188} INFO - [2024-03-04T23:28:38.920+0530] {dag.py:3823} INFO - Setting next_dagrun for example_task_group to 2024-03-03 00:00:00+00:00, run_after=2024-03-04 00:00:00+00:00
[2024-03-04T23:28:38.953+0530] {processor.py:183} INFO - Processing /home/arun/.local/lib/python3.10/site-packages/airflow/example_dags/example_task_group.py took 0.145 seconds
[2024-03-04T23:30:13.760+0530] {processor.py:161} INFO - Started process (PID=10653) to work on /home/arun/.local/lib/python3.10/site-packages/airflow/example_dags/example_task_group.py
[2024-03-04T23:30:13.857+0530] {processor.py:830} INFO - Processing file /home/arun/.local/lib/python3.10/site-packages/airflow/example_dags/example_task_group.py for tasks to queue
[2024-03-04T23:30:13.861+0530] {logging_mixin.py:188} INFO - [2024-03-04T23:30:13.860+0530] {dagbag.py:538} INFO - Filling up the DagBag from /home/arun/.local/lib/python3.10/site-packages/airflow/example_dags/example_task_group.py
[2024-03-04T23:30:13.878+0530] {processor.py:840} INFO - DAG(s) 'example_task_group' retrieved from /home/arun/.local/lib/python3.10/site-packages/airflow/example_dags/example_task_group.py
[2024-03-04T23:30:13.915+0530] {logging_mixin.py:188} INFO - [2024-03-04T23:30:13.914+0530] {dag.py:3036} INFO - Sync 1 DAGs
[2024-03-04T23:30:13.949+0530] {logging_mixin.py:188} INFO - [2024-03-04T23:30:13.948+0530] {dag.py:3823} INFO - Setting next_dagrun for example_task_group to 2024-03-03 00:00:00+00:00, run_after=2024-03-04 00:00:00+00:00
[2024-03-04T23:30:14.169+0530] {processor.py:183} INFO - Processing /home/arun/.local/lib/python3.10/site-packages/airflow/example_dags/example_task_group.py took 0.433 seconds
[2024-03-04T23:32:12.092+0530] {processor.py:161} INFO - Started process (PID=10886) to work on /home/arun/.local/lib/python3.10/site-packages/airflow/example_dags/example_task_group.py
[2024-03-04T23:32:12.148+0530] {processor.py:830} INFO - Processing file /home/arun/.local/lib/python3.10/site-packages/airflow/example_dags/example_task_group.py for tasks to queue
[2024-03-04T23:32:12.150+0530] {logging_mixin.py:188} INFO - [2024-03-04T23:32:12.149+0530] {dagbag.py:538} INFO - Filling up the DagBag from /home/arun/.local/lib/python3.10/site-packages/airflow/example_dags/example_task_group.py
[2024-03-04T23:32:12.163+0530] {processor.py:840} INFO - DAG(s) 'example_task_group' retrieved from /home/arun/.local/lib/python3.10/site-packages/airflow/example_dags/example_task_group.py
[2024-03-04T23:32:12.193+0530] {logging_mixin.py:188} INFO - [2024-03-04T23:32:12.193+0530] {dag.py:3036} INFO - Sync 1 DAGs
[2024-03-04T23:32:12.239+0530] {logging_mixin.py:188} INFO - [2024-03-04T23:32:12.239+0530] {dag.py:3823} INFO - Setting next_dagrun for example_task_group to 2024-03-03 00:00:00+00:00, run_after=2024-03-04 00:00:00+00:00
[2024-03-04T23:32:12.285+0530] {processor.py:183} INFO - Processing /home/arun/.local/lib/python3.10/site-packages/airflow/example_dags/example_task_group.py took 0.198 seconds
[2024-03-04T23:33:52.517+0530] {processor.py:161} INFO - Started process (PID=11085) to work on /home/arun/.local/lib/python3.10/site-packages/airflow/example_dags/example_task_group.py
[2024-03-04T23:33:52.553+0530] {processor.py:830} INFO - Processing file /home/arun/.local/lib/python3.10/site-packages/airflow/example_dags/example_task_group.py for tasks to queue
[2024-03-04T23:33:52.554+0530] {logging_mixin.py:188} INFO - [2024-03-04T23:33:52.554+0530] {dagbag.py:538} INFO - Filling up the DagBag from /home/arun/.local/lib/python3.10/site-packages/airflow/example_dags/example_task_group.py
[2024-03-04T23:33:52.567+0530] {processor.py:840} INFO - DAG(s) 'example_task_group' retrieved from /home/arun/.local/lib/python3.10/site-packages/airflow/example_dags/example_task_group.py
[2024-03-04T23:33:52.596+0530] {logging_mixin.py:188} INFO - [2024-03-04T23:33:52.596+0530] {dag.py:3036} INFO - Sync 1 DAGs
[2024-03-04T23:33:52.622+0530] {logging_mixin.py:188} INFO - [2024-03-04T23:33:52.622+0530] {dag.py:3823} INFO - Setting next_dagrun for example_task_group to 2024-03-03 00:00:00+00:00, run_after=2024-03-04 00:00:00+00:00
[2024-03-04T23:33:52.651+0530] {processor.py:183} INFO - Processing /home/arun/.local/lib/python3.10/site-packages/airflow/example_dags/example_task_group.py took 0.140 seconds
[2024-03-04T23:35:32.725+0530] {processor.py:161} INFO - Started process (PID=11258) to work on /home/arun/.local/lib/python3.10/site-packages/airflow/example_dags/example_task_group.py
[2024-03-04T23:35:32.762+0530] {processor.py:830} INFO - Processing file /home/arun/.local/lib/python3.10/site-packages/airflow/example_dags/example_task_group.py for tasks to queue
[2024-03-04T23:35:32.763+0530] {logging_mixin.py:188} INFO - [2024-03-04T23:35:32.763+0530] {dagbag.py:538} INFO - Filling up the DagBag from /home/arun/.local/lib/python3.10/site-packages/airflow/example_dags/example_task_group.py
[2024-03-04T23:35:32.770+0530] {processor.py:840} INFO - DAG(s) 'example_task_group' retrieved from /home/arun/.local/lib/python3.10/site-packages/airflow/example_dags/example_task_group.py
[2024-03-04T23:35:32.788+0530] {logging_mixin.py:188} INFO - [2024-03-04T23:35:32.788+0530] {dag.py:3036} INFO - Sync 1 DAGs
[2024-03-04T23:35:32.809+0530] {logging_mixin.py:188} INFO - [2024-03-04T23:35:32.809+0530] {dag.py:3823} INFO - Setting next_dagrun for example_task_group to 2024-03-03 00:00:00+00:00, run_after=2024-03-04 00:00:00+00:00
[2024-03-04T23:35:32.856+0530] {processor.py:183} INFO - Processing /home/arun/.local/lib/python3.10/site-packages/airflow/example_dags/example_task_group.py took 0.134 seconds
