[2024-03-04T18:29:03.029+0530] {processor.py:161} INFO - Started process (PID=11908) to work on /home/arun/.local/lib/python3.10/site-packages/airflow/example_dags/tutorial.py
[2024-03-04T18:29:03.031+0530] {processor.py:830} INFO - Processing file /home/arun/.local/lib/python3.10/site-packages/airflow/example_dags/tutorial.py for tasks to queue
[2024-03-04T18:29:03.033+0530] {logging_mixin.py:188} INFO - [2024-03-04T18:29:03.032+0530] {dagbag.py:538} INFO - Filling up the DagBag from /home/arun/.local/lib/python3.10/site-packages/airflow/example_dags/tutorial.py
[2024-03-04T18:29:03.080+0530] {processor.py:840} INFO - DAG(s) 'tutorial' retrieved from /home/arun/.local/lib/python3.10/site-packages/airflow/example_dags/tutorial.py
[2024-03-04T18:29:03.649+0530] {logging_mixin.py:188} INFO - [2024-03-04T18:29:03.648+0530] {dag.py:3036} INFO - Sync 1 DAGs
[2024-03-04T18:29:03.704+0530] {logging_mixin.py:188} INFO - [2024-03-04T18:29:03.703+0530] {dag.py:3823} INFO - Setting next_dagrun for tutorial to 2024-03-03 00:00:00+00:00, run_after=2024-03-04 00:00:00+00:00
[2024-03-04T18:29:03.803+0530] {processor.py:183} INFO - Processing /home/arun/.local/lib/python3.10/site-packages/airflow/example_dags/tutorial.py took 0.782 seconds
[2024-03-04T18:31:14.050+0530] {processor.py:161} INFO - Started process (PID=12056) to work on /home/arun/.local/lib/python3.10/site-packages/airflow/example_dags/tutorial.py
[2024-03-04T18:31:14.067+0530] {processor.py:830} INFO - Processing file /home/arun/.local/lib/python3.10/site-packages/airflow/example_dags/tutorial.py for tasks to queue
[2024-03-04T18:31:14.069+0530] {logging_mixin.py:188} INFO - [2024-03-04T18:31:14.068+0530] {dagbag.py:538} INFO - Filling up the DagBag from /home/arun/.local/lib/python3.10/site-packages/airflow/example_dags/tutorial.py
[2024-03-04T18:31:14.090+0530] {processor.py:840} INFO - DAG(s) 'tutorial' retrieved from /home/arun/.local/lib/python3.10/site-packages/airflow/example_dags/tutorial.py
[2024-03-04T18:31:14.135+0530] {logging_mixin.py:188} INFO - [2024-03-04T18:31:14.135+0530] {dag.py:3036} INFO - Sync 1 DAGs
[2024-03-04T18:31:14.187+0530] {logging_mixin.py:188} INFO - [2024-03-04T18:31:14.187+0530] {dag.py:3823} INFO - Setting next_dagrun for tutorial to 2024-03-03 00:00:00+00:00, run_after=2024-03-04 00:00:00+00:00
[2024-03-04T18:31:14.322+0530] {processor.py:183} INFO - Processing /home/arun/.local/lib/python3.10/site-packages/airflow/example_dags/tutorial.py took 0.290 seconds
[2024-03-04T18:32:51.561+0530] {processor.py:161} INFO - Started process (PID=12169) to work on /home/arun/.local/lib/python3.10/site-packages/airflow/example_dags/tutorial.py
[2024-03-04T18:32:51.564+0530] {processor.py:830} INFO - Processing file /home/arun/.local/lib/python3.10/site-packages/airflow/example_dags/tutorial.py for tasks to queue
[2024-03-04T18:32:51.566+0530] {logging_mixin.py:188} INFO - [2024-03-04T18:32:51.565+0530] {dagbag.py:538} INFO - Filling up the DagBag from /home/arun/.local/lib/python3.10/site-packages/airflow/example_dags/tutorial.py
[2024-03-04T18:32:51.577+0530] {processor.py:840} INFO - DAG(s) 'tutorial' retrieved from /home/arun/.local/lib/python3.10/site-packages/airflow/example_dags/tutorial.py
[2024-03-04T18:32:51.602+0530] {logging_mixin.py:188} INFO - [2024-03-04T18:32:51.602+0530] {dag.py:3036} INFO - Sync 1 DAGs
[2024-03-04T18:32:51.636+0530] {logging_mixin.py:188} INFO - [2024-03-04T18:32:51.636+0530] {dag.py:3823} INFO - Setting next_dagrun for tutorial to 2024-03-03 00:00:00+00:00, run_after=2024-03-04 00:00:00+00:00
[2024-03-04T18:32:51.680+0530] {processor.py:183} INFO - Processing /home/arun/.local/lib/python3.10/site-packages/airflow/example_dags/tutorial.py took 0.124 seconds
[2024-03-04T18:34:16.923+0530] {processor.py:161} INFO - Started process (PID=12259) to work on /home/arun/.local/lib/python3.10/site-packages/airflow/example_dags/tutorial.py
[2024-03-04T18:34:16.926+0530] {processor.py:830} INFO - Processing file /home/arun/.local/lib/python3.10/site-packages/airflow/example_dags/tutorial.py for tasks to queue
[2024-03-04T18:34:16.926+0530] {logging_mixin.py:188} INFO - [2024-03-04T18:34:16.926+0530] {dagbag.py:538} INFO - Filling up the DagBag from /home/arun/.local/lib/python3.10/site-packages/airflow/example_dags/tutorial.py
[2024-03-04T18:34:16.934+0530] {processor.py:840} INFO - DAG(s) 'tutorial' retrieved from /home/arun/.local/lib/python3.10/site-packages/airflow/example_dags/tutorial.py
[2024-03-04T18:34:16.952+0530] {logging_mixin.py:188} INFO - [2024-03-04T18:34:16.952+0530] {dag.py:3036} INFO - Sync 1 DAGs
[2024-03-04T18:34:16.979+0530] {logging_mixin.py:188} INFO - [2024-03-04T18:34:16.979+0530] {dag.py:3823} INFO - Setting next_dagrun for tutorial to 2024-03-03 00:00:00+00:00, run_after=2024-03-04 00:00:00+00:00
[2024-03-04T18:34:17.009+0530] {processor.py:183} INFO - Processing /home/arun/.local/lib/python3.10/site-packages/airflow/example_dags/tutorial.py took 0.089 seconds
[2024-03-04T18:36:39.335+0530] {processor.py:161} INFO - Started process (PID=12435) to work on /home/arun/.local/lib/python3.10/site-packages/airflow/example_dags/tutorial.py
[2024-03-04T18:36:39.338+0530] {processor.py:830} INFO - Processing file /home/arun/.local/lib/python3.10/site-packages/airflow/example_dags/tutorial.py for tasks to queue
[2024-03-04T18:36:39.340+0530] {logging_mixin.py:188} INFO - [2024-03-04T18:36:39.339+0530] {dagbag.py:538} INFO - Filling up the DagBag from /home/arun/.local/lib/python3.10/site-packages/airflow/example_dags/tutorial.py
[2024-03-04T18:36:39.354+0530] {processor.py:840} INFO - DAG(s) 'tutorial' retrieved from /home/arun/.local/lib/python3.10/site-packages/airflow/example_dags/tutorial.py
[2024-03-04T18:36:39.426+0530] {logging_mixin.py:188} INFO - [2024-03-04T18:36:39.426+0530] {dag.py:3036} INFO - Sync 1 DAGs
[2024-03-04T18:36:39.501+0530] {logging_mixin.py:188} INFO - [2024-03-04T18:36:39.500+0530] {dag.py:3823} INFO - Setting next_dagrun for tutorial to 2024-03-03 00:00:00+00:00, run_after=2024-03-04 00:00:00+00:00
[2024-03-04T18:36:39.606+0530] {processor.py:183} INFO - Processing /home/arun/.local/lib/python3.10/site-packages/airflow/example_dags/tutorial.py took 0.287 seconds
[2024-03-04T18:38:50.955+0530] {processor.py:161} INFO - Started process (PID=12579) to work on /home/arun/.local/lib/python3.10/site-packages/airflow/example_dags/tutorial.py
[2024-03-04T18:38:51.000+0530] {processor.py:830} INFO - Processing file /home/arun/.local/lib/python3.10/site-packages/airflow/example_dags/tutorial.py for tasks to queue
[2024-03-04T18:38:51.003+0530] {logging_mixin.py:188} INFO - [2024-03-04T18:38:51.001+0530] {dagbag.py:538} INFO - Filling up the DagBag from /home/arun/.local/lib/python3.10/site-packages/airflow/example_dags/tutorial.py
[2024-03-04T18:38:51.015+0530] {processor.py:840} INFO - DAG(s) 'tutorial' retrieved from /home/arun/.local/lib/python3.10/site-packages/airflow/example_dags/tutorial.py
[2024-03-04T18:38:51.065+0530] {logging_mixin.py:188} INFO - [2024-03-04T18:38:51.065+0530] {dag.py:3036} INFO - Sync 1 DAGs
[2024-03-04T18:38:51.130+0530] {logging_mixin.py:188} INFO - [2024-03-04T18:38:51.129+0530] {dag.py:3823} INFO - Setting next_dagrun for tutorial to 2024-03-03 00:00:00+00:00, run_after=2024-03-04 00:00:00+00:00
[2024-03-04T18:38:51.236+0530] {processor.py:183} INFO - Processing /home/arun/.local/lib/python3.10/site-packages/airflow/example_dags/tutorial.py took 0.295 seconds
[2024-03-04T18:40:43.064+0530] {processor.py:161} INFO - Started process (PID=12714) to work on /home/arun/.local/lib/python3.10/site-packages/airflow/example_dags/tutorial.py
[2024-03-04T18:40:43.108+0530] {processor.py:830} INFO - Processing file /home/arun/.local/lib/python3.10/site-packages/airflow/example_dags/tutorial.py for tasks to queue
[2024-03-04T18:40:43.112+0530] {logging_mixin.py:188} INFO - [2024-03-04T18:40:43.109+0530] {dagbag.py:538} INFO - Filling up the DagBag from /home/arun/.local/lib/python3.10/site-packages/airflow/example_dags/tutorial.py
[2024-03-04T18:40:43.130+0530] {processor.py:840} INFO - DAG(s) 'tutorial' retrieved from /home/arun/.local/lib/python3.10/site-packages/airflow/example_dags/tutorial.py
[2024-03-04T18:40:43.184+0530] {logging_mixin.py:188} INFO - [2024-03-04T18:40:43.184+0530] {dag.py:3036} INFO - Sync 1 DAGs
[2024-03-04T18:40:43.265+0530] {logging_mixin.py:188} INFO - [2024-03-04T18:40:43.265+0530] {dag.py:3823} INFO - Setting next_dagrun for tutorial to 2024-03-03 00:00:00+00:00, run_after=2024-03-04 00:00:00+00:00
[2024-03-04T18:40:43.456+0530] {processor.py:183} INFO - Processing /home/arun/.local/lib/python3.10/site-packages/airflow/example_dags/tutorial.py took 0.397 seconds
[2024-03-04T18:43:17.704+0530] {processor.py:161} INFO - Started process (PID=13456) to work on /home/arun/.local/lib/python3.10/site-packages/airflow/example_dags/tutorial.py
[2024-03-04T18:43:17.708+0530] {processor.py:830} INFO - Processing file /home/arun/.local/lib/python3.10/site-packages/airflow/example_dags/tutorial.py for tasks to queue
[2024-03-04T18:43:17.710+0530] {logging_mixin.py:188} INFO - [2024-03-04T18:43:17.709+0530] {dagbag.py:538} INFO - Filling up the DagBag from /home/arun/.local/lib/python3.10/site-packages/airflow/example_dags/tutorial.py
[2024-03-04T18:43:17.744+0530] {processor.py:840} INFO - DAG(s) 'tutorial' retrieved from /home/arun/.local/lib/python3.10/site-packages/airflow/example_dags/tutorial.py
[2024-03-04T18:43:17.831+0530] {logging_mixin.py:188} INFO - [2024-03-04T18:43:17.830+0530] {dag.py:3036} INFO - Sync 1 DAGs
[2024-03-04T18:43:17.884+0530] {logging_mixin.py:188} INFO - [2024-03-04T18:43:17.884+0530] {dag.py:3823} INFO - Setting next_dagrun for tutorial to 2024-03-03 00:00:00+00:00, run_after=2024-03-04 00:00:00+00:00
[2024-03-04T18:43:17.980+0530] {processor.py:183} INFO - Processing /home/arun/.local/lib/python3.10/site-packages/airflow/example_dags/tutorial.py took 0.299 seconds
[2024-03-04T18:45:59.376+0530] {processor.py:161} INFO - Started process (PID=13928) to work on /home/arun/.local/lib/python3.10/site-packages/airflow/example_dags/tutorial.py
[2024-03-04T18:45:59.398+0530] {processor.py:830} INFO - Processing file /home/arun/.local/lib/python3.10/site-packages/airflow/example_dags/tutorial.py for tasks to queue
[2024-03-04T18:45:59.399+0530] {logging_mixin.py:188} INFO - [2024-03-04T18:45:59.398+0530] {dagbag.py:538} INFO - Filling up the DagBag from /home/arun/.local/lib/python3.10/site-packages/airflow/example_dags/tutorial.py
[2024-03-04T18:45:59.425+0530] {processor.py:840} INFO - DAG(s) 'tutorial' retrieved from /home/arun/.local/lib/python3.10/site-packages/airflow/example_dags/tutorial.py
[2024-03-04T18:45:59.480+0530] {logging_mixin.py:188} INFO - [2024-03-04T18:45:59.477+0530] {dag.py:3036} INFO - Sync 1 DAGs
[2024-03-04T18:45:59.568+0530] {logging_mixin.py:188} INFO - [2024-03-04T18:45:59.568+0530] {dag.py:3823} INFO - Setting next_dagrun for tutorial to 2024-03-03 00:00:00+00:00, run_after=2024-03-04 00:00:00+00:00
[2024-03-04T18:45:59.793+0530] {processor.py:183} INFO - Processing /home/arun/.local/lib/python3.10/site-packages/airflow/example_dags/tutorial.py took 0.433 seconds
[2024-03-04T18:55:08.211+0530] {processor.py:161} INFO - Started process (PID=5785) to work on /home/arun/.local/lib/python3.10/site-packages/airflow/example_dags/tutorial.py
[2024-03-04T18:55:08.279+0530] {processor.py:830} INFO - Processing file /home/arun/.local/lib/python3.10/site-packages/airflow/example_dags/tutorial.py for tasks to queue
[2024-03-04T18:55:08.286+0530] {logging_mixin.py:188} INFO - [2024-03-04T18:55:08.283+0530] {dagbag.py:538} INFO - Filling up the DagBag from /home/arun/.local/lib/python3.10/site-packages/airflow/example_dags/tutorial.py
[2024-03-04T18:55:08.300+0530] {processor.py:840} INFO - DAG(s) 'tutorial' retrieved from /home/arun/.local/lib/python3.10/site-packages/airflow/example_dags/tutorial.py
[2024-03-04T18:55:08.869+0530] {logging_mixin.py:188} INFO - [2024-03-04T18:55:08.869+0530] {dag.py:3036} INFO - Sync 1 DAGs
[2024-03-04T18:55:08.917+0530] {logging_mixin.py:188} INFO - [2024-03-04T18:55:08.917+0530] {dag.py:3823} INFO - Setting next_dagrun for tutorial to 2024-03-03 00:00:00+00:00, run_after=2024-03-04 00:00:00+00:00
[2024-03-04T18:55:09.024+0530] {processor.py:183} INFO - Processing /home/arun/.local/lib/python3.10/site-packages/airflow/example_dags/tutorial.py took 0.818 seconds
[2024-03-04T18:56:57.019+0530] {processor.py:161} INFO - Started process (PID=5962) to work on /home/arun/.local/lib/python3.10/site-packages/airflow/example_dags/tutorial.py
[2024-03-04T18:56:57.063+0530] {processor.py:830} INFO - Processing file /home/arun/.local/lib/python3.10/site-packages/airflow/example_dags/tutorial.py for tasks to queue
[2024-03-04T18:56:57.065+0530] {logging_mixin.py:188} INFO - [2024-03-04T18:56:57.064+0530] {dagbag.py:538} INFO - Filling up the DagBag from /home/arun/.local/lib/python3.10/site-packages/airflow/example_dags/tutorial.py
[2024-03-04T18:56:57.099+0530] {processor.py:840} INFO - DAG(s) 'tutorial' retrieved from /home/arun/.local/lib/python3.10/site-packages/airflow/example_dags/tutorial.py
[2024-03-04T18:56:57.135+0530] {logging_mixin.py:188} INFO - [2024-03-04T18:56:57.135+0530] {dag.py:3036} INFO - Sync 1 DAGs
[2024-03-04T18:56:57.188+0530] {logging_mixin.py:188} INFO - [2024-03-04T18:56:57.188+0530] {dag.py:3823} INFO - Setting next_dagrun for tutorial to 2024-03-03 00:00:00+00:00, run_after=2024-03-04 00:00:00+00:00
[2024-03-04T18:56:57.291+0530] {processor.py:183} INFO - Processing /home/arun/.local/lib/python3.10/site-packages/airflow/example_dags/tutorial.py took 0.281 seconds
[2024-03-04T18:59:06.797+0530] {processor.py:161} INFO - Started process (PID=6339) to work on /home/arun/.local/lib/python3.10/site-packages/airflow/example_dags/tutorial.py
[2024-03-04T18:59:06.842+0530] {processor.py:830} INFO - Processing file /home/arun/.local/lib/python3.10/site-packages/airflow/example_dags/tutorial.py for tasks to queue
[2024-03-04T18:59:06.844+0530] {logging_mixin.py:188} INFO - [2024-03-04T18:59:06.843+0530] {dagbag.py:538} INFO - Filling up the DagBag from /home/arun/.local/lib/python3.10/site-packages/airflow/example_dags/tutorial.py
[2024-03-04T18:59:06.875+0530] {processor.py:840} INFO - DAG(s) 'tutorial' retrieved from /home/arun/.local/lib/python3.10/site-packages/airflow/example_dags/tutorial.py
[2024-03-04T18:59:06.911+0530] {logging_mixin.py:188} INFO - [2024-03-04T18:59:06.911+0530] {dag.py:3036} INFO - Sync 1 DAGs
[2024-03-04T18:59:06.999+0530] {logging_mixin.py:188} INFO - [2024-03-04T18:59:06.999+0530] {dag.py:3823} INFO - Setting next_dagrun for tutorial to 2024-03-03 00:00:00+00:00, run_after=2024-03-04 00:00:00+00:00
[2024-03-04T18:59:07.098+0530] {processor.py:183} INFO - Processing /home/arun/.local/lib/python3.10/site-packages/airflow/example_dags/tutorial.py took 0.307 seconds
[2024-03-04T19:01:02.951+0530] {processor.py:161} INFO - Started process (PID=6539) to work on /home/arun/.local/lib/python3.10/site-packages/airflow/example_dags/tutorial.py
[2024-03-04T19:01:02.953+0530] {processor.py:830} INFO - Processing file /home/arun/.local/lib/python3.10/site-packages/airflow/example_dags/tutorial.py for tasks to queue
[2024-03-04T19:01:02.954+0530] {logging_mixin.py:188} INFO - [2024-03-04T19:01:02.954+0530] {dagbag.py:538} INFO - Filling up the DagBag from /home/arun/.local/lib/python3.10/site-packages/airflow/example_dags/tutorial.py
[2024-03-04T19:01:02.964+0530] {processor.py:840} INFO - DAG(s) 'tutorial' retrieved from /home/arun/.local/lib/python3.10/site-packages/airflow/example_dags/tutorial.py
[2024-03-04T19:01:02.988+0530] {logging_mixin.py:188} INFO - [2024-03-04T19:01:02.988+0530] {dag.py:3036} INFO - Sync 1 DAGs
[2024-03-04T19:01:03.023+0530] {logging_mixin.py:188} INFO - [2024-03-04T19:01:03.023+0530] {dag.py:3823} INFO - Setting next_dagrun for tutorial to 2024-03-03 00:00:00+00:00, run_after=2024-03-04 00:00:00+00:00
[2024-03-04T19:01:03.071+0530] {processor.py:183} INFO - Processing /home/arun/.local/lib/python3.10/site-packages/airflow/example_dags/tutorial.py took 0.126 seconds
[2024-03-04T19:04:56.828+0530] {processor.py:161} INFO - Started process (PID=6857) to work on /home/arun/.local/lib/python3.10/site-packages/airflow/example_dags/tutorial.py
[2024-03-04T19:04:56.833+0530] {processor.py:830} INFO - Processing file /home/arun/.local/lib/python3.10/site-packages/airflow/example_dags/tutorial.py for tasks to queue
[2024-03-04T19:04:56.834+0530] {logging_mixin.py:188} INFO - [2024-03-04T19:04:56.834+0530] {dagbag.py:538} INFO - Filling up the DagBag from /home/arun/.local/lib/python3.10/site-packages/airflow/example_dags/tutorial.py
[2024-03-04T19:04:56.848+0530] {processor.py:840} INFO - DAG(s) 'tutorial' retrieved from /home/arun/.local/lib/python3.10/site-packages/airflow/example_dags/tutorial.py
[2024-03-04T19:04:56.898+0530] {logging_mixin.py:188} INFO - [2024-03-04T19:04:56.898+0530] {dag.py:3036} INFO - Sync 1 DAGs
[2024-03-04T19:04:57.007+0530] {logging_mixin.py:188} INFO - [2024-03-04T19:04:57.007+0530] {dag.py:3823} INFO - Setting next_dagrun for tutorial to 2024-03-03 00:00:00+00:00, run_after=2024-03-04 00:00:00+00:00
[2024-03-04T19:04:57.148+0530] {processor.py:183} INFO - Processing /home/arun/.local/lib/python3.10/site-packages/airflow/example_dags/tutorial.py took 0.326 seconds
[2024-03-04T19:06:52.176+0530] {processor.py:161} INFO - Started process (PID=7102) to work on /home/arun/.local/lib/python3.10/site-packages/airflow/example_dags/tutorial.py
[2024-03-04T19:06:52.180+0530] {processor.py:830} INFO - Processing file /home/arun/.local/lib/python3.10/site-packages/airflow/example_dags/tutorial.py for tasks to queue
[2024-03-04T19:06:52.184+0530] {logging_mixin.py:188} INFO - [2024-03-04T19:06:52.182+0530] {dagbag.py:538} INFO - Filling up the DagBag from /home/arun/.local/lib/python3.10/site-packages/airflow/example_dags/tutorial.py
[2024-03-04T19:06:52.201+0530] {processor.py:840} INFO - DAG(s) 'tutorial' retrieved from /home/arun/.local/lib/python3.10/site-packages/airflow/example_dags/tutorial.py
[2024-03-04T19:06:52.237+0530] {logging_mixin.py:188} INFO - [2024-03-04T19:06:52.237+0530] {dag.py:3036} INFO - Sync 1 DAGs
[2024-03-04T19:06:52.293+0530] {logging_mixin.py:188} INFO - [2024-03-04T19:06:52.292+0530] {dag.py:3823} INFO - Setting next_dagrun for tutorial to 2024-03-03 00:00:00+00:00, run_after=2024-03-04 00:00:00+00:00
[2024-03-04T19:06:52.347+0530] {processor.py:183} INFO - Processing /home/arun/.local/lib/python3.10/site-packages/airflow/example_dags/tutorial.py took 0.179 seconds
[2024-03-04T19:08:18.467+0530] {processor.py:161} INFO - Started process (PID=7272) to work on /home/arun/.local/lib/python3.10/site-packages/airflow/example_dags/tutorial.py
[2024-03-04T19:08:18.472+0530] {processor.py:830} INFO - Processing file /home/arun/.local/lib/python3.10/site-packages/airflow/example_dags/tutorial.py for tasks to queue
[2024-03-04T19:08:18.474+0530] {logging_mixin.py:188} INFO - [2024-03-04T19:08:18.473+0530] {dagbag.py:538} INFO - Filling up the DagBag from /home/arun/.local/lib/python3.10/site-packages/airflow/example_dags/tutorial.py
[2024-03-04T19:08:18.491+0530] {processor.py:840} INFO - DAG(s) 'tutorial' retrieved from /home/arun/.local/lib/python3.10/site-packages/airflow/example_dags/tutorial.py
[2024-03-04T19:08:18.525+0530] {logging_mixin.py:188} INFO - [2024-03-04T19:08:18.525+0530] {dag.py:3036} INFO - Sync 1 DAGs
[2024-03-04T19:08:18.569+0530] {logging_mixin.py:188} INFO - [2024-03-04T19:08:18.569+0530] {dag.py:3823} INFO - Setting next_dagrun for tutorial to 2024-03-03 00:00:00+00:00, run_after=2024-03-04 00:00:00+00:00
[2024-03-04T19:08:18.615+0530] {processor.py:183} INFO - Processing /home/arun/.local/lib/python3.10/site-packages/airflow/example_dags/tutorial.py took 0.156 seconds
[2024-03-04T19:09:34.790+0530] {processor.py:161} INFO - Started process (PID=7416) to work on /home/arun/.local/lib/python3.10/site-packages/airflow/example_dags/tutorial.py
[2024-03-04T19:09:34.841+0530] {processor.py:830} INFO - Processing file /home/arun/.local/lib/python3.10/site-packages/airflow/example_dags/tutorial.py for tasks to queue
[2024-03-04T19:09:34.852+0530] {logging_mixin.py:188} INFO - [2024-03-04T19:09:34.842+0530] {dagbag.py:538} INFO - Filling up the DagBag from /home/arun/.local/lib/python3.10/site-packages/airflow/example_dags/tutorial.py
[2024-03-04T19:09:34.864+0530] {processor.py:840} INFO - DAG(s) 'tutorial' retrieved from /home/arun/.local/lib/python3.10/site-packages/airflow/example_dags/tutorial.py
[2024-03-04T19:09:34.888+0530] {logging_mixin.py:188} INFO - [2024-03-04T19:09:34.887+0530] {dag.py:3036} INFO - Sync 1 DAGs
[2024-03-04T19:09:34.916+0530] {logging_mixin.py:188} INFO - [2024-03-04T19:09:34.915+0530] {dag.py:3823} INFO - Setting next_dagrun for tutorial to 2024-03-03 00:00:00+00:00, run_after=2024-03-04 00:00:00+00:00
[2024-03-04T19:09:34.952+0530] {processor.py:183} INFO - Processing /home/arun/.local/lib/python3.10/site-packages/airflow/example_dags/tutorial.py took 0.167 seconds
[2024-03-04T19:11:01.272+0530] {processor.py:161} INFO - Started process (PID=7587) to work on /home/arun/.local/lib/python3.10/site-packages/airflow/example_dags/tutorial.py
[2024-03-04T19:11:01.311+0530] {processor.py:830} INFO - Processing file /home/arun/.local/lib/python3.10/site-packages/airflow/example_dags/tutorial.py for tasks to queue
[2024-03-04T19:11:01.316+0530] {logging_mixin.py:188} INFO - [2024-03-04T19:11:01.312+0530] {dagbag.py:538} INFO - Filling up the DagBag from /home/arun/.local/lib/python3.10/site-packages/airflow/example_dags/tutorial.py
[2024-03-04T19:11:01.340+0530] {processor.py:840} INFO - DAG(s) 'tutorial' retrieved from /home/arun/.local/lib/python3.10/site-packages/airflow/example_dags/tutorial.py
[2024-03-04T19:11:01.419+0530] {logging_mixin.py:188} INFO - [2024-03-04T19:11:01.418+0530] {dag.py:3036} INFO - Sync 1 DAGs
[2024-03-04T19:11:01.521+0530] {logging_mixin.py:188} INFO - [2024-03-04T19:11:01.521+0530] {dag.py:3823} INFO - Setting next_dagrun for tutorial to 2024-03-03 00:00:00+00:00, run_after=2024-03-04 00:00:00+00:00
[2024-03-04T19:11:01.765+0530] {processor.py:183} INFO - Processing /home/arun/.local/lib/python3.10/site-packages/airflow/example_dags/tutorial.py took 0.500 seconds
[2024-03-04T19:12:28.877+0530] {processor.py:161} INFO - Started process (PID=7747) to work on /home/arun/.local/lib/python3.10/site-packages/airflow/example_dags/tutorial.py
[2024-03-04T19:12:28.881+0530] {processor.py:830} INFO - Processing file /home/arun/.local/lib/python3.10/site-packages/airflow/example_dags/tutorial.py for tasks to queue
[2024-03-04T19:12:28.883+0530] {logging_mixin.py:188} INFO - [2024-03-04T19:12:28.882+0530] {dagbag.py:538} INFO - Filling up the DagBag from /home/arun/.local/lib/python3.10/site-packages/airflow/example_dags/tutorial.py
[2024-03-04T19:12:28.896+0530] {processor.py:840} INFO - DAG(s) 'tutorial' retrieved from /home/arun/.local/lib/python3.10/site-packages/airflow/example_dags/tutorial.py
[2024-03-04T19:12:28.932+0530] {logging_mixin.py:188} INFO - [2024-03-04T19:12:28.932+0530] {dag.py:3036} INFO - Sync 1 DAGs
[2024-03-04T19:12:28.959+0530] {logging_mixin.py:188} INFO - [2024-03-04T19:12:28.959+0530] {dag.py:3823} INFO - Setting next_dagrun for tutorial to 2024-03-03 00:00:00+00:00, run_after=2024-03-04 00:00:00+00:00
[2024-03-04T19:12:29.001+0530] {processor.py:183} INFO - Processing /home/arun/.local/lib/python3.10/site-packages/airflow/example_dags/tutorial.py took 0.129 seconds
[2024-03-04T19:13:53.709+0530] {processor.py:161} INFO - Started process (PID=7893) to work on /home/arun/.local/lib/python3.10/site-packages/airflow/example_dags/tutorial.py
[2024-03-04T19:13:53.712+0530] {processor.py:830} INFO - Processing file /home/arun/.local/lib/python3.10/site-packages/airflow/example_dags/tutorial.py for tasks to queue
[2024-03-04T19:13:53.713+0530] {logging_mixin.py:188} INFO - [2024-03-04T19:13:53.713+0530] {dagbag.py:538} INFO - Filling up the DagBag from /home/arun/.local/lib/python3.10/site-packages/airflow/example_dags/tutorial.py
[2024-03-04T19:13:53.720+0530] {processor.py:840} INFO - DAG(s) 'tutorial' retrieved from /home/arun/.local/lib/python3.10/site-packages/airflow/example_dags/tutorial.py
[2024-03-04T19:13:53.741+0530] {logging_mixin.py:188} INFO - [2024-03-04T19:13:53.740+0530] {dag.py:3036} INFO - Sync 1 DAGs
[2024-03-04T19:13:53.769+0530] {logging_mixin.py:188} INFO - [2024-03-04T19:13:53.769+0530] {dag.py:3823} INFO - Setting next_dagrun for tutorial to 2024-03-03 00:00:00+00:00, run_after=2024-03-04 00:00:00+00:00
[2024-03-04T19:13:53.806+0530] {processor.py:183} INFO - Processing /home/arun/.local/lib/python3.10/site-packages/airflow/example_dags/tutorial.py took 0.100 seconds
[2024-03-04T19:15:23.093+0530] {processor.py:161} INFO - Started process (PID=8127) to work on /home/arun/.local/lib/python3.10/site-packages/airflow/example_dags/tutorial.py
[2024-03-04T19:15:23.095+0530] {processor.py:830} INFO - Processing file /home/arun/.local/lib/python3.10/site-packages/airflow/example_dags/tutorial.py for tasks to queue
[2024-03-04T19:15:23.096+0530] {logging_mixin.py:188} INFO - [2024-03-04T19:15:23.096+0530] {dagbag.py:538} INFO - Filling up the DagBag from /home/arun/.local/lib/python3.10/site-packages/airflow/example_dags/tutorial.py
[2024-03-04T19:15:23.103+0530] {processor.py:840} INFO - DAG(s) 'tutorial' retrieved from /home/arun/.local/lib/python3.10/site-packages/airflow/example_dags/tutorial.py
[2024-03-04T19:15:23.118+0530] {logging_mixin.py:188} INFO - [2024-03-04T19:15:23.118+0530] {dag.py:3036} INFO - Sync 1 DAGs
[2024-03-04T19:15:23.139+0530] {logging_mixin.py:188} INFO - [2024-03-04T19:15:23.138+0530] {dag.py:3823} INFO - Setting next_dagrun for tutorial to 2024-03-03 00:00:00+00:00, run_after=2024-03-04 00:00:00+00:00
[2024-03-04T19:15:23.165+0530] {processor.py:183} INFO - Processing /home/arun/.local/lib/python3.10/site-packages/airflow/example_dags/tutorial.py took 0.075 seconds
[2024-03-04T19:16:43.502+0530] {processor.py:161} INFO - Started process (PID=8287) to work on /home/arun/.local/lib/python3.10/site-packages/airflow/example_dags/tutorial.py
[2024-03-04T19:16:43.521+0530] {processor.py:830} INFO - Processing file /home/arun/.local/lib/python3.10/site-packages/airflow/example_dags/tutorial.py for tasks to queue
[2024-03-04T19:16:43.531+0530] {logging_mixin.py:188} INFO - [2024-03-04T19:16:43.521+0530] {dagbag.py:538} INFO - Filling up the DagBag from /home/arun/.local/lib/python3.10/site-packages/airflow/example_dags/tutorial.py
[2024-03-04T19:16:43.558+0530] {processor.py:840} INFO - DAG(s) 'tutorial' retrieved from /home/arun/.local/lib/python3.10/site-packages/airflow/example_dags/tutorial.py
[2024-03-04T19:16:43.586+0530] {logging_mixin.py:188} INFO - [2024-03-04T19:16:43.586+0530] {dag.py:3036} INFO - Sync 1 DAGs
[2024-03-04T19:16:43.656+0530] {logging_mixin.py:188} INFO - [2024-03-04T19:16:43.644+0530] {dag.py:3823} INFO - Setting next_dagrun for tutorial to 2024-03-03 00:00:00+00:00, run_after=2024-03-04 00:00:00+00:00
[2024-03-04T19:16:43.900+0530] {processor.py:183} INFO - Processing /home/arun/.local/lib/python3.10/site-packages/airflow/example_dags/tutorial.py took 0.413 seconds
[2024-03-04T19:18:11.051+0530] {processor.py:161} INFO - Started process (PID=8466) to work on /home/arun/.local/lib/python3.10/site-packages/airflow/example_dags/tutorial.py
[2024-03-04T19:18:11.101+0530] {processor.py:830} INFO - Processing file /home/arun/.local/lib/python3.10/site-packages/airflow/example_dags/tutorial.py for tasks to queue
[2024-03-04T19:18:11.102+0530] {logging_mixin.py:188} INFO - [2024-03-04T19:18:11.102+0530] {dagbag.py:538} INFO - Filling up the DagBag from /home/arun/.local/lib/python3.10/site-packages/airflow/example_dags/tutorial.py
[2024-03-04T19:18:11.128+0530] {processor.py:840} INFO - DAG(s) 'tutorial' retrieved from /home/arun/.local/lib/python3.10/site-packages/airflow/example_dags/tutorial.py
[2024-03-04T19:18:11.153+0530] {logging_mixin.py:188} INFO - [2024-03-04T19:18:11.153+0530] {dag.py:3036} INFO - Sync 1 DAGs
[2024-03-04T19:18:11.187+0530] {logging_mixin.py:188} INFO - [2024-03-04T19:18:11.186+0530] {dag.py:3823} INFO - Setting next_dagrun for tutorial to 2024-03-03 00:00:00+00:00, run_after=2024-03-04 00:00:00+00:00
[2024-03-04T19:18:11.224+0530] {processor.py:183} INFO - Processing /home/arun/.local/lib/python3.10/site-packages/airflow/example_dags/tutorial.py took 0.178 seconds
[2024-03-04T19:19:39.226+0530] {processor.py:161} INFO - Started process (PID=8627) to work on /home/arun/.local/lib/python3.10/site-packages/airflow/example_dags/tutorial.py
[2024-03-04T19:19:39.274+0530] {processor.py:830} INFO - Processing file /home/arun/.local/lib/python3.10/site-packages/airflow/example_dags/tutorial.py for tasks to queue
[2024-03-04T19:19:39.278+0530] {logging_mixin.py:188} INFO - [2024-03-04T19:19:39.275+0530] {dagbag.py:538} INFO - Filling up the DagBag from /home/arun/.local/lib/python3.10/site-packages/airflow/example_dags/tutorial.py
[2024-03-04T19:19:39.297+0530] {processor.py:840} INFO - DAG(s) 'tutorial' retrieved from /home/arun/.local/lib/python3.10/site-packages/airflow/example_dags/tutorial.py
[2024-03-04T19:19:39.324+0530] {logging_mixin.py:188} INFO - [2024-03-04T19:19:39.324+0530] {dag.py:3036} INFO - Sync 1 DAGs
[2024-03-04T19:19:39.358+0530] {logging_mixin.py:188} INFO - [2024-03-04T19:19:39.358+0530] {dag.py:3823} INFO - Setting next_dagrun for tutorial to 2024-03-03 00:00:00+00:00, run_after=2024-03-04 00:00:00+00:00
[2024-03-04T19:19:39.398+0530] {processor.py:183} INFO - Processing /home/arun/.local/lib/python3.10/site-packages/airflow/example_dags/tutorial.py took 0.184 seconds
[2024-03-04T19:21:02.518+0530] {processor.py:161} INFO - Started process (PID=8818) to work on /home/arun/.local/lib/python3.10/site-packages/airflow/example_dags/tutorial.py
[2024-03-04T19:21:02.521+0530] {processor.py:830} INFO - Processing file /home/arun/.local/lib/python3.10/site-packages/airflow/example_dags/tutorial.py for tasks to queue
[2024-03-04T19:21:02.522+0530] {logging_mixin.py:188} INFO - [2024-03-04T19:21:02.522+0530] {dagbag.py:538} INFO - Filling up the DagBag from /home/arun/.local/lib/python3.10/site-packages/airflow/example_dags/tutorial.py
[2024-03-04T19:21:02.530+0530] {processor.py:840} INFO - DAG(s) 'tutorial' retrieved from /home/arun/.local/lib/python3.10/site-packages/airflow/example_dags/tutorial.py
[2024-03-04T19:21:02.550+0530] {logging_mixin.py:188} INFO - [2024-03-04T19:21:02.550+0530] {dag.py:3036} INFO - Sync 1 DAGs
[2024-03-04T19:21:02.577+0530] {logging_mixin.py:188} INFO - [2024-03-04T19:21:02.577+0530] {dag.py:3823} INFO - Setting next_dagrun for tutorial to 2024-03-03 00:00:00+00:00, run_after=2024-03-04 00:00:00+00:00
[2024-03-04T19:21:02.611+0530] {processor.py:183} INFO - Processing /home/arun/.local/lib/python3.10/site-packages/airflow/example_dags/tutorial.py took 0.097 seconds
[2024-03-04T19:22:33.557+0530] {processor.py:161} INFO - Started process (PID=8996) to work on /home/arun/.local/lib/python3.10/site-packages/airflow/example_dags/tutorial.py
[2024-03-04T19:22:33.572+0530] {processor.py:830} INFO - Processing file /home/arun/.local/lib/python3.10/site-packages/airflow/example_dags/tutorial.py for tasks to queue
[2024-03-04T19:22:33.573+0530] {logging_mixin.py:188} INFO - [2024-03-04T19:22:33.572+0530] {dagbag.py:538} INFO - Filling up the DagBag from /home/arun/.local/lib/python3.10/site-packages/airflow/example_dags/tutorial.py
[2024-03-04T19:22:33.580+0530] {processor.py:840} INFO - DAG(s) 'tutorial' retrieved from /home/arun/.local/lib/python3.10/site-packages/airflow/example_dags/tutorial.py
[2024-03-04T19:22:33.598+0530] {logging_mixin.py:188} INFO - [2024-03-04T19:22:33.598+0530] {dag.py:3036} INFO - Sync 1 DAGs
[2024-03-04T19:22:33.622+0530] {logging_mixin.py:188} INFO - [2024-03-04T19:22:33.622+0530] {dag.py:3823} INFO - Setting next_dagrun for tutorial to 2024-03-03 00:00:00+00:00, run_after=2024-03-04 00:00:00+00:00
[2024-03-04T19:22:33.657+0530] {processor.py:183} INFO - Processing /home/arun/.local/lib/python3.10/site-packages/airflow/example_dags/tutorial.py took 0.105 seconds
[2024-03-04T19:23:56.622+0530] {processor.py:161} INFO - Started process (PID=9147) to work on /home/arun/.local/lib/python3.10/site-packages/airflow/example_dags/tutorial.py
[2024-03-04T19:23:56.633+0530] {processor.py:830} INFO - Processing file /home/arun/.local/lib/python3.10/site-packages/airflow/example_dags/tutorial.py for tasks to queue
[2024-03-04T19:23:56.635+0530] {logging_mixin.py:188} INFO - [2024-03-04T19:23:56.634+0530] {dagbag.py:538} INFO - Filling up the DagBag from /home/arun/.local/lib/python3.10/site-packages/airflow/example_dags/tutorial.py
[2024-03-04T19:23:56.645+0530] {processor.py:840} INFO - DAG(s) 'tutorial' retrieved from /home/arun/.local/lib/python3.10/site-packages/airflow/example_dags/tutorial.py
[2024-03-04T19:23:56.666+0530] {logging_mixin.py:188} INFO - [2024-03-04T19:23:56.666+0530] {dag.py:3036} INFO - Sync 1 DAGs
[2024-03-04T19:23:56.702+0530] {logging_mixin.py:188} INFO - [2024-03-04T19:23:56.702+0530] {dag.py:3823} INFO - Setting next_dagrun for tutorial to 2024-03-03 00:00:00+00:00, run_after=2024-03-04 00:00:00+00:00
[2024-03-04T19:23:56.765+0530] {processor.py:183} INFO - Processing /home/arun/.local/lib/python3.10/site-packages/airflow/example_dags/tutorial.py took 0.147 seconds
[2024-03-04T19:25:14.593+0530] {processor.py:161} INFO - Started process (PID=9305) to work on /home/arun/.local/lib/python3.10/site-packages/airflow/example_dags/tutorial.py
[2024-03-04T19:25:14.635+0530] {processor.py:830} INFO - Processing file /home/arun/.local/lib/python3.10/site-packages/airflow/example_dags/tutorial.py for tasks to queue
[2024-03-04T19:25:14.637+0530] {logging_mixin.py:188} INFO - [2024-03-04T19:25:14.636+0530] {dagbag.py:538} INFO - Filling up the DagBag from /home/arun/.local/lib/python3.10/site-packages/airflow/example_dags/tutorial.py
[2024-03-04T19:25:14.653+0530] {processor.py:840} INFO - DAG(s) 'tutorial' retrieved from /home/arun/.local/lib/python3.10/site-packages/airflow/example_dags/tutorial.py
[2024-03-04T19:25:14.718+0530] {logging_mixin.py:188} INFO - [2024-03-04T19:25:14.718+0530] {dag.py:3036} INFO - Sync 1 DAGs
[2024-03-04T19:25:14.740+0530] {logging_mixin.py:188} INFO - [2024-03-04T19:25:14.740+0530] {dag.py:3823} INFO - Setting next_dagrun for tutorial to 2024-03-03 00:00:00+00:00, run_after=2024-03-04 00:00:00+00:00
[2024-03-04T19:25:14.768+0530] {processor.py:183} INFO - Processing /home/arun/.local/lib/python3.10/site-packages/airflow/example_dags/tutorial.py took 0.178 seconds
[2024-03-04T19:26:32.657+0530] {processor.py:161} INFO - Started process (PID=9479) to work on /home/arun/.local/lib/python3.10/site-packages/airflow/example_dags/tutorial.py
[2024-03-04T19:26:32.690+0530] {processor.py:830} INFO - Processing file /home/arun/.local/lib/python3.10/site-packages/airflow/example_dags/tutorial.py for tasks to queue
[2024-03-04T19:26:32.691+0530] {logging_mixin.py:188} INFO - [2024-03-04T19:26:32.691+0530] {dagbag.py:538} INFO - Filling up the DagBag from /home/arun/.local/lib/python3.10/site-packages/airflow/example_dags/tutorial.py
[2024-03-04T19:26:32.698+0530] {processor.py:840} INFO - DAG(s) 'tutorial' retrieved from /home/arun/.local/lib/python3.10/site-packages/airflow/example_dags/tutorial.py
[2024-03-04T19:26:32.712+0530] {logging_mixin.py:188} INFO - [2024-03-04T19:26:32.712+0530] {dag.py:3036} INFO - Sync 1 DAGs
[2024-03-04T19:26:32.730+0530] {logging_mixin.py:188} INFO - [2024-03-04T19:26:32.730+0530] {dag.py:3823} INFO - Setting next_dagrun for tutorial to 2024-03-03 00:00:00+00:00, run_after=2024-03-04 00:00:00+00:00
[2024-03-04T19:26:32.755+0530] {processor.py:183} INFO - Processing /home/arun/.local/lib/python3.10/site-packages/airflow/example_dags/tutorial.py took 0.101 seconds
[2024-03-04T19:27:51.007+0530] {processor.py:161} INFO - Started process (PID=9638) to work on /home/arun/.local/lib/python3.10/site-packages/airflow/example_dags/tutorial.py
[2024-03-04T19:27:51.046+0530] {processor.py:830} INFO - Processing file /home/arun/.local/lib/python3.10/site-packages/airflow/example_dags/tutorial.py for tasks to queue
[2024-03-04T19:27:51.048+0530] {logging_mixin.py:188} INFO - [2024-03-04T19:27:51.048+0530] {dagbag.py:538} INFO - Filling up the DagBag from /home/arun/.local/lib/python3.10/site-packages/airflow/example_dags/tutorial.py
[2024-03-04T19:27:51.083+0530] {processor.py:840} INFO - DAG(s) 'tutorial' retrieved from /home/arun/.local/lib/python3.10/site-packages/airflow/example_dags/tutorial.py
[2024-03-04T19:27:51.148+0530] {logging_mixin.py:188} INFO - [2024-03-04T19:27:51.147+0530] {dag.py:3036} INFO - Sync 1 DAGs
[2024-03-04T19:27:51.241+0530] {logging_mixin.py:188} INFO - [2024-03-04T19:27:51.240+0530] {dag.py:3823} INFO - Setting next_dagrun for tutorial to 2024-03-03 00:00:00+00:00, run_after=2024-03-04 00:00:00+00:00
[2024-03-04T19:27:51.376+0530] {processor.py:183} INFO - Processing /home/arun/.local/lib/python3.10/site-packages/airflow/example_dags/tutorial.py took 0.375 seconds
[2024-03-04T22:42:13.362+0530] {processor.py:161} INFO - Started process (PID=17446) to work on /home/arun/.local/lib/python3.10/site-packages/airflow/example_dags/tutorial.py
[2024-03-04T22:42:13.365+0530] {processor.py:830} INFO - Processing file /home/arun/.local/lib/python3.10/site-packages/airflow/example_dags/tutorial.py for tasks to queue
[2024-03-04T22:42:13.367+0530] {logging_mixin.py:188} INFO - [2024-03-04T22:42:13.366+0530] {dagbag.py:538} INFO - Filling up the DagBag from /home/arun/.local/lib/python3.10/site-packages/airflow/example_dags/tutorial.py
[2024-03-04T22:42:13.388+0530] {processor.py:840} INFO - DAG(s) 'tutorial' retrieved from /home/arun/.local/lib/python3.10/site-packages/airflow/example_dags/tutorial.py
[2024-03-04T22:42:13.987+0530] {logging_mixin.py:188} INFO - [2024-03-04T22:42:13.984+0530] {dag.py:3036} INFO - Sync 1 DAGs
[2024-03-04T22:42:14.186+0530] {logging_mixin.py:188} INFO - [2024-03-04T22:42:14.186+0530] {dag.py:3823} INFO - Setting next_dagrun for tutorial to 2024-03-03 00:00:00+00:00, run_after=2024-03-04 00:00:00+00:00
[2024-03-04T22:42:14.254+0530] {processor.py:183} INFO - Processing /home/arun/.local/lib/python3.10/site-packages/airflow/example_dags/tutorial.py took 0.911 seconds
[2024-03-04T22:55:45.440+0530] {processor.py:161} INFO - Started process (PID=5648) to work on /home/arun/.local/lib/python3.10/site-packages/airflow/example_dags/tutorial.py
[2024-03-04T22:55:45.475+0530] {processor.py:830} INFO - Processing file /home/arun/.local/lib/python3.10/site-packages/airflow/example_dags/tutorial.py for tasks to queue
[2024-03-04T22:55:45.476+0530] {logging_mixin.py:188} INFO - [2024-03-04T22:55:45.476+0530] {dagbag.py:538} INFO - Filling up the DagBag from /home/arun/.local/lib/python3.10/site-packages/airflow/example_dags/tutorial.py
[2024-03-04T22:55:45.492+0530] {processor.py:840} INFO - DAG(s) 'tutorial' retrieved from /home/arun/.local/lib/python3.10/site-packages/airflow/example_dags/tutorial.py
[2024-03-04T22:55:45.753+0530] {logging_mixin.py:188} INFO - [2024-03-04T22:55:45.753+0530] {dag.py:3036} INFO - Sync 1 DAGs
[2024-03-04T22:55:45.791+0530] {logging_mixin.py:188} INFO - [2024-03-04T22:55:45.790+0530] {dag.py:3823} INFO - Setting next_dagrun for tutorial to 2024-03-03 00:00:00+00:00, run_after=2024-03-04 00:00:00+00:00
[2024-03-04T22:55:45.872+0530] {processor.py:183} INFO - Processing /home/arun/.local/lib/python3.10/site-packages/airflow/example_dags/tutorial.py took 0.439 seconds
[2024-03-04T22:57:23.224+0530] {processor.py:161} INFO - Started process (PID=5741) to work on /home/arun/.local/lib/python3.10/site-packages/airflow/example_dags/tutorial.py
[2024-03-04T22:57:23.298+0530] {processor.py:830} INFO - Processing file /home/arun/.local/lib/python3.10/site-packages/airflow/example_dags/tutorial.py for tasks to queue
[2024-03-04T22:57:23.300+0530] {logging_mixin.py:188} INFO - [2024-03-04T22:57:23.299+0530] {dagbag.py:538} INFO - Filling up the DagBag from /home/arun/.local/lib/python3.10/site-packages/airflow/example_dags/tutorial.py
[2024-03-04T22:57:23.310+0530] {processor.py:840} INFO - DAG(s) 'tutorial' retrieved from /home/arun/.local/lib/python3.10/site-packages/airflow/example_dags/tutorial.py
[2024-03-04T22:57:23.374+0530] {logging_mixin.py:188} INFO - [2024-03-04T22:57:23.373+0530] {dag.py:3036} INFO - Sync 1 DAGs
[2024-03-04T22:57:23.433+0530] {logging_mixin.py:188} INFO - [2024-03-04T22:57:23.432+0530] {dag.py:3823} INFO - Setting next_dagrun for tutorial to 2024-03-03 00:00:00+00:00, run_after=2024-03-04 00:00:00+00:00
[2024-03-04T22:57:23.527+0530] {processor.py:183} INFO - Processing /home/arun/.local/lib/python3.10/site-packages/airflow/example_dags/tutorial.py took 0.323 seconds
[2024-03-04T22:59:27.880+0530] {processor.py:161} INFO - Started process (PID=5868) to work on /home/arun/.local/lib/python3.10/site-packages/airflow/example_dags/tutorial.py
[2024-03-04T22:59:27.918+0530] {processor.py:830} INFO - Processing file /home/arun/.local/lib/python3.10/site-packages/airflow/example_dags/tutorial.py for tasks to queue
[2024-03-04T22:59:27.920+0530] {logging_mixin.py:188} INFO - [2024-03-04T22:59:27.919+0530] {dagbag.py:538} INFO - Filling up the DagBag from /home/arun/.local/lib/python3.10/site-packages/airflow/example_dags/tutorial.py
[2024-03-04T22:59:27.930+0530] {processor.py:840} INFO - DAG(s) 'tutorial' retrieved from /home/arun/.local/lib/python3.10/site-packages/airflow/example_dags/tutorial.py
[2024-03-04T22:59:27.974+0530] {logging_mixin.py:188} INFO - [2024-03-04T22:59:27.973+0530] {dag.py:3036} INFO - Sync 1 DAGs
[2024-03-04T22:59:28.020+0530] {logging_mixin.py:188} INFO - [2024-03-04T22:59:28.019+0530] {dag.py:3823} INFO - Setting next_dagrun for tutorial to 2024-03-03 00:00:00+00:00, run_after=2024-03-04 00:00:00+00:00
[2024-03-04T22:59:28.152+0530] {processor.py:183} INFO - Processing /home/arun/.local/lib/python3.10/site-packages/airflow/example_dags/tutorial.py took 0.279 seconds
[2024-03-04T23:01:03.186+0530] {processor.py:161} INFO - Started process (PID=6025) to work on /home/arun/.local/lib/python3.10/site-packages/airflow/example_dags/tutorial.py
[2024-03-04T23:01:03.202+0530] {processor.py:830} INFO - Processing file /home/arun/.local/lib/python3.10/site-packages/airflow/example_dags/tutorial.py for tasks to queue
[2024-03-04T23:01:03.204+0530] {logging_mixin.py:188} INFO - [2024-03-04T23:01:03.203+0530] {dagbag.py:538} INFO - Filling up the DagBag from /home/arun/.local/lib/python3.10/site-packages/airflow/example_dags/tutorial.py
[2024-03-04T23:01:03.215+0530] {processor.py:840} INFO - DAG(s) 'tutorial' retrieved from /home/arun/.local/lib/python3.10/site-packages/airflow/example_dags/tutorial.py
[2024-03-04T23:01:03.250+0530] {logging_mixin.py:188} INFO - [2024-03-04T23:01:03.250+0530] {dag.py:3036} INFO - Sync 1 DAGs
[2024-03-04T23:01:03.294+0530] {logging_mixin.py:188} INFO - [2024-03-04T23:01:03.294+0530] {dag.py:3823} INFO - Setting next_dagrun for tutorial to 2024-03-03 00:00:00+00:00, run_after=2024-03-04 00:00:00+00:00
[2024-03-04T23:01:03.335+0530] {processor.py:183} INFO - Processing /home/arun/.local/lib/python3.10/site-packages/airflow/example_dags/tutorial.py took 0.155 seconds
[2024-03-04T23:02:27.450+0530] {processor.py:161} INFO - Started process (PID=6164) to work on /home/arun/.local/lib/python3.10/site-packages/airflow/example_dags/tutorial.py
[2024-03-04T23:02:27.491+0530] {processor.py:830} INFO - Processing file /home/arun/.local/lib/python3.10/site-packages/airflow/example_dags/tutorial.py for tasks to queue
[2024-03-04T23:02:27.492+0530] {logging_mixin.py:188} INFO - [2024-03-04T23:02:27.491+0530] {dagbag.py:538} INFO - Filling up the DagBag from /home/arun/.local/lib/python3.10/site-packages/airflow/example_dags/tutorial.py
[2024-03-04T23:02:27.499+0530] {processor.py:840} INFO - DAG(s) 'tutorial' retrieved from /home/arun/.local/lib/python3.10/site-packages/airflow/example_dags/tutorial.py
[2024-03-04T23:02:27.519+0530] {logging_mixin.py:188} INFO - [2024-03-04T23:02:27.519+0530] {dag.py:3036} INFO - Sync 1 DAGs
[2024-03-04T23:02:27.540+0530] {logging_mixin.py:188} INFO - [2024-03-04T23:02:27.540+0530] {dag.py:3823} INFO - Setting next_dagrun for tutorial to 2024-03-03 00:00:00+00:00, run_after=2024-03-04 00:00:00+00:00
[2024-03-04T23:02:27.571+0530] {processor.py:183} INFO - Processing /home/arun/.local/lib/python3.10/site-packages/airflow/example_dags/tutorial.py took 0.124 seconds
[2024-03-04T23:04:14.748+0530] {processor.py:161} INFO - Started process (PID=6715) to work on /home/arun/.local/lib/python3.10/site-packages/airflow/example_dags/tutorial.py
[2024-03-04T23:04:14.783+0530] {processor.py:830} INFO - Processing file /home/arun/.local/lib/python3.10/site-packages/airflow/example_dags/tutorial.py for tasks to queue
[2024-03-04T23:04:14.784+0530] {logging_mixin.py:188} INFO - [2024-03-04T23:04:14.783+0530] {dagbag.py:538} INFO - Filling up the DagBag from /home/arun/.local/lib/python3.10/site-packages/airflow/example_dags/tutorial.py
[2024-03-04T23:04:14.791+0530] {processor.py:840} INFO - DAG(s) 'tutorial' retrieved from /home/arun/.local/lib/python3.10/site-packages/airflow/example_dags/tutorial.py
[2024-03-04T23:04:14.812+0530] {logging_mixin.py:188} INFO - [2024-03-04T23:04:14.811+0530] {dag.py:3036} INFO - Sync 1 DAGs
[2024-03-04T23:04:14.837+0530] {logging_mixin.py:188} INFO - [2024-03-04T23:04:14.837+0530] {dag.py:3823} INFO - Setting next_dagrun for tutorial to 2024-03-03 00:00:00+00:00, run_after=2024-03-04 00:00:00+00:00
[2024-03-04T23:04:14.884+0530] {processor.py:183} INFO - Processing /home/arun/.local/lib/python3.10/site-packages/airflow/example_dags/tutorial.py took 0.140 seconds
[2024-03-04T23:06:06.016+0530] {processor.py:161} INFO - Started process (PID=6914) to work on /home/arun/.local/lib/python3.10/site-packages/airflow/example_dags/tutorial.py
[2024-03-04T23:06:06.149+0530] {processor.py:830} INFO - Processing file /home/arun/.local/lib/python3.10/site-packages/airflow/example_dags/tutorial.py for tasks to queue
[2024-03-04T23:06:06.150+0530] {logging_mixin.py:188} INFO - [2024-03-04T23:06:06.150+0530] {dagbag.py:538} INFO - Filling up the DagBag from /home/arun/.local/lib/python3.10/site-packages/airflow/example_dags/tutorial.py
[2024-03-04T23:06:06.159+0530] {processor.py:840} INFO - DAG(s) 'tutorial' retrieved from /home/arun/.local/lib/python3.10/site-packages/airflow/example_dags/tutorial.py
[2024-03-04T23:06:06.186+0530] {logging_mixin.py:188} INFO - [2024-03-04T23:06:06.186+0530] {dag.py:3036} INFO - Sync 1 DAGs
[2024-03-04T23:06:06.211+0530] {logging_mixin.py:188} INFO - [2024-03-04T23:06:06.211+0530] {dag.py:3823} INFO - Setting next_dagrun for tutorial to 2024-03-03 00:00:00+00:00, run_after=2024-03-04 00:00:00+00:00
[2024-03-04T23:06:06.239+0530] {processor.py:183} INFO - Processing /home/arun/.local/lib/python3.10/site-packages/airflow/example_dags/tutorial.py took 0.229 seconds
[2024-03-04T23:07:36.613+0530] {processor.py:161} INFO - Started process (PID=7111) to work on /home/arun/.local/lib/python3.10/site-packages/airflow/example_dags/tutorial.py
[2024-03-04T23:07:36.647+0530] {processor.py:830} INFO - Processing file /home/arun/.local/lib/python3.10/site-packages/airflow/example_dags/tutorial.py for tasks to queue
[2024-03-04T23:07:36.650+0530] {logging_mixin.py:188} INFO - [2024-03-04T23:07:36.649+0530] {dagbag.py:538} INFO - Filling up the DagBag from /home/arun/.local/lib/python3.10/site-packages/airflow/example_dags/tutorial.py
[2024-03-04T23:07:36.667+0530] {processor.py:840} INFO - DAG(s) 'tutorial' retrieved from /home/arun/.local/lib/python3.10/site-packages/airflow/example_dags/tutorial.py
[2024-03-04T23:07:36.692+0530] {logging_mixin.py:188} INFO - [2024-03-04T23:07:36.692+0530] {dag.py:3036} INFO - Sync 1 DAGs
[2024-03-04T23:07:36.715+0530] {logging_mixin.py:188} INFO - [2024-03-04T23:07:36.714+0530] {dag.py:3823} INFO - Setting next_dagrun for tutorial to 2024-03-03 00:00:00+00:00, run_after=2024-03-04 00:00:00+00:00
[2024-03-04T23:07:36.742+0530] {processor.py:183} INFO - Processing /home/arun/.local/lib/python3.10/site-packages/airflow/example_dags/tutorial.py took 0.136 seconds
[2024-03-04T23:09:08.512+0530] {processor.py:161} INFO - Started process (PID=7285) to work on /home/arun/.local/lib/python3.10/site-packages/airflow/example_dags/tutorial.py
[2024-03-04T23:09:08.515+0530] {processor.py:830} INFO - Processing file /home/arun/.local/lib/python3.10/site-packages/airflow/example_dags/tutorial.py for tasks to queue
[2024-03-04T23:09:08.517+0530] {logging_mixin.py:188} INFO - [2024-03-04T23:09:08.517+0530] {dagbag.py:538} INFO - Filling up the DagBag from /home/arun/.local/lib/python3.10/site-packages/airflow/example_dags/tutorial.py
[2024-03-04T23:09:08.532+0530] {processor.py:840} INFO - DAG(s) 'tutorial' retrieved from /home/arun/.local/lib/python3.10/site-packages/airflow/example_dags/tutorial.py
[2024-03-04T23:09:08.568+0530] {logging_mixin.py:188} INFO - [2024-03-04T23:09:08.567+0530] {dag.py:3036} INFO - Sync 1 DAGs
[2024-03-04T23:09:08.604+0530] {logging_mixin.py:188} INFO - [2024-03-04T23:09:08.604+0530] {dag.py:3823} INFO - Setting next_dagrun for tutorial to 2024-03-03 00:00:00+00:00, run_after=2024-03-04 00:00:00+00:00
[2024-03-04T23:09:08.642+0530] {processor.py:183} INFO - Processing /home/arun/.local/lib/python3.10/site-packages/airflow/example_dags/tutorial.py took 0.138 seconds
[2024-03-04T23:10:38.189+0530] {processor.py:161} INFO - Started process (PID=7461) to work on /home/arun/.local/lib/python3.10/site-packages/airflow/example_dags/tutorial.py
[2024-03-04T23:10:38.191+0530] {processor.py:830} INFO - Processing file /home/arun/.local/lib/python3.10/site-packages/airflow/example_dags/tutorial.py for tasks to queue
[2024-03-04T23:10:38.193+0530] {logging_mixin.py:188} INFO - [2024-03-04T23:10:38.192+0530] {dagbag.py:538} INFO - Filling up the DagBag from /home/arun/.local/lib/python3.10/site-packages/airflow/example_dags/tutorial.py
[2024-03-04T23:10:38.201+0530] {processor.py:840} INFO - DAG(s) 'tutorial' retrieved from /home/arun/.local/lib/python3.10/site-packages/airflow/example_dags/tutorial.py
[2024-03-04T23:10:38.226+0530] {logging_mixin.py:188} INFO - [2024-03-04T23:10:38.225+0530] {dag.py:3036} INFO - Sync 1 DAGs
[2024-03-04T23:10:38.254+0530] {logging_mixin.py:188} INFO - [2024-03-04T23:10:38.253+0530] {dag.py:3823} INFO - Setting next_dagrun for tutorial to 2024-03-03 00:00:00+00:00, run_after=2024-03-04 00:00:00+00:00
[2024-03-04T23:10:38.307+0530] {processor.py:183} INFO - Processing /home/arun/.local/lib/python3.10/site-packages/airflow/example_dags/tutorial.py took 0.123 seconds
[2024-03-04T23:12:09.452+0530] {processor.py:161} INFO - Started process (PID=7680) to work on /home/arun/.local/lib/python3.10/site-packages/airflow/example_dags/tutorial.py
[2024-03-04T23:12:09.473+0530] {processor.py:830} INFO - Processing file /home/arun/.local/lib/python3.10/site-packages/airflow/example_dags/tutorial.py for tasks to queue
[2024-03-04T23:12:09.475+0530] {logging_mixin.py:188} INFO - [2024-03-04T23:12:09.474+0530] {dagbag.py:538} INFO - Filling up the DagBag from /home/arun/.local/lib/python3.10/site-packages/airflow/example_dags/tutorial.py
[2024-03-04T23:12:09.505+0530] {processor.py:840} INFO - DAG(s) 'tutorial' retrieved from /home/arun/.local/lib/python3.10/site-packages/airflow/example_dags/tutorial.py
[2024-03-04T23:12:09.535+0530] {logging_mixin.py:188} INFO - [2024-03-04T23:12:09.535+0530] {dag.py:3036} INFO - Sync 1 DAGs
[2024-03-04T23:12:09.584+0530] {logging_mixin.py:188} INFO - [2024-03-04T23:12:09.583+0530] {dag.py:3823} INFO - Setting next_dagrun for tutorial to 2024-03-03 00:00:00+00:00, run_after=2024-03-04 00:00:00+00:00
[2024-03-04T23:12:09.707+0530] {processor.py:183} INFO - Processing /home/arun/.local/lib/python3.10/site-packages/airflow/example_dags/tutorial.py took 0.271 seconds
[2024-03-04T23:13:52.866+0530] {processor.py:161} INFO - Started process (PID=7919) to work on /home/arun/.local/lib/python3.10/site-packages/airflow/example_dags/tutorial.py
[2024-03-04T23:13:52.869+0530] {processor.py:830} INFO - Processing file /home/arun/.local/lib/python3.10/site-packages/airflow/example_dags/tutorial.py for tasks to queue
[2024-03-04T23:13:52.870+0530] {logging_mixin.py:188} INFO - [2024-03-04T23:13:52.870+0530] {dagbag.py:538} INFO - Filling up the DagBag from /home/arun/.local/lib/python3.10/site-packages/airflow/example_dags/tutorial.py
[2024-03-04T23:13:52.879+0530] {processor.py:840} INFO - DAG(s) 'tutorial' retrieved from /home/arun/.local/lib/python3.10/site-packages/airflow/example_dags/tutorial.py
[2024-03-04T23:13:52.901+0530] {logging_mixin.py:188} INFO - [2024-03-04T23:13:52.901+0530] {dag.py:3036} INFO - Sync 1 DAGs
[2024-03-04T23:13:52.926+0530] {logging_mixin.py:188} INFO - [2024-03-04T23:13:52.925+0530] {dag.py:3823} INFO - Setting next_dagrun for tutorial to 2024-03-03 00:00:00+00:00, run_after=2024-03-04 00:00:00+00:00
[2024-03-04T23:13:52.956+0530] {processor.py:183} INFO - Processing /home/arun/.local/lib/python3.10/site-packages/airflow/example_dags/tutorial.py took 0.094 seconds
[2024-03-04T23:15:28.491+0530] {processor.py:161} INFO - Started process (PID=8099) to work on /home/arun/.local/lib/python3.10/site-packages/airflow/example_dags/tutorial.py
[2024-03-04T23:15:28.506+0530] {processor.py:830} INFO - Processing file /home/arun/.local/lib/python3.10/site-packages/airflow/example_dags/tutorial.py for tasks to queue
[2024-03-04T23:15:28.508+0530] {logging_mixin.py:188} INFO - [2024-03-04T23:15:28.507+0530] {dagbag.py:538} INFO - Filling up the DagBag from /home/arun/.local/lib/python3.10/site-packages/airflow/example_dags/tutorial.py
[2024-03-04T23:15:28.527+0530] {processor.py:840} INFO - DAG(s) 'tutorial' retrieved from /home/arun/.local/lib/python3.10/site-packages/airflow/example_dags/tutorial.py
[2024-03-04T23:15:28.576+0530] {logging_mixin.py:188} INFO - [2024-03-04T23:15:28.575+0530] {dag.py:3036} INFO - Sync 1 DAGs
[2024-03-04T23:15:28.646+0530] {logging_mixin.py:188} INFO - [2024-03-04T23:15:28.645+0530] {dag.py:3823} INFO - Setting next_dagrun for tutorial to 2024-03-03 00:00:00+00:00, run_after=2024-03-04 00:00:00+00:00
[2024-03-04T23:15:28.687+0530] {processor.py:183} INFO - Processing /home/arun/.local/lib/python3.10/site-packages/airflow/example_dags/tutorial.py took 0.204 seconds
[2024-03-04T23:17:25.282+0530] {processor.py:161} INFO - Started process (PID=8337) to work on /home/arun/.local/lib/python3.10/site-packages/airflow/example_dags/tutorial.py
[2024-03-04T23:17:25.425+0530] {processor.py:830} INFO - Processing file /home/arun/.local/lib/python3.10/site-packages/airflow/example_dags/tutorial.py for tasks to queue
[2024-03-04T23:17:25.427+0530] {logging_mixin.py:188} INFO - [2024-03-04T23:17:25.426+0530] {dagbag.py:538} INFO - Filling up the DagBag from /home/arun/.local/lib/python3.10/site-packages/airflow/example_dags/tutorial.py
[2024-03-04T23:17:25.441+0530] {processor.py:840} INFO - DAG(s) 'tutorial' retrieved from /home/arun/.local/lib/python3.10/site-packages/airflow/example_dags/tutorial.py
[2024-03-04T23:17:25.470+0530] {logging_mixin.py:188} INFO - [2024-03-04T23:17:25.469+0530] {dag.py:3036} INFO - Sync 1 DAGs
[2024-03-04T23:17:25.502+0530] {logging_mixin.py:188} INFO - [2024-03-04T23:17:25.501+0530] {dag.py:3823} INFO - Setting next_dagrun for tutorial to 2024-03-03 00:00:00+00:00, run_after=2024-03-04 00:00:00+00:00
[2024-03-04T23:17:27.088+0530] {processor.py:183} INFO - Processing /home/arun/.local/lib/python3.10/site-packages/airflow/example_dags/tutorial.py took 1.813 seconds
[2024-03-04T23:19:03.252+0530] {processor.py:161} INFO - Started process (PID=8534) to work on /home/arun/.local/lib/python3.10/site-packages/airflow/example_dags/tutorial.py
[2024-03-04T23:19:03.292+0530] {processor.py:830} INFO - Processing file /home/arun/.local/lib/python3.10/site-packages/airflow/example_dags/tutorial.py for tasks to queue
[2024-03-04T23:19:03.293+0530] {logging_mixin.py:188} INFO - [2024-03-04T23:19:03.293+0530] {dagbag.py:538} INFO - Filling up the DagBag from /home/arun/.local/lib/python3.10/site-packages/airflow/example_dags/tutorial.py
[2024-03-04T23:19:03.301+0530] {processor.py:840} INFO - DAG(s) 'tutorial' retrieved from /home/arun/.local/lib/python3.10/site-packages/airflow/example_dags/tutorial.py
[2024-03-04T23:19:03.323+0530] {logging_mixin.py:188} INFO - [2024-03-04T23:19:03.323+0530] {dag.py:3036} INFO - Sync 1 DAGs
[2024-03-04T23:19:03.345+0530] {logging_mixin.py:188} INFO - [2024-03-04T23:19:03.345+0530] {dag.py:3823} INFO - Setting next_dagrun for tutorial to 2024-03-03 00:00:00+00:00, run_after=2024-03-04 00:00:00+00:00
[2024-03-04T23:19:03.430+0530] {processor.py:183} INFO - Processing /home/arun/.local/lib/python3.10/site-packages/airflow/example_dags/tutorial.py took 0.181 seconds
[2024-03-04T23:20:37.070+0530] {processor.py:161} INFO - Started process (PID=8730) to work on /home/arun/.local/lib/python3.10/site-packages/airflow/example_dags/tutorial.py
[2024-03-04T23:20:37.104+0530] {processor.py:830} INFO - Processing file /home/arun/.local/lib/python3.10/site-packages/airflow/example_dags/tutorial.py for tasks to queue
[2024-03-04T23:20:37.105+0530] {logging_mixin.py:188} INFO - [2024-03-04T23:20:37.105+0530] {dagbag.py:538} INFO - Filling up the DagBag from /home/arun/.local/lib/python3.10/site-packages/airflow/example_dags/tutorial.py
[2024-03-04T23:20:37.115+0530] {processor.py:840} INFO - DAG(s) 'tutorial' retrieved from /home/arun/.local/lib/python3.10/site-packages/airflow/example_dags/tutorial.py
[2024-03-04T23:20:37.151+0530] {logging_mixin.py:188} INFO - [2024-03-04T23:20:37.151+0530] {dag.py:3036} INFO - Sync 1 DAGs
[2024-03-04T23:20:37.180+0530] {logging_mixin.py:188} INFO - [2024-03-04T23:20:37.180+0530] {dag.py:3823} INFO - Setting next_dagrun for tutorial to 2024-03-03 00:00:00+00:00, run_after=2024-03-04 00:00:00+00:00
[2024-03-04T23:20:37.222+0530] {processor.py:183} INFO - Processing /home/arun/.local/lib/python3.10/site-packages/airflow/example_dags/tutorial.py took 0.158 seconds
[2024-03-04T23:22:15.025+0530] {processor.py:161} INFO - Started process (PID=8922) to work on /home/arun/.local/lib/python3.10/site-packages/airflow/example_dags/tutorial.py
[2024-03-04T23:22:15.044+0530] {processor.py:830} INFO - Processing file /home/arun/.local/lib/python3.10/site-packages/airflow/example_dags/tutorial.py for tasks to queue
[2024-03-04T23:22:15.051+0530] {logging_mixin.py:188} INFO - [2024-03-04T23:22:15.051+0530] {dagbag.py:538} INFO - Filling up the DagBag from /home/arun/.local/lib/python3.10/site-packages/airflow/example_dags/tutorial.py
[2024-03-04T23:22:15.077+0530] {processor.py:840} INFO - DAG(s) 'tutorial' retrieved from /home/arun/.local/lib/python3.10/site-packages/airflow/example_dags/tutorial.py
[2024-03-04T23:22:15.105+0530] {logging_mixin.py:188} INFO - [2024-03-04T23:22:15.105+0530] {dag.py:3036} INFO - Sync 1 DAGs
[2024-03-04T23:22:15.159+0530] {logging_mixin.py:188} INFO - [2024-03-04T23:22:15.159+0530] {dag.py:3823} INFO - Setting next_dagrun for tutorial to 2024-03-03 00:00:00+00:00, run_after=2024-03-04 00:00:00+00:00
[2024-03-04T23:22:15.316+0530] {processor.py:183} INFO - Processing /home/arun/.local/lib/python3.10/site-packages/airflow/example_dags/tutorial.py took 0.299 seconds
[2024-03-04T23:24:22.589+0530] {processor.py:161} INFO - Started process (PID=9289) to work on /home/arun/.local/lib/python3.10/site-packages/airflow/example_dags/tutorial.py
[2024-03-04T23:24:22.617+0530] {processor.py:830} INFO - Processing file /home/arun/.local/lib/python3.10/site-packages/airflow/example_dags/tutorial.py for tasks to queue
[2024-03-04T23:24:22.649+0530] {logging_mixin.py:188} INFO - [2024-03-04T23:24:22.632+0530] {dagbag.py:538} INFO - Filling up the DagBag from /home/arun/.local/lib/python3.10/site-packages/airflow/example_dags/tutorial.py
[2024-03-04T23:24:22.714+0530] {processor.py:840} INFO - DAG(s) 'tutorial' retrieved from /home/arun/.local/lib/python3.10/site-packages/airflow/example_dags/tutorial.py
[2024-03-04T23:24:22.856+0530] {logging_mixin.py:188} INFO - [2024-03-04T23:24:22.856+0530] {dag.py:3036} INFO - Sync 1 DAGs
[2024-03-04T23:24:22.935+0530] {logging_mixin.py:188} INFO - [2024-03-04T23:24:22.935+0530] {dag.py:3823} INFO - Setting next_dagrun for tutorial to 2024-03-03 00:00:00+00:00, run_after=2024-03-04 00:00:00+00:00
[2024-03-04T23:24:23.267+0530] {processor.py:183} INFO - Processing /home/arun/.local/lib/python3.10/site-packages/airflow/example_dags/tutorial.py took 0.690 seconds
[2024-03-04T23:27:01.822+0530] {processor.py:161} INFO - Started process (PID=10219) to work on /home/arun/.local/lib/python3.10/site-packages/airflow/example_dags/tutorial.py
[2024-03-04T23:27:01.907+0530] {processor.py:830} INFO - Processing file /home/arun/.local/lib/python3.10/site-packages/airflow/example_dags/tutorial.py for tasks to queue
[2024-03-04T23:27:01.908+0530] {logging_mixin.py:188} INFO - [2024-03-04T23:27:01.907+0530] {dagbag.py:538} INFO - Filling up the DagBag from /home/arun/.local/lib/python3.10/site-packages/airflow/example_dags/tutorial.py
[2024-03-04T23:27:01.915+0530] {processor.py:840} INFO - DAG(s) 'tutorial' retrieved from /home/arun/.local/lib/python3.10/site-packages/airflow/example_dags/tutorial.py
[2024-03-04T23:27:01.936+0530] {logging_mixin.py:188} INFO - [2024-03-04T23:27:01.936+0530] {dag.py:3036} INFO - Sync 1 DAGs
[2024-03-04T23:27:01.963+0530] {logging_mixin.py:188} INFO - [2024-03-04T23:27:01.962+0530] {dag.py:3823} INFO - Setting next_dagrun for tutorial to 2024-03-03 00:00:00+00:00, run_after=2024-03-04 00:00:00+00:00
[2024-03-04T23:27:02.039+0530] {processor.py:183} INFO - Processing /home/arun/.local/lib/python3.10/site-packages/airflow/example_dags/tutorial.py took 0.221 seconds
[2024-03-04T23:28:45.078+0530] {processor.py:161} INFO - Started process (PID=10390) to work on /home/arun/.local/lib/python3.10/site-packages/airflow/example_dags/tutorial.py
[2024-03-04T23:28:45.087+0530] {processor.py:830} INFO - Processing file /home/arun/.local/lib/python3.10/site-packages/airflow/example_dags/tutorial.py for tasks to queue
[2024-03-04T23:28:45.089+0530] {logging_mixin.py:188} INFO - [2024-03-04T23:28:45.089+0530] {dagbag.py:538} INFO - Filling up the DagBag from /home/arun/.local/lib/python3.10/site-packages/airflow/example_dags/tutorial.py
[2024-03-04T23:28:45.103+0530] {processor.py:840} INFO - DAG(s) 'tutorial' retrieved from /home/arun/.local/lib/python3.10/site-packages/airflow/example_dags/tutorial.py
[2024-03-04T23:28:45.173+0530] {logging_mixin.py:188} INFO - [2024-03-04T23:28:45.173+0530] {dag.py:3036} INFO - Sync 1 DAGs
[2024-03-04T23:28:45.202+0530] {logging_mixin.py:188} INFO - [2024-03-04T23:28:45.201+0530] {dag.py:3823} INFO - Setting next_dagrun for tutorial to 2024-03-03 00:00:00+00:00, run_after=2024-03-04 00:00:00+00:00
[2024-03-04T23:28:45.234+0530] {processor.py:183} INFO - Processing /home/arun/.local/lib/python3.10/site-packages/airflow/example_dags/tutorial.py took 0.163 seconds
[2024-03-04T23:30:21.742+0530] {processor.py:161} INFO - Started process (PID=10667) to work on /home/arun/.local/lib/python3.10/site-packages/airflow/example_dags/tutorial.py
[2024-03-04T23:30:21.803+0530] {processor.py:830} INFO - Processing file /home/arun/.local/lib/python3.10/site-packages/airflow/example_dags/tutorial.py for tasks to queue
[2024-03-04T23:30:21.808+0530] {logging_mixin.py:188} INFO - [2024-03-04T23:30:21.807+0530] {dagbag.py:538} INFO - Filling up the DagBag from /home/arun/.local/lib/python3.10/site-packages/airflow/example_dags/tutorial.py
[2024-03-04T23:30:21.820+0530] {processor.py:840} INFO - DAG(s) 'tutorial' retrieved from /home/arun/.local/lib/python3.10/site-packages/airflow/example_dags/tutorial.py
[2024-03-04T23:30:21.865+0530] {logging_mixin.py:188} INFO - [2024-03-04T23:30:21.865+0530] {dag.py:3036} INFO - Sync 1 DAGs
[2024-03-04T23:30:21.896+0530] {logging_mixin.py:188} INFO - [2024-03-04T23:30:21.896+0530] {dag.py:3823} INFO - Setting next_dagrun for tutorial to 2024-03-03 00:00:00+00:00, run_after=2024-03-04 00:00:00+00:00
[2024-03-04T23:30:21.993+0530] {processor.py:183} INFO - Processing /home/arun/.local/lib/python3.10/site-packages/airflow/example_dags/tutorial.py took 0.258 seconds
[2024-03-04T23:32:17.688+0530] {processor.py:161} INFO - Started process (PID=10899) to work on /home/arun/.local/lib/python3.10/site-packages/airflow/example_dags/tutorial.py
[2024-03-04T23:32:17.724+0530] {processor.py:830} INFO - Processing file /home/arun/.local/lib/python3.10/site-packages/airflow/example_dags/tutorial.py for tasks to queue
[2024-03-04T23:32:17.725+0530] {logging_mixin.py:188} INFO - [2024-03-04T23:32:17.724+0530] {dagbag.py:538} INFO - Filling up the DagBag from /home/arun/.local/lib/python3.10/site-packages/airflow/example_dags/tutorial.py
[2024-03-04T23:32:17.732+0530] {processor.py:840} INFO - DAG(s) 'tutorial' retrieved from /home/arun/.local/lib/python3.10/site-packages/airflow/example_dags/tutorial.py
[2024-03-04T23:32:17.752+0530] {logging_mixin.py:188} INFO - [2024-03-04T23:32:17.752+0530] {dag.py:3036} INFO - Sync 1 DAGs
[2024-03-04T23:32:17.776+0530] {logging_mixin.py:188} INFO - [2024-03-04T23:32:17.776+0530] {dag.py:3823} INFO - Setting next_dagrun for tutorial to 2024-03-03 00:00:00+00:00, run_after=2024-03-04 00:00:00+00:00
[2024-03-04T23:32:17.812+0530] {processor.py:183} INFO - Processing /home/arun/.local/lib/python3.10/site-packages/airflow/example_dags/tutorial.py took 0.128 seconds
[2024-03-04T23:34:00.172+0530] {processor.py:161} INFO - Started process (PID=11095) to work on /home/arun/.local/lib/python3.10/site-packages/airflow/example_dags/tutorial.py
[2024-03-04T23:34:00.208+0530] {processor.py:830} INFO - Processing file /home/arun/.local/lib/python3.10/site-packages/airflow/example_dags/tutorial.py for tasks to queue
[2024-03-04T23:34:00.210+0530] {logging_mixin.py:188} INFO - [2024-03-04T23:34:00.209+0530] {dagbag.py:538} INFO - Filling up the DagBag from /home/arun/.local/lib/python3.10/site-packages/airflow/example_dags/tutorial.py
[2024-03-04T23:34:00.218+0530] {processor.py:840} INFO - DAG(s) 'tutorial' retrieved from /home/arun/.local/lib/python3.10/site-packages/airflow/example_dags/tutorial.py
[2024-03-04T23:34:00.239+0530] {logging_mixin.py:188} INFO - [2024-03-04T23:34:00.239+0530] {dag.py:3036} INFO - Sync 1 DAGs
[2024-03-04T23:34:00.263+0530] {logging_mixin.py:188} INFO - [2024-03-04T23:34:00.263+0530] {dag.py:3823} INFO - Setting next_dagrun for tutorial to 2024-03-03 00:00:00+00:00, run_after=2024-03-04 00:00:00+00:00
[2024-03-04T23:34:00.303+0530] {processor.py:183} INFO - Processing /home/arun/.local/lib/python3.10/site-packages/airflow/example_dags/tutorial.py took 0.136 seconds
[2024-03-04T23:35:39.512+0530] {processor.py:161} INFO - Started process (PID=11268) to work on /home/arun/.local/lib/python3.10/site-packages/airflow/example_dags/tutorial.py
[2024-03-04T23:35:39.566+0530] {processor.py:830} INFO - Processing file /home/arun/.local/lib/python3.10/site-packages/airflow/example_dags/tutorial.py for tasks to queue
[2024-03-04T23:35:39.584+0530] {logging_mixin.py:188} INFO - [2024-03-04T23:35:39.583+0530] {dagbag.py:538} INFO - Filling up the DagBag from /home/arun/.local/lib/python3.10/site-packages/airflow/example_dags/tutorial.py
[2024-03-04T23:35:39.612+0530] {processor.py:840} INFO - DAG(s) 'tutorial' retrieved from /home/arun/.local/lib/python3.10/site-packages/airflow/example_dags/tutorial.py
[2024-03-04T23:35:39.634+0530] {logging_mixin.py:188} INFO - [2024-03-04T23:35:39.634+0530] {dag.py:3036} INFO - Sync 1 DAGs
[2024-03-04T23:35:39.659+0530] {logging_mixin.py:188} INFO - [2024-03-04T23:35:39.659+0530] {dag.py:3823} INFO - Setting next_dagrun for tutorial to 2024-03-03 00:00:00+00:00, run_after=2024-03-04 00:00:00+00:00
[2024-03-04T23:35:39.692+0530] {processor.py:183} INFO - Processing /home/arun/.local/lib/python3.10/site-packages/airflow/example_dags/tutorial.py took 0.196 seconds
