[2024-03-04T18:28:58.421+0530] {processor.py:161} INFO - Started process (PID=11905) to work on /home/arun/.local/lib/python3.10/site-packages/airflow/example_dags/tutorial_dag.py
[2024-03-04T18:28:58.422+0530] {processor.py:830} INFO - Processing file /home/arun/.local/lib/python3.10/site-packages/airflow/example_dags/tutorial_dag.py for tasks to queue
[2024-03-04T18:28:58.424+0530] {logging_mixin.py:188} INFO - [2024-03-04T18:28:58.423+0530] {dagbag.py:538} INFO - Filling up the DagBag from /home/arun/.local/lib/python3.10/site-packages/airflow/example_dags/tutorial_dag.py
[2024-03-04T18:28:58.432+0530] {processor.py:840} INFO - DAG(s) 'tutorial_dag' retrieved from /home/arun/.local/lib/python3.10/site-packages/airflow/example_dags/tutorial_dag.py
[2024-03-04T18:28:58.784+0530] {logging_mixin.py:188} INFO - [2024-03-04T18:28:58.784+0530] {dag.py:3036} INFO - Sync 1 DAGs
[2024-03-04T18:28:58.797+0530] {logging_mixin.py:188} INFO - [2024-03-04T18:28:58.797+0530] {dag.py:3823} INFO - Setting next_dagrun for tutorial_dag to None, run_after=None
[2024-03-04T18:28:58.874+0530] {processor.py:183} INFO - Processing /home/arun/.local/lib/python3.10/site-packages/airflow/example_dags/tutorial_dag.py took 0.456 seconds
[2024-03-04T18:31:11.430+0530] {processor.py:161} INFO - Started process (PID=12053) to work on /home/arun/.local/lib/python3.10/site-packages/airflow/example_dags/tutorial_dag.py
[2024-03-04T18:31:11.432+0530] {processor.py:830} INFO - Processing file /home/arun/.local/lib/python3.10/site-packages/airflow/example_dags/tutorial_dag.py for tasks to queue
[2024-03-04T18:31:11.433+0530] {logging_mixin.py:188} INFO - [2024-03-04T18:31:11.433+0530] {dagbag.py:538} INFO - Filling up the DagBag from /home/arun/.local/lib/python3.10/site-packages/airflow/example_dags/tutorial_dag.py
[2024-03-04T18:31:11.439+0530] {processor.py:840} INFO - DAG(s) 'tutorial_dag' retrieved from /home/arun/.local/lib/python3.10/site-packages/airflow/example_dags/tutorial_dag.py
[2024-03-04T18:31:11.457+0530] {logging_mixin.py:188} INFO - [2024-03-04T18:31:11.457+0530] {dag.py:3036} INFO - Sync 1 DAGs
[2024-03-04T18:31:11.472+0530] {logging_mixin.py:188} INFO - [2024-03-04T18:31:11.471+0530] {dag.py:3823} INFO - Setting next_dagrun for tutorial_dag to None, run_after=None
[2024-03-04T18:31:11.501+0530] {processor.py:183} INFO - Processing /home/arun/.local/lib/python3.10/site-packages/airflow/example_dags/tutorial_dag.py took 0.075 seconds
[2024-03-04T18:32:47.549+0530] {processor.py:161} INFO - Started process (PID=12166) to work on /home/arun/.local/lib/python3.10/site-packages/airflow/example_dags/tutorial_dag.py
[2024-03-04T18:32:47.572+0530] {processor.py:830} INFO - Processing file /home/arun/.local/lib/python3.10/site-packages/airflow/example_dags/tutorial_dag.py for tasks to queue
[2024-03-04T18:32:47.573+0530] {logging_mixin.py:188} INFO - [2024-03-04T18:32:47.572+0530] {dagbag.py:538} INFO - Filling up the DagBag from /home/arun/.local/lib/python3.10/site-packages/airflow/example_dags/tutorial_dag.py
[2024-03-04T18:32:47.580+0530] {processor.py:840} INFO - DAG(s) 'tutorial_dag' retrieved from /home/arun/.local/lib/python3.10/site-packages/airflow/example_dags/tutorial_dag.py
[2024-03-04T18:32:47.597+0530] {logging_mixin.py:188} INFO - [2024-03-04T18:32:47.596+0530] {dag.py:3036} INFO - Sync 1 DAGs
[2024-03-04T18:32:47.610+0530] {logging_mixin.py:188} INFO - [2024-03-04T18:32:47.610+0530] {dag.py:3823} INFO - Setting next_dagrun for tutorial_dag to None, run_after=None
[2024-03-04T18:32:47.635+0530] {processor.py:183} INFO - Processing /home/arun/.local/lib/python3.10/site-packages/airflow/example_dags/tutorial_dag.py took 0.090 seconds
[2024-03-04T18:34:12.835+0530] {processor.py:161} INFO - Started process (PID=12256) to work on /home/arun/.local/lib/python3.10/site-packages/airflow/example_dags/tutorial_dag.py
[2024-03-04T18:34:12.837+0530] {processor.py:830} INFO - Processing file /home/arun/.local/lib/python3.10/site-packages/airflow/example_dags/tutorial_dag.py for tasks to queue
[2024-03-04T18:34:12.837+0530] {logging_mixin.py:188} INFO - [2024-03-04T18:34:12.837+0530] {dagbag.py:538} INFO - Filling up the DagBag from /home/arun/.local/lib/python3.10/site-packages/airflow/example_dags/tutorial_dag.py
[2024-03-04T18:34:12.843+0530] {processor.py:840} INFO - DAG(s) 'tutorial_dag' retrieved from /home/arun/.local/lib/python3.10/site-packages/airflow/example_dags/tutorial_dag.py
[2024-03-04T18:34:12.859+0530] {logging_mixin.py:188} INFO - [2024-03-04T18:34:12.858+0530] {dag.py:3036} INFO - Sync 1 DAGs
[2024-03-04T18:34:12.871+0530] {logging_mixin.py:188} INFO - [2024-03-04T18:34:12.870+0530] {dag.py:3823} INFO - Setting next_dagrun for tutorial_dag to None, run_after=None
[2024-03-04T18:34:12.897+0530] {processor.py:183} INFO - Processing /home/arun/.local/lib/python3.10/site-packages/airflow/example_dags/tutorial_dag.py took 0.066 seconds
[2024-03-04T18:36:36.099+0530] {processor.py:161} INFO - Started process (PID=12432) to work on /home/arun/.local/lib/python3.10/site-packages/airflow/example_dags/tutorial_dag.py
[2024-03-04T18:36:36.101+0530] {processor.py:830} INFO - Processing file /home/arun/.local/lib/python3.10/site-packages/airflow/example_dags/tutorial_dag.py for tasks to queue
[2024-03-04T18:36:36.102+0530] {logging_mixin.py:188} INFO - [2024-03-04T18:36:36.102+0530] {dagbag.py:538} INFO - Filling up the DagBag from /home/arun/.local/lib/python3.10/site-packages/airflow/example_dags/tutorial_dag.py
[2024-03-04T18:36:36.110+0530] {processor.py:840} INFO - DAG(s) 'tutorial_dag' retrieved from /home/arun/.local/lib/python3.10/site-packages/airflow/example_dags/tutorial_dag.py
[2024-03-04T18:36:36.126+0530] {logging_mixin.py:188} INFO - [2024-03-04T18:36:36.125+0530] {dag.py:3036} INFO - Sync 1 DAGs
[2024-03-04T18:36:36.137+0530] {logging_mixin.py:188} INFO - [2024-03-04T18:36:36.137+0530] {dag.py:3823} INFO - Setting next_dagrun for tutorial_dag to None, run_after=None
[2024-03-04T18:36:36.160+0530] {processor.py:183} INFO - Processing /home/arun/.local/lib/python3.10/site-packages/airflow/example_dags/tutorial_dag.py took 0.065 seconds
[2024-03-04T18:38:46.240+0530] {processor.py:161} INFO - Started process (PID=12576) to work on /home/arun/.local/lib/python3.10/site-packages/airflow/example_dags/tutorial_dag.py
[2024-03-04T18:38:46.282+0530] {processor.py:830} INFO - Processing file /home/arun/.local/lib/python3.10/site-packages/airflow/example_dags/tutorial_dag.py for tasks to queue
[2024-03-04T18:38:46.284+0530] {logging_mixin.py:188} INFO - [2024-03-04T18:38:46.283+0530] {dagbag.py:538} INFO - Filling up the DagBag from /home/arun/.local/lib/python3.10/site-packages/airflow/example_dags/tutorial_dag.py
[2024-03-04T18:38:46.309+0530] {processor.py:840} INFO - DAG(s) 'tutorial_dag' retrieved from /home/arun/.local/lib/python3.10/site-packages/airflow/example_dags/tutorial_dag.py
[2024-03-04T18:38:46.356+0530] {logging_mixin.py:188} INFO - [2024-03-04T18:38:46.356+0530] {dag.py:3036} INFO - Sync 1 DAGs
[2024-03-04T18:38:46.380+0530] {logging_mixin.py:188} INFO - [2024-03-04T18:38:46.380+0530] {dag.py:3823} INFO - Setting next_dagrun for tutorial_dag to None, run_after=None
[2024-03-04T18:38:46.509+0530] {processor.py:183} INFO - Processing /home/arun/.local/lib/python3.10/site-packages/airflow/example_dags/tutorial_dag.py took 0.275 seconds
[2024-03-04T18:40:35.816+0530] {processor.py:161} INFO - Started process (PID=12704) to work on /home/arun/.local/lib/python3.10/site-packages/airflow/example_dags/tutorial_dag.py
[2024-03-04T18:40:35.843+0530] {processor.py:830} INFO - Processing file /home/arun/.local/lib/python3.10/site-packages/airflow/example_dags/tutorial_dag.py for tasks to queue
[2024-03-04T18:40:35.866+0530] {logging_mixin.py:188} INFO - [2024-03-04T18:40:35.866+0530] {dagbag.py:538} INFO - Filling up the DagBag from /home/arun/.local/lib/python3.10/site-packages/airflow/example_dags/tutorial_dag.py
[2024-03-04T18:40:35.904+0530] {processor.py:840} INFO - DAG(s) 'tutorial_dag' retrieved from /home/arun/.local/lib/python3.10/site-packages/airflow/example_dags/tutorial_dag.py
[2024-03-04T18:40:36.058+0530] {logging_mixin.py:188} INFO - [2024-03-04T18:40:36.058+0530] {dag.py:3036} INFO - Sync 1 DAGs
[2024-03-04T18:40:36.696+0530] {logging_mixin.py:188} INFO - [2024-03-04T18:40:36.694+0530] {dag.py:3823} INFO - Setting next_dagrun for tutorial_dag to None, run_after=None
[2024-03-04T18:40:37.368+0530] {processor.py:183} INFO - Processing /home/arun/.local/lib/python3.10/site-packages/airflow/example_dags/tutorial_dag.py took 1.584 seconds
[2024-03-04T18:41:58.544+0530] {processor.py:161} INFO - Started process (PID=12834) to work on /home/arun/.local/lib/python3.10/site-packages/airflow/example_dags/tutorial_dag.py
[2024-03-04T18:41:58.546+0530] {processor.py:830} INFO - Processing file /home/arun/.local/lib/python3.10/site-packages/airflow/example_dags/tutorial_dag.py for tasks to queue
[2024-03-04T18:41:58.547+0530] {logging_mixin.py:188} INFO - [2024-03-04T18:41:58.546+0530] {dagbag.py:538} INFO - Filling up the DagBag from /home/arun/.local/lib/python3.10/site-packages/airflow/example_dags/tutorial_dag.py
[2024-03-04T18:41:58.553+0530] {processor.py:840} INFO - DAG(s) 'tutorial_dag' retrieved from /home/arun/.local/lib/python3.10/site-packages/airflow/example_dags/tutorial_dag.py
[2024-03-04T18:41:58.571+0530] {logging_mixin.py:188} INFO - [2024-03-04T18:41:58.571+0530] {dag.py:3036} INFO - Sync 1 DAGs
[2024-03-04T18:41:58.583+0530] {logging_mixin.py:188} INFO - [2024-03-04T18:41:58.583+0530] {dag.py:3823} INFO - Setting next_dagrun for tutorial_dag to None, run_after=None
[2024-03-04T18:41:58.614+0530] {processor.py:183} INFO - Processing /home/arun/.local/lib/python3.10/site-packages/airflow/example_dags/tutorial_dag.py took 0.073 seconds
[2024-03-04T18:45:54.232+0530] {processor.py:161} INFO - Started process (PID=13925) to work on /home/arun/.local/lib/python3.10/site-packages/airflow/example_dags/tutorial_dag.py
[2024-03-04T18:45:54.252+0530] {processor.py:830} INFO - Processing file /home/arun/.local/lib/python3.10/site-packages/airflow/example_dags/tutorial_dag.py for tasks to queue
[2024-03-04T18:45:54.268+0530] {logging_mixin.py:188} INFO - [2024-03-04T18:45:54.257+0530] {dagbag.py:538} INFO - Filling up the DagBag from /home/arun/.local/lib/python3.10/site-packages/airflow/example_dags/tutorial_dag.py
[2024-03-04T18:45:54.293+0530] {processor.py:840} INFO - DAG(s) 'tutorial_dag' retrieved from /home/arun/.local/lib/python3.10/site-packages/airflow/example_dags/tutorial_dag.py
[2024-03-04T18:45:54.336+0530] {logging_mixin.py:188} INFO - [2024-03-04T18:45:54.336+0530] {dag.py:3036} INFO - Sync 1 DAGs
[2024-03-04T18:45:54.354+0530] {logging_mixin.py:188} INFO - [2024-03-04T18:45:54.353+0530] {dag.py:3823} INFO - Setting next_dagrun for tutorial_dag to None, run_after=None
[2024-03-04T18:45:54.454+0530] {processor.py:183} INFO - Processing /home/arun/.local/lib/python3.10/site-packages/airflow/example_dags/tutorial_dag.py took 0.243 seconds
[2024-03-04T18:55:02.244+0530] {processor.py:161} INFO - Started process (PID=5782) to work on /home/arun/.local/lib/python3.10/site-packages/airflow/example_dags/tutorial_dag.py
[2024-03-04T18:55:02.263+0530] {processor.py:830} INFO - Processing file /home/arun/.local/lib/python3.10/site-packages/airflow/example_dags/tutorial_dag.py for tasks to queue
[2024-03-04T18:55:02.267+0530] {logging_mixin.py:188} INFO - [2024-03-04T18:55:02.267+0530] {dagbag.py:538} INFO - Filling up the DagBag from /home/arun/.local/lib/python3.10/site-packages/airflow/example_dags/tutorial_dag.py
[2024-03-04T18:55:02.308+0530] {processor.py:840} INFO - DAG(s) 'tutorial_dag' retrieved from /home/arun/.local/lib/python3.10/site-packages/airflow/example_dags/tutorial_dag.py
[2024-03-04T18:55:02.874+0530] {logging_mixin.py:188} INFO - [2024-03-04T18:55:02.873+0530] {dag.py:3036} INFO - Sync 1 DAGs
[2024-03-04T18:55:02.892+0530] {logging_mixin.py:188} INFO - [2024-03-04T18:55:02.891+0530] {dag.py:3823} INFO - Setting next_dagrun for tutorial_dag to None, run_after=None
[2024-03-04T18:55:02.989+0530] {processor.py:183} INFO - Processing /home/arun/.local/lib/python3.10/site-packages/airflow/example_dags/tutorial_dag.py took 0.751 seconds
[2024-03-04T18:56:52.776+0530] {processor.py:161} INFO - Started process (PID=5958) to work on /home/arun/.local/lib/python3.10/site-packages/airflow/example_dags/tutorial_dag.py
[2024-03-04T18:56:52.802+0530] {processor.py:830} INFO - Processing file /home/arun/.local/lib/python3.10/site-packages/airflow/example_dags/tutorial_dag.py for tasks to queue
[2024-03-04T18:56:52.815+0530] {logging_mixin.py:188} INFO - [2024-03-04T18:56:52.814+0530] {dagbag.py:538} INFO - Filling up the DagBag from /home/arun/.local/lib/python3.10/site-packages/airflow/example_dags/tutorial_dag.py
[2024-03-04T18:56:52.825+0530] {processor.py:840} INFO - DAG(s) 'tutorial_dag' retrieved from /home/arun/.local/lib/python3.10/site-packages/airflow/example_dags/tutorial_dag.py
[2024-03-04T18:56:52.877+0530] {logging_mixin.py:188} INFO - [2024-03-04T18:56:52.877+0530] {dag.py:3036} INFO - Sync 1 DAGs
[2024-03-04T18:56:52.895+0530] {logging_mixin.py:188} INFO - [2024-03-04T18:56:52.895+0530] {dag.py:3823} INFO - Setting next_dagrun for tutorial_dag to None, run_after=None
[2024-03-04T18:56:53.109+0530] {processor.py:183} INFO - Processing /home/arun/.local/lib/python3.10/site-packages/airflow/example_dags/tutorial_dag.py took 0.339 seconds
[2024-03-04T18:59:02.144+0530] {processor.py:161} INFO - Started process (PID=6335) to work on /home/arun/.local/lib/python3.10/site-packages/airflow/example_dags/tutorial_dag.py
[2024-03-04T18:59:02.192+0530] {processor.py:830} INFO - Processing file /home/arun/.local/lib/python3.10/site-packages/airflow/example_dags/tutorial_dag.py for tasks to queue
[2024-03-04T18:59:02.194+0530] {logging_mixin.py:188} INFO - [2024-03-04T18:59:02.193+0530] {dagbag.py:538} INFO - Filling up the DagBag from /home/arun/.local/lib/python3.10/site-packages/airflow/example_dags/tutorial_dag.py
[2024-03-04T18:59:02.210+0530] {processor.py:840} INFO - DAG(s) 'tutorial_dag' retrieved from /home/arun/.local/lib/python3.10/site-packages/airflow/example_dags/tutorial_dag.py
[2024-03-04T18:59:02.271+0530] {logging_mixin.py:188} INFO - [2024-03-04T18:59:02.270+0530] {dag.py:3036} INFO - Sync 1 DAGs
[2024-03-04T18:59:02.307+0530] {logging_mixin.py:188} INFO - [2024-03-04T18:59:02.307+0530] {dag.py:3823} INFO - Setting next_dagrun for tutorial_dag to None, run_after=None
[2024-03-04T18:59:02.408+0530] {processor.py:183} INFO - Processing /home/arun/.local/lib/python3.10/site-packages/airflow/example_dags/tutorial_dag.py took 0.278 seconds
[2024-03-04T19:00:59.044+0530] {processor.py:161} INFO - Started process (PID=6517) to work on /home/arun/.local/lib/python3.10/site-packages/airflow/example_dags/tutorial_dag.py
[2024-03-04T19:00:59.118+0530] {processor.py:830} INFO - Processing file /home/arun/.local/lib/python3.10/site-packages/airflow/example_dags/tutorial_dag.py for tasks to queue
[2024-03-04T19:00:59.132+0530] {logging_mixin.py:188} INFO - [2024-03-04T19:00:59.119+0530] {dagbag.py:538} INFO - Filling up the DagBag from /home/arun/.local/lib/python3.10/site-packages/airflow/example_dags/tutorial_dag.py
[2024-03-04T19:00:59.153+0530] {processor.py:840} INFO - DAG(s) 'tutorial_dag' retrieved from /home/arun/.local/lib/python3.10/site-packages/airflow/example_dags/tutorial_dag.py
[2024-03-04T19:00:59.183+0530] {logging_mixin.py:188} INFO - [2024-03-04T19:00:59.182+0530] {dag.py:3036} INFO - Sync 1 DAGs
[2024-03-04T19:00:59.203+0530] {logging_mixin.py:188} INFO - [2024-03-04T19:00:59.202+0530] {dag.py:3823} INFO - Setting next_dagrun for tutorial_dag to None, run_after=None
[2024-03-04T19:00:59.264+0530] {processor.py:183} INFO - Processing /home/arun/.local/lib/python3.10/site-packages/airflow/example_dags/tutorial_dag.py took 0.225 seconds
[2024-03-04T19:04:52.806+0530] {processor.py:161} INFO - Started process (PID=6853) to work on /home/arun/.local/lib/python3.10/site-packages/airflow/example_dags/tutorial_dag.py
[2024-03-04T19:04:52.850+0530] {processor.py:830} INFO - Processing file /home/arun/.local/lib/python3.10/site-packages/airflow/example_dags/tutorial_dag.py for tasks to queue
[2024-03-04T19:04:52.869+0530] {logging_mixin.py:188} INFO - [2024-03-04T19:04:52.869+0530] {dagbag.py:538} INFO - Filling up the DagBag from /home/arun/.local/lib/python3.10/site-packages/airflow/example_dags/tutorial_dag.py
[2024-03-04T19:04:52.892+0530] {processor.py:840} INFO - DAG(s) 'tutorial_dag' retrieved from /home/arun/.local/lib/python3.10/site-packages/airflow/example_dags/tutorial_dag.py
[2024-03-04T19:04:52.960+0530] {logging_mixin.py:188} INFO - [2024-03-04T19:04:52.956+0530] {dag.py:3036} INFO - Sync 1 DAGs
[2024-03-04T19:04:52.994+0530] {logging_mixin.py:188} INFO - [2024-03-04T19:04:52.994+0530] {dag.py:3823} INFO - Setting next_dagrun for tutorial_dag to None, run_after=None
[2024-03-04T19:04:53.151+0530] {processor.py:183} INFO - Processing /home/arun/.local/lib/python3.10/site-packages/airflow/example_dags/tutorial_dag.py took 0.361 seconds
[2024-03-04T19:06:48.895+0530] {processor.py:161} INFO - Started process (PID=7090) to work on /home/arun/.local/lib/python3.10/site-packages/airflow/example_dags/tutorial_dag.py
[2024-03-04T19:06:48.897+0530] {processor.py:830} INFO - Processing file /home/arun/.local/lib/python3.10/site-packages/airflow/example_dags/tutorial_dag.py for tasks to queue
[2024-03-04T19:06:48.899+0530] {logging_mixin.py:188} INFO - [2024-03-04T19:06:48.898+0530] {dagbag.py:538} INFO - Filling up the DagBag from /home/arun/.local/lib/python3.10/site-packages/airflow/example_dags/tutorial_dag.py
[2024-03-04T19:06:48.907+0530] {processor.py:840} INFO - DAG(s) 'tutorial_dag' retrieved from /home/arun/.local/lib/python3.10/site-packages/airflow/example_dags/tutorial_dag.py
[2024-03-04T19:06:48.929+0530] {logging_mixin.py:188} INFO - [2024-03-04T19:06:48.929+0530] {dag.py:3036} INFO - Sync 1 DAGs
[2024-03-04T19:06:48.944+0530] {logging_mixin.py:188} INFO - [2024-03-04T19:06:48.944+0530] {dag.py:3823} INFO - Setting next_dagrun for tutorial_dag to None, run_after=None
[2024-03-04T19:06:48.976+0530] {processor.py:183} INFO - Processing /home/arun/.local/lib/python3.10/site-packages/airflow/example_dags/tutorial_dag.py took 0.086 seconds
[2024-03-04T19:08:15.008+0530] {processor.py:161} INFO - Started process (PID=7266) to work on /home/arun/.local/lib/python3.10/site-packages/airflow/example_dags/tutorial_dag.py
[2024-03-04T19:08:15.011+0530] {processor.py:830} INFO - Processing file /home/arun/.local/lib/python3.10/site-packages/airflow/example_dags/tutorial_dag.py for tasks to queue
[2024-03-04T19:08:15.012+0530] {logging_mixin.py:188} INFO - [2024-03-04T19:08:15.011+0530] {dagbag.py:538} INFO - Filling up the DagBag from /home/arun/.local/lib/python3.10/site-packages/airflow/example_dags/tutorial_dag.py
[2024-03-04T19:08:15.020+0530] {processor.py:840} INFO - DAG(s) 'tutorial_dag' retrieved from /home/arun/.local/lib/python3.10/site-packages/airflow/example_dags/tutorial_dag.py
[2024-03-04T19:08:15.041+0530] {logging_mixin.py:188} INFO - [2024-03-04T19:08:15.041+0530] {dag.py:3036} INFO - Sync 1 DAGs
[2024-03-04T19:08:15.056+0530] {logging_mixin.py:188} INFO - [2024-03-04T19:08:15.056+0530] {dag.py:3823} INFO - Setting next_dagrun for tutorial_dag to None, run_after=None
[2024-03-04T19:08:15.091+0530] {processor.py:183} INFO - Processing /home/arun/.local/lib/python3.10/site-packages/airflow/example_dags/tutorial_dag.py took 0.087 seconds
[2024-03-04T19:09:31.606+0530] {processor.py:161} INFO - Started process (PID=7411) to work on /home/arun/.local/lib/python3.10/site-packages/airflow/example_dags/tutorial_dag.py
[2024-03-04T19:09:31.621+0530] {processor.py:830} INFO - Processing file /home/arun/.local/lib/python3.10/site-packages/airflow/example_dags/tutorial_dag.py for tasks to queue
[2024-03-04T19:09:31.622+0530] {logging_mixin.py:188} INFO - [2024-03-04T19:09:31.621+0530] {dagbag.py:538} INFO - Filling up the DagBag from /home/arun/.local/lib/python3.10/site-packages/airflow/example_dags/tutorial_dag.py
[2024-03-04T19:09:31.629+0530] {processor.py:840} INFO - DAG(s) 'tutorial_dag' retrieved from /home/arun/.local/lib/python3.10/site-packages/airflow/example_dags/tutorial_dag.py
[2024-03-04T19:09:31.649+0530] {logging_mixin.py:188} INFO - [2024-03-04T19:09:31.649+0530] {dag.py:3036} INFO - Sync 1 DAGs
[2024-03-04T19:09:31.663+0530] {logging_mixin.py:188} INFO - [2024-03-04T19:09:31.663+0530] {dag.py:3823} INFO - Setting next_dagrun for tutorial_dag to None, run_after=None
[2024-03-04T19:09:31.693+0530] {processor.py:183} INFO - Processing /home/arun/.local/lib/python3.10/site-packages/airflow/example_dags/tutorial_dag.py took 0.090 seconds
[2024-03-04T19:10:57.615+0530] {processor.py:161} INFO - Started process (PID=7577) to work on /home/arun/.local/lib/python3.10/site-packages/airflow/example_dags/tutorial_dag.py
[2024-03-04T19:10:57.619+0530] {processor.py:830} INFO - Processing file /home/arun/.local/lib/python3.10/site-packages/airflow/example_dags/tutorial_dag.py for tasks to queue
[2024-03-04T19:10:57.621+0530] {logging_mixin.py:188} INFO - [2024-03-04T19:10:57.620+0530] {dagbag.py:538} INFO - Filling up the DagBag from /home/arun/.local/lib/python3.10/site-packages/airflow/example_dags/tutorial_dag.py
[2024-03-04T19:10:57.635+0530] {processor.py:840} INFO - DAG(s) 'tutorial_dag' retrieved from /home/arun/.local/lib/python3.10/site-packages/airflow/example_dags/tutorial_dag.py
[2024-03-04T19:10:57.668+0530] {logging_mixin.py:188} INFO - [2024-03-04T19:10:57.668+0530] {dag.py:3036} INFO - Sync 1 DAGs
[2024-03-04T19:10:57.693+0530] {logging_mixin.py:188} INFO - [2024-03-04T19:10:57.693+0530] {dag.py:3823} INFO - Setting next_dagrun for tutorial_dag to None, run_after=None
[2024-03-04T19:10:57.734+0530] {processor.py:183} INFO - Processing /home/arun/.local/lib/python3.10/site-packages/airflow/example_dags/tutorial_dag.py took 0.125 seconds
[2024-03-04T19:12:25.849+0530] {processor.py:161} INFO - Started process (PID=7743) to work on /home/arun/.local/lib/python3.10/site-packages/airflow/example_dags/tutorial_dag.py
[2024-03-04T19:12:25.855+0530] {processor.py:830} INFO - Processing file /home/arun/.local/lib/python3.10/site-packages/airflow/example_dags/tutorial_dag.py for tasks to queue
[2024-03-04T19:12:25.856+0530] {logging_mixin.py:188} INFO - [2024-03-04T19:12:25.855+0530] {dagbag.py:538} INFO - Filling up the DagBag from /home/arun/.local/lib/python3.10/site-packages/airflow/example_dags/tutorial_dag.py
[2024-03-04T19:12:25.862+0530] {processor.py:840} INFO - DAG(s) 'tutorial_dag' retrieved from /home/arun/.local/lib/python3.10/site-packages/airflow/example_dags/tutorial_dag.py
[2024-03-04T19:12:25.879+0530] {logging_mixin.py:188} INFO - [2024-03-04T19:12:25.879+0530] {dag.py:3036} INFO - Sync 1 DAGs
[2024-03-04T19:12:25.892+0530] {logging_mixin.py:188} INFO - [2024-03-04T19:12:25.892+0530] {dag.py:3823} INFO - Setting next_dagrun for tutorial_dag to None, run_after=None
[2024-03-04T19:12:25.941+0530] {processor.py:183} INFO - Processing /home/arun/.local/lib/python3.10/site-packages/airflow/example_dags/tutorial_dag.py took 0.094 seconds
[2024-03-04T19:13:50.146+0530] {processor.py:161} INFO - Started process (PID=7888) to work on /home/arun/.local/lib/python3.10/site-packages/airflow/example_dags/tutorial_dag.py
[2024-03-04T19:13:50.151+0530] {processor.py:830} INFO - Processing file /home/arun/.local/lib/python3.10/site-packages/airflow/example_dags/tutorial_dag.py for tasks to queue
[2024-03-04T19:13:50.152+0530] {logging_mixin.py:188} INFO - [2024-03-04T19:13:50.151+0530] {dagbag.py:538} INFO - Filling up the DagBag from /home/arun/.local/lib/python3.10/site-packages/airflow/example_dags/tutorial_dag.py
[2024-03-04T19:13:50.182+0530] {processor.py:840} INFO - DAG(s) 'tutorial_dag' retrieved from /home/arun/.local/lib/python3.10/site-packages/airflow/example_dags/tutorial_dag.py
[2024-03-04T19:13:50.223+0530] {logging_mixin.py:188} INFO - [2024-03-04T19:13:50.222+0530] {dag.py:3036} INFO - Sync 1 DAGs
[2024-03-04T19:13:50.262+0530] {logging_mixin.py:188} INFO - [2024-03-04T19:13:50.261+0530] {dag.py:3823} INFO - Setting next_dagrun for tutorial_dag to None, run_after=None
[2024-03-04T19:13:50.358+0530] {processor.py:183} INFO - Processing /home/arun/.local/lib/python3.10/site-packages/airflow/example_dags/tutorial_dag.py took 0.217 seconds
[2024-03-04T19:15:19.582+0530] {processor.py:161} INFO - Started process (PID=8122) to work on /home/arun/.local/lib/python3.10/site-packages/airflow/example_dags/tutorial_dag.py
[2024-03-04T19:15:19.585+0530] {processor.py:830} INFO - Processing file /home/arun/.local/lib/python3.10/site-packages/airflow/example_dags/tutorial_dag.py for tasks to queue
[2024-03-04T19:15:19.588+0530] {logging_mixin.py:188} INFO - [2024-03-04T19:15:19.587+0530] {dagbag.py:538} INFO - Filling up the DagBag from /home/arun/.local/lib/python3.10/site-packages/airflow/example_dags/tutorial_dag.py
[2024-03-04T19:15:19.600+0530] {processor.py:840} INFO - DAG(s) 'tutorial_dag' retrieved from /home/arun/.local/lib/python3.10/site-packages/airflow/example_dags/tutorial_dag.py
[2024-03-04T19:15:19.627+0530] {logging_mixin.py:188} INFO - [2024-03-04T19:15:19.627+0530] {dag.py:3036} INFO - Sync 1 DAGs
[2024-03-04T19:15:19.649+0530] {logging_mixin.py:188} INFO - [2024-03-04T19:15:19.648+0530] {dag.py:3823} INFO - Setting next_dagrun for tutorial_dag to None, run_after=None
[2024-03-04T19:15:19.690+0530] {processor.py:183} INFO - Processing /home/arun/.local/lib/python3.10/site-packages/airflow/example_dags/tutorial_dag.py took 0.113 seconds
[2024-03-04T19:16:40.504+0530] {processor.py:161} INFO - Started process (PID=8281) to work on /home/arun/.local/lib/python3.10/site-packages/airflow/example_dags/tutorial_dag.py
[2024-03-04T19:16:40.545+0530] {processor.py:830} INFO - Processing file /home/arun/.local/lib/python3.10/site-packages/airflow/example_dags/tutorial_dag.py for tasks to queue
[2024-03-04T19:16:40.547+0530] {logging_mixin.py:188} INFO - [2024-03-04T19:16:40.546+0530] {dagbag.py:538} INFO - Filling up the DagBag from /home/arun/.local/lib/python3.10/site-packages/airflow/example_dags/tutorial_dag.py
[2024-03-04T19:16:40.555+0530] {processor.py:840} INFO - DAG(s) 'tutorial_dag' retrieved from /home/arun/.local/lib/python3.10/site-packages/airflow/example_dags/tutorial_dag.py
[2024-03-04T19:16:40.581+0530] {logging_mixin.py:188} INFO - [2024-03-04T19:16:40.581+0530] {dag.py:3036} INFO - Sync 1 DAGs
[2024-03-04T19:16:40.596+0530] {logging_mixin.py:188} INFO - [2024-03-04T19:16:40.595+0530] {dag.py:3823} INFO - Setting next_dagrun for tutorial_dag to None, run_after=None
[2024-03-04T19:16:40.692+0530] {processor.py:183} INFO - Processing /home/arun/.local/lib/python3.10/site-packages/airflow/example_dags/tutorial_dag.py took 0.192 seconds
[2024-03-04T19:18:07.910+0530] {processor.py:161} INFO - Started process (PID=8458) to work on /home/arun/.local/lib/python3.10/site-packages/airflow/example_dags/tutorial_dag.py
[2024-03-04T19:18:07.951+0530] {processor.py:830} INFO - Processing file /home/arun/.local/lib/python3.10/site-packages/airflow/example_dags/tutorial_dag.py for tasks to queue
[2024-03-04T19:18:07.957+0530] {logging_mixin.py:188} INFO - [2024-03-04T19:18:07.952+0530] {dagbag.py:538} INFO - Filling up the DagBag from /home/arun/.local/lib/python3.10/site-packages/airflow/example_dags/tutorial_dag.py
[2024-03-04T19:18:07.969+0530] {processor.py:840} INFO - DAG(s) 'tutorial_dag' retrieved from /home/arun/.local/lib/python3.10/site-packages/airflow/example_dags/tutorial_dag.py
[2024-03-04T19:18:07.995+0530] {logging_mixin.py:188} INFO - [2024-03-04T19:18:07.995+0530] {dag.py:3036} INFO - Sync 1 DAGs
[2024-03-04T19:18:08.020+0530] {logging_mixin.py:188} INFO - [2024-03-04T19:18:08.020+0530] {dag.py:3823} INFO - Setting next_dagrun for tutorial_dag to None, run_after=None
[2024-03-04T19:18:08.125+0530] {processor.py:183} INFO - Processing /home/arun/.local/lib/python3.10/site-packages/airflow/example_dags/tutorial_dag.py took 0.230 seconds
[2024-03-04T19:19:35.297+0530] {processor.py:161} INFO - Started process (PID=8622) to work on /home/arun/.local/lib/python3.10/site-packages/airflow/example_dags/tutorial_dag.py
[2024-03-04T19:19:35.329+0530] {processor.py:830} INFO - Processing file /home/arun/.local/lib/python3.10/site-packages/airflow/example_dags/tutorial_dag.py for tasks to queue
[2024-03-04T19:19:35.330+0530] {logging_mixin.py:188} INFO - [2024-03-04T19:19:35.330+0530] {dagbag.py:538} INFO - Filling up the DagBag from /home/arun/.local/lib/python3.10/site-packages/airflow/example_dags/tutorial_dag.py
[2024-03-04T19:19:35.337+0530] {processor.py:840} INFO - DAG(s) 'tutorial_dag' retrieved from /home/arun/.local/lib/python3.10/site-packages/airflow/example_dags/tutorial_dag.py
[2024-03-04T19:19:35.364+0530] {logging_mixin.py:188} INFO - [2024-03-04T19:19:35.363+0530] {dag.py:3036} INFO - Sync 1 DAGs
[2024-03-04T19:19:35.386+0530] {logging_mixin.py:188} INFO - [2024-03-04T19:19:35.385+0530] {dag.py:3823} INFO - Setting next_dagrun for tutorial_dag to None, run_after=None
[2024-03-04T19:19:35.431+0530] {processor.py:183} INFO - Processing /home/arun/.local/lib/python3.10/site-packages/airflow/example_dags/tutorial_dag.py took 0.138 seconds
[2024-03-04T19:20:58.941+0530] {processor.py:161} INFO - Started process (PID=8812) to work on /home/arun/.local/lib/python3.10/site-packages/airflow/example_dags/tutorial_dag.py
[2024-03-04T19:20:58.974+0530] {processor.py:830} INFO - Processing file /home/arun/.local/lib/python3.10/site-packages/airflow/example_dags/tutorial_dag.py for tasks to queue
[2024-03-04T19:20:58.976+0530] {logging_mixin.py:188} INFO - [2024-03-04T19:20:58.976+0530] {dagbag.py:538} INFO - Filling up the DagBag from /home/arun/.local/lib/python3.10/site-packages/airflow/example_dags/tutorial_dag.py
[2024-03-04T19:20:59.007+0530] {processor.py:840} INFO - DAG(s) 'tutorial_dag' retrieved from /home/arun/.local/lib/python3.10/site-packages/airflow/example_dags/tutorial_dag.py
[2024-03-04T19:20:59.065+0530] {logging_mixin.py:188} INFO - [2024-03-04T19:20:59.065+0530] {dag.py:3036} INFO - Sync 1 DAGs
[2024-03-04T19:20:59.084+0530] {logging_mixin.py:188} INFO - [2024-03-04T19:20:59.083+0530] {dag.py:3823} INFO - Setting next_dagrun for tutorial_dag to None, run_after=None
[2024-03-04T19:20:59.120+0530] {processor.py:183} INFO - Processing /home/arun/.local/lib/python3.10/site-packages/airflow/example_dags/tutorial_dag.py took 0.185 seconds
[2024-03-04T19:22:29.597+0530] {processor.py:161} INFO - Started process (PID=8992) to work on /home/arun/.local/lib/python3.10/site-packages/airflow/example_dags/tutorial_dag.py
[2024-03-04T19:22:29.638+0530] {processor.py:830} INFO - Processing file /home/arun/.local/lib/python3.10/site-packages/airflow/example_dags/tutorial_dag.py for tasks to queue
[2024-03-04T19:22:29.641+0530] {logging_mixin.py:188} INFO - [2024-03-04T19:22:29.640+0530] {dagbag.py:538} INFO - Filling up the DagBag from /home/arun/.local/lib/python3.10/site-packages/airflow/example_dags/tutorial_dag.py
[2024-03-04T19:22:29.719+0530] {processor.py:840} INFO - DAG(s) 'tutorial_dag' retrieved from /home/arun/.local/lib/python3.10/site-packages/airflow/example_dags/tutorial_dag.py
[2024-03-04T19:22:29.751+0530] {logging_mixin.py:188} INFO - [2024-03-04T19:22:29.751+0530] {dag.py:3036} INFO - Sync 1 DAGs
[2024-03-04T19:22:29.767+0530] {logging_mixin.py:188} INFO - [2024-03-04T19:22:29.767+0530] {dag.py:3823} INFO - Setting next_dagrun for tutorial_dag to None, run_after=None
[2024-03-04T19:22:29.810+0530] {processor.py:183} INFO - Processing /home/arun/.local/lib/python3.10/site-packages/airflow/example_dags/tutorial_dag.py took 0.217 seconds
[2024-03-04T19:23:53.347+0530] {processor.py:161} INFO - Started process (PID=9134) to work on /home/arun/.local/lib/python3.10/site-packages/airflow/example_dags/tutorial_dag.py
[2024-03-04T19:23:53.388+0530] {processor.py:830} INFO - Processing file /home/arun/.local/lib/python3.10/site-packages/airflow/example_dags/tutorial_dag.py for tasks to queue
[2024-03-04T19:23:53.389+0530] {logging_mixin.py:188} INFO - [2024-03-04T19:23:53.388+0530] {dagbag.py:538} INFO - Filling up the DagBag from /home/arun/.local/lib/python3.10/site-packages/airflow/example_dags/tutorial_dag.py
[2024-03-04T19:23:53.395+0530] {processor.py:840} INFO - DAG(s) 'tutorial_dag' retrieved from /home/arun/.local/lib/python3.10/site-packages/airflow/example_dags/tutorial_dag.py
[2024-03-04T19:23:53.411+0530] {logging_mixin.py:188} INFO - [2024-03-04T19:23:53.411+0530] {dag.py:3036} INFO - Sync 1 DAGs
[2024-03-04T19:23:53.423+0530] {logging_mixin.py:188} INFO - [2024-03-04T19:23:53.423+0530] {dag.py:3823} INFO - Setting next_dagrun for tutorial_dag to None, run_after=None
[2024-03-04T19:23:53.451+0530] {processor.py:183} INFO - Processing /home/arun/.local/lib/python3.10/site-packages/airflow/example_dags/tutorial_dag.py took 0.107 seconds
[2024-03-04T19:25:11.049+0530] {processor.py:161} INFO - Started process (PID=9300) to work on /home/arun/.local/lib/python3.10/site-packages/airflow/example_dags/tutorial_dag.py
[2024-03-04T19:25:11.079+0530] {processor.py:830} INFO - Processing file /home/arun/.local/lib/python3.10/site-packages/airflow/example_dags/tutorial_dag.py for tasks to queue
[2024-03-04T19:25:11.080+0530] {logging_mixin.py:188} INFO - [2024-03-04T19:25:11.080+0530] {dagbag.py:538} INFO - Filling up the DagBag from /home/arun/.local/lib/python3.10/site-packages/airflow/example_dags/tutorial_dag.py
[2024-03-04T19:25:11.086+0530] {processor.py:840} INFO - DAG(s) 'tutorial_dag' retrieved from /home/arun/.local/lib/python3.10/site-packages/airflow/example_dags/tutorial_dag.py
[2024-03-04T19:25:11.104+0530] {logging_mixin.py:188} INFO - [2024-03-04T19:25:11.104+0530] {dag.py:3036} INFO - Sync 1 DAGs
[2024-03-04T19:25:11.118+0530] {logging_mixin.py:188} INFO - [2024-03-04T19:25:11.118+0530] {dag.py:3823} INFO - Setting next_dagrun for tutorial_dag to None, run_after=None
[2024-03-04T19:25:11.150+0530] {processor.py:183} INFO - Processing /home/arun/.local/lib/python3.10/site-packages/airflow/example_dags/tutorial_dag.py took 0.104 seconds
[2024-03-04T19:26:29.266+0530] {processor.py:161} INFO - Started process (PID=9474) to work on /home/arun/.local/lib/python3.10/site-packages/airflow/example_dags/tutorial_dag.py
[2024-03-04T19:26:29.300+0530] {processor.py:830} INFO - Processing file /home/arun/.local/lib/python3.10/site-packages/airflow/example_dags/tutorial_dag.py for tasks to queue
[2024-03-04T19:26:29.301+0530] {logging_mixin.py:188} INFO - [2024-03-04T19:26:29.301+0530] {dagbag.py:538} INFO - Filling up the DagBag from /home/arun/.local/lib/python3.10/site-packages/airflow/example_dags/tutorial_dag.py
[2024-03-04T19:26:29.307+0530] {processor.py:840} INFO - DAG(s) 'tutorial_dag' retrieved from /home/arun/.local/lib/python3.10/site-packages/airflow/example_dags/tutorial_dag.py
[2024-03-04T19:26:29.322+0530] {logging_mixin.py:188} INFO - [2024-03-04T19:26:29.321+0530] {dag.py:3036} INFO - Sync 1 DAGs
[2024-03-04T19:26:29.333+0530] {logging_mixin.py:188} INFO - [2024-03-04T19:26:29.333+0530] {dag.py:3823} INFO - Setting next_dagrun for tutorial_dag to None, run_after=None
[2024-03-04T19:26:29.356+0530] {processor.py:183} INFO - Processing /home/arun/.local/lib/python3.10/site-packages/airflow/example_dags/tutorial_dag.py took 0.095 seconds
[2024-03-04T19:27:47.779+0530] {processor.py:161} INFO - Started process (PID=9631) to work on /home/arun/.local/lib/python3.10/site-packages/airflow/example_dags/tutorial_dag.py
[2024-03-04T19:27:47.815+0530] {processor.py:830} INFO - Processing file /home/arun/.local/lib/python3.10/site-packages/airflow/example_dags/tutorial_dag.py for tasks to queue
[2024-03-04T19:27:47.817+0530] {logging_mixin.py:188} INFO - [2024-03-04T19:27:47.816+0530] {dagbag.py:538} INFO - Filling up the DagBag from /home/arun/.local/lib/python3.10/site-packages/airflow/example_dags/tutorial_dag.py
[2024-03-04T19:27:47.827+0530] {processor.py:840} INFO - DAG(s) 'tutorial_dag' retrieved from /home/arun/.local/lib/python3.10/site-packages/airflow/example_dags/tutorial_dag.py
[2024-03-04T19:27:47.852+0530] {logging_mixin.py:188} INFO - [2024-03-04T19:27:47.852+0530] {dag.py:3036} INFO - Sync 1 DAGs
[2024-03-04T19:27:47.867+0530] {logging_mixin.py:188} INFO - [2024-03-04T19:27:47.867+0530] {dag.py:3823} INFO - Setting next_dagrun for tutorial_dag to None, run_after=None
[2024-03-04T19:27:47.925+0530] {processor.py:183} INFO - Processing /home/arun/.local/lib/python3.10/site-packages/airflow/example_dags/tutorial_dag.py took 0.154 seconds
[2024-03-04T22:42:07.988+0530] {processor.py:161} INFO - Started process (PID=17443) to work on /home/arun/.local/lib/python3.10/site-packages/airflow/example_dags/tutorial_dag.py
[2024-03-04T22:42:08.021+0530] {processor.py:830} INFO - Processing file /home/arun/.local/lib/python3.10/site-packages/airflow/example_dags/tutorial_dag.py for tasks to queue
[2024-03-04T22:42:08.022+0530] {logging_mixin.py:188} INFO - [2024-03-04T22:42:08.022+0530] {dagbag.py:538} INFO - Filling up the DagBag from /home/arun/.local/lib/python3.10/site-packages/airflow/example_dags/tutorial_dag.py
[2024-03-04T22:42:08.049+0530] {processor.py:840} INFO - DAG(s) 'tutorial_dag' retrieved from /home/arun/.local/lib/python3.10/site-packages/airflow/example_dags/tutorial_dag.py
[2024-03-04T22:42:08.505+0530] {logging_mixin.py:188} INFO - [2024-03-04T22:42:08.505+0530] {dag.py:3036} INFO - Sync 1 DAGs
[2024-03-04T22:42:08.520+0530] {logging_mixin.py:188} INFO - [2024-03-04T22:42:08.519+0530] {dag.py:3823} INFO - Setting next_dagrun for tutorial_dag to None, run_after=None
[2024-03-04T22:42:08.660+0530] {processor.py:183} INFO - Processing /home/arun/.local/lib/python3.10/site-packages/airflow/example_dags/tutorial_dag.py took 0.677 seconds
[2024-03-04T22:55:40.911+0530] {processor.py:161} INFO - Started process (PID=5645) to work on /home/arun/.local/lib/python3.10/site-packages/airflow/example_dags/tutorial_dag.py
[2024-03-04T22:55:40.964+0530] {processor.py:830} INFO - Processing file /home/arun/.local/lib/python3.10/site-packages/airflow/example_dags/tutorial_dag.py for tasks to queue
[2024-03-04T22:55:40.966+0530] {logging_mixin.py:188} INFO - [2024-03-04T22:55:40.966+0530] {dagbag.py:538} INFO - Filling up the DagBag from /home/arun/.local/lib/python3.10/site-packages/airflow/example_dags/tutorial_dag.py
[2024-03-04T22:55:40.974+0530] {processor.py:840} INFO - DAG(s) 'tutorial_dag' retrieved from /home/arun/.local/lib/python3.10/site-packages/airflow/example_dags/tutorial_dag.py
[2024-03-04T22:55:41.236+0530] {logging_mixin.py:188} INFO - [2024-03-04T22:55:41.236+0530] {dag.py:3036} INFO - Sync 1 DAGs
[2024-03-04T22:55:41.262+0530] {logging_mixin.py:188} INFO - [2024-03-04T22:55:41.261+0530] {dag.py:3823} INFO - Setting next_dagrun for tutorial_dag to None, run_after=None
[2024-03-04T22:55:41.445+0530] {processor.py:183} INFO - Processing /home/arun/.local/lib/python3.10/site-packages/airflow/example_dags/tutorial_dag.py took 0.539 seconds
[2024-03-04T22:57:19.114+0530] {processor.py:161} INFO - Started process (PID=5738) to work on /home/arun/.local/lib/python3.10/site-packages/airflow/example_dags/tutorial_dag.py
[2024-03-04T22:57:19.129+0530] {processor.py:830} INFO - Processing file /home/arun/.local/lib/python3.10/site-packages/airflow/example_dags/tutorial_dag.py for tasks to queue
[2024-03-04T22:57:19.130+0530] {logging_mixin.py:188} INFO - [2024-03-04T22:57:19.130+0530] {dagbag.py:538} INFO - Filling up the DagBag from /home/arun/.local/lib/python3.10/site-packages/airflow/example_dags/tutorial_dag.py
[2024-03-04T22:57:19.145+0530] {processor.py:840} INFO - DAG(s) 'tutorial_dag' retrieved from /home/arun/.local/lib/python3.10/site-packages/airflow/example_dags/tutorial_dag.py
[2024-03-04T22:57:19.188+0530] {logging_mixin.py:188} INFO - [2024-03-04T22:57:19.188+0530] {dag.py:3036} INFO - Sync 1 DAGs
[2024-03-04T22:57:19.221+0530] {logging_mixin.py:188} INFO - [2024-03-04T22:57:19.220+0530] {dag.py:3823} INFO - Setting next_dagrun for tutorial_dag to None, run_after=None
[2024-03-04T22:57:19.349+0530] {processor.py:183} INFO - Processing /home/arun/.local/lib/python3.10/site-packages/airflow/example_dags/tutorial_dag.py took 0.241 seconds
[2024-03-04T22:59:24.408+0530] {processor.py:161} INFO - Started process (PID=5865) to work on /home/arun/.local/lib/python3.10/site-packages/airflow/example_dags/tutorial_dag.py
[2024-03-04T22:59:24.443+0530] {processor.py:830} INFO - Processing file /home/arun/.local/lib/python3.10/site-packages/airflow/example_dags/tutorial_dag.py for tasks to queue
[2024-03-04T22:59:24.445+0530] {logging_mixin.py:188} INFO - [2024-03-04T22:59:24.444+0530] {dagbag.py:538} INFO - Filling up the DagBag from /home/arun/.local/lib/python3.10/site-packages/airflow/example_dags/tutorial_dag.py
[2024-03-04T22:59:24.457+0530] {processor.py:840} INFO - DAG(s) 'tutorial_dag' retrieved from /home/arun/.local/lib/python3.10/site-packages/airflow/example_dags/tutorial_dag.py
[2024-03-04T22:59:24.498+0530] {logging_mixin.py:188} INFO - [2024-03-04T22:59:24.498+0530] {dag.py:3036} INFO - Sync 1 DAGs
[2024-03-04T22:59:24.537+0530] {logging_mixin.py:188} INFO - [2024-03-04T22:59:24.537+0530] {dag.py:3823} INFO - Setting next_dagrun for tutorial_dag to None, run_after=None
[2024-03-04T22:59:24.587+0530] {processor.py:183} INFO - Processing /home/arun/.local/lib/python3.10/site-packages/airflow/example_dags/tutorial_dag.py took 0.185 seconds
[2024-03-04T23:00:59.141+0530] {processor.py:161} INFO - Started process (PID=6021) to work on /home/arun/.local/lib/python3.10/site-packages/airflow/example_dags/tutorial_dag.py
[2024-03-04T23:00:59.144+0530] {processor.py:830} INFO - Processing file /home/arun/.local/lib/python3.10/site-packages/airflow/example_dags/tutorial_dag.py for tasks to queue
[2024-03-04T23:00:59.146+0530] {logging_mixin.py:188} INFO - [2024-03-04T23:00:59.146+0530] {dagbag.py:538} INFO - Filling up the DagBag from /home/arun/.local/lib/python3.10/site-packages/airflow/example_dags/tutorial_dag.py
[2024-03-04T23:00:59.154+0530] {processor.py:840} INFO - DAG(s) 'tutorial_dag' retrieved from /home/arun/.local/lib/python3.10/site-packages/airflow/example_dags/tutorial_dag.py
[2024-03-04T23:00:59.188+0530] {logging_mixin.py:188} INFO - [2024-03-04T23:00:59.188+0530] {dag.py:3036} INFO - Sync 1 DAGs
[2024-03-04T23:00:59.211+0530] {logging_mixin.py:188} INFO - [2024-03-04T23:00:59.211+0530] {dag.py:3823} INFO - Setting next_dagrun for tutorial_dag to None, run_after=None
[2024-03-04T23:00:59.252+0530] {processor.py:183} INFO - Processing /home/arun/.local/lib/python3.10/site-packages/airflow/example_dags/tutorial_dag.py took 0.114 seconds
[2024-03-04T23:02:23.612+0530] {processor.py:161} INFO - Started process (PID=6161) to work on /home/arun/.local/lib/python3.10/site-packages/airflow/example_dags/tutorial_dag.py
[2024-03-04T23:02:23.624+0530] {processor.py:830} INFO - Processing file /home/arun/.local/lib/python3.10/site-packages/airflow/example_dags/tutorial_dag.py for tasks to queue
[2024-03-04T23:02:23.625+0530] {logging_mixin.py:188} INFO - [2024-03-04T23:02:23.625+0530] {dagbag.py:538} INFO - Filling up the DagBag from /home/arun/.local/lib/python3.10/site-packages/airflow/example_dags/tutorial_dag.py
[2024-03-04T23:02:23.631+0530] {processor.py:840} INFO - DAG(s) 'tutorial_dag' retrieved from /home/arun/.local/lib/python3.10/site-packages/airflow/example_dags/tutorial_dag.py
[2024-03-04T23:02:23.649+0530] {logging_mixin.py:188} INFO - [2024-03-04T23:02:23.649+0530] {dag.py:3036} INFO - Sync 1 DAGs
[2024-03-04T23:02:23.661+0530] {logging_mixin.py:188} INFO - [2024-03-04T23:02:23.660+0530] {dag.py:3823} INFO - Setting next_dagrun for tutorial_dag to None, run_after=None
[2024-03-04T23:02:23.687+0530] {processor.py:183} INFO - Processing /home/arun/.local/lib/python3.10/site-packages/airflow/example_dags/tutorial_dag.py took 0.079 seconds
[2024-03-04T23:04:10.982+0530] {processor.py:161} INFO - Started process (PID=6711) to work on /home/arun/.local/lib/python3.10/site-packages/airflow/example_dags/tutorial_dag.py
[2024-03-04T23:04:11.033+0530] {processor.py:830} INFO - Processing file /home/arun/.local/lib/python3.10/site-packages/airflow/example_dags/tutorial_dag.py for tasks to queue
[2024-03-04T23:04:11.045+0530] {logging_mixin.py:188} INFO - [2024-03-04T23:04:11.043+0530] {dagbag.py:538} INFO - Filling up the DagBag from /home/arun/.local/lib/python3.10/site-packages/airflow/example_dags/tutorial_dag.py
[2024-03-04T23:04:11.062+0530] {processor.py:840} INFO - DAG(s) 'tutorial_dag' retrieved from /home/arun/.local/lib/python3.10/site-packages/airflow/example_dags/tutorial_dag.py
[2024-03-04T23:04:11.106+0530] {logging_mixin.py:188} INFO - [2024-03-04T23:04:11.106+0530] {dag.py:3036} INFO - Sync 1 DAGs
[2024-03-04T23:04:11.131+0530] {logging_mixin.py:188} INFO - [2024-03-04T23:04:11.131+0530] {dag.py:3823} INFO - Setting next_dagrun for tutorial_dag to None, run_after=None
[2024-03-04T23:04:11.236+0530] {processor.py:183} INFO - Processing /home/arun/.local/lib/python3.10/site-packages/airflow/example_dags/tutorial_dag.py took 0.270 seconds
[2024-03-04T23:06:02.076+0530] {processor.py:161} INFO - Started process (PID=6908) to work on /home/arun/.local/lib/python3.10/site-packages/airflow/example_dags/tutorial_dag.py
[2024-03-04T23:06:02.147+0530] {processor.py:830} INFO - Processing file /home/arun/.local/lib/python3.10/site-packages/airflow/example_dags/tutorial_dag.py for tasks to queue
[2024-03-04T23:06:02.148+0530] {logging_mixin.py:188} INFO - [2024-03-04T23:06:02.148+0530] {dagbag.py:538} INFO - Filling up the DagBag from /home/arun/.local/lib/python3.10/site-packages/airflow/example_dags/tutorial_dag.py
[2024-03-04T23:06:02.155+0530] {processor.py:840} INFO - DAG(s) 'tutorial_dag' retrieved from /home/arun/.local/lib/python3.10/site-packages/airflow/example_dags/tutorial_dag.py
[2024-03-04T23:06:02.175+0530] {logging_mixin.py:188} INFO - [2024-03-04T23:06:02.175+0530] {dag.py:3036} INFO - Sync 1 DAGs
[2024-03-04T23:06:02.189+0530] {logging_mixin.py:188} INFO - [2024-03-04T23:06:02.188+0530] {dag.py:3823} INFO - Setting next_dagrun for tutorial_dag to None, run_after=None
[2024-03-04T23:06:02.217+0530] {processor.py:183} INFO - Processing /home/arun/.local/lib/python3.10/site-packages/airflow/example_dags/tutorial_dag.py took 0.146 seconds
[2024-03-04T23:07:33.709+0530] {processor.py:161} INFO - Started process (PID=7104) to work on /home/arun/.local/lib/python3.10/site-packages/airflow/example_dags/tutorial_dag.py
[2024-03-04T23:07:33.737+0530] {processor.py:830} INFO - Processing file /home/arun/.local/lib/python3.10/site-packages/airflow/example_dags/tutorial_dag.py for tasks to queue
[2024-03-04T23:07:33.739+0530] {logging_mixin.py:188} INFO - [2024-03-04T23:07:33.738+0530] {dagbag.py:538} INFO - Filling up the DagBag from /home/arun/.local/lib/python3.10/site-packages/airflow/example_dags/tutorial_dag.py
[2024-03-04T23:07:33.749+0530] {processor.py:840} INFO - DAG(s) 'tutorial_dag' retrieved from /home/arun/.local/lib/python3.10/site-packages/airflow/example_dags/tutorial_dag.py
[2024-03-04T23:07:33.774+0530] {logging_mixin.py:188} INFO - [2024-03-04T23:07:33.773+0530] {dag.py:3036} INFO - Sync 1 DAGs
[2024-03-04T23:07:33.789+0530] {logging_mixin.py:188} INFO - [2024-03-04T23:07:33.788+0530] {dag.py:3823} INFO - Setting next_dagrun for tutorial_dag to None, run_after=None
[2024-03-04T23:07:33.828+0530] {processor.py:183} INFO - Processing /home/arun/.local/lib/python3.10/site-packages/airflow/example_dags/tutorial_dag.py took 0.126 seconds
[2024-03-04T23:09:04.913+0530] {processor.py:161} INFO - Started process (PID=7279) to work on /home/arun/.local/lib/python3.10/site-packages/airflow/example_dags/tutorial_dag.py
[2024-03-04T23:09:04.916+0530] {processor.py:830} INFO - Processing file /home/arun/.local/lib/python3.10/site-packages/airflow/example_dags/tutorial_dag.py for tasks to queue
[2024-03-04T23:09:04.918+0530] {logging_mixin.py:188} INFO - [2024-03-04T23:09:04.917+0530] {dagbag.py:538} INFO - Filling up the DagBag from /home/arun/.local/lib/python3.10/site-packages/airflow/example_dags/tutorial_dag.py
[2024-03-04T23:09:04.937+0530] {processor.py:840} INFO - DAG(s) 'tutorial_dag' retrieved from /home/arun/.local/lib/python3.10/site-packages/airflow/example_dags/tutorial_dag.py
[2024-03-04T23:09:04.986+0530] {logging_mixin.py:188} INFO - [2024-03-04T23:09:04.985+0530] {dag.py:3036} INFO - Sync 1 DAGs
[2024-03-04T23:09:05.014+0530] {logging_mixin.py:188} INFO - [2024-03-04T23:09:05.013+0530] {dag.py:3823} INFO - Setting next_dagrun for tutorial_dag to None, run_after=None
[2024-03-04T23:09:05.126+0530] {processor.py:183} INFO - Processing /home/arun/.local/lib/python3.10/site-packages/airflow/example_dags/tutorial_dag.py took 0.221 seconds
[2024-03-04T23:10:35.163+0530] {processor.py:161} INFO - Started process (PID=7456) to work on /home/arun/.local/lib/python3.10/site-packages/airflow/example_dags/tutorial_dag.py
[2024-03-04T23:10:35.166+0530] {processor.py:830} INFO - Processing file /home/arun/.local/lib/python3.10/site-packages/airflow/example_dags/tutorial_dag.py for tasks to queue
[2024-03-04T23:10:35.167+0530] {logging_mixin.py:188} INFO - [2024-03-04T23:10:35.166+0530] {dagbag.py:538} INFO - Filling up the DagBag from /home/arun/.local/lib/python3.10/site-packages/airflow/example_dags/tutorial_dag.py
[2024-03-04T23:10:35.172+0530] {processor.py:840} INFO - DAG(s) 'tutorial_dag' retrieved from /home/arun/.local/lib/python3.10/site-packages/airflow/example_dags/tutorial_dag.py
[2024-03-04T23:10:35.188+0530] {logging_mixin.py:188} INFO - [2024-03-04T23:10:35.188+0530] {dag.py:3036} INFO - Sync 1 DAGs
[2024-03-04T23:10:35.198+0530] {logging_mixin.py:188} INFO - [2024-03-04T23:10:35.198+0530] {dag.py:3823} INFO - Setting next_dagrun for tutorial_dag to None, run_after=None
[2024-03-04T23:10:35.222+0530] {processor.py:183} INFO - Processing /home/arun/.local/lib/python3.10/site-packages/airflow/example_dags/tutorial_dag.py took 0.062 seconds
[2024-03-04T23:12:05.448+0530] {processor.py:161} INFO - Started process (PID=7673) to work on /home/arun/.local/lib/python3.10/site-packages/airflow/example_dags/tutorial_dag.py
[2024-03-04T23:12:05.451+0530] {processor.py:830} INFO - Processing file /home/arun/.local/lib/python3.10/site-packages/airflow/example_dags/tutorial_dag.py for tasks to queue
[2024-03-04T23:12:05.452+0530] {logging_mixin.py:188} INFO - [2024-03-04T23:12:05.451+0530] {dagbag.py:538} INFO - Filling up the DagBag from /home/arun/.local/lib/python3.10/site-packages/airflow/example_dags/tutorial_dag.py
[2024-03-04T23:12:05.461+0530] {processor.py:840} INFO - DAG(s) 'tutorial_dag' retrieved from /home/arun/.local/lib/python3.10/site-packages/airflow/example_dags/tutorial_dag.py
[2024-03-04T23:12:05.484+0530] {logging_mixin.py:188} INFO - [2024-03-04T23:12:05.484+0530] {dag.py:3036} INFO - Sync 1 DAGs
[2024-03-04T23:12:05.499+0530] {logging_mixin.py:188} INFO - [2024-03-04T23:12:05.499+0530] {dag.py:3823} INFO - Setting next_dagrun for tutorial_dag to None, run_after=None
[2024-03-04T23:12:05.528+0530] {processor.py:183} INFO - Processing /home/arun/.local/lib/python3.10/site-packages/airflow/example_dags/tutorial_dag.py took 0.084 seconds
[2024-03-04T23:13:50.207+0530] {processor.py:161} INFO - Started process (PID=7914) to work on /home/arun/.local/lib/python3.10/site-packages/airflow/example_dags/tutorial_dag.py
[2024-03-04T23:13:50.210+0530] {processor.py:830} INFO - Processing file /home/arun/.local/lib/python3.10/site-packages/airflow/example_dags/tutorial_dag.py for tasks to queue
[2024-03-04T23:13:50.211+0530] {logging_mixin.py:188} INFO - [2024-03-04T23:13:50.211+0530] {dagbag.py:538} INFO - Filling up the DagBag from /home/arun/.local/lib/python3.10/site-packages/airflow/example_dags/tutorial_dag.py
[2024-03-04T23:13:50.219+0530] {processor.py:840} INFO - DAG(s) 'tutorial_dag' retrieved from /home/arun/.local/lib/python3.10/site-packages/airflow/example_dags/tutorial_dag.py
[2024-03-04T23:13:50.240+0530] {logging_mixin.py:188} INFO - [2024-03-04T23:13:50.239+0530] {dag.py:3036} INFO - Sync 1 DAGs
[2024-03-04T23:13:50.252+0530] {logging_mixin.py:188} INFO - [2024-03-04T23:13:50.252+0530] {dag.py:3823} INFO - Setting next_dagrun for tutorial_dag to None, run_after=None
[2024-03-04T23:13:50.284+0530] {processor.py:183} INFO - Processing /home/arun/.local/lib/python3.10/site-packages/airflow/example_dags/tutorial_dag.py took 0.082 seconds
[2024-03-04T23:15:24.286+0530] {processor.py:161} INFO - Started process (PID=8090) to work on /home/arun/.local/lib/python3.10/site-packages/airflow/example_dags/tutorial_dag.py
[2024-03-04T23:15:24.335+0530] {processor.py:830} INFO - Processing file /home/arun/.local/lib/python3.10/site-packages/airflow/example_dags/tutorial_dag.py for tasks to queue
[2024-03-04T23:15:24.340+0530] {logging_mixin.py:188} INFO - [2024-03-04T23:15:24.335+0530] {dagbag.py:538} INFO - Filling up the DagBag from /home/arun/.local/lib/python3.10/site-packages/airflow/example_dags/tutorial_dag.py
[2024-03-04T23:15:24.357+0530] {processor.py:840} INFO - DAG(s) 'tutorial_dag' retrieved from /home/arun/.local/lib/python3.10/site-packages/airflow/example_dags/tutorial_dag.py
[2024-03-04T23:15:24.431+0530] {logging_mixin.py:188} INFO - [2024-03-04T23:15:24.431+0530] {dag.py:3036} INFO - Sync 1 DAGs
[2024-03-04T23:15:24.484+0530] {logging_mixin.py:188} INFO - [2024-03-04T23:15:24.484+0530] {dag.py:3823} INFO - Setting next_dagrun for tutorial_dag to None, run_after=None
[2024-03-04T23:15:24.543+0530] {processor.py:183} INFO - Processing /home/arun/.local/lib/python3.10/site-packages/airflow/example_dags/tutorial_dag.py took 0.264 seconds
[2024-03-04T23:17:22.517+0530] {processor.py:161} INFO - Started process (PID=8332) to work on /home/arun/.local/lib/python3.10/site-packages/airflow/example_dags/tutorial_dag.py
[2024-03-04T23:17:22.557+0530] {processor.py:830} INFO - Processing file /home/arun/.local/lib/python3.10/site-packages/airflow/example_dags/tutorial_dag.py for tasks to queue
[2024-03-04T23:17:22.558+0530] {logging_mixin.py:188} INFO - [2024-03-04T23:17:22.558+0530] {dagbag.py:538} INFO - Filling up the DagBag from /home/arun/.local/lib/python3.10/site-packages/airflow/example_dags/tutorial_dag.py
[2024-03-04T23:17:22.563+0530] {processor.py:840} INFO - DAG(s) 'tutorial_dag' retrieved from /home/arun/.local/lib/python3.10/site-packages/airflow/example_dags/tutorial_dag.py
[2024-03-04T23:17:22.580+0530] {logging_mixin.py:188} INFO - [2024-03-04T23:17:22.580+0530] {dag.py:3036} INFO - Sync 1 DAGs
[2024-03-04T23:17:22.593+0530] {logging_mixin.py:188} INFO - [2024-03-04T23:17:22.593+0530] {dag.py:3823} INFO - Setting next_dagrun for tutorial_dag to None, run_after=None
[2024-03-04T23:17:22.625+0530] {processor.py:183} INFO - Processing /home/arun/.local/lib/python3.10/site-packages/airflow/example_dags/tutorial_dag.py took 0.112 seconds
[2024-03-04T23:19:00.201+0530] {processor.py:161} INFO - Started process (PID=8529) to work on /home/arun/.local/lib/python3.10/site-packages/airflow/example_dags/tutorial_dag.py
[2024-03-04T23:19:00.210+0530] {processor.py:830} INFO - Processing file /home/arun/.local/lib/python3.10/site-packages/airflow/example_dags/tutorial_dag.py for tasks to queue
[2024-03-04T23:19:00.212+0530] {logging_mixin.py:188} INFO - [2024-03-04T23:19:00.211+0530] {dagbag.py:538} INFO - Filling up the DagBag from /home/arun/.local/lib/python3.10/site-packages/airflow/example_dags/tutorial_dag.py
[2024-03-04T23:19:00.234+0530] {processor.py:840} INFO - DAG(s) 'tutorial_dag' retrieved from /home/arun/.local/lib/python3.10/site-packages/airflow/example_dags/tutorial_dag.py
[2024-03-04T23:19:00.262+0530] {logging_mixin.py:188} INFO - [2024-03-04T23:19:00.262+0530] {dag.py:3036} INFO - Sync 1 DAGs
[2024-03-04T23:19:00.279+0530] {logging_mixin.py:188} INFO - [2024-03-04T23:19:00.279+0530] {dag.py:3823} INFO - Setting next_dagrun for tutorial_dag to None, run_after=None
[2024-03-04T23:19:00.312+0530] {processor.py:183} INFO - Processing /home/arun/.local/lib/python3.10/site-packages/airflow/example_dags/tutorial_dag.py took 0.116 seconds
[2024-03-04T23:20:33.137+0530] {processor.py:161} INFO - Started process (PID=8725) to work on /home/arun/.local/lib/python3.10/site-packages/airflow/example_dags/tutorial_dag.py
[2024-03-04T23:20:33.139+0530] {processor.py:830} INFO - Processing file /home/arun/.local/lib/python3.10/site-packages/airflow/example_dags/tutorial_dag.py for tasks to queue
[2024-03-04T23:20:33.140+0530] {logging_mixin.py:188} INFO - [2024-03-04T23:20:33.139+0530] {dagbag.py:538} INFO - Filling up the DagBag from /home/arun/.local/lib/python3.10/site-packages/airflow/example_dags/tutorial_dag.py
[2024-03-04T23:20:33.145+0530] {processor.py:840} INFO - DAG(s) 'tutorial_dag' retrieved from /home/arun/.local/lib/python3.10/site-packages/airflow/example_dags/tutorial_dag.py
[2024-03-04T23:20:33.163+0530] {logging_mixin.py:188} INFO - [2024-03-04T23:20:33.163+0530] {dag.py:3036} INFO - Sync 1 DAGs
[2024-03-04T23:20:33.180+0530] {logging_mixin.py:188} INFO - [2024-03-04T23:20:33.179+0530] {dag.py:3823} INFO - Setting next_dagrun for tutorial_dag to None, run_after=None
[2024-03-04T23:20:33.211+0530] {processor.py:183} INFO - Processing /home/arun/.local/lib/python3.10/site-packages/airflow/example_dags/tutorial_dag.py took 0.078 seconds
[2024-03-04T23:22:12.163+0530] {processor.py:161} INFO - Started process (PID=8916) to work on /home/arun/.local/lib/python3.10/site-packages/airflow/example_dags/tutorial_dag.py
[2024-03-04T23:22:12.165+0530] {processor.py:830} INFO - Processing file /home/arun/.local/lib/python3.10/site-packages/airflow/example_dags/tutorial_dag.py for tasks to queue
[2024-03-04T23:22:12.167+0530] {logging_mixin.py:188} INFO - [2024-03-04T23:22:12.166+0530] {dagbag.py:538} INFO - Filling up the DagBag from /home/arun/.local/lib/python3.10/site-packages/airflow/example_dags/tutorial_dag.py
[2024-03-04T23:22:12.176+0530] {processor.py:840} INFO - DAG(s) 'tutorial_dag' retrieved from /home/arun/.local/lib/python3.10/site-packages/airflow/example_dags/tutorial_dag.py
[2024-03-04T23:22:12.200+0530] {logging_mixin.py:188} INFO - [2024-03-04T23:22:12.199+0530] {dag.py:3036} INFO - Sync 1 DAGs
[2024-03-04T23:22:12.218+0530] {logging_mixin.py:188} INFO - [2024-03-04T23:22:12.218+0530] {dag.py:3823} INFO - Setting next_dagrun for tutorial_dag to None, run_after=None
[2024-03-04T23:22:12.285+0530] {processor.py:183} INFO - Processing /home/arun/.local/lib/python3.10/site-packages/airflow/example_dags/tutorial_dag.py took 0.127 seconds
[2024-03-04T23:24:17.971+0530] {processor.py:161} INFO - Started process (PID=9286) to work on /home/arun/.local/lib/python3.10/site-packages/airflow/example_dags/tutorial_dag.py
[2024-03-04T23:24:18.007+0530] {processor.py:830} INFO - Processing file /home/arun/.local/lib/python3.10/site-packages/airflow/example_dags/tutorial_dag.py for tasks to queue
[2024-03-04T23:24:18.010+0530] {logging_mixin.py:188} INFO - [2024-03-04T23:24:18.009+0530] {dagbag.py:538} INFO - Filling up the DagBag from /home/arun/.local/lib/python3.10/site-packages/airflow/example_dags/tutorial_dag.py
[2024-03-04T23:24:18.074+0530] {processor.py:840} INFO - DAG(s) 'tutorial_dag' retrieved from /home/arun/.local/lib/python3.10/site-packages/airflow/example_dags/tutorial_dag.py
[2024-03-04T23:24:18.140+0530] {logging_mixin.py:188} INFO - [2024-03-04T23:24:18.137+0530] {dag.py:3036} INFO - Sync 1 DAGs
[2024-03-04T23:24:18.226+0530] {logging_mixin.py:188} INFO - [2024-03-04T23:24:18.226+0530] {dag.py:3823} INFO - Setting next_dagrun for tutorial_dag to None, run_after=None
[2024-03-04T23:24:18.484+0530] {processor.py:183} INFO - Processing /home/arun/.local/lib/python3.10/site-packages/airflow/example_dags/tutorial_dag.py took 0.521 seconds
[2024-03-04T23:26:57.852+0530] {processor.py:161} INFO - Started process (PID=10166) to work on /home/arun/.local/lib/python3.10/site-packages/airflow/example_dags/tutorial_dag.py
[2024-03-04T23:26:57.910+0530] {processor.py:830} INFO - Processing file /home/arun/.local/lib/python3.10/site-packages/airflow/example_dags/tutorial_dag.py for tasks to queue
[2024-03-04T23:26:57.911+0530] {logging_mixin.py:188} INFO - [2024-03-04T23:26:57.910+0530] {dagbag.py:538} INFO - Filling up the DagBag from /home/arun/.local/lib/python3.10/site-packages/airflow/example_dags/tutorial_dag.py
[2024-03-04T23:26:57.919+0530] {processor.py:840} INFO - DAG(s) 'tutorial_dag' retrieved from /home/arun/.local/lib/python3.10/site-packages/airflow/example_dags/tutorial_dag.py
[2024-03-04T23:26:57.949+0530] {logging_mixin.py:188} INFO - [2024-03-04T23:26:57.949+0530] {dag.py:3036} INFO - Sync 1 DAGs
[2024-03-04T23:26:57.965+0530] {logging_mixin.py:188} INFO - [2024-03-04T23:26:57.965+0530] {dag.py:3823} INFO - Setting next_dagrun for tutorial_dag to None, run_after=None
[2024-03-04T23:26:58.001+0530] {processor.py:183} INFO - Processing /home/arun/.local/lib/python3.10/site-packages/airflow/example_dags/tutorial_dag.py took 0.155 seconds
[2024-03-04T23:28:41.427+0530] {processor.py:161} INFO - Started process (PID=10380) to work on /home/arun/.local/lib/python3.10/site-packages/airflow/example_dags/tutorial_dag.py
[2024-03-04T23:28:41.479+0530] {processor.py:830} INFO - Processing file /home/arun/.local/lib/python3.10/site-packages/airflow/example_dags/tutorial_dag.py for tasks to queue
[2024-03-04T23:28:41.480+0530] {logging_mixin.py:188} INFO - [2024-03-04T23:28:41.480+0530] {dagbag.py:538} INFO - Filling up the DagBag from /home/arun/.local/lib/python3.10/site-packages/airflow/example_dags/tutorial_dag.py
[2024-03-04T23:28:41.490+0530] {processor.py:840} INFO - DAG(s) 'tutorial_dag' retrieved from /home/arun/.local/lib/python3.10/site-packages/airflow/example_dags/tutorial_dag.py
[2024-03-04T23:28:41.540+0530] {logging_mixin.py:188} INFO - [2024-03-04T23:28:41.538+0530] {dag.py:3036} INFO - Sync 1 DAGs
[2024-03-04T23:28:41.580+0530] {logging_mixin.py:188} INFO - [2024-03-04T23:28:41.579+0530] {dag.py:3823} INFO - Setting next_dagrun for tutorial_dag to None, run_after=None
[2024-03-04T23:28:41.665+0530] {processor.py:183} INFO - Processing /home/arun/.local/lib/python3.10/site-packages/airflow/example_dags/tutorial_dag.py took 0.243 seconds
[2024-03-04T23:30:17.718+0530] {processor.py:161} INFO - Started process (PID=10661) to work on /home/arun/.local/lib/python3.10/site-packages/airflow/example_dags/tutorial_dag.py
[2024-03-04T23:30:17.846+0530] {processor.py:830} INFO - Processing file /home/arun/.local/lib/python3.10/site-packages/airflow/example_dags/tutorial_dag.py for tasks to queue
[2024-03-04T23:30:17.852+0530] {logging_mixin.py:188} INFO - [2024-03-04T23:30:17.847+0530] {dagbag.py:538} INFO - Filling up the DagBag from /home/arun/.local/lib/python3.10/site-packages/airflow/example_dags/tutorial_dag.py
[2024-03-04T23:30:17.871+0530] {processor.py:840} INFO - DAG(s) 'tutorial_dag' retrieved from /home/arun/.local/lib/python3.10/site-packages/airflow/example_dags/tutorial_dag.py
[2024-03-04T23:30:17.925+0530] {logging_mixin.py:188} INFO - [2024-03-04T23:30:17.925+0530] {dag.py:3036} INFO - Sync 1 DAGs
[2024-03-04T23:30:17.957+0530] {logging_mixin.py:188} INFO - [2024-03-04T23:30:17.957+0530] {dag.py:3823} INFO - Setting next_dagrun for tutorial_dag to None, run_after=None
[2024-03-04T23:30:18.007+0530] {processor.py:183} INFO - Processing /home/arun/.local/lib/python3.10/site-packages/airflow/example_dags/tutorial_dag.py took 0.296 seconds
[2024-03-04T23:32:14.954+0530] {processor.py:161} INFO - Started process (PID=10895) to work on /home/arun/.local/lib/python3.10/site-packages/airflow/example_dags/tutorial_dag.py
[2024-03-04T23:32:15.005+0530] {processor.py:830} INFO - Processing file /home/arun/.local/lib/python3.10/site-packages/airflow/example_dags/tutorial_dag.py for tasks to queue
[2024-03-04T23:32:15.006+0530] {logging_mixin.py:188} INFO - [2024-03-04T23:32:15.006+0530] {dagbag.py:538} INFO - Filling up the DagBag from /home/arun/.local/lib/python3.10/site-packages/airflow/example_dags/tutorial_dag.py
[2024-03-04T23:32:15.023+0530] {processor.py:840} INFO - DAG(s) 'tutorial_dag' retrieved from /home/arun/.local/lib/python3.10/site-packages/airflow/example_dags/tutorial_dag.py
[2024-03-04T23:32:15.051+0530] {logging_mixin.py:188} INFO - [2024-03-04T23:32:15.050+0530] {dag.py:3036} INFO - Sync 1 DAGs
[2024-03-04T23:32:15.065+0530] {logging_mixin.py:188} INFO - [2024-03-04T23:32:15.065+0530] {dag.py:3823} INFO - Setting next_dagrun for tutorial_dag to None, run_after=None
[2024-03-04T23:32:15.141+0530] {processor.py:183} INFO - Processing /home/arun/.local/lib/python3.10/site-packages/airflow/example_dags/tutorial_dag.py took 0.193 seconds
[2024-03-04T23:33:56.334+0530] {processor.py:161} INFO - Started process (PID=11090) to work on /home/arun/.local/lib/python3.10/site-packages/airflow/example_dags/tutorial_dag.py
[2024-03-04T23:33:56.374+0530] {processor.py:830} INFO - Processing file /home/arun/.local/lib/python3.10/site-packages/airflow/example_dags/tutorial_dag.py for tasks to queue
[2024-03-04T23:33:56.376+0530] {logging_mixin.py:188} INFO - [2024-03-04T23:33:56.375+0530] {dagbag.py:538} INFO - Filling up the DagBag from /home/arun/.local/lib/python3.10/site-packages/airflow/example_dags/tutorial_dag.py
[2024-03-04T23:33:56.384+0530] {processor.py:840} INFO - DAG(s) 'tutorial_dag' retrieved from /home/arun/.local/lib/python3.10/site-packages/airflow/example_dags/tutorial_dag.py
[2024-03-04T23:33:56.410+0530] {logging_mixin.py:188} INFO - [2024-03-04T23:33:56.410+0530] {dag.py:3036} INFO - Sync 1 DAGs
[2024-03-04T23:33:56.427+0530] {logging_mixin.py:188} INFO - [2024-03-04T23:33:56.427+0530] {dag.py:3823} INFO - Setting next_dagrun for tutorial_dag to None, run_after=None
[2024-03-04T23:33:56.462+0530] {processor.py:183} INFO - Processing /home/arun/.local/lib/python3.10/site-packages/airflow/example_dags/tutorial_dag.py took 0.133 seconds
[2024-03-04T23:35:36.395+0530] {processor.py:161} INFO - Started process (PID=11264) to work on /home/arun/.local/lib/python3.10/site-packages/airflow/example_dags/tutorial_dag.py
[2024-03-04T23:35:36.433+0530] {processor.py:830} INFO - Processing file /home/arun/.local/lib/python3.10/site-packages/airflow/example_dags/tutorial_dag.py for tasks to queue
[2024-03-04T23:35:36.435+0530] {logging_mixin.py:188} INFO - [2024-03-04T23:35:36.434+0530] {dagbag.py:538} INFO - Filling up the DagBag from /home/arun/.local/lib/python3.10/site-packages/airflow/example_dags/tutorial_dag.py
[2024-03-04T23:35:36.443+0530] {processor.py:840} INFO - DAG(s) 'tutorial_dag' retrieved from /home/arun/.local/lib/python3.10/site-packages/airflow/example_dags/tutorial_dag.py
[2024-03-04T23:35:36.466+0530] {logging_mixin.py:188} INFO - [2024-03-04T23:35:36.466+0530] {dag.py:3036} INFO - Sync 1 DAGs
[2024-03-04T23:35:36.480+0530] {logging_mixin.py:188} INFO - [2024-03-04T23:35:36.480+0530] {dag.py:3823} INFO - Setting next_dagrun for tutorial_dag to None, run_after=None
[2024-03-04T23:35:36.512+0530] {processor.py:183} INFO - Processing /home/arun/.local/lib/python3.10/site-packages/airflow/example_dags/tutorial_dag.py took 0.121 seconds
