[2024-03-04T18:28:35.525+0530] {processor.py:161} INFO - Started process (PID=11880) to work on /home/arun/.local/lib/python3.10/site-packages/airflow/example_dags/tutorial_taskflow_api.py
[2024-03-04T18:28:35.526+0530] {processor.py:830} INFO - Processing file /home/arun/.local/lib/python3.10/site-packages/airflow/example_dags/tutorial_taskflow_api.py for tasks to queue
[2024-03-04T18:28:35.527+0530] {logging_mixin.py:188} INFO - [2024-03-04T18:28:35.527+0530] {dagbag.py:538} INFO - Filling up the DagBag from /home/arun/.local/lib/python3.10/site-packages/airflow/example_dags/tutorial_taskflow_api.py
[2024-03-04T18:28:35.537+0530] {processor.py:840} INFO - DAG(s) 'tutorial_taskflow_api' retrieved from /home/arun/.local/lib/python3.10/site-packages/airflow/example_dags/tutorial_taskflow_api.py
[2024-03-04T18:28:35.544+0530] {logging_mixin.py:188} INFO - [2024-03-04T18:28:35.544+0530] {dag.py:3036} INFO - Sync 1 DAGs
[2024-03-04T18:28:35.559+0530] {logging_mixin.py:188} INFO - [2024-03-04T18:28:35.559+0530] {dag.py:3823} INFO - Setting next_dagrun for tutorial_taskflow_api to None, run_after=None
[2024-03-04T18:28:35.599+0530] {processor.py:183} INFO - Processing /home/arun/.local/lib/python3.10/site-packages/airflow/example_dags/tutorial_taskflow_api.py took 0.076 seconds
[2024-03-04T18:30:53.271+0530] {processor.py:161} INFO - Started process (PID=12035) to work on /home/arun/.local/lib/python3.10/site-packages/airflow/example_dags/tutorial_taskflow_api.py
[2024-03-04T18:30:53.274+0530] {processor.py:830} INFO - Processing file /home/arun/.local/lib/python3.10/site-packages/airflow/example_dags/tutorial_taskflow_api.py for tasks to queue
[2024-03-04T18:30:53.275+0530] {logging_mixin.py:188} INFO - [2024-03-04T18:30:53.274+0530] {dagbag.py:538} INFO - Filling up the DagBag from /home/arun/.local/lib/python3.10/site-packages/airflow/example_dags/tutorial_taskflow_api.py
[2024-03-04T18:30:53.282+0530] {processor.py:840} INFO - DAG(s) 'tutorial_taskflow_api' retrieved from /home/arun/.local/lib/python3.10/site-packages/airflow/example_dags/tutorial_taskflow_api.py
[2024-03-04T18:30:53.399+0530] {logging_mixin.py:188} INFO - [2024-03-04T18:30:53.398+0530] {dag.py:3036} INFO - Sync 1 DAGs
[2024-03-04T18:30:53.415+0530] {logging_mixin.py:188} INFO - [2024-03-04T18:30:53.414+0530] {dag.py:3823} INFO - Setting next_dagrun for tutorial_taskflow_api to None, run_after=None
[2024-03-04T18:30:53.500+0530] {processor.py:183} INFO - Processing /home/arun/.local/lib/python3.10/site-packages/airflow/example_dags/tutorial_taskflow_api.py took 0.233 seconds
[2024-03-04T18:32:01.679+0530] {processor.py:161} INFO - Started process (PID=12116) to work on /home/arun/.local/lib/python3.10/site-packages/airflow/example_dags/tutorial_taskflow_api.py
[2024-03-04T18:32:01.707+0530] {processor.py:830} INFO - Processing file /home/arun/.local/lib/python3.10/site-packages/airflow/example_dags/tutorial_taskflow_api.py for tasks to queue
[2024-03-04T18:32:01.713+0530] {logging_mixin.py:188} INFO - [2024-03-04T18:32:01.709+0530] {dagbag.py:538} INFO - Filling up the DagBag from /home/arun/.local/lib/python3.10/site-packages/airflow/example_dags/tutorial_taskflow_api.py
[2024-03-04T18:32:01.725+0530] {processor.py:840} INFO - DAG(s) 'tutorial_taskflow_api' retrieved from /home/arun/.local/lib/python3.10/site-packages/airflow/example_dags/tutorial_taskflow_api.py
[2024-03-04T18:32:01.810+0530] {logging_mixin.py:188} INFO - [2024-03-04T18:32:01.788+0530] {dag.py:3036} INFO - Sync 1 DAGs
[2024-03-04T18:32:01.879+0530] {logging_mixin.py:188} INFO - [2024-03-04T18:32:01.879+0530] {dag.py:3823} INFO - Setting next_dagrun for tutorial_taskflow_api to None, run_after=None
[2024-03-04T18:32:01.999+0530] {processor.py:183} INFO - Processing /home/arun/.local/lib/python3.10/site-packages/airflow/example_dags/tutorial_taskflow_api.py took 0.326 seconds
[2024-03-04T18:33:56.788+0530] {processor.py:161} INFO - Started process (PID=12238) to work on /home/arun/.local/lib/python3.10/site-packages/airflow/example_dags/tutorial_taskflow_api.py
[2024-03-04T18:33:56.799+0530] {processor.py:830} INFO - Processing file /home/arun/.local/lib/python3.10/site-packages/airflow/example_dags/tutorial_taskflow_api.py for tasks to queue
[2024-03-04T18:33:56.800+0530] {logging_mixin.py:188} INFO - [2024-03-04T18:33:56.800+0530] {dagbag.py:538} INFO - Filling up the DagBag from /home/arun/.local/lib/python3.10/site-packages/airflow/example_dags/tutorial_taskflow_api.py
[2024-03-04T18:33:56.824+0530] {processor.py:840} INFO - DAG(s) 'tutorial_taskflow_api' retrieved from /home/arun/.local/lib/python3.10/site-packages/airflow/example_dags/tutorial_taskflow_api.py
[2024-03-04T18:33:56.883+0530] {logging_mixin.py:188} INFO - [2024-03-04T18:33:56.882+0530] {dag.py:3036} INFO - Sync 1 DAGs
[2024-03-04T18:33:56.965+0530] {logging_mixin.py:188} INFO - [2024-03-04T18:33:56.965+0530] {dag.py:3823} INFO - Setting next_dagrun for tutorial_taskflow_api to None, run_after=None
[2024-03-04T18:33:57.084+0530] {processor.py:183} INFO - Processing /home/arun/.local/lib/python3.10/site-packages/airflow/example_dags/tutorial_taskflow_api.py took 0.313 seconds
[2024-03-04T18:35:05.488+0530] {processor.py:161} INFO - Started process (PID=12326) to work on /home/arun/.local/lib/python3.10/site-packages/airflow/example_dags/tutorial_taskflow_api.py
[2024-03-04T18:35:05.490+0530] {processor.py:830} INFO - Processing file /home/arun/.local/lib/python3.10/site-packages/airflow/example_dags/tutorial_taskflow_api.py for tasks to queue
[2024-03-04T18:35:05.491+0530] {logging_mixin.py:188} INFO - [2024-03-04T18:35:05.491+0530] {dagbag.py:538} INFO - Filling up the DagBag from /home/arun/.local/lib/python3.10/site-packages/airflow/example_dags/tutorial_taskflow_api.py
[2024-03-04T18:35:05.500+0530] {processor.py:840} INFO - DAG(s) 'tutorial_taskflow_api' retrieved from /home/arun/.local/lib/python3.10/site-packages/airflow/example_dags/tutorial_taskflow_api.py
[2024-03-04T18:35:05.521+0530] {logging_mixin.py:188} INFO - [2024-03-04T18:35:05.520+0530] {dag.py:3036} INFO - Sync 1 DAGs
[2024-03-04T18:35:05.535+0530] {logging_mixin.py:188} INFO - [2024-03-04T18:35:05.534+0530] {dag.py:3823} INFO - Setting next_dagrun for tutorial_taskflow_api to None, run_after=None
[2024-03-04T18:35:05.564+0530] {processor.py:183} INFO - Processing /home/arun/.local/lib/python3.10/site-packages/airflow/example_dags/tutorial_taskflow_api.py took 0.080 seconds
[2024-03-04T18:36:24.042+0530] {processor.py:161} INFO - Started process (PID=12417) to work on /home/arun/.local/lib/python3.10/site-packages/airflow/example_dags/tutorial_taskflow_api.py
[2024-03-04T18:36:24.045+0530] {processor.py:830} INFO - Processing file /home/arun/.local/lib/python3.10/site-packages/airflow/example_dags/tutorial_taskflow_api.py for tasks to queue
[2024-03-04T18:36:24.045+0530] {logging_mixin.py:188} INFO - [2024-03-04T18:36:24.045+0530] {dagbag.py:538} INFO - Filling up the DagBag from /home/arun/.local/lib/python3.10/site-packages/airflow/example_dags/tutorial_taskflow_api.py
[2024-03-04T18:36:24.054+0530] {processor.py:840} INFO - DAG(s) 'tutorial_taskflow_api' retrieved from /home/arun/.local/lib/python3.10/site-packages/airflow/example_dags/tutorial_taskflow_api.py
[2024-03-04T18:36:24.069+0530] {logging_mixin.py:188} INFO - [2024-03-04T18:36:24.069+0530] {dag.py:3036} INFO - Sync 1 DAGs
[2024-03-04T18:36:24.081+0530] {logging_mixin.py:188} INFO - [2024-03-04T18:36:24.081+0530] {dag.py:3823} INFO - Setting next_dagrun for tutorial_taskflow_api to None, run_after=None
[2024-03-04T18:36:24.108+0530] {processor.py:183} INFO - Processing /home/arun/.local/lib/python3.10/site-packages/airflow/example_dags/tutorial_taskflow_api.py took 0.073 seconds
[2024-03-04T18:37:24.908+0530] {processor.py:161} INFO - Started process (PID=12482) to work on /home/arun/.local/lib/python3.10/site-packages/airflow/example_dags/tutorial_taskflow_api.py
[2024-03-04T18:37:24.921+0530] {processor.py:830} INFO - Processing file /home/arun/.local/lib/python3.10/site-packages/airflow/example_dags/tutorial_taskflow_api.py for tasks to queue
[2024-03-04T18:37:24.923+0530] {logging_mixin.py:188} INFO - [2024-03-04T18:37:24.922+0530] {dagbag.py:538} INFO - Filling up the DagBag from /home/arun/.local/lib/python3.10/site-packages/airflow/example_dags/tutorial_taskflow_api.py
[2024-03-04T18:37:24.944+0530] {processor.py:840} INFO - DAG(s) 'tutorial_taskflow_api' retrieved from /home/arun/.local/lib/python3.10/site-packages/airflow/example_dags/tutorial_taskflow_api.py
[2024-03-04T18:37:25.033+0530] {logging_mixin.py:188} INFO - [2024-03-04T18:37:25.032+0530] {dag.py:3036} INFO - Sync 1 DAGs
[2024-03-04T18:37:25.110+0530] {logging_mixin.py:188} INFO - [2024-03-04T18:37:25.110+0530] {dag.py:3823} INFO - Setting next_dagrun for tutorial_taskflow_api to None, run_after=None
[2024-03-04T18:37:25.323+0530] {processor.py:183} INFO - Processing /home/arun/.local/lib/python3.10/site-packages/airflow/example_dags/tutorial_taskflow_api.py took 0.434 seconds
[2024-03-04T18:38:18.646+0530] {processor.py:161} INFO - Started process (PID=12547) to work on /home/arun/.local/lib/python3.10/site-packages/airflow/example_dags/tutorial_taskflow_api.py
[2024-03-04T18:38:18.656+0530] {processor.py:830} INFO - Processing file /home/arun/.local/lib/python3.10/site-packages/airflow/example_dags/tutorial_taskflow_api.py for tasks to queue
[2024-03-04T18:38:18.660+0530] {logging_mixin.py:188} INFO - [2024-03-04T18:38:18.660+0530] {dagbag.py:538} INFO - Filling up the DagBag from /home/arun/.local/lib/python3.10/site-packages/airflow/example_dags/tutorial_taskflow_api.py
[2024-03-04T18:38:18.686+0530] {processor.py:840} INFO - DAG(s) 'tutorial_taskflow_api' retrieved from /home/arun/.local/lib/python3.10/site-packages/airflow/example_dags/tutorial_taskflow_api.py
[2024-03-04T18:38:18.745+0530] {logging_mixin.py:188} INFO - [2024-03-04T18:38:18.745+0530] {dag.py:3036} INFO - Sync 1 DAGs
[2024-03-04T18:38:18.777+0530] {logging_mixin.py:188} INFO - [2024-03-04T18:38:18.775+0530] {dag.py:3823} INFO - Setting next_dagrun for tutorial_taskflow_api to None, run_after=None
[2024-03-04T18:38:18.859+0530] {processor.py:183} INFO - Processing /home/arun/.local/lib/python3.10/site-packages/airflow/example_dags/tutorial_taskflow_api.py took 0.225 seconds
[2024-03-04T18:40:12.716+0530] {processor.py:161} INFO - Started process (PID=12677) to work on /home/arun/.local/lib/python3.10/site-packages/airflow/example_dags/tutorial_taskflow_api.py
[2024-03-04T18:40:12.727+0530] {processor.py:830} INFO - Processing file /home/arun/.local/lib/python3.10/site-packages/airflow/example_dags/tutorial_taskflow_api.py for tasks to queue
[2024-03-04T18:40:12.730+0530] {logging_mixin.py:188} INFO - [2024-03-04T18:40:12.728+0530] {dagbag.py:538} INFO - Filling up the DagBag from /home/arun/.local/lib/python3.10/site-packages/airflow/example_dags/tutorial_taskflow_api.py
[2024-03-04T18:40:12.775+0530] {processor.py:840} INFO - DAG(s) 'tutorial_taskflow_api' retrieved from /home/arun/.local/lib/python3.10/site-packages/airflow/example_dags/tutorial_taskflow_api.py
[2024-03-04T18:40:12.806+0530] {logging_mixin.py:188} INFO - [2024-03-04T18:40:12.805+0530] {dag.py:3036} INFO - Sync 1 DAGs
[2024-03-04T18:40:12.844+0530] {logging_mixin.py:188} INFO - [2024-03-04T18:40:12.844+0530] {dag.py:3823} INFO - Setting next_dagrun for tutorial_taskflow_api to None, run_after=None
[2024-03-04T18:40:12.906+0530] {processor.py:183} INFO - Processing /home/arun/.local/lib/python3.10/site-packages/airflow/example_dags/tutorial_taskflow_api.py took 0.197 seconds
[2024-03-04T18:41:41.401+0530] {processor.py:161} INFO - Started process (PID=12802) to work on /home/arun/.local/lib/python3.10/site-packages/airflow/example_dags/tutorial_taskflow_api.py
[2024-03-04T18:41:41.404+0530] {processor.py:830} INFO - Processing file /home/arun/.local/lib/python3.10/site-packages/airflow/example_dags/tutorial_taskflow_api.py for tasks to queue
[2024-03-04T18:41:41.407+0530] {logging_mixin.py:188} INFO - [2024-03-04T18:41:41.406+0530] {dagbag.py:538} INFO - Filling up the DagBag from /home/arun/.local/lib/python3.10/site-packages/airflow/example_dags/tutorial_taskflow_api.py
[2024-03-04T18:41:41.423+0530] {processor.py:840} INFO - DAG(s) 'tutorial_taskflow_api' retrieved from /home/arun/.local/lib/python3.10/site-packages/airflow/example_dags/tutorial_taskflow_api.py
[2024-03-04T18:41:41.449+0530] {logging_mixin.py:188} INFO - [2024-03-04T18:41:41.449+0530] {dag.py:3036} INFO - Sync 1 DAGs
[2024-03-04T18:41:41.467+0530] {logging_mixin.py:188} INFO - [2024-03-04T18:41:41.467+0530] {dag.py:3823} INFO - Setting next_dagrun for tutorial_taskflow_api to None, run_after=None
[2024-03-04T18:41:41.501+0530] {processor.py:183} INFO - Processing /home/arun/.local/lib/python3.10/site-packages/airflow/example_dags/tutorial_taskflow_api.py took 0.106 seconds
[2024-03-04T18:42:49.478+0530] {processor.py:161} INFO - Started process (PID=13290) to work on /home/arun/.local/lib/python3.10/site-packages/airflow/example_dags/tutorial_taskflow_api.py
[2024-03-04T18:42:49.521+0530] {processor.py:830} INFO - Processing file /home/arun/.local/lib/python3.10/site-packages/airflow/example_dags/tutorial_taskflow_api.py for tasks to queue
[2024-03-04T18:42:49.540+0530] {logging_mixin.py:188} INFO - [2024-03-04T18:42:49.522+0530] {dagbag.py:538} INFO - Filling up the DagBag from /home/arun/.local/lib/python3.10/site-packages/airflow/example_dags/tutorial_taskflow_api.py
[2024-03-04T18:42:49.569+0530] {processor.py:840} INFO - DAG(s) 'tutorial_taskflow_api' retrieved from /home/arun/.local/lib/python3.10/site-packages/airflow/example_dags/tutorial_taskflow_api.py
[2024-03-04T18:42:49.605+0530] {logging_mixin.py:188} INFO - [2024-03-04T18:42:49.605+0530] {dag.py:3036} INFO - Sync 1 DAGs
[2024-03-04T18:42:49.633+0530] {logging_mixin.py:188} INFO - [2024-03-04T18:42:49.633+0530] {dag.py:3823} INFO - Setting next_dagrun for tutorial_taskflow_api to None, run_after=None
[2024-03-04T18:42:49.852+0530] {processor.py:183} INFO - Processing /home/arun/.local/lib/python3.10/site-packages/airflow/example_dags/tutorial_taskflow_api.py took 0.382 seconds
[2024-03-04T18:44:22.904+0530] {processor.py:161} INFO - Started process (PID=13538) to work on /home/arun/.local/lib/python3.10/site-packages/airflow/example_dags/tutorial_taskflow_api.py
[2024-03-04T18:44:22.933+0530] {processor.py:830} INFO - Processing file /home/arun/.local/lib/python3.10/site-packages/airflow/example_dags/tutorial_taskflow_api.py for tasks to queue
[2024-03-04T18:44:22.934+0530] {logging_mixin.py:188} INFO - [2024-03-04T18:44:22.933+0530] {dagbag.py:538} INFO - Filling up the DagBag from /home/arun/.local/lib/python3.10/site-packages/airflow/example_dags/tutorial_taskflow_api.py
[2024-03-04T18:44:22.973+0530] {processor.py:840} INFO - DAG(s) 'tutorial_taskflow_api' retrieved from /home/arun/.local/lib/python3.10/site-packages/airflow/example_dags/tutorial_taskflow_api.py
[2024-03-04T18:44:23.023+0530] {logging_mixin.py:188} INFO - [2024-03-04T18:44:23.023+0530] {dag.py:3036} INFO - Sync 1 DAGs
[2024-03-04T18:44:23.047+0530] {logging_mixin.py:188} INFO - [2024-03-04T18:44:23.046+0530] {dag.py:3823} INFO - Setting next_dagrun for tutorial_taskflow_api to None, run_after=None
[2024-03-04T18:44:23.184+0530] {processor.py:183} INFO - Processing /home/arun/.local/lib/python3.10/site-packages/airflow/example_dags/tutorial_taskflow_api.py took 0.285 seconds
[2024-03-04T18:46:48.666+0530] {processor.py:161} INFO - Started process (PID=13974) to work on /home/arun/.local/lib/python3.10/site-packages/airflow/example_dags/tutorial_taskflow_api.py
[2024-03-04T18:46:48.700+0530] {processor.py:830} INFO - Processing file /home/arun/.local/lib/python3.10/site-packages/airflow/example_dags/tutorial_taskflow_api.py for tasks to queue
[2024-03-04T18:46:48.702+0530] {logging_mixin.py:188} INFO - [2024-03-04T18:46:48.701+0530] {dagbag.py:538} INFO - Filling up the DagBag from /home/arun/.local/lib/python3.10/site-packages/airflow/example_dags/tutorial_taskflow_api.py
[2024-03-04T18:46:48.709+0530] {processor.py:840} INFO - DAG(s) 'tutorial_taskflow_api' retrieved from /home/arun/.local/lib/python3.10/site-packages/airflow/example_dags/tutorial_taskflow_api.py
[2024-03-04T18:46:48.724+0530] {logging_mixin.py:188} INFO - [2024-03-04T18:46:48.724+0530] {dag.py:3036} INFO - Sync 1 DAGs
[2024-03-04T18:46:48.736+0530] {logging_mixin.py:188} INFO - [2024-03-04T18:46:48.735+0530] {dag.py:3823} INFO - Setting next_dagrun for tutorial_taskflow_api to None, run_after=None
[2024-03-04T18:46:48.762+0530] {processor.py:183} INFO - Processing /home/arun/.local/lib/python3.10/site-packages/airflow/example_dags/tutorial_taskflow_api.py took 0.100 seconds
[2024-03-04T18:54:18.499+0530] {processor.py:161} INFO - Started process (PID=5627) to work on /home/arun/.local/lib/python3.10/site-packages/airflow/example_dags/tutorial_taskflow_api.py
[2024-03-04T18:54:18.537+0530] {processor.py:830} INFO - Processing file /home/arun/.local/lib/python3.10/site-packages/airflow/example_dags/tutorial_taskflow_api.py for tasks to queue
[2024-03-04T18:54:18.538+0530] {logging_mixin.py:188} INFO - [2024-03-04T18:54:18.537+0530] {dagbag.py:538} INFO - Filling up the DagBag from /home/arun/.local/lib/python3.10/site-packages/airflow/example_dags/tutorial_taskflow_api.py
[2024-03-04T18:54:18.563+0530] {processor.py:840} INFO - DAG(s) 'tutorial_taskflow_api' retrieved from /home/arun/.local/lib/python3.10/site-packages/airflow/example_dags/tutorial_taskflow_api.py
[2024-03-04T18:54:19.041+0530] {logging_mixin.py:188} INFO - [2024-03-04T18:54:19.040+0530] {dag.py:3036} INFO - Sync 1 DAGs
[2024-03-04T18:54:19.070+0530] {logging_mixin.py:188} INFO - [2024-03-04T18:54:19.070+0530] {dag.py:3823} INFO - Setting next_dagrun for tutorial_taskflow_api to None, run_after=None
[2024-03-04T18:54:19.147+0530] {processor.py:183} INFO - Processing /home/arun/.local/lib/python3.10/site-packages/airflow/example_dags/tutorial_taskflow_api.py took 0.654 seconds
[2024-03-04T18:56:34.484+0530] {processor.py:161} INFO - Started process (PID=5936) to work on /home/arun/.local/lib/python3.10/site-packages/airflow/example_dags/tutorial_taskflow_api.py
[2024-03-04T18:56:34.535+0530] {processor.py:830} INFO - Processing file /home/arun/.local/lib/python3.10/site-packages/airflow/example_dags/tutorial_taskflow_api.py for tasks to queue
[2024-03-04T18:56:34.553+0530] {logging_mixin.py:188} INFO - [2024-03-04T18:56:34.552+0530] {dagbag.py:538} INFO - Filling up the DagBag from /home/arun/.local/lib/python3.10/site-packages/airflow/example_dags/tutorial_taskflow_api.py
[2024-03-04T18:56:34.577+0530] {processor.py:840} INFO - DAG(s) 'tutorial_taskflow_api' retrieved from /home/arun/.local/lib/python3.10/site-packages/airflow/example_dags/tutorial_taskflow_api.py
[2024-03-04T18:56:34.629+0530] {logging_mixin.py:188} INFO - [2024-03-04T18:56:34.628+0530] {dag.py:3036} INFO - Sync 1 DAGs
[2024-03-04T18:56:34.665+0530] {logging_mixin.py:188} INFO - [2024-03-04T18:56:34.664+0530] {dag.py:3823} INFO - Setting next_dagrun for tutorial_taskflow_api to None, run_after=None
[2024-03-04T18:56:34.750+0530] {processor.py:183} INFO - Processing /home/arun/.local/lib/python3.10/site-packages/airflow/example_dags/tutorial_taskflow_api.py took 0.270 seconds
[2024-03-04T18:57:45.855+0530] {processor.py:161} INFO - Started process (PID=6002) to work on /home/arun/.local/lib/python3.10/site-packages/airflow/example_dags/tutorial_taskflow_api.py
[2024-03-04T18:57:45.885+0530] {processor.py:830} INFO - Processing file /home/arun/.local/lib/python3.10/site-packages/airflow/example_dags/tutorial_taskflow_api.py for tasks to queue
[2024-03-04T18:57:45.892+0530] {logging_mixin.py:188} INFO - [2024-03-04T18:57:45.891+0530] {dagbag.py:538} INFO - Filling up the DagBag from /home/arun/.local/lib/python3.10/site-packages/airflow/example_dags/tutorial_taskflow_api.py
[2024-03-04T18:57:45.908+0530] {processor.py:840} INFO - DAG(s) 'tutorial_taskflow_api' retrieved from /home/arun/.local/lib/python3.10/site-packages/airflow/example_dags/tutorial_taskflow_api.py
[2024-03-04T18:57:46.005+0530] {logging_mixin.py:188} INFO - [2024-03-04T18:57:46.004+0530] {dag.py:3036} INFO - Sync 1 DAGs
[2024-03-04T18:57:46.037+0530] {logging_mixin.py:188} INFO - [2024-03-04T18:57:46.037+0530] {dag.py:3823} INFO - Setting next_dagrun for tutorial_taskflow_api to None, run_after=None
[2024-03-04T18:57:46.131+0530] {processor.py:183} INFO - Processing /home/arun/.local/lib/python3.10/site-packages/airflow/example_dags/tutorial_taskflow_api.py took 0.303 seconds
[2024-03-04T18:58:46.792+0530] {processor.py:161} INFO - Started process (PID=6317) to work on /home/arun/.local/lib/python3.10/site-packages/airflow/example_dags/tutorial_taskflow_api.py
[2024-03-04T18:58:46.835+0530] {processor.py:830} INFO - Processing file /home/arun/.local/lib/python3.10/site-packages/airflow/example_dags/tutorial_taskflow_api.py for tasks to queue
[2024-03-04T18:58:46.836+0530] {logging_mixin.py:188} INFO - [2024-03-04T18:58:46.836+0530] {dagbag.py:538} INFO - Filling up the DagBag from /home/arun/.local/lib/python3.10/site-packages/airflow/example_dags/tutorial_taskflow_api.py
[2024-03-04T18:58:46.867+0530] {processor.py:840} INFO - DAG(s) 'tutorial_taskflow_api' retrieved from /home/arun/.local/lib/python3.10/site-packages/airflow/example_dags/tutorial_taskflow_api.py
[2024-03-04T18:58:46.917+0530] {logging_mixin.py:188} INFO - [2024-03-04T18:58:46.916+0530] {dag.py:3036} INFO - Sync 1 DAGs
[2024-03-04T18:58:46.935+0530] {logging_mixin.py:188} INFO - [2024-03-04T18:58:46.934+0530] {dag.py:3823} INFO - Setting next_dagrun for tutorial_taskflow_api to None, run_after=None
[2024-03-04T18:58:47.117+0530] {processor.py:183} INFO - Processing /home/arun/.local/lib/python3.10/site-packages/airflow/example_dags/tutorial_taskflow_api.py took 0.343 seconds
[2024-03-04T18:59:54.069+0530] {processor.py:161} INFO - Started process (PID=6384) to work on /home/arun/.local/lib/python3.10/site-packages/airflow/example_dags/tutorial_taskflow_api.py
[2024-03-04T18:59:54.115+0530] {processor.py:830} INFO - Processing file /home/arun/.local/lib/python3.10/site-packages/airflow/example_dags/tutorial_taskflow_api.py for tasks to queue
[2024-03-04T18:59:54.117+0530] {logging_mixin.py:188} INFO - [2024-03-04T18:59:54.116+0530] {dagbag.py:538} INFO - Filling up the DagBag from /home/arun/.local/lib/python3.10/site-packages/airflow/example_dags/tutorial_taskflow_api.py
[2024-03-04T18:59:54.138+0530] {processor.py:840} INFO - DAG(s) 'tutorial_taskflow_api' retrieved from /home/arun/.local/lib/python3.10/site-packages/airflow/example_dags/tutorial_taskflow_api.py
[2024-03-04T18:59:54.242+0530] {logging_mixin.py:188} INFO - [2024-03-04T18:59:54.242+0530] {dag.py:3036} INFO - Sync 1 DAGs
[2024-03-04T18:59:54.284+0530] {logging_mixin.py:188} INFO - [2024-03-04T18:59:54.284+0530] {dag.py:3823} INFO - Setting next_dagrun for tutorial_taskflow_api to None, run_after=None
[2024-03-04T18:59:54.480+0530] {processor.py:183} INFO - Processing /home/arun/.local/lib/python3.10/site-packages/airflow/example_dags/tutorial_taskflow_api.py took 0.417 seconds
[2024-03-04T19:00:49.432+0530] {processor.py:161} INFO - Started process (PID=6494) to work on /home/arun/.local/lib/python3.10/site-packages/airflow/example_dags/tutorial_taskflow_api.py
[2024-03-04T19:00:49.468+0530] {processor.py:830} INFO - Processing file /home/arun/.local/lib/python3.10/site-packages/airflow/example_dags/tutorial_taskflow_api.py for tasks to queue
[2024-03-04T19:00:49.469+0530] {logging_mixin.py:188} INFO - [2024-03-04T19:00:49.469+0530] {dagbag.py:538} INFO - Filling up the DagBag from /home/arun/.local/lib/python3.10/site-packages/airflow/example_dags/tutorial_taskflow_api.py
[2024-03-04T19:00:49.479+0530] {processor.py:840} INFO - DAG(s) 'tutorial_taskflow_api' retrieved from /home/arun/.local/lib/python3.10/site-packages/airflow/example_dags/tutorial_taskflow_api.py
[2024-03-04T19:00:49.498+0530] {logging_mixin.py:188} INFO - [2024-03-04T19:00:49.498+0530] {dag.py:3036} INFO - Sync 1 DAGs
[2024-03-04T19:00:49.512+0530] {logging_mixin.py:188} INFO - [2024-03-04T19:00:49.512+0530] {dag.py:3823} INFO - Setting next_dagrun for tutorial_taskflow_api to None, run_after=None
[2024-03-04T19:00:49.540+0530] {processor.py:183} INFO - Processing /home/arun/.local/lib/python3.10/site-packages/airflow/example_dags/tutorial_taskflow_api.py took 0.130 seconds
[2024-03-04T19:04:41.275+0530] {processor.py:161} INFO - Started process (PID=6837) to work on /home/arun/.local/lib/python3.10/site-packages/airflow/example_dags/tutorial_taskflow_api.py
[2024-03-04T19:04:41.328+0530] {processor.py:830} INFO - Processing file /home/arun/.local/lib/python3.10/site-packages/airflow/example_dags/tutorial_taskflow_api.py for tasks to queue
[2024-03-04T19:04:41.330+0530] {logging_mixin.py:188} INFO - [2024-03-04T19:04:41.329+0530] {dagbag.py:538} INFO - Filling up the DagBag from /home/arun/.local/lib/python3.10/site-packages/airflow/example_dags/tutorial_taskflow_api.py
[2024-03-04T19:04:41.347+0530] {processor.py:840} INFO - DAG(s) 'tutorial_taskflow_api' retrieved from /home/arun/.local/lib/python3.10/site-packages/airflow/example_dags/tutorial_taskflow_api.py
[2024-03-04T19:04:41.412+0530] {logging_mixin.py:188} INFO - [2024-03-04T19:04:41.412+0530] {dag.py:3036} INFO - Sync 1 DAGs
[2024-03-04T19:04:41.459+0530] {logging_mixin.py:188} INFO - [2024-03-04T19:04:41.458+0530] {dag.py:3823} INFO - Setting next_dagrun for tutorial_taskflow_api to None, run_after=None
[2024-03-04T19:04:41.594+0530] {processor.py:183} INFO - Processing /home/arun/.local/lib/python3.10/site-packages/airflow/example_dags/tutorial_taskflow_api.py took 0.333 seconds
[2024-03-04T19:05:38.582+0530] {processor.py:161} INFO - Started process (PID=6924) to work on /home/arun/.local/lib/python3.10/site-packages/airflow/example_dags/tutorial_taskflow_api.py
[2024-03-04T19:05:38.583+0530] {processor.py:830} INFO - Processing file /home/arun/.local/lib/python3.10/site-packages/airflow/example_dags/tutorial_taskflow_api.py for tasks to queue
[2024-03-04T19:05:38.584+0530] {logging_mixin.py:188} INFO - [2024-03-04T19:05:38.584+0530] {dagbag.py:538} INFO - Filling up the DagBag from /home/arun/.local/lib/python3.10/site-packages/airflow/example_dags/tutorial_taskflow_api.py
[2024-03-04T19:05:38.591+0530] {processor.py:840} INFO - DAG(s) 'tutorial_taskflow_api' retrieved from /home/arun/.local/lib/python3.10/site-packages/airflow/example_dags/tutorial_taskflow_api.py
[2024-03-04T19:05:38.609+0530] {logging_mixin.py:188} INFO - [2024-03-04T19:05:38.608+0530] {dag.py:3036} INFO - Sync 1 DAGs
[2024-03-04T19:05:38.625+0530] {logging_mixin.py:188} INFO - [2024-03-04T19:05:38.625+0530] {dag.py:3823} INFO - Setting next_dagrun for tutorial_taskflow_api to None, run_after=None
[2024-03-04T19:05:38.657+0530] {processor.py:183} INFO - Processing /home/arun/.local/lib/python3.10/site-packages/airflow/example_dags/tutorial_taskflow_api.py took 0.078 seconds
[2024-03-04T19:06:37.070+0530] {processor.py:161} INFO - Started process (PID=7067) to work on /home/arun/.local/lib/python3.10/site-packages/airflow/example_dags/tutorial_taskflow_api.py
[2024-03-04T19:06:37.100+0530] {processor.py:830} INFO - Processing file /home/arun/.local/lib/python3.10/site-packages/airflow/example_dags/tutorial_taskflow_api.py for tasks to queue
[2024-03-04T19:06:37.117+0530] {logging_mixin.py:188} INFO - [2024-03-04T19:06:37.113+0530] {dagbag.py:538} INFO - Filling up the DagBag from /home/arun/.local/lib/python3.10/site-packages/airflow/example_dags/tutorial_taskflow_api.py
[2024-03-04T19:06:37.192+0530] {processor.py:840} INFO - DAG(s) 'tutorial_taskflow_api' retrieved from /home/arun/.local/lib/python3.10/site-packages/airflow/example_dags/tutorial_taskflow_api.py
[2024-03-04T19:06:37.399+0530] {logging_mixin.py:188} INFO - [2024-03-04T19:06:37.393+0530] {dag.py:3036} INFO - Sync 1 DAGs
[2024-03-04T19:06:37.502+0530] {logging_mixin.py:188} INFO - [2024-03-04T19:06:37.500+0530] {dag.py:3823} INFO - Setting next_dagrun for tutorial_taskflow_api to None, run_after=None
[2024-03-04T19:06:37.654+0530] {processor.py:183} INFO - Processing /home/arun/.local/lib/python3.10/site-packages/airflow/example_dags/tutorial_taskflow_api.py took 0.598 seconds
[2024-03-04T19:07:29.872+0530] {processor.py:161} INFO - Started process (PID=7173) to work on /home/arun/.local/lib/python3.10/site-packages/airflow/example_dags/tutorial_taskflow_api.py
[2024-03-04T19:07:29.887+0530] {processor.py:830} INFO - Processing file /home/arun/.local/lib/python3.10/site-packages/airflow/example_dags/tutorial_taskflow_api.py for tasks to queue
[2024-03-04T19:07:29.889+0530] {logging_mixin.py:188} INFO - [2024-03-04T19:07:29.889+0530] {dagbag.py:538} INFO - Filling up the DagBag from /home/arun/.local/lib/python3.10/site-packages/airflow/example_dags/tutorial_taskflow_api.py
[2024-03-04T19:07:29.907+0530] {processor.py:840} INFO - DAG(s) 'tutorial_taskflow_api' retrieved from /home/arun/.local/lib/python3.10/site-packages/airflow/example_dags/tutorial_taskflow_api.py
[2024-03-04T19:07:29.937+0530] {logging_mixin.py:188} INFO - [2024-03-04T19:07:29.937+0530] {dag.py:3036} INFO - Sync 1 DAGs
[2024-03-04T19:07:29.960+0530] {logging_mixin.py:188} INFO - [2024-03-04T19:07:29.960+0530] {dag.py:3823} INFO - Setting next_dagrun for tutorial_taskflow_api to None, run_after=None
[2024-03-04T19:07:30.011+0530] {processor.py:183} INFO - Processing /home/arun/.local/lib/python3.10/site-packages/airflow/example_dags/tutorial_taskflow_api.py took 0.151 seconds
[2024-03-04T19:08:45.929+0530] {processor.py:161} INFO - Started process (PID=7322) to work on /home/arun/.local/lib/python3.10/site-packages/airflow/example_dags/tutorial_taskflow_api.py
[2024-03-04T19:08:45.931+0530] {processor.py:830} INFO - Processing file /home/arun/.local/lib/python3.10/site-packages/airflow/example_dags/tutorial_taskflow_api.py for tasks to queue
[2024-03-04T19:08:45.932+0530] {logging_mixin.py:188} INFO - [2024-03-04T19:08:45.932+0530] {dagbag.py:538} INFO - Filling up the DagBag from /home/arun/.local/lib/python3.10/site-packages/airflow/example_dags/tutorial_taskflow_api.py
[2024-03-04T19:08:45.939+0530] {processor.py:840} INFO - DAG(s) 'tutorial_taskflow_api' retrieved from /home/arun/.local/lib/python3.10/site-packages/airflow/example_dags/tutorial_taskflow_api.py
[2024-03-04T19:08:45.957+0530] {logging_mixin.py:188} INFO - [2024-03-04T19:08:45.957+0530] {dag.py:3036} INFO - Sync 1 DAGs
[2024-03-04T19:08:45.971+0530] {logging_mixin.py:188} INFO - [2024-03-04T19:08:45.971+0530] {dag.py:3823} INFO - Setting next_dagrun for tutorial_taskflow_api to None, run_after=None
[2024-03-04T19:08:46.004+0530] {processor.py:183} INFO - Processing /home/arun/.local/lib/python3.10/site-packages/airflow/example_dags/tutorial_taskflow_api.py took 0.078 seconds
[2024-03-04T19:10:09.427+0530] {processor.py:161} INFO - Started process (PID=7494) to work on /home/arun/.local/lib/python3.10/site-packages/airflow/example_dags/tutorial_taskflow_api.py
[2024-03-04T19:10:09.428+0530] {processor.py:830} INFO - Processing file /home/arun/.local/lib/python3.10/site-packages/airflow/example_dags/tutorial_taskflow_api.py for tasks to queue
[2024-03-04T19:10:09.429+0530] {logging_mixin.py:188} INFO - [2024-03-04T19:10:09.429+0530] {dagbag.py:538} INFO - Filling up the DagBag from /home/arun/.local/lib/python3.10/site-packages/airflow/example_dags/tutorial_taskflow_api.py
[2024-03-04T19:10:09.437+0530] {processor.py:840} INFO - DAG(s) 'tutorial_taskflow_api' retrieved from /home/arun/.local/lib/python3.10/site-packages/airflow/example_dags/tutorial_taskflow_api.py
[2024-03-04T19:10:09.456+0530] {logging_mixin.py:188} INFO - [2024-03-04T19:10:09.455+0530] {dag.py:3036} INFO - Sync 1 DAGs
[2024-03-04T19:10:09.471+0530] {logging_mixin.py:188} INFO - [2024-03-04T19:10:09.470+0530] {dag.py:3823} INFO - Setting next_dagrun for tutorial_taskflow_api to None, run_after=None
[2024-03-04T19:10:09.505+0530] {processor.py:183} INFO - Processing /home/arun/.local/lib/python3.10/site-packages/airflow/example_dags/tutorial_taskflow_api.py took 0.082 seconds
[2024-03-04T19:11:32.954+0530] {processor.py:161} INFO - Started process (PID=7642) to work on /home/arun/.local/lib/python3.10/site-packages/airflow/example_dags/tutorial_taskflow_api.py
[2024-03-04T19:11:32.955+0530] {processor.py:830} INFO - Processing file /home/arun/.local/lib/python3.10/site-packages/airflow/example_dags/tutorial_taskflow_api.py for tasks to queue
[2024-03-04T19:11:32.956+0530] {logging_mixin.py:188} INFO - [2024-03-04T19:11:32.956+0530] {dagbag.py:538} INFO - Filling up the DagBag from /home/arun/.local/lib/python3.10/site-packages/airflow/example_dags/tutorial_taskflow_api.py
[2024-03-04T19:11:32.963+0530] {processor.py:840} INFO - DAG(s) 'tutorial_taskflow_api' retrieved from /home/arun/.local/lib/python3.10/site-packages/airflow/example_dags/tutorial_taskflow_api.py
[2024-03-04T19:11:32.980+0530] {logging_mixin.py:188} INFO - [2024-03-04T19:11:32.979+0530] {dag.py:3036} INFO - Sync 1 DAGs
[2024-03-04T19:11:32.995+0530] {logging_mixin.py:188} INFO - [2024-03-04T19:11:32.994+0530] {dag.py:3823} INFO - Setting next_dagrun for tutorial_taskflow_api to None, run_after=None
[2024-03-04T19:11:33.042+0530] {processor.py:183} INFO - Processing /home/arun/.local/lib/python3.10/site-packages/airflow/example_dags/tutorial_taskflow_api.py took 0.091 seconds
[2024-03-04T19:13:03.775+0530] {processor.py:161} INFO - Started process (PID=7803) to work on /home/arun/.local/lib/python3.10/site-packages/airflow/example_dags/tutorial_taskflow_api.py
[2024-03-04T19:13:03.811+0530] {processor.py:830} INFO - Processing file /home/arun/.local/lib/python3.10/site-packages/airflow/example_dags/tutorial_taskflow_api.py for tasks to queue
[2024-03-04T19:13:03.812+0530] {logging_mixin.py:188} INFO - [2024-03-04T19:13:03.811+0530] {dagbag.py:538} INFO - Filling up the DagBag from /home/arun/.local/lib/python3.10/site-packages/airflow/example_dags/tutorial_taskflow_api.py
[2024-03-04T19:13:03.819+0530] {processor.py:840} INFO - DAG(s) 'tutorial_taskflow_api' retrieved from /home/arun/.local/lib/python3.10/site-packages/airflow/example_dags/tutorial_taskflow_api.py
[2024-03-04T19:13:03.836+0530] {logging_mixin.py:188} INFO - [2024-03-04T19:13:03.836+0530] {dag.py:3036} INFO - Sync 1 DAGs
[2024-03-04T19:13:03.851+0530] {logging_mixin.py:188} INFO - [2024-03-04T19:13:03.851+0530] {dag.py:3823} INFO - Setting next_dagrun for tutorial_taskflow_api to None, run_after=None
[2024-03-04T19:13:03.890+0530] {processor.py:183} INFO - Processing /home/arun/.local/lib/python3.10/site-packages/airflow/example_dags/tutorial_taskflow_api.py took 0.119 seconds
[2024-03-04T19:14:28.008+0530] {processor.py:161} INFO - Started process (PID=7962) to work on /home/arun/.local/lib/python3.10/site-packages/airflow/example_dags/tutorial_taskflow_api.py
[2024-03-04T19:14:28.093+0530] {processor.py:830} INFO - Processing file /home/arun/.local/lib/python3.10/site-packages/airflow/example_dags/tutorial_taskflow_api.py for tasks to queue
[2024-03-04T19:14:28.094+0530] {logging_mixin.py:188} INFO - [2024-03-04T19:14:28.094+0530] {dagbag.py:538} INFO - Filling up the DagBag from /home/arun/.local/lib/python3.10/site-packages/airflow/example_dags/tutorial_taskflow_api.py
[2024-03-04T19:14:28.121+0530] {processor.py:840} INFO - DAG(s) 'tutorial_taskflow_api' retrieved from /home/arun/.local/lib/python3.10/site-packages/airflow/example_dags/tutorial_taskflow_api.py
[2024-03-04T19:14:28.188+0530] {logging_mixin.py:188} INFO - [2024-03-04T19:14:28.188+0530] {dag.py:3036} INFO - Sync 1 DAGs
[2024-03-04T19:14:28.212+0530] {logging_mixin.py:188} INFO - [2024-03-04T19:14:28.212+0530] {dag.py:3823} INFO - Setting next_dagrun for tutorial_taskflow_api to None, run_after=None
[2024-03-04T19:14:28.256+0530] {processor.py:183} INFO - Processing /home/arun/.local/lib/python3.10/site-packages/airflow/example_dags/tutorial_taskflow_api.py took 0.271 seconds
[2024-03-04T19:15:53.915+0530] {processor.py:161} INFO - Started process (PID=8180) to work on /home/arun/.local/lib/python3.10/site-packages/airflow/example_dags/tutorial_taskflow_api.py
[2024-03-04T19:15:53.918+0530] {processor.py:830} INFO - Processing file /home/arun/.local/lib/python3.10/site-packages/airflow/example_dags/tutorial_taskflow_api.py for tasks to queue
[2024-03-04T19:15:53.919+0530] {logging_mixin.py:188} INFO - [2024-03-04T19:15:53.919+0530] {dagbag.py:538} INFO - Filling up the DagBag from /home/arun/.local/lib/python3.10/site-packages/airflow/example_dags/tutorial_taskflow_api.py
[2024-03-04T19:15:53.928+0530] {processor.py:840} INFO - DAG(s) 'tutorial_taskflow_api' retrieved from /home/arun/.local/lib/python3.10/site-packages/airflow/example_dags/tutorial_taskflow_api.py
[2024-03-04T19:15:53.946+0530] {logging_mixin.py:188} INFO - [2024-03-04T19:15:53.946+0530] {dag.py:3036} INFO - Sync 1 DAGs
[2024-03-04T19:15:53.966+0530] {logging_mixin.py:188} INFO - [2024-03-04T19:15:53.965+0530] {dag.py:3823} INFO - Setting next_dagrun for tutorial_taskflow_api to None, run_after=None
[2024-03-04T19:15:54.018+0530] {processor.py:183} INFO - Processing /home/arun/.local/lib/python3.10/site-packages/airflow/example_dags/tutorial_taskflow_api.py took 0.107 seconds
[2024-03-04T19:17:21.085+0530] {processor.py:161} INFO - Started process (PID=8353) to work on /home/arun/.local/lib/python3.10/site-packages/airflow/example_dags/tutorial_taskflow_api.py
[2024-03-04T19:17:21.174+0530] {processor.py:830} INFO - Processing file /home/arun/.local/lib/python3.10/site-packages/airflow/example_dags/tutorial_taskflow_api.py for tasks to queue
[2024-03-04T19:17:21.176+0530] {logging_mixin.py:188} INFO - [2024-03-04T19:17:21.175+0530] {dagbag.py:538} INFO - Filling up the DagBag from /home/arun/.local/lib/python3.10/site-packages/airflow/example_dags/tutorial_taskflow_api.py
[2024-03-04T19:17:21.185+0530] {processor.py:840} INFO - DAG(s) 'tutorial_taskflow_api' retrieved from /home/arun/.local/lib/python3.10/site-packages/airflow/example_dags/tutorial_taskflow_api.py
[2024-03-04T19:17:21.210+0530] {logging_mixin.py:188} INFO - [2024-03-04T19:17:21.209+0530] {dag.py:3036} INFO - Sync 1 DAGs
[2024-03-04T19:17:21.232+0530] {logging_mixin.py:188} INFO - [2024-03-04T19:17:21.232+0530] {dag.py:3823} INFO - Setting next_dagrun for tutorial_taskflow_api to None, run_after=None
[2024-03-04T19:17:21.279+0530] {processor.py:183} INFO - Processing /home/arun/.local/lib/python3.10/site-packages/airflow/example_dags/tutorial_taskflow_api.py took 0.198 seconds
[2024-03-04T19:18:43.358+0530] {processor.py:161} INFO - Started process (PID=8527) to work on /home/arun/.local/lib/python3.10/site-packages/airflow/example_dags/tutorial_taskflow_api.py
[2024-03-04T19:18:43.403+0530] {processor.py:830} INFO - Processing file /home/arun/.local/lib/python3.10/site-packages/airflow/example_dags/tutorial_taskflow_api.py for tasks to queue
[2024-03-04T19:18:43.404+0530] {logging_mixin.py:188} INFO - [2024-03-04T19:18:43.404+0530] {dagbag.py:538} INFO - Filling up the DagBag from /home/arun/.local/lib/python3.10/site-packages/airflow/example_dags/tutorial_taskflow_api.py
[2024-03-04T19:18:43.414+0530] {processor.py:840} INFO - DAG(s) 'tutorial_taskflow_api' retrieved from /home/arun/.local/lib/python3.10/site-packages/airflow/example_dags/tutorial_taskflow_api.py
[2024-03-04T19:18:43.440+0530] {logging_mixin.py:188} INFO - [2024-03-04T19:18:43.439+0530] {dag.py:3036} INFO - Sync 1 DAGs
[2024-03-04T19:18:43.460+0530] {logging_mixin.py:188} INFO - [2024-03-04T19:18:43.460+0530] {dag.py:3823} INFO - Setting next_dagrun for tutorial_taskflow_api to None, run_after=None
[2024-03-04T19:18:43.495+0530] {processor.py:183} INFO - Processing /home/arun/.local/lib/python3.10/site-packages/airflow/example_dags/tutorial_taskflow_api.py took 0.142 seconds
[2024-03-04T19:20:13.159+0530] {processor.py:161} INFO - Started process (PID=8700) to work on /home/arun/.local/lib/python3.10/site-packages/airflow/example_dags/tutorial_taskflow_api.py
[2024-03-04T19:20:13.197+0530] {processor.py:830} INFO - Processing file /home/arun/.local/lib/python3.10/site-packages/airflow/example_dags/tutorial_taskflow_api.py for tasks to queue
[2024-03-04T19:20:13.198+0530] {logging_mixin.py:188} INFO - [2024-03-04T19:20:13.198+0530] {dagbag.py:538} INFO - Filling up the DagBag from /home/arun/.local/lib/python3.10/site-packages/airflow/example_dags/tutorial_taskflow_api.py
[2024-03-04T19:20:13.205+0530] {processor.py:840} INFO - DAG(s) 'tutorial_taskflow_api' retrieved from /home/arun/.local/lib/python3.10/site-packages/airflow/example_dags/tutorial_taskflow_api.py
[2024-03-04T19:20:13.221+0530] {logging_mixin.py:188} INFO - [2024-03-04T19:20:13.221+0530] {dag.py:3036} INFO - Sync 1 DAGs
[2024-03-04T19:20:13.233+0530] {logging_mixin.py:188} INFO - [2024-03-04T19:20:13.233+0530] {dag.py:3823} INFO - Setting next_dagrun for tutorial_taskflow_api to None, run_after=None
[2024-03-04T19:20:13.265+0530] {processor.py:183} INFO - Processing /home/arun/.local/lib/python3.10/site-packages/airflow/example_dags/tutorial_taskflow_api.py took 0.110 seconds
[2024-03-04T19:21:39.252+0530] {processor.py:161} INFO - Started process (PID=8884) to work on /home/arun/.local/lib/python3.10/site-packages/airflow/example_dags/tutorial_taskflow_api.py
[2024-03-04T19:21:39.298+0530] {processor.py:830} INFO - Processing file /home/arun/.local/lib/python3.10/site-packages/airflow/example_dags/tutorial_taskflow_api.py for tasks to queue
[2024-03-04T19:21:39.305+0530] {logging_mixin.py:188} INFO - [2024-03-04T19:21:39.304+0530] {dagbag.py:538} INFO - Filling up the DagBag from /home/arun/.local/lib/python3.10/site-packages/airflow/example_dags/tutorial_taskflow_api.py
[2024-03-04T19:21:39.319+0530] {processor.py:840} INFO - DAG(s) 'tutorial_taskflow_api' retrieved from /home/arun/.local/lib/python3.10/site-packages/airflow/example_dags/tutorial_taskflow_api.py
[2024-03-04T19:21:39.376+0530] {logging_mixin.py:188} INFO - [2024-03-04T19:21:39.375+0530] {dag.py:3036} INFO - Sync 1 DAGs
[2024-03-04T19:21:39.398+0530] {logging_mixin.py:188} INFO - [2024-03-04T19:21:39.398+0530] {dag.py:3823} INFO - Setting next_dagrun for tutorial_taskflow_api to None, run_after=None
[2024-03-04T19:21:39.446+0530] {processor.py:183} INFO - Processing /home/arun/.local/lib/python3.10/site-packages/airflow/example_dags/tutorial_taskflow_api.py took 0.199 seconds
[2024-03-04T19:23:04.897+0530] {processor.py:161} INFO - Started process (PID=9051) to work on /home/arun/.local/lib/python3.10/site-packages/airflow/example_dags/tutorial_taskflow_api.py
[2024-03-04T19:23:04.946+0530] {processor.py:830} INFO - Processing file /home/arun/.local/lib/python3.10/site-packages/airflow/example_dags/tutorial_taskflow_api.py for tasks to queue
[2024-03-04T19:23:04.952+0530] {logging_mixin.py:188} INFO - [2024-03-04T19:23:04.947+0530] {dagbag.py:538} INFO - Filling up the DagBag from /home/arun/.local/lib/python3.10/site-packages/airflow/example_dags/tutorial_taskflow_api.py
[2024-03-04T19:23:04.985+0530] {processor.py:840} INFO - DAG(s) 'tutorial_taskflow_api' retrieved from /home/arun/.local/lib/python3.10/site-packages/airflow/example_dags/tutorial_taskflow_api.py
[2024-03-04T19:23:05.024+0530] {logging_mixin.py:188} INFO - [2024-03-04T19:23:05.024+0530] {dag.py:3036} INFO - Sync 1 DAGs
[2024-03-04T19:23:05.054+0530] {logging_mixin.py:188} INFO - [2024-03-04T19:23:05.053+0530] {dag.py:3823} INFO - Setting next_dagrun for tutorial_taskflow_api to None, run_after=None
[2024-03-04T19:23:05.108+0530] {processor.py:183} INFO - Processing /home/arun/.local/lib/python3.10/site-packages/airflow/example_dags/tutorial_taskflow_api.py took 0.219 seconds
[2024-03-04T19:24:26.694+0530] {processor.py:161} INFO - Started process (PID=9222) to work on /home/arun/.local/lib/python3.10/site-packages/airflow/example_dags/tutorial_taskflow_api.py
[2024-03-04T19:24:26.732+0530] {processor.py:830} INFO - Processing file /home/arun/.local/lib/python3.10/site-packages/airflow/example_dags/tutorial_taskflow_api.py for tasks to queue
[2024-03-04T19:24:26.733+0530] {logging_mixin.py:188} INFO - [2024-03-04T19:24:26.733+0530] {dagbag.py:538} INFO - Filling up the DagBag from /home/arun/.local/lib/python3.10/site-packages/airflow/example_dags/tutorial_taskflow_api.py
[2024-03-04T19:24:26.741+0530] {processor.py:840} INFO - DAG(s) 'tutorial_taskflow_api' retrieved from /home/arun/.local/lib/python3.10/site-packages/airflow/example_dags/tutorial_taskflow_api.py
[2024-03-04T19:24:26.759+0530] {logging_mixin.py:188} INFO - [2024-03-04T19:24:26.758+0530] {dag.py:3036} INFO - Sync 1 DAGs
[2024-03-04T19:24:26.774+0530] {logging_mixin.py:188} INFO - [2024-03-04T19:24:26.773+0530] {dag.py:3823} INFO - Setting next_dagrun for tutorial_taskflow_api to None, run_after=None
[2024-03-04T19:24:26.835+0530] {processor.py:183} INFO - Processing /home/arun/.local/lib/python3.10/site-packages/airflow/example_dags/tutorial_taskflow_api.py took 0.145 seconds
[2024-03-04T19:25:46.077+0530] {processor.py:161} INFO - Started process (PID=9361) to work on /home/arun/.local/lib/python3.10/site-packages/airflow/example_dags/tutorial_taskflow_api.py
[2024-03-04T19:25:46.079+0530] {processor.py:830} INFO - Processing file /home/arun/.local/lib/python3.10/site-packages/airflow/example_dags/tutorial_taskflow_api.py for tasks to queue
[2024-03-04T19:25:46.080+0530] {logging_mixin.py:188} INFO - [2024-03-04T19:25:46.080+0530] {dagbag.py:538} INFO - Filling up the DagBag from /home/arun/.local/lib/python3.10/site-packages/airflow/example_dags/tutorial_taskflow_api.py
[2024-03-04T19:25:46.088+0530] {processor.py:840} INFO - DAG(s) 'tutorial_taskflow_api' retrieved from /home/arun/.local/lib/python3.10/site-packages/airflow/example_dags/tutorial_taskflow_api.py
[2024-03-04T19:25:46.107+0530] {logging_mixin.py:188} INFO - [2024-03-04T19:25:46.106+0530] {dag.py:3036} INFO - Sync 1 DAGs
[2024-03-04T19:25:46.120+0530] {logging_mixin.py:188} INFO - [2024-03-04T19:25:46.120+0530] {dag.py:3823} INFO - Setting next_dagrun for tutorial_taskflow_api to None, run_after=None
[2024-03-04T19:25:46.150+0530] {processor.py:183} INFO - Processing /home/arun/.local/lib/python3.10/site-packages/airflow/example_dags/tutorial_taskflow_api.py took 0.076 seconds
[2024-03-04T19:27:02.617+0530] {processor.py:161} INFO - Started process (PID=9532) to work on /home/arun/.local/lib/python3.10/site-packages/airflow/example_dags/tutorial_taskflow_api.py
[2024-03-04T19:27:02.619+0530] {processor.py:830} INFO - Processing file /home/arun/.local/lib/python3.10/site-packages/airflow/example_dags/tutorial_taskflow_api.py for tasks to queue
[2024-03-04T19:27:02.620+0530] {logging_mixin.py:188} INFO - [2024-03-04T19:27:02.620+0530] {dagbag.py:538} INFO - Filling up the DagBag from /home/arun/.local/lib/python3.10/site-packages/airflow/example_dags/tutorial_taskflow_api.py
[2024-03-04T19:27:02.628+0530] {processor.py:840} INFO - DAG(s) 'tutorial_taskflow_api' retrieved from /home/arun/.local/lib/python3.10/site-packages/airflow/example_dags/tutorial_taskflow_api.py
[2024-03-04T19:27:02.648+0530] {logging_mixin.py:188} INFO - [2024-03-04T19:27:02.648+0530] {dag.py:3036} INFO - Sync 1 DAGs
[2024-03-04T19:27:02.668+0530] {logging_mixin.py:188} INFO - [2024-03-04T19:27:02.668+0530] {dag.py:3823} INFO - Setting next_dagrun for tutorial_taskflow_api to None, run_after=None
[2024-03-04T19:27:02.713+0530] {processor.py:183} INFO - Processing /home/arun/.local/lib/python3.10/site-packages/airflow/example_dags/tutorial_taskflow_api.py took 0.100 seconds
[2024-03-04T19:28:29.120+0530] {processor.py:161} INFO - Started process (PID=9723) to work on /home/arun/.local/lib/python3.10/site-packages/airflow/example_dags/tutorial_taskflow_api.py
[2024-03-04T19:28:29.123+0530] {processor.py:830} INFO - Processing file /home/arun/.local/lib/python3.10/site-packages/airflow/example_dags/tutorial_taskflow_api.py for tasks to queue
[2024-03-04T19:28:29.124+0530] {logging_mixin.py:188} INFO - [2024-03-04T19:28:29.123+0530] {dagbag.py:538} INFO - Filling up the DagBag from /home/arun/.local/lib/python3.10/site-packages/airflow/example_dags/tutorial_taskflow_api.py
[2024-03-04T19:28:29.131+0530] {processor.py:840} INFO - DAG(s) 'tutorial_taskflow_api' retrieved from /home/arun/.local/lib/python3.10/site-packages/airflow/example_dags/tutorial_taskflow_api.py
[2024-03-04T19:28:29.148+0530] {logging_mixin.py:188} INFO - [2024-03-04T19:28:29.148+0530] {dag.py:3036} INFO - Sync 1 DAGs
[2024-03-04T19:28:29.162+0530] {logging_mixin.py:188} INFO - [2024-03-04T19:28:29.162+0530] {dag.py:3823} INFO - Setting next_dagrun for tutorial_taskflow_api to None, run_after=None
[2024-03-04T19:28:29.193+0530] {processor.py:183} INFO - Processing /home/arun/.local/lib/python3.10/site-packages/airflow/example_dags/tutorial_taskflow_api.py took 0.076 seconds
[2024-03-04T22:41:38.149+0530] {processor.py:161} INFO - Started process (PID=17415) to work on /home/arun/.local/lib/python3.10/site-packages/airflow/example_dags/tutorial_taskflow_api.py
[2024-03-04T22:41:38.257+0530] {processor.py:830} INFO - Processing file /home/arun/.local/lib/python3.10/site-packages/airflow/example_dags/tutorial_taskflow_api.py for tasks to queue
[2024-03-04T22:41:38.264+0530] {logging_mixin.py:188} INFO - [2024-03-04T22:41:38.264+0530] {dagbag.py:538} INFO - Filling up the DagBag from /home/arun/.local/lib/python3.10/site-packages/airflow/example_dags/tutorial_taskflow_api.py
[2024-03-04T22:41:38.297+0530] {processor.py:840} INFO - DAG(s) 'tutorial_taskflow_api' retrieved from /home/arun/.local/lib/python3.10/site-packages/airflow/example_dags/tutorial_taskflow_api.py
[2024-03-04T22:41:38.923+0530] {logging_mixin.py:188} INFO - [2024-03-04T22:41:38.923+0530] {dag.py:3036} INFO - Sync 1 DAGs
[2024-03-04T22:41:38.946+0530] {logging_mixin.py:188} INFO - [2024-03-04T22:41:38.946+0530] {dag.py:3823} INFO - Setting next_dagrun for tutorial_taskflow_api to None, run_after=None
[2024-03-04T22:41:39.011+0530] {processor.py:183} INFO - Processing /home/arun/.local/lib/python3.10/site-packages/airflow/example_dags/tutorial_taskflow_api.py took 0.871 seconds
[2024-03-04T22:55:20.801+0530] {processor.py:161} INFO - Started process (PID=5622) to work on /home/arun/.local/lib/python3.10/site-packages/airflow/example_dags/tutorial_taskflow_api.py
[2024-03-04T22:55:20.893+0530] {processor.py:830} INFO - Processing file /home/arun/.local/lib/python3.10/site-packages/airflow/example_dags/tutorial_taskflow_api.py for tasks to queue
[2024-03-04T22:55:20.895+0530] {logging_mixin.py:188} INFO - [2024-03-04T22:55:20.894+0530] {dagbag.py:538} INFO - Filling up the DagBag from /home/arun/.local/lib/python3.10/site-packages/airflow/example_dags/tutorial_taskflow_api.py
[2024-03-04T22:55:20.906+0530] {processor.py:840} INFO - DAG(s) 'tutorial_taskflow_api' retrieved from /home/arun/.local/lib/python3.10/site-packages/airflow/example_dags/tutorial_taskflow_api.py
[2024-03-04T22:55:21.163+0530] {logging_mixin.py:188} INFO - [2024-03-04T22:55:21.162+0530] {dag.py:3036} INFO - Sync 1 DAGs
[2024-03-04T22:55:21.192+0530] {logging_mixin.py:188} INFO - [2024-03-04T22:55:21.192+0530] {dag.py:3823} INFO - Setting next_dagrun for tutorial_taskflow_api to None, run_after=None
[2024-03-04T22:55:21.295+0530] {processor.py:183} INFO - Processing /home/arun/.local/lib/python3.10/site-packages/airflow/example_dags/tutorial_taskflow_api.py took 0.505 seconds
[2024-03-04T22:57:02.018+0530] {processor.py:161} INFO - Started process (PID=5714) to work on /home/arun/.local/lib/python3.10/site-packages/airflow/example_dags/tutorial_taskflow_api.py
[2024-03-04T22:57:02.115+0530] {processor.py:830} INFO - Processing file /home/arun/.local/lib/python3.10/site-packages/airflow/example_dags/tutorial_taskflow_api.py for tasks to queue
[2024-03-04T22:57:02.118+0530] {logging_mixin.py:188} INFO - [2024-03-04T22:57:02.116+0530] {dagbag.py:538} INFO - Filling up the DagBag from /home/arun/.local/lib/python3.10/site-packages/airflow/example_dags/tutorial_taskflow_api.py
[2024-03-04T22:57:02.201+0530] {processor.py:840} INFO - DAG(s) 'tutorial_taskflow_api' retrieved from /home/arun/.local/lib/python3.10/site-packages/airflow/example_dags/tutorial_taskflow_api.py
[2024-03-04T22:57:02.264+0530] {logging_mixin.py:188} INFO - [2024-03-04T22:57:02.264+0530] {dag.py:3036} INFO - Sync 1 DAGs
[2024-03-04T22:57:02.321+0530] {logging_mixin.py:188} INFO - [2024-03-04T22:57:02.321+0530] {dag.py:3823} INFO - Setting next_dagrun for tutorial_taskflow_api to None, run_after=None
[2024-03-04T22:57:02.541+0530] {processor.py:183} INFO - Processing /home/arun/.local/lib/python3.10/site-packages/airflow/example_dags/tutorial_taskflow_api.py took 0.546 seconds
[2024-03-04T22:58:09.599+0530] {processor.py:161} INFO - Started process (PID=5788) to work on /home/arun/.local/lib/python3.10/site-packages/airflow/example_dags/tutorial_taskflow_api.py
[2024-03-04T22:58:09.645+0530] {processor.py:830} INFO - Processing file /home/arun/.local/lib/python3.10/site-packages/airflow/example_dags/tutorial_taskflow_api.py for tasks to queue
[2024-03-04T22:58:09.649+0530] {logging_mixin.py:188} INFO - [2024-03-04T22:58:09.647+0530] {dagbag.py:538} INFO - Filling up the DagBag from /home/arun/.local/lib/python3.10/site-packages/airflow/example_dags/tutorial_taskflow_api.py
[2024-03-04T22:58:09.683+0530] {processor.py:840} INFO - DAG(s) 'tutorial_taskflow_api' retrieved from /home/arun/.local/lib/python3.10/site-packages/airflow/example_dags/tutorial_taskflow_api.py
[2024-03-04T22:58:09.808+0530] {logging_mixin.py:188} INFO - [2024-03-04T22:58:09.808+0530] {dag.py:3036} INFO - Sync 1 DAGs
[2024-03-04T22:58:09.845+0530] {logging_mixin.py:188} INFO - [2024-03-04T22:58:09.845+0530] {dag.py:3823} INFO - Setting next_dagrun for tutorial_taskflow_api to None, run_after=None
[2024-03-04T22:58:10.002+0530] {processor.py:183} INFO - Processing /home/arun/.local/lib/python3.10/site-packages/airflow/example_dags/tutorial_taskflow_api.py took 0.410 seconds
[2024-03-04T22:59:10.000+0530] {processor.py:161} INFO - Started process (PID=5851) to work on /home/arun/.local/lib/python3.10/site-packages/airflow/example_dags/tutorial_taskflow_api.py
[2024-03-04T22:59:10.047+0530] {processor.py:830} INFO - Processing file /home/arun/.local/lib/python3.10/site-packages/airflow/example_dags/tutorial_taskflow_api.py for tasks to queue
[2024-03-04T22:59:10.049+0530] {logging_mixin.py:188} INFO - [2024-03-04T22:59:10.048+0530] {dagbag.py:538} INFO - Filling up the DagBag from /home/arun/.local/lib/python3.10/site-packages/airflow/example_dags/tutorial_taskflow_api.py
[2024-03-04T22:59:10.064+0530] {processor.py:840} INFO - DAG(s) 'tutorial_taskflow_api' retrieved from /home/arun/.local/lib/python3.10/site-packages/airflow/example_dags/tutorial_taskflow_api.py
[2024-03-04T22:59:10.108+0530] {logging_mixin.py:188} INFO - [2024-03-04T22:59:10.105+0530] {dag.py:3036} INFO - Sync 1 DAGs
[2024-03-04T22:59:10.146+0530] {logging_mixin.py:188} INFO - [2024-03-04T22:59:10.146+0530] {dag.py:3823} INFO - Setting next_dagrun for tutorial_taskflow_api to None, run_after=None
[2024-03-04T22:59:10.278+0530] {processor.py:183} INFO - Processing /home/arun/.local/lib/python3.10/site-packages/airflow/example_dags/tutorial_taskflow_api.py took 0.287 seconds
[2024-03-04T23:00:03.674+0530] {processor.py:161} INFO - Started process (PID=5943) to work on /home/arun/.local/lib/python3.10/site-packages/airflow/example_dags/tutorial_taskflow_api.py
[2024-03-04T23:00:03.675+0530] {processor.py:830} INFO - Processing file /home/arun/.local/lib/python3.10/site-packages/airflow/example_dags/tutorial_taskflow_api.py for tasks to queue
[2024-03-04T23:00:03.676+0530] {logging_mixin.py:188} INFO - [2024-03-04T23:00:03.675+0530] {dagbag.py:538} INFO - Filling up the DagBag from /home/arun/.local/lib/python3.10/site-packages/airflow/example_dags/tutorial_taskflow_api.py
[2024-03-04T23:00:03.683+0530] {processor.py:840} INFO - DAG(s) 'tutorial_taskflow_api' retrieved from /home/arun/.local/lib/python3.10/site-packages/airflow/example_dags/tutorial_taskflow_api.py
[2024-03-04T23:00:03.698+0530] {logging_mixin.py:188} INFO - [2024-03-04T23:00:03.697+0530] {dag.py:3036} INFO - Sync 1 DAGs
[2024-03-04T23:00:03.709+0530] {logging_mixin.py:188} INFO - [2024-03-04T23:00:03.709+0530] {dag.py:3823} INFO - Setting next_dagrun for tutorial_taskflow_api to None, run_after=None
[2024-03-04T23:00:03.736+0530] {processor.py:183} INFO - Processing /home/arun/.local/lib/python3.10/site-packages/airflow/example_dags/tutorial_taskflow_api.py took 0.066 seconds
[2024-03-04T23:01:29.626+0530] {processor.py:161} INFO - Started process (PID=6063) to work on /home/arun/.local/lib/python3.10/site-packages/airflow/example_dags/tutorial_taskflow_api.py
[2024-03-04T23:01:29.628+0530] {processor.py:830} INFO - Processing file /home/arun/.local/lib/python3.10/site-packages/airflow/example_dags/tutorial_taskflow_api.py for tasks to queue
[2024-03-04T23:01:29.629+0530] {logging_mixin.py:188} INFO - [2024-03-04T23:01:29.629+0530] {dagbag.py:538} INFO - Filling up the DagBag from /home/arun/.local/lib/python3.10/site-packages/airflow/example_dags/tutorial_taskflow_api.py
[2024-03-04T23:01:29.636+0530] {processor.py:840} INFO - DAG(s) 'tutorial_taskflow_api' retrieved from /home/arun/.local/lib/python3.10/site-packages/airflow/example_dags/tutorial_taskflow_api.py
[2024-03-04T23:01:29.653+0530] {logging_mixin.py:188} INFO - [2024-03-04T23:01:29.653+0530] {dag.py:3036} INFO - Sync 1 DAGs
[2024-03-04T23:01:29.665+0530] {logging_mixin.py:188} INFO - [2024-03-04T23:01:29.665+0530] {dag.py:3823} INFO - Setting next_dagrun for tutorial_taskflow_api to None, run_after=None
[2024-03-04T23:01:29.691+0530] {processor.py:183} INFO - Processing /home/arun/.local/lib/python3.10/site-packages/airflow/example_dags/tutorial_taskflow_api.py took 0.068 seconds
[2024-03-04T23:02:56.896+0530] {processor.py:161} INFO - Started process (PID=6313) to work on /home/arun/.local/lib/python3.10/site-packages/airflow/example_dags/tutorial_taskflow_api.py
[2024-03-04T23:02:56.907+0530] {processor.py:830} INFO - Processing file /home/arun/.local/lib/python3.10/site-packages/airflow/example_dags/tutorial_taskflow_api.py for tasks to queue
[2024-03-04T23:02:56.908+0530] {logging_mixin.py:188} INFO - [2024-03-04T23:02:56.908+0530] {dagbag.py:538} INFO - Filling up the DagBag from /home/arun/.local/lib/python3.10/site-packages/airflow/example_dags/tutorial_taskflow_api.py
[2024-03-04T23:02:56.917+0530] {processor.py:840} INFO - DAG(s) 'tutorial_taskflow_api' retrieved from /home/arun/.local/lib/python3.10/site-packages/airflow/example_dags/tutorial_taskflow_api.py
[2024-03-04T23:02:56.942+0530] {logging_mixin.py:188} INFO - [2024-03-04T23:02:56.941+0530] {dag.py:3036} INFO - Sync 1 DAGs
[2024-03-04T23:02:56.964+0530] {logging_mixin.py:188} INFO - [2024-03-04T23:02:56.964+0530] {dag.py:3823} INFO - Setting next_dagrun for tutorial_taskflow_api to None, run_after=None
[2024-03-04T23:02:57.031+0530] {processor.py:183} INFO - Processing /home/arun/.local/lib/python3.10/site-packages/airflow/example_dags/tutorial_taskflow_api.py took 0.138 seconds
[2024-03-04T23:03:57.164+0530] {processor.py:161} INFO - Started process (PID=6693) to work on /home/arun/.local/lib/python3.10/site-packages/airflow/example_dags/tutorial_taskflow_api.py
[2024-03-04T23:03:57.193+0530] {processor.py:830} INFO - Processing file /home/arun/.local/lib/python3.10/site-packages/airflow/example_dags/tutorial_taskflow_api.py for tasks to queue
[2024-03-04T23:03:57.200+0530] {logging_mixin.py:188} INFO - [2024-03-04T23:03:57.195+0530] {dagbag.py:538} INFO - Filling up the DagBag from /home/arun/.local/lib/python3.10/site-packages/airflow/example_dags/tutorial_taskflow_api.py
[2024-03-04T23:03:57.272+0530] {processor.py:840} INFO - DAG(s) 'tutorial_taskflow_api' retrieved from /home/arun/.local/lib/python3.10/site-packages/airflow/example_dags/tutorial_taskflow_api.py
[2024-03-04T23:03:57.331+0530] {logging_mixin.py:188} INFO - [2024-03-04T23:03:57.330+0530] {dag.py:3036} INFO - Sync 1 DAGs
[2024-03-04T23:03:57.383+0530] {logging_mixin.py:188} INFO - [2024-03-04T23:03:57.383+0530] {dag.py:3823} INFO - Setting next_dagrun for tutorial_taskflow_api to None, run_after=None
[2024-03-04T23:03:57.476+0530] {processor.py:183} INFO - Processing /home/arun/.local/lib/python3.10/site-packages/airflow/example_dags/tutorial_taskflow_api.py took 0.333 seconds
[2024-03-04T23:04:55.089+0530] {processor.py:161} INFO - Started process (PID=6767) to work on /home/arun/.local/lib/python3.10/site-packages/airflow/example_dags/tutorial_taskflow_api.py
[2024-03-04T23:04:55.125+0530] {processor.py:830} INFO - Processing file /home/arun/.local/lib/python3.10/site-packages/airflow/example_dags/tutorial_taskflow_api.py for tasks to queue
[2024-03-04T23:04:55.125+0530] {logging_mixin.py:188} INFO - [2024-03-04T23:04:55.125+0530] {dagbag.py:538} INFO - Filling up the DagBag from /home/arun/.local/lib/python3.10/site-packages/airflow/example_dags/tutorial_taskflow_api.py
[2024-03-04T23:04:55.132+0530] {processor.py:840} INFO - DAG(s) 'tutorial_taskflow_api' retrieved from /home/arun/.local/lib/python3.10/site-packages/airflow/example_dags/tutorial_taskflow_api.py
[2024-03-04T23:04:55.150+0530] {logging_mixin.py:188} INFO - [2024-03-04T23:04:55.150+0530] {dag.py:3036} INFO - Sync 1 DAGs
[2024-03-04T23:04:55.167+0530] {logging_mixin.py:188} INFO - [2024-03-04T23:04:55.167+0530] {dag.py:3823} INFO - Setting next_dagrun for tutorial_taskflow_api to None, run_after=None
[2024-03-04T23:04:55.215+0530] {processor.py:183} INFO - Processing /home/arun/.local/lib/python3.10/site-packages/airflow/example_dags/tutorial_taskflow_api.py took 0.130 seconds
[2024-03-04T23:06:38.558+0530] {processor.py:161} INFO - Started process (PID=6974) to work on /home/arun/.local/lib/python3.10/site-packages/airflow/example_dags/tutorial_taskflow_api.py
[2024-03-04T23:06:38.581+0530] {processor.py:830} INFO - Processing file /home/arun/.local/lib/python3.10/site-packages/airflow/example_dags/tutorial_taskflow_api.py for tasks to queue
[2024-03-04T23:06:38.583+0530] {logging_mixin.py:188} INFO - [2024-03-04T23:06:38.582+0530] {dagbag.py:538} INFO - Filling up the DagBag from /home/arun/.local/lib/python3.10/site-packages/airflow/example_dags/tutorial_taskflow_api.py
[2024-03-04T23:06:38.594+0530] {processor.py:840} INFO - DAG(s) 'tutorial_taskflow_api' retrieved from /home/arun/.local/lib/python3.10/site-packages/airflow/example_dags/tutorial_taskflow_api.py
[2024-03-04T23:06:38.618+0530] {logging_mixin.py:188} INFO - [2024-03-04T23:06:38.618+0530] {dag.py:3036} INFO - Sync 1 DAGs
[2024-03-04T23:06:38.632+0530] {logging_mixin.py:188} INFO - [2024-03-04T23:06:38.632+0530] {dag.py:3823} INFO - Setting next_dagrun for tutorial_taskflow_api to None, run_after=None
[2024-03-04T23:06:38.664+0530] {processor.py:183} INFO - Processing /home/arun/.local/lib/python3.10/site-packages/airflow/example_dags/tutorial_taskflow_api.py took 0.111 seconds
[2024-03-04T23:08:07.251+0530] {processor.py:161} INFO - Started process (PID=7176) to work on /home/arun/.local/lib/python3.10/site-packages/airflow/example_dags/tutorial_taskflow_api.py
[2024-03-04T23:08:07.286+0530] {processor.py:830} INFO - Processing file /home/arun/.local/lib/python3.10/site-packages/airflow/example_dags/tutorial_taskflow_api.py for tasks to queue
[2024-03-04T23:08:07.287+0530] {logging_mixin.py:188} INFO - [2024-03-04T23:08:07.287+0530] {dagbag.py:538} INFO - Filling up the DagBag from /home/arun/.local/lib/python3.10/site-packages/airflow/example_dags/tutorial_taskflow_api.py
[2024-03-04T23:08:07.295+0530] {processor.py:840} INFO - DAG(s) 'tutorial_taskflow_api' retrieved from /home/arun/.local/lib/python3.10/site-packages/airflow/example_dags/tutorial_taskflow_api.py
[2024-03-04T23:08:07.314+0530] {logging_mixin.py:188} INFO - [2024-03-04T23:08:07.314+0530] {dag.py:3036} INFO - Sync 1 DAGs
[2024-03-04T23:08:07.327+0530] {logging_mixin.py:188} INFO - [2024-03-04T23:08:07.327+0530] {dag.py:3823} INFO - Setting next_dagrun for tutorial_taskflow_api to None, run_after=None
[2024-03-04T23:08:07.355+0530] {processor.py:183} INFO - Processing /home/arun/.local/lib/python3.10/site-packages/airflow/example_dags/tutorial_taskflow_api.py took 0.108 seconds
[2024-03-04T23:09:37.589+0530] {processor.py:161} INFO - Started process (PID=7353) to work on /home/arun/.local/lib/python3.10/site-packages/airflow/example_dags/tutorial_taskflow_api.py
[2024-03-04T23:09:37.621+0530] {processor.py:830} INFO - Processing file /home/arun/.local/lib/python3.10/site-packages/airflow/example_dags/tutorial_taskflow_api.py for tasks to queue
[2024-03-04T23:09:37.622+0530] {logging_mixin.py:188} INFO - [2024-03-04T23:09:37.622+0530] {dagbag.py:538} INFO - Filling up the DagBag from /home/arun/.local/lib/python3.10/site-packages/airflow/example_dags/tutorial_taskflow_api.py
[2024-03-04T23:09:37.631+0530] {processor.py:840} INFO - DAG(s) 'tutorial_taskflow_api' retrieved from /home/arun/.local/lib/python3.10/site-packages/airflow/example_dags/tutorial_taskflow_api.py
[2024-03-04T23:09:37.653+0530] {logging_mixin.py:188} INFO - [2024-03-04T23:09:37.652+0530] {dag.py:3036} INFO - Sync 1 DAGs
[2024-03-04T23:09:37.670+0530] {logging_mixin.py:188} INFO - [2024-03-04T23:09:37.669+0530] {dag.py:3823} INFO - Setting next_dagrun for tutorial_taskflow_api to None, run_after=None
[2024-03-04T23:09:37.707+0530] {processor.py:183} INFO - Processing /home/arun/.local/lib/python3.10/site-packages/airflow/example_dags/tutorial_taskflow_api.py took 0.122 seconds
[2024-03-04T23:11:05.671+0530] {processor.py:161} INFO - Started process (PID=7517) to work on /home/arun/.local/lib/python3.10/site-packages/airflow/example_dags/tutorial_taskflow_api.py
[2024-03-04T23:11:05.721+0530] {processor.py:830} INFO - Processing file /home/arun/.local/lib/python3.10/site-packages/airflow/example_dags/tutorial_taskflow_api.py for tasks to queue
[2024-03-04T23:11:05.728+0530] {logging_mixin.py:188} INFO - [2024-03-04T23:11:05.728+0530] {dagbag.py:538} INFO - Filling up the DagBag from /home/arun/.local/lib/python3.10/site-packages/airflow/example_dags/tutorial_taskflow_api.py
[2024-03-04T23:11:05.764+0530] {processor.py:840} INFO - DAG(s) 'tutorial_taskflow_api' retrieved from /home/arun/.local/lib/python3.10/site-packages/airflow/example_dags/tutorial_taskflow_api.py
[2024-03-04T23:11:05.801+0530] {logging_mixin.py:188} INFO - [2024-03-04T23:11:05.801+0530] {dag.py:3036} INFO - Sync 1 DAGs
[2024-03-04T23:11:05.832+0530] {logging_mixin.py:188} INFO - [2024-03-04T23:11:05.832+0530] {dag.py:3823} INFO - Setting next_dagrun for tutorial_taskflow_api to None, run_after=None
[2024-03-04T23:11:05.944+0530] {processor.py:183} INFO - Processing /home/arun/.local/lib/python3.10/site-packages/airflow/example_dags/tutorial_taskflow_api.py took 0.281 seconds
[2024-03-04T23:12:47.931+0530] {processor.py:161} INFO - Started process (PID=7752) to work on /home/arun/.local/lib/python3.10/site-packages/airflow/example_dags/tutorial_taskflow_api.py
[2024-03-04T23:12:47.973+0530] {processor.py:830} INFO - Processing file /home/arun/.local/lib/python3.10/site-packages/airflow/example_dags/tutorial_taskflow_api.py for tasks to queue
[2024-03-04T23:12:47.975+0530] {logging_mixin.py:188} INFO - [2024-03-04T23:12:47.974+0530] {dagbag.py:538} INFO - Filling up the DagBag from /home/arun/.local/lib/python3.10/site-packages/airflow/example_dags/tutorial_taskflow_api.py
[2024-03-04T23:12:47.981+0530] {processor.py:840} INFO - DAG(s) 'tutorial_taskflow_api' retrieved from /home/arun/.local/lib/python3.10/site-packages/airflow/example_dags/tutorial_taskflow_api.py
[2024-03-04T23:12:47.994+0530] {logging_mixin.py:188} INFO - [2024-03-04T23:12:47.994+0530] {dag.py:3036} INFO - Sync 1 DAGs
[2024-03-04T23:12:48.005+0530] {logging_mixin.py:188} INFO - [2024-03-04T23:12:48.005+0530] {dag.py:3823} INFO - Setting next_dagrun for tutorial_taskflow_api to None, run_after=None
[2024-03-04T23:12:48.034+0530] {processor.py:183} INFO - Processing /home/arun/.local/lib/python3.10/site-packages/airflow/example_dags/tutorial_taskflow_api.py took 0.106 seconds
[2024-03-04T23:14:23.929+0530] {processor.py:161} INFO - Started process (PID=7982) to work on /home/arun/.local/lib/python3.10/site-packages/airflow/example_dags/tutorial_taskflow_api.py
[2024-03-04T23:14:23.965+0530] {processor.py:830} INFO - Processing file /home/arun/.local/lib/python3.10/site-packages/airflow/example_dags/tutorial_taskflow_api.py for tasks to queue
[2024-03-04T23:14:23.966+0530] {logging_mixin.py:188} INFO - [2024-03-04T23:14:23.965+0530] {dagbag.py:538} INFO - Filling up the DagBag from /home/arun/.local/lib/python3.10/site-packages/airflow/example_dags/tutorial_taskflow_api.py
[2024-03-04T23:14:23.973+0530] {processor.py:840} INFO - DAG(s) 'tutorial_taskflow_api' retrieved from /home/arun/.local/lib/python3.10/site-packages/airflow/example_dags/tutorial_taskflow_api.py
[2024-03-04T23:14:23.994+0530] {logging_mixin.py:188} INFO - [2024-03-04T23:14:23.994+0530] {dag.py:3036} INFO - Sync 1 DAGs
[2024-03-04T23:14:24.010+0530] {logging_mixin.py:188} INFO - [2024-03-04T23:14:24.010+0530] {dag.py:3823} INFO - Setting next_dagrun for tutorial_taskflow_api to None, run_after=None
[2024-03-04T23:14:24.049+0530] {processor.py:183} INFO - Processing /home/arun/.local/lib/python3.10/site-packages/airflow/example_dags/tutorial_taskflow_api.py took 0.124 seconds
[2024-03-04T23:16:02.029+0530] {processor.py:161} INFO - Started process (PID=8182) to work on /home/arun/.local/lib/python3.10/site-packages/airflow/example_dags/tutorial_taskflow_api.py
[2024-03-04T23:16:02.067+0530] {processor.py:830} INFO - Processing file /home/arun/.local/lib/python3.10/site-packages/airflow/example_dags/tutorial_taskflow_api.py for tasks to queue
[2024-03-04T23:16:02.068+0530] {logging_mixin.py:188} INFO - [2024-03-04T23:16:02.068+0530] {dagbag.py:538} INFO - Filling up the DagBag from /home/arun/.local/lib/python3.10/site-packages/airflow/example_dags/tutorial_taskflow_api.py
[2024-03-04T23:16:02.075+0530] {processor.py:840} INFO - DAG(s) 'tutorial_taskflow_api' retrieved from /home/arun/.local/lib/python3.10/site-packages/airflow/example_dags/tutorial_taskflow_api.py
[2024-03-04T23:16:02.091+0530] {logging_mixin.py:188} INFO - [2024-03-04T23:16:02.090+0530] {dag.py:3036} INFO - Sync 1 DAGs
[2024-03-04T23:16:02.102+0530] {logging_mixin.py:188} INFO - [2024-03-04T23:16:02.102+0530] {dag.py:3823} INFO - Setting next_dagrun for tutorial_taskflow_api to None, run_after=None
[2024-03-04T23:16:02.139+0530] {processor.py:183} INFO - Processing /home/arun/.local/lib/python3.10/site-packages/airflow/example_dags/tutorial_taskflow_api.py took 0.113 seconds
[2024-03-04T23:18:01.105+0530] {processor.py:161} INFO - Started process (PID=8418) to work on /home/arun/.local/lib/python3.10/site-packages/airflow/example_dags/tutorial_taskflow_api.py
[2024-03-04T23:18:01.110+0530] {processor.py:830} INFO - Processing file /home/arun/.local/lib/python3.10/site-packages/airflow/example_dags/tutorial_taskflow_api.py for tasks to queue
[2024-03-04T23:18:01.111+0530] {logging_mixin.py:188} INFO - [2024-03-04T23:18:01.111+0530] {dagbag.py:538} INFO - Filling up the DagBag from /home/arun/.local/lib/python3.10/site-packages/airflow/example_dags/tutorial_taskflow_api.py
[2024-03-04T23:18:01.139+0530] {processor.py:840} INFO - DAG(s) 'tutorial_taskflow_api' retrieved from /home/arun/.local/lib/python3.10/site-packages/airflow/example_dags/tutorial_taskflow_api.py
[2024-03-04T23:18:01.179+0530] {logging_mixin.py:188} INFO - [2024-03-04T23:18:01.178+0530] {dag.py:3036} INFO - Sync 1 DAGs
[2024-03-04T23:18:01.196+0530] {logging_mixin.py:188} INFO - [2024-03-04T23:18:01.195+0530] {dag.py:3823} INFO - Setting next_dagrun for tutorial_taskflow_api to None, run_after=None
[2024-03-04T23:18:01.232+0530] {processor.py:183} INFO - Processing /home/arun/.local/lib/python3.10/site-packages/airflow/example_dags/tutorial_taskflow_api.py took 0.132 seconds
[2024-03-04T23:19:30.996+0530] {processor.py:161} INFO - Started process (PID=8612) to work on /home/arun/.local/lib/python3.10/site-packages/airflow/example_dags/tutorial_taskflow_api.py
[2024-03-04T23:19:31.022+0530] {processor.py:830} INFO - Processing file /home/arun/.local/lib/python3.10/site-packages/airflow/example_dags/tutorial_taskflow_api.py for tasks to queue
[2024-03-04T23:19:31.023+0530] {logging_mixin.py:188} INFO - [2024-03-04T23:19:31.022+0530] {dagbag.py:538} INFO - Filling up the DagBag from /home/arun/.local/lib/python3.10/site-packages/airflow/example_dags/tutorial_taskflow_api.py
[2024-03-04T23:19:31.032+0530] {processor.py:840} INFO - DAG(s) 'tutorial_taskflow_api' retrieved from /home/arun/.local/lib/python3.10/site-packages/airflow/example_dags/tutorial_taskflow_api.py
[2024-03-04T23:19:31.055+0530] {logging_mixin.py:188} INFO - [2024-03-04T23:19:31.055+0530] {dag.py:3036} INFO - Sync 1 DAGs
[2024-03-04T23:19:31.070+0530] {logging_mixin.py:188} INFO - [2024-03-04T23:19:31.070+0530] {dag.py:3823} INFO - Setting next_dagrun for tutorial_taskflow_api to None, run_after=None
[2024-03-04T23:19:31.100+0530] {processor.py:183} INFO - Processing /home/arun/.local/lib/python3.10/site-packages/airflow/example_dags/tutorial_taskflow_api.py took 0.110 seconds
[2024-03-04T23:21:09.028+0530] {processor.py:161} INFO - Started process (PID=8793) to work on /home/arun/.local/lib/python3.10/site-packages/airflow/example_dags/tutorial_taskflow_api.py
[2024-03-04T23:21:09.066+0530] {processor.py:830} INFO - Processing file /home/arun/.local/lib/python3.10/site-packages/airflow/example_dags/tutorial_taskflow_api.py for tasks to queue
[2024-03-04T23:21:09.067+0530] {logging_mixin.py:188} INFO - [2024-03-04T23:21:09.067+0530] {dagbag.py:538} INFO - Filling up the DagBag from /home/arun/.local/lib/python3.10/site-packages/airflow/example_dags/tutorial_taskflow_api.py
[2024-03-04T23:21:09.076+0530] {processor.py:840} INFO - DAG(s) 'tutorial_taskflow_api' retrieved from /home/arun/.local/lib/python3.10/site-packages/airflow/example_dags/tutorial_taskflow_api.py
[2024-03-04T23:21:09.098+0530] {logging_mixin.py:188} INFO - [2024-03-04T23:21:09.098+0530] {dag.py:3036} INFO - Sync 1 DAGs
[2024-03-04T23:21:09.114+0530] {logging_mixin.py:188} INFO - [2024-03-04T23:21:09.114+0530] {dag.py:3823} INFO - Setting next_dagrun for tutorial_taskflow_api to None, run_after=None
[2024-03-04T23:21:09.158+0530] {processor.py:183} INFO - Processing /home/arun/.local/lib/python3.10/site-packages/airflow/example_dags/tutorial_taskflow_api.py took 0.133 seconds
[2024-03-04T23:22:56.271+0530] {processor.py:161} INFO - Started process (PID=9096) to work on /home/arun/.local/lib/python3.10/site-packages/airflow/example_dags/tutorial_taskflow_api.py
[2024-03-04T23:22:56.309+0530] {processor.py:830} INFO - Processing file /home/arun/.local/lib/python3.10/site-packages/airflow/example_dags/tutorial_taskflow_api.py for tasks to queue
[2024-03-04T23:22:56.311+0530] {logging_mixin.py:188} INFO - [2024-03-04T23:22:56.310+0530] {dagbag.py:538} INFO - Filling up the DagBag from /home/arun/.local/lib/python3.10/site-packages/airflow/example_dags/tutorial_taskflow_api.py
[2024-03-04T23:22:56.318+0530] {processor.py:840} INFO - DAG(s) 'tutorial_taskflow_api' retrieved from /home/arun/.local/lib/python3.10/site-packages/airflow/example_dags/tutorial_taskflow_api.py
[2024-03-04T23:22:56.339+0530] {logging_mixin.py:188} INFO - [2024-03-04T23:22:56.338+0530] {dag.py:3036} INFO - Sync 1 DAGs
[2024-03-04T23:22:56.354+0530] {logging_mixin.py:188} INFO - [2024-03-04T23:22:56.354+0530] {dag.py:3823} INFO - Setting next_dagrun for tutorial_taskflow_api to None, run_after=None
[2024-03-04T23:22:56.557+0530] {processor.py:183} INFO - Processing /home/arun/.local/lib/python3.10/site-packages/airflow/example_dags/tutorial_taskflow_api.py took 0.291 seconds
[2024-03-04T23:24:02.260+0530] {processor.py:161} INFO - Started process (PID=9272) to work on /home/arun/.local/lib/python3.10/site-packages/airflow/example_dags/tutorial_taskflow_api.py
[2024-03-04T23:24:02.314+0530] {processor.py:830} INFO - Processing file /home/arun/.local/lib/python3.10/site-packages/airflow/example_dags/tutorial_taskflow_api.py for tasks to queue
[2024-03-04T23:24:02.316+0530] {logging_mixin.py:188} INFO - [2024-03-04T23:24:02.315+0530] {dagbag.py:538} INFO - Filling up the DagBag from /home/arun/.local/lib/python3.10/site-packages/airflow/example_dags/tutorial_taskflow_api.py
[2024-03-04T23:24:02.342+0530] {processor.py:840} INFO - DAG(s) 'tutorial_taskflow_api' retrieved from /home/arun/.local/lib/python3.10/site-packages/airflow/example_dags/tutorial_taskflow_api.py
[2024-03-04T23:24:02.426+0530] {logging_mixin.py:188} INFO - [2024-03-04T23:24:02.422+0530] {dag.py:3036} INFO - Sync 1 DAGs
[2024-03-04T23:24:02.453+0530] {logging_mixin.py:188} INFO - [2024-03-04T23:24:02.452+0530] {dag.py:3823} INFO - Setting next_dagrun for tutorial_taskflow_api to None, run_after=None
[2024-03-04T23:24:02.668+0530] {processor.py:183} INFO - Processing /home/arun/.local/lib/python3.10/site-packages/airflow/example_dags/tutorial_taskflow_api.py took 0.448 seconds
[2024-03-04T23:25:16.890+0530] {processor.py:161} INFO - Started process (PID=9353) to work on /home/arun/.local/lib/python3.10/site-packages/airflow/example_dags/tutorial_taskflow_api.py
[2024-03-04T23:25:16.918+0530] {processor.py:830} INFO - Processing file /home/arun/.local/lib/python3.10/site-packages/airflow/example_dags/tutorial_taskflow_api.py for tasks to queue
[2024-03-04T23:25:16.932+0530] {logging_mixin.py:188} INFO - [2024-03-04T23:25:16.919+0530] {dagbag.py:538} INFO - Filling up the DagBag from /home/arun/.local/lib/python3.10/site-packages/airflow/example_dags/tutorial_taskflow_api.py
[2024-03-04T23:25:16.966+0530] {processor.py:840} INFO - DAG(s) 'tutorial_taskflow_api' retrieved from /home/arun/.local/lib/python3.10/site-packages/airflow/example_dags/tutorial_taskflow_api.py
[2024-03-04T23:25:17.019+0530] {logging_mixin.py:188} INFO - [2024-03-04T23:25:17.018+0530] {dag.py:3036} INFO - Sync 1 DAGs
[2024-03-04T23:25:17.039+0530] {logging_mixin.py:188} INFO - [2024-03-04T23:25:17.039+0530] {dag.py:3823} INFO - Setting next_dagrun for tutorial_taskflow_api to None, run_after=None
[2024-03-04T23:25:17.226+0530] {processor.py:183} INFO - Processing /home/arun/.local/lib/python3.10/site-packages/airflow/example_dags/tutorial_taskflow_api.py took 0.343 seconds
[2024-03-04T23:26:39.791+0530] {processor.py:161} INFO - Started process (PID=10068) to work on /home/arun/.local/lib/python3.10/site-packages/airflow/example_dags/tutorial_taskflow_api.py
[2024-03-04T23:26:39.873+0530] {processor.py:830} INFO - Processing file /home/arun/.local/lib/python3.10/site-packages/airflow/example_dags/tutorial_taskflow_api.py for tasks to queue
[2024-03-04T23:26:39.875+0530] {logging_mixin.py:188} INFO - [2024-03-04T23:26:39.874+0530] {dagbag.py:538} INFO - Filling up the DagBag from /home/arun/.local/lib/python3.10/site-packages/airflow/example_dags/tutorial_taskflow_api.py
[2024-03-04T23:26:39.899+0530] {processor.py:840} INFO - DAG(s) 'tutorial_taskflow_api' retrieved from /home/arun/.local/lib/python3.10/site-packages/airflow/example_dags/tutorial_taskflow_api.py
[2024-03-04T23:26:39.979+0530] {logging_mixin.py:188} INFO - [2024-03-04T23:26:39.978+0530] {dag.py:3036} INFO - Sync 1 DAGs
[2024-03-04T23:26:40.023+0530] {logging_mixin.py:188} INFO - [2024-03-04T23:26:40.022+0530] {dag.py:3823} INFO - Setting next_dagrun for tutorial_taskflow_api to None, run_after=None
[2024-03-04T23:26:40.184+0530] {processor.py:183} INFO - Processing /home/arun/.local/lib/python3.10/site-packages/airflow/example_dags/tutorial_taskflow_api.py took 0.409 seconds
[2024-03-04T23:27:42.563+0530] {processor.py:161} INFO - Started process (PID=10286) to work on /home/arun/.local/lib/python3.10/site-packages/airflow/example_dags/tutorial_taskflow_api.py
[2024-03-04T23:27:42.650+0530] {processor.py:830} INFO - Processing file /home/arun/.local/lib/python3.10/site-packages/airflow/example_dags/tutorial_taskflow_api.py for tasks to queue
[2024-03-04T23:27:42.651+0530] {logging_mixin.py:188} INFO - [2024-03-04T23:27:42.651+0530] {dagbag.py:538} INFO - Filling up the DagBag from /home/arun/.local/lib/python3.10/site-packages/airflow/example_dags/tutorial_taskflow_api.py
[2024-03-04T23:27:42.669+0530] {processor.py:840} INFO - DAG(s) 'tutorial_taskflow_api' retrieved from /home/arun/.local/lib/python3.10/site-packages/airflow/example_dags/tutorial_taskflow_api.py
[2024-03-04T23:27:42.720+0530] {logging_mixin.py:188} INFO - [2024-03-04T23:27:42.719+0530] {dag.py:3036} INFO - Sync 1 DAGs
[2024-03-04T23:27:42.736+0530] {logging_mixin.py:188} INFO - [2024-03-04T23:27:42.736+0530] {dag.py:3823} INFO - Setting next_dagrun for tutorial_taskflow_api to None, run_after=None
[2024-03-04T23:27:42.822+0530] {processor.py:183} INFO - Processing /home/arun/.local/lib/python3.10/site-packages/airflow/example_dags/tutorial_taskflow_api.py took 0.263 seconds
[2024-03-04T23:29:15.059+0530] {processor.py:161} INFO - Started process (PID=10448) to work on /home/arun/.local/lib/python3.10/site-packages/airflow/example_dags/tutorial_taskflow_api.py
[2024-03-04T23:29:15.074+0530] {processor.py:830} INFO - Processing file /home/arun/.local/lib/python3.10/site-packages/airflow/example_dags/tutorial_taskflow_api.py for tasks to queue
[2024-03-04T23:29:15.075+0530] {logging_mixin.py:188} INFO - [2024-03-04T23:29:15.075+0530] {dagbag.py:538} INFO - Filling up the DagBag from /home/arun/.local/lib/python3.10/site-packages/airflow/example_dags/tutorial_taskflow_api.py
[2024-03-04T23:29:15.083+0530] {processor.py:840} INFO - DAG(s) 'tutorial_taskflow_api' retrieved from /home/arun/.local/lib/python3.10/site-packages/airflow/example_dags/tutorial_taskflow_api.py
[2024-03-04T23:29:15.103+0530] {logging_mixin.py:188} INFO - [2024-03-04T23:29:15.103+0530] {dag.py:3036} INFO - Sync 1 DAGs
[2024-03-04T23:29:15.121+0530] {logging_mixin.py:188} INFO - [2024-03-04T23:29:15.121+0530] {dag.py:3823} INFO - Setting next_dagrun for tutorial_taskflow_api to None, run_after=None
[2024-03-04T23:29:15.157+0530] {processor.py:183} INFO - Processing /home/arun/.local/lib/python3.10/site-packages/airflow/example_dags/tutorial_taskflow_api.py took 0.101 seconds
[2024-03-04T23:31:10.194+0530] {processor.py:161} INFO - Started process (PID=10764) to work on /home/arun/.local/lib/python3.10/site-packages/airflow/example_dags/tutorial_taskflow_api.py
[2024-03-04T23:31:10.197+0530] {processor.py:830} INFO - Processing file /home/arun/.local/lib/python3.10/site-packages/airflow/example_dags/tutorial_taskflow_api.py for tasks to queue
[2024-03-04T23:31:10.199+0530] {logging_mixin.py:188} INFO - [2024-03-04T23:31:10.198+0530] {dagbag.py:538} INFO - Filling up the DagBag from /home/arun/.local/lib/python3.10/site-packages/airflow/example_dags/tutorial_taskflow_api.py
[2024-03-04T23:31:10.217+0530] {processor.py:840} INFO - DAG(s) 'tutorial_taskflow_api' retrieved from /home/arun/.local/lib/python3.10/site-packages/airflow/example_dags/tutorial_taskflow_api.py
[2024-03-04T23:31:10.249+0530] {logging_mixin.py:188} INFO - [2024-03-04T23:31:10.248+0530] {dag.py:3036} INFO - Sync 1 DAGs
[2024-03-04T23:31:10.269+0530] {logging_mixin.py:188} INFO - [2024-03-04T23:31:10.269+0530] {dag.py:3823} INFO - Setting next_dagrun for tutorial_taskflow_api to None, run_after=None
[2024-03-04T23:31:10.317+0530] {processor.py:183} INFO - Processing /home/arun/.local/lib/python3.10/site-packages/airflow/example_dags/tutorial_taskflow_api.py took 0.137 seconds
[2024-03-04T23:32:57.738+0530] {processor.py:161} INFO - Started process (PID=10971) to work on /home/arun/.local/lib/python3.10/site-packages/airflow/example_dags/tutorial_taskflow_api.py
[2024-03-04T23:32:57.753+0530] {processor.py:830} INFO - Processing file /home/arun/.local/lib/python3.10/site-packages/airflow/example_dags/tutorial_taskflow_api.py for tasks to queue
[2024-03-04T23:32:57.754+0530] {logging_mixin.py:188} INFO - [2024-03-04T23:32:57.753+0530] {dagbag.py:538} INFO - Filling up the DagBag from /home/arun/.local/lib/python3.10/site-packages/airflow/example_dags/tutorial_taskflow_api.py
[2024-03-04T23:32:57.762+0530] {processor.py:840} INFO - DAG(s) 'tutorial_taskflow_api' retrieved from /home/arun/.local/lib/python3.10/site-packages/airflow/example_dags/tutorial_taskflow_api.py
[2024-03-04T23:32:57.783+0530] {logging_mixin.py:188} INFO - [2024-03-04T23:32:57.783+0530] {dag.py:3036} INFO - Sync 1 DAGs
[2024-03-04T23:32:57.801+0530] {logging_mixin.py:188} INFO - [2024-03-04T23:32:57.801+0530] {dag.py:3823} INFO - Setting next_dagrun for tutorial_taskflow_api to None, run_after=None
[2024-03-04T23:32:57.842+0530] {processor.py:183} INFO - Processing /home/arun/.local/lib/python3.10/site-packages/airflow/example_dags/tutorial_taskflow_api.py took 0.108 seconds
[2024-03-04T23:34:33.767+0530] {processor.py:161} INFO - Started process (PID=11155) to work on /home/arun/.local/lib/python3.10/site-packages/airflow/example_dags/tutorial_taskflow_api.py
[2024-03-04T23:34:33.803+0530] {processor.py:830} INFO - Processing file /home/arun/.local/lib/python3.10/site-packages/airflow/example_dags/tutorial_taskflow_api.py for tasks to queue
[2024-03-04T23:34:33.805+0530] {logging_mixin.py:188} INFO - [2024-03-04T23:34:33.804+0530] {dagbag.py:538} INFO - Filling up the DagBag from /home/arun/.local/lib/python3.10/site-packages/airflow/example_dags/tutorial_taskflow_api.py
[2024-03-04T23:34:33.812+0530] {processor.py:840} INFO - DAG(s) 'tutorial_taskflow_api' retrieved from /home/arun/.local/lib/python3.10/site-packages/airflow/example_dags/tutorial_taskflow_api.py
[2024-03-04T23:34:33.835+0530] {logging_mixin.py:188} INFO - [2024-03-04T23:34:33.834+0530] {dag.py:3036} INFO - Sync 1 DAGs
[2024-03-04T23:34:33.853+0530] {logging_mixin.py:188} INFO - [2024-03-04T23:34:33.852+0530] {dag.py:3823} INFO - Setting next_dagrun for tutorial_taskflow_api to None, run_after=None
[2024-03-04T23:34:33.906+0530] {processor.py:183} INFO - Processing /home/arun/.local/lib/python3.10/site-packages/airflow/example_dags/tutorial_taskflow_api.py took 0.144 seconds
[2024-03-04T23:35:27.594+0530] {processor.py:161} INFO - Started process (PID=11251) to work on /home/arun/.local/lib/python3.10/site-packages/airflow/example_dags/tutorial_taskflow_api.py
[2024-03-04T23:35:27.595+0530] {processor.py:830} INFO - Processing file /home/arun/.local/lib/python3.10/site-packages/airflow/example_dags/tutorial_taskflow_api.py for tasks to queue
[2024-03-04T23:35:27.597+0530] {logging_mixin.py:188} INFO - [2024-03-04T23:35:27.596+0530] {dagbag.py:538} INFO - Filling up the DagBag from /home/arun/.local/lib/python3.10/site-packages/airflow/example_dags/tutorial_taskflow_api.py
[2024-03-04T23:35:27.605+0530] {processor.py:840} INFO - DAG(s) 'tutorial_taskflow_api' retrieved from /home/arun/.local/lib/python3.10/site-packages/airflow/example_dags/tutorial_taskflow_api.py
[2024-03-04T23:35:27.626+0530] {logging_mixin.py:188} INFO - [2024-03-04T23:35:27.626+0530] {dag.py:3036} INFO - Sync 1 DAGs
[2024-03-04T23:35:27.643+0530] {logging_mixin.py:188} INFO - [2024-03-04T23:35:27.643+0530] {dag.py:3823} INFO - Setting next_dagrun for tutorial_taskflow_api to None, run_after=None
[2024-03-04T23:35:27.677+0530] {processor.py:183} INFO - Processing /home/arun/.local/lib/python3.10/site-packages/airflow/example_dags/tutorial_taskflow_api.py took 0.088 seconds
