[2024-03-04T18:28:35.238+0530] {processor.py:161} INFO - Started process (PID=11879) to work on /home/arun/.local/lib/python3.10/site-packages/airflow/example_dags/tutorial_objectstorage.py
[2024-03-04T18:28:35.239+0530] {processor.py:830} INFO - Processing file /home/arun/.local/lib/python3.10/site-packages/airflow/example_dags/tutorial_objectstorage.py for tasks to queue
[2024-03-04T18:28:35.240+0530] {logging_mixin.py:188} INFO - [2024-03-04T18:28:35.240+0530] {dagbag.py:538} INFO - Filling up the DagBag from /home/arun/.local/lib/python3.10/site-packages/airflow/example_dags/tutorial_objectstorage.py
[2024-03-04T18:28:35.253+0530] {processor.py:840} INFO - DAG(s) 'tutorial_objectstorage' retrieved from /home/arun/.local/lib/python3.10/site-packages/airflow/example_dags/tutorial_objectstorage.py
[2024-03-04T18:28:35.263+0530] {logging_mixin.py:188} INFO - [2024-03-04T18:28:35.262+0530] {dag.py:3036} INFO - Sync 1 DAGs
[2024-03-04T18:28:35.281+0530] {logging_mixin.py:188} INFO - [2024-03-04T18:28:35.280+0530] {dag.py:3823} INFO - Setting next_dagrun for tutorial_objectstorage to None, run_after=None
[2024-03-04T18:28:35.409+0530] {processor.py:183} INFO - Processing /home/arun/.local/lib/python3.10/site-packages/airflow/example_dags/tutorial_objectstorage.py took 0.175 seconds
[2024-03-04T18:30:51.997+0530] {processor.py:161} INFO - Started process (PID=12034) to work on /home/arun/.local/lib/python3.10/site-packages/airflow/example_dags/tutorial_objectstorage.py
[2024-03-04T18:30:52.000+0530] {processor.py:830} INFO - Processing file /home/arun/.local/lib/python3.10/site-packages/airflow/example_dags/tutorial_objectstorage.py for tasks to queue
[2024-03-04T18:30:52.002+0530] {logging_mixin.py:188} INFO - [2024-03-04T18:30:52.001+0530] {dagbag.py:538} INFO - Filling up the DagBag from /home/arun/.local/lib/python3.10/site-packages/airflow/example_dags/tutorial_objectstorage.py
[2024-03-04T18:30:52.012+0530] {processor.py:840} INFO - DAG(s) 'tutorial_objectstorage' retrieved from /home/arun/.local/lib/python3.10/site-packages/airflow/example_dags/tutorial_objectstorage.py
[2024-03-04T18:30:52.134+0530] {logging_mixin.py:188} INFO - [2024-03-04T18:30:52.133+0530] {dag.py:3036} INFO - Sync 1 DAGs
[2024-03-04T18:30:52.146+0530] {logging_mixin.py:188} INFO - [2024-03-04T18:30:52.145+0530] {dag.py:3823} INFO - Setting next_dagrun for tutorial_objectstorage to None, run_after=None
[2024-03-04T18:30:52.171+0530] {processor.py:183} INFO - Processing /home/arun/.local/lib/python3.10/site-packages/airflow/example_dags/tutorial_objectstorage.py took 0.178 seconds
[2024-03-04T18:32:00.432+0530] {processor.py:161} INFO - Started process (PID=12115) to work on /home/arun/.local/lib/python3.10/site-packages/airflow/example_dags/tutorial_objectstorage.py
[2024-03-04T18:32:00.435+0530] {processor.py:830} INFO - Processing file /home/arun/.local/lib/python3.10/site-packages/airflow/example_dags/tutorial_objectstorage.py for tasks to queue
[2024-03-04T18:32:00.436+0530] {logging_mixin.py:188} INFO - [2024-03-04T18:32:00.436+0530] {dagbag.py:538} INFO - Filling up the DagBag from /home/arun/.local/lib/python3.10/site-packages/airflow/example_dags/tutorial_objectstorage.py
[2024-03-04T18:32:00.445+0530] {processor.py:840} INFO - DAG(s) 'tutorial_objectstorage' retrieved from /home/arun/.local/lib/python3.10/site-packages/airflow/example_dags/tutorial_objectstorage.py
[2024-03-04T18:32:00.461+0530] {logging_mixin.py:188} INFO - [2024-03-04T18:32:00.461+0530] {dag.py:3036} INFO - Sync 1 DAGs
[2024-03-04T18:32:00.475+0530] {logging_mixin.py:188} INFO - [2024-03-04T18:32:00.475+0530] {dag.py:3823} INFO - Setting next_dagrun for tutorial_objectstorage to None, run_after=None
[2024-03-04T18:32:00.504+0530] {processor.py:183} INFO - Processing /home/arun/.local/lib/python3.10/site-packages/airflow/example_dags/tutorial_objectstorage.py took 0.076 seconds
[2024-03-04T18:33:55.139+0530] {processor.py:161} INFO - Started process (PID=12237) to work on /home/arun/.local/lib/python3.10/site-packages/airflow/example_dags/tutorial_objectstorage.py
[2024-03-04T18:33:55.141+0530] {processor.py:830} INFO - Processing file /home/arun/.local/lib/python3.10/site-packages/airflow/example_dags/tutorial_objectstorage.py for tasks to queue
[2024-03-04T18:33:55.142+0530] {logging_mixin.py:188} INFO - [2024-03-04T18:33:55.142+0530] {dagbag.py:538} INFO - Filling up the DagBag from /home/arun/.local/lib/python3.10/site-packages/airflow/example_dags/tutorial_objectstorage.py
[2024-03-04T18:33:55.151+0530] {processor.py:840} INFO - DAG(s) 'tutorial_objectstorage' retrieved from /home/arun/.local/lib/python3.10/site-packages/airflow/example_dags/tutorial_objectstorage.py
[2024-03-04T18:33:55.170+0530] {logging_mixin.py:188} INFO - [2024-03-04T18:33:55.169+0530] {dag.py:3036} INFO - Sync 1 DAGs
[2024-03-04T18:33:55.190+0530] {logging_mixin.py:188} INFO - [2024-03-04T18:33:55.189+0530] {dag.py:3823} INFO - Setting next_dagrun for tutorial_objectstorage to None, run_after=None
[2024-03-04T18:33:55.515+0530] {processor.py:183} INFO - Processing /home/arun/.local/lib/python3.10/site-packages/airflow/example_dags/tutorial_objectstorage.py took 0.378 seconds
[2024-03-04T18:35:04.198+0530] {processor.py:161} INFO - Started process (PID=12325) to work on /home/arun/.local/lib/python3.10/site-packages/airflow/example_dags/tutorial_objectstorage.py
[2024-03-04T18:35:04.240+0530] {processor.py:830} INFO - Processing file /home/arun/.local/lib/python3.10/site-packages/airflow/example_dags/tutorial_objectstorage.py for tasks to queue
[2024-03-04T18:35:04.244+0530] {logging_mixin.py:188} INFO - [2024-03-04T18:35:04.242+0530] {dagbag.py:538} INFO - Filling up the DagBag from /home/arun/.local/lib/python3.10/site-packages/airflow/example_dags/tutorial_objectstorage.py
[2024-03-04T18:35:04.260+0530] {processor.py:840} INFO - DAG(s) 'tutorial_objectstorage' retrieved from /home/arun/.local/lib/python3.10/site-packages/airflow/example_dags/tutorial_objectstorage.py
[2024-03-04T18:35:04.277+0530] {logging_mixin.py:188} INFO - [2024-03-04T18:35:04.277+0530] {dag.py:3036} INFO - Sync 1 DAGs
[2024-03-04T18:35:04.290+0530] {logging_mixin.py:188} INFO - [2024-03-04T18:35:04.290+0530] {dag.py:3823} INFO - Setting next_dagrun for tutorial_objectstorage to None, run_after=None
[2024-03-04T18:35:04.324+0530] {processor.py:183} INFO - Processing /home/arun/.local/lib/python3.10/site-packages/airflow/example_dags/tutorial_objectstorage.py took 0.130 seconds
[2024-03-04T18:36:22.876+0530] {processor.py:161} INFO - Started process (PID=12416) to work on /home/arun/.local/lib/python3.10/site-packages/airflow/example_dags/tutorial_objectstorage.py
[2024-03-04T18:36:22.878+0530] {processor.py:830} INFO - Processing file /home/arun/.local/lib/python3.10/site-packages/airflow/example_dags/tutorial_objectstorage.py for tasks to queue
[2024-03-04T18:36:22.879+0530] {logging_mixin.py:188} INFO - [2024-03-04T18:36:22.879+0530] {dagbag.py:538} INFO - Filling up the DagBag from /home/arun/.local/lib/python3.10/site-packages/airflow/example_dags/tutorial_objectstorage.py
[2024-03-04T18:36:22.890+0530] {processor.py:840} INFO - DAG(s) 'tutorial_objectstorage' retrieved from /home/arun/.local/lib/python3.10/site-packages/airflow/example_dags/tutorial_objectstorage.py
[2024-03-04T18:36:22.911+0530] {logging_mixin.py:188} INFO - [2024-03-04T18:36:22.911+0530] {dag.py:3036} INFO - Sync 1 DAGs
[2024-03-04T18:36:22.930+0530] {logging_mixin.py:188} INFO - [2024-03-04T18:36:22.930+0530] {dag.py:3823} INFO - Setting next_dagrun for tutorial_objectstorage to None, run_after=None
[2024-03-04T18:36:22.968+0530] {processor.py:183} INFO - Processing /home/arun/.local/lib/python3.10/site-packages/airflow/example_dags/tutorial_objectstorage.py took 0.095 seconds
[2024-03-04T18:37:24.400+0530] {processor.py:161} INFO - Started process (PID=12481) to work on /home/arun/.local/lib/python3.10/site-packages/airflow/example_dags/tutorial_objectstorage.py
[2024-03-04T18:37:24.403+0530] {processor.py:830} INFO - Processing file /home/arun/.local/lib/python3.10/site-packages/airflow/example_dags/tutorial_objectstorage.py for tasks to queue
[2024-03-04T18:37:24.404+0530] {logging_mixin.py:188} INFO - [2024-03-04T18:37:24.403+0530] {dagbag.py:538} INFO - Filling up the DagBag from /home/arun/.local/lib/python3.10/site-packages/airflow/example_dags/tutorial_objectstorage.py
[2024-03-04T18:37:24.436+0530] {processor.py:840} INFO - DAG(s) 'tutorial_objectstorage' retrieved from /home/arun/.local/lib/python3.10/site-packages/airflow/example_dags/tutorial_objectstorage.py
[2024-03-04T18:37:24.476+0530] {logging_mixin.py:188} INFO - [2024-03-04T18:37:24.475+0530] {dag.py:3036} INFO - Sync 1 DAGs
[2024-03-04T18:37:24.523+0530] {logging_mixin.py:188} INFO - [2024-03-04T18:37:24.523+0530] {dag.py:3823} INFO - Setting next_dagrun for tutorial_objectstorage to None, run_after=None
[2024-03-04T18:37:24.619+0530] {processor.py:183} INFO - Processing /home/arun/.local/lib/python3.10/site-packages/airflow/example_dags/tutorial_objectstorage.py took 0.224 seconds
[2024-03-04T18:38:17.199+0530] {processor.py:161} INFO - Started process (PID=12546) to work on /home/arun/.local/lib/python3.10/site-packages/airflow/example_dags/tutorial_objectstorage.py
[2024-03-04T18:38:17.238+0530] {processor.py:830} INFO - Processing file /home/arun/.local/lib/python3.10/site-packages/airflow/example_dags/tutorial_objectstorage.py for tasks to queue
[2024-03-04T18:38:17.239+0530] {logging_mixin.py:188} INFO - [2024-03-04T18:38:17.239+0530] {dagbag.py:538} INFO - Filling up the DagBag from /home/arun/.local/lib/python3.10/site-packages/airflow/example_dags/tutorial_objectstorage.py
[2024-03-04T18:38:17.264+0530] {processor.py:840} INFO - DAG(s) 'tutorial_objectstorage' retrieved from /home/arun/.local/lib/python3.10/site-packages/airflow/example_dags/tutorial_objectstorage.py
[2024-03-04T18:38:17.304+0530] {logging_mixin.py:188} INFO - [2024-03-04T18:38:17.303+0530] {dag.py:3036} INFO - Sync 1 DAGs
[2024-03-04T18:38:17.350+0530] {logging_mixin.py:188} INFO - [2024-03-04T18:38:17.350+0530] {dag.py:3823} INFO - Setting next_dagrun for tutorial_objectstorage to None, run_after=None
[2024-03-04T18:38:17.429+0530] {processor.py:183} INFO - Processing /home/arun/.local/lib/python3.10/site-packages/airflow/example_dags/tutorial_objectstorage.py took 0.238 seconds
[2024-03-04T18:40:11.791+0530] {processor.py:161} INFO - Started process (PID=12665) to work on /home/arun/.local/lib/python3.10/site-packages/airflow/example_dags/tutorial_objectstorage.py
[2024-03-04T18:40:11.820+0530] {processor.py:830} INFO - Processing file /home/arun/.local/lib/python3.10/site-packages/airflow/example_dags/tutorial_objectstorage.py for tasks to queue
[2024-03-04T18:40:11.832+0530] {logging_mixin.py:188} INFO - [2024-03-04T18:40:11.831+0530] {dagbag.py:538} INFO - Filling up the DagBag from /home/arun/.local/lib/python3.10/site-packages/airflow/example_dags/tutorial_objectstorage.py
[2024-03-04T18:40:11.845+0530] {processor.py:840} INFO - DAG(s) 'tutorial_objectstorage' retrieved from /home/arun/.local/lib/python3.10/site-packages/airflow/example_dags/tutorial_objectstorage.py
[2024-03-04T18:40:11.888+0530] {logging_mixin.py:188} INFO - [2024-03-04T18:40:11.887+0530] {dag.py:3036} INFO - Sync 1 DAGs
[2024-03-04T18:40:11.921+0530] {logging_mixin.py:188} INFO - [2024-03-04T18:40:11.921+0530] {dag.py:3823} INFO - Setting next_dagrun for tutorial_objectstorage to None, run_after=None
[2024-03-04T18:40:12.024+0530] {processor.py:183} INFO - Processing /home/arun/.local/lib/python3.10/site-packages/airflow/example_dags/tutorial_objectstorage.py took 0.243 seconds
[2024-03-04T18:41:40.220+0530] {processor.py:161} INFO - Started process (PID=12801) to work on /home/arun/.local/lib/python3.10/site-packages/airflow/example_dags/tutorial_objectstorage.py
[2024-03-04T18:41:40.221+0530] {processor.py:830} INFO - Processing file /home/arun/.local/lib/python3.10/site-packages/airflow/example_dags/tutorial_objectstorage.py for tasks to queue
[2024-03-04T18:41:40.222+0530] {logging_mixin.py:188} INFO - [2024-03-04T18:41:40.222+0530] {dagbag.py:538} INFO - Filling up the DagBag from /home/arun/.local/lib/python3.10/site-packages/airflow/example_dags/tutorial_objectstorage.py
[2024-03-04T18:41:40.231+0530] {processor.py:840} INFO - DAG(s) 'tutorial_objectstorage' retrieved from /home/arun/.local/lib/python3.10/site-packages/airflow/example_dags/tutorial_objectstorage.py
[2024-03-04T18:41:40.248+0530] {logging_mixin.py:188} INFO - [2024-03-04T18:41:40.248+0530] {dag.py:3036} INFO - Sync 1 DAGs
[2024-03-04T18:41:40.262+0530] {logging_mixin.py:188} INFO - [2024-03-04T18:41:40.262+0530] {dag.py:3823} INFO - Setting next_dagrun for tutorial_objectstorage to None, run_after=None
[2024-03-04T18:41:40.295+0530] {processor.py:183} INFO - Processing /home/arun/.local/lib/python3.10/site-packages/airflow/example_dags/tutorial_objectstorage.py took 0.079 seconds
[2024-03-04T18:42:47.794+0530] {processor.py:161} INFO - Started process (PID=13169) to work on /home/arun/.local/lib/python3.10/site-packages/airflow/example_dags/tutorial_objectstorage.py
[2024-03-04T18:42:47.830+0530] {processor.py:830} INFO - Processing file /home/arun/.local/lib/python3.10/site-packages/airflow/example_dags/tutorial_objectstorage.py for tasks to queue
[2024-03-04T18:42:47.832+0530] {logging_mixin.py:188} INFO - [2024-03-04T18:42:47.831+0530] {dagbag.py:538} INFO - Filling up the DagBag from /home/arun/.local/lib/python3.10/site-packages/airflow/example_dags/tutorial_objectstorage.py
[2024-03-04T18:42:47.894+0530] {processor.py:840} INFO - DAG(s) 'tutorial_objectstorage' retrieved from /home/arun/.local/lib/python3.10/site-packages/airflow/example_dags/tutorial_objectstorage.py
[2024-03-04T18:42:47.928+0530] {logging_mixin.py:188} INFO - [2024-03-04T18:42:47.928+0530] {dag.py:3036} INFO - Sync 1 DAGs
[2024-03-04T18:42:47.950+0530] {logging_mixin.py:188} INFO - [2024-03-04T18:42:47.950+0530] {dag.py:3823} INFO - Setting next_dagrun for tutorial_objectstorage to None, run_after=None
[2024-03-04T18:42:48.225+0530] {processor.py:183} INFO - Processing /home/arun/.local/lib/python3.10/site-packages/airflow/example_dags/tutorial_objectstorage.py took 0.456 seconds
[2024-03-04T18:44:22.037+0530] {processor.py:161} INFO - Started process (PID=13537) to work on /home/arun/.local/lib/python3.10/site-packages/airflow/example_dags/tutorial_objectstorage.py
[2024-03-04T18:44:22.092+0530] {processor.py:830} INFO - Processing file /home/arun/.local/lib/python3.10/site-packages/airflow/example_dags/tutorial_objectstorage.py for tasks to queue
[2024-03-04T18:44:22.094+0530] {logging_mixin.py:188} INFO - [2024-03-04T18:44:22.093+0530] {dagbag.py:538} INFO - Filling up the DagBag from /home/arun/.local/lib/python3.10/site-packages/airflow/example_dags/tutorial_objectstorage.py
[2024-03-04T18:44:22.109+0530] {processor.py:840} INFO - DAG(s) 'tutorial_objectstorage' retrieved from /home/arun/.local/lib/python3.10/site-packages/airflow/example_dags/tutorial_objectstorage.py
[2024-03-04T18:44:22.174+0530] {logging_mixin.py:188} INFO - [2024-03-04T18:44:22.159+0530] {dag.py:3036} INFO - Sync 1 DAGs
[2024-03-04T18:44:22.223+0530] {logging_mixin.py:188} INFO - [2024-03-04T18:44:22.222+0530] {dag.py:3823} INFO - Setting next_dagrun for tutorial_objectstorage to None, run_after=None
[2024-03-04T18:44:22.510+0530] {processor.py:183} INFO - Processing /home/arun/.local/lib/python3.10/site-packages/airflow/example_dags/tutorial_objectstorage.py took 0.479 seconds
[2024-03-04T18:46:48.084+0530] {processor.py:161} INFO - Started process (PID=13973) to work on /home/arun/.local/lib/python3.10/site-packages/airflow/example_dags/tutorial_objectstorage.py
[2024-03-04T18:46:48.117+0530] {processor.py:830} INFO - Processing file /home/arun/.local/lib/python3.10/site-packages/airflow/example_dags/tutorial_objectstorage.py for tasks to queue
[2024-03-04T18:46:48.118+0530] {logging_mixin.py:188} INFO - [2024-03-04T18:46:48.118+0530] {dagbag.py:538} INFO - Filling up the DagBag from /home/arun/.local/lib/python3.10/site-packages/airflow/example_dags/tutorial_objectstorage.py
[2024-03-04T18:46:48.128+0530] {processor.py:840} INFO - DAG(s) 'tutorial_objectstorage' retrieved from /home/arun/.local/lib/python3.10/site-packages/airflow/example_dags/tutorial_objectstorage.py
[2024-03-04T18:46:48.148+0530] {logging_mixin.py:188} INFO - [2024-03-04T18:46:48.148+0530] {dag.py:3036} INFO - Sync 1 DAGs
[2024-03-04T18:46:48.167+0530] {logging_mixin.py:188} INFO - [2024-03-04T18:46:48.167+0530] {dag.py:3823} INFO - Setting next_dagrun for tutorial_objectstorage to None, run_after=None
[2024-03-04T18:46:48.202+0530] {processor.py:183} INFO - Processing /home/arun/.local/lib/python3.10/site-packages/airflow/example_dags/tutorial_objectstorage.py took 0.123 seconds
[2024-03-04T18:54:09.998+0530] {processor.py:161} INFO - Started process (PID=5614) to work on /home/arun/.local/lib/python3.10/site-packages/airflow/example_dags/tutorial_objectstorage.py
[2024-03-04T18:54:10.139+0530] {processor.py:830} INFO - Processing file /home/arun/.local/lib/python3.10/site-packages/airflow/example_dags/tutorial_objectstorage.py for tasks to queue
[2024-03-04T18:54:10.141+0530] {logging_mixin.py:188} INFO - [2024-03-04T18:54:10.140+0530] {dagbag.py:538} INFO - Filling up the DagBag from /home/arun/.local/lib/python3.10/site-packages/airflow/example_dags/tutorial_objectstorage.py
[2024-03-04T18:54:10.160+0530] {processor.py:840} INFO - DAG(s) 'tutorial_objectstorage' retrieved from /home/arun/.local/lib/python3.10/site-packages/airflow/example_dags/tutorial_objectstorage.py
[2024-03-04T18:54:10.493+0530] {logging_mixin.py:188} INFO - [2024-03-04T18:54:10.493+0530] {dag.py:3036} INFO - Sync 1 DAGs
[2024-03-04T18:54:10.528+0530] {logging_mixin.py:188} INFO - [2024-03-04T18:54:10.528+0530] {dag.py:3823} INFO - Setting next_dagrun for tutorial_objectstorage to None, run_after=None
[2024-03-04T18:54:10.586+0530] {processor.py:183} INFO - Processing /home/arun/.local/lib/python3.10/site-packages/airflow/example_dags/tutorial_objectstorage.py took 0.594 seconds
[2024-03-04T18:56:33.077+0530] {processor.py:161} INFO - Started process (PID=5935) to work on /home/arun/.local/lib/python3.10/site-packages/airflow/example_dags/tutorial_objectstorage.py
[2024-03-04T18:56:33.112+0530] {processor.py:830} INFO - Processing file /home/arun/.local/lib/python3.10/site-packages/airflow/example_dags/tutorial_objectstorage.py for tasks to queue
[2024-03-04T18:56:33.114+0530] {logging_mixin.py:188} INFO - [2024-03-04T18:56:33.113+0530] {dagbag.py:538} INFO - Filling up the DagBag from /home/arun/.local/lib/python3.10/site-packages/airflow/example_dags/tutorial_objectstorage.py
[2024-03-04T18:56:33.139+0530] {processor.py:840} INFO - DAG(s) 'tutorial_objectstorage' retrieved from /home/arun/.local/lib/python3.10/site-packages/airflow/example_dags/tutorial_objectstorage.py
[2024-03-04T18:56:33.218+0530] {logging_mixin.py:188} INFO - [2024-03-04T18:56:33.218+0530] {dag.py:3036} INFO - Sync 1 DAGs
[2024-03-04T18:56:33.237+0530] {logging_mixin.py:188} INFO - [2024-03-04T18:56:33.237+0530] {dag.py:3823} INFO - Setting next_dagrun for tutorial_objectstorage to None, run_after=None
[2024-03-04T18:56:33.307+0530] {processor.py:183} INFO - Processing /home/arun/.local/lib/python3.10/site-packages/airflow/example_dags/tutorial_objectstorage.py took 0.241 seconds
[2024-03-04T18:57:44.449+0530] {processor.py:161} INFO - Started process (PID=6001) to work on /home/arun/.local/lib/python3.10/site-packages/airflow/example_dags/tutorial_objectstorage.py
[2024-03-04T18:57:44.463+0530] {processor.py:830} INFO - Processing file /home/arun/.local/lib/python3.10/site-packages/airflow/example_dags/tutorial_objectstorage.py for tasks to queue
[2024-03-04T18:57:44.465+0530] {logging_mixin.py:188} INFO - [2024-03-04T18:57:44.464+0530] {dagbag.py:538} INFO - Filling up the DagBag from /home/arun/.local/lib/python3.10/site-packages/airflow/example_dags/tutorial_objectstorage.py
[2024-03-04T18:57:44.485+0530] {processor.py:840} INFO - DAG(s) 'tutorial_objectstorage' retrieved from /home/arun/.local/lib/python3.10/site-packages/airflow/example_dags/tutorial_objectstorage.py
[2024-03-04T18:57:44.528+0530] {logging_mixin.py:188} INFO - [2024-03-04T18:57:44.528+0530] {dag.py:3036} INFO - Sync 1 DAGs
[2024-03-04T18:57:44.572+0530] {logging_mixin.py:188} INFO - [2024-03-04T18:57:44.571+0530] {dag.py:3823} INFO - Setting next_dagrun for tutorial_objectstorage to None, run_after=None
[2024-03-04T18:57:44.691+0530] {processor.py:183} INFO - Processing /home/arun/.local/lib/python3.10/site-packages/airflow/example_dags/tutorial_objectstorage.py took 0.251 seconds
[2024-03-04T18:58:45.053+0530] {processor.py:161} INFO - Started process (PID=6305) to work on /home/arun/.local/lib/python3.10/site-packages/airflow/example_dags/tutorial_objectstorage.py
[2024-03-04T18:58:45.108+0530] {processor.py:830} INFO - Processing file /home/arun/.local/lib/python3.10/site-packages/airflow/example_dags/tutorial_objectstorage.py for tasks to queue
[2024-03-04T18:58:45.111+0530] {logging_mixin.py:188} INFO - [2024-03-04T18:58:45.109+0530] {dagbag.py:538} INFO - Filling up the DagBag from /home/arun/.local/lib/python3.10/site-packages/airflow/example_dags/tutorial_objectstorage.py
[2024-03-04T18:58:45.153+0530] {processor.py:840} INFO - DAG(s) 'tutorial_objectstorage' retrieved from /home/arun/.local/lib/python3.10/site-packages/airflow/example_dags/tutorial_objectstorage.py
[2024-03-04T18:58:45.199+0530] {logging_mixin.py:188} INFO - [2024-03-04T18:58:45.199+0530] {dag.py:3036} INFO - Sync 1 DAGs
[2024-03-04T18:58:45.234+0530] {logging_mixin.py:188} INFO - [2024-03-04T18:58:45.234+0530] {dag.py:3823} INFO - Setting next_dagrun for tutorial_objectstorage to None, run_after=None
[2024-03-04T18:58:45.481+0530] {processor.py:183} INFO - Processing /home/arun/.local/lib/python3.10/site-packages/airflow/example_dags/tutorial_objectstorage.py took 0.443 seconds
[2024-03-04T18:59:52.817+0530] {processor.py:161} INFO - Started process (PID=6383) to work on /home/arun/.local/lib/python3.10/site-packages/airflow/example_dags/tutorial_objectstorage.py
[2024-03-04T18:59:52.867+0530] {processor.py:830} INFO - Processing file /home/arun/.local/lib/python3.10/site-packages/airflow/example_dags/tutorial_objectstorage.py for tasks to queue
[2024-03-04T18:59:52.872+0530] {logging_mixin.py:188} INFO - [2024-03-04T18:59:52.871+0530] {dagbag.py:538} INFO - Filling up the DagBag from /home/arun/.local/lib/python3.10/site-packages/airflow/example_dags/tutorial_objectstorage.py
[2024-03-04T18:59:52.915+0530] {processor.py:840} INFO - DAG(s) 'tutorial_objectstorage' retrieved from /home/arun/.local/lib/python3.10/site-packages/airflow/example_dags/tutorial_objectstorage.py
[2024-03-04T18:59:52.998+0530] {logging_mixin.py:188} INFO - [2024-03-04T18:59:52.998+0530] {dag.py:3036} INFO - Sync 1 DAGs
[2024-03-04T18:59:53.033+0530] {logging_mixin.py:188} INFO - [2024-03-04T18:59:53.032+0530] {dag.py:3823} INFO - Setting next_dagrun for tutorial_objectstorage to None, run_after=None
[2024-03-04T18:59:53.142+0530] {processor.py:183} INFO - Processing /home/arun/.local/lib/python3.10/site-packages/airflow/example_dags/tutorial_objectstorage.py took 0.333 seconds
[2024-03-04T19:00:48.051+0530] {processor.py:161} INFO - Started process (PID=6492) to work on /home/arun/.local/lib/python3.10/site-packages/airflow/example_dags/tutorial_objectstorage.py
[2024-03-04T19:00:48.091+0530] {processor.py:830} INFO - Processing file /home/arun/.local/lib/python3.10/site-packages/airflow/example_dags/tutorial_objectstorage.py for tasks to queue
[2024-03-04T19:00:48.093+0530] {logging_mixin.py:188} INFO - [2024-03-04T19:00:48.092+0530] {dagbag.py:538} INFO - Filling up the DagBag from /home/arun/.local/lib/python3.10/site-packages/airflow/example_dags/tutorial_objectstorage.py
[2024-03-04T19:00:48.108+0530] {processor.py:840} INFO - DAG(s) 'tutorial_objectstorage' retrieved from /home/arun/.local/lib/python3.10/site-packages/airflow/example_dags/tutorial_objectstorage.py
[2024-03-04T19:00:48.131+0530] {logging_mixin.py:188} INFO - [2024-03-04T19:00:48.130+0530] {dag.py:3036} INFO - Sync 1 DAGs
[2024-03-04T19:00:48.147+0530] {logging_mixin.py:188} INFO - [2024-03-04T19:00:48.147+0530] {dag.py:3823} INFO - Setting next_dagrun for tutorial_objectstorage to None, run_after=None
[2024-03-04T19:00:48.232+0530] {processor.py:183} INFO - Processing /home/arun/.local/lib/python3.10/site-packages/airflow/example_dags/tutorial_objectstorage.py took 0.187 seconds
[2024-03-04T19:01:47.078+0530] {processor.py:161} INFO - Started process (PID=6632) to work on /home/arun/.local/lib/python3.10/site-packages/airflow/example_dags/tutorial_objectstorage.py
[2024-03-04T19:01:47.081+0530] {processor.py:830} INFO - Processing file /home/arun/.local/lib/python3.10/site-packages/airflow/example_dags/tutorial_objectstorage.py for tasks to queue
[2024-03-04T19:01:47.083+0530] {logging_mixin.py:188} INFO - [2024-03-04T19:01:47.082+0530] {dagbag.py:538} INFO - Filling up the DagBag from /home/arun/.local/lib/python3.10/site-packages/airflow/example_dags/tutorial_objectstorage.py
[2024-03-04T19:01:47.107+0530] {processor.py:840} INFO - DAG(s) 'tutorial_objectstorage' retrieved from /home/arun/.local/lib/python3.10/site-packages/airflow/example_dags/tutorial_objectstorage.py
[2024-03-04T19:01:47.180+0530] {logging_mixin.py:188} INFO - [2024-03-04T19:01:47.180+0530] {dag.py:3036} INFO - Sync 1 DAGs
[2024-03-04T19:01:47.237+0530] {logging_mixin.py:188} INFO - [2024-03-04T19:01:47.237+0530] {dag.py:3823} INFO - Setting next_dagrun for tutorial_objectstorage to None, run_after=None
[2024-03-04T19:01:47.399+0530] {processor.py:183} INFO - Processing /home/arun/.local/lib/python3.10/site-packages/airflow/example_dags/tutorial_objectstorage.py took 0.329 seconds
[2024-03-04T19:04:39.731+0530] {processor.py:161} INFO - Started process (PID=6836) to work on /home/arun/.local/lib/python3.10/site-packages/airflow/example_dags/tutorial_objectstorage.py
[2024-03-04T19:04:39.783+0530] {processor.py:830} INFO - Processing file /home/arun/.local/lib/python3.10/site-packages/airflow/example_dags/tutorial_objectstorage.py for tasks to queue
[2024-03-04T19:04:39.788+0530] {logging_mixin.py:188} INFO - [2024-03-04T19:04:39.787+0530] {dagbag.py:538} INFO - Filling up the DagBag from /home/arun/.local/lib/python3.10/site-packages/airflow/example_dags/tutorial_objectstorage.py
[2024-03-04T19:04:39.813+0530] {processor.py:840} INFO - DAG(s) 'tutorial_objectstorage' retrieved from /home/arun/.local/lib/python3.10/site-packages/airflow/example_dags/tutorial_objectstorage.py
[2024-03-04T19:04:39.870+0530] {logging_mixin.py:188} INFO - [2024-03-04T19:04:39.870+0530] {dag.py:3036} INFO - Sync 1 DAGs
[2024-03-04T19:04:39.899+0530] {logging_mixin.py:188} INFO - [2024-03-04T19:04:39.898+0530] {dag.py:3823} INFO - Setting next_dagrun for tutorial_objectstorage to None, run_after=None
[2024-03-04T19:04:40.055+0530] {processor.py:183} INFO - Processing /home/arun/.local/lib/python3.10/site-packages/airflow/example_dags/tutorial_objectstorage.py took 0.356 seconds
[2024-03-04T19:05:38.055+0530] {processor.py:161} INFO - Started process (PID=6923) to work on /home/arun/.local/lib/python3.10/site-packages/airflow/example_dags/tutorial_objectstorage.py
[2024-03-04T19:05:38.057+0530] {processor.py:830} INFO - Processing file /home/arun/.local/lib/python3.10/site-packages/airflow/example_dags/tutorial_objectstorage.py for tasks to queue
[2024-03-04T19:05:38.059+0530] {logging_mixin.py:188} INFO - [2024-03-04T19:05:38.058+0530] {dagbag.py:538} INFO - Filling up the DagBag from /home/arun/.local/lib/python3.10/site-packages/airflow/example_dags/tutorial_objectstorage.py
[2024-03-04T19:05:38.070+0530] {processor.py:840} INFO - DAG(s) 'tutorial_objectstorage' retrieved from /home/arun/.local/lib/python3.10/site-packages/airflow/example_dags/tutorial_objectstorage.py
[2024-03-04T19:05:38.093+0530] {logging_mixin.py:188} INFO - [2024-03-04T19:05:38.093+0530] {dag.py:3036} INFO - Sync 1 DAGs
[2024-03-04T19:05:38.116+0530] {logging_mixin.py:188} INFO - [2024-03-04T19:05:38.116+0530] {dag.py:3823} INFO - Setting next_dagrun for tutorial_objectstorage to None, run_after=None
[2024-03-04T19:05:38.158+0530] {processor.py:183} INFO - Processing /home/arun/.local/lib/python3.10/site-packages/airflow/example_dags/tutorial_objectstorage.py took 0.107 seconds
[2024-03-04T19:06:35.915+0530] {processor.py:161} INFO - Started process (PID=7065) to work on /home/arun/.local/lib/python3.10/site-packages/airflow/example_dags/tutorial_objectstorage.py
[2024-03-04T19:06:35.921+0530] {processor.py:830} INFO - Processing file /home/arun/.local/lib/python3.10/site-packages/airflow/example_dags/tutorial_objectstorage.py for tasks to queue
[2024-03-04T19:06:35.924+0530] {logging_mixin.py:188} INFO - [2024-03-04T19:06:35.922+0530] {dagbag.py:538} INFO - Filling up the DagBag from /home/arun/.local/lib/python3.10/site-packages/airflow/example_dags/tutorial_objectstorage.py
[2024-03-04T19:06:35.971+0530] {processor.py:840} INFO - DAG(s) 'tutorial_objectstorage' retrieved from /home/arun/.local/lib/python3.10/site-packages/airflow/example_dags/tutorial_objectstorage.py
[2024-03-04T19:06:36.083+0530] {logging_mixin.py:188} INFO - [2024-03-04T19:06:36.083+0530] {dag.py:3036} INFO - Sync 1 DAGs
[2024-03-04T19:06:36.157+0530] {logging_mixin.py:188} INFO - [2024-03-04T19:06:36.157+0530] {dag.py:3823} INFO - Setting next_dagrun for tutorial_objectstorage to None, run_after=None
[2024-03-04T19:06:36.255+0530] {processor.py:183} INFO - Processing /home/arun/.local/lib/python3.10/site-packages/airflow/example_dags/tutorial_objectstorage.py took 0.349 seconds
[2024-03-04T19:07:28.296+0530] {processor.py:161} INFO - Started process (PID=7169) to work on /home/arun/.local/lib/python3.10/site-packages/airflow/example_dags/tutorial_objectstorage.py
[2024-03-04T19:07:28.333+0530] {processor.py:830} INFO - Processing file /home/arun/.local/lib/python3.10/site-packages/airflow/example_dags/tutorial_objectstorage.py for tasks to queue
[2024-03-04T19:07:28.335+0530] {logging_mixin.py:188} INFO - [2024-03-04T19:07:28.334+0530] {dagbag.py:538} INFO - Filling up the DagBag from /home/arun/.local/lib/python3.10/site-packages/airflow/example_dags/tutorial_objectstorage.py
[2024-03-04T19:07:28.365+0530] {processor.py:840} INFO - DAG(s) 'tutorial_objectstorage' retrieved from /home/arun/.local/lib/python3.10/site-packages/airflow/example_dags/tutorial_objectstorage.py
[2024-03-04T19:07:28.419+0530] {logging_mixin.py:188} INFO - [2024-03-04T19:07:28.415+0530] {dag.py:3036} INFO - Sync 1 DAGs
[2024-03-04T19:07:28.463+0530] {logging_mixin.py:188} INFO - [2024-03-04T19:07:28.463+0530] {dag.py:3823} INFO - Setting next_dagrun for tutorial_objectstorage to None, run_after=None
[2024-03-04T19:07:28.633+0530] {processor.py:183} INFO - Processing /home/arun/.local/lib/python3.10/site-packages/airflow/example_dags/tutorial_objectstorage.py took 0.353 seconds
[2024-03-04T19:08:44.568+0530] {processor.py:161} INFO - Started process (PID=7320) to work on /home/arun/.local/lib/python3.10/site-packages/airflow/example_dags/tutorial_objectstorage.py
[2024-03-04T19:08:44.604+0530] {processor.py:830} INFO - Processing file /home/arun/.local/lib/python3.10/site-packages/airflow/example_dags/tutorial_objectstorage.py for tasks to queue
[2024-03-04T19:08:44.605+0530] {logging_mixin.py:188} INFO - [2024-03-04T19:08:44.605+0530] {dagbag.py:538} INFO - Filling up the DagBag from /home/arun/.local/lib/python3.10/site-packages/airflow/example_dags/tutorial_objectstorage.py
[2024-03-04T19:08:44.617+0530] {processor.py:840} INFO - DAG(s) 'tutorial_objectstorage' retrieved from /home/arun/.local/lib/python3.10/site-packages/airflow/example_dags/tutorial_objectstorage.py
[2024-03-04T19:08:44.650+0530] {logging_mixin.py:188} INFO - [2024-03-04T19:08:44.649+0530] {dag.py:3036} INFO - Sync 1 DAGs
[2024-03-04T19:08:44.730+0530] {logging_mixin.py:188} INFO - [2024-03-04T19:08:44.727+0530] {dag.py:3823} INFO - Setting next_dagrun for tutorial_objectstorage to None, run_after=None
[2024-03-04T19:08:44.803+0530] {processor.py:183} INFO - Processing /home/arun/.local/lib/python3.10/site-packages/airflow/example_dags/tutorial_objectstorage.py took 0.238 seconds
[2024-03-04T19:10:08.622+0530] {processor.py:161} INFO - Started process (PID=7493) to work on /home/arun/.local/lib/python3.10/site-packages/airflow/example_dags/tutorial_objectstorage.py
[2024-03-04T19:10:08.658+0530] {processor.py:830} INFO - Processing file /home/arun/.local/lib/python3.10/site-packages/airflow/example_dags/tutorial_objectstorage.py for tasks to queue
[2024-03-04T19:10:08.659+0530] {logging_mixin.py:188} INFO - [2024-03-04T19:10:08.659+0530] {dagbag.py:538} INFO - Filling up the DagBag from /home/arun/.local/lib/python3.10/site-packages/airflow/example_dags/tutorial_objectstorage.py
[2024-03-04T19:10:08.668+0530] {processor.py:840} INFO - DAG(s) 'tutorial_objectstorage' retrieved from /home/arun/.local/lib/python3.10/site-packages/airflow/example_dags/tutorial_objectstorage.py
[2024-03-04T19:10:08.684+0530] {logging_mixin.py:188} INFO - [2024-03-04T19:10:08.684+0530] {dag.py:3036} INFO - Sync 1 DAGs
[2024-03-04T19:10:08.697+0530] {logging_mixin.py:188} INFO - [2024-03-04T19:10:08.697+0530] {dag.py:3823} INFO - Setting next_dagrun for tutorial_objectstorage to None, run_after=None
[2024-03-04T19:10:08.728+0530] {processor.py:183} INFO - Processing /home/arun/.local/lib/python3.10/site-packages/airflow/example_dags/tutorial_objectstorage.py took 0.110 seconds
[2024-03-04T19:11:31.902+0530] {processor.py:161} INFO - Started process (PID=7640) to work on /home/arun/.local/lib/python3.10/site-packages/airflow/example_dags/tutorial_objectstorage.py
[2024-03-04T19:11:31.904+0530] {processor.py:830} INFO - Processing file /home/arun/.local/lib/python3.10/site-packages/airflow/example_dags/tutorial_objectstorage.py for tasks to queue
[2024-03-04T19:11:31.905+0530] {logging_mixin.py:188} INFO - [2024-03-04T19:11:31.905+0530] {dagbag.py:538} INFO - Filling up the DagBag from /home/arun/.local/lib/python3.10/site-packages/airflow/example_dags/tutorial_objectstorage.py
[2024-03-04T19:11:31.915+0530] {processor.py:840} INFO - DAG(s) 'tutorial_objectstorage' retrieved from /home/arun/.local/lib/python3.10/site-packages/airflow/example_dags/tutorial_objectstorage.py
[2024-03-04T19:11:31.936+0530] {logging_mixin.py:188} INFO - [2024-03-04T19:11:31.936+0530] {dag.py:3036} INFO - Sync 1 DAGs
[2024-03-04T19:11:31.953+0530] {logging_mixin.py:188} INFO - [2024-03-04T19:11:31.952+0530] {dag.py:3823} INFO - Setting next_dagrun for tutorial_objectstorage to None, run_after=None
[2024-03-04T19:11:32.013+0530] {processor.py:183} INFO - Processing /home/arun/.local/lib/python3.10/site-packages/airflow/example_dags/tutorial_objectstorage.py took 0.114 seconds
[2024-03-04T19:13:02.628+0530] {processor.py:161} INFO - Started process (PID=7802) to work on /home/arun/.local/lib/python3.10/site-packages/airflow/example_dags/tutorial_objectstorage.py
[2024-03-04T19:13:02.630+0530] {processor.py:830} INFO - Processing file /home/arun/.local/lib/python3.10/site-packages/airflow/example_dags/tutorial_objectstorage.py for tasks to queue
[2024-03-04T19:13:02.630+0530] {logging_mixin.py:188} INFO - [2024-03-04T19:13:02.630+0530] {dagbag.py:538} INFO - Filling up the DagBag from /home/arun/.local/lib/python3.10/site-packages/airflow/example_dags/tutorial_objectstorage.py
[2024-03-04T19:13:02.639+0530] {processor.py:840} INFO - DAG(s) 'tutorial_objectstorage' retrieved from /home/arun/.local/lib/python3.10/site-packages/airflow/example_dags/tutorial_objectstorage.py
[2024-03-04T19:13:02.657+0530] {logging_mixin.py:188} INFO - [2024-03-04T19:13:02.657+0530] {dag.py:3036} INFO - Sync 1 DAGs
[2024-03-04T19:13:02.674+0530] {logging_mixin.py:188} INFO - [2024-03-04T19:13:02.674+0530] {dag.py:3823} INFO - Setting next_dagrun for tutorial_objectstorage to None, run_after=None
[2024-03-04T19:13:02.706+0530] {processor.py:183} INFO - Processing /home/arun/.local/lib/python3.10/site-packages/airflow/example_dags/tutorial_objectstorage.py took 0.082 seconds
[2024-03-04T19:14:26.637+0530] {processor.py:161} INFO - Started process (PID=7960) to work on /home/arun/.local/lib/python3.10/site-packages/airflow/example_dags/tutorial_objectstorage.py
[2024-03-04T19:14:26.640+0530] {processor.py:830} INFO - Processing file /home/arun/.local/lib/python3.10/site-packages/airflow/example_dags/tutorial_objectstorage.py for tasks to queue
[2024-03-04T19:14:26.641+0530] {logging_mixin.py:188} INFO - [2024-03-04T19:14:26.641+0530] {dagbag.py:538} INFO - Filling up the DagBag from /home/arun/.local/lib/python3.10/site-packages/airflow/example_dags/tutorial_objectstorage.py
[2024-03-04T19:14:26.654+0530] {processor.py:840} INFO - DAG(s) 'tutorial_objectstorage' retrieved from /home/arun/.local/lib/python3.10/site-packages/airflow/example_dags/tutorial_objectstorage.py
[2024-03-04T19:14:26.685+0530] {logging_mixin.py:188} INFO - [2024-03-04T19:14:26.684+0530] {dag.py:3036} INFO - Sync 1 DAGs
[2024-03-04T19:14:26.714+0530] {logging_mixin.py:188} INFO - [2024-03-04T19:14:26.714+0530] {dag.py:3823} INFO - Setting next_dagrun for tutorial_objectstorage to None, run_after=None
[2024-03-04T19:14:26.747+0530] {processor.py:183} INFO - Processing /home/arun/.local/lib/python3.10/site-packages/airflow/example_dags/tutorial_objectstorage.py took 0.132 seconds
[2024-03-04T19:15:52.738+0530] {processor.py:161} INFO - Started process (PID=8178) to work on /home/arun/.local/lib/python3.10/site-packages/airflow/example_dags/tutorial_objectstorage.py
[2024-03-04T19:15:52.740+0530] {processor.py:830} INFO - Processing file /home/arun/.local/lib/python3.10/site-packages/airflow/example_dags/tutorial_objectstorage.py for tasks to queue
[2024-03-04T19:15:52.741+0530] {logging_mixin.py:188} INFO - [2024-03-04T19:15:52.740+0530] {dagbag.py:538} INFO - Filling up the DagBag from /home/arun/.local/lib/python3.10/site-packages/airflow/example_dags/tutorial_objectstorage.py
[2024-03-04T19:15:52.750+0530] {processor.py:840} INFO - DAG(s) 'tutorial_objectstorage' retrieved from /home/arun/.local/lib/python3.10/site-packages/airflow/example_dags/tutorial_objectstorage.py
[2024-03-04T19:15:52.769+0530] {logging_mixin.py:188} INFO - [2024-03-04T19:15:52.768+0530] {dag.py:3036} INFO - Sync 1 DAGs
[2024-03-04T19:15:52.788+0530] {logging_mixin.py:188} INFO - [2024-03-04T19:15:52.788+0530] {dag.py:3823} INFO - Setting next_dagrun for tutorial_objectstorage to None, run_after=None
[2024-03-04T19:15:52.830+0530] {processor.py:183} INFO - Processing /home/arun/.local/lib/python3.10/site-packages/airflow/example_dags/tutorial_objectstorage.py took 0.096 seconds
[2024-03-04T19:17:19.829+0530] {processor.py:161} INFO - Started process (PID=8351) to work on /home/arun/.local/lib/python3.10/site-packages/airflow/example_dags/tutorial_objectstorage.py
[2024-03-04T19:17:19.859+0530] {processor.py:830} INFO - Processing file /home/arun/.local/lib/python3.10/site-packages/airflow/example_dags/tutorial_objectstorage.py for tasks to queue
[2024-03-04T19:17:19.860+0530] {logging_mixin.py:188} INFO - [2024-03-04T19:17:19.860+0530] {dagbag.py:538} INFO - Filling up the DagBag from /home/arun/.local/lib/python3.10/site-packages/airflow/example_dags/tutorial_objectstorage.py
[2024-03-04T19:17:19.868+0530] {processor.py:840} INFO - DAG(s) 'tutorial_objectstorage' retrieved from /home/arun/.local/lib/python3.10/site-packages/airflow/example_dags/tutorial_objectstorage.py
[2024-03-04T19:17:19.883+0530] {logging_mixin.py:188} INFO - [2024-03-04T19:17:19.883+0530] {dag.py:3036} INFO - Sync 1 DAGs
[2024-03-04T19:17:19.895+0530] {logging_mixin.py:188} INFO - [2024-03-04T19:17:19.895+0530] {dag.py:3823} INFO - Setting next_dagrun for tutorial_objectstorage to None, run_after=None
[2024-03-04T19:17:19.928+0530] {processor.py:183} INFO - Processing /home/arun/.local/lib/python3.10/site-packages/airflow/example_dags/tutorial_objectstorage.py took 0.103 seconds
[2024-03-04T19:18:42.844+0530] {processor.py:161} INFO - Started process (PID=8525) to work on /home/arun/.local/lib/python3.10/site-packages/airflow/example_dags/tutorial_objectstorage.py
[2024-03-04T19:18:42.892+0530] {processor.py:830} INFO - Processing file /home/arun/.local/lib/python3.10/site-packages/airflow/example_dags/tutorial_objectstorage.py for tasks to queue
[2024-03-04T19:18:42.893+0530] {logging_mixin.py:188} INFO - [2024-03-04T19:18:42.893+0530] {dagbag.py:538} INFO - Filling up the DagBag from /home/arun/.local/lib/python3.10/site-packages/airflow/example_dags/tutorial_objectstorage.py
[2024-03-04T19:18:42.931+0530] {processor.py:840} INFO - DAG(s) 'tutorial_objectstorage' retrieved from /home/arun/.local/lib/python3.10/site-packages/airflow/example_dags/tutorial_objectstorage.py
[2024-03-04T19:18:42.968+0530] {logging_mixin.py:188} INFO - [2024-03-04T19:18:42.968+0530] {dag.py:3036} INFO - Sync 1 DAGs
[2024-03-04T19:18:43.006+0530] {logging_mixin.py:188} INFO - [2024-03-04T19:18:43.005+0530] {dag.py:3823} INFO - Setting next_dagrun for tutorial_objectstorage to None, run_after=None
[2024-03-04T19:18:43.050+0530] {processor.py:183} INFO - Processing /home/arun/.local/lib/python3.10/site-packages/airflow/example_dags/tutorial_objectstorage.py took 0.211 seconds
[2024-03-04T19:20:11.910+0530] {processor.py:161} INFO - Started process (PID=8698) to work on /home/arun/.local/lib/python3.10/site-packages/airflow/example_dags/tutorial_objectstorage.py
[2024-03-04T19:20:11.949+0530] {processor.py:830} INFO - Processing file /home/arun/.local/lib/python3.10/site-packages/airflow/example_dags/tutorial_objectstorage.py for tasks to queue
[2024-03-04T19:20:11.950+0530] {logging_mixin.py:188} INFO - [2024-03-04T19:20:11.950+0530] {dagbag.py:538} INFO - Filling up the DagBag from /home/arun/.local/lib/python3.10/site-packages/airflow/example_dags/tutorial_objectstorage.py
[2024-03-04T19:20:11.959+0530] {processor.py:840} INFO - DAG(s) 'tutorial_objectstorage' retrieved from /home/arun/.local/lib/python3.10/site-packages/airflow/example_dags/tutorial_objectstorage.py
[2024-03-04T19:20:11.980+0530] {logging_mixin.py:188} INFO - [2024-03-04T19:20:11.980+0530] {dag.py:3036} INFO - Sync 1 DAGs
[2024-03-04T19:20:11.998+0530] {logging_mixin.py:188} INFO - [2024-03-04T19:20:11.998+0530] {dag.py:3823} INFO - Setting next_dagrun for tutorial_objectstorage to None, run_after=None
[2024-03-04T19:20:12.037+0530] {processor.py:183} INFO - Processing /home/arun/.local/lib/python3.10/site-packages/airflow/example_dags/tutorial_objectstorage.py took 0.130 seconds
[2024-03-04T19:21:38.850+0530] {processor.py:161} INFO - Started process (PID=8883) to work on /home/arun/.local/lib/python3.10/site-packages/airflow/example_dags/tutorial_objectstorage.py
[2024-03-04T19:21:38.891+0530] {processor.py:830} INFO - Processing file /home/arun/.local/lib/python3.10/site-packages/airflow/example_dags/tutorial_objectstorage.py for tasks to queue
[2024-03-04T19:21:38.892+0530] {logging_mixin.py:188} INFO - [2024-03-04T19:21:38.892+0530] {dagbag.py:538} INFO - Filling up the DagBag from /home/arun/.local/lib/python3.10/site-packages/airflow/example_dags/tutorial_objectstorage.py
[2024-03-04T19:21:38.901+0530] {processor.py:840} INFO - DAG(s) 'tutorial_objectstorage' retrieved from /home/arun/.local/lib/python3.10/site-packages/airflow/example_dags/tutorial_objectstorage.py
[2024-03-04T19:21:38.916+0530] {logging_mixin.py:188} INFO - [2024-03-04T19:21:38.916+0530] {dag.py:3036} INFO - Sync 1 DAGs
[2024-03-04T19:21:38.928+0530] {logging_mixin.py:188} INFO - [2024-03-04T19:21:38.928+0530] {dag.py:3823} INFO - Setting next_dagrun for tutorial_objectstorage to None, run_after=None
[2024-03-04T19:21:38.952+0530] {processor.py:183} INFO - Processing /home/arun/.local/lib/python3.10/site-packages/airflow/example_dags/tutorial_objectstorage.py took 0.108 seconds
[2024-03-04T19:23:03.588+0530] {processor.py:161} INFO - Started process (PID=9049) to work on /home/arun/.local/lib/python3.10/site-packages/airflow/example_dags/tutorial_objectstorage.py
[2024-03-04T19:23:03.626+0530] {processor.py:830} INFO - Processing file /home/arun/.local/lib/python3.10/site-packages/airflow/example_dags/tutorial_objectstorage.py for tasks to queue
[2024-03-04T19:23:03.627+0530] {logging_mixin.py:188} INFO - [2024-03-04T19:23:03.626+0530] {dagbag.py:538} INFO - Filling up the DagBag from /home/arun/.local/lib/python3.10/site-packages/airflow/example_dags/tutorial_objectstorage.py
[2024-03-04T19:23:03.639+0530] {processor.py:840} INFO - DAG(s) 'tutorial_objectstorage' retrieved from /home/arun/.local/lib/python3.10/site-packages/airflow/example_dags/tutorial_objectstorage.py
[2024-03-04T19:23:03.660+0530] {logging_mixin.py:188} INFO - [2024-03-04T19:23:03.660+0530] {dag.py:3036} INFO - Sync 1 DAGs
[2024-03-04T19:23:03.679+0530] {logging_mixin.py:188} INFO - [2024-03-04T19:23:03.678+0530] {dag.py:3823} INFO - Setting next_dagrun for tutorial_objectstorage to None, run_after=None
[2024-03-04T19:23:03.718+0530] {processor.py:183} INFO - Processing /home/arun/.local/lib/python3.10/site-packages/airflow/example_dags/tutorial_objectstorage.py took 0.135 seconds
[2024-03-04T19:24:26.370+0530] {processor.py:161} INFO - Started process (PID=9221) to work on /home/arun/.local/lib/python3.10/site-packages/airflow/example_dags/tutorial_objectstorage.py
[2024-03-04T19:24:26.401+0530] {processor.py:830} INFO - Processing file /home/arun/.local/lib/python3.10/site-packages/airflow/example_dags/tutorial_objectstorage.py for tasks to queue
[2024-03-04T19:24:26.405+0530] {logging_mixin.py:188} INFO - [2024-03-04T19:24:26.404+0530] {dagbag.py:538} INFO - Filling up the DagBag from /home/arun/.local/lib/python3.10/site-packages/airflow/example_dags/tutorial_objectstorage.py
[2024-03-04T19:24:26.420+0530] {processor.py:840} INFO - DAG(s) 'tutorial_objectstorage' retrieved from /home/arun/.local/lib/python3.10/site-packages/airflow/example_dags/tutorial_objectstorage.py
[2024-03-04T19:24:26.434+0530] {logging_mixin.py:188} INFO - [2024-03-04T19:24:26.434+0530] {dag.py:3036} INFO - Sync 1 DAGs
[2024-03-04T19:24:26.445+0530] {logging_mixin.py:188} INFO - [2024-03-04T19:24:26.445+0530] {dag.py:3823} INFO - Setting next_dagrun for tutorial_objectstorage to None, run_after=None
[2024-03-04T19:24:26.473+0530] {processor.py:183} INFO - Processing /home/arun/.local/lib/python3.10/site-packages/airflow/example_dags/tutorial_objectstorage.py took 0.107 seconds
[2024-03-04T19:25:45.739+0530] {processor.py:161} INFO - Started process (PID=9360) to work on /home/arun/.local/lib/python3.10/site-packages/airflow/example_dags/tutorial_objectstorage.py
[2024-03-04T19:25:45.779+0530] {processor.py:830} INFO - Processing file /home/arun/.local/lib/python3.10/site-packages/airflow/example_dags/tutorial_objectstorage.py for tasks to queue
[2024-03-04T19:25:45.780+0530] {logging_mixin.py:188} INFO - [2024-03-04T19:25:45.779+0530] {dagbag.py:538} INFO - Filling up the DagBag from /home/arun/.local/lib/python3.10/site-packages/airflow/example_dags/tutorial_objectstorage.py
[2024-03-04T19:25:45.788+0530] {processor.py:840} INFO - DAG(s) 'tutorial_objectstorage' retrieved from /home/arun/.local/lib/python3.10/site-packages/airflow/example_dags/tutorial_objectstorage.py
[2024-03-04T19:25:45.802+0530] {logging_mixin.py:188} INFO - [2024-03-04T19:25:45.802+0530] {dag.py:3036} INFO - Sync 1 DAGs
[2024-03-04T19:25:45.818+0530] {logging_mixin.py:188} INFO - [2024-03-04T19:25:45.817+0530] {dag.py:3823} INFO - Setting next_dagrun for tutorial_objectstorage to None, run_after=None
[2024-03-04T19:25:45.855+0530] {processor.py:183} INFO - Processing /home/arun/.local/lib/python3.10/site-packages/airflow/example_dags/tutorial_objectstorage.py took 0.120 seconds
[2024-03-04T19:27:01.350+0530] {processor.py:161} INFO - Started process (PID=9530) to work on /home/arun/.local/lib/python3.10/site-packages/airflow/example_dags/tutorial_objectstorage.py
[2024-03-04T19:27:01.395+0530] {processor.py:830} INFO - Processing file /home/arun/.local/lib/python3.10/site-packages/airflow/example_dags/tutorial_objectstorage.py for tasks to queue
[2024-03-04T19:27:01.396+0530] {logging_mixin.py:188} INFO - [2024-03-04T19:27:01.395+0530] {dagbag.py:538} INFO - Filling up the DagBag from /home/arun/.local/lib/python3.10/site-packages/airflow/example_dags/tutorial_objectstorage.py
[2024-03-04T19:27:01.405+0530] {processor.py:840} INFO - DAG(s) 'tutorial_objectstorage' retrieved from /home/arun/.local/lib/python3.10/site-packages/airflow/example_dags/tutorial_objectstorage.py
[2024-03-04T19:27:01.435+0530] {logging_mixin.py:188} INFO - [2024-03-04T19:27:01.434+0530] {dag.py:3036} INFO - Sync 1 DAGs
[2024-03-04T19:27:01.469+0530] {logging_mixin.py:188} INFO - [2024-03-04T19:27:01.469+0530] {dag.py:3823} INFO - Setting next_dagrun for tutorial_objectstorage to None, run_after=None
[2024-03-04T19:27:01.510+0530] {processor.py:183} INFO - Processing /home/arun/.local/lib/python3.10/site-packages/airflow/example_dags/tutorial_objectstorage.py took 0.163 seconds
[2024-03-04T19:28:27.875+0530] {processor.py:161} INFO - Started process (PID=9722) to work on /home/arun/.local/lib/python3.10/site-packages/airflow/example_dags/tutorial_objectstorage.py
[2024-03-04T19:28:27.910+0530] {processor.py:830} INFO - Processing file /home/arun/.local/lib/python3.10/site-packages/airflow/example_dags/tutorial_objectstorage.py for tasks to queue
[2024-03-04T19:28:27.912+0530] {logging_mixin.py:188} INFO - [2024-03-04T19:28:27.911+0530] {dagbag.py:538} INFO - Filling up the DagBag from /home/arun/.local/lib/python3.10/site-packages/airflow/example_dags/tutorial_objectstorage.py
[2024-03-04T19:28:27.927+0530] {processor.py:840} INFO - DAG(s) 'tutorial_objectstorage' retrieved from /home/arun/.local/lib/python3.10/site-packages/airflow/example_dags/tutorial_objectstorage.py
[2024-03-04T19:28:27.955+0530] {logging_mixin.py:188} INFO - [2024-03-04T19:28:27.954+0530] {dag.py:3036} INFO - Sync 1 DAGs
[2024-03-04T19:28:27.974+0530] {logging_mixin.py:188} INFO - [2024-03-04T19:28:27.974+0530] {dag.py:3823} INFO - Setting next_dagrun for tutorial_objectstorage to None, run_after=None
[2024-03-04T19:28:28.044+0530] {processor.py:183} INFO - Processing /home/arun/.local/lib/python3.10/site-packages/airflow/example_dags/tutorial_objectstorage.py took 0.173 seconds
[2024-03-04T22:41:36.021+0530] {processor.py:161} INFO - Started process (PID=17411) to work on /home/arun/.local/lib/python3.10/site-packages/airflow/example_dags/tutorial_objectstorage.py
[2024-03-04T22:41:36.088+0530] {processor.py:830} INFO - Processing file /home/arun/.local/lib/python3.10/site-packages/airflow/example_dags/tutorial_objectstorage.py for tasks to queue
[2024-03-04T22:41:36.090+0530] {logging_mixin.py:188} INFO - [2024-03-04T22:41:36.089+0530] {dagbag.py:538} INFO - Filling up the DagBag from /home/arun/.local/lib/python3.10/site-packages/airflow/example_dags/tutorial_objectstorage.py
[2024-03-04T22:41:36.190+0530] {processor.py:840} INFO - DAG(s) 'tutorial_objectstorage' retrieved from /home/arun/.local/lib/python3.10/site-packages/airflow/example_dags/tutorial_objectstorage.py
[2024-03-04T22:41:36.827+0530] {logging_mixin.py:188} INFO - [2024-03-04T22:41:36.827+0530] {dag.py:3036} INFO - Sync 1 DAGs
[2024-03-04T22:41:36.838+0530] {logging_mixin.py:188} INFO - [2024-03-04T22:41:36.838+0530] {dag.py:3823} INFO - Setting next_dagrun for tutorial_objectstorage to None, run_after=None
[2024-03-04T22:41:36.949+0530] {processor.py:183} INFO - Processing /home/arun/.local/lib/python3.10/site-packages/airflow/example_dags/tutorial_objectstorage.py took 0.935 seconds
[2024-03-04T22:55:19.031+0530] {processor.py:161} INFO - Started process (PID=5621) to work on /home/arun/.local/lib/python3.10/site-packages/airflow/example_dags/tutorial_objectstorage.py
[2024-03-04T22:55:19.103+0530] {processor.py:830} INFO - Processing file /home/arun/.local/lib/python3.10/site-packages/airflow/example_dags/tutorial_objectstorage.py for tasks to queue
[2024-03-04T22:55:19.104+0530] {logging_mixin.py:188} INFO - [2024-03-04T22:55:19.104+0530] {dagbag.py:538} INFO - Filling up the DagBag from /home/arun/.local/lib/python3.10/site-packages/airflow/example_dags/tutorial_objectstorage.py
[2024-03-04T22:55:19.123+0530] {processor.py:840} INFO - DAG(s) 'tutorial_objectstorage' retrieved from /home/arun/.local/lib/python3.10/site-packages/airflow/example_dags/tutorial_objectstorage.py
[2024-03-04T22:55:19.460+0530] {logging_mixin.py:188} INFO - [2024-03-04T22:55:19.460+0530] {dag.py:3036} INFO - Sync 1 DAGs
[2024-03-04T22:55:19.508+0530] {logging_mixin.py:188} INFO - [2024-03-04T22:55:19.507+0530] {dag.py:3823} INFO - Setting next_dagrun for tutorial_objectstorage to None, run_after=None
[2024-03-04T22:55:19.599+0530] {processor.py:183} INFO - Processing /home/arun/.local/lib/python3.10/site-packages/airflow/example_dags/tutorial_objectstorage.py took 0.581 seconds
[2024-03-04T22:57:00.790+0530] {processor.py:161} INFO - Started process (PID=5713) to work on /home/arun/.local/lib/python3.10/site-packages/airflow/example_dags/tutorial_objectstorage.py
[2024-03-04T22:57:00.843+0530] {processor.py:830} INFO - Processing file /home/arun/.local/lib/python3.10/site-packages/airflow/example_dags/tutorial_objectstorage.py for tasks to queue
[2024-03-04T22:57:00.848+0530] {logging_mixin.py:188} INFO - [2024-03-04T22:57:00.847+0530] {dagbag.py:538} INFO - Filling up the DagBag from /home/arun/.local/lib/python3.10/site-packages/airflow/example_dags/tutorial_objectstorage.py
[2024-03-04T22:57:00.867+0530] {processor.py:840} INFO - DAG(s) 'tutorial_objectstorage' retrieved from /home/arun/.local/lib/python3.10/site-packages/airflow/example_dags/tutorial_objectstorage.py
[2024-03-04T22:57:00.963+0530] {logging_mixin.py:188} INFO - [2024-03-04T22:57:00.963+0530] {dag.py:3036} INFO - Sync 1 DAGs
[2024-03-04T22:57:01.036+0530] {logging_mixin.py:188} INFO - [2024-03-04T22:57:01.030+0530] {dag.py:3823} INFO - Setting next_dagrun for tutorial_objectstorage to None, run_after=None
[2024-03-04T22:57:01.119+0530] {processor.py:183} INFO - Processing /home/arun/.local/lib/python3.10/site-packages/airflow/example_dags/tutorial_objectstorage.py took 0.336 seconds
[2024-03-04T22:58:08.319+0530] {processor.py:161} INFO - Started process (PID=5784) to work on /home/arun/.local/lib/python3.10/site-packages/airflow/example_dags/tutorial_objectstorage.py
[2024-03-04T22:58:08.364+0530] {processor.py:830} INFO - Processing file /home/arun/.local/lib/python3.10/site-packages/airflow/example_dags/tutorial_objectstorage.py for tasks to queue
[2024-03-04T22:58:08.379+0530] {logging_mixin.py:188} INFO - [2024-03-04T22:58:08.378+0530] {dagbag.py:538} INFO - Filling up the DagBag from /home/arun/.local/lib/python3.10/site-packages/airflow/example_dags/tutorial_objectstorage.py
[2024-03-04T22:58:08.403+0530] {processor.py:840} INFO - DAG(s) 'tutorial_objectstorage' retrieved from /home/arun/.local/lib/python3.10/site-packages/airflow/example_dags/tutorial_objectstorage.py
[2024-03-04T22:58:08.477+0530] {logging_mixin.py:188} INFO - [2024-03-04T22:58:08.477+0530] {dag.py:3036} INFO - Sync 1 DAGs
[2024-03-04T22:58:08.509+0530] {logging_mixin.py:188} INFO - [2024-03-04T22:58:08.508+0530] {dag.py:3823} INFO - Setting next_dagrun for tutorial_objectstorage to None, run_after=None
[2024-03-04T22:58:08.622+0530] {processor.py:183} INFO - Processing /home/arun/.local/lib/python3.10/site-packages/airflow/example_dags/tutorial_objectstorage.py took 0.325 seconds
[2024-03-04T22:59:08.692+0530] {processor.py:161} INFO - Started process (PID=5850) to work on /home/arun/.local/lib/python3.10/site-packages/airflow/example_dags/tutorial_objectstorage.py
[2024-03-04T22:59:08.715+0530] {processor.py:830} INFO - Processing file /home/arun/.local/lib/python3.10/site-packages/airflow/example_dags/tutorial_objectstorage.py for tasks to queue
[2024-03-04T22:59:08.718+0530] {logging_mixin.py:188} INFO - [2024-03-04T22:59:08.717+0530] {dagbag.py:538} INFO - Filling up the DagBag from /home/arun/.local/lib/python3.10/site-packages/airflow/example_dags/tutorial_objectstorage.py
[2024-03-04T22:59:08.741+0530] {processor.py:840} INFO - DAG(s) 'tutorial_objectstorage' retrieved from /home/arun/.local/lib/python3.10/site-packages/airflow/example_dags/tutorial_objectstorage.py
[2024-03-04T22:59:08.775+0530] {logging_mixin.py:188} INFO - [2024-03-04T22:59:08.775+0530] {dag.py:3036} INFO - Sync 1 DAGs
[2024-03-04T22:59:08.796+0530] {logging_mixin.py:188} INFO - [2024-03-04T22:59:08.795+0530] {dag.py:3823} INFO - Setting next_dagrun for tutorial_objectstorage to None, run_after=None
[2024-03-04T22:59:08.854+0530] {processor.py:183} INFO - Processing /home/arun/.local/lib/python3.10/site-packages/airflow/example_dags/tutorial_objectstorage.py took 0.168 seconds
[2024-03-04T23:00:02.524+0530] {processor.py:161} INFO - Started process (PID=5942) to work on /home/arun/.local/lib/python3.10/site-packages/airflow/example_dags/tutorial_objectstorage.py
[2024-03-04T23:00:02.525+0530] {processor.py:830} INFO - Processing file /home/arun/.local/lib/python3.10/site-packages/airflow/example_dags/tutorial_objectstorage.py for tasks to queue
[2024-03-04T23:00:02.526+0530] {logging_mixin.py:188} INFO - [2024-03-04T23:00:02.526+0530] {dagbag.py:538} INFO - Filling up the DagBag from /home/arun/.local/lib/python3.10/site-packages/airflow/example_dags/tutorial_objectstorage.py
[2024-03-04T23:00:02.533+0530] {processor.py:840} INFO - DAG(s) 'tutorial_objectstorage' retrieved from /home/arun/.local/lib/python3.10/site-packages/airflow/example_dags/tutorial_objectstorage.py
[2024-03-04T23:00:02.547+0530] {logging_mixin.py:188} INFO - [2024-03-04T23:00:02.547+0530] {dag.py:3036} INFO - Sync 1 DAGs
[2024-03-04T23:00:02.559+0530] {logging_mixin.py:188} INFO - [2024-03-04T23:00:02.559+0530] {dag.py:3823} INFO - Setting next_dagrun for tutorial_objectstorage to None, run_after=None
[2024-03-04T23:00:02.587+0530] {processor.py:183} INFO - Processing /home/arun/.local/lib/python3.10/site-packages/airflow/example_dags/tutorial_objectstorage.py took 0.067 seconds
[2024-03-04T23:01:28.333+0530] {processor.py:161} INFO - Started process (PID=6062) to work on /home/arun/.local/lib/python3.10/site-packages/airflow/example_dags/tutorial_objectstorage.py
[2024-03-04T23:01:28.371+0530] {processor.py:830} INFO - Processing file /home/arun/.local/lib/python3.10/site-packages/airflow/example_dags/tutorial_objectstorage.py for tasks to queue
[2024-03-04T23:01:28.372+0530] {logging_mixin.py:188} INFO - [2024-03-04T23:01:28.371+0530] {dagbag.py:538} INFO - Filling up the DagBag from /home/arun/.local/lib/python3.10/site-packages/airflow/example_dags/tutorial_objectstorage.py
[2024-03-04T23:01:28.379+0530] {processor.py:840} INFO - DAG(s) 'tutorial_objectstorage' retrieved from /home/arun/.local/lib/python3.10/site-packages/airflow/example_dags/tutorial_objectstorage.py
[2024-03-04T23:01:28.394+0530] {logging_mixin.py:188} INFO - [2024-03-04T23:01:28.393+0530] {dag.py:3036} INFO - Sync 1 DAGs
[2024-03-04T23:01:28.406+0530] {logging_mixin.py:188} INFO - [2024-03-04T23:01:28.406+0530] {dag.py:3823} INFO - Setting next_dagrun for tutorial_objectstorage to None, run_after=None
[2024-03-04T23:01:28.439+0530] {processor.py:183} INFO - Processing /home/arun/.local/lib/python3.10/site-packages/airflow/example_dags/tutorial_objectstorage.py took 0.110 seconds
[2024-03-04T23:02:56.738+0530] {processor.py:161} INFO - Started process (PID=6312) to work on /home/arun/.local/lib/python3.10/site-packages/airflow/example_dags/tutorial_objectstorage.py
[2024-03-04T23:02:56.741+0530] {processor.py:830} INFO - Processing file /home/arun/.local/lib/python3.10/site-packages/airflow/example_dags/tutorial_objectstorage.py for tasks to queue
[2024-03-04T23:02:56.742+0530] {logging_mixin.py:188} INFO - [2024-03-04T23:02:56.741+0530] {dagbag.py:538} INFO - Filling up the DagBag from /home/arun/.local/lib/python3.10/site-packages/airflow/example_dags/tutorial_objectstorage.py
[2024-03-04T23:02:56.750+0530] {processor.py:840} INFO - DAG(s) 'tutorial_objectstorage' retrieved from /home/arun/.local/lib/python3.10/site-packages/airflow/example_dags/tutorial_objectstorage.py
[2024-03-04T23:02:56.773+0530] {logging_mixin.py:188} INFO - [2024-03-04T23:02:56.773+0530] {dag.py:3036} INFO - Sync 1 DAGs
[2024-03-04T23:02:56.793+0530] {logging_mixin.py:188} INFO - [2024-03-04T23:02:56.793+0530] {dag.py:3823} INFO - Setting next_dagrun for tutorial_objectstorage to None, run_after=None
[2024-03-04T23:02:56.824+0530] {processor.py:183} INFO - Processing /home/arun/.local/lib/python3.10/site-packages/airflow/example_dags/tutorial_objectstorage.py took 0.090 seconds
[2024-03-04T23:03:55.578+0530] {processor.py:161} INFO - Started process (PID=6692) to work on /home/arun/.local/lib/python3.10/site-packages/airflow/example_dags/tutorial_objectstorage.py
[2024-03-04T23:03:55.583+0530] {processor.py:830} INFO - Processing file /home/arun/.local/lib/python3.10/site-packages/airflow/example_dags/tutorial_objectstorage.py for tasks to queue
[2024-03-04T23:03:55.589+0530] {logging_mixin.py:188} INFO - [2024-03-04T23:03:55.587+0530] {dagbag.py:538} INFO - Filling up the DagBag from /home/arun/.local/lib/python3.10/site-packages/airflow/example_dags/tutorial_objectstorage.py
[2024-03-04T23:03:55.608+0530] {processor.py:840} INFO - DAG(s) 'tutorial_objectstorage' retrieved from /home/arun/.local/lib/python3.10/site-packages/airflow/example_dags/tutorial_objectstorage.py
[2024-03-04T23:03:55.687+0530] {logging_mixin.py:188} INFO - [2024-03-04T23:03:55.687+0530] {dag.py:3036} INFO - Sync 1 DAGs
[2024-03-04T23:03:55.730+0530] {logging_mixin.py:188} INFO - [2024-03-04T23:03:55.729+0530] {dag.py:3823} INFO - Setting next_dagrun for tutorial_objectstorage to None, run_after=None
[2024-03-04T23:03:55.929+0530] {processor.py:183} INFO - Processing /home/arun/.local/lib/python3.10/site-packages/airflow/example_dags/tutorial_objectstorage.py took 0.363 seconds
[2024-03-04T23:04:54.089+0530] {processor.py:161} INFO - Started process (PID=6766) to work on /home/arun/.local/lib/python3.10/site-packages/airflow/example_dags/tutorial_objectstorage.py
[2024-03-04T23:04:54.157+0530] {processor.py:830} INFO - Processing file /home/arun/.local/lib/python3.10/site-packages/airflow/example_dags/tutorial_objectstorage.py for tasks to queue
[2024-03-04T23:04:54.162+0530] {logging_mixin.py:188} INFO - [2024-03-04T23:04:54.160+0530] {dagbag.py:538} INFO - Filling up the DagBag from /home/arun/.local/lib/python3.10/site-packages/airflow/example_dags/tutorial_objectstorage.py
[2024-03-04T23:04:54.177+0530] {processor.py:840} INFO - DAG(s) 'tutorial_objectstorage' retrieved from /home/arun/.local/lib/python3.10/site-packages/airflow/example_dags/tutorial_objectstorage.py
[2024-03-04T23:04:54.202+0530] {logging_mixin.py:188} INFO - [2024-03-04T23:04:54.202+0530] {dag.py:3036} INFO - Sync 1 DAGs
[2024-03-04T23:04:54.222+0530] {logging_mixin.py:188} INFO - [2024-03-04T23:04:54.221+0530] {dag.py:3823} INFO - Setting next_dagrun for tutorial_objectstorage to None, run_after=None
[2024-03-04T23:04:54.475+0530] {processor.py:183} INFO - Processing /home/arun/.local/lib/python3.10/site-packages/airflow/example_dags/tutorial_objectstorage.py took 0.392 seconds
[2024-03-04T23:06:37.267+0530] {processor.py:161} INFO - Started process (PID=6972) to work on /home/arun/.local/lib/python3.10/site-packages/airflow/example_dags/tutorial_objectstorage.py
[2024-03-04T23:06:37.313+0530] {processor.py:830} INFO - Processing file /home/arun/.local/lib/python3.10/site-packages/airflow/example_dags/tutorial_objectstorage.py for tasks to queue
[2024-03-04T23:06:37.315+0530] {logging_mixin.py:188} INFO - [2024-03-04T23:06:37.314+0530] {dagbag.py:538} INFO - Filling up the DagBag from /home/arun/.local/lib/python3.10/site-packages/airflow/example_dags/tutorial_objectstorage.py
[2024-03-04T23:06:37.331+0530] {processor.py:840} INFO - DAG(s) 'tutorial_objectstorage' retrieved from /home/arun/.local/lib/python3.10/site-packages/airflow/example_dags/tutorial_objectstorage.py
[2024-03-04T23:06:37.363+0530] {logging_mixin.py:188} INFO - [2024-03-04T23:06:37.362+0530] {dag.py:3036} INFO - Sync 1 DAGs
[2024-03-04T23:06:37.387+0530] {logging_mixin.py:188} INFO - [2024-03-04T23:06:37.387+0530] {dag.py:3823} INFO - Setting next_dagrun for tutorial_objectstorage to None, run_after=None
[2024-03-04T23:06:37.448+0530] {processor.py:183} INFO - Processing /home/arun/.local/lib/python3.10/site-packages/airflow/example_dags/tutorial_objectstorage.py took 0.187 seconds
[2024-03-04T23:08:06.857+0530] {processor.py:161} INFO - Started process (PID=7175) to work on /home/arun/.local/lib/python3.10/site-packages/airflow/example_dags/tutorial_objectstorage.py
[2024-03-04T23:08:06.891+0530] {processor.py:830} INFO - Processing file /home/arun/.local/lib/python3.10/site-packages/airflow/example_dags/tutorial_objectstorage.py for tasks to queue
[2024-03-04T23:08:06.893+0530] {logging_mixin.py:188} INFO - [2024-03-04T23:08:06.892+0530] {dagbag.py:538} INFO - Filling up the DagBag from /home/arun/.local/lib/python3.10/site-packages/airflow/example_dags/tutorial_objectstorage.py
[2024-03-04T23:08:06.901+0530] {processor.py:840} INFO - DAG(s) 'tutorial_objectstorage' retrieved from /home/arun/.local/lib/python3.10/site-packages/airflow/example_dags/tutorial_objectstorage.py
[2024-03-04T23:08:06.918+0530] {logging_mixin.py:188} INFO - [2024-03-04T23:08:06.918+0530] {dag.py:3036} INFO - Sync 1 DAGs
[2024-03-04T23:08:06.930+0530] {logging_mixin.py:188} INFO - [2024-03-04T23:08:06.930+0530] {dag.py:3823} INFO - Setting next_dagrun for tutorial_objectstorage to None, run_after=None
[2024-03-04T23:08:06.977+0530] {processor.py:183} INFO - Processing /home/arun/.local/lib/python3.10/site-packages/airflow/example_dags/tutorial_objectstorage.py took 0.124 seconds
[2024-03-04T23:09:36.302+0530] {processor.py:161} INFO - Started process (PID=7352) to work on /home/arun/.local/lib/python3.10/site-packages/airflow/example_dags/tutorial_objectstorage.py
[2024-03-04T23:09:36.343+0530] {processor.py:830} INFO - Processing file /home/arun/.local/lib/python3.10/site-packages/airflow/example_dags/tutorial_objectstorage.py for tasks to queue
[2024-03-04T23:09:36.345+0530] {logging_mixin.py:188} INFO - [2024-03-04T23:09:36.345+0530] {dagbag.py:538} INFO - Filling up the DagBag from /home/arun/.local/lib/python3.10/site-packages/airflow/example_dags/tutorial_objectstorage.py
[2024-03-04T23:09:36.359+0530] {processor.py:840} INFO - DAG(s) 'tutorial_objectstorage' retrieved from /home/arun/.local/lib/python3.10/site-packages/airflow/example_dags/tutorial_objectstorage.py
[2024-03-04T23:09:36.380+0530] {logging_mixin.py:188} INFO - [2024-03-04T23:09:36.380+0530] {dag.py:3036} INFO - Sync 1 DAGs
[2024-03-04T23:09:36.392+0530] {logging_mixin.py:188} INFO - [2024-03-04T23:09:36.392+0530] {dag.py:3823} INFO - Setting next_dagrun for tutorial_objectstorage to None, run_after=None
[2024-03-04T23:09:36.420+0530] {processor.py:183} INFO - Processing /home/arun/.local/lib/python3.10/site-packages/airflow/example_dags/tutorial_objectstorage.py took 0.121 seconds
[2024-03-04T23:11:04.138+0530] {processor.py:161} INFO - Started process (PID=7515) to work on /home/arun/.local/lib/python3.10/site-packages/airflow/example_dags/tutorial_objectstorage.py
[2024-03-04T23:11:04.177+0530] {processor.py:830} INFO - Processing file /home/arun/.local/lib/python3.10/site-packages/airflow/example_dags/tutorial_objectstorage.py for tasks to queue
[2024-03-04T23:11:04.178+0530] {logging_mixin.py:188} INFO - [2024-03-04T23:11:04.177+0530] {dagbag.py:538} INFO - Filling up the DagBag from /home/arun/.local/lib/python3.10/site-packages/airflow/example_dags/tutorial_objectstorage.py
[2024-03-04T23:11:04.190+0530] {processor.py:840} INFO - DAG(s) 'tutorial_objectstorage' retrieved from /home/arun/.local/lib/python3.10/site-packages/airflow/example_dags/tutorial_objectstorage.py
[2024-03-04T23:11:04.211+0530] {logging_mixin.py:188} INFO - [2024-03-04T23:11:04.211+0530] {dag.py:3036} INFO - Sync 1 DAGs
[2024-03-04T23:11:04.227+0530] {logging_mixin.py:188} INFO - [2024-03-04T23:11:04.227+0530] {dag.py:3823} INFO - Setting next_dagrun for tutorial_objectstorage to None, run_after=None
[2024-03-04T23:11:04.449+0530] {processor.py:183} INFO - Processing /home/arun/.local/lib/python3.10/site-packages/airflow/example_dags/tutorial_objectstorage.py took 0.316 seconds
[2024-03-04T23:12:47.065+0530] {processor.py:161} INFO - Started process (PID=7751) to work on /home/arun/.local/lib/python3.10/site-packages/airflow/example_dags/tutorial_objectstorage.py
[2024-03-04T23:12:47.089+0530] {processor.py:830} INFO - Processing file /home/arun/.local/lib/python3.10/site-packages/airflow/example_dags/tutorial_objectstorage.py for tasks to queue
[2024-03-04T23:12:47.091+0530] {logging_mixin.py:188} INFO - [2024-03-04T23:12:47.090+0530] {dagbag.py:538} INFO - Filling up the DagBag from /home/arun/.local/lib/python3.10/site-packages/airflow/example_dags/tutorial_objectstorage.py
[2024-03-04T23:12:47.129+0530] {processor.py:840} INFO - DAG(s) 'tutorial_objectstorage' retrieved from /home/arun/.local/lib/python3.10/site-packages/airflow/example_dags/tutorial_objectstorage.py
[2024-03-04T23:12:47.150+0530] {logging_mixin.py:188} INFO - [2024-03-04T23:12:47.150+0530] {dag.py:3036} INFO - Sync 1 DAGs
[2024-03-04T23:12:47.166+0530] {logging_mixin.py:188} INFO - [2024-03-04T23:12:47.165+0530] {dag.py:3823} INFO - Setting next_dagrun for tutorial_objectstorage to None, run_after=None
[2024-03-04T23:12:47.208+0530] {processor.py:183} INFO - Processing /home/arun/.local/lib/python3.10/site-packages/airflow/example_dags/tutorial_objectstorage.py took 0.152 seconds
[2024-03-04T23:14:22.682+0530] {processor.py:161} INFO - Started process (PID=7980) to work on /home/arun/.local/lib/python3.10/site-packages/airflow/example_dags/tutorial_objectstorage.py
[2024-03-04T23:14:22.730+0530] {processor.py:830} INFO - Processing file /home/arun/.local/lib/python3.10/site-packages/airflow/example_dags/tutorial_objectstorage.py for tasks to queue
[2024-03-04T23:14:22.731+0530] {logging_mixin.py:188} INFO - [2024-03-04T23:14:22.731+0530] {dagbag.py:538} INFO - Filling up the DagBag from /home/arun/.local/lib/python3.10/site-packages/airflow/example_dags/tutorial_objectstorage.py
[2024-03-04T23:14:22.751+0530] {processor.py:840} INFO - DAG(s) 'tutorial_objectstorage' retrieved from /home/arun/.local/lib/python3.10/site-packages/airflow/example_dags/tutorial_objectstorage.py
[2024-03-04T23:14:22.771+0530] {logging_mixin.py:188} INFO - [2024-03-04T23:14:22.771+0530] {dag.py:3036} INFO - Sync 1 DAGs
[2024-03-04T23:14:22.795+0530] {logging_mixin.py:188} INFO - [2024-03-04T23:14:22.795+0530] {dag.py:3823} INFO - Setting next_dagrun for tutorial_objectstorage to None, run_after=None
[2024-03-04T23:14:22.881+0530] {processor.py:183} INFO - Processing /home/arun/.local/lib/python3.10/site-packages/airflow/example_dags/tutorial_objectstorage.py took 0.205 seconds
[2024-03-04T23:16:00.755+0530] {processor.py:161} INFO - Started process (PID=8180) to work on /home/arun/.local/lib/python3.10/site-packages/airflow/example_dags/tutorial_objectstorage.py
[2024-03-04T23:16:00.797+0530] {processor.py:830} INFO - Processing file /home/arun/.local/lib/python3.10/site-packages/airflow/example_dags/tutorial_objectstorage.py for tasks to queue
[2024-03-04T23:16:00.798+0530] {logging_mixin.py:188} INFO - [2024-03-04T23:16:00.797+0530] {dagbag.py:538} INFO - Filling up the DagBag from /home/arun/.local/lib/python3.10/site-packages/airflow/example_dags/tutorial_objectstorage.py
[2024-03-04T23:16:00.813+0530] {processor.py:840} INFO - DAG(s) 'tutorial_objectstorage' retrieved from /home/arun/.local/lib/python3.10/site-packages/airflow/example_dags/tutorial_objectstorage.py
[2024-03-04T23:16:00.842+0530] {logging_mixin.py:188} INFO - [2024-03-04T23:16:00.841+0530] {dag.py:3036} INFO - Sync 1 DAGs
[2024-03-04T23:16:00.868+0530] {logging_mixin.py:188} INFO - [2024-03-04T23:16:00.868+0530] {dag.py:3823} INFO - Setting next_dagrun for tutorial_objectstorage to None, run_after=None
[2024-03-04T23:16:00.918+0530] {processor.py:183} INFO - Processing /home/arun/.local/lib/python3.10/site-packages/airflow/example_dags/tutorial_objectstorage.py took 0.167 seconds
[2024-03-04T23:17:59.941+0530] {processor.py:161} INFO - Started process (PID=8417) to work on /home/arun/.local/lib/python3.10/site-packages/airflow/example_dags/tutorial_objectstorage.py
[2024-03-04T23:17:59.977+0530] {processor.py:830} INFO - Processing file /home/arun/.local/lib/python3.10/site-packages/airflow/example_dags/tutorial_objectstorage.py for tasks to queue
[2024-03-04T23:17:59.979+0530] {logging_mixin.py:188} INFO - [2024-03-04T23:17:59.978+0530] {dagbag.py:538} INFO - Filling up the DagBag from /home/arun/.local/lib/python3.10/site-packages/airflow/example_dags/tutorial_objectstorage.py
[2024-03-04T23:17:59.988+0530] {processor.py:840} INFO - DAG(s) 'tutorial_objectstorage' retrieved from /home/arun/.local/lib/python3.10/site-packages/airflow/example_dags/tutorial_objectstorage.py
[2024-03-04T23:18:00.008+0530] {logging_mixin.py:188} INFO - [2024-03-04T23:18:00.008+0530] {dag.py:3036} INFO - Sync 1 DAGs
[2024-03-04T23:18:00.052+0530] {logging_mixin.py:188} INFO - [2024-03-04T23:18:00.051+0530] {dag.py:3823} INFO - Setting next_dagrun for tutorial_objectstorage to None, run_after=None
[2024-03-04T23:18:00.162+0530] {processor.py:183} INFO - Processing /home/arun/.local/lib/python3.10/site-packages/airflow/example_dags/tutorial_objectstorage.py took 0.226 seconds
[2024-03-04T23:19:29.649+0530] {processor.py:161} INFO - Started process (PID=8603) to work on /home/arun/.local/lib/python3.10/site-packages/airflow/example_dags/tutorial_objectstorage.py
[2024-03-04T23:19:29.685+0530] {processor.py:830} INFO - Processing file /home/arun/.local/lib/python3.10/site-packages/airflow/example_dags/tutorial_objectstorage.py for tasks to queue
[2024-03-04T23:19:29.687+0530] {logging_mixin.py:188} INFO - [2024-03-04T23:19:29.686+0530] {dagbag.py:538} INFO - Filling up the DagBag from /home/arun/.local/lib/python3.10/site-packages/airflow/example_dags/tutorial_objectstorage.py
[2024-03-04T23:19:29.703+0530] {processor.py:840} INFO - DAG(s) 'tutorial_objectstorage' retrieved from /home/arun/.local/lib/python3.10/site-packages/airflow/example_dags/tutorial_objectstorage.py
[2024-03-04T23:19:29.732+0530] {logging_mixin.py:188} INFO - [2024-03-04T23:19:29.732+0530] {dag.py:3036} INFO - Sync 1 DAGs
[2024-03-04T23:19:29.751+0530] {logging_mixin.py:188} INFO - [2024-03-04T23:19:29.750+0530] {dag.py:3823} INFO - Setting next_dagrun for tutorial_objectstorage to None, run_after=None
[2024-03-04T23:19:29.786+0530] {processor.py:183} INFO - Processing /home/arun/.local/lib/python3.10/site-packages/airflow/example_dags/tutorial_objectstorage.py took 0.143 seconds
[2024-03-04T23:20:21.236+0530] {processor.py:161} INFO - Started process (PID=8708) to work on /home/arun/.local/lib/python3.10/site-packages/airflow/example_dags/tutorial_objectstorage.py
[2024-03-04T23:20:21.251+0530] {processor.py:830} INFO - Processing file /home/arun/.local/lib/python3.10/site-packages/airflow/example_dags/tutorial_objectstorage.py for tasks to queue
[2024-03-04T23:20:21.258+0530] {logging_mixin.py:188} INFO - [2024-03-04T23:20:21.254+0530] {dagbag.py:538} INFO - Filling up the DagBag from /home/arun/.local/lib/python3.10/site-packages/airflow/example_dags/tutorial_objectstorage.py
[2024-03-04T23:20:21.334+0530] {processor.py:840} INFO - DAG(s) 'tutorial_objectstorage' retrieved from /home/arun/.local/lib/python3.10/site-packages/airflow/example_dags/tutorial_objectstorage.py
[2024-03-04T23:20:21.433+0530] {logging_mixin.py:188} INFO - [2024-03-04T23:20:21.433+0530] {dag.py:3036} INFO - Sync 1 DAGs
[2024-03-04T23:20:21.471+0530] {logging_mixin.py:188} INFO - [2024-03-04T23:20:21.471+0530] {dag.py:3823} INFO - Setting next_dagrun for tutorial_objectstorage to None, run_after=None
[2024-03-04T23:20:21.629+0530] {processor.py:183} INFO - Processing /home/arun/.local/lib/python3.10/site-packages/airflow/example_dags/tutorial_objectstorage.py took 0.421 seconds
[2024-03-04T23:21:59.661+0530] {processor.py:161} INFO - Started process (PID=8895) to work on /home/arun/.local/lib/python3.10/site-packages/airflow/example_dags/tutorial_objectstorage.py
[2024-03-04T23:21:59.706+0530] {processor.py:830} INFO - Processing file /home/arun/.local/lib/python3.10/site-packages/airflow/example_dags/tutorial_objectstorage.py for tasks to queue
[2024-03-04T23:21:59.708+0530] {logging_mixin.py:188} INFO - [2024-03-04T23:21:59.707+0530] {dagbag.py:538} INFO - Filling up the DagBag from /home/arun/.local/lib/python3.10/site-packages/airflow/example_dags/tutorial_objectstorage.py
[2024-03-04T23:21:59.726+0530] {processor.py:840} INFO - DAG(s) 'tutorial_objectstorage' retrieved from /home/arun/.local/lib/python3.10/site-packages/airflow/example_dags/tutorial_objectstorage.py
[2024-03-04T23:21:59.745+0530] {logging_mixin.py:188} INFO - [2024-03-04T23:21:59.745+0530] {dag.py:3036} INFO - Sync 1 DAGs
[2024-03-04T23:21:59.758+0530] {logging_mixin.py:188} INFO - [2024-03-04T23:21:59.758+0530] {dag.py:3823} INFO - Setting next_dagrun for tutorial_objectstorage to None, run_after=None
[2024-03-04T23:21:59.815+0530] {processor.py:183} INFO - Processing /home/arun/.local/lib/python3.10/site-packages/airflow/example_dags/tutorial_objectstorage.py took 0.175 seconds
[2024-03-04T23:24:01.761+0530] {processor.py:161} INFO - Started process (PID=9271) to work on /home/arun/.local/lib/python3.10/site-packages/airflow/example_dags/tutorial_objectstorage.py
[2024-03-04T23:24:01.851+0530] {processor.py:830} INFO - Processing file /home/arun/.local/lib/python3.10/site-packages/airflow/example_dags/tutorial_objectstorage.py for tasks to queue
[2024-03-04T23:24:01.855+0530] {logging_mixin.py:188} INFO - [2024-03-04T23:24:01.852+0530] {dagbag.py:538} INFO - Filling up the DagBag from /home/arun/.local/lib/python3.10/site-packages/airflow/example_dags/tutorial_objectstorage.py
[2024-03-04T23:24:01.876+0530] {processor.py:840} INFO - DAG(s) 'tutorial_objectstorage' retrieved from /home/arun/.local/lib/python3.10/site-packages/airflow/example_dags/tutorial_objectstorage.py
[2024-03-04T23:24:01.899+0530] {logging_mixin.py:188} INFO - [2024-03-04T23:24:01.899+0530] {dag.py:3036} INFO - Sync 1 DAGs
[2024-03-04T23:24:01.914+0530] {logging_mixin.py:188} INFO - [2024-03-04T23:24:01.914+0530] {dag.py:3823} INFO - Setting next_dagrun for tutorial_objectstorage to None, run_after=None
[2024-03-04T23:24:01.992+0530] {processor.py:183} INFO - Processing /home/arun/.local/lib/python3.10/site-packages/airflow/example_dags/tutorial_objectstorage.py took 0.236 seconds
[2024-03-04T23:25:15.187+0530] {processor.py:161} INFO - Started process (PID=9336) to work on /home/arun/.local/lib/python3.10/site-packages/airflow/example_dags/tutorial_objectstorage.py
[2024-03-04T23:25:15.210+0530] {processor.py:830} INFO - Processing file /home/arun/.local/lib/python3.10/site-packages/airflow/example_dags/tutorial_objectstorage.py for tasks to queue
[2024-03-04T23:25:15.211+0530] {logging_mixin.py:188} INFO - [2024-03-04T23:25:15.210+0530] {dagbag.py:538} INFO - Filling up the DagBag from /home/arun/.local/lib/python3.10/site-packages/airflow/example_dags/tutorial_objectstorage.py
[2024-03-04T23:25:15.235+0530] {processor.py:840} INFO - DAG(s) 'tutorial_objectstorage' retrieved from /home/arun/.local/lib/python3.10/site-packages/airflow/example_dags/tutorial_objectstorage.py
[2024-03-04T23:25:15.287+0530] {logging_mixin.py:188} INFO - [2024-03-04T23:25:15.286+0530] {dag.py:3036} INFO - Sync 1 DAGs
[2024-03-04T23:25:15.309+0530] {logging_mixin.py:188} INFO - [2024-03-04T23:25:15.308+0530] {dag.py:3823} INFO - Setting next_dagrun for tutorial_objectstorage to None, run_after=None
[2024-03-04T23:25:15.735+0530] {processor.py:183} INFO - Processing /home/arun/.local/lib/python3.10/site-packages/airflow/example_dags/tutorial_objectstorage.py took 0.552 seconds
[2024-03-04T23:26:38.196+0530] {processor.py:161} INFO - Started process (PID=10065) to work on /home/arun/.local/lib/python3.10/site-packages/airflow/example_dags/tutorial_objectstorage.py
[2024-03-04T23:26:38.234+0530] {processor.py:830} INFO - Processing file /home/arun/.local/lib/python3.10/site-packages/airflow/example_dags/tutorial_objectstorage.py for tasks to queue
[2024-03-04T23:26:38.235+0530] {logging_mixin.py:188} INFO - [2024-03-04T23:26:38.235+0530] {dagbag.py:538} INFO - Filling up the DagBag from /home/arun/.local/lib/python3.10/site-packages/airflow/example_dags/tutorial_objectstorage.py
[2024-03-04T23:26:38.250+0530] {processor.py:840} INFO - DAG(s) 'tutorial_objectstorage' retrieved from /home/arun/.local/lib/python3.10/site-packages/airflow/example_dags/tutorial_objectstorage.py
[2024-03-04T23:26:38.306+0530] {logging_mixin.py:188} INFO - [2024-03-04T23:26:38.306+0530] {dag.py:3036} INFO - Sync 1 DAGs
[2024-03-04T23:26:38.357+0530] {logging_mixin.py:188} INFO - [2024-03-04T23:26:38.354+0530] {dag.py:3823} INFO - Setting next_dagrun for tutorial_objectstorage to None, run_after=None
[2024-03-04T23:26:38.529+0530] {processor.py:183} INFO - Processing /home/arun/.local/lib/python3.10/site-packages/airflow/example_dags/tutorial_objectstorage.py took 0.395 seconds
[2024-03-04T23:27:41.433+0530] {processor.py:161} INFO - Started process (PID=10284) to work on /home/arun/.local/lib/python3.10/site-packages/airflow/example_dags/tutorial_objectstorage.py
[2024-03-04T23:27:41.449+0530] {processor.py:830} INFO - Processing file /home/arun/.local/lib/python3.10/site-packages/airflow/example_dags/tutorial_objectstorage.py for tasks to queue
[2024-03-04T23:27:41.451+0530] {logging_mixin.py:188} INFO - [2024-03-04T23:27:41.450+0530] {dagbag.py:538} INFO - Filling up the DagBag from /home/arun/.local/lib/python3.10/site-packages/airflow/example_dags/tutorial_objectstorage.py
[2024-03-04T23:27:41.472+0530] {processor.py:840} INFO - DAG(s) 'tutorial_objectstorage' retrieved from /home/arun/.local/lib/python3.10/site-packages/airflow/example_dags/tutorial_objectstorage.py
[2024-03-04T23:27:41.548+0530] {logging_mixin.py:188} INFO - [2024-03-04T23:27:41.547+0530] {dag.py:3036} INFO - Sync 1 DAGs
[2024-03-04T23:27:41.576+0530] {logging_mixin.py:188} INFO - [2024-03-04T23:27:41.575+0530] {dag.py:3823} INFO - Setting next_dagrun for tutorial_objectstorage to None, run_after=None
[2024-03-04T23:27:41.699+0530] {processor.py:183} INFO - Processing /home/arun/.local/lib/python3.10/site-packages/airflow/example_dags/tutorial_objectstorage.py took 0.290 seconds
[2024-03-04T23:29:13.892+0530] {processor.py:161} INFO - Started process (PID=10446) to work on /home/arun/.local/lib/python3.10/site-packages/airflow/example_dags/tutorial_objectstorage.py
[2024-03-04T23:29:13.942+0530] {processor.py:830} INFO - Processing file /home/arun/.local/lib/python3.10/site-packages/airflow/example_dags/tutorial_objectstorage.py for tasks to queue
[2024-03-04T23:29:13.944+0530] {logging_mixin.py:188} INFO - [2024-03-04T23:29:13.943+0530] {dagbag.py:538} INFO - Filling up the DagBag from /home/arun/.local/lib/python3.10/site-packages/airflow/example_dags/tutorial_objectstorage.py
[2024-03-04T23:29:13.957+0530] {processor.py:840} INFO - DAG(s) 'tutorial_objectstorage' retrieved from /home/arun/.local/lib/python3.10/site-packages/airflow/example_dags/tutorial_objectstorage.py
[2024-03-04T23:29:13.979+0530] {logging_mixin.py:188} INFO - [2024-03-04T23:29:13.979+0530] {dag.py:3036} INFO - Sync 1 DAGs
[2024-03-04T23:29:14.000+0530] {logging_mixin.py:188} INFO - [2024-03-04T23:29:13.999+0530] {dag.py:3823} INFO - Setting next_dagrun for tutorial_objectstorage to None, run_after=None
[2024-03-04T23:29:14.033+0530] {processor.py:183} INFO - Processing /home/arun/.local/lib/python3.10/site-packages/airflow/example_dags/tutorial_objectstorage.py took 0.147 seconds
[2024-03-04T23:31:08.885+0530] {processor.py:161} INFO - Started process (PID=10761) to work on /home/arun/.local/lib/python3.10/site-packages/airflow/example_dags/tutorial_objectstorage.py
[2024-03-04T23:31:08.889+0530] {processor.py:830} INFO - Processing file /home/arun/.local/lib/python3.10/site-packages/airflow/example_dags/tutorial_objectstorage.py for tasks to queue
[2024-03-04T23:31:08.890+0530] {logging_mixin.py:188} INFO - [2024-03-04T23:31:08.890+0530] {dagbag.py:538} INFO - Filling up the DagBag from /home/arun/.local/lib/python3.10/site-packages/airflow/example_dags/tutorial_objectstorage.py
[2024-03-04T23:31:08.903+0530] {processor.py:840} INFO - DAG(s) 'tutorial_objectstorage' retrieved from /home/arun/.local/lib/python3.10/site-packages/airflow/example_dags/tutorial_objectstorage.py
[2024-03-04T23:31:08.937+0530] {logging_mixin.py:188} INFO - [2024-03-04T23:31:08.937+0530] {dag.py:3036} INFO - Sync 1 DAGs
[2024-03-04T23:31:08.986+0530] {logging_mixin.py:188} INFO - [2024-03-04T23:31:08.986+0530] {dag.py:3823} INFO - Setting next_dagrun for tutorial_objectstorage to None, run_after=None
[2024-03-04T23:31:09.056+0530] {processor.py:183} INFO - Processing /home/arun/.local/lib/python3.10/site-packages/airflow/example_dags/tutorial_objectstorage.py took 0.176 seconds
[2024-03-04T23:32:07.142+0530] {processor.py:161} INFO - Started process (PID=10878) to work on /home/arun/.local/lib/python3.10/site-packages/airflow/example_dags/tutorial_objectstorage.py
[2024-03-04T23:32:07.182+0530] {processor.py:830} INFO - Processing file /home/arun/.local/lib/python3.10/site-packages/airflow/example_dags/tutorial_objectstorage.py for tasks to queue
[2024-03-04T23:32:07.184+0530] {logging_mixin.py:188} INFO - [2024-03-04T23:32:07.183+0530] {dagbag.py:538} INFO - Filling up the DagBag from /home/arun/.local/lib/python3.10/site-packages/airflow/example_dags/tutorial_objectstorage.py
[2024-03-04T23:32:07.198+0530] {processor.py:840} INFO - DAG(s) 'tutorial_objectstorage' retrieved from /home/arun/.local/lib/python3.10/site-packages/airflow/example_dags/tutorial_objectstorage.py
[2024-03-04T23:32:07.224+0530] {logging_mixin.py:188} INFO - [2024-03-04T23:32:07.224+0530] {dag.py:3036} INFO - Sync 1 DAGs
[2024-03-04T23:32:07.245+0530] {logging_mixin.py:188} INFO - [2024-03-04T23:32:07.245+0530] {dag.py:3823} INFO - Setting next_dagrun for tutorial_objectstorage to None, run_after=None
[2024-03-04T23:32:07.286+0530] {processor.py:183} INFO - Processing /home/arun/.local/lib/python3.10/site-packages/airflow/example_dags/tutorial_objectstorage.py took 0.150 seconds
[2024-03-04T23:32:57.478+0530] {processor.py:161} INFO - Started process (PID=10970) to work on /home/arun/.local/lib/python3.10/site-packages/airflow/example_dags/tutorial_objectstorage.py
[2024-03-04T23:32:57.517+0530] {processor.py:830} INFO - Processing file /home/arun/.local/lib/python3.10/site-packages/airflow/example_dags/tutorial_objectstorage.py for tasks to queue
[2024-03-04T23:32:57.518+0530] {logging_mixin.py:188} INFO - [2024-03-04T23:32:57.518+0530] {dagbag.py:538} INFO - Filling up the DagBag from /home/arun/.local/lib/python3.10/site-packages/airflow/example_dags/tutorial_objectstorage.py
[2024-03-04T23:32:57.526+0530] {processor.py:840} INFO - DAG(s) 'tutorial_objectstorage' retrieved from /home/arun/.local/lib/python3.10/site-packages/airflow/example_dags/tutorial_objectstorage.py
[2024-03-04T23:32:57.546+0530] {logging_mixin.py:188} INFO - [2024-03-04T23:32:57.545+0530] {dag.py:3036} INFO - Sync 1 DAGs
[2024-03-04T23:32:57.564+0530] {logging_mixin.py:188} INFO - [2024-03-04T23:32:57.563+0530] {dag.py:3823} INFO - Setting next_dagrun for tutorial_objectstorage to None, run_after=None
[2024-03-04T23:32:57.621+0530] {processor.py:183} INFO - Processing /home/arun/.local/lib/python3.10/site-packages/airflow/example_dags/tutorial_objectstorage.py took 0.146 seconds
[2024-03-04T23:34:32.967+0530] {processor.py:161} INFO - Started process (PID=11154) to work on /home/arun/.local/lib/python3.10/site-packages/airflow/example_dags/tutorial_objectstorage.py
[2024-03-04T23:34:33.008+0530] {processor.py:830} INFO - Processing file /home/arun/.local/lib/python3.10/site-packages/airflow/example_dags/tutorial_objectstorage.py for tasks to queue
[2024-03-04T23:34:33.010+0530] {logging_mixin.py:188} INFO - [2024-03-04T23:34:33.009+0530] {dagbag.py:538} INFO - Filling up the DagBag from /home/arun/.local/lib/python3.10/site-packages/airflow/example_dags/tutorial_objectstorage.py
[2024-03-04T23:34:33.027+0530] {processor.py:840} INFO - DAG(s) 'tutorial_objectstorage' retrieved from /home/arun/.local/lib/python3.10/site-packages/airflow/example_dags/tutorial_objectstorage.py
[2024-03-04T23:34:33.054+0530] {logging_mixin.py:188} INFO - [2024-03-04T23:34:33.054+0530] {dag.py:3036} INFO - Sync 1 DAGs
[2024-03-04T23:34:33.072+0530] {logging_mixin.py:188} INFO - [2024-03-04T23:34:33.072+0530] {dag.py:3823} INFO - Setting next_dagrun for tutorial_objectstorage to None, run_after=None
[2024-03-04T23:34:33.128+0530] {processor.py:183} INFO - Processing /home/arun/.local/lib/python3.10/site-packages/airflow/example_dags/tutorial_objectstorage.py took 0.168 seconds
[2024-03-04T23:35:26.349+0530] {processor.py:161} INFO - Started process (PID=11249) to work on /home/arun/.local/lib/python3.10/site-packages/airflow/example_dags/tutorial_objectstorage.py
[2024-03-04T23:35:26.354+0530] {processor.py:830} INFO - Processing file /home/arun/.local/lib/python3.10/site-packages/airflow/example_dags/tutorial_objectstorage.py for tasks to queue
[2024-03-04T23:35:26.356+0530] {logging_mixin.py:188} INFO - [2024-03-04T23:35:26.355+0530] {dagbag.py:538} INFO - Filling up the DagBag from /home/arun/.local/lib/python3.10/site-packages/airflow/example_dags/tutorial_objectstorage.py
[2024-03-04T23:35:26.378+0530] {processor.py:840} INFO - DAG(s) 'tutorial_objectstorage' retrieved from /home/arun/.local/lib/python3.10/site-packages/airflow/example_dags/tutorial_objectstorage.py
[2024-03-04T23:35:26.415+0530] {logging_mixin.py:188} INFO - [2024-03-04T23:35:26.414+0530] {dag.py:3036} INFO - Sync 1 DAGs
[2024-03-04T23:35:26.443+0530] {logging_mixin.py:188} INFO - [2024-03-04T23:35:26.442+0530] {dag.py:3823} INFO - Setting next_dagrun for tutorial_objectstorage to None, run_after=None
[2024-03-04T23:35:26.503+0530] {processor.py:183} INFO - Processing /home/arun/.local/lib/python3.10/site-packages/airflow/example_dags/tutorial_objectstorage.py took 0.165 seconds
