[2024-02-29T18:15:09.356+0530] {processor.py:161} INFO - Started process (PID=5165) to work on /home/arun/.local/lib/python3.10/site-packages/airflow/example_dags/plugins/event_listener.py
[2024-02-29T18:15:09.358+0530] {processor.py:830} INFO - Processing file /home/arun/.local/lib/python3.10/site-packages/airflow/example_dags/plugins/event_listener.py for tasks to queue
[2024-02-29T18:15:09.360+0530] {logging_mixin.py:188} INFO - [2024-02-29T18:15:09.360+0530] {dagbag.py:538} INFO - Filling up the DagBag from /home/arun/.local/lib/python3.10/site-packages/airflow/example_dags/plugins/event_listener.py
[2024-02-29T18:15:09.365+0530] {processor.py:842} WARNING - No viable dags retrieved from /home/arun/.local/lib/python3.10/site-packages/airflow/example_dags/plugins/event_listener.py
[2024-02-29T18:15:09.406+0530] {processor.py:183} INFO - Processing /home/arun/.local/lib/python3.10/site-packages/airflow/example_dags/plugins/event_listener.py took 0.048 seconds
[2024-02-29T18:16:35.388+0530] {processor.py:161} INFO - Started process (PID=5224) to work on /home/arun/.local/lib/python3.10/site-packages/airflow/example_dags/plugins/event_listener.py
[2024-02-29T18:16:35.412+0530] {processor.py:830} INFO - Processing file /home/arun/.local/lib/python3.10/site-packages/airflow/example_dags/plugins/event_listener.py for tasks to queue
[2024-02-29T18:16:35.428+0530] {logging_mixin.py:188} INFO - [2024-02-29T18:16:35.418+0530] {dagbag.py:538} INFO - Filling up the DagBag from /home/arun/.local/lib/python3.10/site-packages/airflow/example_dags/plugins/event_listener.py
[2024-02-29T18:16:35.460+0530] {processor.py:842} WARNING - No viable dags retrieved from /home/arun/.local/lib/python3.10/site-packages/airflow/example_dags/plugins/event_listener.py
[2024-02-29T18:16:35.477+0530] {processor.py:183} INFO - Processing /home/arun/.local/lib/python3.10/site-packages/airflow/example_dags/plugins/event_listener.py took 0.093 seconds
[2024-02-29T18:17:29.332+0530] {processor.py:161} INFO - Started process (PID=5267) to work on /home/arun/.local/lib/python3.10/site-packages/airflow/example_dags/plugins/event_listener.py
[2024-02-29T18:17:29.336+0530] {processor.py:830} INFO - Processing file /home/arun/.local/lib/python3.10/site-packages/airflow/example_dags/plugins/event_listener.py for tasks to queue
[2024-02-29T18:17:29.338+0530] {logging_mixin.py:188} INFO - [2024-02-29T18:17:29.337+0530] {dagbag.py:538} INFO - Filling up the DagBag from /home/arun/.local/lib/python3.10/site-packages/airflow/example_dags/plugins/event_listener.py
[2024-02-29T18:17:29.342+0530] {processor.py:842} WARNING - No viable dags retrieved from /home/arun/.local/lib/python3.10/site-packages/airflow/example_dags/plugins/event_listener.py
[2024-02-29T18:17:29.384+0530] {processor.py:183} INFO - Processing /home/arun/.local/lib/python3.10/site-packages/airflow/example_dags/plugins/event_listener.py took 0.058 seconds
[2024-02-29T18:18:19.170+0530] {processor.py:161} INFO - Started process (PID=5357) to work on /home/arun/.local/lib/python3.10/site-packages/airflow/example_dags/plugins/event_listener.py
[2024-02-29T18:18:19.183+0530] {processor.py:830} INFO - Processing file /home/arun/.local/lib/python3.10/site-packages/airflow/example_dags/plugins/event_listener.py for tasks to queue
[2024-02-29T18:18:19.188+0530] {logging_mixin.py:188} INFO - [2024-02-29T18:18:19.187+0530] {dagbag.py:538} INFO - Filling up the DagBag from /home/arun/.local/lib/python3.10/site-packages/airflow/example_dags/plugins/event_listener.py
[2024-02-29T18:18:19.195+0530] {processor.py:842} WARNING - No viable dags retrieved from /home/arun/.local/lib/python3.10/site-packages/airflow/example_dags/plugins/event_listener.py
[2024-02-29T18:18:19.245+0530] {processor.py:183} INFO - Processing /home/arun/.local/lib/python3.10/site-packages/airflow/example_dags/plugins/event_listener.py took 0.083 seconds
[2024-02-29T18:19:54.687+0530] {processor.py:161} INFO - Started process (PID=5448) to work on /home/arun/.local/lib/python3.10/site-packages/airflow/example_dags/plugins/event_listener.py
[2024-02-29T18:19:54.694+0530] {processor.py:830} INFO - Processing file /home/arun/.local/lib/python3.10/site-packages/airflow/example_dags/plugins/event_listener.py for tasks to queue
[2024-02-29T18:19:54.695+0530] {logging_mixin.py:188} INFO - [2024-02-29T18:19:54.694+0530] {dagbag.py:538} INFO - Filling up the DagBag from /home/arun/.local/lib/python3.10/site-packages/airflow/example_dags/plugins/event_listener.py
[2024-02-29T18:19:54.699+0530] {processor.py:842} WARNING - No viable dags retrieved from /home/arun/.local/lib/python3.10/site-packages/airflow/example_dags/plugins/event_listener.py
[2024-02-29T18:19:54.719+0530] {processor.py:183} INFO - Processing /home/arun/.local/lib/python3.10/site-packages/airflow/example_dags/plugins/event_listener.py took 0.041 seconds
[2024-02-29T18:21:05.020+0530] {processor.py:161} INFO - Started process (PID=5554) to work on /home/arun/.local/lib/python3.10/site-packages/airflow/example_dags/plugins/event_listener.py
[2024-02-29T18:21:05.081+0530] {processor.py:830} INFO - Processing file /home/arun/.local/lib/python3.10/site-packages/airflow/example_dags/plugins/event_listener.py for tasks to queue
[2024-02-29T18:21:05.094+0530] {logging_mixin.py:188} INFO - [2024-02-29T18:21:05.094+0530] {dagbag.py:538} INFO - Filling up the DagBag from /home/arun/.local/lib/python3.10/site-packages/airflow/example_dags/plugins/event_listener.py
[2024-02-29T18:21:05.116+0530] {processor.py:842} WARNING - No viable dags retrieved from /home/arun/.local/lib/python3.10/site-packages/airflow/example_dags/plugins/event_listener.py
[2024-02-29T18:21:05.136+0530] {processor.py:183} INFO - Processing /home/arun/.local/lib/python3.10/site-packages/airflow/example_dags/plugins/event_listener.py took 0.126 seconds
[2024-02-29T18:22:03.030+0530] {processor.py:161} INFO - Started process (PID=5658) to work on /home/arun/.local/lib/python3.10/site-packages/airflow/example_dags/plugins/event_listener.py
[2024-02-29T18:22:03.058+0530] {processor.py:830} INFO - Processing file /home/arun/.local/lib/python3.10/site-packages/airflow/example_dags/plugins/event_listener.py for tasks to queue
[2024-02-29T18:22:03.059+0530] {logging_mixin.py:188} INFO - [2024-02-29T18:22:03.058+0530] {dagbag.py:538} INFO - Filling up the DagBag from /home/arun/.local/lib/python3.10/site-packages/airflow/example_dags/plugins/event_listener.py
[2024-02-29T18:22:03.062+0530] {processor.py:842} WARNING - No viable dags retrieved from /home/arun/.local/lib/python3.10/site-packages/airflow/example_dags/plugins/event_listener.py
[2024-02-29T18:22:03.077+0530] {processor.py:183} INFO - Processing /home/arun/.local/lib/python3.10/site-packages/airflow/example_dags/plugins/event_listener.py took 0.052 seconds
[2024-02-29T18:22:58.895+0530] {processor.py:161} INFO - Started process (PID=5743) to work on /home/arun/.local/lib/python3.10/site-packages/airflow/example_dags/plugins/event_listener.py
[2024-02-29T18:22:58.946+0530] {processor.py:830} INFO - Processing file /home/arun/.local/lib/python3.10/site-packages/airflow/example_dags/plugins/event_listener.py for tasks to queue
[2024-02-29T18:22:58.950+0530] {logging_mixin.py:188} INFO - [2024-02-29T18:22:58.947+0530] {dagbag.py:538} INFO - Filling up the DagBag from /home/arun/.local/lib/python3.10/site-packages/airflow/example_dags/plugins/event_listener.py
[2024-02-29T18:22:58.960+0530] {processor.py:842} WARNING - No viable dags retrieved from /home/arun/.local/lib/python3.10/site-packages/airflow/example_dags/plugins/event_listener.py
[2024-02-29T18:22:58.982+0530] {processor.py:183} INFO - Processing /home/arun/.local/lib/python3.10/site-packages/airflow/example_dags/plugins/event_listener.py took 0.092 seconds
[2024-02-29T18:23:51.157+0530] {processor.py:161} INFO - Started process (PID=5836) to work on /home/arun/.local/lib/python3.10/site-packages/airflow/example_dags/plugins/event_listener.py
[2024-02-29T18:23:51.158+0530] {processor.py:830} INFO - Processing file /home/arun/.local/lib/python3.10/site-packages/airflow/example_dags/plugins/event_listener.py for tasks to queue
[2024-02-29T18:23:51.159+0530] {logging_mixin.py:188} INFO - [2024-02-29T18:23:51.159+0530] {dagbag.py:538} INFO - Filling up the DagBag from /home/arun/.local/lib/python3.10/site-packages/airflow/example_dags/plugins/event_listener.py
[2024-02-29T18:23:51.162+0530] {processor.py:842} WARNING - No viable dags retrieved from /home/arun/.local/lib/python3.10/site-packages/airflow/example_dags/plugins/event_listener.py
[2024-02-29T18:23:51.172+0530] {processor.py:183} INFO - Processing /home/arun/.local/lib/python3.10/site-packages/airflow/example_dags/plugins/event_listener.py took 0.018 seconds
[2024-02-29T18:24:38.233+0530] {processor.py:161} INFO - Started process (PID=5920) to work on /home/arun/.local/lib/python3.10/site-packages/airflow/example_dags/plugins/event_listener.py
[2024-02-29T18:24:38.312+0530] {processor.py:830} INFO - Processing file /home/arun/.local/lib/python3.10/site-packages/airflow/example_dags/plugins/event_listener.py for tasks to queue
[2024-02-29T18:24:38.313+0530] {logging_mixin.py:188} INFO - [2024-02-29T18:24:38.313+0530] {dagbag.py:538} INFO - Filling up the DagBag from /home/arun/.local/lib/python3.10/site-packages/airflow/example_dags/plugins/event_listener.py
[2024-02-29T18:24:38.317+0530] {processor.py:842} WARNING - No viable dags retrieved from /home/arun/.local/lib/python3.10/site-packages/airflow/example_dags/plugins/event_listener.py
[2024-02-29T18:24:38.333+0530] {processor.py:183} INFO - Processing /home/arun/.local/lib/python3.10/site-packages/airflow/example_dags/plugins/event_listener.py took 0.110 seconds
[2024-02-29T18:25:29.876+0530] {processor.py:161} INFO - Started process (PID=5998) to work on /home/arun/.local/lib/python3.10/site-packages/airflow/example_dags/plugins/event_listener.py
[2024-02-29T18:25:29.878+0530] {processor.py:830} INFO - Processing file /home/arun/.local/lib/python3.10/site-packages/airflow/example_dags/plugins/event_listener.py for tasks to queue
[2024-02-29T18:25:29.880+0530] {logging_mixin.py:188} INFO - [2024-02-29T18:25:29.879+0530] {dagbag.py:538} INFO - Filling up the DagBag from /home/arun/.local/lib/python3.10/site-packages/airflow/example_dags/plugins/event_listener.py
[2024-02-29T18:25:29.883+0530] {processor.py:842} WARNING - No viable dags retrieved from /home/arun/.local/lib/python3.10/site-packages/airflow/example_dags/plugins/event_listener.py
[2024-02-29T18:25:29.902+0530] {processor.py:183} INFO - Processing /home/arun/.local/lib/python3.10/site-packages/airflow/example_dags/plugins/event_listener.py took 0.031 seconds
[2024-02-29T18:26:17.301+0530] {processor.py:161} INFO - Started process (PID=6073) to work on /home/arun/.local/lib/python3.10/site-packages/airflow/example_dags/plugins/event_listener.py
[2024-02-29T18:26:17.304+0530] {processor.py:830} INFO - Processing file /home/arun/.local/lib/python3.10/site-packages/airflow/example_dags/plugins/event_listener.py for tasks to queue
[2024-02-29T18:26:17.306+0530] {logging_mixin.py:188} INFO - [2024-02-29T18:26:17.305+0530] {dagbag.py:538} INFO - Filling up the DagBag from /home/arun/.local/lib/python3.10/site-packages/airflow/example_dags/plugins/event_listener.py
[2024-02-29T18:26:17.310+0530] {processor.py:842} WARNING - No viable dags retrieved from /home/arun/.local/lib/python3.10/site-packages/airflow/example_dags/plugins/event_listener.py
[2024-02-29T18:26:17.327+0530] {processor.py:183} INFO - Processing /home/arun/.local/lib/python3.10/site-packages/airflow/example_dags/plugins/event_listener.py took 0.031 seconds
[2024-02-29T18:27:09.838+0530] {processor.py:161} INFO - Started process (PID=6150) to work on /home/arun/.local/lib/python3.10/site-packages/airflow/example_dags/plugins/event_listener.py
[2024-02-29T18:27:09.845+0530] {processor.py:830} INFO - Processing file /home/arun/.local/lib/python3.10/site-packages/airflow/example_dags/plugins/event_listener.py for tasks to queue
[2024-02-29T18:27:09.848+0530] {logging_mixin.py:188} INFO - [2024-02-29T18:27:09.847+0530] {dagbag.py:538} INFO - Filling up the DagBag from /home/arun/.local/lib/python3.10/site-packages/airflow/example_dags/plugins/event_listener.py
[2024-02-29T18:27:09.854+0530] {processor.py:842} WARNING - No viable dags retrieved from /home/arun/.local/lib/python3.10/site-packages/airflow/example_dags/plugins/event_listener.py
[2024-02-29T18:27:09.912+0530] {processor.py:183} INFO - Processing /home/arun/.local/lib/python3.10/site-packages/airflow/example_dags/plugins/event_listener.py took 0.094 seconds
[2024-02-29T18:27:52.191+0530] {processor.py:161} INFO - Started process (PID=6232) to work on /home/arun/.local/lib/python3.10/site-packages/airflow/example_dags/plugins/event_listener.py
[2024-02-29T18:27:52.198+0530] {processor.py:830} INFO - Processing file /home/arun/.local/lib/python3.10/site-packages/airflow/example_dags/plugins/event_listener.py for tasks to queue
[2024-02-29T18:27:52.202+0530] {logging_mixin.py:188} INFO - [2024-02-29T18:27:52.201+0530] {dagbag.py:538} INFO - Filling up the DagBag from /home/arun/.local/lib/python3.10/site-packages/airflow/example_dags/plugins/event_listener.py
[2024-02-29T18:27:52.215+0530] {processor.py:842} WARNING - No viable dags retrieved from /home/arun/.local/lib/python3.10/site-packages/airflow/example_dags/plugins/event_listener.py
[2024-02-29T18:27:52.272+0530] {processor.py:183} INFO - Processing /home/arun/.local/lib/python3.10/site-packages/airflow/example_dags/plugins/event_listener.py took 0.105 seconds
[2024-02-29T18:28:33.961+0530] {processor.py:161} INFO - Started process (PID=6299) to work on /home/arun/.local/lib/python3.10/site-packages/airflow/example_dags/plugins/event_listener.py
[2024-02-29T18:28:33.976+0530] {processor.py:830} INFO - Processing file /home/arun/.local/lib/python3.10/site-packages/airflow/example_dags/plugins/event_listener.py for tasks to queue
[2024-02-29T18:28:33.979+0530] {logging_mixin.py:188} INFO - [2024-02-29T18:28:33.979+0530] {dagbag.py:538} INFO - Filling up the DagBag from /home/arun/.local/lib/python3.10/site-packages/airflow/example_dags/plugins/event_listener.py
[2024-02-29T18:28:33.988+0530] {processor.py:842} WARNING - No viable dags retrieved from /home/arun/.local/lib/python3.10/site-packages/airflow/example_dags/plugins/event_listener.py
[2024-02-29T18:28:34.007+0530] {processor.py:183} INFO - Processing /home/arun/.local/lib/python3.10/site-packages/airflow/example_dags/plugins/event_listener.py took 0.059 seconds
[2024-02-29T18:29:37.534+0530] {processor.py:161} INFO - Started process (PID=6410) to work on /home/arun/.local/lib/python3.10/site-packages/airflow/example_dags/plugins/event_listener.py
[2024-02-29T18:29:37.592+0530] {processor.py:830} INFO - Processing file /home/arun/.local/lib/python3.10/site-packages/airflow/example_dags/plugins/event_listener.py for tasks to queue
[2024-02-29T18:29:37.593+0530] {logging_mixin.py:188} INFO - [2024-02-29T18:29:37.593+0530] {dagbag.py:538} INFO - Filling up the DagBag from /home/arun/.local/lib/python3.10/site-packages/airflow/example_dags/plugins/event_listener.py
[2024-02-29T18:29:37.596+0530] {processor.py:842} WARNING - No viable dags retrieved from /home/arun/.local/lib/python3.10/site-packages/airflow/example_dags/plugins/event_listener.py
[2024-02-29T18:29:37.606+0530] {processor.py:183} INFO - Processing /home/arun/.local/lib/python3.10/site-packages/airflow/example_dags/plugins/event_listener.py took 0.075 seconds
[2024-02-29T18:30:37.932+0530] {processor.py:161} INFO - Started process (PID=6506) to work on /home/arun/.local/lib/python3.10/site-packages/airflow/example_dags/plugins/event_listener.py
[2024-02-29T18:30:37.941+0530] {processor.py:830} INFO - Processing file /home/arun/.local/lib/python3.10/site-packages/airflow/example_dags/plugins/event_listener.py for tasks to queue
[2024-02-29T18:30:37.943+0530] {logging_mixin.py:188} INFO - [2024-02-29T18:30:37.943+0530] {dagbag.py:538} INFO - Filling up the DagBag from /home/arun/.local/lib/python3.10/site-packages/airflow/example_dags/plugins/event_listener.py
[2024-02-29T18:30:37.953+0530] {processor.py:842} WARNING - No viable dags retrieved from /home/arun/.local/lib/python3.10/site-packages/airflow/example_dags/plugins/event_listener.py
[2024-02-29T18:30:37.996+0530] {processor.py:183} INFO - Processing /home/arun/.local/lib/python3.10/site-packages/airflow/example_dags/plugins/event_listener.py took 0.073 seconds
[2024-02-29T18:31:34.190+0530] {processor.py:161} INFO - Started process (PID=6595) to work on /home/arun/.local/lib/python3.10/site-packages/airflow/example_dags/plugins/event_listener.py
[2024-02-29T18:31:34.192+0530] {processor.py:830} INFO - Processing file /home/arun/.local/lib/python3.10/site-packages/airflow/example_dags/plugins/event_listener.py for tasks to queue
[2024-02-29T18:31:34.194+0530] {logging_mixin.py:188} INFO - [2024-02-29T18:31:34.193+0530] {dagbag.py:538} INFO - Filling up the DagBag from /home/arun/.local/lib/python3.10/site-packages/airflow/example_dags/plugins/event_listener.py
[2024-02-29T18:31:34.197+0530] {processor.py:842} WARNING - No viable dags retrieved from /home/arun/.local/lib/python3.10/site-packages/airflow/example_dags/plugins/event_listener.py
[2024-02-29T18:31:34.210+0530] {processor.py:183} INFO - Processing /home/arun/.local/lib/python3.10/site-packages/airflow/example_dags/plugins/event_listener.py took 0.025 seconds
[2024-02-29T18:32:22.063+0530] {processor.py:161} INFO - Started process (PID=6674) to work on /home/arun/.local/lib/python3.10/site-packages/airflow/example_dags/plugins/event_listener.py
[2024-02-29T18:32:22.064+0530] {processor.py:830} INFO - Processing file /home/arun/.local/lib/python3.10/site-packages/airflow/example_dags/plugins/event_listener.py for tasks to queue
[2024-02-29T18:32:22.065+0530] {logging_mixin.py:188} INFO - [2024-02-29T18:32:22.065+0530] {dagbag.py:538} INFO - Filling up the DagBag from /home/arun/.local/lib/python3.10/site-packages/airflow/example_dags/plugins/event_listener.py
[2024-02-29T18:32:22.067+0530] {processor.py:842} WARNING - No viable dags retrieved from /home/arun/.local/lib/python3.10/site-packages/airflow/example_dags/plugins/event_listener.py
[2024-02-29T18:32:22.079+0530] {processor.py:183} INFO - Processing /home/arun/.local/lib/python3.10/site-packages/airflow/example_dags/plugins/event_listener.py took 0.020 seconds
[2024-02-29T18:33:16.546+0530] {processor.py:161} INFO - Started process (PID=6764) to work on /home/arun/.local/lib/python3.10/site-packages/airflow/example_dags/plugins/event_listener.py
[2024-02-29T18:33:16.549+0530] {processor.py:830} INFO - Processing file /home/arun/.local/lib/python3.10/site-packages/airflow/example_dags/plugins/event_listener.py for tasks to queue
[2024-02-29T18:33:16.550+0530] {logging_mixin.py:188} INFO - [2024-02-29T18:33:16.549+0530] {dagbag.py:538} INFO - Filling up the DagBag from /home/arun/.local/lib/python3.10/site-packages/airflow/example_dags/plugins/event_listener.py
[2024-02-29T18:33:16.553+0530] {processor.py:842} WARNING - No viable dags retrieved from /home/arun/.local/lib/python3.10/site-packages/airflow/example_dags/plugins/event_listener.py
[2024-02-29T18:33:16.564+0530] {processor.py:183} INFO - Processing /home/arun/.local/lib/python3.10/site-packages/airflow/example_dags/plugins/event_listener.py took 0.021 seconds
[2024-02-29T18:34:10.632+0530] {processor.py:161} INFO - Started process (PID=6850) to work on /home/arun/.local/lib/python3.10/site-packages/airflow/example_dags/plugins/event_listener.py
[2024-02-29T18:34:10.634+0530] {processor.py:830} INFO - Processing file /home/arun/.local/lib/python3.10/site-packages/airflow/example_dags/plugins/event_listener.py for tasks to queue
[2024-02-29T18:34:10.635+0530] {logging_mixin.py:188} INFO - [2024-02-29T18:34:10.635+0530] {dagbag.py:538} INFO - Filling up the DagBag from /home/arun/.local/lib/python3.10/site-packages/airflow/example_dags/plugins/event_listener.py
[2024-02-29T18:34:10.639+0530] {processor.py:842} WARNING - No viable dags retrieved from /home/arun/.local/lib/python3.10/site-packages/airflow/example_dags/plugins/event_listener.py
[2024-02-29T18:34:10.655+0530] {processor.py:183} INFO - Processing /home/arun/.local/lib/python3.10/site-packages/airflow/example_dags/plugins/event_listener.py took 0.027 seconds
[2024-02-29T18:35:03.026+0530] {processor.py:161} INFO - Started process (PID=6935) to work on /home/arun/.local/lib/python3.10/site-packages/airflow/example_dags/plugins/event_listener.py
[2024-02-29T18:35:03.032+0530] {processor.py:830} INFO - Processing file /home/arun/.local/lib/python3.10/site-packages/airflow/example_dags/plugins/event_listener.py for tasks to queue
[2024-02-29T18:35:03.033+0530] {logging_mixin.py:188} INFO - [2024-02-29T18:35:03.033+0530] {dagbag.py:538} INFO - Filling up the DagBag from /home/arun/.local/lib/python3.10/site-packages/airflow/example_dags/plugins/event_listener.py
[2024-02-29T18:35:03.036+0530] {processor.py:842} WARNING - No viable dags retrieved from /home/arun/.local/lib/python3.10/site-packages/airflow/example_dags/plugins/event_listener.py
[2024-02-29T18:35:03.048+0530] {processor.py:183} INFO - Processing /home/arun/.local/lib/python3.10/site-packages/airflow/example_dags/plugins/event_listener.py took 0.026 seconds
[2024-02-29T18:35:57.844+0530] {processor.py:161} INFO - Started process (PID=7019) to work on /home/arun/.local/lib/python3.10/site-packages/airflow/example_dags/plugins/event_listener.py
[2024-02-29T18:35:57.847+0530] {processor.py:830} INFO - Processing file /home/arun/.local/lib/python3.10/site-packages/airflow/example_dags/plugins/event_listener.py for tasks to queue
[2024-02-29T18:35:57.849+0530] {logging_mixin.py:188} INFO - [2024-02-29T18:35:57.848+0530] {dagbag.py:538} INFO - Filling up the DagBag from /home/arun/.local/lib/python3.10/site-packages/airflow/example_dags/plugins/event_listener.py
[2024-02-29T18:35:57.853+0530] {processor.py:842} WARNING - No viable dags retrieved from /home/arun/.local/lib/python3.10/site-packages/airflow/example_dags/plugins/event_listener.py
[2024-02-29T18:35:57.873+0530] {processor.py:183} INFO - Processing /home/arun/.local/lib/python3.10/site-packages/airflow/example_dags/plugins/event_listener.py took 0.037 seconds
[2024-02-29T18:37:00.438+0530] {processor.py:161} INFO - Started process (PID=7111) to work on /home/arun/.local/lib/python3.10/site-packages/airflow/example_dags/plugins/event_listener.py
[2024-02-29T18:37:00.440+0530] {processor.py:830} INFO - Processing file /home/arun/.local/lib/python3.10/site-packages/airflow/example_dags/plugins/event_listener.py for tasks to queue
[2024-02-29T18:37:00.441+0530] {logging_mixin.py:188} INFO - [2024-02-29T18:37:00.441+0530] {dagbag.py:538} INFO - Filling up the DagBag from /home/arun/.local/lib/python3.10/site-packages/airflow/example_dags/plugins/event_listener.py
[2024-02-29T18:37:00.445+0530] {processor.py:842} WARNING - No viable dags retrieved from /home/arun/.local/lib/python3.10/site-packages/airflow/example_dags/plugins/event_listener.py
[2024-02-29T18:37:00.461+0530] {processor.py:183} INFO - Processing /home/arun/.local/lib/python3.10/site-packages/airflow/example_dags/plugins/event_listener.py took 0.028 seconds
[2024-02-29T18:37:59.979+0530] {processor.py:161} INFO - Started process (PID=7202) to work on /home/arun/.local/lib/python3.10/site-packages/airflow/example_dags/plugins/event_listener.py
[2024-02-29T18:37:59.981+0530] {processor.py:830} INFO - Processing file /home/arun/.local/lib/python3.10/site-packages/airflow/example_dags/plugins/event_listener.py for tasks to queue
[2024-02-29T18:37:59.982+0530] {logging_mixin.py:188} INFO - [2024-02-29T18:37:59.982+0530] {dagbag.py:538} INFO - Filling up the DagBag from /home/arun/.local/lib/python3.10/site-packages/airflow/example_dags/plugins/event_listener.py
[2024-02-29T18:37:59.986+0530] {processor.py:842} WARNING - No viable dags retrieved from /home/arun/.local/lib/python3.10/site-packages/airflow/example_dags/plugins/event_listener.py
[2024-02-29T18:38:00.006+0530] {processor.py:183} INFO - Processing /home/arun/.local/lib/python3.10/site-packages/airflow/example_dags/plugins/event_listener.py took 0.034 seconds
[2024-02-29T18:38:55.511+0530] {processor.py:161} INFO - Started process (PID=7379) to work on /home/arun/.local/lib/python3.10/site-packages/airflow/example_dags/plugins/event_listener.py
[2024-02-29T18:38:55.517+0530] {processor.py:830} INFO - Processing file /home/arun/.local/lib/python3.10/site-packages/airflow/example_dags/plugins/event_listener.py for tasks to queue
[2024-02-29T18:38:55.520+0530] {logging_mixin.py:188} INFO - [2024-02-29T18:38:55.519+0530] {dagbag.py:538} INFO - Filling up the DagBag from /home/arun/.local/lib/python3.10/site-packages/airflow/example_dags/plugins/event_listener.py
[2024-02-29T18:38:55.527+0530] {processor.py:842} WARNING - No viable dags retrieved from /home/arun/.local/lib/python3.10/site-packages/airflow/example_dags/plugins/event_listener.py
[2024-02-29T18:38:55.597+0530] {processor.py:183} INFO - Processing /home/arun/.local/lib/python3.10/site-packages/airflow/example_dags/plugins/event_listener.py took 0.202 seconds
[2024-02-29T18:39:53.123+0530] {processor.py:161} INFO - Started process (PID=7468) to work on /home/arun/.local/lib/python3.10/site-packages/airflow/example_dags/plugins/event_listener.py
[2024-02-29T18:39:53.125+0530] {processor.py:830} INFO - Processing file /home/arun/.local/lib/python3.10/site-packages/airflow/example_dags/plugins/event_listener.py for tasks to queue
[2024-02-29T18:39:53.126+0530] {logging_mixin.py:188} INFO - [2024-02-29T18:39:53.126+0530] {dagbag.py:538} INFO - Filling up the DagBag from /home/arun/.local/lib/python3.10/site-packages/airflow/example_dags/plugins/event_listener.py
[2024-02-29T18:39:53.130+0530] {processor.py:842} WARNING - No viable dags retrieved from /home/arun/.local/lib/python3.10/site-packages/airflow/example_dags/plugins/event_listener.py
[2024-02-29T18:39:53.148+0530] {processor.py:183} INFO - Processing /home/arun/.local/lib/python3.10/site-packages/airflow/example_dags/plugins/event_listener.py took 0.033 seconds
[2024-02-29T18:40:50.803+0530] {processor.py:161} INFO - Started process (PID=7558) to work on /home/arun/.local/lib/python3.10/site-packages/airflow/example_dags/plugins/event_listener.py
[2024-02-29T18:40:50.820+0530] {processor.py:830} INFO - Processing file /home/arun/.local/lib/python3.10/site-packages/airflow/example_dags/plugins/event_listener.py for tasks to queue
[2024-02-29T18:40:50.821+0530] {logging_mixin.py:188} INFO - [2024-02-29T18:40:50.821+0530] {dagbag.py:538} INFO - Filling up the DagBag from /home/arun/.local/lib/python3.10/site-packages/airflow/example_dags/plugins/event_listener.py
[2024-02-29T18:40:50.825+0530] {processor.py:842} WARNING - No viable dags retrieved from /home/arun/.local/lib/python3.10/site-packages/airflow/example_dags/plugins/event_listener.py
[2024-02-29T18:40:50.844+0530] {processor.py:183} INFO - Processing /home/arun/.local/lib/python3.10/site-packages/airflow/example_dags/plugins/event_listener.py took 0.046 seconds
[2024-02-29T18:41:47.822+0530] {processor.py:161} INFO - Started process (PID=7659) to work on /home/arun/.local/lib/python3.10/site-packages/airflow/example_dags/plugins/event_listener.py
[2024-02-29T18:41:47.824+0530] {processor.py:830} INFO - Processing file /home/arun/.local/lib/python3.10/site-packages/airflow/example_dags/plugins/event_listener.py for tasks to queue
[2024-02-29T18:41:47.825+0530] {logging_mixin.py:188} INFO - [2024-02-29T18:41:47.825+0530] {dagbag.py:538} INFO - Filling up the DagBag from /home/arun/.local/lib/python3.10/site-packages/airflow/example_dags/plugins/event_listener.py
[2024-02-29T18:41:47.828+0530] {processor.py:842} WARNING - No viable dags retrieved from /home/arun/.local/lib/python3.10/site-packages/airflow/example_dags/plugins/event_listener.py
[2024-02-29T18:41:47.841+0530] {processor.py:183} INFO - Processing /home/arun/.local/lib/python3.10/site-packages/airflow/example_dags/plugins/event_listener.py took 0.023 seconds
[2024-02-29T18:42:44.296+0530] {processor.py:161} INFO - Started process (PID=7748) to work on /home/arun/.local/lib/python3.10/site-packages/airflow/example_dags/plugins/event_listener.py
[2024-02-29T18:42:44.298+0530] {processor.py:830} INFO - Processing file /home/arun/.local/lib/python3.10/site-packages/airflow/example_dags/plugins/event_listener.py for tasks to queue
[2024-02-29T18:42:44.299+0530] {logging_mixin.py:188} INFO - [2024-02-29T18:42:44.298+0530] {dagbag.py:538} INFO - Filling up the DagBag from /home/arun/.local/lib/python3.10/site-packages/airflow/example_dags/plugins/event_listener.py
[2024-02-29T18:42:44.302+0530] {processor.py:842} WARNING - No viable dags retrieved from /home/arun/.local/lib/python3.10/site-packages/airflow/example_dags/plugins/event_listener.py
[2024-02-29T18:42:44.317+0530] {processor.py:183} INFO - Processing /home/arun/.local/lib/python3.10/site-packages/airflow/example_dags/plugins/event_listener.py took 0.026 seconds
[2024-02-29T18:43:50.303+0530] {processor.py:161} INFO - Started process (PID=7863) to work on /home/arun/.local/lib/python3.10/site-packages/airflow/example_dags/plugins/event_listener.py
[2024-02-29T18:43:50.347+0530] {processor.py:830} INFO - Processing file /home/arun/.local/lib/python3.10/site-packages/airflow/example_dags/plugins/event_listener.py for tasks to queue
[2024-02-29T18:43:50.349+0530] {logging_mixin.py:188} INFO - [2024-02-29T18:43:50.348+0530] {dagbag.py:538} INFO - Filling up the DagBag from /home/arun/.local/lib/python3.10/site-packages/airflow/example_dags/plugins/event_listener.py
[2024-02-29T18:43:50.353+0530] {processor.py:842} WARNING - No viable dags retrieved from /home/arun/.local/lib/python3.10/site-packages/airflow/example_dags/plugins/event_listener.py
[2024-02-29T18:43:50.394+0530] {processor.py:183} INFO - Processing /home/arun/.local/lib/python3.10/site-packages/airflow/example_dags/plugins/event_listener.py took 0.099 seconds
[2024-02-29T18:44:48.234+0530] {processor.py:161} INFO - Started process (PID=7951) to work on /home/arun/.local/lib/python3.10/site-packages/airflow/example_dags/plugins/event_listener.py
[2024-02-29T18:44:48.246+0530] {processor.py:830} INFO - Processing file /home/arun/.local/lib/python3.10/site-packages/airflow/example_dags/plugins/event_listener.py for tasks to queue
[2024-02-29T18:44:48.247+0530] {logging_mixin.py:188} INFO - [2024-02-29T18:44:48.247+0530] {dagbag.py:538} INFO - Filling up the DagBag from /home/arun/.local/lib/python3.10/site-packages/airflow/example_dags/plugins/event_listener.py
[2024-02-29T18:44:48.250+0530] {processor.py:842} WARNING - No viable dags retrieved from /home/arun/.local/lib/python3.10/site-packages/airflow/example_dags/plugins/event_listener.py
[2024-02-29T18:44:48.263+0530] {processor.py:183} INFO - Processing /home/arun/.local/lib/python3.10/site-packages/airflow/example_dags/plugins/event_listener.py took 0.032 seconds
[2024-02-29T18:45:39.083+0530] {processor.py:161} INFO - Started process (PID=8048) to work on /home/arun/.local/lib/python3.10/site-packages/airflow/example_dags/plugins/event_listener.py
[2024-02-29T18:45:39.085+0530] {processor.py:830} INFO - Processing file /home/arun/.local/lib/python3.10/site-packages/airflow/example_dags/plugins/event_listener.py for tasks to queue
[2024-02-29T18:45:39.086+0530] {logging_mixin.py:188} INFO - [2024-02-29T18:45:39.085+0530] {dagbag.py:538} INFO - Filling up the DagBag from /home/arun/.local/lib/python3.10/site-packages/airflow/example_dags/plugins/event_listener.py
[2024-02-29T18:45:39.088+0530] {processor.py:842} WARNING - No viable dags retrieved from /home/arun/.local/lib/python3.10/site-packages/airflow/example_dags/plugins/event_listener.py
[2024-02-29T18:45:39.099+0530] {processor.py:183} INFO - Processing /home/arun/.local/lib/python3.10/site-packages/airflow/example_dags/plugins/event_listener.py took 0.020 seconds
[2024-02-29T18:46:34.836+0530] {processor.py:161} INFO - Started process (PID=8136) to work on /home/arun/.local/lib/python3.10/site-packages/airflow/example_dags/plugins/event_listener.py
[2024-02-29T18:46:34.838+0530] {processor.py:830} INFO - Processing file /home/arun/.local/lib/python3.10/site-packages/airflow/example_dags/plugins/event_listener.py for tasks to queue
[2024-02-29T18:46:34.839+0530] {logging_mixin.py:188} INFO - [2024-02-29T18:46:34.839+0530] {dagbag.py:538} INFO - Filling up the DagBag from /home/arun/.local/lib/python3.10/site-packages/airflow/example_dags/plugins/event_listener.py
[2024-02-29T18:46:34.841+0530] {processor.py:842} WARNING - No viable dags retrieved from /home/arun/.local/lib/python3.10/site-packages/airflow/example_dags/plugins/event_listener.py
[2024-02-29T18:46:34.850+0530] {processor.py:183} INFO - Processing /home/arun/.local/lib/python3.10/site-packages/airflow/example_dags/plugins/event_listener.py took 0.017 seconds
[2024-02-29T18:47:25.334+0530] {processor.py:161} INFO - Started process (PID=8218) to work on /home/arun/.local/lib/python3.10/site-packages/airflow/example_dags/plugins/event_listener.py
[2024-02-29T18:47:25.342+0530] {processor.py:830} INFO - Processing file /home/arun/.local/lib/python3.10/site-packages/airflow/example_dags/plugins/event_listener.py for tasks to queue
[2024-02-29T18:47:25.344+0530] {logging_mixin.py:188} INFO - [2024-02-29T18:47:25.343+0530] {dagbag.py:538} INFO - Filling up the DagBag from /home/arun/.local/lib/python3.10/site-packages/airflow/example_dags/plugins/event_listener.py
[2024-02-29T18:47:25.351+0530] {processor.py:842} WARNING - No viable dags retrieved from /home/arun/.local/lib/python3.10/site-packages/airflow/example_dags/plugins/event_listener.py
[2024-02-29T18:47:25.374+0530] {processor.py:183} INFO - Processing /home/arun/.local/lib/python3.10/site-packages/airflow/example_dags/plugins/event_listener.py took 0.049 seconds
[2024-02-29T18:48:17.258+0530] {processor.py:161} INFO - Started process (PID=8301) to work on /home/arun/.local/lib/python3.10/site-packages/airflow/example_dags/plugins/event_listener.py
[2024-02-29T18:48:17.260+0530] {processor.py:830} INFO - Processing file /home/arun/.local/lib/python3.10/site-packages/airflow/example_dags/plugins/event_listener.py for tasks to queue
[2024-02-29T18:48:17.261+0530] {logging_mixin.py:188} INFO - [2024-02-29T18:48:17.260+0530] {dagbag.py:538} INFO - Filling up the DagBag from /home/arun/.local/lib/python3.10/site-packages/airflow/example_dags/plugins/event_listener.py
[2024-02-29T18:48:17.263+0530] {processor.py:842} WARNING - No viable dags retrieved from /home/arun/.local/lib/python3.10/site-packages/airflow/example_dags/plugins/event_listener.py
[2024-02-29T18:48:17.272+0530] {processor.py:183} INFO - Processing /home/arun/.local/lib/python3.10/site-packages/airflow/example_dags/plugins/event_listener.py took 0.016 seconds
[2024-02-29T18:49:01.686+0530] {processor.py:161} INFO - Started process (PID=8377) to work on /home/arun/.local/lib/python3.10/site-packages/airflow/example_dags/plugins/event_listener.py
[2024-02-29T18:49:01.687+0530] {processor.py:830} INFO - Processing file /home/arun/.local/lib/python3.10/site-packages/airflow/example_dags/plugins/event_listener.py for tasks to queue
[2024-02-29T18:49:01.688+0530] {logging_mixin.py:188} INFO - [2024-02-29T18:49:01.688+0530] {dagbag.py:538} INFO - Filling up the DagBag from /home/arun/.local/lib/python3.10/site-packages/airflow/example_dags/plugins/event_listener.py
[2024-02-29T18:49:01.690+0530] {processor.py:842} WARNING - No viable dags retrieved from /home/arun/.local/lib/python3.10/site-packages/airflow/example_dags/plugins/event_listener.py
[2024-02-29T18:49:01.700+0530] {processor.py:183} INFO - Processing /home/arun/.local/lib/python3.10/site-packages/airflow/example_dags/plugins/event_listener.py took 0.017 seconds
[2024-02-29T18:49:49.232+0530] {processor.py:161} INFO - Started process (PID=8454) to work on /home/arun/.local/lib/python3.10/site-packages/airflow/example_dags/plugins/event_listener.py
[2024-02-29T18:49:49.234+0530] {processor.py:830} INFO - Processing file /home/arun/.local/lib/python3.10/site-packages/airflow/example_dags/plugins/event_listener.py for tasks to queue
[2024-02-29T18:49:49.234+0530] {logging_mixin.py:188} INFO - [2024-02-29T18:49:49.234+0530] {dagbag.py:538} INFO - Filling up the DagBag from /home/arun/.local/lib/python3.10/site-packages/airflow/example_dags/plugins/event_listener.py
[2024-02-29T18:49:49.236+0530] {processor.py:842} WARNING - No viable dags retrieved from /home/arun/.local/lib/python3.10/site-packages/airflow/example_dags/plugins/event_listener.py
[2024-02-29T18:49:49.247+0530] {processor.py:183} INFO - Processing /home/arun/.local/lib/python3.10/site-packages/airflow/example_dags/plugins/event_listener.py took 0.018 seconds
[2024-02-29T18:50:36.776+0530] {processor.py:161} INFO - Started process (PID=8534) to work on /home/arun/.local/lib/python3.10/site-packages/airflow/example_dags/plugins/event_listener.py
[2024-02-29T18:50:36.791+0530] {processor.py:830} INFO - Processing file /home/arun/.local/lib/python3.10/site-packages/airflow/example_dags/plugins/event_listener.py for tasks to queue
[2024-02-29T18:50:36.793+0530] {logging_mixin.py:188} INFO - [2024-02-29T18:50:36.792+0530] {dagbag.py:538} INFO - Filling up the DagBag from /home/arun/.local/lib/python3.10/site-packages/airflow/example_dags/plugins/event_listener.py
[2024-02-29T18:50:36.802+0530] {processor.py:842} WARNING - No viable dags retrieved from /home/arun/.local/lib/python3.10/site-packages/airflow/example_dags/plugins/event_listener.py
[2024-02-29T18:50:36.822+0530] {processor.py:183} INFO - Processing /home/arun/.local/lib/python3.10/site-packages/airflow/example_dags/plugins/event_listener.py took 0.053 seconds
[2024-02-29T18:51:32.294+0530] {processor.py:161} INFO - Started process (PID=8687) to work on /home/arun/.local/lib/python3.10/site-packages/airflow/example_dags/plugins/event_listener.py
[2024-02-29T18:51:32.329+0530] {processor.py:830} INFO - Processing file /home/arun/.local/lib/python3.10/site-packages/airflow/example_dags/plugins/event_listener.py for tasks to queue
[2024-02-29T18:51:32.330+0530] {logging_mixin.py:188} INFO - [2024-02-29T18:51:32.329+0530] {dagbag.py:538} INFO - Filling up the DagBag from /home/arun/.local/lib/python3.10/site-packages/airflow/example_dags/plugins/event_listener.py
[2024-02-29T18:51:32.333+0530] {processor.py:842} WARNING - No viable dags retrieved from /home/arun/.local/lib/python3.10/site-packages/airflow/example_dags/plugins/event_listener.py
[2024-02-29T18:51:32.355+0530] {processor.py:183} INFO - Processing /home/arun/.local/lib/python3.10/site-packages/airflow/example_dags/plugins/event_listener.py took 0.064 seconds
[2024-02-29T18:52:23.223+0530] {processor.py:161} INFO - Started process (PID=8793) to work on /home/arun/.local/lib/python3.10/site-packages/airflow/example_dags/plugins/event_listener.py
[2024-02-29T18:52:23.260+0530] {processor.py:830} INFO - Processing file /home/arun/.local/lib/python3.10/site-packages/airflow/example_dags/plugins/event_listener.py for tasks to queue
[2024-02-29T18:52:23.261+0530] {logging_mixin.py:188} INFO - [2024-02-29T18:52:23.260+0530] {dagbag.py:538} INFO - Filling up the DagBag from /home/arun/.local/lib/python3.10/site-packages/airflow/example_dags/plugins/event_listener.py
[2024-02-29T18:52:23.263+0530] {processor.py:842} WARNING - No viable dags retrieved from /home/arun/.local/lib/python3.10/site-packages/airflow/example_dags/plugins/event_listener.py
[2024-02-29T18:52:23.275+0530] {processor.py:183} INFO - Processing /home/arun/.local/lib/python3.10/site-packages/airflow/example_dags/plugins/event_listener.py took 0.056 seconds
[2024-02-29T18:53:16.617+0530] {processor.py:161} INFO - Started process (PID=8876) to work on /home/arun/.local/lib/python3.10/site-packages/airflow/example_dags/plugins/event_listener.py
[2024-02-29T18:53:16.621+0530] {processor.py:830} INFO - Processing file /home/arun/.local/lib/python3.10/site-packages/airflow/example_dags/plugins/event_listener.py for tasks to queue
[2024-02-29T18:53:16.623+0530] {logging_mixin.py:188} INFO - [2024-02-29T18:53:16.622+0530] {dagbag.py:538} INFO - Filling up the DagBag from /home/arun/.local/lib/python3.10/site-packages/airflow/example_dags/plugins/event_listener.py
[2024-02-29T18:53:16.627+0530] {processor.py:842} WARNING - No viable dags retrieved from /home/arun/.local/lib/python3.10/site-packages/airflow/example_dags/plugins/event_listener.py
[2024-02-29T18:53:16.648+0530] {processor.py:183} INFO - Processing /home/arun/.local/lib/python3.10/site-packages/airflow/example_dags/plugins/event_listener.py took 0.037 seconds
[2024-02-29T18:54:10.038+0530] {processor.py:161} INFO - Started process (PID=9148) to work on /home/arun/.local/lib/python3.10/site-packages/airflow/example_dags/plugins/event_listener.py
[2024-02-29T18:54:10.041+0530] {processor.py:830} INFO - Processing file /home/arun/.local/lib/python3.10/site-packages/airflow/example_dags/plugins/event_listener.py for tasks to queue
[2024-02-29T18:54:10.042+0530] {logging_mixin.py:188} INFO - [2024-02-29T18:54:10.042+0530] {dagbag.py:538} INFO - Filling up the DagBag from /home/arun/.local/lib/python3.10/site-packages/airflow/example_dags/plugins/event_listener.py
[2024-02-29T18:54:10.046+0530] {processor.py:842} WARNING - No viable dags retrieved from /home/arun/.local/lib/python3.10/site-packages/airflow/example_dags/plugins/event_listener.py
[2024-02-29T18:54:10.066+0530] {processor.py:183} INFO - Processing /home/arun/.local/lib/python3.10/site-packages/airflow/example_dags/plugins/event_listener.py took 0.034 seconds
[2024-02-29T18:54:56.046+0530] {processor.py:161} INFO - Started process (PID=9225) to work on /home/arun/.local/lib/python3.10/site-packages/airflow/example_dags/plugins/event_listener.py
[2024-02-29T18:54:56.052+0530] {processor.py:830} INFO - Processing file /home/arun/.local/lib/python3.10/site-packages/airflow/example_dags/plugins/event_listener.py for tasks to queue
[2024-02-29T18:54:56.055+0530] {logging_mixin.py:188} INFO - [2024-02-29T18:54:56.054+0530] {dagbag.py:538} INFO - Filling up the DagBag from /home/arun/.local/lib/python3.10/site-packages/airflow/example_dags/plugins/event_listener.py
[2024-02-29T18:54:56.066+0530] {processor.py:842} WARNING - No viable dags retrieved from /home/arun/.local/lib/python3.10/site-packages/airflow/example_dags/plugins/event_listener.py
[2024-02-29T18:54:56.109+0530] {processor.py:183} INFO - Processing /home/arun/.local/lib/python3.10/site-packages/airflow/example_dags/plugins/event_listener.py took 0.077 seconds
[2024-02-29T18:55:56.946+0530] {processor.py:161} INFO - Started process (PID=9380) to work on /home/arun/.local/lib/python3.10/site-packages/airflow/example_dags/plugins/event_listener.py
[2024-02-29T18:55:56.948+0530] {processor.py:830} INFO - Processing file /home/arun/.local/lib/python3.10/site-packages/airflow/example_dags/plugins/event_listener.py for tasks to queue
[2024-02-29T18:55:56.950+0530] {logging_mixin.py:188} INFO - [2024-02-29T18:55:56.949+0530] {dagbag.py:538} INFO - Filling up the DagBag from /home/arun/.local/lib/python3.10/site-packages/airflow/example_dags/plugins/event_listener.py
[2024-02-29T18:55:56.954+0530] {processor.py:842} WARNING - No viable dags retrieved from /home/arun/.local/lib/python3.10/site-packages/airflow/example_dags/plugins/event_listener.py
[2024-02-29T18:55:56.971+0530] {processor.py:183} INFO - Processing /home/arun/.local/lib/python3.10/site-packages/airflow/example_dags/plugins/event_listener.py took 0.031 seconds
[2024-02-29T18:56:54.682+0530] {processor.py:161} INFO - Started process (PID=9495) to work on /home/arun/.local/lib/python3.10/site-packages/airflow/example_dags/plugins/event_listener.py
[2024-02-29T18:56:54.685+0530] {processor.py:830} INFO - Processing file /home/arun/.local/lib/python3.10/site-packages/airflow/example_dags/plugins/event_listener.py for tasks to queue
[2024-02-29T18:56:54.686+0530] {logging_mixin.py:188} INFO - [2024-02-29T18:56:54.686+0530] {dagbag.py:538} INFO - Filling up the DagBag from /home/arun/.local/lib/python3.10/site-packages/airflow/example_dags/plugins/event_listener.py
[2024-02-29T18:56:54.691+0530] {processor.py:842} WARNING - No viable dags retrieved from /home/arun/.local/lib/python3.10/site-packages/airflow/example_dags/plugins/event_listener.py
[2024-02-29T18:56:54.709+0530] {processor.py:183} INFO - Processing /home/arun/.local/lib/python3.10/site-packages/airflow/example_dags/plugins/event_listener.py took 0.035 seconds
[2024-02-29T18:57:49.422+0530] {processor.py:161} INFO - Started process (PID=9587) to work on /home/arun/.local/lib/python3.10/site-packages/airflow/example_dags/plugins/event_listener.py
[2024-02-29T18:57:49.425+0530] {processor.py:830} INFO - Processing file /home/arun/.local/lib/python3.10/site-packages/airflow/example_dags/plugins/event_listener.py for tasks to queue
[2024-02-29T18:57:49.426+0530] {logging_mixin.py:188} INFO - [2024-02-29T18:57:49.425+0530] {dagbag.py:538} INFO - Filling up the DagBag from /home/arun/.local/lib/python3.10/site-packages/airflow/example_dags/plugins/event_listener.py
[2024-02-29T18:57:49.429+0530] {processor.py:842} WARNING - No viable dags retrieved from /home/arun/.local/lib/python3.10/site-packages/airflow/example_dags/plugins/event_listener.py
[2024-02-29T18:57:49.446+0530] {processor.py:183} INFO - Processing /home/arun/.local/lib/python3.10/site-packages/airflow/example_dags/plugins/event_listener.py took 0.029 seconds
[2024-02-29T18:58:50.826+0530] {processor.py:161} INFO - Started process (PID=9687) to work on /home/arun/.local/lib/python3.10/site-packages/airflow/example_dags/plugins/event_listener.py
[2024-02-29T18:58:50.838+0530] {processor.py:830} INFO - Processing file /home/arun/.local/lib/python3.10/site-packages/airflow/example_dags/plugins/event_listener.py for tasks to queue
[2024-02-29T18:58:50.840+0530] {logging_mixin.py:188} INFO - [2024-02-29T18:58:50.839+0530] {dagbag.py:538} INFO - Filling up the DagBag from /home/arun/.local/lib/python3.10/site-packages/airflow/example_dags/plugins/event_listener.py
[2024-02-29T18:58:50.845+0530] {processor.py:842} WARNING - No viable dags retrieved from /home/arun/.local/lib/python3.10/site-packages/airflow/example_dags/plugins/event_listener.py
[2024-02-29T18:58:50.900+0530] {processor.py:183} INFO - Processing /home/arun/.local/lib/python3.10/site-packages/airflow/example_dags/plugins/event_listener.py took 0.084 seconds
[2024-02-29T18:59:48.802+0530] {processor.py:161} INFO - Started process (PID=9798) to work on /home/arun/.local/lib/python3.10/site-packages/airflow/example_dags/plugins/event_listener.py
[2024-02-29T18:59:48.844+0530] {processor.py:830} INFO - Processing file /home/arun/.local/lib/python3.10/site-packages/airflow/example_dags/plugins/event_listener.py for tasks to queue
[2024-02-29T18:59:48.845+0530] {logging_mixin.py:188} INFO - [2024-02-29T18:59:48.845+0530] {dagbag.py:538} INFO - Filling up the DagBag from /home/arun/.local/lib/python3.10/site-packages/airflow/example_dags/plugins/event_listener.py
[2024-02-29T18:59:48.848+0530] {processor.py:842} WARNING - No viable dags retrieved from /home/arun/.local/lib/python3.10/site-packages/airflow/example_dags/plugins/event_listener.py
[2024-02-29T18:59:48.862+0530] {processor.py:183} INFO - Processing /home/arun/.local/lib/python3.10/site-packages/airflow/example_dags/plugins/event_listener.py took 0.065 seconds
[2024-02-29T19:00:38.075+0530] {processor.py:161} INFO - Started process (PID=9881) to work on /home/arun/.local/lib/python3.10/site-packages/airflow/example_dags/plugins/event_listener.py
[2024-02-29T19:00:38.081+0530] {processor.py:830} INFO - Processing file /home/arun/.local/lib/python3.10/site-packages/airflow/example_dags/plugins/event_listener.py for tasks to queue
[2024-02-29T19:00:38.083+0530] {logging_mixin.py:188} INFO - [2024-02-29T19:00:38.082+0530] {dagbag.py:538} INFO - Filling up the DagBag from /home/arun/.local/lib/python3.10/site-packages/airflow/example_dags/plugins/event_listener.py
[2024-02-29T19:00:38.088+0530] {processor.py:842} WARNING - No viable dags retrieved from /home/arun/.local/lib/python3.10/site-packages/airflow/example_dags/plugins/event_listener.py
[2024-02-29T19:00:38.110+0530] {processor.py:183} INFO - Processing /home/arun/.local/lib/python3.10/site-packages/airflow/example_dags/plugins/event_listener.py took 0.057 seconds
[2024-02-29T19:01:29.633+0530] {processor.py:161} INFO - Started process (PID=9964) to work on /home/arun/.local/lib/python3.10/site-packages/airflow/example_dags/plugins/event_listener.py
[2024-02-29T19:01:29.670+0530] {processor.py:830} INFO - Processing file /home/arun/.local/lib/python3.10/site-packages/airflow/example_dags/plugins/event_listener.py for tasks to queue
[2024-02-29T19:01:29.672+0530] {logging_mixin.py:188} INFO - [2024-02-29T19:01:29.672+0530] {dagbag.py:538} INFO - Filling up the DagBag from /home/arun/.local/lib/python3.10/site-packages/airflow/example_dags/plugins/event_listener.py
[2024-02-29T19:01:29.675+0530] {processor.py:842} WARNING - No viable dags retrieved from /home/arun/.local/lib/python3.10/site-packages/airflow/example_dags/plugins/event_listener.py
[2024-02-29T19:01:29.687+0530] {processor.py:183} INFO - Processing /home/arun/.local/lib/python3.10/site-packages/airflow/example_dags/plugins/event_listener.py took 0.060 seconds
[2024-02-29T19:02:22.629+0530] {processor.py:161} INFO - Started process (PID=10049) to work on /home/arun/.local/lib/python3.10/site-packages/airflow/example_dags/plugins/event_listener.py
[2024-02-29T19:02:22.633+0530] {processor.py:830} INFO - Processing file /home/arun/.local/lib/python3.10/site-packages/airflow/example_dags/plugins/event_listener.py for tasks to queue
[2024-02-29T19:02:22.634+0530] {logging_mixin.py:188} INFO - [2024-02-29T19:02:22.634+0530] {dagbag.py:538} INFO - Filling up the DagBag from /home/arun/.local/lib/python3.10/site-packages/airflow/example_dags/plugins/event_listener.py
[2024-02-29T19:02:22.638+0530] {processor.py:842} WARNING - No viable dags retrieved from /home/arun/.local/lib/python3.10/site-packages/airflow/example_dags/plugins/event_listener.py
[2024-02-29T19:02:22.659+0530] {processor.py:183} INFO - Processing /home/arun/.local/lib/python3.10/site-packages/airflow/example_dags/plugins/event_listener.py took 0.035 seconds
[2024-02-29T19:03:12.464+0530] {processor.py:161} INFO - Started process (PID=10129) to work on /home/arun/.local/lib/python3.10/site-packages/airflow/example_dags/plugins/event_listener.py
[2024-02-29T19:03:12.468+0530] {processor.py:830} INFO - Processing file /home/arun/.local/lib/python3.10/site-packages/airflow/example_dags/plugins/event_listener.py for tasks to queue
[2024-02-29T19:03:12.469+0530] {logging_mixin.py:188} INFO - [2024-02-29T19:03:12.469+0530] {dagbag.py:538} INFO - Filling up the DagBag from /home/arun/.local/lib/python3.10/site-packages/airflow/example_dags/plugins/event_listener.py
[2024-02-29T19:03:12.473+0530] {processor.py:842} WARNING - No viable dags retrieved from /home/arun/.local/lib/python3.10/site-packages/airflow/example_dags/plugins/event_listener.py
[2024-02-29T19:03:12.490+0530] {processor.py:183} INFO - Processing /home/arun/.local/lib/python3.10/site-packages/airflow/example_dags/plugins/event_listener.py took 0.032 seconds
[2024-02-29T19:03:59.489+0530] {processor.py:161} INFO - Started process (PID=10206) to work on /home/arun/.local/lib/python3.10/site-packages/airflow/example_dags/plugins/event_listener.py
[2024-02-29T19:03:59.494+0530] {processor.py:830} INFO - Processing file /home/arun/.local/lib/python3.10/site-packages/airflow/example_dags/plugins/event_listener.py for tasks to queue
[2024-02-29T19:03:59.497+0530] {logging_mixin.py:188} INFO - [2024-02-29T19:03:59.496+0530] {dagbag.py:538} INFO - Filling up the DagBag from /home/arun/.local/lib/python3.10/site-packages/airflow/example_dags/plugins/event_listener.py
[2024-02-29T19:03:59.503+0530] {processor.py:842} WARNING - No viable dags retrieved from /home/arun/.local/lib/python3.10/site-packages/airflow/example_dags/plugins/event_listener.py
[2024-02-29T19:03:59.527+0530] {processor.py:183} INFO - Processing /home/arun/.local/lib/python3.10/site-packages/airflow/example_dags/plugins/event_listener.py took 0.047 seconds
[2024-02-29T19:04:46.932+0530] {processor.py:161} INFO - Started process (PID=10307) to work on /home/arun/.local/lib/python3.10/site-packages/airflow/example_dags/plugins/event_listener.py
[2024-02-29T19:04:46.934+0530] {processor.py:830} INFO - Processing file /home/arun/.local/lib/python3.10/site-packages/airflow/example_dags/plugins/event_listener.py for tasks to queue
[2024-02-29T19:04:46.934+0530] {logging_mixin.py:188} INFO - [2024-02-29T19:04:46.934+0530] {dagbag.py:538} INFO - Filling up the DagBag from /home/arun/.local/lib/python3.10/site-packages/airflow/example_dags/plugins/event_listener.py
[2024-02-29T19:04:46.937+0530] {processor.py:842} WARNING - No viable dags retrieved from /home/arun/.local/lib/python3.10/site-packages/airflow/example_dags/plugins/event_listener.py
[2024-02-29T19:04:46.947+0530] {processor.py:183} INFO - Processing /home/arun/.local/lib/python3.10/site-packages/airflow/example_dags/plugins/event_listener.py took 0.018 seconds
[2024-02-29T19:05:57.996+0530] {processor.py:161} INFO - Started process (PID=10542) to work on /home/arun/.local/lib/python3.10/site-packages/airflow/example_dags/plugins/event_listener.py
[2024-02-29T19:05:58.020+0530] {processor.py:830} INFO - Processing file /home/arun/.local/lib/python3.10/site-packages/airflow/example_dags/plugins/event_listener.py for tasks to queue
[2024-02-29T19:05:58.028+0530] {logging_mixin.py:188} INFO - [2024-02-29T19:05:58.025+0530] {dagbag.py:538} INFO - Filling up the DagBag from /home/arun/.local/lib/python3.10/site-packages/airflow/example_dags/plugins/event_listener.py
[2024-02-29T19:05:58.074+0530] {processor.py:842} WARNING - No viable dags retrieved from /home/arun/.local/lib/python3.10/site-packages/airflow/example_dags/plugins/event_listener.py
[2024-02-29T19:05:58.229+0530] {processor.py:183} INFO - Processing /home/arun/.local/lib/python3.10/site-packages/airflow/example_dags/plugins/event_listener.py took 0.261 seconds
[2024-02-29T19:06:45.645+0530] {processor.py:161} INFO - Started process (PID=10693) to work on /home/arun/.local/lib/python3.10/site-packages/airflow/example_dags/plugins/event_listener.py
[2024-02-29T19:06:45.658+0530] {processor.py:830} INFO - Processing file /home/arun/.local/lib/python3.10/site-packages/airflow/example_dags/plugins/event_listener.py for tasks to queue
[2024-02-29T19:06:45.660+0530] {logging_mixin.py:188} INFO - [2024-02-29T19:06:45.659+0530] {dagbag.py:538} INFO - Filling up the DagBag from /home/arun/.local/lib/python3.10/site-packages/airflow/example_dags/plugins/event_listener.py
[2024-02-29T19:06:45.665+0530] {processor.py:842} WARNING - No viable dags retrieved from /home/arun/.local/lib/python3.10/site-packages/airflow/example_dags/plugins/event_listener.py
[2024-02-29T19:06:45.695+0530] {processor.py:183} INFO - Processing /home/arun/.local/lib/python3.10/site-packages/airflow/example_dags/plugins/event_listener.py took 0.058 seconds
