[2024-02-29T18:15:10.471+0530] {processor.py:161} INFO - Started process (PID=5166) to work on /home/arun/.local/lib/python3.10/site-packages/airflow/example_dags/plugins/workday.py
[2024-02-29T18:15:10.473+0530] {processor.py:830} INFO - Processing file /home/arun/.local/lib/python3.10/site-packages/airflow/example_dags/plugins/workday.py for tasks to queue
[2024-02-29T18:15:10.474+0530] {logging_mixin.py:188} INFO - [2024-02-29T18:15:10.473+0530] {dagbag.py:538} INFO - Filling up the DagBag from /home/arun/.local/lib/python3.10/site-packages/airflow/example_dags/plugins/workday.py
[2024-02-29T18:15:10.483+0530] {logging_mixin.py:188} INFO - [2024-02-29T18:15:10.480+0530] {workday.py:40} WARNING - Could not import pandas. Holidays will not be considered.
[2024-02-29T18:15:10.484+0530] {processor.py:842} WARNING - No viable dags retrieved from /home/arun/.local/lib/python3.10/site-packages/airflow/example_dags/plugins/workday.py
[2024-02-29T18:15:10.536+0530] {processor.py:183} INFO - Processing /home/arun/.local/lib/python3.10/site-packages/airflow/example_dags/plugins/workday.py took 0.070 seconds
[2024-02-29T18:16:36.658+0530] {processor.py:161} INFO - Started process (PID=5225) to work on /home/arun/.local/lib/python3.10/site-packages/airflow/example_dags/plugins/workday.py
[2024-02-29T18:16:36.669+0530] {processor.py:830} INFO - Processing file /home/arun/.local/lib/python3.10/site-packages/airflow/example_dags/plugins/workday.py for tasks to queue
[2024-02-29T18:16:36.671+0530] {logging_mixin.py:188} INFO - [2024-02-29T18:16:36.670+0530] {dagbag.py:538} INFO - Filling up the DagBag from /home/arun/.local/lib/python3.10/site-packages/airflow/example_dags/plugins/workday.py
[2024-02-29T18:16:36.676+0530] {logging_mixin.py:188} INFO - [2024-02-29T18:16:36.676+0530] {workday.py:40} WARNING - Could not import pandas. Holidays will not be considered.
[2024-02-29T18:16:36.677+0530] {processor.py:842} WARNING - No viable dags retrieved from /home/arun/.local/lib/python3.10/site-packages/airflow/example_dags/plugins/workday.py
[2024-02-29T18:16:36.699+0530] {processor.py:183} INFO - Processing /home/arun/.local/lib/python3.10/site-packages/airflow/example_dags/plugins/workday.py took 0.067 seconds
[2024-02-29T18:17:30.518+0530] {processor.py:161} INFO - Started process (PID=5268) to work on /home/arun/.local/lib/python3.10/site-packages/airflow/example_dags/plugins/workday.py
[2024-02-29T18:17:30.537+0530] {processor.py:830} INFO - Processing file /home/arun/.local/lib/python3.10/site-packages/airflow/example_dags/plugins/workday.py for tasks to queue
[2024-02-29T18:17:30.547+0530] {logging_mixin.py:188} INFO - [2024-02-29T18:17:30.546+0530] {dagbag.py:538} INFO - Filling up the DagBag from /home/arun/.local/lib/python3.10/site-packages/airflow/example_dags/plugins/workday.py
[2024-02-29T18:17:30.558+0530] {logging_mixin.py:188} INFO - [2024-02-29T18:17:30.557+0530] {workday.py:40} WARNING - Could not import pandas. Holidays will not be considered.
[2024-02-29T18:17:30.559+0530] {processor.py:842} WARNING - No viable dags retrieved from /home/arun/.local/lib/python3.10/site-packages/airflow/example_dags/plugins/workday.py
[2024-02-29T18:17:30.584+0530] {processor.py:183} INFO - Processing /home/arun/.local/lib/python3.10/site-packages/airflow/example_dags/plugins/workday.py took 0.071 seconds
[2024-02-29T18:18:20.383+0530] {processor.py:161} INFO - Started process (PID=5358) to work on /home/arun/.local/lib/python3.10/site-packages/airflow/example_dags/plugins/workday.py
[2024-02-29T18:18:20.386+0530] {processor.py:830} INFO - Processing file /home/arun/.local/lib/python3.10/site-packages/airflow/example_dags/plugins/workday.py for tasks to queue
[2024-02-29T18:18:20.387+0530] {logging_mixin.py:188} INFO - [2024-02-29T18:18:20.387+0530] {dagbag.py:538} INFO - Filling up the DagBag from /home/arun/.local/lib/python3.10/site-packages/airflow/example_dags/plugins/workday.py
[2024-02-29T18:18:20.406+0530] {logging_mixin.py:188} INFO - [2024-02-29T18:18:20.406+0530] {workday.py:40} WARNING - Could not import pandas. Holidays will not be considered.
[2024-02-29T18:18:20.407+0530] {processor.py:842} WARNING - No viable dags retrieved from /home/arun/.local/lib/python3.10/site-packages/airflow/example_dags/plugins/workday.py
[2024-02-29T18:18:20.442+0530] {processor.py:183} INFO - Processing /home/arun/.local/lib/python3.10/site-packages/airflow/example_dags/plugins/workday.py took 0.066 seconds
[2024-02-29T18:19:55.680+0530] {processor.py:161} INFO - Started process (PID=5449) to work on /home/arun/.local/lib/python3.10/site-packages/airflow/example_dags/plugins/workday.py
[2024-02-29T18:19:55.701+0530] {processor.py:830} INFO - Processing file /home/arun/.local/lib/python3.10/site-packages/airflow/example_dags/plugins/workday.py for tasks to queue
[2024-02-29T18:19:55.703+0530] {logging_mixin.py:188} INFO - [2024-02-29T18:19:55.702+0530] {dagbag.py:538} INFO - Filling up the DagBag from /home/arun/.local/lib/python3.10/site-packages/airflow/example_dags/plugins/workday.py
[2024-02-29T18:19:55.716+0530] {logging_mixin.py:188} INFO - [2024-02-29T18:19:55.716+0530] {workday.py:40} WARNING - Could not import pandas. Holidays will not be considered.
[2024-02-29T18:19:55.717+0530] {processor.py:842} WARNING - No viable dags retrieved from /home/arun/.local/lib/python3.10/site-packages/airflow/example_dags/plugins/workday.py
[2024-02-29T18:19:55.737+0530] {processor.py:183} INFO - Processing /home/arun/.local/lib/python3.10/site-packages/airflow/example_dags/plugins/workday.py took 0.069 seconds
[2024-02-29T18:21:06.296+0530] {processor.py:161} INFO - Started process (PID=5556) to work on /home/arun/.local/lib/python3.10/site-packages/airflow/example_dags/plugins/workday.py
[2024-02-29T18:21:06.299+0530] {processor.py:830} INFO - Processing file /home/arun/.local/lib/python3.10/site-packages/airflow/example_dags/plugins/workday.py for tasks to queue
[2024-02-29T18:21:06.300+0530] {logging_mixin.py:188} INFO - [2024-02-29T18:21:06.300+0530] {dagbag.py:538} INFO - Filling up the DagBag from /home/arun/.local/lib/python3.10/site-packages/airflow/example_dags/plugins/workday.py
[2024-02-29T18:21:06.305+0530] {logging_mixin.py:188} INFO - [2024-02-29T18:21:06.305+0530] {workday.py:40} WARNING - Could not import pandas. Holidays will not be considered.
[2024-02-29T18:21:06.305+0530] {processor.py:842} WARNING - No viable dags retrieved from /home/arun/.local/lib/python3.10/site-packages/airflow/example_dags/plugins/workday.py
[2024-02-29T18:21:06.330+0530] {processor.py:183} INFO - Processing /home/arun/.local/lib/python3.10/site-packages/airflow/example_dags/plugins/workday.py took 0.036 seconds
[2024-02-29T18:22:04.219+0530] {processor.py:161} INFO - Started process (PID=5660) to work on /home/arun/.local/lib/python3.10/site-packages/airflow/example_dags/plugins/workday.py
[2024-02-29T18:22:04.236+0530] {processor.py:830} INFO - Processing file /home/arun/.local/lib/python3.10/site-packages/airflow/example_dags/plugins/workday.py for tasks to queue
[2024-02-29T18:22:04.249+0530] {logging_mixin.py:188} INFO - [2024-02-29T18:22:04.240+0530] {dagbag.py:538} INFO - Filling up the DagBag from /home/arun/.local/lib/python3.10/site-packages/airflow/example_dags/plugins/workday.py
[2024-02-29T18:22:04.258+0530] {logging_mixin.py:188} INFO - [2024-02-29T18:22:04.258+0530] {workday.py:40} WARNING - Could not import pandas. Holidays will not be considered.
[2024-02-29T18:22:04.259+0530] {processor.py:842} WARNING - No viable dags retrieved from /home/arun/.local/lib/python3.10/site-packages/airflow/example_dags/plugins/workday.py
[2024-02-29T18:22:04.283+0530] {processor.py:183} INFO - Processing /home/arun/.local/lib/python3.10/site-packages/airflow/example_dags/plugins/workday.py took 0.082 seconds
[2024-02-29T18:23:00.077+0530] {processor.py:161} INFO - Started process (PID=5744) to work on /home/arun/.local/lib/python3.10/site-packages/airflow/example_dags/plugins/workday.py
[2024-02-29T18:23:00.113+0530] {processor.py:830} INFO - Processing file /home/arun/.local/lib/python3.10/site-packages/airflow/example_dags/plugins/workday.py for tasks to queue
[2024-02-29T18:23:00.114+0530] {logging_mixin.py:188} INFO - [2024-02-29T18:23:00.113+0530] {dagbag.py:538} INFO - Filling up the DagBag from /home/arun/.local/lib/python3.10/site-packages/airflow/example_dags/plugins/workday.py
[2024-02-29T18:23:00.118+0530] {logging_mixin.py:188} INFO - [2024-02-29T18:23:00.117+0530] {workday.py:40} WARNING - Could not import pandas. Holidays will not be considered.
[2024-02-29T18:23:00.120+0530] {processor.py:842} WARNING - No viable dags retrieved from /home/arun/.local/lib/python3.10/site-packages/airflow/example_dags/plugins/workday.py
[2024-02-29T18:23:00.145+0530] {processor.py:183} INFO - Processing /home/arun/.local/lib/python3.10/site-packages/airflow/example_dags/plugins/workday.py took 0.072 seconds
[2024-02-29T18:23:51.528+0530] {processor.py:161} INFO - Started process (PID=5838) to work on /home/arun/.local/lib/python3.10/site-packages/airflow/example_dags/plugins/workday.py
[2024-02-29T18:23:51.530+0530] {processor.py:830} INFO - Processing file /home/arun/.local/lib/python3.10/site-packages/airflow/example_dags/plugins/workday.py for tasks to queue
[2024-02-29T18:23:51.531+0530] {logging_mixin.py:188} INFO - [2024-02-29T18:23:51.530+0530] {dagbag.py:538} INFO - Filling up the DagBag from /home/arun/.local/lib/python3.10/site-packages/airflow/example_dags/plugins/workday.py
[2024-02-29T18:23:51.536+0530] {logging_mixin.py:188} INFO - [2024-02-29T18:23:51.535+0530] {workday.py:40} WARNING - Could not import pandas. Holidays will not be considered.
[2024-02-29T18:23:51.536+0530] {processor.py:842} WARNING - No viable dags retrieved from /home/arun/.local/lib/python3.10/site-packages/airflow/example_dags/plugins/workday.py
[2024-02-29T18:23:51.552+0530] {processor.py:183} INFO - Processing /home/arun/.local/lib/python3.10/site-packages/airflow/example_dags/plugins/workday.py took 0.029 seconds
[2024-02-29T18:24:39.478+0530] {processor.py:161} INFO - Started process (PID=5921) to work on /home/arun/.local/lib/python3.10/site-packages/airflow/example_dags/plugins/workday.py
[2024-02-29T18:24:39.480+0530] {processor.py:830} INFO - Processing file /home/arun/.local/lib/python3.10/site-packages/airflow/example_dags/plugins/workday.py for tasks to queue
[2024-02-29T18:24:39.481+0530] {logging_mixin.py:188} INFO - [2024-02-29T18:24:39.481+0530] {dagbag.py:538} INFO - Filling up the DagBag from /home/arun/.local/lib/python3.10/site-packages/airflow/example_dags/plugins/workday.py
[2024-02-29T18:24:39.484+0530] {logging_mixin.py:188} INFO - [2024-02-29T18:24:39.484+0530] {workday.py:40} WARNING - Could not import pandas. Holidays will not be considered.
[2024-02-29T18:24:39.485+0530] {processor.py:842} WARNING - No viable dags retrieved from /home/arun/.local/lib/python3.10/site-packages/airflow/example_dags/plugins/workday.py
[2024-02-29T18:24:39.497+0530] {processor.py:183} INFO - Processing /home/arun/.local/lib/python3.10/site-packages/airflow/example_dags/plugins/workday.py took 0.022 seconds
[2024-02-29T18:25:30.462+0530] {processor.py:161} INFO - Started process (PID=6000) to work on /home/arun/.local/lib/python3.10/site-packages/airflow/example_dags/plugins/workday.py
[2024-02-29T18:25:30.465+0530] {processor.py:830} INFO - Processing file /home/arun/.local/lib/python3.10/site-packages/airflow/example_dags/plugins/workday.py for tasks to queue
[2024-02-29T18:25:30.467+0530] {logging_mixin.py:188} INFO - [2024-02-29T18:25:30.466+0530] {dagbag.py:538} INFO - Filling up the DagBag from /home/arun/.local/lib/python3.10/site-packages/airflow/example_dags/plugins/workday.py
[2024-02-29T18:25:30.474+0530] {logging_mixin.py:188} INFO - [2024-02-29T18:25:30.474+0530] {workday.py:40} WARNING - Could not import pandas. Holidays will not be considered.
[2024-02-29T18:25:30.475+0530] {processor.py:842} WARNING - No viable dags retrieved from /home/arun/.local/lib/python3.10/site-packages/airflow/example_dags/plugins/workday.py
[2024-02-29T18:25:30.493+0530] {processor.py:183} INFO - Processing /home/arun/.local/lib/python3.10/site-packages/airflow/example_dags/plugins/workday.py took 0.037 seconds
[2024-02-29T18:26:17.547+0530] {processor.py:161} INFO - Started process (PID=6074) to work on /home/arun/.local/lib/python3.10/site-packages/airflow/example_dags/plugins/workday.py
[2024-02-29T18:26:17.548+0530] {processor.py:830} INFO - Processing file /home/arun/.local/lib/python3.10/site-packages/airflow/example_dags/plugins/workday.py for tasks to queue
[2024-02-29T18:26:17.550+0530] {logging_mixin.py:188} INFO - [2024-02-29T18:26:17.549+0530] {dagbag.py:538} INFO - Filling up the DagBag from /home/arun/.local/lib/python3.10/site-packages/airflow/example_dags/plugins/workday.py
[2024-02-29T18:26:17.554+0530] {logging_mixin.py:188} INFO - [2024-02-29T18:26:17.554+0530] {workday.py:40} WARNING - Could not import pandas. Holidays will not be considered.
[2024-02-29T18:26:17.554+0530] {processor.py:842} WARNING - No viable dags retrieved from /home/arun/.local/lib/python3.10/site-packages/airflow/example_dags/plugins/workday.py
[2024-02-29T18:26:17.566+0530] {processor.py:183} INFO - Processing /home/arun/.local/lib/python3.10/site-packages/airflow/example_dags/plugins/workday.py took 0.023 seconds
[2024-02-29T18:27:10.862+0530] {processor.py:161} INFO - Started process (PID=6152) to work on /home/arun/.local/lib/python3.10/site-packages/airflow/example_dags/plugins/workday.py
[2024-02-29T18:27:10.865+0530] {processor.py:830} INFO - Processing file /home/arun/.local/lib/python3.10/site-packages/airflow/example_dags/plugins/workday.py for tasks to queue
[2024-02-29T18:27:10.867+0530] {logging_mixin.py:188} INFO - [2024-02-29T18:27:10.866+0530] {dagbag.py:538} INFO - Filling up the DagBag from /home/arun/.local/lib/python3.10/site-packages/airflow/example_dags/plugins/workday.py
[2024-02-29T18:27:10.871+0530] {logging_mixin.py:188} INFO - [2024-02-29T18:27:10.871+0530] {workday.py:40} WARNING - Could not import pandas. Holidays will not be considered.
[2024-02-29T18:27:10.872+0530] {processor.py:842} WARNING - No viable dags retrieved from /home/arun/.local/lib/python3.10/site-packages/airflow/example_dags/plugins/workday.py
[2024-02-29T18:27:10.888+0530] {processor.py:183} INFO - Processing /home/arun/.local/lib/python3.10/site-packages/airflow/example_dags/plugins/workday.py took 0.030 seconds
[2024-02-29T18:27:53.422+0530] {processor.py:161} INFO - Started process (PID=6238) to work on /home/arun/.local/lib/python3.10/site-packages/airflow/example_dags/plugins/workday.py
[2024-02-29T18:27:53.431+0530] {processor.py:830} INFO - Processing file /home/arun/.local/lib/python3.10/site-packages/airflow/example_dags/plugins/workday.py for tasks to queue
[2024-02-29T18:27:53.432+0530] {logging_mixin.py:188} INFO - [2024-02-29T18:27:53.431+0530] {dagbag.py:538} INFO - Filling up the DagBag from /home/arun/.local/lib/python3.10/site-packages/airflow/example_dags/plugins/workday.py
[2024-02-29T18:27:55.915+0530] {processor.py:842} WARNING - No viable dags retrieved from /home/arun/.local/lib/python3.10/site-packages/airflow/example_dags/plugins/workday.py
[2024-02-29T18:27:55.929+0530] {processor.py:183} INFO - Processing /home/arun/.local/lib/python3.10/site-packages/airflow/example_dags/plugins/workday.py took 2.513 seconds
[2024-02-29T18:28:34.970+0530] {processor.py:161} INFO - Started process (PID=6301) to work on /home/arun/.local/lib/python3.10/site-packages/airflow/example_dags/plugins/workday.py
[2024-02-29T18:28:34.972+0530] {processor.py:830} INFO - Processing file /home/arun/.local/lib/python3.10/site-packages/airflow/example_dags/plugins/workday.py for tasks to queue
[2024-02-29T18:28:34.973+0530] {logging_mixin.py:188} INFO - [2024-02-29T18:28:34.972+0530] {dagbag.py:538} INFO - Filling up the DagBag from /home/arun/.local/lib/python3.10/site-packages/airflow/example_dags/plugins/workday.py
[2024-02-29T18:28:35.702+0530] {processor.py:842} WARNING - No viable dags retrieved from /home/arun/.local/lib/python3.10/site-packages/airflow/example_dags/plugins/workday.py
[2024-02-29T18:28:35.713+0530] {processor.py:183} INFO - Processing /home/arun/.local/lib/python3.10/site-packages/airflow/example_dags/plugins/workday.py took 0.747 seconds
[2024-02-29T18:29:38.789+0530] {processor.py:161} INFO - Started process (PID=6412) to work on /home/arun/.local/lib/python3.10/site-packages/airflow/example_dags/plugins/workday.py
[2024-02-29T18:29:38.834+0530] {processor.py:830} INFO - Processing file /home/arun/.local/lib/python3.10/site-packages/airflow/example_dags/plugins/workday.py for tasks to queue
[2024-02-29T18:29:38.836+0530] {logging_mixin.py:188} INFO - [2024-02-29T18:29:38.835+0530] {dagbag.py:538} INFO - Filling up the DagBag from /home/arun/.local/lib/python3.10/site-packages/airflow/example_dags/plugins/workday.py
[2024-02-29T18:29:39.313+0530] {processor.py:842} WARNING - No viable dags retrieved from /home/arun/.local/lib/python3.10/site-packages/airflow/example_dags/plugins/workday.py
[2024-02-29T18:29:39.323+0530] {processor.py:183} INFO - Processing /home/arun/.local/lib/python3.10/site-packages/airflow/example_dags/plugins/workday.py took 0.539 seconds
[2024-02-29T18:30:39.219+0530] {processor.py:161} INFO - Started process (PID=6509) to work on /home/arun/.local/lib/python3.10/site-packages/airflow/example_dags/plugins/workday.py
[2024-02-29T18:30:39.234+0530] {processor.py:830} INFO - Processing file /home/arun/.local/lib/python3.10/site-packages/airflow/example_dags/plugins/workday.py for tasks to queue
[2024-02-29T18:30:39.239+0530] {logging_mixin.py:188} INFO - [2024-02-29T18:30:39.235+0530] {dagbag.py:538} INFO - Filling up the DagBag from /home/arun/.local/lib/python3.10/site-packages/airflow/example_dags/plugins/workday.py
[2024-02-29T18:30:39.871+0530] {processor.py:842} WARNING - No viable dags retrieved from /home/arun/.local/lib/python3.10/site-packages/airflow/example_dags/plugins/workday.py
[2024-02-29T18:30:39.885+0530] {processor.py:183} INFO - Processing /home/arun/.local/lib/python3.10/site-packages/airflow/example_dags/plugins/workday.py took 0.721 seconds
[2024-02-29T18:31:35.338+0530] {processor.py:161} INFO - Started process (PID=6597) to work on /home/arun/.local/lib/python3.10/site-packages/airflow/example_dags/plugins/workday.py
[2024-02-29T18:31:35.341+0530] {processor.py:830} INFO - Processing file /home/arun/.local/lib/python3.10/site-packages/airflow/example_dags/plugins/workday.py for tasks to queue
[2024-02-29T18:31:35.342+0530] {logging_mixin.py:188} INFO - [2024-02-29T18:31:35.342+0530] {dagbag.py:538} INFO - Filling up the DagBag from /home/arun/.local/lib/python3.10/site-packages/airflow/example_dags/plugins/workday.py
[2024-02-29T18:31:35.915+0530] {processor.py:842} WARNING - No viable dags retrieved from /home/arun/.local/lib/python3.10/site-packages/airflow/example_dags/plugins/workday.py
[2024-02-29T18:31:35.928+0530] {processor.py:183} INFO - Processing /home/arun/.local/lib/python3.10/site-packages/airflow/example_dags/plugins/workday.py took 0.595 seconds
[2024-02-29T18:32:23.214+0530] {processor.py:161} INFO - Started process (PID=6675) to work on /home/arun/.local/lib/python3.10/site-packages/airflow/example_dags/plugins/workday.py
[2024-02-29T18:32:23.216+0530] {processor.py:830} INFO - Processing file /home/arun/.local/lib/python3.10/site-packages/airflow/example_dags/plugins/workday.py for tasks to queue
[2024-02-29T18:32:23.217+0530] {logging_mixin.py:188} INFO - [2024-02-29T18:32:23.217+0530] {dagbag.py:538} INFO - Filling up the DagBag from /home/arun/.local/lib/python3.10/site-packages/airflow/example_dags/plugins/workday.py
[2024-02-29T18:32:23.790+0530] {processor.py:842} WARNING - No viable dags retrieved from /home/arun/.local/lib/python3.10/site-packages/airflow/example_dags/plugins/workday.py
[2024-02-29T18:32:23.803+0530] {processor.py:183} INFO - Processing /home/arun/.local/lib/python3.10/site-packages/airflow/example_dags/plugins/workday.py took 0.593 seconds
[2024-02-29T18:33:17.761+0530] {processor.py:161} INFO - Started process (PID=6765) to work on /home/arun/.local/lib/python3.10/site-packages/airflow/example_dags/plugins/workday.py
[2024-02-29T18:33:17.764+0530] {processor.py:830} INFO - Processing file /home/arun/.local/lib/python3.10/site-packages/airflow/example_dags/plugins/workday.py for tasks to queue
[2024-02-29T18:33:17.765+0530] {logging_mixin.py:188} INFO - [2024-02-29T18:33:17.764+0530] {dagbag.py:538} INFO - Filling up the DagBag from /home/arun/.local/lib/python3.10/site-packages/airflow/example_dags/plugins/workday.py
[2024-02-29T18:33:18.726+0530] {processor.py:842} WARNING - No viable dags retrieved from /home/arun/.local/lib/python3.10/site-packages/airflow/example_dags/plugins/workday.py
[2024-02-29T18:33:18.776+0530] {processor.py:183} INFO - Processing /home/arun/.local/lib/python3.10/site-packages/airflow/example_dags/plugins/workday.py took 1.020 seconds
[2024-02-29T18:34:11.779+0530] {processor.py:161} INFO - Started process (PID=6852) to work on /home/arun/.local/lib/python3.10/site-packages/airflow/example_dags/plugins/workday.py
[2024-02-29T18:34:11.782+0530] {processor.py:830} INFO - Processing file /home/arun/.local/lib/python3.10/site-packages/airflow/example_dags/plugins/workday.py for tasks to queue
[2024-02-29T18:34:11.783+0530] {logging_mixin.py:188} INFO - [2024-02-29T18:34:11.783+0530] {dagbag.py:538} INFO - Filling up the DagBag from /home/arun/.local/lib/python3.10/site-packages/airflow/example_dags/plugins/workday.py
[2024-02-29T18:34:12.266+0530] {processor.py:842} WARNING - No viable dags retrieved from /home/arun/.local/lib/python3.10/site-packages/airflow/example_dags/plugins/workday.py
[2024-02-29T18:34:12.280+0530] {processor.py:183} INFO - Processing /home/arun/.local/lib/python3.10/site-packages/airflow/example_dags/plugins/workday.py took 0.507 seconds
[2024-02-29T18:35:04.203+0530] {processor.py:161} INFO - Started process (PID=6937) to work on /home/arun/.local/lib/python3.10/site-packages/airflow/example_dags/plugins/workday.py
[2024-02-29T18:35:04.205+0530] {processor.py:830} INFO - Processing file /home/arun/.local/lib/python3.10/site-packages/airflow/example_dags/plugins/workday.py for tasks to queue
[2024-02-29T18:35:04.206+0530] {logging_mixin.py:188} INFO - [2024-02-29T18:35:04.205+0530] {dagbag.py:538} INFO - Filling up the DagBag from /home/arun/.local/lib/python3.10/site-packages/airflow/example_dags/plugins/workday.py
[2024-02-29T18:35:04.633+0530] {processor.py:842} WARNING - No viable dags retrieved from /home/arun/.local/lib/python3.10/site-packages/airflow/example_dags/plugins/workday.py
[2024-02-29T18:35:04.646+0530] {processor.py:183} INFO - Processing /home/arun/.local/lib/python3.10/site-packages/airflow/example_dags/plugins/workday.py took 0.446 seconds
[2024-02-29T18:35:59.009+0530] {processor.py:161} INFO - Started process (PID=7021) to work on /home/arun/.local/lib/python3.10/site-packages/airflow/example_dags/plugins/workday.py
[2024-02-29T18:35:59.029+0530] {processor.py:830} INFO - Processing file /home/arun/.local/lib/python3.10/site-packages/airflow/example_dags/plugins/workday.py for tasks to queue
[2024-02-29T18:35:59.031+0530] {logging_mixin.py:188} INFO - [2024-02-29T18:35:59.030+0530] {dagbag.py:538} INFO - Filling up the DagBag from /home/arun/.local/lib/python3.10/site-packages/airflow/example_dags/plugins/workday.py
[2024-02-29T18:35:59.573+0530] {processor.py:842} WARNING - No viable dags retrieved from /home/arun/.local/lib/python3.10/site-packages/airflow/example_dags/plugins/workday.py
[2024-02-29T18:35:59.592+0530] {processor.py:183} INFO - Processing /home/arun/.local/lib/python3.10/site-packages/airflow/example_dags/plugins/workday.py took 0.592 seconds
[2024-02-29T18:37:01.604+0530] {processor.py:161} INFO - Started process (PID=7114) to work on /home/arun/.local/lib/python3.10/site-packages/airflow/example_dags/plugins/workday.py
[2024-02-29T18:37:01.606+0530] {processor.py:830} INFO - Processing file /home/arun/.local/lib/python3.10/site-packages/airflow/example_dags/plugins/workday.py for tasks to queue
[2024-02-29T18:37:01.608+0530] {logging_mixin.py:188} INFO - [2024-02-29T18:37:01.607+0530] {dagbag.py:538} INFO - Filling up the DagBag from /home/arun/.local/lib/python3.10/site-packages/airflow/example_dags/plugins/workday.py
[2024-02-29T18:37:02.249+0530] {processor.py:842} WARNING - No viable dags retrieved from /home/arun/.local/lib/python3.10/site-packages/airflow/example_dags/plugins/workday.py
[2024-02-29T18:37:02.260+0530] {processor.py:183} INFO - Processing /home/arun/.local/lib/python3.10/site-packages/airflow/example_dags/plugins/workday.py took 0.661 seconds
[2024-02-29T18:38:01.146+0530] {processor.py:161} INFO - Started process (PID=7203) to work on /home/arun/.local/lib/python3.10/site-packages/airflow/example_dags/plugins/workday.py
[2024-02-29T18:38:01.181+0530] {processor.py:830} INFO - Processing file /home/arun/.local/lib/python3.10/site-packages/airflow/example_dags/plugins/workday.py for tasks to queue
[2024-02-29T18:38:01.182+0530] {logging_mixin.py:188} INFO - [2024-02-29T18:38:01.181+0530] {dagbag.py:538} INFO - Filling up the DagBag from /home/arun/.local/lib/python3.10/site-packages/airflow/example_dags/plugins/workday.py
[2024-02-29T18:38:01.697+0530] {processor.py:842} WARNING - No viable dags retrieved from /home/arun/.local/lib/python3.10/site-packages/airflow/example_dags/plugins/workday.py
[2024-02-29T18:38:01.712+0530] {processor.py:183} INFO - Processing /home/arun/.local/lib/python3.10/site-packages/airflow/example_dags/plugins/workday.py took 0.568 seconds
[2024-02-29T18:38:56.865+0530] {processor.py:161} INFO - Started process (PID=7381) to work on /home/arun/.local/lib/python3.10/site-packages/airflow/example_dags/plugins/workday.py
[2024-02-29T18:38:56.875+0530] {processor.py:830} INFO - Processing file /home/arun/.local/lib/python3.10/site-packages/airflow/example_dags/plugins/workday.py for tasks to queue
[2024-02-29T18:38:56.876+0530] {logging_mixin.py:188} INFO - [2024-02-29T18:38:56.876+0530] {dagbag.py:538} INFO - Filling up the DagBag from /home/arun/.local/lib/python3.10/site-packages/airflow/example_dags/plugins/workday.py
[2024-02-29T18:38:57.553+0530] {processor.py:842} WARNING - No viable dags retrieved from /home/arun/.local/lib/python3.10/site-packages/airflow/example_dags/plugins/workday.py
[2024-02-29T18:38:57.568+0530] {processor.py:183} INFO - Processing /home/arun/.local/lib/python3.10/site-packages/airflow/example_dags/plugins/workday.py took 0.711 seconds
[2024-02-29T18:39:53.371+0530] {processor.py:161} INFO - Started process (PID=7469) to work on /home/arun/.local/lib/python3.10/site-packages/airflow/example_dags/plugins/workday.py
[2024-02-29T18:39:53.374+0530] {processor.py:830} INFO - Processing file /home/arun/.local/lib/python3.10/site-packages/airflow/example_dags/plugins/workday.py for tasks to queue
[2024-02-29T18:39:53.376+0530] {logging_mixin.py:188} INFO - [2024-02-29T18:39:53.375+0530] {dagbag.py:538} INFO - Filling up the DagBag from /home/arun/.local/lib/python3.10/site-packages/airflow/example_dags/plugins/workday.py
[2024-02-29T18:39:53.893+0530] {processor.py:842} WARNING - No viable dags retrieved from /home/arun/.local/lib/python3.10/site-packages/airflow/example_dags/plugins/workday.py
[2024-02-29T18:39:53.906+0530] {processor.py:183} INFO - Processing /home/arun/.local/lib/python3.10/site-packages/airflow/example_dags/plugins/workday.py took 0.540 seconds
[2024-02-29T18:40:51.875+0530] {processor.py:161} INFO - Started process (PID=7560) to work on /home/arun/.local/lib/python3.10/site-packages/airflow/example_dags/plugins/workday.py
[2024-02-29T18:40:51.877+0530] {processor.py:830} INFO - Processing file /home/arun/.local/lib/python3.10/site-packages/airflow/example_dags/plugins/workday.py for tasks to queue
[2024-02-29T18:40:51.878+0530] {logging_mixin.py:188} INFO - [2024-02-29T18:40:51.877+0530] {dagbag.py:538} INFO - Filling up the DagBag from /home/arun/.local/lib/python3.10/site-packages/airflow/example_dags/plugins/workday.py
[2024-02-29T18:40:52.684+0530] {processor.py:842} WARNING - No viable dags retrieved from /home/arun/.local/lib/python3.10/site-packages/airflow/example_dags/plugins/workday.py
[2024-02-29T18:40:52.720+0530] {processor.py:183} INFO - Processing /home/arun/.local/lib/python3.10/site-packages/airflow/example_dags/plugins/workday.py took 0.849 seconds
[2024-02-29T18:41:49.051+0530] {processor.py:161} INFO - Started process (PID=7661) to work on /home/arun/.local/lib/python3.10/site-packages/airflow/example_dags/plugins/workday.py
[2024-02-29T18:41:49.053+0530] {processor.py:830} INFO - Processing file /home/arun/.local/lib/python3.10/site-packages/airflow/example_dags/plugins/workday.py for tasks to queue
[2024-02-29T18:41:49.055+0530] {logging_mixin.py:188} INFO - [2024-02-29T18:41:49.054+0530] {dagbag.py:538} INFO - Filling up the DagBag from /home/arun/.local/lib/python3.10/site-packages/airflow/example_dags/plugins/workday.py
[2024-02-29T18:41:49.743+0530] {processor.py:842} WARNING - No viable dags retrieved from /home/arun/.local/lib/python3.10/site-packages/airflow/example_dags/plugins/workday.py
[2024-02-29T18:41:49.758+0530] {processor.py:183} INFO - Processing /home/arun/.local/lib/python3.10/site-packages/airflow/example_dags/plugins/workday.py took 0.712 seconds
[2024-02-29T18:42:45.481+0530] {processor.py:161} INFO - Started process (PID=7750) to work on /home/arun/.local/lib/python3.10/site-packages/airflow/example_dags/plugins/workday.py
[2024-02-29T18:42:45.522+0530] {processor.py:830} INFO - Processing file /home/arun/.local/lib/python3.10/site-packages/airflow/example_dags/plugins/workday.py for tasks to queue
[2024-02-29T18:42:45.523+0530] {logging_mixin.py:188} INFO - [2024-02-29T18:42:45.523+0530] {dagbag.py:538} INFO - Filling up the DagBag from /home/arun/.local/lib/python3.10/site-packages/airflow/example_dags/plugins/workday.py
[2024-02-29T18:42:45.994+0530] {processor.py:842} WARNING - No viable dags retrieved from /home/arun/.local/lib/python3.10/site-packages/airflow/example_dags/plugins/workday.py
[2024-02-29T18:42:46.005+0530] {processor.py:183} INFO - Processing /home/arun/.local/lib/python3.10/site-packages/airflow/example_dags/plugins/workday.py took 0.528 seconds
[2024-02-29T18:43:51.591+0530] {processor.py:161} INFO - Started process (PID=7865) to work on /home/arun/.local/lib/python3.10/site-packages/airflow/example_dags/plugins/workday.py
[2024-02-29T18:43:51.611+0530] {processor.py:830} INFO - Processing file /home/arun/.local/lib/python3.10/site-packages/airflow/example_dags/plugins/workday.py for tasks to queue
[2024-02-29T18:43:51.612+0530] {logging_mixin.py:188} INFO - [2024-02-29T18:43:51.612+0530] {dagbag.py:538} INFO - Filling up the DagBag from /home/arun/.local/lib/python3.10/site-packages/airflow/example_dags/plugins/workday.py
[2024-02-29T18:43:52.086+0530] {processor.py:842} WARNING - No viable dags retrieved from /home/arun/.local/lib/python3.10/site-packages/airflow/example_dags/plugins/workday.py
[2024-02-29T18:43:52.119+0530] {processor.py:183} INFO - Processing /home/arun/.local/lib/python3.10/site-packages/airflow/example_dags/plugins/workday.py took 0.541 seconds
[2024-02-29T18:44:49.047+0530] {processor.py:161} INFO - Started process (PID=7953) to work on /home/arun/.local/lib/python3.10/site-packages/airflow/example_dags/plugins/workday.py
[2024-02-29T18:44:49.049+0530] {processor.py:830} INFO - Processing file /home/arun/.local/lib/python3.10/site-packages/airflow/example_dags/plugins/workday.py for tasks to queue
[2024-02-29T18:44:49.050+0530] {logging_mixin.py:188} INFO - [2024-02-29T18:44:49.049+0530] {dagbag.py:538} INFO - Filling up the DagBag from /home/arun/.local/lib/python3.10/site-packages/airflow/example_dags/plugins/workday.py
[2024-02-29T18:44:49.539+0530] {processor.py:842} WARNING - No viable dags retrieved from /home/arun/.local/lib/python3.10/site-packages/airflow/example_dags/plugins/workday.py
[2024-02-29T18:44:49.578+0530] {processor.py:183} INFO - Processing /home/arun/.local/lib/python3.10/site-packages/airflow/example_dags/plugins/workday.py took 0.533 seconds
[2024-02-29T18:45:40.355+0530] {processor.py:161} INFO - Started process (PID=8051) to work on /home/arun/.local/lib/python3.10/site-packages/airflow/example_dags/plugins/workday.py
[2024-02-29T18:45:40.356+0530] {processor.py:830} INFO - Processing file /home/arun/.local/lib/python3.10/site-packages/airflow/example_dags/plugins/workday.py for tasks to queue
[2024-02-29T18:45:40.357+0530] {logging_mixin.py:188} INFO - [2024-02-29T18:45:40.356+0530] {dagbag.py:538} INFO - Filling up the DagBag from /home/arun/.local/lib/python3.10/site-packages/airflow/example_dags/plugins/workday.py
[2024-02-29T18:45:40.773+0530] {processor.py:842} WARNING - No viable dags retrieved from /home/arun/.local/lib/python3.10/site-packages/airflow/example_dags/plugins/workday.py
[2024-02-29T18:45:40.785+0530] {processor.py:183} INFO - Processing /home/arun/.local/lib/python3.10/site-packages/airflow/example_dags/plugins/workday.py took 0.433 seconds
[2024-02-29T18:46:35.227+0530] {processor.py:161} INFO - Started process (PID=8137) to work on /home/arun/.local/lib/python3.10/site-packages/airflow/example_dags/plugins/workday.py
[2024-02-29T18:46:35.229+0530] {processor.py:830} INFO - Processing file /home/arun/.local/lib/python3.10/site-packages/airflow/example_dags/plugins/workday.py for tasks to queue
[2024-02-29T18:46:35.229+0530] {logging_mixin.py:188} INFO - [2024-02-29T18:46:35.229+0530] {dagbag.py:538} INFO - Filling up the DagBag from /home/arun/.local/lib/python3.10/site-packages/airflow/example_dags/plugins/workday.py
[2024-02-29T18:46:35.605+0530] {processor.py:842} WARNING - No viable dags retrieved from /home/arun/.local/lib/python3.10/site-packages/airflow/example_dags/plugins/workday.py
[2024-02-29T18:46:35.617+0530] {processor.py:183} INFO - Processing /home/arun/.local/lib/python3.10/site-packages/airflow/example_dags/plugins/workday.py took 0.393 seconds
[2024-02-29T18:47:26.499+0530] {processor.py:161} INFO - Started process (PID=8219) to work on /home/arun/.local/lib/python3.10/site-packages/airflow/example_dags/plugins/workday.py
[2024-02-29T18:47:26.500+0530] {processor.py:830} INFO - Processing file /home/arun/.local/lib/python3.10/site-packages/airflow/example_dags/plugins/workday.py for tasks to queue
[2024-02-29T18:47:26.501+0530] {logging_mixin.py:188} INFO - [2024-02-29T18:47:26.501+0530] {dagbag.py:538} INFO - Filling up the DagBag from /home/arun/.local/lib/python3.10/site-packages/airflow/example_dags/plugins/workday.py
[2024-02-29T18:47:27.017+0530] {processor.py:842} WARNING - No viable dags retrieved from /home/arun/.local/lib/python3.10/site-packages/airflow/example_dags/plugins/workday.py
[2024-02-29T18:47:27.032+0530] {processor.py:183} INFO - Processing /home/arun/.local/lib/python3.10/site-packages/airflow/example_dags/plugins/workday.py took 0.537 seconds
[2024-02-29T18:48:18.411+0530] {processor.py:161} INFO - Started process (PID=8304) to work on /home/arun/.local/lib/python3.10/site-packages/airflow/example_dags/plugins/workday.py
[2024-02-29T18:48:18.414+0530] {processor.py:830} INFO - Processing file /home/arun/.local/lib/python3.10/site-packages/airflow/example_dags/plugins/workday.py for tasks to queue
[2024-02-29T18:48:18.415+0530] {logging_mixin.py:188} INFO - [2024-02-29T18:48:18.414+0530] {dagbag.py:538} INFO - Filling up the DagBag from /home/arun/.local/lib/python3.10/site-packages/airflow/example_dags/plugins/workday.py
[2024-02-29T18:48:18.857+0530] {processor.py:842} WARNING - No viable dags retrieved from /home/arun/.local/lib/python3.10/site-packages/airflow/example_dags/plugins/workday.py
[2024-02-29T18:48:18.874+0530] {processor.py:183} INFO - Processing /home/arun/.local/lib/python3.10/site-packages/airflow/example_dags/plugins/workday.py took 0.469 seconds
[2024-02-29T18:49:02.126+0530] {processor.py:161} INFO - Started process (PID=8378) to work on /home/arun/.local/lib/python3.10/site-packages/airflow/example_dags/plugins/workday.py
[2024-02-29T18:49:02.130+0530] {processor.py:830} INFO - Processing file /home/arun/.local/lib/python3.10/site-packages/airflow/example_dags/plugins/workday.py for tasks to queue
[2024-02-29T18:49:02.132+0530] {logging_mixin.py:188} INFO - [2024-02-29T18:49:02.131+0530] {dagbag.py:538} INFO - Filling up the DagBag from /home/arun/.local/lib/python3.10/site-packages/airflow/example_dags/plugins/workday.py
[2024-02-29T18:49:02.598+0530] {processor.py:842} WARNING - No viable dags retrieved from /home/arun/.local/lib/python3.10/site-packages/airflow/example_dags/plugins/workday.py
[2024-02-29T18:49:02.628+0530] {processor.py:183} INFO - Processing /home/arun/.local/lib/python3.10/site-packages/airflow/example_dags/plugins/workday.py took 0.508 seconds
[2024-02-29T18:49:49.513+0530] {processor.py:161} INFO - Started process (PID=8455) to work on /home/arun/.local/lib/python3.10/site-packages/airflow/example_dags/plugins/workday.py
[2024-02-29T18:49:49.554+0530] {processor.py:830} INFO - Processing file /home/arun/.local/lib/python3.10/site-packages/airflow/example_dags/plugins/workday.py for tasks to queue
[2024-02-29T18:49:49.555+0530] {logging_mixin.py:188} INFO - [2024-02-29T18:49:49.555+0530] {dagbag.py:538} INFO - Filling up the DagBag from /home/arun/.local/lib/python3.10/site-packages/airflow/example_dags/plugins/workday.py
[2024-02-29T18:49:50.089+0530] {processor.py:842} WARNING - No viable dags retrieved from /home/arun/.local/lib/python3.10/site-packages/airflow/example_dags/plugins/workday.py
[2024-02-29T18:49:50.110+0530] {processor.py:183} INFO - Processing /home/arun/.local/lib/python3.10/site-packages/airflow/example_dags/plugins/workday.py took 0.601 seconds
[2024-02-29T18:50:37.082+0530] {processor.py:161} INFO - Started process (PID=8535) to work on /home/arun/.local/lib/python3.10/site-packages/airflow/example_dags/plugins/workday.py
[2024-02-29T18:50:37.119+0530] {processor.py:830} INFO - Processing file /home/arun/.local/lib/python3.10/site-packages/airflow/example_dags/plugins/workday.py for tasks to queue
[2024-02-29T18:50:37.120+0530] {logging_mixin.py:188} INFO - [2024-02-29T18:50:37.120+0530] {dagbag.py:538} INFO - Filling up the DagBag from /home/arun/.local/lib/python3.10/site-packages/airflow/example_dags/plugins/workday.py
[2024-02-29T18:50:37.692+0530] {processor.py:842} WARNING - No viable dags retrieved from /home/arun/.local/lib/python3.10/site-packages/airflow/example_dags/plugins/workday.py
[2024-02-29T18:50:37.717+0530] {processor.py:183} INFO - Processing /home/arun/.local/lib/python3.10/site-packages/airflow/example_dags/plugins/workday.py took 0.639 seconds
[2024-02-29T18:51:33.438+0530] {processor.py:161} INFO - Started process (PID=8712) to work on /home/arun/.local/lib/python3.10/site-packages/airflow/example_dags/plugins/workday.py
[2024-02-29T18:51:33.440+0530] {processor.py:830} INFO - Processing file /home/arun/.local/lib/python3.10/site-packages/airflow/example_dags/plugins/workday.py for tasks to queue
[2024-02-29T18:51:33.441+0530] {logging_mixin.py:188} INFO - [2024-02-29T18:51:33.440+0530] {dagbag.py:538} INFO - Filling up the DagBag from /home/arun/.local/lib/python3.10/site-packages/airflow/example_dags/plugins/workday.py
[2024-02-29T18:51:33.993+0530] {processor.py:842} WARNING - No viable dags retrieved from /home/arun/.local/lib/python3.10/site-packages/airflow/example_dags/plugins/workday.py
[2024-02-29T18:51:34.008+0530] {processor.py:183} INFO - Processing /home/arun/.local/lib/python3.10/site-packages/airflow/example_dags/plugins/workday.py took 0.573 seconds
[2024-02-29T18:52:23.562+0530] {processor.py:161} INFO - Started process (PID=8794) to work on /home/arun/.local/lib/python3.10/site-packages/airflow/example_dags/plugins/workday.py
[2024-02-29T18:52:23.563+0530] {processor.py:830} INFO - Processing file /home/arun/.local/lib/python3.10/site-packages/airflow/example_dags/plugins/workday.py for tasks to queue
[2024-02-29T18:52:23.564+0530] {logging_mixin.py:188} INFO - [2024-02-29T18:52:23.564+0530] {dagbag.py:538} INFO - Filling up the DagBag from /home/arun/.local/lib/python3.10/site-packages/airflow/example_dags/plugins/workday.py
[2024-02-29T18:52:24.012+0530] {processor.py:842} WARNING - No viable dags retrieved from /home/arun/.local/lib/python3.10/site-packages/airflow/example_dags/plugins/workday.py
[2024-02-29T18:52:24.024+0530] {processor.py:183} INFO - Processing /home/arun/.local/lib/python3.10/site-packages/airflow/example_dags/plugins/workday.py took 0.465 seconds
[2024-02-29T18:53:17.807+0530] {processor.py:161} INFO - Started process (PID=8878) to work on /home/arun/.local/lib/python3.10/site-packages/airflow/example_dags/plugins/workday.py
[2024-02-29T18:53:17.810+0530] {processor.py:830} INFO - Processing file /home/arun/.local/lib/python3.10/site-packages/airflow/example_dags/plugins/workday.py for tasks to queue
[2024-02-29T18:53:17.812+0530] {logging_mixin.py:188} INFO - [2024-02-29T18:53:17.811+0530] {dagbag.py:538} INFO - Filling up the DagBag from /home/arun/.local/lib/python3.10/site-packages/airflow/example_dags/plugins/workday.py
[2024-02-29T18:53:18.312+0530] {processor.py:842} WARNING - No viable dags retrieved from /home/arun/.local/lib/python3.10/site-packages/airflow/example_dags/plugins/workday.py
[2024-02-29T18:53:18.325+0530] {processor.py:183} INFO - Processing /home/arun/.local/lib/python3.10/site-packages/airflow/example_dags/plugins/workday.py took 0.523 seconds
[2024-02-29T18:54:10.461+0530] {processor.py:161} INFO - Started process (PID=9150) to work on /home/arun/.local/lib/python3.10/site-packages/airflow/example_dags/plugins/workday.py
[2024-02-29T18:54:10.463+0530] {processor.py:830} INFO - Processing file /home/arun/.local/lib/python3.10/site-packages/airflow/example_dags/plugins/workday.py for tasks to queue
[2024-02-29T18:54:10.464+0530] {logging_mixin.py:188} INFO - [2024-02-29T18:54:10.463+0530] {dagbag.py:538} INFO - Filling up the DagBag from /home/arun/.local/lib/python3.10/site-packages/airflow/example_dags/plugins/workday.py
[2024-02-29T18:54:10.991+0530] {processor.py:842} WARNING - No viable dags retrieved from /home/arun/.local/lib/python3.10/site-packages/airflow/example_dags/plugins/workday.py
[2024-02-29T18:54:11.007+0530] {processor.py:183} INFO - Processing /home/arun/.local/lib/python3.10/site-packages/airflow/example_dags/plugins/workday.py took 0.551 seconds
[2024-02-29T18:54:57.268+0530] {processor.py:161} INFO - Started process (PID=9228) to work on /home/arun/.local/lib/python3.10/site-packages/airflow/example_dags/plugins/workday.py
[2024-02-29T18:54:57.272+0530] {processor.py:830} INFO - Processing file /home/arun/.local/lib/python3.10/site-packages/airflow/example_dags/plugins/workday.py for tasks to queue
[2024-02-29T18:54:57.273+0530] {logging_mixin.py:188} INFO - [2024-02-29T18:54:57.273+0530] {dagbag.py:538} INFO - Filling up the DagBag from /home/arun/.local/lib/python3.10/site-packages/airflow/example_dags/plugins/workday.py
[2024-02-29T18:54:57.887+0530] {processor.py:842} WARNING - No viable dags retrieved from /home/arun/.local/lib/python3.10/site-packages/airflow/example_dags/plugins/workday.py
[2024-02-29T18:54:57.906+0530] {processor.py:183} INFO - Processing /home/arun/.local/lib/python3.10/site-packages/airflow/example_dags/plugins/workday.py took 0.644 seconds
[2024-02-29T18:55:58.141+0530] {processor.py:161} INFO - Started process (PID=9382) to work on /home/arun/.local/lib/python3.10/site-packages/airflow/example_dags/plugins/workday.py
[2024-02-29T18:55:58.144+0530] {processor.py:830} INFO - Processing file /home/arun/.local/lib/python3.10/site-packages/airflow/example_dags/plugins/workday.py for tasks to queue
[2024-02-29T18:55:58.146+0530] {logging_mixin.py:188} INFO - [2024-02-29T18:55:58.145+0530] {dagbag.py:538} INFO - Filling up the DagBag from /home/arun/.local/lib/python3.10/site-packages/airflow/example_dags/plugins/workday.py
[2024-02-29T18:55:58.643+0530] {processor.py:842} WARNING - No viable dags retrieved from /home/arun/.local/lib/python3.10/site-packages/airflow/example_dags/plugins/workday.py
[2024-02-29T18:55:58.659+0530] {processor.py:183} INFO - Processing /home/arun/.local/lib/python3.10/site-packages/airflow/example_dags/plugins/workday.py took 0.524 seconds
[2024-02-29T18:56:55.867+0530] {processor.py:161} INFO - Started process (PID=9498) to work on /home/arun/.local/lib/python3.10/site-packages/airflow/example_dags/plugins/workday.py
[2024-02-29T18:56:55.871+0530] {processor.py:830} INFO - Processing file /home/arun/.local/lib/python3.10/site-packages/airflow/example_dags/plugins/workday.py for tasks to queue
[2024-02-29T18:56:55.873+0530] {logging_mixin.py:188} INFO - [2024-02-29T18:56:55.872+0530] {dagbag.py:538} INFO - Filling up the DagBag from /home/arun/.local/lib/python3.10/site-packages/airflow/example_dags/plugins/workday.py
[2024-02-29T18:56:56.553+0530] {processor.py:842} WARNING - No viable dags retrieved from /home/arun/.local/lib/python3.10/site-packages/airflow/example_dags/plugins/workday.py
[2024-02-29T18:56:56.563+0530] {processor.py:183} INFO - Processing /home/arun/.local/lib/python3.10/site-packages/airflow/example_dags/plugins/workday.py took 0.705 seconds
[2024-02-29T18:57:50.574+0530] {processor.py:161} INFO - Started process (PID=9588) to work on /home/arun/.local/lib/python3.10/site-packages/airflow/example_dags/plugins/workday.py
[2024-02-29T18:57:50.579+0530] {processor.py:830} INFO - Processing file /home/arun/.local/lib/python3.10/site-packages/airflow/example_dags/plugins/workday.py for tasks to queue
[2024-02-29T18:57:50.581+0530] {logging_mixin.py:188} INFO - [2024-02-29T18:57:50.580+0530] {dagbag.py:538} INFO - Filling up the DagBag from /home/arun/.local/lib/python3.10/site-packages/airflow/example_dags/plugins/workday.py
[2024-02-29T18:57:51.137+0530] {processor.py:842} WARNING - No viable dags retrieved from /home/arun/.local/lib/python3.10/site-packages/airflow/example_dags/plugins/workday.py
[2024-02-29T18:57:51.196+0530] {processor.py:183} INFO - Processing /home/arun/.local/lib/python3.10/site-packages/airflow/example_dags/plugins/workday.py took 0.627 seconds
[2024-02-29T18:58:52.096+0530] {processor.py:161} INFO - Started process (PID=9693) to work on /home/arun/.local/lib/python3.10/site-packages/airflow/example_dags/plugins/workday.py
[2024-02-29T18:58:52.112+0530] {processor.py:830} INFO - Processing file /home/arun/.local/lib/python3.10/site-packages/airflow/example_dags/plugins/workday.py for tasks to queue
[2024-02-29T18:58:52.114+0530] {logging_mixin.py:188} INFO - [2024-02-29T18:58:52.113+0530] {dagbag.py:538} INFO - Filling up the DagBag from /home/arun/.local/lib/python3.10/site-packages/airflow/example_dags/plugins/workday.py
[2024-02-29T18:58:52.896+0530] {processor.py:842} WARNING - No viable dags retrieved from /home/arun/.local/lib/python3.10/site-packages/airflow/example_dags/plugins/workday.py
[2024-02-29T18:58:52.918+0530] {processor.py:183} INFO - Processing /home/arun/.local/lib/python3.10/site-packages/airflow/example_dags/plugins/workday.py took 0.828 seconds
[2024-02-29T18:59:49.509+0530] {processor.py:161} INFO - Started process (PID=9799) to work on /home/arun/.local/lib/python3.10/site-packages/airflow/example_dags/plugins/workday.py
[2024-02-29T18:59:49.541+0530] {processor.py:830} INFO - Processing file /home/arun/.local/lib/python3.10/site-packages/airflow/example_dags/plugins/workday.py for tasks to queue
[2024-02-29T18:59:49.542+0530] {logging_mixin.py:188} INFO - [2024-02-29T18:59:49.542+0530] {dagbag.py:538} INFO - Filling up the DagBag from /home/arun/.local/lib/python3.10/site-packages/airflow/example_dags/plugins/workday.py
[2024-02-29T18:59:49.965+0530] {processor.py:842} WARNING - No viable dags retrieved from /home/arun/.local/lib/python3.10/site-packages/airflow/example_dags/plugins/workday.py
[2024-02-29T18:59:49.977+0530] {processor.py:183} INFO - Processing /home/arun/.local/lib/python3.10/site-packages/airflow/example_dags/plugins/workday.py took 0.471 seconds
[2024-02-29T19:00:39.234+0530] {processor.py:161} INFO - Started process (PID=9883) to work on /home/arun/.local/lib/python3.10/site-packages/airflow/example_dags/plugins/workday.py
[2024-02-29T19:00:39.238+0530] {processor.py:830} INFO - Processing file /home/arun/.local/lib/python3.10/site-packages/airflow/example_dags/plugins/workday.py for tasks to queue
[2024-02-29T19:00:39.239+0530] {logging_mixin.py:188} INFO - [2024-02-29T19:00:39.239+0530] {dagbag.py:538} INFO - Filling up the DagBag from /home/arun/.local/lib/python3.10/site-packages/airflow/example_dags/plugins/workday.py
[2024-02-29T19:00:39.623+0530] {processor.py:842} WARNING - No viable dags retrieved from /home/arun/.local/lib/python3.10/site-packages/airflow/example_dags/plugins/workday.py
[2024-02-29T19:00:39.634+0530] {processor.py:183} INFO - Processing /home/arun/.local/lib/python3.10/site-packages/airflow/example_dags/plugins/workday.py took 0.406 seconds
[2024-02-29T19:01:30.783+0530] {processor.py:161} INFO - Started process (PID=9965) to work on /home/arun/.local/lib/python3.10/site-packages/airflow/example_dags/plugins/workday.py
[2024-02-29T19:01:30.785+0530] {processor.py:830} INFO - Processing file /home/arun/.local/lib/python3.10/site-packages/airflow/example_dags/plugins/workday.py for tasks to queue
[2024-02-29T19:01:30.786+0530] {logging_mixin.py:188} INFO - [2024-02-29T19:01:30.786+0530] {dagbag.py:538} INFO - Filling up the DagBag from /home/arun/.local/lib/python3.10/site-packages/airflow/example_dags/plugins/workday.py
[2024-02-29T19:01:31.173+0530] {processor.py:842} WARNING - No viable dags retrieved from /home/arun/.local/lib/python3.10/site-packages/airflow/example_dags/plugins/workday.py
[2024-02-29T19:01:31.187+0530] {processor.py:183} INFO - Processing /home/arun/.local/lib/python3.10/site-packages/airflow/example_dags/plugins/workday.py took 0.412 seconds
[2024-02-29T19:02:23.809+0530] {processor.py:161} INFO - Started process (PID=10051) to work on /home/arun/.local/lib/python3.10/site-packages/airflow/example_dags/plugins/workday.py
[2024-02-29T19:02:23.810+0530] {processor.py:830} INFO - Processing file /home/arun/.local/lib/python3.10/site-packages/airflow/example_dags/plugins/workday.py for tasks to queue
[2024-02-29T19:02:23.812+0530] {logging_mixin.py:188} INFO - [2024-02-29T19:02:23.811+0530] {dagbag.py:538} INFO - Filling up the DagBag from /home/arun/.local/lib/python3.10/site-packages/airflow/example_dags/plugins/workday.py
[2024-02-29T19:02:24.284+0530] {processor.py:842} WARNING - No viable dags retrieved from /home/arun/.local/lib/python3.10/site-packages/airflow/example_dags/plugins/workday.py
[2024-02-29T19:02:24.298+0530] {processor.py:183} INFO - Processing /home/arun/.local/lib/python3.10/site-packages/airflow/example_dags/plugins/workday.py took 0.494 seconds
[2024-02-29T19:03:12.962+0530] {processor.py:161} INFO - Started process (PID=10130) to work on /home/arun/.local/lib/python3.10/site-packages/airflow/example_dags/plugins/workday.py
[2024-02-29T19:03:12.964+0530] {processor.py:830} INFO - Processing file /home/arun/.local/lib/python3.10/site-packages/airflow/example_dags/plugins/workday.py for tasks to queue
[2024-02-29T19:03:12.965+0530] {logging_mixin.py:188} INFO - [2024-02-29T19:03:12.964+0530] {dagbag.py:538} INFO - Filling up the DagBag from /home/arun/.local/lib/python3.10/site-packages/airflow/example_dags/plugins/workday.py
[2024-02-29T19:03:13.360+0530] {processor.py:842} WARNING - No viable dags retrieved from /home/arun/.local/lib/python3.10/site-packages/airflow/example_dags/plugins/workday.py
[2024-02-29T19:03:13.371+0530] {processor.py:183} INFO - Processing /home/arun/.local/lib/python3.10/site-packages/airflow/example_dags/plugins/workday.py took 0.411 seconds
[2024-02-29T19:04:00.702+0530] {processor.py:161} INFO - Started process (PID=10208) to work on /home/arun/.local/lib/python3.10/site-packages/airflow/example_dags/plugins/workday.py
[2024-02-29T19:04:00.705+0530] {processor.py:830} INFO - Processing file /home/arun/.local/lib/python3.10/site-packages/airflow/example_dags/plugins/workday.py for tasks to queue
[2024-02-29T19:04:00.707+0530] {logging_mixin.py:188} INFO - [2024-02-29T19:04:00.706+0530] {dagbag.py:538} INFO - Filling up the DagBag from /home/arun/.local/lib/python3.10/site-packages/airflow/example_dags/plugins/workday.py
[2024-02-29T19:04:01.173+0530] {processor.py:842} WARNING - No viable dags retrieved from /home/arun/.local/lib/python3.10/site-packages/airflow/example_dags/plugins/workday.py
[2024-02-29T19:04:01.183+0530] {processor.py:183} INFO - Processing /home/arun/.local/lib/python3.10/site-packages/airflow/example_dags/plugins/workday.py took 0.487 seconds
[2024-02-29T19:04:48.117+0530] {processor.py:161} INFO - Started process (PID=10309) to work on /home/arun/.local/lib/python3.10/site-packages/airflow/example_dags/plugins/workday.py
[2024-02-29T19:04:48.119+0530] {processor.py:830} INFO - Processing file /home/arun/.local/lib/python3.10/site-packages/airflow/example_dags/plugins/workday.py for tasks to queue
[2024-02-29T19:04:48.120+0530] {logging_mixin.py:188} INFO - [2024-02-29T19:04:48.120+0530] {dagbag.py:538} INFO - Filling up the DagBag from /home/arun/.local/lib/python3.10/site-packages/airflow/example_dags/plugins/workday.py
[2024-02-29T19:04:48.817+0530] {processor.py:842} WARNING - No viable dags retrieved from /home/arun/.local/lib/python3.10/site-packages/airflow/example_dags/plugins/workday.py
[2024-02-29T19:04:48.824+0530] {processor.py:183} INFO - Processing /home/arun/.local/lib/python3.10/site-packages/airflow/example_dags/plugins/workday.py took 0.712 seconds
[2024-02-29T19:05:59.787+0530] {processor.py:161} INFO - Started process (PID=10543) to work on /home/arun/.local/lib/python3.10/site-packages/airflow/example_dags/plugins/workday.py
[2024-02-29T19:05:59.829+0530] {processor.py:830} INFO - Processing file /home/arun/.local/lib/python3.10/site-packages/airflow/example_dags/plugins/workday.py for tasks to queue
[2024-02-29T19:05:59.832+0530] {logging_mixin.py:188} INFO - [2024-02-29T19:05:59.831+0530] {dagbag.py:538} INFO - Filling up the DagBag from /home/arun/.local/lib/python3.10/site-packages/airflow/example_dags/plugins/workday.py
[2024-02-29T19:06:01.465+0530] {processor.py:842} WARNING - No viable dags retrieved from /home/arun/.local/lib/python3.10/site-packages/airflow/example_dags/plugins/workday.py
[2024-02-29T19:06:01.512+0530] {processor.py:183} INFO - Processing /home/arun/.local/lib/python3.10/site-packages/airflow/example_dags/plugins/workday.py took 1.781 seconds
[2024-02-29T19:06:46.880+0530] {processor.py:161} INFO - Started process (PID=10694) to work on /home/arun/.local/lib/python3.10/site-packages/airflow/example_dags/plugins/workday.py
[2024-02-29T19:06:46.885+0530] {processor.py:830} INFO - Processing file /home/arun/.local/lib/python3.10/site-packages/airflow/example_dags/plugins/workday.py for tasks to queue
[2024-02-29T19:06:46.887+0530] {logging_mixin.py:188} INFO - [2024-02-29T19:06:46.886+0530] {dagbag.py:538} INFO - Filling up the DagBag from /home/arun/.local/lib/python3.10/site-packages/airflow/example_dags/plugins/workday.py
[2024-02-29T19:06:48.202+0530] {processor.py:842} WARNING - No viable dags retrieved from /home/arun/.local/lib/python3.10/site-packages/airflow/example_dags/plugins/workday.py
[2024-02-29T19:06:48.247+0530] {processor.py:183} INFO - Processing /home/arun/.local/lib/python3.10/site-packages/airflow/example_dags/plugins/workday.py took 1.373 seconds
