[2024-03-04T22:42:36.048+0530] {taskinstance.py:1956} INFO - Dependencies all met for dep_context=non-requeueable deps ti=<TaskInstance: Visualization_DAG.beam_pipeine scheduled__2024-03-04T13:30:00+00:00 [queued]>
[2024-03-04T22:42:36.060+0530] {taskinstance.py:1956} INFO - Dependencies all met for dep_context=requeueable deps ti=<TaskInstance: Visualization_DAG.beam_pipeine scheduled__2024-03-04T13:30:00+00:00 [queued]>
[2024-03-04T22:42:36.060+0530] {taskinstance.py:2170} INFO - Starting attempt 1 of 2
[2024-03-04T22:42:36.113+0530] {taskinstance.py:2191} INFO - Executing <Task(PythonOperator): beam_pipeine> on 2024-03-04 13:30:00+00:00
[2024-03-04T22:42:36.125+0530] {standard_task_runner.py:60} INFO - Started process 17487 to run task
[2024-03-04T22:42:36.131+0530] {standard_task_runner.py:87} INFO - Running: ['airflow', 'tasks', 'run', 'Visualization_DAG', 'beam_pipeine', 'scheduled__2024-03-04T13:30:00+00:00', '--job-id', '249', '--raw', '--subdir', 'DAGS_FOLDER/.ipynb_checkpoints/Analytics_data-checkpoint.py', '--cfg-path', '/tmp/tmpqt91ttt5']
[2024-03-04T22:42:36.132+0530] {standard_task_runner.py:88} INFO - Job 249: Subtask beam_pipeine
[2024-03-04T22:42:36.229+0530] {task_command.py:423} INFO - Running <TaskInstance: Visualization_DAG.beam_pipeine scheduled__2024-03-04T13:30:00+00:00 [running]> on host arun-VM
[2024-03-04T22:42:36.334+0530] {taskinstance.py:2480} INFO - Exporting env vars: AIRFLOW_CTX_DAG_OWNER='admin' AIRFLOW_CTX_DAG_ID='Visualization_DAG' AIRFLOW_CTX_TASK_ID='beam_pipeine' AIRFLOW_CTX_EXECUTION_DATE='2024-03-04T13:30:00+00:00' AIRFLOW_CTX_TRY_NUMBER='1' AIRFLOW_CTX_DAG_RUN_ID='scheduled__2024-03-04T13:30:00+00:00'
[2024-03-04T22:42:36.864+0530] {translations.py:712} INFO - ==================== <function annotate_downstream_side_inputs at 0x7f5537789900> ====================
[2024-03-04T22:42:36.864+0530] {translations.py:712} INFO - ==================== <function fix_side_input_pcoll_coders at 0x7f5537789a20> ====================
[2024-03-04T22:42:36.865+0530] {translations.py:712} INFO - ==================== <function pack_combiners at 0x7f5537789f30> ====================
[2024-03-04T22:42:36.866+0530] {translations.py:712} INFO - ==================== <function lift_combiners at 0x7f5537789fc0> ====================
[2024-03-04T22:42:36.866+0530] {translations.py:712} INFO - ==================== <function expand_sdf at 0x7f553778a170> ====================
[2024-03-04T22:42:36.866+0530] {translations.py:712} INFO - ==================== <function expand_gbk at 0x7f553778a200> ====================
[2024-03-04T22:42:36.867+0530] {translations.py:712} INFO - ==================== <function sink_flattens at 0x7f553778a320> ====================
[2024-03-04T22:42:36.867+0530] {translations.py:712} INFO - ==================== <function greedily_fuse at 0x7f553778a3b0> ====================
[2024-03-04T22:42:36.869+0530] {translations.py:712} INFO - ==================== <function read_to_impulse at 0x7f553778a440> ====================
[2024-03-04T22:42:36.869+0530] {translations.py:712} INFO - ==================== <function impulse_to_input at 0x7f553778a4d0> ====================
[2024-03-04T22:42:36.870+0530] {translations.py:712} INFO - ==================== <function sort_stages at 0x7f553778a710> ====================
[2024-03-04T22:42:36.870+0530] {translations.py:712} INFO - ==================== <function add_impulse_to_dangling_transforms at 0x7f553778a830> ====================
[2024-03-04T22:42:36.870+0530] {translations.py:712} INFO - ==================== <function setup_timer_mapping at 0x7f553778a680> ====================
[2024-03-04T22:42:36.871+0530] {translations.py:712} INFO - ==================== <function populate_data_channel_coders at 0x7f553778a7a0> ====================
[2024-03-04T22:42:36.876+0530] {statecache.py:234} INFO - Creating state cache with size 104857600
[2024-03-04T22:42:36.878+0530] {worker_handlers.py:922} INFO - Created Worker handler <apache_beam.runners.portability.fn_api_runner.worker_handlers.EmbeddedWorkerHandler object at 0x7f5537514bb0> for environment ref_Environment_default_environment_1 (beam:env:embedded_python:v1, b'')
[2024-03-04T22:42:37.304+0530] {filebasedsink.py:310} INFO - Starting finalize_write threads with num_shards: 1 (skipped: 0), batches: 1, num_threads: 1
[2024-03-04T22:42:37.475+0530] {filebasedsink.py:357} INFO - Renamed 1 shards in 0.17 seconds.
[2024-03-04T22:42:37.523+0530] {python.py:201} INFO - Done. Returned value was: None
[2024-03-04T22:42:37.546+0530] {taskinstance.py:1138} INFO - Marking task as SUCCESS. dag_id=Visualization_DAG, task_id=beam_pipeine, execution_date=20240304T133000, start_date=20240304T171236, end_date=20240304T171237
[2024-03-04T22:42:37.890+0530] {local_task_job_runner.py:234} INFO - Task exited with return code 0
[2024-03-04T22:42:37.980+0530] {taskinstance.py:3280} INFO - 1 downstream tasks scheduled from follow-on schedule check
