[2024-03-04T22:43:13.016+0530] {taskinstance.py:1956} INFO - Dependencies all met for dep_context=non-requeueable deps ti=<TaskInstance: Visualization_DAG.plot_temp_wind scheduled__2024-03-04T13:30:00+00:00 [queued]>
[2024-03-04T22:43:13.034+0530] {taskinstance.py:1956} INFO - Dependencies all met for dep_context=requeueable deps ti=<TaskInstance: Visualization_DAG.plot_temp_wind scheduled__2024-03-04T13:30:00+00:00 [queued]>
[2024-03-04T22:43:13.035+0530] {taskinstance.py:2170} INFO - Starting attempt 1 of 2
[2024-03-04T22:43:13.236+0530] {taskinstance.py:2191} INFO - Executing <Task(PythonOperator): plot_temp_wind> on 2024-03-04 13:30:00+00:00
[2024-03-04T22:43:13.309+0530] {standard_task_runner.py:60} INFO - Started process 17542 to run task
[2024-03-04T22:43:13.325+0530] {standard_task_runner.py:87} INFO - Running: ['airflow', 'tasks', 'run', 'Visualization_DAG', 'plot_temp_wind', 'scheduled__2024-03-04T13:30:00+00:00', '--job-id', '252', '--raw', '--subdir', 'DAGS_FOLDER/.ipynb_checkpoints/Analytics_data-checkpoint.py', '--cfg-path', '/tmp/tmpg00b85rm']
[2024-03-04T22:43:13.326+0530] {standard_task_runner.py:88} INFO - Job 252: Subtask plot_temp_wind
[2024-03-04T22:43:13.399+0530] {task_command.py:423} INFO - Running <TaskInstance: Visualization_DAG.plot_temp_wind scheduled__2024-03-04T13:30:00+00:00 [running]> on host arun-VM
[2024-03-04T22:43:13.564+0530] {taskinstance.py:2480} INFO - Exporting env vars: AIRFLOW_CTX_DAG_OWNER='admin' AIRFLOW_CTX_DAG_ID='Visualization_DAG' AIRFLOW_CTX_TASK_ID='plot_temp_wind' AIRFLOW_CTX_EXECUTION_DATE='2024-03-04T13:30:00+00:00' AIRFLOW_CTX_TRY_NUMBER='1' AIRFLOW_CTX_DAG_RUN_ID='scheduled__2024-03-04T13:30:00+00:00'
[2024-03-04T22:43:14.184+0530] {logging_mixin.py:188} WARNING - /home/arun/airflow/dags/.ipynb_checkpoints/Analytics_data-checkpoint.py:104 UserWarning: Starting a Matplotlib GUI outside of the main thread will likely fail.
[2024-03-04T22:43:14.331+0530] {logging_mixin.py:188} WARNING - /home/arun/airflow/dags/.ipynb_checkpoints/Analytics_data-checkpoint.py:105 FutureWarning: The geopandas.dataset module is deprecated and will be removed in GeoPandas 1.0. You can get the original 'naturalearth_lowres' data from https://www.naturalearthdata.com/downloads/110m-cultural-vectors/.
[2024-03-04T22:43:15.209+0530] {logging_mixin.py:188} WARNING - /home/arun/.local/lib/python3.10/site-packages/geopandas/plotting.py:684 UserWarning: Starting a Matplotlib GUI outside of the main thread will likely fail.
[2024-03-04T22:43:15.525+0530] {logging_mixin.py:188} WARNING - /home/arun/airflow/dags/.ipynb_checkpoints/Analytics_data-checkpoint.py:106 UserWarning: The GeoDataFrame you are attempting to plot is empty. Nothing has been displayed.
[2024-03-04T22:43:17.806+0530] {logging_mixin.py:188} WARNING - /home/arun/airflow/dags/.ipynb_checkpoints/Analytics_data-checkpoint.py:110 UserWarning: Starting a Matplotlib GUI outside of the main thread will likely fail.
[2024-03-04T22:43:17.811+0530] {logging_mixin.py:188} WARNING - /home/arun/airflow/dags/.ipynb_checkpoints/Analytics_data-checkpoint.py:111 FutureWarning: The geopandas.dataset module is deprecated and will be removed in GeoPandas 1.0. You can get the original 'naturalearth_lowres' data from https://www.naturalearthdata.com/downloads/110m-cultural-vectors/.
[2024-03-04T22:43:17.899+0530] {logging_mixin.py:188} WARNING - /home/arun/.local/lib/python3.10/site-packages/geopandas/plotting.py:684 UserWarning: Starting a Matplotlib GUI outside of the main thread will likely fail.
[2024-03-04T22:43:18.030+0530] {logging_mixin.py:188} WARNING - /home/arun/airflow/dags/.ipynb_checkpoints/Analytics_data-checkpoint.py:112 UserWarning: The GeoDataFrame you are attempting to plot is empty. Nothing has been displayed.
[2024-03-04T22:43:18.884+0530] {logging_mixin.py:188} WARNING - /home/arun/airflow/dags/.ipynb_checkpoints/Analytics_data-checkpoint.py:104 UserWarning: Starting a Matplotlib GUI outside of the main thread will likely fail.
[2024-03-04T22:43:18.890+0530] {logging_mixin.py:188} WARNING - /home/arun/airflow/dags/.ipynb_checkpoints/Analytics_data-checkpoint.py:105 FutureWarning: The geopandas.dataset module is deprecated and will be removed in GeoPandas 1.0. You can get the original 'naturalearth_lowres' data from https://www.naturalearthdata.com/downloads/110m-cultural-vectors/.
[2024-03-04T22:43:18.966+0530] {logging_mixin.py:188} WARNING - /home/arun/.local/lib/python3.10/site-packages/geopandas/plotting.py:684 UserWarning: Starting a Matplotlib GUI outside of the main thread will likely fail.
[2024-03-04T22:43:19.079+0530] {logging_mixin.py:188} WARNING - /home/arun/airflow/dags/.ipynb_checkpoints/Analytics_data-checkpoint.py:106 UserWarning: The GeoDataFrame you are attempting to plot is empty. Nothing has been displayed.
[2024-03-04T22:43:19.606+0530] {logging_mixin.py:188} WARNING - /home/arun/airflow/dags/.ipynb_checkpoints/Analytics_data-checkpoint.py:110 UserWarning: Starting a Matplotlib GUI outside of the main thread will likely fail.
[2024-03-04T22:43:19.611+0530] {logging_mixin.py:188} WARNING - /home/arun/airflow/dags/.ipynb_checkpoints/Analytics_data-checkpoint.py:111 FutureWarning: The geopandas.dataset module is deprecated and will be removed in GeoPandas 1.0. You can get the original 'naturalearth_lowres' data from https://www.naturalearthdata.com/downloads/110m-cultural-vectors/.
[2024-03-04T22:43:19.687+0530] {logging_mixin.py:188} WARNING - /home/arun/.local/lib/python3.10/site-packages/geopandas/plotting.py:684 UserWarning: Starting a Matplotlib GUI outside of the main thread will likely fail.
[2024-03-04T22:43:20.578+0530] {logging_mixin.py:188} WARNING - /home/arun/airflow/dags/.ipynb_checkpoints/Analytics_data-checkpoint.py:112 UserWarning: The GeoDataFrame you are attempting to plot is empty. Nothing has been displayed.
[2024-03-04T22:43:21.067+0530] {logging_mixin.py:188} WARNING - /home/arun/airflow/dags/.ipynb_checkpoints/Analytics_data-checkpoint.py:104 UserWarning: Starting a Matplotlib GUI outside of the main thread will likely fail.
[2024-03-04T22:43:21.072+0530] {logging_mixin.py:188} WARNING - /home/arun/airflow/dags/.ipynb_checkpoints/Analytics_data-checkpoint.py:105 FutureWarning: The geopandas.dataset module is deprecated and will be removed in GeoPandas 1.0. You can get the original 'naturalearth_lowres' data from https://www.naturalearthdata.com/downloads/110m-cultural-vectors/.
[2024-03-04T22:43:21.224+0530] {logging_mixin.py:188} WARNING - /home/arun/.local/lib/python3.10/site-packages/geopandas/plotting.py:684 UserWarning: Starting a Matplotlib GUI outside of the main thread will likely fail.
[2024-03-04T22:43:21.340+0530] {logging_mixin.py:188} WARNING - /home/arun/airflow/dags/.ipynb_checkpoints/Analytics_data-checkpoint.py:106 UserWarning: The GeoDataFrame you are attempting to plot is empty. Nothing has been displayed.
[2024-03-04T22:43:21.795+0530] {logging_mixin.py:188} WARNING - /home/arun/airflow/dags/.ipynb_checkpoints/Analytics_data-checkpoint.py:110 UserWarning: Starting a Matplotlib GUI outside of the main thread will likely fail.
[2024-03-04T22:43:21.800+0530] {logging_mixin.py:188} WARNING - /home/arun/airflow/dags/.ipynb_checkpoints/Analytics_data-checkpoint.py:111 FutureWarning: The geopandas.dataset module is deprecated and will be removed in GeoPandas 1.0. You can get the original 'naturalearth_lowres' data from https://www.naturalearthdata.com/downloads/110m-cultural-vectors/.
[2024-03-04T22:43:21.889+0530] {logging_mixin.py:188} WARNING - /home/arun/.local/lib/python3.10/site-packages/geopandas/plotting.py:684 UserWarning: Starting a Matplotlib GUI outside of the main thread will likely fail.
[2024-03-04T22:43:21.996+0530] {logging_mixin.py:188} WARNING - /home/arun/airflow/dags/.ipynb_checkpoints/Analytics_data-checkpoint.py:112 UserWarning: The GeoDataFrame you are attempting to plot is empty. Nothing has been displayed.
[2024-03-04T22:43:22.395+0530] {logging_mixin.py:188} WARNING - /home/arun/airflow/dags/.ipynb_checkpoints/Analytics_data-checkpoint.py:104 UserWarning: Starting a Matplotlib GUI outside of the main thread will likely fail.
[2024-03-04T22:43:22.402+0530] {logging_mixin.py:188} WARNING - /home/arun/airflow/dags/.ipynb_checkpoints/Analytics_data-checkpoint.py:105 FutureWarning: The geopandas.dataset module is deprecated and will be removed in GeoPandas 1.0. You can get the original 'naturalearth_lowres' data from https://www.naturalearthdata.com/downloads/110m-cultural-vectors/.
[2024-03-04T22:43:22.475+0530] {logging_mixin.py:188} WARNING - /home/arun/.local/lib/python3.10/site-packages/geopandas/plotting.py:684 UserWarning: Starting a Matplotlib GUI outside of the main thread will likely fail.
[2024-03-04T22:43:22.545+0530] {logging_mixin.py:188} WARNING - /home/arun/airflow/dags/.ipynb_checkpoints/Analytics_data-checkpoint.py:106 UserWarning: The GeoDataFrame you are attempting to plot is empty. Nothing has been displayed.
[2024-03-04T22:43:22.971+0530] {logging_mixin.py:188} WARNING - /home/arun/airflow/dags/.ipynb_checkpoints/Analytics_data-checkpoint.py:110 UserWarning: Starting a Matplotlib GUI outside of the main thread will likely fail.
[2024-03-04T22:43:22.976+0530] {logging_mixin.py:188} WARNING - /home/arun/airflow/dags/.ipynb_checkpoints/Analytics_data-checkpoint.py:111 FutureWarning: The geopandas.dataset module is deprecated and will be removed in GeoPandas 1.0. You can get the original 'naturalearth_lowres' data from https://www.naturalearthdata.com/downloads/110m-cultural-vectors/.
[2024-03-04T22:43:23.055+0530] {logging_mixin.py:188} WARNING - /home/arun/.local/lib/python3.10/site-packages/geopandas/plotting.py:684 UserWarning: Starting a Matplotlib GUI outside of the main thread will likely fail.
[2024-03-04T22:43:23.140+0530] {logging_mixin.py:188} WARNING - /home/arun/airflow/dags/.ipynb_checkpoints/Analytics_data-checkpoint.py:112 UserWarning: The GeoDataFrame you are attempting to plot is empty. Nothing has been displayed.
[2024-03-04T22:43:23.581+0530] {logging_mixin.py:188} WARNING - /home/arun/airflow/dags/.ipynb_checkpoints/Analytics_data-checkpoint.py:104 UserWarning: Starting a Matplotlib GUI outside of the main thread will likely fail.
[2024-03-04T22:43:23.588+0530] {logging_mixin.py:188} WARNING - /home/arun/airflow/dags/.ipynb_checkpoints/Analytics_data-checkpoint.py:105 FutureWarning: The geopandas.dataset module is deprecated and will be removed in GeoPandas 1.0. You can get the original 'naturalearth_lowres' data from https://www.naturalearthdata.com/downloads/110m-cultural-vectors/.
[2024-03-04T22:43:23.664+0530] {logging_mixin.py:188} WARNING - /home/arun/.local/lib/python3.10/site-packages/geopandas/plotting.py:684 UserWarning: Starting a Matplotlib GUI outside of the main thread will likely fail.
[2024-03-04T22:43:23.766+0530] {logging_mixin.py:188} WARNING - /home/arun/airflow/dags/.ipynb_checkpoints/Analytics_data-checkpoint.py:106 UserWarning: The GeoDataFrame you are attempting to plot is empty. Nothing has been displayed.
[2024-03-04T22:43:24.443+0530] {logging_mixin.py:188} WARNING - /home/arun/airflow/dags/.ipynb_checkpoints/Analytics_data-checkpoint.py:110 UserWarning: Starting a Matplotlib GUI outside of the main thread will likely fail.
[2024-03-04T22:43:24.459+0530] {logging_mixin.py:188} WARNING - /home/arun/airflow/dags/.ipynb_checkpoints/Analytics_data-checkpoint.py:111 FutureWarning: The geopandas.dataset module is deprecated and will be removed in GeoPandas 1.0. You can get the original 'naturalearth_lowres' data from https://www.naturalearthdata.com/downloads/110m-cultural-vectors/.
[2024-03-04T22:43:24.673+0530] {logging_mixin.py:188} WARNING - /home/arun/.local/lib/python3.10/site-packages/geopandas/plotting.py:684 UserWarning: Starting a Matplotlib GUI outside of the main thread will likely fail.
[2024-03-04T22:43:24.923+0530] {logging_mixin.py:188} WARNING - /home/arun/airflow/dags/.ipynb_checkpoints/Analytics_data-checkpoint.py:112 UserWarning: The GeoDataFrame you are attempting to plot is empty. Nothing has been displayed.
[2024-03-04T22:43:25.649+0530] {logging_mixin.py:188} WARNING - /home/arun/airflow/dags/.ipynb_checkpoints/Analytics_data-checkpoint.py:104 RuntimeWarning: More than 20 figures have been opened. Figures created through the pyplot interface (`matplotlib.pyplot.figure`) are retained until explicitly closed and may consume too much memory. (To control this warning, see the rcParam `figure.max_open_warning`). Consider using `matplotlib.pyplot.close()`.
[2024-03-04T22:43:25.651+0530] {logging_mixin.py:188} WARNING - /home/arun/airflow/dags/.ipynb_checkpoints/Analytics_data-checkpoint.py:104 UserWarning: Starting a Matplotlib GUI outside of the main thread will likely fail.
[2024-03-04T22:43:25.661+0530] {logging_mixin.py:188} WARNING - /home/arun/airflow/dags/.ipynb_checkpoints/Analytics_data-checkpoint.py:105 FutureWarning: The geopandas.dataset module is deprecated and will be removed in GeoPandas 1.0. You can get the original 'naturalearth_lowres' data from https://www.naturalearthdata.com/downloads/110m-cultural-vectors/.
[2024-03-04T22:43:25.768+0530] {logging_mixin.py:188} WARNING - /home/arun/.local/lib/python3.10/site-packages/geopandas/plotting.py:684 UserWarning: Starting a Matplotlib GUI outside of the main thread will likely fail.
[2024-03-04T22:43:25.902+0530] {logging_mixin.py:188} WARNING - /home/arun/airflow/dags/.ipynb_checkpoints/Analytics_data-checkpoint.py:106 UserWarning: The GeoDataFrame you are attempting to plot is empty. Nothing has been displayed.
[2024-03-04T22:43:26.473+0530] {logging_mixin.py:188} WARNING - /home/arun/airflow/dags/.ipynb_checkpoints/Analytics_data-checkpoint.py:110 UserWarning: Starting a Matplotlib GUI outside of the main thread will likely fail.
[2024-03-04T22:43:26.482+0530] {logging_mixin.py:188} WARNING - /home/arun/airflow/dags/.ipynb_checkpoints/Analytics_data-checkpoint.py:111 FutureWarning: The geopandas.dataset module is deprecated and will be removed in GeoPandas 1.0. You can get the original 'naturalearth_lowres' data from https://www.naturalearthdata.com/downloads/110m-cultural-vectors/.
[2024-03-04T22:43:26.582+0530] {logging_mixin.py:188} WARNING - /home/arun/.local/lib/python3.10/site-packages/geopandas/plotting.py:684 UserWarning: Starting a Matplotlib GUI outside of the main thread will likely fail.
[2024-03-04T22:43:26.694+0530] {logging_mixin.py:188} WARNING - /home/arun/airflow/dags/.ipynb_checkpoints/Analytics_data-checkpoint.py:112 UserWarning: The GeoDataFrame you are attempting to plot is empty. Nothing has been displayed.
[2024-03-04T22:43:27.118+0530] {logging_mixin.py:188} WARNING - /home/arun/airflow/dags/.ipynb_checkpoints/Analytics_data-checkpoint.py:104 UserWarning: Starting a Matplotlib GUI outside of the main thread will likely fail.
[2024-03-04T22:43:27.128+0530] {logging_mixin.py:188} WARNING - /home/arun/airflow/dags/.ipynb_checkpoints/Analytics_data-checkpoint.py:105 FutureWarning: The geopandas.dataset module is deprecated and will be removed in GeoPandas 1.0. You can get the original 'naturalearth_lowres' data from https://www.naturalearthdata.com/downloads/110m-cultural-vectors/.
[2024-03-04T22:43:27.244+0530] {logging_mixin.py:188} WARNING - /home/arun/.local/lib/python3.10/site-packages/geopandas/plotting.py:684 UserWarning: Starting a Matplotlib GUI outside of the main thread will likely fail.
[2024-03-04T22:43:27.349+0530] {logging_mixin.py:188} WARNING - /home/arun/airflow/dags/.ipynb_checkpoints/Analytics_data-checkpoint.py:106 UserWarning: The GeoDataFrame you are attempting to plot is empty. Nothing has been displayed.
[2024-03-04T22:43:27.756+0530] {logging_mixin.py:188} WARNING - /home/arun/airflow/dags/.ipynb_checkpoints/Analytics_data-checkpoint.py:110 UserWarning: Starting a Matplotlib GUI outside of the main thread will likely fail.
[2024-03-04T22:43:27.763+0530] {logging_mixin.py:188} WARNING - /home/arun/airflow/dags/.ipynb_checkpoints/Analytics_data-checkpoint.py:111 FutureWarning: The geopandas.dataset module is deprecated and will be removed in GeoPandas 1.0. You can get the original 'naturalearth_lowres' data from https://www.naturalearthdata.com/downloads/110m-cultural-vectors/.
[2024-03-04T22:43:27.852+0530] {logging_mixin.py:188} WARNING - /home/arun/.local/lib/python3.10/site-packages/geopandas/plotting.py:684 UserWarning: Starting a Matplotlib GUI outside of the main thread will likely fail.
[2024-03-04T22:43:27.972+0530] {logging_mixin.py:188} WARNING - /home/arun/airflow/dags/.ipynb_checkpoints/Analytics_data-checkpoint.py:112 UserWarning: The GeoDataFrame you are attempting to plot is empty. Nothing has been displayed.
[2024-03-04T22:43:28.393+0530] {logging_mixin.py:188} WARNING - /home/arun/airflow/dags/.ipynb_checkpoints/Analytics_data-checkpoint.py:104 UserWarning: Starting a Matplotlib GUI outside of the main thread will likely fail.
[2024-03-04T22:43:28.400+0530] {logging_mixin.py:188} WARNING - /home/arun/airflow/dags/.ipynb_checkpoints/Analytics_data-checkpoint.py:105 FutureWarning: The geopandas.dataset module is deprecated and will be removed in GeoPandas 1.0. You can get the original 'naturalearth_lowres' data from https://www.naturalearthdata.com/downloads/110m-cultural-vectors/.
[2024-03-04T22:43:28.485+0530] {logging_mixin.py:188} WARNING - /home/arun/.local/lib/python3.10/site-packages/geopandas/plotting.py:684 UserWarning: Starting a Matplotlib GUI outside of the main thread will likely fail.
[2024-03-04T22:43:28.583+0530] {logging_mixin.py:188} WARNING - /home/arun/airflow/dags/.ipynb_checkpoints/Analytics_data-checkpoint.py:106 UserWarning: The GeoDataFrame you are attempting to plot is empty. Nothing has been displayed.
[2024-03-04T22:43:28.994+0530] {logging_mixin.py:188} WARNING - /home/arun/airflow/dags/.ipynb_checkpoints/Analytics_data-checkpoint.py:110 UserWarning: Starting a Matplotlib GUI outside of the main thread will likely fail.
[2024-03-04T22:43:29.003+0530] {logging_mixin.py:188} WARNING - /home/arun/airflow/dags/.ipynb_checkpoints/Analytics_data-checkpoint.py:111 FutureWarning: The geopandas.dataset module is deprecated and will be removed in GeoPandas 1.0. You can get the original 'naturalearth_lowres' data from https://www.naturalearthdata.com/downloads/110m-cultural-vectors/.
[2024-03-04T22:43:29.219+0530] {logging_mixin.py:188} WARNING - /home/arun/.local/lib/python3.10/site-packages/geopandas/plotting.py:684 UserWarning: Starting a Matplotlib GUI outside of the main thread will likely fail.
[2024-03-04T22:43:29.416+0530] {logging_mixin.py:188} WARNING - /home/arun/airflow/dags/.ipynb_checkpoints/Analytics_data-checkpoint.py:112 UserWarning: The GeoDataFrame you are attempting to plot is empty. Nothing has been displayed.
[2024-03-04T22:43:29.894+0530] {logging_mixin.py:188} WARNING - /home/arun/airflow/dags/.ipynb_checkpoints/Analytics_data-checkpoint.py:104 UserWarning: Starting a Matplotlib GUI outside of the main thread will likely fail.
[2024-03-04T22:43:29.899+0530] {logging_mixin.py:188} WARNING - /home/arun/airflow/dags/.ipynb_checkpoints/Analytics_data-checkpoint.py:105 FutureWarning: The geopandas.dataset module is deprecated and will be removed in GeoPandas 1.0. You can get the original 'naturalearth_lowres' data from https://www.naturalearthdata.com/downloads/110m-cultural-vectors/.
[2024-03-04T22:43:29.981+0530] {logging_mixin.py:188} WARNING - /home/arun/.local/lib/python3.10/site-packages/geopandas/plotting.py:684 UserWarning: Starting a Matplotlib GUI outside of the main thread will likely fail.
[2024-03-04T22:43:30.094+0530] {logging_mixin.py:188} WARNING - /home/arun/airflow/dags/.ipynb_checkpoints/Analytics_data-checkpoint.py:106 UserWarning: The GeoDataFrame you are attempting to plot is empty. Nothing has been displayed.
[2024-03-04T22:43:30.464+0530] {logging_mixin.py:188} WARNING - /home/arun/airflow/dags/.ipynb_checkpoints/Analytics_data-checkpoint.py:110 UserWarning: Starting a Matplotlib GUI outside of the main thread will likely fail.
[2024-03-04T22:43:30.470+0530] {logging_mixin.py:188} WARNING - /home/arun/airflow/dags/.ipynb_checkpoints/Analytics_data-checkpoint.py:111 FutureWarning: The geopandas.dataset module is deprecated and will be removed in GeoPandas 1.0. You can get the original 'naturalearth_lowres' data from https://www.naturalearthdata.com/downloads/110m-cultural-vectors/.
[2024-03-04T22:43:30.590+0530] {logging_mixin.py:188} WARNING - /home/arun/.local/lib/python3.10/site-packages/geopandas/plotting.py:684 UserWarning: Starting a Matplotlib GUI outside of the main thread will likely fail.
[2024-03-04T22:43:30.683+0530] {logging_mixin.py:188} WARNING - /home/arun/airflow/dags/.ipynb_checkpoints/Analytics_data-checkpoint.py:112 UserWarning: The GeoDataFrame you are attempting to plot is empty. Nothing has been displayed.
[2024-03-04T22:43:31.198+0530] {logging_mixin.py:188} WARNING - /home/arun/airflow/dags/.ipynb_checkpoints/Analytics_data-checkpoint.py:104 UserWarning: Starting a Matplotlib GUI outside of the main thread will likely fail.
[2024-03-04T22:43:31.204+0530] {logging_mixin.py:188} WARNING - /home/arun/airflow/dags/.ipynb_checkpoints/Analytics_data-checkpoint.py:105 FutureWarning: The geopandas.dataset module is deprecated and will be removed in GeoPandas 1.0. You can get the original 'naturalearth_lowres' data from https://www.naturalearthdata.com/downloads/110m-cultural-vectors/.
[2024-03-04T22:43:31.322+0530] {logging_mixin.py:188} WARNING - /home/arun/.local/lib/python3.10/site-packages/geopandas/plotting.py:684 UserWarning: Starting a Matplotlib GUI outside of the main thread will likely fail.
[2024-03-04T22:43:31.613+0530] {logging_mixin.py:188} WARNING - /home/arun/airflow/dags/.ipynb_checkpoints/Analytics_data-checkpoint.py:106 UserWarning: The GeoDataFrame you are attempting to plot is empty. Nothing has been displayed.
[2024-03-04T22:43:32.542+0530] {logging_mixin.py:188} WARNING - /home/arun/airflow/dags/.ipynb_checkpoints/Analytics_data-checkpoint.py:110 UserWarning: Starting a Matplotlib GUI outside of the main thread will likely fail.
[2024-03-04T22:43:32.548+0530] {logging_mixin.py:188} WARNING - /home/arun/airflow/dags/.ipynb_checkpoints/Analytics_data-checkpoint.py:111 FutureWarning: The geopandas.dataset module is deprecated and will be removed in GeoPandas 1.0. You can get the original 'naturalearth_lowres' data from https://www.naturalearthdata.com/downloads/110m-cultural-vectors/.
[2024-03-04T22:43:32.677+0530] {logging_mixin.py:188} WARNING - /home/arun/.local/lib/python3.10/site-packages/geopandas/plotting.py:684 UserWarning: Starting a Matplotlib GUI outside of the main thread will likely fail.
[2024-03-04T22:43:32.854+0530] {logging_mixin.py:188} WARNING - /home/arun/airflow/dags/.ipynb_checkpoints/Analytics_data-checkpoint.py:112 UserWarning: The GeoDataFrame you are attempting to plot is empty. Nothing has been displayed.
[2024-03-04T22:43:33.413+0530] {logging_mixin.py:188} WARNING - /home/arun/airflow/dags/.ipynb_checkpoints/Analytics_data-checkpoint.py:104 UserWarning: Starting a Matplotlib GUI outside of the main thread will likely fail.
[2024-03-04T22:43:33.420+0530] {logging_mixin.py:188} WARNING - /home/arun/airflow/dags/.ipynb_checkpoints/Analytics_data-checkpoint.py:105 FutureWarning: The geopandas.dataset module is deprecated and will be removed in GeoPandas 1.0. You can get the original 'naturalearth_lowres' data from https://www.naturalearthdata.com/downloads/110m-cultural-vectors/.
[2024-03-04T22:43:33.513+0530] {logging_mixin.py:188} WARNING - /home/arun/.local/lib/python3.10/site-packages/geopandas/plotting.py:684 UserWarning: Starting a Matplotlib GUI outside of the main thread will likely fail.
[2024-03-04T22:43:33.651+0530] {logging_mixin.py:188} WARNING - /home/arun/airflow/dags/.ipynb_checkpoints/Analytics_data-checkpoint.py:106 UserWarning: The GeoDataFrame you are attempting to plot is empty. Nothing has been displayed.
[2024-03-04T22:43:34.140+0530] {logging_mixin.py:188} WARNING - /home/arun/airflow/dags/.ipynb_checkpoints/Analytics_data-checkpoint.py:110 UserWarning: Starting a Matplotlib GUI outside of the main thread will likely fail.
[2024-03-04T22:43:34.147+0530] {logging_mixin.py:188} WARNING - /home/arun/airflow/dags/.ipynb_checkpoints/Analytics_data-checkpoint.py:111 FutureWarning: The geopandas.dataset module is deprecated and will be removed in GeoPandas 1.0. You can get the original 'naturalearth_lowres' data from https://www.naturalearthdata.com/downloads/110m-cultural-vectors/.
[2024-03-04T22:43:34.252+0530] {logging_mixin.py:188} WARNING - /home/arun/.local/lib/python3.10/site-packages/geopandas/plotting.py:684 UserWarning: Starting a Matplotlib GUI outside of the main thread will likely fail.
[2024-03-04T22:43:34.353+0530] {logging_mixin.py:188} WARNING - /home/arun/airflow/dags/.ipynb_checkpoints/Analytics_data-checkpoint.py:112 UserWarning: The GeoDataFrame you are attempting to plot is empty. Nothing has been displayed.
[2024-03-04T22:43:34.879+0530] {logging_mixin.py:188} WARNING - /home/arun/airflow/dags/.ipynb_checkpoints/Analytics_data-checkpoint.py:104 UserWarning: Starting a Matplotlib GUI outside of the main thread will likely fail.
[2024-03-04T22:43:34.919+0530] {logging_mixin.py:188} WARNING - /home/arun/airflow/dags/.ipynb_checkpoints/Analytics_data-checkpoint.py:105 FutureWarning: The geopandas.dataset module is deprecated and will be removed in GeoPandas 1.0. You can get the original 'naturalearth_lowres' data from https://www.naturalearthdata.com/downloads/110m-cultural-vectors/.
[2024-03-04T22:43:35.093+0530] {logging_mixin.py:188} WARNING - /home/arun/.local/lib/python3.10/site-packages/geopandas/plotting.py:684 UserWarning: Starting a Matplotlib GUI outside of the main thread will likely fail.
[2024-03-04T22:43:35.279+0530] {logging_mixin.py:188} WARNING - /home/arun/airflow/dags/.ipynb_checkpoints/Analytics_data-checkpoint.py:106 UserWarning: The GeoDataFrame you are attempting to plot is empty. Nothing has been displayed.
[2024-03-04T22:43:35.917+0530] {logging_mixin.py:188} WARNING - /home/arun/airflow/dags/.ipynb_checkpoints/Analytics_data-checkpoint.py:110 UserWarning: Starting a Matplotlib GUI outside of the main thread will likely fail.
[2024-03-04T22:43:35.928+0530] {logging_mixin.py:188} WARNING - /home/arun/airflow/dags/.ipynb_checkpoints/Analytics_data-checkpoint.py:111 FutureWarning: The geopandas.dataset module is deprecated and will be removed in GeoPandas 1.0. You can get the original 'naturalearth_lowres' data from https://www.naturalearthdata.com/downloads/110m-cultural-vectors/.
[2024-03-04T22:43:36.112+0530] {logging_mixin.py:188} WARNING - /home/arun/.local/lib/python3.10/site-packages/geopandas/plotting.py:684 UserWarning: Starting a Matplotlib GUI outside of the main thread will likely fail.
[2024-03-04T22:43:36.236+0530] {logging_mixin.py:188} WARNING - /home/arun/airflow/dags/.ipynb_checkpoints/Analytics_data-checkpoint.py:112 UserWarning: The GeoDataFrame you are attempting to plot is empty. Nothing has been displayed.
[2024-03-04T22:43:36.687+0530] {python.py:201} INFO - Done. Returned value was: None
[2024-03-04T22:43:36.693+0530] {taskinstance.py:1138} INFO - Marking task as SUCCESS. dag_id=Visualization_DAG, task_id=plot_temp_wind, execution_date=20240304T133000, start_date=20240304T171313, end_date=20240304T171336
[2024-03-04T22:43:36.893+0530] {local_task_job_runner.py:234} INFO - Task exited with return code 0
[2024-03-04T22:43:36.913+0530] {taskinstance.py:3280} INFO - 0 downstream tasks scheduled from follow-on schedule check
