[2024-03-05T19:16:23.187+0530] {taskinstance.py:1956} INFO - Dependencies all met for dep_context=non-requeueable deps ti=<TaskInstance: Visualization_DAG.unzip_archive scheduled__2024-03-05T13:15:00+00:00 [queued]>
[2024-03-05T19:16:23.200+0530] {taskinstance.py:1956} INFO - Dependencies all met for dep_context=requeueable deps ti=<TaskInstance: Visualization_DAG.unzip_archive scheduled__2024-03-05T13:15:00+00:00 [queued]>
[2024-03-05T19:16:23.201+0530] {taskinstance.py:2170} INFO - Starting attempt 1 of 2
[2024-03-05T19:16:23.260+0530] {taskinstance.py:2191} INFO - Executing <Task(BashOperator): unzip_archive> on 2024-03-05 13:15:00+00:00
[2024-03-05T19:16:23.283+0530] {standard_task_runner.py:60} INFO - Started process 17435 to run task
[2024-03-05T19:16:23.291+0530] {standard_task_runner.py:87} INFO - Running: ['airflow', 'tasks', 'run', 'Visualization_DAG', 'unzip_archive', 'scheduled__2024-03-05T13:15:00+00:00', '--job-id', '329', '--raw', '--subdir', 'DAGS_FOLDER/.ipynb_checkpoints/Analytics_data-checkpoint.py', '--cfg-path', '/tmp/tmp00h4arxv']
[2024-03-05T19:16:23.292+0530] {standard_task_runner.py:88} INFO - Job 329: Subtask unzip_archive
[2024-03-05T19:16:23.504+0530] {task_command.py:423} INFO - Running <TaskInstance: Visualization_DAG.unzip_archive scheduled__2024-03-05T13:15:00+00:00 [running]> on host arun-VM
[2024-03-05T19:16:23.951+0530] {taskinstance.py:2480} INFO - Exporting env vars: AIRFLOW_CTX_DAG_OWNER='admin' AIRFLOW_CTX_DAG_ID='Visualization_DAG' AIRFLOW_CTX_TASK_ID='unzip_archive' AIRFLOW_CTX_EXECUTION_DATE='2024-03-05T13:15:00+00:00' AIRFLOW_CTX_TRY_NUMBER='1' AIRFLOW_CTX_DAG_RUN_ID='scheduled__2024-03-05T13:15:00+00:00'
[2024-03-05T19:16:23.968+0530] {subprocess.py:63} INFO - Tmp dir root location: /tmp
[2024-03-05T19:16:23.969+0530] {subprocess.py:75} INFO - Running command: ['/usr/bin/bash', '-c', 'unzip -o /home/arun/airflow/dags/zipped_files/2023/2023_files.zip -d /home/arun/airflow/dags/unzipped_files']
[2024-03-05T19:16:24.041+0530] {subprocess.py:86} INFO - Output:
[2024-03-05T19:16:24.058+0530] {subprocess.py:93} INFO - Archive:  /home/arun/airflow/dags/zipped_files/2023/2023_files.zip
[2024-03-05T19:16:24.140+0530] {subprocess.py:93} INFO -  extracting: /home/arun/airflow/dags/unzipped_files/91954099999.csv
[2024-03-05T19:16:24.280+0530] {subprocess.py:93} INFO -  extracting: /home/arun/airflow/dags/unzipped_files/03797035047.csv
[2024-03-05T19:16:24.325+0530] {subprocess.py:93} INFO -  extracting: /home/arun/airflow/dags/unzipped_files/36034099999.csv
[2024-03-05T19:16:24.456+0530] {subprocess.py:93} INFO -  extracting: /home/arun/airflow/dags/unzipped_files/87178099999.csv
[2024-03-05T19:16:24.516+0530] {subprocess.py:93} INFO -  extracting: /home/arun/airflow/dags/unzipped_files/94598099999.csv
[2024-03-05T19:16:24.517+0530] {subprocess.py:97} INFO - Command exited with return code 0
[2024-03-05T19:16:24.709+0530] {taskinstance.py:1138} INFO - Marking task as SUCCESS. dag_id=Visualization_DAG, task_id=unzip_archive, execution_date=20240305T131500, start_date=20240305T134623, end_date=20240305T134624
[2024-03-05T19:16:24.936+0530] {local_task_job_runner.py:234} INFO - Task exited with return code 0
[2024-03-05T19:16:25.179+0530] {taskinstance.py:3280} INFO - 1 downstream tasks scheduled from follow-on schedule check
