[2024-03-04T18:28:39.599+0530] {processor.py:161} INFO - Started process (PID=11888) to work on /home/arun/.local/lib/python3.10/site-packages/airflow/example_dags/plugins/listener_plugin.py
[2024-03-04T18:28:39.600+0530] {processor.py:830} INFO - Processing file /home/arun/.local/lib/python3.10/site-packages/airflow/example_dags/plugins/listener_plugin.py for tasks to queue
[2024-03-04T18:28:39.601+0530] {logging_mixin.py:188} INFO - [2024-03-04T18:28:39.601+0530] {dagbag.py:538} INFO - Filling up the DagBag from /home/arun/.local/lib/python3.10/site-packages/airflow/example_dags/plugins/listener_plugin.py
[2024-03-04T18:28:39.605+0530] {processor.py:842} WARNING - No viable dags retrieved from /home/arun/.local/lib/python3.10/site-packages/airflow/example_dags/plugins/listener_plugin.py
[2024-03-04T18:28:39.620+0530] {processor.py:183} INFO - Processing /home/arun/.local/lib/python3.10/site-packages/airflow/example_dags/plugins/listener_plugin.py took 0.026 seconds
[2024-03-04T18:30:58.207+0530] {processor.py:161} INFO - Started process (PID=12043) to work on /home/arun/.local/lib/python3.10/site-packages/airflow/example_dags/plugins/listener_plugin.py
[2024-03-04T18:30:58.210+0530] {processor.py:830} INFO - Processing file /home/arun/.local/lib/python3.10/site-packages/airflow/example_dags/plugins/listener_plugin.py for tasks to queue
[2024-03-04T18:30:58.211+0530] {logging_mixin.py:188} INFO - [2024-03-04T18:30:58.211+0530] {dagbag.py:538} INFO - Filling up the DagBag from /home/arun/.local/lib/python3.10/site-packages/airflow/example_dags/plugins/listener_plugin.py
[2024-03-04T18:30:58.215+0530] {processor.py:842} WARNING - No viable dags retrieved from /home/arun/.local/lib/python3.10/site-packages/airflow/example_dags/plugins/listener_plugin.py
[2024-03-04T18:30:58.228+0530] {processor.py:183} INFO - Processing /home/arun/.local/lib/python3.10/site-packages/airflow/example_dags/plugins/listener_plugin.py took 0.025 seconds
[2024-03-04T18:32:06.299+0530] {processor.py:161} INFO - Started process (PID=12124) to work on /home/arun/.local/lib/python3.10/site-packages/airflow/example_dags/plugins/listener_plugin.py
[2024-03-04T18:32:06.353+0530] {processor.py:830} INFO - Processing file /home/arun/.local/lib/python3.10/site-packages/airflow/example_dags/plugins/listener_plugin.py for tasks to queue
[2024-03-04T18:32:06.355+0530] {logging_mixin.py:188} INFO - [2024-03-04T18:32:06.354+0530] {dagbag.py:538} INFO - Filling up the DagBag from /home/arun/.local/lib/python3.10/site-packages/airflow/example_dags/plugins/listener_plugin.py
[2024-03-04T18:32:06.358+0530] {processor.py:842} WARNING - No viable dags retrieved from /home/arun/.local/lib/python3.10/site-packages/airflow/example_dags/plugins/listener_plugin.py
[2024-03-04T18:32:06.371+0530] {processor.py:183} INFO - Processing /home/arun/.local/lib/python3.10/site-packages/airflow/example_dags/plugins/listener_plugin.py took 0.076 seconds
[2024-03-04T18:34:00.801+0530] {processor.py:161} INFO - Started process (PID=12246) to work on /home/arun/.local/lib/python3.10/site-packages/airflow/example_dags/plugins/listener_plugin.py
[2024-03-04T18:34:00.810+0530] {processor.py:830} INFO - Processing file /home/arun/.local/lib/python3.10/site-packages/airflow/example_dags/plugins/listener_plugin.py for tasks to queue
[2024-03-04T18:34:00.813+0530] {logging_mixin.py:188} INFO - [2024-03-04T18:34:00.812+0530] {dagbag.py:538} INFO - Filling up the DagBag from /home/arun/.local/lib/python3.10/site-packages/airflow/example_dags/plugins/listener_plugin.py
[2024-03-04T18:34:00.823+0530] {processor.py:842} WARNING - No viable dags retrieved from /home/arun/.local/lib/python3.10/site-packages/airflow/example_dags/plugins/listener_plugin.py
[2024-03-04T18:34:00.902+0530] {processor.py:183} INFO - Processing /home/arun/.local/lib/python3.10/site-packages/airflow/example_dags/plugins/listener_plugin.py took 0.112 seconds
[2024-03-04T18:35:08.885+0530] {processor.py:161} INFO - Started process (PID=12334) to work on /home/arun/.local/lib/python3.10/site-packages/airflow/example_dags/plugins/listener_plugin.py
[2024-03-04T18:35:08.894+0530] {processor.py:830} INFO - Processing file /home/arun/.local/lib/python3.10/site-packages/airflow/example_dags/plugins/listener_plugin.py for tasks to queue
[2024-03-04T18:35:08.896+0530] {logging_mixin.py:188} INFO - [2024-03-04T18:35:08.895+0530] {dagbag.py:538} INFO - Filling up the DagBag from /home/arun/.local/lib/python3.10/site-packages/airflow/example_dags/plugins/listener_plugin.py
[2024-03-04T18:35:08.904+0530] {processor.py:842} WARNING - No viable dags retrieved from /home/arun/.local/lib/python3.10/site-packages/airflow/example_dags/plugins/listener_plugin.py
[2024-03-04T18:35:08.950+0530] {processor.py:183} INFO - Processing /home/arun/.local/lib/python3.10/site-packages/airflow/example_dags/plugins/listener_plugin.py took 0.071 seconds
[2024-03-04T18:36:28.155+0530] {processor.py:161} INFO - Started process (PID=12425) to work on /home/arun/.local/lib/python3.10/site-packages/airflow/example_dags/plugins/listener_plugin.py
[2024-03-04T18:36:28.241+0530] {processor.py:830} INFO - Processing file /home/arun/.local/lib/python3.10/site-packages/airflow/example_dags/plugins/listener_plugin.py for tasks to queue
[2024-03-04T18:36:28.243+0530] {logging_mixin.py:188} INFO - [2024-03-04T18:36:28.242+0530] {dagbag.py:538} INFO - Filling up the DagBag from /home/arun/.local/lib/python3.10/site-packages/airflow/example_dags/plugins/listener_plugin.py
[2024-03-04T18:36:28.246+0530] {processor.py:842} WARNING - No viable dags retrieved from /home/arun/.local/lib/python3.10/site-packages/airflow/example_dags/plugins/listener_plugin.py
[2024-03-04T18:36:28.260+0530] {processor.py:183} INFO - Processing /home/arun/.local/lib/python3.10/site-packages/airflow/example_dags/plugins/listener_plugin.py took 0.110 seconds
[2024-03-04T18:37:29.520+0530] {processor.py:161} INFO - Started process (PID=12490) to work on /home/arun/.local/lib/python3.10/site-packages/airflow/example_dags/plugins/listener_plugin.py
[2024-03-04T18:37:29.562+0530] {processor.py:830} INFO - Processing file /home/arun/.local/lib/python3.10/site-packages/airflow/example_dags/plugins/listener_plugin.py for tasks to queue
[2024-03-04T18:37:29.565+0530] {logging_mixin.py:188} INFO - [2024-03-04T18:37:29.564+0530] {dagbag.py:538} INFO - Filling up the DagBag from /home/arun/.local/lib/python3.10/site-packages/airflow/example_dags/plugins/listener_plugin.py
[2024-03-04T18:37:29.571+0530] {processor.py:842} WARNING - No viable dags retrieved from /home/arun/.local/lib/python3.10/site-packages/airflow/example_dags/plugins/listener_plugin.py
[2024-03-04T18:37:29.630+0530] {processor.py:183} INFO - Processing /home/arun/.local/lib/python3.10/site-packages/airflow/example_dags/plugins/listener_plugin.py took 0.116 seconds
[2024-03-04T18:40:18.197+0530] {processor.py:161} INFO - Started process (PID=12685) to work on /home/arun/.local/lib/python3.10/site-packages/airflow/example_dags/plugins/listener_plugin.py
[2024-03-04T18:40:18.219+0530] {processor.py:830} INFO - Processing file /home/arun/.local/lib/python3.10/site-packages/airflow/example_dags/plugins/listener_plugin.py for tasks to queue
[2024-03-04T18:40:18.223+0530] {logging_mixin.py:188} INFO - [2024-03-04T18:40:18.220+0530] {dagbag.py:538} INFO - Filling up the DagBag from /home/arun/.local/lib/python3.10/site-packages/airflow/example_dags/plugins/listener_plugin.py
[2024-03-04T18:40:18.240+0530] {processor.py:842} WARNING - No viable dags retrieved from /home/arun/.local/lib/python3.10/site-packages/airflow/example_dags/plugins/listener_plugin.py
[2024-03-04T18:40:18.300+0530] {processor.py:183} INFO - Processing /home/arun/.local/lib/python3.10/site-packages/airflow/example_dags/plugins/listener_plugin.py took 0.107 seconds
[2024-03-04T18:41:45.564+0530] {processor.py:161} INFO - Started process (PID=12814) to work on /home/arun/.local/lib/python3.10/site-packages/airflow/example_dags/plugins/listener_plugin.py
[2024-03-04T18:41:45.566+0530] {processor.py:830} INFO - Processing file /home/arun/.local/lib/python3.10/site-packages/airflow/example_dags/plugins/listener_plugin.py for tasks to queue
[2024-03-04T18:41:45.567+0530] {logging_mixin.py:188} INFO - [2024-03-04T18:41:45.566+0530] {dagbag.py:538} INFO - Filling up the DagBag from /home/arun/.local/lib/python3.10/site-packages/airflow/example_dags/plugins/listener_plugin.py
[2024-03-04T18:41:45.571+0530] {processor.py:842} WARNING - No viable dags retrieved from /home/arun/.local/lib/python3.10/site-packages/airflow/example_dags/plugins/listener_plugin.py
[2024-03-04T18:41:45.585+0530] {processor.py:183} INFO - Processing /home/arun/.local/lib/python3.10/site-packages/airflow/example_dags/plugins/listener_plugin.py took 0.026 seconds
[2024-03-04T18:42:57.592+0530] {processor.py:161} INFO - Started process (PID=13342) to work on /home/arun/.local/lib/python3.10/site-packages/airflow/example_dags/plugins/listener_plugin.py
[2024-03-04T18:42:57.630+0530] {processor.py:830} INFO - Processing file /home/arun/.local/lib/python3.10/site-packages/airflow/example_dags/plugins/listener_plugin.py for tasks to queue
[2024-03-04T18:42:57.633+0530] {logging_mixin.py:188} INFO - [2024-03-04T18:42:57.632+0530] {dagbag.py:538} INFO - Filling up the DagBag from /home/arun/.local/lib/python3.10/site-packages/airflow/example_dags/plugins/listener_plugin.py
[2024-03-04T18:42:57.668+0530] {processor.py:842} WARNING - No viable dags retrieved from /home/arun/.local/lib/python3.10/site-packages/airflow/example_dags/plugins/listener_plugin.py
[2024-03-04T18:42:57.722+0530] {processor.py:183} INFO - Processing /home/arun/.local/lib/python3.10/site-packages/airflow/example_dags/plugins/listener_plugin.py took 0.143 seconds
[2024-03-04T18:44:27.954+0530] {processor.py:161} INFO - Started process (PID=13547) to work on /home/arun/.local/lib/python3.10/site-packages/airflow/example_dags/plugins/listener_plugin.py
[2024-03-04T18:44:27.957+0530] {processor.py:830} INFO - Processing file /home/arun/.local/lib/python3.10/site-packages/airflow/example_dags/plugins/listener_plugin.py for tasks to queue
[2024-03-04T18:44:27.959+0530] {logging_mixin.py:188} INFO - [2024-03-04T18:44:27.958+0530] {dagbag.py:538} INFO - Filling up the DagBag from /home/arun/.local/lib/python3.10/site-packages/airflow/example_dags/plugins/listener_plugin.py
[2024-03-04T18:44:27.963+0530] {processor.py:842} WARNING - No viable dags retrieved from /home/arun/.local/lib/python3.10/site-packages/airflow/example_dags/plugins/listener_plugin.py
[2024-03-04T18:44:28.001+0530] {processor.py:183} INFO - Processing /home/arun/.local/lib/python3.10/site-packages/airflow/example_dags/plugins/listener_plugin.py took 0.091 seconds
[2024-03-04T18:46:52.861+0530] {processor.py:161} INFO - Started process (PID=13982) to work on /home/arun/.local/lib/python3.10/site-packages/airflow/example_dags/plugins/listener_plugin.py
[2024-03-04T18:46:52.881+0530] {processor.py:830} INFO - Processing file /home/arun/.local/lib/python3.10/site-packages/airflow/example_dags/plugins/listener_plugin.py for tasks to queue
[2024-03-04T18:46:52.882+0530] {logging_mixin.py:188} INFO - [2024-03-04T18:46:52.882+0530] {dagbag.py:538} INFO - Filling up the DagBag from /home/arun/.local/lib/python3.10/site-packages/airflow/example_dags/plugins/listener_plugin.py
[2024-03-04T18:46:52.885+0530] {processor.py:842} WARNING - No viable dags retrieved from /home/arun/.local/lib/python3.10/site-packages/airflow/example_dags/plugins/listener_plugin.py
[2024-03-04T18:46:52.896+0530] {processor.py:183} INFO - Processing /home/arun/.local/lib/python3.10/site-packages/airflow/example_dags/plugins/listener_plugin.py took 0.038 seconds
[2024-03-04T18:54:43.530+0530] {processor.py:161} INFO - Started process (PID=5772) to work on /home/arun/.local/lib/python3.10/site-packages/airflow/example_dags/plugins/listener_plugin.py
[2024-03-04T18:54:43.581+0530] {processor.py:830} INFO - Processing file /home/arun/.local/lib/python3.10/site-packages/airflow/example_dags/plugins/listener_plugin.py for tasks to queue
[2024-03-04T18:54:43.583+0530] {logging_mixin.py:188} INFO - [2024-03-04T18:54:43.582+0530] {dagbag.py:538} INFO - Filling up the DagBag from /home/arun/.local/lib/python3.10/site-packages/airflow/example_dags/plugins/listener_plugin.py
[2024-03-04T18:54:43.586+0530] {processor.py:842} WARNING - No viable dags retrieved from /home/arun/.local/lib/python3.10/site-packages/airflow/example_dags/plugins/listener_plugin.py
[2024-03-04T18:54:43.609+0530] {processor.py:183} INFO - Processing /home/arun/.local/lib/python3.10/site-packages/airflow/example_dags/plugins/listener_plugin.py took 0.091 seconds
[2024-03-04T18:56:38.918+0530] {processor.py:161} INFO - Started process (PID=5947) to work on /home/arun/.local/lib/python3.10/site-packages/airflow/example_dags/plugins/listener_plugin.py
[2024-03-04T18:56:38.983+0530] {processor.py:830} INFO - Processing file /home/arun/.local/lib/python3.10/site-packages/airflow/example_dags/plugins/listener_plugin.py for tasks to queue
[2024-03-04T18:56:39.002+0530] {logging_mixin.py:188} INFO - [2024-03-04T18:56:38.991+0530] {dagbag.py:538} INFO - Filling up the DagBag from /home/arun/.local/lib/python3.10/site-packages/airflow/example_dags/plugins/listener_plugin.py
[2024-03-04T18:56:39.033+0530] {processor.py:842} WARNING - No viable dags retrieved from /home/arun/.local/lib/python3.10/site-packages/airflow/example_dags/plugins/listener_plugin.py
[2024-03-04T18:56:39.099+0530] {processor.py:183} INFO - Processing /home/arun/.local/lib/python3.10/site-packages/airflow/example_dags/plugins/listener_plugin.py took 0.193 seconds
[2024-03-04T18:57:50.291+0530] {processor.py:161} INFO - Started process (PID=6010) to work on /home/arun/.local/lib/python3.10/site-packages/airflow/example_dags/plugins/listener_plugin.py
[2024-03-04T18:57:50.327+0530] {processor.py:830} INFO - Processing file /home/arun/.local/lib/python3.10/site-packages/airflow/example_dags/plugins/listener_plugin.py for tasks to queue
[2024-03-04T18:57:50.329+0530] {logging_mixin.py:188} INFO - [2024-03-04T18:57:50.328+0530] {dagbag.py:538} INFO - Filling up the DagBag from /home/arun/.local/lib/python3.10/site-packages/airflow/example_dags/plugins/listener_plugin.py
[2024-03-04T18:57:50.334+0530] {processor.py:842} WARNING - No viable dags retrieved from /home/arun/.local/lib/python3.10/site-packages/airflow/example_dags/plugins/listener_plugin.py
[2024-03-04T18:57:50.367+0530] {processor.py:183} INFO - Processing /home/arun/.local/lib/python3.10/site-packages/airflow/example_dags/plugins/listener_plugin.py took 0.081 seconds
[2024-03-04T18:58:51.845+0530] {processor.py:161} INFO - Started process (PID=6326) to work on /home/arun/.local/lib/python3.10/site-packages/airflow/example_dags/plugins/listener_plugin.py
[2024-03-04T18:58:51.908+0530] {processor.py:830} INFO - Processing file /home/arun/.local/lib/python3.10/site-packages/airflow/example_dags/plugins/listener_plugin.py for tasks to queue
[2024-03-04T18:58:51.910+0530] {logging_mixin.py:188} INFO - [2024-03-04T18:58:51.909+0530] {dagbag.py:538} INFO - Filling up the DagBag from /home/arun/.local/lib/python3.10/site-packages/airflow/example_dags/plugins/listener_plugin.py
[2024-03-04T18:58:51.923+0530] {processor.py:842} WARNING - No viable dags retrieved from /home/arun/.local/lib/python3.10/site-packages/airflow/example_dags/plugins/listener_plugin.py
[2024-03-04T18:58:51.949+0530] {processor.py:183} INFO - Processing /home/arun/.local/lib/python3.10/site-packages/airflow/example_dags/plugins/listener_plugin.py took 0.111 seconds
[2024-03-04T18:59:59.853+0530] {processor.py:161} INFO - Started process (PID=6393) to work on /home/arun/.local/lib/python3.10/site-packages/airflow/example_dags/plugins/listener_plugin.py
[2024-03-04T18:59:59.888+0530] {processor.py:830} INFO - Processing file /home/arun/.local/lib/python3.10/site-packages/airflow/example_dags/plugins/listener_plugin.py for tasks to queue
[2024-03-04T18:59:59.889+0530] {logging_mixin.py:188} INFO - [2024-03-04T18:59:59.888+0530] {dagbag.py:538} INFO - Filling up the DagBag from /home/arun/.local/lib/python3.10/site-packages/airflow/example_dags/plugins/listener_plugin.py
[2024-03-04T18:59:59.894+0530] {processor.py:842} WARNING - No viable dags retrieved from /home/arun/.local/lib/python3.10/site-packages/airflow/example_dags/plugins/listener_plugin.py
[2024-03-04T18:59:59.923+0530] {processor.py:183} INFO - Processing /home/arun/.local/lib/python3.10/site-packages/airflow/example_dags/plugins/listener_plugin.py took 0.081 seconds
[2024-03-04T19:00:53.297+0530] {processor.py:161} INFO - Started process (PID=6509) to work on /home/arun/.local/lib/python3.10/site-packages/airflow/example_dags/plugins/listener_plugin.py
[2024-03-04T19:00:53.300+0530] {processor.py:830} INFO - Processing file /home/arun/.local/lib/python3.10/site-packages/airflow/example_dags/plugins/listener_plugin.py for tasks to queue
[2024-03-04T19:00:53.301+0530] {logging_mixin.py:188} INFO - [2024-03-04T19:00:53.300+0530] {dagbag.py:538} INFO - Filling up the DagBag from /home/arun/.local/lib/python3.10/site-packages/airflow/example_dags/plugins/listener_plugin.py
[2024-03-04T19:00:53.305+0530] {processor.py:842} WARNING - No viable dags retrieved from /home/arun/.local/lib/python3.10/site-packages/airflow/example_dags/plugins/listener_plugin.py
[2024-03-04T19:00:53.319+0530] {processor.py:183} INFO - Processing /home/arun/.local/lib/python3.10/site-packages/airflow/example_dags/plugins/listener_plugin.py took 0.027 seconds
[2024-03-04T19:04:46.520+0530] {processor.py:161} INFO - Started process (PID=6845) to work on /home/arun/.local/lib/python3.10/site-packages/airflow/example_dags/plugins/listener_plugin.py
[2024-03-04T19:04:46.563+0530] {processor.py:830} INFO - Processing file /home/arun/.local/lib/python3.10/site-packages/airflow/example_dags/plugins/listener_plugin.py for tasks to queue
[2024-03-04T19:04:46.565+0530] {logging_mixin.py:188} INFO - [2024-03-04T19:04:46.564+0530] {dagbag.py:538} INFO - Filling up the DagBag from /home/arun/.local/lib/python3.10/site-packages/airflow/example_dags/plugins/listener_plugin.py
[2024-03-04T19:04:46.570+0530] {processor.py:842} WARNING - No viable dags retrieved from /home/arun/.local/lib/python3.10/site-packages/airflow/example_dags/plugins/listener_plugin.py
[2024-03-04T19:04:46.611+0530] {processor.py:183} INFO - Processing /home/arun/.local/lib/python3.10/site-packages/airflow/example_dags/plugins/listener_plugin.py took 0.095 seconds
[2024-03-04T19:06:41.482+0530] {processor.py:161} INFO - Started process (PID=7077) to work on /home/arun/.local/lib/python3.10/site-packages/airflow/example_dags/plugins/listener_plugin.py
[2024-03-04T19:06:41.514+0530] {processor.py:830} INFO - Processing file /home/arun/.local/lib/python3.10/site-packages/airflow/example_dags/plugins/listener_plugin.py for tasks to queue
[2024-03-04T19:06:41.516+0530] {logging_mixin.py:188} INFO - [2024-03-04T19:06:41.515+0530] {dagbag.py:538} INFO - Filling up the DagBag from /home/arun/.local/lib/python3.10/site-packages/airflow/example_dags/plugins/listener_plugin.py
[2024-03-04T19:06:41.519+0530] {processor.py:842} WARNING - No viable dags retrieved from /home/arun/.local/lib/python3.10/site-packages/airflow/example_dags/plugins/listener_plugin.py
[2024-03-04T19:06:41.531+0530] {processor.py:183} INFO - Processing /home/arun/.local/lib/python3.10/site-packages/airflow/example_dags/plugins/listener_plugin.py took 0.053 seconds
[2024-03-04T19:08:09.676+0530] {processor.py:161} INFO - Started process (PID=7257) to work on /home/arun/.local/lib/python3.10/site-packages/airflow/example_dags/plugins/listener_plugin.py
[2024-03-04T19:08:09.720+0530] {processor.py:830} INFO - Processing file /home/arun/.local/lib/python3.10/site-packages/airflow/example_dags/plugins/listener_plugin.py for tasks to queue
[2024-03-04T19:08:09.721+0530] {logging_mixin.py:188} INFO - [2024-03-04T19:08:09.720+0530] {dagbag.py:538} INFO - Filling up the DagBag from /home/arun/.local/lib/python3.10/site-packages/airflow/example_dags/plugins/listener_plugin.py
[2024-03-04T19:08:09.724+0530] {processor.py:842} WARNING - No viable dags retrieved from /home/arun/.local/lib/python3.10/site-packages/airflow/example_dags/plugins/listener_plugin.py
[2024-03-04T19:08:09.737+0530] {processor.py:183} INFO - Processing /home/arun/.local/lib/python3.10/site-packages/airflow/example_dags/plugins/listener_plugin.py took 0.066 seconds
[2024-03-04T19:09:24.947+0530] {processor.py:161} INFO - Started process (PID=7399) to work on /home/arun/.local/lib/python3.10/site-packages/airflow/example_dags/plugins/listener_plugin.py
[2024-03-04T19:09:24.986+0530] {processor.py:830} INFO - Processing file /home/arun/.local/lib/python3.10/site-packages/airflow/example_dags/plugins/listener_plugin.py for tasks to queue
[2024-03-04T19:09:24.987+0530] {logging_mixin.py:188} INFO - [2024-03-04T19:09:24.987+0530] {dagbag.py:538} INFO - Filling up the DagBag from /home/arun/.local/lib/python3.10/site-packages/airflow/example_dags/plugins/listener_plugin.py
[2024-03-04T19:09:24.991+0530] {processor.py:842} WARNING - No viable dags retrieved from /home/arun/.local/lib/python3.10/site-packages/airflow/example_dags/plugins/listener_plugin.py
[2024-03-04T19:09:25.002+0530] {processor.py:183} INFO - Processing /home/arun/.local/lib/python3.10/site-packages/airflow/example_dags/plugins/listener_plugin.py took 0.060 seconds
[2024-03-04T19:10:49.994+0530] {processor.py:161} INFO - Started process (PID=7567) to work on /home/arun/.local/lib/python3.10/site-packages/airflow/example_dags/plugins/listener_plugin.py
[2024-03-04T19:10:50.037+0530] {processor.py:830} INFO - Processing file /home/arun/.local/lib/python3.10/site-packages/airflow/example_dags/plugins/listener_plugin.py for tasks to queue
[2024-03-04T19:10:50.039+0530] {logging_mixin.py:188} INFO - [2024-03-04T19:10:50.038+0530] {dagbag.py:538} INFO - Filling up the DagBag from /home/arun/.local/lib/python3.10/site-packages/airflow/example_dags/plugins/listener_plugin.py
[2024-03-04T19:10:50.043+0530] {processor.py:842} WARNING - No viable dags retrieved from /home/arun/.local/lib/python3.10/site-packages/airflow/example_dags/plugins/listener_plugin.py
[2024-03-04T19:10:50.062+0530] {processor.py:183} INFO - Processing /home/arun/.local/lib/python3.10/site-packages/airflow/example_dags/plugins/listener_plugin.py took 0.073 seconds
[2024-03-04T19:12:19.952+0530] {processor.py:161} INFO - Started process (PID=7734) to work on /home/arun/.local/lib/python3.10/site-packages/airflow/example_dags/plugins/listener_plugin.py
[2024-03-04T19:12:19.994+0530] {processor.py:830} INFO - Processing file /home/arun/.local/lib/python3.10/site-packages/airflow/example_dags/plugins/listener_plugin.py for tasks to queue
[2024-03-04T19:12:19.995+0530] {logging_mixin.py:188} INFO - [2024-03-04T19:12:19.994+0530] {dagbag.py:538} INFO - Filling up the DagBag from /home/arun/.local/lib/python3.10/site-packages/airflow/example_dags/plugins/listener_plugin.py
[2024-03-04T19:12:19.998+0530] {processor.py:842} WARNING - No viable dags retrieved from /home/arun/.local/lib/python3.10/site-packages/airflow/example_dags/plugins/listener_plugin.py
[2024-03-04T19:12:20.014+0530] {processor.py:183} INFO - Processing /home/arun/.local/lib/python3.10/site-packages/airflow/example_dags/plugins/listener_plugin.py took 0.065 seconds
[2024-03-04T19:13:43.564+0530] {processor.py:161} INFO - Started process (PID=7878) to work on /home/arun/.local/lib/python3.10/site-packages/airflow/example_dags/plugins/listener_plugin.py
[2024-03-04T19:13:43.601+0530] {processor.py:830} INFO - Processing file /home/arun/.local/lib/python3.10/site-packages/airflow/example_dags/plugins/listener_plugin.py for tasks to queue
[2024-03-04T19:13:43.602+0530] {logging_mixin.py:188} INFO - [2024-03-04T19:13:43.602+0530] {dagbag.py:538} INFO - Filling up the DagBag from /home/arun/.local/lib/python3.10/site-packages/airflow/example_dags/plugins/listener_plugin.py
[2024-03-04T19:13:43.607+0530] {processor.py:842} WARNING - No viable dags retrieved from /home/arun/.local/lib/python3.10/site-packages/airflow/example_dags/plugins/listener_plugin.py
[2024-03-04T19:13:43.622+0530] {processor.py:183} INFO - Processing /home/arun/.local/lib/python3.10/site-packages/airflow/example_dags/plugins/listener_plugin.py took 0.068 seconds
[2024-03-04T19:15:13.149+0530] {processor.py:161} INFO - Started process (PID=8062) to work on /home/arun/.local/lib/python3.10/site-packages/airflow/example_dags/plugins/listener_plugin.py
[2024-03-04T19:15:13.152+0530] {processor.py:830} INFO - Processing file /home/arun/.local/lib/python3.10/site-packages/airflow/example_dags/plugins/listener_plugin.py for tasks to queue
[2024-03-04T19:15:13.153+0530] {logging_mixin.py:188} INFO - [2024-03-04T19:15:13.153+0530] {dagbag.py:538} INFO - Filling up the DagBag from /home/arun/.local/lib/python3.10/site-packages/airflow/example_dags/plugins/listener_plugin.py
[2024-03-04T19:15:13.157+0530] {processor.py:842} WARNING - No viable dags retrieved from /home/arun/.local/lib/python3.10/site-packages/airflow/example_dags/plugins/listener_plugin.py
[2024-03-04T19:15:13.206+0530] {processor.py:183} INFO - Processing /home/arun/.local/lib/python3.10/site-packages/airflow/example_dags/plugins/listener_plugin.py took 0.060 seconds
[2024-03-04T19:16:33.629+0530] {processor.py:161} INFO - Started process (PID=8271) to work on /home/arun/.local/lib/python3.10/site-packages/airflow/example_dags/plugins/listener_plugin.py
[2024-03-04T19:16:33.631+0530] {processor.py:830} INFO - Processing file /home/arun/.local/lib/python3.10/site-packages/airflow/example_dags/plugins/listener_plugin.py for tasks to queue
[2024-03-04T19:16:33.632+0530] {logging_mixin.py:188} INFO - [2024-03-04T19:16:33.632+0530] {dagbag.py:538} INFO - Filling up the DagBag from /home/arun/.local/lib/python3.10/site-packages/airflow/example_dags/plugins/listener_plugin.py
[2024-03-04T19:16:33.637+0530] {processor.py:842} WARNING - No viable dags retrieved from /home/arun/.local/lib/python3.10/site-packages/airflow/example_dags/plugins/listener_plugin.py
[2024-03-04T19:16:33.651+0530] {processor.py:183} INFO - Processing /home/arun/.local/lib/python3.10/site-packages/airflow/example_dags/plugins/listener_plugin.py took 0.027 seconds
[2024-03-04T19:18:00.872+0530] {processor.py:161} INFO - Started process (PID=8446) to work on /home/arun/.local/lib/python3.10/site-packages/airflow/example_dags/plugins/listener_plugin.py
[2024-03-04T19:18:00.876+0530] {processor.py:830} INFO - Processing file /home/arun/.local/lib/python3.10/site-packages/airflow/example_dags/plugins/listener_plugin.py for tasks to queue
[2024-03-04T19:18:00.878+0530] {logging_mixin.py:188} INFO - [2024-03-04T19:18:00.877+0530] {dagbag.py:538} INFO - Filling up the DagBag from /home/arun/.local/lib/python3.10/site-packages/airflow/example_dags/plugins/listener_plugin.py
[2024-03-04T19:18:00.884+0530] {processor.py:842} WARNING - No viable dags retrieved from /home/arun/.local/lib/python3.10/site-packages/airflow/example_dags/plugins/listener_plugin.py
[2024-03-04T19:18:00.924+0530] {processor.py:183} INFO - Processing /home/arun/.local/lib/python3.10/site-packages/airflow/example_dags/plugins/listener_plugin.py took 0.070 seconds
[2024-03-04T19:19:27.634+0530] {processor.py:161} INFO - Started process (PID=8612) to work on /home/arun/.local/lib/python3.10/site-packages/airflow/example_dags/plugins/listener_plugin.py
[2024-03-04T19:19:27.635+0530] {processor.py:830} INFO - Processing file /home/arun/.local/lib/python3.10/site-packages/airflow/example_dags/plugins/listener_plugin.py for tasks to queue
[2024-03-04T19:19:27.636+0530] {logging_mixin.py:188} INFO - [2024-03-04T19:19:27.636+0530] {dagbag.py:538} INFO - Filling up the DagBag from /home/arun/.local/lib/python3.10/site-packages/airflow/example_dags/plugins/listener_plugin.py
[2024-03-04T19:19:27.639+0530] {processor.py:842} WARNING - No viable dags retrieved from /home/arun/.local/lib/python3.10/site-packages/airflow/example_dags/plugins/listener_plugin.py
[2024-03-04T19:19:27.650+0530] {processor.py:183} INFO - Processing /home/arun/.local/lib/python3.10/site-packages/airflow/example_dags/plugins/listener_plugin.py took 0.019 seconds
[2024-03-04T19:20:51.090+0530] {processor.py:161} INFO - Started process (PID=8773) to work on /home/arun/.local/lib/python3.10/site-packages/airflow/example_dags/plugins/listener_plugin.py
[2024-03-04T19:20:51.092+0530] {processor.py:830} INFO - Processing file /home/arun/.local/lib/python3.10/site-packages/airflow/example_dags/plugins/listener_plugin.py for tasks to queue
[2024-03-04T19:20:51.093+0530] {logging_mixin.py:188} INFO - [2024-03-04T19:20:51.093+0530] {dagbag.py:538} INFO - Filling up the DagBag from /home/arun/.local/lib/python3.10/site-packages/airflow/example_dags/plugins/listener_plugin.py
[2024-03-04T19:20:51.098+0530] {processor.py:842} WARNING - No viable dags retrieved from /home/arun/.local/lib/python3.10/site-packages/airflow/example_dags/plugins/listener_plugin.py
[2024-03-04T19:20:51.113+0530] {processor.py:183} INFO - Processing /home/arun/.local/lib/python3.10/site-packages/airflow/example_dags/plugins/listener_plugin.py took 0.028 seconds
[2024-03-04T19:22:23.246+0530] {processor.py:161} INFO - Started process (PID=8981) to work on /home/arun/.local/lib/python3.10/site-packages/airflow/example_dags/plugins/listener_plugin.py
[2024-03-04T19:22:23.268+0530] {processor.py:830} INFO - Processing file /home/arun/.local/lib/python3.10/site-packages/airflow/example_dags/plugins/listener_plugin.py for tasks to queue
[2024-03-04T19:22:23.269+0530] {logging_mixin.py:188} INFO - [2024-03-04T19:22:23.269+0530] {dagbag.py:538} INFO - Filling up the DagBag from /home/arun/.local/lib/python3.10/site-packages/airflow/example_dags/plugins/listener_plugin.py
[2024-03-04T19:22:23.274+0530] {processor.py:842} WARNING - No viable dags retrieved from /home/arun/.local/lib/python3.10/site-packages/airflow/example_dags/plugins/listener_plugin.py
[2024-03-04T19:22:23.290+0530] {processor.py:183} INFO - Processing /home/arun/.local/lib/python3.10/site-packages/airflow/example_dags/plugins/listener_plugin.py took 0.057 seconds
[2024-03-04T19:23:46.506+0530] {processor.py:161} INFO - Started process (PID=9123) to work on /home/arun/.local/lib/python3.10/site-packages/airflow/example_dags/plugins/listener_plugin.py
[2024-03-04T19:23:46.543+0530] {processor.py:830} INFO - Processing file /home/arun/.local/lib/python3.10/site-packages/airflow/example_dags/plugins/listener_plugin.py for tasks to queue
[2024-03-04T19:23:46.545+0530] {logging_mixin.py:188} INFO - [2024-03-04T19:23:46.545+0530] {dagbag.py:538} INFO - Filling up the DagBag from /home/arun/.local/lib/python3.10/site-packages/airflow/example_dags/plugins/listener_plugin.py
[2024-03-04T19:23:46.550+0530] {processor.py:842} WARNING - No viable dags retrieved from /home/arun/.local/lib/python3.10/site-packages/airflow/example_dags/plugins/listener_plugin.py
[2024-03-04T19:23:46.567+0530] {processor.py:183} INFO - Processing /home/arun/.local/lib/python3.10/site-packages/airflow/example_dags/plugins/listener_plugin.py took 0.066 seconds
[2024-03-04T19:25:03.782+0530] {processor.py:161} INFO - Started process (PID=9290) to work on /home/arun/.local/lib/python3.10/site-packages/airflow/example_dags/plugins/listener_plugin.py
[2024-03-04T19:25:03.816+0530] {processor.py:830} INFO - Processing file /home/arun/.local/lib/python3.10/site-packages/airflow/example_dags/plugins/listener_plugin.py for tasks to queue
[2024-03-04T19:25:03.817+0530] {logging_mixin.py:188} INFO - [2024-03-04T19:25:03.817+0530] {dagbag.py:538} INFO - Filling up the DagBag from /home/arun/.local/lib/python3.10/site-packages/airflow/example_dags/plugins/listener_plugin.py
[2024-03-04T19:25:03.820+0530] {processor.py:842} WARNING - No viable dags retrieved from /home/arun/.local/lib/python3.10/site-packages/airflow/example_dags/plugins/listener_plugin.py
[2024-03-04T19:25:03.831+0530] {processor.py:183} INFO - Processing /home/arun/.local/lib/python3.10/site-packages/airflow/example_dags/plugins/listener_plugin.py took 0.053 seconds
[2024-03-04T19:26:21.847+0530] {processor.py:161} INFO - Started process (PID=9463) to work on /home/arun/.local/lib/python3.10/site-packages/airflow/example_dags/plugins/listener_plugin.py
[2024-03-04T19:26:21.898+0530] {processor.py:830} INFO - Processing file /home/arun/.local/lib/python3.10/site-packages/airflow/example_dags/plugins/listener_plugin.py for tasks to queue
[2024-03-04T19:26:21.900+0530] {logging_mixin.py:188} INFO - [2024-03-04T19:26:21.899+0530] {dagbag.py:538} INFO - Filling up the DagBag from /home/arun/.local/lib/python3.10/site-packages/airflow/example_dags/plugins/listener_plugin.py
[2024-03-04T19:26:21.904+0530] {processor.py:842} WARNING - No viable dags retrieved from /home/arun/.local/lib/python3.10/site-packages/airflow/example_dags/plugins/listener_plugin.py
[2024-03-04T19:26:21.919+0530] {processor.py:183} INFO - Processing /home/arun/.local/lib/python3.10/site-packages/airflow/example_dags/plugins/listener_plugin.py took 0.079 seconds
[2024-03-04T19:27:41.148+0530] {processor.py:161} INFO - Started process (PID=9601) to work on /home/arun/.local/lib/python3.10/site-packages/airflow/example_dags/plugins/listener_plugin.py
[2024-03-04T19:27:41.180+0530] {processor.py:830} INFO - Processing file /home/arun/.local/lib/python3.10/site-packages/airflow/example_dags/plugins/listener_plugin.py for tasks to queue
[2024-03-04T19:27:41.181+0530] {logging_mixin.py:188} INFO - [2024-03-04T19:27:41.181+0530] {dagbag.py:538} INFO - Filling up the DagBag from /home/arun/.local/lib/python3.10/site-packages/airflow/example_dags/plugins/listener_plugin.py
[2024-03-04T19:27:41.186+0530] {processor.py:842} WARNING - No viable dags retrieved from /home/arun/.local/lib/python3.10/site-packages/airflow/example_dags/plugins/listener_plugin.py
[2024-03-04T19:27:41.201+0530] {processor.py:183} INFO - Processing /home/arun/.local/lib/python3.10/site-packages/airflow/example_dags/plugins/listener_plugin.py took 0.058 seconds
[2024-03-04T22:41:44.565+0530] {processor.py:161} INFO - Started process (PID=17424) to work on /home/arun/.local/lib/python3.10/site-packages/airflow/example_dags/plugins/listener_plugin.py
[2024-03-04T22:41:44.652+0530] {processor.py:830} INFO - Processing file /home/arun/.local/lib/python3.10/site-packages/airflow/example_dags/plugins/listener_plugin.py for tasks to queue
[2024-03-04T22:41:44.666+0530] {logging_mixin.py:188} INFO - [2024-03-04T22:41:44.654+0530] {dagbag.py:538} INFO - Filling up the DagBag from /home/arun/.local/lib/python3.10/site-packages/airflow/example_dags/plugins/listener_plugin.py
[2024-03-04T22:41:44.911+0530] {processor.py:842} WARNING - No viable dags retrieved from /home/arun/.local/lib/python3.10/site-packages/airflow/example_dags/plugins/listener_plugin.py
[2024-03-04T22:41:45.163+0530] {processor.py:183} INFO - Processing /home/arun/.local/lib/python3.10/site-packages/airflow/example_dags/plugins/listener_plugin.py took 0.982 seconds
[2024-03-04T22:55:25.928+0530] {processor.py:161} INFO - Started process (PID=5630) to work on /home/arun/.local/lib/python3.10/site-packages/airflow/example_dags/plugins/listener_plugin.py
[2024-03-04T22:55:25.973+0530] {processor.py:830} INFO - Processing file /home/arun/.local/lib/python3.10/site-packages/airflow/example_dags/plugins/listener_plugin.py for tasks to queue
[2024-03-04T22:55:25.974+0530] {logging_mixin.py:188} INFO - [2024-03-04T22:55:25.974+0530] {dagbag.py:538} INFO - Filling up the DagBag from /home/arun/.local/lib/python3.10/site-packages/airflow/example_dags/plugins/listener_plugin.py
[2024-03-04T22:55:25.989+0530] {processor.py:842} WARNING - No viable dags retrieved from /home/arun/.local/lib/python3.10/site-packages/airflow/example_dags/plugins/listener_plugin.py
[2024-03-04T22:55:26.012+0530] {processor.py:183} INFO - Processing /home/arun/.local/lib/python3.10/site-packages/airflow/example_dags/plugins/listener_plugin.py took 0.089 seconds
[2024-03-04T22:57:07.514+0530] {processor.py:161} INFO - Started process (PID=5722) to work on /home/arun/.local/lib/python3.10/site-packages/airflow/example_dags/plugins/listener_plugin.py
[2024-03-04T22:57:07.568+0530] {processor.py:830} INFO - Processing file /home/arun/.local/lib/python3.10/site-packages/airflow/example_dags/plugins/listener_plugin.py for tasks to queue
[2024-03-04T22:57:07.571+0530] {logging_mixin.py:188} INFO - [2024-03-04T22:57:07.571+0530] {dagbag.py:538} INFO - Filling up the DagBag from /home/arun/.local/lib/python3.10/site-packages/airflow/example_dags/plugins/listener_plugin.py
[2024-03-04T22:57:07.578+0530] {processor.py:842} WARNING - No viable dags retrieved from /home/arun/.local/lib/python3.10/site-packages/airflow/example_dags/plugins/listener_plugin.py
[2024-03-04T22:57:07.632+0530] {processor.py:183} INFO - Processing /home/arun/.local/lib/python3.10/site-packages/airflow/example_dags/plugins/listener_plugin.py took 0.135 seconds
[2024-03-04T22:59:11.550+0530] {processor.py:161} INFO - Started process (PID=5852) to work on /home/arun/.local/lib/python3.10/site-packages/airflow/example_dags/plugins/listener_plugin.py
[2024-03-04T22:59:11.599+0530] {processor.py:830} INFO - Processing file /home/arun/.local/lib/python3.10/site-packages/airflow/example_dags/plugins/listener_plugin.py for tasks to queue
[2024-03-04T22:59:11.606+0530] {logging_mixin.py:188} INFO - [2024-03-04T22:59:11.604+0530] {dagbag.py:538} INFO - Filling up the DagBag from /home/arun/.local/lib/python3.10/site-packages/airflow/example_dags/plugins/listener_plugin.py
[2024-03-04T22:59:11.613+0530] {processor.py:842} WARNING - No viable dags retrieved from /home/arun/.local/lib/python3.10/site-packages/airflow/example_dags/plugins/listener_plugin.py
[2024-03-04T22:59:11.643+0530] {processor.py:183} INFO - Processing /home/arun/.local/lib/python3.10/site-packages/airflow/example_dags/plugins/listener_plugin.py took 0.103 seconds
[2024-03-04T23:00:07.115+0530] {processor.py:161} INFO - Started process (PID=5952) to work on /home/arun/.local/lib/python3.10/site-packages/airflow/example_dags/plugins/listener_plugin.py
[2024-03-04T23:00:07.148+0530] {processor.py:830} INFO - Processing file /home/arun/.local/lib/python3.10/site-packages/airflow/example_dags/plugins/listener_plugin.py for tasks to queue
[2024-03-04T23:00:07.150+0530] {logging_mixin.py:188} INFO - [2024-03-04T23:00:07.149+0530] {dagbag.py:538} INFO - Filling up the DagBag from /home/arun/.local/lib/python3.10/site-packages/airflow/example_dags/plugins/listener_plugin.py
[2024-03-04T23:00:07.153+0530] {processor.py:842} WARNING - No viable dags retrieved from /home/arun/.local/lib/python3.10/site-packages/airflow/example_dags/plugins/listener_plugin.py
[2024-03-04T23:00:07.166+0530] {processor.py:183} INFO - Processing /home/arun/.local/lib/python3.10/site-packages/airflow/example_dags/plugins/listener_plugin.py took 0.056 seconds
[2024-03-04T23:01:33.629+0530] {processor.py:161} INFO - Started process (PID=6071) to work on /home/arun/.local/lib/python3.10/site-packages/airflow/example_dags/plugins/listener_plugin.py
[2024-03-04T23:01:33.664+0530] {processor.py:830} INFO - Processing file /home/arun/.local/lib/python3.10/site-packages/airflow/example_dags/plugins/listener_plugin.py for tasks to queue
[2024-03-04T23:01:33.665+0530] {logging_mixin.py:188} INFO - [2024-03-04T23:01:33.664+0530] {dagbag.py:538} INFO - Filling up the DagBag from /home/arun/.local/lib/python3.10/site-packages/airflow/example_dags/plugins/listener_plugin.py
[2024-03-04T23:01:33.669+0530] {processor.py:842} WARNING - No viable dags retrieved from /home/arun/.local/lib/python3.10/site-packages/airflow/example_dags/plugins/listener_plugin.py
[2024-03-04T23:01:33.689+0530] {processor.py:183} INFO - Processing /home/arun/.local/lib/python3.10/site-packages/airflow/example_dags/plugins/listener_plugin.py took 0.064 seconds
[2024-03-04T23:03:01.243+0530] {processor.py:161} INFO - Started process (PID=6322) to work on /home/arun/.local/lib/python3.10/site-packages/airflow/example_dags/plugins/listener_plugin.py
[2024-03-04T23:03:01.257+0530] {processor.py:830} INFO - Processing file /home/arun/.local/lib/python3.10/site-packages/airflow/example_dags/plugins/listener_plugin.py for tasks to queue
[2024-03-04T23:03:01.258+0530] {logging_mixin.py:188} INFO - [2024-03-04T23:03:01.258+0530] {dagbag.py:538} INFO - Filling up the DagBag from /home/arun/.local/lib/python3.10/site-packages/airflow/example_dags/plugins/listener_plugin.py
[2024-03-04T23:03:01.263+0530] {processor.py:842} WARNING - No viable dags retrieved from /home/arun/.local/lib/python3.10/site-packages/airflow/example_dags/plugins/listener_plugin.py
[2024-03-04T23:03:01.278+0530] {processor.py:183} INFO - Processing /home/arun/.local/lib/python3.10/site-packages/airflow/example_dags/plugins/listener_plugin.py took 0.039 seconds
[2024-03-04T23:04:57.395+0530] {processor.py:161} INFO - Started process (PID=6774) to work on /home/arun/.local/lib/python3.10/site-packages/airflow/example_dags/plugins/listener_plugin.py
[2024-03-04T23:04:57.452+0530] {processor.py:830} INFO - Processing file /home/arun/.local/lib/python3.10/site-packages/airflow/example_dags/plugins/listener_plugin.py for tasks to queue
[2024-03-04T23:04:57.453+0530] {logging_mixin.py:188} INFO - [2024-03-04T23:04:57.453+0530] {dagbag.py:538} INFO - Filling up the DagBag from /home/arun/.local/lib/python3.10/site-packages/airflow/example_dags/plugins/listener_plugin.py
[2024-03-04T23:04:57.460+0530] {processor.py:842} WARNING - No viable dags retrieved from /home/arun/.local/lib/python3.10/site-packages/airflow/example_dags/plugins/listener_plugin.py
[2024-03-04T23:04:57.477+0530] {processor.py:183} INFO - Processing /home/arun/.local/lib/python3.10/site-packages/airflow/example_dags/plugins/listener_plugin.py took 0.087 seconds
[2024-03-04T23:06:41.586+0530] {processor.py:161} INFO - Started process (PID=6984) to work on /home/arun/.local/lib/python3.10/site-packages/airflow/example_dags/plugins/listener_plugin.py
[2024-03-04T23:06:41.622+0530] {processor.py:830} INFO - Processing file /home/arun/.local/lib/python3.10/site-packages/airflow/example_dags/plugins/listener_plugin.py for tasks to queue
[2024-03-04T23:06:41.624+0530] {logging_mixin.py:188} INFO - [2024-03-04T23:06:41.623+0530] {dagbag.py:538} INFO - Filling up the DagBag from /home/arun/.local/lib/python3.10/site-packages/airflow/example_dags/plugins/listener_plugin.py
[2024-03-04T23:06:41.627+0530] {processor.py:842} WARNING - No viable dags retrieved from /home/arun/.local/lib/python3.10/site-packages/airflow/example_dags/plugins/listener_plugin.py
[2024-03-04T23:06:41.638+0530] {processor.py:183} INFO - Processing /home/arun/.local/lib/python3.10/site-packages/airflow/example_dags/plugins/listener_plugin.py took 0.056 seconds
[2024-03-04T23:08:09.675+0530] {processor.py:161} INFO - Started process (PID=7185) to work on /home/arun/.local/lib/python3.10/site-packages/airflow/example_dags/plugins/listener_plugin.py
[2024-03-04T23:08:09.720+0530] {processor.py:830} INFO - Processing file /home/arun/.local/lib/python3.10/site-packages/airflow/example_dags/plugins/listener_plugin.py for tasks to queue
[2024-03-04T23:08:09.723+0530] {logging_mixin.py:188} INFO - [2024-03-04T23:08:09.722+0530] {dagbag.py:538} INFO - Filling up the DagBag from /home/arun/.local/lib/python3.10/site-packages/airflow/example_dags/plugins/listener_plugin.py
[2024-03-04T23:08:09.732+0530] {processor.py:842} WARNING - No viable dags retrieved from /home/arun/.local/lib/python3.10/site-packages/airflow/example_dags/plugins/listener_plugin.py
[2024-03-04T23:08:09.796+0530] {processor.py:183} INFO - Processing /home/arun/.local/lib/python3.10/site-packages/airflow/example_dags/plugins/listener_plugin.py took 0.138 seconds
[2024-03-04T23:09:40.501+0530] {processor.py:161} INFO - Started process (PID=7362) to work on /home/arun/.local/lib/python3.10/site-packages/airflow/example_dags/plugins/listener_plugin.py
[2024-03-04T23:09:40.533+0530] {processor.py:830} INFO - Processing file /home/arun/.local/lib/python3.10/site-packages/airflow/example_dags/plugins/listener_plugin.py for tasks to queue
[2024-03-04T23:09:40.534+0530] {logging_mixin.py:188} INFO - [2024-03-04T23:09:40.533+0530] {dagbag.py:538} INFO - Filling up the DagBag from /home/arun/.local/lib/python3.10/site-packages/airflow/example_dags/plugins/listener_plugin.py
[2024-03-04T23:09:40.537+0530] {processor.py:842} WARNING - No viable dags retrieved from /home/arun/.local/lib/python3.10/site-packages/airflow/example_dags/plugins/listener_plugin.py
[2024-03-04T23:09:40.547+0530] {processor.py:183} INFO - Processing /home/arun/.local/lib/python3.10/site-packages/airflow/example_dags/plugins/listener_plugin.py took 0.050 seconds
[2024-03-04T23:11:08.136+0530] {processor.py:161} INFO - Started process (PID=7526) to work on /home/arun/.local/lib/python3.10/site-packages/airflow/example_dags/plugins/listener_plugin.py
[2024-03-04T23:11:08.200+0530] {processor.py:830} INFO - Processing file /home/arun/.local/lib/python3.10/site-packages/airflow/example_dags/plugins/listener_plugin.py for tasks to queue
[2024-03-04T23:11:08.203+0530] {logging_mixin.py:188} INFO - [2024-03-04T23:11:08.202+0530] {dagbag.py:538} INFO - Filling up the DagBag from /home/arun/.local/lib/python3.10/site-packages/airflow/example_dags/plugins/listener_plugin.py
[2024-03-04T23:11:08.210+0530] {processor.py:842} WARNING - No viable dags retrieved from /home/arun/.local/lib/python3.10/site-packages/airflow/example_dags/plugins/listener_plugin.py
[2024-03-04T23:11:08.230+0530] {processor.py:183} INFO - Processing /home/arun/.local/lib/python3.10/site-packages/airflow/example_dags/plugins/listener_plugin.py took 0.104 seconds
[2024-03-04T23:12:51.179+0530] {processor.py:161} INFO - Started process (PID=7763) to work on /home/arun/.local/lib/python3.10/site-packages/airflow/example_dags/plugins/listener_plugin.py
[2024-03-04T23:12:51.209+0530] {processor.py:830} INFO - Processing file /home/arun/.local/lib/python3.10/site-packages/airflow/example_dags/plugins/listener_plugin.py for tasks to queue
[2024-03-04T23:12:51.213+0530] {logging_mixin.py:188} INFO - [2024-03-04T23:12:51.211+0530] {dagbag.py:538} INFO - Filling up the DagBag from /home/arun/.local/lib/python3.10/site-packages/airflow/example_dags/plugins/listener_plugin.py
[2024-03-04T23:12:51.217+0530] {processor.py:842} WARNING - No viable dags retrieved from /home/arun/.local/lib/python3.10/site-packages/airflow/example_dags/plugins/listener_plugin.py
[2024-03-04T23:12:51.233+0530] {processor.py:183} INFO - Processing /home/arun/.local/lib/python3.10/site-packages/airflow/example_dags/plugins/listener_plugin.py took 0.071 seconds
[2024-03-04T23:14:27.397+0530] {processor.py:161} INFO - Started process (PID=7990) to work on /home/arun/.local/lib/python3.10/site-packages/airflow/example_dags/plugins/listener_plugin.py
[2024-03-04T23:14:27.431+0530] {processor.py:830} INFO - Processing file /home/arun/.local/lib/python3.10/site-packages/airflow/example_dags/plugins/listener_plugin.py for tasks to queue
[2024-03-04T23:14:27.433+0530] {logging_mixin.py:188} INFO - [2024-03-04T23:14:27.432+0530] {dagbag.py:538} INFO - Filling up the DagBag from /home/arun/.local/lib/python3.10/site-packages/airflow/example_dags/plugins/listener_plugin.py
[2024-03-04T23:14:27.437+0530] {processor.py:842} WARNING - No viable dags retrieved from /home/arun/.local/lib/python3.10/site-packages/airflow/example_dags/plugins/listener_plugin.py
[2024-03-04T23:14:27.450+0530] {processor.py:183} INFO - Processing /home/arun/.local/lib/python3.10/site-packages/airflow/example_dags/plugins/listener_plugin.py took 0.057 seconds
[2024-03-04T23:16:05.213+0530] {processor.py:161} INFO - Started process (PID=8191) to work on /home/arun/.local/lib/python3.10/site-packages/airflow/example_dags/plugins/listener_plugin.py
[2024-03-04T23:16:05.254+0530] {processor.py:830} INFO - Processing file /home/arun/.local/lib/python3.10/site-packages/airflow/example_dags/plugins/listener_plugin.py for tasks to queue
[2024-03-04T23:16:05.257+0530] {logging_mixin.py:188} INFO - [2024-03-04T23:16:05.256+0530] {dagbag.py:538} INFO - Filling up the DagBag from /home/arun/.local/lib/python3.10/site-packages/airflow/example_dags/plugins/listener_plugin.py
[2024-03-04T23:16:05.262+0530] {processor.py:842} WARNING - No viable dags retrieved from /home/arun/.local/lib/python3.10/site-packages/airflow/example_dags/plugins/listener_plugin.py
[2024-03-04T23:16:05.279+0530] {processor.py:183} INFO - Processing /home/arun/.local/lib/python3.10/site-packages/airflow/example_dags/plugins/listener_plugin.py took 0.070 seconds
[2024-03-04T23:18:05.761+0530] {processor.py:161} INFO - Started process (PID=8431) to work on /home/arun/.local/lib/python3.10/site-packages/airflow/example_dags/plugins/listener_plugin.py
[2024-03-04T23:18:05.833+0530] {processor.py:830} INFO - Processing file /home/arun/.local/lib/python3.10/site-packages/airflow/example_dags/plugins/listener_plugin.py for tasks to queue
[2024-03-04T23:18:05.835+0530] {logging_mixin.py:188} INFO - [2024-03-04T23:18:05.834+0530] {dagbag.py:538} INFO - Filling up the DagBag from /home/arun/.local/lib/python3.10/site-packages/airflow/example_dags/plugins/listener_plugin.py
[2024-03-04T23:18:05.841+0530] {processor.py:842} WARNING - No viable dags retrieved from /home/arun/.local/lib/python3.10/site-packages/airflow/example_dags/plugins/listener_plugin.py
[2024-03-04T23:18:05.863+0530] {processor.py:183} INFO - Processing /home/arun/.local/lib/python3.10/site-packages/airflow/example_dags/plugins/listener_plugin.py took 0.108 seconds
[2024-03-04T23:19:35.303+0530] {processor.py:161} INFO - Started process (PID=8622) to work on /home/arun/.local/lib/python3.10/site-packages/airflow/example_dags/plugins/listener_plugin.py
[2024-03-04T23:19:35.311+0530] {processor.py:830} INFO - Processing file /home/arun/.local/lib/python3.10/site-packages/airflow/example_dags/plugins/listener_plugin.py for tasks to queue
[2024-03-04T23:19:35.313+0530] {logging_mixin.py:188} INFO - [2024-03-04T23:19:35.312+0530] {dagbag.py:538} INFO - Filling up the DagBag from /home/arun/.local/lib/python3.10/site-packages/airflow/example_dags/plugins/listener_plugin.py
[2024-03-04T23:19:35.322+0530] {processor.py:842} WARNING - No viable dags retrieved from /home/arun/.local/lib/python3.10/site-packages/airflow/example_dags/plugins/listener_plugin.py
[2024-03-04T23:19:35.348+0530] {processor.py:183} INFO - Processing /home/arun/.local/lib/python3.10/site-packages/airflow/example_dags/plugins/listener_plugin.py took 0.053 seconds
[2024-03-04T23:21:12.503+0530] {processor.py:161} INFO - Started process (PID=8804) to work on /home/arun/.local/lib/python3.10/site-packages/airflow/example_dags/plugins/listener_plugin.py
[2024-03-04T23:21:12.517+0530] {processor.py:830} INFO - Processing file /home/arun/.local/lib/python3.10/site-packages/airflow/example_dags/plugins/listener_plugin.py for tasks to queue
[2024-03-04T23:21:12.518+0530] {logging_mixin.py:188} INFO - [2024-03-04T23:21:12.518+0530] {dagbag.py:538} INFO - Filling up the DagBag from /home/arun/.local/lib/python3.10/site-packages/airflow/example_dags/plugins/listener_plugin.py
[2024-03-04T23:21:12.521+0530] {processor.py:842} WARNING - No viable dags retrieved from /home/arun/.local/lib/python3.10/site-packages/airflow/example_dags/plugins/listener_plugin.py
[2024-03-04T23:21:12.534+0530] {processor.py:183} INFO - Processing /home/arun/.local/lib/python3.10/site-packages/airflow/example_dags/plugins/listener_plugin.py took 0.034 seconds
[2024-03-04T23:23:03.430+0530] {processor.py:161} INFO - Started process (PID=9124) to work on /home/arun/.local/lib/python3.10/site-packages/airflow/example_dags/plugins/listener_plugin.py
[2024-03-04T23:23:03.442+0530] {processor.py:830} INFO - Processing file /home/arun/.local/lib/python3.10/site-packages/airflow/example_dags/plugins/listener_plugin.py for tasks to queue
[2024-03-04T23:23:03.443+0530] {logging_mixin.py:188} INFO - [2024-03-04T23:23:03.443+0530] {dagbag.py:538} INFO - Filling up the DagBag from /home/arun/.local/lib/python3.10/site-packages/airflow/example_dags/plugins/listener_plugin.py
[2024-03-04T23:23:03.450+0530] {processor.py:842} WARNING - No viable dags retrieved from /home/arun/.local/lib/python3.10/site-packages/airflow/example_dags/plugins/listener_plugin.py
[2024-03-04T23:23:03.465+0530] {processor.py:183} INFO - Processing /home/arun/.local/lib/python3.10/site-packages/airflow/example_dags/plugins/listener_plugin.py took 0.040 seconds
[2024-03-04T23:25:22.539+0530] {processor.py:161} INFO - Started process (PID=9404) to work on /home/arun/.local/lib/python3.10/site-packages/airflow/example_dags/plugins/listener_plugin.py
[2024-03-04T23:25:22.580+0530] {processor.py:830} INFO - Processing file /home/arun/.local/lib/python3.10/site-packages/airflow/example_dags/plugins/listener_plugin.py for tasks to queue
[2024-03-04T23:25:22.588+0530] {logging_mixin.py:188} INFO - [2024-03-04T23:25:22.584+0530] {dagbag.py:538} INFO - Filling up the DagBag from /home/arun/.local/lib/python3.10/site-packages/airflow/example_dags/plugins/listener_plugin.py
[2024-03-04T23:25:22.609+0530] {processor.py:842} WARNING - No viable dags retrieved from /home/arun/.local/lib/python3.10/site-packages/airflow/example_dags/plugins/listener_plugin.py
[2024-03-04T23:25:22.649+0530] {processor.py:183} INFO - Processing /home/arun/.local/lib/python3.10/site-packages/airflow/example_dags/plugins/listener_plugin.py took 0.134 seconds
[2024-03-04T23:26:45.053+0530] {processor.py:161} INFO - Started process (PID=10078) to work on /home/arun/.local/lib/python3.10/site-packages/airflow/example_dags/plugins/listener_plugin.py
[2024-03-04T23:26:45.085+0530] {processor.py:830} INFO - Processing file /home/arun/.local/lib/python3.10/site-packages/airflow/example_dags/plugins/listener_plugin.py for tasks to queue
[2024-03-04T23:26:45.092+0530] {logging_mixin.py:188} INFO - [2024-03-04T23:26:45.087+0530] {dagbag.py:538} INFO - Filling up the DagBag from /home/arun/.local/lib/python3.10/site-packages/airflow/example_dags/plugins/listener_plugin.py
[2024-03-04T23:26:45.098+0530] {processor.py:842} WARNING - No viable dags retrieved from /home/arun/.local/lib/python3.10/site-packages/airflow/example_dags/plugins/listener_plugin.py
[2024-03-04T23:26:45.118+0530] {processor.py:183} INFO - Processing /home/arun/.local/lib/python3.10/site-packages/airflow/example_dags/plugins/listener_plugin.py took 0.070 seconds
[2024-03-04T23:27:46.595+0530] {processor.py:161} INFO - Started process (PID=10294) to work on /home/arun/.local/lib/python3.10/site-packages/airflow/example_dags/plugins/listener_plugin.py
[2024-03-04T23:27:46.642+0530] {processor.py:830} INFO - Processing file /home/arun/.local/lib/python3.10/site-packages/airflow/example_dags/plugins/listener_plugin.py for tasks to queue
[2024-03-04T23:27:46.646+0530] {logging_mixin.py:188} INFO - [2024-03-04T23:27:46.645+0530] {dagbag.py:538} INFO - Filling up the DagBag from /home/arun/.local/lib/python3.10/site-packages/airflow/example_dags/plugins/listener_plugin.py
[2024-03-04T23:27:46.656+0530] {processor.py:842} WARNING - No viable dags retrieved from /home/arun/.local/lib/python3.10/site-packages/airflow/example_dags/plugins/listener_plugin.py
[2024-03-04T23:27:46.669+0530] {processor.py:183} INFO - Processing /home/arun/.local/lib/python3.10/site-packages/airflow/example_dags/plugins/listener_plugin.py took 0.079 seconds
[2024-03-04T23:29:17.895+0530] {processor.py:161} INFO - Started process (PID=10458) to work on /home/arun/.local/lib/python3.10/site-packages/airflow/example_dags/plugins/listener_plugin.py
[2024-03-04T23:29:17.974+0530] {processor.py:830} INFO - Processing file /home/arun/.local/lib/python3.10/site-packages/airflow/example_dags/plugins/listener_plugin.py for tasks to queue
[2024-03-04T23:29:17.977+0530] {logging_mixin.py:188} INFO - [2024-03-04T23:29:17.976+0530] {dagbag.py:538} INFO - Filling up the DagBag from /home/arun/.local/lib/python3.10/site-packages/airflow/example_dags/plugins/listener_plugin.py
[2024-03-04T23:29:17.982+0530] {processor.py:842} WARNING - No viable dags retrieved from /home/arun/.local/lib/python3.10/site-packages/airflow/example_dags/plugins/listener_plugin.py
[2024-03-04T23:29:18.008+0530] {processor.py:183} INFO - Processing /home/arun/.local/lib/python3.10/site-packages/airflow/example_dags/plugins/listener_plugin.py took 0.121 seconds
[2024-03-04T23:31:14.312+0530] {processor.py:161} INFO - Started process (PID=10774) to work on /home/arun/.local/lib/python3.10/site-packages/airflow/example_dags/plugins/listener_plugin.py
[2024-03-04T23:31:14.329+0530] {processor.py:830} INFO - Processing file /home/arun/.local/lib/python3.10/site-packages/airflow/example_dags/plugins/listener_plugin.py for tasks to queue
[2024-03-04T23:31:14.331+0530] {logging_mixin.py:188} INFO - [2024-03-04T23:31:14.330+0530] {dagbag.py:538} INFO - Filling up the DagBag from /home/arun/.local/lib/python3.10/site-packages/airflow/example_dags/plugins/listener_plugin.py
[2024-03-04T23:31:14.335+0530] {processor.py:842} WARNING - No viable dags retrieved from /home/arun/.local/lib/python3.10/site-packages/airflow/example_dags/plugins/listener_plugin.py
[2024-03-04T23:31:14.352+0530] {processor.py:183} INFO - Processing /home/arun/.local/lib/python3.10/site-packages/airflow/example_dags/plugins/listener_plugin.py took 0.044 seconds
[2024-03-04T23:33:02.753+0530] {processor.py:161} INFO - Started process (PID=10985) to work on /home/arun/.local/lib/python3.10/site-packages/airflow/example_dags/plugins/listener_plugin.py
[2024-03-04T23:33:02.763+0530] {processor.py:830} INFO - Processing file /home/arun/.local/lib/python3.10/site-packages/airflow/example_dags/plugins/listener_plugin.py for tasks to queue
[2024-03-04T23:33:02.764+0530] {logging_mixin.py:188} INFO - [2024-03-04T23:33:02.763+0530] {dagbag.py:538} INFO - Filling up the DagBag from /home/arun/.local/lib/python3.10/site-packages/airflow/example_dags/plugins/listener_plugin.py
[2024-03-04T23:33:02.767+0530] {processor.py:842} WARNING - No viable dags retrieved from /home/arun/.local/lib/python3.10/site-packages/airflow/example_dags/plugins/listener_plugin.py
[2024-03-04T23:33:02.780+0530] {processor.py:183} INFO - Processing /home/arun/.local/lib/python3.10/site-packages/airflow/example_dags/plugins/listener_plugin.py took 0.031 seconds
[2024-03-04T23:34:38.336+0530] {processor.py:161} INFO - Started process (PID=11167) to work on /home/arun/.local/lib/python3.10/site-packages/airflow/example_dags/plugins/listener_plugin.py
[2024-03-04T23:34:38.350+0530] {processor.py:830} INFO - Processing file /home/arun/.local/lib/python3.10/site-packages/airflow/example_dags/plugins/listener_plugin.py for tasks to queue
[2024-03-04T23:34:38.354+0530] {logging_mixin.py:188} INFO - [2024-03-04T23:34:38.352+0530] {dagbag.py:538} INFO - Filling up the DagBag from /home/arun/.local/lib/python3.10/site-packages/airflow/example_dags/plugins/listener_plugin.py
[2024-03-04T23:34:38.363+0530] {processor.py:842} WARNING - No viable dags retrieved from /home/arun/.local/lib/python3.10/site-packages/airflow/example_dags/plugins/listener_plugin.py
[2024-03-04T23:34:38.391+0530] {processor.py:183} INFO - Processing /home/arun/.local/lib/python3.10/site-packages/airflow/example_dags/plugins/listener_plugin.py took 0.066 seconds
[2024-03-04T23:36:25.202+0530] {processor.py:161} INFO - Started process (PID=11382) to work on /home/arun/.local/lib/python3.10/site-packages/airflow/example_dags/plugins/listener_plugin.py
[2024-03-04T23:36:25.230+0530] {processor.py:830} INFO - Processing file /home/arun/.local/lib/python3.10/site-packages/airflow/example_dags/plugins/listener_plugin.py for tasks to queue
[2024-03-04T23:36:25.232+0530] {logging_mixin.py:188} INFO - [2024-03-04T23:36:25.231+0530] {dagbag.py:538} INFO - Filling up the DagBag from /home/arun/.local/lib/python3.10/site-packages/airflow/example_dags/plugins/listener_plugin.py
[2024-03-04T23:36:25.318+0530] {processor.py:842} WARNING - No viable dags retrieved from /home/arun/.local/lib/python3.10/site-packages/airflow/example_dags/plugins/listener_plugin.py
[2024-03-04T23:36:25.355+0530] {processor.py:183} INFO - Processing /home/arun/.local/lib/python3.10/site-packages/airflow/example_dags/plugins/listener_plugin.py took 0.205 seconds
